K,order,dist,cost_ki,cost_edbt,vnum,density
7,1,1954.84,84.325,470759,2,1.07865
7,2,2330.45,84.325,470759,5,1.07865
7,3,2764.96,84.325,470759,8,1.07865
7,4,2957.01,84.325,470759,4,1.07865
7,5,3067.74,84.325,470759,6,1.07865
7,6,3140.14,84.325,470759,8,1.07865
7,7,3464.78,84.325,470759,6,1.07865
7,1,616.771,31.09,199982,3,1.07865
7,2,754.224,31.09,199982,3,1.07865
7,3,1266.01,31.09,199982,3,1.07865
7,4,2012.39,31.09,199982,3,1.07865
7,5,2167.26,31.09,199982,3,1.07865
7,6,2436.18,31.09,199982,5,1.07865
7,7,2566.6,31.09,199982,3,1.07865
7,1,74.0068,40.428,223532,2,1.07865
7,2,744.275,40.428,223532,4,1.07865
7,3,1014.27,40.428,223532,4,1.07865
7,4,1838.4,40.428,223532,3,1.07865
7,5,2270.26,40.428,223532,4,1.07865
7,6,2347.38,40.428,223532,3,1.07865
7,7,2698.54,40.428,223532,2,1.07865
7,1,1082.94,31.808,123748,2,1.07865
7,2,1280.41,31.808,123748,2,1.07865
7,3,1638.36,31.808,123748,4,1.07865
7,4,2092.04,31.808,123748,4,1.07865
7,5,2262.24,31.808,123748,4,1.07865
7,6,2282.96,31.808,123748,3,1.07865
7,7,2569.57,31.808,123748,5,1.07865
7,1,137.641,36.823,238268,2,1.07865
7,2,960.255,36.823,238268,2,1.07865
7,3,1897.54,36.823,238268,3,1.07865
7,4,2859.65,36.823,238268,4,1.07865
7,5,2955.41,36.823,238268,2,1.07865
7,6,2959.62,36.823,238268,2,1.07865
7,7,3021.96,36.823,238268,4,1.07865
7,1,373.038,72.799,371428,2,1.07865
7,2,2428.66,72.799,371428,6,1.07865
7,3,2873.4,72.799,371428,5,1.07865
7,4,3004.87,72.799,371428,3,1.07865
7,5,3342.2,72.799,371428,6,1.07865
7,6,3498.42,72.799,371428,4,1.07865
7,7,3585.73,72.799,371428,4,1.07865
7,1,2016.15,38.371,374350,2,1.07865
7,2,2063.5,38.371,374350,3,1.07865
7,3,2148.61,38.371,374350,4,1.07865
7,4,2196.42,38.371,374350,3,1.07865
7,5,2519.59,38.371,374350,3,1.07865
7,6,2814.13,38.371,374350,6,1.07865
7,7,2893.76,38.371,374350,5,1.07865
7,1,947.629,29.561,91671.2,2,1.07865
7,2,1961.41,29.561,91671.2,2,1.07865
7,3,2018.49,29.561,91671.2,3,1.07865
7,4,2182.4,29.561,91671.2,3,1.07865
7,5,2184.03,29.561,91671.2,4,1.07865
7,6,2323.23,29.561,91671.2,3,1.07865
7,7,2336.8,29.561,91671.2,3,1.07865
7,1,853.569,25.911,112513,3,1.07865
7,2,1357.2,25.911,112513,3,1.07865
7,3,1706.02,25.911,112513,2,1.07865
7,4,2214.5,25.911,112513,4,1.07865
7,5,2284.13,25.911,112513,2,1.07865
7,6,2311.71,25.911,112513,3,1.07865
7,7,2432.67,25.911,112513,4,1.07865
7,1,381.76,27.08,100396,2,1.07865
7,2,473.726,27.08,100396,2,1.07865
7,3,478.315,27.08,100396,2,1.07865
7,4,1925.38,27.08,100396,4,1.07865
7,5,2060.6,27.08,100396,2,1.07865
7,6,2124.97,27.08,100396,3,1.07865
7,7,2182.56,27.08,100396,4,1.07865
7,1,2255.97,69.584,214589,3,1.07865
7,2,2537.14,69.584,214589,3,1.07865
7,3,2595.27,69.584,214589,3,1.07865
7,4,2628.04,69.584,214589,4,1.07865
7,5,3405.14,69.584,214589,3,1.07865
7,6,3627.34,69.584,214589,5,1.07865
7,7,3681.67,69.584,214589,3,1.07865
7,1,666.832,85.342,1.0084e+06,2,1.07865
7,2,2023.92,85.342,1.0084e+06,2,1.07865
7,3,2547.16,85.342,1.0084e+06,4,1.07865
7,4,2787.07,85.342,1.0084e+06,3,1.07865
7,5,2804.4,85.342,1.0084e+06,3,1.07865
7,6,2856.79,85.342,1.0084e+06,2,1.07865
7,7,3594.02,85.342,1.0084e+06,7,1.07865
7,1,1931.19,85.722,697357,3,1.07865
7,2,2636.53,85.722,697357,3,1.07865
7,3,2810.52,85.722,697357,2,1.07865
7,4,3059.46,85.722,697357,3,1.07865
7,5,3352.28,85.722,697357,6,1.07865
7,6,3547.41,85.722,697357,3,1.07865
7,7,3793.97,85.722,697357,5,1.07865
7,1,1285.7,47.214,285030,2,1.07865
7,2,2376.57,47.214,285030,4,1.07865
7,3,3190.66,47.214,285030,4,1.07865
7,4,3458.32,47.214,285030,4,1.07865
7,5,3538.05,47.214,285030,4,1.07865
7,6,3652.64,47.214,285030,3,1.07865
7,7,3709.29,47.214,285030,4,1.07865
7,1,775.403,64.419,227009,2,1.07865
7,2,1279.57,64.419,227009,3,1.07865
7,3,2575.35,64.419,227009,2,1.07865
7,4,2819.65,64.419,227009,3,1.07865
7,5,2834.05,64.419,227009,4,1.07865
7,6,2957.81,64.419,227009,3,1.07865
7,7,3210.91,64.419,227009,5,1.07865
7,1,596.782,81.759,806108,2,1.07865
7,2,1131.62,81.759,806108,2,1.07865
7,3,1612.96,81.759,806108,2,1.07865
7,4,2060.91,81.759,806108,2,1.07865
7,5,2353.01,81.759,806108,2,1.07865
7,6,2838.4,81.759,806108,2,1.07865
7,7,3315.19,81.759,806108,2,1.07865
7,1,2142.79,77.785,407738,3,1.07865
7,2,2257.44,77.785,407738,6,1.07865
7,3,2599.23,77.785,407738,6,1.07865
7,4,2840.82,77.785,407738,3,1.07865
7,5,3408.98,77.785,407738,6,1.07865
7,6,3602.82,77.785,407738,4,1.07865
7,7,3755.33,77.785,407738,4,1.07865
7,1,1328.8,49.416,282470,3,1.07865
7,2,1660.01,49.416,282470,2,1.07865
7,3,1707.17,49.416,282470,2,1.07865
7,4,2041.8,49.416,282470,4,1.07865
7,5,2582.9,49.416,282470,2,1.07865
7,6,2860.96,49.416,282470,3,1.07865
7,7,3103.03,49.416,282470,2,1.07865
7,1,1779.49,74.092,453712,3,1.07865
7,2,2198.39,74.092,453712,4,1.07865
7,3,3204.99,74.092,453712,4,1.07865
7,4,3409.43,74.092,453712,3,1.07865
7,5,3513.14,74.092,453712,3,1.07865
7,6,3606.88,74.092,453712,3,1.07865
7,7,3826.25,74.092,453712,4,1.07865
7,1,2531.94,144.767,896959,3,1.07865
7,2,2714.59,144.767,896959,4,1.07865
7,3,3762.48,144.767,896959,6,1.07865
7,4,4007.03,144.767,896959,5,1.07865
7,5,4341.76,144.767,896959,9,1.07865
7,6,5052.71,144.767,896959,9,1.07865
7,7,5389.96,144.767,896959,7,1.07865
7,1,2026.77,72.77,190225,3,1.07865
7,2,2158.16,72.77,190225,3,1.07865
7,3,2536.4,72.77,190225,3,1.07865
7,4,3405.38,72.77,190225,4,1.07865
7,5,3503.99,72.77,190225,4,1.07865
7,6,3543.17,72.77,190225,5,1.07865
7,7,3769.06,72.77,190225,4,1.07865
7,1,1058.26,77.854,393210,2,1.07865
7,2,2727.88,77.854,393210,4,1.07865
7,3,3142.7,77.854,393210,4,1.07865
7,4,3605.76,77.854,393210,5,1.07865
7,5,3688.24,77.854,393210,6,1.07865
7,6,3770.69,77.854,393210,4,1.07865
7,7,3802.52,77.854,393210,4,1.07865
7,1,922.364,26.824,190247,2,1.07865
7,2,1363.87,26.824,190247,2,1.07865
7,3,1620.42,26.824,190247,2,1.07865
7,4,1716.75,26.824,190247,2,1.07865
7,5,1801.41,26.824,190247,3,1.07865
7,6,2777.25,26.824,190247,4,1.07865
7,7,2785.45,26.824,190247,3,1.07865
7,1,467.186,43.053,126159,3,1.07865
7,2,1751.52,43.053,126159,3,1.07865
7,3,2128.95,43.053,126159,3,1.07865
7,4,2630.14,43.053,126159,4,1.07865
7,5,2862.22,43.053,126159,3,1.07865
7,6,3053.23,43.053,126159,5,1.07865
7,7,3213.91,43.053,126159,5,1.07865
7,1,591.564,47.576,100597,3,1.07865
7,2,690.279,47.576,100597,2,1.07865
7,3,944.595,47.576,100597,2,1.07865
7,4,1271.93,47.576,100597,4,1.07865
7,5,2124.49,47.576,100597,3,1.07865
7,6,2167.32,47.576,100597,5,1.07865
7,7,2260.06,47.576,100597,4,1.07865
7,1,1026.98,88.001,960358,2,1.07865
7,2,1548.22,88.001,960358,3,1.07865
7,3,2842.96,88.001,960358,5,1.07865
7,4,2913.86,88.001,960358,5,1.07865
7,5,3333.4,88.001,960358,3,1.07865
7,6,3530.93,88.001,960358,5,1.07865
7,7,3731.91,88.001,960358,6,1.07865
7,1,1173.4,46.822,699425,2,1.07865
7,2,1174.02,46.822,699425,2,1.07865
7,3,2089.83,46.822,699425,3,1.07865
7,4,2106.55,46.822,699425,4,1.07865
7,5,2642.28,46.822,699425,2,1.07865
7,6,3196.19,46.822,699425,4,1.07865
7,7,3232.49,46.822,699425,6,1.07865
7,1,462.069,84.873,358443,2,1.07865
7,2,1985.51,84.873,358443,4,1.07865
7,3,2563.79,84.873,358443,3,1.07865
7,4,2890.75,84.873,358443,3,1.07865
7,5,3074.28,84.873,358443,3,1.07865
7,6,3322.27,84.873,358443,5,1.07865
7,7,3829.54,84.873,358443,2,1.07865
7,1,2206.81,97.732,388149,3,1.07865
7,2,3149.74,97.732,388149,5,1.07865
7,3,3197.31,97.732,388149,3,1.07865
7,4,3638.15,97.732,388149,4,1.07865
7,5,4307.28,97.732,388149,3,1.07865
7,6,4389.6,97.732,388149,4,1.07865
7,7,4547.1,97.732,388149,6,1.07865
7,1,844.361,36.383,202200,2,1.07865
7,2,1389.86,36.383,202200,2,1.07865
7,3,1441.22,36.383,202200,2,1.07865
7,4,1511.84,36.383,202200,2,1.07865
7,5,1688.45,36.383,202200,2,1.07865
7,6,2753.23,36.383,202200,3,1.07865
7,7,2847.5,36.383,202200,3,1.07865
7,1,935.809,66.886,238521,3,1.07865
7,2,2125.18,66.886,238521,3,1.07865
7,3,2281.42,66.886,238521,5,1.07865
7,4,2586.3,66.886,238521,4,1.07865
7,5,2729.19,66.886,238521,2,1.07865
7,6,2743,66.886,238521,4,1.07865
7,7,2956.98,66.886,238521,4,1.07865
7,1,1582.52,69.366,584581,2,1.07865
7,2,1986.15,69.366,584581,3,1.07865
7,3,2031.44,69.366,584581,7,1.07865
7,4,2511.48,69.366,584581,7,1.07865
7,5,2626.18,69.366,584581,3,1.07865
7,6,2851.14,69.366,584581,3,1.07865
7,7,3103.56,69.366,584581,4,1.07865
7,1,868.017,55.087,179608,5,1.07865
7,2,1168.11,55.087,179608,3,1.07865
7,3,1804.26,55.087,179608,2,1.07865
7,4,2019.26,55.087,179608,2,1.07865
7,5,2021.83,55.087,179608,3,1.07865
7,6,3084.12,55.087,179608,3,1.07865
7,7,3140.4,55.087,179608,3,1.07865
7,1,483.885,149.633,271122,2,1.07865
7,2,719.225,149.633,271122,2,1.07865
7,3,1193.92,149.633,271122,3,1.07865
7,4,2864.73,149.633,271122,5,1.07865
7,5,3120.47,149.633,271122,3,1.07865
7,6,3479.74,149.633,271122,3,1.07865
7,7,3694.79,149.633,271122,4,1.07865
7,1,1694.45,80.615,296088,3,1.07865
7,2,1876.74,80.615,296088,3,1.07865
7,3,2824.24,80.615,296088,4,1.07865
7,4,2916.8,80.615,296088,4,1.07865
7,5,3798.69,80.615,296088,3,1.07865
7,6,4239.06,80.615,296088,4,1.07865
7,7,4296.21,80.615,296088,2,1.07865
7,1,1018.97,56.33,315959,4,1.07865
7,2,2158.08,56.33,315959,5,1.07865
7,3,2248.54,56.33,315959,4,1.07865
7,4,2409.72,56.33,315959,4,1.07865
7,5,2644.7,56.33,315959,6,1.07865
7,6,2837.86,56.33,315959,2,1.07865
7,7,3079.96,56.33,315959,4,1.07865
7,1,1938.69,82.071,341261,3,1.07865
7,2,1978.67,82.071,341261,3,1.07865
7,3,2356.63,82.071,341261,3,1.07865
7,4,2470.24,82.071,341261,4,1.07865
7,5,2514.19,82.071,341261,2,1.07865
7,6,3562.81,82.071,341261,3,1.07865
7,7,3579.63,82.071,341261,2,1.07865
7,1,1798.7,57.29,578996,3,1.07865
7,2,3007.2,57.29,578996,3,1.07865
7,3,3283.88,57.29,578996,5,1.07865
7,4,3358.7,57.29,578996,4,1.07865
7,5,3360.27,57.29,578996,5,1.07865
7,6,3460.73,57.29,578996,5,1.07865
7,7,3641.32,57.29,578996,6,1.07865
7,1,1478.79,53.851,245407,3,1.07865
7,2,1801.22,53.851,245407,3,1.07865
7,3,1859.88,53.851,245407,3,1.07865
7,4,2418.62,53.851,245407,5,1.07865
7,5,2863.25,53.851,245407,3,1.07865
7,6,2949.65,53.851,245407,3,1.07865
7,7,3305.54,53.851,245407,4,1.07865
7,1,697.889,60.559,234499,2,1.07865
7,2,732.165,60.559,234499,2,1.07865
7,3,926.766,60.559,234499,2,1.07865
7,4,2321.28,60.559,234499,3,1.07865
7,5,2415.85,60.559,234499,10,1.07865
7,6,2417.02,60.559,234499,8,1.07865
7,7,2715.42,60.559,234499,10,1.07865
7,1,1217.8,88.136,237876,2,1.07865
7,2,2010.56,88.136,237876,3,1.07865
7,3,2517.59,88.136,237876,3,1.07865
7,4,2837.12,88.136,237876,4,1.07865
7,5,3121.16,88.136,237876,4,1.07865
7,6,3538.06,88.136,237876,4,1.07865
7,7,3561.76,88.136,237876,4,1.07865
7,1,1101.25,94.73,936931,2,1.07865
7,2,1715.42,94.73,936931,2,1.07865
7,3,2731.32,94.73,936931,2,1.07865
7,4,3186.12,94.73,936931,2,1.07865
7,5,3191.9,94.73,936931,6,1.07865
7,6,3200.5,94.73,936931,2,1.07865
7,7,3740.05,94.73,936931,5,1.07865
7,1,679.98,114.376,959239,2,1.07865
7,2,742.197,114.376,959239,2,1.07865
7,3,2748.5,114.376,959239,5,1.07865
7,4,4384.25,114.376,959239,5,1.07865
7,5,4572.53,114.376,959239,5,1.07865
7,6,4773.38,114.376,959239,5,1.07865
7,7,4835.08,114.376,959239,7,1.07865
7,1,219.009,40.985,418351,2,1.07865
7,2,1376.42,40.985,418351,3,1.07865
7,3,1846,40.985,418351,2,1.07865
7,4,1950.92,40.985,418351,3,1.07865
7,5,2122.14,40.985,418351,4,1.07865
7,6,2175.52,40.985,418351,3,1.07865
7,7,2464.29,40.985,418351,3,1.07865
7,1,1785.45,42.38,90688.5,3,1.07865
7,2,2191.33,42.38,90688.5,2,1.07865
7,3,2246.12,42.38,90688.5,2,1.07865
7,4,2336.28,42.38,90688.5,3,1.07865
7,5,2455.49,42.38,90688.5,3,1.07865
7,6,2481.75,42.38,90688.5,3,1.07865
7,7,2483.8,42.38,90688.5,3,1.07865
7,1,222.679,41.389,309597,2,1.07865
7,2,1135.33,41.389,309597,3,1.07865
7,3,1903.76,41.389,309597,4,1.07865
7,4,2102.98,41.389,309597,4,1.07865
7,5,2768.96,41.389,309597,4,1.07865
7,6,2795.49,41.389,309597,4,1.07865
7,7,2812.47,41.389,309597,3,1.07865
7,1,1295.73,149.376,1.86394e+06,4,1.07865
7,2,1954.39,149.376,1.86394e+06,5,1.07865
7,3,2994.71,149.376,1.86394e+06,2,1.07865
7,4,2996.98,149.376,1.86394e+06,2,1.07865
7,5,3733.1,149.376,1.86394e+06,6,1.07865
7,6,3804.06,149.376,1.86394e+06,4,1.07865
7,7,4225.4,149.376,1.86394e+06,5,1.07865
7,1,174.622,53.248,278702,2,1.07865
7,2,561.664,53.248,278702,2,1.07865
7,3,1020.24,53.248,278702,2,1.07865
7,4,1176.79,53.248,278702,2,1.07865
7,5,2851.37,53.248,278702,5,1.07865
7,6,3199.42,53.248,278702,5,1.07865
7,7,3271.06,53.248,278702,3,1.07865
7,1,675.814,43.126,215242,2,1.07865
7,2,1093.75,43.126,215242,2,1.07865
7,3,1479.01,43.126,215242,2,1.07865
7,4,1668.3,43.126,215242,3,1.07865
7,5,2055.95,43.126,215242,3,1.07865
7,6,2216.93,43.126,215242,2,1.07865
7,7,2609.33,43.126,215242,5,1.07865
7,1,1072.82,63.453,208675,2,1.07865
7,2,1095.2,63.453,208675,3,1.07865
7,3,2085.94,63.453,208675,3,1.07865
7,4,2515.87,63.453,208675,4,1.07865
7,5,2595.07,63.453,208675,3,1.07865
7,6,2703.6,63.453,208675,5,1.07865
7,7,2931.9,63.453,208675,6,1.07865
7,1,200.811,76.044,1.01216e+06,2,1.07865
7,2,1082.36,76.044,1.01216e+06,2,1.07865
7,3,2478.62,76.044,1.01216e+06,3,1.07865
7,4,2643.78,76.044,1.01216e+06,4,1.07865
7,5,2739.9,76.044,1.01216e+06,4,1.07865
7,6,3113.52,76.044,1.01216e+06,3,1.07865
7,7,3436.82,76.044,1.01216e+06,4,1.07865
7,1,682.059,48.445,142762,2,1.07865
7,2,1051.77,48.445,142762,2,1.07865
7,3,1070.23,48.445,142762,2,1.07865
7,4,1296.9,48.445,142762,2,1.07865
7,5,1644.62,48.445,142762,2,1.07865
7,6,2355.48,48.445,142762,3,1.07865
7,7,2705.1,48.445,142762,2,1.07865
7,1,1091.76,123.714,302214,2,1.07865
7,2,1646.82,123.714,302214,2,1.07865
7,3,2330.37,123.714,302214,4,1.07865
7,4,3294,123.714,302214,4,1.07865
7,5,3746.81,123.714,302214,6,1.07865
7,6,3872.53,123.714,302214,4,1.07865
7,7,4541.13,123.714,302214,6,1.07865
7,1,1733.59,60.511,622381,3,1.07865
7,2,2004.89,60.511,622381,3,1.07865
7,3,2620.76,60.511,622381,2,1.07865
7,4,2692.28,60.511,622381,2,1.07865
7,5,3079.11,60.511,622381,2,1.07865
7,6,3445.03,60.511,622381,6,1.07865
7,7,3640.04,60.511,622381,3,1.07865
7,1,933.926,44.702,202251,3,1.07865
7,2,2135.89,44.702,202251,2,1.07865
7,3,2441.57,44.702,202251,3,1.07865
7,4,2834.98,44.702,202251,3,1.07865
7,5,2838.73,44.702,202251,3,1.07865
7,6,3170.64,44.702,202251,2,1.07865
7,7,3243.93,44.702,202251,4,1.07865
7,1,664.82,112.098,668619,2,1.07865
7,2,1233.91,112.098,668619,2,1.07865
7,3,2198.03,112.098,668619,4,1.07865
7,4,3569.92,112.098,668619,5,1.07865
7,5,3798.03,112.098,668619,3,1.07865
7,6,3939.77,112.098,668619,3,1.07865
7,7,4238.72,112.098,668619,4,1.07865
7,1,277.894,17.629,57395.2,2,1.07865
7,2,498.293,17.629,57395.2,2,1.07865
7,3,1359.49,17.629,57395.2,2,1.07865
7,4,1743.5,17.629,57395.2,3,1.07865
7,5,1841.81,17.629,57395.2,2,1.07865
7,6,1950.69,17.629,57395.2,2,1.07865
7,7,2295.11,17.629,57395.2,2,1.07865
7,1,408.472,37.359,217473,2,1.07865
7,2,815.5,37.359,217473,2,1.07865
7,3,2066.6,37.359,217473,4,1.07865
7,4,2378.39,37.359,217473,4,1.07865
7,5,2505.18,37.359,217473,3,1.07865
7,6,2837.53,37.359,217473,3,1.07865
7,7,2851.62,37.359,217473,5,1.07865
7,1,48.1041,57.393,290883,2,1.07865
7,2,1663.89,57.393,290883,2,1.07865
7,3,2287.66,57.393,290883,3,1.07865
7,4,2403.45,57.393,290883,5,1.07865
7,5,2463.4,57.393,290883,3,1.07865
7,6,2575.49,57.393,290883,3,1.07865
7,7,2691.58,57.393,290883,4,1.07865
7,1,695.613,27.159,155560,2,1.07865
7,2,697.602,27.159,155560,2,1.07865
7,3,1625.12,27.159,155560,3,1.07865
7,4,2049.84,27.159,155560,4,1.07865
7,5,2403.79,27.159,155560,3,1.07865
7,6,2548.39,27.159,155560,3,1.07865
7,7,2727.91,27.159,155560,4,1.07865
7,1,2098.09,63.558,350229,3,1.07865
7,2,2179.15,63.558,350229,4,1.07865
7,3,2185.37,63.558,350229,4,1.07865
7,4,2483.54,63.558,350229,6,1.07865
7,5,2961.71,63.558,350229,3,1.07865
7,6,2980.47,63.558,350229,5,1.07865
7,7,3054.25,63.558,350229,5,1.07865
7,1,1141.27,46.402,367061,2,1.07865
7,2,1417.12,46.402,367061,2,1.07865
7,3,1909.65,46.402,367061,2,1.07865
7,4,1925.9,46.402,367061,3,1.07865
7,5,1975.88,46.402,367061,2,1.07865
7,6,2040.84,46.402,367061,2,1.07865
7,7,3121.8,46.402,367061,2,1.07865
7,1,427.225,42.536,386305,2,1.07865
7,2,1172.33,42.536,386305,2,1.07865
7,3,1355.42,42.536,386305,2,1.07865
7,4,1688.92,42.536,386305,6,1.07865
7,5,1728.81,42.536,386305,3,1.07865
7,6,1744.64,42.536,386305,5,1.07865
7,7,2844.37,42.536,386305,4,1.07865
7,1,89.2693,28.627,153615,2,1.07865
7,2,840.912,28.627,153615,3,1.07865
7,3,1117.46,28.627,153615,3,1.07865
7,4,1126.91,28.627,153615,3,1.07865
7,5,1556.13,28.627,153615,2,1.07865
7,6,1962.68,28.627,153615,3,1.07865
7,7,2114.33,28.627,153615,2,1.07865
7,1,990.34,55.449,371515,2,1.07865
7,2,1831.98,55.449,371515,3,1.07865
7,3,1980.29,55.449,371515,5,1.07865
7,4,2301.46,55.449,371515,4,1.07865
7,5,2392.48,55.449,371515,4,1.07865
7,6,2483.31,55.449,371515,4,1.07865
7,7,3186.58,55.449,371515,3,1.07865
7,1,1427.7,60.211,146880,2,1.07865
7,2,2191.7,60.211,146880,3,1.07865
7,3,2266.64,60.211,146880,2,1.07865
7,4,2637.82,60.211,146880,6,1.07865
7,5,2706.24,60.211,146880,4,1.07865
7,6,2850.32,60.211,146880,4,1.07865
7,7,3000.58,60.211,146880,3,1.07865
7,1,452.17,166.182,628368,2,1.07865
7,2,1731.37,166.182,628368,3,1.07865
7,3,2010.98,166.182,628368,3,1.07865
7,4,2420.67,166.182,628368,3,1.07865
7,5,4063.39,166.182,628368,5,1.07865
7,6,4278.32,166.182,628368,3,1.07865
7,7,4656.56,166.182,628368,3,1.07865
7,1,1249.39,86.475,930950,3,1.07865
7,2,1333.08,86.475,930950,3,1.07865
7,3,2949.24,86.475,930950,4,1.07865
7,4,2950.73,86.475,930950,4,1.07865
7,5,2972.38,86.475,930950,3,1.07865
7,6,3877.09,86.475,930950,4,1.07865
7,7,4275.81,86.475,930950,6,1.07865
7,1,714.636,40.49,523057,2,1.07865
7,2,958.877,40.49,523057,2,1.07865
7,3,1591.82,40.49,523057,2,1.07865
7,4,1684.22,40.49,523057,2,1.07865
7,5,2117.62,40.49,523057,2,1.07865
7,6,2618.38,40.49,523057,3,1.07865
7,7,2864.6,40.49,523057,2,1.07865
7,1,1483.87,45.895,354368,2,1.07865
7,2,1730.05,45.895,354368,2,1.07865
7,3,1790.66,45.895,354368,2,1.07865
7,4,2837.43,45.895,354368,3,1.07865
7,5,3259.77,45.895,354368,2,1.07865
7,6,3328.33,45.895,354368,3,1.07865
7,7,3514.6,45.895,354368,2,1.07865
7,1,1745.11,51.785,219495,5,1.07865
7,2,2305.35,51.785,219495,3,1.07865
7,3,2485.16,51.785,219495,3,1.07865
7,4,2558.39,51.785,219495,3,1.07865
7,5,2566.75,51.785,219495,7,1.07865
7,6,2751.38,51.785,219495,3,1.07865
7,7,2960.25,51.785,219495,2,1.07865
7,1,1482.05,48.015,142156,2,1.07865
7,2,1558.18,48.015,142156,3,1.07865
7,3,2302.66,48.015,142156,3,1.07865
7,4,2447.3,48.015,142156,2,1.07865
7,5,2520.86,48.015,142156,3,1.07865
7,6,2634.51,48.015,142156,2,1.07865
7,7,2654.56,48.015,142156,2,1.07865
7,1,814.123,40.459,193804,2,1.07865
7,2,2012.73,40.459,193804,2,1.07865
7,3,2094.54,40.459,193804,4,1.07865
7,4,2158.09,40.459,193804,3,1.07865
7,5,2294.03,40.459,193804,3,1.07865
7,6,2589.45,40.459,193804,3,1.07865
7,7,2864.64,40.459,193804,2,1.07865
7,1,1407.84,35.764,125715,3,1.07865
7,2,1408.55,35.764,125715,2,1.07865
7,3,2079.88,35.764,125715,5,1.07865
7,4,2281,35.764,125715,3,1.07865
7,5,2367.21,35.764,125715,3,1.07865
7,6,2386.84,35.764,125715,2,1.07865
7,7,2490.35,35.764,125715,4,1.07865
7,1,194.201,71.846,380511,2,1.07865
7,2,2077.24,71.846,380511,5,1.07865
7,3,2131.11,71.846,380511,4,1.07865
7,4,2547.81,71.846,380511,3,1.07865
7,5,2730.02,71.846,380511,3,1.07865
7,6,2792.88,71.846,380511,2,1.07865
7,7,3043.99,71.846,380511,3,1.07865
7,1,840.403,64.964,158165,3,1.07865
7,2,1829.1,64.964,158165,3,1.07865
7,3,1870.9,64.964,158165,3,1.07865
7,4,2738.13,64.964,158165,4,1.07865
7,5,2796.61,64.964,158165,6,1.07865
7,6,2834.79,64.964,158165,3,1.07865
7,7,3209.99,64.964,158165,6,1.07865
7,1,755.757,24.097,128031,2,1.07865
7,2,1023.2,24.097,128031,3,1.07865
7,3,1193.91,24.097,128031,3,1.07865
7,4,1672.79,24.097,128031,4,1.07865
7,5,1983.53,24.097,128031,3,1.07865
7,6,2042.16,24.097,128031,3,1.07865
7,7,2183.71,24.097,128031,3,1.07865
7,1,1341.12,54.477,353275,2,1.07865
7,2,1700.92,54.477,353275,3,1.07865
7,3,2342.27,54.477,353275,2,1.07865
7,4,2695.08,54.477,353275,3,1.07865
7,5,3157.17,54.477,353275,3,1.07865
7,6,3267.5,54.477,353275,3,1.07865
7,7,3313.25,54.477,353275,3,1.07865
7,1,571.33,38.123,281090,3,1.07865
7,2,1672.4,38.123,281090,3,1.07865
7,3,1890.51,38.123,281090,4,1.07865
7,4,1975.61,38.123,281090,2,1.07865
7,5,2152.5,38.123,281090,4,1.07865
7,6,2698.68,38.123,281090,3,1.07865
7,7,2743.27,38.123,281090,2,1.07865
7,1,1100,62.591,347739,2,1.07865
7,2,2369.05,62.591,347739,5,1.07865
7,3,2650.74,62.591,347739,3,1.07865
7,4,2731.46,62.591,347739,3,1.07865
7,5,2973.38,62.591,347739,2,1.07865
7,6,3067.32,62.591,347739,5,1.07865
7,7,3198.6,62.591,347739,5,1.07865
7,1,1536.58,113.879,1.39917e+06,3,1.07865
7,2,1785.18,113.879,1.39917e+06,3,1.07865
7,3,1883.42,113.879,1.39917e+06,2,1.07865
7,4,2818.85,113.879,1.39917e+06,4,1.07865
7,5,3273.38,113.879,1.39917e+06,3,1.07865
7,6,3449.8,113.879,1.39917e+06,4,1.07865
7,7,3494.56,113.879,1.39917e+06,8,1.07865
7,1,1590.03,42.999,114302,3,1.07865
7,2,2077.8,42.999,114302,4,1.07865
7,3,2184.11,42.999,114302,3,1.07865
7,4,2393.62,42.999,114302,4,1.07865
7,5,2636.25,42.999,114302,4,1.07865
7,6,2671.3,42.999,114302,3,1.07865
7,7,2770.63,42.999,114302,3,1.07865
7,1,1908.54,55.666,211290,4,1.07865
7,2,2081.83,55.666,211290,3,1.07865
7,3,2792.83,55.666,211290,3,1.07865
7,4,2890.99,55.666,211290,3,1.07865
7,5,3459.06,55.666,211290,3,1.07865
7,6,3492.25,55.666,211290,3,1.07865
7,7,3527.82,55.666,211290,4,1.07865
7,1,2564.48,132.193,742633,4,1.07865
7,2,3419.15,132.193,742633,3,1.07865
7,3,3688.6,132.193,742633,4,1.07865
7,4,3973.73,132.193,742633,4,1.07865
7,5,4709.02,132.193,742633,6,1.07865
7,6,4905.16,132.193,742633,4,1.07865
7,7,5013.04,132.193,742633,5,1.07865
7,1,453.516,27.606,137022,2,1.07865
7,2,464.992,27.606,137022,2,1.07865
7,3,516.853,27.606,137022,2,1.07865
7,4,962.856,27.606,137022,2,1.07865
7,5,1352.06,27.606,137022,2,1.07865
7,6,1380.68,27.606,137022,2,1.07865
7,7,2410.55,27.606,137022,4,1.07865
7,1,745.539,84.573,453110,3,1.07865
7,2,752.067,84.573,453110,2,1.07865
7,3,1909.58,84.573,453110,4,1.07865
7,4,2966.87,84.573,453110,4,1.07865
7,5,3571.74,84.573,453110,4,1.07865
7,6,3964.84,84.573,453110,4,1.07865
7,7,4033.62,84.573,453110,6,1.07865
7,1,529.095,18.466,61390.1,2,1.07865
7,2,2247,18.466,61390.1,2,1.07865
7,3,2451.71,18.466,61390.1,3,1.07865
7,4,2500.74,18.466,61390.1,4,1.07865
7,5,2684.46,18.466,61390.1,2,1.07865
7,6,2779.33,18.466,61390.1,2,1.07865
7,7,2921.28,18.466,61390.1,3,1.07865
7,1,267.778,49.598,97237.2,2,1.07865
7,2,934.519,49.598,97237.2,2,1.07865
7,3,995.571,49.598,97237.2,3,1.07865
7,4,1432.17,49.598,97237.2,2,1.07865
7,5,1706.28,49.598,97237.2,4,1.07865
7,6,2394.66,49.598,97237.2,4,1.07865
7,7,2947.33,49.598,97237.2,3,1.07865
7,1,216.012,86.412,514090,2,1.07865
7,2,887.212,86.412,514090,2,1.07865
7,3,1682.22,86.412,514090,2,1.07865
7,4,2438.89,86.412,514090,4,1.07865
7,5,3241.22,86.412,514090,6,1.07865
7,6,3304.8,86.412,514090,4,1.07865
7,7,3372.56,86.412,514090,5,1.07865
7,1,2062.94,99.56,1.00151e+06,2,1.07865
7,2,2116.31,99.56,1.00151e+06,2,1.07865
7,3,2247.31,99.56,1.00151e+06,3,1.07865
7,4,2404.63,99.56,1.00151e+06,2,1.07865
7,5,2682.79,99.56,1.00151e+06,2,1.07865
7,6,3085.69,99.56,1.00151e+06,3,1.07865
7,7,4128.23,99.56,1.00151e+06,2,1.07865
7,1,1141.41,63.594,587761,3,1.07865
7,2,1193.58,63.594,587761,2,1.07865
7,3,2324.85,63.594,587761,3,1.07865
7,4,2484.74,63.594,587761,3,1.07865
7,5,2771.19,63.594,587761,3,1.07865
7,6,2905.85,63.594,587761,4,1.07865
7,7,3032.29,63.594,587761,4,1.07865
7,1,357.83,87.591,432295,2,1.07865
7,2,1380.42,87.591,432295,2,1.07865
7,3,2167.3,87.591,432295,3,1.07865
7,4,2825.4,87.591,432295,5,1.07865
7,5,2993.04,87.591,432295,4,1.07865
7,6,3447.98,87.591,432295,5,1.07865
7,7,3775.22,87.591,432295,4,1.07865
7,1,647.621,88.539,240642,2,1.07865
7,2,1717.2,88.539,240642,2,1.07865
7,3,1926.22,88.539,240642,3,1.07865
7,4,2277.4,88.539,240642,4,1.07865
7,5,3040.09,88.539,240642,5,1.07865
7,6,3122.56,88.539,240642,2,1.07865
7,7,3311.19,88.539,240642,4,1.07865
7,1,2306.99,149.063,1.47805e+06,4,1.07865
7,2,2518.36,149.063,1.47805e+06,4,1.07865
7,3,2687.26,149.063,1.47805e+06,4,1.07865
7,4,3389.98,149.063,1.47805e+06,4,1.07865
7,5,3546.47,149.063,1.47805e+06,5,1.07865
7,6,3734.61,149.063,1.47805e+06,4,1.07865
7,7,3977.9,149.063,1.47805e+06,4,1.07865
7,1,80.399,49.379,91426.7,2,1.07865
7,2,470.617,49.379,91426.7,2,1.07865
7,3,1453.23,49.379,91426.7,2,1.07865
7,4,2621.15,49.379,91426.7,3,1.07865
7,5,2725.69,49.379,91426.7,3,1.07865
7,6,2995.28,49.379,91426.7,4,1.07865
7,7,3081.28,49.379,91426.7,4,1.07865
7,1,1601.62,50.086,232026,2,1.07865
7,2,1795.57,50.086,232026,2,1.07865
7,3,2162.08,50.086,232026,2,1.07865
7,4,2496.78,50.086,232026,2,1.07865
7,5,2755.85,50.086,232026,2,1.07865
7,6,3275.42,50.086,232026,3,1.07865
7,7,3502.51,50.086,232026,4,1.07865
7,1,1111.48,70.391,269373,2,1.07865
7,2,2260.75,70.391,269373,3,1.07865
7,3,2306.69,70.391,269373,3,1.07865
7,4,2869.02,70.391,269373,2,1.07865
7,5,3080.42,70.391,269373,3,1.07865
7,6,3282.45,70.391,269373,5,1.07865
7,7,3663.25,70.391,269373,4,1.07865
7,1,1390.92,119.266,765471,3,1.07865
7,2,1835.93,119.266,765471,2,1.07865
7,3,2006.85,119.266,765471,2,1.07865
7,4,3393.54,119.266,765471,2,1.07865
7,5,3966.79,119.266,765471,3,1.07865
7,6,4091.97,119.266,765471,6,1.07865
7,7,4175.74,119.266,765471,5,1.07865
7,1,1906.34,140.72,407866,4,1.07865
7,2,2183.58,140.72,407866,3,1.07865
7,3,2205.05,140.72,407866,3,1.07865
7,4,3001.09,140.72,407866,6,1.07865
7,5,3156.17,140.72,407866,3,1.07865
7,6,3423.73,140.72,407866,3,1.07865
7,7,3552.41,140.72,407866,3,1.07865
7,1,573.189,58.093,272779,2,1.07865
7,2,663.431,58.093,272779,2,1.07865
7,3,1097.96,58.093,272779,2,1.07865
7,4,2758.62,58.093,272779,2,1.07865
7,5,2929.32,58.093,272779,2,1.07865
7,6,3151.77,58.093,272779,4,1.07865
7,7,3682.05,58.093,272779,5,1.07865
7,1,1480.6,46.754,297405,2,1.07865
7,2,2203,46.754,297405,2,1.07865
7,3,2203.1,46.754,297405,4,1.07865
7,4,2217.86,46.754,297405,2,1.07865
7,5,2806.66,46.754,297405,3,1.07865
7,6,3095.83,46.754,297405,2,1.07865
7,7,3118.32,46.754,297405,3,1.07865
7,1,914.681,39.972,186712,2,1.07865
7,2,1552.63,39.972,186712,3,1.07865
7,3,1701.28,39.972,186712,3,1.07865
7,4,2651.49,39.972,186712,4,1.07865
7,5,2776.68,39.972,186712,4,1.07865
7,6,2869.61,39.972,186712,3,1.07865
7,7,3108.33,39.972,186712,5,1.07865
7,1,386.145,29.413,94569,2,1.07865
7,2,948.005,29.413,94569,2,1.07865
7,3,1277.38,29.413,94569,2,1.07865
7,4,2073.17,29.413,94569,3,1.07865
7,5,2470.5,29.413,94569,3,1.07865
7,6,2502.63,29.413,94569,5,1.07865
7,7,2553.01,29.413,94569,3,1.07865
7,1,905.677,72.208,495527,2,1.07865
7,2,1006.72,72.208,495527,2,1.07865
7,3,2311.39,72.208,495527,2,1.07865
7,4,2935.74,72.208,495527,5,1.07865
7,5,2959.46,72.208,495527,4,1.07865
7,6,3360.48,72.208,495527,2,1.07865
7,7,3811.7,72.208,495527,2,1.07865
7,1,1086.55,50.608,260002,3,1.07865
7,2,1285.18,50.608,260002,3,1.07865
7,3,1362.84,50.608,260002,3,1.07865
7,4,2298.54,50.608,260002,3,1.07865
7,5,2843.83,50.608,260002,3,1.07865
7,6,3343,50.608,260002,4,1.07865
7,7,3532.56,50.608,260002,6,1.07865
7,1,943.159,51.877,219075,2,1.07865
7,2,1637.06,51.877,219075,3,1.07865
7,3,1880.99,51.877,219075,3,1.07865
7,4,2163.26,51.877,219075,5,1.07865
7,5,2367.23,51.877,219075,5,1.07865
7,6,2674.57,51.877,219075,4,1.07865
7,7,2716.71,51.877,219075,3,1.07865
7,1,2077.89,52.993,121795,5,1.07865
7,2,2325.96,52.993,121795,2,1.07865
7,3,2686.97,52.993,121795,3,1.07865
7,4,3099.84,52.993,121795,5,1.07865
7,5,3279.03,52.993,121795,4,1.07865
7,6,3495.86,52.993,121795,3,1.07865
7,7,3792.29,52.993,121795,5,1.07865
7,1,1411.78,62.986,525519,3,1.07865
7,2,2245.22,62.986,525519,4,1.07865
7,3,2710.47,62.986,525519,3,1.07865
7,4,2742.93,62.986,525519,3,1.07865
7,5,3115,62.986,525519,3,1.07865
7,6,3244.18,62.986,525519,4,1.07865
7,7,3498.83,62.986,525519,5,1.07865
7,1,850.139,12.849,69837.4,2,1.07865
7,2,942.152,12.849,69837.4,2,1.07865
7,3,1005.96,12.849,69837.4,2,1.07865
7,4,1077.37,12.849,69837.4,2,1.07865
7,5,1212.12,12.849,69837.4,2,1.07865
7,6,1292.56,12.849,69837.4,2,1.07865
7,7,1344.67,12.849,69837.4,2,1.07865
7,1,1125.19,92.746,828184,3,1.07865
7,2,1389.46,92.746,828184,2,1.07865
7,3,2562.04,92.746,828184,3,1.07865
7,4,3054.04,92.746,828184,4,1.07865
7,5,3176.62,92.746,828184,4,1.07865
7,6,3536.34,92.746,828184,4,1.07865
7,7,3876.79,92.746,828184,4,1.07865
7,1,733.886,136.769,1.6855e+06,2,1.07865
7,2,893.309,136.769,1.6855e+06,2,1.07865
7,3,913.466,136.769,1.6855e+06,2,1.07865
7,4,1631.16,136.769,1.6855e+06,2,1.07865
7,5,2880.94,136.769,1.6855e+06,5,1.07865
7,6,3466.53,136.769,1.6855e+06,4,1.07865
7,7,5149.68,136.769,1.6855e+06,4,1.07865
7,1,359.806,81.827,420305,2,1.07865
7,2,1188.81,81.827,420305,3,1.07865
7,3,1906.24,81.827,420305,6,1.07865
7,4,2380.82,81.827,420305,4,1.07865
7,5,2881.18,81.827,420305,6,1.07865
7,6,2911.6,81.827,420305,3,1.07865
7,7,3639.82,81.827,420305,6,1.07865
7,1,1430.43,56.63,264934,3,1.07865
7,2,1508.02,56.63,264934,4,1.07865
7,3,1826.76,56.63,264934,2,1.07865
7,4,2808.71,56.63,264934,4,1.07865
7,5,2913.53,56.63,264934,5,1.07865
7,6,2937.13,56.63,264934,6,1.07865
7,7,3166.7,56.63,264934,4,1.07865
7,1,616.263,84.723,399789,2,1.07865
7,2,915.079,84.723,399789,2,1.07865
7,3,1555.48,84.723,399789,3,1.07865
7,4,2159.23,84.723,399789,4,1.07865
7,5,2984.2,84.723,399789,4,1.07865
7,6,3435.23,84.723,399789,5,1.07865
7,7,3458.54,84.723,399789,4,1.07865
7,1,873.289,75.021,479452,3,1.07865
7,2,1173.51,75.021,479452,3,1.07865
7,3,1739.61,75.021,479452,2,1.07865
7,4,2622.7,75.021,479452,4,1.07865
7,5,2891.27,75.021,479452,5,1.07865
7,6,2907.05,75.021,479452,4,1.07865
7,7,3698.09,75.021,479452,5,1.07865
7,1,2293.07,111.245,1.15912e+06,3,1.07865
7,2,2369.47,111.245,1.15912e+06,3,1.07865
7,3,2475.38,111.245,1.15912e+06,2,1.07865
7,4,2891.4,111.245,1.15912e+06,4,1.07865
7,5,2939.4,111.245,1.15912e+06,3,1.07865
7,6,3570.21,111.245,1.15912e+06,4,1.07865
7,7,4060.94,111.245,1.15912e+06,4,1.07865
7,1,662.361,32.338,271812,2,1.07865
7,2,1189.03,32.338,271812,2,1.07865
7,3,1270.25,32.338,271812,2,1.07865
7,4,1707.08,32.338,271812,5,1.07865
7,5,1921.12,32.338,271812,2,1.07865
7,6,2283.81,32.338,271812,2,1.07865
7,7,2350.67,32.338,271812,2,1.07865
7,1,867.148,27.078,72071.6,2,1.07865
7,2,1469.52,27.078,72071.6,2,1.07865
7,3,1599.51,27.078,72071.6,3,1.07865
7,4,1651.91,27.078,72071.6,3,1.07865
7,5,1823.85,27.078,72071.6,2,1.07865
7,6,2095.83,27.078,72071.6,3,1.07865
7,7,2151.63,27.078,72071.6,2,1.07865
7,1,751.324,242.29,1.69757e+06,2,1.07865
7,2,2571.37,242.29,1.69757e+06,5,1.07865
7,3,2666.02,242.29,1.69757e+06,8,1.07865
7,4,3744.9,242.29,1.69757e+06,7,1.07865
7,5,4912.12,242.29,1.69757e+06,5,1.07865
7,6,4915.3,242.29,1.69757e+06,7,1.07865
7,7,5313.16,242.29,1.69757e+06,6,1.07865
7,1,103.175,52.214,100637,2,1.07865
7,2,616.947,52.214,100637,3,1.07865
7,3,776.568,52.214,100637,4,1.07865
7,4,1242.11,52.214,100637,2,1.07865
7,5,1934.02,52.214,100637,2,1.07865
7,6,1954.78,52.214,100637,3,1.07865
7,7,2328.59,52.214,100637,5,1.07865
7,1,1186.54,85.624,317854,4,1.07865
7,2,1457.3,85.624,317854,2,1.07865
7,3,1675.52,85.624,317854,3,1.07865
7,4,2063.86,85.624,317854,4,1.07865
7,5,2154.79,85.624,317854,6,1.07865
7,6,3062.53,85.624,317854,4,1.07865
7,7,3424.33,85.624,317854,2,1.07865
7,1,1668.82,43.056,197129,2,1.07865
7,2,1964.8,43.056,197129,3,1.07865
7,3,2496.15,43.056,197129,3,1.07865
7,4,2806.01,43.056,197129,4,1.07865
7,5,2841.54,43.056,197129,3,1.07865
7,6,3186.9,43.056,197129,4,1.07865
7,7,3426.4,43.056,197129,3,1.07865
7,1,1394.2,118.782,416786,2,1.07865
7,2,2579.73,118.782,416786,4,1.07865
7,3,2591.03,118.782,416786,4,1.07865
7,4,2649.76,118.782,416786,5,1.07865
7,5,2706.23,118.782,416786,4,1.07865
7,6,3055.02,118.782,416786,4,1.07865
7,7,3457.24,118.782,416786,3,1.07865
7,1,1097.72,117.605,711545,2,1.07865
7,2,1631.25,117.605,711545,2,1.07865
7,3,2407.33,117.605,711545,4,1.07865
7,4,3508.36,117.605,711545,8,1.07865
7,5,3546.49,117.605,711545,7,1.07865
7,6,3630.88,117.605,711545,3,1.07865
7,7,3907.97,117.605,711545,4,1.07865
7,1,1546.76,36.466,240187,3,1.07865
7,2,1785.5,36.466,240187,3,1.07865
7,3,1809.58,36.466,240187,2,1.07865
7,4,2454.59,36.466,240187,3,1.07865
7,5,2465.73,36.466,240187,3,1.07865
7,6,2477.07,36.466,240187,3,1.07865
7,7,2708.3,36.466,240187,3,1.07865
7,1,1316.46,46.443,411588,2,1.07865
7,2,1365.23,46.443,411588,2,1.07865
7,3,1468.75,46.443,411588,4,1.07865
7,4,1987.64,46.443,411588,3,1.07865
7,5,2355.38,46.443,411588,3,1.07865
7,6,2709.26,46.443,411588,5,1.07865
7,7,2787.35,46.443,411588,3,1.07865
7,1,1062.49,85.466,574943,3,1.07865
7,2,1367.17,85.466,574943,3,1.07865
7,3,1947.58,85.466,574943,7,1.07865
7,4,2274.89,85.466,574943,2,1.07865
7,5,2391.32,85.466,574943,6,1.07865
7,6,3455.51,85.466,574943,5,1.07865
7,7,3923.56,85.466,574943,3,1.07865
7,1,1285.97,56.757,285697,2,1.07865
7,2,1338.78,56.757,285697,2,1.07865
7,3,1780.03,56.757,285697,3,1.07865
7,4,1900.28,56.757,285697,6,1.07865
7,5,2467.38,56.757,285697,4,1.07865
7,6,2945.25,56.757,285697,6,1.07865
7,7,3042.69,56.757,285697,4,1.07865
7,1,346.99,51.681,283561,2,1.07865
7,2,1490.34,51.681,283561,6,1.07865
7,3,1809.71,51.681,283561,6,1.07865
7,4,2216.11,51.681,283561,2,1.07865
7,5,2344.5,51.681,283561,5,1.07865
7,6,2650.14,51.681,283561,6,1.07865
7,7,3087.2,51.681,283561,6,1.07865
7,1,2166.1,46.976,165747,4,1.07865
7,2,2262.47,46.976,165747,3,1.07865
7,3,2342.4,46.976,165747,2,1.07865
7,4,2402.48,46.976,165747,4,1.07865
7,5,2492.21,46.976,165747,4,1.07865
7,6,2622.23,46.976,165747,3,1.07865
7,7,2651.76,46.976,165747,3,1.07865
7,1,1150.34,35.024,205292,2,1.07865
7,2,2084.85,35.024,205292,2,1.07865
7,3,2430.53,35.024,205292,4,1.07865
7,4,2683.63,35.024,205292,4,1.07865
7,5,2735.45,35.024,205292,4,1.07865
7,6,2778.35,35.024,205292,4,1.07865
7,7,3178.64,35.024,205292,4,1.07865
7,1,394.799,75.787,661125,2,1.07865
7,2,1595.6,75.787,661125,3,1.07865
7,3,2162.1,75.787,661125,6,1.07865
7,4,2813.62,75.787,661125,2,1.07865
7,5,3283.09,75.787,661125,4,1.07865
7,6,3618.69,75.787,661125,5,1.07865
7,7,3686.42,75.787,661125,5,1.07865
7,1,300.54,29.55,91874,2,1.07865
7,2,485.671,29.55,91874,2,1.07865
7,3,1169.59,29.55,91874,2,1.07865
7,4,1623,29.55,91874,2,1.07865
7,5,1916.39,29.55,91874,4,1.07865
7,6,2336.06,29.55,91874,3,1.07865
7,7,2517.8,29.55,91874,4,1.07865
7,1,1151.59,53.834,156111,2,1.07865
7,2,1843.55,53.834,156111,3,1.07865
7,3,2104.81,53.834,156111,4,1.07865
7,4,2277.46,53.834,156111,4,1.07865
7,5,3132.47,53.834,156111,6,1.07865
7,6,3256.59,53.834,156111,3,1.07865
7,7,3432.52,53.834,156111,3,1.07865
7,1,2211.78,62.017,433452,3,1.07865
7,2,2221.23,62.017,433452,2,1.07865
7,3,2483.02,62.017,433452,2,1.07865
7,4,2552,62.017,433452,3,1.07865
7,5,2716.05,62.017,433452,2,1.07865
7,6,3122.18,62.017,433452,3,1.07865
7,7,3349.03,62.017,433452,3,1.07865
7,1,1816.56,58.533,218869,4,1.07865
7,2,1955.07,58.533,218869,4,1.07865
7,3,2201.55,58.533,218869,3,1.07865
7,4,2218.8,58.533,218869,4,1.07865
7,5,2243.54,58.533,218869,3,1.07865
7,6,2281.85,58.533,218869,4,1.07865
7,7,2451.47,58.533,218869,4,1.07865
7,1,1546.14,89.998,700425,2,1.07865
7,2,2622.71,89.998,700425,5,1.07865
7,3,2966.69,89.998,700425,3,1.07865
7,4,3253.53,89.998,700425,3,1.07865
7,5,3390.2,89.998,700425,3,1.07865
7,6,3936.21,89.998,700425,4,1.07865
7,7,4059.54,89.998,700425,7,1.07865
7,1,1161.63,109.239,802584,2,1.07865
7,2,2997.12,109.239,802584,5,1.07865
7,3,3057.78,109.239,802584,4,1.07865
7,4,3325.71,109.239,802584,3,1.07865
7,5,3424.13,109.239,802584,2,1.07865
7,6,3752.03,109.239,802584,6,1.07865
7,7,4237.69,109.239,802584,3,1.07865
7,1,834.331,22.823,87098.2,2,1.07865
7,2,1287.9,22.823,87098.2,2,1.07865
7,3,1418.02,22.823,87098.2,2,1.07865
7,4,1636.41,22.823,87098.2,3,1.07865
7,5,1784.25,22.823,87098.2,3,1.07865
7,6,2183.86,22.823,87098.2,6,1.07865
7,7,2388.26,22.823,87098.2,2,1.07865
7,1,962.033,31.227,85949.9,2,1.07865
7,2,1539.45,31.227,85949.9,3,1.07865
7,3,2188.42,31.227,85949.9,4,1.07865
7,4,2379.69,31.227,85949.9,4,1.07865
7,5,2613.69,31.227,85949.9,2,1.07865
7,6,2740.1,31.227,85949.9,4,1.07865
7,7,2804.91,31.227,85949.9,4,1.07865
7,1,1334.04,71.681,350427,3,1.07865
7,2,1493.23,71.681,350427,2,1.07865
7,3,1761.38,71.681,350427,2,1.07865
7,4,2127.82,71.681,350427,2,1.07865
7,5,2455.7,71.681,350427,5,1.07865
7,6,2529.75,71.681,350427,4,1.07865
7,7,3177.66,71.681,350427,4,1.07865
7,1,892.079,37.048,122617,2,1.07865
7,2,1302.2,37.048,122617,2,1.07865
7,3,1629.17,37.048,122617,2,1.07865
7,4,1673.28,37.048,122617,2,1.07865
7,5,2249.05,37.048,122617,4,1.07865
7,6,2708.08,37.048,122617,2,1.07865
7,7,2742.97,37.048,122617,3,1.07865
7,1,745.543,18.724,393565,3,1.07865
7,2,821.227,18.724,393565,2,1.07865
7,3,1685.72,18.724,393565,3,1.07865
7,4,1767.03,18.724,393565,2,1.07865
7,5,2201.15,18.724,393565,2,1.07865
7,6,2292.05,18.724,393565,4,1.07865
7,7,2357.5,18.724,393565,4,1.07865
7,1,2124.99,50.632,608259,3,1.07865
7,2,2180.67,50.632,608259,3,1.07865
7,3,2384.96,50.632,608259,7,1.07865
7,4,2565.71,50.632,608259,2,1.07865
7,5,2594.7,50.632,608259,4,1.07865
7,6,3235.23,50.632,608259,3,1.07865
7,7,3243.17,50.632,608259,9,1.07865
7,1,466.669,42.766,256421,2,1.07865
7,2,555.116,42.766,256421,3,1.07865
7,3,2054.64,42.766,256421,3,1.07865
7,4,2146.91,42.766,256421,5,1.07865
7,5,2227.16,42.766,256421,2,1.07865
7,6,2512.72,42.766,256421,4,1.07865
7,7,2859.88,42.766,256421,3,1.07865
7,1,1126.39,56.386,349466,4,1.07865
7,2,2143.37,56.386,349466,5,1.07865
7,3,2355.96,56.386,349466,4,1.07865
7,4,2517.15,56.386,349466,4,1.07865
7,5,2629.99,56.386,349466,6,1.07865
7,6,2684.64,56.386,349466,3,1.07865
7,7,3034.22,56.386,349466,2,1.07865
7,1,931.263,65.912,302318,2,1.07865
7,2,1361.15,65.912,302318,2,1.07865
7,3,1602.74,65.912,302318,4,1.07865
7,4,2464.71,65.912,302318,3,1.07865
7,5,2466.5,65.912,302318,3,1.07865
7,6,3044.22,65.912,302318,3,1.07865
7,7,3504.88,65.912,302318,2,1.07865
7,1,866.341,65.594,240933,2,1.07865
7,2,1038.51,65.594,240933,2,1.07865
7,3,1384.7,65.594,240933,2,1.07865
7,4,2169.33,65.594,240933,2,1.07865
7,5,2442.43,65.594,240933,2,1.07865
7,6,3178.65,65.594,240933,5,1.07865
7,7,3209.67,65.594,240933,5,1.07865
7,1,1138.73,42.975,388488,2,1.07865
7,2,2349,42.975,388488,2,1.07865
7,3,2460.59,42.975,388488,5,1.07865
7,4,2686.88,42.975,388488,3,1.07865
7,5,3045.45,42.975,388488,3,1.07865
7,6,3289.04,42.975,388488,5,1.07865
7,7,3304.09,42.975,388488,3,1.07865
7,1,1342.11,134.077,1.11486e+06,2,1.07865
7,2,1706.31,134.077,1.11486e+06,3,1.07865
7,3,2028.02,134.077,1.11486e+06,3,1.07865
7,4,2748.58,134.077,1.11486e+06,4,1.07865
7,5,2769.94,134.077,1.11486e+06,5,1.07865
7,6,3438.79,134.077,1.11486e+06,5,1.07865
7,7,4012.29,134.077,1.11486e+06,7,1.07865
7,1,2811.49,112.361,952841,3,1.07865
7,2,3144.16,112.361,952841,5,1.07865
7,3,3576.78,112.361,952841,3,1.07865
7,4,3997.02,112.361,952841,4,1.07865
7,5,4013.51,112.361,952841,3,1.07865
7,6,4041.23,112.361,952841,5,1.07865
7,7,4071.15,112.361,952841,4,1.07865
7,1,609.592,20.309,118447,3,1.07865
7,2,750.96,20.309,118447,2,1.07865
7,3,901.036,20.309,118447,2,1.07865
7,4,910.39,20.309,118447,3,1.07865
7,5,1123.85,20.309,118447,2,1.07865
7,6,1189.82,20.309,118447,3,1.07865
7,7,1887.81,20.309,118447,4,1.07865
7,1,1619.57,105.262,490624,3,1.07865
7,2,2124.03,105.262,490624,3,1.07865
7,3,2185.8,105.262,490624,3,1.07865
7,4,2323.86,105.262,490624,2,1.07865
7,5,3627.46,105.262,490624,3,1.07865
7,6,3819.04,105.262,490624,4,1.07865
7,7,4040.68,105.262,490624,4,1.07865
7,1,204.592,58.906,667737,2,1.07865
7,2,718.871,58.906,667737,2,1.07865
7,3,1943.11,58.906,667737,4,1.07865
7,4,2609.69,58.906,667737,2,1.07865
7,5,2630.09,58.906,667737,3,1.07865
7,6,2645.66,58.906,667737,3,1.07865
7,7,3065.66,58.906,667737,3,1.07865
7,1,247.588,92.629,295356,2,1.07865
7,2,982.988,92.629,295356,2,1.07865
7,3,1651.74,92.629,295356,3,1.07865
7,4,2027.4,92.629,295356,3,1.07865
7,5,2468.49,92.629,295356,3,1.07865
7,6,2972.72,92.629,295356,2,1.07865
7,7,3100.97,92.629,295356,2,1.07865
7,1,1901.34,87.647,921222,2,1.07865
7,2,2439.16,87.647,921222,4,1.07865
7,3,2918.23,87.647,921222,2,1.07865
7,4,3761.82,87.647,921222,6,1.07865
7,5,3888.61,87.647,921222,4,1.07865
7,6,3990.68,87.647,921222,7,1.07865
7,7,4048.7,87.647,921222,4,1.07865
7,1,574.924,41.273,201895,2,1.07865
7,2,1597.81,41.273,201895,2,1.07865
7,3,1777.73,41.273,201895,3,1.07865
7,4,2125.64,41.273,201895,2,1.07865
7,5,2260.37,41.273,201895,3,1.07865
7,6,2804.32,41.273,201895,2,1.07865
7,7,2960.78,41.273,201895,2,1.07865
7,1,695.967,89.732,652577,2,1.07865
7,2,1033.94,89.732,652577,2,1.07865
7,3,2488.41,89.732,652577,2,1.07865
7,4,2691.23,89.732,652577,3,1.07865
7,5,2968.89,89.732,652577,4,1.07865
7,6,3235.19,89.732,652577,4,1.07865
7,7,4212.29,89.732,652577,4,1.07865
7,1,315.065,24.038,77943.8,2,1.07865
7,2,745.485,24.038,77943.8,2,1.07865
7,3,1248.87,24.038,77943.8,2,1.07865
7,4,1639.23,24.038,77943.8,3,1.07865
7,5,1774.08,24.038,77943.8,2,1.07865
7,6,2000.4,24.038,77943.8,4,1.07865
7,7,2195.47,24.038,77943.8,3,1.07865
7,1,149.013,69.227,327707,2,1.07865
7,2,1190.84,69.227,327707,2,1.07865
7,3,3047.4,69.227,327707,4,1.07865
7,4,3720.41,69.227,327707,4,1.07865
7,5,4106.55,69.227,327707,4,1.07865
7,6,4128.48,69.227,327707,4,1.07865
7,7,4221.83,69.227,327707,3,1.07865
7,1,1139.86,49.254,164917,2,1.07865
7,2,1238.01,49.254,164917,3,1.07865
7,3,1598.32,49.254,164917,3,1.07865
7,4,1646,49.254,164917,3,1.07865
7,5,1835.07,49.254,164917,2,1.07865
7,6,2065.66,49.254,164917,4,1.07865
7,7,2204.44,49.254,164917,3,1.07865
7,1,531.143,71.879,185302,2,1.07865
7,2,944.545,71.879,185302,2,1.07865
7,3,2195.68,71.879,185302,2,1.07865
7,4,2520.36,71.879,185302,2,1.07865
7,5,2876.65,71.879,185302,5,1.07865
7,6,3135.47,71.879,185302,4,1.07865
7,7,3195.16,71.879,185302,6,1.07865
7,1,322.456,22.827,53335.5,2,1.07865
7,2,986.444,22.827,53335.5,2,1.07865
7,3,1273.27,22.827,53335.5,2,1.07865
7,4,1996.9,22.827,53335.5,3,1.07865
7,5,2452.57,22.827,53335.5,5,1.07865
7,6,2489.61,22.827,53335.5,3,1.07865
7,7,2550.77,22.827,53335.5,4,1.07865
7,1,1573.78,54.689,250217,3,1.07865
7,2,1900.98,54.689,250217,4,1.07865
7,3,2113.87,54.689,250217,4,1.07865
7,4,2216.36,54.689,250217,4,1.07865
7,5,2371.9,54.689,250217,3,1.07865
7,6,3105.99,54.689,250217,5,1.07865
7,7,3273.26,54.689,250217,3,1.07865
7,1,333.048,20.561,73586.5,2,1.07865
7,2,413.266,20.561,73586.5,2,1.07865
7,3,489.07,20.561,73586.5,2,1.07865
7,4,1148.88,20.561,73586.5,2,1.07865
7,5,1415.55,20.561,73586.5,3,1.07865
7,6,2238.99,20.561,73586.5,4,1.07865
7,7,2250.68,20.561,73586.5,3,1.07865
7,1,461.147,47.394,313661,2,1.07865
7,2,1686.17,47.394,313661,2,1.07865
7,3,1798.41,47.394,313661,2,1.07865
7,4,1909.74,47.394,313661,2,1.07865
7,5,2495.47,47.394,313661,5,1.07865
7,6,2605.03,47.394,313661,6,1.07865
7,7,2741.59,47.394,313661,4,1.07865
7,1,1721.95,66.919,678075,2,1.07865
7,2,1861.67,66.919,678075,3,1.07865
7,3,1893.58,66.919,678075,4,1.07865
7,4,2464.98,66.919,678075,2,1.07865
7,5,2515.16,66.919,678075,4,1.07865
7,6,2546.73,66.919,678075,2,1.07865
7,7,2576.14,66.919,678075,2,1.07865
7,1,430.61,38.227,202186,2,1.07865
7,2,548.358,38.227,202186,2,1.07865
7,3,735.231,38.227,202186,2,1.07865
7,4,1029.75,38.227,202186,2,1.07865
7,5,2341.81,38.227,202186,4,1.07865
7,6,2503.03,38.227,202186,4,1.07865
7,7,2526.09,38.227,202186,3,1.07865
7,1,515.566,28.593,151658,2,1.07865
7,2,1836.19,28.593,151658,3,1.07865
7,3,2035.39,28.593,151658,4,1.07865
7,4,2091.88,28.593,151658,2,1.07865
7,5,2348.01,28.593,151658,4,1.07865
7,6,2357.72,28.593,151658,3,1.07865
7,7,3045.23,28.593,151658,3,1.07865
7,1,1948.22,76.893,436049,3,1.07865
7,2,2103.01,76.893,436049,3,1.07865
7,3,2954.26,76.893,436049,4,1.07865
7,4,3212.01,76.893,436049,5,1.07865
7,5,3585.32,76.893,436049,5,1.07865
7,6,3781.07,76.893,436049,5,1.07865
7,7,3794.85,76.893,436049,6,1.07865
7,1,1503.73,153.256,499856,2,1.07865
7,2,1706.45,153.256,499856,9,1.07865
7,3,2194.5,153.256,499856,5,1.07865
7,4,2837.07,153.256,499856,10,1.07865
7,5,3352.06,153.256,499856,4,1.07865
7,6,3541.14,153.256,499856,3,1.07865
7,7,3543.91,153.256,499856,4,1.07865
7,1,1601.3,45.339,231250,4,1.07865
7,2,1703.8,45.339,231250,4,1.07865
7,3,1915.85,45.339,231250,3,1.07865
7,4,1933.58,45.339,231250,2,1.07865
7,5,2165.16,45.339,231250,3,1.07865
7,6,2594.7,45.339,231250,6,1.07865
7,7,2834.78,45.339,231250,2,1.07865
7,1,1441.93,33.422,83500.8,3,1.07865
7,2,1715.38,33.422,83500.8,3,1.07865
7,3,2335.92,33.422,83500.8,3,1.07865
7,4,2419.35,33.422,83500.8,3,1.07865
7,5,2543.5,33.422,83500.8,3,1.07865
7,6,2559.85,33.422,83500.8,4,1.07865
7,7,2594.11,33.422,83500.8,4,1.07865
7,1,590.78,42.62,225257,3,1.07865
7,2,1056.88,42.62,225257,2,1.07865
7,3,1229.66,42.62,225257,2,1.07865
7,4,2040.95,42.62,225257,2,1.07865
7,5,2347.25,42.62,225257,4,1.07865
7,6,2713.05,42.62,225257,4,1.07865
7,7,2800.1,42.62,225257,2,1.07865
7,1,433.005,61.046,576327,2,1.07865
7,2,991.235,61.046,576327,2,1.07865
7,3,1242.81,61.046,576327,3,1.07865
7,4,1291.93,61.046,576327,3,1.07865
7,5,2614.51,61.046,576327,3,1.07865
7,6,3367.55,61.046,576327,5,1.07865
7,7,3577.56,61.046,576327,3,1.07865
7,1,93.6483,59.475,430968,2,1.07865
7,2,1147.59,59.475,430968,2,1.07865
7,3,1752.68,59.475,430968,5,1.07865
7,4,2276.78,59.475,430968,4,1.07865
7,5,2856.81,59.475,430968,4,1.07865
7,6,3040.88,59.475,430968,3,1.07865
7,7,3237.3,59.475,430968,4,1.07865
7,1,951.357,24.743,200842,2,1.07865
7,2,951.817,24.743,200842,2,1.07865
7,3,1339.78,24.743,200842,2,1.07865
7,4,1383.71,24.743,200842,2,1.07865
7,5,1716.12,24.743,200842,2,1.07865
7,6,2370.69,24.743,200842,3,1.07865
7,7,2543.39,24.743,200842,3,1.07865
7,1,303.592,26.791,135904,2,1.07865
7,2,1414.81,26.791,135904,2,1.07865
7,3,1612.7,26.791,135904,3,1.07865
7,4,1764.13,26.791,135904,3,1.07865
7,5,2104.91,26.791,135904,2,1.07865
7,6,2362.05,26.791,135904,4,1.07865
7,7,2503.94,26.791,135904,3,1.07865
7,1,1066,75.006,274758,2,1.07865
7,2,1151.1,75.006,274758,3,1.07865
7,3,1252.9,75.006,274758,2,1.07865
7,4,1271.3,75.006,274758,2,1.07865
7,5,3246.3,75.006,274758,5,1.07865
7,6,3482.56,75.006,274758,4,1.07865
7,7,3534.87,75.006,274758,4,1.07865
7,1,459.358,31.571,215514,2,1.07865
7,2,1575.13,31.571,215514,2,1.07865
7,3,1604.62,31.571,215514,3,1.07865
7,4,1721.18,31.571,215514,2,1.07865
7,5,1968.88,31.571,215514,3,1.07865
7,6,2197.67,31.571,215514,4,1.07865
7,7,2215.49,31.571,215514,3,1.07865
7,1,886.616,87.062,538092,2,1.07865
7,2,1582.23,87.062,538092,2,1.07865
7,3,1801.94,87.062,538092,3,1.07865
7,4,2031.52,87.062,538092,4,1.07865
7,5,3440.75,87.062,538092,6,1.07865
7,6,3516.06,87.062,538092,4,1.07865
7,7,3841.46,87.062,538092,6,1.07865
7,1,1253.49,63.962,607069,2,1.07865
7,2,2030.08,63.962,607069,3,1.07865
7,3,2254.07,63.962,607069,3,1.07865
7,4,2712.86,63.962,607069,4,1.07865
7,5,2842.01,63.962,607069,3,1.07865
7,6,2970.79,63.962,607069,6,1.07865
7,7,3333.44,63.962,607069,3,1.07865
7,1,863.745,115.301,470321,2,1.07865
7,2,1237.16,115.301,470321,2,1.07865
7,3,1334.21,115.301,470321,2,1.07865
7,4,2030.98,115.301,470321,2,1.07865
7,5,2132.16,115.301,470321,2,1.07865
7,6,3045.66,115.301,470321,3,1.07865
7,7,3238.88,115.301,470321,3,1.07865
7,1,885.014,84.004,735641,2,1.07865
7,2,1082.18,84.004,735641,2,1.07865
7,3,1333.69,84.004,735641,2,1.07865
7,4,3279.49,84.004,735641,4,1.07865
7,5,3453.1,84.004,735641,5,1.07865
7,6,3565.49,84.004,735641,3,1.07865
7,7,4253.27,84.004,735641,5,1.07865
7,1,249.634,78.881,574426,2,1.07865
7,2,493.187,78.881,574426,2,1.07865
7,3,993.801,78.881,574426,2,1.07865
7,4,1067.6,78.881,574426,2,1.07865
7,5,1161.68,78.881,574426,2,1.07865
7,6,3670.12,78.881,574426,7,1.07865
7,7,3890.81,78.881,574426,5,1.07865
7,1,897.125,100.874,536048,2,1.07865
7,2,2121.62,100.874,536048,3,1.07865
7,3,2898.77,100.874,536048,5,1.07865
7,4,3082.26,100.874,536048,4,1.07865
7,5,3285.65,100.874,536048,4,1.07865
7,6,3886.69,100.874,536048,6,1.07865
7,7,4311.26,100.874,536048,3,1.07865
7,1,36.4005,226.39,569109,2,1.07865
7,2,2065.26,226.39,569109,4,1.07865
7,3,2308.71,226.39,569109,3,1.07865
7,4,3206.91,226.39,569109,6,1.07865
7,5,4124.05,226.39,569109,5,1.07865
7,6,4985.94,226.39,569109,5,1.07865
7,7,5178.23,226.39,569109,7,1.07865
7,1,490.523,97.65,420782,2,1.07865
7,2,882.656,97.65,420782,2,1.07865
7,3,2563.99,97.65,420782,4,1.07865
7,4,2786,97.65,420782,3,1.07865
7,5,3116.19,97.65,420782,5,1.07865
7,6,3361.01,97.65,420782,2,1.07865
7,7,4037.15,97.65,420782,3,1.07865
7,1,2011.08,76.122,148295,2,1.07865
7,2,2101.24,76.122,148295,2,1.07865
7,3,2402.22,76.122,148295,4,1.07865
7,4,2430.65,76.122,148295,4,1.07865
7,5,2828.94,76.122,148295,2,1.07865
7,6,3137.5,76.122,148295,2,1.07865
7,7,3293.14,76.122,148295,4,1.07865
7,1,862.161,72.737,129778,2,1.07865
7,2,1379.24,72.737,129778,2,1.07865
7,3,1496.93,72.737,129778,4,1.07865
7,4,1637.68,72.737,129778,4,1.07865
7,5,1884.62,72.737,129778,4,1.07865
7,6,2188.6,72.737,129778,4,1.07865
7,7,2319.41,72.737,129778,4,1.07865
7,1,1297.91,27.27,143420,2,1.07865
7,2,1394.41,27.27,143420,2,1.07865
7,3,1710.66,27.27,143420,4,1.07865
7,4,1936.32,27.27,143420,4,1.07865
7,5,2447.09,27.27,143420,4,1.07865
7,6,2472.95,27.27,143420,4,1.07865
7,7,2614.93,27.27,143420,3,1.07865
7,1,2511.03,56.563,221876,3,1.07865
7,2,2735.36,56.563,221876,4,1.07865
7,3,2738.03,56.563,221876,4,1.07865
7,4,2856.68,56.563,221876,4,1.07865
7,5,2928.65,56.563,221876,5,1.07865
7,6,3023.86,56.563,221876,3,1.07865
7,7,3136.87,56.563,221876,3,1.07865
7,1,1000.24,37.283,231814,2,1.07865
7,2,1417.19,37.283,231814,3,1.07865
7,3,1529.15,37.283,231814,2,1.07865
7,4,1874.73,37.283,231814,4,1.07865
7,5,1965.18,37.283,231814,3,1.07865
7,6,2430.65,37.283,231814,3,1.07865
7,7,2511.22,37.283,231814,3,1.07865
7,1,676.237,104.612,677220,2,1.07865
7,2,726.511,104.612,677220,2,1.07865
7,3,909.766,104.612,677220,2,1.07865
7,4,1714.09,104.612,677220,3,1.07865
7,5,2129.21,104.612,677220,4,1.07865
7,6,2785.39,104.612,677220,6,1.07865
7,7,4028.63,104.612,677220,4,1.07865
7,1,782.433,55.821,303830,2,1.07865
7,2,1740.66,55.821,303830,3,1.07865
7,3,2478.21,55.821,303830,7,1.07865
7,4,2930.71,55.821,303830,6,1.07865
7,5,3375.27,55.821,303830,5,1.07865
7,6,3382.86,55.821,303830,3,1.07865
7,7,3529.75,55.821,303830,4,1.07865
7,1,1576.2,40.479,135686,2,1.07865
7,2,2412.59,40.479,135686,4,1.07865
7,3,2440.01,40.479,135686,3,1.07865
7,4,2513.01,40.479,135686,2,1.07865
7,5,2564.87,40.479,135686,2,1.07865
7,6,3216.38,40.479,135686,4,1.07865
7,7,3253.76,40.479,135686,4,1.07865
7,1,242.739,61.683,297375,2,1.07865
7,2,2122,61.683,297375,3,1.07865
7,3,2265.41,61.683,297375,2,1.07865
7,4,2314.55,61.683,297375,3,1.07865
7,5,2331.95,61.683,297375,3,1.07865
7,6,3497.37,61.683,297375,4,1.07865
7,7,3631.34,61.683,297375,3,1.07865
7,1,1552.71,59.293,500241,2,1.07865
7,2,1950.83,59.293,500241,2,1.07865
7,3,2506.9,59.293,500241,3,1.07865
7,4,2870.41,59.293,500241,3,1.07865
7,5,3063.8,59.293,500241,3,1.07865
7,6,3169.6,59.293,500241,3,1.07865
7,7,3405.65,59.293,500241,4,1.07865
7,1,1322.97,29.342,122185,2,1.07865
7,2,1498.5,29.342,122185,4,1.07865
7,3,1842.91,29.342,122185,2,1.07865
7,4,2289.96,29.342,122185,2,1.07865
7,5,2379.5,29.342,122185,5,1.07865
7,6,2421.87,29.342,122185,5,1.07865
7,7,2514.75,29.342,122185,2,1.07865
7,1,980.522,81.56,293490,4,1.07865
7,2,2735.33,81.56,293490,5,1.07865
7,3,3491.16,81.56,293490,5,1.07865
7,4,3506.05,81.56,293490,5,1.07865
7,5,3624.86,81.56,293490,5,1.07865
7,6,3653.52,81.56,293490,5,1.07865
7,7,4134.78,81.56,293490,7,1.07865
