K,order,dist,cost_ki,cost_edbt,vnum,density
9,1,268.173,88.645,566030,2,1.07836
9,2,831.947,88.645,566030,3,1.07836
9,3,1911.3,88.645,566030,3,1.07836
9,4,1922.99,88.645,566030,4,1.07836
9,5,2156.95,88.645,566030,3,1.07836
9,6,2253.13,88.645,566030,4,1.07836
9,7,2435.45,88.645,566030,4,1.07836
9,8,2557.43,88.645,566030,5,1.07836
9,9,2799.7,88.645,566030,3,1.07836
9,1,1189.5,20.231,52394.3,2,1.07836
9,2,1584.05,20.231,52394.3,2,1.07836
9,3,1759.61,20.231,52394.3,2,1.07836
9,4,1828.21,20.231,52394.3,2,1.07836
9,5,1948.86,20.231,52394.3,2,1.07836
9,6,1958.49,20.231,52394.3,2,1.07836
9,7,1985.23,20.231,52394.3,2,1.07836
9,8,2336.54,20.231,52394.3,2,1.07836
9,9,2569.76,20.231,52394.3,2,1.07836
9,1,174.977,109.846,583791,2,1.07836
9,2,1906.08,109.846,583791,2,1.07836
9,3,2270.67,109.846,583791,2,1.07836
9,4,3272.77,109.846,583791,4,1.07836
9,5,3486.51,109.846,583791,3,1.07836
9,6,3955.81,109.846,583791,2,1.07836
9,7,4022.81,109.846,583791,4,1.07836
9,8,4470.06,109.846,583791,4,1.07836
9,9,4606.7,109.846,583791,3,1.07836
9,1,1079.93,79.77,567646,2,1.07836
9,2,1242.64,79.77,567646,2,1.07836
9,3,1741.73,79.77,567646,3,1.07836
9,4,1953.28,79.77,567646,3,1.07836
9,5,2009.2,79.77,567646,4,1.07836
9,6,2105.66,79.77,567646,6,1.07836
9,7,2116.07,79.77,567646,3,1.07836
9,8,3043.4,79.77,567646,3,1.07836
9,9,3492.33,79.77,567646,2,1.07836
9,1,1183.31,114.245,818154,2,1.07836
9,2,1726.72,114.245,818154,2,1.07836
9,3,1801.84,114.245,818154,2,1.07836
9,4,1822.22,114.245,818154,3,1.07836
9,5,2652.39,114.245,818154,5,1.07836
9,6,2677.17,114.245,818154,3,1.07836
9,7,2690.84,114.245,818154,5,1.07836
9,8,2776.03,114.245,818154,5,1.07836
9,9,3166.04,114.245,818154,4,1.07836
9,1,1012.43,136.64,806137,3,1.07836
9,2,1159.3,136.64,806137,3,1.07836
9,3,2010.65,136.64,806137,3,1.07836
9,4,2793.7,136.64,806137,3,1.07836
9,5,2965.15,136.64,806137,9,1.07836
9,6,3231.24,136.64,806137,6,1.07836
9,7,3260.36,136.64,806137,8,1.07836
9,8,3382.74,136.64,806137,5,1.07836
9,9,3568.96,136.64,806137,3,1.07836
9,1,723.951,63.768,181091,2,1.07836
9,2,1087.69,63.768,181091,2,1.07836
9,3,1331.86,63.768,181091,2,1.07836
9,4,2128.48,63.768,181091,3,1.07836
9,5,2235.3,63.768,181091,2,1.07836
9,6,2799.5,63.768,181091,2,1.07836
9,7,3096.75,63.768,181091,4,1.07836
9,8,3591.66,63.768,181091,4,1.07836
9,9,3658.46,63.768,181091,4,1.07836
9,1,690.601,59.773,319105,2,1.07836
9,2,1417.48,59.773,319105,3,1.07836
9,3,2212.99,59.773,319105,4,1.07836
9,4,2229.2,59.773,319105,5,1.07836
9,5,2259.23,59.773,319105,5,1.07836
9,6,2266.26,59.773,319105,4,1.07836
9,7,2674.42,59.773,319105,4,1.07836
9,8,2740.68,59.773,319105,4,1.07836
9,9,2896.85,59.773,319105,5,1.07836
9,1,329.055,107.783,953668,2,1.07836
9,2,416.625,107.783,953668,2,1.07836
9,3,1825.78,107.783,953668,2,1.07836
9,4,1953.65,107.783,953668,3,1.07836
9,5,2439.99,107.783,953668,3,1.07836
9,6,2440.61,107.783,953668,7,1.07836
9,7,3077.52,107.783,953668,5,1.07836
9,8,3338.09,107.783,953668,4,1.07836
9,9,3574.83,107.783,953668,4,1.07836
9,1,795.771,64.171,830019,3,1.07836
9,2,839.083,64.171,830019,3,1.07836
9,3,2429.22,64.171,830019,5,1.07836
9,4,2509.74,64.171,830019,3,1.07836
9,5,2564.31,64.171,830019,4,1.07836
9,6,2635.4,64.171,830019,3,1.07836
9,7,2697.23,64.171,830019,4,1.07836
9,8,2831.44,64.171,830019,3,1.07836
9,9,2878.54,64.171,830019,4,1.07836
9,1,228.353,131.074,1.28695e+06,2,1.07836
9,2,369.385,131.074,1.28695e+06,2,1.07836
9,3,2665.75,131.074,1.28695e+06,4,1.07836
9,4,3200.43,131.074,1.28695e+06,5,1.07836
9,5,3391.8,131.074,1.28695e+06,3,1.07836
9,6,3682.01,131.074,1.28695e+06,4,1.07836
9,7,3995.57,131.074,1.28695e+06,4,1.07836
9,8,4065.85,131.074,1.28695e+06,6,1.07836
9,9,4214.77,131.074,1.28695e+06,7,1.07836
9,1,1150.22,98.647,409596,3,1.07836
9,2,1586.73,98.647,409596,2,1.07836
9,3,1642.55,98.647,409596,2,1.07836
9,4,2211.93,98.647,409596,2,1.07836
9,5,2570.9,98.647,409596,4,1.07836
9,6,2763.65,98.647,409596,3,1.07836
9,7,2939.64,98.647,409596,3,1.07836
9,8,2953.07,98.647,409596,3,1.07836
9,9,3661.37,98.647,409596,3,1.07836
9,1,585.796,95.48,945299,2,1.07836
9,2,1485.56,95.48,945299,2,1.07836
9,3,1826.95,95.48,945299,3,1.07836
9,4,1896.11,95.48,945299,5,1.07836
9,5,2611.8,95.48,945299,5,1.07836
9,6,2734.27,95.48,945299,7,1.07836
9,7,2734.58,95.48,945299,5,1.07836
9,8,3102.56,95.48,945299,4,1.07836
9,9,3411.01,95.48,945299,2,1.07836
9,1,1200.12,91.249,289976,2,1.07836
9,2,2112.54,91.249,289976,4,1.07836
9,3,2147.56,91.249,289976,4,1.07836
9,4,2577.67,91.249,289976,5,1.07836
9,5,2978.14,91.249,289976,4,1.07836
9,6,3093.3,91.249,289976,4,1.07836
9,7,3202.86,91.249,289976,5,1.07836
9,8,3441.71,91.249,289976,4,1.07836
9,9,4077.42,91.249,289976,3,1.07836
9,1,1647.62,128.601,2.0673e+06,3,1.07836
9,2,1943.95,128.601,2.0673e+06,3,1.07836
9,3,2748.32,128.601,2.0673e+06,3,1.07836
9,4,2752.16,128.601,2.0673e+06,2,1.07836
9,5,2817.81,128.601,2.0673e+06,3,1.07836
9,6,2863.83,128.601,2.0673e+06,5,1.07836
9,7,3445.57,128.601,2.0673e+06,3,1.07836
9,8,3562.07,128.601,2.0673e+06,4,1.07836
9,9,3871.34,128.601,2.0673e+06,5,1.07836
9,1,793.156,58.766,323864,3,1.07836
9,2,1107.58,58.766,323864,3,1.07836
9,3,1523.32,58.766,323864,3,1.07836
9,4,1538.56,58.766,323864,3,1.07836
9,5,1717.73,58.766,323864,3,1.07836
9,6,2650.02,58.766,323864,4,1.07836
9,7,2672.3,58.766,323864,3,1.07836
9,8,3123.53,58.766,323864,4,1.07836
9,9,3235.8,58.766,323864,4,1.07836
9,1,915.327,64.425,442722,3,1.07836
9,2,1298.35,64.425,442722,4,1.07836
9,3,1837.28,64.425,442722,6,1.07836
9,4,1960.08,64.425,442722,3,1.07836
9,5,2064.12,64.425,442722,6,1.07836
9,6,2129.11,64.425,442722,3,1.07836
9,7,2281.56,64.425,442722,4,1.07836
9,8,2498.37,64.425,442722,3,1.07836
9,9,2826.25,64.425,442722,4,1.07836
9,1,595.598,71.137,516128,2,1.07836
9,2,1188.36,71.137,516128,3,1.07836
9,3,1341.74,71.137,516128,4,1.07836
9,4,1396.07,71.137,516128,2,1.07836
9,5,1540.66,71.137,516128,3,1.07836
9,6,2002.21,71.137,516128,2,1.07836
9,7,2192.48,71.137,516128,2,1.07836
9,8,2688.42,71.137,516128,2,1.07836
9,9,3370.73,71.137,516128,6,1.07836
9,1,1049.65,60.749,254642,2,1.07836
9,2,1392.35,60.749,254642,2,1.07836
9,3,1424.28,60.749,254642,3,1.07836
9,4,2102.16,60.749,254642,2,1.07836
9,5,2390.94,60.749,254642,4,1.07836
9,6,2488.7,60.749,254642,3,1.07836
9,7,2944.73,60.749,254642,3,1.07836
9,8,3141.69,60.749,254642,4,1.07836
9,9,3198.81,60.749,254642,3,1.07836
9,1,452.482,42.492,229441,2,1.07836
9,2,1483.49,42.492,229441,2,1.07836
9,3,1779.54,42.492,229441,2,1.07836
9,4,1813.64,42.492,229441,2,1.07836
9,5,1831.42,42.492,229441,4,1.07836
9,6,1900.51,42.492,229441,2,1.07836
9,7,3075.96,42.492,229441,2,1.07836
9,8,3077.72,42.492,229441,3,1.07836
9,9,3129.09,42.492,229441,4,1.07836
9,1,2079.49,118.19,821513,3,1.07836
9,2,2148.42,118.19,821513,4,1.07836
9,3,2407.28,118.19,821513,4,1.07836
9,4,2426.43,118.19,821513,4,1.07836
9,5,2618.77,118.19,821513,4,1.07836
9,6,2759.46,118.19,821513,3,1.07836
9,7,3153.9,118.19,821513,3,1.07836
9,8,3847.53,118.19,821513,6,1.07836
9,9,4275.49,118.19,821513,3,1.07836
9,1,192.333,98.28,747104,2,1.07836
9,2,1933.83,98.28,747104,5,1.07836
9,3,2232.18,98.28,747104,8,1.07836
9,4,2238.62,98.28,747104,3,1.07836
9,5,2655.4,98.28,747104,6,1.07836
9,6,3110.81,98.28,747104,5,1.07836
9,7,3233.59,98.28,747104,5,1.07836
9,8,3406.53,98.28,747104,4,1.07836
9,9,3674.01,98.28,747104,5,1.07836
9,1,1730.48,180.555,1.14187e+06,5,1.07836
9,2,2156.35,180.555,1.14187e+06,5,1.07836
9,3,2284.58,180.555,1.14187e+06,3,1.07836
9,4,2317.75,180.555,1.14187e+06,4,1.07836
9,5,2594.84,180.555,1.14187e+06,3,1.07836
9,6,3125.15,180.555,1.14187e+06,3,1.07836
9,7,3250,180.555,1.14187e+06,3,1.07836
9,8,3462.79,180.555,1.14187e+06,5,1.07836
9,9,3496.58,180.555,1.14187e+06,4,1.07836
9,1,1609.27,77.932,260644,3,1.07836
9,2,2145.1,77.932,260644,3,1.07836
9,3,2389.56,77.932,260644,3,1.07836
9,4,2489.43,77.932,260644,5,1.07836
9,5,2724.66,77.932,260644,3,1.07836
9,6,2948.48,77.932,260644,5,1.07836
9,7,2954.71,77.932,260644,3,1.07836
9,8,2989.24,77.932,260644,5,1.07836
9,9,3066.35,77.932,260644,4,1.07836
9,1,321.31,35.211,310058,2,1.07836
9,2,723.775,35.211,310058,2,1.07836
9,3,999.604,35.211,310058,2,1.07836
9,4,1057.75,35.211,310058,3,1.07836
9,5,1248.26,35.211,310058,2,1.07836
9,6,1727.87,35.211,310058,2,1.07836
9,7,2187.59,35.211,310058,3,1.07836
9,8,2466.06,35.211,310058,3,1.07836
9,9,2556.26,35.211,310058,2,1.07836
9,1,401.868,32.048,198932,2,1.07836
9,2,419.687,32.048,198932,2,1.07836
9,3,557.85,32.048,198932,2,1.07836
9,4,859.956,32.048,198932,2,1.07836
9,5,1041.72,32.048,198932,2,1.07836
9,6,1671.2,32.048,198932,2,1.07836
9,7,2242.15,32.048,198932,2,1.07836
9,8,2287.07,32.048,198932,3,1.07836
9,9,2802.26,32.048,198932,4,1.07836
9,1,1088.95,99.601,499231,2,1.07836
9,2,2357,99.601,499231,4,1.07836
9,3,2588.24,99.601,499231,4,1.07836
9,4,2588.99,99.601,499231,3,1.07836
9,5,2660.9,99.601,499231,3,1.07836
9,6,2980.23,99.601,499231,2,1.07836
9,7,3037.23,99.601,499231,2,1.07836
9,8,3144.54,99.601,499231,4,1.07836
9,9,3536.75,99.601,499231,13,1.07836
9,1,86.977,21.724,46900.2,2,1.07836
9,2,628.85,21.724,46900.2,3,1.07836
9,3,847.405,21.724,46900.2,2,1.07836
9,4,960.004,21.724,46900.2,3,1.07836
9,5,1157.69,21.724,46900.2,2,1.07836
9,6,1335.16,21.724,46900.2,3,1.07836
9,7,1631.57,21.724,46900.2,2,1.07836
9,8,1636.43,21.724,46900.2,2,1.07836
9,9,1781.09,21.724,46900.2,4,1.07836
9,1,527.914,60.72,404394,2,1.07836
9,2,1174.13,60.72,404394,2,1.07836
9,3,1249.77,60.72,404394,2,1.07836
9,4,1279.66,60.72,404394,2,1.07836
9,5,2055.69,60.72,404394,2,1.07836
9,6,2058.2,60.72,404394,6,1.07836
9,7,2592.67,60.72,404394,3,1.07836
9,8,2773.17,60.72,404394,3,1.07836
9,9,2829.99,60.72,404394,4,1.07836
9,1,343.494,50.674,399333,2,1.07836
9,2,424.539,50.674,399333,2,1.07836
9,3,1316.21,50.674,399333,3,1.07836
9,4,1397.92,50.674,399333,3,1.07836
9,5,1530.37,50.674,399333,2,1.07836
9,6,1829.3,50.674,399333,5,1.07836
9,7,1972.79,50.674,399333,4,1.07836
9,8,2485.03,50.674,399333,4,1.07836
9,9,3150.53,50.674,399333,4,1.07836
9,1,496.389,165.757,2.375e+06,2,1.07836
9,2,542.365,165.757,2.375e+06,2,1.07836
9,3,908.527,165.757,2.375e+06,2,1.07836
9,4,1731.48,165.757,2.375e+06,3,1.07836
9,5,3651.8,165.757,2.375e+06,3,1.07836
9,6,3675.21,165.757,2.375e+06,4,1.07836
9,7,4259.83,165.757,2.375e+06,7,1.07836
9,8,4324.25,165.757,2.375e+06,4,1.07836
9,9,4748.54,165.757,2.375e+06,4,1.07836
9,1,1233.43,31.309,242302,3,1.07836
9,2,1361.78,31.309,242302,3,1.07836
9,3,1394.96,31.309,242302,2,1.07836
9,4,1409,31.309,242302,2,1.07836
9,5,1598.56,31.309,242302,3,1.07836
9,6,1635.65,31.309,242302,3,1.07836
9,7,1814.19,31.309,242302,3,1.07836
9,8,2175.48,31.309,242302,3,1.07836
9,9,2217,31.309,242302,3,1.07836
9,1,292.554,91.596,408389,2,1.07836
9,2,784.694,91.596,408389,2,1.07836
9,3,1143.7,91.596,408389,4,1.07836
9,4,1886.37,91.596,408389,3,1.07836
9,5,2522.79,91.596,408389,3,1.07836
9,6,2708.87,91.596,408389,5,1.07836
9,7,2732.91,91.596,408389,3,1.07836
9,8,2777.46,91.596,408389,5,1.07836
9,9,2899.35,91.596,408389,4,1.07836
9,1,559.723,108.846,632455,2,1.07836
9,2,1960.98,108.846,632455,2,1.07836
9,3,2584.66,108.846,632455,4,1.07836
9,4,3182.42,108.846,632455,3,1.07836
9,5,4027.36,108.846,632455,5,1.07836
9,6,4040.67,108.846,632455,2,1.07836
9,7,4306.72,108.846,632455,5,1.07836
9,8,4333.86,108.846,632455,5,1.07836
9,9,4412.44,108.846,632455,8,1.07836
9,1,1546.49,101.576,607631,4,1.07836
9,2,2145.27,101.576,607631,4,1.07836
9,3,2173.01,101.576,607631,4,1.07836
9,4,2398.71,101.576,607631,4,1.07836
9,5,2740.09,101.576,607631,4,1.07836
9,6,2754.26,101.576,607631,3,1.07836
9,7,3154.2,101.576,607631,3,1.07836
9,8,3742.22,101.576,607631,4,1.07836
9,9,3992.26,101.576,607631,5,1.07836
9,1,1616.57,75.698,407408,3,1.07836
9,2,1732.42,75.698,407408,3,1.07836
9,3,1794.29,75.698,407408,3,1.07836
9,4,2247.09,75.698,407408,4,1.07836
9,5,2357.54,75.698,407408,4,1.07836
9,6,2374.84,75.698,407408,2,1.07836
9,7,2587.36,75.698,407408,3,1.07836
9,8,2887.3,75.698,407408,4,1.07836
9,9,3442.51,75.698,407408,5,1.07836
9,1,559.151,129.892,1.02387e+06,2,1.07836
9,2,1149.23,129.892,1.02387e+06,2,1.07836
9,3,1804.72,129.892,1.02387e+06,3,1.07836
9,4,1947.58,129.892,1.02387e+06,3,1.07836
9,5,2382.05,129.892,1.02387e+06,3,1.07836
9,6,2786.69,129.892,1.02387e+06,3,1.07836
9,7,3251.75,129.892,1.02387e+06,4,1.07836
9,8,3392.49,129.892,1.02387e+06,6,1.07836
9,9,3468.07,129.892,1.02387e+06,3,1.07836
9,1,1511.56,24.909,215606,3,1.07836
9,2,1936,24.909,215606,3,1.07836
9,3,2123.89,24.909,215606,2,1.07836
9,4,2288.07,24.909,215606,2,1.07836
9,5,2297.79,24.909,215606,3,1.07836
9,6,2327.59,24.909,215606,5,1.07836
9,7,2345.84,24.909,215606,5,1.07836
9,8,2438.31,24.909,215606,2,1.07836
9,9,2512.27,24.909,215606,5,1.07836
9,1,338.136,107.483,249213,2,1.07836
9,2,1295.08,107.483,249213,2,1.07836
9,3,1452.8,107.483,249213,2,1.07836
9,4,1619.53,107.483,249213,3,1.07836
9,5,2157.73,107.483,249213,3,1.07836
9,6,2211.15,107.483,249213,4,1.07836
9,7,2592.7,107.483,249213,3,1.07836
9,8,2836.99,107.483,249213,3,1.07836
9,9,3239.46,107.483,249213,4,1.07836
9,1,733.224,49.683,248648,2,1.07836
9,2,1212.82,49.683,248648,3,1.07836
9,3,1507.74,49.683,248648,2,1.07836
9,4,1680.7,49.683,248648,3,1.07836
9,5,1761.51,49.683,248648,3,1.07836
9,6,1959.67,49.683,248648,2,1.07836
9,7,2052.05,49.683,248648,2,1.07836
9,8,2084.48,49.683,248648,4,1.07836
9,9,2247,49.683,248648,4,1.07836
9,1,391.782,82.345,659078,2,1.07836
9,2,403.511,82.345,659078,2,1.07836
9,3,1918.4,82.345,659078,2,1.07836
9,4,2186.18,82.345,659078,3,1.07836
9,5,2418.45,82.345,659078,3,1.07836
9,6,2882.24,82.345,659078,3,1.07836
9,7,2911.53,82.345,659078,3,1.07836
9,8,3071.28,82.345,659078,4,1.07836
9,9,3711.95,82.345,659078,4,1.07836
9,1,176.241,45.338,171438,2,1.07836
9,2,531.805,45.338,171438,2,1.07836
9,3,837.031,45.338,171438,2,1.07836
9,4,1056.14,45.338,171438,2,1.07836
9,5,1566.21,45.338,171438,3,1.07836
9,6,2410.4,45.338,171438,4,1.07836
9,7,2899.32,45.338,171438,4,1.07836
9,8,3106.1,45.338,171438,5,1.07836
9,9,3182.03,45.338,171438,5,1.07836
9,1,717.036,37.553,275940,2,1.07836
9,2,1365.6,37.553,275940,2,1.07836
9,3,1434.91,37.553,275940,2,1.07836
9,4,1788.84,37.553,275940,2,1.07836
9,5,2247.01,37.553,275940,3,1.07836
9,6,2249.96,37.553,275940,3,1.07836
9,7,2303.25,37.553,275940,4,1.07836
9,8,2326.13,37.553,275940,3,1.07836
9,9,2346.83,37.553,275940,2,1.07836
9,1,289.126,99.251,730611,2,1.07836
9,2,1592.46,99.251,730611,2,1.07836
9,3,2275.68,99.251,730611,3,1.07836
9,4,2459.29,99.251,730611,3,1.07836
9,5,2465.24,99.251,730611,3,1.07836
9,6,2570.95,99.251,730611,2,1.07836
9,7,3091.77,99.251,730611,5,1.07836
9,8,3307.73,99.251,730611,3,1.07836
9,9,3493.21,99.251,730611,5,1.07836
9,1,608.021,34.508,226836,2,1.07836
9,2,1347.13,34.508,226836,2,1.07836
9,3,1486.01,34.508,226836,2,1.07836
9,4,1520.37,34.508,226836,2,1.07836
9,5,2278.83,34.508,226836,4,1.07836
9,6,2448.85,34.508,226836,2,1.07836
9,7,2489.94,34.508,226836,2,1.07836
9,8,2491.48,34.508,226836,3,1.07836
9,9,2573.8,34.508,226836,4,1.07836
9,1,456.829,39.729,842653,2,1.07836
9,2,1225.57,39.729,842653,2,1.07836
9,3,1288.98,39.729,842653,2,1.07836
9,4,1683.75,39.729,842653,4,1.07836
9,5,1828.46,39.729,842653,2,1.07836
9,6,1851.79,39.729,842653,3,1.07836
9,7,2095.13,39.729,842653,3,1.07836
9,8,2345.06,39.729,842653,3,1.07836
9,9,2486.95,39.729,842653,4,1.07836
9,1,1057.64,36.169,118488,2,1.07836
9,2,1189.28,36.169,118488,2,1.07836
9,3,1434.35,36.169,118488,2,1.07836
9,4,1529.9,36.169,118488,2,1.07836
9,5,1676.01,36.169,118488,2,1.07836
9,6,1977.22,36.169,118488,2,1.07836
9,7,2034.65,36.169,118488,2,1.07836
9,8,2117.44,36.169,118488,2,1.07836
9,9,2518.16,36.169,118488,2,1.07836
9,1,248.809,76.145,968434,2,1.07836
9,2,1540.89,76.145,968434,2,1.07836
9,3,1665.61,76.145,968434,2,1.07836
9,4,2550.85,76.145,968434,2,1.07836
9,5,2568.74,76.145,968434,4,1.07836
9,6,2702.49,76.145,968434,2,1.07836
9,7,3285.93,76.145,968434,2,1.07836
9,8,3453.83,76.145,968434,6,1.07836
9,9,3465.7,76.145,968434,6,1.07836
9,1,1274.43,137.71,874463,2,1.07836
9,2,2185.36,137.71,874463,3,1.07836
9,3,2631.19,137.71,874463,4,1.07836
9,4,2797.92,137.71,874463,4,1.07836
9,5,3260.64,137.71,874463,4,1.07836
9,6,3334.65,137.71,874463,4,1.07836
9,7,3582.86,137.71,874463,4,1.07836
9,8,3680.06,137.71,874463,4,1.07836
9,9,3838.83,137.71,874463,4,1.07836
9,1,371.517,36.571,162172,2,1.07836
9,2,678.859,36.571,162172,2,1.07836
9,3,1189.3,36.571,162172,2,1.07836
9,4,1273.33,36.571,162172,2,1.07836
9,5,1408.22,36.571,162172,2,1.07836
9,6,1438.03,36.571,162172,2,1.07836
9,7,1474.12,36.571,162172,3,1.07836
9,8,1861.18,36.571,162172,4,1.07836
9,9,1867.83,36.571,162172,3,1.07836
9,1,495.138,91.887,923980,2,1.07836
9,2,781.41,91.887,923980,2,1.07836
9,3,1626.24,91.887,923980,2,1.07836
9,4,2316.36,91.887,923980,3,1.07836
9,5,2579.72,91.887,923980,3,1.07836
9,6,3385.69,91.887,923980,4,1.07836
9,7,3431.69,91.887,923980,4,1.07836
9,8,3511.61,91.887,923980,4,1.07836
9,9,3741.5,91.887,923980,3,1.07836
9,1,1294.27,89.958,830509,2,1.07836
9,2,2130.27,89.958,830509,3,1.07836
9,3,2590.76,89.958,830509,2,1.07836
9,4,2613.46,89.958,830509,4,1.07836
9,5,2709.95,89.958,830509,3,1.07836
9,6,2755.94,89.958,830509,4,1.07836
9,7,3349.05,89.958,830509,4,1.07836
9,8,3387.28,89.958,830509,4,1.07836
9,9,3407.73,89.958,830509,4,1.07836
9,1,1618.68,85.767,559198,3,1.07836
9,2,1977.58,85.767,559198,2,1.07836
9,3,2168.08,85.767,559198,3,1.07836
9,4,2215.04,85.767,559198,2,1.07836
9,5,2303.39,85.767,559198,2,1.07836
9,6,2468.59,85.767,559198,5,1.07836
9,7,2903.42,85.767,559198,4,1.07836
9,8,3034.06,85.767,559198,3,1.07836
9,9,3037.07,85.767,559198,2,1.07836
9,1,237.255,58.283,329883,2,1.07836
9,2,388.567,58.283,329883,2,1.07836
9,3,557.66,58.283,329883,2,1.07836
9,4,1199.12,58.283,329883,2,1.07836
9,5,1656.86,58.283,329883,5,1.07836
9,6,1681.94,58.283,329883,5,1.07836
9,7,1991.85,58.283,329883,3,1.07836
9,8,2491.57,58.283,329883,3,1.07836
9,9,2624.3,58.283,329883,2,1.07836
9,1,1939.61,85.144,453966,4,1.07836
9,2,2236.56,85.144,453966,4,1.07836
9,3,2264.93,85.144,453966,3,1.07836
9,4,2325.51,85.144,453966,5,1.07836
9,5,2818.39,85.144,453966,2,1.07836
9,6,2915.77,85.144,453966,4,1.07836
9,7,2971.2,85.144,453966,4,1.07836
9,8,3217.64,85.144,453966,4,1.07836
9,9,3721.4,85.144,453966,6,1.07836
9,1,461.677,85.002,678816,2,1.07836
9,2,1288.58,85.002,678816,4,1.07836
9,3,1804.76,85.002,678816,3,1.07836
9,4,2141.31,85.002,678816,3,1.07836
9,5,2221.48,85.002,678816,2,1.07836
9,6,2563.91,85.002,678816,3,1.07836
9,7,3135.66,85.002,678816,2,1.07836
9,8,3335.08,85.002,678816,4,1.07836
9,9,3372.94,85.002,678816,4,1.07836
9,1,1478.37,96.241,598090,2,1.07836
9,2,2736.93,96.241,598090,5,1.07836
9,3,2753.28,96.241,598090,3,1.07836
9,4,2772.13,96.241,598090,4,1.07836
9,5,3098.35,96.241,598090,6,1.07836
9,6,3117.66,96.241,598090,6,1.07836
9,7,3215.46,96.241,598090,4,1.07836
9,8,3445.58,96.241,598090,4,1.07836
9,9,3465.87,96.241,598090,2,1.07836
9,1,470.918,48.753,225000,2,1.07836
9,2,617.496,48.753,225000,2,1.07836
9,3,1008.16,48.753,225000,3,1.07836
9,4,1534.01,48.753,225000,3,1.07836
9,5,2488.39,48.753,225000,3,1.07836
9,6,2492.91,48.753,225000,4,1.07836
9,7,2514.04,48.753,225000,3,1.07836
9,8,2594.76,48.753,225000,3,1.07836
9,9,3082.08,48.753,225000,4,1.07836
9,1,633.426,39.705,176512,2,1.07836
9,2,866.425,39.705,176512,3,1.07836
9,3,1095.24,39.705,176512,2,1.07836
9,4,1250.17,39.705,176512,2,1.07836
9,5,1650.3,39.705,176512,3,1.07836
9,6,2166.62,39.705,176512,3,1.07836
9,7,2173.64,39.705,176512,4,1.07836
9,8,2286.75,39.705,176512,4,1.07836
9,9,2434.58,39.705,176512,2,1.07836
9,1,781.417,103.636,671145,2,1.07836
9,2,1211.81,103.636,671145,3,1.07836
9,3,1507.86,103.636,671145,3,1.07836
9,4,2151.3,103.636,671145,6,1.07836
9,5,2202.68,103.636,671145,3,1.07836
9,6,2321.61,103.636,671145,6,1.07836
9,7,2413.33,103.636,671145,3,1.07836
9,8,2840.99,103.636,671145,3,1.07836
9,9,2964.57,103.636,671145,4,1.07836
9,1,1466.21,77.859,480273,4,1.07836
9,2,1470.77,77.859,480273,4,1.07836
9,3,1692.98,77.859,480273,5,1.07836
9,4,1940.82,77.859,480273,4,1.07836
9,5,2162.47,77.859,480273,5,1.07836
9,6,2256.02,77.859,480273,2,1.07836
9,7,2967.44,77.859,480273,5,1.07836
9,8,3273.9,77.859,480273,8,1.07836
9,9,3326.87,77.859,480273,7,1.07836
9,1,349.834,51.454,182981,2,1.07836
9,2,1460.17,51.454,182981,3,1.07836
9,3,1530.37,51.454,182981,3,1.07836
9,4,1632.21,51.454,182981,4,1.07836
9,5,1667.31,51.454,182981,3,1.07836
9,6,1688.85,51.454,182981,2,1.07836
9,7,2006.33,51.454,182981,3,1.07836
9,8,2335.05,51.454,182981,3,1.07836
9,9,2624.04,51.454,182981,2,1.07836
9,1,768.891,36.807,126964,2,1.07836
9,2,1625.24,36.807,126964,2,1.07836
9,3,1838.99,36.807,126964,4,1.07836
9,4,2289.71,36.807,126964,3,1.07836
9,5,2442.06,36.807,126964,4,1.07836
9,6,2835.69,36.807,126964,2,1.07836
9,7,3025.16,36.807,126964,4,1.07836
9,8,3067.05,36.807,126964,3,1.07836
9,9,3287.09,36.807,126964,3,1.07836
9,1,1925.85,85.227,1.44312e+06,3,1.07836
9,2,1982.8,85.227,1.44312e+06,3,1.07836
9,3,2056.72,85.227,1.44312e+06,4,1.07836
9,4,2156.74,85.227,1.44312e+06,4,1.07836
9,5,2518.08,85.227,1.44312e+06,4,1.07836
9,6,2982.35,85.227,1.44312e+06,3,1.07836
9,7,3147.01,85.227,1.44312e+06,2,1.07836
9,8,3176,85.227,1.44312e+06,4,1.07836
9,9,3198.17,85.227,1.44312e+06,2,1.07836
9,1,963.465,57.581,318892,2,1.07836
9,2,1661.04,57.581,318892,2,1.07836
9,3,1873.36,57.581,318892,2,1.07836
9,4,1946.25,57.581,318892,2,1.07836
9,5,2115.36,57.581,318892,2,1.07836
9,6,2390.34,57.581,318892,4,1.07836
9,7,2691.02,57.581,318892,2,1.07836
9,8,2869.97,57.581,318892,4,1.07836
9,9,3191.09,57.581,318892,8,1.07836
9,1,1408.39,93.437,529195,3,1.07836
9,2,2022.59,93.437,529195,2,1.07836
9,3,2390.37,93.437,529195,3,1.07836
9,4,2531.03,93.437,529195,2,1.07836
9,5,3084.23,93.437,529195,4,1.07836
9,6,3416.03,93.437,529195,4,1.07836
9,7,3643.93,93.437,529195,3,1.07836
9,8,3765.51,93.437,529195,4,1.07836
9,9,3774.68,93.437,529195,4,1.07836
9,1,1185.24,66.496,668883,3,1.07836
9,2,1522.45,66.496,668883,6,1.07836
9,3,1575.75,66.496,668883,7,1.07836
9,4,1695.4,66.496,668883,4,1.07836
9,5,1826.46,66.496,668883,2,1.07836
9,6,1880.79,66.496,668883,2,1.07836
9,7,2074.01,66.496,668883,4,1.07836
9,8,2238.29,66.496,668883,4,1.07836
9,9,2261.13,66.496,668883,5,1.07836
9,1,1341.22,51.923,182246,3,1.07836
9,2,1597.86,51.923,182246,3,1.07836
9,3,1612.09,51.923,182246,2,1.07836
9,4,1818.06,51.923,182246,2,1.07836
9,5,1912.64,51.923,182246,2,1.07836
9,6,2034.33,51.923,182246,3,1.07836
9,7,2319.87,51.923,182246,3,1.07836
9,8,2700.79,51.923,182246,3,1.07836
9,9,2900.82,51.923,182246,5,1.07836
9,1,811.104,37.613,278257,2,1.07836
9,2,1160.11,37.613,278257,2,1.07836
9,3,1201.79,37.613,278257,2,1.07836
9,4,1400.86,37.613,278257,2,1.07836
9,5,1511.38,37.613,278257,2,1.07836
9,6,2106.85,37.613,278257,2,1.07836
9,7,2556,37.613,278257,3,1.07836
9,8,2585.4,37.613,278257,3,1.07836
9,9,2816.74,37.613,278257,4,1.07836
9,1,258.801,60.596,688713,2,1.07836
9,2,626.994,60.596,688713,2,1.07836
9,3,1055.15,60.596,688713,2,1.07836
9,4,1759.21,60.596,688713,4,1.07836
9,5,1897.84,60.596,688713,3,1.07836
9,6,2098.45,60.596,688713,3,1.07836
9,7,2202.39,60.596,688713,3,1.07836
9,8,2462.92,60.596,688713,3,1.07836
9,9,2578.32,60.596,688713,4,1.07836
9,1,1793.33,111.801,1.42806e+06,4,1.07836
9,2,2041.16,111.801,1.42806e+06,3,1.07836
9,3,2504.05,111.801,1.42806e+06,6,1.07836
9,4,3201.79,111.801,1.42806e+06,3,1.07836
9,5,3223.46,111.801,1.42806e+06,3,1.07836
9,6,3293.41,111.801,1.42806e+06,3,1.07836
9,7,3699.59,111.801,1.42806e+06,4,1.07836
9,8,3727.38,111.801,1.42806e+06,3,1.07836
9,9,4082.69,111.801,1.42806e+06,5,1.07836
9,1,850.088,189.071,966243,2,1.07836
9,2,991.285,189.071,966243,3,1.07836
9,3,1835.49,189.071,966243,2,1.07836
9,4,1879.72,189.071,966243,2,1.07836
9,5,2404.45,189.071,966243,2,1.07836
9,6,2565.51,189.071,966243,3,1.07836
9,7,2870.58,189.071,966243,3,1.07836
9,8,3181.92,189.071,966243,5,1.07836
9,9,3606.49,189.071,966243,4,1.07836
9,1,533.563,94.853,462565,2,1.07836
9,2,576.667,94.853,462565,2,1.07836
9,3,909.869,94.853,462565,2,1.07836
9,4,1252.58,94.853,462565,2,1.07836
9,5,1622.52,94.853,462565,2,1.07836
9,6,3311.91,94.853,462565,3,1.07836
9,7,3658.12,94.853,462565,2,1.07836
9,8,4583.64,94.853,462565,3,1.07836
9,9,4705.95,94.853,462565,3,1.07836
9,1,938.58,75.301,589109,2,1.07836
9,2,1201.97,75.301,589109,4,1.07836
9,3,1879.05,75.301,589109,4,1.07836
9,4,1985.88,75.301,589109,2,1.07836
9,5,2390.54,75.301,589109,2,1.07836
9,6,2786,75.301,589109,4,1.07836
9,7,3013.34,75.301,589109,3,1.07836
9,8,3057.66,75.301,589109,3,1.07836
9,9,3127.62,75.301,589109,3,1.07836
9,1,1150.01,42.046,112862,2,1.07836
9,2,1889.17,42.046,112862,2,1.07836
9,3,1926.22,42.046,112862,2,1.07836
9,4,1945.03,42.046,112862,2,1.07836
9,5,2500.2,42.046,112862,3,1.07836
9,6,2641.69,42.046,112862,3,1.07836
9,7,2682.34,42.046,112862,4,1.07836
9,8,2744.31,42.046,112862,3,1.07836
9,9,3010,42.046,112862,2,1.07836
9,1,2536.27,131.456,900477,3,1.07836
9,2,2891.71,131.456,900477,4,1.07836
9,3,3519.15,131.456,900477,5,1.07836
9,4,3852.45,131.456,900477,6,1.07836
9,5,3918.39,131.456,900477,4,1.07836
9,6,4084.76,131.456,900477,4,1.07836
9,7,4253.99,131.456,900477,4,1.07836
9,8,4339.45,131.456,900477,6,1.07836
9,9,4427.82,131.456,900477,3,1.07836
9,1,1875.5,57.58,404616,2,1.07836
9,2,1976.44,57.58,404616,6,1.07836
9,3,1976.46,57.58,404616,5,1.07836
9,4,2117.7,57.58,404616,5,1.07836
9,5,2320.59,57.58,404616,4,1.07836
9,6,2494.15,57.58,404616,5,1.07836
9,7,2563.76,57.58,404616,6,1.07836
9,8,2665.61,57.58,404616,4,1.07836
9,9,2819.9,57.58,404616,5,1.07836
9,1,498.935,33.192,127631,2,1.07836
9,2,1229.79,33.192,127631,2,1.07836
9,3,1538.8,33.192,127631,2,1.07836
9,4,1881.88,33.192,127631,2,1.07836
9,5,1905.58,33.192,127631,2,1.07836
9,6,1995.2,33.192,127631,2,1.07836
9,7,2710.45,33.192,127631,2,1.07836
9,8,2755.09,33.192,127631,3,1.07836
9,9,2818.79,33.192,127631,2,1.07836
9,1,1034.52,90.018,286184,2,1.07836
9,2,1434.76,90.018,286184,3,1.07836
9,3,1436.9,90.018,286184,2,1.07836
9,4,2195.44,90.018,286184,2,1.07836
9,5,2493.54,90.018,286184,5,1.07836
9,6,2866.99,90.018,286184,3,1.07836
9,7,3087.15,90.018,286184,4,1.07836
9,8,3096.59,90.018,286184,4,1.07836
9,9,3136.69,90.018,286184,5,1.07836
9,1,1550.39,48.068,111350,3,1.07836
9,2,2058.24,48.068,111350,3,1.07836
9,3,2435.64,48.068,111350,4,1.07836
9,4,2802.56,48.068,111350,3,1.07836
9,5,2826.92,48.068,111350,4,1.07836
9,6,2966.48,48.068,111350,5,1.07836
9,7,3002.19,48.068,111350,3,1.07836
9,8,3076.88,48.068,111350,5,1.07836
9,9,3159.72,48.068,111350,3,1.07836
9,1,78.4092,36.176,142874,2,1.07836
9,2,360.225,36.176,142874,2,1.07836
9,3,908.514,36.176,142874,2,1.07836
9,4,1250.07,36.176,142874,2,1.07836
9,5,2060.93,36.176,142874,3,1.07836
9,6,2250.48,36.176,142874,3,1.07836
9,7,2331.65,36.176,142874,3,1.07836
9,8,2528.21,36.176,142874,2,1.07836
9,9,2568.34,36.176,142874,3,1.07836
9,1,347.639,115.174,681799,2,1.07836
9,2,1618.82,115.174,681799,4,1.07836
9,3,1851,115.174,681799,5,1.07836
9,4,1885.49,115.174,681799,2,1.07836
9,5,2078.22,115.174,681799,4,1.07836
9,6,2377.76,115.174,681799,4,1.07836
9,7,2887.01,115.174,681799,5,1.07836
9,8,2966.2,115.174,681799,4,1.07836
9,9,3370.17,115.174,681799,8,1.07836
9,1,1249.28,49.731,155812,3,1.07836
9,2,1493.04,49.731,155812,4,1.07836
9,3,1705.64,49.731,155812,2,1.07836
9,4,1921.42,49.731,155812,4,1.07836
9,5,2061.08,49.731,155812,4,1.07836
9,6,2139.34,49.731,155812,3,1.07836
9,7,2340.12,49.731,155812,4,1.07836
9,8,2528.59,49.731,155812,3,1.07836
9,9,2633,49.731,155812,3,1.07836
9,1,130.587,88.62,659439,2,1.07836
9,2,817.402,88.62,659439,2,1.07836
9,3,1303.5,88.62,659439,2,1.07836
9,4,1430.78,88.62,659439,2,1.07836
9,5,1501.67,88.62,659439,6,1.07836
9,6,1799.4,88.62,659439,3,1.07836
9,7,2001.89,88.62,659439,4,1.07836
9,8,2476.91,88.62,659439,3,1.07836
9,9,2987.71,88.62,659439,6,1.07836
9,1,318.398,48.682,165150,2,1.07836
9,2,1443.79,48.682,165150,3,1.07836
9,3,1536.16,48.682,165150,4,1.07836
9,4,1962.55,48.682,165150,4,1.07836
9,5,2002.88,48.682,165150,3,1.07836
9,6,2027.79,48.682,165150,3,1.07836
9,7,2442.52,48.682,165150,4,1.07836
9,8,2495.84,48.682,165150,4,1.07836
9,9,2819.22,48.682,165150,4,1.07836
9,1,302.536,61.189,377646,2,1.07836
9,2,1731.82,61.189,377646,3,1.07836
9,3,1866.59,61.189,377646,2,1.07836
9,4,1981.38,61.189,377646,3,1.07836
9,5,1990,61.189,377646,2,1.07836
9,6,2082.34,61.189,377646,3,1.07836
9,7,2512.11,61.189,377646,2,1.07836
9,8,2577.25,61.189,377646,3,1.07836
9,9,3094.1,61.189,377646,6,1.07836
9,1,1546.77,91.656,641442,5,1.07836
9,2,1706.46,91.656,641442,2,1.07836
9,3,2118.01,91.656,641442,4,1.07836
9,4,2437.53,91.656,641442,5,1.07836
9,5,2481.9,91.656,641442,5,1.07836
9,6,2642.75,91.656,641442,5,1.07836
9,7,2805.74,91.656,641442,4,1.07836
9,8,3013.79,91.656,641442,5,1.07836
9,9,3437.22,91.656,641442,6,1.07836
9,1,469.946,99.566,619272,2,1.07836
9,2,889.209,99.566,619272,2,1.07836
9,3,1130.12,99.566,619272,3,1.07836
9,4,1887.07,99.566,619272,3,1.07836
9,5,3049.5,99.566,619272,4,1.07836
9,6,3094.15,99.566,619272,3,1.07836
9,7,3164.1,99.566,619272,3,1.07836
9,8,3570.9,99.566,619272,4,1.07836
9,9,3711.73,99.566,619272,4,1.07836
9,1,2199.13,101.894,784837,3,1.07836
9,2,2383.42,101.894,784837,3,1.07836
9,3,2779.23,101.894,784837,3,1.07836
9,4,3408.91,101.894,784837,5,1.07836
9,5,3411.47,101.894,784837,4,1.07836
9,6,3715.39,101.894,784837,4,1.07836
9,7,3814.65,101.894,784837,3,1.07836
9,8,4050.96,101.894,784837,4,1.07836
9,9,4192.06,101.894,784837,7,1.07836
9,1,739.888,98.105,876821,2,1.07836
9,2,1391.7,98.105,876821,2,1.07836
9,3,1396.02,98.105,876821,2,1.07836
9,4,1771.3,98.105,876821,4,1.07836
9,5,1789.46,98.105,876821,3,1.07836
9,6,2056.27,98.105,876821,5,1.07836
9,7,2939.73,98.105,876821,4,1.07836
9,8,3366.24,98.105,876821,4,1.07836
9,9,3893.2,98.105,876821,5,1.07836
9,1,1206.55,90.686,387121,3,1.07836
9,2,1912.43,90.686,387121,4,1.07836
9,3,2206.02,90.686,387121,4,1.07836
9,4,2265.69,90.686,387121,5,1.07836
9,5,2415.14,90.686,387121,4,1.07836
9,6,2720.86,90.686,387121,3,1.07836
9,7,2872.06,90.686,387121,5,1.07836
9,8,3602.42,90.686,387121,3,1.07836
9,9,3633.63,90.686,387121,3,1.07836
9,1,287.404,92.665,267610,2,1.07836
9,2,408.718,92.665,267610,2,1.07836
9,3,1365.42,92.665,267610,3,1.07836
9,4,1667.07,92.665,267610,2,1.07836
9,5,2029,92.665,267610,4,1.07836
9,6,2078.08,92.665,267610,4,1.07836
9,7,2551.89,92.665,267610,3,1.07836
9,8,2961.76,92.665,267610,2,1.07836
9,9,3304.56,92.665,267610,8,1.07836
9,1,282.144,87.934,633706,2,1.07836
9,2,990.818,87.934,633706,2,1.07836
9,3,1668.12,87.934,633706,2,1.07836
9,4,1819.09,87.934,633706,3,1.07836
9,5,2303.56,87.934,633706,2,1.07836
9,6,2346.54,87.934,633706,3,1.07836
9,7,2412.54,87.934,633706,3,1.07836
9,8,2909.94,87.934,633706,2,1.07836
9,9,2996.3,87.934,633706,6,1.07836
9,1,322.256,50.631,294428,2,1.07836
9,2,618.68,50.631,294428,2,1.07836
9,3,863.69,50.631,294428,2,1.07836
9,4,1177.82,50.631,294428,3,1.07836
9,5,1947.79,50.631,294428,5,1.07836
9,6,2184.91,50.631,294428,3,1.07836
9,7,2227.8,50.631,294428,4,1.07836
9,8,2319.66,50.631,294428,4,1.07836
9,9,2490.41,50.631,294428,4,1.07836
9,1,2597.68,84.06,619542,4,1.07836
9,2,2641.03,84.06,619542,2,1.07836
9,3,2664.43,84.06,619542,2,1.07836
9,4,2737.86,84.06,619542,5,1.07836
9,5,2742.4,84.06,619542,5,1.07836
9,6,2866.05,84.06,619542,4,1.07836
9,7,2869.3,84.06,619542,4,1.07836
9,8,2987.42,84.06,619542,3,1.07836
9,9,3008.29,84.06,619542,3,1.07836
9,1,642.578,76.973,426142,2,1.07836
9,2,1408.54,76.973,426142,2,1.07836
9,3,2163.65,76.973,426142,3,1.07836
9,4,2352.85,76.973,426142,4,1.07836
9,5,2766.87,76.973,426142,4,1.07836
9,6,2841.65,76.973,426142,5,1.07836
9,7,2861.26,76.973,426142,5,1.07836
9,8,2974.34,76.973,426142,4,1.07836
9,9,3128.84,76.973,426142,4,1.07836
9,1,433.706,109.146,1.27108e+06,2,1.07836
9,2,1300.44,109.146,1.27108e+06,3,1.07836
9,3,1529.94,109.146,1.27108e+06,2,1.07836
9,4,2270.31,109.146,1.27108e+06,3,1.07836
9,5,2430.26,109.146,1.27108e+06,5,1.07836
9,6,3488.66,109.146,1.27108e+06,3,1.07836
9,7,3550.87,109.146,1.27108e+06,3,1.07836
9,8,4557.25,109.146,1.27108e+06,5,1.07836
9,9,5039.34,109.146,1.27108e+06,5,1.07836
9,1,1085.29,74.108,335907,2,1.07836
9,2,2087.32,74.108,335907,3,1.07836
9,3,2612.51,74.108,335907,2,1.07836
9,4,2990.59,74.108,335907,4,1.07836
9,5,2995.75,74.108,335907,4,1.07836
9,6,3099.04,74.108,335907,2,1.07836
9,7,3490.39,74.108,335907,3,1.07836
9,8,3602.84,74.108,335907,4,1.07836
9,9,3616.5,74.108,335907,5,1.07836
9,1,1225.78,86.824,253889,2,1.07836
9,2,1443.4,86.824,253889,2,1.07836
9,3,2387.21,86.824,253889,3,1.07836
9,4,2436.52,86.824,253889,2,1.07836
9,5,2667.04,86.824,253889,4,1.07836
9,6,2707.38,86.824,253889,4,1.07836
9,7,3232.88,86.824,253889,2,1.07836
9,8,3499.06,86.824,253889,4,1.07836
9,9,3499.83,86.824,253889,4,1.07836
9,1,605.06,85.234,539106,2,1.07836
9,2,875.399,85.234,539106,3,1.07836
9,3,1695.17,85.234,539106,3,1.07836
9,4,2867.64,85.234,539106,5,1.07836
9,5,2945.01,85.234,539106,5,1.07836
9,6,3018.59,85.234,539106,5,1.07836
9,7,3126.42,85.234,539106,4,1.07836
9,8,3395.51,85.234,539106,5,1.07836
9,9,3551.15,85.234,539106,3,1.07836
9,1,2261.4,132.22,874321,4,1.07836
9,2,2760.45,132.22,874321,3,1.07836
9,3,3175.6,132.22,874321,5,1.07836
9,4,3248.93,132.22,874321,4,1.07836
9,5,3285.87,132.22,874321,3,1.07836
9,6,3293.9,132.22,874321,7,1.07836
9,7,3394.16,132.22,874321,5,1.07836
9,8,3578.74,132.22,874321,3,1.07836
9,9,3583.95,132.22,874321,4,1.07836
9,1,2539.09,92.304,644964,3,1.07836
9,2,2839.08,92.304,644964,4,1.07836
9,3,3098.43,92.304,644964,5,1.07836
9,4,3299.19,92.304,644964,7,1.07836
9,5,3564.87,92.304,644964,3,1.07836
9,6,3767.58,92.304,644964,4,1.07836
9,7,3793.66,92.304,644964,5,1.07836
9,8,3947.1,92.304,644964,4,1.07836
9,9,4131.94,92.304,644964,4,1.07836
9,1,818.704,113.535,454097,2,1.07836
9,2,1519.09,113.535,454097,3,1.07836
9,3,1959.36,113.535,454097,3,1.07836
9,4,2333.54,113.535,454097,3,1.07836
9,5,2447.47,113.535,454097,4,1.07836
9,6,2633.02,113.535,454097,4,1.07836
9,7,3074.21,113.535,454097,4,1.07836
9,8,3451.24,113.535,454097,2,1.07836
9,9,3499.05,113.535,454097,3,1.07836
9,1,538.499,75.655,361227,2,1.07836
9,2,1300.11,75.655,361227,3,1.07836
9,3,1562.82,75.655,361227,3,1.07836
9,4,1756.75,75.655,361227,2,1.07836
9,5,2334.4,75.655,361227,2,1.07836
9,6,2348.4,75.655,361227,4,1.07836
9,7,2772.21,75.655,361227,3,1.07836
9,8,2820.78,75.655,361227,3,1.07836
9,9,3596.15,75.655,361227,2,1.07836
9,1,676.731,34.411,130897,2,1.07836
9,2,730.398,34.411,130897,3,1.07836
9,3,1247.86,34.411,130897,3,1.07836
9,4,1829.31,34.411,130897,3,1.07836
9,5,1883.2,34.411,130897,4,1.07836
9,6,2181.56,34.411,130897,4,1.07836
9,7,2441.25,34.411,130897,3,1.07836
9,8,2550.94,34.411,130897,4,1.07836
9,9,2555.15,34.411,130897,5,1.07836
9,1,545.202,96.531,582413,2,1.07836
9,2,1074.23,96.531,582413,2,1.07836
9,3,1462.67,96.531,582413,2,1.07836
9,4,1847.42,96.531,582413,2,1.07836
9,5,2210.59,96.531,582413,4,1.07836
9,6,2353.57,96.531,582413,5,1.07836
9,7,2849.69,96.531,582413,4,1.07836
9,8,3339.43,96.531,582413,3,1.07836
9,9,3387.67,96.531,582413,5,1.07836
9,1,884.096,116.506,988560,2,1.07836
9,2,1845.45,116.506,988560,3,1.07836
9,3,2207.02,116.506,988560,3,1.07836
9,4,3294.69,116.506,988560,3,1.07836
9,5,3620.17,116.506,988560,5,1.07836
9,6,3693.04,116.506,988560,5,1.07836
9,7,3787.4,116.506,988560,4,1.07836
9,8,4231.57,116.506,988560,5,1.07836
9,9,4297.87,116.506,988560,5,1.07836
9,1,441.891,39.444,262708,2,1.07836
9,2,650.975,39.444,262708,2,1.07836
9,3,956.521,39.444,262708,2,1.07836
9,4,1015.72,39.444,262708,2,1.07836
9,5,1922.18,39.444,262708,3,1.07836
9,6,2040.61,39.444,262708,3,1.07836
9,7,2324.63,39.444,262708,3,1.07836
9,8,2376.44,39.444,262708,3,1.07836
9,9,2572.47,39.444,262708,2,1.07836
9,1,427.516,71.281,512218,2,1.07836
9,2,604.253,71.281,512218,2,1.07836
9,3,2086.59,71.281,512218,3,1.07836
9,4,2472.61,71.281,512218,4,1.07836
9,5,2724.69,71.281,512218,4,1.07836
9,6,3413.96,71.281,512218,5,1.07836
9,7,3548.8,71.281,512218,5,1.07836
9,8,3562.13,71.281,512218,6,1.07836
9,9,3658.9,71.281,512218,4,1.07836
9,1,729.79,95.894,484109,2,1.07836
9,2,1394.95,95.894,484109,3,1.07836
9,3,1702.63,95.894,484109,2,1.07836
9,4,1948.33,95.894,484109,5,1.07836
9,5,3414.51,95.894,484109,2,1.07836
9,6,3462.37,95.894,484109,5,1.07836
9,7,3664.73,95.894,484109,6,1.07836
9,8,3665.72,95.894,484109,5,1.07836
9,9,3816.74,95.894,484109,5,1.07836
9,1,983.911,113.066,1.07153e+06,2,1.07836
9,2,1020.06,113.066,1.07153e+06,2,1.07836
9,3,1755.85,113.066,1.07153e+06,3,1.07836
9,4,2001.43,113.066,1.07153e+06,4,1.07836
9,5,2401.67,113.066,1.07153e+06,4,1.07836
9,6,3021.29,113.066,1.07153e+06,5,1.07836
9,7,3325.02,113.066,1.07153e+06,4,1.07836
9,8,3405.76,113.066,1.07153e+06,4,1.07836
9,9,3760.09,113.066,1.07153e+06,4,1.07836
9,1,1615.93,126.688,710050,2,1.07836
9,2,1642.24,126.688,710050,5,1.07836
9,3,3163.35,126.688,710050,6,1.07836
9,4,3629.04,126.688,710050,3,1.07836
9,5,5033.71,126.688,710050,4,1.07836
9,6,5229.95,126.688,710050,4,1.07836
9,7,5580.01,126.688,710050,7,1.07836
9,8,5731.89,126.688,710050,4,1.07836
9,9,5780.67,126.688,710050,5,1.07836
9,1,899.514,62.135,660617,2,1.07836
9,2,1766.91,62.135,660617,3,1.07836
9,3,2289.48,62.135,660617,4,1.07836
9,4,2465.64,62.135,660617,3,1.07836
9,5,2537.39,62.135,660617,3,1.07836
9,6,2625.92,62.135,660617,4,1.07836
9,7,2924.28,62.135,660617,3,1.07836
9,8,2995.7,62.135,660617,8,1.07836
9,9,3103.58,62.135,660617,4,1.07836
9,1,494.291,69.668,311849,2,1.07836
9,2,1770.2,69.668,311849,3,1.07836
9,3,2225.3,69.668,311849,3,1.07836
9,4,2460.97,69.668,311849,7,1.07836
9,5,2471.84,69.668,311849,7,1.07836
9,6,2764.42,69.668,311849,7,1.07836
9,7,3304.82,69.668,311849,4,1.07836
9,8,3546.03,69.668,311849,4,1.07836
9,9,3720.85,69.668,311849,4,1.07836
9,1,724.258,131.909,719626,2,1.07836
9,2,1570.1,131.909,719626,5,1.07836
9,3,3730.93,131.909,719626,5,1.07836
9,4,3866.87,131.909,719626,5,1.07836
9,5,3901.99,131.909,719626,5,1.07836
9,6,4003.34,131.909,719626,7,1.07836
9,7,4010.68,131.909,719626,5,1.07836
9,8,4125.5,131.909,719626,6,1.07836
9,9,4844.66,131.909,719626,8,1.07836
9,1,844.822,81.297,263835,2,1.07836
9,2,1323.45,81.297,263835,2,1.07836
9,3,2564.87,81.297,263835,3,1.07836
9,4,2636.58,81.297,263835,3,1.07836
9,5,3208.89,81.297,263835,2,1.07836
9,6,3337.64,81.297,263835,4,1.07836
9,7,3624.63,81.297,263835,2,1.07836
9,8,3839.93,81.297,263835,4,1.07836
9,9,3860.04,81.297,263835,6,1.07836
9,1,413.731,123.076,308516,2,1.07836
9,2,809.294,123.076,308516,2,1.07836
9,3,1231.2,123.076,308516,2,1.07836
9,4,1376.8,123.076,308516,2,1.07836
9,5,2423.11,123.076,308516,4,1.07836
9,6,2586.62,123.076,308516,3,1.07836
9,7,2780.31,123.076,308516,5,1.07836
9,8,3055.36,123.076,308516,4,1.07836
9,9,3133.1,123.076,308516,4,1.07836
9,1,752.17,67.264,564446,2,1.07836
9,2,1099.94,67.264,564446,3,1.07836
9,3,1390.17,67.264,564446,2,1.07836
9,4,1698.51,67.264,564446,4,1.07836
9,5,1902.65,67.264,564446,3,1.07836
9,6,2334.23,67.264,564446,3,1.07836
9,7,2395.53,67.264,564446,6,1.07836
9,8,2797.83,67.264,564446,5,1.07836
9,9,3106.04,67.264,564446,3,1.07836
9,1,501.368,72.302,350100,3,1.07836
9,2,1384.85,72.302,350100,6,1.07836
9,3,2566.14,72.302,350100,4,1.07836
9,4,2612.4,72.302,350100,3,1.07836
9,5,2742.55,72.302,350100,4,1.07836
9,6,2828.29,72.302,350100,3,1.07836
9,7,2922.85,72.302,350100,5,1.07836
9,8,3095.3,72.302,350100,5,1.07836
9,9,3342.2,72.302,350100,8,1.07836
9,1,672.164,84.472,293766,2,1.07836
9,2,988.393,84.472,293766,3,1.07836
9,3,1718.3,84.472,293766,3,1.07836
9,4,2250.28,84.472,293766,3,1.07836
9,5,2475.17,84.472,293766,4,1.07836
9,6,3008.33,84.472,293766,5,1.07836
9,7,3072.27,84.472,293766,5,1.07836
9,8,3148.03,84.472,293766,5,1.07836
9,9,3239.15,84.472,293766,4,1.07836
9,1,256.345,46.256,217046,2,1.07836
9,2,575.759,46.256,217046,2,1.07836
9,3,1099.58,46.256,217046,2,1.07836
9,4,1862.82,46.256,217046,4,1.07836
9,5,2060.68,46.256,217046,3,1.07836
9,6,2334.69,46.256,217046,4,1.07836
9,7,2471.87,46.256,217046,4,1.07836
9,8,2538.74,46.256,217046,4,1.07836
9,9,2613.16,46.256,217046,3,1.07836
9,1,250.585,52.522,504614,2,1.07836
9,2,536.68,52.522,504614,2,1.07836
9,3,738.394,52.522,504614,2,1.07836
9,4,1147.32,52.522,504614,2,1.07836
9,5,1572.06,52.522,504614,2,1.07836
9,6,1612.37,52.522,504614,3,1.07836
9,7,1849.26,52.522,504614,2,1.07836
9,8,2008.17,52.522,504614,2,1.07836
9,9,2191.5,52.522,504614,3,1.07836
9,1,333.594,44.819,186673,2,1.07836
9,2,1041.15,44.819,186673,2,1.07836
9,3,1506.71,44.819,186673,2,1.07836
9,4,1612.84,44.819,186673,2,1.07836
9,5,1649.5,44.819,186673,2,1.07836
9,6,1726.72,44.819,186673,4,1.07836
9,7,1999.46,44.819,186673,2,1.07836
9,8,2051.45,44.819,186673,2,1.07836
9,9,2356.83,44.819,186673,4,1.07836
9,1,1878.78,93.915,652874,2,1.07836
9,2,2838.86,93.915,652874,4,1.07836
9,3,2865.66,93.915,652874,5,1.07836
9,4,3044.07,93.915,652874,5,1.07836
9,5,3268.34,93.915,652874,3,1.07836
9,6,3332.09,93.915,652874,4,1.07836
9,7,3332.99,93.915,652874,3,1.07836
9,8,3526.59,93.915,652874,5,1.07836
9,9,4019.58,93.915,652874,4,1.07836
9,1,559.559,44.79,329286,2,1.07836
9,2,583.031,44.79,329286,2,1.07836
9,3,772.425,44.79,329286,2,1.07836
9,4,1395.13,44.79,329286,2,1.07836
9,5,1467.43,44.79,329286,2,1.07836
9,6,1609.48,44.79,329286,2,1.07836
9,7,2140.82,44.79,329286,3,1.07836
9,8,2236.94,44.79,329286,2,1.07836
9,9,2573.21,44.79,329286,3,1.07836
9,1,743.377,105.811,673019,2,1.07836
9,2,1080.36,105.811,673019,3,1.07836
9,3,1666.47,105.811,673019,2,1.07836
9,4,2266.02,105.811,673019,4,1.07836
9,5,2362.03,105.811,673019,4,1.07836
9,6,2935.21,105.811,673019,5,1.07836
9,7,3403.36,105.811,673019,6,1.07836
9,8,3806.93,105.811,673019,5,1.07836
9,9,3940.87,105.811,673019,5,1.07836
9,1,1484.08,108.962,588192,3,1.07836
9,2,1575.12,108.962,588192,3,1.07836
9,3,2856.64,108.962,588192,4,1.07836
9,4,3110.03,108.962,588192,3,1.07836
9,5,3162.21,108.962,588192,4,1.07836
9,6,3934.16,108.962,588192,5,1.07836
9,7,4010.26,108.962,588192,3,1.07836
9,8,4254.28,108.962,588192,5,1.07836
9,9,4352.93,108.962,588192,4,1.07836
9,1,844.855,88.235,1.08215e+06,2,1.07836
9,2,1293.11,88.235,1.08215e+06,6,1.07836
9,3,1810.02,88.235,1.08215e+06,5,1.07836
9,4,1842.4,88.235,1.08215e+06,4,1.07836
9,5,2097.53,88.235,1.08215e+06,5,1.07836
9,6,2364.19,88.235,1.08215e+06,2,1.07836
9,7,2367.91,88.235,1.08215e+06,4,1.07836
9,8,2376.16,88.235,1.08215e+06,5,1.07836
9,9,3173.39,88.235,1.08215e+06,5,1.07836
9,1,997.317,163.157,2.08326e+06,3,1.07836
9,2,1130.16,163.157,2.08326e+06,3,1.07836
9,3,1492.32,163.157,2.08326e+06,4,1.07836
9,4,1742.68,163.157,2.08326e+06,3,1.07836
9,5,1992.97,163.157,2.08326e+06,6,1.07836
9,6,2155.55,163.157,2.08326e+06,5,1.07836
9,7,3282.53,163.157,2.08326e+06,6,1.07836
9,8,3590.23,163.157,2.08326e+06,4,1.07836
9,9,4120.39,163.157,2.08326e+06,6,1.07836
9,1,755.029,47.261,238802,2,1.07836
9,2,826.918,47.261,238802,2,1.07836
9,3,1020.64,47.261,238802,2,1.07836
9,4,1075.57,47.261,238802,5,1.07836
9,5,1377.78,47.261,238802,2,1.07836
9,6,1610.01,47.261,238802,2,1.07836
9,7,2084.03,47.261,238802,4,1.07836
9,8,2332.93,47.261,238802,4,1.07836
9,9,2520.41,47.261,238802,4,1.07836
9,1,1003.74,60.343,201939,2,1.07836
9,2,1239.28,60.343,201939,2,1.07836
9,3,1502.62,60.343,201939,3,1.07836
9,4,1601.25,60.343,201939,5,1.07836
9,5,1648.94,60.343,201939,3,1.07836
9,6,2436.58,60.343,201939,2,1.07836
9,7,2605.33,60.343,201939,4,1.07836
9,8,3150.23,60.343,201939,4,1.07836
9,9,3294.59,60.343,201939,5,1.07836
9,1,116.619,76.66,489193,2,1.07836
9,2,1239.03,76.66,489193,2,1.07836
9,3,2886.55,76.66,489193,4,1.07836
9,4,2974.8,76.66,489193,4,1.07836
9,5,2977.29,76.66,489193,3,1.07836
9,6,3230,76.66,489193,3,1.07836
9,7,3285.03,76.66,489193,3,1.07836
9,8,3379.53,76.66,489193,4,1.07836
9,9,3443.99,76.66,489193,3,1.07836
9,1,395.942,71.158,298647,2,1.07836
9,2,790.728,71.158,298647,2,1.07836
9,3,895.466,71.158,298647,2,1.07836
9,4,914.624,71.158,298647,2,1.07836
9,5,1269.34,71.158,298647,2,1.07836
9,6,2192.77,71.158,298647,2,1.07836
9,7,2546.36,71.158,298647,6,1.07836
9,8,2677.13,71.158,298647,6,1.07836
9,9,2822.17,71.158,298647,3,1.07836
9,1,752.054,70.519,611329,2,1.07836
9,2,767.151,70.519,611329,2,1.07836
9,3,1224.61,70.519,611329,3,1.07836
9,4,2283.9,70.519,611329,6,1.07836
9,5,2575.73,70.519,611329,6,1.07836
9,6,2730.41,70.519,611329,3,1.07836
9,7,3087.09,70.519,611329,8,1.07836
9,8,3176.46,70.519,611329,3,1.07836
9,9,3291.64,70.519,611329,5,1.07836
9,1,506.282,40.318,190150,2,1.07836
9,2,1062.24,40.318,190150,3,1.07836
9,3,1196.71,40.318,190150,2,1.07836
9,4,1267.38,40.318,190150,2,1.07836
9,5,1349.26,40.318,190150,2,1.07836
9,6,1427.02,40.318,190150,3,1.07836
9,7,1578.46,40.318,190150,5,1.07836
9,8,1692.37,40.318,190150,3,1.07836
9,9,2229.28,40.318,190150,2,1.07836
9,1,1235.23,112.714,1.0688e+06,2,1.07836
9,2,2273.07,112.714,1.0688e+06,3,1.07836
9,3,2382.18,112.714,1.0688e+06,4,1.07836
9,4,2589.54,112.714,1.0688e+06,4,1.07836
9,5,2682.97,112.714,1.0688e+06,4,1.07836
9,6,2971.61,112.714,1.0688e+06,4,1.07836
9,7,3165.59,112.714,1.0688e+06,5,1.07836
9,8,3185.15,112.714,1.0688e+06,3,1.07836
9,9,3537.04,112.714,1.0688e+06,3,1.07836
9,1,1091.15,88.976,509545,3,1.07836
9,2,1512.06,88.976,509545,3,1.07836
9,3,1662.58,88.976,509545,5,1.07836
9,4,2152.98,88.976,509545,3,1.07836
9,5,2271.8,88.976,509545,4,1.07836
9,6,2849.81,88.976,509545,4,1.07836
9,7,2930.29,88.976,509545,5,1.07836
9,8,3524.96,88.976,509545,6,1.07836
9,9,3634.03,88.976,509545,4,1.07836
9,1,1545.54,60.206,298824,3,1.07836
9,2,1979.16,60.206,298824,3,1.07836
9,3,2518.64,60.206,298824,5,1.07836
9,4,2760.37,60.206,298824,2,1.07836
9,5,2766.42,60.206,298824,2,1.07836
9,6,2799.71,60.206,298824,2,1.07836
9,7,3096.14,60.206,298824,3,1.07836
9,8,3158.05,60.206,298824,4,1.07836
9,9,3191.8,60.206,298824,5,1.07836
9,1,233.944,54.09,314959,2,1.07836
9,2,1712.34,54.09,314959,2,1.07836
9,3,2685.31,54.09,314959,2,1.07836
9,4,3624.08,54.09,314959,3,1.07836
9,5,3696.34,54.09,314959,2,1.07836
9,6,3811.87,54.09,314959,2,1.07836
9,7,4181.22,54.09,314959,2,1.07836
9,8,4361.48,54.09,314959,2,1.07836
9,9,4368.32,54.09,314959,3,1.07836
9,1,890.692,82.175,193691,2,1.07836
9,2,1209.7,82.175,193691,3,1.07836
9,3,1444.67,82.175,193691,2,1.07836
9,4,1999.94,82.175,193691,2,1.07836
9,5,2070.07,82.175,193691,3,1.07836
9,6,2912.15,82.175,193691,3,1.07836
9,7,2936.43,82.175,193691,3,1.07836
9,8,3389.14,82.175,193691,2,1.07836
9,9,3640.01,82.175,193691,2,1.07836
9,1,2100.28,91.774,745059,2,1.07836
9,2,2145.14,91.774,745059,4,1.07836
9,3,2288.31,91.774,745059,3,1.07836
9,4,2701.96,91.774,745059,3,1.07836
9,5,2796.21,91.774,745059,4,1.07836
9,6,2819.62,91.774,745059,4,1.07836
9,7,3076.57,91.774,745059,6,1.07836
9,8,3359.6,91.774,745059,4,1.07836
9,9,3390.19,91.774,745059,3,1.07836
9,1,1045.89,63.53,411035,2,1.07836
9,2,1186.83,63.53,411035,2,1.07836
9,3,1395.4,63.53,411035,2,1.07836
9,4,1424.2,63.53,411035,2,1.07836
9,5,1539.42,63.53,411035,2,1.07836
9,6,1775.42,63.53,411035,2,1.07836
9,7,1851.03,63.53,411035,2,1.07836
9,8,2280.36,63.53,411035,4,1.07836
9,9,2930.64,63.53,411035,4,1.07836
9,1,2150.05,123.99,541282,2,1.07836
9,2,2871.87,123.99,541282,3,1.07836
9,3,2923.21,123.99,541282,2,1.07836
9,4,3839.63,123.99,541282,3,1.07836
9,5,4186.53,123.99,541282,6,1.07836
9,6,4968.93,123.99,541282,3,1.07836
9,7,5001.77,123.99,541282,3,1.07836
9,8,5670.26,123.99,541282,8,1.07836
9,9,5708.83,123.99,541282,6,1.07836
9,1,395.88,58.427,302243,2,1.07836
9,2,588.77,58.427,302243,3,1.07836
9,3,1034.71,58.427,302243,2,1.07836
9,4,1083.69,58.427,302243,3,1.07836
9,5,1346.79,58.427,302243,4,1.07836
9,6,2089.92,58.427,302243,4,1.07836
9,7,2790.25,58.427,302243,5,1.07836
9,8,3137.46,58.427,302243,4,1.07836
9,9,3230.81,58.427,302243,3,1.07836
9,1,2746.31,222.638,2.39261e+06,4,1.07836
9,2,3097.45,222.638,2.39261e+06,4,1.07836
9,3,3714.1,222.638,2.39261e+06,4,1.07836
9,4,3867.97,222.638,2.39261e+06,8,1.07836
9,5,4116.95,222.638,2.39261e+06,8,1.07836
9,6,4217.19,222.638,2.39261e+06,5,1.07836
9,7,4610.06,222.638,2.39261e+06,3,1.07836
9,8,4688.65,222.638,2.39261e+06,4,1.07836
9,9,4884.38,222.638,2.39261e+06,4,1.07836
9,1,294.267,60.867,199988,2,1.07836
9,2,581.538,60.867,199988,2,1.07836
9,3,1814.21,60.867,199988,2,1.07836
9,4,2187.8,60.867,199988,2,1.07836
9,5,2528.44,60.867,199988,4,1.07836
9,6,2829.56,60.867,199988,3,1.07836
9,7,2894.48,60.867,199988,5,1.07836
9,8,3105.28,60.867,199988,4,1.07836
9,9,3197.96,60.867,199988,2,1.07836
9,1,1952.69,94.677,400950,2,1.07836
9,2,2219.96,94.677,400950,3,1.07836
9,3,2420.01,94.677,400950,4,1.07836
9,4,2450.07,94.677,400950,3,1.07836
9,5,2631.34,94.677,400950,3,1.07836
9,6,3181.2,94.677,400950,4,1.07836
9,7,3273.02,94.677,400950,2,1.07836
9,8,3530.72,94.677,400950,4,1.07836
9,9,3876.59,94.677,400950,5,1.07836
9,1,527.213,27.023,59195.4,2,1.07836
9,2,528.626,27.023,59195.4,2,1.07836
9,3,757.244,27.023,59195.4,2,1.07836
9,4,819.378,27.023,59195.4,2,1.07836
9,5,1036.93,27.023,59195.4,2,1.07836
9,6,1588.1,27.023,59195.4,2,1.07836
9,7,1650.24,27.023,59195.4,2,1.07836
9,8,2349.37,27.023,59195.4,2,1.07836
9,9,2651.17,27.023,59195.4,2,1.07836
9,1,847.485,59.996,578386,3,1.07836
9,2,1252.89,59.996,578386,3,1.07836
9,3,2268.86,59.996,578386,3,1.07836
9,4,2456.82,59.996,578386,4,1.07836
9,5,2934.23,59.996,578386,6,1.07836
9,6,3366.85,59.996,578386,5,1.07836
9,7,3786.54,59.996,578386,5,1.07836
9,8,3848.71,59.996,578386,7,1.07836
9,9,3885.54,59.996,578386,7,1.07836
9,1,698.644,102.578,603620,2,1.07836
9,2,1099.85,102.578,603620,2,1.07836
9,3,1704.35,102.578,603620,2,1.07836
9,4,2219.28,102.578,603620,4,1.07836
9,5,2864.45,102.578,603620,4,1.07836
9,6,3054.02,102.578,603620,4,1.07836
9,7,3096.27,102.578,603620,4,1.07836
9,8,3176.16,102.578,603620,3,1.07836
9,9,3266.69,102.578,603620,4,1.07836
9,1,627.917,60.869,247980,2,1.07836
9,2,807.002,60.869,247980,2,1.07836
9,3,1241.11,60.869,247980,2,1.07836
9,4,1247.23,60.869,247980,2,1.07836
9,5,1597.49,60.869,247980,3,1.07836
9,6,2075.25,60.869,247980,4,1.07836
9,7,2117.22,60.869,247980,4,1.07836
9,8,2138.42,60.869,247980,3,1.07836
9,9,2278.32,60.869,247980,3,1.07836
9,1,1566.53,122.661,1.15396e+06,3,1.07836
9,2,1651.13,122.661,1.15396e+06,3,1.07836
9,3,2333.16,122.661,1.15396e+06,2,1.07836
9,4,2991.77,122.661,1.15396e+06,4,1.07836
9,5,3411.97,122.661,1.15396e+06,3,1.07836
9,6,3443.92,122.661,1.15396e+06,3,1.07836
9,7,3474.25,122.661,1.15396e+06,4,1.07836
9,8,3814.65,122.661,1.15396e+06,6,1.07836
9,9,4365.5,122.661,1.15396e+06,4,1.07836
9,1,1948.53,76.837,318200,4,1.07836
9,2,2210.27,76.837,318200,2,1.07836
9,3,2222.53,76.837,318200,7,1.07836
9,4,2733.01,76.837,318200,4,1.07836
9,5,2741.12,76.837,318200,2,1.07836
9,6,2816.07,76.837,318200,5,1.07836
9,7,2972.61,76.837,318200,6,1.07836
9,8,3073.08,76.837,318200,7,1.07836
9,9,3279.09,76.837,318200,7,1.07836
9,1,1504.5,72.097,610557,2,1.07836
9,2,2223.83,72.097,610557,3,1.07836
9,3,2374.97,72.097,610557,3,1.07836
9,4,2557.5,72.097,610557,2,1.07836
9,5,2767.59,72.097,610557,3,1.07836
9,6,2820.39,72.097,610557,4,1.07836
9,7,2974.37,72.097,610557,3,1.07836
9,8,3259.74,72.097,610557,3,1.07836
9,9,3369.97,72.097,610557,3,1.07836
9,1,695.647,58.104,341755,2,1.07836
9,2,1552.07,58.104,341755,2,1.07836
9,3,1739.39,58.104,341755,3,1.07836
9,4,2034.18,58.104,341755,4,1.07836
9,5,2205.14,58.104,341755,4,1.07836
9,6,2555.99,58.104,341755,6,1.07836
9,7,2593.53,58.104,341755,4,1.07836
9,8,2597.67,58.104,341755,3,1.07836
9,9,2860.06,58.104,341755,5,1.07836
9,1,938.168,112.142,733115,3,1.07836
9,2,950.925,112.142,733115,2,1.07836
9,3,1352.86,112.142,733115,3,1.07836
9,4,1924.07,112.142,733115,5,1.07836
9,5,2440.85,112.142,733115,5,1.07836
9,6,2778.14,112.142,733115,5,1.07836
9,7,2836.79,112.142,733115,6,1.07836
9,8,3402.27,112.142,733115,4,1.07836
9,9,3513.19,112.142,733115,5,1.07836
9,1,1333.12,66.565,404089,3,1.07836
9,2,2058.55,66.565,404089,3,1.07836
9,3,2430.71,66.565,404089,6,1.07836
9,4,2454.19,66.565,404089,3,1.07836
9,5,2979.05,66.565,404089,9,1.07836
9,6,3080.46,66.565,404089,3,1.07836
9,7,3222.99,66.565,404089,7,1.07836
9,8,3263.29,66.565,404089,4,1.07836
9,9,3311.71,66.565,404089,4,1.07836
9,1,375.84,85.421,401875,2,1.07836
9,2,804.748,85.421,401875,2,1.07836
9,3,1876.9,85.421,401875,2,1.07836
9,4,1893.96,85.421,401875,6,1.07836
9,5,2299.67,85.421,401875,9,1.07836
9,6,2381.67,85.421,401875,8,1.07836
9,7,2684.67,85.421,401875,3,1.07836
9,8,2696.7,85.421,401875,3,1.07836
9,9,2698.69,85.421,401875,2,1.07836
9,1,825.354,106.861,756391,2,1.07836
9,2,1542.31,106.861,756391,2,1.07836
9,3,1745.41,106.861,756391,4,1.07836
9,4,1962.74,106.861,756391,5,1.07836
9,5,2160.84,106.861,756391,6,1.07836
9,6,2381.26,106.861,756391,5,1.07836
9,7,2433.39,106.861,756391,5,1.07836
9,8,2563.34,106.861,756391,5,1.07836
9,9,2837.65,106.861,756391,3,1.07836
9,1,1279.2,36.818,348738,2,1.07836
9,2,1447.68,36.818,348738,2,1.07836
9,3,1468.29,36.818,348738,2,1.07836
9,4,1470.63,36.818,348738,2,1.07836
9,5,1573.58,36.818,348738,2,1.07836
9,6,1969.92,36.818,348738,3,1.07836
9,7,2005.26,36.818,348738,2,1.07836
9,8,2240.78,36.818,348738,2,1.07836
9,9,2366.96,36.818,348738,2,1.07836
9,1,1219.44,76.881,522031,3,1.07836
9,2,1582.36,76.881,522031,3,1.07836
9,3,2584.17,76.881,522031,6,1.07836
9,4,3027.66,76.881,522031,4,1.07836
9,5,3107.44,76.881,522031,4,1.07836
9,6,3129.34,76.881,522031,6,1.07836
9,7,3245.15,76.881,522031,5,1.07836
9,8,3432.67,76.881,522031,6,1.07836
9,9,3861.24,76.881,522031,4,1.07836
9,1,619.013,52.818,207921,2,1.07836
9,2,971.137,52.818,207921,2,1.07836
9,3,1455.8,52.818,207921,2,1.07836
9,4,1894.69,52.818,207921,5,1.07836
9,5,1967.72,52.818,207921,5,1.07836
9,6,2281.86,52.818,207921,4,1.07836
9,7,2376.69,52.818,207921,4,1.07836
9,8,2553.84,52.818,207921,3,1.07836
9,9,2679.55,52.818,207921,5,1.07836
9,1,1353.46,58.41,286899,2,1.07836
9,2,2251.1,58.41,286899,3,1.07836
9,3,2262.65,58.41,286899,2,1.07836
9,4,2710.15,58.41,286899,3,1.07836
9,5,2890.24,58.41,286899,6,1.07836
9,6,3038.21,58.41,286899,6,1.07836
9,7,3058.83,58.41,286899,4,1.07836
9,8,3203.8,58.41,286899,3,1.07836
9,9,3331.16,58.41,286899,4,1.07836
9,1,1023.12,93.777,339759,3,1.07836
9,2,1378.97,93.777,339759,2,1.07836
9,3,2335.34,93.777,339759,3,1.07836
9,4,2641.74,93.777,339759,3,1.07836
9,5,2725.51,93.777,339759,3,1.07836
9,6,2773.77,93.777,339759,3,1.07836
9,7,3073.17,93.777,339759,6,1.07836
9,8,3289.93,93.777,339759,5,1.07836
9,9,3412.57,93.777,339759,8,1.07836
9,1,1098.82,124.92,810587,2,1.07836
9,2,1626.45,124.92,810587,4,1.07836
9,3,2172.24,124.92,810587,3,1.07836
9,4,2311.17,124.92,810587,6,1.07836
9,5,2447.88,124.92,810587,6,1.07836
9,6,2501.99,124.92,810587,3,1.07836
9,7,3030.76,124.92,810587,6,1.07836
9,8,3455.63,124.92,810587,7,1.07836
9,9,3811.45,124.92,810587,5,1.07836
9,1,823.534,48.703,287092,3,1.07836
9,2,1216.55,48.703,287092,3,1.07836
9,3,1629.36,48.703,287092,3,1.07836
9,4,2176.3,48.703,287092,3,1.07836
9,5,2318.47,48.703,287092,2,1.07836
9,6,2521.77,48.703,287092,3,1.07836
9,7,2670.75,48.703,287092,3,1.07836
9,8,2790.36,48.703,287092,7,1.07836
9,9,2865.82,48.703,287092,3,1.07836
9,1,1131.17,74.881,258120,3,1.07836
9,2,1377.31,74.881,258120,2,1.07836
9,3,1545.32,74.881,258120,3,1.07836
9,4,2061.44,74.881,258120,3,1.07836
9,5,2163.95,74.881,258120,3,1.07836
9,6,2199.91,74.881,258120,5,1.07836
9,7,2454.47,74.881,258120,4,1.07836
9,8,3281.33,74.881,258120,5,1.07836
9,9,3406.66,74.881,258120,4,1.07836
9,1,566.365,44.905,162437,2,1.07836
9,2,670.649,44.905,162437,2,1.07836
9,3,1682.93,44.905,162437,3,1.07836
9,4,1726.5,44.905,162437,3,1.07836
9,5,1858.78,44.905,162437,3,1.07836
9,6,1890.54,44.905,162437,4,1.07836
9,7,2014.67,44.905,162437,3,1.07836
9,8,2232.35,44.905,162437,4,1.07836
9,9,2615.47,44.905,162437,4,1.07836
9,1,159.289,53.311,318606,2,1.07836
9,2,577.821,53.311,318606,2,1.07836
9,3,1077.54,53.311,318606,4,1.07836
9,4,1718.31,53.311,318606,2,1.07836
9,5,2296.17,53.311,318606,7,1.07836
9,6,2511.05,53.311,318606,5,1.07836
9,7,2566.04,53.311,318606,2,1.07836
9,8,2720.46,53.311,318606,2,1.07836
9,9,2854.23,53.311,318606,5,1.07836
9,1,561.258,76.971,646884,2,1.07836
9,2,609.397,76.971,646884,2,1.07836
9,3,1904.63,76.971,646884,3,1.07836
9,4,2040.84,76.971,646884,3,1.07836
9,5,3143.54,76.971,646884,5,1.07836
9,6,3170.2,76.971,646884,5,1.07836
9,7,3474.12,76.971,646884,3,1.07836
9,8,3541.29,76.971,646884,4,1.07836
9,9,3610.36,76.971,646884,4,1.07836
9,1,507.359,23.981,189019,2,1.07836
9,2,841.736,23.981,189019,2,1.07836
9,3,1266.08,23.981,189019,2,1.07836
9,4,1524.59,23.981,189019,2,1.07836
9,5,1587.5,23.981,189019,2,1.07836
9,6,1637.36,23.981,189019,2,1.07836
9,7,1916.93,23.981,189019,3,1.07836
9,8,2175.28,23.981,189019,2,1.07836
9,9,2204.35,23.981,189019,2,1.07836
9,1,389.625,152.462,931772,2,1.07836
9,2,2747.71,152.462,931772,5,1.07836
9,3,2915.94,152.462,931772,3,1.07836
9,4,2960.17,152.462,931772,4,1.07836
9,5,3525.74,152.462,931772,7,1.07836
9,6,4532.07,152.462,931772,4,1.07836
9,7,4594.66,152.462,931772,7,1.07836
9,8,4597.59,152.462,931772,6,1.07836
9,9,4665.69,152.462,931772,7,1.07836
9,1,550.527,66.234,381285,2,1.07836
9,2,1602.88,66.234,381285,2,1.07836
9,3,1701.82,66.234,381285,2,1.07836
9,4,1859.09,66.234,381285,3,1.07836
9,5,1941.07,66.234,381285,3,1.07836
9,6,3065.81,66.234,381285,4,1.07836
9,7,3105.32,66.234,381285,4,1.07836
9,8,3118.29,66.234,381285,5,1.07836
9,9,3170.5,66.234,381285,5,1.07836
9,1,260.64,82.167,409678,2,1.07836
9,2,531.117,82.167,409678,2,1.07836
9,3,1082.03,82.167,409678,5,1.07836
9,4,1860.06,82.167,409678,3,1.07836
9,5,2371.59,82.167,409678,5,1.07836
9,6,2517.17,82.167,409678,3,1.07836
9,7,2592.24,82.167,409678,4,1.07836
9,8,2839.82,82.167,409678,3,1.07836
9,9,3103.47,82.167,409678,4,1.07836
9,1,1267.61,89.497,667142,3,1.07836
9,2,1539.43,89.497,667142,3,1.07836
9,3,1853,89.497,667142,3,1.07836
9,4,2193.82,89.497,667142,7,1.07836
9,5,2235.59,89.497,667142,5,1.07836
9,6,2412.89,89.497,667142,4,1.07836
9,7,2661.39,89.497,667142,5,1.07836
9,8,2975.29,89.497,667142,5,1.07836
9,9,3344.88,89.497,667142,5,1.07836
9,1,1212.85,85.917,449198,3,1.07836
9,2,1716.33,85.917,449198,3,1.07836
9,3,1818.76,85.917,449198,4,1.07836
9,4,2824.34,85.917,449198,3,1.07836
9,5,2983.91,85.917,449198,4,1.07836
9,6,3228.5,85.917,449198,3,1.07836
9,7,3390.14,85.917,449198,3,1.07836
9,8,3609.21,85.917,449198,2,1.07836
9,9,3707.6,85.917,449198,3,1.07836
9,1,249.57,35.933,181640,2,1.07836
9,2,440.71,35.933,181640,2,1.07836
9,3,1186.3,35.933,181640,2,1.07836
9,4,1341.45,35.933,181640,3,1.07836
9,5,1454.45,35.933,181640,3,1.07836
9,6,1763.29,35.933,181640,3,1.07836
9,7,2193.39,35.933,181640,3,1.07836
9,8,2254.83,35.933,181640,3,1.07836
9,9,2272.15,35.933,181640,4,1.07836
9,1,1404.91,93.761,698329,3,1.07836
9,2,1447.35,93.761,698329,3,1.07836
9,3,2736.69,93.761,698329,4,1.07836
9,4,2799.32,93.761,698329,3,1.07836
9,5,3496.71,93.761,698329,2,1.07836
9,6,3544.57,93.761,698329,5,1.07836
9,7,3631.39,93.761,698329,3,1.07836
9,8,3696.39,93.761,698329,4,1.07836
9,9,3871.58,93.761,698329,6,1.07836
9,1,1011.33,71.124,235764,2,1.07836
9,2,1194.17,71.124,235764,4,1.07836
9,3,1199.15,71.124,235764,4,1.07836
9,4,1290.63,71.124,235764,4,1.07836
9,5,2475.91,71.124,235764,5,1.07836
9,6,2680.26,71.124,235764,3,1.07836
9,7,2745.23,71.124,235764,3,1.07836
9,8,2887.59,71.124,235764,4,1.07836
9,9,2952.49,71.124,235764,5,1.07836
9,1,399.401,46.774,253695,2,1.07836
9,2,1240.99,46.774,253695,2,1.07836
9,3,1715.22,46.774,253695,2,1.07836
9,4,1748,46.774,253695,4,1.07836
9,5,2502.09,46.774,253695,2,1.07836
9,6,2676.81,46.774,253695,4,1.07836
9,7,2802.52,46.774,253695,4,1.07836
9,8,2994.87,46.774,253695,5,1.07836
9,9,3046.55,46.774,253695,4,1.07836
9,1,55.0091,35.327,240441,2,1.07836
9,2,572.357,35.327,240441,2,1.07836
9,3,746.644,35.327,240441,2,1.07836
9,4,1122.56,35.327,240441,2,1.07836
9,5,1987.71,35.327,240441,2,1.07836
9,6,2000.45,35.327,240441,3,1.07836
9,7,2044.25,35.327,240441,2,1.07836
9,8,2383.51,35.327,240441,3,1.07836
9,9,2704.2,35.327,240441,4,1.07836
9,1,1121.98,82.43,595096,4,1.07836
9,2,1401.95,82.43,595096,3,1.07836
9,3,1874.31,82.43,595096,2,1.07836
9,4,2525.06,82.43,595096,4,1.07836
9,5,2678.73,82.43,595096,4,1.07836
9,6,2825.8,82.43,595096,4,1.07836
9,7,2840.77,82.43,595096,6,1.07836
9,8,2936.84,82.43,595096,8,1.07836
9,9,2980.45,82.43,595096,4,1.07836
9,1,951.225,38.08,130194,4,1.07836
9,2,1619.82,38.08,130194,4,1.07836
9,3,1702.5,38.08,130194,3,1.07836
9,4,1786.65,38.08,130194,4,1.07836
9,5,1919.92,38.08,130194,4,1.07836
9,6,2318.17,38.08,130194,5,1.07836
9,7,2407.25,38.08,130194,3,1.07836
9,8,2576.89,38.08,130194,4,1.07836
9,9,2759.39,38.08,130194,5,1.07836
9,1,917.606,56.815,319898,2,1.07836
9,2,987.77,56.815,319898,2,1.07836
9,3,1890.17,56.815,319898,2,1.07836
9,4,1982.24,56.815,319898,3,1.07836
9,5,2584.09,56.815,319898,4,1.07836
9,6,2596.97,56.815,319898,3,1.07836
9,7,2757.31,56.815,319898,3,1.07836
9,8,3159,56.815,319898,3,1.07836
9,9,3208.25,56.815,319898,2,1.07836
9,1,94.0851,92.885,567227,2,1.07836
9,2,805.318,92.885,567227,3,1.07836
9,3,1824.09,92.885,567227,3,1.07836
9,4,2139.42,92.885,567227,3,1.07836
9,5,2199.36,92.885,567227,3,1.07836
9,6,2347.3,92.885,567227,6,1.07836
9,7,2934.98,92.885,567227,4,1.07836
9,8,3492.07,92.885,567227,4,1.07836
9,9,3665.5,92.885,567227,3,1.07836
9,1,523.567,51.755,247413,2,1.07836
9,2,1006.41,51.755,247413,2,1.07836
9,3,1167.6,51.755,247413,2,1.07836
9,4,1318.15,51.755,247413,2,1.07836
9,5,2177.04,51.755,247413,5,1.07836
9,6,2503.65,51.755,247413,4,1.07836
9,7,2564.69,51.755,247413,3,1.07836
9,8,2761.73,51.755,247413,5,1.07836
9,9,2933.25,51.755,247413,7,1.07836
9,1,723.273,63.949,174417,2,1.07836
9,2,994.457,63.949,174417,3,1.07836
9,3,1790.1,63.949,174417,5,1.07836
9,4,1950.55,63.949,174417,3,1.07836
9,5,2348.65,63.949,174417,3,1.07836
9,6,3075.03,63.949,174417,3,1.07836
9,7,3083.78,63.949,174417,4,1.07836
9,8,3088.18,63.949,174417,5,1.07836
9,9,3303.55,63.949,174417,3,1.07836
9,1,649.594,162.72,655556,2,1.07836
9,2,974.616,162.72,655556,2,1.07836
9,3,2440.13,162.72,655556,5,1.07836
9,4,2459.31,162.72,655556,4,1.07836
9,5,2753.38,162.72,655556,4,1.07836
9,6,2818.69,162.72,655556,6,1.07836
9,7,2838.51,162.72,655556,5,1.07836
9,8,3498.62,162.72,655556,4,1.07836
9,9,3960.91,162.72,655556,2,1.07836
9,1,1244.96,90.314,685170,2,1.07836
9,2,1481.28,90.314,685170,2,1.07836
9,3,2307.52,90.314,685170,3,1.07836
9,4,2738.25,90.314,685170,4,1.07836
9,5,3078.55,90.314,685170,5,1.07836
9,6,3137.61,90.314,685170,4,1.07836
9,7,3317.17,90.314,685170,3,1.07836
9,8,3392.24,90.314,685170,5,1.07836
9,9,3501.17,90.314,685170,6,1.07836
9,1,486.199,57.588,153728,2,1.07836
9,2,1076.37,57.588,153728,2,1.07836
9,3,2352.81,57.588,153728,4,1.07836
9,4,2480.73,57.588,153728,2,1.07836
9,5,2737.04,57.588,153728,2,1.07836
9,6,2913.62,57.588,153728,3,1.07836
9,7,3082.78,57.588,153728,4,1.07836
9,8,3538.98,57.588,153728,4,1.07836
9,9,3580.87,57.588,153728,3,1.07836
9,1,175.935,47.343,244510,2,1.07836
9,2,961.689,47.343,244510,2,1.07836
9,3,1023.81,47.343,244510,2,1.07836
9,4,1185.56,47.343,244510,2,1.07836
9,5,1444.62,47.343,244510,2,1.07836
9,6,2289.77,47.343,244510,3,1.07836
9,7,2893.66,47.343,244510,3,1.07836
9,8,2903.88,47.343,244510,3,1.07836
9,9,3039.45,47.343,244510,5,1.07836
9,1,979.027,234.793,1.16033e+06,3,1.07836
9,2,1026.75,234.793,1.16033e+06,2,1.07836
9,3,1215.66,234.793,1.16033e+06,2,1.07836
9,4,2156.7,234.793,1.16033e+06,2,1.07836
9,5,2234.88,234.793,1.16033e+06,6,1.07836
9,6,2826.17,234.793,1.16033e+06,8,1.07836
9,7,3449.75,234.793,1.16033e+06,4,1.07836
9,8,3602.05,234.793,1.16033e+06,6,1.07836
9,9,3703.14,234.793,1.16033e+06,3,1.07836
9,1,981.453,35.065,95605.2,2,1.07836
9,2,1375.49,35.065,95605.2,2,1.07836
9,3,1794.86,35.065,95605.2,3,1.07836
9,4,1823.56,35.065,95605.2,3,1.07836
9,5,1897.82,35.065,95605.2,4,1.07836
9,6,2088.55,35.065,95605.2,3,1.07836
9,7,2135.2,35.065,95605.2,3,1.07836
9,8,2293.58,35.065,95605.2,4,1.07836
9,9,2351.29,35.065,95605.2,4,1.07836
9,1,1157.66,132.427,872863,2,1.07836
9,2,1484.63,132.427,872863,4,1.07836
9,3,1973.94,132.427,872863,2,1.07836
9,4,2204.02,132.427,872863,3,1.07836
9,5,2421.35,132.427,872863,3,1.07836
9,6,2785.2,132.427,872863,6,1.07836
9,7,3358.92,132.427,872863,4,1.07836
9,8,3400.7,132.427,872863,5,1.07836
9,9,3970.63,132.427,872863,3,1.07836
9,1,318.308,93.603,580841,2,1.07836
9,2,930.011,93.603,580841,3,1.07836
9,3,2273.73,93.603,580841,4,1.07836
9,4,2675.93,93.603,580841,3,1.07836
9,5,3190.46,93.603,580841,3,1.07836
9,6,3195.98,93.603,580841,5,1.07836
9,7,3378.84,93.603,580841,4,1.07836
9,8,3483.22,93.603,580841,5,1.07836
9,9,3906,93.603,580841,5,1.07836
9,1,225.471,43.695,427364,2,1.07836
9,2,313.806,43.695,427364,2,1.07836
9,3,1282.92,43.695,427364,3,1.07836
9,4,1526.21,43.695,427364,2,1.07836
9,5,1531.75,43.695,427364,2,1.07836
9,6,1943.82,43.695,427364,3,1.07836
9,7,2238.77,43.695,427364,2,1.07836
9,8,2280.94,43.695,427364,3,1.07836
9,9,2825.64,43.695,427364,4,1.07836
9,1,1905.68,66.266,415513,3,1.07836
9,2,2140.2,66.266,415513,3,1.07836
9,3,2173.28,66.266,415513,4,1.07836
9,4,2238.09,66.266,415513,3,1.07836
9,5,2278.8,66.266,415513,3,1.07836
9,6,2290.58,66.266,415513,4,1.07836
9,7,2699.45,66.266,415513,4,1.07836
9,8,3268.84,66.266,415513,4,1.07836
9,9,3321.08,66.266,415513,4,1.07836
9,1,898.841,123.178,762360,3,1.07836
9,2,1137.81,123.178,762360,2,1.07836
9,3,1506,123.178,762360,2,1.07836
9,4,1908.19,123.178,762360,2,1.07836
9,5,2758.96,123.178,762360,7,1.07836
9,6,3597.65,123.178,762360,3,1.07836
9,7,3743.01,123.178,762360,5,1.07836
9,8,3819.36,123.178,762360,5,1.07836
9,9,3869.1,123.178,762360,4,1.07836
9,1,426.38,44.196,174534,2,1.07836
9,2,1540.37,44.196,174534,4,1.07836
9,3,2085.62,44.196,174534,3,1.07836
9,4,2128.3,44.196,174534,3,1.07836
9,5,2178.01,44.196,174534,2,1.07836
9,6,2214.7,44.196,174534,2,1.07836
9,7,2271.94,44.196,174534,3,1.07836
9,8,2775.66,44.196,174534,2,1.07836
9,9,2937.53,44.196,174534,6,1.07836
9,1,913.226,112.386,607561,2,1.07836
9,2,1700.76,112.386,607561,2,1.07836
9,3,1989.27,112.386,607561,3,1.07836
9,4,2018.89,112.386,607561,2,1.07836
9,5,2152.6,112.386,607561,3,1.07836
9,6,2349.04,112.386,607561,3,1.07836
9,7,2487.17,112.386,607561,5,1.07836
9,8,3312.59,112.386,607561,6,1.07836
9,9,3419.71,112.386,607561,6,1.07836
