K,order,dist,cost_ki,cost_edbt,vnum,density
10,1,323.883,92.006,617591,2,1.07686
10,2,1002.8,92.006,617591,3,1.07686
10,3,1976.87,92.006,617591,3,1.07686
10,4,2029.41,92.006,617591,4,1.07686
10,5,2121.65,92.006,617591,4,1.07686
10,6,2139.73,92.006,617591,3,1.07686
10,7,2149.43,92.006,617591,3,1.07686
10,8,2291.69,92.006,617591,4,1.07686
10,9,2369.16,92.006,617591,7,1.07686
10,10,2612.79,92.006,617591,4,1.07686
10,1,612.612,120.359,1.52315e+06,2,1.07686
10,2,1177.81,120.359,1.52315e+06,3,1.07686
10,3,1210.16,120.359,1.52315e+06,2,1.07686
10,4,1830.72,120.359,1.52315e+06,3,1.07686
10,5,1836.98,120.359,1.52315e+06,2,1.07686
10,6,1864.86,120.359,1.52315e+06,2,1.07686
10,7,2063.64,120.359,1.52315e+06,3,1.07686
10,8,2656.84,120.359,1.52315e+06,2,1.07686
10,9,2997.77,120.359,1.52315e+06,4,1.07686
10,10,3132.88,120.359,1.52315e+06,5,1.07686
10,1,1017.23,56.843,259907,2,1.07686
10,2,1048.84,56.843,259907,3,1.07686
10,3,1153.32,56.843,259907,2,1.07686
10,4,1158.25,56.843,259907,2,1.07686
10,5,1291.27,56.843,259907,2,1.07686
10,6,1563.74,56.843,259907,4,1.07686
10,7,1758.02,56.843,259907,3,1.07686
10,8,2083.04,56.843,259907,3,1.07686
10,9,2118,56.843,259907,3,1.07686
10,10,2150.57,56.843,259907,4,1.07686
10,1,281.128,145.622,1.31166e+06,2,1.07686
10,2,721.094,145.622,1.31166e+06,2,1.07686
10,3,1539.86,145.622,1.31166e+06,5,1.07686
10,4,1982.9,145.622,1.31166e+06,4,1.07686
10,5,2213.32,145.622,1.31166e+06,3,1.07686
10,6,2411.89,145.622,1.31166e+06,5,1.07686
10,7,2557.14,145.622,1.31166e+06,4,1.07686
10,8,2595.95,145.622,1.31166e+06,3,1.07686
10,9,2652.35,145.622,1.31166e+06,6,1.07686
10,10,2765.39,145.622,1.31166e+06,6,1.07686
10,1,895.777,138.403,936368,3,1.07686
10,2,1234.28,138.403,936368,3,1.07686
10,3,1750.88,138.403,936368,4,1.07686
10,4,1808.62,138.403,936368,4,1.07686
10,5,2317.36,138.403,936368,4,1.07686
10,6,2884.4,138.403,936368,4,1.07686
10,7,2978.47,138.403,936368,6,1.07686
10,8,3091.19,138.403,936368,4,1.07686
10,9,3455.38,138.403,936368,5,1.07686
10,10,3929.9,138.403,936368,5,1.07686
10,1,840.444,96.258,597879,3,1.07686
10,2,1168.48,96.258,597879,2,1.07686
10,3,1759.2,96.258,597879,2,1.07686
10,4,1780.13,96.258,597879,4,1.07686
10,5,1831.44,96.258,597879,5,1.07686
10,6,1920.8,96.258,597879,4,1.07686
10,7,2127.97,96.258,597879,5,1.07686
10,8,2174.12,96.258,597879,2,1.07686
10,9,2596.74,96.258,597879,4,1.07686
10,10,2923.82,96.258,597879,5,1.07686
10,1,845.315,95.68,1.4251e+06,2,1.07686
10,2,1951.86,95.68,1.4251e+06,3,1.07686
10,3,2448.97,95.68,1.4251e+06,4,1.07686
10,4,2581.62,95.68,1.4251e+06,4,1.07686
10,5,2583.3,95.68,1.4251e+06,3,1.07686
10,6,2672.07,95.68,1.4251e+06,4,1.07686
10,7,2844.39,95.68,1.4251e+06,3,1.07686
10,8,2975.03,95.68,1.4251e+06,4,1.07686
10,9,3070.83,95.68,1.4251e+06,3,1.07686
10,10,3109.98,95.68,1.4251e+06,4,1.07686
10,1,189.402,46.291,123690,2,1.07686
10,2,881.555,46.291,123690,2,1.07686
10,3,984.297,46.291,123690,2,1.07686
10,4,2025.4,46.291,123690,3,1.07686
10,5,2049.71,46.291,123690,4,1.07686
10,6,2084.41,46.291,123690,4,1.07686
10,7,2195.99,46.291,123690,2,1.07686
10,8,2300.92,46.291,123690,4,1.07686
10,9,2313.64,46.291,123690,5,1.07686
10,10,2413.52,46.291,123690,4,1.07686
10,1,1398.02,70.025,232719,3,1.07686
10,2,1798.61,70.025,232719,2,1.07686
10,3,1931.24,70.025,232719,7,1.07686
10,4,1994.79,70.025,232719,3,1.07686
10,5,2039.88,70.025,232719,4,1.07686
10,6,2144.18,70.025,232719,5,1.07686
10,7,2156.71,70.025,232719,4,1.07686
10,8,2267.62,70.025,232719,4,1.07686
10,9,2427.53,70.025,232719,5,1.07686
10,10,2536.25,70.025,232719,5,1.07686
10,1,913.302,63.932,300636,2,1.07686
10,2,1032.15,63.932,300636,2,1.07686
10,3,1111.62,63.932,300636,2,1.07686
10,4,1486.24,63.932,300636,4,1.07686
10,5,1490.89,63.932,300636,4,1.07686
10,6,1491.38,63.932,300636,3,1.07686
10,7,1578,63.932,300636,4,1.07686
10,8,1612.03,63.932,300636,5,1.07686
10,9,1649.09,63.932,300636,5,1.07686
10,10,1661.01,63.932,300636,5,1.07686
10,1,1032.23,90.444,315883,2,1.07686
10,2,1517.16,90.444,315883,3,1.07686
10,3,1526.79,90.444,315883,2,1.07686
10,4,1692.01,90.444,315883,2,1.07686
10,5,1731.79,90.444,315883,3,1.07686
10,6,1967.91,90.444,315883,2,1.07686
10,7,2071.02,90.444,315883,3,1.07686
10,8,2150.62,90.444,315883,2,1.07686
10,9,2786.1,90.444,315883,3,1.07686
10,10,2830.13,90.444,315883,5,1.07686
10,1,615.796,63.298,312830,4,1.07686
10,2,1176.2,63.298,312830,2,1.07686
10,3,1208.44,63.298,312830,2,1.07686
10,4,1725.59,63.298,312830,4,1.07686
10,5,1804.44,63.298,312830,4,1.07686
10,6,1893.44,63.298,312830,4,1.07686
10,7,1943.59,63.298,312830,3,1.07686
10,8,2323.88,63.298,312830,3,1.07686
10,9,2439.09,63.298,312830,5,1.07686
10,10,2543.43,63.298,312830,4,1.07686
10,1,926.873,78.676,1.05945e+06,3,1.07686
10,2,1258.32,78.676,1.05945e+06,6,1.07686
10,3,1535.74,78.676,1.05945e+06,4,1.07686
10,4,1603.41,78.676,1.05945e+06,5,1.07686
10,5,1609.24,78.676,1.05945e+06,7,1.07686
10,6,1670.1,78.676,1.05945e+06,3,1.07686
10,7,1749.72,78.676,1.05945e+06,4,1.07686
10,8,1756.63,78.676,1.05945e+06,2,1.07686
10,9,2081.07,78.676,1.05945e+06,4,1.07686
10,10,2114.02,78.676,1.05945e+06,3,1.07686
10,1,734.636,76.833,632220,2,1.07686
10,2,1429.89,76.833,632220,4,1.07686
10,3,1679.02,76.833,632220,3,1.07686
10,4,1682.81,76.833,632220,4,1.07686
10,5,1948.85,76.833,632220,2,1.07686
10,6,2159.15,76.833,632220,3,1.07686
10,7,2259.18,76.833,632220,3,1.07686
10,8,2408.15,76.833,632220,4,1.07686
10,9,2444.37,76.833,632220,7,1.07686
10,10,2597.18,76.833,632220,4,1.07686
10,1,1377.68,53.181,303094,3,1.07686
10,2,1489.62,53.181,303094,3,1.07686
10,3,1997.14,53.181,303094,4,1.07686
10,4,2010.03,53.181,303094,6,1.07686
10,5,2041.17,53.181,303094,4,1.07686
10,6,2054.49,53.181,303094,3,1.07686
10,7,2070.65,53.181,303094,3,1.07686
10,8,2262.22,53.181,303094,4,1.07686
10,9,2302.43,53.181,303094,3,1.07686
10,10,2339.79,53.181,303094,4,1.07686
10,1,781.246,175.991,496799,2,1.07686
10,2,1189.38,175.991,496799,2,1.07686
10,3,1915.87,175.991,496799,3,1.07686
10,4,2036.93,175.991,496799,7,1.07686
10,5,2175.76,175.991,496799,2,1.07686
10,6,2733.33,175.991,496799,4,1.07686
10,7,2749.78,175.991,496799,7,1.07686
10,8,2975.65,175.991,496799,6,1.07686
10,9,2976.29,175.991,496799,4,1.07686
10,10,2998.62,175.991,496799,4,1.07686
10,1,686.222,84.275,415557,2,1.07686
10,2,1114.83,84.275,415557,2,1.07686
10,3,2172.39,84.275,415557,5,1.07686
10,4,2288.61,84.275,415557,6,1.07686
10,5,2386.93,84.275,415557,7,1.07686
10,6,2458.3,84.275,415557,2,1.07686
10,7,2476.94,84.275,415557,3,1.07686
10,8,2489.83,84.275,415557,6,1.07686
10,9,2538.82,84.275,415557,4,1.07686
10,10,2577.71,84.275,415557,5,1.07686
10,1,303.872,47.473,316356,2,1.07686
10,2,424.537,47.473,316356,2,1.07686
10,3,537.651,47.473,316356,2,1.07686
10,4,1583.85,47.473,316356,2,1.07686
10,5,1830.23,47.473,316356,2,1.07686
10,6,1905.3,47.473,316356,2,1.07686
10,7,2107.47,47.473,316356,6,1.07686
10,8,2255.97,47.473,316356,5,1.07686
10,9,2461.84,47.473,316356,2,1.07686
10,10,2600.82,47.473,316356,2,1.07686
10,1,517.488,76.353,383015,2,1.07686
10,2,794.161,76.353,383015,2,1.07686
10,3,1849.41,76.353,383015,4,1.07686
10,4,1862.2,76.353,383015,3,1.07686
10,5,2044.71,76.353,383015,3,1.07686
10,6,2066.98,76.353,383015,5,1.07686
10,7,2255.62,76.353,383015,5,1.07686
10,8,2286.35,76.353,383015,5,1.07686
10,9,2294.61,76.353,383015,4,1.07686
10,10,2382.13,76.353,383015,4,1.07686
10,1,364.774,139.797,912313,2,1.07686
10,2,1080.78,139.797,912313,2,1.07686
10,3,2146.74,139.797,912313,3,1.07686
10,4,2256.53,139.797,912313,2,1.07686
10,5,2728.53,139.797,912313,3,1.07686
10,6,2816,139.797,912313,2,1.07686
10,7,2874.27,139.797,912313,4,1.07686
10,8,3008.17,139.797,912313,3,1.07686
10,9,3357.31,139.797,912313,7,1.07686
10,10,3471.78,139.797,912313,5,1.07686
10,1,1287.78,112.308,374587,3,1.07686
10,2,1478.87,112.308,374587,3,1.07686
10,3,1479.18,112.308,374587,2,1.07686
10,4,1654.64,112.308,374587,3,1.07686
10,5,2149.46,112.308,374587,5,1.07686
10,6,2405.97,112.308,374587,5,1.07686
10,7,2427.78,112.308,374587,3,1.07686
10,8,2559.22,112.308,374587,4,1.07686
10,9,2619.89,112.308,374587,2,1.07686
10,10,2697.43,112.308,374587,5,1.07686
10,1,1135.1,74.325,668018,3,1.07686
10,2,1223.99,74.325,668018,3,1.07686
10,3,1514.46,74.325,668018,2,1.07686
10,4,1758.11,74.325,668018,2,1.07686
10,5,2011.58,74.325,668018,4,1.07686
10,6,2090.09,74.325,668018,3,1.07686
10,7,2230.37,74.325,668018,4,1.07686
10,8,2328.54,74.325,668018,4,1.07686
10,9,2524.04,74.325,668018,5,1.07686
10,10,2636.31,74.325,668018,5,1.07686
10,1,508.193,96.381,1.0495e+06,2,1.07686
10,2,1241.04,96.381,1.0495e+06,4,1.07686
10,3,1375.78,96.381,1.0495e+06,2,1.07686
10,4,1550.22,96.381,1.0495e+06,2,1.07686
10,5,1791.3,96.381,1.0495e+06,3,1.07686
10,6,1797.1,96.381,1.0495e+06,3,1.07686
10,7,2446.94,96.381,1.0495e+06,5,1.07686
10,8,2462.98,96.381,1.0495e+06,4,1.07686
10,9,2702.82,96.381,1.0495e+06,5,1.07686
10,10,2759.93,96.381,1.0495e+06,4,1.07686
10,1,1181.96,175.663,3.09919e+06,2,1.07686
10,2,2353.44,175.663,3.09919e+06,4,1.07686
10,3,2545.43,175.663,3.09919e+06,4,1.07686
10,4,2742.11,175.663,3.09919e+06,5,1.07686
10,5,3084.21,175.663,3.09919e+06,4,1.07686
10,6,3223.98,175.663,3.09919e+06,4,1.07686
10,7,3320.89,175.663,3.09919e+06,7,1.07686
10,8,3332.99,175.663,3.09919e+06,5,1.07686
10,9,3340.1,175.663,3.09919e+06,5,1.07686
10,10,3345.06,175.663,3.09919e+06,5,1.07686
10,1,763.771,97.801,1.14508e+06,2,1.07686
10,2,1172.3,97.801,1.14508e+06,2,1.07686
10,3,1703.94,97.801,1.14508e+06,2,1.07686
10,4,1863.42,97.801,1.14508e+06,5,1.07686
10,5,2167.64,97.801,1.14508e+06,3,1.07686
10,6,2381.73,97.801,1.14508e+06,4,1.07686
10,7,2528.71,97.801,1.14508e+06,3,1.07686
10,8,2977.93,97.801,1.14508e+06,4,1.07686
10,9,3097.65,97.801,1.14508e+06,4,1.07686
10,10,3201.31,97.801,1.14508e+06,3,1.07686
10,1,507.252,96.076,487381,2,1.07686
10,2,911.467,96.076,487381,3,1.07686
10,3,1610.37,96.076,487381,2,1.07686
10,4,1656.76,96.076,487381,2,1.07686
10,5,1820.29,96.076,487381,5,1.07686
10,6,1992.25,96.076,487381,4,1.07686
10,7,2449.58,96.076,487381,8,1.07686
10,8,2523.2,96.076,487381,4,1.07686
10,9,2939.82,96.076,487381,5,1.07686
10,10,2950.03,96.076,487381,8,1.07686
10,1,172.351,100.629,516485,2,1.07686
10,2,462.088,100.629,516485,2,1.07686
10,3,624.424,100.629,516485,2,1.07686
10,4,745.043,100.629,516485,2,1.07686
10,5,897.031,100.629,516485,2,1.07686
10,6,1596.52,100.629,516485,2,1.07686
10,7,1726.54,100.629,516485,2,1.07686
10,8,1772.66,100.629,516485,5,1.07686
10,9,1813.49,100.629,516485,2,1.07686
10,10,2270.13,100.629,516485,2,1.07686
10,1,163.294,75.195,1.59175e+06,2,1.07686
10,2,1102.18,75.195,1.59175e+06,2,1.07686
10,3,1185.02,75.195,1.59175e+06,2,1.07686
10,4,1396.63,75.195,1.59175e+06,4,1.07686
10,5,1757.01,75.195,1.59175e+06,4,1.07686
10,6,1949.72,75.195,1.59175e+06,2,1.07686
10,7,1987.06,75.195,1.59175e+06,3,1.07686
10,8,2011.88,75.195,1.59175e+06,2,1.07686
10,9,2145.36,75.195,1.59175e+06,3,1.07686
10,10,2149.21,75.195,1.59175e+06,5,1.07686
10,1,822.39,87.311,256612,2,1.07686
10,2,1141.03,87.311,256612,4,1.07686
10,3,1744.19,87.311,256612,3,1.07686
10,4,2009.45,87.311,256612,6,1.07686
10,5,2583.3,87.311,256612,6,1.07686
10,6,2639.48,87.311,256612,5,1.07686
10,7,2667.77,87.311,256612,4,1.07686
10,8,2817.38,87.311,256612,6,1.07686
10,9,2965.7,87.311,256612,6,1.07686
10,10,2974.55,87.311,256612,8,1.07686
10,1,336.535,88.86,481576,2,1.07686
10,2,814.288,88.86,481576,2,1.07686
10,3,1188.36,88.86,481576,2,1.07686
10,4,1333.03,88.86,481576,2,1.07686
10,5,1470.02,88.86,481576,3,1.07686
10,6,1705.26,88.86,481576,3,1.07686
10,7,2392.53,88.86,481576,3,1.07686
10,8,2405.13,88.86,481576,4,1.07686
10,9,2830.73,88.86,481576,4,1.07686
10,10,2837.52,88.86,481576,3,1.07686
10,1,392.227,76.665,284919,2,1.07686
10,2,762.502,76.665,284919,2,1.07686
10,3,1063.73,76.665,284919,2,1.07686
10,4,1080.32,76.665,284919,2,1.07686
10,5,1159.26,76.665,284919,2,1.07686
10,6,1235.73,76.665,284919,2,1.07686
10,7,1297.83,76.665,284919,2,1.07686
10,8,1419.8,76.665,284919,2,1.07686
10,9,2018.41,76.665,284919,3,1.07686
10,10,2328.9,76.665,284919,4,1.07686
10,1,465.489,115.441,773671,2,1.07686
10,2,1303.13,115.441,773671,3,1.07686
10,3,1347.19,115.441,773671,3,1.07686
10,4,1732.95,115.441,773671,3,1.07686
10,5,2106.28,115.441,773671,3,1.07686
10,6,2728.88,115.441,773671,6,1.07686
10,7,3237.14,115.441,773671,5,1.07686
10,8,3244.84,115.441,773671,5,1.07686
10,9,3300.1,115.441,773671,7,1.07686
10,10,3460.85,115.441,773671,4,1.07686
10,1,1036.77,67.121,243429,3,1.07686
10,2,1213.08,67.121,243429,3,1.07686
10,3,1411.23,67.121,243429,4,1.07686
10,4,1418.86,67.121,243429,4,1.07686
10,5,1586.72,67.121,243429,3,1.07686
10,6,1629.25,67.121,243429,3,1.07686
10,7,1768.95,67.121,243429,2,1.07686
10,8,1922.51,67.121,243429,4,1.07686
10,9,1949.06,67.121,243429,6,1.07686
10,10,2140.17,67.121,243429,3,1.07686
10,1,1075.42,120.119,917861,2,1.07686
10,2,1528.6,120.119,917861,5,1.07686
10,3,1658.81,120.119,917861,3,1.07686
10,4,1690.44,120.119,917861,6,1.07686
10,5,2241.67,120.119,917861,3,1.07686
10,6,2255.72,120.119,917861,4,1.07686
10,7,2360,120.119,917861,5,1.07686
10,8,2385.85,120.119,917861,3,1.07686
10,9,3371.02,120.119,917861,6,1.07686
10,10,3530.07,120.119,917861,3,1.07686
10,1,60.1332,100.989,273113,2,1.07686
10,2,484.737,100.989,273113,2,1.07686
10,3,1555.61,100.989,273113,2,1.07686
10,4,1569.27,100.989,273113,3,1.07686
10,5,1800.22,100.989,273113,4,1.07686
10,6,2001.86,100.989,273113,5,1.07686
10,7,2056.55,100.989,273113,5,1.07686
10,8,2098.23,100.989,273113,4,1.07686
10,9,2355.33,100.989,273113,3,1.07686
10,10,2520.35,100.989,273113,5,1.07686
10,1,1324.52,112.749,545907,3,1.07686
10,2,1681.84,112.749,545907,4,1.07686
10,3,1769,112.749,545907,4,1.07686
10,4,2200.82,112.749,545907,3,1.07686
10,5,2263.12,112.749,545907,3,1.07686
10,6,2298.7,112.749,545907,2,1.07686
10,7,2543.11,112.749,545907,4,1.07686
10,8,2556.21,112.749,545907,3,1.07686
10,9,2724.33,112.749,545907,6,1.07686
10,10,2998.3,112.749,545907,4,1.07686
10,1,1334.71,73.772,488978,5,1.07686
10,2,1441.72,73.772,488978,6,1.07686
10,3,1628.01,73.772,488978,6,1.07686
10,4,1630.64,73.772,488978,2,1.07686
10,5,1763.39,73.772,488978,5,1.07686
10,6,2237.68,73.772,488978,2,1.07686
10,7,2320.81,73.772,488978,3,1.07686
10,8,2330.01,73.772,488978,2,1.07686
10,9,2386.27,73.772,488978,3,1.07686
10,10,2392.95,73.772,488978,3,1.07686
10,1,529.439,91.059,539651,2,1.07686
10,2,868.47,91.059,539651,2,1.07686
10,3,2093.04,91.059,539651,5,1.07686
10,4,2137.97,91.059,539651,7,1.07686
10,5,2250.53,91.059,539651,4,1.07686
10,6,2742.93,91.059,539651,3,1.07686
10,7,2800.65,91.059,539651,3,1.07686
10,8,2939.92,91.059,539651,5,1.07686
10,9,3015.25,91.059,539651,3,1.07686
10,10,3152.72,91.059,539651,6,1.07686
10,1,738.314,61.847,113634,2,1.07686
10,2,1130.86,61.847,113634,3,1.07686
10,3,1354.76,61.847,113634,4,1.07686
10,4,1598.58,61.847,113634,4,1.07686
10,5,1747.73,61.847,113634,3,1.07686
10,6,2002.83,61.847,113634,5,1.07686
10,7,2094.4,61.847,113634,4,1.07686
10,8,2227,61.847,113634,3,1.07686
10,9,2249.25,61.847,113634,3,1.07686
10,10,2258.06,61.847,113634,4,1.07686
10,1,1489.69,71.899,467977,3,1.07686
10,2,1827.93,71.899,467977,4,1.07686
10,3,1928.51,71.899,467977,3,1.07686
10,4,2152.89,71.899,467977,5,1.07686
10,5,2202.67,71.899,467977,5,1.07686
10,6,2360.14,71.899,467977,5,1.07686
10,7,2516.43,71.899,467977,3,1.07686
10,8,2561.91,71.899,467977,3,1.07686
10,9,2623.44,71.899,467977,4,1.07686
10,10,2637.85,71.899,467977,6,1.07686
10,1,310.865,68.056,884490,2,1.07686
10,2,787.708,68.056,884490,3,1.07686
10,3,921.647,68.056,884490,2,1.07686
10,4,1212.31,68.056,884490,3,1.07686
10,5,1712.12,68.056,884490,4,1.07686
10,6,1818.52,68.056,884490,3,1.07686
10,7,2060.1,68.056,884490,4,1.07686
10,8,2079.51,68.056,884490,2,1.07686
10,9,2193.67,68.056,884490,2,1.07686
10,10,2247.55,68.056,884490,4,1.07686
10,1,875.824,85.773,439884,3,1.07686
10,2,1822.37,85.773,439884,3,1.07686
10,3,1946.23,85.773,439884,5,1.07686
10,4,2036.84,85.773,439884,5,1.07686
10,5,2127.94,85.773,439884,5,1.07686
10,6,2330.99,85.773,439884,3,1.07686
10,7,2538.05,85.773,439884,3,1.07686
10,8,2744.05,85.773,439884,5,1.07686
10,9,2780.4,85.773,439884,5,1.07686
10,10,2887.52,85.773,439884,2,1.07686
10,1,332.773,85.362,583781,2,1.07686
10,2,854.432,85.362,583781,4,1.07686
10,3,1235.25,85.362,583781,5,1.07686
10,4,1460.19,85.362,583781,4,1.07686
10,5,1785.45,85.362,583781,5,1.07686
10,6,2070.49,85.362,583781,3,1.07686
10,7,2230.99,85.362,583781,4,1.07686
10,8,2366.79,85.362,583781,5,1.07686
10,9,2412.31,85.362,583781,4,1.07686
10,10,2500.93,85.362,583781,5,1.07686
10,1,497.8,85.387,663501,2,1.07686
10,2,1081.6,85.387,663501,2,1.07686
10,3,1401.52,85.387,663501,6,1.07686
10,4,1432.24,85.387,663501,2,1.07686
10,5,1641.74,85.387,663501,7,1.07686
10,6,1963.43,85.387,663501,5,1.07686
10,7,2331.19,85.387,663501,3,1.07686
10,8,2464.97,85.387,663501,7,1.07686
10,9,2489.91,85.387,663501,3,1.07686
10,10,2517.84,85.387,663501,10,1.07686
10,1,644.389,102.923,562085,2,1.07686
10,2,1070.8,102.923,562085,2,1.07686
10,3,1179.19,102.923,562085,7,1.07686
10,4,1386.18,102.923,562085,4,1.07686
10,5,1522.86,102.923,562085,2,1.07686
10,6,1561.72,102.923,562085,6,1.07686
10,7,1954.9,102.923,562085,6,1.07686
10,8,2605.11,102.923,562085,6,1.07686
10,9,2634.37,102.923,562085,3,1.07686
10,10,2651.79,102.923,562085,5,1.07686
10,1,746.193,134.23,1.05e+06,3,1.07686
10,2,1251.62,134.23,1.05e+06,3,1.07686
10,3,1639.06,134.23,1.05e+06,3,1.07686
10,4,1736.48,134.23,1.05e+06,4,1.07686
10,5,1986.34,134.23,1.05e+06,3,1.07686
10,6,2386.97,134.23,1.05e+06,3,1.07686
10,7,2462.83,134.23,1.05e+06,4,1.07686
10,8,2497.12,134.23,1.05e+06,4,1.07686
10,9,2503.42,134.23,1.05e+06,4,1.07686
10,10,2583.65,134.23,1.05e+06,5,1.07686
10,1,997.077,83.979,930057,2,1.07686
10,2,1088.12,83.979,930057,3,1.07686
10,3,1851.76,83.979,930057,4,1.07686
10,4,2066.77,83.979,930057,5,1.07686
10,5,2101.36,83.979,930057,3,1.07686
10,6,2273.9,83.979,930057,4,1.07686
10,7,2310.2,83.979,930057,4,1.07686
10,8,2562.33,83.979,930057,5,1.07686
10,9,2570.13,83.979,930057,3,1.07686
10,10,2641.95,83.979,930057,3,1.07686
10,1,198.645,62.381,304336,2,1.07686
10,2,667.288,62.381,304336,3,1.07686
10,3,770.06,62.381,304336,2,1.07686
10,4,982.071,62.381,304336,3,1.07686
10,5,1484.24,62.381,304336,4,1.07686
10,6,1743.59,62.381,304336,5,1.07686
10,7,1878.12,62.381,304336,4,1.07686
10,8,1913.84,62.381,304336,2,1.07686
10,9,2009.2,62.381,304336,4,1.07686
10,10,2078.41,62.381,304336,3,1.07686
10,1,888.414,88.461,480293,4,1.07686
10,2,1309.8,88.461,480293,3,1.07686
10,3,1396.97,88.461,480293,4,1.07686
10,4,1826.63,88.461,480293,5,1.07686
10,5,1858.21,88.461,480293,2,1.07686
10,6,2111.63,88.461,480293,3,1.07686
10,7,2189.12,88.461,480293,5,1.07686
10,8,2644.32,88.461,480293,3,1.07686
10,9,2742.79,88.461,480293,4,1.07686
10,10,2751.9,88.461,480293,6,1.07686
10,1,1380.36,52.823,225054,3,1.07686
10,2,1471.82,52.823,225054,2,1.07686
10,3,1488.22,52.823,225054,3,1.07686
10,4,1506.62,52.823,225054,2,1.07686
10,5,1653.04,52.823,225054,2,1.07686
10,6,1848.06,52.823,225054,3,1.07686
10,7,1882.18,52.823,225054,3,1.07686
10,8,2181.7,52.823,225054,2,1.07686
10,9,2290.68,52.823,225054,3,1.07686
10,10,2354.38,52.823,225054,4,1.07686
10,1,884.213,82.757,799660,2,1.07686
10,2,1035.23,82.757,799660,6,1.07686
10,3,1331.21,82.757,799660,6,1.07686
10,4,1603.7,82.757,799660,3,1.07686
10,5,1795.28,82.757,799660,5,1.07686
10,6,2066.5,82.757,799660,4,1.07686
10,7,2075.17,82.757,799660,5,1.07686
10,8,2257.49,82.757,799660,4,1.07686
10,9,2418.29,82.757,799660,3,1.07686
10,10,2481.64,82.757,799660,6,1.07686
10,1,1119.23,81.062,436077,2,1.07686
10,2,1139.92,81.062,436077,2,1.07686
10,3,1160.91,81.062,436077,3,1.07686
10,4,1264.38,81.062,436077,3,1.07686
10,5,1483.38,81.062,436077,2,1.07686
10,6,1868.82,81.062,436077,4,1.07686
10,7,1995.01,81.062,436077,4,1.07686
10,8,2229.4,81.062,436077,4,1.07686
10,9,2354.84,81.062,436077,3,1.07686
10,10,2468.41,81.062,436077,5,1.07686
10,1,1368.98,143.056,2.99027e+06,3,1.07686
10,2,1628.04,143.056,2.99027e+06,3,1.07686
10,3,1787.76,143.056,2.99027e+06,3,1.07686
10,4,2379.71,143.056,2.99027e+06,4,1.07686
10,5,2384.73,143.056,2.99027e+06,4,1.07686
10,6,2713.72,143.056,2.99027e+06,4,1.07686
10,7,3004.54,143.056,2.99027e+06,9,1.07686
10,8,3209.53,143.056,2.99027e+06,3,1.07686
10,9,3232.68,143.056,2.99027e+06,5,1.07686
10,10,3346.21,143.056,2.99027e+06,6,1.07686
10,1,495.698,68.933,242029,2,1.07686
10,2,903.35,68.933,242029,2,1.07686
10,3,1063.15,68.933,242029,3,1.07686
10,4,1233.05,68.933,242029,2,1.07686
10,5,1466.31,68.933,242029,3,1.07686
10,6,1476.65,68.933,242029,2,1.07686
10,7,1722.15,68.933,242029,6,1.07686
10,8,1728.43,68.933,242029,2,1.07686
10,9,1844.41,68.933,242029,2,1.07686
10,10,1847.04,68.933,242029,2,1.07686
10,1,372.65,49.025,177965,2,1.07686
10,2,640.345,49.025,177965,3,1.07686
10,3,737.621,49.025,177965,2,1.07686
10,4,1175.48,49.025,177965,2,1.07686
10,5,1637.2,49.025,177965,3,1.07686
10,6,1685.71,49.025,177965,5,1.07686
10,7,1866.89,49.025,177965,4,1.07686
10,8,1889.57,49.025,177965,5,1.07686
10,9,1995.5,49.025,177965,3,1.07686
10,10,2109.16,49.025,177965,3,1.07686
10,1,988.096,88.713,492704,3,1.07686
10,2,1859.12,88.713,492704,3,1.07686
10,3,1894,88.713,492704,4,1.07686
10,4,1944.29,88.713,492704,4,1.07686
10,5,2003.01,88.713,492704,2,1.07686
10,6,2017.49,88.713,492704,3,1.07686
10,7,2181.82,88.713,492704,3,1.07686
10,8,2495.89,88.713,492704,3,1.07686
10,9,2750.23,88.713,492704,3,1.07686
10,10,2969.99,88.713,492704,5,1.07686
10,1,896.24,122.86,946277,3,1.07686
10,2,1710.57,122.86,946277,3,1.07686
10,3,1748.39,122.86,946277,3,1.07686
10,4,2300.04,122.86,946277,4,1.07686
10,5,2510.95,122.86,946277,4,1.07686
10,6,2857.47,122.86,946277,3,1.07686
10,7,3094.08,122.86,946277,3,1.07686
10,8,3176.11,122.86,946277,4,1.07686
10,9,3188.88,122.86,946277,3,1.07686
10,10,3209.61,122.86,946277,6,1.07686
10,1,471.615,80.351,169780,2,1.07686
10,2,1005.21,80.351,169780,3,1.07686
10,3,1355.65,80.351,169780,3,1.07686
10,4,1386.85,80.351,169780,3,1.07686
10,5,1626.19,80.351,169780,3,1.07686
10,6,1685.39,80.351,169780,4,1.07686
10,7,1919.4,80.351,169780,4,1.07686
10,8,1989.98,80.351,169780,4,1.07686
10,9,2088,80.351,169780,4,1.07686
10,10,2185.39,80.351,169780,4,1.07686
10,1,297.321,84.317,556561,2,1.07686
10,2,2108,84.317,556561,2,1.07686
10,3,2202.21,84.317,556561,3,1.07686
10,4,2441.2,84.317,556561,2,1.07686
10,5,2614.9,84.317,556561,2,1.07686
10,6,2632.71,84.317,556561,3,1.07686
10,7,2648.44,84.317,556561,4,1.07686
10,8,2758.48,84.317,556561,3,1.07686
10,9,3190.08,84.317,556561,4,1.07686
10,10,3208.49,84.317,556561,5,1.07686
10,1,1074.99,94.688,587514,3,1.07686
10,2,1785.17,94.688,587514,3,1.07686
10,3,1957.71,94.688,587514,4,1.07686
10,4,2296.4,94.688,587514,5,1.07686
10,5,2380.98,94.688,587514,4,1.07686
10,6,2487.46,94.688,587514,3,1.07686
10,7,2523.65,94.688,587514,3,1.07686
10,8,2694.65,94.688,587514,4,1.07686
10,9,2819.92,94.688,587514,3,1.07686
10,10,2883.92,94.688,587514,5,1.07686
10,1,1367.94,70.941,570431,4,1.07686
10,2,1762.59,70.941,570431,4,1.07686
10,3,1816.47,70.941,570431,5,1.07686
10,4,1978.52,70.941,570431,3,1.07686
10,5,2075.53,70.941,570431,3,1.07686
10,6,2164.95,70.941,570431,3,1.07686
10,7,2187.55,70.941,570431,3,1.07686
10,8,2245.98,70.941,570431,4,1.07686
10,9,2294.18,70.941,570431,3,1.07686
10,10,2325.75,70.941,570431,4,1.07686
10,1,662.472,40.165,176224,2,1.07686
10,2,766.771,40.165,176224,2,1.07686
10,3,1156.65,40.165,176224,2,1.07686
10,4,1281.27,40.165,176224,2,1.07686
10,5,1355.06,40.165,176224,2,1.07686
10,6,1439.44,40.165,176224,2,1.07686
10,7,1598.76,40.165,176224,2,1.07686
10,8,1762.69,40.165,176224,3,1.07686
10,9,1804.25,40.165,176224,2,1.07686
10,10,1822.87,40.165,176224,3,1.07686
10,1,1037.92,71.14,273572,3,1.07686
10,2,1369.23,71.14,273572,2,1.07686
10,3,1615.76,71.14,273572,4,1.07686
10,4,1824.38,71.14,273572,3,1.07686
10,5,1862.28,71.14,273572,4,1.07686
10,6,1954.11,71.14,273572,4,1.07686
10,7,1963.45,71.14,273572,3,1.07686
10,8,1996.54,71.14,273572,4,1.07686
10,9,2003.53,71.14,273572,5,1.07686
10,10,2052.37,71.14,273572,5,1.07686
10,1,249.826,60.779,321391,2,1.07686
10,2,698.737,60.779,321391,2,1.07686
10,3,941.094,60.779,321391,2,1.07686
10,4,943.594,60.779,321391,2,1.07686
10,5,1016.92,60.779,321391,3,1.07686
10,6,1437.25,60.779,321391,4,1.07686
10,7,1874.99,60.779,321391,5,1.07686
10,8,2090.35,60.779,321391,3,1.07686
10,9,2189.74,60.779,321391,3,1.07686
10,10,2314.44,60.779,321391,4,1.07686
10,1,1096.31,86.25,343746,2,1.07686
10,2,1825.58,86.25,343746,2,1.07686
10,3,1931,86.25,343746,4,1.07686
10,4,2187.99,86.25,343746,3,1.07686
10,5,2237.08,86.25,343746,3,1.07686
10,6,2542.74,86.25,343746,4,1.07686
10,7,2589.97,86.25,343746,3,1.07686
10,8,2616.16,86.25,343746,4,1.07686
10,9,2714.21,86.25,343746,5,1.07686
10,10,2921.04,86.25,343746,3,1.07686
10,1,828.711,58.659,277258,2,1.07686
10,2,890.093,58.659,277258,2,1.07686
10,3,1159.64,58.659,277258,4,1.07686
10,4,1369.85,58.659,277258,2,1.07686
10,5,1501.2,58.659,277258,2,1.07686
10,6,1662.15,58.659,277258,4,1.07686
10,7,1668.16,58.659,277258,4,1.07686
10,8,1751.01,58.659,277258,3,1.07686
10,9,2046.5,58.659,277258,5,1.07686
10,10,2161.74,58.659,277258,4,1.07686
10,1,176.819,62.236,490988,2,1.07686
10,2,466.618,62.236,490988,2,1.07686
10,3,1130.43,62.236,490988,3,1.07686
10,4,1399.08,62.236,490988,6,1.07686
10,5,1483.9,62.236,490988,4,1.07686
10,6,1762.53,62.236,490988,5,1.07686
10,7,1922.72,62.236,490988,4,1.07686
10,8,2119.55,62.236,490988,5,1.07686
10,9,2189.21,62.236,490988,4,1.07686
10,10,2210.32,62.236,490988,6,1.07686
10,1,390.032,64.866,445961,2,1.07686
10,2,1165.46,64.866,445961,3,1.07686
10,3,1601.56,64.866,445961,4,1.07686
10,4,1671.92,64.866,445961,4,1.07686
10,5,1864.2,64.866,445961,4,1.07686
10,6,2219.81,64.866,445961,5,1.07686
10,7,2327.44,64.866,445961,4,1.07686
10,8,2432.37,64.866,445961,4,1.07686
10,9,2463.18,64.866,445961,5,1.07686
10,10,2478.61,64.866,445961,3,1.07686
10,1,1485.27,77.993,319050,5,1.07686
10,2,1591.82,77.993,319050,4,1.07686
10,3,1612.18,77.993,319050,5,1.07686
10,4,1700.85,77.993,319050,3,1.07686
10,5,1977.04,77.993,319050,5,1.07686
10,6,2105,77.993,319050,2,1.07686
10,7,2283.17,77.993,319050,5,1.07686
10,8,2320.42,77.993,319050,4,1.07686
10,9,2423.55,77.993,319050,5,1.07686
10,10,2510.5,77.993,319050,2,1.07686
10,1,242.851,82.26,612635,3,1.07686
10,2,409.352,82.26,612635,2,1.07686
10,3,867.217,82.26,612635,2,1.07686
10,4,1096.58,82.26,612635,2,1.07686
10,5,1346.35,82.26,612635,3,1.07686
10,6,1411.85,82.26,612635,2,1.07686
10,7,1514.28,82.26,612635,3,1.07686
10,8,1635.06,82.26,612635,4,1.07686
10,9,2034.33,82.26,612635,5,1.07686
10,10,2072.45,82.26,612635,4,1.07686
10,1,432.695,112.171,1.77672e+06,2,1.07686
10,2,987.889,112.171,1.77672e+06,2,1.07686
10,3,1497.75,112.171,1.77672e+06,2,1.07686
10,4,1758.82,112.171,1.77672e+06,4,1.07686
10,5,2038.31,112.171,1.77672e+06,4,1.07686
10,6,2081.96,112.171,1.77672e+06,3,1.07686
10,7,2333.29,112.171,1.77672e+06,4,1.07686
10,8,2459.15,112.171,1.77672e+06,3,1.07686
10,9,2790.83,112.171,1.77672e+06,3,1.07686
10,10,2887.2,112.171,1.77672e+06,4,1.07686
10,1,343.286,139.985,1.85265e+06,2,1.07686
10,2,1062.08,139.985,1.85265e+06,3,1.07686
10,3,1194.77,139.985,1.85265e+06,5,1.07686
10,4,1406.28,139.985,1.85265e+06,2,1.07686
10,5,1951.33,139.985,1.85265e+06,6,1.07686
10,6,1976.35,139.985,1.85265e+06,2,1.07686
10,7,2048.09,139.985,1.85265e+06,4,1.07686
10,8,2388.49,139.985,1.85265e+06,3,1.07686
10,9,2455.51,139.985,1.85265e+06,3,1.07686
10,10,2788.35,139.985,1.85265e+06,5,1.07686
10,1,601.1,84.555,490459,2,1.07686
10,2,1040.76,84.555,490459,2,1.07686
10,3,1063,84.555,490459,2,1.07686
10,4,1148.45,84.555,490459,2,1.07686
10,5,1232.62,84.555,490459,2,1.07686
10,6,1573.79,84.555,490459,2,1.07686
10,7,2595.55,84.555,490459,2,1.07686
10,8,2819.47,84.555,490459,2,1.07686
10,9,2993.74,84.555,490459,2,1.07686
10,10,3109.42,84.555,490459,3,1.07686
10,1,182.584,70.779,419408,2,1.07686
10,2,1109.98,70.779,419408,3,1.07686
10,3,1306.53,70.779,419408,2,1.07686
10,4,1640.72,70.779,419408,2,1.07686
10,5,1773.44,70.779,419408,2,1.07686
10,6,1974.39,70.779,419408,4,1.07686
10,7,1976.44,70.779,419408,3,1.07686
10,8,2057.58,70.779,419408,2,1.07686
10,9,2110.89,70.779,419408,2,1.07686
10,10,2443.69,70.779,419408,5,1.07686
10,1,817.778,112.662,475147,3,1.07686
10,2,1774.81,112.662,475147,4,1.07686
10,3,1818.36,112.662,475147,4,1.07686
10,4,2015.87,112.662,475147,5,1.07686
10,5,2206.6,112.662,475147,5,1.07686
10,6,2323.07,112.662,475147,3,1.07686
10,7,2456.41,112.662,475147,5,1.07686
10,8,2497.25,112.662,475147,2,1.07686
10,9,2864.35,112.662,475147,3,1.07686
10,10,2876.73,112.662,475147,2,1.07686
10,1,230.411,65.665,739814,2,1.07686
10,2,427.688,65.665,739814,2,1.07686
10,3,1572.12,65.665,739814,5,1.07686
10,4,1845.28,65.665,739814,5,1.07686
10,5,1989.18,65.665,739814,4,1.07686
10,6,1993.99,65.665,739814,5,1.07686
10,7,2151.04,65.665,739814,4,1.07686
10,8,2388.6,65.665,739814,2,1.07686
10,9,2424.03,65.665,739814,2,1.07686
10,10,2534.56,65.665,739814,2,1.07686
10,1,533.428,36.808,173484,2,1.07686
10,2,549.444,36.808,173484,2,1.07686
10,3,1209.7,36.808,173484,3,1.07686
10,4,1572.09,36.808,173484,2,1.07686
10,5,1767.63,36.808,173484,2,1.07686
10,6,1769.24,36.808,173484,2,1.07686
10,7,2183.03,36.808,173484,2,1.07686
10,8,2211.41,36.808,173484,2,1.07686
10,9,2306.25,36.808,173484,4,1.07686
10,10,2378.8,36.808,173484,3,1.07686
10,1,729.776,76.538,376747,2,1.07686
10,2,1132.03,76.538,376747,2,1.07686
10,3,1282.64,76.538,376747,2,1.07686
10,4,1591.42,76.538,376747,5,1.07686
10,5,1679.49,76.538,376747,2,1.07686
10,6,1739.7,76.538,376747,3,1.07686
10,7,2010.9,76.538,376747,3,1.07686
10,8,2480.69,76.538,376747,6,1.07686
10,9,2483.75,76.538,376747,7,1.07686
10,10,2568.42,76.538,376747,3,1.07686
10,1,94.0213,114.677,693519,2,1.07686
10,2,800.403,114.677,693519,2,1.07686
10,3,1699.86,114.677,693519,2,1.07686
10,4,1975.33,114.677,693519,3,1.07686
10,5,2290.33,114.677,693519,3,1.07686
10,6,2328.27,114.677,693519,4,1.07686
10,7,2606.95,114.677,693519,4,1.07686
10,8,2687.48,114.677,693519,5,1.07686
10,9,2845.49,114.677,693519,5,1.07686
10,10,3139.91,114.677,693519,4,1.07686
10,1,642.041,152.529,839697,2,1.07686
10,2,1104.12,152.529,839697,3,1.07686
10,3,1284.37,152.529,839697,3,1.07686
10,4,2274.97,152.529,839697,3,1.07686
10,5,2368.85,152.529,839697,4,1.07686
10,6,2377.96,152.529,839697,3,1.07686
10,7,2378.61,152.529,839697,5,1.07686
10,8,2932.53,152.529,839697,5,1.07686
10,9,2984.24,152.529,839697,4,1.07686
10,10,3243.95,152.529,839697,6,1.07686
10,1,265.68,40.887,180346,2,1.07686
10,2,486.359,40.887,180346,2,1.07686
10,3,679.78,40.887,180346,2,1.07686
10,4,763.849,40.887,180346,2,1.07686
10,5,813.724,40.887,180346,3,1.07686
10,6,844.636,40.887,180346,2,1.07686
10,7,880.471,40.887,180346,2,1.07686
10,8,969.895,40.887,180346,2,1.07686
10,9,1641.23,40.887,180346,3,1.07686
10,10,1989.64,40.887,180346,4,1.07686
10,1,490.306,58.025,288572,2,1.07686
10,2,899.68,58.025,288572,2,1.07686
10,3,1339.89,58.025,288572,2,1.07686
10,4,1481.63,58.025,288572,2,1.07686
10,5,1916.45,58.025,288572,2,1.07686
10,6,2330.16,58.025,288572,3,1.07686
10,7,2332.61,58.025,288572,3,1.07686
10,8,2388.02,58.025,288572,3,1.07686
10,9,2492.11,58.025,288572,6,1.07686
10,10,2545.45,58.025,288572,2,1.07686
10,1,694.415,127.194,646827,2,1.07686
10,2,1573.83,127.194,646827,4,1.07686
10,3,1710.86,127.194,646827,6,1.07686
10,4,1803.28,127.194,646827,4,1.07686
10,5,1892.02,127.194,646827,4,1.07686
10,6,2335.55,127.194,646827,4,1.07686
10,7,2572.06,127.194,646827,4,1.07686
10,8,2659.04,127.194,646827,6,1.07686
10,9,3212.36,127.194,646827,5,1.07686
10,10,3295.6,127.194,646827,7,1.07686
10,1,794.965,99.025,607327,2,1.07686
10,2,982.639,99.025,607327,3,1.07686
10,3,1521.17,99.025,607327,6,1.07686
10,4,2254.86,99.025,607327,9,1.07686
10,5,2422.05,99.025,607327,3,1.07686
10,6,2543.45,99.025,607327,5,1.07686
10,7,2784.9,99.025,607327,8,1.07686
10,8,2822.86,99.025,607327,3,1.07686
10,9,2862.75,99.025,607327,3,1.07686
10,10,2868.62,99.025,607327,3,1.07686
10,1,206.41,79.285,222688,2,1.07686
10,2,762.262,79.285,222688,2,1.07686
10,3,866.225,79.285,222688,2,1.07686
10,4,1088.15,79.285,222688,2,1.07686
10,5,1439.17,79.285,222688,3,1.07686
10,6,1594.15,79.285,222688,3,1.07686
10,7,1754.62,79.285,222688,2,1.07686
10,8,2401.44,79.285,222688,5,1.07686
10,9,2546.42,79.285,222688,4,1.07686
10,10,2760.9,79.285,222688,4,1.07686
10,1,312.618,79.655,292638,2,1.07686
10,2,1156.25,79.655,292638,4,1.07686
10,3,1520.46,79.655,292638,3,1.07686
10,4,1729.12,79.655,292638,3,1.07686
10,5,1884.71,79.655,292638,3,1.07686
10,6,2243.93,79.655,292638,4,1.07686
10,7,2269.78,79.655,292638,6,1.07686
10,8,2349.55,79.655,292638,4,1.07686
10,9,2383.78,79.655,292638,3,1.07686
10,10,2408.8,79.655,292638,2,1.07686
10,1,952.799,41.015,300947,2,1.07686
10,2,1009.08,41.015,300947,2,1.07686
10,3,1285.5,41.015,300947,2,1.07686
10,4,1663.78,41.015,300947,3,1.07686
10,5,1788.27,41.015,300947,3,1.07686
10,6,1843.12,41.015,300947,4,1.07686
10,7,1906.68,41.015,300947,4,1.07686
10,8,2018.03,41.015,300947,4,1.07686
10,9,2103.06,41.015,300947,4,1.07686
10,10,2109.26,41.015,300947,3,1.07686
10,1,299.401,50.893,220677,2,1.07686
10,2,544.472,50.893,220677,2,1.07686
10,3,647.978,50.893,220677,2,1.07686
10,4,1420.31,50.893,220677,3,1.07686
10,5,1461.92,50.893,220677,3,1.07686
10,6,1587.53,50.893,220677,3,1.07686
10,7,1848.48,50.893,220677,3,1.07686
10,8,2169.04,50.893,220677,6,1.07686
10,9,2329.67,50.893,220677,4,1.07686
10,10,2385.69,50.893,220677,4,1.07686
10,1,979.005,53.277,353204,4,1.07686
10,2,1160.47,53.277,353204,4,1.07686
10,3,1403.54,53.277,353204,4,1.07686
10,4,1548.46,53.277,353204,4,1.07686
10,5,1803.99,53.277,353204,3,1.07686
10,6,1884.6,53.277,353204,5,1.07686
10,7,1981.9,53.277,353204,4,1.07686
10,8,2051.52,53.277,353204,2,1.07686
10,9,2085.36,53.277,353204,5,1.07686
10,10,2397.57,53.277,353204,6,1.07686
10,1,719.453,83.412,388250,2,1.07686
10,2,1120.04,83.412,388250,2,1.07686
10,3,1128.06,83.412,388250,2,1.07686
10,4,1329.05,83.412,388250,2,1.07686
10,5,1511.22,83.412,388250,3,1.07686
10,6,1844.42,83.412,388250,4,1.07686
10,7,1904.69,83.412,388250,5,1.07686
10,8,2067.38,83.412,388250,2,1.07686
10,9,2193.67,83.412,388250,3,1.07686
10,10,2609.37,83.412,388250,4,1.07686
10,1,295.447,70.809,169205,2,1.07686
10,2,740.142,70.809,169205,2,1.07686
10,3,1627,70.809,169205,6,1.07686
10,4,2001.58,70.809,169205,4,1.07686
10,5,2005.37,70.809,169205,3,1.07686
10,6,2019.81,70.809,169205,5,1.07686
10,7,2071.54,70.809,169205,3,1.07686
10,8,2357.23,70.809,169205,3,1.07686
10,9,2394.04,70.809,169205,6,1.07686
10,10,2490.45,70.809,169205,5,1.07686
10,1,438.041,53.122,229093,2,1.07686
10,2,681.74,53.122,229093,2,1.07686
10,3,1146.11,53.122,229093,2,1.07686
10,4,1293.45,53.122,229093,2,1.07686
10,5,1797.38,53.122,229093,4,1.07686
10,6,2050.23,53.122,229093,3,1.07686
10,7,2080.52,53.122,229093,3,1.07686
10,8,2148.11,53.122,229093,4,1.07686
10,9,2215.09,53.122,229093,3,1.07686
10,10,2276.53,53.122,229093,3,1.07686
10,1,235.153,91.33,574120,2,1.07686
10,2,768.969,91.33,574120,2,1.07686
10,3,923.997,91.33,574120,3,1.07686
10,4,1511.94,91.33,574120,3,1.07686
10,5,1912.04,91.33,574120,3,1.07686
10,6,2294.58,91.33,574120,3,1.07686
10,7,2582.25,91.33,574120,7,1.07686
10,8,2648.59,91.33,574120,6,1.07686
10,9,2835.54,91.33,574120,3,1.07686
10,10,2982.94,91.33,574120,3,1.07686
10,1,155.724,146.071,1.50589e+06,2,1.07686
10,2,1294.07,146.071,1.50589e+06,3,1.07686
10,3,2098.28,146.071,1.50589e+06,7,1.07686
10,4,2102.27,146.071,1.50589e+06,3,1.07686
10,5,2248.28,146.071,1.50589e+06,4,1.07686
10,6,2287.76,146.071,1.50589e+06,4,1.07686
10,7,2831.66,146.071,1.50589e+06,2,1.07686
10,8,3036.33,146.071,1.50589e+06,5,1.07686
10,9,3112.32,146.071,1.50589e+06,6,1.07686
10,10,3246.12,146.071,1.50589e+06,6,1.07686
10,1,339.201,81.911,1.06818e+06,2,1.07686
10,2,1504.19,81.911,1.06818e+06,2,1.07686
10,3,1844.82,81.911,1.06818e+06,3,1.07686
10,4,1887.54,81.911,1.06818e+06,3,1.07686
10,5,2128.96,81.911,1.06818e+06,5,1.07686
10,6,2192.72,81.911,1.06818e+06,4,1.07686
10,7,2553.42,81.911,1.06818e+06,4,1.07686
10,8,2614.28,81.911,1.06818e+06,5,1.07686
10,9,2687.17,81.911,1.06818e+06,5,1.07686
10,10,3045.27,81.911,1.06818e+06,4,1.07686
10,1,1939.94,183.496,676679,2,1.07686
10,2,2100.7,183.496,676679,7,1.07686
10,3,2284.74,183.496,676679,3,1.07686
10,4,2335.21,183.496,676679,10,1.07686
10,5,2431.58,183.496,676679,3,1.07686
10,6,2476.81,183.496,676679,7,1.07686
10,7,2596.14,183.496,676679,3,1.07686
10,8,2677.84,183.496,676679,4,1.07686
10,9,2903.08,183.496,676679,5,1.07686
10,10,2954.44,183.496,676679,2,1.07686
10,1,2021.85,103.156,741788,3,1.07686
10,2,2088.39,103.156,741788,4,1.07686
10,3,2233.67,103.156,741788,4,1.07686
10,4,2277.01,103.156,741788,4,1.07686
10,5,2431.97,103.156,741788,4,1.07686
10,6,2490.41,103.156,741788,5,1.07686
10,7,2870.02,103.156,741788,4,1.07686
10,8,3028.76,103.156,741788,4,1.07686
10,9,3137.91,103.156,741788,3,1.07686
10,10,3342.12,103.156,741788,3,1.07686
10,1,1116.07,99.337,689470,2,1.07686
10,2,1312.47,99.337,689470,2,1.07686
10,3,1598.67,99.337,689470,2,1.07686
10,4,1636.75,99.337,689470,3,1.07686
10,5,2212.13,99.337,689470,3,1.07686
10,6,2429.4,99.337,689470,4,1.07686
10,7,2593.81,99.337,689470,4,1.07686
10,8,2658.26,99.337,689470,4,1.07686
10,9,2735.21,99.337,689470,4,1.07686
10,10,2934.24,99.337,689470,4,1.07686
10,1,560.207,61.007,272809,2,1.07686
10,2,1108.48,61.007,272809,3,1.07686
10,3,1131.31,61.007,272809,3,1.07686
10,4,1386.86,61.007,272809,4,1.07686
10,5,1459.53,61.007,272809,3,1.07686
10,6,1525.61,61.007,272809,3,1.07686
10,7,1565.39,61.007,272809,3,1.07686
10,8,1939.71,61.007,272809,3,1.07686
10,9,2292.01,61.007,272809,4,1.07686
10,10,2535.63,61.007,272809,4,1.07686
10,1,257.8,59.287,295557,2,1.07686
10,2,752.604,59.287,295557,2,1.07686
10,3,1032.9,59.287,295557,4,1.07686
10,4,1239.78,59.287,295557,2,1.07686
10,5,1296.29,59.287,295557,5,1.07686
10,6,1395.52,59.287,295557,4,1.07686
10,7,1688.92,59.287,295557,4,1.07686
10,8,2344.19,59.287,295557,3,1.07686
10,9,2405.09,59.287,295557,4,1.07686
10,10,2496.98,59.287,295557,4,1.07686
10,1,1459.77,150.603,829537,2,1.07686
10,2,1947.64,150.603,829537,4,1.07686
10,3,2169.19,150.603,829537,3,1.07686
10,4,2177.21,150.603,829537,3,1.07686
10,5,2186.9,150.603,829537,5,1.07686
10,6,2351.58,150.603,829537,2,1.07686
10,7,2526.82,150.603,829537,6,1.07686
10,8,2636.65,150.603,829537,6,1.07686
10,9,2808.63,150.603,829537,3,1.07686
10,10,2978.39,150.603,829537,3,1.07686
10,1,1279.56,85.316,730989,2,1.07686
10,2,1944.44,85.316,730989,3,1.07686
10,3,2132.48,85.316,730989,4,1.07686
10,4,2534.86,85.316,730989,5,1.07686
10,5,2580.9,85.316,730989,3,1.07686
10,6,2609.29,85.316,730989,3,1.07686
10,7,2812.58,85.316,730989,3,1.07686
10,8,2940.88,85.316,730989,4,1.07686
10,9,3022.96,85.316,730989,3,1.07686
10,10,3036.92,85.316,730989,4,1.07686
10,1,257.965,80.107,501109,2,1.07686
10,2,1168.66,80.107,501109,3,1.07686
10,3,1225.05,80.107,501109,4,1.07686
10,4,1287.48,80.107,501109,3,1.07686
10,5,1628.52,80.107,501109,3,1.07686
10,6,2105.87,80.107,501109,5,1.07686
10,7,2137.4,80.107,501109,2,1.07686
10,8,2154.94,80.107,501109,3,1.07686
10,9,2262.56,80.107,501109,4,1.07686
10,10,2385.6,80.107,501109,4,1.07686
10,1,417.599,63.409,260858,2,1.07686
10,2,1092.97,63.409,260858,3,1.07686
10,3,1564.65,63.409,260858,3,1.07686
10,4,1681.12,63.409,260858,4,1.07686
10,5,1851.07,63.409,260858,2,1.07686
10,6,2052.39,63.409,260858,3,1.07686
10,7,2152.67,63.409,260858,4,1.07686
10,8,2409,63.409,260858,4,1.07686
10,9,2416.36,63.409,260858,3,1.07686
10,10,2421.31,63.409,260858,3,1.07686
10,1,1472.11,83.67,545210,3,1.07686
10,2,1918.41,83.67,545210,4,1.07686
10,3,2155.22,83.67,545210,4,1.07686
10,4,2174.56,83.67,545210,3,1.07686
10,5,2195.54,83.67,545210,3,1.07686
10,6,2216.44,83.67,545210,2,1.07686
10,7,2261.93,83.67,545210,4,1.07686
10,8,2481.45,83.67,545210,5,1.07686
10,9,2527.97,83.67,545210,3,1.07686
10,10,2762.96,83.67,545210,3,1.07686
10,1,745.908,113.111,1.29302e+06,3,1.07686
10,2,1118.81,113.111,1.29302e+06,6,1.07686
10,3,1126.75,113.111,1.29302e+06,7,1.07686
10,4,1350.9,113.111,1.29302e+06,2,1.07686
10,5,1597.67,113.111,1.29302e+06,4,1.07686
10,6,2031.88,113.111,1.29302e+06,4,1.07686
10,7,2093.22,113.111,1.29302e+06,5,1.07686
10,8,2343.83,113.111,1.29302e+06,5,1.07686
10,9,2583.08,113.111,1.29302e+06,7,1.07686
10,10,2682.73,113.111,1.29302e+06,5,1.07686
10,1,681.05,39.605,181664,2,1.07686
10,2,732.182,39.605,181664,2,1.07686
10,3,1080.84,39.605,181664,2,1.07686
10,4,1298.84,39.605,181664,2,1.07686
10,5,1498.34,39.605,181664,2,1.07686
10,6,1794.69,39.605,181664,2,1.07686
10,7,1880.75,39.605,181664,3,1.07686
10,8,1962.18,39.605,181664,3,1.07686
10,9,2040.98,39.605,181664,4,1.07686
10,10,2274.84,39.605,181664,3,1.07686
10,1,510.56,121.344,425983,2,1.07686
10,2,823.809,121.344,425983,4,1.07686
10,3,910.916,121.344,425983,3,1.07686
10,4,1680.32,121.344,425983,9,1.07686
10,5,2266.28,121.344,425983,3,1.07686
10,6,2361.77,121.344,425983,4,1.07686
10,7,2366.04,121.344,425983,5,1.07686
10,8,2804.93,121.344,425983,3,1.07686
10,9,3115.22,121.344,425983,3,1.07686
10,10,3247.9,121.344,425983,11,1.07686
10,1,757.528,80.467,350378,3,1.07686
10,2,1529.74,80.467,350378,3,1.07686
10,3,1866.65,80.467,350378,2,1.07686
10,4,1933.97,80.467,350378,6,1.07686
10,5,2094.2,80.467,350378,2,1.07686
10,6,2117.06,80.467,350378,3,1.07686
10,7,2148.17,80.467,350378,4,1.07686
10,8,2335.14,80.467,350378,4,1.07686
10,9,2622.25,80.467,350378,5,1.07686
10,10,2751.45,80.467,350378,6,1.07686
10,1,828.481,40.282,204326,4,1.07686
10,2,1272.26,40.282,204326,3,1.07686
10,3,1284.98,40.282,204326,4,1.07686
10,4,1340.69,40.282,204326,3,1.07686
10,5,1502.45,40.282,204326,2,1.07686
10,6,1773.87,40.282,204326,4,1.07686
10,7,1871.7,40.282,204326,3,1.07686
10,8,1895.5,40.282,204326,3,1.07686
10,9,1895.65,40.282,204326,3,1.07686
10,10,1935.69,40.282,204326,2,1.07686
10,1,881.032,55.612,437241,2,1.07686
10,2,1000.42,55.612,437241,2,1.07686
10,3,1112.91,55.612,437241,2,1.07686
10,4,1140.99,55.612,437241,2,1.07686
10,5,1597.66,55.612,437241,2,1.07686
10,6,1695.35,55.612,437241,3,1.07686
10,7,1855.42,55.612,437241,4,1.07686
10,8,2151.72,55.612,437241,3,1.07686
10,9,2383.72,55.612,437241,5,1.07686
10,10,2435.03,55.612,437241,2,1.07686
10,1,347.467,48.711,230045,2,1.07686
10,2,938.783,48.711,230045,2,1.07686
10,3,957.992,48.711,230045,2,1.07686
10,4,1076.26,48.711,230045,2,1.07686
10,5,1108.62,48.711,230045,2,1.07686
10,6,1400.07,48.711,230045,2,1.07686
10,7,1561.27,48.711,230045,2,1.07686
10,8,1776.67,48.711,230045,3,1.07686
10,9,1928.25,48.711,230045,5,1.07686
10,10,2095.33,48.711,230045,3,1.07686
10,1,947.447,58.748,324718,4,1.07686
10,2,1020.61,58.748,324718,3,1.07686
10,3,1540.1,58.748,324718,5,1.07686
10,4,1815.14,58.748,324718,4,1.07686
10,5,1932.84,58.748,324718,3,1.07686
10,6,1943.14,58.748,324718,4,1.07686
10,7,1980.8,58.748,324718,5,1.07686
10,8,2000.48,58.748,324718,5,1.07686
10,9,2180.49,58.748,324718,6,1.07686
10,10,2200.54,58.748,324718,5,1.07686
10,1,595.678,92.935,738984,4,1.07686
10,2,1288.54,92.935,738984,2,1.07686
10,3,1955.18,92.935,738984,4,1.07686
10,4,2078.06,92.935,738984,6,1.07686
10,5,2083.02,92.935,738984,2,1.07686
10,6,2100.28,92.935,738984,5,1.07686
10,7,2488.11,92.935,738984,5,1.07686
10,8,2509.07,92.935,738984,3,1.07686
10,9,2512.03,92.935,738984,5,1.07686
10,10,2591.06,92.935,738984,4,1.07686
10,1,1055.76,69.973,454598,5,1.07686
10,2,1270.21,69.973,454598,2,1.07686
10,3,1971.81,69.973,454598,4,1.07686
10,4,2016.46,69.973,454598,5,1.07686
10,5,2072.23,69.973,454598,4,1.07686
10,6,2101.87,69.973,454598,2,1.07686
10,7,2197.53,69.973,454598,3,1.07686
10,8,2328.05,69.973,454598,4,1.07686
10,9,2359.56,69.973,454598,5,1.07686
10,10,2426.85,69.973,454598,3,1.07686
10,1,630.432,48.678,282909,2,1.07686
10,2,706.22,48.678,282909,2,1.07686
10,3,766.564,48.678,282909,3,1.07686
10,4,778.399,48.678,282909,3,1.07686
10,5,1140.96,48.678,282909,3,1.07686
10,6,1410.23,48.678,282909,2,1.07686
10,7,1597.51,48.678,282909,4,1.07686
10,8,1823.03,48.678,282909,2,1.07686
10,9,1838.24,48.678,282909,2,1.07686
10,10,2225.29,48.678,282909,4,1.07686
10,1,636.831,48.825,247057,2,1.07686
10,2,767.276,48.825,247057,2,1.07686
10,3,1252.77,48.825,247057,3,1.07686
10,4,1832.69,48.825,247057,2,1.07686
10,5,1859.44,48.825,247057,4,1.07686
10,6,1870.33,48.825,247057,4,1.07686
10,7,1893.6,48.825,247057,4,1.07686
10,8,1912.38,48.825,247057,3,1.07686
10,9,2046.82,48.825,247057,3,1.07686
10,10,2059.29,48.825,247057,4,1.07686
10,1,1935.28,128.051,1.0706e+06,2,1.07686
10,2,1987.28,128.051,1.0706e+06,4,1.07686
10,3,2281.37,128.051,1.0706e+06,4,1.07686
10,4,2339.95,128.051,1.0706e+06,5,1.07686
10,5,2451.7,128.051,1.0706e+06,4,1.07686
10,6,2589.74,128.051,1.0706e+06,6,1.07686
10,7,2614.95,128.051,1.0706e+06,5,1.07686
10,8,2731.89,128.051,1.0706e+06,3,1.07686
10,9,2899.6,128.051,1.0706e+06,5,1.07686
10,10,3027.71,128.051,1.0706e+06,5,1.07686
10,1,891.309,102.568,665382,2,1.07686
10,2,1539.3,102.568,665382,9,1.07686
10,3,2053.27,102.568,665382,3,1.07686
10,4,2137.73,102.568,665382,4,1.07686
10,5,2227.86,102.568,665382,9,1.07686
10,6,2447.78,102.568,665382,5,1.07686
10,7,2839.88,102.568,665382,5,1.07686
10,8,2940.29,102.568,665382,6,1.07686
10,9,3064.42,102.568,665382,4,1.07686
10,10,3163.83,102.568,665382,3,1.07686
10,1,743.226,33.766,146687,2,1.07686
10,2,923.385,33.766,146687,2,1.07686
10,3,1028.1,33.766,146687,2,1.07686
10,4,1254.37,33.766,146687,3,1.07686
10,5,1301.64,33.766,146687,4,1.07686
10,6,1377.18,33.766,146687,3,1.07686
10,7,1574.27,33.766,146687,3,1.07686
10,8,1614.3,33.766,146687,2,1.07686
10,9,1644.91,33.766,146687,2,1.07686
10,10,1710.17,33.766,146687,5,1.07686
10,1,703.638,223.65,1.80211e+06,2,1.07686
10,2,1612.38,223.65,1.80211e+06,4,1.07686
10,3,1899.73,223.65,1.80211e+06,5,1.07686
10,4,2388.68,223.65,1.80211e+06,4,1.07686
10,5,2756.63,223.65,1.80211e+06,4,1.07686
10,6,2925.39,223.65,1.80211e+06,5,1.07686
10,7,3175.31,223.65,1.80211e+06,7,1.07686
10,8,3395.94,223.65,1.80211e+06,8,1.07686
10,9,3417.66,223.65,1.80211e+06,4,1.07686
10,10,3529.96,223.65,1.80211e+06,4,1.07686
10,1,949.181,89.026,552281,2,1.07686
10,2,1259.24,89.026,552281,3,1.07686
10,3,1562.72,89.026,552281,2,1.07686
10,4,1595.01,89.026,552281,4,1.07686
10,5,1643.91,89.026,552281,3,1.07686
10,6,2049.64,89.026,552281,3,1.07686
10,7,2197.49,89.026,552281,3,1.07686
10,8,2467.84,89.026,552281,6,1.07686
10,9,2709.53,89.026,552281,2,1.07686
10,10,2934.09,89.026,552281,3,1.07686
10,1,360.946,88.668,594869,2,1.07686
10,2,1414.06,88.668,594869,3,1.07686
10,3,1829.86,88.668,594869,4,1.07686
10,4,1946.15,88.668,594869,4,1.07686
10,5,2000.46,88.668,594869,4,1.07686
10,6,2334.02,88.668,594869,5,1.07686
10,7,2476.15,88.668,594869,5,1.07686
10,8,2755.75,88.668,594869,4,1.07686
10,9,2947.14,88.668,594869,5,1.07686
10,10,2987.04,88.668,594869,6,1.07686
10,1,281.888,151.131,1.34948e+06,2,1.07686
10,2,1071.7,151.131,1.34948e+06,2,1.07686
10,3,1639.97,151.131,1.34948e+06,4,1.07686
10,4,1845.5,151.131,1.34948e+06,6,1.07686
10,5,1890.84,151.131,1.34948e+06,6,1.07686
10,6,1959.84,151.131,1.34948e+06,6,1.07686
10,7,2257.75,151.131,1.34948e+06,4,1.07686
10,8,2517.94,151.131,1.34948e+06,6,1.07686
10,9,2673.87,151.131,1.34948e+06,5,1.07686
10,10,3126.86,151.131,1.34948e+06,4,1.07686
10,1,620.704,65.446,299337,3,1.07686
10,2,1335.49,65.446,299337,3,1.07686
10,3,1709.59,65.446,299337,3,1.07686
10,4,1724.72,65.446,299337,2,1.07686
10,5,1734.24,65.446,299337,3,1.07686
10,6,1918.36,65.446,299337,2,1.07686
10,7,2031.52,65.446,299337,7,1.07686
10,8,2068.95,65.446,299337,3,1.07686
10,9,2088.1,65.446,299337,3,1.07686
10,10,2245.68,65.446,299337,4,1.07686
10,1,309.011,62.585,353613,2,1.07686
10,2,414.001,62.585,353613,2,1.07686
10,3,1051.07,62.585,353613,2,1.07686
10,4,1232.92,62.585,353613,2,1.07686
10,5,1371.22,62.585,353613,2,1.07686
10,6,1427.01,62.585,353613,2,1.07686
10,7,1540.2,62.585,353613,3,1.07686
10,8,1892.65,62.585,353613,2,1.07686
10,9,1913.13,62.585,353613,2,1.07686
10,10,2167.97,62.585,353613,3,1.07686
10,1,293.782,89.322,484465,2,1.07686
10,2,1596.23,89.322,484465,3,1.07686
10,3,1940.12,89.322,484465,3,1.07686
10,4,2295.98,89.322,484465,3,1.07686
10,5,2435.92,89.322,484465,7,1.07686
10,6,2444.47,89.322,484465,3,1.07686
10,7,2487.26,89.322,484465,4,1.07686
10,8,2555.55,89.322,484465,8,1.07686
10,9,2568.3,89.322,484465,3,1.07686
10,10,3025.47,89.322,484465,3,1.07686
10,1,517.347,123.595,941371,3,1.07686
10,2,678.04,123.595,941371,2,1.07686
10,3,1088.26,123.595,941371,3,1.07686
10,4,1437.22,123.595,941371,4,1.07686
10,5,1442.91,123.595,941371,3,1.07686
10,6,1491.91,123.595,941371,3,1.07686
10,7,1783.57,123.595,941371,3,1.07686
10,8,3301.91,123.595,941371,7,1.07686
10,9,3351.48,123.595,941371,3,1.07686
10,10,3450.79,123.595,941371,3,1.07686
10,1,237.775,37.554,151193,2,1.07686
10,2,1154.32,37.554,151193,2,1.07686
10,3,1209.09,37.554,151193,2,1.07686
10,4,1258.34,37.554,151193,2,1.07686
10,5,1448.95,37.554,151193,3,1.07686
10,6,1500.81,37.554,151193,2,1.07686
10,7,1590.16,37.554,151193,3,1.07686
10,8,1800.57,37.554,151193,3,1.07686
10,9,1898.34,37.554,151193,3,1.07686
10,10,1982.78,37.554,151193,2,1.07686
10,1,1096.81,73.642,454558,3,1.07686
10,2,1117.54,73.642,454558,3,1.07686
10,3,1214.6,73.642,454558,2,1.07686
10,4,1463.28,73.642,454558,2,1.07686
10,5,1714.34,73.642,454558,2,1.07686
10,6,2279.89,73.642,454558,4,1.07686
10,7,2286.71,73.642,454558,6,1.07686
10,8,2374.47,73.642,454558,6,1.07686
10,9,2642.51,73.642,454558,4,1.07686
10,10,2661.34,73.642,454558,3,1.07686
10,1,239.437,119.684,490276,2,1.07686
10,2,824.938,119.684,490276,3,1.07686
10,3,1559.46,119.684,490276,3,1.07686
10,4,1859.63,119.684,490276,4,1.07686
10,5,2151.21,119.684,490276,4,1.07686
10,6,2167.26,119.684,490276,3,1.07686
10,7,2693.11,119.684,490276,5,1.07686
10,8,2715.98,119.684,490276,3,1.07686
10,9,2825.92,119.684,490276,4,1.07686
10,10,3166.58,119.684,490276,3,1.07686
10,1,823.546,46.089,252820,4,1.07686
10,2,979.905,46.089,252820,4,1.07686
10,3,982.895,46.089,252820,2,1.07686
10,4,1294.46,46.089,252820,4,1.07686
10,5,1419.74,46.089,252820,3,1.07686
10,6,1440.37,46.089,252820,3,1.07686
10,7,1489.91,46.089,252820,3,1.07686
10,8,1717.08,46.089,252820,3,1.07686
10,9,1791.12,46.089,252820,4,1.07686
10,10,1973.05,46.089,252820,4,1.07686
10,1,709.905,50.729,441040,2,1.07686
10,2,1158.87,50.729,441040,3,1.07686
10,3,1509.34,50.729,441040,2,1.07686
10,4,1672.34,50.729,441040,3,1.07686
10,5,1694.1,50.729,441040,4,1.07686
10,6,1834.61,50.729,441040,3,1.07686
10,7,2161.78,50.729,441040,3,1.07686
10,8,2222.66,50.729,441040,3,1.07686
10,9,2338.13,50.729,441040,6,1.07686
10,10,2423.64,50.729,441040,3,1.07686
10,1,347.405,37.266,243935,2,1.07686
10,2,619.717,37.266,243935,2,1.07686
10,3,904.098,37.266,243935,2,1.07686
10,4,1229.51,37.266,243935,3,1.07686
10,5,1515.51,37.266,243935,3,1.07686
10,6,1570.71,37.266,243935,3,1.07686
10,7,1713.18,37.266,243935,2,1.07686
10,8,1835.17,37.266,243935,3,1.07686
10,9,1857.04,37.266,243935,3,1.07686
10,10,1887.15,37.266,243935,2,1.07686
10,1,522.384,64.093,348867,2,1.07686
10,2,858.735,64.093,348867,2,1.07686
10,3,1512.54,64.093,348867,3,1.07686
10,4,1955,64.093,348867,4,1.07686
10,5,2137.84,64.093,348867,3,1.07686
10,6,2273.95,64.093,348867,5,1.07686
10,7,2470.06,64.093,348867,4,1.07686
10,8,2667.85,64.093,348867,4,1.07686
10,9,2745.13,64.093,348867,5,1.07686
10,10,2767.2,64.093,348867,4,1.07686
10,1,510.311,69.723,501511,2,1.07686
10,2,912.679,69.723,501511,3,1.07686
10,3,996.439,69.723,501511,2,1.07686
10,4,1251.08,69.723,501511,3,1.07686
10,5,1303.72,69.723,501511,2,1.07686
10,6,1886.67,69.723,501511,3,1.07686
10,7,1907.65,69.723,501511,3,1.07686
10,8,2377.34,69.723,501511,4,1.07686
10,9,2473.5,69.723,501511,4,1.07686
10,10,2538.33,69.723,501511,3,1.07686
10,1,317.025,66.321,612332,2,1.07686
10,2,1107.26,66.321,612332,3,1.07686
10,3,1497.91,66.321,612332,3,1.07686
10,4,2035.71,66.321,612332,4,1.07686
10,5,2166.2,66.321,612332,2,1.07686
10,6,2287.97,66.321,612332,6,1.07686
10,7,2297.55,66.321,612332,4,1.07686
10,8,2318.9,66.321,612332,4,1.07686
10,9,2384.81,66.321,612332,4,1.07686
10,10,2391.89,66.321,612332,3,1.07686
10,1,314.072,52.249,281431,2,1.07686
10,2,664.561,52.249,281431,2,1.07686
10,3,1400.66,52.249,281431,3,1.07686
10,4,1719.59,52.249,281431,3,1.07686
10,5,1777.68,52.249,281431,2,1.07686
10,6,1780.32,52.249,281431,4,1.07686
10,7,1782.88,52.249,281431,4,1.07686
10,8,1819.34,52.249,281431,4,1.07686
10,9,2142.58,52.249,281431,3,1.07686
10,10,2270.2,52.249,281431,3,1.07686
10,1,874.273,61.08,239975,2,1.07686
10,2,1037.51,61.08,239975,2,1.07686
10,3,1285.16,61.08,239975,3,1.07686
10,4,1304.39,61.08,239975,3,1.07686
10,5,1831.54,61.08,239975,2,1.07686
10,6,1967.68,61.08,239975,4,1.07686
10,7,2109.55,61.08,239975,2,1.07686
10,8,2156.18,61.08,239975,4,1.07686
10,9,2288.26,61.08,239975,2,1.07686
10,10,2319.19,61.08,239975,4,1.07686
10,1,1472.52,65.507,343213,2,1.07686
10,2,1871.12,65.507,343213,3,1.07686
10,3,1956.55,65.507,343213,4,1.07686
10,4,2000.66,65.507,343213,4,1.07686
10,5,2019.16,65.507,343213,4,1.07686
10,6,2025.97,65.507,343213,4,1.07686
10,7,2240.43,65.507,343213,3,1.07686
10,8,2453.94,65.507,343213,2,1.07686
10,9,2458.72,65.507,343213,5,1.07686
10,10,2469.68,65.507,343213,6,1.07686
10,1,145.89,75.456,853812,2,1.07686
10,2,516.511,75.456,853812,3,1.07686
10,3,1187.04,75.456,853812,3,1.07686
10,4,1475.24,75.456,853812,2,1.07686
10,5,1812.32,75.456,853812,3,1.07686
10,6,1943.99,75.456,853812,2,1.07686
10,7,2084.54,75.456,853812,4,1.07686
10,8,2381.65,75.456,853812,5,1.07686
10,9,2416.53,75.456,853812,3,1.07686
10,10,2578.72,75.456,853812,5,1.07686
10,1,433.368,91.497,497603,2,1.07686
10,2,466.927,91.497,497603,2,1.07686
10,3,551.763,91.497,497603,2,1.07686
10,4,736.11,91.497,497603,2,1.07686
10,5,795.931,91.497,497603,2,1.07686
10,6,1437.03,91.497,497603,3,1.07686
10,7,2085.13,91.497,497603,3,1.07686
10,8,2730.83,91.497,497603,3,1.07686
10,9,2741.77,91.497,497603,3,1.07686
10,10,2796.36,91.497,497603,3,1.07686
10,1,745.547,110.314,995889,2,1.07686
10,2,907.397,110.314,995889,2,1.07686
10,3,1198.83,110.314,995889,3,1.07686
10,4,1286.24,110.314,995889,3,1.07686
10,5,1310.82,110.314,995889,2,1.07686
10,6,1484.03,110.314,995889,4,1.07686
10,7,1795.07,110.314,995889,5,1.07686
10,8,1898.66,110.314,995889,4,1.07686
10,9,2020.11,110.314,995889,4,1.07686
10,10,2208.97,110.314,995889,4,1.07686
10,1,329.612,41.464,139880,2,1.07686
10,2,1073.46,41.464,139880,2,1.07686
10,3,1223.24,41.464,139880,2,1.07686
10,4,1247.12,41.464,139880,2,1.07686
10,5,1283.75,41.464,139880,2,1.07686
10,6,1305.62,41.464,139880,3,1.07686
10,7,1489.43,41.464,139880,3,1.07686
10,8,1761.82,41.464,139880,4,1.07686
10,9,1816.52,41.464,139880,3,1.07686
10,10,1859.58,41.464,139880,4,1.07686
10,1,425.225,121.367,805893,3,1.07686
10,2,447.77,121.367,805893,2,1.07686
10,3,489.47,121.367,805893,2,1.07686
10,4,873.129,121.367,805893,2,1.07686
10,5,1083.61,121.367,805893,2,1.07686
10,6,1469.65,121.367,805893,3,1.07686
10,7,2036.76,121.367,805893,4,1.07686
10,8,2245.5,121.367,805893,4,1.07686
10,9,2953.95,121.367,805893,6,1.07686
10,10,3247.56,121.367,805893,5,1.07686
10,1,243.249,40.827,373621,2,1.07686
10,2,664.287,40.827,373621,2,1.07686
10,3,681.106,40.827,373621,2,1.07686
10,4,863.869,40.827,373621,2,1.07686
10,5,1784.78,40.827,373621,2,1.07686
10,6,1793.17,40.827,373621,3,1.07686
10,7,1867.99,40.827,373621,4,1.07686
10,8,1885.56,40.827,373621,2,1.07686
10,9,2052.24,40.827,373621,2,1.07686
10,10,2082.13,40.827,373621,4,1.07686
10,1,275.944,107.033,629071,2,1.07686
10,2,1282.12,107.033,629071,2,1.07686
10,3,1580.27,107.033,629071,2,1.07686
10,4,2285.04,107.033,629071,4,1.07686
10,5,2297.07,107.033,629071,4,1.07686
10,6,2331.05,107.033,629071,3,1.07686
10,7,2666.53,107.033,629071,5,1.07686
10,8,2726.23,107.033,629071,4,1.07686
10,9,2942.39,107.033,629071,4,1.07686
10,10,2962.5,107.033,629071,4,1.07686
10,1,1583.52,79.938,832160,4,1.07686
10,2,1649.3,79.938,832160,4,1.07686
10,3,1924.13,79.938,832160,3,1.07686
10,4,2012.68,79.938,832160,3,1.07686
10,5,2032.97,79.938,832160,4,1.07686
10,6,2550.42,79.938,832160,4,1.07686
10,7,2648.34,79.938,832160,5,1.07686
10,8,2809.51,79.938,832160,4,1.07686
10,9,2876.24,79.938,832160,5,1.07686
10,10,2898.55,79.938,832160,5,1.07686
10,1,331.789,97.437,352461,2,1.07686
10,2,1521.27,97.437,352461,3,1.07686
10,3,1763.04,97.437,352461,3,1.07686
10,4,2051.97,97.437,352461,5,1.07686
10,5,2644.57,97.437,352461,3,1.07686
10,6,2703.87,97.437,352461,5,1.07686
10,7,2732.26,97.437,352461,5,1.07686
10,8,2876.14,97.437,352461,3,1.07686
10,9,2951.62,97.437,352461,4,1.07686
10,10,2987.05,97.437,352461,4,1.07686
10,1,164.842,89.824,556573,2,1.07686
10,2,918.656,89.824,556573,2,1.07686
10,3,1494.67,89.824,556573,2,1.07686
10,4,1599.66,89.824,556573,4,1.07686
10,5,1635.13,89.824,556573,2,1.07686
10,6,1654.29,89.824,556573,2,1.07686
10,7,1745.06,89.824,556573,4,1.07686
10,8,1801.18,89.824,556573,5,1.07686
10,9,1958.88,89.824,556573,4,1.07686
10,10,2063.82,89.824,556573,4,1.07686
10,1,1090.74,154.429,1.5482e+06,3,1.07686
10,2,2099.73,154.429,1.5482e+06,4,1.07686
10,3,2382.7,154.429,1.5482e+06,3,1.07686
10,4,2748.51,154.429,1.5482e+06,3,1.07686
10,5,2754.53,154.429,1.5482e+06,4,1.07686
10,6,2903.52,154.429,1.5482e+06,3,1.07686
10,7,3115.8,154.429,1.5482e+06,8,1.07686
10,8,3168.69,154.429,1.5482e+06,3,1.07686
10,9,3222.48,154.429,1.5482e+06,3,1.07686
10,10,3325.88,154.429,1.5482e+06,5,1.07686
10,1,393.08,98.232,532242,2,1.07686
10,2,1037.33,98.232,532242,4,1.07686
10,3,1289.51,98.232,532242,2,1.07686
10,4,1450.21,98.232,532242,3,1.07686
10,5,1837.68,98.232,532242,4,1.07686
10,6,2267.01,98.232,532242,5,1.07686
10,7,2466.15,98.232,532242,3,1.07686
10,8,2529.67,98.232,532242,5,1.07686
10,9,2581.81,98.232,532242,3,1.07686
10,10,2669.22,98.232,532242,5,1.07686
10,1,243.311,86.995,782541,2,1.07686
10,2,560.645,86.995,782541,3,1.07686
10,3,1579.05,86.995,782541,3,1.07686
10,4,1684,86.995,782541,4,1.07686
10,5,1838.48,86.995,782541,3,1.07686
10,6,2008.85,86.995,782541,4,1.07686
10,7,2052.09,86.995,782541,2,1.07686
10,8,2064.43,86.995,782541,3,1.07686
10,9,2328.79,86.995,782541,5,1.07686
10,10,2367.67,86.995,782541,4,1.07686
10,1,448.326,74.096,443638,2,1.07686
10,2,1497.65,74.096,443638,3,1.07686
10,3,1520.57,74.096,443638,2,1.07686
10,4,1569.97,74.096,443638,4,1.07686
10,5,1917.97,74.096,443638,4,1.07686
10,6,1953.04,74.096,443638,4,1.07686
10,7,1975.58,74.096,443638,3,1.07686
10,8,2128.03,74.096,443638,2,1.07686
10,9,2428.15,74.096,443638,4,1.07686
10,10,2469.61,74.096,443638,4,1.07686
10,1,987.277,80.223,542355,4,1.07686
10,2,1187.63,80.223,542355,2,1.07686
10,3,1394.52,80.223,542355,3,1.07686
10,4,1606.45,80.223,542355,5,1.07686
10,5,1648.71,80.223,542355,2,1.07686
10,6,1890.33,80.223,542355,5,1.07686
10,7,1967.6,80.223,542355,8,1.07686
10,8,2044.17,80.223,542355,3,1.07686
10,9,2445.02,80.223,542355,5,1.07686
10,10,2574.33,80.223,542355,5,1.07686
10,1,315.913,52.767,278927,2,1.07686
10,2,675.463,52.767,278927,2,1.07686
10,3,951.975,52.767,278927,2,1.07686
10,4,1170.19,52.767,278927,2,1.07686
10,5,1339.22,52.767,278927,2,1.07686
10,6,1439.09,52.767,278927,2,1.07686
10,7,1560.14,52.767,278927,2,1.07686
10,8,1739.59,52.767,278927,3,1.07686
10,9,1916.04,52.767,278927,2,1.07686
10,10,2567.06,52.767,278927,3,1.07686
10,1,69.3542,61.146,358734,2,1.07686
10,2,1317.32,61.146,358734,2,1.07686
10,3,1324.08,61.146,358734,4,1.07686
10,4,1401.95,61.146,358734,3,1.07686
10,5,1457.43,61.146,358734,3,1.07686
10,6,1739.3,61.146,358734,6,1.07686
10,7,1758.1,61.146,358734,6,1.07686
10,8,2273.14,61.146,358734,4,1.07686
10,9,2278.25,61.146,358734,3,1.07686
10,10,2401.58,61.146,358734,6,1.07686
10,1,287.767,97.102,565142,2,1.07686
10,2,1039.45,97.102,565142,2,1.07686
10,3,1356.08,97.102,565142,5,1.07686
10,4,1542.32,97.102,565142,2,1.07686
10,5,1566.7,97.102,565142,3,1.07686
10,6,2139.77,97.102,565142,5,1.07686
10,7,2237.68,97.102,565142,3,1.07686
10,8,2611.35,97.102,565142,2,1.07686
10,9,2731.37,97.102,565142,5,1.07686
10,10,2764.76,97.102,565142,5,1.07686
10,1,1569.75,202.046,1.09401e+06,3,1.07686
10,2,2020.11,202.046,1.09401e+06,4,1.07686
10,3,2170.52,202.046,1.09401e+06,5,1.07686
10,4,2266.71,202.046,1.09401e+06,5,1.07686
10,5,2380,202.046,1.09401e+06,2,1.07686
10,6,2537.6,202.046,1.09401e+06,8,1.07686
10,7,2675.74,202.046,1.09401e+06,8,1.07686
10,8,3316.55,202.046,1.09401e+06,3,1.07686
10,9,3677.46,202.046,1.09401e+06,4,1.07686
10,10,4317.19,202.046,1.09401e+06,6,1.07686
10,1,133.6,72.082,478419,2,1.07686
10,2,534.214,72.082,478419,2,1.07686
10,3,718.267,72.082,478419,3,1.07686
10,4,796.055,72.082,478419,2,1.07686
10,5,806.819,72.082,478419,2,1.07686
10,6,1178.42,72.082,478419,3,1.07686
10,7,1307.02,72.082,478419,3,1.07686
10,8,1981.31,72.082,478419,3,1.07686
10,9,2284.34,72.082,478419,4,1.07686
10,10,2298.08,72.082,478419,3,1.07686
10,1,303.621,84.219,892532,2,1.07686
10,2,1346.78,84.219,892532,3,1.07686
10,3,1641.7,84.219,892532,2,1.07686
10,4,1964.92,84.219,892532,3,1.07686
10,5,2024.98,84.219,892532,5,1.07686
10,6,2223.13,84.219,892532,3,1.07686
10,7,2411.16,84.219,892532,5,1.07686
10,8,2413.67,84.219,892532,5,1.07686
10,9,2470.57,84.219,892532,5,1.07686
10,10,2559.55,84.219,892532,3,1.07686
10,1,596.977,64.643,370282,2,1.07686
10,2,926.035,64.643,370282,2,1.07686
10,3,1168.21,64.643,370282,2,1.07686
10,4,1170.4,64.643,370282,2,1.07686
10,5,1199.58,64.643,370282,4,1.07686
10,6,1441.46,64.643,370282,2,1.07686
10,7,2045.9,64.643,370282,3,1.07686
10,8,2201.54,64.643,370282,3,1.07686
10,9,2348.85,64.643,370282,5,1.07686
10,10,2548.03,64.643,370282,2,1.07686
10,1,1216.38,149.987,1.14418e+06,3,1.07686
10,2,1849.43,149.987,1.14418e+06,4,1.07686
10,3,1873.95,149.987,1.14418e+06,5,1.07686
10,4,1944.07,149.987,1.14418e+06,2,1.07686
10,5,2093.79,149.987,1.14418e+06,3,1.07686
10,6,2095.57,149.987,1.14418e+06,5,1.07686
10,7,2288.83,149.987,1.14418e+06,6,1.07686
10,8,2759.98,149.987,1.14418e+06,6,1.07686
10,9,3021.75,149.987,1.14418e+06,3,1.07686
10,10,3374.89,149.987,1.14418e+06,5,1.07686
10,1,445.072,86.037,313143,2,1.07686
10,2,1100.27,86.037,313143,8,1.07686
10,3,1607.55,86.037,313143,2,1.07686
10,4,1786.94,86.037,313143,8,1.07686
10,5,1919.23,86.037,313143,8,1.07686
10,6,1971.5,86.037,313143,5,1.07686
10,7,2062.83,86.037,313143,4,1.07686
10,8,2100.2,86.037,313143,4,1.07686
10,9,2101.61,86.037,313143,3,1.07686
10,10,2242.65,86.037,313143,4,1.07686
10,1,367.539,99.354,710103,2,1.07686
10,2,739.371,99.354,710103,2,1.07686
10,3,876.056,99.354,710103,2,1.07686
10,4,939.638,99.354,710103,3,1.07686
10,5,1592.46,99.354,710103,4,1.07686
10,6,2185.09,99.354,710103,2,1.07686
10,7,2260.32,99.354,710103,3,1.07686
10,8,2556.41,99.354,710103,5,1.07686
10,9,2588.17,99.354,710103,6,1.07686
10,10,2676.38,99.354,710103,5,1.07686
10,1,671.839,109.116,1.00271e+06,2,1.07686
10,2,1266.38,109.116,1.00271e+06,3,1.07686
10,3,1380.83,109.116,1.00271e+06,3,1.07686
10,4,1414.23,109.116,1.00271e+06,3,1.07686
10,5,1680.66,109.116,1.00271e+06,4,1.07686
10,6,1952.25,109.116,1.00271e+06,4,1.07686
10,7,1988.65,109.116,1.00271e+06,4,1.07686
10,8,2297.38,109.116,1.00271e+06,4,1.07686
10,9,2450.16,109.116,1.00271e+06,6,1.07686
10,10,2783.77,109.116,1.00271e+06,5,1.07686
10,1,128.95,90.491,529809,2,1.07686
10,2,1515.86,90.491,529809,5,1.07686
10,3,1629.04,90.491,529809,3,1.07686
10,4,1723.41,90.491,529809,3,1.07686
10,5,1792.82,90.491,529809,3,1.07686
10,6,2084.5,90.491,529809,4,1.07686
10,7,2231.33,90.491,529809,7,1.07686
10,8,2364.03,90.491,529809,4,1.07686
10,9,2658.85,90.491,529809,5,1.07686
10,10,2719.03,90.491,529809,6,1.07686
10,1,553.983,121.38,315315,3,1.07686
10,2,906.904,121.38,315315,2,1.07686
10,3,926.864,121.38,315315,4,1.07686
10,4,1419.9,121.38,315315,4,1.07686
10,5,1452.48,121.38,315315,3,1.07686
10,6,1661.28,121.38,315315,5,1.07686
10,7,1832.13,121.38,315315,3,1.07686
10,8,1904.6,121.38,315315,6,1.07686
10,9,2518.58,121.38,315315,4,1.07686
10,10,2519.36,121.38,315315,4,1.07686
10,1,1256,113.275,709556,3,1.07686
10,2,1582.72,113.275,709556,4,1.07686
10,3,1783.44,113.275,709556,3,1.07686
10,4,1843.04,113.275,709556,3,1.07686
10,5,2026.03,113.275,709556,4,1.07686
10,6,2049.16,113.275,709556,4,1.07686
10,7,2056.68,113.275,709556,2,1.07686
10,8,2610.6,113.275,709556,4,1.07686
10,9,2778.18,113.275,709556,3,1.07686
10,10,2939.25,113.275,709556,3,1.07686
10,1,313.115,64.599,444895,2,1.07686
10,2,494.41,64.599,444895,2,1.07686
10,3,794.336,64.599,444895,2,1.07686
10,4,1284.51,64.599,444895,2,1.07686
10,5,1321.36,64.599,444895,3,1.07686
10,6,1396.42,64.599,444895,2,1.07686
10,7,1656.98,64.599,444895,4,1.07686
10,8,1930.7,64.599,444895,3,1.07686
10,9,2035.33,64.599,444895,7,1.07686
10,10,2260.51,64.599,444895,4,1.07686
10,1,1185.82,66.474,320164,2,1.07686
10,2,1955.52,66.474,320164,8,1.07686
10,3,2057.01,66.474,320164,4,1.07686
10,4,2085.72,66.474,320164,2,1.07686
10,5,2186.44,66.474,320164,7,1.07686
10,6,2218.73,66.474,320164,6,1.07686
10,7,2250.28,66.474,320164,4,1.07686
10,8,2259.95,66.474,320164,5,1.07686
10,9,2270.2,66.474,320164,2,1.07686
10,10,2605.01,66.474,320164,3,1.07686
10,1,1755.74,60.937,287833,6,1.07686
10,2,1774.23,60.937,287833,9,1.07686
10,3,1785.26,60.937,287833,4,1.07686
10,4,1941.29,60.937,287833,5,1.07686
10,5,1961.02,60.937,287833,4,1.07686
10,6,1963.7,60.937,287833,2,1.07686
10,7,1975.97,60.937,287833,3,1.07686
10,8,2179.12,60.937,287833,4,1.07686
10,9,2207.96,60.937,287833,3,1.07686
10,10,2344.33,60.937,287833,6,1.07686
10,1,402.313,150.074,1.7193e+06,2,1.07686
10,2,1010.94,150.074,1.7193e+06,2,1.07686
10,3,1723.84,150.074,1.7193e+06,5,1.07686
10,4,1876.45,150.074,1.7193e+06,3,1.07686
10,5,1946.72,150.074,1.7193e+06,2,1.07686
10,6,2009.62,150.074,1.7193e+06,3,1.07686
10,7,2047.25,150.074,1.7193e+06,3,1.07686
10,8,2780.38,150.074,1.7193e+06,9,1.07686
10,9,3003.09,150.074,1.7193e+06,4,1.07686
10,10,3088.9,150.074,1.7193e+06,5,1.07686
10,1,699.315,53.234,756228,2,1.07686
10,2,1211.45,53.234,756228,2,1.07686
10,3,1257.13,53.234,756228,2,1.07686
10,4,1290.85,53.234,756228,2,1.07686
10,5,1592.26,53.234,756228,2,1.07686
10,6,1623.59,53.234,756228,2,1.07686
10,7,1834.12,53.234,756228,2,1.07686
10,8,1936.8,53.234,756228,5,1.07686
10,9,1971.66,53.234,756228,2,1.07686
10,10,2091.31,53.234,756228,2,1.07686
10,1,557.713,102.354,1.02845e+06,2,1.07686
10,2,1553.28,102.354,1.02845e+06,3,1.07686
10,3,1691.26,102.354,1.02845e+06,4,1.07686
10,4,1828.47,102.354,1.02845e+06,4,1.07686
10,5,1843.94,102.354,1.02845e+06,3,1.07686
10,6,1876.49,102.354,1.02845e+06,3,1.07686
10,7,1974.8,102.354,1.02845e+06,3,1.07686
10,8,2036.88,102.354,1.02845e+06,4,1.07686
10,9,2463.4,102.354,1.02845e+06,3,1.07686
10,10,2715.46,102.354,1.02845e+06,4,1.07686
10,1,351.141,96.854,518909,2,1.07686
10,2,613.189,96.854,518909,2,1.07686
10,3,1393.51,96.854,518909,4,1.07686
10,4,1598.99,96.854,518909,4,1.07686
10,5,1981.87,96.854,518909,6,1.07686
10,6,2138.16,96.854,518909,4,1.07686
10,7,2507.32,96.854,518909,4,1.07686
10,8,2641.89,96.854,518909,3,1.07686
10,9,2660.03,96.854,518909,7,1.07686
10,10,2752.51,96.854,518909,3,1.07686
10,1,483.647,76.328,667296,2,1.07686
10,2,642.884,76.328,667296,2,1.07686
10,3,884.898,76.328,667296,2,1.07686
10,4,1161.72,76.328,667296,2,1.07686
10,5,2261.86,76.328,667296,5,1.07686
10,6,2478.16,76.328,667296,3,1.07686
10,7,2642.47,76.328,667296,5,1.07686
10,8,2728.94,76.328,667296,4,1.07686
10,9,2901.99,76.328,667296,4,1.07686
10,10,3005.81,76.328,667296,2,1.07686
10,1,265.189,68.443,369972,2,1.07686
10,2,1032.19,68.443,369972,2,1.07686
10,3,1147.14,68.443,369972,3,1.07686
10,4,1377.74,68.443,369972,4,1.07686
10,5,1573.95,68.443,369972,5,1.07686
10,6,1609.11,68.443,369972,3,1.07686
10,7,1655.63,68.443,369972,3,1.07686
10,8,1842.89,68.443,369972,3,1.07686
10,9,2445.56,68.443,369972,3,1.07686
10,10,2465.84,68.443,369972,6,1.07686
10,1,1617.18,48.827,196618,2,1.07686
10,2,1752.61,48.827,196618,2,1.07686
10,3,1824.59,48.827,196618,4,1.07686
10,4,1952.17,48.827,196618,2,1.07686
10,5,2088.12,48.827,196618,4,1.07686
10,6,2138.23,48.827,196618,3,1.07686
10,7,2159.59,48.827,196618,5,1.07686
10,8,2197.84,48.827,196618,3,1.07686
10,9,2198.43,48.827,196618,5,1.07686
10,10,2387.41,48.827,196618,3,1.07686
10,1,1590.58,113.988,719473,5,1.07686
10,2,2009.36,113.988,719473,3,1.07686
10,3,2179.31,113.988,719473,2,1.07686
10,4,2393.51,113.988,719473,3,1.07686
10,5,2550.26,113.988,719473,5,1.07686
10,6,2607.75,113.988,719473,5,1.07686
10,7,2617.9,113.988,719473,4,1.07686
10,8,3029.51,113.988,719473,4,1.07686
10,9,3034.39,113.988,719473,6,1.07686
10,10,3034.79,113.988,719473,4,1.07686
10,1,1104.64,102.636,740952,2,1.07686
10,2,1234.07,102.636,740952,3,1.07686
10,3,1423.86,102.636,740952,3,1.07686
10,4,1430.25,102.636,740952,4,1.07686
10,5,1804.23,102.636,740952,3,1.07686
10,6,2117.08,102.636,740952,4,1.07686
10,7,2340.1,102.636,740952,4,1.07686
10,8,2655.16,102.636,740952,4,1.07686
10,9,2802.07,102.636,740952,4,1.07686
10,10,2848.59,102.636,740952,4,1.07686
10,1,252.517,91.311,466732,2,1.07686
10,2,582.514,91.311,466732,3,1.07686
10,3,1216.31,91.311,466732,4,1.07686
10,4,1241.09,91.311,466732,3,1.07686
10,5,1562.23,91.311,466732,4,1.07686
10,6,2343.52,91.311,466732,4,1.07686
10,7,2453.47,91.311,466732,4,1.07686
10,8,2660.65,91.311,466732,4,1.07686
10,9,2776.13,91.311,466732,7,1.07686
10,10,2817.08,91.311,466732,6,1.07686
10,1,139.846,82.56,299686,2,1.07686
10,2,603.335,82.56,299686,2,1.07686
10,3,1046.46,82.56,299686,2,1.07686
10,4,1599.86,82.56,299686,4,1.07686
10,5,1633.21,82.56,299686,2,1.07686
10,6,1780.34,82.56,299686,4,1.07686
10,7,2168.83,82.56,299686,4,1.07686
10,8,2558.11,82.56,299686,5,1.07686
10,9,2594.27,82.56,299686,4,1.07686
10,10,2737.26,82.56,299686,2,1.07686
10,1,230,153.378,918937,2,1.07686
10,2,844.085,153.378,918937,2,1.07686
10,3,1004.21,153.378,918937,2,1.07686
10,4,1294.46,153.378,918937,4,1.07686
10,5,1450.18,153.378,918937,6,1.07686
10,6,1552.84,153.378,918937,4,1.07686
10,7,1657.19,153.378,918937,6,1.07686
10,8,2159.53,153.378,918937,4,1.07686
10,9,2316.4,153.378,918937,5,1.07686
10,10,2362.06,153.378,918937,3,1.07686
10,1,189.737,45.48,200085,2,1.07686
10,2,741.542,45.48,200085,3,1.07686
10,3,1278.88,45.48,200085,2,1.07686
10,4,1441.63,45.48,200085,3,1.07686
10,5,1711.97,45.48,200085,5,1.07686
10,6,1725.73,45.48,200085,3,1.07686
10,7,1731.1,45.48,200085,5,1.07686
10,8,1761.04,45.48,200085,2,1.07686
10,9,1873.98,45.48,200085,3,1.07686
10,10,2054.21,45.48,200085,4,1.07686
10,1,305.002,91.581,1.00642e+06,2,1.07686
10,2,1113.13,91.581,1.00642e+06,4,1.07686
10,3,1331.48,91.581,1.00642e+06,5,1.07686
10,4,1716.92,91.581,1.00642e+06,4,1.07686
10,5,1909.21,91.581,1.00642e+06,4,1.07686
10,6,2002.74,91.581,1.00642e+06,5,1.07686
10,7,2184.63,91.581,1.00642e+06,4,1.07686
10,8,2321.4,91.581,1.00642e+06,4,1.07686
10,9,2693.56,91.581,1.00642e+06,4,1.07686
10,10,2881.61,91.581,1.00642e+06,4,1.07686
10,1,86.0349,114.749,1.03797e+06,2,1.07686
10,2,975.931,114.749,1.03797e+06,2,1.07686
10,3,1529.17,114.749,1.03797e+06,2,1.07686
10,4,1576.83,114.749,1.03797e+06,3,1.07686
10,5,1601.37,114.749,1.03797e+06,3,1.07686
10,6,1781.79,114.749,1.03797e+06,6,1.07686
10,7,1867.62,114.749,1.03797e+06,4,1.07686
10,8,1947.43,114.749,1.03797e+06,5,1.07686
10,9,2284.55,114.749,1.03797e+06,7,1.07686
10,10,2591.42,114.749,1.03797e+06,2,1.07686
10,1,273.425,38.331,226268,2,1.07686
10,2,281.46,38.331,226268,2,1.07686
10,3,897.893,38.331,226268,3,1.07686
10,4,1046.86,38.331,226268,3,1.07686
10,5,1548.58,38.331,226268,4,1.07686
10,6,1826.56,38.331,226268,7,1.07686
10,7,1840.45,38.331,226268,4,1.07686
10,8,1983.89,38.331,226268,4,1.07686
10,9,2072.01,38.331,226268,4,1.07686
10,10,2156.35,38.331,226268,3,1.07686
10,1,778.859,58.749,272779,3,1.07686
10,2,1304.59,58.749,272779,3,1.07686
10,3,1329.92,58.749,272779,3,1.07686
10,4,1551.75,58.749,272779,3,1.07686
10,5,1733.84,58.749,272779,3,1.07686
10,6,1804.39,58.749,272779,6,1.07686
10,7,2264.72,58.749,272779,6,1.07686
10,8,2319.72,58.749,272779,6,1.07686
10,9,2320.43,58.749,272779,5,1.07686
10,10,2325.81,58.749,272779,6,1.07686
10,1,812.141,147.655,474884,2,1.07686
10,2,1416,147.655,474884,4,1.07686
10,3,1619.25,147.655,474884,4,1.07686
10,4,2651.88,147.655,474884,4,1.07686
10,5,3086.86,147.655,474884,5,1.07686
10,6,3219.98,147.655,474884,6,1.07686
10,7,3233.73,147.655,474884,6,1.07686
10,8,3391.53,147.655,474884,5,1.07686
10,9,3456.77,147.655,474884,5,1.07686
10,10,3729.36,147.655,474884,9,1.07686
10,1,255.018,60.925,225213,2,1.07686
10,2,402.616,60.925,225213,2,1.07686
10,3,560.886,60.925,225213,2,1.07686
10,4,754.135,60.925,225213,2,1.07686
10,5,1242.23,60.925,225213,2,1.07686
10,6,1419.59,60.925,225213,3,1.07686
10,7,1610.14,60.925,225213,3,1.07686
10,8,1678.7,60.925,225213,4,1.07686
10,9,2305.87,60.925,225213,4,1.07686
10,10,2305.95,60.925,225213,5,1.07686
10,1,736.839,271.347,1.67741e+06,2,1.07686
10,2,1084.86,271.347,1.67741e+06,4,1.07686
10,3,1274.42,271.347,1.67741e+06,3,1.07686
10,4,1942.01,271.347,1.67741e+06,4,1.07686
10,5,2438.73,271.347,1.67741e+06,5,1.07686
10,6,2458.61,271.347,1.67741e+06,5,1.07686
10,7,2714.74,271.347,1.67741e+06,5,1.07686
10,8,2755.78,271.347,1.67741e+06,6,1.07686
10,9,2770.82,271.347,1.67741e+06,5,1.07686
10,10,2772.16,271.347,1.67741e+06,3,1.07686
10,1,369.878,36.533,219260,2,1.07686
10,2,473.084,36.533,219260,2,1.07686
10,3,872.68,36.533,219260,3,1.07686
10,4,1053.45,36.533,219260,2,1.07686
10,5,1254.43,36.533,219260,3,1.07686
10,6,1551.78,36.533,219260,2,1.07686
10,7,1742.33,36.533,219260,3,1.07686
10,8,1835.9,36.533,219260,3,1.07686
10,9,1892.19,36.533,219260,3,1.07686
10,10,2041.74,36.533,219260,3,1.07686
10,1,953.234,86.297,399716,3,1.07686
10,2,1548.21,86.297,399716,4,1.07686
10,3,1648.88,86.297,399716,2,1.07686
10,4,1741.1,86.297,399716,3,1.07686
10,5,2027.35,86.297,399716,4,1.07686
10,6,2054.16,86.297,399716,5,1.07686
10,7,2168.17,86.297,399716,2,1.07686
10,8,2233.62,86.297,399716,6,1.07686
10,9,2435.77,86.297,399716,4,1.07686
10,10,2477.11,86.297,399716,5,1.07686
10,1,839.882,68.911,1.01018e+06,2,1.07686
10,2,1186.02,68.911,1.01018e+06,3,1.07686
10,3,1327.56,68.911,1.01018e+06,3,1.07686
10,4,1435.89,68.911,1.01018e+06,4,1.07686
10,5,1448.56,68.911,1.01018e+06,2,1.07686
10,6,1598.77,68.911,1.01018e+06,4,1.07686
10,7,1780.78,68.911,1.01018e+06,4,1.07686
10,8,2086.52,68.911,1.01018e+06,3,1.07686
10,9,2141.96,68.911,1.01018e+06,5,1.07686
10,10,2164.78,68.911,1.01018e+06,4,1.07686
10,1,394.735,133.543,967751,2,1.07686
10,2,676.114,133.543,967751,2,1.07686
10,3,810.444,133.543,967751,2,1.07686
10,4,875.057,133.543,967751,2,1.07686
10,5,1309.14,133.543,967751,3,1.07686
10,6,1575.29,133.543,967751,4,1.07686
10,7,1936.27,133.543,967751,4,1.07686
10,8,2855.7,133.543,967751,3,1.07686
10,9,2865.28,133.543,967751,3,1.07686
10,10,2983.4,133.543,967751,3,1.07686
10,1,1277.55,107.921,690622,2,1.07686
10,2,1528.22,107.921,690622,3,1.07686
10,3,1683.36,107.921,690622,4,1.07686
10,4,1977.98,107.921,690622,6,1.07686
10,5,2060.6,107.921,690622,4,1.07686
10,6,2129.13,107.921,690622,4,1.07686
10,7,2171.06,107.921,690622,4,1.07686
10,8,2459.24,107.921,690622,3,1.07686
10,9,2711.47,107.921,690622,5,1.07686
10,10,2730.39,107.921,690622,2,1.07686
10,1,1062.36,156.901,626704,2,1.07686
10,2,1157.51,156.901,626704,3,1.07686
10,3,1184.54,156.901,626704,2,1.07686
10,4,1356.31,156.901,626704,2,1.07686
10,5,1435.65,156.901,626704,2,1.07686
10,6,1827.36,156.901,626704,2,1.07686
10,7,1975.99,156.901,626704,3,1.07686
10,8,1994.02,156.901,626704,4,1.07686
10,9,2556.95,156.901,626704,4,1.07686
10,10,3445.13,156.901,626704,5,1.07686
10,1,414.673,103.541,669889,2,1.07686
10,2,648.198,103.541,669889,2,1.07686
10,3,873.432,103.541,669889,2,1.07686
10,4,928.31,103.541,669889,2,1.07686
10,5,1219.06,103.541,669889,2,1.07686
10,6,1960.55,103.541,669889,3,1.07686
10,7,2530.45,103.541,669889,3,1.07686
10,8,2681.39,103.541,669889,2,1.07686
10,9,3004.47,103.541,669889,6,1.07686
10,10,3050.92,103.541,669889,3,1.07686
10,1,566.001,139.486,857474,2,1.07686
10,2,1030.71,139.486,857474,3,1.07686
10,3,1219.04,139.486,857474,3,1.07686
10,4,2178.87,139.486,857474,4,1.07686
10,5,2196.32,139.486,857474,3,1.07686
10,6,2525.84,139.486,857474,5,1.07686
10,7,2660.31,139.486,857474,5,1.07686
10,8,2973.52,139.486,857474,6,1.07686
10,9,3020.81,139.486,857474,4,1.07686
10,10,3172.83,139.486,857474,4,1.07686
