K,order,dist,cost_ki,cost_edbt,vnum,density
6,1,310.654,43.329,187048,2,1.07567
6,2,908.351,43.329,187048,2,1.07567
6,3,1049.65,43.329,187048,3,1.07567
6,4,1316.05,43.329,187048,3,1.07567
6,5,1815.46,43.329,187048,4,1.07567
6,6,1880.06,43.329,187048,2,1.07567
6,1,129.653,27.001,110623,2,1.07567
6,2,348.049,27.001,110623,2,1.07567
6,3,682.561,27.001,110623,2,1.07567
6,4,1088.38,27.001,110623,2,1.07567
6,5,1208.57,27.001,110623,2,1.07567
6,6,1329.64,27.001,110623,3,1.07567
6,1,780.506,73.505,178080,3,1.07567
6,2,1327.89,73.505,178080,3,1.07567
6,3,1655.92,73.505,178080,4,1.07567
6,4,2290.26,73.505,178080,4,1.07567
6,5,2547.21,73.505,178080,6,1.07567
6,6,2774.28,73.505,178080,4,1.07567
6,1,1532.91,100.363,386147,3,1.07567
6,2,1738.85,100.363,386147,6,1.07567
6,3,1809.16,100.363,386147,3,1.07567
6,4,2073.47,100.363,386147,4,1.07567
6,5,2392.38,100.363,386147,3,1.07567
6,6,2419.35,100.363,386147,5,1.07567
6,1,461.053,42.806,134533,3,1.07567
6,2,704.858,42.806,134533,4,1.07567
6,3,1359.51,42.806,134533,3,1.07567
6,4,1558.53,42.806,134533,5,1.07567
6,5,1661.49,42.806,134533,5,1.07567
6,6,1709.1,42.806,134533,5,1.07567
6,1,576.642,72.725,253882,2,1.07567
6,2,1959.61,72.725,253882,5,1.07567
6,3,2010.26,72.725,253882,3,1.07567
6,4,2115.08,72.725,253882,3,1.07567
6,5,2203.83,72.725,253882,7,1.07567
6,6,2395.23,72.725,253882,5,1.07567
6,1,357.844,30.099,85888.9,2,1.07567
6,2,883.801,30.099,85888.9,2,1.07567
6,3,1153.84,30.099,85888.9,2,1.07567
6,4,1220.56,30.099,85888.9,2,1.07567
6,5,1421,30.099,85888.9,2,1.07567
6,6,1611.14,30.099,85888.9,4,1.07567
6,1,792.145,61.624,385899,2,1.07567
6,2,823.03,61.624,385899,2,1.07567
6,3,1071.7,61.624,385899,4,1.07567
6,4,1974.07,61.624,385899,3,1.07567
6,5,2330.14,61.624,385899,4,1.07567
6,6,2479.53,61.624,385899,5,1.07567
6,1,374.339,48.44,430541,2,1.07567
6,2,1014.18,48.44,430541,2,1.07567
6,3,1563.83,48.44,430541,4,1.07567
6,4,1574.59,48.44,430541,2,1.07567
6,5,1574.92,48.44,430541,7,1.07567
6,6,1835.97,48.44,430541,2,1.07567
6,1,299.047,109.519,885415,2,1.07567
6,2,800.562,109.519,885415,2,1.07567
6,3,1968.55,109.519,885415,4,1.07567
6,4,2011.39,109.519,885415,4,1.07567
6,5,2348.46,109.519,885415,5,1.07567
6,6,2536.32,109.519,885415,3,1.07567
6,1,440.059,29.545,201320,2,1.07567
6,2,543.68,29.545,201320,2,1.07567
6,3,1119.05,29.545,201320,3,1.07567
6,4,1154.41,29.545,201320,3,1.07567
6,5,1369.95,29.545,201320,3,1.07567
6,6,1584.12,29.545,201320,3,1.07567
6,1,879.439,71.674,429093,2,1.07567
6,2,1506.01,71.674,429093,4,1.07567
6,3,1569.02,71.674,429093,3,1.07567
6,4,2110.66,71.674,429093,5,1.07567
6,5,2140.21,71.674,429093,4,1.07567
6,6,2186.98,71.674,429093,4,1.07567
6,1,569.86,18.157,89669.4,2,1.07567
6,2,714.127,18.157,89669.4,3,1.07567
6,3,830.632,18.157,89669.4,2,1.07567
6,4,1013.88,18.157,89669.4,2,1.07567
6,5,1217.89,18.157,89669.4,2,1.07567
6,6,1418.16,18.157,89669.4,2,1.07567
6,1,728.989,65.332,586487,2,1.07567
6,2,801.285,65.332,586487,3,1.07567
6,3,905.884,65.332,586487,2,1.07567
6,4,1438.77,65.332,586487,2,1.07567
6,5,1741.53,65.332,586487,4,1.07567
6,6,2256.61,65.332,586487,4,1.07567
6,1,1495.14,57.649,375316,3,1.07567
6,2,1537.88,57.649,375316,2,1.07567
6,3,1723.44,57.649,375316,3,1.07567
6,4,2140.45,57.649,375316,6,1.07567
6,5,2214.9,57.649,375316,3,1.07567
6,6,2226.66,57.649,375316,3,1.07567
6,1,798.77,59.227,258416,3,1.07567
6,2,823.199,59.227,258416,2,1.07567
6,3,1729.35,59.227,258416,4,1.07567
6,4,1730.81,59.227,258416,3,1.07567
6,5,2028.27,59.227,258416,3,1.07567
6,6,2039.93,59.227,258416,5,1.07567
6,1,1244.98,80.018,843044,4,1.07567
6,2,1345.65,80.018,843044,3,1.07567
6,3,1602.65,80.018,843044,4,1.07567
6,4,1917.71,80.018,843044,6,1.07567
6,5,2111.48,80.018,843044,4,1.07567
6,6,2267.37,80.018,843044,6,1.07567
6,1,688.547,54.361,349855,2,1.07567
6,2,730.988,54.361,349855,2,1.07567
6,3,1021.77,54.361,349855,4,1.07567
6,4,1754.34,54.361,349855,3,1.07567
6,5,1937.57,54.361,349855,2,1.07567
6,6,2148.96,54.361,349855,3,1.07567
6,1,594.085,27.411,61456.9,2,1.07567
6,2,1005.51,27.411,61456.9,2,1.07567
6,3,1385.72,27.411,61456.9,3,1.07567
6,4,1790.74,27.411,61456.9,3,1.07567
6,5,1805.29,27.411,61456.9,3,1.07567
6,6,1819.84,27.411,61456.9,3,1.07567
6,1,49.2443,40.247,159792,2,1.07567
6,2,424.835,40.247,159792,2,1.07567
6,3,449.013,40.247,159792,2,1.07567
6,4,1567.71,40.247,159792,2,1.07567
6,5,1943.45,40.247,159792,4,1.07567
6,6,2080.82,40.247,159792,4,1.07567
6,1,1040.01,33.83,148880,3,1.07567
6,2,1149.69,33.83,148880,3,1.07567
6,3,1512.85,33.83,148880,2,1.07567
6,4,1530.29,33.83,148880,5,1.07567
6,5,1602.03,33.83,148880,3,1.07567
6,6,1785.64,33.83,148880,2,1.07567
6,1,751.569,69.093,686532,3,1.07567
6,2,756.529,69.093,686532,3,1.07567
6,3,1362.13,69.093,686532,3,1.07567
6,4,1880.58,69.093,686532,4,1.07567
6,5,2014.86,69.093,686532,4,1.07567
6,6,2154.78,69.093,686532,3,1.07567
6,1,466.169,37.815,160886,2,1.07567
6,2,680.25,37.815,160886,2,1.07567
6,3,1155.42,37.815,160886,2,1.07567
6,4,1206.39,37.815,160886,2,1.07567
6,5,1219.81,37.815,160886,2,1.07567
6,6,1826.26,37.815,160886,2,1.07567
6,1,621.682,80.257,556018,2,1.07567
6,2,1505.95,80.257,556018,3,1.07567
6,3,1857.47,80.257,556018,3,1.07567
6,4,1909.86,80.257,556018,3,1.07567
6,5,2170.96,80.257,556018,4,1.07567
6,6,2251.13,80.257,556018,3,1.07567
6,1,969.799,45.648,144551,3,1.07567
6,2,1329.9,45.648,144551,4,1.07567
6,3,1446.58,45.648,144551,3,1.07567
6,4,1724.43,45.648,144551,4,1.07567
6,5,1728.39,45.648,144551,3,1.07567
6,6,1735.75,45.648,144551,4,1.07567
6,1,100,33.172,151331,2,1.07567
6,2,837.712,33.172,151331,2,1.07567
6,3,875.648,33.172,151331,2,1.07567
6,4,1079.48,33.172,151331,2,1.07567
6,5,1628.79,33.172,151331,4,1.07567
6,6,1677.01,33.172,151331,6,1.07567
6,1,301.761,26.233,212276,2,1.07567
6,2,714.02,26.233,212276,2,1.07567
6,3,1090.11,26.233,212276,2,1.07567
6,4,1254.54,26.233,212276,2,1.07567
6,5,1520.85,26.233,212276,2,1.07567
6,6,1690.78,26.233,212276,2,1.07567
6,1,643.093,31.065,189828,2,1.07567
6,2,736.961,31.065,189828,2,1.07567
6,3,763.121,31.065,189828,2,1.07567
6,4,1391.05,31.065,189828,2,1.07567
6,5,1426.91,31.065,189828,3,1.07567
6,6,1716.9,31.065,189828,2,1.07567
6,1,1446.01,50.793,286459,4,1.07567
6,2,1787.28,50.793,286459,5,1.07567
6,3,1837.84,50.793,286459,3,1.07567
6,4,1866.16,50.793,286459,7,1.07567
6,5,1909.24,50.793,286459,4,1.07567
6,6,1916.73,50.793,286459,6,1.07567
6,1,978.174,50.367,270810,2,1.07567
6,2,1387.3,50.367,270810,4,1.07567
6,3,1868.86,50.367,270810,4,1.07567
6,4,1960,50.367,270810,4,1.07567
6,5,2232.51,50.367,270810,4,1.07567
6,6,2261.22,50.367,270810,7,1.07567
6,1,174.428,19.376,78020.2,2,1.07567
6,2,563.366,19.376,78020.2,2,1.07567
6,3,1070.07,19.376,78020.2,2,1.07567
6,4,1138,19.376,78020.2,2,1.07567
6,5,1192.13,19.376,78020.2,2,1.07567
6,6,1426.66,19.376,78020.2,2,1.07567
6,1,105.683,54.276,344630,2,1.07567
6,2,203.855,54.276,344630,2,1.07567
6,3,1238.42,54.276,344630,3,1.07567
6,4,1554.03,54.276,344630,3,1.07567
6,5,1787.09,54.276,344630,5,1.07567
6,6,1877.82,54.276,344630,5,1.07567
6,1,391.635,22.071,100475,2,1.07567
6,2,710.985,22.071,100475,3,1.07567
6,3,1171.84,22.071,100475,2,1.07567
6,4,1409.42,22.071,100475,4,1.07567
6,5,1435.72,22.071,100475,3,1.07567
6,6,1557.33,22.071,100475,3,1.07567
6,1,531.159,57.257,586299,2,1.07567
6,2,774.584,57.257,586299,2,1.07567
6,3,1370.69,57.257,586299,2,1.07567
6,4,1821.8,57.257,586299,3,1.07567
6,5,1888,57.257,586299,2,1.07567
6,6,2299.2,57.257,586299,3,1.07567
6,1,576.647,44.642,434412,2,1.07567
6,2,602.209,44.642,434412,3,1.07567
6,3,1072.36,44.642,434412,3,1.07567
6,4,1385.72,44.642,434412,4,1.07567
6,5,1771.6,44.642,434412,3,1.07567
6,6,1943.12,44.642,434412,3,1.07567
6,1,1481.24,40.06,118256,3,1.07567
6,2,1511.45,40.06,118256,2,1.07567
6,3,1619.31,40.06,118256,3,1.07567
6,4,1854.46,40.06,118256,5,1.07567
6,5,1952.8,40.06,118256,3,1.07567
6,6,1983.15,40.06,118256,3,1.07567
6,1,395.285,26.759,433763,2,1.07567
6,2,418.905,26.759,433763,2,1.07567
6,3,955.144,26.759,433763,2,1.07567
6,4,1010.67,26.759,433763,2,1.07567
6,5,1090.7,26.759,433763,2,1.07567
6,6,1130.11,26.759,433763,2,1.07567
6,1,282.837,57.948,363394,2,1.07567
6,2,1036.75,57.948,363394,2,1.07567
6,3,1554.4,57.948,363394,5,1.07567
6,4,1686.19,57.948,363394,4,1.07567
6,5,1737.82,57.948,363394,5,1.07567
6,6,1832.76,57.948,363394,3,1.07567
6,1,696.96,58.652,387405,2,1.07567
6,2,1511.53,58.652,387405,3,1.07567
6,3,1823.13,58.652,387405,4,1.07567
6,4,1973.82,58.652,387405,7,1.07567
6,5,2058.79,58.652,387405,4,1.07567
6,6,2066.11,58.652,387405,3,1.07567
6,1,670.361,41.883,208680,2,1.07567
6,2,672.067,41.883,208680,3,1.07567
6,3,901.428,41.883,208680,3,1.07567
6,4,1172.35,41.883,208680,3,1.07567
6,5,1439.34,41.883,208680,3,1.07567
6,6,1697.65,41.883,208680,11,1.07567
6,1,889.2,52.497,247406,2,1.07567
6,2,1167.18,52.497,247406,2,1.07567
6,3,1464.77,52.497,247406,2,1.07567
6,4,1621.59,52.497,247406,2,1.07567
6,5,1911.74,52.497,247406,3,1.07567
6,6,1952.46,52.497,247406,10,1.07567
6,1,326.497,17.923,151188,2,1.07567
6,2,744.099,17.923,151188,2,1.07567
6,3,807.813,17.923,151188,2,1.07567
6,4,950.522,17.923,151188,2,1.07567
6,5,962.219,17.923,151188,2,1.07567
6,6,1075.91,17.923,151188,4,1.07567
6,1,468.728,40.024,214899,2,1.07567
6,2,782.059,40.024,214899,2,1.07567
6,3,1065.13,40.024,214899,5,1.07567
6,4,1146.52,40.024,214899,5,1.07567
6,5,1338.46,40.024,214899,3,1.07567
6,6,1841.12,40.024,214899,5,1.07567
6,1,140.431,32.631,194646,2,1.07567
6,2,777.165,32.631,194646,2,1.07567
6,3,1374.7,32.631,194646,4,1.07567
6,4,1387.46,32.631,194646,2,1.07567
6,5,1432.51,32.631,194646,4,1.07567
6,6,1834.47,32.631,194646,4,1.07567
6,1,1144.65,90.669,551418,3,1.07567
6,2,1942.56,90.669,551418,3,1.07567
6,3,1957.97,90.669,551418,3,1.07567
6,4,2011.41,90.669,551418,5,1.07567
6,5,2221.14,90.669,551418,3,1.07567
6,6,2404.67,90.669,551418,4,1.07567
6,1,1290.59,39.813,276979,2,1.07567
6,2,1452.3,39.813,276979,2,1.07567
6,3,1706.7,39.813,276979,4,1.07567
6,4,1727.37,39.813,276979,2,1.07567
6,5,1896.78,39.813,276979,3,1.07567
6,6,1936.24,39.813,276979,2,1.07567
6,1,1244.21,108.216,622180,2,1.07567
6,2,1435.24,108.216,622180,2,1.07567
6,3,1677.06,108.216,622180,2,1.07567
6,4,1982.15,108.216,622180,4,1.07567
6,5,2176.13,108.216,622180,4,1.07567
6,6,2257.15,108.216,622180,4,1.07567
6,1,581.984,51.559,407792,2,1.07567
6,2,594.778,51.559,407792,4,1.07567
6,3,858.87,51.559,407792,2,1.07567
6,4,1396.04,51.559,407792,2,1.07567
6,5,1764.81,51.559,407792,4,1.07567
6,6,1860.7,51.559,407792,5,1.07567
6,1,126.57,37.099,139847,2,1.07567
6,2,647.571,37.099,139847,2,1.07567
6,3,661.92,37.099,139847,3,1.07567
6,4,1188.59,37.099,139847,3,1.07567
6,5,1207.23,37.099,139847,2,1.07567
6,6,1208.06,37.099,139847,2,1.07567
6,1,156.541,56.343,176875,2,1.07567
6,2,906.108,56.343,176875,2,1.07567
6,3,956.152,56.343,176875,3,1.07567
6,4,1567.37,56.343,176875,3,1.07567
6,5,2140.98,56.343,176875,6,1.07567
6,6,2144.03,56.343,176875,2,1.07567
6,1,906.705,62.152,537919,2,1.07567
6,2,1501.15,62.152,537919,3,1.07567
6,3,1729.26,62.152,537919,4,1.07567
6,4,1816.48,62.152,537919,3,1.07567
6,5,1840.96,62.152,537919,3,1.07567
6,6,2106.41,62.152,537919,4,1.07567
6,1,773.802,34.961,146130,2,1.07567
6,2,896.275,34.961,146130,2,1.07567
6,3,1367.31,34.961,146130,3,1.07567
6,4,1386.43,34.961,146130,2,1.07567
6,5,1544.64,34.961,146130,2,1.07567
6,6,1681.01,34.961,146130,3,1.07567
6,1,426.499,52.196,277773,2,1.07567
6,2,631.699,52.196,277773,2,1.07567
6,3,653.502,52.196,277773,3,1.07567
6,4,674.983,52.196,277773,2,1.07567
6,5,1364.72,52.196,277773,2,1.07567
6,6,1961.02,52.196,277773,4,1.07567
6,1,294.783,43.781,213666,2,1.07567
6,2,843.633,43.781,213666,3,1.07567
6,3,1093.04,43.781,213666,2,1.07567
6,4,1233.99,43.781,213666,4,1.07567
6,5,1385.14,43.781,213666,3,1.07567
6,6,1396.35,43.781,213666,2,1.07567
6,1,847.835,69.367,196085,3,1.07567
6,2,974.142,69.367,196085,4,1.07567
6,3,1618.67,69.367,196085,4,1.07567
6,4,1634.72,69.367,196085,4,1.07567
6,5,1683.4,69.367,196085,4,1.07567
6,6,1941.84,69.367,196085,3,1.07567
6,1,1313.06,46.855,322428,2,1.07567
6,2,1486.33,46.855,322428,4,1.07567
6,3,1521.4,46.855,322428,3,1.07567
6,4,1642.09,46.855,322428,4,1.07567
6,5,1767.89,46.855,322428,3,1.07567
6,6,1820.24,46.855,322428,3,1.07567
6,1,436.125,34.274,83127.4,2,1.07567
6,2,499.064,34.274,83127.4,2,1.07567
6,3,809.944,34.274,83127.4,2,1.07567
6,4,1001.8,34.274,83127.4,2,1.07567
6,5,1157.57,34.274,83127.4,2,1.07567
6,6,1454.07,34.274,83127.4,4,1.07567
6,1,838.287,38.449,90972.1,3,1.07567
6,2,1239.93,38.449,90972.1,3,1.07567
6,3,1418.66,38.449,90972.1,3,1.07567
6,4,1751.69,38.449,90972.1,3,1.07567
6,5,1810.44,38.449,90972.1,5,1.07567
6,6,2051.44,38.449,90972.1,3,1.07567
6,1,335.219,57.752,465770,2,1.07567
6,2,1402.05,57.752,465770,4,1.07567
6,3,1450.76,57.752,465770,2,1.07567
6,4,1807.95,57.752,465770,3,1.07567
6,5,2002.21,57.752,465770,3,1.07567
6,6,2065.24,57.752,465770,3,1.07567
6,1,536.574,20.069,59782.8,2,1.07567
6,2,601.562,20.069,59782.8,3,1.07567
6,3,705.16,20.069,59782.8,2,1.07567
6,4,744.259,20.069,59782.8,2,1.07567
6,5,1134.27,20.069,59782.8,2,1.07567
6,6,1154.09,20.069,59782.8,3,1.07567
6,1,969.26,44.896,243614,3,1.07567
6,2,1093.05,44.896,243614,2,1.07567
6,3,1478.34,44.896,243614,3,1.07567
6,4,1648.71,44.896,243614,2,1.07567
6,5,1865.87,44.896,243614,2,1.07567
6,6,2083.81,44.896,243614,5,1.07567
6,1,304.818,23.095,176197,2,1.07567
6,2,475.818,23.095,176197,3,1.07567
6,3,534.993,23.095,176197,2,1.07567
6,4,1130.54,23.095,176197,4,1.07567
6,5,1322.44,23.095,176197,4,1.07567
6,6,1366.53,23.095,176197,3,1.07567
6,1,236.425,14.346,116280,2,1.07567
6,2,432.723,14.346,116280,2,1.07567
6,3,472.95,14.346,116280,2,1.07567
6,4,661.774,14.346,116280,2,1.07567
6,5,736.213,14.346,116280,2,1.07567
6,6,1028.38,14.346,116280,4,1.07567
6,1,319.812,58.512,211105,2,1.07567
6,2,426.214,58.512,211105,2,1.07567
6,3,465.431,58.512,211105,2,1.07567
6,4,898.246,58.512,211105,2,1.07567
6,5,1743.38,58.512,211105,2,1.07567
6,6,2194.68,58.512,211105,3,1.07567
6,1,385.417,58.081,487977,2,1.07567
6,2,1202.31,58.081,487977,5,1.07567
6,3,1277.88,58.081,487977,4,1.07567
6,4,1797.56,58.081,487977,4,1.07567
6,5,1838.96,58.081,487977,5,1.07567
6,6,1920.96,58.081,487977,4,1.07567
6,1,571.906,120.508,707039,2,1.07567
6,2,1419.35,120.508,707039,3,1.07567
6,3,1620.55,120.508,707039,3,1.07567
6,4,1661.78,120.508,707039,5,1.07567
6,5,2335.11,120.508,707039,5,1.07567
6,6,2410.95,120.508,707039,3,1.07567
6,1,690.341,78.772,796180,3,1.07567
6,2,765.405,78.772,796180,2,1.07567
6,3,1681.65,78.772,796180,6,1.07567
6,4,1880.27,78.772,796180,2,1.07567
6,5,2022.65,78.772,796180,5,1.07567
6,6,2119.13,78.772,796180,4,1.07567
6,1,1016.63,67.541,2.02053e+06,2,1.07567
6,2,1348.94,67.541,2.02053e+06,4,1.07567
6,3,1444.18,67.541,2.02053e+06,3,1.07567
6,4,2011.88,67.541,2.02053e+06,5,1.07567
6,5,2852.61,67.541,2.02053e+06,6,1.07567
6,6,2902.31,67.541,2.02053e+06,6,1.07567
6,1,692.28,40.689,126872,2,1.07567
6,2,997.164,40.689,126872,2,1.07567
6,3,1483.69,40.689,126872,4,1.07567
6,4,1585.82,40.689,126872,3,1.07567
6,5,1762.47,40.689,126872,4,1.07567
6,6,1961.6,40.689,126872,4,1.07567
6,1,536.43,35.845,237921,2,1.07567
6,2,965.691,35.845,237921,2,1.07567
6,3,1062.19,35.845,237921,2,1.07567
6,4,1564.13,35.845,237921,6,1.07567
6,5,1820.26,35.845,237921,7,1.07567
6,6,1867.77,35.845,237921,2,1.07567
6,1,1095.51,32.963,110173,2,1.07567
6,2,1260.38,32.963,110173,3,1.07567
6,3,1357.15,32.963,110173,2,1.07567
6,4,1389.51,32.963,110173,2,1.07567
6,5,1794.32,32.963,110173,5,1.07567
6,6,1920.19,32.963,110173,3,1.07567
6,1,630.259,42.966,207073,2,1.07567
6,2,906.927,42.966,207073,3,1.07567
6,3,1514.96,42.966,207073,4,1.07567
6,4,1793.96,42.966,207073,5,1.07567
6,5,1812.3,42.966,207073,6,1.07567
6,6,1895.85,42.966,207073,3,1.07567
6,1,319.695,78.593,729590,2,1.07567
6,2,718.672,78.593,729590,2,1.07567
6,3,1703.54,78.593,729590,3,1.07567
6,4,1753.26,78.593,729590,4,1.07567
6,5,2186.23,78.593,729590,3,1.07567
6,6,2223.65,78.593,729590,3,1.07567
6,1,444.933,56.736,309034,2,1.07567
6,2,820.33,56.736,309034,2,1.07567
6,3,1458.96,56.736,309034,3,1.07567
6,4,1680.57,56.736,309034,4,1.07567
6,5,1778.08,56.736,309034,5,1.07567
6,6,2080.64,56.736,309034,5,1.07567
6,1,396.727,14.723,103545,2,1.07567
6,2,561.941,14.723,103545,2,1.07567
6,3,644.113,14.723,103545,2,1.07567
6,4,824.285,14.723,103545,2,1.07567
6,5,963.448,14.723,103545,2,1.07567
6,6,1259.86,14.723,103545,2,1.07567
6,1,687.221,127.688,1.04992e+06,2,1.07567
6,2,882.214,127.688,1.04992e+06,3,1.07567
6,3,1739.61,127.688,1.04992e+06,4,1.07567
6,4,2170.62,127.688,1.04992e+06,4,1.07567
6,5,2220.24,127.688,1.04992e+06,3,1.07567
6,6,2667.13,127.688,1.04992e+06,6,1.07567
6,1,138.398,45.93,351769,2,1.07567
6,2,340.485,45.93,351769,2,1.07567
6,3,808.654,45.93,351769,2,1.07567
6,4,1574.14,45.93,351769,2,1.07567
6,5,1848.25,45.93,351769,2,1.07567
6,6,1854.55,45.93,351769,3,1.07567
6,1,483.083,41.789,171848,2,1.07567
6,2,1063.73,41.789,171848,3,1.07567
6,3,1102.63,41.789,171848,3,1.07567
6,4,1421.73,41.789,171848,3,1.07567
6,5,1810.15,41.789,171848,3,1.07567
6,6,1826.02,41.789,171848,4,1.07567
6,1,192.284,74.135,563173,2,1.07567
6,2,532.658,74.135,563173,2,1.07567
6,3,1032.12,74.135,563173,2,1.07567
6,4,1327.19,74.135,563173,3,1.07567
6,5,1660.84,74.135,563173,3,1.07567
6,6,2229.91,74.135,563173,4,1.07567
6,1,228.32,86.186,182771,2,1.07567
6,2,260.893,86.186,182771,2,1.07567
6,3,1001.07,86.186,182771,5,1.07567
6,4,1211.83,86.186,182771,4,1.07567
6,5,1393.96,86.186,182771,3,1.07567
6,6,1548.7,86.186,182771,3,1.07567
6,1,296.493,23.477,420231,2,1.07567
6,2,611.641,23.477,420231,2,1.07567
6,3,827.886,23.477,420231,2,1.07567
6,4,1214.62,23.477,420231,2,1.07567
6,5,1348.59,23.477,420231,2,1.07567
6,6,1361.02,23.477,420231,4,1.07567
6,1,1466.51,52.262,97353.8,4,1.07567
6,2,1652.39,52.262,97353.8,3,1.07567
6,3,1789.44,52.262,97353.8,3,1.07567
6,4,1831.17,52.262,97353.8,4,1.07567
6,5,1914.04,52.262,97353.8,4,1.07567
6,6,1985.97,52.262,97353.8,3,1.07567
6,1,1530.72,51.695,232244,4,1.07567
6,2,1590.56,51.695,232244,3,1.07567
6,3,1635.69,51.695,232244,4,1.07567
6,4,1683.42,51.695,232244,4,1.07567
6,5,1835.15,51.695,232244,4,1.07567
6,6,1946.35,51.695,232244,4,1.07567
6,1,1389.25,60.428,151216,4,1.07567
6,2,1524.03,60.428,151216,4,1.07567
6,3,1847.62,60.428,151216,5,1.07567
6,4,2193.65,60.428,151216,8,1.07567
6,5,2201.02,60.428,151216,3,1.07567
6,6,2522.96,60.428,151216,7,1.07567
6,1,408.192,67.952,524943,3,1.07567
6,2,564.335,67.952,524943,2,1.07567
6,3,787.121,67.952,524943,2,1.07567
6,4,2180.59,67.952,524943,4,1.07567
6,5,2222.78,67.952,524943,3,1.07567
6,6,2286.05,67.952,524943,6,1.07567
6,1,285.855,30.901,103375,2,1.07567
6,2,516.706,30.901,103375,2,1.07567
6,3,660.812,30.901,103375,2,1.07567
6,4,861.301,30.901,103375,3,1.07567
6,5,1401,30.901,103375,2,1.07567
6,6,1567.49,30.901,103375,3,1.07567
6,1,392.061,40.44,360576,3,1.07567
6,2,536.162,40.44,360576,3,1.07567
6,3,1481.63,40.44,360576,2,1.07567
6,4,1555.4,40.44,360576,2,1.07567
6,5,1559.5,40.44,360576,3,1.07567
6,6,1887.89,40.44,360576,3,1.07567
6,1,832.541,23.679,273682,2,1.07567
6,2,1066.75,23.679,273682,2,1.07567
6,3,1099.86,23.679,273682,3,1.07567
6,4,1376.79,23.679,273682,2,1.07567
6,5,1511.55,23.679,273682,2,1.07567
6,6,1559.93,23.679,273682,2,1.07567
6,1,767.594,38.954,191119,2,1.07567
6,2,1566.43,38.954,191119,3,1.07567
6,3,2136.93,38.954,191119,3,1.07567
6,4,2159.99,38.954,191119,5,1.07567
6,5,2223.97,38.954,191119,5,1.07567
6,6,2225.63,38.954,191119,2,1.07567
6,1,652.05,50.578,167561,2,1.07567
6,2,1274.11,50.578,167561,5,1.07567
6,3,1415,50.578,167561,2,1.07567
6,4,1456.86,50.578,167561,4,1.07567
6,5,1730.93,50.578,167561,5,1.07567
6,6,1735.36,50.578,167561,2,1.07567
6,1,349.768,11.9,107381,2,1.07567
6,2,517.088,11.9,107381,2,1.07567
6,3,556.922,11.9,107381,2,1.07567
6,4,601.14,11.9,107381,2,1.07567
6,5,727.231,11.9,107381,2,1.07567
6,6,826.291,11.9,107381,2,1.07567
6,1,213.335,97.953,635540,2,1.07567
6,2,1286.23,97.953,635540,4,1.07567
6,3,1790.63,97.953,635540,4,1.07567
6,4,2008.1,97.953,635540,4,1.07567
6,5,2230.72,97.953,635540,4,1.07567
6,6,2252.57,97.953,635540,5,1.07567
6,1,778.283,39.04,226095,2,1.07567
6,2,1406.21,39.04,226095,3,1.07567
6,3,1657.6,39.04,226095,4,1.07567
6,4,1660.57,39.04,226095,3,1.07567
6,5,1881.45,39.04,226095,4,1.07567
6,6,1926.66,39.04,226095,3,1.07567
6,1,263.105,96.986,832349,2,1.07567
6,2,1191.52,96.986,832349,2,1.07567
6,3,1620.21,96.986,832349,2,1.07567
6,4,1922.14,96.986,832349,5,1.07567
6,5,1959.46,96.986,832349,4,1.07567
6,6,2471.55,96.986,832349,5,1.07567
6,1,274.653,39.86,125615,2,1.07567
6,2,853.198,39.86,125615,2,1.07567
6,3,990.419,39.86,125615,2,1.07567
6,4,1459.79,39.86,125615,2,1.07567
6,5,2004.37,39.86,125615,4,1.07567
6,6,2109.67,39.86,125615,4,1.07567
6,1,89.1403,21.738,202259,2,1.07567
6,2,492.264,21.738,202259,2,1.07567
6,3,757.476,21.738,202259,2,1.07567
6,4,890.126,21.738,202259,2,1.07567
6,5,1044.41,21.738,202259,3,1.07567
6,6,1486.28,21.738,202259,2,1.07567
6,1,423.625,71.764,392380,3,1.07567
6,2,1407.52,71.764,392380,3,1.07567
6,3,1433.51,71.764,392380,3,1.07567
6,4,1613.91,71.764,392380,3,1.07567
6,5,1685.52,71.764,392380,5,1.07567
6,6,1918.89,71.764,392380,4,1.07567
6,1,847.496,71.296,353339,2,1.07567
6,2,1414.4,71.296,353339,4,1.07567
6,3,2022.16,71.296,353339,6,1.07567
6,4,2174.42,71.296,353339,3,1.07567
6,5,2341.76,71.296,353339,4,1.07567
6,6,2414.14,71.296,353339,2,1.07567
6,1,533.976,19.432,65300.2,2,1.07567
6,2,787.844,19.432,65300.2,2,1.07567
6,3,791.103,19.432,65300.2,2,1.07567
6,4,1003,19.432,65300.2,2,1.07567
6,5,1112.49,19.432,65300.2,2,1.07567
6,6,1133.58,19.432,65300.2,2,1.07567
6,1,459.372,100.011,1.12723e+06,4,1.07567
6,2,854.071,100.011,1.12723e+06,2,1.07567
6,3,1851.89,100.011,1.12723e+06,5,1.07567
6,4,2095.97,100.011,1.12723e+06,4,1.07567
6,5,2265.53,100.011,1.12723e+06,4,1.07567
6,6,2842.48,100.011,1.12723e+06,5,1.07567
6,1,1348.6,70.082,320838,3,1.07567
6,2,1441.65,70.082,320838,3,1.07567
6,3,1886.64,70.082,320838,4,1.07567
6,4,2156.26,70.082,320838,3,1.07567
6,5,2199.49,70.082,320838,4,1.07567
6,6,2349.51,70.082,320838,3,1.07567
6,1,322.883,52.706,270711,3,1.07567
6,2,576.111,52.706,270711,3,1.07567
6,3,983.692,52.706,270711,2,1.07567
6,4,1536.85,52.706,270711,5,1.07567
6,5,1559.8,52.706,270711,5,1.07567
6,6,1838.74,52.706,270711,6,1.07567
6,1,448.055,62.72,494703,2,1.07567
6,2,987.147,62.72,494703,4,1.07567
6,3,1077.8,62.72,494703,8,1.07567
6,4,1367.41,62.72,494703,5,1.07567
6,5,1455.71,62.72,494703,5,1.07567
6,6,1520.24,62.72,494703,3,1.07567
6,1,416.266,76.688,260348,2,1.07567
6,2,486.202,76.688,260348,2,1.07567
6,3,726.972,76.688,260348,2,1.07567
6,4,1672.82,76.688,260348,9,1.07567
6,5,2011.33,76.688,260348,6,1.07567
6,6,2217.25,76.688,260348,7,1.07567
6,1,310.807,41.656,145481,2,1.07567
6,2,1058.3,41.656,145481,2,1.07567
6,3,1139.29,41.656,145481,2,1.07567
6,4,1575.99,41.656,145481,2,1.07567
6,5,1620.02,41.656,145481,3,1.07567
6,6,1665.15,41.656,145481,3,1.07567
6,1,1498.38,75.876,505968,4,1.07567
6,2,1610.94,75.876,505968,5,1.07567
6,3,1951.42,75.876,505968,5,1.07567
6,4,2481.23,75.876,505968,5,1.07567
6,5,2661.07,75.876,505968,2,1.07567
6,6,2664.64,75.876,505968,4,1.07567
6,1,768.173,39.214,108347,2,1.07567
6,2,978.215,39.214,108347,2,1.07567
6,3,1829.38,39.214,108347,2,1.07567
6,4,1975.88,39.214,108347,4,1.07567
6,5,2080.11,39.214,108347,3,1.07567
6,6,2158.72,39.214,108347,4,1.07567
6,1,694.426,84.615,379172,2,1.07567
6,2,781.047,84.615,379172,2,1.07567
6,3,1080.78,84.615,379172,3,1.07567
6,4,1306.6,84.615,379172,2,1.07567
6,5,1749.09,84.615,379172,5,1.07567
6,6,2435.72,84.615,379172,4,1.07567
6,1,224.891,78.926,254757,2,1.07567
6,2,545.815,78.926,254757,2,1.07567
6,3,1372.33,78.926,254757,3,1.07567
6,4,1714.16,78.926,254757,4,1.07567
6,5,2155.11,78.926,254757,8,1.07567
6,6,2157.46,78.926,254757,7,1.07567
6,1,1062.64,39.731,182892,2,1.07567
6,2,1121.49,39.731,182892,4,1.07567
6,3,1343.96,39.731,182892,4,1.07567
6,4,1459.29,39.731,182892,6,1.07567
6,5,1583.08,39.731,182892,3,1.07567
6,6,1777.8,39.731,182892,3,1.07567
6,1,565.602,64.37,155785,2,1.07567
6,2,1401.22,64.37,155785,4,1.07567
6,3,1439.01,64.37,155785,3,1.07567
6,4,1527.72,64.37,155785,2,1.07567
6,5,1893.91,64.37,155785,4,1.07567
6,6,1896.83,64.37,155785,5,1.07567
6,1,433.425,16.945,73797.2,2,1.07567
6,2,787.109,16.945,73797.2,2,1.07567
6,3,1006.94,16.945,73797.2,2,1.07567
6,4,1099.93,16.945,73797.2,3,1.07567
6,5,1218.02,16.945,73797.2,3,1.07567
6,6,1477.03,16.945,73797.2,4,1.07567
6,1,999.54,49.749,116521,2,1.07567
6,2,1665.99,49.749,116521,4,1.07567
6,3,1843.87,49.749,116521,2,1.07567
6,4,1868.61,49.749,116521,2,1.07567
6,5,1989.16,49.749,116521,4,1.07567
6,6,2058.71,49.749,116521,2,1.07567
6,1,233.452,69.577,419315,2,1.07567
6,2,1041.03,69.577,419315,3,1.07567
6,3,1109.4,69.577,419315,2,1.07567
6,4,1206.83,69.577,419315,2,1.07567
6,5,1457.33,69.577,419315,2,1.07567
6,6,1601.42,69.577,419315,3,1.07567
6,1,1299.65,93.822,222838,2,1.07567
6,2,1644.5,93.822,222838,4,1.07567
6,3,1858.21,93.822,222838,2,1.07567
6,4,1960.6,93.822,222838,2,1.07567
6,5,2174.44,93.822,222838,4,1.07567
6,6,2349.73,93.822,222838,4,1.07567
6,1,195.474,44.962,243638,2,1.07567
6,2,1066.12,44.962,243638,4,1.07567
6,3,1076.49,44.962,243638,3,1.07567
6,4,1114.65,44.962,243638,2,1.07567
6,5,1281.19,44.962,243638,4,1.07567
6,6,1861.29,44.962,243638,4,1.07567
6,1,1944.27,80.637,244151,2,1.07567
6,2,2025.1,80.637,244151,5,1.07567
6,3,2080.23,80.637,244151,4,1.07567
6,4,2419.66,80.637,244151,3,1.07567
6,5,2446.89,80.637,244151,3,1.07567
6,6,2475.62,80.637,244151,5,1.07567
6,1,184.098,46.889,256042,2,1.07567
6,2,1610.23,46.889,256042,3,1.07567
6,3,1683.97,46.889,256042,4,1.07567
6,4,1822.24,46.889,256042,5,1.07567
6,5,1836.37,46.889,256042,4,1.07567
6,6,1946.79,46.889,256042,3,1.07567
6,1,805.369,61.627,362152,4,1.07567
6,2,1169.74,61.627,362152,2,1.07567
6,3,1747.01,61.627,362152,3,1.07567
6,4,2008.31,61.627,362152,3,1.07567
6,5,2114.02,61.627,362152,3,1.07567
6,6,2291.1,61.627,362152,3,1.07567
6,1,1125.14,34.15,190175,2,1.07567
6,2,1412.79,34.15,190175,2,1.07567
6,3,1871.37,34.15,190175,4,1.07567
6,4,1915.7,34.15,190175,3,1.07567
6,5,2064.84,34.15,190175,4,1.07567
6,6,2094.49,34.15,190175,2,1.07567
6,1,559.008,41.139,150090,2,1.07567
6,2,954.667,41.139,150090,2,1.07567
6,3,1052.83,41.139,150090,2,1.07567
6,4,1203.26,41.139,150090,5,1.07567
6,5,1276.45,41.139,150090,2,1.07567
6,6,1781.47,41.139,150090,2,1.07567
6,1,372.848,233.583,835444,2,1.07567
6,2,1573.34,233.583,835444,5,1.07567
6,3,1707.99,233.583,835444,3,1.07567
6,4,2153.48,233.583,835444,3,1.07567
6,5,2248.78,233.583,835444,4,1.07567
6,6,2781.73,233.583,835444,3,1.07567
6,1,641.511,68.05,364018,2,1.07567
6,2,743.297,68.05,364018,2,1.07567
6,3,990.162,68.05,364018,3,1.07567
6,4,1600.57,68.05,364018,9,1.07567
6,5,1824.87,68.05,364018,4,1.07567
6,6,1957.43,68.05,364018,4,1.07567
6,1,814.818,45.258,143930,3,1.07567
6,2,1541.09,45.258,143930,3,1.07567
6,3,1574.24,45.258,143930,5,1.07567
6,4,1628.77,45.258,143930,4,1.07567
6,5,1746.05,45.258,143930,3,1.07567
6,6,1881.19,45.258,143930,4,1.07567
6,1,358.131,50.739,243560,2,1.07567
6,2,1221.92,50.739,243560,3,1.07567
6,3,1407.63,50.739,243560,3,1.07567
6,4,1645.05,50.739,243560,3,1.07567
6,5,1653.12,50.739,243560,5,1.07567
6,6,1895.84,50.739,243560,5,1.07567
6,1,1134.58,48.547,149163,3,1.07567
6,2,1687.79,48.547,149163,5,1.07567
6,3,1713.81,48.547,149163,4,1.07567
6,4,1838.13,48.547,149163,4,1.07567
6,5,1996.52,48.547,149163,4,1.07567
6,6,2070.57,48.547,149163,3,1.07567
6,1,785.56,20.51,102773,2,1.07567
6,2,985.347,20.51,102773,2,1.07567
6,3,1127.1,20.51,102773,3,1.07567
6,4,1364.73,20.51,102773,2,1.07567
6,5,1606.72,20.51,102773,2,1.07567
6,6,1970.01,20.51,102773,2,1.07567
6,1,946.597,73.834,346924,3,1.07567
6,2,1040.09,73.834,346924,3,1.07567
6,3,1696.57,73.834,346924,3,1.07567
6,4,1886.79,73.834,346924,4,1.07567
6,5,2153.45,73.834,346924,4,1.07567
6,6,2703.19,73.834,346924,3,1.07567
6,1,677.089,73.524,342263,2,1.07567
6,2,1490.17,73.524,342263,4,1.07567
6,3,1571.97,73.524,342263,2,1.07567
6,4,1634.61,73.524,342263,3,1.07567
6,5,2008.37,73.524,342263,5,1.07567
6,6,2090.56,73.524,342263,3,1.07567
6,1,433.914,59.337,233436,3,1.07567
6,2,1059.25,59.337,233436,3,1.07567
6,3,1286.89,59.337,233436,3,1.07567
6,4,1365.12,59.337,233436,3,1.07567
6,5,1937.63,59.337,233436,5,1.07567
6,6,1993.77,59.337,233436,6,1.07567
6,1,666.406,45.574,193419,2,1.07567
6,2,855.565,45.574,193419,3,1.07567
6,3,888.293,45.574,193419,2,1.07567
6,4,1597.3,45.574,193419,2,1.07567
6,5,1879.65,45.574,193419,3,1.07567
6,6,1999.25,45.574,193419,3,1.07567
6,1,726.973,51.104,380551,2,1.07567
6,2,960.127,51.104,380551,3,1.07567
6,3,961.159,51.104,380551,3,1.07567
6,4,1650.65,51.104,380551,5,1.07567
6,5,1881.71,51.104,380551,4,1.07567
6,6,1906,51.104,380551,4,1.07567
6,1,258.118,38.939,232780,2,1.07567
6,2,964.329,38.939,232780,2,1.07567
6,3,1003.81,38.939,232780,3,1.07567
6,4,1035.73,38.939,232780,4,1.07567
6,5,1079.17,38.939,232780,5,1.07567
6,6,1287.64,38.939,232780,5,1.07567
6,1,200.928,19.142,128879,2,1.07567
6,2,505.747,19.142,128879,2,1.07567
6,3,665.199,19.142,128879,2,1.07567
6,4,877.261,19.142,128879,2,1.07567
6,5,950.043,19.142,128879,3,1.07567
6,6,1139.29,19.142,128879,2,1.07567
6,1,906.363,72.292,322880,2,1.07567
6,2,1444.36,72.292,322880,5,1.07567
6,3,1479.99,72.292,322880,3,1.07567
6,4,1626.99,72.292,322880,4,1.07567
6,5,2241.21,72.292,322880,2,1.07567
6,6,2328.07,72.292,322880,5,1.07567
6,1,1970.22,101.226,1.10552e+06,8,1.07567
6,2,2324.04,101.226,1.10552e+06,8,1.07567
6,3,2327.73,101.226,1.10552e+06,7,1.07567
6,4,2359.82,101.226,1.10552e+06,6,1.07567
6,5,2641.09,101.226,1.10552e+06,9,1.07567
6,6,2699.27,101.226,1.10552e+06,6,1.07567
6,1,851.987,38.307,201801,2,1.07567
6,2,1215.16,38.307,201801,4,1.07567
6,3,1306.04,38.307,201801,3,1.07567
6,4,1324.12,38.307,201801,3,1.07567
6,5,1619.3,38.307,201801,2,1.07567
6,6,1725.73,38.307,201801,3,1.07567
6,1,614.121,38.856,322704,2,1.07567
6,2,1085.14,38.856,322704,2,1.07567
6,3,1179.79,38.856,322704,4,1.07567
6,4,1372.53,38.856,322704,3,1.07567
6,5,1400.77,38.856,322704,4,1.07567
6,6,1486.64,38.856,322704,3,1.07567
6,1,623.436,103.269,583131,2,1.07567
6,2,983.146,103.269,583131,3,1.07567
6,3,1861.16,103.269,583131,4,1.07567
6,4,2074.54,103.269,583131,5,1.07567
6,5,2080.97,103.269,583131,7,1.07567
6,6,2108.08,103.269,583131,5,1.07567
6,1,389.005,32.216,162858,2,1.07567
6,2,636.398,32.216,162858,2,1.07567
6,3,1159.2,32.216,162858,4,1.07567
6,4,1287.42,32.216,162858,4,1.07567
6,5,1317.73,32.216,162858,3,1.07567
6,6,1320.78,32.216,162858,4,1.07567
6,1,94.5145,29.324,148149,2,1.07567
6,2,800.01,29.324,148149,3,1.07567
6,3,813.057,29.324,148149,2,1.07567
6,4,1179.88,29.324,148149,3,1.07567
6,5,1310.24,29.324,148149,3,1.07567
6,6,1362.26,29.324,148149,3,1.07567
6,1,635.916,26.138,132216,2,1.07567
6,2,975.609,26.138,132216,2,1.07567
6,3,1004.03,26.138,132216,2,1.07567
6,4,1089.92,26.138,132216,3,1.07567
6,5,1140.83,26.138,132216,3,1.07567
6,6,1370.41,26.138,132216,6,1.07567
6,1,244.739,39.442,310216,2,1.07567
6,2,492.59,39.442,310216,2,1.07567
6,3,1085.33,39.442,310216,2,1.07567
6,4,1151.47,39.442,310216,2,1.07567
6,5,1154.64,39.442,310216,2,1.07567
6,6,1630.15,39.442,310216,2,1.07567
6,1,441.249,35.171,102144,2,1.07567
6,2,939.202,35.171,102144,2,1.07567
6,3,1090.45,35.171,102144,2,1.07567
6,4,1411.09,35.171,102144,4,1.07567
6,5,1642.43,35.171,102144,3,1.07567
6,6,1687.62,35.171,102144,5,1.07567
6,1,654.224,119.232,212151,2,1.07567
6,2,1132.28,119.232,212151,3,1.07567
6,3,1481.06,119.232,212151,3,1.07567
6,4,1752.05,119.232,212151,3,1.07567
6,5,2144.08,119.232,212151,2,1.07567
6,6,2247.71,119.232,212151,5,1.07567
6,1,934.976,42.157,254729,2,1.07567
6,2,982.101,42.157,254729,3,1.07567
6,3,1276.45,42.157,254729,4,1.07567
6,4,1337.68,42.157,254729,3,1.07567
6,5,1389.68,42.157,254729,2,1.07567
6,6,1786.48,42.157,254729,3,1.07567
6,1,333.314,42.001,193545,2,1.07567
6,2,1234.37,42.001,193545,3,1.07567
6,3,1505.37,42.001,193545,3,1.07567
6,4,1552.36,42.001,193545,3,1.07567
6,5,1805.27,42.001,193545,2,1.07567
6,6,1955.22,42.001,193545,3,1.07567
6,1,649.167,41.788,191005,2,1.07567
6,2,960.482,41.788,191005,3,1.07567
6,3,1041.74,41.788,191005,3,1.07567
6,4,1291.56,41.788,191005,2,1.07567
6,5,1591.67,41.788,191005,4,1.07567
6,6,1826.92,41.788,191005,7,1.07567
6,1,622.874,35.933,208299,2,1.07567
6,2,869.113,35.933,208299,2,1.07567
6,3,1384.63,35.933,208299,2,1.07567
6,4,1493.22,35.933,208299,3,1.07567
6,5,1495.54,35.933,208299,2,1.07567
6,6,1829.17,35.933,208299,2,1.07567
6,1,1159.45,49.075,328717,3,1.07567
6,2,1351.68,49.075,328717,3,1.07567
6,3,1419.65,49.075,328717,3,1.07567
6,4,1772.47,49.075,328717,4,1.07567
6,5,1968.66,49.075,328717,3,1.07567
6,6,2113.43,49.075,328717,4,1.07567
6,1,442.945,26.68,82743.7,2,1.07567
6,2,692.925,26.68,82743.7,2,1.07567
6,3,705.958,26.68,82743.7,2,1.07567
6,4,739.557,26.68,82743.7,2,1.07567
6,5,1095.68,26.68,82743.7,3,1.07567
6,6,1256.91,26.68,82743.7,4,1.07567
6,1,627.096,96.944,870904,2,1.07567
6,2,1145.99,96.944,870904,3,1.07567
6,3,1176.19,96.944,870904,3,1.07567
6,4,1377.8,96.944,870904,2,1.07567
6,5,2514.9,96.944,870904,4,1.07567
6,6,2623.64,96.944,870904,4,1.07567
6,1,149.496,51.848,145763,2,1.07567
6,2,241.448,51.848,145763,2,1.07567
6,3,1158.36,51.848,145763,2,1.07567
6,4,1371.51,51.848,145763,3,1.07567
6,5,1615.61,51.848,145763,3,1.07567
6,6,1916.53,51.848,145763,3,1.07567
6,1,1072.38,56.245,631635,4,1.07567
6,2,1096.25,56.245,631635,3,1.07567
6,3,1483.33,56.245,631635,3,1.07567
6,4,1528.92,56.245,631635,4,1.07567
6,5,1925.66,56.245,631635,5,1.07567
6,6,2159.86,56.245,631635,3,1.07567
6,1,68.4251,15.435,129795,2,1.07567
6,2,157.747,15.435,129795,2,1.07567
6,3,352.389,15.435,129795,2,1.07567
6,4,477.766,15.435,129795,2,1.07567
6,5,747.412,15.435,129795,2,1.07567
6,6,931.04,15.435,129795,2,1.07567
6,1,344.414,34.118,145418,2,1.07567
6,2,737.184,34.118,145418,2,1.07567
6,3,876.55,34.118,145418,3,1.07567
6,4,1165.65,34.118,145418,3,1.07567
6,5,1640.34,34.118,145418,3,1.07567
6,6,1772.01,34.118,145418,4,1.07567
6,1,116.709,35.371,131556,2,1.07567
6,2,613.039,35.371,131556,2,1.07567
6,3,1572.39,35.371,131556,3,1.07567
6,4,1764.99,35.371,131556,2,1.07567
6,5,1792.05,35.371,131556,5,1.07567
6,6,1814.14,35.371,131556,5,1.07567
6,1,582.406,21.633,73112.4,3,1.07567
6,2,953.452,21.633,73112.4,3,1.07567
6,3,962.408,21.633,73112.4,3,1.07567
6,4,991.789,21.633,73112.4,2,1.07567
6,5,1085.47,21.633,73112.4,3,1.07567
6,6,1339.07,21.633,73112.4,2,1.07567
6,1,352.881,59.73,281586,2,1.07567
6,2,929.383,59.73,281586,3,1.07567
6,3,1404.57,59.73,281586,5,1.07567
6,4,1518,59.73,281586,2,1.07567
6,5,1712.79,59.73,281586,2,1.07567
6,6,2160.18,59.73,281586,3,1.07567
6,1,766.932,54.059,383393,2,1.07567
6,2,850.502,54.059,383393,2,1.07567
6,3,1709.87,54.059,383393,6,1.07567
6,4,1888.95,54.059,383393,4,1.07567
6,5,1924.27,54.059,383393,2,1.07567
6,6,2074.68,54.059,383393,3,1.07567
6,1,682.649,34.651,207229,2,1.07567
6,2,874.419,34.651,207229,2,1.07567
6,3,882.02,34.651,207229,2,1.07567
6,4,1477.72,34.651,207229,3,1.07567
6,5,1495.73,34.651,207229,4,1.07567
6,6,1713.87,34.651,207229,3,1.07567
6,1,610.323,51.464,452683,4,1.07567
6,2,1092.15,51.464,452683,4,1.07567
6,3,1172.92,51.464,452683,3,1.07567
6,4,1204.34,51.464,452683,4,1.07567
6,5,1642.21,51.464,452683,2,1.07567
6,6,1647.99,51.464,452683,5,1.07567
6,1,901.741,53.57,326664,3,1.07567
6,2,1137.22,53.57,326664,3,1.07567
6,3,1629.59,53.57,326664,4,1.07567
6,4,2107.64,53.57,326664,5,1.07567
6,5,2119.92,53.57,326664,4,1.07567
6,6,2404.57,53.57,326664,3,1.07567
6,1,339.695,32.018,113876,2,1.07567
6,2,773.901,32.018,113876,4,1.07567
6,3,1215.89,32.018,113876,3,1.07567
6,4,1273.19,32.018,113876,2,1.07567
6,5,1404.53,32.018,113876,3,1.07567
6,6,1575.12,32.018,113876,5,1.07567
6,1,750.308,42.626,247950,3,1.07567
6,2,942.418,42.626,247950,3,1.07567
6,3,1014.22,42.626,247950,4,1.07567
6,4,1450.42,42.626,247950,3,1.07567
6,5,1462.69,42.626,247950,4,1.07567
6,6,1801.78,42.626,247950,4,1.07567
6,1,1116.61,68.613,266485,2,1.07567
6,2,1195.24,68.613,266485,4,1.07567
6,3,1685,68.613,266485,3,1.07567
6,4,1726.08,68.613,266485,4,1.07567
6,5,1994.14,68.613,266485,5,1.07567
6,6,2370.49,68.613,266485,3,1.07567
6,1,714.51,40.946,362850,2,1.07567
6,2,939.686,40.946,362850,2,1.07567
6,3,949.787,40.946,362850,4,1.07567
6,4,975.539,40.946,362850,2,1.07567
6,5,982.232,40.946,362850,3,1.07567
6,6,1629.89,40.946,362850,4,1.07567
6,1,360.174,62.472,224540,2,1.07567
6,2,1214.1,62.472,224540,4,1.07567
6,3,1664.88,62.472,224540,4,1.07567
6,4,1729.58,62.472,224540,4,1.07567
6,5,1999.38,62.472,224540,4,1.07567
6,6,2213.95,62.472,224540,4,1.07567
6,1,364.005,30.879,193722,2,1.07567
6,2,566.202,30.879,193722,2,1.07567
6,3,839.215,30.879,193722,2,1.07567
6,4,1035.71,30.879,193722,2,1.07567
6,5,1483.01,30.879,193722,2,1.07567
6,6,1517.91,30.879,193722,3,1.07567
6,1,777.628,125.639,1.63942e+06,4,1.07567
6,2,963.09,125.639,1.63942e+06,4,1.07567
6,3,1562.9,125.639,1.63942e+06,4,1.07567
6,4,1902.72,125.639,1.63942e+06,7,1.07567
6,5,2047.97,125.639,1.63942e+06,2,1.07567
6,6,2769.99,125.639,1.63942e+06,7,1.07567
6,1,1628.36,40.588,134821,3,1.07567
6,2,1675.73,40.588,134821,3,1.07567
6,3,1695.38,40.588,134821,2,1.07567
6,4,2095.71,40.588,134821,4,1.07567
6,5,2108.06,40.588,134821,5,1.07567
6,6,2192.53,40.588,134821,5,1.07567
6,1,390.933,36.993,293489,2,1.07567
6,2,895.697,36.993,293489,3,1.07567
6,3,978.218,36.993,293489,3,1.07567
6,4,1590.62,36.993,293489,3,1.07567
6,5,1615.31,36.993,293489,4,1.07567
6,6,1649.87,36.993,293489,3,1.07567
6,1,345.863,55.276,401571,2,1.07567
6,2,581.799,55.276,401571,2,1.07567
6,3,1785.77,55.276,401571,2,1.07567
6,4,1834.25,55.276,401571,3,1.07567
6,5,1953.12,55.276,401571,2,1.07567
6,6,2111.17,55.276,401571,3,1.07567
6,1,1456.4,69.481,481748,4,1.07567
6,2,1908.27,69.481,481748,4,1.07567
6,3,2012.19,69.481,481748,5,1.07567
6,4,2279.96,69.481,481748,3,1.07567
6,5,2791.46,69.481,481748,5,1.07567
6,6,2893.91,69.481,481748,5,1.07567
6,1,1423.13,128.36,1.42603e+06,2,1.07567
6,2,2168.57,128.36,1.42603e+06,4,1.07567
6,3,2515.65,128.36,1.42603e+06,4,1.07567
6,4,2545.42,128.36,1.42603e+06,6,1.07567
6,5,2778.17,128.36,1.42603e+06,4,1.07567
6,6,2805.6,128.36,1.42603e+06,3,1.07567
6,1,387.506,16.389,173997,2,1.07567
6,2,482.111,16.389,173997,3,1.07567
6,3,706.102,16.389,173997,2,1.07567
6,4,835.199,16.389,173997,3,1.07567
6,5,1007.92,16.389,173997,2,1.07567
6,6,1249.16,16.389,173997,3,1.07567
6,1,722.601,41.329,247029,2,1.07567
6,2,980.303,41.329,247029,2,1.07567
6,3,1241.59,41.329,247029,3,1.07567
6,4,1281.77,41.329,247029,2,1.07567
6,5,1695.13,41.329,247029,3,1.07567
6,6,1865.28,41.329,247029,4,1.07567
6,1,933.968,55.935,240093,2,1.07567
6,2,1183.06,55.935,240093,3,1.07567
6,3,1688,55.935,240093,4,1.07567
6,4,1796.99,55.935,240093,3,1.07567
6,5,1865.21,55.935,240093,3,1.07567
6,6,1963.19,55.935,240093,4,1.07567
6,1,1231.5,58.776,250214,3,1.07567
6,2,1287.53,58.776,250214,2,1.07567
6,3,1442.98,58.776,250214,3,1.07567
6,4,1488.83,58.776,250214,3,1.07567
6,5,1632.82,58.776,250214,2,1.07567
6,6,1661.9,58.776,250214,4,1.07567
6,1,150.765,50.76,255147,2,1.07567
6,2,681.173,50.76,255147,2,1.07567
6,3,769.753,50.76,255147,2,1.07567
6,4,1162.29,50.76,255147,3,1.07567
6,5,2116.85,50.76,255147,4,1.07567
6,6,2135.81,50.76,255147,5,1.07567
6,1,1417.35,43.96,76189.7,2,1.07567
6,2,1617.73,43.96,76189.7,3,1.07567
6,3,1866.61,43.96,76189.7,2,1.07567
6,4,1994.4,43.96,76189.7,3,1.07567
6,5,2058.46,43.96,76189.7,3,1.07567
6,6,2293.45,43.96,76189.7,4,1.07567
6,1,344.176,40.75,187349,2,1.07567
6,2,551.364,40.75,187349,2,1.07567
6,3,666.258,40.75,187349,3,1.07567
6,4,1689.17,40.75,187349,3,1.07567
6,5,1771.1,40.75,187349,3,1.07567
6,6,1868.71,40.75,187349,4,1.07567
6,1,908.795,34.704,257854,2,1.07567
6,2,1576.77,34.704,257854,3,1.07567
6,3,1597.85,34.704,257854,2,1.07567
6,4,1697.97,34.704,257854,4,1.07567
6,5,1765.04,34.704,257854,2,1.07567
6,6,1800.54,34.704,257854,4,1.07567
6,1,178.34,20.722,158999,2,1.07567
6,2,251.788,20.722,158999,2,1.07567
6,3,764.408,20.722,158999,3,1.07567
6,4,1067.04,20.722,158999,3,1.07567
6,5,1072.9,20.722,158999,3,1.07567
6,6,1695.58,20.722,158999,3,1.07567
6,1,262.452,54.623,341944,2,1.07567
6,2,439.167,54.623,341944,2,1.07567
6,3,1165.35,54.623,341944,4,1.07567
6,4,1784.59,54.623,341944,4,1.07567
6,5,2276.8,54.623,341944,6,1.07567
6,6,2283.2,54.623,341944,3,1.07567
6,1,182.025,10.322,59864.7,2,1.07567
6,2,218.057,10.322,59864.7,2,1.07567
6,3,650.54,10.322,59864.7,2,1.07567
6,4,718.727,10.322,59864.7,2,1.07567
6,5,814.481,10.322,59864.7,2,1.07567
6,6,879.448,10.322,59864.7,2,1.07567
6,1,610.379,54.004,183240,2,1.07567
6,2,958.172,54.004,183240,3,1.07567
6,3,1204.92,54.004,183240,4,1.07567
6,4,1358.12,54.004,183240,3,1.07567
6,5,1446.05,54.004,183240,2,1.07567
6,6,2068.59,54.004,183240,3,1.07567
6,1,1119.39,39.854,238508,2,1.07567
6,2,1420.33,39.854,238508,3,1.07567
6,3,1624.98,39.854,238508,5,1.07567
6,4,1916.23,39.854,238508,4,1.07567
6,5,1970.87,39.854,238508,4,1.07567
6,6,2004,39.854,238508,4,1.07567
6,1,673.665,95.824,488192,2,1.07567
6,2,1556.25,95.824,488192,5,1.07567
6,3,1570.02,95.824,488192,2,1.07567
6,4,1749.01,95.824,488192,5,1.07567
6,5,2098.07,95.824,488192,6,1.07567
6,6,2415.8,95.824,488192,4,1.07567
6,1,916.158,42.593,163154,3,1.07567
6,2,1003.2,42.593,163154,2,1.07567
6,3,1084,42.593,163154,2,1.07567
6,4,1831.58,42.593,163154,3,1.07567
6,5,1920.92,42.593,163154,3,1.07567
6,6,2010.1,42.593,163154,4,1.07567
6,1,510.245,53.633,211878,3,1.07567
6,2,611.579,53.633,211878,2,1.07567
6,3,1198.76,53.633,211878,3,1.07567
6,4,1856.71,53.633,211878,3,1.07567
6,5,1950.28,53.633,211878,5,1.07567
6,6,2102.89,53.633,211878,4,1.07567
6,1,284.763,65.084,569823,2,1.07567
6,2,1002.33,65.084,569823,4,1.07567
6,3,1031.21,65.084,569823,2,1.07567
6,4,1362.03,65.084,569823,3,1.07567
6,5,1939.59,65.084,569823,6,1.07567
6,6,1950.64,65.084,569823,3,1.07567
6,1,1584.99,51.088,154662,5,1.07567
6,2,1664.01,51.088,154662,3,1.07567
6,3,1671.96,51.088,154662,2,1.07567
6,4,1724.93,51.088,154662,4,1.07567
6,5,1916.82,51.088,154662,3,1.07567
6,6,2069.89,51.088,154662,4,1.07567
6,1,211.178,36.731,168808,2,1.07567
6,2,1069.23,36.731,168808,2,1.07567
6,3,1088.85,36.731,168808,4,1.07567
6,4,1572.36,36.731,168808,4,1.07567
6,5,1611.24,36.731,168808,3,1.07567
6,6,1757.8,36.731,168808,4,1.07567
6,1,287.016,33.251,245238,2,1.07567
6,2,787.56,33.251,245238,3,1.07567
6,3,1325.24,33.251,245238,2,1.07567
6,4,1548.15,33.251,245238,3,1.07567
6,5,1595.8,33.251,245238,2,1.07567
6,6,1654.48,33.251,245238,3,1.07567
6,1,1245.21,48.995,268195,4,1.07567
6,2,1306.05,48.995,268195,4,1.07567
6,3,1658.77,48.995,268195,3,1.07567
6,4,1718.3,48.995,268195,2,1.07567
6,5,1753.13,48.995,268195,4,1.07567
6,6,1776.01,48.995,268195,5,1.07567
6,1,61.2046,50.867,289399,2,1.07567
6,2,1166.34,50.867,289399,2,1.07567
6,3,1591.47,50.867,289399,2,1.07567
6,4,2065.94,50.867,289399,4,1.07567
6,5,2134.67,50.867,289399,4,1.07567
6,6,2241.31,50.867,289399,6,1.07567
6,1,455.127,42.458,275377,3,1.07567
6,2,514.748,42.458,275377,3,1.07567
6,3,843.874,42.458,275377,3,1.07567
6,4,1327.06,42.458,275377,3,1.07567
6,5,1714.07,42.458,275377,4,1.07567
6,6,1784.28,42.458,275377,3,1.07567
6,1,351.648,42.144,194208,2,1.07567
6,2,475.695,42.144,194208,4,1.07567
6,3,1340,42.144,194208,4,1.07567
6,4,1424.89,42.144,194208,3,1.07567
6,5,1909.02,42.144,194208,5,1.07567
6,6,1916.85,42.144,194208,3,1.07567
6,1,446.561,31.534,162293,2,1.07567
6,2,1394.1,31.534,162293,3,1.07567
6,3,1805.89,31.534,162293,2,1.07567
6,4,1840.85,31.534,162293,3,1.07567
6,5,2004.38,31.534,162293,4,1.07567
6,6,2132.12,31.534,162293,3,1.07567
