K,order,dist,cost_ki,cost_edbt,vnum,density
10,1,1534.5,116.245,1.1454e+06,3,1.07472
10,2,1934.13,116.245,1.1454e+06,4,1.07472
10,3,2334.78,116.245,1.1454e+06,4,1.07472
10,4,2355.09,116.245,1.1454e+06,6,1.07472
10,5,2399.07,116.245,1.1454e+06,5,1.07472
10,6,2517.57,116.245,1.1454e+06,5,1.07472
10,7,2822.06,116.245,1.1454e+06,5,1.07472
10,8,3046.89,116.245,1.1454e+06,5,1.07472
10,9,3067.95,116.245,1.1454e+06,4,1.07472
10,10,3219.66,116.245,1.1454e+06,5,1.07472
10,1,512.079,91.056,420990,2,1.07472
10,2,774.233,91.056,420990,2,1.07472
10,3,977.655,91.056,420990,2,1.07472
10,4,1390.88,91.056,420990,3,1.07472
10,5,1739.18,91.056,420990,3,1.07472
10,6,2332.3,91.056,420990,4,1.07472
10,7,2441.46,91.056,420990,4,1.07472
10,8,2471.08,91.056,420990,5,1.07472
10,9,2562.05,91.056,420990,5,1.07472
10,10,2661.48,91.056,420990,5,1.07472
10,1,190.079,60.798,260177,2,1.07472
10,2,427.828,60.798,260177,2,1.07472
10,3,486.508,60.798,260177,2,1.07472
10,4,835.958,60.798,260177,2,1.07472
10,5,1167.25,60.798,260177,3,1.07472
10,6,1241.64,60.798,260177,2,1.07472
10,7,1408.25,60.798,260177,4,1.07472
10,8,1438.36,60.798,260177,2,1.07472
10,9,1451.25,60.798,260177,4,1.07472
10,10,1547.07,60.798,260177,4,1.07472
10,1,1082.81,91.346,681865,2,1.07472
10,2,1140.1,91.346,681865,3,1.07472
10,3,1355.75,91.346,681865,2,1.07472
10,4,1374.8,91.346,681865,2,1.07472
10,5,1595.09,91.346,681865,2,1.07472
10,6,1728.67,91.346,681865,3,1.07472
10,7,1788.97,91.346,681865,2,1.07472
10,8,1849.3,91.346,681865,4,1.07472
10,9,2316.73,91.346,681865,4,1.07472
10,10,2351.99,91.346,681865,2,1.07472
10,1,718.533,85.177,360883,2,1.07472
10,2,1192.66,85.177,360883,4,1.07472
10,3,1296.21,85.177,360883,4,1.07472
10,4,1417.1,85.177,360883,2,1.07472
10,5,1492.44,85.177,360883,4,1.07472
10,6,1678.85,85.177,360883,5,1.07472
10,7,2031.64,85.177,360883,4,1.07472
10,8,2109.88,85.177,360883,4,1.07472
10,9,2237.89,85.177,360883,4,1.07472
10,10,2301.15,85.177,360883,3,1.07472
10,1,573.261,214.354,1.82151e+06,2,1.07472
10,2,1375.88,214.354,1.82151e+06,3,1.07472
10,3,2361.63,214.354,1.82151e+06,3,1.07472
10,4,2403.52,214.354,1.82151e+06,4,1.07472
10,5,3341.53,214.354,1.82151e+06,4,1.07472
10,6,3372.86,214.354,1.82151e+06,3,1.07472
10,7,3580.35,214.354,1.82151e+06,3,1.07472
10,8,3665.28,214.354,1.82151e+06,5,1.07472
10,9,3772.55,214.354,1.82151e+06,5,1.07472
10,10,3897.21,214.354,1.82151e+06,4,1.07472
10,1,82.7103,74.7,565395,2,1.07472
10,2,195.412,74.7,565395,2,1.07472
10,3,487.212,74.7,565395,2,1.07472
10,4,785.597,74.7,565395,4,1.07472
10,5,870.888,74.7,565395,4,1.07472
10,6,1111.38,74.7,565395,5,1.07472
10,7,1500.47,74.7,565395,4,1.07472
10,8,1558.5,74.7,565395,3,1.07472
10,9,1792.31,74.7,565395,3,1.07472
10,10,1810.12,74.7,565395,5,1.07472
10,1,957.868,84.866,1.39242e+06,2,1.07472
10,2,1059.49,84.866,1.39242e+06,3,1.07472
10,3,1065.94,84.866,1.39242e+06,4,1.07472
10,4,1196.85,84.866,1.39242e+06,3,1.07472
10,5,1212.89,84.866,1.39242e+06,6,1.07472
10,6,1248.53,84.866,1.39242e+06,3,1.07472
10,7,1297.6,84.866,1.39242e+06,5,1.07472
10,8,1678.14,84.866,1.39242e+06,4,1.07472
10,9,1686.64,84.866,1.39242e+06,5,1.07472
10,10,2113.01,84.866,1.39242e+06,5,1.07472
10,1,678.663,83.898,267520,3,1.07472
10,2,733.61,83.898,267520,2,1.07472
10,3,764.586,83.898,267520,3,1.07472
10,4,1013.39,83.898,267520,2,1.07472
10,5,1205.42,83.898,267520,3,1.07472
10,6,1373.58,83.898,267520,4,1.07472
10,7,1596.88,83.898,267520,4,1.07472
10,8,1733.3,83.898,267520,4,1.07472
10,9,1983.89,83.898,267520,5,1.07472
10,10,2001.26,83.898,267520,4,1.07472
10,1,165.738,66.846,732858,2,1.07472
10,2,813.896,66.846,732858,2,1.07472
10,3,903.149,66.846,732858,5,1.07472
10,4,1145.57,66.846,732858,2,1.07472
10,5,1172.64,66.846,732858,2,1.07472
10,6,1463.64,66.846,732858,6,1.07472
10,7,2029.62,66.846,732858,2,1.07472
10,8,2400.37,66.846,732858,5,1.07472
10,9,2423.62,66.846,732858,4,1.07472
10,10,2468.04,66.846,732858,3,1.07472
10,1,1564.88,140.132,954387,3,1.07472
10,2,1867.46,140.132,954387,3,1.07472
10,3,2133.22,140.132,954387,6,1.07472
10,4,2255.35,140.132,954387,4,1.07472
10,5,2259.72,140.132,954387,4,1.07472
10,6,2512.76,140.132,954387,6,1.07472
10,7,2693.22,140.132,954387,6,1.07472
10,8,2772.03,140.132,954387,7,1.07472
10,9,2937.58,140.132,954387,3,1.07472
10,10,3648.72,140.132,954387,7,1.07472
10,1,269.32,112.625,579454,2,1.07472
10,2,1060.21,112.625,579454,2,1.07472
10,3,1177.94,112.625,579454,3,1.07472
10,4,1808.88,112.625,579454,5,1.07472
10,5,2143.66,112.625,579454,2,1.07472
10,6,2287.49,112.625,579454,4,1.07472
10,7,2389.61,112.625,579454,5,1.07472
10,8,2544.48,112.625,579454,5,1.07472
10,9,2638.52,112.625,579454,3,1.07472
10,10,2686.51,112.625,579454,4,1.07472
10,1,986.692,91.387,415261,2,1.07472
10,2,1048.17,91.387,415261,3,1.07472
10,3,1244.41,91.387,415261,4,1.07472
10,4,1286.01,91.387,415261,3,1.07472
10,5,1615.42,91.387,415261,4,1.07472
10,6,1759.01,91.387,415261,5,1.07472
10,7,1813.31,91.387,415261,3,1.07472
10,8,1853.22,91.387,415261,3,1.07472
10,9,2181.02,91.387,415261,4,1.07472
10,10,2300.3,91.387,415261,3,1.07472
10,1,143.785,78.73,592382,2,1.07472
10,2,466.069,78.73,592382,2,1.07472
10,3,498.113,78.73,592382,2,1.07472
10,4,612.095,78.73,592382,4,1.07472
10,5,796.905,78.73,592382,4,1.07472
10,6,875.715,78.73,592382,4,1.07472
10,7,1154.8,78.73,592382,2,1.07472
10,8,2003.61,78.73,592382,4,1.07472
10,9,2081.94,78.73,592382,6,1.07472
10,10,2296.22,78.73,592382,2,1.07472
10,1,661.975,79.331,588061,3,1.07472
10,2,684.597,79.331,588061,3,1.07472
10,3,1263.88,79.331,588061,3,1.07472
10,4,1444.98,79.331,588061,2,1.07472
10,5,1651.36,79.331,588061,2,1.07472
10,6,1843.68,79.331,588061,5,1.07472
10,7,1845.91,79.331,588061,4,1.07472
10,8,1855.34,79.331,588061,3,1.07472
10,9,1860.31,79.331,588061,2,1.07472
10,10,2112.35,79.331,588061,4,1.07472
10,1,954.706,116.396,976231,2,1.07472
10,2,1171.51,116.396,976231,3,1.07472
10,3,1580.94,116.396,976231,3,1.07472
10,4,2241.81,116.396,976231,3,1.07472
10,5,2301.33,116.396,976231,2,1.07472
10,6,2348.36,116.396,976231,5,1.07472
10,7,2737.58,116.396,976231,4,1.07472
10,8,2741.8,116.396,976231,4,1.07472
10,9,2802.75,116.396,976231,4,1.07472
10,10,2840.58,116.396,976231,6,1.07472
10,1,696.271,112.215,889496,3,1.07472
10,2,968.83,112.215,889496,4,1.07472
10,3,1366.41,112.215,889496,4,1.07472
10,4,1655.27,112.215,889496,3,1.07472
10,5,1722.08,112.215,889496,3,1.07472
10,6,1754.84,112.215,889496,3,1.07472
10,7,2220.01,112.215,889496,4,1.07472
10,8,2303.55,112.215,889496,5,1.07472
10,9,2397.92,112.215,889496,4,1.07472
10,10,2585.9,112.215,889496,6,1.07472
10,1,500.959,55.272,501232,2,1.07472
10,2,901.267,55.272,501232,2,1.07472
10,3,1029.71,55.272,501232,3,1.07472
10,4,1104.12,55.272,501232,3,1.07472
10,5,1225.45,55.272,501232,3,1.07472
10,6,1499.46,55.272,501232,4,1.07472
10,7,1581.19,55.272,501232,3,1.07472
10,8,1713.47,55.272,501232,4,1.07472
10,9,1870.34,55.272,501232,3,1.07472
10,10,1931.54,55.272,501232,4,1.07472
10,1,560.029,54.541,360699,2,1.07472
10,2,619.068,54.541,360699,2,1.07472
10,3,682.913,54.541,360699,2,1.07472
10,4,710.862,54.541,360699,2,1.07472
10,5,783.495,54.541,360699,2,1.07472
10,6,947.684,54.541,360699,2,1.07472
10,7,1548.07,54.541,360699,3,1.07472
10,8,1667.82,54.541,360699,2,1.07472
10,9,1730.66,54.541,360699,3,1.07472
10,10,1888.72,54.541,360699,3,1.07472
10,1,404.638,73.478,283733,2,1.07472
10,2,561.861,73.478,283733,2,1.07472
10,3,1220.23,73.478,283733,2,1.07472
10,4,1348.92,73.478,283733,3,1.07472
10,5,1375.97,73.478,283733,4,1.07472
10,6,1722.48,73.478,283733,3,1.07472
10,7,2256.82,73.478,283733,3,1.07472
10,8,2623.19,73.478,283733,6,1.07472
10,9,2626.15,73.478,283733,3,1.07472
10,10,2700.04,73.478,283733,5,1.07472
10,1,416.195,70.314,562122,2,1.07472
10,2,505.408,70.314,562122,2,1.07472
10,3,1095.88,70.314,562122,3,1.07472
10,4,1381.53,70.314,562122,4,1.07472
10,5,1427.18,70.314,562122,2,1.07472
10,6,1610.33,70.314,562122,2,1.07472
10,7,1764.08,70.314,562122,3,1.07472
10,8,2058.4,70.314,562122,3,1.07472
10,9,2149.36,70.314,562122,5,1.07472
10,10,2298.42,70.314,562122,3,1.07472
10,1,1035.48,81.54,844562,3,1.07472
10,2,1067.63,81.54,844562,2,1.07472
10,3,1209.61,81.54,844562,8,1.07472
10,4,1401.82,81.54,844562,6,1.07472
10,5,1538.07,81.54,844562,2,1.07472
10,6,1787.24,81.54,844562,7,1.07472
10,7,1935.55,81.54,844562,6,1.07472
10,8,1971.31,81.54,844562,3,1.07472
10,9,2047.25,81.54,844562,3,1.07472
10,10,2249.49,81.54,844562,3,1.07472
10,1,145.097,99.226,864525,2,1.07472
10,2,666.211,99.226,864525,2,1.07472
10,3,1147.3,99.226,864525,3,1.07472
10,4,1448.19,99.226,864525,3,1.07472
10,5,1521.36,99.226,864525,4,1.07472
10,6,1806.26,99.226,864525,4,1.07472
10,7,2188.31,99.226,864525,4,1.07472
10,8,2245.08,99.226,864525,4,1.07472
10,9,2257.47,99.226,864525,3,1.07472
10,10,2405.72,99.226,864525,4,1.07472
10,1,334.541,63.416,703451,3,1.07472
10,2,484.816,63.416,703451,3,1.07472
10,3,523.401,63.416,703451,2,1.07472
10,4,607.01,63.416,703451,2,1.07472
10,5,613.161,63.416,703451,3,1.07472
10,6,1056.94,63.416,703451,2,1.07472
10,7,1234.93,63.416,703451,2,1.07472
10,8,1462.92,63.416,703451,2,1.07472
10,9,1990.76,63.416,703451,4,1.07472
10,10,2511.73,63.416,703451,4,1.07472
10,1,1196.98,126.751,1.2089e+06,3,1.07472
10,2,1465.16,126.751,1.2089e+06,3,1.07472
10,3,1813.24,126.751,1.2089e+06,6,1.07472
10,4,2327.83,126.751,1.2089e+06,4,1.07472
10,5,2441.25,126.751,1.2089e+06,3,1.07472
10,6,2562.87,126.751,1.2089e+06,4,1.07472
10,7,2569.03,126.751,1.2089e+06,4,1.07472
10,8,2600.99,126.751,1.2089e+06,6,1.07472
10,9,2627.34,126.751,1.2089e+06,4,1.07472
10,10,2675.5,126.751,1.2089e+06,3,1.07472
10,1,584.144,91.066,605070,2,1.07472
10,2,1093.93,91.066,605070,3,1.07472
10,3,1581.41,91.066,605070,2,1.07472
10,4,2026.11,91.066,605070,5,1.07472
10,5,2070.97,91.066,605070,4,1.07472
10,6,2124.99,91.066,605070,3,1.07472
10,7,2300,91.066,605070,4,1.07472
10,8,2323.22,91.066,605070,4,1.07472
10,9,2360.65,91.066,605070,4,1.07472
10,10,2599.26,91.066,605070,3,1.07472
10,1,1601.4,114.251,1.01942e+06,4,1.07472
10,2,1725.93,114.251,1.01942e+06,4,1.07472
10,3,2086.2,114.251,1.01942e+06,3,1.07472
10,4,2158.05,114.251,1.01942e+06,4,1.07472
10,5,2158.45,114.251,1.01942e+06,3,1.07472
10,6,2209.92,114.251,1.01942e+06,3,1.07472
10,7,2463.38,114.251,1.01942e+06,4,1.07472
10,8,2482.48,114.251,1.01942e+06,4,1.07472
10,9,2503.45,114.251,1.01942e+06,5,1.07472
10,10,2652.45,114.251,1.01942e+06,7,1.07472
10,1,982.064,68.305,318914,2,1.07472
10,2,1056.06,68.305,318914,3,1.07472
10,3,1315.39,68.305,318914,3,1.07472
10,4,1330.25,68.305,318914,3,1.07472
10,5,1391.07,68.305,318914,3,1.07472
10,6,1644.79,68.305,318914,4,1.07472
10,7,1736.85,68.305,318914,3,1.07472
10,8,2009.59,68.305,318914,6,1.07472
10,9,2105.84,68.305,318914,3,1.07472
10,10,2141.88,68.305,318914,4,1.07472
10,1,465.386,72.327,639765,2,1.07472
10,2,901.101,72.327,639765,3,1.07472
10,3,1021.64,72.327,639765,3,1.07472
10,4,1053.01,72.327,639765,3,1.07472
10,5,1550.18,72.327,639765,6,1.07472
10,6,1835.27,72.327,639765,5,1.07472
10,7,1900.3,72.327,639765,7,1.07472
10,8,1973,72.327,639765,2,1.07472
10,9,1982.17,72.327,639765,4,1.07472
10,10,2194.26,72.327,639765,3,1.07472
10,1,33.2415,122.085,878795,2,1.07472
10,2,346.771,122.085,878795,2,1.07472
10,3,652.645,122.085,878795,2,1.07472
10,4,953.253,122.085,878795,6,1.07472
10,5,1222.46,122.085,878795,6,1.07472
10,6,1946.27,122.085,878795,8,1.07472
10,7,2025.28,122.085,878795,7,1.07472
10,8,2107.9,122.085,878795,3,1.07472
10,9,2114.11,122.085,878795,8,1.07472
10,10,2556.55,122.085,878795,6,1.07472
10,1,604.384,83.234,700161,3,1.07472
10,2,772.782,83.234,700161,3,1.07472
10,3,1348.61,83.234,700161,3,1.07472
10,4,1773.41,83.234,700161,4,1.07472
10,5,1853.59,83.234,700161,5,1.07472
10,6,2079.29,83.234,700161,5,1.07472
10,7,2118.87,83.234,700161,5,1.07472
10,8,2200.21,83.234,700161,5,1.07472
10,9,2225.58,83.234,700161,3,1.07472
10,10,2246.24,83.234,700161,4,1.07472
10,1,593.111,102.9,573974,2,1.07472
10,2,620.556,102.9,573974,2,1.07472
10,3,941.89,102.9,573974,7,1.07472
10,4,962.208,102.9,573974,2,1.07472
10,5,1281.16,102.9,573974,6,1.07472
10,6,1527.84,102.9,573974,4,1.07472
10,7,1567.44,102.9,573974,3,1.07472
10,8,1592.01,102.9,573974,4,1.07472
10,9,1729.78,102.9,573974,5,1.07472
10,10,1930.34,102.9,573974,4,1.07472
10,1,702.249,38.168,252435,2,1.07472
10,2,924.553,38.168,252435,4,1.07472
10,3,1031.23,38.168,252435,2,1.07472
10,4,1216.72,38.168,252435,4,1.07472
10,5,1238.12,38.168,252435,3,1.07472
10,6,1381.56,38.168,252435,4,1.07472
10,7,1540.88,38.168,252435,5,1.07472
10,8,1547.23,38.168,252435,6,1.07472
10,9,1654.51,38.168,252435,3,1.07472
10,10,1736.53,38.168,252435,5,1.07472
10,1,784.398,69.2,408235,2,1.07472
10,2,821.285,69.2,408235,3,1.07472
10,3,959.04,69.2,408235,4,1.07472
10,4,1342.68,69.2,408235,4,1.07472
10,5,1694.35,69.2,408235,5,1.07472
10,6,1941.81,69.2,408235,3,1.07472
10,7,2410.82,69.2,408235,5,1.07472
10,8,2506.13,69.2,408235,5,1.07472
10,9,2533.23,69.2,408235,10,1.07472
10,10,2550.67,69.2,408235,10,1.07472
10,1,587.939,52.724,189301,3,1.07472
10,2,1117.56,52.724,189301,6,1.07472
10,3,1165.89,52.724,189301,6,1.07472
10,4,1293.56,52.724,189301,3,1.07472
10,5,1390.81,52.724,189301,3,1.07472
10,6,1590.09,52.724,189301,4,1.07472
10,7,1605.15,52.724,189301,4,1.07472
10,8,1865.03,52.724,189301,6,1.07472
10,9,2008.92,52.724,189301,5,1.07472
10,10,2061.54,52.724,189301,6,1.07472
10,1,383.94,74.603,418300,2,1.07472
10,2,678.346,74.603,418300,2,1.07472
10,3,915.571,74.603,418300,3,1.07472
10,4,1014.04,74.603,418300,3,1.07472
10,5,1218.42,74.603,418300,2,1.07472
10,6,1375.03,74.603,418300,6,1.07472
10,7,1431,74.603,418300,5,1.07472
10,8,1552.97,74.603,418300,2,1.07472
10,9,1602.17,74.603,418300,7,1.07472
10,10,1881.39,74.603,418300,6,1.07472
10,1,854.415,38.782,197176,2,1.07472
10,2,1179.02,38.782,197176,2,1.07472
10,3,1268.44,38.782,197176,3,1.07472
10,4,1344.25,38.782,197176,3,1.07472
10,5,1399.71,38.782,197176,2,1.07472
10,6,1442.1,38.782,197176,3,1.07472
10,7,1541.91,38.782,197176,3,1.07472
10,8,1662.04,38.782,197176,3,1.07472
10,9,1678.91,38.782,197176,6,1.07472
10,10,1814.35,38.782,197176,2,1.07472
10,1,1079.18,64.676,487929,3,1.07472
10,2,1212.19,64.676,487929,3,1.07472
10,3,1316.23,64.676,487929,3,1.07472
10,4,1357.23,64.676,487929,3,1.07472
10,5,1498.46,64.676,487929,4,1.07472
10,6,1913.11,64.676,487929,4,1.07472
10,7,2156.34,64.676,487929,4,1.07472
10,8,2179.54,64.676,487929,3,1.07472
10,9,2428.19,64.676,487929,4,1.07472
10,10,2489.38,64.676,487929,4,1.07472
10,1,417.555,96.639,1.99326e+06,2,1.07472
10,2,811.385,96.639,1.99326e+06,2,1.07472
10,3,1043.92,96.639,1.99326e+06,3,1.07472
10,4,1626.98,96.639,1.99326e+06,4,1.07472
10,5,1854.9,96.639,1.99326e+06,5,1.07472
10,6,2033.36,96.639,1.99326e+06,3,1.07472
10,7,2038.62,96.639,1.99326e+06,4,1.07472
10,8,2424.31,96.639,1.99326e+06,4,1.07472
10,9,2440,96.639,1.99326e+06,3,1.07472
10,10,2490.77,96.639,1.99326e+06,4,1.07472
10,1,524.424,99.674,770813,2,1.07472
10,2,1006.57,99.674,770813,3,1.07472
10,3,1604.61,99.674,770813,3,1.07472
10,4,1618.54,99.674,770813,3,1.07472
10,5,1882.88,99.674,770813,3,1.07472
10,6,2067.39,99.674,770813,3,1.07472
10,7,2072.18,99.674,770813,3,1.07472
10,8,2179.32,99.674,770813,3,1.07472
10,9,2339.18,99.674,770813,2,1.07472
10,10,2498.56,99.674,770813,5,1.07472
10,1,135.207,52.926,759780,2,1.07472
10,2,626.893,52.926,759780,3,1.07472
10,3,929.396,52.926,759780,2,1.07472
10,4,1016.62,52.926,759780,3,1.07472
10,5,1529.69,52.926,759780,4,1.07472
10,6,1633.67,52.926,759780,4,1.07472
10,7,1992.65,52.926,759780,4,1.07472
10,8,2079.07,52.926,759780,4,1.07472
10,9,2197.91,52.926,759780,3,1.07472
10,10,2306.79,52.926,759780,5,1.07472
10,1,608.021,65.488,753079,2,1.07472
10,2,662.1,65.488,753079,2,1.07472
10,3,1158.81,65.488,753079,9,1.07472
10,4,1581.27,65.488,753079,7,1.07472
10,5,1649.81,65.488,753079,5,1.07472
10,6,1653.31,65.488,753079,12,1.07472
10,7,1662.36,65.488,753079,14,1.07472
10,8,1865.8,65.488,753079,4,1.07472
10,9,1957.23,65.488,753079,10,1.07472
10,10,1969.42,65.488,753079,3,1.07472
10,1,701.63,45.457,283366,4,1.07472
10,2,795.638,45.457,283366,3,1.07472
10,3,1111.86,45.457,283366,5,1.07472
10,4,1278.91,45.457,283366,2,1.07472
10,5,1280.09,45.457,283366,2,1.07472
10,6,1408.77,45.457,283366,3,1.07472
10,7,1604.1,45.457,283366,2,1.07472
10,8,1685.5,45.457,283366,2,1.07472
10,9,1743,45.457,283366,2,1.07472
10,10,1759.04,45.457,283366,5,1.07472
10,1,566.711,93.741,864681,2,1.07472
10,2,1029.03,93.741,864681,2,1.07472
10,3,1099.67,93.741,864681,2,1.07472
10,4,1302.4,93.741,864681,3,1.07472
10,5,1374.43,93.741,864681,4,1.07472
10,6,1549.84,93.741,864681,4,1.07472
10,7,1580.59,93.741,864681,4,1.07472
10,8,1590.39,93.741,864681,3,1.07472
10,9,1774.04,93.741,864681,3,1.07472
10,10,1974.67,93.741,864681,4,1.07472
10,1,251.525,93.777,624124,2,1.07472
10,2,752.953,93.777,624124,3,1.07472
10,3,1362.21,93.777,624124,4,1.07472
10,4,1364.92,93.777,624124,3,1.07472
10,5,1661.81,93.777,624124,2,1.07472
10,6,2161.64,93.777,624124,3,1.07472
10,7,2287.5,93.777,624124,4,1.07472
10,8,2299.64,93.777,624124,4,1.07472
10,9,2373.47,93.777,624124,4,1.07472
10,10,2413.78,93.777,624124,5,1.07472
10,1,434.164,123.627,1.24304e+06,2,1.07472
10,2,1421.13,123.627,1.24304e+06,6,1.07472
10,3,1421.34,123.627,1.24304e+06,6,1.07472
10,4,1471.01,123.627,1.24304e+06,6,1.07472
10,5,1669.53,123.627,1.24304e+06,5,1.07472
10,6,1686.89,123.627,1.24304e+06,3,1.07472
10,7,1901.08,123.627,1.24304e+06,3,1.07472
10,8,1906.73,123.627,1.24304e+06,3,1.07472
10,9,2054.98,123.627,1.24304e+06,7,1.07472
10,10,2391.77,123.627,1.24304e+06,5,1.07472
10,1,338.281,54.697,339999,2,1.07472
10,2,573.882,54.697,339999,2,1.07472
10,3,915.169,54.697,339999,3,1.07472
10,4,1124.24,54.697,339999,2,1.07472
10,5,1299.4,54.697,339999,4,1.07472
10,6,1507.23,54.697,339999,3,1.07472
10,7,1625.47,54.697,339999,3,1.07472
10,8,1985.46,54.697,339999,2,1.07472
10,9,2268.79,54.697,339999,3,1.07472
10,10,2281.38,54.697,339999,4,1.07472
10,1,262.053,64.885,615888,2,1.07472
10,2,493.328,64.885,615888,2,1.07472
10,3,604.915,64.885,615888,2,1.07472
10,4,741.492,64.885,615888,2,1.07472
10,5,1589.33,64.885,615888,2,1.07472
10,6,1874.57,64.885,615888,4,1.07472
10,7,1876.73,64.885,615888,3,1.07472
10,8,1975.01,64.885,615888,2,1.07472
10,9,2094.39,64.885,615888,4,1.07472
10,10,2188.81,64.885,615888,5,1.07472
10,1,423.043,27.067,204734,2,1.07472
10,2,572.114,27.067,204734,2,1.07472
10,3,981.054,27.067,204734,3,1.07472
10,4,1240.83,27.067,204734,4,1.07472
10,5,1303.69,27.067,204734,4,1.07472
10,6,1372.25,27.067,204734,4,1.07472
10,7,1522.71,27.067,204734,3,1.07472
10,8,1564.16,27.067,204734,4,1.07472
10,9,1569.2,27.067,204734,3,1.07472
10,10,1605.57,27.067,204734,4,1.07472
10,1,432.936,76.083,404823,2,1.07472
10,2,534.928,76.083,404823,2,1.07472
10,3,1424.05,76.083,404823,2,1.07472
10,4,1452.94,76.083,404823,4,1.07472
10,5,1488.66,76.083,404823,6,1.07472
10,6,1630.12,76.083,404823,4,1.07472
10,7,1728.13,76.083,404823,6,1.07472
10,8,1777.04,76.083,404823,3,1.07472
10,9,1793.39,76.083,404823,4,1.07472
10,10,1937.74,76.083,404823,7,1.07472
10,1,558.486,59.46,248891,3,1.07472
10,2,686.035,59.46,248891,2,1.07472
10,3,811.581,59.46,248891,2,1.07472
10,4,945.351,59.46,248891,4,1.07472
10,5,1076.13,59.46,248891,2,1.07472
10,6,1162.41,59.46,248891,4,1.07472
10,7,1298.5,59.46,248891,2,1.07472
10,8,1400.91,59.46,248891,2,1.07472
10,9,1551.43,59.46,248891,2,1.07472
10,10,1590.38,59.46,248891,4,1.07472
10,1,237.413,60.361,474232,2,1.07472
10,2,346.706,60.361,474232,2,1.07472
10,3,441.108,60.361,474232,2,1.07472
10,4,530.483,60.361,474232,2,1.07472
10,5,1010.8,60.361,474232,3,1.07472
10,6,1054.33,60.361,474232,3,1.07472
10,7,1245.67,60.361,474232,3,1.07472
10,8,1532.74,60.361,474232,3,1.07472
10,9,2016.82,60.361,474232,3,1.07472
10,10,2080.49,60.361,474232,4,1.07472
10,1,799.181,95.535,966828,2,1.07472
10,2,890.033,95.535,966828,3,1.07472
10,3,1223.31,95.535,966828,3,1.07472
10,4,2063.63,95.535,966828,5,1.07472
10,5,2215.47,95.535,966828,3,1.07472
10,6,2249.51,95.535,966828,4,1.07472
10,7,2399.32,95.535,966828,4,1.07472
10,8,2518.94,95.535,966828,3,1.07472
10,9,2557.11,95.535,966828,6,1.07472
10,10,2708.87,95.535,966828,4,1.07472
10,1,779.295,136.337,2.27795e+06,2,1.07472
10,2,856.266,136.337,2.27795e+06,4,1.07472
10,3,1054.47,136.337,2.27795e+06,3,1.07472
10,4,2023.13,136.337,2.27795e+06,4,1.07472
10,5,2393.74,136.337,2.27795e+06,4,1.07472
10,6,2647.8,136.337,2.27795e+06,6,1.07472
10,7,2687.85,136.337,2.27795e+06,3,1.07472
10,8,2841.57,136.337,2.27795e+06,4,1.07472
10,9,2913.9,136.337,2.27795e+06,5,1.07472
10,10,2929.58,136.337,2.27795e+06,5,1.07472
10,1,801.205,57.313,268722,3,1.07472
10,2,892.911,57.313,268722,3,1.07472
10,3,1434.58,57.313,268722,4,1.07472
10,4,1542.45,57.313,268722,3,1.07472
10,5,1692.88,57.313,268722,5,1.07472
10,6,1942.87,57.313,268722,4,1.07472
10,7,1970.17,57.313,268722,3,1.07472
10,8,1988.11,57.313,268722,5,1.07472
10,9,2032.71,57.313,268722,4,1.07472
10,10,2228.59,57.313,268722,5,1.07472
10,1,745.154,36.421,222970,3,1.07472
10,2,846.877,36.421,222970,3,1.07472
10,3,1118.27,36.421,222970,3,1.07472
10,4,1186.84,36.421,222970,2,1.07472
10,5,1236.72,36.421,222970,3,1.07472
10,6,1326.85,36.421,222970,2,1.07472
10,7,1554.84,36.421,222970,4,1.07472
10,8,1648.49,36.421,222970,3,1.07472
10,9,1816.93,36.421,222970,4,1.07472
10,10,1826.08,36.421,222970,4,1.07472
10,1,343.471,63.873,262209,2,1.07472
10,2,947.21,63.873,262209,3,1.07472
10,3,1029.16,63.873,262209,3,1.07472
10,4,1131.69,63.873,262209,2,1.07472
10,5,1167.62,63.873,262209,2,1.07472
10,6,1275.94,63.873,262209,3,1.07472
10,7,1658.53,63.873,262209,5,1.07472
10,8,1824.57,63.873,262209,3,1.07472
10,9,1897.01,63.873,262209,2,1.07472
10,10,2286.49,63.873,262209,4,1.07472
10,1,641.924,77.48,810368,2,1.07472
10,2,662.843,77.48,810368,2,1.07472
10,3,986.917,77.48,810368,4,1.07472
10,4,1424.92,77.48,810368,2,1.07472
10,5,1620.28,77.48,810368,3,1.07472
10,6,1629.37,77.48,810368,3,1.07472
10,7,1788.88,77.48,810368,2,1.07472
10,8,1811.59,77.48,810368,3,1.07472
10,9,2157.01,77.48,810368,3,1.07472
10,10,2252.91,77.48,810368,5,1.07472
10,1,1453.22,176.593,1.25442e+06,3,1.07472
10,2,2342.49,176.593,1.25442e+06,5,1.07472
10,3,2558.43,176.593,1.25442e+06,4,1.07472
10,4,2664.22,176.593,1.25442e+06,4,1.07472
10,5,3090.56,176.593,1.25442e+06,4,1.07472
10,6,3132.6,176.593,1.25442e+06,8,1.07472
10,7,3377.72,176.593,1.25442e+06,4,1.07472
10,8,3378.96,176.593,1.25442e+06,5,1.07472
10,9,3489.18,176.593,1.25442e+06,3,1.07472
10,10,3564.78,176.593,1.25442e+06,8,1.07472
10,1,279.217,106.225,642903,2,1.07472
10,2,518.31,106.225,642903,2,1.07472
10,3,618.831,106.225,642903,2,1.07472
10,4,1480.91,106.225,642903,5,1.07472
10,5,1508.16,106.225,642903,4,1.07472
10,6,1720.76,106.225,642903,4,1.07472
10,7,1971.06,106.225,642903,4,1.07472
10,8,2033.15,106.225,642903,4,1.07472
10,9,2168,106.225,642903,5,1.07472
10,10,2348.33,106.225,642903,4,1.07472
10,1,641.6,82.337,1.17551e+06,2,1.07472
10,2,1212.9,82.337,1.17551e+06,3,1.07472
10,3,1547.35,82.337,1.17551e+06,4,1.07472
10,4,1663.54,82.337,1.17551e+06,5,1.07472
10,5,1673.59,82.337,1.17551e+06,3,1.07472
10,6,1706.58,82.337,1.17551e+06,3,1.07472
10,7,1934.51,82.337,1.17551e+06,4,1.07472
10,8,2107.85,82.337,1.17551e+06,5,1.07472
10,9,2198.86,82.337,1.17551e+06,7,1.07472
10,10,2314.22,82.337,1.17551e+06,4,1.07472
10,1,429.703,61.902,652751,2,1.07472
10,2,855.038,61.902,652751,2,1.07472
10,3,931.388,61.902,652751,3,1.07472
10,4,1392.86,61.902,652751,3,1.07472
10,5,1393.24,61.902,652751,3,1.07472
10,6,1414.59,61.902,652751,2,1.07472
10,7,1431.61,61.902,652751,2,1.07472
10,8,1501.23,61.902,652751,4,1.07472
10,9,1549.64,61.902,652751,4,1.07472
10,10,2067.05,61.902,652751,2,1.07472
10,1,104.077,38.82,185212,2,1.07472
10,2,176.819,38.82,185212,2,1.07472
10,3,1077.34,38.82,185212,3,1.07472
10,4,1300.68,38.82,185212,2,1.07472
10,5,1303.25,38.82,185212,3,1.07472
10,6,1388.35,38.82,185212,4,1.07472
10,7,1514.76,38.82,185212,5,1.07472
10,8,1600.47,38.82,185212,4,1.07472
10,9,1797.92,38.82,185212,3,1.07472
10,10,1810,38.82,185212,4,1.07472
10,1,1031.53,107.306,724257,5,1.07472
10,2,1158.08,107.306,724257,3,1.07472
10,3,1765.36,107.306,724257,3,1.07472
10,4,1832.81,107.306,724257,4,1.07472
10,5,1873.11,107.306,724257,3,1.07472
10,6,2140.81,107.306,724257,6,1.07472
10,7,2277.44,107.306,724257,11,1.07472
10,8,2322.58,107.306,724257,3,1.07472
10,9,2413.88,107.306,724257,4,1.07472
10,10,2480.35,107.306,724257,3,1.07472
10,1,482.56,94.913,841309,4,1.07472
10,2,760.019,94.913,841309,2,1.07472
10,3,1203.69,94.913,841309,2,1.07472
10,4,1435.97,94.913,841309,5,1.07472
10,5,1679.74,94.913,841309,11,1.07472
10,6,1755.76,94.913,841309,3,1.07472
10,7,1859.93,94.913,841309,5,1.07472
10,8,1889.6,94.913,841309,5,1.07472
10,9,1934.57,94.913,841309,5,1.07472
10,10,2005.07,94.913,841309,5,1.07472
10,1,434.847,66.699,515285,2,1.07472
10,2,961.499,66.699,515285,3,1.07472
10,3,972.093,66.699,515285,2,1.07472
10,4,1072.72,66.699,515285,2,1.07472
10,5,1209.47,66.699,515285,3,1.07472
10,6,1574.11,66.699,515285,4,1.07472
10,7,1763.49,66.699,515285,3,1.07472
10,8,1775.09,66.699,515285,7,1.07472
10,9,1843.85,66.699,515285,3,1.07472
10,10,2028.13,66.699,515285,4,1.07472
10,1,449.694,90.801,791491,2,1.07472
10,2,1603.13,90.801,791491,3,1.07472
10,3,1633.82,90.801,791491,4,1.07472
10,4,2348.74,90.801,791491,5,1.07472
10,5,2396.68,90.801,791491,4,1.07472
10,6,2473.57,90.801,791491,5,1.07472
10,7,2521.41,90.801,791491,3,1.07472
10,8,2535.18,90.801,791491,3,1.07472
10,9,2579.21,90.801,791491,5,1.07472
10,10,2652.11,90.801,791491,4,1.07472
10,1,283.975,27.557,357965,2,1.07472
10,2,317.723,27.557,357965,2,1.07472
10,3,482.109,27.557,357965,2,1.07472
10,4,745.848,27.557,357965,2,1.07472
10,5,1053.61,27.557,357965,2,1.07472
10,6,1108.38,27.557,357965,2,1.07472
10,7,1362.13,27.557,357965,2,1.07472
10,8,1633.43,27.557,357965,4,1.07472
10,9,1636.01,27.557,357965,2,1.07472
10,10,1644.59,27.557,357965,4,1.07472
10,1,1695.46,104.183,962161,4,1.07472
10,2,1756.53,104.183,962161,7,1.07472
10,3,2022.72,104.183,962161,3,1.07472
10,4,2265.84,104.183,962161,5,1.07472
10,5,2450.08,104.183,962161,7,1.07472
10,6,2487.28,104.183,962161,3,1.07472
10,7,2507.62,104.183,962161,5,1.07472
10,8,2553.75,104.183,962161,5,1.07472
10,9,2573.21,104.183,962161,6,1.07472
10,10,2670.08,104.183,962161,3,1.07472
10,1,124.908,105.411,438592,2,1.07472
10,2,540.856,105.411,438592,2,1.07472
10,3,1223.27,105.411,438592,4,1.07472
10,4,1325.91,105.411,438592,4,1.07472
10,5,1394.35,105.411,438592,4,1.07472
10,6,1772.26,105.411,438592,4,1.07472
10,7,1781.54,105.411,438592,5,1.07472
10,8,2330.26,105.411,438592,5,1.07472
10,9,2793.82,105.411,438592,4,1.07472
10,10,3039.33,105.411,438592,4,1.07472
10,1,1395.42,90.319,651545,5,1.07472
10,2,1700.72,90.319,651545,3,1.07472
10,3,1788.38,90.319,651545,4,1.07472
10,4,1804.45,90.319,651545,5,1.07472
10,5,2020.43,90.319,651545,2,1.07472
10,6,2061.7,90.319,651545,4,1.07472
10,7,2069.05,90.319,651545,5,1.07472
10,8,2332.54,90.319,651545,6,1.07472
10,9,2405.43,90.319,651545,7,1.07472
10,10,2792.35,90.319,651545,4,1.07472
10,1,1002.25,169.656,785201,2,1.07472
10,2,1102.78,169.656,785201,3,1.07472
10,3,1527.43,169.656,785201,4,1.07472
10,4,1602.52,169.656,785201,6,1.07472
10,5,1607.63,169.656,785201,3,1.07472
10,6,1932.79,169.656,785201,5,1.07472
10,7,2165.87,169.656,785201,5,1.07472
10,8,2336.09,169.656,785201,4,1.07472
10,9,2486.38,169.656,785201,6,1.07472
10,10,2533.2,169.656,785201,2,1.07472
10,1,788.328,51.353,363704,2,1.07472
10,2,825.158,51.353,363704,2,1.07472
10,3,1257.48,51.353,363704,2,1.07472
10,4,1280.02,51.353,363704,3,1.07472
10,5,1412.36,51.353,363704,2,1.07472
10,6,1412.44,51.353,363704,2,1.07472
10,7,1522.48,51.353,363704,3,1.07472
10,8,1846.64,51.353,363704,3,1.07472
10,9,1883.65,51.353,363704,6,1.07472
10,10,1892.12,51.353,363704,2,1.07472
10,1,636.838,109.573,735012,3,1.07472
10,2,955.214,109.573,735012,2,1.07472
10,3,1490.76,109.573,735012,4,1.07472
10,4,1985.54,109.573,735012,5,1.07472
10,5,2306.68,109.573,735012,4,1.07472
10,6,2468.95,109.573,735012,2,1.07472
10,7,2750.25,109.573,735012,8,1.07472
10,8,2837.18,109.573,735012,2,1.07472
10,9,2937.99,109.573,735012,4,1.07472
10,10,2979.32,109.573,735012,4,1.07472
10,1,885.925,59.537,572396,3,1.07472
10,2,1067.23,59.537,572396,2,1.07472
10,3,1226.08,59.537,572396,2,1.07472
10,4,1404.5,59.537,572396,4,1.07472
10,5,1477.84,59.537,572396,3,1.07472
10,6,1518.42,59.537,572396,4,1.07472
10,7,1568.05,59.537,572396,4,1.07472
10,8,1579.07,59.537,572396,6,1.07472
10,9,1962.93,59.537,572396,3,1.07472
10,10,1963.4,59.537,572396,4,1.07472
10,1,623.746,106.015,672759,3,1.07472
10,2,1046.64,106.015,672759,3,1.07472
10,3,1459.2,106.015,672759,4,1.07472
10,4,1511.37,106.015,672759,2,1.07472
10,5,2271.39,106.015,672759,3,1.07472
10,6,2398.56,106.015,672759,5,1.07472
10,7,2426.94,106.015,672759,3,1.07472
10,8,2529.49,106.015,672759,7,1.07472
10,9,2646.92,106.015,672759,5,1.07472
10,10,2705.31,106.015,672759,5,1.07472
10,1,637.701,99.871,1.27202e+06,3,1.07472
10,2,888.404,99.871,1.27202e+06,3,1.07472
10,3,932.462,99.871,1.27202e+06,2,1.07472
10,4,1040.76,99.871,1.27202e+06,3,1.07472
10,5,1175.28,99.871,1.27202e+06,3,1.07472
10,6,1557.7,99.871,1.27202e+06,6,1.07472
10,7,1741.24,99.871,1.27202e+06,3,1.07472
10,8,1965.76,99.871,1.27202e+06,3,1.07472
10,9,1966.66,99.871,1.27202e+06,3,1.07472
10,10,2058.35,99.871,1.27202e+06,3,1.07472
10,1,517.199,148.621,914316,3,1.07472
10,2,601.001,148.621,914316,2,1.07472
10,3,789.323,148.621,914316,3,1.07472
10,4,1283.55,148.621,914316,2,1.07472
10,5,1693.05,148.621,914316,3,1.07472
10,6,1850.03,148.621,914316,4,1.07472
10,7,2150,148.621,914316,3,1.07472
10,8,2344.78,148.621,914316,4,1.07472
10,9,2360.13,148.621,914316,3,1.07472
10,10,2602.25,148.621,914316,5,1.07472
10,1,231.899,70.974,558795,2,1.07472
10,2,947.745,70.974,558795,3,1.07472
10,3,974.784,70.974,558795,4,1.07472
10,4,1110.65,70.974,558795,2,1.07472
10,5,1276.06,70.974,558795,4,1.07472
10,6,1597.27,70.974,558795,4,1.07472
10,7,1713.78,70.974,558795,3,1.07472
10,8,1963.68,70.974,558795,3,1.07472
10,9,2123.19,70.974,558795,4,1.07472
10,10,2232.93,70.974,558795,4,1.07472
10,1,646.697,178.415,1.67994e+06,2,1.07472
10,2,1137.02,178.415,1.67994e+06,3,1.07472
10,3,1656.84,178.415,1.67994e+06,3,1.07472
10,4,1749.52,178.415,1.67994e+06,3,1.07472
10,5,2149.3,178.415,1.67994e+06,4,1.07472
10,6,2165.59,178.415,1.67994e+06,4,1.07472
10,7,2678.57,178.415,1.67994e+06,6,1.07472
10,8,2772.89,178.415,1.67994e+06,3,1.07472
10,9,2848.51,178.415,1.67994e+06,3,1.07472
10,10,2906.27,178.415,1.67994e+06,5,1.07472
10,1,567.415,75.952,1.38379e+06,3,1.07472
10,2,851.512,75.952,1.38379e+06,4,1.07472
10,3,1345.32,75.952,1.38379e+06,4,1.07472
10,4,1425.27,75.952,1.38379e+06,3,1.07472
10,5,1637.75,75.952,1.38379e+06,5,1.07472
10,6,1874.18,75.952,1.38379e+06,5,1.07472
10,7,1934.77,75.952,1.38379e+06,2,1.07472
10,8,2208.67,75.952,1.38379e+06,7,1.07472
10,9,2244.56,75.952,1.38379e+06,5,1.07472
10,10,2424.38,75.952,1.38379e+06,4,1.07472
10,1,519.279,94.992,837785,3,1.07472
10,2,1656.85,94.992,837785,2,1.07472
10,3,1702.87,94.992,837785,3,1.07472
10,4,1734.39,94.992,837785,4,1.07472
10,5,1852.53,94.992,837785,4,1.07472
10,6,1876.77,94.992,837785,4,1.07472
10,7,1913.34,94.992,837785,4,1.07472
10,8,1992.76,94.992,837785,3,1.07472
10,9,2150.61,94.992,837785,3,1.07472
10,10,2664.92,94.992,837785,6,1.07472
10,1,739.982,57.414,354243,2,1.07472
10,2,779.699,57.414,354243,2,1.07472
10,3,855.748,57.414,354243,2,1.07472
10,4,1493.01,57.414,354243,3,1.07472
10,5,1617.74,57.414,354243,3,1.07472
10,6,1637.44,57.414,354243,3,1.07472
10,7,1653.37,57.414,354243,4,1.07472
10,8,1778.88,57.414,354243,3,1.07472
10,9,1789.09,57.414,354243,2,1.07472
10,10,1856.66,57.414,354243,3,1.07472
10,1,965.662,143.019,985577,5,1.07472
10,2,1178.82,143.019,985577,4,1.07472
10,3,1531.78,143.019,985577,5,1.07472
10,4,1742.25,143.019,985577,3,1.07472
10,5,1993.78,143.019,985577,3,1.07472
10,6,2286.98,143.019,985577,4,1.07472
10,7,2382.89,143.019,985577,4,1.07472
10,8,2420.38,143.019,985577,6,1.07472
10,9,2466.6,143.019,985577,4,1.07472
10,10,2583.56,143.019,985577,6,1.07472
10,1,536.71,52.64,820386,2,1.07472
10,2,1410.14,52.64,820386,2,1.07472
10,3,1418.72,52.64,820386,4,1.07472
10,4,1798.08,52.64,820386,3,1.07472
10,5,1836.24,52.64,820386,3,1.07472
10,6,1915.05,52.64,820386,4,1.07472
10,7,2208.07,52.64,820386,4,1.07472
10,8,2232.79,52.64,820386,4,1.07472
10,9,2245.5,52.64,820386,3,1.07472
10,10,2297.85,52.64,820386,3,1.07472
10,1,457.499,70.284,648478,2,1.07472
10,2,916.259,70.284,648478,3,1.07472
10,3,960.617,70.284,648478,3,1.07472
10,4,1858.1,70.284,648478,5,1.07472
10,5,2038.26,70.284,648478,3,1.07472
10,6,2150.24,70.284,648478,4,1.07472
10,7,2360.66,70.284,648478,4,1.07472
10,8,2630.8,70.284,648478,3,1.07472
10,9,2755.46,70.284,648478,3,1.07472
10,10,2799.37,70.284,648478,4,1.07472
10,1,75.6042,35.745,218295,2,1.07472
10,2,711.706,35.745,218295,3,1.07472
10,3,869.407,35.745,218295,4,1.07472
10,4,1305.75,35.745,218295,3,1.07472
10,5,1339.09,35.745,218295,3,1.07472
10,6,1340.47,35.745,218295,3,1.07472
10,7,1369.77,35.745,218295,2,1.07472
10,8,1370.34,35.745,218295,3,1.07472
10,9,1437.75,35.745,218295,4,1.07472
10,10,1716.32,35.745,218295,3,1.07472
10,1,1249.58,52.236,235060,2,1.07472
10,2,1275.84,52.236,235060,2,1.07472
10,3,1519.77,52.236,235060,2,1.07472
10,4,1553.84,52.236,235060,2,1.07472
10,5,1709.61,52.236,235060,7,1.07472
10,6,1778.84,52.236,235060,5,1.07472
10,7,1780.65,52.236,235060,2,1.07472
10,8,1905.47,52.236,235060,2,1.07472
10,9,1931,52.236,235060,2,1.07472
10,10,1997.39,52.236,235060,2,1.07472
10,1,469.26,75.307,500414,2,1.07472
10,2,658.485,75.307,500414,2,1.07472
10,3,786.117,75.307,500414,3,1.07472
10,4,1233.38,75.307,500414,3,1.07472
10,5,1498.12,75.307,500414,2,1.07472
10,6,1631.13,75.307,500414,6,1.07472
10,7,1755.9,75.307,500414,4,1.07472
10,8,2170.01,75.307,500414,4,1.07472
10,9,2232.85,75.307,500414,4,1.07472
10,10,2311.05,75.307,500414,4,1.07472
10,1,13.6015,155.594,826709,2,1.07472
10,2,183.134,155.594,826709,2,1.07472
10,3,679.688,155.594,826709,4,1.07472
10,4,1559.54,155.594,826709,3,1.07472
10,5,1710.9,155.594,826709,4,1.07472
10,6,2067.57,155.594,826709,3,1.07472
10,7,2073.34,155.594,826709,5,1.07472
10,8,2383.38,155.594,826709,3,1.07472
10,9,2580.66,155.594,826709,5,1.07472
10,10,3007.16,155.594,826709,4,1.07472
10,1,453.141,61.537,594583,2,1.07472
10,2,941.668,61.537,594583,2,1.07472
10,3,976.609,61.537,594583,2,1.07472
10,4,1147.01,61.537,594583,2,1.07472
10,5,1216.19,61.537,594583,3,1.07472
10,6,1346.3,61.537,594583,4,1.07472
10,7,1700.54,61.537,594583,2,1.07472
10,8,2062.29,61.537,594583,5,1.07472
10,9,2100.87,61.537,594583,3,1.07472
10,10,2132.9,61.537,594583,2,1.07472
10,1,484.658,91.5,844529,2,1.07472
10,2,668.57,91.5,844529,3,1.07472
10,3,1469.9,91.5,844529,5,1.07472
10,4,1795.89,91.5,844529,3,1.07472
10,5,1962.93,91.5,844529,7,1.07472
10,6,2012.08,91.5,844529,4,1.07472
10,7,2012.7,91.5,844529,5,1.07472
10,8,2174.79,91.5,844529,4,1.07472
10,9,2439.24,91.5,844529,4,1.07472
10,10,2559.2,91.5,844529,4,1.07472
10,1,965.422,68.004,730862,3,1.07472
10,2,1031.01,68.004,730862,2,1.07472
10,3,1205.41,68.004,730862,3,1.07472
10,4,1600.93,68.004,730862,5,1.07472
10,5,1713.45,68.004,730862,2,1.07472
10,6,2035.89,68.004,730862,7,1.07472
10,7,2123.5,68.004,730862,5,1.07472
10,8,2281.35,68.004,730862,3,1.07472
10,9,2349.62,68.004,730862,4,1.07472
10,10,2469.7,68.004,730862,4,1.07472
10,1,333.314,70.168,610722,3,1.07472
10,2,653.938,70.168,610722,3,1.07472
10,3,688.838,70.168,610722,2,1.07472
10,4,993.011,70.168,610722,3,1.07472
10,5,1264.19,70.168,610722,4,1.07472
10,6,1576.99,70.168,610722,2,1.07472
10,7,1789.85,70.168,610722,7,1.07472
10,8,1807.94,70.168,610722,4,1.07472
10,9,1847.86,70.168,610722,3,1.07472
10,10,1912.91,70.168,610722,4,1.07472
10,1,736.153,117.133,1.04166e+06,2,1.07472
10,2,935.815,117.133,1.04166e+06,3,1.07472
10,3,1720.54,117.133,1.04166e+06,6,1.07472
10,4,1809.56,117.133,1.04166e+06,4,1.07472
10,5,1946.63,117.133,1.04166e+06,4,1.07472
10,6,2091.28,117.133,1.04166e+06,4,1.07472
10,7,2114.15,117.133,1.04166e+06,4,1.07472
10,8,2158.42,117.133,1.04166e+06,4,1.07472
10,9,2164.92,117.133,1.04166e+06,5,1.07472
10,10,2621.64,117.133,1.04166e+06,5,1.07472
10,1,447.321,72.256,409821,2,1.07472
10,2,543.531,72.256,409821,2,1.07472
10,3,883.258,72.256,409821,2,1.07472
10,4,2149.34,72.256,409821,3,1.07472
10,5,2207.05,72.256,409821,3,1.07472
10,6,2216.94,72.256,409821,3,1.07472
10,7,2258.83,72.256,409821,4,1.07472
10,8,2300.1,72.256,409821,4,1.07472
10,9,2358.44,72.256,409821,3,1.07472
10,10,2375.86,72.256,409821,3,1.07472
10,1,701.06,161.889,1.23124e+06,2,1.07472
10,2,1009.88,161.889,1.23124e+06,2,1.07472
10,3,1353.69,161.889,1.23124e+06,3,1.07472
10,4,1545.05,161.889,1.23124e+06,3,1.07472
10,5,1595.03,161.889,1.23124e+06,3,1.07472
10,6,2750.65,161.889,1.23124e+06,3,1.07472
10,7,3125.19,161.889,1.23124e+06,3,1.07472
10,8,3125.26,161.889,1.23124e+06,6,1.07472
10,9,3392.55,161.889,1.23124e+06,7,1.07472
10,10,3569.14,161.889,1.23124e+06,5,1.07472
10,1,1318.36,63.671,390034,3,1.07472
10,2,1413.35,63.671,390034,4,1.07472
10,3,1531.44,63.671,390034,3,1.07472
10,4,1585.98,63.671,390034,4,1.07472
10,5,1684.6,63.671,390034,5,1.07472
10,6,1699.96,63.671,390034,3,1.07472
10,7,1865.4,63.671,390034,5,1.07472
10,8,2089.8,63.671,390034,4,1.07472
10,9,2100.92,63.671,390034,5,1.07472
10,10,2133.46,63.671,390034,4,1.07472
10,1,48.8262,71.438,290236,2,1.07472
10,2,762.85,71.438,290236,2,1.07472
10,3,927.793,71.438,290236,3,1.07472
10,4,992.341,71.438,290236,3,1.07472
10,5,1041.82,71.438,290236,3,1.07472
10,6,1643.28,71.438,290236,5,1.07472
10,7,1987.8,71.438,290236,6,1.07472
10,8,2044.7,71.438,290236,7,1.07472
10,9,2048.02,71.438,290236,3,1.07472
10,10,2078.24,71.438,290236,6,1.07472
10,1,431.393,58.992,424284,2,1.07472
10,2,522.805,58.992,424284,2,1.07472
10,3,603.941,58.992,424284,2,1.07472
10,4,1582.51,58.992,424284,3,1.07472
10,5,1932.23,58.992,424284,2,1.07472
10,6,2017.69,58.992,424284,3,1.07472
10,7,2220.87,58.992,424284,3,1.07472
10,8,2307.69,58.992,424284,2,1.07472
10,9,2366.23,58.992,424284,4,1.07472
10,10,2531.77,58.992,424284,3,1.07472
10,1,277.316,39.635,190222,2,1.07472
10,2,293.517,39.635,190222,2,1.07472
10,3,855.968,39.635,190222,2,1.07472
10,4,1032.71,39.635,190222,3,1.07472
10,5,1052.91,39.635,190222,2,1.07472
10,6,1101.88,39.635,190222,2,1.07472
10,7,1150.59,39.635,190222,4,1.07472
10,8,1248.05,39.635,190222,2,1.07472
10,9,1278.06,39.635,190222,2,1.07472
10,10,1534.85,39.635,190222,2,1.07472
10,1,1324.34,102.571,655582,2,1.07472
10,2,1388.97,102.571,655582,2,1.07472
10,3,1769.68,102.571,655582,7,1.07472
10,4,1920.63,102.571,655582,2,1.07472
10,5,2039.55,102.571,655582,4,1.07472
10,6,2174.48,102.571,655582,4,1.07472
10,7,2260.28,102.571,655582,5,1.07472
10,8,2345.5,102.571,655582,5,1.07472
10,9,2691.14,102.571,655582,4,1.07472
10,10,2912.49,102.571,655582,5,1.07472
10,1,352.132,163.588,869685,2,1.07472
10,2,722.277,163.588,869685,2,1.07472
10,3,1873.95,163.588,869685,3,1.07472
10,4,1997.27,163.588,869685,3,1.07472
10,5,2123.5,163.588,869685,4,1.07472
10,6,2238.59,163.588,869685,4,1.07472
10,7,2420.91,163.588,869685,3,1.07472
10,8,2655.81,163.588,869685,3,1.07472
10,9,2685.67,163.588,869685,5,1.07472
10,10,2781,163.588,869685,3,1.07472
10,1,267.187,94.241,454516,2,1.07472
10,2,288.617,94.241,454516,2,1.07472
10,3,914.161,94.241,454516,2,1.07472
10,4,955.435,94.241,454516,3,1.07472
10,5,1615.38,94.241,454516,2,1.07472
10,6,1856.43,94.241,454516,7,1.07472
10,7,1974.52,94.241,454516,4,1.07472
10,8,2183.87,94.241,454516,3,1.07472
10,9,2189.68,94.241,454516,4,1.07472
10,10,2420.31,94.241,454516,5,1.07472
10,1,959.276,42.3,636103,2,1.07472
10,2,1105.72,42.3,636103,2,1.07472
10,3,1146.25,42.3,636103,2,1.07472
10,4,1167.2,42.3,636103,2,1.07472
10,5,1290.33,42.3,636103,2,1.07472
10,6,1660.02,42.3,636103,3,1.07472
10,7,1861.89,42.3,636103,2,1.07472
10,8,1994.05,42.3,636103,4,1.07472
10,9,2048.64,42.3,636103,3,1.07472
10,10,2089.02,42.3,636103,2,1.07472
10,1,443.849,87.666,791628,2,1.07472
10,2,1596.31,87.666,791628,3,1.07472
10,3,1673.33,87.666,791628,4,1.07472
10,4,2373.04,87.666,791628,4,1.07472
10,5,2388.25,87.666,791628,5,1.07472
10,6,2497.77,87.666,791628,3,1.07472
10,7,2511.58,87.666,791628,3,1.07472
10,8,2513.08,87.666,791628,5,1.07472
10,9,2618.72,87.666,791628,5,1.07472
10,10,2628.47,87.666,791628,4,1.07472
10,1,1244.85,113.067,801014,2,1.07472
10,2,1365.98,113.067,801014,3,1.07472
10,3,1571.83,113.067,801014,4,1.07472
10,4,1778.26,113.067,801014,3,1.07472
10,5,1881.07,113.067,801014,4,1.07472
10,6,1953.65,113.067,801014,3,1.07472
10,7,2007,113.067,801014,4,1.07472
10,8,2066.22,113.067,801014,2,1.07472
10,9,2345.27,113.067,801014,3,1.07472
10,10,2741.35,113.067,801014,7,1.07472
10,1,303.401,72.526,360525,2,1.07472
10,2,487.119,72.526,360525,3,1.07472
10,3,1132.82,72.526,360525,4,1.07472
10,4,1517.57,72.526,360525,2,1.07472
10,5,1833.49,72.526,360525,3,1.07472
10,6,1972.28,72.526,360525,3,1.07472
10,7,1973.36,72.526,360525,4,1.07472
10,8,2340.64,72.526,360525,4,1.07472
10,9,2375.9,72.526,360525,4,1.07472
10,10,2401.27,72.526,360525,7,1.07472
10,1,394.742,91.708,234264,2,1.07472
10,2,404.883,91.708,234264,2,1.07472
10,3,1459.63,91.708,234264,4,1.07472
10,4,1592.48,91.708,234264,2,1.07472
10,5,1885.85,91.708,234264,4,1.07472
10,6,1893.55,91.708,234264,4,1.07472
10,7,2038.22,91.708,234264,3,1.07472
10,8,2103.94,91.708,234264,4,1.07472
10,9,2194.62,91.708,234264,3,1.07472
10,10,2198.69,91.708,234264,5,1.07472
10,1,356.18,89.56,804303,3,1.07472
10,2,776.539,89.56,804303,3,1.07472
10,3,811.173,89.56,804303,2,1.07472
10,4,1215.08,89.56,804303,2,1.07472
10,5,1309.45,89.56,804303,2,1.07472
10,6,1420.94,89.56,804303,4,1.07472
10,7,1725.98,89.56,804303,6,1.07472
10,8,2005.6,89.56,804303,4,1.07472
10,9,2072.57,89.56,804303,2,1.07472
10,10,2180.53,89.56,804303,4,1.07472
10,1,1347.73,134.617,726062,5,1.07472
10,2,1353.01,134.617,726062,2,1.07472
10,3,1433.95,134.617,726062,4,1.07472
10,4,1685.2,134.617,726062,3,1.07472
10,5,1724.55,134.617,726062,4,1.07472
10,6,1822.9,134.617,726062,5,1.07472
10,7,1900.91,134.617,726062,4,1.07472
10,8,1964.81,134.617,726062,3,1.07472
10,9,2499.78,134.617,726062,3,1.07472
10,10,2537.76,134.617,726062,7,1.07472
10,1,366.437,61.814,502907,2,1.07472
10,2,415.928,61.814,502907,2,1.07472
10,3,538.54,61.814,502907,2,1.07472
10,4,856.832,61.814,502907,2,1.07472
10,5,1617.27,61.814,502907,3,1.07472
10,6,1783.84,61.814,502907,4,1.07472
10,7,2037.72,61.814,502907,4,1.07472
10,8,2268.66,61.814,502907,3,1.07472
10,9,2270.72,61.814,502907,3,1.07472
10,10,2301.97,61.814,502907,4,1.07472
10,1,462.848,94.7,775913,2,1.07472
10,2,470.558,94.7,775913,2,1.07472
10,3,1289.88,94.7,775913,2,1.07472
10,4,1303,94.7,775913,5,1.07472
10,5,1402.96,94.7,775913,5,1.07472
10,6,1734.94,94.7,775913,5,1.07472
10,7,2115.09,94.7,775913,3,1.07472
10,8,2123.62,94.7,775913,4,1.07472
10,9,2263.64,94.7,775913,4,1.07472
10,10,2366.63,94.7,775913,4,1.07472
10,1,367.222,74.09,263508,2,1.07472
10,2,929.995,74.09,263508,2,1.07472
10,3,1576.29,74.09,263508,2,1.07472
10,4,1852.47,74.09,263508,2,1.07472
10,5,1852.67,74.09,263508,3,1.07472
10,6,1874.39,74.09,263508,3,1.07472
10,7,2209.95,74.09,263508,5,1.07472
10,8,2319.87,74.09,263508,6,1.07472
10,9,2370.45,74.09,263508,4,1.07472
10,10,2525.19,74.09,263508,5,1.07472
10,1,295.53,87.075,771774,2,1.07472
10,2,587.856,87.075,771774,3,1.07472
10,3,723.136,87.075,771774,2,1.07472
10,4,880.032,87.075,771774,3,1.07472
10,5,1483.96,87.075,771774,3,1.07472
10,6,1549.9,87.075,771774,3,1.07472
10,7,2098.78,87.075,771774,4,1.07472
10,8,2103.5,87.075,771774,12,1.07472
10,9,2172.39,87.075,771774,5,1.07472
10,10,2176.95,87.075,771774,3,1.07472
10,1,561.698,116.75,1.01926e+06,2,1.07472
10,2,799.171,116.75,1.01926e+06,2,1.07472
10,3,877.727,116.75,1.01926e+06,3,1.07472
10,4,1069.49,116.75,1.01926e+06,2,1.07472
10,5,1548.94,116.75,1.01926e+06,2,1.07472
10,6,1863.28,116.75,1.01926e+06,4,1.07472
10,7,2076.95,116.75,1.01926e+06,4,1.07472
10,8,2240.69,116.75,1.01926e+06,3,1.07472
10,9,2315.07,116.75,1.01926e+06,4,1.07472
10,10,2394.63,116.75,1.01926e+06,3,1.07472
10,1,1240.8,204.673,1.09533e+06,3,1.07472
10,2,1677.08,204.673,1.09533e+06,3,1.07472
10,3,1943.94,204.673,1.09533e+06,4,1.07472
10,4,2081.34,204.673,1.09533e+06,4,1.07472
10,5,2092.8,204.673,1.09533e+06,6,1.07472
10,6,2183.37,204.673,1.09533e+06,6,1.07472
10,7,2218.76,204.673,1.09533e+06,3,1.07472
10,8,2550.55,204.673,1.09533e+06,5,1.07472
10,9,2597.05,204.673,1.09533e+06,4,1.07472
10,10,2604.68,204.673,1.09533e+06,4,1.07472
10,1,1052.35,129.392,1.16091e+06,3,1.07472
10,2,1655.39,129.392,1.16091e+06,3,1.07472
10,3,1670.17,129.392,1.16091e+06,3,1.07472
10,4,2139.81,129.392,1.16091e+06,6,1.07472
10,5,2255.53,129.392,1.16091e+06,2,1.07472
10,6,2263.4,129.392,1.16091e+06,4,1.07472
10,7,2368.11,129.392,1.16091e+06,5,1.07472
10,8,2461.67,129.392,1.16091e+06,3,1.07472
10,9,2629.09,129.392,1.16091e+06,5,1.07472
10,10,2744.78,129.392,1.16091e+06,7,1.07472
10,1,1800.31,165.68,1.87872e+06,6,1.07472
10,2,1883.62,165.68,1.87872e+06,6,1.07472
10,3,2433.98,165.68,1.87872e+06,4,1.07472
10,4,2813.08,165.68,1.87872e+06,4,1.07472
10,5,2941.81,165.68,1.87872e+06,4,1.07472
10,6,2980.8,165.68,1.87872e+06,5,1.07472
10,7,3114.11,165.68,1.87872e+06,10,1.07472
10,8,3269.49,165.68,1.87872e+06,5,1.07472
10,9,3270.38,165.68,1.87872e+06,5,1.07472
10,10,3305.79,165.68,1.87872e+06,5,1.07472
10,1,625.224,129.605,1.17695e+06,2,1.07472
10,2,1311.18,129.605,1.17695e+06,3,1.07472
10,3,1350.37,129.605,1.17695e+06,4,1.07472
10,4,1378.88,129.605,1.17695e+06,3,1.07472
10,5,2132.9,129.605,1.17695e+06,4,1.07472
10,6,2251.81,129.605,1.17695e+06,4,1.07472
10,7,2667.34,129.605,1.17695e+06,3,1.07472
10,8,2861.22,129.605,1.17695e+06,4,1.07472
10,9,2875.15,129.605,1.17695e+06,3,1.07472
10,10,2885,129.605,1.17695e+06,3,1.07472
10,1,1303.77,122.081,926857,2,1.07472
10,2,1713.13,122.081,926857,3,1.07472
10,3,1737.15,122.081,926857,5,1.07472
10,4,1877.55,122.081,926857,3,1.07472
10,5,1940.44,122.081,926857,3,1.07472
10,6,2017.45,122.081,926857,3,1.07472
10,7,2054.68,122.081,926857,4,1.07472
10,8,2279.79,122.081,926857,4,1.07472
10,9,2726.34,122.081,926857,4,1.07472
10,10,2813.7,122.081,926857,6,1.07472
10,1,280.589,97.677,797919,2,1.07472
10,2,714.487,97.677,797919,4,1.07472
10,3,905.558,97.677,797919,4,1.07472
10,4,1437.12,97.677,797919,5,1.07472
10,5,1449.05,97.677,797919,3,1.07472
10,6,1697.8,97.677,797919,4,1.07472
10,7,1721.83,97.677,797919,4,1.07472
10,8,1794.3,97.677,797919,4,1.07472
10,9,1820.11,97.677,797919,4,1.07472
10,10,1946.46,97.677,797919,5,1.07472
10,1,1499.2,97.387,673593,3,1.07472
10,2,1638.01,97.387,673593,3,1.07472
10,3,1640.88,97.387,673593,2,1.07472
10,4,1649.87,97.387,673593,4,1.07472
10,5,1920.65,97.387,673593,3,1.07472
10,6,1965.41,97.387,673593,4,1.07472
10,7,1978.29,97.387,673593,3,1.07472
10,8,2263.7,97.387,673593,3,1.07472
10,9,2313.03,97.387,673593,4,1.07472
10,10,2329.15,97.387,673593,2,1.07472
10,1,191.01,89.899,657965,2,1.07472
10,2,265.707,89.899,657965,2,1.07472
10,3,446.62,89.899,657965,3,1.07472
10,4,1132.93,89.899,657965,4,1.07472
10,5,1321.33,89.899,657965,4,1.07472
10,6,1672.9,89.899,657965,7,1.07472
10,7,1931.32,89.899,657965,4,1.07472
10,8,2010.04,89.899,657965,4,1.07472
10,9,2102.89,89.899,657965,5,1.07472
10,10,2267.89,89.899,657965,5,1.07472
10,1,1099.97,112.09,377419,3,1.07472
10,2,1194.24,112.09,377419,3,1.07472
10,3,1373.23,112.09,377419,4,1.07472
10,4,1609.46,112.09,377419,3,1.07472
10,5,1654,112.09,377419,4,1.07472
10,6,1838.3,112.09,377419,3,1.07472
10,7,2115.02,112.09,377419,4,1.07472
10,8,2346.33,112.09,377419,4,1.07472
10,9,2631.04,112.09,377419,5,1.07472
10,10,2698.12,112.09,377419,3,1.07472
10,1,1580.36,124.772,404152,4,1.07472
10,2,1632.47,124.772,404152,2,1.07472
10,3,1746.45,124.772,404152,4,1.07472
10,4,1776,124.772,404152,5,1.07472
10,5,2122.54,124.772,404152,4,1.07472
10,6,2600.13,124.772,404152,5,1.07472
10,7,2611.73,124.772,404152,3,1.07472
10,8,2684.68,124.772,404152,4,1.07472
10,9,2699.74,124.772,404152,3,1.07472
10,10,2772.56,124.772,404152,4,1.07472
10,1,1412.81,190.166,1.86317e+06,3,1.07472
10,2,1715.37,190.166,1.86317e+06,3,1.07472
10,3,2099.17,190.166,1.86317e+06,3,1.07472
10,4,2328.58,190.166,1.86317e+06,4,1.07472
10,5,2649.11,190.166,1.86317e+06,4,1.07472
10,6,2747.78,190.166,1.86317e+06,6,1.07472
10,7,2961.62,190.166,1.86317e+06,4,1.07472
10,8,3028.33,190.166,1.86317e+06,4,1.07472
10,9,3057.91,190.166,1.86317e+06,6,1.07472
10,10,3611.9,190.166,1.86317e+06,5,1.07472
10,1,907.149,73.57,743335,3,1.07472
10,2,1488.44,73.57,743335,2,1.07472
10,3,1798.2,73.57,743335,3,1.07472
10,4,1812.97,73.57,743335,5,1.07472
10,5,1857.04,73.57,743335,3,1.07472
10,6,1892.36,73.57,743335,4,1.07472
10,7,1899.39,73.57,743335,3,1.07472
10,8,1992.04,73.57,743335,5,1.07472
10,9,2145.91,73.57,743335,4,1.07472
10,10,2284.22,73.57,743335,3,1.07472
10,1,501.879,102.693,343170,3,1.07472
10,2,682.836,102.693,343170,2,1.07472
10,3,768.805,102.693,343170,2,1.07472
10,4,1272.88,102.693,343170,5,1.07472
10,5,1432.01,102.693,343170,5,1.07472
10,6,1851.6,102.693,343170,4,1.07472
10,7,2090.58,102.693,343170,4,1.07472
10,8,2143.28,102.693,343170,3,1.07472
10,9,2301.49,102.693,343170,4,1.07472
10,10,2397.23,102.693,343170,5,1.07472
10,1,1612.11,95.088,734606,3,1.07472
10,2,2017.21,95.088,734606,4,1.07472
10,3,2069.82,95.088,734606,4,1.07472
10,4,2127.46,95.088,734606,4,1.07472
10,5,2128.13,95.088,734606,4,1.07472
10,6,2297.27,95.088,734606,6,1.07472
10,7,2404.28,95.088,734606,7,1.07472
10,8,2615.71,95.088,734606,4,1.07472
10,9,2616,95.088,734606,4,1.07472
10,10,2692.19,95.088,734606,6,1.07472
10,1,560.014,54.561,473680,2,1.07472
10,2,584.419,54.561,473680,2,1.07472
10,3,974.996,54.561,473680,2,1.07472
10,4,1079.13,54.561,473680,2,1.07472
10,5,1253.39,54.561,473680,2,1.07472
10,6,1504.71,54.561,473680,4,1.07472
10,7,1603.82,54.561,473680,7,1.07472
10,8,1651.37,54.561,473680,8,1.07472
10,9,1688.23,54.561,473680,4,1.07472
10,10,1756.32,54.561,473680,5,1.07472
10,1,529.635,63.781,736070,2,1.07472
10,2,1098.86,63.781,736070,4,1.07472
10,3,1495.15,63.781,736070,2,1.07472
10,4,1680.36,63.781,736070,2,1.07472
10,5,1761.1,63.781,736070,4,1.07472
10,6,1864.75,63.781,736070,3,1.07472
10,7,1982,63.781,736070,2,1.07472
10,8,1990.96,63.781,736070,4,1.07472
10,9,2023.42,63.781,736070,4,1.07472
10,10,2168.03,63.781,736070,2,1.07472
10,1,367.535,90.384,279645,2,1.07472
10,2,1332.15,90.384,279645,3,1.07472
10,3,1666.62,90.384,279645,3,1.07472
10,4,1907.22,90.384,279645,3,1.07472
10,5,1934.8,90.384,279645,7,1.07472
10,6,2011.08,90.384,279645,4,1.07472
10,7,2065.54,90.384,279645,4,1.07472
10,8,2069.52,90.384,279645,4,1.07472
10,9,2124.04,90.384,279645,3,1.07472
10,10,2162.81,90.384,279645,8,1.07472
10,1,57.6888,175.906,2.21639e+06,2,1.07472
10,2,1917.19,175.906,2.21639e+06,5,1.07472
10,3,2172.53,175.906,2.21639e+06,4,1.07472
10,4,2214.73,175.906,2.21639e+06,4,1.07472
10,5,2354.2,175.906,2.21639e+06,5,1.07472
10,6,2444.84,175.906,2.21639e+06,6,1.07472
10,7,2501.48,175.906,2.21639e+06,5,1.07472
10,8,2734,175.906,2.21639e+06,5,1.07472
10,9,2873.56,175.906,2.21639e+06,3,1.07472
10,10,2987.69,175.906,2.21639e+06,5,1.07472
10,1,325.576,28.563,182612,2,1.07472
10,2,568.213,28.563,182612,2,1.07472
10,3,603.206,28.563,182612,2,1.07472
10,4,814.588,28.563,182612,2,1.07472
10,5,934.624,28.563,182612,2,1.07472
10,6,953.046,28.563,182612,2,1.07472
10,7,1209.45,28.563,182612,2,1.07472
10,8,1461.59,28.563,182612,2,1.07472
10,9,1463.32,28.563,182612,2,1.07472
10,10,1793.96,28.563,182612,3,1.07472
10,1,1115.7,151.224,1.56431e+06,11,1.07472
10,2,1914.35,151.224,1.56431e+06,9,1.07472
10,3,2005.2,151.224,1.56431e+06,5,1.07472
10,4,2047.79,151.224,1.56431e+06,5,1.07472
10,5,2172.37,151.224,1.56431e+06,5,1.07472
10,6,2688.93,151.224,1.56431e+06,6,1.07472
10,7,2752.99,151.224,1.56431e+06,4,1.07472
10,8,2956.21,151.224,1.56431e+06,5,1.07472
10,9,3157.28,151.224,1.56431e+06,5,1.07472
10,10,3399,151.224,1.56431e+06,12,1.07472
10,1,708.699,148.056,1.10251e+06,3,1.07472
10,2,812.341,148.056,1.10251e+06,3,1.07472
10,3,1153.69,148.056,1.10251e+06,3,1.07472
10,4,1259.18,148.056,1.10251e+06,3,1.07472
10,5,1692.6,148.056,1.10251e+06,4,1.07472
10,6,2262.03,148.056,1.10251e+06,3,1.07472
10,7,2420.87,148.056,1.10251e+06,3,1.07472
10,8,2465.94,148.056,1.10251e+06,4,1.07472
10,9,2689.22,148.056,1.10251e+06,3,1.07472
10,10,2734.66,148.056,1.10251e+06,4,1.07472
10,1,514.904,97.107,747622,3,1.07472
10,2,537.61,97.107,747622,2,1.07472
10,3,799.741,97.107,747622,3,1.07472
10,4,1162.78,97.107,747622,3,1.07472
10,5,1304.53,97.107,747622,4,1.07472
10,6,1797.24,97.107,747622,5,1.07472
10,7,1854.99,97.107,747622,4,1.07472
10,8,2137.11,97.107,747622,5,1.07472
10,9,2219.88,97.107,747622,5,1.07472
10,10,2284.92,97.107,747622,4,1.07472
10,1,41.6773,84.954,518430,2,1.07472
10,2,305.949,84.954,518430,2,1.07472
10,3,368.067,84.954,518430,2,1.07472
10,4,972.731,84.954,518430,2,1.07472
10,5,1229.39,84.954,518430,5,1.07472
10,6,1353.33,84.954,518430,4,1.07472
10,7,1823.46,84.954,518430,2,1.07472
10,8,2063.71,84.954,518430,5,1.07472
10,9,2446.81,84.954,518430,3,1.07472
10,10,2473.45,84.954,518430,2,1.07472
10,1,490.553,36.048,244559,2,1.07472
10,2,874.081,36.048,244559,2,1.07472
10,3,1341,36.048,244559,2,1.07472
10,4,1412.41,36.048,244559,2,1.07472
10,5,1605.4,36.048,244559,3,1.07472
10,6,1689.1,36.048,244559,2,1.07472
10,7,1761.99,36.048,244559,5,1.07472
10,8,1858.06,36.048,244559,5,1.07472
10,9,1946.65,36.048,244559,3,1.07472
10,10,2015.53,36.048,244559,2,1.07472
10,1,726.284,104.883,1.04697e+06,2,1.07472
10,2,1315.01,104.883,1.04697e+06,3,1.07472
10,3,1477.82,104.883,1.04697e+06,2,1.07472
10,4,1797.22,104.883,1.04697e+06,3,1.07472
10,5,1961.4,104.883,1.04697e+06,4,1.07472
10,6,2037.06,104.883,1.04697e+06,5,1.07472
10,7,2097.69,104.883,1.04697e+06,4,1.07472
10,8,2137.98,104.883,1.04697e+06,3,1.07472
10,9,2800.19,104.883,1.04697e+06,5,1.07472
10,10,2826.7,104.883,1.04697e+06,4,1.07472
10,1,118.343,75.689,311055,2,1.07472
10,2,436.12,75.689,311055,3,1.07472
10,3,1211.99,75.689,311055,3,1.07472
10,4,1495.4,75.689,311055,4,1.07472
10,5,1605.87,75.689,311055,2,1.07472
10,6,1624.16,75.689,311055,3,1.07472
10,7,1643.14,75.689,311055,4,1.07472
10,8,1676.21,75.689,311055,6,1.07472
10,9,1964.71,75.689,311055,3,1.07472
10,10,2079.9,75.689,311055,4,1.07472
10,1,504.565,92.119,480779,3,1.07472
10,2,1253.3,92.119,480779,3,1.07472
10,3,1328.16,92.119,480779,3,1.07472
10,4,1605.25,92.119,480779,3,1.07472
10,5,1747.04,92.119,480779,3,1.07472
10,6,1795.88,92.119,480779,3,1.07472
10,7,2026.48,92.119,480779,3,1.07472
10,8,2127.68,92.119,480779,3,1.07472
10,9,2430.2,92.119,480779,4,1.07472
10,10,2475.78,92.119,480779,4,1.07472
10,1,375.133,18.874,266230,2,1.07472
10,2,827.2,18.874,266230,2,1.07472
10,3,849.85,18.874,266230,2,1.07472
10,4,891.718,18.874,266230,2,1.07472
10,5,1020.57,18.874,266230,2,1.07472
10,6,1037.8,18.874,266230,3,1.07472
10,7,1143,18.874,266230,2,1.07472
10,8,1200.11,18.874,266230,2,1.07472
10,9,1279.86,18.874,266230,2,1.07472
10,10,1337.86,18.874,266230,3,1.07472
10,1,855.208,126.253,845018,2,1.07472
10,2,1351.37,126.253,845018,4,1.07472
10,3,1563.36,126.253,845018,4,1.07472
10,4,2069.2,126.253,845018,3,1.07472
10,5,2188.47,126.253,845018,3,1.07472
10,6,2331.28,126.253,845018,4,1.07472
10,7,2362.55,126.253,845018,4,1.07472
10,8,2603.86,126.253,845018,3,1.07472
10,9,2691.04,126.253,845018,5,1.07472
10,10,2874.54,126.253,845018,5,1.07472
10,1,1004.96,102.471,691732,3,1.07472
10,2,1178.3,102.471,691732,4,1.07472
10,3,1207.07,102.471,691732,4,1.07472
10,4,1596.03,102.471,691732,4,1.07472
10,5,1733.37,102.471,691732,4,1.07472
10,6,2167.16,102.471,691732,6,1.07472
10,7,2420.64,102.471,691732,4,1.07472
10,8,2439.13,102.471,691732,4,1.07472
10,9,2729.39,102.471,691732,7,1.07472
10,10,2732.96,102.471,691732,7,1.07472
10,1,300.673,85.146,1.68014e+06,2,1.07472
10,2,485.153,85.146,1.68014e+06,2,1.07472
10,3,1586.04,85.146,1.68014e+06,3,1.07472
10,4,1736.37,85.146,1.68014e+06,3,1.07472
10,5,1791.05,85.146,1.68014e+06,4,1.07472
10,6,1982.69,85.146,1.68014e+06,4,1.07472
10,7,2015.23,85.146,1.68014e+06,3,1.07472
10,8,2119.48,85.146,1.68014e+06,4,1.07472
10,9,2216.7,85.146,1.68014e+06,4,1.07472
10,10,2238.79,85.146,1.68014e+06,4,1.07472
10,1,390.917,107.681,714664,3,1.07472
10,2,1338.98,107.681,714664,4,1.07472
10,3,1405.25,107.681,714664,4,1.07472
10,4,1927.85,107.681,714664,7,1.07472
10,5,2291.78,107.681,714664,4,1.07472
10,6,2375.21,107.681,714664,7,1.07472
10,7,2594.43,107.681,714664,4,1.07472
10,8,2915.09,107.681,714664,5,1.07472
10,9,3017.76,107.681,714664,4,1.07472
10,10,3086.37,107.681,714664,7,1.07472
10,1,433.203,41.175,140040,3,1.07472
10,2,570.86,41.175,140040,2,1.07472
10,3,811.167,41.175,140040,2,1.07472
10,4,1093.51,41.175,140040,3,1.07472
10,5,1097.76,41.175,140040,2,1.07472
10,6,1157.77,41.175,140040,3,1.07472
10,7,1283.88,41.175,140040,3,1.07472
10,8,1609.49,41.175,140040,2,1.07472
10,9,1863.52,41.175,140040,4,1.07472
10,10,1897.75,41.175,140040,5,1.07472
10,1,147.828,37.55,378870,2,1.07472
10,2,708.837,37.55,378870,2,1.07472
10,3,846.181,37.55,378870,3,1.07472
10,4,1046.25,37.55,378870,2,1.07472
10,5,1298,37.55,378870,5,1.07472
10,6,1333.32,37.55,378870,2,1.07472
10,7,1380.3,37.55,378870,2,1.07472
10,8,1557.23,37.55,378870,2,1.07472
10,9,1569.59,37.55,378870,5,1.07472
10,10,1686.82,37.55,378870,4,1.07472
10,1,255.282,106.039,1.15659e+06,2,1.07472
10,2,925.858,106.039,1.15659e+06,6,1.07472
10,3,1573.04,106.039,1.15659e+06,4,1.07472
10,4,1623.35,106.039,1.15659e+06,6,1.07472
10,5,1716,106.039,1.15659e+06,8,1.07472
10,6,1856.06,106.039,1.15659e+06,4,1.07472
10,7,2074.92,106.039,1.15659e+06,5,1.07472
10,8,2140.58,106.039,1.15659e+06,4,1.07472
10,9,2272.19,106.039,1.15659e+06,6,1.07472
10,10,2289.75,106.039,1.15659e+06,7,1.07472
10,1,177.226,91.11,381094,2,1.07472
10,2,356.953,91.11,381094,3,1.07472
10,3,905.674,91.11,381094,3,1.07472
10,4,1432.23,91.11,381094,4,1.07472
10,5,1432.86,91.11,381094,4,1.07472
10,6,1477.38,91.11,381094,4,1.07472
10,7,1565.39,91.11,381094,5,1.07472
10,8,1849.76,91.11,381094,4,1.07472
10,9,2114.37,91.11,381094,5,1.07472
10,10,2692.89,91.11,381094,6,1.07472
10,1,319.288,96.474,1.1532e+06,2,1.07472
10,2,1470.32,96.474,1.1532e+06,4,1.07472
10,3,1644.83,96.474,1.1532e+06,4,1.07472
10,4,1886.51,96.474,1.1532e+06,4,1.07472
10,5,1978.76,96.474,1.1532e+06,4,1.07472
10,6,2027.47,96.474,1.1532e+06,3,1.07472
10,7,2107.34,96.474,1.1532e+06,3,1.07472
10,8,2187.61,96.474,1.1532e+06,2,1.07472
10,9,2523.77,96.474,1.1532e+06,3,1.07472
10,10,2633.5,96.474,1.1532e+06,5,1.07472
10,1,239.76,92.453,559747,2,1.07472
10,2,1407.49,92.453,559747,2,1.07472
10,3,1668.16,92.453,559747,2,1.07472
10,4,2027.15,92.453,559747,3,1.07472
10,5,2239.55,92.453,559747,5,1.07472
10,6,2361.87,92.453,559747,2,1.07472
10,7,2523.46,92.453,559747,4,1.07472
10,8,2538.05,92.453,559747,4,1.07472
10,9,2692.23,92.453,559747,3,1.07472
10,10,2720.14,92.453,559747,3,1.07472
10,1,550.989,86.243,1.37117e+06,2,1.07472
10,2,874.2,86.243,1.37117e+06,4,1.07472
10,3,1170.35,86.243,1.37117e+06,3,1.07472
10,4,1619.02,86.243,1.37117e+06,3,1.07472
10,5,2064.61,86.243,1.37117e+06,4,1.07472
10,6,2313.96,86.243,1.37117e+06,3,1.07472
10,7,2345.63,86.243,1.37117e+06,6,1.07472
10,8,2460.44,86.243,1.37117e+06,7,1.07472
10,9,2461.79,86.243,1.37117e+06,4,1.07472
10,10,2488.74,86.243,1.37117e+06,9,1.07472
10,1,170.144,75.74,897370,2,1.07472
10,2,801.051,75.74,897370,2,1.07472
10,3,901.045,75.74,897370,2,1.07472
10,4,1027.95,75.74,897370,2,1.07472
10,5,1065.59,75.74,897370,2,1.07472
10,6,1636.88,75.74,897370,4,1.07472
10,7,1759.17,75.74,897370,2,1.07472
10,8,1869.26,75.74,897370,3,1.07472
10,9,2246.39,75.74,897370,2,1.07472
10,10,2365.25,75.74,897370,3,1.07472
10,1,941.951,44.901,375160,2,1.07472
10,2,1075.94,44.901,375160,3,1.07472
10,3,1262.71,44.901,375160,3,1.07472
10,4,1339.74,44.901,375160,4,1.07472
10,5,1428.04,44.901,375160,3,1.07472
10,6,1501.53,44.901,375160,2,1.07472
10,7,1542.21,44.901,375160,3,1.07472
10,8,1570.74,44.901,375160,3,1.07472
10,9,1624.99,44.901,375160,4,1.07472
10,10,1731.77,44.901,375160,4,1.07472
10,1,1034.65,65.242,215985,3,1.07472
10,2,1188.43,65.242,215985,3,1.07472
10,3,1232.38,65.242,215985,4,1.07472
10,4,1319.68,65.242,215985,3,1.07472
10,5,1391.73,65.242,215985,3,1.07472
10,6,1399.92,65.242,215985,3,1.07472
10,7,1577.53,65.242,215985,4,1.07472
10,8,1688.2,65.242,215985,3,1.07472
10,9,1729.91,65.242,215985,4,1.07472
10,10,2034.34,65.242,215985,4,1.07472
10,1,293.847,34.25,234124,2,1.07472
10,2,473.296,34.25,234124,2,1.07472
10,3,562.882,34.25,234124,2,1.07472
10,4,681.247,34.25,234124,2,1.07472
10,5,963.203,34.25,234124,2,1.07472
10,6,1319.81,34.25,234124,2,1.07472
10,7,1497.67,34.25,234124,3,1.07472
10,8,1505.96,34.25,234124,2,1.07472
10,9,1585.63,34.25,234124,2,1.07472
10,10,1789,34.25,234124,2,1.07472
10,1,1482.79,157.917,1.52209e+06,2,1.07472
10,2,1575.89,157.917,1.52209e+06,4,1.07472
10,3,1815.61,157.917,1.52209e+06,4,1.07472
10,4,2064.43,157.917,1.52209e+06,4,1.07472
10,5,2317.84,157.917,1.52209e+06,4,1.07472
10,6,2384.68,157.917,1.52209e+06,3,1.07472
10,7,2580.52,157.917,1.52209e+06,4,1.07472
10,8,2734.07,157.917,1.52209e+06,4,1.07472
10,9,2911.82,157.917,1.52209e+06,3,1.07472
10,10,2986.71,157.917,1.52209e+06,5,1.07472
10,1,114.438,65.55,310022,2,1.07472
10,2,659.256,65.55,310022,3,1.07472
10,3,1082.71,65.55,310022,3,1.07472
10,4,1521.91,65.55,310022,2,1.07472
10,5,1548.79,65.55,310022,4,1.07472
10,6,1768.57,65.55,310022,3,1.07472
10,7,1896.61,65.55,310022,2,1.07472
10,8,2094.19,65.55,310022,4,1.07472
10,9,2185.12,65.55,310022,3,1.07472
10,10,2443.13,65.55,310022,5,1.07472
10,1,573.454,65.293,277357,2,1.07472
10,2,854.682,65.293,277357,2,1.07472
10,3,1489,65.293,277357,5,1.07472
10,4,1574.38,65.293,277357,5,1.07472
10,5,1798.06,65.293,277357,3,1.07472
10,6,1916.17,65.293,277357,3,1.07472
10,7,1990.72,65.293,277357,4,1.07472
10,8,2094.33,65.293,277357,5,1.07472
10,9,2142.99,65.293,277357,3,1.07472
10,10,2239.18,65.293,277357,4,1.07472
10,1,1613.13,117.686,905687,4,1.07472
10,2,2173.33,117.686,905687,7,1.07472
10,3,2366.12,117.686,905687,5,1.07472
10,4,2447.7,117.686,905687,8,1.07472
10,5,2502.64,117.686,905687,5,1.07472
10,6,2553.5,117.686,905687,8,1.07472
10,7,2626.32,117.686,905687,6,1.07472
10,8,2691.83,117.686,905687,6,1.07472
10,9,2696.62,117.686,905687,5,1.07472
10,10,2739.63,117.686,905687,5,1.07472
10,1,533.841,62.784,721836,2,1.07472
10,2,802.055,62.784,721836,3,1.07472
10,3,1595.23,62.784,721836,3,1.07472
10,4,1665.64,62.784,721836,2,1.07472
10,5,2084.5,62.784,721836,3,1.07472
10,6,2161.37,62.784,721836,3,1.07472
10,7,2201.99,62.784,721836,4,1.07472
10,8,2207.45,62.784,721836,4,1.07472
10,9,2257.49,62.784,721836,4,1.07472
10,10,2351.42,62.784,721836,5,1.07472
10,1,1098.5,122.925,1.12815e+06,3,1.07472
10,2,1328.73,122.925,1.12815e+06,3,1.07472
10,3,1423.97,122.925,1.12815e+06,4,1.07472
10,4,1467.86,122.925,1.12815e+06,3,1.07472
10,5,1623.89,122.925,1.12815e+06,3,1.07472
10,6,2071.24,122.925,1.12815e+06,7,1.07472
10,7,2384.54,122.925,1.12815e+06,3,1.07472
10,8,2388.56,122.925,1.12815e+06,5,1.07472
10,9,2557.19,122.925,1.12815e+06,4,1.07472
10,10,2564.26,122.925,1.12815e+06,8,1.07472
10,1,727.941,84.187,486489,3,1.07472
10,2,1032.44,84.187,486489,3,1.07472
10,3,1220.25,84.187,486489,3,1.07472
10,4,1778.74,84.187,486489,4,1.07472
10,5,1894.08,84.187,486489,3,1.07472
10,6,2054.25,84.187,486489,7,1.07472
10,7,2286.89,84.187,486489,5,1.07472
10,8,2382.91,84.187,486489,5,1.07472
10,9,2474.97,84.187,486489,5,1.07472
10,10,2507.56,84.187,486489,7,1.07472
10,1,520.193,85.559,515846,2,1.07472
10,2,627.172,85.559,515846,2,1.07472
10,3,1138.24,85.559,515846,2,1.07472
10,4,1330.07,85.559,515846,2,1.07472
10,5,1424.93,85.559,515846,3,1.07472
10,6,2074.03,85.559,515846,3,1.07472
10,7,2340.8,85.559,515846,5,1.07472
10,8,2625.13,85.559,515846,3,1.07472
10,9,2661.03,85.559,515846,3,1.07472
10,10,2737.64,85.559,515846,5,1.07472
10,1,489.804,119.247,1.90369e+06,2,1.07472
10,2,509.608,119.247,1.90369e+06,2,1.07472
10,3,843.224,119.247,1.90369e+06,2,1.07472
10,4,1098.02,119.247,1.90369e+06,4,1.07472
10,5,1173,119.247,1.90369e+06,4,1.07472
10,6,1728.97,119.247,1.90369e+06,4,1.07472
10,7,2191.29,119.247,1.90369e+06,4,1.07472
10,8,2231.16,119.247,1.90369e+06,5,1.07472
10,9,2414.02,119.247,1.90369e+06,4,1.07472
10,10,2491.43,119.247,1.90369e+06,4,1.07472
10,1,465.481,57.227,445908,2,1.07472
10,2,1007.53,57.227,445908,2,1.07472
10,3,1116.88,57.227,445908,4,1.07472
10,4,1196.35,57.227,445908,2,1.07472
10,5,1362.39,57.227,445908,2,1.07472
10,6,1458.93,57.227,445908,4,1.07472
10,7,1482.56,57.227,445908,3,1.07472
10,8,1739.78,57.227,445908,5,1.07472
10,9,1896.69,57.227,445908,3,1.07472
10,10,2103.72,57.227,445908,3,1.07472
10,1,569.653,54.093,440873,2,1.07472
10,2,656.22,54.093,440873,2,1.07472
10,3,982.538,54.093,440873,2,1.07472
10,4,1231.67,54.093,440873,3,1.07472
10,5,1389.62,54.093,440873,4,1.07472
10,6,1439.15,54.093,440873,2,1.07472
10,7,1784.94,54.093,440873,2,1.07472
10,8,2038.31,54.093,440873,2,1.07472
10,9,2136.43,54.093,440873,2,1.07472
10,10,2145.94,54.093,440873,3,1.07472
10,1,206.584,29.756,409307,2,1.07472
10,2,522.851,29.756,409307,2,1.07472
10,3,565.417,29.756,409307,2,1.07472
10,4,595.995,29.756,409307,2,1.07472
10,5,792.463,29.756,409307,2,1.07472
10,6,1027.53,29.756,409307,2,1.07472
10,7,1087.76,29.756,409307,2,1.07472
10,8,1435.07,29.756,409307,2,1.07472
10,9,1448.1,29.756,409307,2,1.07472
10,10,1702.21,29.756,409307,4,1.07472
10,1,573.749,34.027,229408,5,1.07472
10,2,749.353,34.027,229408,2,1.07472
10,3,810.005,34.027,229408,5,1.07472
10,4,888.884,34.027,229408,2,1.07472
10,5,1256.99,34.027,229408,5,1.07472
10,6,1410.65,34.027,229408,3,1.07472
10,7,1471.7,34.027,229408,2,1.07472
10,8,1713.24,34.027,229408,3,1.07472
10,9,1728.87,34.027,229408,5,1.07472
10,10,1739.79,34.027,229408,4,1.07472
10,1,1709.56,106.926,968190,5,1.07472
10,2,2271.76,106.926,968190,4,1.07472
10,3,2274.95,106.926,968190,6,1.07472
10,4,2365.26,106.926,968190,5,1.07472
10,5,2517.71,106.926,968190,6,1.07472
10,6,2540.62,106.926,968190,5,1.07472
10,7,2604.19,106.926,968190,9,1.07472
10,8,2606.63,106.926,968190,4,1.07472
10,9,2637.21,106.926,968190,4,1.07472
10,10,2701.38,106.926,968190,5,1.07472
10,1,1307.13,63.906,366154,2,1.07472
10,2,1402.39,63.906,366154,2,1.07472
10,3,1405.14,63.906,366154,3,1.07472
10,4,1535.07,63.906,366154,3,1.07472
10,5,1686.25,63.906,366154,2,1.07472
10,6,1829.37,63.906,366154,2,1.07472
10,7,1831.74,63.906,366154,2,1.07472
10,8,2039.19,63.906,366154,5,1.07472
10,9,2113.03,63.906,366154,4,1.07472
10,10,2194.77,63.906,366154,2,1.07472
10,1,693.376,65.194,565089,3,1.07472
10,2,737.417,65.194,565089,2,1.07472
10,3,797.2,65.194,565089,2,1.07472
10,4,800.712,65.194,565089,6,1.07472
10,5,1271.23,65.194,565089,2,1.07472
10,6,1515.3,65.194,565089,2,1.07472
10,7,1974.5,65.194,565089,2,1.07472
10,8,2198.79,65.194,565089,7,1.07472
10,9,2205.15,65.194,565089,2,1.07472
10,10,2250.96,65.194,565089,6,1.07472
10,1,627.454,65.243,418463,2,1.07472
10,2,689.98,65.243,418463,2,1.07472
10,3,766.711,65.243,418463,2,1.07472
10,4,1296.05,65.243,418463,3,1.07472
10,5,1386.95,65.243,418463,2,1.07472
10,6,1550.34,65.243,418463,3,1.07472
10,7,1577.67,65.243,418463,2,1.07472
10,8,1724.64,65.243,418463,2,1.07472
10,9,1725.24,65.243,418463,4,1.07472
10,10,2014.25,65.243,418463,2,1.07472
10,1,742.414,113.296,846046,3,1.07472
10,2,1446.7,113.296,846046,3,1.07472
10,3,1509.52,113.296,846046,3,1.07472
10,4,1520.63,113.296,846046,3,1.07472
10,5,1769.21,113.296,846046,4,1.07472
10,6,2204.45,113.296,846046,6,1.07472
10,7,2228.67,113.296,846046,2,1.07472
10,8,2231.17,113.296,846046,3,1.07472
10,9,2435,113.296,846046,7,1.07472
10,10,2703.6,113.296,846046,4,1.07472
10,1,376.191,33.981,279527,2,1.07472
10,2,863.252,33.981,279527,3,1.07472
10,3,903.23,33.981,279527,3,1.07472
10,4,1214.23,33.981,279527,3,1.07472
10,5,1359.34,33.981,279527,3,1.07472
10,6,1520.01,33.981,279527,3,1.07472
10,7,1577.03,33.981,279527,3,1.07472
10,8,1714.37,33.981,279527,3,1.07472
10,9,1742.19,33.981,279527,4,1.07472
10,10,1766.49,33.981,279527,5,1.07472
10,1,290.062,77.133,396076,2,1.07472
10,2,433.554,77.133,396076,2,1.07472
10,3,547.182,77.133,396076,2,1.07472
10,4,1403.34,77.133,396076,3,1.07472
10,5,1668.31,77.133,396076,5,1.07472
10,6,1674.72,77.133,396076,5,1.07472
10,7,1919.65,77.133,396076,3,1.07472
10,8,1984.28,77.133,396076,4,1.07472
10,9,2319.53,77.133,396076,5,1.07472
10,10,2340.31,77.133,396076,3,1.07472
10,1,648.303,134.437,1.51457e+06,3,1.07472
10,2,1460.78,134.437,1.51457e+06,5,1.07472
10,3,1781.15,134.437,1.51457e+06,3,1.07472
10,4,1817.31,134.437,1.51457e+06,3,1.07472
10,5,2003.19,134.437,1.51457e+06,3,1.07472
10,6,2051.86,134.437,1.51457e+06,4,1.07472
10,7,2767.04,134.437,1.51457e+06,6,1.07472
10,8,2930.45,134.437,1.51457e+06,5,1.07472
10,9,2967.42,134.437,1.51457e+06,4,1.07472
10,10,3131.5,134.437,1.51457e+06,7,1.07472
10,1,409.591,132.65,509503,2,1.07472
10,2,600.74,132.65,509503,2,1.07472
10,3,618.971,132.65,509503,2,1.07472
10,4,1400.56,132.65,509503,3,1.07472
10,5,1470.22,132.65,509503,4,1.07472
10,6,1973.84,132.65,509503,3,1.07472
10,7,2158.95,132.65,509503,5,1.07472
10,8,2243.24,132.65,509503,4,1.07472
10,9,2277.66,132.65,509503,6,1.07472
10,10,2450.63,132.65,509503,4,1.07472
10,1,176.411,86.312,732082,2,1.07472
10,2,388.63,86.312,732082,2,1.07472
10,3,925.059,86.312,732082,3,1.07472
10,4,1283.16,86.312,732082,5,1.07472
10,5,1499.37,86.312,732082,3,1.07472
10,6,1996.27,86.312,732082,3,1.07472
10,7,2231.84,86.312,732082,3,1.07472
10,8,2232.63,86.312,732082,6,1.07472
10,9,2330.95,86.312,732082,3,1.07472
10,10,2437.58,86.312,732082,4,1.07472
10,1,635.154,52.464,608868,2,1.07472
10,2,862.715,52.464,608868,2,1.07472
10,3,1041.17,52.464,608868,2,1.07472
10,4,1139.44,52.464,608868,2,1.07472
10,5,1391.9,52.464,608868,2,1.07472
10,6,1418.3,52.464,608868,4,1.07472
10,7,1721.3,52.464,608868,3,1.07472
10,8,1738.48,52.464,608868,4,1.07472
10,9,1806.78,52.464,608868,5,1.07472
10,10,1873.92,52.464,608868,6,1.07472
10,1,494.914,36.415,117611,3,1.07472
10,2,693.185,36.415,117611,2,1.07472
10,3,978.297,36.415,117611,2,1.07472
10,4,1265.5,36.415,117611,4,1.07472
10,5,1459.85,36.415,117611,3,1.07472
10,6,1634.63,36.415,117611,4,1.07472
10,7,1730.81,36.415,117611,4,1.07472
10,8,1825.06,36.415,117611,2,1.07472
10,9,1878.27,36.415,117611,3,1.07472
10,10,1901.71,36.415,117611,3,1.07472
10,1,866.941,60.561,544582,3,1.07472
10,2,1252.14,60.561,544582,2,1.07472
10,3,1419.47,60.561,544582,2,1.07472
10,4,1529.15,60.561,544582,2,1.07472
10,5,1616.08,60.561,544582,2,1.07472
10,6,1623,60.561,544582,4,1.07472
10,7,1647.04,60.561,544582,4,1.07472
10,8,1720.89,60.561,544582,4,1.07472
10,9,1774.34,60.561,544582,5,1.07472
10,10,1814.28,60.561,544582,4,1.07472
10,1,337.297,134.534,653864,2,1.07472
10,2,643.567,134.534,653864,2,1.07472
10,3,1059.63,134.534,653864,2,1.07472
10,4,1573.98,134.534,653864,2,1.07472
10,5,1726.35,134.534,653864,3,1.07472
10,6,1786.24,134.534,653864,4,1.07472
10,7,1822.94,134.534,653864,2,1.07472
10,8,1867.77,134.534,653864,3,1.07472
10,9,2123.33,134.534,653864,4,1.07472
10,10,2312.08,134.534,653864,4,1.07472
10,1,1169.41,191.079,1.12022e+06,3,1.07472
10,2,2038.44,191.079,1.12022e+06,5,1.07472
10,3,2052.87,191.079,1.12022e+06,4,1.07472
10,4,2471.66,191.079,1.12022e+06,4,1.07472
10,5,3023.77,191.079,1.12022e+06,5,1.07472
10,6,3164.55,191.079,1.12022e+06,8,1.07472
10,7,3203.54,191.079,1.12022e+06,3,1.07472
10,8,3280.75,191.079,1.12022e+06,8,1.07472
10,9,3391.08,191.079,1.12022e+06,8,1.07472
10,10,3434.17,191.079,1.12022e+06,5,1.07472
10,1,412.572,37.238,336679,2,1.07472
10,2,487.943,37.238,336679,2,1.07472
10,3,749.192,37.238,336679,2,1.07472
10,4,803.704,37.238,336679,2,1.07472
10,5,1036.23,37.238,336679,2,1.07472
10,6,1275.19,37.238,336679,3,1.07472
10,7,1488.22,37.238,336679,2,1.07472
10,8,1603.17,37.238,336679,2,1.07472
10,9,1630.11,37.238,336679,4,1.07472
10,10,2024.86,37.238,336679,4,1.07472
10,1,149.807,38.098,497115,2,1.07472
10,2,434.442,38.098,497115,2,1.07472
10,3,510.957,38.098,497115,2,1.07472
10,4,526.46,38.098,497115,2,1.07472
10,5,795.8,38.098,497115,5,1.07472
10,6,1052.59,38.098,497115,2,1.07472
10,7,1129.66,38.098,497115,4,1.07472
10,8,1152.72,38.098,497115,5,1.07472
10,9,1447.7,38.098,497115,4,1.07472
10,10,1617.78,38.098,497115,3,1.07472
10,1,547.023,73.338,406083,2,1.07472
10,2,592.095,73.338,406083,2,1.07472
10,3,905.63,73.338,406083,2,1.07472
10,4,1025.3,73.338,406083,4,1.07472
10,5,1780.84,73.338,406083,4,1.07472
10,6,1839.66,73.338,406083,2,1.07472
10,7,1964.94,73.338,406083,3,1.07472
10,8,2379.1,73.338,406083,4,1.07472
10,9,2396.21,73.338,406083,5,1.07472
10,10,2531.92,73.338,406083,5,1.07472
10,1,1156.62,65.266,353151,3,1.07472
10,2,1671.45,65.266,353151,3,1.07472
10,3,1712.19,65.266,353151,4,1.07472
10,4,1764.91,65.266,353151,6,1.07472
10,5,1790.84,65.266,353151,5,1.07472
10,6,1824.28,65.266,353151,5,1.07472
10,7,1861.47,65.266,353151,6,1.07472
10,8,1887.03,65.266,353151,4,1.07472
10,9,2002.15,65.266,353151,5,1.07472
10,10,2116.39,65.266,353151,2,1.07472
10,1,365.604,101.983,600538,2,1.07472
10,2,1192.46,101.983,600538,2,1.07472
10,3,1223.7,101.983,600538,3,1.07472
10,4,1613.76,101.983,600538,3,1.07472
10,5,2142.45,101.983,600538,3,1.07472
10,6,2150.32,101.983,600538,3,1.07472
10,7,2228.37,101.983,600538,7,1.07472
10,8,2421.43,101.983,600538,4,1.07472
10,9,2449.27,101.983,600538,5,1.07472
10,10,2452.06,101.983,600538,5,1.07472
10,1,759.88,60.265,450390,3,1.07472
10,2,1199.83,60.265,450390,3,1.07472
10,3,1300.64,60.265,450390,3,1.07472
10,4,1389.02,60.265,450390,4,1.07472
10,5,1534.61,60.265,450390,3,1.07472
10,6,1615.25,60.265,450390,4,1.07472
10,7,1696.83,60.265,450390,3,1.07472
10,8,1713.43,60.265,450390,4,1.07472
10,9,1750.37,60.265,450390,4,1.07472
10,10,2122.16,60.265,450390,4,1.07472
10,1,721.977,75.272,713927,3,1.07472
10,2,1055.17,75.272,713927,3,1.07472
10,3,1703.19,75.272,713927,4,1.07472
10,4,2077.58,75.272,713927,3,1.07472
10,5,2231.08,75.272,713927,5,1.07472
10,6,2427.07,75.272,713927,2,1.07472
10,7,2466.08,75.272,713927,3,1.07472
10,8,2496.71,75.272,713927,4,1.07472
10,9,2577.63,75.272,713927,5,1.07472
10,10,2675.63,75.272,713927,4,1.07472
10,1,343.023,66.268,222825,2,1.07472
10,2,408.705,66.268,222825,2,1.07472
10,3,1372.76,66.268,222825,4,1.07472
10,4,1674.81,66.268,222825,2,1.07472
10,5,1798.98,66.268,222825,4,1.07472
10,6,1806.68,66.268,222825,4,1.07472
10,7,2075.71,66.268,222825,3,1.07472
10,8,2113.4,66.268,222825,5,1.07472
10,9,2114.65,66.268,222825,4,1.07472
10,10,2232.11,66.268,222825,3,1.07472
10,1,462.032,91.346,664106,3,1.07472
10,2,1123.2,91.346,664106,3,1.07472
10,3,1213.31,91.346,664106,2,1.07472
10,4,1576.35,91.346,664106,2,1.07472
10,5,1785.73,91.346,664106,3,1.07472
10,6,2002.39,91.346,664106,6,1.07472
10,7,2197.52,91.346,664106,3,1.07472
10,8,2333.29,91.346,664106,4,1.07472
10,9,2456.23,91.346,664106,4,1.07472
10,10,2488.69,91.346,664106,4,1.07472
10,1,398.761,75.877,519788,2,1.07472
10,2,743.21,75.877,519788,2,1.07472
10,3,789.773,75.877,519788,2,1.07472
10,4,942.669,75.877,519788,4,1.07472
10,5,998.335,75.877,519788,3,1.07472
10,6,1088.65,75.877,519788,4,1.07472
10,7,1180.05,75.877,519788,5,1.07472
10,8,1620.84,75.877,519788,6,1.07472
10,9,1776.91,75.877,519788,4,1.07472
10,10,1909.65,75.877,519788,4,1.07472
10,1,229.34,23.012,269952,2,1.07472
10,2,231.294,23.012,269952,2,1.07472
10,3,310.105,23.012,269952,2,1.07472
10,4,715.039,23.012,269952,2,1.07472
10,5,881.413,23.012,269952,2,1.07472
10,6,901.128,23.012,269952,2,1.07472
10,7,992.336,23.012,269952,2,1.07472
10,8,1264.51,23.012,269952,2,1.07472
10,9,1266.09,23.012,269952,3,1.07472
10,10,1515.49,23.012,269952,2,1.07472
10,1,648.238,42.193,312753,2,1.07472
10,2,754.179,42.193,312753,2,1.07472
10,3,837.855,42.193,312753,2,1.07472
10,4,1365.05,42.193,312753,2,1.07472
10,5,1611.93,42.193,312753,3,1.07472
10,6,1727.9,42.193,312753,3,1.07472
10,7,1755.15,42.193,312753,3,1.07472
10,8,1760.07,42.193,312753,3,1.07472
10,9,1880.08,42.193,312753,3,1.07472
10,10,1993.25,42.193,312753,3,1.07472
10,1,479.533,82.668,556194,2,1.07472
10,2,530.396,82.668,556194,2,1.07472
10,3,1136.93,82.668,556194,3,1.07472
10,4,1300.02,82.668,556194,3,1.07472
10,5,2063.3,82.668,556194,2,1.07472
10,6,2137,82.668,556194,2,1.07472
10,7,2139.35,82.668,556194,4,1.07472
10,8,2183.58,82.668,556194,4,1.07472
10,9,2258.56,82.668,556194,6,1.07472
10,10,2454.58,82.668,556194,4,1.07472
