K,order,dist,cost_ki,cost_edbt,vnum,density
6,1,550.921,41.236,388155,2,1.07615
6,2,1354.31,41.236,388155,3,1.07615
6,3,1377.98,41.236,388155,3,1.07615
6,4,1469.23,41.236,388155,3,1.07615
6,5,1483.31,41.236,388155,2,1.07615
6,6,1558.06,41.236,388155,3,1.07615
6,1,284.355,19.526,197199,2,1.07615
6,2,513.975,19.526,197199,2,1.07615
6,3,967.923,19.526,197199,2,1.07615
6,4,1074.28,19.526,197199,3,1.07615
6,5,1129.57,19.526,197199,3,1.07615
6,6,1192.64,19.526,197199,4,1.07615
6,1,955.486,30.331,110535,4,1.07615
6,2,1081.38,30.331,110535,3,1.07615
6,3,1130.34,30.331,110535,2,1.07615
6,4,1259.73,30.331,110535,3,1.07615
6,5,1370.39,30.331,110535,3,1.07615
6,6,1477.94,30.331,110535,3,1.07615
6,1,1230.06,60.867,333320,4,1.07615
6,2,1474.18,60.867,333320,4,1.07615
6,3,1623.53,60.867,333320,3,1.07615
6,4,1702.62,60.867,333320,4,1.07615
6,5,1814.21,60.867,333320,3,1.07615
6,6,1820.43,60.867,333320,3,1.07615
6,1,349.193,27.076,113112,2,1.07615
6,2,364.993,27.076,113112,2,1.07615
6,3,669.039,27.076,113112,2,1.07615
6,4,672.064,27.076,113112,3,1.07615
6,5,1068.84,27.076,113112,3,1.07615
6,6,1380.42,27.076,113112,3,1.07615
6,1,444.595,56.866,152735,2,1.07615
6,2,1063.36,56.866,152735,3,1.07615
6,3,1173.32,56.866,152735,5,1.07615
6,4,1567,56.866,152735,3,1.07615
6,5,1821.6,56.866,152735,7,1.07615
6,6,1932.33,56.866,152735,2,1.07615
6,1,395.353,17.267,104992,2,1.07615
6,2,610.844,17.267,104992,2,1.07615
6,3,669.606,17.267,104992,2,1.07615
6,4,866.421,17.267,104992,2,1.07615
6,5,1100.69,17.267,104992,3,1.07615
6,6,1343.65,17.267,104992,3,1.07615
6,1,879.574,50.288,291401,3,1.07615
6,2,938.047,50.288,291401,4,1.07615
6,3,1201.93,50.288,291401,4,1.07615
6,4,1274.71,50.288,291401,4,1.07615
6,5,1411.5,50.288,291401,5,1.07615
6,6,1602.09,50.288,291401,6,1.07615
6,1,736.063,80.862,409892,3,1.07615
6,2,1696.88,80.862,409892,2,1.07615
6,3,1793.81,80.862,409892,3,1.07615
6,4,2278.88,80.862,409892,5,1.07615
6,5,2391.49,80.862,409892,3,1.07615
6,6,2415.51,80.862,409892,5,1.07615
6,1,440.702,10.104,44838,2,1.07615
6,2,703.006,10.104,44838,2,1.07615
6,3,810.95,10.104,44838,2,1.07615
6,4,869.971,10.104,44838,2,1.07615
6,5,1183.74,10.104,44838,2,1.07615
6,6,1186.48,10.104,44838,2,1.07615
6,1,32.5576,83.716,615141,2,1.07615
6,2,500.297,83.716,615141,2,1.07615
6,3,748.081,83.716,615141,3,1.07615
6,4,1633.39,83.716,615141,4,1.07615
6,5,1732.39,83.716,615141,3,1.07615
6,6,2361.87,83.716,615141,5,1.07615
6,1,318.823,37.109,143191,2,1.07615
6,2,582.074,37.109,143191,2,1.07615
6,3,919.749,37.109,143191,3,1.07615
6,4,1242.96,37.109,143191,4,1.07615
6,5,1252.46,37.109,143191,5,1.07615
6,6,1372.05,37.109,143191,2,1.07615
6,1,535.553,22.42,77656.2,2,1.07615
6,2,987.18,22.42,77656.2,2,1.07615
6,3,1034.14,22.42,77656.2,2,1.07615
6,4,1229.51,22.42,77656.2,2,1.07615
6,5,1463.24,22.42,77656.2,3,1.07615
6,6,1496.56,22.42,77656.2,4,1.07615
6,1,469.107,32.882,282152,2,1.07615
6,2,600.894,32.882,282152,2,1.07615
6,3,607.166,32.882,282152,2,1.07615
6,4,1093.55,32.882,282152,2,1.07615
6,5,1232.49,32.882,282152,2,1.07615
6,6,1278.3,32.882,282152,4,1.07615
6,1,226.927,119.001,1.26179e+06,2,1.07615
6,2,527.163,119.001,1.26179e+06,2,1.07615
6,3,2190.1,119.001,1.26179e+06,5,1.07615
6,4,2226.33,119.001,1.26179e+06,5,1.07615
6,5,2389.66,119.001,1.26179e+06,5,1.07615
6,6,2428.24,119.001,1.26179e+06,4,1.07615
6,1,198.215,57.533,270763,2,1.07615
6,2,395.02,57.533,270763,2,1.07615
6,3,1312.77,57.533,270763,3,1.07615
6,4,1410.48,57.533,270763,4,1.07615
6,5,1556.43,57.533,270763,6,1.07615
6,6,1652.79,57.533,270763,5,1.07615
6,1,622.097,64.61,371243,2,1.07615
6,2,1648.2,64.61,371243,3,1.07615
6,3,1797.99,64.61,371243,2,1.07615
6,4,1828.92,64.61,371243,4,1.07615
6,5,1863.28,64.61,371243,3,1.07615
6,6,1920.85,64.61,371243,4,1.07615
6,1,649.64,29.13,164858,2,1.07615
6,2,1201.01,29.13,164858,3,1.07615
6,3,1301.25,29.13,164858,2,1.07615
6,4,1313.02,29.13,164858,3,1.07615
6,5,1380.34,29.13,164858,2,1.07615
6,6,1561.98,29.13,164858,3,1.07615
6,1,439.355,90.832,990142,2,1.07615
6,2,1571.33,90.832,990142,3,1.07615
6,3,1680.24,90.832,990142,3,1.07615
6,4,1682.04,90.832,990142,4,1.07615
6,5,1718.29,90.832,990142,3,1.07615
6,6,2018.38,90.832,990142,4,1.07615
6,1,243.674,32.099,653351,2,1.07615
6,2,928.87,32.099,653351,3,1.07615
6,3,952.419,32.099,653351,2,1.07615
6,4,1379.16,32.099,653351,3,1.07615
6,5,1558.04,32.099,653351,2,1.07615
6,6,1733.76,32.099,653351,3,1.07615
6,1,230.846,17.604,83699.6,2,1.07615
6,2,656.064,17.604,83699.6,2,1.07615
6,3,669.29,17.604,83699.6,3,1.07615
6,4,751.043,17.604,83699.6,2,1.07615
6,5,765.997,17.604,83699.6,4,1.07615
6,6,952.779,17.604,83699.6,3,1.07615
6,1,160.801,19.444,163850,2,1.07615
6,2,784.376,19.444,163850,2,1.07615
6,3,1282.8,19.444,163850,2,1.07615
6,4,1304.85,19.444,163850,2,1.07615
6,5,1360.41,19.444,163850,2,1.07615
6,6,1387.57,19.444,163850,2,1.07615
6,1,440.647,57.917,307680,2,1.07615
6,2,855.926,57.917,307680,2,1.07615
6,3,1775.92,57.917,307680,3,1.07615
6,4,1790.65,57.917,307680,3,1.07615
6,5,1918.33,57.917,307680,2,1.07615
6,6,1938.43,57.917,307680,3,1.07615
6,1,224.243,43.607,300988,2,1.07615
6,2,517.92,43.607,300988,2,1.07615
6,3,585.277,43.607,300988,2,1.07615
6,4,1139.66,43.607,300988,6,1.07615
6,5,1477.85,43.607,300988,6,1.07615
6,6,1527.67,43.607,300988,4,1.07615
6,1,292.308,23.433,155272,2,1.07615
6,2,344.17,23.433,155272,2,1.07615
6,3,558.367,23.433,155272,4,1.07615
6,4,872.674,23.433,155272,3,1.07615
6,5,944.553,23.433,155272,3,1.07615
6,6,1224.38,23.433,155272,4,1.07615
6,1,1179.95,43.749,262033,4,1.07615
6,2,1282.14,43.749,262033,2,1.07615
6,3,1439.69,43.749,262033,2,1.07615
6,4,1509.57,43.749,262033,2,1.07615
6,5,1566.05,43.749,262033,2,1.07615
6,6,1750.64,43.749,262033,6,1.07615
6,1,220.622,40.039,154868,2,1.07615
6,2,398.866,40.039,154868,4,1.07615
6,3,923.395,40.039,154868,2,1.07615
6,4,1093.25,40.039,154868,4,1.07615
6,5,1180.13,40.039,154868,3,1.07615
6,6,1328.57,40.039,154868,4,1.07615
6,1,277.235,55.441,193047,3,1.07615
6,2,1136.45,55.441,193047,4,1.07615
6,3,1228.74,55.441,193047,4,1.07615
6,4,1334.37,55.441,193047,4,1.07615
6,5,1391.11,55.441,193047,3,1.07615
6,6,1663.23,55.441,193047,4,1.07615
6,1,475.752,28.876,236332,2,1.07615
6,2,541.388,28.876,236332,2,1.07615
6,3,622.306,28.876,236332,2,1.07615
6,4,881.286,28.876,236332,2,1.07615
6,5,943.141,28.876,236332,3,1.07615
6,6,1037.88,28.876,236332,2,1.07615
6,1,233.951,21.739,147058,2,1.07615
6,2,311.647,21.739,147058,2,1.07615
6,3,641.529,21.739,147058,2,1.07615
6,4,661.254,21.739,147058,2,1.07615
6,5,1280.5,21.739,147058,4,1.07615
6,6,1289.53,21.739,147058,5,1.07615
6,1,252.169,45.45,440812,2,1.07615
6,2,842.24,45.45,440812,2,1.07615
6,3,1328.52,45.45,440812,4,1.07615
6,4,1502.62,45.45,440812,3,1.07615
6,5,1552.98,45.45,440812,5,1.07615
6,6,1656.58,45.45,440812,4,1.07615
6,1,1091.97,36.199,237862,4,1.07615
6,2,1142.41,36.199,237862,5,1.07615
6,3,1145.42,36.199,237862,3,1.07615
6,4,1154.89,36.199,237862,4,1.07615
6,5,1256.41,36.199,237862,4,1.07615
6,6,1557.24,36.199,237862,3,1.07615
6,1,424.019,14.748,67117.5,2,1.07615
6,2,450.787,14.748,67117.5,2,1.07615
6,3,500.049,14.748,67117.5,2,1.07615
6,4,545.88,14.748,67117.5,2,1.07615
6,5,574.545,14.748,67117.5,4,1.07615
6,6,651.273,14.748,67117.5,3,1.07615
6,1,850.702,50.613,424283,3,1.07615
6,2,1525.27,50.613,424283,3,1.07615
6,3,1532.54,50.613,424283,3,1.07615
6,4,1570.18,50.613,424283,5,1.07615
6,5,1634.62,50.613,424283,5,1.07615
6,6,1726.93,50.613,424283,5,1.07615
6,1,1121.54,57.547,148743,2,1.07615
6,2,1161.66,57.547,148743,2,1.07615
6,3,1219.6,57.547,148743,2,1.07615
6,4,1242.39,57.547,148743,6,1.07615
6,5,1363.38,57.547,148743,2,1.07615
6,6,1373.65,57.547,148743,3,1.07615
6,1,639.175,44.615,133191,2,1.07615
6,2,910.817,44.615,133191,2,1.07615
6,3,1080.33,44.615,133191,4,1.07615
6,4,1351.2,44.615,133191,3,1.07615
6,5,1582,44.615,133191,5,1.07615
6,6,1609.69,44.615,133191,3,1.07615
6,1,906.065,41.281,106658,2,1.07615
6,2,1261.23,41.281,106658,2,1.07615
6,3,1266.01,41.281,106658,3,1.07615
6,4,1608.36,41.281,106658,3,1.07615
6,5,1763.59,41.281,106658,5,1.07615
6,6,1858.42,41.281,106658,5,1.07615
6,1,664.831,47.835,269070,2,1.07615
6,2,669.216,47.835,269070,2,1.07615
6,3,742.256,47.835,269070,2,1.07615
6,4,1015.84,47.835,269070,2,1.07615
6,5,1547.13,47.835,269070,2,1.07615
6,6,1981.25,47.835,269070,5,1.07615
6,1,392.311,31.546,163204,2,1.07615
6,2,561.321,31.546,163204,2,1.07615
6,3,996.503,31.546,163204,6,1.07615
6,4,1111.84,31.546,163204,3,1.07615
6,5,1382.73,31.546,163204,3,1.07615
6,6,1388.59,31.546,163204,3,1.07615
6,1,87.8635,45.741,210833,2,1.07615
6,2,445.18,45.741,210833,2,1.07615
6,3,579.042,45.741,210833,2,1.07615
6,4,1042.08,45.741,210833,2,1.07615
6,5,1561.96,45.741,210833,7,1.07615
6,6,1958.61,45.741,210833,4,1.07615
6,1,1080.71,81.243,432246,4,1.07615
6,2,1340.48,81.243,432246,4,1.07615
6,3,1359.43,81.243,432246,3,1.07615
6,4,1566.65,81.243,432246,4,1.07615
6,5,1724.29,81.243,432246,3,1.07615
6,6,1920.82,81.243,432246,3,1.07615
6,1,472.705,41.461,436218,2,1.07615
6,2,501.767,41.461,436218,2,1.07615
6,3,1344.35,41.461,436218,2,1.07615
6,4,1503.72,41.461,436218,2,1.07615
6,5,1572.89,41.461,436218,3,1.07615
6,6,1802.94,41.461,436218,2,1.07615
6,1,1139.78,55.611,525094,2,1.07615
6,2,1403.96,55.611,525094,3,1.07615
6,3,1864.59,55.611,525094,4,1.07615
6,4,1879.21,55.611,525094,4,1.07615
6,5,1906.84,55.611,525094,5,1.07615
6,6,1989.35,55.611,525094,4,1.07615
6,1,1061.05,53.073,170150,2,1.07615
6,2,1374.35,53.073,170150,3,1.07615
6,3,1503.3,53.073,170150,2,1.07615
6,4,1616.52,53.073,170150,4,1.07615
6,5,1695.98,53.073,170150,4,1.07615
6,6,1779.07,53.073,170150,5,1.07615
6,1,548.004,27.177,169940,2,1.07615
6,2,825.883,27.177,169940,2,1.07615
6,3,894.513,27.177,169940,2,1.07615
6,4,1187.35,27.177,169940,2,1.07615
6,5,1224.66,27.177,169940,3,1.07615
6,6,1625.45,27.177,169940,2,1.07615
6,1,471.38,30.305,96565.5,3,1.07615
6,2,917.575,30.305,96565.5,4,1.07615
6,3,1016.87,30.305,96565.5,3,1.07615
6,4,1159.39,30.305,96565.5,4,1.07615
6,5,1183.47,30.305,96565.5,3,1.07615
6,6,1205.97,30.305,96565.5,3,1.07615
6,1,645.012,62.467,118075,2,1.07615
6,2,725,62.467,118075,2,1.07615
6,3,1288.46,62.467,118075,3,1.07615
6,4,1424.99,62.467,118075,7,1.07615
6,5,1504.49,62.467,118075,6,1.07615
6,6,1642.61,62.467,118075,6,1.07615
6,1,776.48,31.754,206448,4,1.07615
6,2,821.954,31.754,206448,4,1.07615
6,3,881.276,31.754,206448,3,1.07615
6,4,1310.08,31.754,206448,4,1.07615
6,5,1353.91,31.754,206448,3,1.07615
6,6,1455.22,31.754,206448,4,1.07615
6,1,145.784,34.715,110485,2,1.07615
6,2,660.512,34.715,110485,2,1.07615
6,3,1148.73,34.715,110485,2,1.07615
6,4,1263.14,34.715,110485,4,1.07615
6,5,1288.41,34.715,110485,4,1.07615
6,6,1683.52,34.715,110485,5,1.07615
6,1,402.498,30.712,152310,2,1.07615
6,2,671.241,30.712,152310,2,1.07615
6,3,686.412,30.712,152310,2,1.07615
6,4,1032.44,30.712,152310,4,1.07615
6,5,1149.69,30.712,152310,2,1.07615
6,6,1379.07,30.712,152310,3,1.07615
6,1,633.108,70.139,517902,2,1.07615
6,2,1149.36,70.139,517902,3,1.07615
6,3,1449.52,70.139,517902,2,1.07615
6,4,1640.33,70.139,517902,5,1.07615
6,5,1719.25,70.139,517902,5,1.07615
6,6,2131.57,70.139,517902,3,1.07615
6,1,198.162,55.282,350804,2,1.07615
6,2,825.559,55.282,350804,4,1.07615
6,3,1141.12,55.282,350804,4,1.07615
6,4,1247.69,55.282,350804,4,1.07615
6,5,1726.67,55.282,350804,8,1.07615
6,6,1750.14,55.282,350804,4,1.07615
6,1,560.008,102.38,853485,2,1.07615
6,2,1058.19,102.38,853485,2,1.07615
6,3,1217.8,102.38,853485,2,1.07615
6,4,1624.69,102.38,853485,2,1.07615
6,5,1890.45,102.38,853485,5,1.07615
6,6,2381.46,102.38,853485,6,1.07615
6,1,174.797,51.428,199146,2,1.07615
6,2,740.011,51.428,199146,2,1.07615
6,3,1118.36,51.428,199146,3,1.07615
6,4,1501.12,51.428,199146,3,1.07615
6,5,1643.17,51.428,199146,3,1.07615
6,6,1745.16,51.428,199146,4,1.07615
6,1,784.139,57.485,344598,3,1.07615
6,2,1061.02,57.485,344598,3,1.07615
6,3,1535.86,57.485,344598,6,1.07615
6,4,1551.87,57.485,344598,4,1.07615
6,5,1663.63,57.485,344598,4,1.07615
6,6,1840.53,57.485,344598,4,1.07615
6,1,271.155,55.761,404712,2,1.07615
6,2,1409.93,55.761,404712,3,1.07615
6,3,1480.4,55.761,404712,5,1.07615
6,4,1772.58,55.761,404712,4,1.07615
6,5,1951.52,55.761,404712,3,1.07615
6,6,2089.15,55.761,404712,3,1.07615
6,1,165.424,31.38,319845,2,1.07615
6,2,767.522,31.38,319845,2,1.07615
6,3,1090.31,31.38,319845,2,1.07615
6,4,1471.56,31.38,319845,4,1.07615
6,5,1641.6,31.38,319845,3,1.07615
6,6,1673.03,31.38,319845,2,1.07615
6,1,263.427,62.714,360012,2,1.07615
6,2,706.656,62.714,360012,7,1.07615
6,3,1649.56,62.714,360012,3,1.07615
6,4,1681.71,62.714,360012,7,1.07615
6,5,2025.8,62.714,360012,3,1.07615
6,6,2096.75,62.714,360012,7,1.07615
6,1,461.147,40.536,188731,2,1.07615
6,2,478.566,40.536,188731,2,1.07615
6,3,804.764,40.536,188731,2,1.07615
6,4,1791.2,40.536,188731,3,1.07615
6,5,1824.04,40.536,188731,3,1.07615
6,6,1865.21,40.536,188731,3,1.07615
6,1,1047.95,44.968,267067,3,1.07615
6,2,1375.77,44.968,267067,3,1.07615
6,3,1498.06,44.968,267067,4,1.07615
6,4,1562.03,44.968,267067,3,1.07615
6,5,1663.36,44.968,267067,3,1.07615
6,6,1928.33,44.968,267067,4,1.07615
6,1,265.754,55.6,303381,2,1.07615
6,2,653.393,55.6,303381,2,1.07615
6,3,1223.24,55.6,303381,4,1.07615
6,4,1320.54,55.6,303381,3,1.07615
6,5,1487.89,55.6,303381,2,1.07615
6,6,1660.69,55.6,303381,5,1.07615
6,1,1541.7,34.482,186357,4,1.07615
6,2,1596.18,34.482,186357,4,1.07615
6,3,1692.79,34.482,186357,2,1.07615
6,4,1713.3,34.482,186357,5,1.07615
6,5,1758.71,34.482,186357,2,1.07615
6,6,1794.38,34.482,186357,5,1.07615
6,1,352.091,63.299,312259,2,1.07615
6,2,760.358,63.299,312259,3,1.07615
6,3,1281.02,63.299,312259,3,1.07615
6,4,1504.03,63.299,312259,3,1.07615
6,5,1622.36,63.299,312259,3,1.07615
6,6,1772.96,63.299,312259,4,1.07615
6,1,925.419,64.956,398575,2,1.07615
6,2,1313.33,64.956,398575,2,1.07615
6,3,1316.55,64.956,398575,2,1.07615
6,4,1429.7,64.956,398575,4,1.07615
6,5,1761.7,64.956,398575,4,1.07615
6,6,1774.4,64.956,398575,5,1.07615
6,1,718.188,17.3,44515.1,2,1.07615
6,2,869.798,17.3,44515.1,2,1.07615
6,3,964.109,17.3,44515.1,2,1.07615
6,4,1233.6,17.3,44515.1,4,1.07615
6,5,1272.36,17.3,44515.1,3,1.07615
6,6,1273.05,17.3,44515.1,3,1.07615
6,1,927.127,55.487,209230,3,1.07615
6,2,1082.11,55.487,209230,3,1.07615
6,3,1461.52,55.487,209230,4,1.07615
6,4,1563.77,55.487,209230,3,1.07615
6,5,1638.57,55.487,209230,3,1.07615
6,6,1941,55.487,209230,4,1.07615
6,1,950.553,78.396,565292,3,1.07615
6,2,1446.76,78.396,565292,3,1.07615
6,3,1446.83,78.396,565292,4,1.07615
6,4,1551.69,78.396,565292,4,1.07615
6,5,1905.75,78.396,565292,5,1.07615
6,6,2620.44,78.396,565292,7,1.07615
6,1,390.186,77.973,939988,2,1.07615
6,2,1948.46,77.973,939988,5,1.07615
6,3,2183.64,77.973,939988,6,1.07615
6,4,2211.71,77.973,939988,4,1.07615
6,5,2226.16,77.973,939988,4,1.07615
6,6,2272.72,77.973,939988,5,1.07615
6,1,574.757,93.267,580676,2,1.07615
6,2,1496.97,93.267,580676,7,1.07615
6,3,1504.2,93.267,580676,2,1.07615
6,4,1870.99,93.267,580676,7,1.07615
6,5,1960.66,93.267,580676,4,1.07615
6,6,2251.16,93.267,580676,3,1.07615
6,1,444.994,26.084,228022,2,1.07615
6,2,621.615,26.084,228022,2,1.07615
6,3,758.146,26.084,228022,2,1.07615
6,4,873.781,26.084,228022,2,1.07615
6,5,1027.75,26.084,228022,2,1.07615
6,6,1468.01,26.084,228022,2,1.07615
6,1,882.512,46.475,331923,3,1.07615
6,2,1284.45,46.475,331923,3,1.07615
6,3,1591.58,46.475,331923,4,1.07615
6,4,1745.7,46.475,331923,3,1.07615
6,5,2072.91,46.475,331923,4,1.07615
6,6,2196.28,46.475,331923,4,1.07615
6,1,396.304,31.834,202577,2,1.07615
6,2,552.965,31.834,202577,2,1.07615
6,3,597.181,31.834,202577,2,1.07615
6,4,613.087,31.834,202577,2,1.07615
6,5,737.113,31.834,202577,3,1.07615
6,6,1452.56,31.834,202577,6,1.07615
6,1,321.797,89.563,533050,2,1.07615
6,2,602.685,89.563,533050,2,1.07615
6,3,1171.19,89.563,533050,2,1.07615
6,4,1278.82,89.563,533050,5,1.07615
6,5,2000.03,89.563,533050,3,1.07615
6,6,2077.12,89.563,533050,3,1.07615
6,1,1300.26,62.885,216468,4,1.07615
6,2,1439.34,62.885,216468,3,1.07615
6,3,1551.09,62.885,216468,4,1.07615
6,4,1639.03,62.885,216468,4,1.07615
6,5,2074.99,62.885,216468,5,1.07615
6,6,2266.96,62.885,216468,4,1.07615
6,1,204.287,67.952,247417,2,1.07615
6,2,465.001,67.952,247417,2,1.07615
6,3,547.475,67.952,247417,2,1.07615
6,4,943.704,67.952,247417,3,1.07615
6,5,1179.86,67.952,247417,2,1.07615
6,6,1713.66,67.952,247417,2,1.07615
6,1,1106.3,70.06,306757,3,1.07615
6,2,1185.4,70.06,306757,4,1.07615
6,3,1230.7,70.06,306757,3,1.07615
6,4,1520.22,70.06,306757,3,1.07615
6,5,1696.77,70.06,306757,4,1.07615
6,6,1858.9,70.06,306757,4,1.07615
6,1,265.204,21.511,204002,2,1.07615
6,2,892.103,21.511,204002,2,1.07615
6,3,1060.26,21.511,204002,5,1.07615
6,4,1115.25,21.511,204002,4,1.07615
6,5,1160.61,21.511,204002,2,1.07615
6,6,1291.19,21.511,204002,2,1.07615
6,1,1495.63,75.84,485202,4,1.07615
6,2,1583.88,75.84,485202,4,1.07615
6,3,1741.52,75.84,485202,4,1.07615
6,4,2162.63,75.84,485202,5,1.07615
6,5,2381.82,75.84,485202,4,1.07615
6,6,2416.83,75.84,485202,6,1.07615
6,1,479.029,133.25,371659,2,1.07615
6,2,1387.37,133.25,371659,3,1.07615
6,3,1437.21,133.25,371659,3,1.07615
6,4,2115.72,133.25,371659,4,1.07615
6,5,2409.21,133.25,371659,4,1.07615
6,6,3504.5,133.25,371659,4,1.07615
6,1,1380.37,115.318,852880,4,1.07615
6,2,1538.19,115.318,852880,2,1.07615
6,3,1724.47,115.318,852880,7,1.07615
6,4,1988.33,115.318,852880,3,1.07615
6,5,2226.32,115.318,852880,4,1.07615
6,6,2426.39,115.318,852880,7,1.07615
6,1,55.8032,50.121,252823,2,1.07615
6,2,302.447,50.121,252823,2,1.07615
6,3,721.635,50.121,252823,2,1.07615
6,4,1700.75,50.121,252823,2,1.07615
6,5,1813.42,50.121,252823,3,1.07615
6,6,1870.04,50.121,252823,7,1.07615
6,1,154.638,45.062,207361,2,1.07615
6,2,641.077,45.062,207361,2,1.07615
6,3,869.774,45.062,207361,4,1.07615
6,4,1021.89,45.062,207361,3,1.07615
6,5,1339.84,45.062,207361,4,1.07615
6,6,1519.61,45.062,207361,3,1.07615
6,1,404.784,47.422,264834,2,1.07615
6,2,683.757,47.422,264834,3,1.07615
6,3,1419.86,47.422,264834,4,1.07615
6,4,1439.81,47.422,264834,3,1.07615
6,5,1486.93,47.422,264834,4,1.07615
6,6,1619.76,47.422,264834,4,1.07615
6,1,1417.36,62.354,232453,5,1.07615
6,2,1554.37,62.354,232453,3,1.07615
6,3,1746.07,62.354,232453,3,1.07615
6,4,1986.58,62.354,232453,4,1.07615
6,5,2121.51,62.354,232453,2,1.07615
6,6,2336.92,62.354,232453,2,1.07615
6,1,531.739,42.74,352157,2,1.07615
6,2,812.111,42.74,352157,2,1.07615
6,3,858.252,42.74,352157,3,1.07615
6,4,1148.82,42.74,352157,3,1.07615
6,5,1353.66,42.74,352157,6,1.07615
6,6,1360.42,42.74,352157,6,1.07615
6,1,299.793,46.845,243530,2,1.07615
6,2,423.77,46.845,243530,2,1.07615
6,3,508.561,46.845,243530,2,1.07615
6,4,1316.02,46.845,243530,4,1.07615
6,5,1440.51,46.845,243530,3,1.07615
6,6,1548.19,46.845,243530,3,1.07615
6,1,298.605,27.246,126054,2,1.07615
6,2,549.206,27.246,126054,3,1.07615
6,3,611.658,27.246,126054,3,1.07615
6,4,867.273,27.246,126054,2,1.07615
6,5,894.648,27.246,126054,3,1.07615
6,6,1094.73,27.246,126054,3,1.07615
6,1,642.198,9.582,32709.8,2,1.07615
6,2,892.704,9.582,32709.8,2,1.07615
6,3,1081.04,9.582,32709.8,2,1.07615
6,4,1123.82,9.582,32709.8,2,1.07615
6,5,1147.46,9.582,32709.8,2,1.07615
6,6,1257.51,9.582,32709.8,2,1.07615
6,1,786.997,103.754,1.11692e+06,2,1.07615
6,2,919.413,103.754,1.11692e+06,3,1.07615
6,3,1788.17,103.754,1.11692e+06,3,1.07615
6,4,1873.56,103.754,1.11692e+06,4,1.07615
6,5,2362.35,103.754,1.11692e+06,3,1.07615
6,6,2473.99,103.754,1.11692e+06,5,1.07615
6,1,1074.4,57.898,703114,2,1.07615
6,2,1135.89,57.898,703114,2,1.07615
6,3,1271.8,57.898,703114,2,1.07615
6,4,1433.95,57.898,703114,2,1.07615
6,5,1809.75,57.898,703114,8,1.07615
6,6,1834.72,57.898,703114,2,1.07615
6,1,1350.77,72.118,584614,4,1.07615
6,2,1540.73,72.118,584614,3,1.07615
6,3,1778.87,72.118,584614,3,1.07615
6,4,2355.32,72.118,584614,4,1.07615
6,5,2415.83,72.118,584614,4,1.07615
6,6,2485.18,72.118,584614,6,1.07615
6,1,801.242,58.61,342547,2,1.07615
6,2,1213.67,58.61,342547,4,1.07615
6,3,1312.41,58.61,342547,3,1.07615
6,4,1473.78,58.61,342547,3,1.07615
6,5,1590.42,58.61,342547,3,1.07615
6,6,1594.97,58.61,342547,3,1.07615
6,1,454.07,43.191,214874,2,1.07615
6,2,609.643,43.191,214874,2,1.07615
6,3,882.691,43.191,214874,2,1.07615
6,4,1105.43,43.191,214874,2,1.07615
6,5,1248.1,43.191,214874,2,1.07615
6,6,1526.07,43.191,214874,3,1.07615
6,1,536.004,66.129,643388,2,1.07615
6,2,1332.82,66.129,643388,4,1.07615
6,3,1450.9,66.129,643388,3,1.07615
6,4,1613.39,66.129,643388,3,1.07615
6,5,1744.48,66.129,643388,5,1.07615
6,6,1762.15,66.129,643388,6,1.07615
6,1,590.196,56.785,795318,3,1.07615
6,2,868.262,56.785,795318,4,1.07615
6,3,1433.05,56.785,795318,6,1.07615
6,4,1688.72,56.785,795318,2,1.07615
6,5,1854.2,56.785,795318,5,1.07615
6,6,2180.5,56.785,795318,7,1.07615
6,1,517.228,33.389,150971,2,1.07615
6,2,600.403,33.389,150971,2,1.07615
6,3,877.195,33.389,150971,3,1.07615
6,4,1327.79,33.389,150971,2,1.07615
6,5,1785.27,33.389,150971,2,1.07615
6,6,2103.04,33.389,150971,3,1.07615
6,1,139.23,55.871,1.52001e+06,2,1.07615
6,2,1460.26,55.871,1.52001e+06,3,1.07615
6,3,1613.19,55.871,1.52001e+06,4,1.07615
6,4,1813.22,55.871,1.52001e+06,3,1.07615
6,5,1907.48,55.871,1.52001e+06,2,1.07615
6,6,1988.18,55.871,1.52001e+06,3,1.07615
6,1,389,23.52,88128.4,2,1.07615
6,2,651.055,23.52,88128.4,2,1.07615
6,3,749.52,23.52,88128.4,2,1.07615
6,4,860.92,23.52,88128.4,2,1.07615
6,5,1085.57,23.52,88128.4,2,1.07615
6,6,1111.26,23.52,88128.4,2,1.07615
6,1,56.6127,88.052,538039,2,1.07615
6,2,461.327,88.052,538039,3,1.07615
6,3,850.596,88.052,538039,3,1.07615
6,4,951.759,88.052,538039,3,1.07615
6,5,1487.57,88.052,538039,3,1.07615
6,6,2278.41,88.052,538039,6,1.07615
6,1,1176.93,90.084,397916,4,1.07615
6,2,1440.15,90.084,397916,3,1.07615
6,3,1617.25,90.084,397916,6,1.07615
6,4,1625.81,90.084,397916,3,1.07615
6,5,1961.67,90.084,397916,3,1.07615
6,6,1971.76,90.084,397916,4,1.07615
6,1,652.007,71.08,221925,2,1.07615
6,2,1380.16,71.08,221925,2,1.07615
6,3,1554.72,71.08,221925,4,1.07615
6,4,1642.05,71.08,221925,2,1.07615
6,5,1873.3,71.08,221925,5,1.07615
6,6,2231.4,71.08,221925,5,1.07615
6,1,399.531,51.518,371301,2,1.07615
6,2,436.406,51.518,371301,2,1.07615
6,3,978.917,51.518,371301,4,1.07615
6,4,1655.43,51.518,371301,5,1.07615
6,5,1750.39,51.518,371301,5,1.07615
6,6,1904.82,51.518,371301,4,1.07615
6,1,866.455,36.291,235687,2,1.07615
6,2,1017.18,36.291,235687,3,1.07615
6,3,1650.21,36.291,235687,3,1.07615
6,4,1670.8,36.291,235687,5,1.07615
6,5,1676.2,36.291,235687,2,1.07615
6,6,1933.2,36.291,235687,3,1.07615
6,1,127.201,37.678,232108,2,1.07615
6,2,446.018,37.678,232108,2,1.07615
6,3,675.965,37.678,232108,3,1.07615
6,4,735.169,37.678,232108,2,1.07615
6,5,778.453,37.678,232108,3,1.07615
6,6,1570.82,37.678,232108,4,1.07615
6,1,413.299,71.014,246417,2,1.07615
6,2,616.376,71.014,246417,3,1.07615
6,3,683.258,71.014,246417,4,1.07615
6,4,833.236,71.014,246417,2,1.07615
6,5,1176.44,71.014,246417,2,1.07615
6,6,1402.71,71.014,246417,4,1.07615
6,1,447.246,25.91,209959,2,1.07615
6,2,750.367,25.91,209959,2,1.07615
6,3,1200.46,25.91,209959,2,1.07615
6,4,1283.51,25.91,209959,2,1.07615
6,5,1440.87,25.91,209959,2,1.07615
6,6,1542.39,25.91,209959,2,1.07615
6,1,111.4,32.985,172866,2,1.07615
6,2,343.642,32.985,172866,2,1.07615
6,3,629.089,32.985,172866,2,1.07615
6,4,991.62,32.985,172866,4,1.07615
6,5,1033.66,32.985,172866,2,1.07615
6,6,1160.23,32.985,172866,3,1.07615
6,1,560.322,16.973,67709.1,2,1.07615
6,2,590.635,16.973,67709.1,2,1.07615
6,3,726.217,16.973,67709.1,3,1.07615
6,4,789.714,16.973,67709.1,2,1.07615
6,5,911.989,16.973,67709.1,3,1.07615
6,6,1070.95,16.973,67709.1,3,1.07615
6,1,682.599,54.254,281237,2,1.07615
6,2,809.988,54.254,281237,3,1.07615
6,3,862.922,54.254,281237,2,1.07615
6,4,1323.94,54.254,281237,3,1.07615
6,5,1514.12,54.254,281237,3,1.07615
6,6,1798.35,54.254,281237,4,1.07615
6,1,660.164,96.367,424216,2,1.07615
6,2,1249.27,96.367,424216,2,1.07615
6,3,1621.4,96.367,424216,3,1.07615
6,4,1718.2,96.367,424216,3,1.07615
6,5,1777.76,96.367,424216,4,1.07615
6,6,2180.36,96.367,424216,3,1.07615
6,1,1113.96,89.7,1.26952e+06,3,1.07615
6,2,1307.28,89.7,1.26952e+06,3,1.07615
6,3,2148.22,89.7,1.26952e+06,3,1.07615
6,4,2256.11,89.7,1.26952e+06,3,1.07615
6,5,2311.05,89.7,1.26952e+06,4,1.07615
6,6,2558.91,89.7,1.26952e+06,5,1.07615
6,1,1126.97,124.915,277377,3,1.07615
6,2,1158.75,124.915,277377,5,1.07615
6,3,1551.06,124.915,277377,3,1.07615
6,4,1590.85,124.915,277377,9,1.07615
6,5,1838.22,124.915,277377,5,1.07615
6,6,2157.05,124.915,277377,5,1.07615
6,1,517.636,22.535,73550.4,3,1.07615
6,2,772.761,22.535,73550.4,3,1.07615
6,3,877.203,22.535,73550.4,4,1.07615
6,4,974.177,22.535,73550.4,3,1.07615
6,5,1007.59,22.535,73550.4,3,1.07615
6,6,1111.74,22.535,73550.4,3,1.07615
6,1,39.598,45.716,162327,2,1.07615
6,2,775.543,45.716,162327,3,1.07615
6,3,1298.89,45.716,162327,2,1.07615
6,4,1675.9,45.716,162327,6,1.07615
6,5,1718.14,45.716,162327,4,1.07615
6,6,1774.95,45.716,162327,3,1.07615
6,1,482.1,26.872,204341,2,1.07615
6,2,617.224,26.872,204341,2,1.07615
6,3,665.027,26.872,204341,2,1.07615
6,4,922.085,26.872,204341,3,1.07615
6,5,1131.6,26.872,204341,2,1.07615
6,6,1413.91,26.872,204341,4,1.07615
6,1,476.226,47.634,622655,4,1.07615
6,2,642.192,47.634,622655,3,1.07615
6,3,1008.81,47.634,622655,4,1.07615
6,4,1288.05,47.634,622655,4,1.07615
6,5,1696.29,47.634,622655,5,1.07615
6,6,1730.27,47.634,622655,5,1.07615
6,1,125.399,53.891,197389,2,1.07615
6,2,308.744,53.891,197389,3,1.07615
6,3,677.647,53.891,197389,2,1.07615
6,4,1033.63,53.891,197389,3,1.07615
6,5,1488.41,53.891,197389,5,1.07615
6,6,1714.71,53.891,197389,6,1.07615
6,1,745.05,30.665,239743,3,1.07615
6,2,764.827,30.665,239743,2,1.07615
6,3,848.522,30.665,239743,2,1.07615
6,4,1092.18,30.665,239743,4,1.07615
6,5,1340.65,30.665,239743,2,1.07615
6,6,1471.89,30.665,239743,3,1.07615
6,1,1701.27,54.45,550148,4,1.07615
6,2,1972.05,54.45,550148,6,1.07615
6,3,1994.76,54.45,550148,4,1.07615
6,4,2027.83,54.45,550148,4,1.07615
6,5,2081.78,54.45,550148,5,1.07615
6,6,2349.33,54.45,550148,4,1.07615
6,1,1024.05,60.585,222798,3,1.07615
6,2,1236.85,60.585,222798,2,1.07615
6,3,1537.23,60.585,222798,3,1.07615
6,4,1627.95,60.585,222798,4,1.07615
6,5,1686.35,60.585,222798,3,1.07615
6,6,1948.24,60.585,222798,3,1.07615
6,1,401.673,32.765,149346,2,1.07615
6,2,1075.99,32.765,149346,3,1.07615
6,3,1293.57,32.765,149346,4,1.07615
6,4,1534.19,32.765,149346,2,1.07615
6,5,1564.03,32.765,149346,3,1.07615
6,6,1581.79,32.765,149346,3,1.07615
6,1,308.367,53.948,285583,2,1.07615
6,2,605.027,53.948,285583,4,1.07615
6,3,1023.06,53.948,285583,3,1.07615
6,4,1310.32,53.948,285583,4,1.07615
6,5,1937.17,53.948,285583,4,1.07615
6,6,2048.98,53.948,285583,4,1.07615
6,1,1052.75,77.248,227720,4,1.07615
6,2,1706.85,77.248,227720,4,1.07615
6,3,1782.54,77.248,227720,4,1.07615
6,4,1788.35,77.248,227720,3,1.07615
6,5,1976.32,77.248,227720,4,1.07615
6,6,2159.27,77.248,227720,4,1.07615
6,1,627.101,60.263,328419,2,1.07615
6,2,778.833,60.263,328419,2,1.07615
6,3,852.527,60.263,328419,2,1.07615
6,4,1147.19,60.263,328419,3,1.07615
6,5,1217.01,60.263,328419,2,1.07615
6,6,1440.64,60.263,328419,2,1.07615
6,1,448.777,57.491,259315,3,1.07615
6,2,735.047,57.491,259315,3,1.07615
6,3,1034.17,57.491,259315,2,1.07615
6,4,1619.16,57.491,259315,3,1.07615
6,5,1648.6,57.491,259315,2,1.07615
6,6,1968.68,57.491,259315,5,1.07615
6,1,1086,59.473,434024,2,1.07615
6,2,1103.61,59.473,434024,4,1.07615
6,3,1413.13,59.473,434024,2,1.07615
6,4,1439.55,59.473,434024,3,1.07615
6,5,1799.69,59.473,434024,4,1.07615
6,6,1975.26,59.473,434024,4,1.07615
6,1,853.472,38.197,253284,3,1.07615
6,2,1048.58,38.197,253284,4,1.07615
6,3,1070.24,38.197,253284,3,1.07615
6,4,1385.87,38.197,253284,3,1.07615
6,5,1672.91,38.197,253284,5,1.07615
6,6,1741.63,38.197,253284,4,1.07615
6,1,456.64,117.615,1.40953e+06,2,1.07615
6,2,1408.11,117.615,1.40953e+06,2,1.07615
6,3,2185.03,117.615,1.40953e+06,2,1.07615
6,4,2368.37,117.615,1.40953e+06,7,1.07615
6,5,2415.47,117.615,1.40953e+06,7,1.07615
6,6,2427.1,117.615,1.40953e+06,6,1.07615
6,1,570.503,41.186,86864.3,2,1.07615
6,2,834.346,41.186,86864.3,3,1.07615
6,3,868.486,41.186,86864.3,3,1.07615
6,4,1151.12,41.186,86864.3,3,1.07615
6,5,1646.17,41.186,86864.3,3,1.07615
6,6,1698.87,41.186,86864.3,5,1.07615
6,1,484.554,59.52,314531,2,1.07615
6,2,506.744,59.52,314531,2,1.07615
6,3,865.638,59.52,314531,2,1.07615
6,4,1296.37,59.52,314531,5,1.07615
6,5,1415.52,59.52,314531,4,1.07615
6,6,1860.52,59.52,314531,3,1.07615
6,1,948.04,61.825,676242,4,1.07615
6,2,1984.12,61.825,676242,4,1.07615
6,3,1993.71,61.825,676242,4,1.07615
6,4,2292.51,61.825,676242,4,1.07615
6,5,2295.07,61.825,676242,4,1.07615
6,6,2319.97,61.825,676242,4,1.07615
6,1,1074.79,90.791,679853,3,1.07615
6,2,1411.37,90.791,679853,3,1.07615
6,3,1615.16,90.791,679853,3,1.07615
6,4,1898.41,90.791,679853,4,1.07615
6,5,2221.33,90.791,679853,3,1.07615
6,6,2691.84,90.791,679853,4,1.07615
6,1,940.521,36.086,150784,3,1.07615
6,2,1041.04,36.086,150784,3,1.07615
6,3,1155.93,36.086,150784,3,1.07615
6,4,1180.44,36.086,150784,4,1.07615
6,5,1522.06,36.086,150784,4,1.07615
6,6,1620.62,36.086,150784,3,1.07615
6,1,939.119,53.156,582924,2,1.07615
6,2,1325.4,53.156,582924,2,1.07615
6,3,1468.03,53.156,582924,6,1.07615
6,4,1536.9,53.156,582924,6,1.07615
6,5,1639.31,53.156,582924,6,1.07615
6,6,1829.48,53.156,582924,3,1.07615
6,1,783.205,22.921,84641.9,3,1.07615
6,2,930.172,22.921,84641.9,4,1.07615
6,3,1126.17,22.921,84641.9,3,1.07615
6,4,1235.18,22.921,84641.9,3,1.07615
6,5,1332.77,22.921,84641.9,3,1.07615
6,6,1346.26,22.921,84641.9,3,1.07615
6,1,1491.08,79.035,589464,3,1.07615
6,2,1567.05,79.035,589464,2,1.07615
6,3,1662.5,79.035,589464,3,1.07615
6,4,1890.38,79.035,589464,3,1.07615
6,5,2098.31,79.035,589464,4,1.07615
6,6,2142.94,79.035,589464,3,1.07615
6,1,213.677,74.512,528280,2,1.07615
6,2,946.355,74.512,528280,3,1.07615
6,3,1659.1,74.512,528280,4,1.07615
6,4,1770.09,74.512,528280,2,1.07615
6,5,1887.64,74.512,528280,5,1.07615
6,6,1984.49,74.512,528280,7,1.07615
6,1,451.983,44.393,156460,2,1.07615
6,2,1064.18,44.393,156460,3,1.07615
6,3,1102.13,44.393,156460,2,1.07615
6,4,1160.21,44.393,156460,3,1.07615
6,5,1592.04,44.393,156460,4,1.07615
6,6,1646.7,44.393,156460,4,1.07615
6,1,126.752,77.901,533831,2,1.07615
6,2,810.177,77.901,533831,2,1.07615
6,3,1003.2,77.901,533831,3,1.07615
6,4,1582.78,77.901,533831,2,1.07615
6,5,1763.94,77.901,533831,4,1.07615
6,6,2307.7,77.901,533831,3,1.07615
6,1,539.841,37.358,617475,2,1.07615
6,2,632.704,37.358,617475,3,1.07615
6,3,914.086,37.358,617475,2,1.07615
6,4,1686.39,37.358,617475,5,1.07615
6,5,1713.28,37.358,617475,4,1.07615
6,6,1748.2,37.358,617475,3,1.07615
6,1,474.305,61.192,543803,2,1.07615
6,2,727.789,61.192,543803,2,1.07615
6,3,940.415,61.192,543803,3,1.07615
6,4,1029.35,61.192,543803,2,1.07615
6,5,1135.8,61.192,543803,4,1.07615
6,6,1561.17,61.192,543803,3,1.07615
6,1,89.1964,22.966,120045,2,1.07615
6,2,547.807,22.966,120045,3,1.07615
6,3,628.257,22.966,120045,3,1.07615
6,4,649.621,22.966,120045,5,1.07615
6,5,886.754,22.966,120045,3,1.07615
6,6,1204.15,22.966,120045,6,1.07615
6,1,558.579,11.953,62352.8,2,1.07615
6,2,559.947,11.953,62352.8,2,1.07615
6,3,651.437,11.953,62352.8,2,1.07615
6,4,651.512,11.953,62352.8,2,1.07615
6,5,689.148,11.953,62352.8,2,1.07615
6,6,836.623,11.953,62352.8,2,1.07615
6,1,1039.21,80.02,526341,4,1.07615
6,2,1244.63,80.02,526341,4,1.07615
6,3,1364.17,80.02,526341,5,1.07615
6,4,1628.32,80.02,526341,3,1.07615
6,5,1858.01,80.02,526341,3,1.07615
6,6,1979.78,80.02,526341,4,1.07615
6,1,813.867,49.084,248897,3,1.07615
6,2,1267.39,49.084,248897,2,1.07615
6,3,1322.66,49.084,248897,4,1.07615
6,4,1640.54,49.084,248897,3,1.07615
6,5,1771.2,49.084,248897,5,1.07615
6,6,1881.78,49.084,248897,3,1.07615
6,1,285.351,105.754,355026,2,1.07615
6,2,1359.73,105.754,355026,3,1.07615
6,3,1708.58,105.754,355026,3,1.07615
6,4,1733.67,105.754,355026,4,1.07615
6,5,2041.68,105.754,355026,2,1.07615
6,6,2201.36,105.754,355026,5,1.07615
6,1,1073.98,89.658,370203,3,1.07615
6,2,1632.57,89.658,370203,3,1.07615
6,3,1728.63,89.658,370203,2,1.07615
6,4,1737.26,89.658,370203,6,1.07615
6,5,1988.91,89.658,370203,8,1.07615
6,6,2043.42,89.658,370203,3,1.07615
6,1,448.028,66.348,304186,2,1.07615
6,2,1075.64,66.348,304186,2,1.07615
6,3,1140.48,66.348,304186,2,1.07615
6,4,1706.59,66.348,304186,6,1.07615
6,5,1818.05,66.348,304186,5,1.07615
6,6,2163.92,66.348,304186,5,1.07615
6,1,489.899,42.342,133865,3,1.07615
6,2,937.083,42.342,133865,2,1.07615
6,3,1084.68,42.342,133865,2,1.07615
6,4,1140.96,42.342,133865,2,1.07615
6,5,1661.8,42.342,133865,5,1.07615
6,6,1726.94,42.342,133865,3,1.07615
6,1,1097.23,47.314,445473,3,1.07615
6,2,1371.29,47.314,445473,3,1.07615
6,3,1598.55,47.314,445473,4,1.07615
6,4,1749.38,47.314,445473,3,1.07615
6,5,1854.79,47.314,445473,4,1.07615
6,6,1918.78,47.314,445473,3,1.07615
6,1,1032.69,67.551,294525,4,1.07615
6,2,1068.45,67.551,294525,4,1.07615
6,3,1655.36,67.551,294525,4,1.07615
6,4,1723.6,67.551,294525,4,1.07615
6,5,1759.18,67.551,294525,4,1.07615
6,6,1778.96,67.551,294525,4,1.07615
6,1,345.419,44.325,469863,2,1.07615
6,2,453.922,44.325,469863,2,1.07615
6,3,1211.58,44.325,469863,4,1.07615
6,4,1418.1,44.325,469863,3,1.07615
6,5,1457.85,44.325,469863,3,1.07615
6,6,1548.76,44.325,469863,4,1.07615
6,1,612.98,75.098,220239,2,1.07615
6,2,1133.65,75.098,220239,4,1.07615
6,3,1172.9,75.098,220239,3,1.07615
6,4,1208.5,75.098,220239,3,1.07615
6,5,1772.22,75.098,220239,4,1.07615
6,6,2068.52,75.098,220239,6,1.07615
6,1,1267.77,74.92,302952,3,1.07615
6,2,1386.14,74.92,302952,4,1.07615
6,3,1586.93,74.92,302952,6,1.07615
6,4,1627.99,74.92,302952,4,1.07615
6,5,1808.77,74.92,302952,3,1.07615
6,6,2082.15,74.92,302952,4,1.07615
6,1,521.699,22.143,282410,2,1.07615
6,2,939.304,22.143,282410,2,1.07615
6,3,1097.03,22.143,282410,2,1.07615
6,4,1268.01,22.143,282410,3,1.07615
6,5,1305.47,22.143,282410,4,1.07615
6,6,1456.65,22.143,282410,3,1.07615
6,1,150.712,36.307,322670,2,1.07615
6,2,507.204,36.307,322670,2,1.07615
6,3,1206.7,36.307,322670,3,1.07615
6,4,1325.63,36.307,322670,4,1.07615
6,5,1497.6,36.307,322670,3,1.07615
6,6,1604.73,36.307,322670,3,1.07615
6,1,79.8311,9.239,87503.7,2,1.07615
6,2,317.8,9.239,87503.7,2,1.07615
6,3,497.161,9.239,87503.7,2,1.07615
6,4,505.226,9.239,87503.7,2,1.07615
6,5,624.007,9.239,87503.7,2,1.07615
6,6,692.281,9.239,87503.7,3,1.07615
6,1,365.472,26.456,227740,2,1.07615
6,2,591.202,26.456,227740,2,1.07615
6,3,789.318,26.456,227740,3,1.07615
6,4,1381.43,26.456,227740,2,1.07615
6,5,1384.4,26.456,227740,5,1.07615
6,6,1397.35,26.456,227740,5,1.07615
6,1,93.5201,55.652,424622,2,1.07615
6,2,547.973,55.652,424622,2,1.07615
6,3,573.893,55.652,424622,2,1.07615
6,4,1110.19,55.652,424622,2,1.07615
6,5,1489.12,55.652,424622,5,1.07615
6,6,1553.56,55.652,424622,2,1.07615
6,1,532.463,87.302,167109,2,1.07615
6,2,1527.28,87.302,167109,3,1.07615
6,3,1708.71,87.302,167109,6,1.07615
6,4,1752.11,87.302,167109,5,1.07615
6,5,1753.49,87.302,167109,3,1.07615
6,6,1783.95,87.302,167109,4,1.07615
6,1,417.049,48.802,190470,2,1.07615
6,2,544.486,48.802,190470,2,1.07615
6,3,706.015,48.802,190470,2,1.07615
6,4,837.499,48.802,190470,2,1.07615
6,5,1092.11,48.802,190470,2,1.07615
6,6,1477.63,48.802,190470,2,1.07615
6,1,527.311,80.003,920226,2,1.07615
6,2,1486,80.003,920226,2,1.07615
6,3,1659.8,80.003,920226,2,1.07615
6,4,1951.08,80.003,920226,6,1.07615
6,5,2488.03,80.003,920226,4,1.07615
6,6,2613.02,80.003,920226,4,1.07615
6,1,781.297,43.109,268817,2,1.07615
6,2,787.651,43.109,268817,3,1.07615
6,3,1329.6,43.109,268817,3,1.07615
6,4,1463.82,43.109,268817,3,1.07615
6,5,1605.74,43.109,268817,3,1.07615
6,6,1800.89,43.109,268817,3,1.07615
6,1,415.886,33.352,164637,2,1.07615
6,2,822.813,33.352,164637,3,1.07615
6,3,849.982,33.352,164637,3,1.07615
6,4,1297.72,33.352,164637,3,1.07615
6,5,1678.03,33.352,164637,4,1.07615
6,6,1679.13,33.352,164637,3,1.07615
6,1,815.802,67.147,278713,3,1.07615
6,2,1000.26,67.147,278713,3,1.07615
6,3,1036,67.147,278713,4,1.07615
6,4,1229.61,67.147,278713,4,1.07615
6,5,1371.84,67.147,278713,3,1.07615
6,6,1964.49,67.147,278713,7,1.07615
6,1,383.71,33.519,230219,2,1.07615
6,2,952.889,33.519,230219,2,1.07615
6,3,1096.94,33.519,230219,2,1.07615
6,4,1111.36,33.519,230219,2,1.07615
6,5,1131.75,33.519,230219,3,1.07615
6,6,1473.45,33.519,230219,3,1.07615
6,1,418.871,50.793,225049,2,1.07615
6,2,637.52,50.793,225049,2,1.07615
6,3,876.486,50.793,225049,3,1.07615
6,4,1245.23,50.793,225049,6,1.07615
6,5,1376.66,50.793,225049,3,1.07615
6,6,1708.43,50.793,225049,3,1.07615
6,1,584.488,50.076,326144,2,1.07615
6,2,1063.16,50.076,326144,3,1.07615
6,3,1279.06,50.076,326144,2,1.07615
6,4,1282.45,50.076,326144,3,1.07615
6,5,1364.64,50.076,326144,4,1.07615
6,6,1802.54,50.076,326144,3,1.07615
6,1,462.023,58.111,580548,3,1.07615
6,2,752.092,58.111,580548,3,1.07615
6,3,1113.96,58.111,580548,4,1.07615
6,4,1407.46,58.111,580548,2,1.07615
6,5,1412.87,58.111,580548,4,1.07615
6,6,1718.01,58.111,580548,4,1.07615
6,1,203.571,31.671,117268,2,1.07615
6,2,1033.42,31.671,117268,3,1.07615
6,3,1098.56,31.671,117268,2,1.07615
6,4,1348.98,31.671,117268,4,1.07615
6,5,1417.68,31.671,117268,3,1.07615
6,6,1468.4,31.671,117268,4,1.07615
6,1,502.237,84.543,717574,2,1.07615
6,2,1187.11,84.543,717574,3,1.07615
6,3,1773.63,84.543,717574,4,1.07615
6,4,1786.21,84.543,717574,4,1.07615
6,5,1923.89,84.543,717574,3,1.07615
6,6,2039.47,84.543,717574,5,1.07615
6,1,186.011,61.664,564158,2,1.07615
6,2,805.062,61.664,564158,2,1.07615
6,3,961.264,61.664,564158,2,1.07615
6,4,993.802,61.664,564158,2,1.07615
6,5,1575.05,61.664,564158,2,1.07615
6,6,2091.98,61.664,564158,2,1.07615
6,1,892.533,132.562,598190,2,1.07615
6,2,1725.97,132.562,598190,4,1.07615
6,3,1843.98,132.562,598190,4,1.07615
6,4,1935.68,132.562,598190,3,1.07615
6,5,1982.36,132.562,598190,5,1.07615
6,6,2125.81,132.562,598190,3,1.07615
6,1,1214.4,65.074,236797,4,1.07615
6,2,1302.34,65.074,236797,4,1.07615
6,3,1448.52,65.074,236797,3,1.07615
6,4,1702.2,65.074,236797,4,1.07615
6,5,1738.3,65.074,236797,5,1.07615
6,6,2276.14,65.074,236797,4,1.07615
6,1,373.044,82.535,2.26606e+06,2,1.07615
6,2,590.123,82.535,2.26606e+06,2,1.07615
6,3,1392.94,82.535,2.26606e+06,4,1.07615
6,4,2204.1,82.535,2.26606e+06,3,1.07615
6,5,2555.8,82.535,2.26606e+06,5,1.07615
6,6,2573.48,82.535,2.26606e+06,4,1.07615
6,1,972.33,68.959,1.12463e+06,3,1.07615
6,2,1950.02,68.959,1.12463e+06,4,1.07615
6,3,2186.02,68.959,1.12463e+06,4,1.07615
6,4,2240.9,68.959,1.12463e+06,4,1.07615
6,5,2415.13,68.959,1.12463e+06,2,1.07615
6,6,2562.9,68.959,1.12463e+06,6,1.07615
6,1,909.216,42.213,182310,2,1.07615
6,2,1266.91,42.213,182310,3,1.07615
6,3,1321.3,42.213,182310,2,1.07615
6,4,1453.58,42.213,182310,3,1.07615
6,5,1504.22,42.213,182310,3,1.07615
6,6,1627.98,42.213,182310,4,1.07615
6,1,1522.04,49.628,213678,4,1.07615
6,2,1753.88,49.628,213678,2,1.07615
6,3,1856.84,49.628,213678,3,1.07615
6,4,1913.02,49.628,213678,4,1.07615
6,5,2111.1,49.628,213678,3,1.07615
6,6,2214.01,49.628,213678,4,1.07615
6,1,626.363,105.063,234573,2,1.07615
6,2,1344.86,105.063,234573,2,1.07615
6,3,1588.38,105.063,234573,3,1.07615
6,4,1630.99,105.063,234573,4,1.07615
6,5,1982.52,105.063,234573,5,1.07615
6,6,2097.48,105.063,234573,5,1.07615
6,1,337.147,43.417,232618,2,1.07615
6,2,963.389,43.417,232618,3,1.07615
6,3,1161.28,43.417,232618,3,1.07615
6,4,1336.97,43.417,232618,3,1.07615
6,5,1352.73,43.417,232618,4,1.07615
6,6,1480.07,43.417,232618,6,1.07615
6,1,607.357,46.455,78561,2,1.07615
6,2,768.615,46.455,78561,2,1.07615
6,3,955.362,46.455,78561,2,1.07615
6,4,997.359,46.455,78561,2,1.07615
6,5,1439.49,46.455,78561,3,1.07615
6,6,1719.53,46.455,78561,3,1.07615
6,1,333.024,62.229,185291,2,1.07615
6,2,611.435,62.229,185291,2,1.07615
6,3,850,62.229,185291,2,1.07615
6,4,1555.28,62.229,185291,4,1.07615
6,5,1736.55,62.229,185291,3,1.07615
6,6,2023.37,62.229,185291,4,1.07615
6,1,199.151,55.564,308164,2,1.07615
6,2,669.403,55.564,308164,2,1.07615
6,3,749.759,55.564,308164,2,1.07615
6,4,1449.44,55.564,308164,5,1.07615
6,5,1583.17,55.564,308164,4,1.07615
6,6,1671.96,55.564,308164,5,1.07615
6,1,515.878,43.183,436674,3,1.07615
6,2,593.448,43.183,436674,2,1.07615
6,3,973.54,43.183,436674,2,1.07615
6,4,1294.92,43.183,436674,3,1.07615
6,5,1929.31,43.183,436674,4,1.07615
6,6,2002.89,43.183,436674,4,1.07615
6,1,385.389,49.884,462933,2,1.07615
6,2,789.56,49.884,462933,2,1.07615
6,3,1346.88,49.884,462933,4,1.07615
6,4,1376.6,49.884,462933,2,1.07615
6,5,1560.27,49.884,462933,2,1.07615
6,6,1602.66,49.884,462933,5,1.07615
6,1,490.355,55.337,763030,2,1.07615
6,2,936.923,55.337,763030,2,1.07615
6,3,943.234,55.337,763030,2,1.07615
6,4,1483.49,55.337,763030,4,1.07615
6,5,1500.64,55.337,763030,5,1.07615
6,6,1530.86,55.337,763030,4,1.07615
6,1,886.727,24.124,230403,2,1.07615
6,2,969.712,24.124,230403,3,1.07615
6,3,1178.55,24.124,230403,2,1.07615
6,4,1207.4,24.124,230403,2,1.07615
6,5,1505.62,24.124,230403,2,1.07615
6,6,1820.07,24.124,230403,2,1.07615
6,1,382.603,70.125,1.03912e+06,2,1.07615
6,2,1048.42,70.125,1.03912e+06,3,1.07615
6,3,1068.27,70.125,1.03912e+06,3,1.07615
6,4,1506.73,70.125,1.03912e+06,5,1.07615
6,5,1781,70.125,1.03912e+06,3,1.07615
6,6,1954.11,70.125,1.03912e+06,2,1.07615
6,1,335.094,45.868,162847,2,1.07615
6,2,1318.87,45.868,162847,2,1.07615
6,3,1473.7,45.868,162847,3,1.07615
6,4,1803.74,45.868,162847,3,1.07615
6,5,1852.34,45.868,162847,5,1.07615
6,6,1852.67,45.868,162847,3,1.07615
6,1,273.775,67.218,191827,2,1.07615
6,2,641.955,67.218,191827,2,1.07615
6,3,1349.75,67.218,191827,5,1.07615
6,4,1655.72,67.218,191827,4,1.07615
6,5,2185.13,67.218,191827,3,1.07615
6,6,2207.07,67.218,191827,4,1.07615
6,1,1080.77,78.182,214194,3,1.07615
6,2,1149,78.182,214194,5,1.07615
6,3,1235.35,78.182,214194,6,1.07615
6,4,1528,78.182,214194,5,1.07615
6,5,1616.15,78.182,214194,4,1.07615
6,6,1756.71,78.182,214194,6,1.07615
6,1,231.465,56.41,136111,2,1.07615
6,2,1111.33,56.41,136111,2,1.07615
6,3,1384.26,56.41,136111,3,1.07615
6,4,1407.37,56.41,136111,4,1.07615
6,5,1442.44,56.41,136111,2,1.07615
6,6,1487.42,56.41,136111,3,1.07615
6,1,1320.79,66.834,513213,4,1.07615
6,2,1355.84,66.834,513213,3,1.07615
6,3,1433.14,66.834,513213,5,1.07615
6,4,1554.47,66.834,513213,3,1.07615
6,5,1757.48,66.834,513213,3,1.07615
6,6,1880.49,66.834,513213,3,1.07615
6,1,1012.03,32.537,58002.4,2,1.07615
6,2,1149.36,32.537,58002.4,2,1.07615
6,3,1182.81,32.537,58002.4,3,1.07615
6,4,1358.55,32.537,58002.4,2,1.07615
6,5,1552.26,32.537,58002.4,2,1.07615
6,6,1684.55,32.537,58002.4,2,1.07615
6,1,335.201,24.594,68999.7,2,1.07615
6,2,566.499,24.594,68999.7,2,1.07615
6,3,570.446,24.594,68999.7,2,1.07615
6,4,909.889,24.594,68999.7,3,1.07615
6,5,988.706,24.594,68999.7,2,1.07615
6,6,1043.76,24.594,68999.7,2,1.07615
6,1,596.795,24.689,105891,2,1.07615
6,2,1263.48,24.689,105891,3,1.07615
6,3,1277.31,24.689,105891,3,1.07615
6,4,1348.82,24.689,105891,3,1.07615
6,5,1403.83,24.689,105891,3,1.07615
6,6,1462.14,24.689,105891,2,1.07615
6,1,972.94,25.152,586106,2,1.07615
6,2,1060.14,25.152,586106,2,1.07615
6,3,1140.02,25.152,586106,2,1.07615
6,4,1195.36,25.152,586106,2,1.07615
6,5,1273,25.152,586106,2,1.07615
6,6,1356.56,25.152,586106,2,1.07615
6,1,455.742,37.3,325204,2,1.07615
6,2,645.483,37.3,325204,2,1.07615
6,3,1116.04,37.3,325204,3,1.07615
6,4,1584.83,37.3,325204,5,1.07615
6,5,1720.71,37.3,325204,3,1.07615
6,6,1729.39,37.3,325204,3,1.07615
6,1,334.903,28.948,258401,2,1.07615
6,2,709.424,28.948,258401,2,1.07615
6,3,730.535,28.948,258401,2,1.07615
6,4,744.631,28.948,258401,3,1.07615
6,5,892.156,28.948,258401,4,1.07615
6,6,1151.61,28.948,258401,3,1.07615
6,1,1095.22,45.542,492219,4,1.07615
6,2,1268.45,45.542,492219,3,1.07615
6,3,1375.35,45.542,492219,5,1.07615
6,4,1445.59,45.542,492219,4,1.07615
6,5,1485.28,45.542,492219,5,1.07615
6,6,1740.36,45.542,492219,5,1.07615
