K,order,dist,cost_ki,cost_edbt,vnum,density
6,1,403.854,65.52,291956,2,1.07482
6,2,1016.17,65.52,291956,4,1.07482
6,3,1378.51,65.52,291956,3,1.07482
6,4,1459.17,65.52,291956,6,1.07482
6,5,1489.1,65.52,291956,4,1.07482
6,6,1501.74,65.52,291956,3,1.07482
6,1,480.935,38.161,276918,2,1.07482
6,2,658.741,38.161,276918,2,1.07482
6,3,971.186,38.161,276918,2,1.07482
6,4,1299.87,38.161,276918,5,1.07482
6,5,1508.47,38.161,276918,3,1.07482
6,6,1622.13,38.161,276918,5,1.07482
6,1,129.201,24.302,79646.8,2,1.07482
6,2,252.486,24.302,79646.8,2,1.07482
6,3,566.083,24.302,79646.8,2,1.07482
6,4,917.112,24.302,79646.8,4,1.07482
6,5,1020.31,24.302,79646.8,2,1.07482
6,6,1178,24.302,79646.8,3,1.07482
6,1,301.199,37.709,121822,2,1.07482
6,2,598.609,37.709,121822,2,1.07482
6,3,661.787,37.709,121822,2,1.07482
6,4,1096.21,37.709,121822,3,1.07482
6,5,1393.33,37.709,121822,3,1.07482
6,6,1607.99,37.709,121822,3,1.07482
6,1,704.154,47.771,236941,4,1.07482
6,2,797.935,47.771,236941,3,1.07482
6,3,987.56,47.771,236941,3,1.07482
6,4,1245.78,47.771,236941,4,1.07482
6,5,1517.89,47.771,236941,5,1.07482
6,6,1573.87,47.771,236941,3,1.07482
6,1,654.074,54.507,286561,2,1.07482
6,2,870.23,54.507,286561,2,1.07482
6,3,1388.86,54.507,286561,3,1.07482
6,4,1389.28,54.507,286561,2,1.07482
6,5,1545.78,54.507,286561,3,1.07482
6,6,1703.53,54.507,286561,3,1.07482
6,1,414.248,54.698,340008,2,1.07482
6,2,427.563,54.698,340008,2,1.07482
6,3,844.558,54.698,340008,3,1.07482
6,4,1526.64,54.698,340008,3,1.07482
6,5,1608.67,54.698,340008,4,1.07482
6,6,1629.65,54.698,340008,3,1.07482
6,1,1105.62,82.485,430455,2,1.07482
6,2,1201.17,82.485,430455,3,1.07482
6,3,1968.49,82.485,430455,5,1.07482
6,4,2261.44,82.485,430455,4,1.07482
6,5,2394.29,82.485,430455,6,1.07482
6,6,2493.17,82.485,430455,4,1.07482
6,1,721.687,89.558,251707,2,1.07482
6,2,796.043,89.558,251707,2,1.07482
6,3,1397.88,89.558,251707,5,1.07482
6,4,1483.64,89.558,251707,6,1.07482
6,5,1691.75,89.558,251707,4,1.07482
6,6,1734.9,89.558,251707,4,1.07482
6,1,462.004,42.583,252540,2,1.07482
6,2,699.346,42.583,252540,2,1.07482
6,3,1304.19,42.583,252540,4,1.07482
6,4,1306.82,42.583,252540,3,1.07482
6,5,1427.16,42.583,252540,4,1.07482
6,6,1432.44,42.583,252540,4,1.07482
6,1,1138.67,41.473,126156,2,1.07482
6,2,1162.18,41.473,126156,3,1.07482
6,3,1162.23,41.473,126156,3,1.07482
6,4,1215.45,41.473,126156,3,1.07482
6,5,1285.94,41.473,126156,2,1.07482
6,6,1587.54,41.473,126156,3,1.07482
6,1,400.262,16.243,120997,2,1.07482
6,2,628.173,16.243,120997,2,1.07482
6,3,752.317,16.243,120997,2,1.07482
6,4,907.491,16.243,120997,2,1.07482
6,5,1109.46,16.243,120997,3,1.07482
6,6,1208.17,16.243,120997,4,1.07482
6,1,210.753,41.169,490360,2,1.07482
6,2,270.03,41.169,490360,2,1.07482
6,3,864.187,41.169,490360,2,1.07482
6,4,1212.98,41.169,490360,2,1.07482
6,5,1382.12,41.169,490360,7,1.07482
6,6,1396.15,41.169,490360,3,1.07482
6,1,256.675,34.011,92664.3,2,1.07482
6,2,311.108,34.011,92664.3,2,1.07482
6,3,960.977,34.011,92664.3,2,1.07482
6,4,985.951,34.011,92664.3,2,1.07482
6,5,1132.54,34.011,92664.3,3,1.07482
6,6,1247.58,34.011,92664.3,3,1.07482
6,1,484.444,38.344,242117,3,1.07482
6,2,780.877,38.344,242117,2,1.07482
6,3,1205.69,38.344,242117,3,1.07482
6,4,1299.36,38.344,242117,3,1.07482
6,5,1549.85,38.344,242117,5,1.07482
6,6,1591.27,38.344,242117,3,1.07482
6,1,114.285,29.257,205864,2,1.07482
6,2,392.128,29.257,205864,2,1.07482
6,3,496.327,29.257,205864,2,1.07482
6,4,741.053,29.257,205864,2,1.07482
6,5,1035.32,29.257,205864,3,1.07482
6,6,1206.43,29.257,205864,3,1.07482
6,1,728.036,35.143,92404.1,3,1.07482
6,2,787.237,35.143,92404.1,3,1.07482
6,3,857.425,35.143,92404.1,2,1.07482
6,4,992.412,35.143,92404.1,3,1.07482
6,5,1125.07,35.143,92404.1,3,1.07482
6,6,1444.98,35.143,92404.1,4,1.07482
6,1,1323.75,93.104,1.92135e+06,3,1.07482
6,2,1412.42,93.104,1.92135e+06,3,1.07482
6,3,1623.44,93.104,1.92135e+06,4,1.07482
6,4,1631.03,93.104,1.92135e+06,3,1.07482
6,5,1721.2,93.104,1.92135e+06,3,1.07482
6,6,2239.69,93.104,1.92135e+06,2,1.07482
6,1,916.06,55.486,502327,3,1.07482
6,2,942.501,55.486,502327,2,1.07482
6,3,1037.56,55.486,502327,2,1.07482
6,4,1237.75,55.486,502327,5,1.07482
6,5,1910.22,55.486,502327,2,1.07482
6,6,2213.5,55.486,502327,5,1.07482
6,1,1099.71,67.677,122552,3,1.07482
6,2,1505.1,67.677,122552,3,1.07482
6,3,1657.55,67.677,122552,3,1.07482
6,4,1816.16,67.677,122552,2,1.07482
6,5,2004.07,67.677,122552,3,1.07482
6,6,2121.36,67.677,122552,3,1.07482
6,1,1059.92,94.106,466191,4,1.07482
6,2,1628.19,94.106,466191,3,1.07482
6,3,1841.47,94.106,466191,6,1.07482
6,4,2124.27,94.106,466191,6,1.07482
6,5,2276.91,94.106,466191,5,1.07482
6,6,2286.19,94.106,466191,2,1.07482
6,1,276.525,31.617,126550,2,1.07482
6,2,378.329,31.617,126550,3,1.07482
6,3,1015.7,31.617,126550,3,1.07482
6,4,1026.33,31.617,126550,2,1.07482
6,5,1438.67,31.617,126550,4,1.07482
6,6,1444.68,31.617,126550,2,1.07482
6,1,293.302,12.765,58788.2,2,1.07482
6,2,306.007,12.765,58788.2,2,1.07482
6,3,351.194,12.765,58788.2,2,1.07482
6,4,619.265,12.765,58788.2,2,1.07482
6,5,942.508,12.765,58788.2,2,1.07482
6,6,1093.15,12.765,58788.2,2,1.07482
6,1,391.479,87.689,315870,2,1.07482
6,2,922.573,87.689,315870,4,1.07482
6,3,1422.3,87.689,315870,4,1.07482
6,4,2005.15,87.689,315870,2,1.07482
6,5,2044.58,87.689,315870,3,1.07482
6,6,2063.5,87.689,315870,4,1.07482
6,1,125.252,75.276,291747,2,1.07482
6,2,1465.4,75.276,291747,3,1.07482
6,3,1491.37,75.276,291747,3,1.07482
6,4,1849.45,75.276,291747,5,1.07482
6,5,1962.89,75.276,291747,4,1.07482
6,6,1984.28,75.276,291747,4,1.07482
6,1,676.5,40.03,340352,2,1.07482
6,2,861.204,40.03,340352,3,1.07482
6,3,1310.75,40.03,340352,3,1.07482
6,4,1335.56,40.03,340352,3,1.07482
6,5,1491.97,40.03,340352,4,1.07482
6,6,1572.73,40.03,340352,5,1.07482
6,1,332.483,36.465,208503,2,1.07482
6,2,430.686,36.465,208503,2,1.07482
6,3,1015.57,36.465,208503,4,1.07482
6,4,1061.86,36.465,208503,3,1.07482
6,5,1083.41,36.465,208503,4,1.07482
6,6,1304.58,36.465,208503,3,1.07482
6,1,365.584,79.791,468409,2,1.07482
6,2,851.674,79.791,468409,2,1.07482
6,3,1218.41,79.791,468409,2,1.07482
6,4,1484.84,79.791,468409,4,1.07482
6,5,1631.17,79.791,468409,3,1.07482
6,6,2206.55,79.791,468409,3,1.07482
6,1,1295.32,47.131,156659,4,1.07482
6,2,1546.25,47.131,156659,3,1.07482
6,3,1634.61,47.131,156659,5,1.07482
6,4,1709,47.131,156659,4,1.07482
6,5,1808.24,47.131,156659,3,1.07482
6,6,1916.05,47.131,156659,3,1.07482
6,1,492.53,55.242,318972,2,1.07482
6,2,508.567,55.242,318972,2,1.07482
6,3,1072.06,55.242,318972,5,1.07482
6,4,1457.97,55.242,318972,4,1.07482
6,5,1470.13,55.242,318972,3,1.07482
6,6,1679.64,55.242,318972,3,1.07482
6,1,1069.33,41.87,305663,3,1.07482
6,2,1279.72,41.87,305663,3,1.07482
6,3,1322.08,41.87,305663,4,1.07482
6,4,1365.9,41.87,305663,2,1.07482
6,5,1524.53,41.87,305663,3,1.07482
6,6,1594.06,41.87,305663,4,1.07482
6,1,521.276,41.521,49936.6,2,1.07482
6,2,607.1,41.521,49936.6,2,1.07482
6,3,1083.16,41.521,49936.6,2,1.07482
6,4,1097.63,41.521,49936.6,2,1.07482
6,5,1585.5,41.521,49936.6,2,1.07482
6,6,1612.68,41.521,49936.6,2,1.07482
6,1,251.098,42.126,173102,2,1.07482
6,2,425.607,42.126,173102,2,1.07482
6,3,529.81,42.126,173102,5,1.07482
6,4,824.261,42.126,173102,4,1.07482
6,5,847.217,42.126,173102,2,1.07482
6,6,908.594,42.126,173102,5,1.07482
6,1,855.784,52.787,250649,3,1.07482
6,2,943.134,52.787,250649,3,1.07482
6,3,1239.35,52.787,250649,5,1.07482
6,4,1241.82,52.787,250649,3,1.07482
6,5,1352.8,52.787,250649,3,1.07482
6,6,1415.51,52.787,250649,5,1.07482
6,1,970.133,56.036,164675,5,1.07482
6,2,1044.25,56.036,164675,4,1.07482
6,3,1166.75,56.036,164675,3,1.07482
6,4,1231.36,56.036,164675,3,1.07482
6,5,1536.47,56.036,164675,4,1.07482
6,6,1543.96,56.036,164675,4,1.07482
6,1,487.015,64.55,681491,2,1.07482
6,2,607.655,64.55,681491,2,1.07482
6,3,632.361,64.55,681491,2,1.07482
6,4,1330.33,64.55,681491,5,1.07482
6,5,1431.94,64.55,681491,4,1.07482
6,6,1533.74,64.55,681491,5,1.07482
6,1,388.635,109.926,177035,2,1.07482
6,2,1083.15,109.926,177035,3,1.07482
6,3,1366.02,109.926,177035,3,1.07482
6,4,1494.42,109.926,177035,4,1.07482
6,5,1541.64,109.926,177035,3,1.07482
6,6,2116.16,109.926,177035,3,1.07482
6,1,272.677,47.2,271222,2,1.07482
6,2,458.017,47.2,271222,2,1.07482
6,3,851.235,47.2,271222,3,1.07482
6,4,1488.45,47.2,271222,6,1.07482
6,5,1501.64,47.2,271222,3,1.07482
6,6,1595.25,47.2,271222,3,1.07482
6,1,434.088,72.766,903498,2,1.07482
6,2,803.628,72.766,903498,2,1.07482
6,3,1477.95,72.766,903498,3,1.07482
6,4,2325.55,72.766,903498,2,1.07482
6,5,2371.24,72.766,903498,4,1.07482
6,6,2558.38,72.766,903498,2,1.07482
6,1,1172.38,80.818,489056,3,1.07482
6,2,1216.61,80.818,489056,2,1.07482
6,3,1246.42,80.818,489056,4,1.07482
6,4,1287.84,80.818,489056,3,1.07482
6,5,1474.51,80.818,489056,4,1.07482
6,6,1530.68,80.818,489056,3,1.07482
6,1,229.837,56.767,265467,2,1.07482
6,2,1403.89,56.767,265467,3,1.07482
6,3,1498.82,56.767,265467,3,1.07482
6,4,1533.67,56.767,265467,3,1.07482
6,5,1597.43,56.767,265467,4,1.07482
6,6,1634.82,56.767,265467,4,1.07482
6,1,710.119,73.222,633640,2,1.07482
6,2,1089.84,73.222,633640,2,1.07482
6,3,1799.21,73.222,633640,4,1.07482
6,4,1830.12,73.222,633640,4,1.07482
6,5,2047.62,73.222,633640,5,1.07482
6,6,2106.21,73.222,633640,5,1.07482
6,1,1046.9,64.541,440026,3,1.07482
6,2,1274.75,64.541,440026,4,1.07482
6,3,1655.79,64.541,440026,2,1.07482
6,4,1724.75,64.541,440026,5,1.07482
6,5,1882.21,64.541,440026,4,1.07482
6,6,2056.48,64.541,440026,6,1.07482
6,1,187.771,28.982,164320,2,1.07482
6,2,314.43,28.982,164320,2,1.07482
6,3,1390.36,28.982,164320,4,1.07482
6,4,1582.19,28.982,164320,4,1.07482
6,5,1600.32,28.982,164320,3,1.07482
6,6,1631.71,28.982,164320,2,1.07482
6,1,624.18,41.235,178890,2,1.07482
6,2,738.382,41.235,178890,4,1.07482
6,3,742.242,41.235,178890,3,1.07482
6,4,748.818,41.235,178890,2,1.07482
6,5,1039.07,41.235,178890,2,1.07482
6,6,1382.99,41.235,178890,5,1.07482
6,1,519.702,32.243,222497,2,1.07482
6,2,524.321,32.243,222497,2,1.07482
6,3,937.783,32.243,222497,2,1.07482
6,4,1055.73,32.243,222497,2,1.07482
6,5,1369.86,32.243,222497,3,1.07482
6,6,1499.9,32.243,222497,2,1.07482
6,1,112.539,94.586,893292,2,1.07482
6,2,343.385,94.586,893292,2,1.07482
6,3,471.374,94.586,893292,2,1.07482
6,4,1785.68,94.586,893292,5,1.07482
6,5,1961.41,94.586,893292,5,1.07482
6,6,2170.98,94.586,893292,6,1.07482
6,1,425.462,25.077,147058,2,1.07482
6,2,682.196,25.077,147058,3,1.07482
6,3,767.571,25.077,147058,2,1.07482
6,4,913.311,25.077,147058,3,1.07482
6,5,929.341,25.077,147058,3,1.07482
6,6,1093.69,25.077,147058,3,1.07482
6,1,1132.11,40.587,135056,3,1.07482
6,2,1264.54,40.587,135056,4,1.07482
6,3,1357.09,40.587,135056,5,1.07482
6,4,1380.49,40.587,135056,3,1.07482
6,5,1438.72,40.587,135056,4,1.07482
6,6,1473.21,40.587,135056,3,1.07482
6,1,147.567,43.703,225983,2,1.07482
6,2,848.492,43.703,225983,3,1.07482
6,3,1362.82,43.703,225983,3,1.07482
6,4,1618.91,43.703,225983,4,1.07482
6,5,1634.61,43.703,225983,3,1.07482
6,6,1649.42,43.703,225983,4,1.07482
6,1,535.158,27.9,62660.6,3,1.07482
6,2,645.663,27.9,62660.6,3,1.07482
6,3,740.077,27.9,62660.6,3,1.07482
6,4,1004.27,27.9,62660.6,3,1.07482
6,5,1009.24,27.9,62660.6,4,1.07482
6,6,1071.09,27.9,62660.6,2,1.07482
6,1,461.739,37.171,253695,3,1.07482
6,2,559.178,37.171,253695,4,1.07482
6,3,842.835,37.171,253695,2,1.07482
6,4,1300.83,37.171,253695,3,1.07482
6,5,1398.03,37.171,253695,5,1.07482
6,6,1453.73,37.171,253695,2,1.07482
6,1,983.427,52.207,78442.8,3,1.07482
6,2,1063.27,52.207,78442.8,3,1.07482
6,3,1147.38,52.207,78442.8,2,1.07482
6,4,1348.18,52.207,78442.8,4,1.07482
6,5,1699.56,52.207,78442.8,4,1.07482
6,6,1831.5,52.207,78442.8,4,1.07482
6,1,643.977,41.13,219889,2,1.07482
6,2,701.171,41.13,219889,2,1.07482
6,3,821.721,41.13,219889,2,1.07482
6,4,1117.42,41.13,219889,3,1.07482
6,5,1122.24,41.13,219889,4,1.07482
6,6,1414.36,41.13,219889,10,1.07482
6,1,636.858,46.812,128469,3,1.07482
6,2,997.644,46.812,128469,3,1.07482
6,3,1339.15,46.812,128469,4,1.07482
6,4,1416.6,46.812,128469,3,1.07482
6,5,1571.04,46.812,128469,3,1.07482
6,6,1699.49,46.812,128469,3,1.07482
6,1,711.714,94.085,415722,3,1.07482
6,2,1152.68,94.085,415722,3,1.07482
6,3,1203.22,94.085,415722,3,1.07482
6,4,1343.85,94.085,415722,3,1.07482
6,5,1809.12,94.085,415722,3,1.07482
6,6,1905.52,94.085,415722,2,1.07482
6,1,808.616,33.002,253881,3,1.07482
6,2,893.725,33.002,253881,2,1.07482
6,3,1164.62,33.002,253881,2,1.07482
6,4,1217.56,33.002,253881,2,1.07482
6,5,1275.87,33.002,253881,5,1.07482
6,6,1385.1,33.002,253881,3,1.07482
6,1,909.621,65.11,379152,2,1.07482
6,2,1166.62,65.11,379152,3,1.07482
6,3,1274.68,65.11,379152,3,1.07482
6,4,1460.53,65.11,379152,9,1.07482
6,5,1769.24,65.11,379152,4,1.07482
6,6,1769.33,65.11,379152,5,1.07482
6,1,159.022,43.616,106567,2,1.07482
6,2,682.069,43.616,106567,2,1.07482
6,3,998.244,43.616,106567,3,1.07482
6,4,1183.25,43.616,106567,2,1.07482
6,5,1205.28,43.616,106567,3,1.07482
6,6,1457.01,43.616,106567,2,1.07482
6,1,651.007,37.363,91427.6,2,1.07482
6,2,946.694,37.363,91427.6,2,1.07482
6,3,1014.6,37.363,91427.6,3,1.07482
6,4,1016.88,37.363,91427.6,2,1.07482
6,5,1179.3,37.363,91427.6,3,1.07482
6,6,1201.4,37.363,91427.6,3,1.07482
6,1,715.06,47.848,264583,6,1.07482
6,2,859.154,47.848,264583,2,1.07482
6,3,1128.94,47.848,264583,4,1.07482
6,4,1343.12,47.848,264583,3,1.07482
6,5,1425.62,47.848,264583,6,1.07482
6,6,1641.58,47.848,264583,3,1.07482
6,1,1109.42,75.431,879323,3,1.07482
6,2,1116.71,75.431,879323,3,1.07482
6,3,1425.75,75.431,879323,3,1.07482
6,4,1733.05,75.431,879323,4,1.07482
6,5,1799.52,75.431,879323,5,1.07482
6,6,1808.73,75.431,879323,4,1.07482
6,1,1155.6,37.803,155210,3,1.07482
6,2,1297.1,37.803,155210,4,1.07482
6,3,1370.28,37.803,155210,4,1.07482
6,4,1470.51,37.803,155210,4,1.07482
6,5,1528.25,37.803,155210,4,1.07482
6,6,1564.54,37.803,155210,4,1.07482
6,1,896.447,36.278,150117,2,1.07482
6,2,897.094,36.278,150117,2,1.07482
6,3,1171.7,36.278,150117,3,1.07482
6,4,1202.61,36.278,150117,3,1.07482
6,5,1307.1,36.278,150117,2,1.07482
6,6,1509.39,36.278,150117,3,1.07482
6,1,126.479,25.061,328443,2,1.07482
6,2,424.605,25.061,328443,2,1.07482
6,3,566.008,25.061,328443,2,1.07482
6,4,822.475,25.061,328443,2,1.07482
6,5,970.048,25.061,328443,2,1.07482
6,6,1001.61,25.061,328443,2,1.07482
6,1,110.309,48.292,320461,2,1.07482
6,2,581.881,48.292,320461,2,1.07482
6,3,1416.97,48.292,320461,4,1.07482
6,4,1528.03,48.292,320461,4,1.07482
6,5,1567.1,48.292,320461,4,1.07482
6,6,1717.58,48.292,320461,3,1.07482
6,1,1145.73,150.744,635236,3,1.07482
6,2,1246.81,150.744,635236,3,1.07482
6,3,1420.23,150.744,635236,3,1.07482
6,4,2064.05,150.744,635236,3,1.07482
6,5,2366.83,150.744,635236,5,1.07482
6,6,2447.45,150.744,635236,7,1.07482
6,1,64.0312,77.361,184787,2,1.07482
6,2,640.797,77.361,184787,2,1.07482
6,3,1375.57,77.361,184787,5,1.07482
6,4,1724.87,77.361,184787,6,1.07482
6,5,1853.73,77.361,184787,3,1.07482
6,6,2006.44,77.361,184787,3,1.07482
6,1,182.428,18.285,154736,2,1.07482
6,2,463.314,18.285,154736,2,1.07482
6,3,481.823,18.285,154736,3,1.07482
6,4,742.247,18.285,154736,2,1.07482
6,5,760.581,18.285,154736,2,1.07482
6,6,1068.09,18.285,154736,3,1.07482
6,1,1082.25,56.396,402501,5,1.07482
6,2,1129.5,56.396,402501,3,1.07482
6,3,1633.1,56.396,402501,5,1.07482
6,4,1759.6,56.396,402501,5,1.07482
6,5,1877.29,56.396,402501,4,1.07482
6,6,1894.08,56.396,402501,3,1.07482
6,1,1250.04,88.049,119665,3,1.07482
6,2,1482.35,88.049,119665,3,1.07482
6,3,1693.37,88.049,119665,3,1.07482
6,4,1707.54,88.049,119665,3,1.07482
6,5,1709.15,88.049,119665,4,1.07482
6,6,1868.47,88.049,119665,4,1.07482
6,1,686.308,45.898,473069,3,1.07482
6,2,1063.6,45.898,473069,4,1.07482
6,3,1262.34,45.898,473069,4,1.07482
6,4,1273.64,45.898,473069,3,1.07482
6,5,1545.5,45.898,473069,4,1.07482
6,6,1573.91,45.898,473069,4,1.07482
6,1,191.23,51.832,304686,2,1.07482
6,2,1080.83,51.832,304686,4,1.07482
6,3,1176.31,51.832,304686,4,1.07482
6,4,1271.06,51.832,304686,2,1.07482
6,5,1363.12,51.832,304686,3,1.07482
6,6,1728.8,51.832,304686,4,1.07482
6,1,963.393,57.041,216192,4,1.07482
6,2,1474.63,57.041,216192,4,1.07482
6,3,1700.2,57.041,216192,5,1.07482
6,4,1752.47,57.041,216192,5,1.07482
6,5,1950.41,57.041,216192,4,1.07482
6,6,2044.37,57.041,216192,4,1.07482
6,1,241.019,47.068,152430,2,1.07482
6,2,500.597,47.068,152430,2,1.07482
6,3,792.889,47.068,152430,3,1.07482
6,4,1133.01,47.068,152430,3,1.07482
6,5,1412.56,47.068,152430,5,1.07482
6,6,1606.23,47.068,152430,4,1.07482
6,1,1297.51,98.738,482933,3,1.07482
6,2,1333.48,98.738,482933,3,1.07482
6,3,1482.23,98.738,482933,4,1.07482
6,4,1491.75,98.738,482933,6,1.07482
6,5,2159.87,98.738,482933,6,1.07482
6,6,2442.61,98.738,482933,5,1.07482
6,1,684.602,48.747,197370,2,1.07482
6,2,987.405,48.747,197370,4,1.07482
6,3,1297.63,48.747,197370,4,1.07482
6,4,1399.42,48.747,197370,5,1.07482
6,5,1545.08,48.747,197370,5,1.07482
6,6,1609.9,48.747,197370,4,1.07482
6,1,146.659,33.352,180647,2,1.07482
6,2,330.553,33.352,180647,2,1.07482
6,3,416.544,33.352,180647,2,1.07482
6,4,1190.33,33.352,180647,2,1.07482
6,5,1229.89,33.352,180647,3,1.07482
6,6,1448.12,33.352,180647,2,1.07482
6,1,1128.52,60.838,405436,3,1.07482
6,2,1152.37,60.838,405436,3,1.07482
6,3,1521.33,60.838,405436,3,1.07482
6,4,1539.96,60.838,405436,5,1.07482
6,5,1725.94,60.838,405436,2,1.07482
6,6,1851.41,60.838,405436,3,1.07482
6,1,321.95,30.288,259580,2,1.07482
6,2,550.408,30.288,259580,2,1.07482
6,3,747.011,30.288,259580,2,1.07482
6,4,801.813,30.288,259580,3,1.07482
6,5,1342.36,30.288,259580,3,1.07482
6,6,1517.32,30.288,259580,3,1.07482
6,1,1121.57,111.756,290152,3,1.07482
6,2,1222.96,111.756,290152,3,1.07482
6,3,1392.06,111.756,290152,4,1.07482
6,4,1413.88,111.756,290152,4,1.07482
6,5,1888.61,111.756,290152,4,1.07482
6,6,1899.37,111.756,290152,8,1.07482
6,1,920.196,48.829,239464,2,1.07482
6,2,1117.01,48.829,239464,4,1.07482
6,3,1138.7,48.829,239464,4,1.07482
6,4,1216.2,48.829,239464,4,1.07482
6,5,1451.16,48.829,239464,3,1.07482
6,6,1665.91,48.829,239464,3,1.07482
6,1,765.54,54.418,111024,3,1.07482
6,2,1100.38,54.418,111024,3,1.07482
6,3,1155.23,54.418,111024,3,1.07482
6,4,1351.88,54.418,111024,3,1.07482
6,5,1481.22,54.418,111024,5,1.07482
6,6,1547.65,54.418,111024,4,1.07482
6,1,259.388,38.534,164083,2,1.07482
6,2,480.16,38.534,164083,2,1.07482
6,3,534.735,38.534,164083,2,1.07482
6,4,876.275,38.534,164083,2,1.07482
6,5,1118.36,38.534,164083,2,1.07482
6,6,1378.97,38.534,164083,3,1.07482
6,1,454.059,32.693,77684.4,2,1.07482
6,2,467.133,32.693,77684.4,2,1.07482
6,3,612.628,32.693,77684.4,3,1.07482
6,4,665.054,32.693,77684.4,2,1.07482
6,5,690.959,32.693,77684.4,2,1.07482
6,6,848.908,32.693,77684.4,4,1.07482
6,1,290.45,31.501,96624.8,2,1.07482
6,2,302.399,31.501,96624.8,2,1.07482
6,3,668.77,31.501,96624.8,2,1.07482
6,4,869.699,31.501,96624.8,2,1.07482
6,5,923.872,31.501,96624.8,2,1.07482
6,6,1194.24,31.501,96624.8,3,1.07482
6,1,641.106,62.118,353901,2,1.07482
6,2,1503.6,62.118,353901,2,1.07482
6,3,1519.25,62.118,353901,2,1.07482
6,4,1579.34,62.118,353901,2,1.07482
6,5,1801.85,62.118,353901,2,1.07482
6,6,1936.97,62.118,353901,2,1.07482
6,1,158.777,66.597,204025,2,1.07482
6,2,814.312,66.597,204025,4,1.07482
6,3,1055.31,66.597,204025,4,1.07482
6,4,1197.89,66.597,204025,4,1.07482
6,5,1219.21,66.597,204025,4,1.07482
6,6,1676.44,66.597,204025,4,1.07482
6,1,148.556,52.738,172728,2,1.07482
6,2,546.667,52.738,172728,2,1.07482
6,3,1499.52,52.738,172728,2,1.07482
6,4,1862.92,52.738,172728,3,1.07482
6,5,1901.83,52.738,172728,2,1.07482
6,6,2009.8,52.738,172728,4,1.07482
6,1,439.114,45.342,148955,2,1.07482
6,2,614.544,45.342,148955,3,1.07482
6,3,853.478,45.342,148955,2,1.07482
6,4,1149.39,45.342,148955,5,1.07482
6,5,1214.5,45.342,148955,3,1.07482
6,6,1257.53,45.342,148955,2,1.07482
6,1,246.661,65.783,357485,3,1.07482
6,2,1005.41,65.783,357485,3,1.07482
6,3,1199.55,65.783,357485,3,1.07482
6,4,1461.75,65.783,357485,4,1.07482
6,5,1649.71,65.783,357485,5,1.07482
6,6,1703.93,65.783,357485,5,1.07482
6,1,1093.69,53.512,341185,3,1.07482
6,2,1295.9,53.512,341185,3,1.07482
6,3,1352.04,53.512,341185,4,1.07482
6,4,1566.31,53.512,341185,3,1.07482
6,5,1676.23,53.512,341185,3,1.07482
6,6,1797.44,53.512,341185,4,1.07482
6,1,272.419,22.918,55225.7,2,1.07482
6,2,502.021,22.918,55225.7,2,1.07482
6,3,578.553,22.918,55225.7,2,1.07482
6,4,1029.96,22.918,55225.7,3,1.07482
6,5,1117.93,22.918,55225.7,3,1.07482
6,6,1124.24,22.918,55225.7,3,1.07482
6,1,222.913,26.216,87676.3,2,1.07482
6,2,946.853,26.216,87676.3,3,1.07482
6,3,1111.58,26.216,87676.3,3,1.07482
6,4,1274.23,26.216,87676.3,4,1.07482
6,5,1300.3,26.216,87676.3,2,1.07482
6,6,1334.27,26.216,87676.3,2,1.07482
6,1,840.873,78.361,466908,3,1.07482
6,2,1178.46,78.361,466908,3,1.07482
6,3,1226.87,78.361,466908,3,1.07482
6,4,1622.99,78.361,466908,4,1.07482
6,5,1694.91,78.361,466908,3,1.07482
6,6,1773.76,78.361,466908,4,1.07482
6,1,1782,56.482,202603,5,1.07482
6,2,1841.92,56.482,202603,4,1.07482
6,3,1892.15,56.482,202603,4,1.07482
6,4,1941.27,56.482,202603,4,1.07482
6,5,1988.03,56.482,202603,4,1.07482
6,6,2047.81,56.482,202603,4,1.07482
6,1,59.4643,19.853,320998,2,1.07482
6,2,156.109,19.853,320998,2,1.07482
6,3,454.44,19.853,320998,2,1.07482
6,4,1023.34,19.853,320998,5,1.07482
6,5,1085.26,19.853,320998,4,1.07482
6,6,1104.03,19.853,320998,4,1.07482
6,1,450.001,119.986,1.12996e+06,2,1.07482
6,2,1100.45,119.986,1.12996e+06,4,1.07482
6,3,1448.04,119.986,1.12996e+06,3,1.07482
6,4,1709.04,119.986,1.12996e+06,2,1.07482
6,5,1988.04,119.986,1.12996e+06,3,1.07482
6,6,2373.23,119.986,1.12996e+06,3,1.07482
6,1,699.041,25.273,182274,3,1.07482
6,2,843.445,25.273,182274,2,1.07482
6,3,1205.35,25.273,182274,2,1.07482
6,4,1207.03,25.273,182274,2,1.07482
6,5,1226.47,25.273,182274,3,1.07482
6,6,1240.96,25.273,182274,3,1.07482
6,1,600.701,37.169,644716,2,1.07482
6,2,1054.3,37.169,644716,2,1.07482
6,3,1194.52,37.169,644716,5,1.07482
6,4,1284.47,37.169,644716,4,1.07482
6,5,1440.31,37.169,644716,4,1.07482
6,6,1529.06,37.169,644716,4,1.07482
6,1,640.943,69.601,362700,3,1.07482
6,2,814.535,69.601,362700,3,1.07482
6,3,1086.51,69.601,362700,3,1.07482
6,4,1443.25,69.601,362700,3,1.07482
6,5,1621.82,69.601,362700,3,1.07482
6,6,2321.1,69.601,362700,5,1.07482
6,1,315.997,40.449,382037,3,1.07482
6,2,660.995,40.449,382037,3,1.07482
6,3,1085.48,40.449,382037,4,1.07482
6,4,1361.27,40.449,382037,2,1.07482
6,5,1439.34,40.449,382037,4,1.07482
6,6,1663.08,40.449,382037,4,1.07482
6,1,1395.42,57.179,275661,5,1.07482
6,2,1670.68,57.179,275661,3,1.07482
6,3,1831.12,57.179,275661,4,1.07482
6,4,1863.88,57.179,275661,5,1.07482
6,5,1866.99,57.179,275661,4,1.07482
6,6,1907.25,57.179,275661,4,1.07482
6,1,541.014,93.28,770486,3,1.07482
6,2,876.673,93.28,770486,3,1.07482
6,3,1115.01,93.28,770486,4,1.07482
6,4,1372.64,93.28,770486,4,1.07482
6,5,1586.55,93.28,770486,4,1.07482
6,6,1782.01,93.28,770486,3,1.07482
6,1,44.4072,62.581,298919,2,1.07482
6,2,752.262,62.581,298919,2,1.07482
6,3,1224.62,62.581,298919,3,1.07482
6,4,1454.93,62.581,298919,4,1.07482
6,5,1674.41,62.581,298919,5,1.07482
6,6,1962.39,62.581,298919,4,1.07482
6,1,752.814,54.059,221317,2,1.07482
6,2,1129.34,54.059,221317,4,1.07482
6,3,1205.41,54.059,221317,3,1.07482
6,4,1353.81,54.059,221317,2,1.07482
6,5,1560.18,54.059,221317,3,1.07482
6,6,1575.89,54.059,221317,6,1.07482
6,1,772.704,65.109,74874.2,3,1.07482
6,2,825.099,65.109,74874.2,4,1.07482
6,3,1525.37,65.109,74874.2,4,1.07482
6,4,1638.33,65.109,74874.2,4,1.07482
6,5,1758.72,65.109,74874.2,6,1.07482
6,6,1882.02,65.109,74874.2,6,1.07482
6,1,600.354,43.147,647558,2,1.07482
6,2,843.81,43.147,647558,5,1.07482
6,3,1042.63,43.147,647558,3,1.07482
6,4,1125.27,43.147,647558,2,1.07482
6,5,1205.16,43.147,647558,2,1.07482
6,6,1371.51,43.147,647558,6,1.07482
6,1,802.379,51.287,422167,3,1.07482
6,2,1366.75,51.287,422167,4,1.07482
6,3,1368.82,51.287,422167,4,1.07482
6,4,1423.22,51.287,422167,2,1.07482
6,5,1814.51,51.287,422167,3,1.07482
6,6,1833.5,51.287,422167,4,1.07482
6,1,1225.72,108.344,288891,6,1.07482
6,2,1599.99,108.344,288891,4,1.07482
6,3,1647.33,108.344,288891,5,1.07482
6,4,2101.74,108.344,288891,3,1.07482
6,5,2286.96,108.344,288891,5,1.07482
6,6,2438.26,108.344,288891,5,1.07482
6,1,983.164,79.175,321738,3,1.07482
6,2,1177.36,79.175,321738,4,1.07482
6,3,1447.98,79.175,321738,4,1.07482
6,4,1524.1,79.175,321738,4,1.07482
6,5,1748.93,79.175,321738,7,1.07482
6,6,1860.58,79.175,321738,6,1.07482
6,1,420.986,73.576,1.05889e+06,2,1.07482
6,2,679.862,73.576,1.05889e+06,3,1.07482
6,3,1621.66,73.576,1.05889e+06,2,1.07482
6,4,1655.35,73.576,1.05889e+06,4,1.07482
6,5,1930.85,73.576,1.05889e+06,4,1.07482
6,6,2159.73,73.576,1.05889e+06,3,1.07482
6,1,333.002,44.783,307757,2,1.07482
6,2,595.54,44.783,307757,3,1.07482
6,3,989.232,44.783,307757,2,1.07482
6,4,1081.12,44.783,307757,3,1.07482
6,5,1634.52,44.783,307757,3,1.07482
6,6,1743.14,44.783,307757,3,1.07482
6,1,415.987,47.43,321581,2,1.07482
6,2,505.835,47.43,321581,2,1.07482
6,3,1131.46,47.43,321581,2,1.07482
6,4,1439.94,47.43,321581,3,1.07482
6,5,1465.86,47.43,321581,3,1.07482
6,6,1879.87,47.43,321581,4,1.07482
6,1,242.407,31.437,204762,2,1.07482
6,2,676.743,31.437,204762,2,1.07482
6,3,1068.19,31.437,204762,3,1.07482
6,4,1100.94,31.437,204762,3,1.07482
6,5,1241.54,31.437,204762,2,1.07482
6,6,1373.27,31.437,204762,3,1.07482
6,1,502.837,10.314,21354.1,2,1.07482
6,2,578.022,10.314,21354.1,2,1.07482
6,3,908.735,10.314,21354.1,2,1.07482
6,4,930.36,10.314,21354.1,2,1.07482
6,5,1064.03,10.314,21354.1,2,1.07482
6,6,1070.03,10.314,21354.1,2,1.07482
6,1,263.287,52.255,299314,2,1.07482
6,2,805.529,52.255,299314,2,1.07482
6,3,852.71,52.255,299314,2,1.07482
6,4,1082.16,52.255,299314,2,1.07482
6,5,1085.08,52.255,299314,2,1.07482
6,6,1898.65,52.255,299314,3,1.07482
6,1,625.259,51.116,184723,2,1.07482
6,2,753.017,51.116,184723,2,1.07482
6,3,783.127,51.116,184723,2,1.07482
6,4,1457,51.116,184723,3,1.07482
6,5,1560.85,51.116,184723,4,1.07482
6,6,1796.27,51.116,184723,4,1.07482
6,1,957.56,82.12,702032,3,1.07482
6,2,1253.73,82.12,702032,3,1.07482
6,3,1266.23,82.12,702032,3,1.07482
6,4,1338.33,82.12,702032,3,1.07482
6,5,1386.52,82.12,702032,3,1.07482
6,6,1597.92,82.12,702032,5,1.07482
6,1,792.902,29.643,162821,2,1.07482
6,2,794.938,29.643,162821,3,1.07482
6,3,960.091,29.643,162821,3,1.07482
6,4,995.937,29.643,162821,5,1.07482
6,5,1075.21,29.643,162821,2,1.07482
6,6,1130.66,29.643,162821,3,1.07482
6,1,556.493,75.282,867525,2,1.07482
6,2,1543.5,75.282,867525,2,1.07482
6,3,1550.7,75.282,867525,3,1.07482
6,4,1696.07,75.282,867525,5,1.07482
6,5,1766.54,75.282,867525,3,1.07482
6,6,2044.13,75.282,867525,3,1.07482
6,1,683.953,63.793,348779,2,1.07482
6,2,1157.74,63.793,348779,2,1.07482
6,3,1488.02,63.793,348779,4,1.07482
6,4,1503.9,63.793,348779,3,1.07482
6,5,1601.62,63.793,348779,3,1.07482
6,6,1695.23,63.793,348779,2,1.07482
6,1,1038.09,45.366,234263,2,1.07482
6,2,1094.81,45.366,234263,2,1.07482
6,3,1416.56,45.366,234263,3,1.07482
6,4,1506.18,45.366,234263,2,1.07482
6,5,1790.2,45.366,234263,3,1.07482
6,6,1834.42,45.366,234263,3,1.07482
6,1,192.772,39.547,109472,2,1.07482
6,2,533.52,39.547,109472,2,1.07482
6,3,744.479,39.547,109472,3,1.07482
6,4,1022.99,39.547,109472,3,1.07482
6,5,1032.12,39.547,109472,4,1.07482
6,6,1131.94,39.547,109472,3,1.07482
6,1,199.449,49.468,173035,2,1.07482
6,2,596.185,49.468,173035,2,1.07482
6,3,1190.35,49.468,173035,4,1.07482
6,4,1318.17,49.468,173035,4,1.07482
6,5,1483.66,49.468,173035,2,1.07482
6,6,1683.75,49.468,173035,4,1.07482
6,1,572.906,19.397,42827.7,2,1.07482
6,2,618.729,19.397,42827.7,2,1.07482
6,3,948.54,19.397,42827.7,2,1.07482
6,4,979.204,19.397,42827.7,2,1.07482
6,5,1009.66,19.397,42827.7,2,1.07482
6,6,1028.82,19.397,42827.7,2,1.07482
6,1,159.305,31.074,110734,2,1.07482
6,2,655.831,31.074,110734,2,1.07482
6,3,1024.49,31.074,110734,3,1.07482
6,4,1226.93,31.074,110734,2,1.07482
6,5,1256.87,31.074,110734,2,1.07482
6,6,1274.75,31.074,110734,3,1.07482
6,1,367.001,29.077,172508,2,1.07482
6,2,588.837,29.077,172508,2,1.07482
6,3,856.797,29.077,172508,2,1.07482
6,4,1092.57,29.077,172508,2,1.07482
6,5,1161.91,29.077,172508,2,1.07482
6,6,1434.65,29.077,172508,2,1.07482
6,1,565.836,102.99,595745,2,1.07482
6,2,1526.34,102.99,595745,3,1.07482
6,3,1641.6,102.99,595745,2,1.07482
6,4,1945.78,102.99,595745,2,1.07482
6,5,1971.59,102.99,595745,5,1.07482
6,6,2219.76,102.99,595745,3,1.07482
6,1,495.146,24.123,153632,2,1.07482
6,2,609.722,24.123,153632,2,1.07482
6,3,860.712,24.123,153632,2,1.07482
6,4,880.162,24.123,153632,2,1.07482
6,5,952.882,24.123,153632,2,1.07482
6,6,1365.16,24.123,153632,2,1.07482
6,1,955.147,31.124,107518,2,1.07482
6,2,1148.77,31.124,107518,2,1.07482
6,3,1506.71,31.124,107518,4,1.07482
6,4,1508.97,31.124,107518,2,1.07482
6,5,1538.26,31.124,107518,2,1.07482
6,6,1551.31,31.124,107518,2,1.07482
6,1,433.17,46.267,249761,2,1.07482
6,2,1085.69,46.267,249761,2,1.07482
6,3,1454.14,46.267,249761,2,1.07482
6,4,1536.94,46.267,249761,4,1.07482
6,5,1816.11,46.267,249761,4,1.07482
6,6,1849.84,46.267,249761,2,1.07482
6,1,501.835,68.824,162208,3,1.07482
6,2,947.859,68.824,162208,3,1.07482
6,3,1003.91,68.824,162208,5,1.07482
6,4,1254.34,68.824,162208,3,1.07482
6,5,1754.18,68.824,162208,3,1.07482
6,6,1856.07,68.824,162208,4,1.07482
6,1,650.959,42.425,160039,2,1.07482
6,2,730.154,42.425,160039,2,1.07482
6,3,740.216,42.425,160039,2,1.07482
6,4,1323.57,42.425,160039,3,1.07482
6,5,1563.5,42.425,160039,2,1.07482
6,6,1653.59,42.425,160039,4,1.07482
6,1,302.367,56.178,304665,2,1.07482
6,2,838.748,56.178,304665,4,1.07482
6,3,1119.66,56.178,304665,3,1.07482
6,4,1263.4,56.178,304665,5,1.07482
6,5,1298.14,56.178,304665,7,1.07482
6,6,1499.41,56.178,304665,3,1.07482
6,1,442.412,70.585,498991,2,1.07482
6,2,447.219,70.585,498991,2,1.07482
6,3,1495.04,70.585,498991,2,1.07482
6,4,1507.41,70.585,498991,4,1.07482
6,5,1684.97,70.585,498991,3,1.07482
6,6,1753.12,70.585,498991,5,1.07482
6,1,1294.68,46.571,155393,2,1.07482
6,2,1300.24,46.571,155393,4,1.07482
6,3,1310.9,46.571,155393,3,1.07482
6,4,1327.06,46.571,155393,2,1.07482
6,5,1394.76,46.571,155393,2,1.07482
6,6,1467.28,46.571,155393,4,1.07482
6,1,197.717,30.102,133360,2,1.07482
6,2,837.658,30.102,133360,3,1.07482
6,3,1147.12,30.102,133360,3,1.07482
6,4,1247.61,30.102,133360,3,1.07482
6,5,1356,30.102,133360,4,1.07482
6,6,1384.39,30.102,133360,4,1.07482
6,1,337.165,8.341,32725.9,2,1.07482
6,2,383.301,8.341,32725.9,2,1.07482
6,3,462.517,8.341,32725.9,2,1.07482
6,4,502.491,8.341,32725.9,2,1.07482
6,5,709.504,8.341,32725.9,2,1.07482
6,6,768.902,8.341,32725.9,2,1.07482
6,1,715.07,104.916,572894,2,1.07482
6,2,1509.28,104.916,572894,3,1.07482
6,3,1566.66,104.916,572894,9,1.07482
6,4,1656.29,104.916,572894,3,1.07482
6,5,1840.6,104.916,572894,4,1.07482
6,6,1903.93,104.916,572894,3,1.07482
6,1,498.551,24.494,170799,2,1.07482
6,2,743.487,24.494,170799,2,1.07482
6,3,893.613,24.494,170799,2,1.07482
6,4,976.813,24.494,170799,4,1.07482
6,5,1052.48,24.494,170799,2,1.07482
6,6,1221.89,24.494,170799,4,1.07482
6,1,665.073,52.56,275077,2,1.07482
6,2,1273.01,52.56,275077,2,1.07482
6,3,1589.62,52.56,275077,3,1.07482
6,4,1720.57,52.56,275077,4,1.07482
6,5,1801.63,52.56,275077,3,1.07482
6,6,1861.86,52.56,275077,3,1.07482
6,1,38.3275,32.219,71633.2,2,1.07482
6,2,221.434,32.219,71633.2,2,1.07482
6,3,1151.27,32.219,71633.2,3,1.07482
6,4,1242.06,32.219,71633.2,3,1.07482
6,5,1250.95,32.219,71633.2,3,1.07482
6,6,1380.8,32.219,71633.2,5,1.07482
6,1,1104.74,54.442,123968,3,1.07482
6,2,1269.45,54.442,123968,3,1.07482
6,3,1310.6,54.442,123968,3,1.07482
6,4,1389.05,54.442,123968,5,1.07482
6,5,1467.24,54.442,123968,5,1.07482
6,6,1876.21,54.442,123968,4,1.07482
6,1,651.498,43.026,316088,2,1.07482
6,2,1198.56,43.026,316088,5,1.07482
6,3,1246.9,43.026,316088,4,1.07482
6,4,1315.24,43.026,316088,2,1.07482
6,5,1373.63,43.026,316088,7,1.07482
6,6,1453.79,43.026,316088,6,1.07482
6,1,534.001,18.638,124876,2,1.07482
6,2,585.629,18.638,124876,2,1.07482
6,3,971.816,18.638,124876,3,1.07482
6,4,1199.78,18.638,124876,4,1.07482
6,5,1215.62,18.638,124876,3,1.07482
6,6,1240.65,18.638,124876,3,1.07482
6,1,843.768,82.108,274295,2,1.07482
6,2,1853.56,82.108,274295,6,1.07482
6,3,2277.99,82.108,274295,3,1.07482
6,4,2444.21,82.108,274295,4,1.07482
6,5,2584.36,82.108,274295,6,1.07482
6,6,2627.52,82.108,274295,4,1.07482
6,1,305.11,82.509,567457,3,1.07482
6,2,1065.93,82.509,567457,3,1.07482
6,3,1836.36,82.509,567457,6,1.07482
6,4,1869.55,82.509,567457,4,1.07482
6,5,1959.19,82.509,567457,5,1.07482
6,6,2089.32,82.509,567457,3,1.07482
6,1,212.72,52.961,350634,2,1.07482
6,2,234.983,52.961,350634,2,1.07482
6,3,986.052,52.961,350634,2,1.07482
6,4,1372.33,52.961,350634,5,1.07482
6,5,1766.92,52.961,350634,3,1.07482
6,6,1816.14,52.961,350634,3,1.07482
6,1,251.08,35.003,146549,2,1.07482
6,2,861.381,35.003,146549,2,1.07482
6,3,1071.71,35.003,146549,2,1.07482
6,4,1096.79,35.003,146549,4,1.07482
6,5,1168.48,35.003,146549,3,1.07482
6,6,1470.88,35.003,146549,3,1.07482
6,1,603.136,80.875,416599,2,1.07482
6,2,1094.39,80.875,416599,5,1.07482
6,3,1420.43,80.875,416599,4,1.07482
6,4,1449.51,80.875,416599,5,1.07482
6,5,1590.55,80.875,416599,2,1.07482
6,6,1691.24,80.875,416599,3,1.07482
6,1,334.833,52.612,156526,2,1.07482
6,2,524.267,52.612,156526,3,1.07482
6,3,1041.85,52.612,156526,2,1.07482
6,4,1514.33,52.612,156526,2,1.07482
6,5,1850.62,52.612,156526,3,1.07482
6,6,1992.2,52.612,156526,4,1.07482
6,1,552.906,75.253,420100,2,1.07482
6,2,611.779,75.253,420100,2,1.07482
6,3,1037.05,75.253,420100,2,1.07482
6,4,1643.29,75.253,420100,3,1.07482
6,5,1797.88,75.253,420100,5,1.07482
6,6,1813.17,75.253,420100,3,1.07482
6,1,379.381,51.482,157946,2,1.07482
6,2,1092.85,51.482,157946,2,1.07482
6,3,1107.54,51.482,157946,3,1.07482
6,4,1378.05,51.482,157946,4,1.07482
6,5,1496.42,51.482,157946,4,1.07482
6,6,1870.6,51.482,157946,4,1.07482
6,1,432.612,42.709,273459,2,1.07482
6,2,463.366,42.709,273459,2,1.07482
6,3,1002.44,42.709,273459,2,1.07482
6,4,1371.9,42.709,273459,2,1.07482
6,5,1541.13,42.709,273459,2,1.07482
6,6,1561.03,42.709,273459,4,1.07482
6,1,1385.45,69.877,233754,3,1.07482
6,2,1391.45,69.877,233754,2,1.07482
6,3,1516.93,69.877,233754,5,1.07482
6,4,1541.57,69.877,233754,5,1.07482
6,5,1668.67,69.877,233754,3,1.07482
6,6,1711.29,69.877,233754,3,1.07482
6,1,557.538,39.217,160807,4,1.07482
6,2,812.561,39.217,160807,3,1.07482
6,3,1135.14,39.217,160807,4,1.07482
6,4,1251.98,39.217,160807,3,1.07482
6,5,1350.48,39.217,160807,4,1.07482
6,6,1522.47,39.217,160807,4,1.07482
6,1,422.373,20.089,50300.4,3,1.07482
6,2,454.19,20.089,50300.4,2,1.07482
6,3,777.47,20.089,50300.4,3,1.07482
6,4,1075.52,20.089,50300.4,4,1.07482
6,5,1226.97,20.089,50300.4,3,1.07482
6,6,1355.71,20.089,50300.4,3,1.07482
6,1,70.7743,54.926,150500,2,1.07482
6,2,1179.28,54.926,150500,6,1.07482
6,3,1302,54.926,150500,3,1.07482
6,4,1695.81,54.926,150500,3,1.07482
6,5,1715.81,54.926,150500,5,1.07482
6,6,1728.18,54.926,150500,3,1.07482
6,1,272.25,89.391,270742,2,1.07482
6,2,561.514,89.391,270742,3,1.07482
6,3,1581.91,89.391,270742,4,1.07482
6,4,1722.14,89.391,270742,4,1.07482
6,5,1974.33,89.391,270742,5,1.07482
6,6,2338.59,89.391,270742,7,1.07482
6,1,325.203,51.805,204424,2,1.07482
6,2,666.154,51.805,204424,2,1.07482
6,3,734.075,51.805,204424,3,1.07482
6,4,1336.52,51.805,204424,4,1.07482
6,5,1505.82,51.805,204424,4,1.07482
6,6,1667.93,51.805,204424,3,1.07482
6,1,1239.67,46.541,217607,3,1.07482
6,2,1247.7,46.541,217607,4,1.07482
6,3,1378.82,46.541,217607,3,1.07482
6,4,1416.15,46.541,217607,3,1.07482
6,5,1438.5,46.541,217607,5,1.07482
6,6,1620.42,46.541,217607,3,1.07482
6,1,416.185,55.671,105946,2,1.07482
6,2,428.618,55.671,105946,2,1.07482
6,3,703.808,55.671,105946,2,1.07482
6,4,769.813,55.671,105946,2,1.07482
6,5,1658.17,55.671,105946,3,1.07482
6,6,1664.68,55.671,105946,3,1.07482
6,1,902.385,55.352,245930,2,1.07482
6,2,1056.56,55.352,245930,3,1.07482
6,3,1143.31,55.352,245930,3,1.07482
6,4,1266.88,55.352,245930,2,1.07482
6,5,1368.07,55.352,245930,2,1.07482
6,6,1422.1,55.352,245930,3,1.07482
6,1,946.256,65.303,438121,2,1.07482
6,2,1803.26,65.303,438121,4,1.07482
6,3,1857.95,65.303,438121,5,1.07482
6,4,1912.9,65.303,438121,3,1.07482
6,5,1964.31,65.303,438121,6,1.07482
6,6,2032.15,65.303,438121,5,1.07482
6,1,1043.88,126.111,388127,2,1.07482
6,2,1312.91,126.111,388127,5,1.07482
6,3,1672.52,126.111,388127,4,1.07482
6,4,1737.56,126.111,388127,2,1.07482
6,5,1947.25,126.111,388127,4,1.07482
6,6,2164.42,126.111,388127,3,1.07482
6,1,694.175,51.583,1.2977e+06,3,1.07482
6,2,1524.63,51.583,1.2977e+06,6,1.07482
6,3,1604.3,51.583,1.2977e+06,6,1.07482
6,4,1607.81,51.583,1.2977e+06,4,1.07482
6,5,1716.47,51.583,1.2977e+06,5,1.07482
6,6,1892.46,51.583,1.2977e+06,5,1.07482
6,1,449.361,81.068,819866,2,1.07482
6,2,720.612,81.068,819866,2,1.07482
6,3,881.197,81.068,819866,2,1.07482
6,4,1347.86,81.068,819866,2,1.07482
6,5,1440,81.068,819866,3,1.07482
6,6,1459.45,81.068,819866,3,1.07482
6,1,727.472,52.246,136420,2,1.07482
6,2,940.243,52.246,136420,2,1.07482
6,3,1098.47,52.246,136420,2,1.07482
6,4,1289.79,52.246,136420,3,1.07482
6,5,1397.88,52.246,136420,5,1.07482
6,6,1492.33,52.246,136420,2,1.07482
6,1,988.046,116.35,692839,4,1.07482
6,2,1297.81,116.35,692839,5,1.07482
6,3,1372.17,116.35,692839,4,1.07482
6,4,1782.93,116.35,692839,4,1.07482
6,5,1977.74,116.35,692839,4,1.07482
6,6,2020.16,116.35,692839,7,1.07482
6,1,78.4474,39.267,187104,2,1.07482
6,2,314.531,39.267,187104,2,1.07482
6,3,531.541,39.267,187104,2,1.07482
6,4,1263.84,39.267,187104,6,1.07482
6,5,1322.5,39.267,187104,3,1.07482
6,6,1409.94,39.267,187104,8,1.07482
6,1,541.314,76.979,405066,2,1.07482
6,2,1160.86,76.979,405066,4,1.07482
6,3,1595.2,76.979,405066,5,1.07482
6,4,1746.04,76.979,405066,2,1.07482
6,5,1761.41,76.979,405066,3,1.07482
6,6,1771.02,76.979,405066,4,1.07482
6,1,561.258,36.718,259387,2,1.07482
6,2,703.191,36.718,259387,4,1.07482
6,3,948.076,36.718,259387,3,1.07482
6,4,1004.83,36.718,259387,3,1.07482
6,5,1107.72,36.718,259387,4,1.07482
6,6,1443.81,36.718,259387,3,1.07482
6,1,801.888,56.66,363449,2,1.07482
6,2,1110.6,56.66,363449,2,1.07482
6,3,1740.65,56.66,363449,3,1.07482
6,4,1776.44,56.66,363449,2,1.07482
6,5,1791.26,56.66,363449,3,1.07482
6,6,1823.03,56.66,363449,3,1.07482
6,1,532.483,44.44,128668,2,1.07482
6,2,586.901,44.44,128668,2,1.07482
6,3,918.73,44.44,128668,2,1.07482
6,4,933.737,44.44,128668,2,1.07482
6,5,1066.48,44.44,128668,2,1.07482
6,6,1636.14,44.44,128668,3,1.07482
6,1,1070.75,43.697,399584,3,1.07482
6,2,1167.42,43.697,399584,3,1.07482
6,3,1193.02,43.697,399584,3,1.07482
6,4,1287.71,43.697,399584,4,1.07482
6,5,1339.66,43.697,399584,3,1.07482
6,6,1350.81,43.697,399584,5,1.07482
6,1,551.45,72.245,636491,2,1.07482
6,2,1024.09,72.245,636491,2,1.07482
6,3,1484.07,72.245,636491,2,1.07482
6,4,1845.7,72.245,636491,4,1.07482
6,5,1885.39,72.245,636491,4,1.07482
6,6,1900.48,72.245,636491,5,1.07482
6,1,578.07,24.401,176645,2,1.07482
6,2,841.867,24.401,176645,2,1.07482
6,3,854.674,24.401,176645,2,1.07482
6,4,867.64,24.401,176645,2,1.07482
6,5,942.417,24.401,176645,2,1.07482
6,6,1008.96,24.401,176645,2,1.07482
6,1,1091.42,94.65,493583,3,1.07482
6,2,1234.87,94.65,493583,5,1.07482
6,3,1298.1,94.65,493583,4,1.07482
6,4,2062.72,94.65,493583,2,1.07482
6,5,2237.89,94.65,493583,2,1.07482
6,6,2252.65,94.65,493583,4,1.07482
6,1,142.201,46.129,167333,2,1.07482
6,2,522.078,46.129,167333,2,1.07482
6,3,692.038,46.129,167333,4,1.07482
6,4,1315.38,46.129,167333,3,1.07482
6,5,1789.21,46.129,167333,6,1.07482
6,6,1820.83,46.129,167333,4,1.07482
6,1,153.056,87.122,470733,2,1.07482
6,2,958.831,87.122,470733,2,1.07482
6,3,1534.23,87.122,470733,4,1.07482
6,4,1701.13,87.122,470733,3,1.07482
6,5,1959.34,87.122,470733,4,1.07482
6,6,2377.44,87.122,470733,4,1.07482
6,1,1171.21,57.386,247523,3,1.07482
6,2,1281.47,57.386,247523,2,1.07482
6,3,1407.99,57.386,247523,2,1.07482
6,4,1466.69,57.386,247523,2,1.07482
6,5,1564.35,57.386,247523,2,1.07482
6,6,1739.57,57.386,247523,2,1.07482
6,1,655.519,40.964,167370,2,1.07482
6,2,783.5,40.964,167370,3,1.07482
6,3,1224.03,40.964,167370,3,1.07482
6,4,1314.26,40.964,167370,3,1.07482
6,5,1383.69,40.964,167370,4,1.07482
6,6,1455.62,40.964,167370,3,1.07482
6,1,311.04,41.933,170334,2,1.07482
6,2,340.476,41.933,170334,2,1.07482
6,3,521.464,41.933,170334,2,1.07482
6,4,1142.73,41.933,170334,4,1.07482
6,5,1551.49,41.933,170334,2,1.07482
6,6,1576.1,41.933,170334,4,1.07482
6,1,173.902,23.372,108485,2,1.07482
6,2,292.385,23.372,108485,2,1.07482
6,3,384.44,23.372,108485,2,1.07482
6,4,866.361,23.372,108485,2,1.07482
6,5,1128.99,23.372,108485,3,1.07482
6,6,1282.66,23.372,108485,2,1.07482
6,1,331.186,43.576,285991,2,1.07482
6,2,577.382,43.576,285991,2,1.07482
6,3,653.625,43.576,285991,2,1.07482
6,4,1185.22,43.576,285991,2,1.07482
6,5,1312.98,43.576,285991,3,1.07482
6,6,1461.38,43.576,285991,3,1.07482
6,1,507.276,52.223,328752,3,1.07482
6,2,1226.29,52.223,328752,2,1.07482
6,3,1235.26,52.223,328752,3,1.07482
6,4,1579.26,52.223,328752,5,1.07482
6,5,1726.67,52.223,328752,4,1.07482
6,6,1757,52.223,328752,2,1.07482
6,1,1277.06,57.444,237009,4,1.07482
6,2,1326.58,57.444,237009,4,1.07482
6,3,1894.82,57.444,237009,3,1.07482
6,4,1934.86,57.444,237009,5,1.07482
6,5,2020.49,57.444,237009,3,1.07482
6,6,2068.26,57.444,237009,3,1.07482
6,1,101.868,42.529,236948,2,1.07482
6,2,143.951,42.529,236948,2,1.07482
6,3,264.594,42.529,236948,2,1.07482
6,4,373.202,42.529,236948,2,1.07482
6,5,1300.94,42.529,236948,4,1.07482
6,6,1533.15,42.529,236948,4,1.07482
6,1,1101.88,51.605,372610,2,1.07482
6,2,1152.29,51.605,372610,2,1.07482
6,3,1198.84,51.605,372610,5,1.07482
6,4,1388.71,51.605,372610,4,1.07482
6,5,1551.97,51.605,372610,3,1.07482
6,6,1574.45,51.605,372610,5,1.07482
6,1,827.716,38.399,249647,3,1.07482
6,2,880.6,38.399,249647,2,1.07482
6,3,938.97,38.399,249647,4,1.07482
6,4,1409.29,38.399,249647,2,1.07482
6,5,1554.29,38.399,249647,4,1.07482
6,6,1583.22,38.399,249647,4,1.07482
6,1,625.56,65.548,440467,3,1.07482
6,2,915.161,65.548,440467,3,1.07482
6,3,920.442,65.548,440467,3,1.07482
6,4,1430.92,65.548,440467,5,1.07482
6,5,1514.56,65.548,440467,4,1.07482
6,6,1812.68,65.548,440467,3,1.07482
6,1,326.386,143.724,375912,2,1.07482
6,2,732.417,143.724,375912,2,1.07482
6,3,1479.18,143.724,375912,3,1.07482
6,4,1701.78,143.724,375912,6,1.07482
6,5,2038.64,143.724,375912,6,1.07482
6,6,2048.56,143.724,375912,8,1.07482
6,1,536.034,40.185,191100,2,1.07482
6,2,947.874,40.185,191100,2,1.07482
6,3,984.798,40.185,191100,3,1.07482
6,4,1165.77,40.185,191100,3,1.07482
6,5,1219.83,40.185,191100,2,1.07482
6,6,1391.36,40.185,191100,3,1.07482
6,1,212.462,40.649,131769,2,1.07482
6,2,1009.04,40.649,131769,2,1.07482
6,3,1224.58,40.649,131769,2,1.07482
6,4,1331.79,40.649,131769,3,1.07482
6,5,1378.03,40.649,131769,2,1.07482
6,6,1561.86,40.649,131769,4,1.07482
6,1,170.038,46.636,332257,2,1.07482
6,2,190.379,46.636,332257,2,1.07482
6,3,778.329,46.636,332257,3,1.07482
6,4,1442.45,46.636,332257,4,1.07482
6,5,1847.76,46.636,332257,4,1.07482
6,6,1937.84,46.636,332257,3,1.07482
6,1,660.927,35.442,125748,2,1.07482
6,2,816.933,35.442,125748,3,1.07482
6,3,1117.98,35.442,125748,3,1.07482
6,4,1181.43,35.442,125748,3,1.07482
6,5,1204.35,35.442,125748,3,1.07482
6,6,1280.84,35.442,125748,4,1.07482
6,1,847.196,32.206,88242.3,2,1.07482
6,2,872.791,32.206,88242.3,2,1.07482
6,3,967.207,32.206,88242.3,2,1.07482
6,4,1160.02,32.206,88242.3,3,1.07482
6,5,1173.6,32.206,88242.3,2,1.07482
6,6,1227.46,32.206,88242.3,3,1.07482
6,1,142.215,82.641,176062,2,1.07482
6,2,320.408,82.641,176062,2,1.07482
6,3,1276.37,82.641,176062,3,1.07482
6,4,1288.4,82.641,176062,3,1.07482
6,5,1418.93,82.641,176062,4,1.07482
6,6,2003.23,82.641,176062,3,1.07482
6,1,745.773,49.77,194221,3,1.07482
6,2,905.468,49.77,194221,2,1.07482
6,3,907.93,49.77,194221,3,1.07482
6,4,1401.74,49.77,194221,3,1.07482
6,5,1405.93,49.77,194221,3,1.07482
6,6,1628.07,49.77,194221,3,1.07482
