K,order,dist,cost_ki,cost_edbt,vnum,density
9,1,316.891,74.887,321198,2,1.07482
9,2,422.907,74.887,321198,2,1.07482
9,3,751.326,74.887,321198,3,1.07482
9,4,801.395,74.887,321198,3,1.07482
9,5,828.571,74.887,321198,2,1.07482
9,6,975.27,74.887,321198,3,1.07482
9,7,1060.68,74.887,321198,4,1.07482
9,8,1379.27,74.887,321198,8,1.07482
9,9,1440.44,74.887,321198,4,1.07482
9,1,620.774,81.2,316244,3,1.07482
9,2,1230.51,81.2,316244,4,1.07482
9,3,1696.5,81.2,316244,4,1.07482
9,4,1751.97,81.2,316244,4,1.07482
9,5,1989.57,81.2,316244,3,1.07482
9,6,2108.39,81.2,316244,3,1.07482
9,7,2227.36,81.2,316244,3,1.07482
9,8,2284.44,81.2,316244,7,1.07482
9,9,2312.63,81.2,316244,5,1.07482
9,1,434.885,63.353,404991,2,1.07482
9,2,596.406,63.353,404991,2,1.07482
9,3,825.523,63.353,404991,3,1.07482
9,4,1141.58,63.353,404991,3,1.07482
9,5,1292.8,63.353,404991,6,1.07482
9,6,1471.78,63.353,404991,3,1.07482
9,7,1527.48,63.353,404991,3,1.07482
9,8,1589.1,63.353,404991,3,1.07482
9,9,1712.05,63.353,404991,3,1.07482
9,1,287.903,95.204,479675,2,1.07482
9,2,436.4,95.204,479675,2,1.07482
9,3,797.238,95.204,479675,3,1.07482
9,4,877.418,95.204,479675,3,1.07482
9,5,1473.07,95.204,479675,5,1.07482
9,6,1596.27,95.204,479675,3,1.07482
9,7,1603.41,95.204,479675,4,1.07482
9,8,1765.26,95.204,479675,4,1.07482
9,9,1816.03,95.204,479675,5,1.07482
9,1,533.241,67.624,391943,2,1.07482
9,2,548.625,67.624,391943,2,1.07482
9,3,841.666,67.624,391943,3,1.07482
9,4,1245.34,67.624,391943,5,1.07482
9,5,1435.02,67.624,391943,3,1.07482
9,6,1450,67.624,391943,4,1.07482
9,7,1731.35,67.624,391943,6,1.07482
9,8,1857.29,67.624,391943,7,1.07482
9,9,1872.98,67.624,391943,3,1.07482
9,1,195.88,34.175,269447,2,1.07482
9,2,724.589,34.175,269447,2,1.07482
9,3,987.536,34.175,269447,3,1.07482
9,4,1144.63,34.175,269447,4,1.07482
9,5,1166.57,34.175,269447,3,1.07482
9,6,1205.41,34.175,269447,3,1.07482
9,7,1445.21,34.175,269447,3,1.07482
9,8,1504.17,34.175,269447,3,1.07482
9,9,1511.64,34.175,269447,2,1.07482
9,1,997.126,54.958,291528,3,1.07482
9,2,1100.84,54.958,291528,3,1.07482
9,3,1378.2,54.958,291528,5,1.07482
9,4,1469.71,54.958,291528,3,1.07482
9,5,1471.4,54.958,291528,4,1.07482
9,6,1541.72,54.958,291528,3,1.07482
9,7,1655.52,54.958,291528,5,1.07482
9,8,1685.69,54.958,291528,4,1.07482
9,9,1710.55,54.958,291528,3,1.07482
9,1,229.993,63.934,444017,2,1.07482
9,2,816.018,63.934,444017,3,1.07482
9,3,1157.4,63.934,444017,3,1.07482
9,4,1553.35,63.934,444017,4,1.07482
9,5,1763.01,63.934,444017,4,1.07482
9,6,1810.63,63.934,444017,4,1.07482
9,7,1830.29,63.934,444017,2,1.07482
9,8,2000.08,63.934,444017,3,1.07482
9,9,2041.73,63.934,444017,5,1.07482
9,1,1080.93,96.764,589661,2,1.07482
9,2,1293.35,96.764,589661,4,1.07482
9,3,1315.08,96.764,589661,4,1.07482
9,4,1322.89,96.764,589661,3,1.07482
9,5,1503.6,96.764,589661,4,1.07482
9,6,1704.46,96.764,589661,4,1.07482
9,7,1787.36,96.764,589661,4,1.07482
9,8,1871.94,96.764,589661,3,1.07482
9,9,2241.45,96.764,589661,3,1.07482
9,1,311.006,64.847,526484,2,1.07482
9,2,612.092,64.847,526484,2,1.07482
9,3,817.729,64.847,526484,2,1.07482
9,4,1177.03,64.847,526484,3,1.07482
9,5,1305.81,64.847,526484,2,1.07482
9,6,1319.68,64.847,526484,3,1.07482
9,7,1448.46,64.847,526484,3,1.07482
9,8,1475.48,64.847,526484,3,1.07482
9,9,1722.3,64.847,526484,3,1.07482
9,1,519.442,55.338,351860,3,1.07482
9,2,625.447,55.338,351860,3,1.07482
9,3,761.915,55.338,351860,3,1.07482
9,4,1059,55.338,351860,2,1.07482
9,5,1359.97,55.338,351860,4,1.07482
9,6,1491.17,55.338,351860,9,1.07482
9,7,1500.19,55.338,351860,4,1.07482
9,8,1676.32,55.338,351860,4,1.07482
9,9,1720.25,55.338,351860,5,1.07482
9,1,393.6,39.668,249965,2,1.07482
9,2,622.653,39.668,249965,2,1.07482
9,3,651.31,39.668,249965,2,1.07482
9,4,764.232,39.668,249965,2,1.07482
9,5,802.108,39.668,249965,3,1.07482
9,6,829.277,39.668,249965,2,1.07482
9,7,1242.92,39.668,249965,2,1.07482
9,8,1798.44,39.668,249965,6,1.07482
9,9,1809.32,39.668,249965,3,1.07482
9,1,292.37,70.914,444486,2,1.07482
9,2,1109.65,70.914,444486,3,1.07482
9,3,1184.65,70.914,444486,3,1.07482
9,4,1728.46,70.914,444486,3,1.07482
9,5,1890.56,70.914,444486,4,1.07482
9,6,1891.05,70.914,444486,3,1.07482
9,7,1893.9,70.914,444486,3,1.07482
9,8,1943.09,70.914,444486,2,1.07482
9,9,2184.52,70.914,444486,3,1.07482
9,1,390.579,70.358,743956,2,1.07482
9,2,594.289,70.358,743956,3,1.07482
9,3,828.17,70.358,743956,3,1.07482
9,4,836.436,70.358,743956,2,1.07482
9,5,964.544,70.358,743956,3,1.07482
9,6,1008.71,70.358,743956,4,1.07482
9,7,1730.24,70.358,743956,3,1.07482
9,8,1885.71,70.358,743956,5,1.07482
9,9,2006.36,70.358,743956,4,1.07482
9,1,879.574,71.984,506684,2,1.07482
9,2,906.58,71.984,506684,2,1.07482
9,3,1045.25,71.984,506684,2,1.07482
9,4,1213.12,71.984,506684,3,1.07482
9,5,1309.31,71.984,506684,3,1.07482
9,6,1350.03,71.984,506684,5,1.07482
9,7,1602.47,71.984,506684,3,1.07482
9,8,1998.33,71.984,506684,3,1.07482
9,9,2099.91,71.984,506684,4,1.07482
9,1,852.101,96.642,1.03665e+06,3,1.07482
9,2,1424.17,96.642,1.03665e+06,3,1.07482
9,3,1572.25,96.642,1.03665e+06,4,1.07482
9,4,2044.52,96.642,1.03665e+06,5,1.07482
9,5,2125.23,96.642,1.03665e+06,4,1.07482
9,6,2385.96,96.642,1.03665e+06,3,1.07482
9,7,2468.52,96.642,1.03665e+06,5,1.07482
9,8,2470.95,96.642,1.03665e+06,6,1.07482
9,9,2496.54,96.642,1.03665e+06,4,1.07482
9,1,496.445,69.473,463980,2,1.07482
9,2,1504.59,69.473,463980,4,1.07482
9,3,1520.18,69.473,463980,3,1.07482
9,4,1672.35,69.473,463980,4,1.07482
9,5,1732.21,69.473,463980,4,1.07482
9,6,1874.5,69.473,463980,3,1.07482
9,7,2146.47,69.473,463980,6,1.07482
9,8,2245.84,69.473,463980,4,1.07482
9,9,2278.74,69.473,463980,6,1.07482
9,1,373.005,140.021,1.09353e+06,2,1.07482
9,2,1307.5,140.021,1.09353e+06,2,1.07482
9,3,1344.93,140.021,1.09353e+06,4,1.07482
9,4,1487.17,140.021,1.09353e+06,2,1.07482
9,5,1851.19,140.021,1.09353e+06,3,1.07482
9,6,1964.65,140.021,1.09353e+06,5,1.07482
9,7,2045.7,140.021,1.09353e+06,4,1.07482
9,8,2180.18,140.021,1.09353e+06,2,1.07482
9,9,2857.27,140.021,1.09353e+06,6,1.07482
9,1,97.5295,21.119,244178,2,1.07482
9,2,249.05,21.119,244178,2,1.07482
9,3,470.162,21.119,244178,3,1.07482
9,4,494.016,21.119,244178,2,1.07482
9,5,528.169,21.119,244178,2,1.07482
9,6,930.435,21.119,244178,2,1.07482
9,7,1022.96,21.119,244178,2,1.07482
9,8,1033.31,21.119,244178,8,1.07482
9,9,1217.24,21.119,244178,2,1.07482
9,1,862.266,91.481,816657,3,1.07482
9,2,1213.5,91.481,816657,3,1.07482
9,3,1319.55,91.481,816657,3,1.07482
9,4,1671.64,91.481,816657,3,1.07482
9,5,2071.27,91.481,816657,4,1.07482
9,6,2079.98,91.481,816657,4,1.07482
9,7,2163.66,91.481,816657,4,1.07482
9,8,2362.33,91.481,816657,4,1.07482
9,9,2508.24,91.481,816657,5,1.07482
9,1,733.134,119.453,730867,2,1.07482
9,2,924.754,119.453,730867,2,1.07482
9,3,969.157,119.453,730867,2,1.07482
9,4,1193.35,119.453,730867,4,1.07482
9,5,1226.62,119.453,730867,2,1.07482
9,6,1394.63,119.453,730867,3,1.07482
9,7,1636.97,119.453,730867,4,1.07482
9,8,1828.02,119.453,730867,2,1.07482
9,9,1918.85,119.453,730867,5,1.07482
9,1,457.578,55.493,442064,2,1.07482
9,2,726.811,55.493,442064,3,1.07482
9,3,1124.82,55.493,442064,5,1.07482
9,4,1431.85,55.493,442064,4,1.07482
9,5,1482.04,55.493,442064,4,1.07482
9,6,1640.56,55.493,442064,2,1.07482
9,7,1651.26,55.493,442064,3,1.07482
9,8,1676.74,55.493,442064,3,1.07482
9,9,1722.34,55.493,442064,4,1.07482
9,1,1037.25,60.235,154389,2,1.07482
9,2,1080.68,60.235,154389,5,1.07482
9,3,1261.8,60.235,154389,2,1.07482
9,4,1516.35,60.235,154389,2,1.07482
9,5,1550.72,60.235,154389,7,1.07482
9,6,1655.43,60.235,154389,6,1.07482
9,7,1681.88,60.235,154389,3,1.07482
9,8,1783.1,60.235,154389,5,1.07482
9,9,1880.48,60.235,154389,3,1.07482
9,1,1526.11,96.267,2.27387e+06,7,1.07482
9,2,1531.9,96.267,2.27387e+06,3,1.07482
9,3,1648.76,96.267,2.27387e+06,3,1.07482
9,4,1664.03,96.267,2.27387e+06,3,1.07482
9,5,1743.97,96.267,2.27387e+06,2,1.07482
9,6,1902.78,96.267,2.27387e+06,5,1.07482
9,7,1929.64,96.267,2.27387e+06,5,1.07482
9,8,1987.05,96.267,2.27387e+06,4,1.07482
9,9,2111.87,96.267,2.27387e+06,5,1.07482
9,1,487.469,109.702,920534,2,1.07482
9,2,544.232,109.702,920534,2,1.07482
9,3,1093.52,109.702,920534,2,1.07482
9,4,1684.63,109.702,920534,5,1.07482
9,5,1977.78,109.702,920534,3,1.07482
9,6,2008.56,109.702,920534,3,1.07482
9,7,2250.29,109.702,920534,6,1.07482
9,8,2378.8,109.702,920534,4,1.07482
9,9,2629.37,109.702,920534,6,1.07482
9,1,364.117,71.991,502391,2,1.07482
9,2,1240.88,71.991,502391,4,1.07482
9,3,1347.18,71.991,502391,4,1.07482
9,4,1463.66,71.991,502391,3,1.07482
9,5,1635.58,71.991,502391,4,1.07482
9,6,1841.39,71.991,502391,4,1.07482
9,7,2053.2,71.991,502391,3,1.07482
9,8,2213.02,71.991,502391,6,1.07482
9,9,2224.38,71.991,502391,4,1.07482
9,1,581.997,58.282,506712,2,1.07482
9,2,657.822,58.282,506712,2,1.07482
9,3,959.984,58.282,506712,3,1.07482
9,4,1063.01,58.282,506712,2,1.07482
9,5,1212.68,58.282,506712,3,1.07482
9,6,1249.15,58.282,506712,2,1.07482
9,7,1360.44,58.282,506712,3,1.07482
9,8,1521.95,58.282,506712,3,1.07482
9,9,1580.33,58.282,506712,4,1.07482
9,1,141.947,79.541,546943,2,1.07482
9,2,213.616,79.541,546943,4,1.07482
9,3,604.257,79.541,546943,3,1.07482
9,4,711.52,79.541,546943,5,1.07482
9,5,720.325,79.541,546943,6,1.07482
9,6,1692.13,79.541,546943,2,1.07482
9,7,1924.4,79.541,546943,7,1.07482
9,8,2084.54,79.541,546943,3,1.07482
9,9,2150.08,79.541,546943,4,1.07482
9,1,686.385,94.039,503236,2,1.07482
9,2,744.541,94.039,503236,2,1.07482
9,3,1118.31,94.039,503236,4,1.07482
9,4,1357.34,94.039,503236,3,1.07482
9,5,1900.16,94.039,503236,6,1.07482
9,6,2084.15,94.039,503236,3,1.07482
9,7,2165.48,94.039,503236,4,1.07482
9,8,2190.33,94.039,503236,6,1.07482
9,9,2197.27,94.039,503236,3,1.07482
9,1,159.615,45.68,212047,2,1.07482
9,2,271.662,45.68,212047,2,1.07482
9,3,845.211,45.68,212047,3,1.07482
9,4,887.11,45.68,212047,3,1.07482
9,5,895.689,45.68,212047,4,1.07482
9,6,1157.02,45.68,212047,4,1.07482
9,7,1374.03,45.68,212047,4,1.07482
9,8,1622.35,45.68,212047,3,1.07482
9,9,1825.09,45.68,212047,4,1.07482
9,1,146.185,74.712,433618,2,1.07482
9,2,364.984,74.712,433618,2,1.07482
9,3,435.95,74.712,433618,2,1.07482
9,4,673.393,74.712,433618,2,1.07482
9,5,992.763,74.712,433618,4,1.07482
9,6,1762.4,74.712,433618,3,1.07482
9,7,1898.99,74.712,433618,7,1.07482
9,8,1922.48,74.712,433618,4,1.07482
9,9,2099.09,74.712,433618,3,1.07482
9,1,299.187,65.351,543556,2,1.07482
9,2,563.432,65.351,543556,2,1.07482
9,3,591.849,65.351,543556,2,1.07482
9,4,658.141,65.351,543556,4,1.07482
9,5,854.002,65.351,543556,2,1.07482
9,6,947.521,65.351,543556,4,1.07482
9,7,1038.83,65.351,543556,3,1.07482
9,8,1317.89,65.351,543556,4,1.07482
9,9,1720.55,65.351,543556,5,1.07482
9,1,373.591,57.753,248644,2,1.07482
9,2,589.062,57.753,248644,2,1.07482
9,3,1069.4,57.753,248644,3,1.07482
9,4,1079.93,57.753,248644,3,1.07482
9,5,1466.75,57.753,248644,4,1.07482
9,6,1543.91,57.753,248644,5,1.07482
9,7,1640.98,57.753,248644,2,1.07482
9,8,1662.01,57.753,248644,2,1.07482
9,9,1947.31,57.753,248644,4,1.07482
9,1,314.746,123.846,1.75359e+06,2,1.07482
9,2,686.112,123.846,1.75359e+06,2,1.07482
9,3,926.849,123.846,1.75359e+06,2,1.07482
9,4,1201.8,123.846,1.75359e+06,3,1.07482
9,5,1364.75,123.846,1.75359e+06,3,1.07482
9,6,1576.67,123.846,1.75359e+06,3,1.07482
9,7,1979.92,123.846,1.75359e+06,5,1.07482
9,8,2200.9,123.846,1.75359e+06,5,1.07482
9,9,2414.95,123.846,1.75359e+06,8,1.07482
9,1,319.356,55.188,494174,2,1.07482
9,2,964.922,55.188,494174,4,1.07482
9,3,1113.99,55.188,494174,3,1.07482
9,4,1140.51,55.188,494174,2,1.07482
9,5,1165.77,55.188,494174,3,1.07482
9,6,1270.5,55.188,494174,2,1.07482
9,7,1484.3,55.188,494174,2,1.07482
9,8,1573.01,55.188,494174,2,1.07482
9,9,1745.4,55.188,494174,4,1.07482
9,1,642.701,54.351,411688,2,1.07482
9,2,832.646,54.351,411688,3,1.07482
9,3,893.526,54.351,411688,3,1.07482
9,4,1049.59,54.351,411688,3,1.07482
9,5,1087.23,54.351,411688,3,1.07482
9,6,1145.4,54.351,411688,3,1.07482
9,7,1526.28,54.351,411688,3,1.07482
9,8,1694.92,54.351,411688,5,1.07482
9,9,1933.61,54.351,411688,4,1.07482
9,1,651.549,58.523,555544,2,1.07482
9,2,738.386,58.523,555544,3,1.07482
9,3,844.076,58.523,555544,2,1.07482
9,4,944.378,58.523,555544,2,1.07482
9,5,1030.16,58.523,555544,2,1.07482
9,6,1281.2,58.523,555544,3,1.07482
9,7,1339.92,58.523,555544,3,1.07482
9,8,1667.53,58.523,555544,3,1.07482
9,9,1757.1,58.523,555544,4,1.07482
9,1,436.606,53.285,290206,2,1.07482
9,2,577.139,53.285,290206,2,1.07482
9,3,1085.42,53.285,290206,2,1.07482
9,4,1287.83,53.285,290206,3,1.07482
9,5,1642.45,53.285,290206,4,1.07482
9,6,1807.63,53.285,290206,4,1.07482
9,7,1822.95,53.285,290206,4,1.07482
9,8,1953.48,53.285,290206,3,1.07482
9,9,2008.25,53.285,290206,3,1.07482
9,1,803.309,66.217,417025,3,1.07482
9,2,1242.31,66.217,417025,3,1.07482
9,3,1254.7,66.217,417025,3,1.07482
9,4,1433.58,66.217,417025,3,1.07482
9,5,1489.51,66.217,417025,3,1.07482
9,6,1561,66.217,417025,4,1.07482
9,7,1610.15,66.217,417025,3,1.07482
9,8,1733.9,66.217,417025,2,1.07482
9,9,1795.26,66.217,417025,3,1.07482
9,1,249.69,85.995,822268,2,1.07482
9,2,1299.36,85.995,822268,3,1.07482
9,3,1386.39,85.995,822268,3,1.07482
9,4,1493.73,85.995,822268,5,1.07482
9,5,1554.01,85.995,822268,4,1.07482
9,6,1650.35,85.995,822268,3,1.07482
9,7,1972.25,85.995,822268,4,1.07482
9,8,2027.68,85.995,822268,3,1.07482
9,9,2072.75,85.995,822268,4,1.07482
9,1,540.37,29.714,132295,2,1.07482
9,2,731.154,29.714,132295,2,1.07482
9,3,1163.25,29.714,132295,2,1.07482
9,4,1211.53,29.714,132295,3,1.07482
9,5,1257.49,29.714,132295,3,1.07482
9,6,1311.28,29.714,132295,2,1.07482
9,7,1421.09,29.714,132295,2,1.07482
9,8,1465,29.714,132295,2,1.07482
9,9,1602.88,29.714,132295,2,1.07482
9,1,239.727,117.711,1.36187e+06,2,1.07482
9,2,1119.4,117.711,1.36187e+06,2,1.07482
9,3,1274.81,117.711,1.36187e+06,4,1.07482
9,4,1469.01,117.711,1.36187e+06,4,1.07482
9,5,1537,117.711,1.36187e+06,4,1.07482
9,6,1843.81,117.711,1.36187e+06,4,1.07482
9,7,1929.29,117.711,1.36187e+06,3,1.07482
9,8,2099,117.711,1.36187e+06,6,1.07482
9,9,2545.92,117.711,1.36187e+06,6,1.07482
9,1,835.395,71.979,468049,2,1.07482
9,2,862.963,71.979,468049,2,1.07482
9,3,1175.33,71.979,468049,4,1.07482
9,4,1310.43,71.979,468049,4,1.07482
9,5,1456.91,71.979,468049,4,1.07482
9,6,1511.32,71.979,468049,4,1.07482
9,7,1595.09,71.979,468049,3,1.07482
9,8,2044.89,71.979,468049,3,1.07482
9,9,2121.17,71.979,468049,5,1.07482
9,1,633.06,56.106,293471,2,1.07482
9,2,639.2,56.106,293471,2,1.07482
9,3,926.115,56.106,293471,4,1.07482
9,4,1078.47,56.106,293471,2,1.07482
9,5,1215.75,56.106,293471,3,1.07482
9,6,1364.12,56.106,293471,2,1.07482
9,7,1479.63,56.106,293471,3,1.07482
9,8,1625.01,56.106,293471,5,1.07482
9,9,1723.39,56.106,293471,2,1.07482
9,1,362.581,67.85,588723,2,1.07482
9,2,1323.93,67.85,588723,2,1.07482
9,3,1358.13,67.85,588723,2,1.07482
9,4,1469.22,67.85,588723,3,1.07482
9,5,1631.81,67.85,588723,3,1.07482
9,6,1696.28,67.85,588723,4,1.07482
9,7,1706.31,67.85,588723,4,1.07482
9,8,1898.67,67.85,588723,6,1.07482
9,9,2114.58,67.85,588723,4,1.07482
9,1,602.565,92.783,766103,2,1.07482
9,2,892.504,92.783,766103,3,1.07482
9,3,1442.75,92.783,766103,5,1.07482
9,4,1602.74,92.783,766103,4,1.07482
9,5,1980.91,92.783,766103,3,1.07482
9,6,2056.97,92.783,766103,3,1.07482
9,7,2083.55,92.783,766103,4,1.07482
9,8,2244.74,92.783,766103,4,1.07482
9,9,2253.04,92.783,766103,4,1.07482
9,1,53.3385,58.682,507262,2,1.07482
9,2,887.011,58.682,507262,3,1.07482
9,3,1020.9,58.682,507262,3,1.07482
9,4,1060.72,58.682,507262,4,1.07482
9,5,1242.27,58.682,507262,4,1.07482
9,6,1571.68,58.682,507262,4,1.07482
9,7,1577.12,58.682,507262,3,1.07482
9,8,1800.9,58.682,507262,5,1.07482
9,9,1941.23,58.682,507262,3,1.07482
9,1,1104.51,170.928,635119,3,1.07482
9,2,1503.26,170.928,635119,3,1.07482
9,3,1653.42,170.928,635119,7,1.07482
9,4,1829.94,170.928,635119,4,1.07482
9,5,2199.95,170.928,635119,4,1.07482
9,6,2350.96,170.928,635119,5,1.07482
9,7,2408.78,170.928,635119,7,1.07482
9,8,2468.64,170.928,635119,4,1.07482
9,9,2533.2,170.928,635119,5,1.07482
9,1,495.025,192.179,1.00451e+06,2,1.07482
9,2,958.748,192.179,1.00451e+06,2,1.07482
9,3,1217.54,192.179,1.00451e+06,2,1.07482
9,4,1280.11,192.179,1.00451e+06,2,1.07482
9,5,2030.56,192.179,1.00451e+06,3,1.07482
9,6,2265.39,192.179,1.00451e+06,3,1.07482
9,7,2429.72,192.179,1.00451e+06,3,1.07482
9,8,3034.93,192.179,1.00451e+06,5,1.07482
9,9,3193.97,192.179,1.00451e+06,4,1.07482
9,1,418.703,84.355,1.4756e+06,3,1.07482
9,2,704.557,84.355,1.4756e+06,2,1.07482
9,3,1530.57,84.355,1.4756e+06,4,1.07482
9,4,1649.72,84.355,1.4756e+06,5,1.07482
9,5,1680.52,84.355,1.4756e+06,4,1.07482
9,6,1809.78,84.355,1.4756e+06,2,1.07482
9,7,1884.64,84.355,1.4756e+06,3,1.07482
9,8,2259.83,84.355,1.4756e+06,4,1.07482
9,9,2269.06,84.355,1.4756e+06,8,1.07482
9,1,134.536,55.298,695930,2,1.07482
9,2,254.578,55.298,695930,2,1.07482
9,3,1152.07,55.298,695930,5,1.07482
9,4,1159.43,55.298,695930,10,1.07482
9,5,1361.91,55.298,695930,5,1.07482
9,6,1398.15,55.298,695930,3,1.07482
9,7,1570.05,55.298,695930,10,1.07482
9,8,1629.62,55.298,695930,3,1.07482
9,9,1661.62,55.298,695930,6,1.07482
9,1,591.927,100.791,608004,2,1.07482
9,2,1021.5,100.791,608004,2,1.07482
9,3,1321.44,100.791,608004,3,1.07482
9,4,1485.88,100.791,608004,3,1.07482
9,5,1520.03,100.791,608004,4,1.07482
9,6,1794.67,100.791,608004,4,1.07482
9,7,2144.61,100.791,608004,3,1.07482
9,8,2349.3,100.791,608004,2,1.07482
9,9,2445.64,100.791,608004,4,1.07482
9,1,546.646,63.615,588804,3,1.07482
9,2,740.271,63.615,588804,2,1.07482
9,3,752.294,63.615,588804,3,1.07482
9,4,1062.3,63.615,588804,3,1.07482
9,5,1228.25,63.615,588804,5,1.07482
9,6,1589.78,63.615,588804,5,1.07482
9,7,1765.68,63.615,588804,6,1.07482
9,8,1776.53,63.615,588804,4,1.07482
9,9,1897.19,63.615,588804,4,1.07482
9,1,260.309,146.349,1.04447e+06,2,1.07482
9,2,1202.11,146.349,1.04447e+06,3,1.07482
9,3,1252.35,146.349,1.04447e+06,5,1.07482
9,4,1620.51,146.349,1.04447e+06,2,1.07482
9,5,1872.07,146.349,1.04447e+06,6,1.07482
9,6,1971.06,146.349,1.04447e+06,4,1.07482
9,7,2206.43,146.349,1.04447e+06,4,1.07482
9,8,2300.19,146.349,1.04447e+06,4,1.07482
9,9,2940.08,146.349,1.04447e+06,6,1.07482
9,1,193.541,86.386,316920,2,1.07482
9,2,1212.74,86.386,316920,2,1.07482
9,3,1429.72,86.386,316920,2,1.07482
9,4,1488.28,86.386,316920,4,1.07482
9,5,1764.8,86.386,316920,5,1.07482
9,6,1787.72,86.386,316920,4,1.07482
9,7,1840.21,86.386,316920,4,1.07482
9,8,1861.66,86.386,316920,6,1.07482
9,9,1915.24,86.386,316920,5,1.07482
9,1,1026.54,44.482,303021,3,1.07482
9,2,1307.01,44.482,303021,2,1.07482
9,3,1359.24,44.482,303021,2,1.07482
9,4,1439.73,44.482,303021,3,1.07482
9,5,1451.82,44.482,303021,2,1.07482
9,6,1509.33,44.482,303021,3,1.07482
9,7,1659.9,44.482,303021,2,1.07482
9,8,1710.03,44.482,303021,4,1.07482
9,9,1854.13,44.482,303021,2,1.07482
9,1,534.195,99.396,828270,2,1.07482
9,2,845.306,99.396,828270,3,1.07482
9,3,1014.26,99.396,828270,3,1.07482
9,4,1564.8,99.396,828270,4,1.07482
9,5,1594.43,99.396,828270,4,1.07482
9,6,1696.62,99.396,828270,4,1.07482
9,7,1846.58,99.396,828270,6,1.07482
9,8,2022.71,99.396,828270,5,1.07482
9,9,2050.63,99.396,828270,7,1.07482
9,1,652.384,166.115,1.45072e+06,2,1.07482
9,2,666.997,166.115,1.45072e+06,3,1.07482
9,3,1255.85,166.115,1.45072e+06,3,1.07482
9,4,1540.4,166.115,1.45072e+06,5,1.07482
9,5,1635.88,166.115,1.45072e+06,3,1.07482
9,6,2009.03,166.115,1.45072e+06,11,1.07482
9,7,2045.79,166.115,1.45072e+06,3,1.07482
9,8,2111.11,166.115,1.45072e+06,5,1.07482
9,9,2213.51,166.115,1.45072e+06,5,1.07482
9,1,30.8869,71.679,514760,2,1.07482
9,2,732.191,71.679,514760,3,1.07482
9,3,1174.81,71.679,514760,4,1.07482
9,4,1469.85,71.679,514760,4,1.07482
9,5,1771.94,71.679,514760,4,1.07482
9,6,2027.17,71.679,514760,4,1.07482
9,7,2133.98,71.679,514760,4,1.07482
9,8,2303.1,71.679,514760,6,1.07482
9,9,2366.36,71.679,514760,4,1.07482
9,1,182.275,116.721,551591,2,1.07482
9,2,1172.4,116.721,551591,4,1.07482
9,3,1188.62,116.721,551591,4,1.07482
9,4,1331.4,116.721,551591,2,1.07482
9,5,1635.62,116.721,551591,3,1.07482
9,6,1884.18,116.721,551591,4,1.07482
9,7,1925.8,116.721,551591,3,1.07482
9,8,2169.05,116.721,551591,5,1.07482
9,9,2371.37,116.721,551591,4,1.07482
9,1,293.164,198.951,982834,2,1.07482
9,2,1606.12,198.951,982834,3,1.07482
9,3,2146.76,198.951,982834,3,1.07482
9,4,2267.43,198.951,982834,5,1.07482
9,5,2341.93,198.951,982834,5,1.07482
9,6,2488.09,198.951,982834,3,1.07482
9,7,2488.29,198.951,982834,6,1.07482
9,8,2491.88,198.951,982834,3,1.07482
9,9,2556.49,198.951,982834,3,1.07482
9,1,439.847,96.507,615953,2,1.07482
9,2,1342.64,96.507,615953,3,1.07482
9,3,1690.03,96.507,615953,3,1.07482
9,4,1691.85,96.507,615953,3,1.07482
9,5,1787.19,96.507,615953,3,1.07482
9,6,2150.04,96.507,615953,3,1.07482
9,7,2173.47,96.507,615953,3,1.07482
9,8,2335.65,96.507,615953,4,1.07482
9,9,2380.79,96.507,615953,4,1.07482
9,1,722.119,115.038,602436,3,1.07482
9,2,1063.39,115.038,602436,2,1.07482
9,3,1354.68,115.038,602436,3,1.07482
9,4,1506.52,115.038,602436,3,1.07482
9,5,1875.59,115.038,602436,3,1.07482
9,6,2236.13,115.038,602436,5,1.07482
9,7,2355.37,115.038,602436,3,1.07482
9,8,2453.01,115.038,602436,2,1.07482
9,9,2475.74,115.038,602436,5,1.07482
9,1,1109.77,119.028,470052,2,1.07482
9,2,1351.3,119.028,470052,4,1.07482
9,3,1425.2,119.028,470052,3,1.07482
9,4,1446.33,119.028,470052,4,1.07482
9,5,1631.08,119.028,470052,3,1.07482
9,6,2186.3,119.028,470052,4,1.07482
9,7,2306.95,119.028,470052,4,1.07482
9,8,2359.26,119.028,470052,4,1.07482
9,9,2393.22,119.028,470052,5,1.07482
9,1,234.077,62.651,836335,2,1.07482
9,2,739.402,62.651,836335,3,1.07482
9,3,1283.51,62.651,836335,2,1.07482
9,4,1348.23,62.651,836335,3,1.07482
9,5,1354.26,62.651,836335,3,1.07482
9,6,1514,62.651,836335,2,1.07482
9,7,1616.24,62.651,836335,3,1.07482
9,8,1650.24,62.651,836335,2,1.07482
9,9,1875.36,62.651,836335,6,1.07482
9,1,1248.61,88.771,416026,2,1.07482
9,2,1295.86,88.771,416026,4,1.07482
9,3,1304.32,88.771,416026,2,1.07482
9,4,1535.76,88.771,416026,3,1.07482
9,5,1843.95,88.771,416026,4,1.07482
9,6,1853.27,88.771,416026,3,1.07482
9,7,2014.62,88.771,416026,4,1.07482
9,8,2104.45,88.771,416026,3,1.07482
9,9,2186.34,88.771,416026,4,1.07482
9,1,1109.27,63.816,497186,3,1.07482
9,2,1557.83,63.816,497186,4,1.07482
9,3,1675.09,63.816,497186,3,1.07482
9,4,1695.16,63.816,497186,4,1.07482
9,5,1728.94,63.816,497186,4,1.07482
9,6,1790.78,63.816,497186,4,1.07482
9,7,1978.2,63.816,497186,5,1.07482
9,8,2117.58,63.816,497186,4,1.07482
9,9,2131.46,63.816,497186,5,1.07482
9,1,170.426,151.923,1.01911e+06,2,1.07482
9,2,350.635,151.923,1.01911e+06,4,1.07482
9,3,702.058,151.923,1.01911e+06,2,1.07482
9,4,993.996,151.923,1.01911e+06,3,1.07482
9,5,1099.85,151.923,1.01911e+06,2,1.07482
9,6,1554.97,151.923,1.01911e+06,2,1.07482
9,7,1819.47,151.923,1.01911e+06,4,1.07482
9,8,2559.56,151.923,1.01911e+06,5,1.07482
9,9,2563.44,151.923,1.01911e+06,4,1.07482
9,1,471.858,75.406,653070,2,1.07482
9,2,1239,75.406,653070,2,1.07482
9,3,1431.79,75.406,653070,2,1.07482
9,4,1575.44,75.406,653070,3,1.07482
9,5,1610.25,75.406,653070,4,1.07482
9,6,2067.13,75.406,653070,4,1.07482
9,7,2111.46,75.406,653070,3,1.07482
9,8,2181.56,75.406,653070,3,1.07482
9,9,2219.37,75.406,653070,3,1.07482
9,1,461.703,74.717,514434,2,1.07482
9,2,606.44,74.717,514434,2,1.07482
9,3,939.453,74.717,514434,4,1.07482
9,4,1110.65,74.717,514434,4,1.07482
9,5,1445.84,74.717,514434,4,1.07482
9,6,1585.77,74.717,514434,4,1.07482
9,7,1636.01,74.717,514434,4,1.07482
9,8,1642.78,74.717,514434,4,1.07482
9,9,1835.19,74.717,514434,4,1.07482
9,1,223.143,50.303,1.2242e+06,2,1.07482
9,2,323.878,50.303,1.2242e+06,2,1.07482
9,3,461.686,50.303,1.2242e+06,2,1.07482
9,4,597.127,50.303,1.2242e+06,2,1.07482
9,5,737.512,50.303,1.2242e+06,2,1.07482
9,6,1134.63,50.303,1.2242e+06,2,1.07482
9,7,1138.09,50.303,1.2242e+06,5,1.07482
9,8,1234.4,50.303,1.2242e+06,2,1.07482
9,9,1604.31,50.303,1.2242e+06,4,1.07482
9,1,870.418,81.537,598073,3,1.07482
9,2,1092.36,81.537,598073,2,1.07482
9,3,1093.86,81.537,598073,2,1.07482
9,4,1647.86,81.537,598073,6,1.07482
9,5,1671.99,81.537,598073,4,1.07482
9,6,1772.48,81.537,598073,3,1.07482
9,7,2015.43,81.537,598073,4,1.07482
9,8,2056.23,81.537,598073,4,1.07482
9,9,2195.49,81.537,598073,5,1.07482
9,1,276.279,35.337,290600,2,1.07482
9,2,579.077,35.337,290600,2,1.07482
9,3,589.434,35.337,290600,2,1.07482
9,4,663.596,35.337,290600,2,1.07482
9,5,812.252,35.337,290600,2,1.07482
9,6,988.822,35.337,290600,2,1.07482
9,7,1036.54,35.337,290600,2,1.07482
9,8,1251.37,35.337,290600,2,1.07482
9,9,1457.74,35.337,290600,4,1.07482
9,1,259.384,33.069,479413,2,1.07482
9,2,704.312,33.069,479413,4,1.07482
9,3,964.196,33.069,479413,2,1.07482
9,4,998.221,33.069,479413,2,1.07482
9,5,1014.92,33.069,479413,3,1.07482
9,6,1365.2,33.069,479413,2,1.07482
9,7,1510.29,33.069,479413,4,1.07482
9,8,1522.47,33.069,479413,3,1.07482
9,9,1560.67,33.069,479413,2,1.07482
9,1,760.419,95.115,629098,6,1.07482
9,2,1634.27,95.115,629098,3,1.07482
9,3,1911.56,95.115,629098,6,1.07482
9,4,1946.27,95.115,629098,3,1.07482
9,5,2106.04,95.115,629098,5,1.07482
9,6,2411.79,95.115,629098,6,1.07482
9,7,2422.43,95.115,629098,3,1.07482
9,8,2444.54,95.115,629098,6,1.07482
9,9,2968.47,95.115,629098,6,1.07482
9,1,117.047,120.923,496832,2,1.07482
9,2,477.98,120.923,496832,2,1.07482
9,3,677.224,120.923,496832,2,1.07482
9,4,1175.89,120.923,496832,3,1.07482
9,5,1192.4,120.923,496832,3,1.07482
9,6,1238.31,120.923,496832,3,1.07482
9,7,1257.91,120.923,496832,3,1.07482
9,8,1489.39,120.923,496832,7,1.07482
9,9,1607.4,120.923,496832,4,1.07482
9,1,277.498,74.405,951094,2,1.07482
9,2,694.212,74.405,951094,2,1.07482
9,3,857.84,74.405,951094,2,1.07482
9,4,923.366,74.405,951094,2,1.07482
9,5,1044.23,74.405,951094,3,1.07482
9,6,1426.12,74.405,951094,5,1.07482
9,7,1550.75,74.405,951094,5,1.07482
9,8,1809.34,74.405,951094,4,1.07482
9,9,1920.06,74.405,951094,4,1.07482
9,1,151.822,66.395,348458,2,1.07482
9,2,579.557,66.395,348458,3,1.07482
9,3,671.574,66.395,348458,3,1.07482
9,4,690.432,66.395,348458,3,1.07482
9,5,704.169,66.395,348458,3,1.07482
9,6,1101.17,66.395,348458,3,1.07482
9,7,1170,66.395,348458,3,1.07482
9,8,1392.35,66.395,348458,3,1.07482
9,9,1429.19,66.395,348458,3,1.07482
9,1,198.6,43.742,221771,2,1.07482
9,2,640.614,43.742,221771,3,1.07482
9,3,1057.4,43.742,221771,2,1.07482
9,4,1248.5,43.742,221771,3,1.07482
9,5,1424.2,43.742,221771,7,1.07482
9,6,1639.46,43.742,221771,4,1.07482
9,7,1728.98,43.742,221771,5,1.07482
9,8,1768.71,43.742,221771,4,1.07482
9,9,1783.49,43.742,221771,3,1.07482
9,1,821.523,50.005,848216,2,1.07482
9,2,988.055,50.005,848216,3,1.07482
9,3,1077.78,50.005,848216,3,1.07482
9,4,1207.04,50.005,848216,2,1.07482
9,5,1218.2,50.005,848216,4,1.07482
9,6,1271.24,50.005,848216,3,1.07482
9,7,1273.91,50.005,848216,3,1.07482
9,8,1328.4,50.005,848216,2,1.07482
9,9,1375.39,50.005,848216,3,1.07482
9,1,415.271,31.121,282411,2,1.07482
9,2,609.767,31.121,282411,2,1.07482
9,3,633.78,31.121,282411,2,1.07482
9,4,788.774,31.121,282411,4,1.07482
9,5,908.801,31.121,282411,2,1.07482
9,6,1086.66,31.121,282411,3,1.07482
9,7,1278.29,31.121,282411,2,1.07482
9,8,1311.42,31.121,282411,2,1.07482
9,9,1626.35,31.121,282411,4,1.07482
9,1,898.612,126.723,1.88843e+06,6,1.07482
9,2,1074,126.723,1.88843e+06,2,1.07482
9,3,1341.46,126.723,1.88843e+06,6,1.07482
9,4,1417.9,126.723,1.88843e+06,10,1.07482
9,5,1517.76,126.723,1.88843e+06,6,1.07482
9,6,1853.23,126.723,1.88843e+06,3,1.07482
9,7,2103.25,126.723,1.88843e+06,5,1.07482
9,8,2246.16,126.723,1.88843e+06,7,1.07482
9,9,2608.83,126.723,1.88843e+06,5,1.07482
9,1,203.494,109.134,709254,2,1.07482
9,2,869.363,109.134,709254,2,1.07482
9,3,1676.1,109.134,709254,4,1.07482
9,4,1703.31,109.134,709254,5,1.07482
9,5,1717.57,109.134,709254,4,1.07482
9,6,1723.38,109.134,709254,3,1.07482
9,7,1851.2,109.134,709254,3,1.07482
9,8,2086.84,109.134,709254,3,1.07482
9,9,2455.63,109.134,709254,5,1.07482
9,1,315.9,122.956,1.63726e+06,2,1.07482
9,2,825.796,122.956,1.63726e+06,3,1.07482
9,3,1259.33,122.956,1.63726e+06,2,1.07482
9,4,1419.3,122.956,1.63726e+06,3,1.07482
9,5,1600.3,122.956,1.63726e+06,5,1.07482
9,6,2051.27,122.956,1.63726e+06,5,1.07482
9,7,2130.96,122.956,1.63726e+06,4,1.07482
9,8,2347.29,122.956,1.63726e+06,8,1.07482
9,9,2387.79,122.956,1.63726e+06,4,1.07482
9,1,809.757,122.61,1.96737e+06,4,1.07482
9,2,1183.68,122.61,1.96737e+06,5,1.07482
9,3,1271.09,122.61,1.96737e+06,2,1.07482
9,4,1448.12,122.61,1.96737e+06,2,1.07482
9,5,1792.46,122.61,1.96737e+06,3,1.07482
9,6,1922.42,122.61,1.96737e+06,2,1.07482
9,7,2183.04,122.61,1.96737e+06,2,1.07482
9,8,2232.54,122.61,1.96737e+06,3,1.07482
9,9,2236.72,122.61,1.96737e+06,6,1.07482
9,1,662.967,92.062,726671,2,1.07482
9,2,842.193,92.062,726671,3,1.07482
9,3,1119.52,92.062,726671,4,1.07482
9,4,1353.54,92.062,726671,4,1.07482
9,5,1402.52,92.062,726671,5,1.07482
9,6,1535.05,92.062,726671,5,1.07482
9,7,1781.95,92.062,726671,3,1.07482
9,8,1911.27,92.062,726671,4,1.07482
9,9,1919.59,92.062,726671,4,1.07482
9,1,85.4751,56.595,317368,2,1.07482
9,2,469.223,56.595,317368,3,1.07482
9,3,1024.73,56.595,317368,3,1.07482
9,4,1281.85,56.595,317368,3,1.07482
9,5,1399.15,56.595,317368,3,1.07482
9,6,1609.66,56.595,317368,6,1.07482
9,7,1710.75,56.595,317368,3,1.07482
9,8,1943.44,56.595,317368,4,1.07482
9,9,2074.09,56.595,317368,3,1.07482
9,1,281.4,77.2,713421,2,1.07482
9,2,378.338,77.2,713421,2,1.07482
9,3,410.702,77.2,713421,2,1.07482
9,4,829.695,77.2,713421,2,1.07482
9,5,1175.37,77.2,713421,5,1.07482
9,6,1380.7,77.2,713421,3,1.07482
9,7,1483.43,77.2,713421,6,1.07482
9,8,1719.67,77.2,713421,6,1.07482
9,9,1793.97,77.2,713421,3,1.07482
9,1,338.545,33.016,412949,2,1.07482
9,2,375.373,33.016,412949,2,1.07482
9,3,459.759,33.016,412949,2,1.07482
9,4,471.301,33.016,412949,2,1.07482
9,5,582.91,33.016,412949,2,1.07482
9,6,1223.99,33.016,412949,2,1.07482
9,7,1250.27,33.016,412949,2,1.07482
9,8,1320.09,33.016,412949,2,1.07482
9,9,1400.4,33.016,412949,2,1.07482
9,1,846.051,88.723,1.12097e+06,2,1.07482
9,2,1492.15,88.723,1.12097e+06,4,1.07482
9,3,1574.49,88.723,1.12097e+06,4,1.07482
9,4,1875.07,88.723,1.12097e+06,8,1.07482
9,5,2028.18,88.723,1.12097e+06,5,1.07482
9,6,2057.75,88.723,1.12097e+06,8,1.07482
9,7,2125.66,88.723,1.12097e+06,4,1.07482
9,8,2146.51,88.723,1.12097e+06,3,1.07482
9,9,2180.85,88.723,1.12097e+06,3,1.07482
9,1,909.024,60.247,262153,2,1.07482
9,2,1154,60.247,262153,4,1.07482
9,3,1265.17,60.247,262153,4,1.07482
9,4,1488.41,60.247,262153,4,1.07482
9,5,1570.5,60.247,262153,3,1.07482
9,6,1641.84,60.247,262153,4,1.07482
9,7,1684.19,60.247,262153,4,1.07482
9,8,1815.53,60.247,262153,4,1.07482
9,9,1889.54,60.247,262153,3,1.07482
9,1,466.22,96.255,445334,2,1.07482
9,2,1063.36,96.255,445334,4,1.07482
9,3,1093.5,96.255,445334,4,1.07482
9,4,1334.3,96.255,445334,5,1.07482
9,5,1765.67,96.255,445334,3,1.07482
9,6,1835.27,96.255,445334,4,1.07482
9,7,1877.06,96.255,445334,3,1.07482
9,8,2081.6,96.255,445334,6,1.07482
9,9,2138.9,96.255,445334,6,1.07482
9,1,633.752,53.979,258752,2,1.07482
9,2,855.112,53.979,258752,3,1.07482
9,3,1133.66,53.979,258752,3,1.07482
9,4,1326.26,53.979,258752,3,1.07482
9,5,1397.62,53.979,258752,3,1.07482
9,6,1791.45,53.979,258752,5,1.07482
9,7,1839.33,53.979,258752,4,1.07482
9,8,1982.85,53.979,258752,3,1.07482
9,9,2009.97,53.979,258752,5,1.07482
9,1,791.82,59.736,288790,3,1.07482
9,2,1098.5,59.736,288790,4,1.07482
9,3,1339.89,59.736,288790,3,1.07482
9,4,1407.3,59.736,288790,3,1.07482
9,5,1503.74,59.736,288790,3,1.07482
9,6,1589.64,59.736,288790,5,1.07482
9,7,1711.55,59.736,288790,5,1.07482
9,8,1813.54,59.736,288790,4,1.07482
9,9,1850.24,59.736,288790,3,1.07482
9,1,206.48,47.335,403373,2,1.07482
9,2,806.033,47.335,403373,2,1.07482
9,3,1028.96,47.335,403373,4,1.07482
9,4,1341.48,47.335,403373,3,1.07482
9,5,1352.46,47.335,403373,2,1.07482
9,6,1412.56,47.335,403373,3,1.07482
9,7,1465.32,47.335,403373,4,1.07482
9,8,1647.29,47.335,403373,3,1.07482
9,9,1652.11,47.335,403373,3,1.07482
9,1,1172.38,115.92,1.29247e+06,4,1.07482
9,2,1223.03,115.92,1.29247e+06,4,1.07482
9,3,1361.95,115.92,1.29247e+06,4,1.07482
9,4,2076.34,115.92,1.29247e+06,4,1.07482
9,5,2373.93,115.92,1.29247e+06,5,1.07482
9,6,2419.01,115.92,1.29247e+06,3,1.07482
9,7,2526.94,115.92,1.29247e+06,4,1.07482
9,8,2545.44,115.92,1.29247e+06,4,1.07482
9,9,2837.81,115.92,1.29247e+06,3,1.07482
9,1,484.604,61.176,307020,2,1.07482
9,2,554.217,61.176,307020,2,1.07482
9,3,556.504,61.176,307020,2,1.07482
9,4,947.438,61.176,307020,3,1.07482
9,5,1239.2,61.176,307020,4,1.07482
9,6,1579.18,61.176,307020,4,1.07482
9,7,1719.75,61.176,307020,4,1.07482
9,8,1743.87,61.176,307020,4,1.07482
9,9,1873.76,61.176,307020,4,1.07482
9,1,651.055,77.38,734344,2,1.07482
9,2,1073.18,77.38,734344,3,1.07482
9,3,1264.8,77.38,734344,6,1.07482
9,4,1435.47,77.38,734344,4,1.07482
9,5,1441.05,77.38,734344,6,1.07482
9,6,1592.26,77.38,734344,3,1.07482
9,7,1677.01,77.38,734344,3,1.07482
9,8,1802.09,77.38,734344,5,1.07482
9,9,1947.04,77.38,734344,5,1.07482
9,1,412.147,77.653,571994,2,1.07482
9,2,1121.25,77.653,571994,3,1.07482
9,3,1299.33,77.653,571994,3,1.07482
9,4,1765.37,77.653,571994,3,1.07482
9,5,1867.08,77.653,571994,4,1.07482
9,6,1907.13,77.653,571994,3,1.07482
9,7,1919.63,77.653,571994,3,1.07482
9,8,2133.31,77.653,571994,4,1.07482
9,9,2183.39,77.653,571994,4,1.07482
9,1,704.738,59.019,559079,2,1.07482
9,2,771.115,59.019,559079,3,1.07482
9,3,994.988,59.019,559079,2,1.07482
9,4,1396.64,59.019,559079,5,1.07482
9,5,1457.08,59.019,559079,4,1.07482
9,6,1505.15,59.019,559079,4,1.07482
9,7,1648.37,59.019,559079,5,1.07482
9,8,1655.61,59.019,559079,6,1.07482
9,9,1771.49,59.019,559079,4,1.07482
9,1,834.651,106.636,1.0315e+06,3,1.07482
9,2,1389.31,106.636,1.0315e+06,4,1.07482
9,3,1421.99,106.636,1.0315e+06,4,1.07482
9,4,1467.95,106.636,1.0315e+06,2,1.07482
9,5,1638.7,106.636,1.0315e+06,4,1.07482
9,6,1876.78,106.636,1.0315e+06,5,1.07482
9,7,2027.81,106.636,1.0315e+06,4,1.07482
9,8,2462.97,106.636,1.0315e+06,6,1.07482
9,9,2534.12,106.636,1.0315e+06,9,1.07482
9,1,529.815,57.968,247414,3,1.07482
9,2,789.073,57.968,247414,3,1.07482
9,3,1329.59,57.968,247414,2,1.07482
9,4,1614.99,57.968,247414,5,1.07482
9,5,1721.57,57.968,247414,5,1.07482
9,6,1826.21,57.968,247414,4,1.07482
9,7,1885.35,57.968,247414,4,1.07482
9,8,1999.47,57.968,247414,4,1.07482
9,9,2190.91,57.968,247414,4,1.07482
9,1,884.265,70.518,706461,3,1.07482
9,2,886.392,70.518,706461,2,1.07482
9,3,1167.26,70.518,706461,2,1.07482
9,4,1377.91,70.518,706461,3,1.07482
9,5,1470.03,70.518,706461,3,1.07482
9,6,1507.49,70.518,706461,3,1.07482
9,7,1681.91,70.518,706461,3,1.07482
9,8,1714.13,70.518,706461,2,1.07482
9,9,1814.78,70.518,706461,4,1.07482
9,1,192.855,47.79,188040,2,1.07482
9,2,385.24,47.79,188040,2,1.07482
9,3,689.331,47.79,188040,3,1.07482
9,4,829.663,47.79,188040,3,1.07482
9,5,1314.14,47.79,188040,3,1.07482
9,6,1795.83,47.79,188040,4,1.07482
9,7,1971.77,47.79,188040,4,1.07482
9,8,2089.77,47.79,188040,3,1.07482
9,9,2141.5,47.79,188040,4,1.07482
9,1,555.267,82.959,995499,2,1.07482
9,2,1040.03,82.959,995499,3,1.07482
9,3,1089.31,82.959,995499,3,1.07482
9,4,1090.48,82.959,995499,2,1.07482
9,5,1125.68,82.959,995499,3,1.07482
9,6,1631.75,82.959,995499,3,1.07482
9,7,1801.32,82.959,995499,3,1.07482
9,8,1821.31,82.959,995499,3,1.07482
9,9,1948.24,82.959,995499,3,1.07482
9,1,136.297,40.744,848353,2,1.07482
9,2,519.34,40.744,848353,2,1.07482
9,3,696.113,40.744,848353,2,1.07482
9,4,1178.58,40.744,848353,3,1.07482
9,5,1274.46,40.744,848353,3,1.07482
9,6,1492.75,40.744,848353,3,1.07482
9,7,1604.73,40.744,848353,3,1.07482
9,8,1645.64,40.744,848353,3,1.07482
9,9,1717.88,40.744,848353,3,1.07482
9,1,828.738,93.935,684819,4,1.07482
9,2,1007.85,93.935,684819,3,1.07482
9,3,1196.84,93.935,684819,4,1.07482
9,4,1535.31,93.935,684819,3,1.07482
9,5,1550.89,93.935,684819,3,1.07482
9,6,1610.48,93.935,684819,3,1.07482
9,7,1677.83,93.935,684819,4,1.07482
9,8,1920.87,93.935,684819,3,1.07482
9,9,2149.68,93.935,684819,5,1.07482
9,1,464.419,108.968,804054,2,1.07482
9,2,841.904,108.968,804054,4,1.07482
9,3,1094.28,108.968,804054,5,1.07482
9,4,1108.03,108.968,804054,4,1.07482
9,5,1222.88,108.968,804054,2,1.07482
9,6,1397.87,108.968,804054,3,1.07482
9,7,1427.73,108.968,804054,2,1.07482
9,8,1479.57,108.968,804054,2,1.07482
9,9,1815.13,108.968,804054,2,1.07482
9,1,989.052,86.889,1.16559e+06,5,1.07482
9,2,1199.56,86.889,1.16559e+06,6,1.07482
9,3,1407.92,86.889,1.16559e+06,4,1.07482
9,4,1778.71,86.889,1.16559e+06,10,1.07482
9,5,2187.5,86.889,1.16559e+06,5,1.07482
9,6,2194.33,86.889,1.16559e+06,6,1.07482
9,7,2365.18,86.889,1.16559e+06,6,1.07482
9,8,2519.71,86.889,1.16559e+06,8,1.07482
9,9,2535.29,86.889,1.16559e+06,7,1.07482
9,1,1078.47,126.567,1.31477e+06,2,1.07482
9,2,1432.76,126.567,1.31477e+06,3,1.07482
9,3,1451.52,126.567,1.31477e+06,3,1.07482
9,4,1508.11,126.567,1.31477e+06,2,1.07482
9,5,1860.38,126.567,1.31477e+06,3,1.07482
9,6,2101.88,126.567,1.31477e+06,3,1.07482
9,7,2481.07,126.567,1.31477e+06,6,1.07482
9,8,2532.28,126.567,1.31477e+06,3,1.07482
9,9,2679.38,126.567,1.31477e+06,4,1.07482
9,1,403.897,42.753,259107,2,1.07482
9,2,838.731,42.753,259107,2,1.07482
9,3,865.898,42.753,259107,2,1.07482
9,4,983.82,42.753,259107,4,1.07482
9,5,1103.41,42.753,259107,4,1.07482
9,6,1116.15,42.753,259107,3,1.07482
9,7,1303.22,42.753,259107,3,1.07482
9,8,1515.65,42.753,259107,5,1.07482
9,9,1715.7,42.753,259107,4,1.07482
9,1,403.911,87.845,341499,2,1.07482
9,2,670.216,87.845,341499,2,1.07482
9,3,740.638,87.845,341499,3,1.07482
9,4,1539.7,87.845,341499,2,1.07482
9,5,1773.22,87.845,341499,3,1.07482
9,6,1874.81,87.845,341499,3,1.07482
9,7,1931.79,87.845,341499,4,1.07482
9,8,2416.12,87.845,341499,3,1.07482
9,9,2418.34,87.845,341499,3,1.07482
9,1,547.968,43.017,372834,3,1.07482
9,2,573,43.017,372834,2,1.07482
9,3,982.928,43.017,372834,4,1.07482
9,4,1024.35,43.017,372834,4,1.07482
9,5,1066.21,43.017,372834,2,1.07482
9,6,1127.86,43.017,372834,4,1.07482
9,7,1536.81,43.017,372834,5,1.07482
9,8,1542.47,43.017,372834,3,1.07482
9,9,1565.69,43.017,372834,3,1.07482
9,1,909.249,36.121,162327,3,1.07482
9,2,970.47,36.121,162327,2,1.07482
9,3,1156.08,36.121,162327,2,1.07482
9,4,1192.92,36.121,162327,2,1.07482
9,5,1195.8,36.121,162327,2,1.07482
9,6,1380.22,36.121,162327,4,1.07482
9,7,1429.37,36.121,162327,3,1.07482
9,8,1452.57,36.121,162327,2,1.07482
9,9,1545.83,36.121,162327,4,1.07482
9,1,354.279,64.904,340628,3,1.07482
9,2,380.065,64.904,340628,3,1.07482
9,3,653.601,64.904,340628,3,1.07482
9,4,1169.96,64.904,340628,3,1.07482
9,5,1609.27,64.904,340628,3,1.07482
9,6,1672.77,64.904,340628,3,1.07482
9,7,1761.72,64.904,340628,4,1.07482
9,8,1761.75,64.904,340628,3,1.07482
9,9,1849.21,64.904,340628,4,1.07482
9,1,537.358,57.976,430194,2,1.07482
9,2,573.261,57.976,430194,2,1.07482
9,3,831.08,57.976,430194,3,1.07482
9,4,857.743,57.976,430194,3,1.07482
9,5,1322.58,57.976,430194,4,1.07482
9,6,1362.09,57.976,430194,2,1.07482
9,7,1510.85,57.976,430194,4,1.07482
9,8,1587.75,57.976,430194,2,1.07482
9,9,1944.22,57.976,430194,4,1.07482
9,1,361.006,59.001,412227,2,1.07482
9,2,949.974,59.001,412227,2,1.07482
9,3,1472.49,59.001,412227,6,1.07482
9,4,1637.29,59.001,412227,6,1.07482
9,5,1640.9,59.001,412227,5,1.07482
9,6,1716.4,59.001,412227,3,1.07482
9,7,1718.58,59.001,412227,4,1.07482
9,8,1773.4,59.001,412227,6,1.07482
9,9,1789.79,59.001,412227,3,1.07482
9,1,586.144,97.224,928063,3,1.07482
9,2,1287.72,97.224,928063,6,1.07482
9,3,1350.07,97.224,928063,4,1.07482
9,4,1419.02,97.224,928063,3,1.07482
9,5,1427.49,97.224,928063,3,1.07482
9,6,1814.99,97.224,928063,5,1.07482
9,7,2066.16,97.224,928063,4,1.07482
9,8,2195.69,97.224,928063,6,1.07482
9,9,2199.19,97.224,928063,5,1.07482
9,1,544.309,44.828,216876,2,1.07482
9,2,1171.42,44.828,216876,6,1.07482
9,3,1178.89,44.828,216876,3,1.07482
9,4,1198.77,44.828,216876,4,1.07482
9,5,1226,44.828,216876,5,1.07482
9,6,1246.9,44.828,216876,4,1.07482
9,7,1302.92,44.828,216876,4,1.07482
9,8,1328.09,44.828,216876,2,1.07482
9,9,1413.19,44.828,216876,4,1.07482
9,1,277.363,60.174,1.93645e+06,2,1.07482
9,2,1270.96,60.174,1.93645e+06,4,1.07482
9,3,1383.65,60.174,1.93645e+06,3,1.07482
9,4,1630.08,60.174,1.93645e+06,2,1.07482
9,5,1665.31,60.174,1.93645e+06,3,1.07482
9,6,1684.37,60.174,1.93645e+06,3,1.07482
9,7,1710.38,60.174,1.93645e+06,4,1.07482
9,8,1741.03,60.174,1.93645e+06,7,1.07482
9,9,1742.18,60.174,1.93645e+06,2,1.07482
9,1,428.6,151.144,2.855e+06,2,1.07482
9,2,1636.31,151.144,2.855e+06,3,1.07482
9,3,1786.05,151.144,2.855e+06,4,1.07482
9,4,1997.38,151.144,2.855e+06,4,1.07482
9,5,2086.87,151.144,2.855e+06,4,1.07482
9,6,2282.26,151.144,2.855e+06,4,1.07482
9,7,2458.44,151.144,2.855e+06,4,1.07482
9,8,2514.92,151.144,2.855e+06,4,1.07482
9,9,2705.09,151.144,2.855e+06,3,1.07482
9,1,174.184,51.77,449879,2,1.07482
9,2,847.727,51.77,449879,3,1.07482
9,3,849.181,51.77,449879,3,1.07482
9,4,940.935,51.77,449879,4,1.07482
9,5,1050.55,51.77,449879,3,1.07482
9,6,1114.36,51.77,449879,3,1.07482
9,7,1156.14,51.77,449879,3,1.07482
9,8,1634.11,51.77,449879,4,1.07482
9,9,1768.78,51.77,449879,5,1.07482
9,1,903.203,53.241,494317,2,1.07482
9,2,1039.55,53.241,494317,5,1.07482
9,3,1166.18,53.241,494317,2,1.07482
9,4,1324.52,53.241,494317,3,1.07482
9,5,1344.6,53.241,494317,6,1.07482
9,6,1454.28,53.241,494317,5,1.07482
9,7,1504.87,53.241,494317,5,1.07482
9,8,1516.79,53.241,494317,4,1.07482
9,9,1531.25,53.241,494317,3,1.07482
9,1,895.192,68.891,506635,3,1.07482
9,2,1149.95,68.891,506635,2,1.07482
9,3,1165.81,68.891,506635,3,1.07482
9,4,1294.84,68.891,506635,7,1.07482
9,5,1406.49,68.891,506635,6,1.07482
9,6,1437.96,68.891,506635,3,1.07482
9,7,1501.34,68.891,506635,2,1.07482
9,8,1780.5,68.891,506635,9,1.07482
9,9,1815.61,68.891,506635,7,1.07482
9,1,323.415,64.233,402302,2,1.07482
9,2,354.493,64.233,402302,2,1.07482
9,3,429.197,64.233,402302,2,1.07482
9,4,826.504,64.233,402302,3,1.07482
9,5,1395.44,64.233,402302,3,1.07482
9,6,1516.98,64.233,402302,4,1.07482
9,7,1591.26,64.233,402302,2,1.07482
9,8,1665.13,64.233,402302,4,1.07482
9,9,1727.64,64.233,402302,5,1.07482
9,1,342.301,69.354,632385,2,1.07482
9,2,585,69.354,632385,3,1.07482
9,3,760.689,69.354,632385,3,1.07482
9,4,1005.97,69.354,632385,6,1.07482
9,5,1028.27,69.354,632385,2,1.07482
9,6,1426.09,69.354,632385,3,1.07482
9,7,1582.61,69.354,632385,5,1.07482
9,8,1767.13,69.354,632385,3,1.07482
9,9,1795.87,69.354,632385,3,1.07482
9,1,445.004,82.586,825527,2,1.07482
9,2,666.482,82.586,825527,3,1.07482
9,3,1680.71,82.586,825527,6,1.07482
9,4,1706.32,82.586,825527,2,1.07482
9,5,1887.22,82.586,825527,3,1.07482
9,6,2081.78,82.586,825527,3,1.07482
9,7,2195.99,82.586,825527,3,1.07482
9,8,2255.94,82.586,825527,3,1.07482
9,9,2392.26,82.586,825527,2,1.07482
9,1,308.754,46.197,471484,2,1.07482
9,2,414.059,46.197,471484,2,1.07482
9,3,465.465,46.197,471484,2,1.07482
9,4,526.847,46.197,471484,2,1.07482
9,5,775.328,46.197,471484,2,1.07482
9,6,1036.55,46.197,471484,2,1.07482
9,7,1083.23,46.197,471484,2,1.07482
9,8,1152.09,46.197,471484,2,1.07482
9,9,1960.57,46.197,471484,2,1.07482
9,1,931.949,54.74,174184,2,1.07482
9,2,1089.65,54.74,174184,2,1.07482
9,3,1461.71,54.74,174184,3,1.07482
9,4,1508.35,54.74,174184,6,1.07482
9,5,1542.08,54.74,174184,2,1.07482
9,6,1646.29,54.74,174184,5,1.07482
9,7,1680.5,54.74,174184,4,1.07482
9,8,1708.11,54.74,174184,5,1.07482
9,9,1742.39,54.74,174184,2,1.07482
9,1,796.607,76.099,559179,3,1.07482
9,2,865.725,76.099,559179,2,1.07482
9,3,1054.76,76.099,559179,2,1.07482
9,4,1166.94,76.099,559179,2,1.07482
9,5,1258.36,76.099,559179,2,1.07482
9,6,1560.35,76.099,559179,3,1.07482
9,7,1666.12,76.099,559179,5,1.07482
9,8,1865.23,76.099,559179,6,1.07482
9,9,1912.82,76.099,559179,2,1.07482
9,1,85.9826,105.009,944422,2,1.07482
9,2,90.9175,105.009,944422,2,1.07482
9,3,528,105.009,944422,2,1.07482
9,4,798.904,105.009,944422,2,1.07482
9,5,946.064,105.009,944422,2,1.07482
9,6,1100.6,105.009,944422,4,1.07482
9,7,1439.52,105.009,944422,3,1.07482
9,8,1873.77,105.009,944422,3,1.07482
9,9,2143.88,105.009,944422,3,1.07482
9,1,1250.08,95.52,508569,2,1.07482
9,2,1250.93,95.52,508569,4,1.07482
9,3,1340.27,95.52,508569,4,1.07482
9,4,1684.16,95.52,508569,5,1.07482
9,5,2209.29,95.52,508569,5,1.07482
9,6,2367.31,95.52,508569,2,1.07482
9,7,2388.12,95.52,508569,6,1.07482
9,8,2414.11,95.52,508569,4,1.07482
9,9,2427.98,95.52,508569,4,1.07482
9,1,719.675,166.401,1.26416e+06,3,1.07482
9,2,1065.18,166.401,1.26416e+06,8,1.07482
9,3,1070.46,166.401,1.26416e+06,4,1.07482
9,4,1614.1,166.401,1.26416e+06,12,1.07482
9,5,1869.14,166.401,1.26416e+06,3,1.07482
9,6,1963.31,166.401,1.26416e+06,5,1.07482
9,7,2001.21,166.401,1.26416e+06,5,1.07482
9,8,2183.3,166.401,1.26416e+06,9,1.07482
9,9,2636.77,166.401,1.26416e+06,5,1.07482
9,1,670.122,118.462,663413,3,1.07482
9,2,813.325,118.462,663413,2,1.07482
9,3,1169.14,118.462,663413,2,1.07482
9,4,1243.11,118.462,663413,2,1.07482
9,5,1245.57,118.462,663413,5,1.07482
9,6,1423.17,118.462,663413,3,1.07482
9,7,2133.38,118.462,663413,3,1.07482
9,8,2338.5,118.462,663413,5,1.07482
9,9,2569.58,118.462,663413,6,1.07482
9,1,444.495,104.905,400698,2,1.07482
9,2,531.143,104.905,400698,2,1.07482
9,3,1282.9,104.905,400698,3,1.07482
9,4,1446.73,104.905,400698,3,1.07482
9,5,2106.26,104.905,400698,3,1.07482
9,6,2420.48,104.905,400698,5,1.07482
9,7,2444.2,104.905,400698,4,1.07482
9,8,2464.12,104.905,400698,4,1.07482
9,9,2607.2,104.905,400698,5,1.07482
9,1,986.918,100.663,840935,3,1.07482
9,2,1195.84,100.663,840935,3,1.07482
9,3,1196.5,100.663,840935,5,1.07482
9,4,1394.6,100.663,840935,5,1.07482
9,5,1630.62,100.663,840935,2,1.07482
9,6,1720.88,100.663,840935,3,1.07482
9,7,1810.36,100.663,840935,3,1.07482
9,8,1923.36,100.663,840935,3,1.07482
9,9,2151.19,100.663,840935,6,1.07482
9,1,160.59,47.144,318860,2,1.07482
9,2,795.018,47.144,318860,2,1.07482
9,3,866.141,47.144,318860,3,1.07482
9,4,1195,47.144,318860,3,1.07482
9,5,1247.6,47.144,318860,3,1.07482
9,6,1267.14,47.144,318860,4,1.07482
9,7,1472.52,47.144,318860,4,1.07482
9,8,1522.28,47.144,318860,3,1.07482
9,9,1528.38,47.144,318860,2,1.07482
9,1,1212.88,82.994,1.80905e+06,2,1.07482
9,2,1340.19,82.994,1.80905e+06,5,1.07482
9,3,1480.18,82.994,1.80905e+06,2,1.07482
9,4,1550.81,82.994,1.80905e+06,4,1.07482
9,5,1725.36,82.994,1.80905e+06,6,1.07482
9,6,1892.71,82.994,1.80905e+06,5,1.07482
9,7,1989.24,82.994,1.80905e+06,4,1.07482
9,8,2105.92,82.994,1.80905e+06,3,1.07482
9,9,2121.46,82.994,1.80905e+06,5,1.07482
9,1,284.297,115.581,906106,2,1.07482
9,2,668.585,115.581,906106,3,1.07482
9,3,1037.76,115.581,906106,4,1.07482
9,4,1165.67,115.581,906106,5,1.07482
9,5,1400.74,115.581,906106,7,1.07482
9,6,1743.94,115.581,906106,7,1.07482
9,7,1798.39,115.581,906106,4,1.07482
9,8,2069.16,115.581,906106,5,1.07482
9,9,2075.32,115.581,906106,5,1.07482
9,1,327.124,55.87,331194,2,1.07482
9,2,1548.42,55.87,331194,4,1.07482
9,3,1607.63,55.87,331194,3,1.07482
9,4,1636.44,55.87,331194,3,1.07482
9,5,1857.39,55.87,331194,5,1.07482
9,6,2042.19,55.87,331194,4,1.07482
9,7,2115.35,55.87,331194,4,1.07482
9,8,2128.07,55.87,331194,3,1.07482
9,9,2142.19,55.87,331194,4,1.07482
9,1,1159.29,138.28,1.44629e+06,2,1.07482
9,2,1352.3,138.28,1.44629e+06,4,1.07482
9,3,1367.87,138.28,1.44629e+06,6,1.07482
9,4,1385.27,138.28,1.44629e+06,6,1.07482
9,5,1533.55,138.28,1.44629e+06,6,1.07482
9,6,1831.8,138.28,1.44629e+06,4,1.07482
9,7,1957.52,138.28,1.44629e+06,3,1.07482
9,8,2134.55,138.28,1.44629e+06,3,1.07482
9,9,2170.77,138.28,1.44629e+06,6,1.07482
9,1,454.44,80.024,310550,2,1.07482
9,2,851.414,80.024,310550,4,1.07482
9,3,1085.34,80.024,310550,2,1.07482
9,4,1293.68,80.024,310550,3,1.07482
9,5,1407.24,80.024,310550,3,1.07482
9,6,1595.2,80.024,310550,6,1.07482
9,7,1713.61,80.024,310550,6,1.07482
9,8,1928.63,80.024,310550,3,1.07482
9,9,1990.24,80.024,310550,4,1.07482
9,1,926.301,59.78,367797,2,1.07482
9,2,1411.41,59.78,367797,2,1.07482
9,3,1423.52,59.78,367797,4,1.07482
9,4,1658.83,59.78,367797,3,1.07482
9,5,1740.26,59.78,367797,3,1.07482
9,6,1820.42,59.78,367797,3,1.07482
9,7,2051.84,59.78,367797,7,1.07482
9,8,2066.75,59.78,367797,5,1.07482
9,9,2102.12,59.78,367797,3,1.07482
9,1,1180.61,195.659,2.67485e+06,4,1.07482
9,2,1382.98,195.659,2.67485e+06,3,1.07482
9,3,1847.92,195.659,2.67485e+06,6,1.07482
9,4,1926.23,195.659,2.67485e+06,4,1.07482
9,5,2029.04,195.659,2.67485e+06,5,1.07482
9,6,2125.9,195.659,2.67485e+06,5,1.07482
9,7,2458.88,195.659,2.67485e+06,5,1.07482
9,8,2918.74,195.659,2.67485e+06,5,1.07482
9,9,3010.85,195.659,2.67485e+06,4,1.07482
9,1,531.866,99.925,1.03008e+06,2,1.07482
9,2,934.596,99.925,1.03008e+06,2,1.07482
9,3,1090.83,99.925,1.03008e+06,3,1.07482
9,4,1217.3,99.925,1.03008e+06,3,1.07482
9,5,1367.53,99.925,1.03008e+06,2,1.07482
9,6,1612.47,99.925,1.03008e+06,4,1.07482
9,7,1891.43,99.925,1.03008e+06,5,1.07482
9,8,2177.18,99.925,1.03008e+06,3,1.07482
9,9,2408.7,99.925,1.03008e+06,5,1.07482
9,1,283.425,55.39,393385,2,1.07482
9,2,502.195,55.39,393385,2,1.07482
9,3,826.01,55.39,393385,3,1.07482
9,4,1121.79,55.39,393385,3,1.07482
9,5,1352.44,55.39,393385,5,1.07482
9,6,1418.48,55.39,393385,4,1.07482
9,7,1446,55.39,393385,2,1.07482
9,8,1446.31,55.39,393385,3,1.07482
9,9,1466.87,55.39,393385,3,1.07482
9,1,408.123,114.055,652399,3,1.07482
9,2,1034.05,114.055,652399,4,1.07482
9,3,1173.49,114.055,652399,4,1.07482
9,4,1396.47,114.055,652399,3,1.07482
9,5,1493.4,114.055,652399,5,1.07482
9,6,1647.4,114.055,652399,4,1.07482
9,7,1713.32,114.055,652399,7,1.07482
9,8,1725.95,114.055,652399,4,1.07482
9,9,2042.67,114.055,652399,4,1.07482
9,1,93.3809,86.586,409006,2,1.07482
9,2,1073.75,86.586,409006,3,1.07482
9,3,1455.32,86.586,409006,4,1.07482
9,4,1903.08,86.586,409006,3,1.07482
9,5,2100.91,86.586,409006,6,1.07482
9,6,2102.37,86.586,409006,3,1.07482
9,7,2250.45,86.586,409006,6,1.07482
9,8,2273.8,86.586,409006,6,1.07482
9,9,2341.46,86.586,409006,6,1.07482
9,1,372.71,90.071,505461,2,1.07482
9,2,1143.53,90.071,505461,3,1.07482
9,3,1491.49,90.071,505461,4,1.07482
9,4,1545.73,90.071,505461,4,1.07482
9,5,1785.11,90.071,505461,3,1.07482
9,6,1926.9,90.071,505461,5,1.07482
9,7,1930.9,90.071,505461,5,1.07482
9,8,2134.73,90.071,505461,4,1.07482
9,9,2483.38,90.071,505461,4,1.07482
9,1,210.583,14.513,174306,2,1.07482
9,2,365.699,14.513,174306,2,1.07482
9,3,556.547,14.513,174306,2,1.07482
9,4,637.252,14.513,174306,2,1.07482
9,5,717.045,14.513,174306,2,1.07482
9,6,720.642,14.513,174306,2,1.07482
9,7,771.829,14.513,174306,2,1.07482
9,8,815.655,14.513,174306,2,1.07482
9,9,964.017,14.513,174306,2,1.07482
9,1,164.003,65.846,556457,2,1.07482
9,2,776.394,65.846,556457,2,1.07482
9,3,781.463,65.846,556457,2,1.07482
9,4,1166.28,65.846,556457,3,1.07482
9,5,1265.26,65.846,556457,3,1.07482
9,6,1557.46,65.846,556457,5,1.07482
9,7,1677.99,65.846,556457,6,1.07482
9,8,1759.15,65.846,556457,4,1.07482
9,9,1837.16,65.846,556457,5,1.07482
9,1,339.838,37.291,482446,2,1.07482
9,2,388.372,37.291,482446,2,1.07482
9,3,479.335,37.291,482446,3,1.07482
9,4,1036.42,37.291,482446,3,1.07482
9,5,1062.7,37.291,482446,3,1.07482
9,6,1456.41,37.291,482446,3,1.07482
9,7,1463.02,37.291,482446,4,1.07482
9,8,1585.9,37.291,482446,4,1.07482
9,9,1660.93,37.291,482446,3,1.07482
9,1,588.545,35.941,278026,2,1.07482
9,2,1470.34,35.941,278026,2,1.07482
9,3,1519.79,35.941,278026,2,1.07482
9,4,1555.84,35.941,278026,3,1.07482
9,5,1579.25,35.941,278026,2,1.07482
9,6,1769.27,35.941,278026,2,1.07482
9,7,1887.75,35.941,278026,3,1.07482
9,8,1930.24,35.941,278026,2,1.07482
9,9,2086.9,35.941,278026,2,1.07482
9,1,188.828,53.214,307111,2,1.07482
9,2,590.36,53.214,307111,2,1.07482
9,3,718.012,53.214,307111,3,1.07482
9,4,873.76,53.214,307111,2,1.07482
9,5,1424.16,53.214,307111,2,1.07482
9,6,1534,53.214,307111,2,1.07482
9,7,1795.96,53.214,307111,4,1.07482
9,8,2143.15,53.214,307111,4,1.07482
9,9,2155.3,53.214,307111,3,1.07482
9,1,1329.92,71.897,516863,2,1.07482
9,2,1709.01,71.897,516863,7,1.07482
9,3,1904.32,71.897,516863,5,1.07482
9,4,1974.63,71.897,516863,7,1.07482
9,5,2095.41,71.897,516863,2,1.07482
9,6,2123.29,71.897,516863,7,1.07482
9,7,2287.11,71.897,516863,4,1.07482
9,8,2288.08,71.897,516863,3,1.07482
9,9,2377.25,71.897,516863,3,1.07482
9,1,702.397,80.039,278100,3,1.07482
9,2,991.542,80.039,278100,5,1.07482
9,3,1505.48,80.039,278100,3,1.07482
9,4,1648.31,80.039,278100,5,1.07482
9,5,1761.31,80.039,278100,4,1.07482
9,6,2049.67,80.039,278100,5,1.07482
9,7,2063.33,80.039,278100,7,1.07482
9,8,2209.07,80.039,278100,5,1.07482
9,9,2352.54,80.039,278100,5,1.07482
9,1,130.969,144.073,1.06501e+06,2,1.07482
9,2,815.117,144.073,1.06501e+06,4,1.07482
9,3,1158.25,144.073,1.06501e+06,4,1.07482
9,4,1929.21,144.073,1.06501e+06,4,1.07482
9,5,2028.78,144.073,1.06501e+06,4,1.07482
9,6,2313.33,144.073,1.06501e+06,4,1.07482
9,7,2450.73,144.073,1.06501e+06,6,1.07482
9,8,2486.26,144.073,1.06501e+06,5,1.07482
9,9,2822.42,144.073,1.06501e+06,4,1.07482
9,1,1003.33,135.376,1.55164e+06,2,1.07482
9,2,1567.79,135.376,1.55164e+06,4,1.07482
9,3,1621.24,135.376,1.55164e+06,3,1.07482
9,4,2065.67,135.376,1.55164e+06,4,1.07482
9,5,2217.88,135.376,1.55164e+06,3,1.07482
9,6,2301.13,135.376,1.55164e+06,4,1.07482
9,7,2642.6,135.376,1.55164e+06,3,1.07482
9,8,3049.66,135.376,1.55164e+06,4,1.07482
9,9,3252.8,135.376,1.55164e+06,6,1.07482
9,1,168.003,58.675,680025,2,1.07482
9,2,964.35,58.675,680025,2,1.07482
9,3,970.177,58.675,680025,4,1.07482
9,4,1059.4,58.675,680025,2,1.07482
9,5,1188.86,58.675,680025,3,1.07482
9,6,1399.19,58.675,680025,3,1.07482
9,7,1578.34,58.675,680025,2,1.07482
9,8,1666.13,58.675,680025,3,1.07482
9,9,1780.23,58.675,680025,4,1.07482
9,1,400.031,124.129,1.50306e+06,2,1.07482
9,2,1470.38,124.129,1.50306e+06,2,1.07482
9,3,1673.22,124.129,1.50306e+06,3,1.07482
9,4,1895.4,124.129,1.50306e+06,2,1.07482
9,5,1932.81,124.129,1.50306e+06,5,1.07482
9,6,2113.21,124.129,1.50306e+06,3,1.07482
9,7,2254.82,124.129,1.50306e+06,2,1.07482
9,8,2492.67,124.129,1.50306e+06,5,1.07482
9,9,2598.31,124.129,1.50306e+06,4,1.07482
9,1,857.963,63.491,554855,2,1.07482
9,2,1061.91,63.491,554855,3,1.07482
9,3,1065.54,63.491,554855,4,1.07482
9,4,1210.8,63.491,554855,3,1.07482
9,5,1386.49,63.491,554855,3,1.07482
9,6,1549.6,63.491,554855,2,1.07482
9,7,1643.44,63.491,554855,6,1.07482
9,8,1676.15,63.491,554855,2,1.07482
9,9,1895.63,63.491,554855,3,1.07482
9,1,420.905,75.419,915330,2,1.07482
9,2,648.514,75.419,915330,2,1.07482
9,3,700.832,75.419,915330,3,1.07482
9,4,742.32,75.419,915330,3,1.07482
9,5,1249.31,75.419,915330,4,1.07482
9,6,1365.51,75.419,915330,5,1.07482
9,7,1662.13,75.419,915330,4,1.07482
9,8,1735.1,75.419,915330,5,1.07482
9,9,1754.09,75.419,915330,3,1.07482
9,1,502.928,28.121,330295,2,1.07482
9,2,526.161,28.121,330295,2,1.07482
9,3,661.608,28.121,330295,2,1.07482
9,4,803.033,28.121,330295,3,1.07482
9,5,867.748,28.121,330295,3,1.07482
9,6,889.832,28.121,330295,3,1.07482
9,7,1177.6,28.121,330295,3,1.07482
9,8,1314.14,28.121,330295,3,1.07482
9,9,1447.01,28.121,330295,4,1.07482
9,1,1055.33,47.834,377888,4,1.07482
9,2,1091.42,47.834,377888,3,1.07482
9,3,1303.94,47.834,377888,3,1.07482
9,4,1474.12,47.834,377888,2,1.07482
9,5,1512.38,47.834,377888,2,1.07482
9,6,1559.02,47.834,377888,3,1.07482
9,7,1563.62,47.834,377888,3,1.07482
9,8,1624.08,47.834,377888,5,1.07482
9,9,1653.16,47.834,377888,2,1.07482
9,1,344.988,87.952,848210,2,1.07482
9,2,560.711,87.952,848210,2,1.07482
9,3,889.035,87.952,848210,3,1.07482
9,4,953.72,87.952,848210,3,1.07482
9,5,1240.93,87.952,848210,3,1.07482
9,6,1319.72,87.952,848210,3,1.07482
9,7,1367.08,87.952,848210,2,1.07482
9,8,1459.03,87.952,848210,3,1.07482
9,9,1863.41,87.952,848210,4,1.07482
9,1,254.702,96.158,373957,2,1.07482
9,2,905.776,96.158,373957,4,1.07482
9,3,1135.57,96.158,373957,2,1.07482
9,4,1352.3,96.158,373957,4,1.07482
9,5,1463.24,96.158,373957,4,1.07482
9,6,1590.26,96.158,373957,2,1.07482
9,7,1644.99,96.158,373957,5,1.07482
9,8,1844.59,96.158,373957,7,1.07482
9,9,1861.83,96.158,373957,3,1.07482
9,1,790.511,107.603,1.55548e+06,4,1.07482
9,2,1162.52,107.603,1.55548e+06,3,1.07482
9,3,1170.97,107.603,1.55548e+06,4,1.07482
9,4,1358.07,107.603,1.55548e+06,5,1.07482
9,5,1729.27,107.603,1.55548e+06,4,1.07482
9,6,2330.56,107.603,1.55548e+06,3,1.07482
9,7,2366.19,107.603,1.55548e+06,3,1.07482
9,8,2723.12,107.603,1.55548e+06,3,1.07482
9,9,2984.57,107.603,1.55548e+06,5,1.07482
9,1,132.966,117.528,669969,2,1.07482
9,2,485.988,117.528,669969,3,1.07482
9,3,1030.37,117.528,669969,4,1.07482
9,4,1488.37,117.528,669969,3,1.07482
9,5,1577.96,117.528,669969,5,1.07482
9,6,1652.66,117.528,669969,4,1.07482
9,7,1691.36,117.528,669969,7,1.07482
9,8,1907.52,117.528,669969,4,1.07482
9,9,1932.31,117.528,669969,2,1.07482
9,1,278.28,67.491,393494,2,1.07482
9,2,826.148,67.491,393494,4,1.07482
9,3,1502.29,67.491,393494,4,1.07482
9,4,1514.59,67.491,393494,3,1.07482
9,5,1543.1,67.491,393494,3,1.07482
9,6,1564.33,67.491,393494,6,1.07482
9,7,1606.52,67.491,393494,4,1.07482
9,8,1719.17,67.491,393494,3,1.07482
9,9,1732.93,67.491,393494,3,1.07482
9,1,1103.33,63.143,444930,4,1.07482
9,2,1459.34,63.143,444930,4,1.07482
9,3,1688.58,63.143,444930,4,1.07482
9,4,1771.85,63.143,444930,5,1.07482
9,5,1811.98,63.143,444930,4,1.07482
9,6,1892.12,63.143,444930,4,1.07482
9,7,1963.97,63.143,444930,4,1.07482
9,8,1966.69,63.143,444930,5,1.07482
9,9,1996.05,63.143,444930,3,1.07482
9,1,278.706,61.058,845689,2,1.07482
9,2,412.255,61.058,845689,2,1.07482
9,3,472.61,61.058,845689,2,1.07482
9,4,826.688,61.058,845689,2,1.07482
9,5,828.473,61.058,845689,2,1.07482
9,6,1102.57,61.058,845689,2,1.07482
9,7,1202.91,61.058,845689,2,1.07482
9,8,1457.77,61.058,845689,3,1.07482
9,9,1872.73,61.058,845689,2,1.07482
9,1,904.705,52.339,250207,4,1.07482
9,2,972.301,52.339,250207,4,1.07482
9,3,1444.59,52.339,250207,4,1.07482
9,4,1447.98,52.339,250207,5,1.07482
9,5,1743.97,52.339,250207,5,1.07482
9,6,1751.46,52.339,250207,2,1.07482
9,7,1798.03,52.339,250207,2,1.07482
9,8,1812.5,52.339,250207,5,1.07482
9,9,1849.82,52.339,250207,2,1.07482
9,1,66.3702,107.492,704678,2,1.07482
9,2,355.373,107.492,704678,2,1.07482
9,3,511.243,107.492,704678,2,1.07482
9,4,710.894,107.492,704678,2,1.07482
9,5,1205.66,107.492,704678,3,1.07482
9,6,1588.07,107.492,704678,4,1.07482
9,7,1605.26,107.492,704678,5,1.07482
9,8,1650.44,107.492,704678,4,1.07482
9,9,2100.97,107.492,704678,6,1.07482
9,1,461.053,70.325,400937,2,1.07482
9,2,757.806,70.325,400937,3,1.07482
9,3,1430.79,70.325,400937,3,1.07482
9,4,1467.64,70.325,400937,3,1.07482
9,5,1486.52,70.325,400937,4,1.07482
9,6,1498.92,70.325,400937,3,1.07482
9,7,1531.32,70.325,400937,3,1.07482
9,8,1766.02,70.325,400937,4,1.07482
9,9,2074.67,70.325,400937,4,1.07482
9,1,813.409,87.288,540404,2,1.07482
9,2,1103.83,87.288,540404,3,1.07482
9,3,1135.39,87.288,540404,3,1.07482
9,4,1238.58,87.288,540404,7,1.07482
9,5,1349.85,87.288,540404,4,1.07482
9,6,1610.14,87.288,540404,3,1.07482
9,7,1705.2,87.288,540404,4,1.07482
9,8,1900.36,87.288,540404,5,1.07482
9,9,1929.59,87.288,540404,3,1.07482
9,1,711.288,53.611,371988,2,1.07482
9,2,848.455,53.611,371988,3,1.07482
9,3,1122.21,53.611,371988,4,1.07482
9,4,1166.37,53.611,371988,2,1.07482
9,5,1311.48,53.611,371988,4,1.07482
9,6,1323.21,53.611,371988,6,1.07482
9,7,1457.93,53.611,371988,4,1.07482
9,8,1474.59,53.611,371988,2,1.07482
9,9,1676.48,53.611,371988,3,1.07482
9,1,226.791,51.676,600985,2,1.07482
9,2,805.159,51.676,600985,2,1.07482
9,3,1028.74,51.676,600985,3,1.07482
9,4,1307.85,51.676,600985,4,1.07482
9,5,1313.03,51.676,600985,4,1.07482
9,6,1406.51,51.676,600985,3,1.07482
9,7,1471.79,51.676,600985,4,1.07482
9,8,1517.14,51.676,600985,4,1.07482
9,9,1658.39,51.676,600985,4,1.07482
9,1,419.012,61.076,506420,3,1.07482
9,2,1401.76,61.076,506420,2,1.07482
9,3,1444.07,61.076,506420,3,1.07482
9,4,1481.75,61.076,506420,3,1.07482
9,5,1526.93,61.076,506420,2,1.07482
9,6,1529.99,61.076,506420,3,1.07482
9,7,1578.41,61.076,506420,4,1.07482
9,8,1607.93,61.076,506420,4,1.07482
9,9,1812.22,61.076,506420,4,1.07482
9,1,404.313,57.044,400206,2,1.07482
9,2,475.661,57.044,400206,2,1.07482
9,3,637.248,57.044,400206,3,1.07482
9,4,942.75,57.044,400206,2,1.07482
9,5,1364.55,57.044,400206,3,1.07482
9,6,1460.94,57.044,400206,2,1.07482
9,7,1484.79,57.044,400206,4,1.07482
9,8,1514.25,57.044,400206,2,1.07482
9,9,1630.34,57.044,400206,3,1.07482
9,1,710.513,130.033,1.15807e+06,4,1.07482
9,2,960.315,130.033,1.15807e+06,2,1.07482
9,3,1470.97,130.033,1.15807e+06,5,1.07482
9,4,1701.8,130.033,1.15807e+06,3,1.07482
9,5,2118.98,130.033,1.15807e+06,4,1.07482
9,6,2514.69,130.033,1.15807e+06,3,1.07482
9,7,2883.47,130.033,1.15807e+06,5,1.07482
9,8,2896.59,130.033,1.15807e+06,5,1.07482
9,9,3108.88,130.033,1.15807e+06,7,1.07482
9,1,251.287,47.085,436479,2,1.07482
9,2,754.205,47.085,436479,2,1.07482
9,3,915.004,47.085,436479,2,1.07482
9,4,1203.51,47.085,436479,2,1.07482
9,5,1299.57,47.085,436479,4,1.07482
9,6,1320.07,47.085,436479,2,1.07482
9,7,1472.31,47.085,436479,4,1.07482
9,8,1525.35,47.085,436479,4,1.07482
9,9,1596.8,47.085,436479,2,1.07482
9,1,144.506,60.998,262155,2,1.07482
9,2,639.965,60.998,262155,3,1.07482
9,3,786.782,60.998,262155,3,1.07482
9,4,1099.33,60.998,262155,3,1.07482
9,5,1270.86,60.998,262155,3,1.07482
9,6,1477.75,60.998,262155,4,1.07482
9,7,1724.04,60.998,262155,4,1.07482
9,8,1864.05,60.998,262155,4,1.07482
9,9,2028.5,60.998,262155,4,1.07482
9,1,429.885,40.648,442523,2,1.07482
9,2,573.171,40.648,442523,2,1.07482
9,3,821.112,40.648,442523,2,1.07482
9,4,1185.57,40.648,442523,4,1.07482
9,5,1250.02,40.648,442523,4,1.07482
9,6,1463.56,40.648,442523,4,1.07482
9,7,1570.82,40.648,442523,2,1.07482
9,8,1576.27,40.648,442523,4,1.07482
9,9,1666.52,40.648,442523,2,1.07482
9,1,541.707,115.926,986503,3,1.07482
9,2,577.59,115.926,986503,2,1.07482
9,3,1062.08,115.926,986503,2,1.07482
9,4,1481.05,115.926,986503,3,1.07482
9,5,1555.66,115.926,986503,8,1.07482
9,6,1837.23,115.926,986503,4,1.07482
9,7,1958.12,115.926,986503,6,1.07482
9,8,2093.81,115.926,986503,4,1.07482
9,9,2239.54,115.926,986503,5,1.07482
9,1,230.471,82.065,811716,2,1.07482
9,2,585.214,82.065,811716,3,1.07482
9,3,1480.12,82.065,811716,4,1.07482
9,4,1551.1,82.065,811716,4,1.07482
9,5,1598.03,82.065,811716,5,1.07482
9,6,1800.57,82.065,811716,4,1.07482
9,7,2031.98,82.065,811716,4,1.07482
9,8,2067.98,82.065,811716,4,1.07482
9,9,2112.68,82.065,811716,4,1.07482
9,1,576.904,161.353,763895,2,1.07482
9,2,942.878,161.353,763895,3,1.07482
9,3,1406.5,161.353,763895,3,1.07482
9,4,1735.46,161.353,763895,3,1.07482
9,5,1844.29,161.353,763895,4,1.07482
9,6,2192.15,161.353,763895,5,1.07482
9,7,2346.11,161.353,763895,5,1.07482
9,8,2357.54,161.353,763895,6,1.07482
9,9,2381.93,161.353,763895,5,1.07482
9,1,100.658,31.487,221666,2,1.07482
9,2,325.38,31.487,221666,2,1.07482
9,3,599.604,31.487,221666,2,1.07482
9,4,748.099,31.487,221666,2,1.07482
9,5,1113.49,31.487,221666,3,1.07482
9,6,1273.76,31.487,221666,5,1.07482
9,7,1313.04,31.487,221666,4,1.07482
9,8,1536.77,31.487,221666,2,1.07482
9,9,1582.13,31.487,221666,4,1.07482
9,1,591.943,78.785,428009,2,1.07482
9,2,612.092,78.785,428009,3,1.07482
9,3,937.389,78.785,428009,2,1.07482
9,4,1003.04,78.785,428009,4,1.07482
9,5,1346,78.785,428009,2,1.07482
9,6,1425.7,78.785,428009,7,1.07482
9,7,1761.97,78.785,428009,4,1.07482
9,8,1780.3,78.785,428009,3,1.07482
9,9,1817.92,78.785,428009,7,1.07482
9,1,346.001,187.855,686697,2,1.07482
9,2,1516.01,187.855,686697,3,1.07482
9,3,2338.32,187.855,686697,5,1.07482
9,4,2968.11,187.855,686697,4,1.07482
9,5,3185.54,187.855,686697,6,1.07482
9,6,3399.52,187.855,686697,6,1.07482
9,7,3559.12,187.855,686697,3,1.07482
9,8,3640.44,187.855,686697,4,1.07482
9,9,4059.16,187.855,686697,8,1.07482
9,1,455.432,46.394,104309,2,1.07482
9,2,1139.57,46.394,104309,3,1.07482
9,3,1295.68,46.394,104309,2,1.07482
9,4,1302.5,46.394,104309,3,1.07482
9,5,1454.04,46.394,104309,5,1.07482
9,6,1461.31,46.394,104309,5,1.07482
9,7,1594.69,46.394,104309,5,1.07482
9,8,1719.04,46.394,104309,5,1.07482
9,9,1771.18,46.394,104309,4,1.07482
9,1,545.514,209.046,2.44086e+06,2,1.07482
9,2,726.642,209.046,2.44086e+06,2,1.07482
9,3,1363.23,209.046,2.44086e+06,4,1.07482
9,4,1624.7,209.046,2.44086e+06,4,1.07482
9,5,1684.06,209.046,2.44086e+06,4,1.07482
9,6,2037.42,209.046,2.44086e+06,3,1.07482
9,7,2359.69,209.046,2.44086e+06,5,1.07482
9,8,2440.69,209.046,2.44086e+06,5,1.07482
9,9,2543.88,209.046,2.44086e+06,7,1.07482
9,1,491.004,60.983,512291,2,1.07482
9,2,1120.45,60.983,512291,3,1.07482
9,3,1134.2,60.983,512291,4,1.07482
9,4,1203.65,60.983,512291,3,1.07482
9,5,1259.16,60.983,512291,3,1.07482
9,6,1574.16,60.983,512291,3,1.07482
9,7,1959.68,60.983,512291,5,1.07482
9,8,1966.81,60.983,512291,5,1.07482
9,9,2110.95,60.983,512291,3,1.07482
9,1,273.381,106.118,944152,2,1.07482
9,2,665.62,106.118,944152,2,1.07482
9,3,1398.88,106.118,944152,4,1.07482
9,4,1445.86,106.118,944152,2,1.07482
9,5,1756.64,106.118,944152,3,1.07482
9,6,1808.2,106.118,944152,6,1.07482
9,7,2057.26,106.118,944152,4,1.07482
9,8,2281.22,106.118,944152,4,1.07482
9,9,2341.45,106.118,944152,5,1.07482
9,1,119.218,57.885,474704,2,1.07482
9,2,861.338,57.885,474704,3,1.07482
9,3,1035.16,57.885,474704,3,1.07482
9,4,1307.19,57.885,474704,3,1.07482
9,5,1409.51,57.885,474704,2,1.07482
9,6,1508.57,57.885,474704,4,1.07482
9,7,1511,57.885,474704,5,1.07482
9,8,1545.45,57.885,474704,4,1.07482
9,9,1816.15,57.885,474704,2,1.07482
9,1,552.675,73.423,375036,2,1.07482
9,2,766.737,73.423,375036,2,1.07482
9,3,775.436,73.423,375036,2,1.07482
9,4,1077,73.423,375036,4,1.07482
9,5,1435.89,73.423,375036,3,1.07482
9,6,1667.21,73.423,375036,3,1.07482
9,7,1678.39,73.423,375036,6,1.07482
9,8,1708.61,73.423,375036,4,1.07482
9,9,1747.34,73.423,375036,2,1.07482
9,1,252.163,127.433,527448,2,1.07482
9,2,307.586,127.433,527448,2,1.07482
9,3,439.028,127.433,527448,2,1.07482
9,4,1135.27,127.433,527448,5,1.07482
9,5,1196.64,127.433,527448,4,1.07482
9,6,1496.96,127.433,527448,3,1.07482
9,7,1560.38,127.433,527448,4,1.07482
9,8,1685.05,127.433,527448,4,1.07482
9,9,1784.26,127.433,527448,5,1.07482
9,1,1052.35,196.571,3.28653e+06,3,1.07482
9,2,1108.36,196.571,3.28653e+06,3,1.07482
9,3,1586.74,196.571,3.28653e+06,4,1.07482
9,4,1602.36,196.571,3.28653e+06,3,1.07482
9,5,1769.94,196.571,3.28653e+06,4,1.07482
9,6,1846.22,196.571,3.28653e+06,4,1.07482
9,7,2500.16,196.571,3.28653e+06,5,1.07482
9,8,2558.65,196.571,3.28653e+06,10,1.07482
9,9,2755.21,196.571,3.28653e+06,6,1.07482
9,1,237.857,50.814,273232,2,1.07482
9,2,505.57,50.814,273232,2,1.07482
9,3,755.403,50.814,273232,2,1.07482
9,4,1088.94,50.814,273232,2,1.07482
9,5,1499.15,50.814,273232,2,1.07482
9,6,1886.71,50.814,273232,3,1.07482
9,7,2002.87,50.814,273232,5,1.07482
9,8,2081.78,50.814,273232,3,1.07482
9,9,2104.16,50.814,273232,4,1.07482
9,1,772.137,117.872,869072,2,1.07482
9,2,1460.16,117.872,869072,3,1.07482
9,3,1486.2,117.872,869072,3,1.07482
9,4,1558.97,117.872,869072,3,1.07482
9,5,1862.81,117.872,869072,3,1.07482
9,6,1880.1,117.872,869072,3,1.07482
9,7,1903.74,117.872,869072,4,1.07482
9,8,2206.02,117.872,869072,7,1.07482
9,9,2456.82,117.872,869072,4,1.07482
9,1,1098.36,82.032,840487,3,1.07482
9,2,1141.27,82.032,840487,4,1.07482
9,3,1255,82.032,840487,3,1.07482
9,4,1340.28,82.032,840487,5,1.07482
9,5,1984.73,82.032,840487,4,1.07482
9,6,2065.84,82.032,840487,4,1.07482
9,7,2177.28,82.032,840487,3,1.07482
9,8,2298.2,82.032,840487,5,1.07482
9,9,2417.82,82.032,840487,4,1.07482
