K,order,dist,cost_ki,cost_edbt,vnum,density
8,1,424.948,51.835,357970,2,1.07541
8,2,936.68,51.835,357970,2,1.07541
8,3,1088.6,51.835,357970,3,1.07541
8,4,1206.62,51.835,357970,3,1.07541
8,5,1327.08,51.835,357970,2,1.07541
8,6,1386.8,51.835,357970,2,1.07541
8,7,1478.38,51.835,357970,3,1.07541
8,8,1506.11,51.835,357970,2,1.07541
8,1,127.566,61.168,421691,2,1.07541
8,2,941.824,61.168,421691,4,1.07541
8,3,1257.07,61.168,421691,5,1.07541
8,4,1738.33,61.168,421691,4,1.07541
8,5,1961.15,61.168,421691,4,1.07541
8,6,2061.98,61.168,421691,4,1.07541
8,7,2151.01,61.168,421691,4,1.07541
8,8,2240.85,61.168,421691,4,1.07541
8,1,661.245,70.488,595604,2,1.07541
8,2,686.739,70.488,595604,2,1.07541
8,3,854.88,70.488,595604,2,1.07541
8,4,1221.43,70.488,595604,3,1.07541
8,5,1864.57,70.488,595604,5,1.07541
8,6,1900.35,70.488,595604,4,1.07541
8,7,1963.47,70.488,595604,4,1.07541
8,8,1987.89,70.488,595604,6,1.07541
8,1,730.54,33.779,206680,2,1.07541
8,2,736.419,33.779,206680,3,1.07541
8,3,1093.51,33.779,206680,3,1.07541
8,4,1244.14,33.779,206680,3,1.07541
8,5,1283.64,33.779,206680,5,1.07541
8,6,1546.16,33.779,206680,4,1.07541
8,7,1673.93,33.779,206680,5,1.07541
8,8,1728.37,33.779,206680,4,1.07541
8,1,346.625,36.782,218117,2,1.07541
8,2,841.692,36.782,218117,2,1.07541
8,3,1098.14,36.782,218117,2,1.07541
8,4,1246.19,36.782,218117,3,1.07541
8,5,1331.03,36.782,218117,5,1.07541
8,6,1343.17,36.782,218117,4,1.07541
8,7,1493.02,36.782,218117,4,1.07541
8,8,1511.56,36.782,218117,6,1.07541
8,1,277.115,57.088,411047,2,1.07541
8,2,316.893,57.088,411047,2,1.07541
8,3,618.955,57.088,411047,2,1.07541
8,4,1241.84,57.088,411047,5,1.07541
8,5,1407.41,57.088,411047,5,1.07541
8,6,1660,57.088,411047,3,1.07541
8,7,1702.25,57.088,411047,3,1.07541
8,8,1799.74,57.088,411047,4,1.07541
8,1,1280.32,95.865,1.21835e+06,2,1.07541
8,2,1343,95.865,1.21835e+06,3,1.07541
8,3,1443.01,95.865,1.21835e+06,2,1.07541
8,4,1552.86,95.865,1.21835e+06,6,1.07541
8,5,1620.95,95.865,1.21835e+06,2,1.07541
8,6,1963.76,95.865,1.21835e+06,4,1.07541
8,7,2095.28,95.865,1.21835e+06,6,1.07541
8,8,2208.59,95.865,1.21835e+06,4,1.07541
8,1,234.559,106.735,672503,2,1.07541
8,2,294.279,106.735,672503,2,1.07541
8,3,544.265,106.735,672503,2,1.07541
8,4,740.709,106.735,672503,2,1.07541
8,5,925.378,106.735,672503,2,1.07541
8,6,1484.28,106.735,672503,2,1.07541
8,7,1573.88,106.735,672503,4,1.07541
8,8,2121.5,106.735,672503,3,1.07541
8,1,1244.26,57.774,228779,4,1.07541
8,2,1397.04,57.774,228779,3,1.07541
8,3,1405.77,57.774,228779,4,1.07541
8,4,1469.45,57.774,228779,5,1.07541
8,5,1644.95,57.774,228779,3,1.07541
8,6,1732.44,57.774,228779,4,1.07541
8,7,1763.85,57.774,228779,3,1.07541
8,8,1825.75,57.774,228779,3,1.07541
8,1,1046.11,72.787,491197,2,1.07541
8,2,1075.52,72.787,491197,2,1.07541
8,3,1313.96,72.787,491197,3,1.07541
8,4,1369.63,72.787,491197,3,1.07541
8,5,1661.17,72.787,491197,3,1.07541
8,6,1780.53,72.787,491197,3,1.07541
8,7,1792.37,72.787,491197,3,1.07541
8,8,1871.35,72.787,491197,3,1.07541
8,1,896.201,83.275,640441,4,1.07541
8,2,928.93,83.275,640441,3,1.07541
8,3,946.397,83.275,640441,3,1.07541
8,4,961.57,83.275,640441,3,1.07541
8,5,969.042,83.275,640441,2,1.07541
8,6,1180.35,83.275,640441,4,1.07541
8,7,1771.86,83.275,640441,3,1.07541
8,8,2182.6,83.275,640441,7,1.07541
8,1,673.668,43.061,105180,2,1.07541
8,2,1041.88,43.061,105180,3,1.07541
8,3,1228.05,43.061,105180,3,1.07541
8,4,1269.26,43.061,105180,4,1.07541
8,5,1323.4,43.061,105180,3,1.07541
8,6,1413.24,43.061,105180,2,1.07541
8,7,1479.11,43.061,105180,4,1.07541
8,8,1596.88,43.061,105180,2,1.07541
8,1,722.53,46.159,186498,2,1.07541
8,2,723.408,46.159,186498,3,1.07541
8,3,1153.69,46.159,186498,3,1.07541
8,4,1311.44,46.159,186498,3,1.07541
8,5,1342.7,46.159,186498,3,1.07541
8,6,1613.9,46.159,186498,3,1.07541
8,7,1742.06,46.159,186498,4,1.07541
8,8,1756.69,46.159,186498,4,1.07541
8,1,943.827,48.516,508880,4,1.07541
8,2,1011.95,48.516,508880,4,1.07541
8,3,1078.54,48.516,508880,5,1.07541
8,4,1089.42,48.516,508880,2,1.07541
8,5,1185.45,48.516,508880,4,1.07541
8,6,1544.68,48.516,508880,4,1.07541
8,7,1629.44,48.516,508880,4,1.07541
8,8,1659.06,48.516,508880,4,1.07541
8,1,467.836,33.76,290102,3,1.07541
8,2,512.247,33.76,290102,2,1.07541
8,3,519.351,33.76,290102,2,1.07541
8,4,1349.44,33.76,290102,4,1.07541
8,5,1376.83,33.76,290102,4,1.07541
8,6,1437.11,33.76,290102,3,1.07541
8,7,1467.81,33.76,290102,3,1.07541
8,8,1668.68,33.76,290102,3,1.07541
8,1,1126.45,64.907,392724,3,1.07541
8,2,1657.68,64.907,392724,6,1.07541
8,3,1774.9,64.907,392724,4,1.07541
8,4,1795.03,64.907,392724,3,1.07541
8,5,1966.87,64.907,392724,3,1.07541
8,6,1973.66,64.907,392724,3,1.07541
8,7,1996.52,64.907,392724,6,1.07541
8,8,2008.82,64.907,392724,4,1.07541
8,1,697.915,56.15,1.72425e+06,4,1.07541
8,2,730.537,56.15,1.72425e+06,2,1.07541
8,3,1002.94,56.15,1.72425e+06,6,1.07541
8,4,1161.67,56.15,1.72425e+06,6,1.07541
8,5,1267.48,56.15,1.72425e+06,3,1.07541
8,6,1506.16,56.15,1.72425e+06,5,1.07541
8,7,1731.94,56.15,1.72425e+06,3,1.07541
8,8,1752.09,56.15,1.72425e+06,4,1.07541
8,1,1071.56,119.898,766875,4,1.07541
8,2,1714.41,119.898,766875,5,1.07541
8,3,1905.84,119.898,766875,5,1.07541
8,4,1984.47,119.898,766875,3,1.07541
8,5,2129.64,119.898,766875,7,1.07541
8,6,2142.18,119.898,766875,3,1.07541
8,7,2230.94,119.898,766875,3,1.07541
8,8,2240.28,119.898,766875,4,1.07541
8,1,770.912,152.262,928781,2,1.07541
8,2,1600.24,152.262,928781,2,1.07541
8,3,1728.18,152.262,928781,3,1.07541
8,4,2132.24,152.262,928781,3,1.07541
8,5,2731.53,152.262,928781,4,1.07541
8,6,2737.88,152.262,928781,4,1.07541
8,7,2812.2,152.262,928781,5,1.07541
8,8,2957.01,152.262,928781,4,1.07541
8,1,507.147,36.32,230390,4,1.07541
8,2,593.407,36.32,230390,3,1.07541
8,3,966.539,36.32,230390,3,1.07541
8,4,1077.4,36.32,230390,3,1.07541
8,5,1115.36,36.32,230390,7,1.07541
8,6,1242.35,36.32,230390,3,1.07541
8,7,1356.91,36.32,230390,3,1.07541
8,8,1384.65,36.32,230390,3,1.07541
8,1,295.147,51.034,248743,2,1.07541
8,2,1423.73,51.034,248743,3,1.07541
8,3,1491.01,51.034,248743,2,1.07541
8,4,1523.86,51.034,248743,3,1.07541
8,5,1847.64,51.034,248743,2,1.07541
8,6,1848.58,51.034,248743,6,1.07541
8,7,1902.06,51.034,248743,3,1.07541
8,8,2058.77,51.034,248743,3,1.07541
8,1,547.753,42.767,183996,2,1.07541
8,2,768.548,42.767,183996,3,1.07541
8,3,922.443,42.767,183996,2,1.07541
8,4,969.385,42.767,183996,3,1.07541
8,5,1427.79,42.767,183996,3,1.07541
8,6,1516.75,42.767,183996,3,1.07541
8,7,1581.59,42.767,183996,3,1.07541
8,8,1670.94,42.767,183996,2,1.07541
8,1,177.589,16.229,108361,2,1.07541
8,2,239.24,16.229,108361,2,1.07541
8,3,629.156,16.229,108361,2,1.07541
8,4,912.123,16.229,108361,2,1.07541
8,5,945.19,16.229,108361,2,1.07541
8,6,1054.94,16.229,108361,4,1.07541
8,7,1102.87,16.229,108361,4,1.07541
8,8,1134.29,16.229,108361,2,1.07541
8,1,368.383,25.957,245591,2,1.07541
8,2,437.778,25.957,245591,2,1.07541
8,3,487.546,25.957,245591,2,1.07541
8,4,632.317,25.957,245591,2,1.07541
8,5,662.737,25.957,245591,2,1.07541
8,6,744.485,25.957,245591,2,1.07541
8,7,911.562,25.957,245591,2,1.07541
8,8,1126.7,25.957,245591,2,1.07541
8,1,260,75.841,131097,2,1.07541
8,2,615.228,75.841,131097,2,1.07541
8,3,1412.25,75.841,131097,2,1.07541
8,4,1465.24,75.841,131097,3,1.07541
8,5,1577.05,75.841,131097,2,1.07541
8,6,1633.1,75.841,131097,5,1.07541
8,7,1655.14,75.841,131097,6,1.07541
8,8,1729.31,75.841,131097,5,1.07541
8,1,334.001,38.024,196772,2,1.07541
8,2,833.038,38.024,196772,2,1.07541
8,3,953.778,38.024,196772,3,1.07541
8,4,1167.71,38.024,196772,3,1.07541
8,5,1281.92,38.024,196772,3,1.07541
8,6,1366.7,38.024,196772,4,1.07541
8,7,1409.81,38.024,196772,3,1.07541
8,8,1448.7,38.024,196772,3,1.07541
8,1,405.745,103.392,341726,2,1.07541
8,2,506.161,103.392,341726,5,1.07541
8,3,908.184,103.392,341726,3,1.07541
8,4,1156.76,103.392,341726,8,1.07541
8,5,1253.75,103.392,341726,4,1.07541
8,6,1321.64,103.392,341726,6,1.07541
8,7,1541.7,103.392,341726,7,1.07541
8,8,1700.36,103.392,341726,3,1.07541
8,1,147.054,53.809,438046,2,1.07541
8,2,611.59,53.809,438046,2,1.07541
8,3,1070.14,53.809,438046,4,1.07541
8,4,1123.77,53.809,438046,3,1.07541
8,5,1398.39,53.809,438046,3,1.07541
8,6,1463.01,53.809,438046,3,1.07541
8,7,1631.75,53.809,438046,4,1.07541
8,8,1806.16,53.809,438046,3,1.07541
8,1,232.848,68.518,409663,2,1.07541
8,2,490.251,68.518,409663,2,1.07541
8,3,561.919,68.518,409663,3,1.07541
8,4,1009.6,68.518,409663,2,1.07541
8,5,1099.32,68.518,409663,2,1.07541
8,6,1780.05,68.518,409663,5,1.07541
8,7,1917.86,68.518,409663,4,1.07541
8,8,2128.71,68.518,409663,3,1.07541
8,1,535.464,56.422,469476,2,1.07541
8,2,1148,56.422,469476,2,1.07541
8,3,1202.74,56.422,469476,2,1.07541
8,4,1278.6,56.422,469476,2,1.07541
8,5,1353.77,56.422,469476,3,1.07541
8,6,1487.29,56.422,469476,7,1.07541
8,7,1523.9,56.422,469476,2,1.07541
8,8,1618.83,56.422,469476,2,1.07541
8,1,466.013,62.501,250384,2,1.07541
8,2,705.839,62.501,250384,2,1.07541
8,3,758.537,62.501,250384,2,1.07541
8,4,1088.43,62.501,250384,3,1.07541
8,5,1107.63,62.501,250384,3,1.07541
8,6,1195.1,62.501,250384,3,1.07541
8,7,1569.24,62.501,250384,4,1.07541
8,8,1607.7,62.501,250384,3,1.07541
8,1,816.201,69.681,220011,2,1.07541
8,2,891.214,69.681,220011,3,1.07541
8,3,1194.36,69.681,220011,2,1.07541
8,4,1284.34,69.681,220011,3,1.07541
8,5,1428.29,69.681,220011,3,1.07541
8,6,1609.65,69.681,220011,4,1.07541
8,7,1616.37,69.681,220011,4,1.07541
8,8,1762.42,69.681,220011,5,1.07541
8,1,495.464,51.622,314851,2,1.07541
8,2,672.075,51.622,314851,2,1.07541
8,3,722.303,51.622,314851,2,1.07541
8,4,1096.38,51.622,314851,3,1.07541
8,5,1224.98,51.622,314851,3,1.07541
8,6,1324.34,51.622,314851,3,1.07541
8,7,1446.01,51.622,314851,3,1.07541
8,8,1531.89,51.622,314851,5,1.07541
8,1,1007.59,108.626,1.01078e+06,3,1.07541
8,2,1728.82,108.626,1.01078e+06,3,1.07541
8,3,1771.44,108.626,1.01078e+06,3,1.07541
8,4,1962.61,108.626,1.01078e+06,3,1.07541
8,5,1973.93,108.626,1.01078e+06,5,1.07541
8,6,2164.24,108.626,1.01078e+06,5,1.07541
8,7,2205.15,108.626,1.01078e+06,4,1.07541
8,8,2412.46,108.626,1.01078e+06,6,1.07541
8,1,907.802,50.102,321729,3,1.07541
8,2,1052.21,50.102,321729,2,1.07541
8,3,1546.17,50.102,321729,4,1.07541
8,4,1577.33,50.102,321729,4,1.07541
8,5,1737.09,50.102,321729,6,1.07541
8,6,1790.5,50.102,321729,4,1.07541
8,7,1848.44,50.102,321729,5,1.07541
8,8,1861.97,50.102,321729,4,1.07541
8,1,304.253,49.012,309180,2,1.07541
8,2,689.173,49.012,309180,3,1.07541
8,3,1161.02,49.012,309180,2,1.07541
8,4,1412.83,49.012,309180,3,1.07541
8,5,1502.39,49.012,309180,4,1.07541
8,6,1573.67,49.012,309180,3,1.07541
8,7,1647.1,49.012,309180,4,1.07541
8,8,1739.2,49.012,309180,4,1.07541
8,1,786.876,83.178,560858,4,1.07541
8,2,1213.11,83.178,560858,3,1.07541
8,3,1509.71,83.178,560858,3,1.07541
8,4,1940.3,83.178,560858,3,1.07541
8,5,2209.62,83.178,560858,5,1.07541
8,6,2234.01,83.178,560858,4,1.07541
8,7,2311.78,83.178,560858,5,1.07541
8,8,2353.9,83.178,560858,7,1.07541
8,1,858.733,70.786,545845,3,1.07541
8,2,966.368,70.786,545845,3,1.07541
8,3,1052.86,70.786,545845,3,1.07541
8,4,1177.93,70.786,545845,3,1.07541
8,5,1601.35,70.786,545845,7,1.07541
8,6,1815.46,70.786,545845,7,1.07541
8,7,1936.75,70.786,545845,3,1.07541
8,8,1996.01,70.786,545845,5,1.07541
8,1,1019.39,117.645,1.11593e+06,3,1.07541
8,2,1352.81,117.645,1.11593e+06,3,1.07541
8,3,1688.82,117.645,1.11593e+06,6,1.07541
8,4,1716.7,117.645,1.11593e+06,4,1.07541
8,5,1962.89,117.645,1.11593e+06,4,1.07541
8,6,2194.13,117.645,1.11593e+06,2,1.07541
8,7,2376.26,117.645,1.11593e+06,7,1.07541
8,8,2460.86,117.645,1.11593e+06,4,1.07541
8,1,772.078,86.577,460618,3,1.07541
8,2,1055.33,86.577,460618,2,1.07541
8,3,1265.07,86.577,460618,4,1.07541
8,4,1301.77,86.577,460618,3,1.07541
8,5,1336.92,86.577,460618,4,1.07541
8,6,1484.29,86.577,460618,4,1.07541
8,7,1724.53,86.577,460618,4,1.07541
8,8,1937.58,86.577,460618,3,1.07541
8,1,306.067,131.376,1.87766e+06,2,1.07541
8,2,354.528,131.376,1.87766e+06,2,1.07541
8,3,597.001,131.376,1.87766e+06,2,1.07541
8,4,948.205,131.376,1.87766e+06,2,1.07541
8,5,1982.49,131.376,1.87766e+06,4,1.07541
8,6,2160.13,131.376,1.87766e+06,5,1.07541
8,7,2273.52,131.376,1.87766e+06,4,1.07541
8,8,2337.77,131.376,1.87766e+06,3,1.07541
8,1,266.961,73.66,973796,4,1.07541
8,2,281.007,73.66,973796,2,1.07541
8,3,281.716,73.66,973796,2,1.07541
8,4,485.561,73.66,973796,3,1.07541
8,5,1097.2,73.66,973796,5,1.07541
8,6,1294.9,73.66,973796,2,1.07541
8,7,1750.64,73.66,973796,4,1.07541
8,8,1750.93,73.66,973796,2,1.07541
8,1,470.737,86.204,825671,2,1.07541
8,2,1139.7,86.204,825671,3,1.07541
8,3,1396.55,86.204,825671,3,1.07541
8,4,1599.34,86.204,825671,3,1.07541
8,5,1680.52,86.204,825671,3,1.07541
8,6,1771,86.204,825671,3,1.07541
8,7,1772.77,86.204,825671,5,1.07541
8,8,1800.01,86.204,825671,2,1.07541
8,1,466.901,35.513,167182,2,1.07541
8,2,474.688,35.513,167182,2,1.07541
8,3,862.21,35.513,167182,4,1.07541
8,4,933.865,35.513,167182,2,1.07541
8,5,1154.59,35.513,167182,2,1.07541
8,6,1220.69,35.513,167182,3,1.07541
8,7,1415.61,35.513,167182,4,1.07541
8,8,1486.73,35.513,167182,3,1.07541
8,1,1355.03,71.953,350185,3,1.07541
8,2,1448.04,71.953,350185,2,1.07541
8,3,1469.22,71.953,350185,5,1.07541
8,4,1525.29,71.953,350185,2,1.07541
8,5,1537.99,71.953,350185,5,1.07541
8,6,1559.64,71.953,350185,3,1.07541
8,7,1560.76,71.953,350185,3,1.07541
8,8,1709.76,71.953,350185,2,1.07541
8,1,273.029,74.371,436304,2,1.07541
8,2,857.143,74.371,436304,5,1.07541
8,3,1218.18,74.371,436304,3,1.07541
8,4,1433.83,74.371,436304,6,1.07541
8,5,1627.55,74.371,436304,7,1.07541
8,6,1957.6,74.371,436304,4,1.07541
8,7,2095.94,74.371,436304,4,1.07541
8,8,2208.97,74.371,436304,9,1.07541
8,1,229.924,55.438,336652,2,1.07541
8,2,1509.15,55.438,336652,4,1.07541
8,3,1554.38,55.438,336652,5,1.07541
8,4,1585.07,55.438,336652,3,1.07541
8,5,1615.28,55.438,336652,3,1.07541
8,6,1656.69,55.438,336652,4,1.07541
8,7,1779.44,55.438,336652,5,1.07541
8,8,1823.12,55.438,336652,4,1.07541
8,1,349.779,52.932,146292,2,1.07541
8,2,354.686,52.932,146292,2,1.07541
8,3,806.291,52.932,146292,2,1.07541
8,4,1313.29,52.932,146292,4,1.07541
8,5,1526.4,52.932,146292,3,1.07541
8,6,1800.23,52.932,146292,3,1.07541
8,7,1897.96,52.932,146292,4,1.07541
8,8,2167.75,52.932,146292,4,1.07541
8,1,431.744,61.624,628263,3,1.07541
8,2,961.437,61.624,628263,3,1.07541
8,3,1310.13,61.624,628263,4,1.07541
8,4,1406.75,61.624,628263,2,1.07541
8,5,1409.33,61.624,628263,2,1.07541
8,6,1453.1,61.624,628263,4,1.07541
8,7,1495.87,61.624,628263,4,1.07541
8,8,1629.02,61.624,628263,6,1.07541
8,1,1066.93,88.333,436462,4,1.07541
8,2,1366.21,88.333,436462,4,1.07541
8,3,1413.77,88.333,436462,4,1.07541
8,4,1762.43,88.333,436462,2,1.07541
8,5,1847.83,88.333,436462,6,1.07541
8,6,2211.57,88.333,436462,5,1.07541
8,7,2307.2,88.333,436462,2,1.07541
8,8,2420.89,88.333,436462,3,1.07541
8,1,839.914,80.835,607178,3,1.07541
8,2,1425.97,80.835,607178,3,1.07541
8,3,1553.57,80.835,607178,3,1.07541
8,4,1924.75,80.835,607178,5,1.07541
8,5,1992.05,80.835,607178,3,1.07541
8,6,2047.65,80.835,607178,3,1.07541
8,7,2217.77,80.835,607178,4,1.07541
8,8,2277.1,80.835,607178,5,1.07541
8,1,755.278,67.993,384514,2,1.07541
8,2,1019.99,67.993,384514,2,1.07541
8,3,1145.87,67.993,384514,3,1.07541
8,4,1421.52,67.993,384514,5,1.07541
8,5,1457.2,67.993,384514,2,1.07541
8,6,1518.06,67.993,384514,4,1.07541
8,7,1650.82,67.993,384514,7,1.07541
8,8,1791.47,67.993,384514,3,1.07541
8,1,1038.75,100.688,278434,4,1.07541
8,2,1039.79,100.688,278434,4,1.07541
8,3,1157.89,100.688,278434,3,1.07541
8,4,1334.74,100.688,278434,3,1.07541
8,5,1365.4,100.688,278434,3,1.07541
8,6,1513.72,100.688,278434,3,1.07541
8,7,1993.89,100.688,278434,5,1.07541
8,8,2079.69,100.688,278434,4,1.07541
8,1,334.247,49.676,217825,2,1.07541
8,2,650.007,49.676,217825,2,1.07541
8,3,902.567,49.676,217825,2,1.07541
8,4,1241.3,49.676,217825,2,1.07541
8,5,1383.6,49.676,217825,2,1.07541
8,6,1598.95,49.676,217825,4,1.07541
8,7,1641.11,49.676,217825,5,1.07541
8,8,1648.78,49.676,217825,3,1.07541
8,1,846.281,105.323,603370,3,1.07541
8,2,1020.13,105.323,603370,3,1.07541
8,3,1300.49,105.323,603370,3,1.07541
8,4,1696.15,105.323,603370,4,1.07541
8,5,2024.26,105.323,603370,5,1.07541
8,6,2223.58,105.323,603370,3,1.07541
8,7,2301.95,105.323,603370,5,1.07541
8,8,2358.6,105.323,603370,4,1.07541
8,1,579.494,47.708,615771,2,1.07541
8,2,885.424,47.708,615771,2,1.07541
8,3,902.982,47.708,615771,2,1.07541
8,4,1246.15,47.708,615771,4,1.07541
8,5,1362.92,47.708,615771,3,1.07541
8,6,1468.57,47.708,615771,4,1.07541
8,7,1579.38,47.708,615771,5,1.07541
8,8,1871.74,47.708,615771,4,1.07541
8,1,331.887,71.257,584914,2,1.07541
8,2,1266.84,71.257,584914,5,1.07541
8,3,1328.72,71.257,584914,4,1.07541
8,4,1415.67,71.257,584914,4,1.07541
8,5,1596.25,71.257,584914,5,1.07541
8,6,1673.85,71.257,584914,4,1.07541
8,7,1973.8,71.257,584914,5,1.07541
8,8,2049.6,71.257,584914,6,1.07541
8,1,351.638,48.115,159604,2,1.07541
8,2,634.894,48.115,159604,2,1.07541
8,3,861.778,48.115,159604,3,1.07541
8,4,1044.05,48.115,159604,2,1.07541
8,5,1294.16,48.115,159604,3,1.07541
8,6,1456,48.115,159604,2,1.07541
8,7,1556.07,48.115,159604,4,1.07541
8,8,1578.57,48.115,159604,3,1.07541
8,1,1135.73,145.434,1.47632e+06,4,1.07541
8,2,1206.62,145.434,1.47632e+06,3,1.07541
8,3,1742.68,145.434,1.47632e+06,6,1.07541
8,4,1893.91,145.434,1.47632e+06,4,1.07541
8,5,1992.08,145.434,1.47632e+06,4,1.07541
8,6,2071.32,145.434,1.47632e+06,8,1.07541
8,7,2286.06,145.434,1.47632e+06,7,1.07541
8,8,2521.13,145.434,1.47632e+06,3,1.07541
8,1,481.234,44.901,313241,2,1.07541
8,2,530.602,44.901,313241,2,1.07541
8,3,563.921,44.901,313241,3,1.07541
8,4,1046.15,44.901,313241,3,1.07541
8,5,1273.44,44.901,313241,2,1.07541
8,6,1545.13,44.901,313241,3,1.07541
8,7,1603.25,44.901,313241,3,1.07541
8,8,1735.8,44.901,313241,4,1.07541
8,1,527.095,35.839,179639,2,1.07541
8,2,571.542,35.839,179639,2,1.07541
8,3,1119.26,35.839,179639,3,1.07541
8,4,1160.64,35.839,179639,3,1.07541
8,5,1456.07,35.839,179639,3,1.07541
8,6,1465.45,35.839,179639,2,1.07541
8,7,1615.06,35.839,179639,3,1.07541
8,8,1648.21,35.839,179639,3,1.07541
8,1,327.611,45.816,191620,2,1.07541
8,2,478.528,45.816,191620,2,1.07541
8,3,691.271,45.816,191620,2,1.07541
8,4,1000.29,45.816,191620,2,1.07541
8,5,1173.55,45.816,191620,3,1.07541
8,6,1393.42,45.816,191620,2,1.07541
8,7,1444.53,45.816,191620,7,1.07541
8,8,1612.73,45.816,191620,9,1.07541
8,1,289.614,44.284,479021,2,1.07541
8,2,506.672,44.284,479021,2,1.07541
8,3,509.071,44.284,479021,2,1.07541
8,4,680.329,44.284,479021,2,1.07541
8,5,1107.61,44.284,479021,2,1.07541
8,6,1348.6,44.284,479021,2,1.07541
8,7,1439.89,44.284,479021,4,1.07541
8,8,1530.1,44.284,479021,4,1.07541
8,1,84.0238,56.94,184079,2,1.07541
8,2,715.436,56.94,184079,2,1.07541
8,3,1158.78,56.94,184079,3,1.07541
8,4,1200.21,56.94,184079,3,1.07541
8,5,1239.04,56.94,184079,2,1.07541
8,6,1245.74,56.94,184079,5,1.07541
8,7,1441.31,56.94,184079,5,1.07541
8,8,1773.03,56.94,184079,2,1.07541
8,1,85.0882,58.576,204509,2,1.07541
8,2,366.154,58.576,204509,2,1.07541
8,3,425.377,58.576,204509,2,1.07541
8,4,827.663,58.576,204509,3,1.07541
8,5,1239.32,58.576,204509,2,1.07541
8,6,1524.06,58.576,204509,3,1.07541
8,7,1528.17,58.576,204509,6,1.07541
8,8,1540.8,58.576,204509,4,1.07541
8,1,41.2311,74.649,271234,2,1.07541
8,2,1697.21,74.649,271234,5,1.07541
8,3,1718.9,74.649,271234,3,1.07541
8,4,1759.1,74.649,271234,4,1.07541
8,5,1766,74.649,271234,3,1.07541
8,6,1881.65,74.649,271234,4,1.07541
8,7,1901.14,74.649,271234,3,1.07541
8,8,1911.83,74.649,271234,4,1.07541
8,1,1025.1,125.737,494755,3,1.07541
8,2,1351.49,125.737,494755,3,1.07541
8,3,1379.45,125.737,494755,4,1.07541
8,4,1724.15,125.737,494755,4,1.07541
8,5,1794.41,125.737,494755,4,1.07541
8,6,1836.31,125.737,494755,4,1.07541
8,7,1936.16,125.737,494755,4,1.07541
8,8,2036.87,125.737,494755,4,1.07541
8,1,417.929,53.911,231014,2,1.07541
8,2,1208.19,53.911,231014,3,1.07541
8,3,1239.39,53.911,231014,3,1.07541
8,4,1286.11,53.911,231014,4,1.07541
8,5,1366.16,53.911,231014,4,1.07541
8,6,1672.89,53.911,231014,4,1.07541
8,7,1715.35,53.911,231014,4,1.07541
8,8,2007.89,53.911,231014,4,1.07541
8,1,422.838,186.858,2.20467e+06,2,1.07541
8,2,795.097,186.858,2.20467e+06,3,1.07541
8,3,1225.6,186.858,2.20467e+06,3,1.07541
8,4,1521.9,186.858,2.20467e+06,2,1.07541
8,5,1541.91,186.858,2.20467e+06,3,1.07541
8,6,1786.58,186.858,2.20467e+06,3,1.07541
8,7,2001.84,186.858,2.20467e+06,4,1.07541
8,8,2524.59,186.858,2.20467e+06,8,1.07541
8,1,711.621,114.094,1.1981e+06,2,1.07541
8,2,1058.43,114.094,1.1981e+06,2,1.07541
8,3,1251.69,114.094,1.1981e+06,2,1.07541
8,4,1778,114.094,1.1981e+06,3,1.07541
8,5,2122.42,114.094,1.1981e+06,4,1.07541
8,6,2174.8,114.094,1.1981e+06,2,1.07541
8,7,2239.17,114.094,1.1981e+06,5,1.07541
8,8,2241.07,114.094,1.1981e+06,6,1.07541
8,1,224.321,42.41,139687,2,1.07541
8,2,653.589,42.41,139687,2,1.07541
8,3,707.448,42.41,139687,2,1.07541
8,4,1186.53,42.41,139687,4,1.07541
8,5,1277.81,42.41,139687,4,1.07541
8,6,1329.76,42.41,139687,4,1.07541
8,7,1342.52,42.41,139687,3,1.07541
8,8,1522.14,42.41,139687,4,1.07541
8,1,712.461,68.158,430102,2,1.07541
8,2,924.383,68.158,430102,3,1.07541
8,3,1630.98,68.158,430102,5,1.07541
8,4,1655.83,68.158,430102,4,1.07541
8,5,1656.11,68.158,430102,4,1.07541
8,6,1746.66,68.158,430102,5,1.07541
8,7,1789.04,68.158,430102,4,1.07541
8,8,1922.89,68.158,430102,4,1.07541
8,1,284.023,46.635,397265,2,1.07541
8,2,517.981,46.635,397265,2,1.07541
8,3,547.785,46.635,397265,2,1.07541
8,4,1257.13,46.635,397265,2,1.07541
8,5,1405.96,46.635,397265,2,1.07541
8,6,1514.52,46.635,397265,5,1.07541
8,7,2001.93,46.635,397265,6,1.07541
8,8,2109.98,46.635,397265,2,1.07541
8,1,432.686,38.956,194367,2,1.07541
8,2,565,38.956,194367,2,1.07541
8,3,638.04,38.956,194367,3,1.07541
8,4,1396.66,38.956,194367,2,1.07541
8,5,1516.29,38.956,194367,2,1.07541
8,6,1532.34,38.956,194367,3,1.07541
8,7,1565.26,38.956,194367,4,1.07541
8,8,1576.09,38.956,194367,3,1.07541
8,1,200.943,35.969,185367,2,1.07541
8,2,399.81,35.969,185367,2,1.07541
8,3,793.016,35.969,185367,2,1.07541
8,4,802.524,35.969,185367,2,1.07541
8,5,1196.45,35.969,185367,2,1.07541
8,6,1334.15,35.969,185367,2,1.07541
8,7,1382.61,35.969,185367,5,1.07541
8,8,1535.01,35.969,185367,3,1.07541
8,1,106.794,46.057,343141,2,1.07541
8,2,473.63,46.057,343141,2,1.07541
8,3,484.661,46.057,343141,2,1.07541
8,4,794.245,46.057,343141,3,1.07541
8,5,908.289,46.057,343141,5,1.07541
8,6,974.841,46.057,343141,3,1.07541
8,7,1489.15,46.057,343141,5,1.07541
8,8,1600.73,46.057,343141,3,1.07541
8,1,520.738,92.597,808732,3,1.07541
8,2,1659.28,92.597,808732,6,1.07541
8,3,1756.45,92.597,808732,4,1.07541
8,4,1843.3,92.597,808732,4,1.07541
8,5,2000.44,92.597,808732,4,1.07541
8,6,2083.92,92.597,808732,5,1.07541
8,7,2149.85,92.597,808732,6,1.07541
8,8,2371.43,92.597,808732,5,1.07541
8,1,593.507,58.638,508798,2,1.07541
8,2,594.052,58.638,508798,2,1.07541
8,3,686.295,58.638,508798,2,1.07541
8,4,922.194,58.638,508798,2,1.07541
8,5,1063.11,58.638,508798,2,1.07541
8,6,1072.39,58.638,508798,2,1.07541
8,7,1565.07,58.638,508798,5,1.07541
8,8,1605.45,58.638,508798,5,1.07541
8,1,1110.63,145.486,467175,3,1.07541
8,2,1383.81,145.486,467175,3,1.07541
8,3,1436.25,145.486,467175,7,1.07541
8,4,1509.37,145.486,467175,5,1.07541
8,5,1559.1,145.486,467175,4,1.07541
8,6,1782.33,145.486,467175,6,1.07541
8,7,2064.2,145.486,467175,6,1.07541
8,8,2151.72,145.486,467175,6,1.07541
8,1,242.293,72.215,538506,2,1.07541
8,2,594.819,72.215,538506,2,1.07541
8,3,1321.32,72.215,538506,2,1.07541
8,4,1335.69,72.215,538506,6,1.07541
8,5,1619.96,72.215,538506,4,1.07541
8,6,1643.65,72.215,538506,8,1.07541
8,7,1706.56,72.215,538506,5,1.07541
8,8,1710.82,72.215,538506,3,1.07541
8,1,891.964,99.146,942388,2,1.07541
8,2,976.902,99.146,942388,2,1.07541
8,3,1379.23,99.146,942388,3,1.07541
8,4,1642.71,99.146,942388,3,1.07541
8,5,1797.96,99.146,942388,3,1.07541
8,6,1939.62,99.146,942388,4,1.07541
8,7,2085.19,99.146,942388,3,1.07541
8,8,2134.77,99.146,942388,4,1.07541
8,1,873.077,77.979,306929,3,1.07541
8,2,980.562,77.979,306929,2,1.07541
8,3,1032.78,77.979,306929,4,1.07541
8,4,1152.01,77.979,306929,4,1.07541
8,5,1529.79,77.979,306929,4,1.07541
8,6,1832.74,77.979,306929,3,1.07541
8,7,1947.35,77.979,306929,4,1.07541
8,8,2035.44,77.979,306929,5,1.07541
8,1,675.518,92.657,316776,2,1.07541
8,2,1148.01,92.657,316776,3,1.07541
8,3,1285.77,92.657,316776,2,1.07541
8,4,1668.06,92.657,316776,5,1.07541
8,5,1916.49,92.657,316776,4,1.07541
8,6,2065.34,92.657,316776,4,1.07541
8,7,2148.07,92.657,316776,3,1.07541
8,8,2452.75,92.657,316776,4,1.07541
8,1,974.268,77.95,460331,3,1.07541
8,2,1042.08,77.95,460331,2,1.07541
8,3,1049.86,77.95,460331,2,1.07541
8,4,1139.65,77.95,460331,3,1.07541
8,5,1380.46,77.95,460331,3,1.07541
8,6,1559.48,77.95,460331,3,1.07541
8,7,1946.3,77.95,460331,3,1.07541
8,8,2002.96,77.95,460331,4,1.07541
8,1,676.24,27.668,121975,2,1.07541
8,2,807.298,27.668,121975,2,1.07541
8,3,918.352,27.668,121975,2,1.07541
8,4,1603.39,27.668,121975,2,1.07541
8,5,1646.81,27.668,121975,2,1.07541
8,6,1665.36,27.668,121975,2,1.07541
8,7,1711.02,27.668,121975,4,1.07541
8,8,1912.92,27.668,121975,2,1.07541
8,1,956.253,119.345,1.16347e+06,2,1.07541
8,2,1101.51,119.345,1.16347e+06,3,1.07541
8,3,1559.89,119.345,1.16347e+06,5,1.07541
8,4,1672.09,119.345,1.16347e+06,5,1.07541
8,5,1703.03,119.345,1.16347e+06,5,1.07541
8,6,1703.64,119.345,1.16347e+06,3,1.07541
8,7,1830.85,119.345,1.16347e+06,3,1.07541
8,8,1985.78,119.345,1.16347e+06,7,1.07541
8,1,820.614,73.591,1.1507e+06,4,1.07541
8,2,1190.53,73.591,1.1507e+06,4,1.07541
8,3,1269.24,73.591,1.1507e+06,6,1.07541
8,4,1424.54,73.591,1.1507e+06,5,1.07541
8,5,1474.96,73.591,1.1507e+06,7,1.07541
8,6,1811.95,73.591,1.1507e+06,5,1.07541
8,7,1818.64,73.591,1.1507e+06,7,1.07541
8,8,2006.03,73.591,1.1507e+06,6,1.07541
8,1,529.2,120.621,1.27391e+06,2,1.07541
8,2,1285.41,120.621,1.27391e+06,4,1.07541
8,3,1459.42,120.621,1.27391e+06,6,1.07541
8,4,1574.38,120.621,1.27391e+06,4,1.07541
8,5,2045.12,120.621,1.27391e+06,4,1.07541
8,6,2072.58,120.621,1.27391e+06,5,1.07541
8,7,2268.59,120.621,1.27391e+06,9,1.07541
8,8,2319.12,120.621,1.27391e+06,7,1.07541
8,1,201.01,60.1,713510,2,1.07541
8,2,657.761,60.1,713510,2,1.07541
8,3,960.013,60.1,713510,3,1.07541
8,4,1807,60.1,713510,4,1.07541
8,5,1837.92,60.1,713510,3,1.07541
8,6,1841.73,60.1,713510,3,1.07541
8,7,1869.51,60.1,713510,4,1.07541
8,8,1897.1,60.1,713510,4,1.07541
8,1,474.489,56.329,348276,2,1.07541
8,2,1310.08,56.329,348276,2,1.07541
8,3,1468.49,56.329,348276,3,1.07541
8,4,1523.47,56.329,348276,3,1.07541
8,5,1708.11,56.329,348276,4,1.07541
8,6,1821.45,56.329,348276,3,1.07541
8,7,2006.11,56.329,348276,2,1.07541
8,8,2186.17,56.329,348276,5,1.07541
8,1,379.297,26.322,283239,2,1.07541
8,2,626.199,26.322,283239,2,1.07541
8,3,673.59,26.322,283239,4,1.07541
8,4,688.14,26.322,283239,3,1.07541
8,5,793.107,26.322,283239,5,1.07541
8,6,1049.47,26.322,283239,4,1.07541
8,7,1058.09,26.322,283239,2,1.07541
8,8,1250.52,26.322,283239,2,1.07541
8,1,186.815,50.581,204534,2,1.07541
8,2,1033.52,50.581,204534,2,1.07541
8,3,1203.07,50.581,204534,2,1.07541
8,4,1274.7,50.581,204534,3,1.07541
8,5,1325.22,50.581,204534,3,1.07541
8,6,1455.78,50.581,204534,3,1.07541
8,7,1720.16,50.581,204534,3,1.07541
8,8,1734.36,50.581,204534,6,1.07541
8,1,314.148,66.533,953182,2,1.07541
8,2,1613.46,66.533,953182,3,1.07541
8,3,1676.34,66.533,953182,4,1.07541
8,4,1702.03,66.533,953182,4,1.07541
8,5,1808.89,66.533,953182,3,1.07541
8,6,1957.59,66.533,953182,3,1.07541
8,7,2063.27,66.533,953182,4,1.07541
8,8,2137.59,66.533,953182,3,1.07541
8,1,173.734,95.633,973115,3,1.07541
8,2,374.172,95.633,973115,2,1.07541
8,3,1994.72,95.633,973115,5,1.07541
8,4,2177,95.633,973115,3,1.07541
8,5,2662.85,95.633,973115,3,1.07541
8,6,2876.78,95.633,973115,4,1.07541
8,7,3000.19,95.633,973115,4,1.07541
8,8,3109.89,95.633,973115,3,1.07541
8,1,1602.72,146.476,736382,4,1.07541
8,2,1763.97,146.476,736382,4,1.07541
8,3,1959.64,146.476,736382,4,1.07541
8,4,1977.97,146.476,736382,4,1.07541
8,5,1995.85,146.476,736382,4,1.07541
8,6,2273.11,146.476,736382,5,1.07541
8,7,2378.92,146.476,736382,7,1.07541
8,8,2413.41,146.476,736382,4,1.07541
8,1,655.067,68.466,498423,2,1.07541
8,2,797.44,68.466,498423,3,1.07541
8,3,1058.74,68.466,498423,2,1.07541
8,4,1685.95,68.466,498423,4,1.07541
8,5,1888.41,68.466,498423,4,1.07541
8,6,1914.83,68.466,498423,4,1.07541
8,7,1942.33,68.466,498423,3,1.07541
8,8,2168.21,68.466,498423,4,1.07541
8,1,255,84.918,233083,2,1.07541
8,2,647.531,84.918,233083,4,1.07541
8,3,778.335,84.918,233083,4,1.07541
8,4,944.045,84.918,233083,6,1.07541
8,5,1101.75,84.918,233083,3,1.07541
8,6,1307.72,84.918,233083,3,1.07541
8,7,1448.27,84.918,233083,6,1.07541
8,8,1659.9,84.918,233083,6,1.07541
8,1,539.468,79.774,456158,2,1.07541
8,2,845.498,79.774,456158,3,1.07541
8,3,1153.84,79.774,456158,3,1.07541
8,4,1223.59,79.774,456158,2,1.07541
8,5,1529,79.774,456158,4,1.07541
8,6,1664.89,79.774,456158,3,1.07541
8,7,1999.28,79.774,456158,4,1.07541
8,8,2090.3,79.774,456158,6,1.07541
8,1,699.327,73.21,286937,2,1.07541
8,2,920.22,73.21,286937,5,1.07541
8,3,1359.65,73.21,286937,6,1.07541
8,4,1712.58,73.21,286937,3,1.07541
8,5,2057.24,73.21,286937,7,1.07541
8,6,2147.09,73.21,286937,4,1.07541
8,7,2204.48,73.21,286937,3,1.07541
8,8,2249.46,73.21,286937,5,1.07541
8,1,561.507,50.926,433457,2,1.07541
8,2,723.083,50.926,433457,3,1.07541
8,3,1405.35,50.926,433457,3,1.07541
8,4,1450.73,50.926,433457,3,1.07541
8,5,1498.2,50.926,433457,3,1.07541
8,6,1512.88,50.926,433457,3,1.07541
8,7,1515.88,50.926,433457,5,1.07541
8,8,1524.07,50.926,433457,4,1.07541
8,1,640,33.401,130629,2,1.07541
8,2,701.704,33.401,130629,2,1.07541
8,3,734.86,33.401,130629,3,1.07541
8,4,973.607,33.401,130629,3,1.07541
8,5,992.481,33.401,130629,3,1.07541
8,6,1079.08,33.401,130629,3,1.07541
8,7,1190.23,33.401,130629,7,1.07541
8,8,1207.05,33.401,130629,3,1.07541
8,1,988.685,82.397,1.1084e+06,4,1.07541
8,2,1161.02,82.397,1.1084e+06,5,1.07541
8,3,1726.02,82.397,1.1084e+06,6,1.07541
8,4,1777.82,82.397,1.1084e+06,5,1.07541
8,5,2023.26,82.397,1.1084e+06,3,1.07541
8,6,2152.66,82.397,1.1084e+06,3,1.07541
8,7,2242.44,82.397,1.1084e+06,4,1.07541
8,8,2427.15,82.397,1.1084e+06,5,1.07541
8,1,459.26,21.936,178580,2,1.07541
8,2,496.46,21.936,178580,2,1.07541
8,3,502.26,21.936,178580,2,1.07541
8,4,711.036,21.936,178580,4,1.07541
8,5,722.078,21.936,178580,2,1.07541
8,6,768.146,21.936,178580,4,1.07541
8,7,784.997,21.936,178580,4,1.07541
8,8,793.507,21.936,178580,2,1.07541
8,1,529.069,147.754,837023,2,1.07541
8,2,1045.95,147.754,837023,3,1.07541
8,3,1276.04,147.754,837023,3,1.07541
8,4,1556.79,147.754,837023,5,1.07541
8,5,1582.09,147.754,837023,3,1.07541
8,6,1668.99,147.754,837023,5,1.07541
8,7,1970.38,147.754,837023,4,1.07541
8,8,2208.23,147.754,837023,4,1.07541
8,1,493.401,136.558,1.97746e+06,2,1.07541
8,2,1346.59,136.558,1.97746e+06,8,1.07541
8,3,1382.29,136.558,1.97746e+06,6,1.07541
8,4,2022.21,136.558,1.97746e+06,4,1.07541
8,5,2339.47,136.558,1.97746e+06,5,1.07541
8,6,2859.15,136.558,1.97746e+06,6,1.07541
8,7,2875.43,136.558,1.97746e+06,6,1.07541
8,8,2950.7,136.558,1.97746e+06,6,1.07541
8,1,1009.7,107.453,1.39753e+06,3,1.07541
8,2,1538.47,107.453,1.39753e+06,3,1.07541
8,3,1766.72,107.453,1.39753e+06,5,1.07541
8,4,1792.69,107.453,1.39753e+06,3,1.07541
8,5,2040.1,107.453,1.39753e+06,3,1.07541
8,6,2260.02,107.453,1.39753e+06,4,1.07541
8,7,2377.02,107.453,1.39753e+06,5,1.07541
8,8,2504.2,107.453,1.39753e+06,4,1.07541
8,1,408.814,65.237,950509,2,1.07541
8,2,646.908,65.237,950509,2,1.07541
8,3,789.17,65.237,950509,2,1.07541
8,4,872.916,65.237,950509,3,1.07541
8,5,1196.85,65.237,950509,4,1.07541
8,6,1730.81,65.237,950509,4,1.07541
8,7,1860.3,65.237,950509,3,1.07541
8,8,1923.28,65.237,950509,3,1.07541
8,1,315.103,97.188,780995,2,1.07541
8,2,502.097,97.188,780995,2,1.07541
8,3,770.281,97.188,780995,3,1.07541
8,4,818.907,97.188,780995,2,1.07541
8,5,911.334,97.188,780995,2,1.07541
8,6,1709.07,97.188,780995,2,1.07541
8,7,1800.08,97.188,780995,8,1.07541
8,8,2043.09,97.188,780995,5,1.07541
8,1,892.155,58.977,209651,3,1.07541
8,2,905.923,58.977,209651,2,1.07541
8,3,1110.27,58.977,209651,2,1.07541
8,4,1367.46,58.977,209651,2,1.07541
8,5,1407.8,58.977,209651,4,1.07541
8,6,1421.49,58.977,209651,3,1.07541
8,7,1482.41,58.977,209651,3,1.07541
8,8,1701.06,58.977,209651,3,1.07541
8,1,217.463,33.082,222757,2,1.07541
8,2,513.639,33.082,222757,2,1.07541
8,3,765.764,33.082,222757,2,1.07541
8,4,815.601,33.082,222757,3,1.07541
8,5,1384.51,33.082,222757,6,1.07541
8,6,1443.75,33.082,222757,2,1.07541
8,7,1494.93,33.082,222757,3,1.07541
8,8,1526.36,33.082,222757,2,1.07541
8,1,363.321,50.872,173779,2,1.07541
8,2,417.445,50.872,173779,2,1.07541
8,3,813.085,50.872,173779,3,1.07541
8,4,1169.52,50.872,173779,3,1.07541
8,5,1334.5,50.872,173779,4,1.07541
8,6,1480.49,50.872,173779,4,1.07541
8,7,1649.7,50.872,173779,3,1.07541
8,8,1803.79,50.872,173779,4,1.07541
8,1,1097.54,96.714,722075,3,1.07541
8,2,1288.32,96.714,722075,4,1.07541
8,3,2141.39,96.714,722075,3,1.07541
8,4,2278.55,96.714,722075,5,1.07541
8,5,2362.22,96.714,722075,3,1.07541
8,6,2374.72,96.714,722075,4,1.07541
8,7,2406.01,96.714,722075,4,1.07541
8,8,2509.19,96.714,722075,5,1.07541
8,1,745.67,55.168,350315,3,1.07541
8,2,875.231,55.168,350315,3,1.07541
8,3,956.858,55.168,350315,2,1.07541
8,4,1125.54,55.168,350315,3,1.07541
8,5,1412.85,55.168,350315,3,1.07541
8,6,1823.13,55.168,350315,3,1.07541
8,7,1901.58,55.168,350315,2,1.07541
8,8,2045.55,55.168,350315,3,1.07541
8,1,164.542,29.629,183295,2,1.07541
8,2,448.743,29.629,183295,2,1.07541
8,3,745.498,29.629,183295,3,1.07541
8,4,862.975,29.629,183295,3,1.07541
8,5,899.14,29.629,183295,2,1.07541
8,6,963.647,29.629,183295,5,1.07541
8,7,1290.22,29.629,183295,6,1.07541
8,8,1377.48,29.629,183295,3,1.07541
8,1,149.593,64.018,554528,3,1.07541
8,2,532.744,64.018,554528,2,1.07541
8,3,922.349,64.018,554528,3,1.07541
8,4,1374.53,64.018,554528,4,1.07541
8,5,1571.03,64.018,554528,4,1.07541
8,6,1746.87,64.018,554528,4,1.07541
8,7,1757.53,64.018,554528,5,1.07541
8,8,1813.44,64.018,554528,3,1.07541
8,1,119.683,32.893,44529.9,2,1.07541
8,2,373.509,32.893,44529.9,3,1.07541
8,3,586.599,32.893,44529.9,2,1.07541
8,4,1055.03,32.893,44529.9,3,1.07541
8,5,1244.73,32.893,44529.9,3,1.07541
8,6,1344.54,32.893,44529.9,2,1.07541
8,7,1459.21,32.893,44529.9,2,1.07541
8,8,1524.25,32.893,44529.9,3,1.07541
8,1,610.71,34.046,105710,3,1.07541
8,2,893.658,34.046,105710,2,1.07541
8,3,1083.08,34.046,105710,4,1.07541
8,4,1128.73,34.046,105710,4,1.07541
8,5,1377.56,34.046,105710,3,1.07541
8,6,1431.15,34.046,105710,4,1.07541
8,7,1531.68,34.046,105710,4,1.07541
8,8,1539.46,34.046,105710,3,1.07541
8,1,620.829,71.407,363295,3,1.07541
8,2,638.834,71.407,363295,2,1.07541
8,3,1189.02,71.407,363295,3,1.07541
8,4,1534.27,71.407,363295,3,1.07541
8,5,1957.04,71.407,363295,4,1.07541
8,6,2000.33,71.407,363295,5,1.07541
8,7,2119.1,71.407,363295,3,1.07541
8,8,2148.3,71.407,363295,4,1.07541
8,1,436.327,51.97,606568,2,1.07541
8,2,493.162,51.97,606568,2,1.07541
8,3,582.781,51.97,606568,2,1.07541
8,4,657.784,51.97,606568,2,1.07541
8,5,1243.01,51.97,606568,3,1.07541
8,6,1247.43,51.97,606568,4,1.07541
8,7,1327.08,51.97,606568,3,1.07541
8,8,1624.59,51.97,606568,4,1.07541
8,1,64.0312,46.202,1.3537e+06,2,1.07541
8,2,198.134,46.202,1.3537e+06,2,1.07541
8,3,428.953,46.202,1.3537e+06,2,1.07541
8,4,686.47,46.202,1.3537e+06,2,1.07541
8,5,1124.84,46.202,1.3537e+06,3,1.07541
8,6,1309.69,46.202,1.3537e+06,3,1.07541
8,7,1576.6,46.202,1.3537e+06,5,1.07541
8,8,1601.02,46.202,1.3537e+06,4,1.07541
8,1,560.594,32.699,212948,2,1.07541
8,2,878.154,32.699,212948,2,1.07541
8,3,1226.96,32.699,212948,2,1.07541
8,4,1364,32.699,212948,6,1.07541
8,5,1441.67,32.699,212948,2,1.07541
8,6,1651.74,32.699,212948,4,1.07541
8,7,1751.6,32.699,212948,3,1.07541
8,8,1782.46,32.699,212948,2,1.07541
8,1,659.961,64.761,397797,3,1.07541
8,2,732.159,64.761,397797,2,1.07541
8,3,1054.39,64.761,397797,3,1.07541
8,4,1401.34,64.761,397797,2,1.07541
8,5,1428.27,64.761,397797,4,1.07541
8,6,1513.71,64.761,397797,4,1.07541
8,7,1907.67,64.761,397797,2,1.07541
8,8,2201.1,64.761,397797,4,1.07541
8,1,1263.18,114.962,939625,3,1.07541
8,2,1536.29,114.962,939625,3,1.07541
8,3,1619.57,114.962,939625,3,1.07541
8,4,1707.21,114.962,939625,2,1.07541
8,5,1883.23,114.962,939625,4,1.07541
8,6,2135.21,114.962,939625,6,1.07541
8,7,2214.81,114.962,939625,3,1.07541
8,8,2220.52,114.962,939625,4,1.07541
8,1,906.257,30.318,428039,3,1.07541
8,2,989.135,30.318,428039,2,1.07541
8,3,997.727,30.318,428039,3,1.07541
8,4,1107.9,30.318,428039,2,1.07541
8,5,1223.52,30.318,428039,3,1.07541
8,6,1226.22,30.318,428039,3,1.07541
8,7,1369,30.318,428039,3,1.07541
8,8,1403.65,30.318,428039,3,1.07541
8,1,579.511,34.698,232658,2,1.07541
8,2,591.014,34.698,232658,2,1.07541
8,3,642.907,34.698,232658,2,1.07541
8,4,1173.8,34.698,232658,3,1.07541
8,5,1265.27,34.698,232658,5,1.07541
8,6,1409.16,34.698,232658,3,1.07541
8,7,1599.44,34.698,232658,2,1.07541
8,8,1704.94,34.698,232658,2,1.07541
8,1,784.757,98.496,618781,2,1.07541
8,2,814.231,98.496,618781,3,1.07541
8,3,1208.59,98.496,618781,4,1.07541
8,4,1332,98.496,618781,3,1.07541
8,5,1575.64,98.496,618781,3,1.07541
8,6,1941.68,98.496,618781,4,1.07541
8,7,2379.25,98.496,618781,5,1.07541
8,8,2495.51,98.496,618781,4,1.07541
8,1,402.955,52.14,147533,2,1.07541
8,2,529.122,52.14,147533,2,1.07541
8,3,1138.45,52.14,147533,2,1.07541
8,4,1393.2,52.14,147533,2,1.07541
8,5,1550.33,52.14,147533,2,1.07541
8,6,2262.83,52.14,147533,3,1.07541
8,7,2398.47,52.14,147533,5,1.07541
8,8,2536.99,52.14,147533,4,1.07541
8,1,203.796,53.618,480982,2,1.07541
8,2,373.217,53.618,480982,3,1.07541
8,3,565.477,53.618,480982,3,1.07541
8,4,631.742,53.618,480982,3,1.07541
8,5,1102.21,53.618,480982,2,1.07541
8,6,1209.59,53.618,480982,3,1.07541
8,7,1728.15,53.618,480982,4,1.07541
8,8,1819.88,53.618,480982,3,1.07541
8,1,324.23,32.806,201257,2,1.07541
8,2,491.451,32.806,201257,2,1.07541
8,3,937.193,32.806,201257,2,1.07541
8,4,943.107,32.806,201257,2,1.07541
8,5,1391.23,32.806,201257,2,1.07541
8,6,1480.79,32.806,201257,2,1.07541
8,7,1699.9,32.806,201257,2,1.07541
8,8,1968.06,32.806,201257,2,1.07541
8,1,466.503,64.742,270565,2,1.07541
8,2,643.252,64.742,270565,2,1.07541
8,3,865.316,64.742,270565,3,1.07541
8,4,1151.82,64.742,270565,3,1.07541
8,5,1274.17,64.742,270565,4,1.07541
8,6,1401.29,64.742,270565,2,1.07541
8,7,1544.28,64.742,270565,4,1.07541
8,8,1658.03,64.742,270565,3,1.07541
8,1,1201.04,43.497,1.76156e+06,4,1.07541
8,2,1205.55,43.497,1.76156e+06,3,1.07541
8,3,1302.44,43.497,1.76156e+06,3,1.07541
8,4,1446.28,43.497,1.76156e+06,3,1.07541
8,5,1497.86,43.497,1.76156e+06,5,1.07541
8,6,1518.27,43.497,1.76156e+06,4,1.07541
8,7,1600.21,43.497,1.76156e+06,3,1.07541
8,8,1605.33,43.497,1.76156e+06,3,1.07541
8,1,232.8,65.508,451848,2,1.07541
8,2,791.788,65.508,451848,2,1.07541
8,3,1018.87,65.508,451848,2,1.07541
8,4,1083,65.508,451848,5,1.07541
8,5,1259.97,65.508,451848,4,1.07541
8,6,1393.49,65.508,451848,4,1.07541
8,7,1405.47,65.508,451848,4,1.07541
8,8,1560,65.508,451848,4,1.07541
8,1,670.496,52.547,324209,3,1.07541
8,2,810.844,52.547,324209,3,1.07541
8,3,973.911,52.547,324209,3,1.07541
8,4,1112.47,52.547,324209,3,1.07541
8,5,1128,52.547,324209,3,1.07541
8,6,1290.99,52.547,324209,4,1.07541
8,7,1620.41,52.547,324209,4,1.07541
8,8,1630.96,52.547,324209,4,1.07541
8,1,299.548,63.561,434852,2,1.07541
8,2,1313.42,63.561,434852,3,1.07541
8,3,1410.42,63.561,434852,3,1.07541
8,4,1442.95,63.561,434852,3,1.07541
8,5,1633.55,63.561,434852,5,1.07541
8,6,1734.11,63.561,434852,3,1.07541
8,7,1832.11,63.561,434852,4,1.07541
8,8,1947.82,63.561,434852,4,1.07541
8,1,1044.39,49.101,319363,3,1.07541
8,2,1121.97,49.101,319363,4,1.07541
8,3,1178.29,49.101,319363,4,1.07541
8,4,1250.27,49.101,319363,3,1.07541
8,5,1306.93,49.101,319363,3,1.07541
8,6,1407.21,49.101,319363,3,1.07541
8,7,1602.11,49.101,319363,4,1.07541
8,8,1791.55,49.101,319363,5,1.07541
8,1,467.702,200.335,3.49714e+06,2,1.07541
8,2,1100.34,200.335,3.49714e+06,3,1.07541
8,3,1493.14,200.335,3.49714e+06,6,1.07541
8,4,1862.29,200.335,3.49714e+06,4,1.07541
8,5,2197.17,200.335,3.49714e+06,4,1.07541
8,6,2309.08,200.335,3.49714e+06,6,1.07541
8,7,2419.45,200.335,3.49714e+06,6,1.07541
8,8,2531.47,200.335,3.49714e+06,4,1.07541
8,1,232.125,33.881,154618,2,1.07541
8,2,654.989,33.881,154618,2,1.07541
8,3,1074.9,33.881,154618,4,1.07541
8,4,1146.06,33.881,154618,3,1.07541
8,5,1167.12,33.881,154618,3,1.07541
8,6,1204.76,33.881,154618,2,1.07541
8,7,1357.16,33.881,154618,6,1.07541
8,8,1394.2,33.881,154618,4,1.07541
8,1,159.226,104.293,1.77267e+06,2,1.07541
8,2,1294.28,104.293,1.77267e+06,3,1.07541
8,3,1318.56,104.293,1.77267e+06,3,1.07541
8,4,1499.34,104.293,1.77267e+06,5,1.07541
8,5,1775.12,104.293,1.77267e+06,3,1.07541
8,6,2160.37,104.293,1.77267e+06,5,1.07541
8,7,2222.81,104.293,1.77267e+06,5,1.07541
8,8,2443.43,104.293,1.77267e+06,4,1.07541
8,1,421.048,58.34,372638,2,1.07541
8,2,542.896,58.34,372638,2,1.07541
8,3,792.96,58.34,372638,2,1.07541
8,4,988.032,58.34,372638,2,1.07541
8,5,1218,58.34,372638,2,1.07541
8,6,1253.96,58.34,372638,2,1.07541
8,7,1759.9,58.34,372638,4,1.07541
8,8,1821.45,58.34,372638,5,1.07541
8,1,1219.99,120.364,1.43882e+06,4,1.07541
8,2,1391.62,120.364,1.43882e+06,3,1.07541
8,3,1585.2,120.364,1.43882e+06,4,1.07541
8,4,1804.12,120.364,1.43882e+06,5,1.07541
8,5,1849.24,120.364,1.43882e+06,4,1.07541
8,6,2107.07,120.364,1.43882e+06,5,1.07541
8,7,2203.76,120.364,1.43882e+06,4,1.07541
8,8,2380.66,120.364,1.43882e+06,9,1.07541
8,1,803.727,83.031,223938,2,1.07541
8,2,1032.7,83.031,223938,4,1.07541
8,3,1051.18,83.031,223938,2,1.07541
8,4,1325.14,83.031,223938,3,1.07541
8,5,1375.96,83.031,223938,2,1.07541
8,6,1487.15,83.031,223938,3,1.07541
8,7,1754.4,83.031,223938,5,1.07541
8,8,1758.16,83.031,223938,4,1.07541
8,1,204.707,34.725,168561,2,1.07541
8,2,592.458,34.725,168561,3,1.07541
8,3,702.399,34.725,168561,4,1.07541
8,4,752.948,34.725,168561,2,1.07541
8,5,1015.17,34.725,168561,4,1.07541
8,6,1077.13,34.725,168561,2,1.07541
8,7,1106.05,34.725,168561,4,1.07541
8,8,1160.24,34.725,168561,2,1.07541
8,1,64.2806,76.985,637064,2,1.07541
8,2,757.819,76.985,637064,2,1.07541
8,3,861.255,76.985,637064,2,1.07541
8,4,1538.59,76.985,637064,4,1.07541
8,5,1939.51,76.985,637064,4,1.07541
8,6,2019.89,76.985,637064,4,1.07541
8,7,2046.43,76.985,637064,4,1.07541
8,8,2095.76,76.985,637064,3,1.07541
8,1,790.063,92.741,342888,2,1.07541
8,2,1074.95,92.741,342888,3,1.07541
8,3,1240.03,92.741,342888,5,1.07541
8,4,1395.33,92.741,342888,3,1.07541
8,5,1445.76,92.741,342888,6,1.07541
8,6,1450.9,92.741,342888,6,1.07541
8,7,1789.44,92.741,342888,6,1.07541
8,8,1976.82,92.741,342888,4,1.07541
8,1,589.449,57.781,233949,3,1.07541
8,2,1057.32,57.781,233949,2,1.07541
8,3,1075.94,57.781,233949,2,1.07541
8,4,1172.55,57.781,233949,2,1.07541
8,5,1183.29,57.781,233949,2,1.07541
8,6,1671.53,57.781,233949,5,1.07541
8,7,1753.85,57.781,233949,3,1.07541
8,8,1797.47,57.781,233949,4,1.07541
8,1,860.609,96.296,744093,3,1.07541
8,2,1026.16,96.296,744093,3,1.07541
8,3,1637.92,96.296,744093,5,1.07541
8,4,1913.54,96.296,744093,6,1.07541
8,5,2076.12,96.296,744093,5,1.07541
8,6,2093.14,96.296,744093,5,1.07541
8,7,2116.66,96.296,744093,4,1.07541
8,8,2306.02,96.296,744093,4,1.07541
8,1,416.918,69.471,259376,2,1.07541
8,2,895.784,69.471,259376,4,1.07541
8,3,1204.95,69.471,259376,4,1.07541
8,4,1331.8,69.471,259376,4,1.07541
8,5,1414.6,69.471,259376,5,1.07541
8,6,1603.15,69.471,259376,4,1.07541
8,7,1616.66,69.471,259376,3,1.07541
8,8,1700.2,69.471,259376,8,1.07541
8,1,1020.28,52.459,324269,3,1.07541
8,2,1393.24,52.459,324269,3,1.07541
8,3,1438.8,52.459,324269,6,1.07541
8,4,1441.64,52.459,324269,4,1.07541
8,5,1527.29,52.459,324269,3,1.07541
8,6,1541.94,52.459,324269,3,1.07541
8,7,1865.31,52.459,324269,2,1.07541
8,8,1875.42,52.459,324269,5,1.07541
8,1,1084.01,127.736,1.34675e+06,4,1.07541
8,2,1338.22,127.736,1.34675e+06,2,1.07541
8,3,1389.71,127.736,1.34675e+06,2,1.07541
8,4,1943.48,127.736,1.34675e+06,4,1.07541
8,5,2055.5,127.736,1.34675e+06,6,1.07541
8,6,2185.73,127.736,1.34675e+06,5,1.07541
8,7,2233.08,127.736,1.34675e+06,3,1.07541
8,8,2258.04,127.736,1.34675e+06,2,1.07541
8,1,523.755,73.897,841522,4,1.07541
8,2,830.815,73.897,841522,3,1.07541
8,3,873.5,73.897,841522,3,1.07541
8,4,1036.45,73.897,841522,4,1.07541
8,5,1760.59,73.897,841522,4,1.07541
8,6,1835.99,73.897,841522,3,1.07541
8,7,1962.72,73.897,841522,5,1.07541
8,8,2000.74,73.897,841522,8,1.07541
8,1,294.45,135.073,912926,2,1.07541
8,2,490.45,135.073,912926,2,1.07541
8,3,994.813,135.073,912926,3,1.07541
8,4,1567.59,135.073,912926,4,1.07541
8,5,1616.25,135.073,912926,4,1.07541
8,6,2116.47,135.073,912926,4,1.07541
8,7,2134.66,135.073,912926,4,1.07541
8,8,2395.56,135.073,912926,4,1.07541
8,1,1101.99,76.688,515048,3,1.07541
8,2,1158.99,76.688,515048,3,1.07541
8,3,1166.22,76.688,515048,3,1.07541
8,4,1189.17,76.688,515048,3,1.07541
8,5,1239.93,76.688,515048,4,1.07541
8,6,1694.14,76.688,515048,4,1.07541
8,7,1778.69,76.688,515048,4,1.07541
8,8,1851.94,76.688,515048,6,1.07541
8,1,387.057,92.452,571193,2,1.07541
8,2,669.211,92.452,571193,3,1.07541
8,3,1287.8,92.452,571193,3,1.07541
8,4,1409.22,92.452,571193,3,1.07541
8,5,1423.47,92.452,571193,2,1.07541
8,6,1698.46,92.452,571193,3,1.07541
8,7,1801.36,92.452,571193,3,1.07541
8,8,2114.42,92.452,571193,5,1.07541
8,1,846.085,36.935,186632,3,1.07541
8,2,879.081,36.935,186632,3,1.07541
8,3,1109.48,36.935,186632,3,1.07541
8,4,1324.67,36.935,186632,2,1.07541
8,5,1328.1,36.935,186632,3,1.07541
8,6,1456.62,36.935,186632,4,1.07541
8,7,1562.97,36.935,186632,3,1.07541
8,8,1588.52,36.935,186632,3,1.07541
8,1,388.207,42.446,604814,2,1.07541
8,2,711.621,42.446,604814,2,1.07541
8,3,1337.47,42.446,604814,3,1.07541
8,4,1370.36,42.446,604814,4,1.07541
8,5,1420.49,42.446,604814,3,1.07541
8,6,1568.49,42.446,604814,4,1.07541
8,7,1675.42,42.446,604814,2,1.07541
8,8,1721.78,42.446,604814,4,1.07541
8,1,261.658,34.695,204175,2,1.07541
8,2,742.364,34.695,204175,2,1.07541
8,3,744.834,34.695,204175,2,1.07541
8,4,1106.6,34.695,204175,2,1.07541
8,5,1128.2,34.695,204175,2,1.07541
8,6,1257.09,34.695,204175,2,1.07541
8,7,1297.79,34.695,204175,2,1.07541
8,8,1438.23,34.695,204175,5,1.07541
8,1,1013.52,183.667,3.66497e+06,3,1.07541
8,2,1438.6,183.667,3.66497e+06,4,1.07541
8,3,1486.17,183.667,3.66497e+06,4,1.07541
8,4,2119.15,183.667,3.66497e+06,3,1.07541
8,5,2257.56,183.667,3.66497e+06,3,1.07541
8,6,2280.43,183.667,3.66497e+06,4,1.07541
8,7,2446.67,183.667,3.66497e+06,3,1.07541
8,8,2511.75,183.667,3.66497e+06,5,1.07541
8,1,1326.98,93.857,787167,3,1.07541
8,2,1706.62,93.857,787167,2,1.07541
8,3,1737.47,93.857,787167,3,1.07541
8,4,1806.79,93.857,787167,3,1.07541
8,5,1954.76,93.857,787167,4,1.07541
8,6,2038.46,93.857,787167,4,1.07541
8,7,2081.06,93.857,787167,4,1.07541
8,8,2315.3,93.857,787167,4,1.07541
8,1,599.771,34.622,186128,2,1.07541
8,2,918.333,34.622,186128,2,1.07541
8,3,1202.98,34.622,186128,2,1.07541
8,4,1313.46,34.622,186128,2,1.07541
8,5,1379.83,34.622,186128,2,1.07541
8,6,1425.97,34.622,186128,4,1.07541
8,7,1592.69,34.622,186128,2,1.07541
8,8,1749.21,34.622,186128,2,1.07541
8,1,451.643,50.406,152901,2,1.07541
8,2,661.744,50.406,152901,2,1.07541
8,3,859.143,50.406,152901,3,1.07541
8,4,1380.45,50.406,152901,5,1.07541
8,5,1452.77,50.406,152901,7,1.07541
8,6,1452.93,50.406,152901,7,1.07541
8,7,1742.03,50.406,152901,4,1.07541
8,8,1863.11,50.406,152901,4,1.07541
8,1,379.795,58.082,540530,2,1.07541
8,2,806.08,58.082,540530,4,1.07541
8,3,832.851,58.082,540530,2,1.07541
8,4,901.626,58.082,540530,2,1.07541
8,5,1339.44,58.082,540530,5,1.07541
8,6,1527.1,58.082,540530,6,1.07541
8,7,1566.73,58.082,540530,4,1.07541
8,8,1643.3,58.082,540530,6,1.07541
8,1,558.688,48.437,420973,3,1.07541
8,2,1127.27,48.437,420973,2,1.07541
8,3,1218.13,48.437,420973,3,1.07541
8,4,1274.25,48.437,420973,3,1.07541
8,5,1332.87,48.437,420973,4,1.07541
8,6,1559.32,48.437,420973,3,1.07541
8,7,1598.93,48.437,420973,4,1.07541
8,8,1633.58,48.437,420973,3,1.07541
8,1,573.774,67.927,317307,3,1.07541
8,2,1535.99,67.927,317307,6,1.07541
8,3,1574.27,67.927,317307,3,1.07541
8,4,1671.62,67.927,317307,5,1.07541
8,5,1821.69,67.927,317307,5,1.07541
8,6,1861,67.927,317307,6,1.07541
8,7,2116.19,67.927,317307,5,1.07541
8,8,2163.89,67.927,317307,5,1.07541
8,1,300,89.739,735523,2,1.07541
8,2,887.857,89.739,735523,2,1.07541
8,3,1510.97,89.739,735523,2,1.07541
8,4,1995.87,89.739,735523,2,1.07541
8,5,2021.08,89.739,735523,4,1.07541
8,6,2061.92,89.739,735523,3,1.07541
8,7,2148.24,89.739,735523,3,1.07541
8,8,2331.21,89.739,735523,2,1.07541
8,1,828.851,76.111,873226,3,1.07541
8,2,1088.19,76.111,873226,5,1.07541
8,3,1415.8,76.111,873226,7,1.07541
8,4,1473.58,76.111,873226,3,1.07541
8,5,1766.39,76.111,873226,5,1.07541
8,6,1981.76,76.111,873226,7,1.07541
8,7,2056.31,76.111,873226,7,1.07541
8,8,2059.87,76.111,873226,3,1.07541
8,1,438.406,35.944,449875,2,1.07541
8,2,512.161,35.944,449875,2,1.07541
8,3,527.755,35.944,449875,2,1.07541
8,4,598.565,35.944,449875,2,1.07541
8,5,772.073,35.944,449875,2,1.07541
8,6,993.354,35.944,449875,2,1.07541
8,7,1499.97,35.944,449875,4,1.07541
8,8,1811.88,35.944,449875,4,1.07541
8,1,801.387,49.719,312020,3,1.07541
8,2,1032.89,49.719,312020,3,1.07541
8,3,1048.45,49.719,312020,2,1.07541
8,4,1106.22,49.719,312020,2,1.07541
8,5,1173.22,49.719,312020,5,1.07541
8,6,1286.76,49.719,312020,4,1.07541
8,7,1706.73,49.719,312020,3,1.07541
8,8,1848.91,49.719,312020,3,1.07541
8,1,245.367,73.6,605765,2,1.07541
8,2,390.333,73.6,605765,2,1.07541
8,3,1200.95,73.6,605765,3,1.07541
8,4,1463.36,73.6,605765,4,1.07541
8,5,1854.6,73.6,605765,5,1.07541
8,6,1968.64,73.6,605765,3,1.07541
8,7,2091.08,73.6,605765,5,1.07541
8,8,2275,73.6,605765,5,1.07541
8,1,258.312,50.486,203606,2,1.07541
8,2,292.036,50.486,203606,2,1.07541
8,3,589.092,50.486,203606,2,1.07541
8,4,653.46,50.486,203606,2,1.07541
8,5,1270.37,50.486,203606,5,1.07541
8,6,1431.72,50.486,203606,3,1.07541
8,7,1548.17,50.486,203606,3,1.07541
8,8,1555.74,50.486,203606,3,1.07541
8,1,664.93,94.418,795250,2,1.07541
8,2,1086.84,94.418,795250,2,1.07541
8,3,1826.63,94.418,795250,3,1.07541
8,4,1966.09,94.418,795250,4,1.07541
8,5,2217.13,94.418,795250,4,1.07541
8,6,2243.94,94.418,795250,4,1.07541
8,7,2248.05,94.418,795250,7,1.07541
8,8,2272.56,94.418,795250,3,1.07541
8,1,504.343,125.235,1.54586e+06,2,1.07541
8,2,1128.19,125.235,1.54586e+06,3,1.07541
8,3,1133.9,125.235,1.54586e+06,2,1.07541
8,4,1379.18,125.235,1.54586e+06,3,1.07541
8,5,1403.46,125.235,1.54586e+06,2,1.07541
8,6,2196.94,125.235,1.54586e+06,4,1.07541
8,7,2285.02,125.235,1.54586e+06,4,1.07541
8,8,2309.83,125.235,1.54586e+06,6,1.07541
8,1,124.78,49.47,219976,2,1.07541
8,2,879.989,49.47,219976,4,1.07541
8,3,1059.52,49.47,219976,4,1.07541
8,4,1360.76,49.47,219976,2,1.07541
8,5,1361.75,49.47,219976,4,1.07541
8,6,1473.06,49.47,219976,2,1.07541
8,7,1874.88,49.47,219976,3,1.07541
8,8,1893.56,49.47,219976,3,1.07541
8,1,775.849,101.186,557409,4,1.07541
8,2,989.66,101.186,557409,3,1.07541
8,3,1503.77,101.186,557409,2,1.07541
8,4,2269.91,101.186,557409,5,1.07541
8,5,2993.56,101.186,557409,4,1.07541
8,6,3102.89,101.186,557409,3,1.07541
8,7,3295,101.186,557409,3,1.07541
8,8,3305.18,101.186,557409,4,1.07541
8,1,966.78,45.311,350789,2,1.07541
8,2,1316.66,45.311,350789,3,1.07541
8,3,1364.6,45.311,350789,3,1.07541
8,4,1374.48,45.311,350789,3,1.07541
8,5,1471.25,45.311,350789,3,1.07541
8,6,1494.67,45.311,350789,3,1.07541
8,7,1530.54,45.311,350789,5,1.07541
8,8,1551.49,45.311,350789,2,1.07541
8,1,776.817,74.528,493334,2,1.07541
8,2,785.348,74.528,493334,2,1.07541
8,3,1138.42,74.528,493334,4,1.07541
8,4,1345.88,74.528,493334,3,1.07541
8,5,1560.39,74.528,493334,3,1.07541
8,6,1765.04,74.528,493334,3,1.07541
8,7,1850.91,74.528,493334,3,1.07541
8,8,2055.2,74.528,493334,2,1.07541
8,1,575.945,40.937,335590,2,1.07541
8,2,887.698,40.937,335590,2,1.07541
8,3,938.851,40.937,335590,2,1.07541
8,4,1037.47,40.937,335590,3,1.07541
8,5,1151.36,40.937,335590,3,1.07541
8,6,1290,40.937,335590,7,1.07541
8,7,1302.88,40.937,335590,3,1.07541
8,8,1325.04,40.937,335590,3,1.07541
8,1,236.884,59.266,532184,2,1.07541
8,2,350.001,59.266,532184,2,1.07541
8,3,587.392,59.266,532184,2,1.07541
8,4,601.685,59.266,532184,2,1.07541
8,5,889.871,59.266,532184,3,1.07541
8,6,1082.16,59.266,532184,2,1.07541
8,7,1161.1,59.266,532184,4,1.07541
8,8,1488.15,59.266,532184,4,1.07541
8,1,501.475,34.622,201012,2,1.07541
8,2,534.986,34.622,201012,2,1.07541
8,3,905.47,34.622,201012,3,1.07541
8,4,926.25,34.622,201012,4,1.07541
8,5,949.52,34.622,201012,3,1.07541
8,6,1027.15,34.622,201012,3,1.07541
8,7,1034.14,34.622,201012,2,1.07541
8,8,1310.44,34.622,201012,4,1.07541
8,1,567.948,53.045,1.43397e+06,2,1.07541
8,2,652.019,53.045,1.43397e+06,3,1.07541
8,3,912.617,53.045,1.43397e+06,3,1.07541
8,4,917.502,53.045,1.43397e+06,2,1.07541
8,5,1083.88,53.045,1.43397e+06,2,1.07541
8,6,1358.91,53.045,1.43397e+06,3,1.07541
8,7,1658.57,53.045,1.43397e+06,3,1.07541
8,8,1870.18,53.045,1.43397e+06,5,1.07541
8,1,314.951,51.251,256171,2,1.07541
8,2,1032.32,51.251,256171,4,1.07541
8,3,1366.47,51.251,256171,3,1.07541
8,4,1462.88,51.251,256171,3,1.07541
8,5,1615.86,51.251,256171,3,1.07541
8,6,1697.92,51.251,256171,6,1.07541
8,7,1701.39,51.251,256171,3,1.07541
8,8,1830.57,51.251,256171,4,1.07541
8,1,811.047,92.518,440028,3,1.07541
8,2,840.306,92.518,440028,4,1.07541
8,3,1376.56,92.518,440028,4,1.07541
8,4,1759.36,92.518,440028,3,1.07541
8,5,1912.69,92.518,440028,4,1.07541
8,6,2068.31,92.518,440028,4,1.07541
8,7,2282.74,92.518,440028,4,1.07541
8,8,2348.29,92.518,440028,4,1.07541
8,1,1288.04,77.706,460804,5,1.07541
8,2,1460.75,77.706,460804,2,1.07541
8,3,1484.09,77.706,460804,3,1.07541
8,4,1504.79,77.706,460804,4,1.07541
8,5,1560.41,77.706,460804,4,1.07541
8,6,1628.72,77.706,460804,3,1.07541
8,7,2035.06,77.706,460804,4,1.07541
8,8,2142.35,77.706,460804,4,1.07541
8,1,1447.33,97.827,496186,4,1.07541
8,2,1570.06,97.827,496186,3,1.07541
8,3,1721.54,97.827,496186,2,1.07541
8,4,1826.09,97.827,496186,4,1.07541
8,5,2013.77,97.827,496186,4,1.07541
8,6,2043.46,97.827,496186,4,1.07541
8,7,2093.31,97.827,496186,4,1.07541
8,8,2175.78,97.827,496186,4,1.07541
8,1,409.705,95.402,834419,2,1.07541
8,2,1403.63,95.402,834419,2,1.07541
8,3,1410.64,95.402,834419,3,1.07541
8,4,1972.44,95.402,834419,4,1.07541
8,5,1991.49,95.402,834419,5,1.07541
8,6,2182.85,95.402,834419,4,1.07541
8,7,2378.48,95.402,834419,3,1.07541
8,8,2435.97,95.402,834419,5,1.07541
8,1,378.001,52.506,498737,2,1.07541
8,2,662.967,52.506,498737,2,1.07541
8,3,677.091,52.506,498737,4,1.07541
8,4,719.278,52.506,498737,2,1.07541
8,5,1062.48,52.506,498737,2,1.07541
8,6,1490.74,52.506,498737,4,1.07541
8,7,1495.13,52.506,498737,3,1.07541
8,8,1853.13,52.506,498737,3,1.07541
8,1,320.039,77.344,1.28478e+06,2,1.07541
8,2,718.132,77.344,1.28478e+06,2,1.07541
8,3,863.397,77.344,1.28478e+06,3,1.07541
8,4,1206.54,77.344,1.28478e+06,5,1.07541
8,5,1806.5,77.344,1.28478e+06,4,1.07541
8,6,1955.63,77.344,1.28478e+06,5,1.07541
8,7,2105.16,77.344,1.28478e+06,6,1.07541
8,8,2175,77.344,1.28478e+06,5,1.07541
8,1,411.005,80.82,731686,2,1.07541
8,2,1192.58,80.82,731686,3,1.07541
8,3,1368.99,80.82,731686,3,1.07541
8,4,1599.86,80.82,731686,2,1.07541
8,5,2147.33,80.82,731686,6,1.07541
8,6,2237.84,80.82,731686,3,1.07541
8,7,2240.39,80.82,731686,6,1.07541
8,8,2308.2,80.82,731686,3,1.07541
8,1,802.946,116.213,1.3314e+06,2,1.07541
8,2,1087.02,116.213,1.3314e+06,3,1.07541
8,3,1207.92,116.213,1.3314e+06,3,1.07541
8,4,1237.11,116.213,1.3314e+06,3,1.07541
8,5,2010.38,116.213,1.3314e+06,5,1.07541
8,6,2296.76,116.213,1.3314e+06,5,1.07541
8,7,2545.25,116.213,1.3314e+06,4,1.07541
8,8,2596.33,116.213,1.3314e+06,4,1.07541
8,1,855.092,130.355,721064,3,1.07541
8,2,876.987,130.355,721064,3,1.07541
8,3,1706.64,130.355,721064,3,1.07541
8,4,1748,130.355,721064,4,1.07541
8,5,1760.59,130.355,721064,4,1.07541
8,6,1982.04,130.355,721064,5,1.07541
8,7,2131.18,130.355,721064,4,1.07541
8,8,2621.82,130.355,721064,5,1.07541
8,1,329.621,100.698,647689,2,1.07541
8,2,1472.46,100.698,647689,4,1.07541
8,3,1713.65,100.698,647689,3,1.07541
8,4,1892.14,100.698,647689,3,1.07541
8,5,1901.61,100.698,647689,3,1.07541
8,6,2050.88,100.698,647689,3,1.07541
8,7,2163.79,100.698,647689,3,1.07541
8,8,2209.86,100.698,647689,4,1.07541
8,1,1159.35,74.445,1.30422e+06,3,1.07541
8,2,1323.8,74.445,1.30422e+06,2,1.07541
8,3,1368.02,74.445,1.30422e+06,2,1.07541
8,4,1403.85,74.445,1.30422e+06,3,1.07541
8,5,1442.06,74.445,1.30422e+06,3,1.07541
8,6,1714.03,74.445,1.30422e+06,3,1.07541
8,7,1853.32,74.445,1.30422e+06,4,1.07541
8,8,1947.32,74.445,1.30422e+06,4,1.07541
8,1,257.2,32.194,101175,2,1.07541
8,2,349.322,32.194,101175,2,1.07541
8,3,640.404,32.194,101175,2,1.07541
8,4,801.257,32.194,101175,2,1.07541
8,5,916.464,32.194,101175,2,1.07541
8,6,1077.32,32.194,101175,3,1.07541
8,7,1243.19,32.194,101175,4,1.07541
8,8,1309.61,32.194,101175,2,1.07541
8,1,592.2,122.533,758224,2,1.07541
8,2,1210.31,122.533,758224,4,1.07541
8,3,1250.24,122.533,758224,3,1.07541
8,4,1737.15,122.533,758224,4,1.07541
8,5,1899.03,122.533,758224,3,1.07541
8,6,2265.39,122.533,758224,5,1.07541
8,7,2344.1,122.533,758224,3,1.07541
8,8,2373.73,122.533,758224,4,1.07541
8,1,257.389,33.751,204548,2,1.07541
8,2,308.229,33.751,204548,2,1.07541
8,3,883.991,33.751,204548,3,1.07541
8,4,981.509,33.751,204548,3,1.07541
8,5,1046.64,33.751,204548,2,1.07541
8,6,1061.44,33.751,204548,4,1.07541
8,7,1289.49,33.751,204548,2,1.07541
8,8,1394.32,33.751,204548,4,1.07541
8,1,731.678,110.619,1.27744e+06,3,1.07541
8,2,957.75,110.619,1.27744e+06,3,1.07541
8,3,1782.89,110.619,1.27744e+06,5,1.07541
8,4,2139.77,110.619,1.27744e+06,4,1.07541
8,5,2341.71,110.619,1.27744e+06,3,1.07541
8,6,2421.03,110.619,1.27744e+06,4,1.07541
8,7,2437.63,110.619,1.27744e+06,4,1.07541
8,8,2489.89,110.619,1.27744e+06,5,1.07541
8,1,594.077,94.988,655013,2,1.07541
8,2,1088.49,94.988,655013,2,1.07541
8,3,1173.25,94.988,655013,4,1.07541
8,4,1480.5,94.988,655013,2,1.07541
8,5,1575.36,94.988,655013,4,1.07541
8,6,1593.61,94.988,655013,4,1.07541
8,7,1633.86,94.988,655013,4,1.07541
8,8,1806,94.988,655013,2,1.07541
8,1,291.625,58.041,249697,2,1.07541
8,2,775.01,58.041,249697,2,1.07541
8,3,1225.48,58.041,249697,3,1.07541
8,4,1260.46,58.041,249697,3,1.07541
8,5,1305.84,58.041,249697,4,1.07541
8,6,1399.82,58.041,249697,2,1.07541
8,7,1581.85,58.041,249697,3,1.07541
8,8,1590.61,58.041,249697,2,1.07541
8,1,1524.51,93.029,227640,3,1.07541
8,2,1558.56,93.029,227640,6,1.07541
8,3,1838.6,93.029,227640,4,1.07541
8,4,1845.87,93.029,227640,2,1.07541
8,5,1916.57,93.029,227640,3,1.07541
8,6,1923.78,93.029,227640,3,1.07541
8,7,1984.81,93.029,227640,3,1.07541
8,8,2054.16,93.029,227640,2,1.07541
8,1,641.574,38.45,261459,2,1.07541
8,2,771.517,38.45,261459,3,1.07541
8,3,822.629,38.45,261459,3,1.07541
8,4,866.949,38.45,261459,3,1.07541
8,5,934.275,38.45,261459,4,1.07541
8,6,1108.2,38.45,261459,4,1.07541
8,7,1179.39,38.45,261459,5,1.07541
8,8,1472.79,38.45,261459,3,1.07541
8,1,329.219,57.279,312786,2,1.07541
8,2,450.494,57.279,312786,2,1.07541
8,3,634.925,57.279,312786,3,1.07541
8,4,992.348,57.279,312786,2,1.07541
8,5,1071.81,57.279,312786,2,1.07541
8,6,1173.11,57.279,312786,3,1.07541
8,7,1249.08,57.279,312786,2,1.07541
8,8,1501.19,57.279,312786,10,1.07541
