K,order,dist,cost_ki,cost_edbt,vnum,density
6,1,993.86,123.561,945028,3,1.07407
6,2,1438.52,123.561,945028,4,1.07407
6,3,1652.81,123.561,945028,3,1.07407
6,4,2039.35,123.561,945028,3,1.07407
6,5,2447.81,123.561,945028,5,1.07407
6,6,2482.08,123.561,945028,4,1.07407
6,1,196.987,45.147,256897,2,1.07407
6,2,303.211,45.147,256897,2,1.07407
6,3,367.545,45.147,256897,2,1.07407
6,4,1017.29,45.147,256897,2,1.07407
6,5,1320.4,45.147,256897,4,1.07407
6,6,1540.93,45.147,256897,4,1.07407
6,1,249.393,17.644,60789.5,2,1.07407
6,2,815.437,17.644,60789.5,2,1.07407
6,3,946.964,17.644,60789.5,2,1.07407
6,4,953.434,17.644,60789.5,2,1.07407
6,5,1003.69,17.644,60789.5,3,1.07407
6,6,1134.48,17.644,60789.5,2,1.07407
6,1,556.943,50,214096,2,1.07407
6,2,559.583,50,214096,2,1.07407
6,3,879.009,50,214096,3,1.07407
6,4,995.634,50,214096,4,1.07407
6,5,1249.49,50,214096,5,1.07407
6,6,1295.71,50,214096,4,1.07407
6,1,513.813,23.687,253951,2,1.07407
6,2,653.65,23.687,253951,2,1.07407
6,3,667.738,23.687,253951,3,1.07407
6,4,772.514,23.687,253951,3,1.07407
6,5,780.14,23.687,253951,2,1.07407
6,6,931.344,23.687,253951,2,1.07407
6,1,109.636,81.523,218100,2,1.07407
6,2,759.43,81.523,218100,3,1.07407
6,3,1032.91,81.523,218100,3,1.07407
6,4,1110.63,81.523,218100,3,1.07407
6,5,1341.41,81.523,218100,5,1.07407
6,6,1567.43,81.523,218100,3,1.07407
6,1,46.2385,41.131,100609,2,1.07407
6,2,685.191,41.131,100609,3,1.07407
6,3,909.924,41.131,100609,2,1.07407
6,4,1090.74,41.131,100609,3,1.07407
6,5,1304.96,41.131,100609,2,1.07407
6,6,1396.04,41.131,100609,3,1.07407
6,1,520.807,35.802,150796,2,1.07407
6,2,933.926,35.802,150796,2,1.07407
6,3,1092.37,35.802,150796,2,1.07407
6,4,1096.63,35.802,150796,3,1.07407
6,5,1115.54,35.802,150796,3,1.07407
6,6,1237.12,35.802,150796,3,1.07407
6,1,625.502,58.955,485077,3,1.07407
6,2,839.526,58.955,485077,4,1.07407
6,3,921.848,58.955,485077,3,1.07407
6,4,1406.78,58.955,485077,4,1.07407
6,5,1499.99,58.955,485077,4,1.07407
6,6,1645.42,58.955,485077,4,1.07407
6,1,1251.19,131.122,704256,3,1.07407
6,2,1759.88,131.122,704256,7,1.07407
6,3,1854.58,131.122,704256,3,1.07407
6,4,1962.67,131.122,704256,4,1.07407
6,5,2089.27,131.122,704256,7,1.07407
6,6,2162.59,131.122,704256,5,1.07407
6,1,340.309,25.025,58862.6,2,1.07407
6,2,663.497,25.025,58862.6,2,1.07407
6,3,776.815,25.025,58862.6,3,1.07407
6,4,1104.55,25.025,58862.6,3,1.07407
6,5,1193.48,25.025,58862.6,4,1.07407
6,6,1275.02,25.025,58862.6,3,1.07407
6,1,261.192,44.062,114798,2,1.07407
6,2,664.947,44.062,114798,2,1.07407
6,3,688.05,44.062,114798,2,1.07407
6,4,977.683,44.062,114798,2,1.07407
6,5,1055.23,44.062,114798,2,1.07407
6,6,1086.77,44.062,114798,3,1.07407
6,1,95.8541,44.617,126136,2,1.07407
6,2,377.16,44.617,126136,2,1.07407
6,3,926.585,44.617,126136,3,1.07407
6,4,1056.21,44.617,126136,2,1.07407
6,5,1135.01,44.617,126136,3,1.07407
6,6,1383.51,44.617,126136,4,1.07407
6,1,413.401,65.04,163130,2,1.07407
6,2,793.64,65.04,163130,2,1.07407
6,3,878.634,65.04,163130,2,1.07407
6,4,952.69,65.04,163130,3,1.07407
6,5,959.797,65.04,163130,4,1.07407
6,6,1547.67,65.04,163130,4,1.07407
6,1,752.709,47.181,341712,4,1.07407
6,2,901.777,47.181,341712,4,1.07407
6,3,1055.93,47.181,341712,3,1.07407
6,4,1091.39,47.181,341712,4,1.07407
6,5,1249.06,47.181,341712,4,1.07407
6,6,1543.29,47.181,341712,5,1.07407
6,1,631.342,34.565,133986,2,1.07407
6,2,671.191,34.565,133986,2,1.07407
6,3,804.101,34.565,133986,2,1.07407
6,4,908.772,34.565,133986,4,1.07407
6,5,987.758,34.565,133986,3,1.07407
6,6,998.815,34.565,133986,4,1.07407
6,1,454.714,50.161,171801,2,1.07407
6,2,1181.8,50.161,171801,2,1.07407
6,3,1441.53,50.161,171801,5,1.07407
6,4,1454.15,50.161,171801,4,1.07407
6,5,1539.06,50.161,171801,4,1.07407
6,6,1562.44,50.161,171801,3,1.07407
6,1,737.387,63.315,189679,4,1.07407
6,2,1172.33,63.315,189679,3,1.07407
6,3,1347.77,63.315,189679,4,1.07407
6,4,1527.35,63.315,189679,4,1.07407
6,5,1594.41,63.315,189679,4,1.07407
6,6,1606.95,63.315,189679,4,1.07407
6,1,180.782,47.55,3.56723e+06,3,1.07407
6,2,849.758,47.55,3.56723e+06,3,1.07407
6,3,920.359,47.55,3.56723e+06,2,1.07407
6,4,1105.92,47.55,3.56723e+06,3,1.07407
6,5,1160.82,47.55,3.56723e+06,3,1.07407
6,6,1450.14,47.55,3.56723e+06,5,1.07407
6,1,252.389,74.894,410383,2,1.07407
6,2,419.029,74.894,410383,2,1.07407
6,3,952.314,74.894,410383,3,1.07407
6,4,1073.42,74.894,410383,3,1.07407
6,5,1300.35,74.894,410383,4,1.07407
6,6,1416.05,74.894,410383,3,1.07407
6,1,164,26.977,114587,2,1.07407
6,2,374.723,26.977,114587,2,1.07407
6,3,422.096,26.977,114587,2,1.07407
6,4,690.938,26.977,114587,3,1.07407
6,5,734.946,26.977,114587,3,1.07407
6,6,912.577,26.977,114587,3,1.07407
6,1,506.654,33.578,215295,2,1.07407
6,2,1043.65,33.578,215295,3,1.07407
6,3,1174.32,33.578,215295,3,1.07407
6,4,1413.1,33.578,215295,2,1.07407
6,5,1564.12,33.578,215295,4,1.07407
6,6,1626.98,33.578,215295,2,1.07407
6,1,472.933,62.954,167990,3,1.07407
6,2,486.233,62.954,167990,3,1.07407
6,3,696.271,62.954,167990,2,1.07407
6,4,735.904,62.954,167990,3,1.07407
6,5,1255.25,62.954,167990,2,1.07407
6,6,1470.1,62.954,167990,3,1.07407
6,1,979.119,55.435,316372,4,1.07407
6,2,1214.85,55.435,316372,2,1.07407
6,3,1414.16,55.435,316372,4,1.07407
6,4,1476.26,55.435,316372,2,1.07407
6,5,1665.14,55.435,316372,6,1.07407
6,6,1713.16,55.435,316372,4,1.07407
6,1,316.285,78.14,400439,2,1.07407
6,2,448.055,78.14,400439,2,1.07407
6,3,1267.83,78.14,400439,7,1.07407
6,4,1567.59,78.14,400439,3,1.07407
6,5,1577.3,78.14,400439,7,1.07407
6,6,1623.38,78.14,400439,3,1.07407
6,1,432.604,38.357,740073,2,1.07407
6,2,453.584,38.357,740073,2,1.07407
6,3,489.531,38.357,740073,2,1.07407
6,4,741.003,38.357,740073,2,1.07407
6,5,972.063,38.357,740073,2,1.07407
6,6,1035.22,38.357,740073,6,1.07407
6,1,337.148,96.646,330729,2,1.07407
6,2,345.251,96.646,330729,3,1.07407
6,3,810.839,96.646,330729,3,1.07407
6,4,1196.83,96.646,330729,3,1.07407
6,5,1319.72,96.646,330729,4,1.07407
6,6,1599.01,96.646,330729,5,1.07407
6,1,444.927,13.927,77732.3,2,1.07407
6,2,467.386,13.927,77732.3,2,1.07407
6,3,569.577,13.927,77732.3,2,1.07407
6,4,603.673,13.927,77732.3,2,1.07407
6,5,683.058,13.927,77732.3,2,1.07407
6,6,693.826,13.927,77732.3,2,1.07407
6,1,165.895,32.733,176192,2,1.07407
6,2,350.064,32.733,176192,2,1.07407
6,3,868.172,32.733,176192,2,1.07407
6,4,1280.02,32.733,176192,4,1.07407
6,5,1362.82,32.733,176192,2,1.07407
6,6,1380.18,32.733,176192,2,1.07407
6,1,1275.6,85.774,657571,4,1.07407
6,2,1352.62,85.774,657571,2,1.07407
6,3,1394.05,85.774,657571,3,1.07407
6,4,1448.18,85.774,657571,4,1.07407
6,5,1648.25,85.774,657571,4,1.07407
6,6,1798.42,85.774,657571,3,1.07407
6,1,93.2309,34.551,110431,2,1.07407
6,2,274.643,34.551,110431,2,1.07407
6,3,820.26,34.551,110431,6,1.07407
6,4,836.091,34.551,110431,3,1.07407
6,5,1392.38,34.551,110431,3,1.07407
6,6,1441.23,34.551,110431,4,1.07407
6,1,335.178,48.316,230232,3,1.07407
6,2,1271.87,48.316,230232,4,1.07407
6,3,1300.1,48.316,230232,3,1.07407
6,4,1349.01,48.316,230232,5,1.07407
6,5,1429.83,48.316,230232,5,1.07407
6,6,1437.22,48.316,230232,4,1.07407
6,1,681.505,50.289,507861,3,1.07407
6,2,766.593,50.289,507861,2,1.07407
6,3,906.154,50.289,507861,3,1.07407
6,4,938.12,50.289,507861,3,1.07407
6,5,952.534,50.289,507861,2,1.07407
6,6,1468.8,50.289,507861,3,1.07407
6,1,781.799,70.078,1.00719e+06,2,1.07407
6,2,1027.92,70.078,1.00719e+06,3,1.07407
6,3,1265.01,70.078,1.00719e+06,3,1.07407
6,4,1501.54,70.078,1.00719e+06,3,1.07407
6,5,1615.78,70.078,1.00719e+06,3,1.07407
6,6,1805.54,70.078,1.00719e+06,5,1.07407
6,1,275.77,45.01,246470,2,1.07407
6,2,1102.2,45.01,246470,3,1.07407
6,3,1157.27,45.01,246470,3,1.07407
6,4,1211.36,45.01,246470,2,1.07407
6,5,1546.29,45.01,246470,5,1.07407
6,6,1591.05,45.01,246470,4,1.07407
6,1,1124,67.675,245316,3,1.07407
6,2,1241.79,67.675,245316,3,1.07407
6,3,1381.38,67.675,245316,3,1.07407
6,4,1441.67,67.675,245316,4,1.07407
6,5,1646.9,67.675,245316,4,1.07407
6,6,1717.68,67.675,245316,5,1.07407
6,1,865.638,68.111,179978,3,1.07407
6,2,965.899,68.111,179978,3,1.07407
6,3,1045.23,68.111,179978,4,1.07407
6,4,1299.81,68.111,179978,4,1.07407
6,5,1554.86,68.111,179978,3,1.07407
6,6,1630.48,68.111,179978,4,1.07407
6,1,170.95,25.694,1.13539e+06,2,1.07407
6,2,177.102,25.694,1.13539e+06,2,1.07407
6,3,575.438,25.694,1.13539e+06,2,1.07407
6,4,740.357,25.694,1.13539e+06,2,1.07407
6,5,899.338,25.694,1.13539e+06,5,1.07407
6,6,1049.46,25.694,1.13539e+06,4,1.07407
6,1,228.035,56.727,228910,2,1.07407
6,2,283.975,56.727,228910,2,1.07407
6,3,442.327,56.727,228910,2,1.07407
6,4,744.318,56.727,228910,2,1.07407
6,5,1273.08,56.727,228910,3,1.07407
6,6,1499.93,56.727,228910,3,1.07407
6,1,807.818,59.692,655489,3,1.07407
6,2,973.048,59.692,655489,4,1.07407
6,3,1051.29,59.692,655489,2,1.07407
6,4,1374.88,59.692,655489,2,1.07407
6,5,1392.43,59.692,655489,2,1.07407
6,6,1592.19,59.692,655489,3,1.07407
6,1,283.637,46.07,215806,2,1.07407
6,2,1072.53,46.07,215806,4,1.07407
6,3,1280.22,46.07,215806,4,1.07407
6,4,1414.59,46.07,215806,4,1.07407
6,5,1443.66,46.07,215806,4,1.07407
6,6,1608.69,46.07,215806,4,1.07407
6,1,278.455,50.465,213336,2,1.07407
6,2,413.86,50.465,213336,2,1.07407
6,3,1488.09,50.465,213336,5,1.07407
6,4,1546.43,50.465,213336,4,1.07407
6,5,1560.01,50.465,213336,5,1.07407
6,6,1624.66,50.465,213336,6,1.07407
6,1,1351.08,139.73,1.04671e+06,3,1.07407
6,2,1499.72,139.73,1.04671e+06,3,1.07407
6,3,1626.79,139.73,1.04671e+06,2,1.07407
6,4,1846.52,139.73,1.04671e+06,5,1.07407
6,5,1873.47,139.73,1.04671e+06,6,1.07407
6,6,2282.17,139.73,1.04671e+06,5,1.07407
6,1,759.161,23.765,152885,2,1.07407
6,2,1002.45,23.765,152885,2,1.07407
6,3,1036.23,23.765,152885,4,1.07407
6,4,1053.99,23.765,152885,2,1.07407
6,5,1094.38,23.765,152885,2,1.07407
6,6,1134.35,23.765,152885,3,1.07407
6,1,553.466,44.267,191985,4,1.07407
6,2,786.51,44.267,191985,3,1.07407
6,3,1032.72,44.267,191985,3,1.07407
6,4,1049.34,44.267,191985,3,1.07407
6,5,1073.21,44.267,191985,2,1.07407
6,6,1252.57,44.267,191985,3,1.07407
6,1,815.238,49.261,218075,2,1.07407
6,2,920.354,49.261,218075,3,1.07407
6,3,939.356,49.261,218075,3,1.07407
6,4,1296.25,49.261,218075,2,1.07407
6,5,1365.61,49.261,218075,4,1.07407
6,6,1498.52,49.261,218075,4,1.07407
6,1,428.554,65.163,396186,3,1.07407
6,2,814.62,65.163,396186,2,1.07407
6,3,1077,65.163,396186,2,1.07407
6,4,1245.55,65.163,396186,3,1.07407
6,5,1401.8,65.163,396186,4,1.07407
6,6,1576.16,65.163,396186,5,1.07407
6,1,428.516,66.004,408742,2,1.07407
6,2,931.696,66.004,408742,2,1.07407
6,3,1454.16,66.004,408742,3,1.07407
6,4,1792.7,66.004,408742,3,1.07407
6,5,1797.39,66.004,408742,3,1.07407
6,6,1839.16,66.004,408742,3,1.07407
6,1,392.859,65.833,412651,3,1.07407
6,2,931.642,65.833,412651,4,1.07407
6,3,958.366,65.833,412651,2,1.07407
6,4,1332.45,65.833,412651,4,1.07407
6,5,1630.83,65.833,412651,3,1.07407
6,6,1639.96,65.833,412651,2,1.07407
6,1,186.43,48.548,353005,2,1.07407
6,2,211.059,48.548,353005,2,1.07407
6,3,389.272,48.548,353005,2,1.07407
6,4,709.952,48.548,353005,3,1.07407
6,5,886.664,48.548,353005,3,1.07407
6,6,1098.89,48.548,353005,3,1.07407
6,1,36.0555,44.514,175728,2,1.07407
6,2,760.654,44.514,175728,2,1.07407
6,3,1403.08,44.514,175728,3,1.07407
6,4,1513.39,44.514,175728,3,1.07407
6,5,1525.69,44.514,175728,3,1.07407
6,6,1537.8,44.514,175728,3,1.07407
6,1,568.562,103.41,969800,3,1.07407
6,2,1188.68,103.41,969800,4,1.07407
6,3,1495.34,103.41,969800,3,1.07407
6,4,1681.99,103.41,969800,3,1.07407
6,5,1812.56,103.41,969800,3,1.07407
6,6,1933.78,103.41,969800,8,1.07407
6,1,296.827,45.574,284278,2,1.07407
6,2,710.515,45.574,284278,2,1.07407
6,3,894.824,45.574,284278,3,1.07407
6,4,959.91,45.574,284278,3,1.07407
6,5,1208.22,45.574,284278,3,1.07407
6,6,1553.67,45.574,284278,5,1.07407
6,1,401.14,113.699,599908,2,1.07407
6,2,553.599,113.699,599908,2,1.07407
6,3,2042.05,113.699,599908,5,1.07407
6,4,2060.6,113.699,599908,4,1.07407
6,5,2086.39,113.699,599908,4,1.07407
6,6,2196.53,113.699,599908,6,1.07407
6,1,1124.86,70.598,546716,4,1.07407
6,2,1620.43,70.598,546716,7,1.07407
6,3,1920.95,70.598,546716,4,1.07407
6,4,1981.51,70.598,546716,3,1.07407
6,5,2047.11,70.598,546716,2,1.07407
6,6,2075.29,70.598,546716,3,1.07407
6,1,823.943,65.073,860842,3,1.07407
6,2,863.818,65.073,860842,2,1.07407
6,3,1328.18,65.073,860842,3,1.07407
6,4,1656.23,65.073,860842,3,1.07407
6,5,1817.87,65.073,860842,4,1.07407
6,6,1907.83,65.073,860842,4,1.07407
6,1,210.205,26.965,278481,2,1.07407
6,2,723.849,26.965,278481,2,1.07407
6,3,849.7,26.965,278481,4,1.07407
6,4,1136.11,26.965,278481,4,1.07407
6,5,1149.62,26.965,278481,2,1.07407
6,6,1157.84,26.965,278481,2,1.07407
6,1,962.595,61.604,476100,5,1.07407
6,2,1347.92,61.604,476100,3,1.07407
6,3,1377.92,61.604,476100,3,1.07407
6,4,1446.79,61.604,476100,3,1.07407
6,5,1486.81,61.604,476100,3,1.07407
6,6,1616.69,61.604,476100,4,1.07407
6,1,86.8332,85.377,326117,2,1.07407
6,2,870.325,85.377,326117,3,1.07407
6,3,1356.01,85.377,326117,3,1.07407
6,4,1781.13,85.377,326117,3,1.07407
6,5,1801.24,85.377,326117,4,1.07407
6,6,1828.58,85.377,326117,7,1.07407
6,1,160.552,40.53,225387,2,1.07407
6,2,583.106,40.53,225387,2,1.07407
6,3,1196.68,40.53,225387,3,1.07407
6,4,1249.15,40.53,225387,3,1.07407
6,5,1304.78,40.53,225387,2,1.07407
6,6,1360.7,40.53,225387,3,1.07407
6,1,230.202,79.365,727243,2,1.07407
6,2,1132.96,79.365,727243,3,1.07407
6,3,1303.84,79.365,727243,2,1.07407
6,4,1533.62,79.365,727243,4,1.07407
6,5,1596.85,79.365,727243,4,1.07407
6,6,2200.01,79.365,727243,2,1.07407
6,1,227.622,56.651,169454,2,1.07407
6,2,263.973,56.651,169454,2,1.07407
6,3,937.127,56.651,169454,4,1.07407
6,4,1001.03,56.651,169454,2,1.07407
6,5,1648.24,56.651,169454,3,1.07407
6,6,1753.52,56.651,169454,5,1.07407
6,1,899.552,45.515,229946,2,1.07407
6,2,1293,45.515,229946,2,1.07407
6,3,1445.27,45.515,229946,4,1.07407
6,4,1586.36,45.515,229946,4,1.07407
6,5,1645.25,45.515,229946,6,1.07407
6,6,1716.75,45.515,229946,4,1.07407
6,1,927.373,40.931,336404,2,1.07407
6,2,990.354,40.931,336404,2,1.07407
6,3,1042.22,40.931,336404,2,1.07407
6,4,1111.01,40.931,336404,2,1.07407
6,5,1650.16,40.931,336404,2,1.07407
6,6,1678.23,40.931,336404,2,1.07407
6,1,791.854,44.716,114790,3,1.07407
6,2,989.435,44.716,114790,3,1.07407
6,3,1189.11,44.716,114790,3,1.07407
6,4,1491.28,44.716,114790,5,1.07407
6,5,1547.94,44.716,114790,3,1.07407
6,6,1622.46,44.716,114790,4,1.07407
6,1,520.992,18.164,98358.6,3,1.07407
6,2,573.436,18.164,98358.6,2,1.07407
6,3,619.214,18.164,98358.6,3,1.07407
6,4,644.078,18.164,98358.6,2,1.07407
6,5,689.589,18.164,98358.6,2,1.07407
6,6,767.907,18.164,98358.6,2,1.07407
6,1,319.099,28.447,86495.6,3,1.07407
6,2,941.884,28.447,86495.6,5,1.07407
6,3,964.393,28.447,86495.6,2,1.07407
6,4,1085.78,28.447,86495.6,4,1.07407
6,5,1161.61,28.447,86495.6,4,1.07407
6,6,1180.31,28.447,86495.6,5,1.07407
6,1,434.762,72.173,495671,2,1.07407
6,2,880.777,72.173,495671,2,1.07407
6,3,1353.52,72.173,495671,4,1.07407
6,4,1795.48,72.173,495671,7,1.07407
6,5,1823.51,72.173,495671,2,1.07407
6,6,1825.53,72.173,495671,4,1.07407
6,1,239.804,25.415,235339,2,1.07407
6,2,904.02,25.415,235339,2,1.07407
6,3,920.22,25.415,235339,2,1.07407
6,4,1249.71,25.415,235339,2,1.07407
6,5,1381.14,25.415,235339,2,1.07407
6,6,1417.2,25.415,235339,4,1.07407
6,1,818.941,89.504,837255,4,1.07407
6,2,1103.83,89.504,837255,2,1.07407
6,3,1677.48,89.504,837255,2,1.07407
6,4,1725.51,89.504,837255,2,1.07407
6,5,2273,89.504,837255,4,1.07407
6,6,2289.74,89.504,837255,7,1.07407
6,1,778.931,38.814,104840,3,1.07407
6,2,932.515,38.814,104840,2,1.07407
6,3,973.351,38.814,104840,2,1.07407
6,4,1207.81,38.814,104840,2,1.07407
6,5,1353.1,38.814,104840,7,1.07407
6,6,1517.49,38.814,104840,2,1.07407
6,1,117.034,9.523,21457.8,2,1.07407
6,2,340.478,9.523,21457.8,2,1.07407
6,3,552.808,9.523,21457.8,2,1.07407
6,4,572.574,9.523,21457.8,2,1.07407
6,5,584.381,9.523,21457.8,2,1.07407
6,6,687.367,9.523,21457.8,2,1.07407
6,1,144.003,66.58,348385,2,1.07407
6,2,550.563,66.58,348385,2,1.07407
6,3,1319.93,66.58,348385,8,1.07407
6,4,1476.98,66.58,348385,8,1.07407
6,5,1812.91,66.58,348385,4,1.07407
6,6,1837.52,66.58,348385,3,1.07407
6,1,125.483,51.307,357917,2,1.07407
6,2,1101.43,51.307,357917,3,1.07407
6,3,1199.17,51.307,357917,3,1.07407
6,4,1284.93,51.307,357917,3,1.07407
6,5,1370.45,51.307,357917,3,1.07407
6,6,1429.91,51.307,357917,3,1.07407
6,1,240.002,41.912,240819,2,1.07407
6,2,649.2,41.912,240819,2,1.07407
6,3,941.477,41.912,240819,3,1.07407
6,4,962.13,41.912,240819,3,1.07407
6,5,1393.54,41.912,240819,3,1.07407
6,6,1461.44,41.912,240819,3,1.07407
6,1,216.391,19.096,63242.5,2,1.07407
6,2,478.235,19.096,63242.5,2,1.07407
6,3,611.708,19.096,63242.5,3,1.07407
6,4,660.64,19.096,63242.5,2,1.07407
6,5,1029.8,19.096,63242.5,2,1.07407
6,6,1125.22,19.096,63242.5,2,1.07407
6,1,1273.69,98.435,386388,3,1.07407
6,2,1311.92,98.435,386388,2,1.07407
6,3,1564.94,98.435,386388,4,1.07407
6,4,1746.69,98.435,386388,4,1.07407
6,5,2055.3,98.435,386388,2,1.07407
6,6,2127.93,98.435,386388,3,1.07407
6,1,583.075,83.308,361130,3,1.07407
6,2,1637.11,83.308,361130,3,1.07407
6,3,1751.98,83.308,361130,4,1.07407
6,4,1756.97,83.308,361130,4,1.07407
6,5,1829.28,83.308,361130,4,1.07407
6,6,1906.49,83.308,361130,4,1.07407
6,1,417.49,40.349,292114,2,1.07407
6,2,471.16,40.349,292114,2,1.07407
6,3,686.477,40.349,292114,2,1.07407
6,4,1049.35,40.349,292114,3,1.07407
6,5,1143.8,40.349,292114,4,1.07407
6,6,1308.13,40.349,292114,4,1.07407
6,1,563.841,54.498,357362,2,1.07407
6,2,1007.54,54.498,357362,3,1.07407
6,3,1179.01,54.498,357362,4,1.07407
6,4,1223.09,54.498,357362,3,1.07407
6,5,1233.2,54.498,357362,3,1.07407
6,6,1428.05,54.498,357362,4,1.07407
6,1,439.096,74.121,477969,2,1.07407
6,2,936.467,74.121,477969,2,1.07407
6,3,1269.42,74.121,477969,6,1.07407
6,4,1680.23,74.121,477969,2,1.07407
6,5,1693.31,74.121,477969,3,1.07407
6,6,1809.84,74.121,477969,3,1.07407
6,1,88.4816,19.799,200667,2,1.07407
6,2,429.061,19.799,200667,2,1.07407
6,3,813.802,19.799,200667,2,1.07407
6,4,1129.95,19.799,200667,3,1.07407
6,5,1199.46,19.799,200667,2,1.07407
6,6,1211.53,19.799,200667,3,1.07407
6,1,283.069,35.725,212490,2,1.07407
6,2,595.444,35.725,212490,2,1.07407
6,3,1257.17,35.725,212490,3,1.07407
6,4,1482.42,35.725,212490,3,1.07407
6,5,1492.47,35.725,212490,4,1.07407
6,6,1546.88,35.725,212490,3,1.07407
6,1,531.507,42.664,305254,2,1.07407
6,2,611.901,42.664,305254,3,1.07407
6,3,877.875,42.664,305254,4,1.07407
6,4,923.058,42.664,305254,4,1.07407
6,5,1030.59,42.664,305254,2,1.07407
6,6,1086.36,42.664,305254,5,1.07407
6,1,52,55.247,237929,2,1.07407
6,2,1075.37,55.247,237929,3,1.07407
6,3,1437.96,55.247,237929,4,1.07407
6,4,1645.49,55.247,237929,3,1.07407
6,5,1665.87,55.247,237929,5,1.07407
6,6,1676.2,55.247,237929,3,1.07407
6,1,1445.62,69.135,285710,5,1.07407
6,2,1513.2,69.135,285710,5,1.07407
6,3,1548.13,69.135,285710,2,1.07407
6,4,1567.56,69.135,285710,3,1.07407
6,5,1634.27,69.135,285710,3,1.07407
6,6,1653.78,69.135,285710,5,1.07407
6,1,884.535,88.537,590478,2,1.07407
6,2,1279.9,88.537,590478,3,1.07407
6,3,1358.24,88.537,590478,4,1.07407
6,4,1438.87,88.537,590478,4,1.07407
6,5,1600.07,88.537,590478,4,1.07407
6,6,1629.94,88.537,590478,3,1.07407
6,1,515.706,25.364,61300.8,3,1.07407
6,2,601.816,25.364,61300.8,3,1.07407
6,3,1026.67,25.364,61300.8,3,1.07407
6,4,1055.64,25.364,61300.8,3,1.07407
6,5,1152.49,25.364,61300.8,3,1.07407
6,6,1289.42,25.364,61300.8,3,1.07407
6,1,95.4254,22.281,109494,2,1.07407
6,2,222.895,22.281,109494,2,1.07407
6,3,497.378,22.281,109494,2,1.07407
6,4,609.118,22.281,109494,2,1.07407
6,5,846.856,22.281,109494,2,1.07407
6,6,964.499,22.281,109494,3,1.07407
6,1,589.442,50.17,321173,3,1.07407
6,2,598.559,50.17,321173,3,1.07407
6,3,627.309,50.17,321173,2,1.07407
6,4,1322,50.17,321173,4,1.07407
6,5,1363.31,50.17,321173,3,1.07407
6,6,1635.38,50.17,321173,3,1.07407
6,1,954.679,36.799,198360,2,1.07407
6,2,1299.82,36.799,198360,3,1.07407
6,3,1427.38,36.799,198360,3,1.07407
6,4,1490.57,36.799,198360,3,1.07407
6,5,1572.52,36.799,198360,3,1.07407
6,6,1587.99,36.799,198360,3,1.07407
6,1,645.264,43.879,217422,2,1.07407
6,2,836.317,43.879,217422,2,1.07407
6,3,1026.57,43.879,217422,2,1.07407
6,4,1720.55,43.879,217422,2,1.07407
6,5,1795.32,43.879,217422,2,1.07407
6,6,1832.46,43.879,217422,5,1.07407
6,1,351.511,31.625,342261,2,1.07407
6,2,393.215,31.625,342261,2,1.07407
6,3,701.342,31.625,342261,2,1.07407
6,4,782.967,31.625,342261,2,1.07407
6,5,908.06,31.625,342261,3,1.07407
6,6,1014.46,31.625,342261,2,1.07407
6,1,547.793,70.765,501290,2,1.07407
6,2,978.584,70.765,501290,3,1.07407
6,3,1220.04,70.765,501290,2,1.07407
6,4,1738.76,70.765,501290,4,1.07407
6,5,1794.53,70.765,501290,3,1.07407
6,6,2144.02,70.765,501290,4,1.07407
6,1,349.419,26.24,84142.7,3,1.07407
6,2,578.751,26.24,84142.7,2,1.07407
6,3,1198.95,26.24,84142.7,3,1.07407
6,4,1206.47,26.24,84142.7,3,1.07407
6,5,1224.07,26.24,84142.7,3,1.07407
6,6,1249.71,26.24,84142.7,4,1.07407
6,1,505.08,34.526,158139,2,1.07407
6,2,928.302,34.526,158139,3,1.07407
6,3,1267.29,34.526,158139,4,1.07407
6,4,1303.8,34.526,158139,4,1.07407
6,5,1364.02,34.526,158139,3,1.07407
6,6,1545.96,34.526,158139,4,1.07407
6,1,1056.49,96.997,490896,3,1.07407
6,2,1070.55,96.997,490896,2,1.07407
6,3,1598.06,96.997,490896,5,1.07407
6,4,1671.36,96.997,490896,4,1.07407
6,5,1704.07,96.997,490896,4,1.07407
6,6,1854.2,96.997,490896,3,1.07407
6,1,250.816,45.516,337329,3,1.07407
6,2,1129.71,45.516,337329,4,1.07407
6,3,1129.74,45.516,337329,3,1.07407
6,4,1327.01,45.516,337329,4,1.07407
6,5,1352,45.516,337329,2,1.07407
6,6,1457.11,45.516,337329,5,1.07407
6,1,187.446,78.41,306953,2,1.07407
6,2,523.004,78.41,306953,2,1.07407
6,3,968.186,78.41,306953,2,1.07407
6,4,1352.48,78.41,306953,3,1.07407
6,5,1560.38,78.41,306953,2,1.07407
6,6,1597.61,78.41,306953,4,1.07407
6,1,177.229,73.602,974550,2,1.07407
6,2,879.02,73.602,974550,2,1.07407
6,3,1329.83,73.602,974550,5,1.07407
6,4,1372.95,73.602,974550,2,1.07407
6,5,1891.67,73.602,974550,4,1.07407
6,6,1897.57,73.602,974550,5,1.07407
6,1,340.331,28.901,100467,3,1.07407
6,2,443.849,28.901,100467,2,1.07407
6,3,449.69,28.901,100467,2,1.07407
6,4,500.436,28.901,100467,2,1.07407
6,5,563.284,28.901,100467,3,1.07407
6,6,1120.48,28.901,100467,3,1.07407
6,1,589.536,29.42,182685,2,1.07407
6,2,634.943,29.42,182685,2,1.07407
6,3,1118.73,29.42,182685,3,1.07407
6,4,1376.29,29.42,182685,4,1.07407
6,5,1522.44,29.42,182685,4,1.07407
6,6,1541.42,29.42,182685,3,1.07407
6,1,437.817,39.652,106067,2,1.07407
6,2,608.754,39.652,106067,3,1.07407
6,3,867.81,39.652,106067,3,1.07407
6,4,1058.44,39.652,106067,3,1.07407
6,5,1349.78,39.652,106067,2,1.07407
6,6,1391.65,39.652,106067,3,1.07407
6,1,166.208,38.974,152482,2,1.07407
6,2,1101.29,38.974,152482,4,1.07407
6,3,1274.78,38.974,152482,2,1.07407
6,4,1410.9,38.974,152482,4,1.07407
6,5,1414.21,38.974,152482,3,1.07407
6,6,1533.28,38.974,152482,6,1.07407
6,1,183.992,34.397,219524,2,1.07407
6,2,185.097,34.397,219524,2,1.07407
6,3,382.382,34.397,219524,2,1.07407
6,4,861.33,34.397,219524,3,1.07407
6,5,1087.52,34.397,219524,3,1.07407
6,6,1180.89,34.397,219524,3,1.07407
6,1,373.551,47.246,188868,2,1.07407
6,2,515.198,47.246,188868,2,1.07407
6,3,876.695,47.246,188868,3,1.07407
6,4,1168.17,47.246,188868,3,1.07407
6,5,1246.37,47.246,188868,4,1.07407
6,6,1328.69,47.246,188868,4,1.07407
6,1,1089.1,50.562,417187,4,1.07407
6,2,1267.72,50.562,417187,4,1.07407
6,3,1285.98,50.562,417187,5,1.07407
6,4,1375.17,50.562,417187,4,1.07407
6,5,1483.36,50.562,417187,3,1.07407
6,6,1599.05,50.562,417187,3,1.07407
6,1,206.119,76.444,1.31689e+06,2,1.07407
6,2,472.573,76.444,1.31689e+06,2,1.07407
6,3,605.521,76.444,1.31689e+06,2,1.07407
6,4,1357.3,76.444,1.31689e+06,4,1.07407
6,5,1705.22,76.444,1.31689e+06,4,1.07407
6,6,1817.17,76.444,1.31689e+06,4,1.07407
6,1,642.932,55.903,286824,2,1.07407
6,2,1363.17,55.903,286824,3,1.07407
6,3,1575.88,55.903,286824,3,1.07407
6,4,1582.59,55.903,286824,3,1.07407
6,5,1592.06,55.903,286824,3,1.07407
6,6,1622.2,55.903,286824,3,1.07407
6,1,56.3205,32.414,168909,2,1.07407
6,2,442.719,32.414,168909,2,1.07407
6,3,524.596,32.414,168909,2,1.07407
6,4,703.011,32.414,168909,2,1.07407
6,5,1198.98,32.414,168909,2,1.07407
6,6,1335.74,32.414,168909,3,1.07407
6,1,623.104,39.548,110577,2,1.07407
6,2,966.884,39.548,110577,2,1.07407
6,3,1179.48,39.548,110577,2,1.07407
6,4,1182.31,39.548,110577,2,1.07407
6,5,1695.4,39.548,110577,2,1.07407
6,6,1738.65,39.548,110577,4,1.07407
6,1,1077.65,44.632,160991,2,1.07407
6,2,1352.67,44.632,160991,4,1.07407
6,3,1394.35,44.632,160991,4,1.07407
6,4,1497.85,44.632,160991,4,1.07407
6,5,1579.54,44.632,160991,3,1.07407
6,6,1742.48,44.632,160991,4,1.07407
6,1,649.963,52.624,159994,2,1.07407
6,2,978.256,52.624,159994,3,1.07407
6,3,1232.52,52.624,159994,3,1.07407
6,4,1386.97,52.624,159994,3,1.07407
6,5,1540.2,52.624,159994,3,1.07407
6,6,1821.46,52.624,159994,3,1.07407
6,1,590.811,28.318,93793.2,2,1.07407
6,2,697.585,28.318,93793.2,2,1.07407
6,3,771.622,28.318,93793.2,2,1.07407
6,4,954.895,28.318,93793.2,2,1.07407
6,5,1051.24,28.318,93793.2,3,1.07407
6,6,1103.29,28.318,93793.2,3,1.07407
6,1,435.876,38.816,127552,2,1.07407
6,2,927.431,38.816,127552,3,1.07407
6,3,1109,38.816,127552,2,1.07407
6,4,1140.94,38.816,127552,3,1.07407
6,5,1398.06,38.816,127552,4,1.07407
6,6,1554.33,38.816,127552,2,1.07407
6,1,951.387,44.009,389632,3,1.07407
6,2,1023.73,44.009,389632,3,1.07407
6,3,1152.54,44.009,389632,5,1.07407
6,4,1240.82,44.009,389632,3,1.07407
6,5,1338.12,44.009,389632,5,1.07407
6,6,1478.05,44.009,389632,3,1.07407
6,1,217.117,44.061,129797,2,1.07407
6,2,862.26,44.061,129797,3,1.07407
6,3,923.847,44.061,129797,3,1.07407
6,4,1364.36,44.061,129797,4,1.07407
6,5,1416.5,44.061,129797,4,1.07407
6,6,1600.48,44.061,129797,4,1.07407
6,1,425.541,37.319,106986,3,1.07407
6,2,658.593,37.319,106986,2,1.07407
6,3,662.782,37.319,106986,4,1.07407
6,4,869.142,37.319,106986,4,1.07407
6,5,913.928,37.319,106986,3,1.07407
6,6,1152.49,37.319,106986,3,1.07407
6,1,647.925,24.4,93957,3,1.07407
6,2,688.84,24.4,93957,2,1.07407
6,3,954.041,24.4,93957,3,1.07407
6,4,1004.97,24.4,93957,2,1.07407
6,5,1170.68,24.4,93957,4,1.07407
6,6,1240.92,24.4,93957,4,1.07407
6,1,181.466,47.542,402092,2,1.07407
6,2,604.742,47.542,402092,2,1.07407
6,3,710.862,47.542,402092,2,1.07407
6,4,1314.37,47.542,402092,2,1.07407
6,5,1633.85,47.542,402092,4,1.07407
6,6,1652.93,47.542,402092,2,1.07407
6,1,294.287,38.267,191305,2,1.07407
6,2,669.969,38.267,191305,2,1.07407
6,3,773.125,38.267,191305,3,1.07407
6,4,936.08,38.267,191305,2,1.07407
6,5,1100.68,38.267,191305,3,1.07407
6,6,1236.26,38.267,191305,2,1.07407
6,1,375.778,26.907,184137,2,1.07407
6,2,692.249,26.907,184137,2,1.07407
6,3,902.244,26.907,184137,2,1.07407
6,4,1171.1,26.907,184137,3,1.07407
6,5,1371.83,26.907,184137,4,1.07407
6,6,1442.59,26.907,184137,3,1.07407
6,1,311.27,47.212,208833,2,1.07407
6,2,731.522,47.212,208833,2,1.07407
6,3,740.27,47.212,208833,2,1.07407
6,4,1179.6,47.212,208833,3,1.07407
6,5,1475.92,47.212,208833,2,1.07407
6,6,1518.01,47.212,208833,5,1.07407
6,1,625.218,36.705,207662,2,1.07407
6,2,645.18,36.705,207662,2,1.07407
6,3,665.974,36.705,207662,2,1.07407
6,4,839.288,36.705,207662,2,1.07407
6,5,1150.44,36.705,207662,3,1.07407
6,6,1214.49,36.705,207662,4,1.07407
6,1,947.472,64.874,642657,4,1.07407
6,2,1508.94,64.874,642657,5,1.07407
6,3,1582.61,64.874,642657,4,1.07407
6,4,1633.7,64.874,642657,3,1.07407
6,5,1957.04,64.874,642657,4,1.07407
6,6,2151.17,64.874,642657,4,1.07407
6,1,656.875,83.919,402431,2,1.07407
6,2,838.709,83.919,402431,3,1.07407
6,3,848.528,83.919,402431,2,1.07407
6,4,1074.26,83.919,402431,2,1.07407
6,5,1300.62,83.919,402431,2,1.07407
6,6,1404.56,83.919,402431,5,1.07407
6,1,472.366,38.168,437527,2,1.07407
6,2,734.772,38.168,437527,2,1.07407
6,3,1033.75,38.168,437527,2,1.07407
6,4,1108.77,38.168,437527,2,1.07407
6,5,1221.74,38.168,437527,4,1.07407
6,6,1572.93,38.168,437527,3,1.07407
6,1,388.6,74.013,741923,2,1.07407
6,2,793.771,74.013,741923,2,1.07407
6,3,1090.29,74.013,741923,8,1.07407
6,4,1534.93,74.013,741923,3,1.07407
6,5,1570.61,74.013,741923,3,1.07407
6,6,1605.61,74.013,741923,4,1.07407
6,1,632.2,77.165,908410,2,1.07407
6,2,1099.96,77.165,908410,3,1.07407
6,3,1170.3,77.165,908410,3,1.07407
6,4,1743.28,77.165,908410,2,1.07407
6,5,1833.52,77.165,908410,4,1.07407
6,6,1858.19,77.165,908410,5,1.07407
6,1,516.981,36.886,205579,2,1.07407
6,2,760.428,36.886,205579,2,1.07407
6,3,1242.56,36.886,205579,5,1.07407
6,4,1279.29,36.886,205579,3,1.07407
6,5,1302.21,36.886,205579,5,1.07407
6,6,1329.52,36.886,205579,3,1.07407
6,1,69.1809,54.088,656353,2,1.07407
6,2,1282.79,54.088,656353,2,1.07407
6,3,1524.06,54.088,656353,3,1.07407
6,4,1555.26,54.088,656353,5,1.07407
6,5,1815.17,54.088,656353,6,1.07407
6,6,1859.31,54.088,656353,5,1.07407
6,1,235.002,46.586,297447,2,1.07407
6,2,1099.83,46.586,297447,4,1.07407
6,3,1419.33,46.586,297447,3,1.07407
6,4,1538.12,46.586,297447,4,1.07407
6,5,1573.05,46.586,297447,2,1.07407
6,6,1708.39,46.586,297447,4,1.07407
6,1,535.626,21.961,111914,3,1.07407
6,2,614.732,21.961,111914,2,1.07407
6,3,846.274,21.961,111914,2,1.07407
6,4,902.303,21.961,111914,3,1.07407
6,5,1087.22,21.961,111914,2,1.07407
6,6,1131.03,21.961,111914,3,1.07407
6,1,212.323,45.68,281134,2,1.07407
6,2,440.514,45.68,281134,2,1.07407
6,3,453.793,45.68,281134,2,1.07407
6,4,1277.32,45.68,281134,3,1.07407
6,5,1377.78,45.68,281134,4,1.07407
6,6,1642.64,45.68,281134,4,1.07407
6,1,411.145,78.144,710690,2,1.07407
6,2,700.543,78.144,710690,2,1.07407
6,3,937.906,78.144,710690,2,1.07407
6,4,1098.24,78.144,710690,2,1.07407
6,5,1800.96,78.144,710690,3,1.07407
6,6,1807.76,78.144,710690,3,1.07407
6,1,375.023,34.301,145381,2,1.07407
6,2,448.386,34.301,145381,2,1.07407
6,3,479.55,34.301,145381,2,1.07407
6,4,1142.85,34.301,145381,3,1.07407
6,5,1258,34.301,145381,3,1.07407
6,6,1283.56,34.301,145381,3,1.07407
6,1,370.951,62.554,266757,2,1.07407
6,2,1108.58,62.554,266757,4,1.07407
6,3,1276.86,62.554,266757,4,1.07407
6,4,1606.73,62.554,266757,4,1.07407
6,5,1957.76,62.554,266757,4,1.07407
6,6,2104.5,62.554,266757,3,1.07407
6,1,151.344,19.227,25621.8,2,1.07407
6,2,278.002,19.227,25621.8,2,1.07407
6,3,397.549,19.227,25621.8,2,1.07407
6,4,902.213,19.227,25621.8,2,1.07407
6,5,955.377,19.227,25621.8,2,1.07407
6,6,1064.48,19.227,25621.8,2,1.07407
6,1,557.628,60.525,194483,2,1.07407
6,2,1328.11,60.525,194483,4,1.07407
6,3,1492.67,60.525,194483,5,1.07407
6,4,1590.11,60.525,194483,3,1.07407
6,5,1634.4,60.525,194483,4,1.07407
6,6,1771.94,60.525,194483,3,1.07407
6,1,226.736,44.833,238911,2,1.07407
6,2,620.621,44.833,238911,3,1.07407
6,3,923.307,44.833,238911,3,1.07407
6,4,1261.67,44.833,238911,4,1.07407
6,5,1261.89,44.833,238911,2,1.07407
6,6,1313,44.833,238911,2,1.07407
6,1,217.789,36.173,165262,2,1.07407
6,2,660.984,36.173,165262,2,1.07407
6,3,689.688,36.173,165262,2,1.07407
6,4,900.698,36.173,165262,3,1.07407
6,5,1427.86,36.173,165262,3,1.07407
6,6,1431.92,36.173,165262,5,1.07407
6,1,810.225,117.464,1.77586e+06,2,1.07407
6,2,1209.8,117.464,1.77586e+06,2,1.07407
6,3,1729.99,117.464,1.77586e+06,3,1.07407
6,4,1888.06,117.464,1.77586e+06,3,1.07407
6,5,1931.93,117.464,1.77586e+06,5,1.07407
6,6,2021.62,117.464,1.77586e+06,3,1.07407
6,1,818.365,23.484,181161,2,1.07407
6,2,959.169,23.484,181161,2,1.07407
6,3,1031.83,23.484,181161,2,1.07407
6,4,1133.2,23.484,181161,2,1.07407
6,5,1229.45,23.484,181161,2,1.07407
6,6,1269.52,23.484,181161,2,1.07407
6,1,567.238,39.845,143428,3,1.07407
6,2,1080.89,39.845,143428,3,1.07407
6,3,1143.37,39.845,143428,3,1.07407
6,4,1219.7,39.845,143428,3,1.07407
6,5,1239.85,39.845,143428,5,1.07407
6,6,1480.92,39.845,143428,5,1.07407
6,1,617.423,25.988,107185,3,1.07407
6,2,782.859,25.988,107185,2,1.07407
6,3,910.785,25.988,107185,2,1.07407
6,4,1043.54,25.988,107185,2,1.07407
6,5,1119.52,25.988,107185,2,1.07407
6,6,1325.3,25.988,107185,4,1.07407
6,1,13.4536,22.973,69710,2,1.07407
6,2,583.645,22.973,69710,2,1.07407
6,3,667.171,22.973,69710,2,1.07407
6,4,820.357,22.973,69710,2,1.07407
6,5,912.216,22.973,69710,3,1.07407
6,6,1206.88,22.973,69710,2,1.07407
6,1,507.23,78.175,809736,2,1.07407
6,2,1283.65,78.175,809736,7,1.07407
6,3,1708.68,78.175,809736,5,1.07407
6,4,1731.34,78.175,809736,2,1.07407
6,5,1752.74,78.175,809736,5,1.07407
6,6,1810.74,78.175,809736,6,1.07407
6,1,1175.03,114.16,734327,5,1.07407
6,2,1308.09,114.16,734327,4,1.07407
6,3,1627.8,114.16,734327,5,1.07407
6,4,1995.43,114.16,734327,3,1.07407
6,5,2275.22,114.16,734327,4,1.07407
6,6,2310.63,114.16,734327,3,1.07407
6,1,221.287,41.228,261717,2,1.07407
6,2,1054.49,41.228,261717,3,1.07407
6,3,1147.98,41.228,261717,4,1.07407
6,4,1162.09,41.228,261717,3,1.07407
6,5,1276.4,41.228,261717,2,1.07407
6,6,1291.88,41.228,261717,3,1.07407
6,1,390.568,19.608,69559.3,3,1.07407
6,2,619.865,19.608,69559.3,2,1.07407
6,3,690.026,19.608,69559.3,3,1.07407
6,4,882.246,19.608,69559.3,3,1.07407
6,5,1028.56,19.608,69559.3,3,1.07407
6,6,1058.17,19.608,69559.3,3,1.07407
6,1,971.136,50.354,207000,2,1.07407
6,2,1029.21,50.354,207000,5,1.07407
6,3,1300.81,50.354,207000,2,1.07407
6,4,1355.07,50.354,207000,4,1.07407
6,5,1399.28,50.354,207000,4,1.07407
6,6,1516.39,50.354,207000,4,1.07407
6,1,378.695,118.023,591456,2,1.07407
6,2,934.094,118.023,591456,3,1.07407
6,3,1115.29,118.023,591456,3,1.07407
6,4,1606.37,118.023,591456,5,1.07407
6,5,1684.34,118.023,591456,4,1.07407
6,6,1900.85,118.023,591456,3,1.07407
6,1,643.156,34.738,116240,2,1.07407
6,2,1011.33,34.738,116240,2,1.07407
6,3,1092.77,34.738,116240,2,1.07407
6,4,1310.4,34.738,116240,2,1.07407
6,5,1414.27,34.738,116240,4,1.07407
6,6,1555.64,34.738,116240,3,1.07407
6,1,277.546,52.023,172005,2,1.07407
6,2,722.281,52.023,172005,2,1.07407
6,3,792.031,52.023,172005,2,1.07407
6,4,939.328,52.023,172005,2,1.07407
6,5,1036.91,52.023,172005,4,1.07407
6,6,1112.15,52.023,172005,3,1.07407
6,1,1021.75,35.432,224572,3,1.07407
6,2,1054.89,35.432,224572,3,1.07407
6,3,1166.15,35.432,224572,3,1.07407
6,4,1194.61,35.432,224572,3,1.07407
6,5,1204.85,35.432,224572,3,1.07407
6,6,1234.83,35.432,224572,3,1.07407
6,1,535.965,65.312,377248,4,1.07407
6,2,1093.42,65.312,377248,2,1.07407
6,3,1110.97,65.312,377248,5,1.07407
6,4,1302.64,65.312,377248,7,1.07407
6,5,1363.31,65.312,377248,8,1.07407
6,6,1480.95,65.312,377248,4,1.07407
6,1,999.969,58.514,174192,3,1.07407
6,2,1047.77,58.514,174192,2,1.07407
6,3,1434.08,58.514,174192,3,1.07407
6,4,1452.06,58.514,174192,4,1.07407
6,5,1463.71,58.514,174192,3,1.07407
6,6,1466.96,58.514,174192,3,1.07407
6,1,677.507,81.707,748314,2,1.07407
6,2,1297.22,81.707,748314,2,1.07407
6,3,1366.14,81.707,748314,3,1.07407
6,4,1512.04,81.707,748314,3,1.07407
6,5,1635.59,81.707,748314,3,1.07407
6,6,1813.21,81.707,748314,3,1.07407
6,1,176.505,29.667,120732,2,1.07407
6,2,323.785,29.667,120732,2,1.07407
6,3,375.197,29.667,120732,2,1.07407
6,4,800.149,29.667,120732,3,1.07407
6,5,927.928,29.667,120732,2,1.07407
6,6,1418.37,29.667,120732,4,1.07407
6,1,1030.41,89.169,756516,2,1.07407
6,2,1555.8,89.169,756516,2,1.07407
6,3,1582.95,89.169,756516,5,1.07407
6,4,1731.05,89.169,756516,5,1.07407
6,5,1866.54,89.169,756516,3,1.07407
6,6,2072.14,89.169,756516,6,1.07407
6,1,855.003,80.455,378801,4,1.07407
6,2,922.389,80.455,378801,2,1.07407
6,3,1106.84,80.455,378801,2,1.07407
6,4,1615.08,80.455,378801,4,1.07407
6,5,1853.44,80.455,378801,5,1.07407
6,6,1885.51,80.455,378801,5,1.07407
6,1,212.492,44.568,131913,2,1.07407
6,2,481.433,44.568,131913,2,1.07407
6,3,1227.52,44.568,131913,6,1.07407
6,4,1243.35,44.568,131913,3,1.07407
6,5,1251.38,44.568,131913,3,1.07407
6,6,1493.38,44.568,131913,3,1.07407
6,1,401.837,35.607,382687,2,1.07407
6,2,1109,35.607,382687,4,1.07407
6,3,1213.11,35.607,382687,3,1.07407
6,4,1219.77,35.607,382687,4,1.07407
6,5,1249.64,35.607,382687,3,1.07407
6,6,1296.5,35.607,382687,4,1.07407
6,1,1035.05,42.586,236493,3,1.07407
6,2,1122.48,42.586,236493,3,1.07407
6,3,1168.29,42.586,236493,2,1.07407
6,4,1237.74,42.586,236493,2,1.07407
6,5,1526.55,42.586,236493,2,1.07407
6,6,1562.74,42.586,236493,4,1.07407
6,1,579.124,57.256,248955,2,1.07407
6,2,778.528,57.256,248955,2,1.07407
6,3,961.551,57.256,248955,4,1.07407
6,4,1195.86,57.256,248955,4,1.07407
6,5,1353.55,57.256,248955,4,1.07407
6,6,1370.1,57.256,248955,5,1.07407
6,1,1138.91,52.16,399529,2,1.07407
6,2,1213.5,52.16,399529,2,1.07407
6,3,1269.81,52.16,399529,2,1.07407
6,4,1304.64,52.16,399529,4,1.07407
6,5,1601.63,52.16,399529,4,1.07407
6,6,1686.09,52.16,399529,2,1.07407
6,1,908.422,47.041,207663,3,1.07407
6,2,1020.58,47.041,207663,6,1.07407
6,3,1034.67,47.041,207663,2,1.07407
6,4,1129.71,47.041,207663,4,1.07407
6,5,1379.38,47.041,207663,9,1.07407
6,6,1385.12,47.041,207663,2,1.07407
6,1,526.711,20.642,105248,2,1.07407
6,2,858.359,20.642,105248,2,1.07407
6,3,896.458,20.642,105248,2,1.07407
6,4,944.276,20.642,105248,2,1.07407
6,5,962.466,20.642,105248,2,1.07407
6,6,1014.58,20.642,105248,2,1.07407
6,1,890.404,42.609,244129,2,1.07407
6,2,1319.43,42.609,244129,2,1.07407
6,3,1335.37,42.609,244129,3,1.07407
6,4,1356.55,42.609,244129,4,1.07407
6,5,1367.89,42.609,244129,4,1.07407
6,6,1394.54,42.609,244129,4,1.07407
6,1,154.434,90.821,451660,2,1.07407
6,2,207.849,90.821,451660,2,1.07407
6,3,888.659,90.821,451660,3,1.07407
6,4,1556.5,90.821,451660,5,1.07407
6,5,1728.66,90.821,451660,3,1.07407
6,6,1856.56,90.821,451660,4,1.07407
6,1,68.884,59.369,324857,2,1.07407
6,2,502.892,59.369,324857,2,1.07407
6,3,1488.51,59.369,324857,4,1.07407
6,4,1546.18,59.369,324857,4,1.07407
6,5,1687.9,59.369,324857,5,1.07407
6,6,1732.44,59.369,324857,4,1.07407
6,1,285.703,70.61,832888,2,1.07407
6,2,1068.31,70.61,832888,2,1.07407
6,3,1205.95,70.61,832888,4,1.07407
6,4,1425.88,70.61,832888,3,1.07407
6,5,1558.92,70.61,832888,3,1.07407
6,6,1663.97,70.61,832888,3,1.07407
6,1,320.44,44.46,377842,3,1.07407
6,2,605.516,44.46,377842,2,1.07407
6,3,1335.56,44.46,377842,3,1.07407
6,4,1489.64,44.46,377842,4,1.07407
6,5,1553.58,44.46,377842,3,1.07407
6,6,1627.02,44.46,377842,3,1.07407
6,1,1029.88,54.17,298089,3,1.07407
6,2,1156.2,54.17,298089,3,1.07407
6,3,1173.96,54.17,298089,3,1.07407
6,4,1388.61,54.17,298089,4,1.07407
6,5,1442.81,54.17,298089,4,1.07407
6,6,1456.06,54.17,298089,7,1.07407
6,1,200.105,23.174,367698,2,1.07407
6,2,308.869,23.174,367698,2,1.07407
6,3,375.588,23.174,367698,2,1.07407
6,4,871.831,23.174,367698,2,1.07407
6,5,875.555,23.174,367698,2,1.07407
6,6,962.917,23.174,367698,3,1.07407
6,1,264.821,130.472,1.64254e+06,2,1.07407
6,2,1003.23,130.472,1.64254e+06,3,1.07407
6,3,1249.63,130.472,1.64254e+06,3,1.07407
6,4,1406.08,130.472,1.64254e+06,3,1.07407
6,5,1659.3,130.472,1.64254e+06,4,1.07407
6,6,2163.69,130.472,1.64254e+06,3,1.07407
6,1,469.938,112.001,1.1441e+06,2,1.07407
6,2,947.245,112.001,1.1441e+06,4,1.07407
6,3,1022.26,112.001,1.1441e+06,3,1.07407
6,4,1237.59,112.001,1.1441e+06,3,1.07407
6,5,2113.15,112.001,1.1441e+06,5,1.07407
6,6,2163.13,112.001,1.1441e+06,5,1.07407
6,1,290.396,36.833,147545,2,1.07407
6,2,615.172,36.833,147545,2,1.07407
6,3,979.008,36.833,147545,2,1.07407
6,4,1006.44,36.833,147545,3,1.07407
6,5,1035.95,36.833,147545,2,1.07407
6,6,1481.3,36.833,147545,3,1.07407
6,1,392.787,62.463,174604,2,1.07407
6,2,505.301,62.463,174604,2,1.07407
6,3,631.732,62.463,174604,2,1.07407
6,4,1171.33,62.463,174604,5,1.07407
6,5,1360.79,62.463,174604,4,1.07407
6,6,1639.72,62.463,174604,5,1.07407
6,1,381.811,31.11,124824,2,1.07407
6,2,393.815,31.11,124824,2,1.07407
6,3,719.423,31.11,124824,2,1.07407
6,4,866.224,31.11,124824,3,1.07407
6,5,1070.49,31.11,124824,3,1.07407
6,6,1170.55,31.11,124824,5,1.07407
6,1,564.727,39.04,112504,2,1.07407
6,2,841.314,39.04,112504,2,1.07407
6,3,906.53,39.04,112504,2,1.07407
6,4,1138.02,39.04,112504,2,1.07407
6,5,1144.83,39.04,112504,3,1.07407
6,6,1167.92,39.04,112504,3,1.07407
6,1,596.594,94.216,701003,2,1.07407
6,2,1383.66,94.216,701003,3,1.07407
6,3,1608.96,94.216,701003,5,1.07407
6,4,1715.59,94.216,701003,5,1.07407
6,5,2198.86,94.216,701003,3,1.07407
6,6,2257.89,94.216,701003,3,1.07407
6,1,64.6607,46.832,392141,2,1.07407
6,2,654.835,46.832,392141,3,1.07407
6,3,1076.99,46.832,392141,3,1.07407
6,4,1127.19,46.832,392141,3,1.07407
6,5,1327.23,46.832,392141,3,1.07407
6,6,1452.9,46.832,392141,3,1.07407
6,1,543.324,17.413,97797.4,2,1.07407
6,2,810.756,17.413,97797.4,2,1.07407
6,3,943.319,17.413,97797.4,2,1.07407
6,4,978.569,17.413,97797.4,4,1.07407
6,5,1027.08,17.413,97797.4,2,1.07407
6,6,1071.11,17.413,97797.4,2,1.07407
6,1,471.852,36.774,485410,2,1.07407
6,2,887.901,36.774,485410,3,1.07407
6,3,981.903,36.774,485410,2,1.07407
6,4,1208.98,36.774,485410,3,1.07407
6,5,1209.13,36.774,485410,3,1.07407
6,6,1351.52,36.774,485410,3,1.07407
6,1,824.622,63.896,257699,3,1.07407
6,2,1095.44,63.896,257699,2,1.07407
6,3,1151.78,63.896,257699,3,1.07407
6,4,1179.58,63.896,257699,4,1.07407
6,5,1501.02,63.896,257699,3,1.07407
6,6,1771.47,63.896,257699,6,1.07407
6,1,80,59.933,160967,2,1.07407
6,2,859.058,59.933,160967,3,1.07407
6,3,873.307,59.933,160967,5,1.07407
6,4,1377.55,59.933,160967,5,1.07407
6,5,1547.03,59.933,160967,4,1.07407
6,6,1888.77,59.933,160967,5,1.07407
6,1,475.649,78.803,511650,2,1.07407
6,2,1387.06,78.803,511650,2,1.07407
6,3,1586.1,78.803,511650,3,1.07407
6,4,1936.72,78.803,511650,5,1.07407
6,5,1964.07,78.803,511650,7,1.07407
6,6,1978.21,78.803,511650,5,1.07407
6,1,80.9938,87.611,346024,2,1.07407
6,2,1101.35,87.611,346024,4,1.07407
6,3,1101.54,87.611,346024,3,1.07407
6,4,1331.32,87.611,346024,4,1.07407
6,5,1691.9,87.611,346024,4,1.07407
6,6,1810.37,87.611,346024,7,1.07407
6,1,531.18,53.854,169400,2,1.07407
6,2,929.334,53.854,169400,3,1.07407
6,3,1055.71,53.854,169400,3,1.07407
6,4,1156.2,53.854,169400,2,1.07407
6,5,1394.97,53.854,169400,3,1.07407
6,6,1710.57,53.854,169400,2,1.07407
6,1,541.66,41.601,131733,2,1.07407
6,2,571.183,41.601,131733,2,1.07407
6,3,724.488,41.601,131733,3,1.07407
6,4,1246.48,41.601,131733,3,1.07407
6,5,1256.67,41.601,131733,5,1.07407
6,6,1258.5,41.601,131733,3,1.07407
6,1,853.466,40.781,468138,2,1.07407
6,2,1066.27,40.781,468138,6,1.07407
6,3,1143.25,40.781,468138,3,1.07407
6,4,1169.97,40.781,468138,3,1.07407
6,5,1322.07,40.781,468138,4,1.07407
6,6,1344.09,40.781,468138,4,1.07407
6,1,739.926,82.374,687580,2,1.07407
6,2,875.646,82.374,687580,3,1.07407
6,3,1119.94,82.374,687580,3,1.07407
6,4,1142.82,82.374,687580,4,1.07407
6,5,1536,82.374,687580,4,1.07407
6,6,1611.75,82.374,687580,3,1.07407
6,1,1214.11,77.944,451861,3,1.07407
6,2,1228.59,77.944,451861,3,1.07407
6,3,1528.17,77.944,451861,4,1.07407
6,4,1801.42,77.944,451861,2,1.07407
6,5,1935.01,77.944,451861,3,1.07407
6,6,2159.81,77.944,451861,4,1.07407
6,1,349.543,52.735,98648.1,2,1.07407
6,2,1191.45,52.735,98648.1,3,1.07407
6,3,1270.91,52.735,98648.1,4,1.07407
6,4,1472.79,52.735,98648.1,4,1.07407
6,5,1625,52.735,98648.1,3,1.07407
6,6,1642.04,52.735,98648.1,2,1.07407
6,1,242.547,47.952,429277,2,1.07407
6,2,419.297,47.952,429277,2,1.07407
6,3,491.798,47.952,429277,2,1.07407
6,4,853.793,47.952,429277,2,1.07407
6,5,1061.51,47.952,429277,4,1.07407
6,6,1089.85,47.952,429277,5,1.07407
6,1,737.962,87.915,320232,3,1.07407
6,2,918.878,87.915,320232,4,1.07407
6,3,944.882,87.915,320232,5,1.07407
6,4,1171.36,87.915,320232,2,1.07407
6,5,1258.48,87.915,320232,4,1.07407
6,6,1463.63,87.915,320232,3,1.07407
6,1,1355.2,66.09,473023,4,1.07407
6,2,1653.91,66.09,473023,2,1.07407
6,3,1942.01,66.09,473023,5,1.07407
6,4,1980.74,66.09,473023,5,1.07407
6,5,1992.65,66.09,473023,6,1.07407
6,6,2035,66.09,473023,5,1.07407
6,1,662.181,80.59,476849,2,1.07407
6,2,1189.73,80.59,476849,3,1.07407
6,3,1196.73,80.59,476849,4,1.07407
6,4,1263.16,80.59,476849,4,1.07407
6,5,1694.46,80.59,476849,3,1.07407
6,6,1789.61,80.59,476849,4,1.07407
6,1,485.108,38.55,131862,2,1.07407
6,2,587.225,38.55,131862,2,1.07407
6,3,1368.73,38.55,131862,3,1.07407
6,4,1413.68,38.55,131862,3,1.07407
6,5,1439.66,38.55,131862,3,1.07407
6,6,1528.91,38.55,131862,3,1.07407
