k,dist,cost_ki0,cost_ki,cost_hi,cost_edbt,gen_ki0,gen_ki,gen_hi,gen_edbt,pts,polys
1,324.006,183.749,3.181,1071.51,66374.3,351,9,7,187,9000,8385
1,737.741,472.031,24.735,1934.59,25082.7,1185,44,12,150,9000,8385
1,362.353,216.919,4.619,845.498,15438.6,664,17,10,40,9000,8385
1,64.6375,38.641,2.527,0.498,11493.8,90,8,5,23,9000,8385
1,527.702,256.194,7.69,1231.55,11950,694,19,7,44,9000,8385
1,192.876,14.449,1.944,0.44,4632.09,36,8,6,13,9000,8385
1,415.482,261.553,4.181,1431.08,12480.9,692,19,10,25,9000,8385
1,145.413,12.608,3.015,4234.88,14539.2,49,8,8,21,9000,8385
1,159.452,16.215,3.407,1553.14,13415.6,36,10,7,25,9000,8385
1,843.57,422.036,18.926,1873.24,37565.7,1264,45,13,130,9000,8385
1,466.67,253.543,6.99,616.36,44998.5,710,22,7,137,9000,8385
1,140.407,12.336,3.417,1157.61,6320.33,30,8,8,15,9000,8385
1,549.244,243.887,11.992,888.268,16645.4,695,37,10,55,9000,8385
1,713.057,471.44,6.985,757.235,33080.2,1320,17,8,87,9000,8385
1,277.218,44.872,3.17,0.438,7774.4,127,15,8,15,9000,8385
1,151.476,140.799,2.957,1683.4,10373.2,440,12,8,22,9000,8385
1,195.494,77.367,4.166,1767.53,64067.6,182,13,7,106,9000,8385
1,163.083,50.852,4.687,1717.64,3417.62,88,13,11,17,9000,8385
1,742.026,78.909,12.621,4547.45,81494.1,213,35,19,275,9000,8385
1,579.187,154.334,9.73,1892.86,42652.9,382,27,12,225,9000,8385
1,214.805,190.997,3.036,1647.52,11327.6,658,11,9,24,9000,8385
1,420.278,218.575,8.707,2078.82,14877,522,24,10,45,9000,8385
1,95.8801,19.454,2.534,0.427,32987.9,54,9,6,35,9000,8385
1,280.959,23.114,6.977,1702.06,13837.4,76,17,10,32,9000,8385
1,926.605,416.402,17.504,5129.8,50149.8,1141,38,15,277,9000,8385
1,996.763,401.068,24.103,8096.34,19514.4,1264,69,18,162,9000,8385
1,264.197,262.541,8.699,2351.48,11237.4,793,23,11,44,9000,8385
1,531.01,479.719,12.89,831.015,10268.1,1229,35,7,50,9000,8385
1,302.101,91.736,6.569,1247.74,35997.1,305,22,7,43,9000,8385
1,272.998,192.918,4.726,0.458,22510.1,669,16,6,115,9000,8385
1,315.349,225.184,7.927,1187.34,26591.2,757,21,11,74,9000,8385
1,682.559,250.031,9.469,4457.69,21339.9,676,25,13,150,9000,8385
1,252.198,155.183,5.295,2184.18,17231.9,466,14,7,32,9000,8385
1,173.22,213.626,4.305,0.489,17581.1,639,13,6,29,9000,8385
1,636.776,306.831,10.072,784.565,51202.4,860,26,10,133,9000,8385
1,309.588,22.948,5.369,1637.61,18607.7,70,14,10,36,9000,8385
1,275.409,14.297,4.327,896.194,6019.31,48,10,7,28,9000,8385
1,1240.24,872.923,36.871,4863.78,146228,2318,85,19,523,9000,8385
1,833.046,297.698,14.063,5505.31,23562.7,741,39,12,112,9000,8385
1,611.275,105.878,6.89,477.059,46994.8,311,18,8,133,9000,8385
1,536.586,51.34,6.682,1059.07,93350.2,94,18,7,175,9000,8385
1,283.242,191.091,5.684,0.544,11800.2,689,16,5,36,9000,8385
1,603.928,288.658,12.094,1112.13,42584.1,927,33,10,119,9000,8385
1,463.28,226.929,6.464,1314.13,19932,674,24,7,55,9000,8385
1,467.916,233.774,3.994,1684.86,302448,644,12,8,370,9000,8385
1,70.7743,18.478,3.904,1897.21,64465.3,43,9,7,192,9000,8385
1,215.745,20.166,1.491,0.53,1701.57,67,9,7,7,9000,8385
1,641.311,349.909,10.564,1979.45,30295.1,834,37,13,115,9000,8385
1,559.105,150.192,10.254,1559.98,46088.2,429,28,16,185,9000,8385
1,795.343,264.933,14.087,1393.87,176338,744,29,9,250,9000,8385
1,270.187,12.033,1.724,696.605,2610.19,42,8,8,13,9000,8385
1,670.216,667.752,12.482,2705.34,19532.3,1652,47,15,60,9000,8385
1,551.335,277.164,10.501,1280.33,95900.9,923,30,11,175,9000,8385
1,543.332,388.93,8.491,1295.54,12394.9,1151,23,11,60,9000,8385
1,448.184,343.355,5.435,0.404,27559.7,1042,17,6,48,9000,8385
1,501.334,209.98,9.619,2109.97,50223.7,628,20,9,77,9000,8385
1,533.128,242.098,6.977,1239.88,30898.8,740,22,8,60,9000,8385
1,624.424,257.505,12.029,1691.66,43604,747,35,9,74,9000,8385
1,213.759,205.825,6.508,674.205,32186.8,644,16,10,80,9000,8385
1,1102.97,919.84,57.975,8717.25,190927,2888,133,34,944,9000,8385
1,647.611,485.451,11.467,3085.5,43924.1,1312,30,12,107,9000,8385
1,622.861,318.794,9.006,2163.34,29160.6,925,27,9,74,9000,8385
1,982.882,480.329,38.658,3434.43,127248,1366,83,12,344,9000,8385
1,794.889,459.804,15.063,3129.52,36141.4,1300,47,17,172,9000,8385
1,924.559,464.341,15.871,1601.57,107407,1281,36,9,264,9000,8385
1,432.912,388.637,12.247,3290.76,10703.7,1236,30,13,73,9000,8385
1,628.237,370.905,11.466,1659.15,25608.6,1153,30,13,48,9000,8385
1,505.573,175.356,5.734,1909.86,18231.5,466,14,7,52,9000,8385
1,63.6003,72.848,1.661,1794.54,1989.92,170,9,9,7,9000,8385
1,769.032,526.218,12.319,2566.71,125587,1278,36,14,415,9000,8385
1,310.498,14.634,4.062,1267.53,244958,47,12,7,274,9000,8385
1,462.534,299.481,11.56,1600.87,33726.4,846,23,10,90,9000,8385
1,154.651,83.619,3.041,624.543,9462.22,184,10,10,19,9000,8385
1,501.483,25.892,3.852,1287.4,11337.1,73,15,9,33,9000,8385
1,335.452,22.06,8.347,1100.52,19718.1,46,19,6,60,9000,8385
1,1444.23,920.761,41.424,8023.66,93282.6,2573,129,28,463,9000,8385
1,531.779,235.681,7.341,1465.58,14027.9,709,23,9,38,9000,8385
1,173.142,193.531,8.113,1571.79,22807.8,694,18,10,249,9000,8385
1,247.8,10.356,2.32,0.456,6376.77,34,9,6,19,9000,8385
1,143.684,30.67,2.364,0.478,31550.6,60,9,5,86,9000,8385
1,572.512,200.65,8.797,1592.59,10727,546,26,10,46,9000,8385
1,453.749,517.368,6.61,1710.4,31639.6,1271,19,10,46,9000,8385
1,342.421,66.04,7.601,0.421,12225.6,190,22,6,38,9000,8385
1,1054.15,345.103,36.121,8999.97,155164,1037,84,17,620,9000,8385
1,145.097,17.075,1.681,2293.1,90417.3,46,7,7,127,9000,8385
1,554.15,110.259,11.925,2184.96,22730.8,331,29,8,73,9000,8385
1,619.487,233.52,9.756,5233.25,37846.3,709,27,18,91,9000,8385
1,891.219,487.582,17.896,1288.86,41704.4,1479,41,11,128,9000,8385
1,1061.45,405.636,16.014,4275.67,17080,1362,51,18,100,9000,8385
1,150.416,15.648,1.413,1286.01,18253.9,46,7,7,28,9000,8385
1,100.404,15.574,1.805,0.671,703.91,43,8,6,4,9000,8385
1,928.373,530.235,20.008,5452.5,55910,1226,74,16,199,9000,8385
1,981.04,194.871,24.689,2654.09,320375,558,45,11,399,9000,8385
1,780.193,473.057,16.441,2173.45,35939.1,1315,37,12,101,9000,8385
1,356.407,233.021,13.145,1151.83,21489.9,609,34,14,89,9000,8385
1,323.633,13.225,7.85,1005.05,27915.1,41,17,8,54,9000,8385
1,772.01,246.235,11.1,3251.64,23168.7,758,37,10,99,9000,8385
1,172.29,22.381,6.942,2447.12,12572.2,53,22,11,38,9000,8385
1,881.919,571.058,20.846,1102.53,166001,1795,48,10,361,9000,8385
1,634.874,158.646,8.494,0.436,65366.6,490,27,5,345,9000,8385
1,746.518,268.723,20.959,6870.48,38565,785,51,15,207,9000,8385
1,308.871,241.245,7.949,1191.74,23030.1,668,24,10,43,9000,8385
1,245.734,55.226,5.408,1141.04,6345.58,133,20,9,16,9000,8385
1,273.967,275.128,6.427,2927.77,29316.7,780,15,10,41,9000,8385
1,1147.71,536.379,27.63,9642.05,189063,1601,69,17,388,9000,8385
1,433.341,163.755,9.972,583.528,15123.9,504,19,8,36,9000,8385
1,1240.9,740.424,16.539,567.478,133664,2301,45,13,618,9000,8385
1,238.598,215.258,5.75,1049.72,35071.1,648,12,8,101,9000,8385
1,367.31,437.286,6.803,888.804,111236,1246,15,7,361,9000,8385
1,974.773,531.03,18.936,413.07,29191.4,1264,44,12,267,9000,8385
1,1296.25,690.07,20.264,9032.94,186074,2108,63,23,732,9000,8385
1,156.029,19.776,1.995,0.422,195785,49,7,5,117,9000,8385
1,182.28,38.687,2.519,1266.97,8290.84,122,12,9,19,9000,8385
1,730.734,270.489,13.842,3270.11,8464.43,698,29,21,39,9000,8385
1,272.606,339.915,8.399,620.561,22827.5,1007,21,8,72,9000,8385
1,677.62,350.544,11.116,1186.88,34198.8,1086,30,7,69,9000,8385
1,794.559,417.374,22.331,3687.89,11566.1,1196,59,16,125,9000,8385
1,539.241,18.35,10.447,0.459,28463.2,52,21,6,63,9000,8385
1,689.771,419.059,14.119,1395.5,106958,1196,34,9,284,9000,8385
1,1129.75,867.495,35.214,3409.61,94936.7,2730,86,14,420,9000,8385
1,361.836,16.276,5.934,1864.63,13015.2,46,16,7,33,9000,8385
1,331.307,415.488,9.133,1366.9,28905.4,1096,22,10,75,9000,8385
1,1020.21,430.836,40.722,2245.02,62233.4,1428,57,24,570,9000,8385
1,598.352,387.135,7.62,2020.64,10762.4,1178,22,14,33,9000,8385
1,327.263,210.195,5,2285.83,25742,727,17,12,43,9000,8385
1,140,125.185,4.214,0.425,13976.4,410,13,5,28,9000,8385
1,801.948,248.233,18.931,1831.3,70983.8,634,49,9,246,9000,8385
1,412.942,300.921,8.895,1660.97,10311.9,794,25,11,37,9000,8385
1,309.974,184.076,5.734,2070.42,65172.7,559,16,9,121,9000,8385
1,763.578,303.639,12.617,6324.16,19465.1,885,39,16,84,9000,8385
1,1114.7,567.324,19.11,9696.07,39054.9,1974,63,17,258,9000,8385
1,640.366,343.316,7.529,3555.41,24691.5,1053,27,13,46,9000,8385
1,195.274,223.635,6.185,0.452,48510.3,664,15,5,212,9000,8385
1,58.6941,227.799,1.719,0.437,138539,552,7,5,307,9000,8385
1,503.945,136.036,7.516,880.657,28977.9,460,21,11,60,9000,8385
1,375.031,30.811,6.297,736.011,29506.8,71,14,9,32,9000,8385
1,653.839,433.663,10.727,893.297,37926.7,1214,30,8,93,9000,8385
1,877.149,323.99,10.737,2343.89,19939.7,1186,37,14,122,9000,8385
1,901.3,524.614,18.764,2812.57,39052.6,1727,49,12,247,9000,8385
1,900.858,485.891,13.098,3447.57,22505.2,1548,47,14,127,9000,8385
1,985.98,162.489,15.102,2563.67,33865.9,516,41,10,127,9000,8385
1,722.152,397.193,7.763,2235.59,16858.2,1026,25,8,85,9000,8385
1,1196.26,847.319,24.015,15490.4,104237,2839,74,18,414,9000,8385
1,76.9415,68.947,1.908,0.436,71717.4,158,7,5,175,9000,8385
1,1216.78,603.631,42.026,36651.4,211883,1775,107,51,1135,9000,8385
1,935.787,384.567,18.636,4069.22,46433.7,1221,47,12,232,9000,8385
1,94.3398,157.985,6.846,1175.2,9076.35,538,15,8,40,9000,8385
1,438.803,226.17,6.986,1865.29,112786,664,17,9,207,9000,8385
1,457.771,118.858,9.348,3771.65,26017.1,312,24,13,86,9000,8385
1,200.871,17.513,2.384,485.052,6088.56,44,9,9,21,9000,8385
1,914.858,307.317,18.653,3553.53,92076.8,849,50,19,316,9000,8385
1,1179.81,641.358,29.364,6585.09,99958.6,2082,90,16,368,9000,8385
1,420.081,289.097,6.962,2621.93,16824.4,932,22,11,65,9000,8385
1,488.636,149.527,12.792,2033.56,187142,399,30,13,193,9000,8385
1,685.123,374.802,9.617,1467.54,167092,1006,28,8,170,9000,8385
1,265.588,11.661,5.214,1477.3,15390.9,33,15,9,23,9000,8385
1,437.169,369.768,9.217,12395.5,15902.3,1224,22,18,86,9000,8385
1,485.644,293.897,6.663,1436.59,13972,756,24,9,50,9000,8385
1,643.91,490.973,7.537,6038.99,19560.7,1059,20,20,101,9000,8385
1,592.615,149.18,11.549,2511.36,68566.8,552,32,11,179,9000,8385
1,115.953,238.204,3.521,1823.15,19684.5,644,12,8,37,9000,8385
1,813.291,423.531,14.165,12201.8,132061,1183,40,23,357,9000,8385
1,786.553,393.925,13.219,597.08,31426,1128,35,8,118,9000,8385
1,723.334,401.523,13.627,4069.15,40755.5,1274,42,14,146,9000,8385
1,176.581,216.15,3.562,2178.91,192926,649,11,9,970,9000,8385
1,365.591,224.399,4.609,2232.84,29094.9,704,14,8,67,9000,8385
1,263.894,20.25,4.56,663.265,785.413,59,14,9,7,9000,8385
1,338.12,66.362,2.677,0.514,34227.8,150,12,6,82,9000,8385
1,630.25,138.239,8.649,5929.5,23480.8,398,24,13,139,9000,8385
1,766.619,402.298,28.31,9404.54,118389,1240,75,36,405,9000,8385
1,602.417,348.584,8.062,1592.99,23351.8,1093,24,10,40,9000,8385
1,965.861,385.308,20.363,8908.67,329833,1230,51,17,701,9000,8385
1,192.234,25.091,2.322,1182.53,9471.79,76,8,8,24,9000,8385
1,499.249,226.104,12.388,3508.51,173166,651,30,14,226,9000,8385
1,581.593,397.721,18.971,5061.93,27314.6,1225,29,14,96,9000,8385
1,265.347,11.945,1.666,903.892,8379.73,33,7,7,27,9000,8385
1,500.546,12.117,5.156,1985.18,20029.2,36,16,10,46,9000,8385
1,656.629,429.023,14.121,2177.75,24796.1,1251,43,9,88,9000,8385
1,688.758,422.389,15.102,12534.4,103887,1253,37,17,310,9000,8385
1,157.407,207.492,4.338,2573.23,17398.9,649,14,10,49,9000,8385
1,435.354,275.914,8.734,3198.9,12260.6,670,27,12,43,9000,8385
1,242.033,15.659,6.302,2826.34,23569.4,55,19,15,28,9000,8385
1,51.8941,19.667,3.808,251.35,329.892,45,10,7,4,9000,8385
1,618.056,406.037,18.32,2650.88,64002.6,904,28,11,187,9000,8385
1,467.132,270.087,13.099,4768.59,36084.5,811,30,11,148,9000,8385
1,214.709,265.083,1.484,0.426,58273.2,705,7,5,119,9000,8385
1,1700.19,846.287,44.953,2379.6,88059.6,2289,105,19,541,9000,8385
1,623.322,240.826,10.233,642.665,19342.1,635,24,16,132,9000,8385
1,613.01,264.764,7.936,1022.78,12725,666,17,8,46,9000,8385
1,262.057,495.009,7.586,2558.45,44423.5,1237,18,12,96,9000,8385
1,555,15.109,4.211,0.406,105617,56,11,5,136,9000,8385
1,945.873,695.792,30.315,909.046,41080.3,1808,67,15,276,9000,8385
1,499.091,221.796,6.904,753.287,30739.3,683,19,7,55,9000,8385
1,372.65,16.785,4.392,1805.3,17543.2,59,13,8,36,9000,8385
1,806.964,387.875,27.15,6234.81,105178,1117,66,19,309,9000,8385
1,123.968,26.982,1.057,0.446,38953.4,70,8,8,26,9000,8385
1,824.968,512.296,16.971,2782.95,14651.3,1230,41,14,81,9000,8385
1,193.186,179.323,4.165,0.477,4814.81,577,13,5,24,9000,8385
1,230.835,8.654,5.08,1081.57,211133,25,10,8,290,9000,8385
1,920.235,444.728,20.163,2534.61,23664,1195,53,13,160,9000,8385
1,135.772,19.952,0.662,0.484,819.098,53,7,7,7,9000,8385
1,827.012,358.089,14.566,4948.52,30639.2,898,50,15,173,9000,8385
1,139.176,238.069,4.719,0.454,14655.9,651,16,6,29,9000,8385
1,185.321,30.848,5.199,482.561,17859.2,64,12,9,25,9000,8385
1,1084.67,614.1,26.467,3016.64,61567.3,1763,81,15,191,9000,8385
1,436.807,403.003,11.032,3980.18,21202.7,1231,34,16,75,9000,8385
1,895.332,590.74,21.807,1954.38,71630.5,1778,59,15,198,9000,8385
1,160.131,390.151,5.394,0.41,11453.4,1128,15,6,23,9000,8385
1,494.495,294.548,8.538,3528.79,9479.77,841,30,14,40,9000,8385
1,348.554,20.843,3.116,1221.42,41627.4,52,9,7,61,9000,8385
1,450.156,77.045,7.679,2044,19563.9,171,20,8,68,9000,8385
1,224.415,11.189,4.195,945.257,37685.5,30,11,7,140,9000,8385
1,786.788,429.148,34.149,8333.62,137388,1212,83,16,537,9000,8385
1,290.078,26.043,7.938,2639.82,61157.4,87,25,13,157,9000,8385
1,341.446,438.879,10.007,1721.3,47639.7,1234,29,9,137,9000,8385
1,283.019,396.775,8.242,924.323,8737.2,1111,18,10,53,9000,8385
1,622.267,400.932,11.392,1210.36,36655.9,1315,29,9,115,9000,8385
1,62.1289,17.255,0.853,0.39,17647.3,47,5,5,24,9000,8385
1,387.848,247.531,9.029,3415.5,13632.1,651,24,16,71,9000,8385
1,809.509,416.328,12.957,2728.34,30106.3,1325,38,10,99,9000,8385
1,221.382,14.537,3.678,1444.24,7202.33,55,13,10,16,9000,8385
1,352.511,16.162,6.864,697.519,17336.3,47,20,9,61,9000,8385
1,80.8022,15.323,1.273,560.726,16302.4,34,9,9,18,9000,8385
1,877.532,482.418,16.422,5546.93,138083,1303,48,14,332,9000,8385
1,378.287,130.762,7.967,3703.66,46444.8,380,20,10,166,9000,8385
1,695.973,339.439,21.655,3919.4,51169.9,839,70,22,138,9000,8385
1,783.057,229.845,12.2,1464.04,142465,681,30,8,365,9000,8385
1,310.04,8.42,4.249,553.965,28562.4,27,13,7,45,9000,8385
1,571.767,204.041,7.249,1077.98,24923,692,21,8,58,9000,8385
1,756.122,358.906,19.918,2307.16,84500.7,1135,32,9,197,9000,8385
1,456.698,35.55,8.071,1944.81,14942.6,83,24,10,30,9000,8385
1,1162.42,852.632,28.146,12630.8,107714,2282,65,20,482,9000,8385
1,554.179,267.219,12.629,2435.51,113013,750,36,9,240,9000,8385
1,901.47,421.633,14.976,8803.97,36963.6,1254,49,22,124,9000,8385
1,38.8973,11.896,0.544,0.465,66403.6,41,5,5,111,9000,8385
1,158.685,202.243,2.809,0.421,22025.5,664,10,6,26,9000,8385
1,1333.02,839.886,35.358,4045.07,166359,2234,94,23,605,9000,8385
1,326.547,20.118,5.488,1463.04,18796.7,62,15,7,56,9000,8385
1,1001.5,672.033,20.126,927.445,121158,1883,44,9,253,9000,8385
1,414.701,286.694,5.734,3021.08,109705,679,16,8,780,9000,8385
1,208.54,11.646,2.981,0.466,11007.9,32,12,7,16,9000,8385
1,299.386,20.126,8.342,1093.17,18689.5,55,23,9,60,9000,8385
1,508.099,526.179,8.858,2151.51,31685.1,1118,27,8,112,9000,8385
1,997.232,172.708,13.188,1199.39,46617.5,580,38,9,116,9000,8385
1,778.064,669.047,18.729,1786.11,41684.9,1836,49,8,76,9000,8385
1,495.833,380.794,7.913,5399.37,34038.3,1043,22,19,61,9000,8385
1,529.748,79.243,6.216,0.485,131989,215,16,6,378,9000,8385
1,127.664,211.62,2.317,0.427,73925.5,679,8,6,135,9000,8385
1,447.236,180.596,7.449,2409.95,64305.3,519,17,9,162,9000,8385
1,864.684,365.979,18.544,6740.77,35441.6,1110,48,15,287,9000,8385
1,678.455,33.756,8.859,1613.81,42459.5,113,21,8,90,9000,8385
1,1368.65,900.63,32.408,3434.09,112558,2766,98,12,618,9000,8385
1,1529.99,1177.54,43.082,14234.2,252876,3925,110,34,848,9000,8385
1,677.799,307.681,18.581,2344.33,41164.8,931,49,13,133,9000,8385
1,558.56,155.364,10.741,1948.52,30454.9,485,29,9,81,9000,8385
1,267.402,266.636,5.647,1125.42,16643.8,574,13,8,63,9000,8385
1,1148.55,671.762,20.9,1767.19,53210.4,1940,63,11,194,9000,8385
1,590.539,282.401,7.577,1358.34,15448.9,920,25,17,73,9000,8385
1,265.008,11.201,1.493,2261.45,367398,36,7,7,1822,9000,8385
1,955.849,549.263,22.562,5245.9,108754,1673,56,12,321,9000,8385
1,374.649,216.271,7.301,1304.31,24418.4,638,20,8,54,9000,8385
1,350.294,99.917,8.781,2128.08,27817.7,238,20,11,75,9000,8385
1,1096.76,377.342,15.752,2920.23,37340.8,1265,44,11,238,9000,8385
1,233.805,225.238,7.581,901.592,170963,657,19,7,802,9000,8385
1,145.836,20.529,4.338,809.567,5908.91,49,10,7,25,9000,8385
1,1590.07,744.67,32.501,4937.55,106338,2012,67,18,362,9000,8385
1,1423,963.964,40.683,11603.2,97233.5,3010,104,24,642,9000,8385
1,385.798,249.32,7.257,1102.39,21481.4,673,20,8,48,9000,8385
1,21.8403,218.208,0.736,0.467,5691.42,658,7,7,10,9000,8385
1,447.903,423.856,10.291,2153.95,63985.4,1269,25,11,110,9000,8385
1,36.0694,222.651,2.691,1140.86,29946.2,656,8,8,59,9000,8385
1,1261.84,770.825,37.509,8495.65,261805,2360,110,27,929,9000,8385
1,612.487,172.695,8.267,4744.38,25449.6,549,29,10,111,9000,8385
1,495.407,58.17,9.612,4271.31,50474.5,210,19,12,111,9000,8385
1,39.8121,246.341,1.077,0.445,5518.7,664,7,7,12,9000,8385
1,202.98,19.388,2.316,0.446,11707,56,9,7,20,9000,8385
1,272.868,23.04,4.038,0.448,18692.1,31,14,6,67,9000,8385
1,293.015,19.024,2.168,0.478,4824.31,61,10,6,11,9000,8385
1,858.207,545.754,16.448,2682.35,18319.7,1250,41,13,75,9000,8385
1,741.569,445.277,22.494,7193.37,402663,1280,56,13,2356,9000,8385
1,633.349,319.689,11.134,2365.08,15129.8,817,38,12,103,9000,8385
1,566.947,221.321,11.604,3308.66,26047.1,669,25,12,132,9000,8385
1,407.185,227.328,5.972,2958.12,40595,667,17,13,94,9000,8385
1,1258.6,600.486,26.87,18976.6,163918,1715,75,15,485,9000,8385
1,423.71,36.841,6.73,1771.92,17674,116,22,8,53,9000,8385
1,566.641,152.412,11.046,3720.64,19136.2,462,30,13,42,9000,8385
1,357.113,28.558,7.499,989.525,11243.5,81,20,9,46,9000,8385
1,381.813,224.322,5.993,1419.81,32654.2,549,14,8,101,9000,8385
1,777.58,256.555,12.926,2846.23,16644.4,885,40,11,96,9000,8385
1,381.084,339.045,9.224,1220.79,15626.6,1004,27,11,33,9000,8385
1,1266.49,679.93,30.666,11438.8,129461,2174,104,16,651,9000,8385
1,160.24,25.503,3.603,1700.92,590.297,44,11,9,4,9000,8385
1,269.133,78.093,8.277,4977.52,151588,181,26,14,696,9000,8385
1,358.905,12.151,2.113,0.438,7102.1,41,9,7,22,9000,8385
1,514.643,360.817,10.327,2214.69,24259.7,901,23,12,43,9000,8385
1,570.811,359.019,11.013,597.543,29709.9,1031,28,7,74,9000,8385
1,97.7446,214.563,5.013,1690.33,15228.8,644,15,15,34,9000,8385
1,588.361,397.619,14.312,1152.08,37580.5,1263,43,7,99,9000,8385
1,409.295,32.502,7.099,0.439,34995.1,80,24,7,56,9000,8385
1,621.847,29.438,14.599,8372.56,12556.7,97,34,22,92,9000,8385
1,466.669,19.788,6.818,1658.74,32176.1,51,20,9,72,9000,8385
1,1011.28,450.396,24.954,6320.74,202226,1210,73,20,704,9000,8385
1,1008.48,550.488,17.141,833.254,57924.4,1977,57,16,111,9000,8385
1,490.846,95.807,11.639,2266.56,77292.7,300,29,8,144,9000,8385
1,447.101,31.408,12.767,4342.65,131068,79,28,14,224,9000,8385
1,310.316,450.917,14.232,308.301,23371.4,1205,36,11,114,9000,8385
1,1285.37,830.013,32.454,2723.38,103999,2518,91,11,499,9000,8385
1,633.228,38.166,19.867,7232.03,1.61043e+06,83,39,13,1058,9000,8385
1,1231.02,813.512,20.665,3958.53,86413.7,2367,65,24,669,9000,8385
1,154.302,18.598,2.974,1790.26,7595.39,46,10,8,21,9000,8385
1,698.389,439.503,17.92,12172.4,147183,979,39,20,408,9000,8385
1,12.7279,427.22,1.312,0.541,14643.1,993,7,5,25,9000,8385
1,136.015,20.967,3.214,0.434,12310.8,59,9,6,21,9000,8385
1,145.121,29.268,5.266,597.886,35403.8,70,13,8,52,9000,8385
1,716.226,268.709,5.191,3005.39,14387.8,916,18,10,53,9000,8385
1,887.561,426.776,9.79,7611,52678,1046,28,15,189,9000,8385
1,342.148,13.568,4.057,1347.97,2031.3,47,15,10,7,9000,8385
1,469.819,264.652,6.741,3510.36,10054,606,27,11,59,9000,8385
1,250.88,241.278,4.685,2029.62,31503.2,762,17,7,61,9000,8385
1,587.242,374.556,14.443,970.99,57796.8,1035,33,9,109,9000,8385
1,184.253,212.793,4.41,457.847,13214.6,649,13,7,40,9000,8385
1,595.364,278.906,11.368,2430.09,69197.3,696,25,9,142,9000,8385
1,91.0494,434.198,6.852,1679.83,20797.3,1340,19,11,29,9000,8385
1,146.349,33.933,2.296,414.076,11871.2,80,8,8,39,9000,8385
1,647.063,200.593,8.265,13450,56170.9,559,26,15,190,9000,8385
1,559.26,185.053,10.277,2547.72,30608.9,616,26,9,113,9000,8385
1,720.038,459.211,28.48,3420.26,173698,1249,55,13,324,9000,8385
1,569.712,258.9,6.503,5504.71,22735.5,743,18,10,76,9000,8385
1,470.877,109.697,4.893,1091.65,13366.2,354,16,7,39,9000,8385
1,623.825,450.109,15.9,2765.07,55285.1,1294,40,12,133,9000,8385
1,757.105,487.741,16.629,3826.95,51946,1278,37,13,141,9000,8385
1,785.934,298.834,9.818,2293.49,45091.1,807,27,10,84,9000,8385
1,477.001,16.223,7.134,3624.56,40860.8,48,20,11,62,9000,8385
1,1177.1,729.367,42.386,10598.2,245543,1885,91,28,1117,9000,8385
1,1257.76,611.017,26.697,9734.81,68566.7,1936,90,21,492,9000,8385
1,229.436,13.138,2.788,0.433,15119.7,35,8,6,41,9000,8385
1,540.69,325.884,13.966,4790.69,16825.2,957,43,16,117,9000,8385
1,272.059,11.126,3.278,0.409,15393.1,17,9,5,62,9000,8385
1,311.708,198.269,7.794,1116.91,8947.21,668,21,13,38,9000,8385
1,669.944,414.608,21.599,4706.6,25420.5,1268,39,12,83,9000,8385
1,350.093,246.368,8.251,1694.5,7767.4,677,24,13,57,9000,8385
1,892.428,550.675,21.201,1830.8,36836.6,1845,73,19,306,9000,8385
1,454.968,331.49,11.798,835.197,74534.7,978,32,7,135,9000,8385
1,313.058,219.34,4.818,2335,35014.4,653,13,8,43,9000,8385
1,437.416,302.825,8.15,2114.83,10669.2,800,22,11,70,9000,8385
1,445.116,468.202,13.164,1713.35,26654.8,1185,29,12,90,9000,8385
1,878.882,454.591,20.927,819.688,91748.4,1410,55,14,563,9000,8385
1,922.563,346.031,28.172,7978.7,370578,1114,81,24,788,9000,8385
1,434.925,155.318,8.608,2368.33,44103.1,431,21,9,125,9000,8385
1,118.87,9.636,4.121,2021.18,23345.2,33,10,6,46,9000,8385
1,474.806,455.635,9.858,2868.97,87404.8,1184,24,11,671,9000,8385
1,478.942,65.234,8.651,3235.57,60488.4,215,24,9,139,9000,8385
1,1169.11,635.793,27.88,3106.03,60079.1,2023,79,13,295,9000,8385
1,759.177,485.079,14.833,6216.35,42773.4,1251,42,22,172,9000,8385
1,992.618,658.1,31.46,5827.09,124117,1797,78,20,640,9000,8385
1,184.402,180.152,3.359,0.502,114177,478,11,5,179,9000,8385
1,693.675,379.071,11.908,8612.32,48203.5,1067,34,13,122,9000,8385
1,929.467,519.921,14.111,928.588,32938.9,1584,46,9,103,9000,8385
1,512.51,308.642,9.185,1777.64,44083.8,966,28,10,100,9000,8385
1,349.396,168.954,5.814,5224.42,20327.1,471,20,9,52,9000,8385
1,268.888,17.689,3.237,417.91,3543.16,63,11,8,13,9000,8385
1,121.037,240.667,1.525,1411.45,26995.4,660,7,7,45,9000,8385
1,325.248,19.287,4.73,0.462,36877.1,50,11,6,93,9000,8385
1,331.254,14.436,3.252,2832.38,15381.6,38,13,9,23,9000,8385
1,744.995,224.622,13.299,1850.9,52872.2,680,31,11,95,9000,8385
1,579.59,249.024,7.955,781.313,15461.9,816,25,8,46,9000,8385
1,387.715,271.372,7.945,3494.71,47585.9,696,21,13,117,9000,8385
1,283.952,8.489,2.065,0.813,26431.1,30,8,5,29,9000,8385
1,144.062,20.006,1.882,1729.47,1224.24,51,9,9,7,9000,8385
1,788.058,722.007,18.006,6815.86,53553.2,1659,46,16,222,9000,8385
1,652.256,181.982,9.716,5264.27,55206.4,526,29,15,179,9000,8385
1,250.45,17.448,2.557,1179.78,27885.1,41,9,7,43,9000,8385
1,252.224,37.557,1.251,1973.1,21697.4,67,7,7,43,9000,8385
1,208.038,175.966,4.603,3580.52,14095.9,529,16,11,24,9000,8385
1,327.832,29.304,7.356,0.745,25712.9,59,16,7,43,9000,8385
1,427.112,406.458,7.4,649.358,11860.5,1246,26,12,44,9000,8385
1,136.308,15.747,2.547,316.102,106396,31,8,6,183,9000,8385
1,235.342,230.538,1.724,1599.72,27486.2,715,9,9,24,9000,8385
1,1179.41,625.844,36.779,1593.82,61852,1789,106,16,498,9000,8385
1,165.849,51.923,4.948,1612.93,113011,106,14,7,109,9000,8385
1,104.019,14.88,1.328,0.591,5884.99,43,11,9,11,9000,8385
1,138.293,33.996,1.684,517.846,571.108,107,10,10,7,9000,8385
1,150.615,38.052,1.763,0.426,1432.55,80,11,7,7,9000,8385
1,558.159,532.961,8.478,1720.41,22038.8,1189,28,13,119,9000,8385
1,550.931,411.015,8.842,808.096,53615.9,1106,23,13,177,9000,8385
1,321.977,71.191,6.374,724.755,18404.7,211,22,7,99,9000,8385
1,194.743,19.473,5.699,2821.82,3321.69,67,17,12,10,9000,8385
1,233.019,30.468,3.883,0.438,13840.3,59,17,6,30,9000,8385
1,647.094,267.856,14.299,3298.05,54110.5,720,30,11,233,9000,8385
1,582.795,312.601,10.062,7279.94,48309.2,901,26,17,133,9000,8385
1,1192.13,570.887,17.817,4423.99,113191,1539,48,15,465,9000,8385
1,684.781,29.982,11.505,628.034,23418,58,27,10,74,9000,8385
1,207.531,24.91,2.363,0.399,6082.24,75,9,6,11,9000,8385
1,582.3,250.331,16.842,2808.78,29838.7,677,32,16,145,9000,8385
1,454.07,302.666,13.066,1003.11,22841.7,938,30,10,81,9000,8385
1,909.742,527.678,17.235,5107.66,98774.9,1447,38,17,275,9000,8385
1,644.227,242.56,17.383,3249.59,130554,693,38,14,1015,9000,8385
1,401.165,304.287,8.67,1361.5,36972.2,891,22,9,81,9000,8385
1,851.874,377.436,13.851,5591.27,34241.4,1098,43,17,143,9000,8385
1,187.275,26.934,3.16,3228.09,6861.21,83,13,13,13,9000,8385
1,241.35,294.197,8.189,0.439,38986.2,665,23,7,59,9000,8385
1,521.967,148.92,5.271,514.502,33993.1,426,14,7,67,9000,8385
1,845.091,491.86,17.093,2648.39,32147.6,1297,42,15,155,9000,8385
1,353.645,107.232,10.78,2789.7,22543.4,310,32,9,58,9000,8385
1,497.164,23.573,3.389,0.448,18907.3,62,12,8,24,9000,8385
1,217.8,17.104,4.711,1810.43,14799.1,50,16,9,32,9000,8385
1,767.245,388.274,11.32,6510.84,42791,878,33,20,197,9000,8385
1,64.3817,246.078,0.926,0.443,6595.14,666,6,6,23,9000,8385
1,585.404,208.89,7.375,4861.61,15115.3,660,22,15,58,9000,8385
1,322.093,117.206,7.58,654.214,30131.1,229,22,9,89,9000,8385
1,250.32,20.726,6.699,557.32,20142.5,59,18,11,34,9000,8385
1,203.666,54.574,3.215,571.861,1790.5,125,14,12,7,9000,8385
1,751.618,186.839,24.991,943.56,56007.4,475,18,11,113,9000,8385
1,110.675,258.122,5.037,1594.69,14377.3,638,14,8,33,9000,8385
1,836.623,276.083,10.922,1630.1,45236.6,924,32,11,80,9000,8385
1,1057.09,164.159,15.666,3690.65,51227.6,524,44,13,142,9000,8385
1,129.769,228.245,4.174,1431.02,13561.2,651,12,8,41,9000,8385
1,840.847,354.531,18,2502.06,86118.6,1064,45,11,216,9000,8385
1,90.6091,232.216,1.36,0.451,19885.2,661,7,5,30,9000,8385
1,463.539,197.481,7.923,2445.75,36307.4,578,20,11,66,9000,8385
1,272.066,12.987,4.594,1405.32,248783,37,10,8,119,9000,8385
1,589.734,311.546,18.677,2568.22,60972.5,783,38,10,156,9000,8385
1,111.629,12.811,1.531,1096.61,29381.9,39,7,7,54,9000,8385
1,1096.24,576.766,18.847,3383.25,68690,1914,51,14,262,9000,8385
1,276.024,211.45,5.25,911.718,12884,688,14,11,23,9000,8385
1,1010.26,559.049,20.694,4498.29,80659.6,1832,62,20,344,9000,8385
1,256.813,143.793,5.726,3654.36,26145.4,450,17,9,52,9000,8385
1,386.846,43.93,8.648,5080.66,53457.8,93,20,10,136,9000,8385
1,587.766,401.2,10.642,1803.06,95588.4,1189,27,12,162,9000,8385
1,77.8203,10.866,0.842,0.433,10666.7,29,6,6,21,9000,8385
1,331.485,118.656,5.413,616.71,25912.7,387,15,7,65,9000,8385
1,1165.92,902.868,22.776,17653.5,75573.1,2996,75,22,290,9000,8385
1,1016.32,628.232,24.865,7738.97,111524,1738,69,24,503,9000,8385
1,216.178,202.79,6.774,761.586,19295.9,719,21,10,47,9000,8385
1,559.556,219.177,12.015,2501.74,74439.6,685,29,13,140,9000,8385
1,1135.45,574.538,21.798,5472.45,157231,1867,69,15,514,9000,8385
1,521.544,76.818,6.758,778.322,1.65949e+06,206,21,12,266,9000,8385
1,1263.69,311.4,28.606,23338.5,436615,996,81,30,1786,9000,8385
1,369.401,48.006,4.935,469.809,8164.33,107,15,10,13,9000,8385
1,282.214,177.601,3.303,0.433,27097.4,476,11,5,58,9000,8385
1,272.259,242.627,4.915,884,21872.3,649,19,10,33,9000,8385
1,535.728,139.515,5.928,493.92,28182.7,421,18,7,70,9000,8385
1,229.582,25.195,5.413,2388.49,31877.1,50,16,12,93,9000,8385
1,726.541,399.243,11.144,3106.24,25713.7,1338,27,12,114,9000,8385
1,492.499,259.447,6.833,4839.97,15216.1,785,21,16,47,9000,8385
1,44.8219,15.312,1.23,0.473,16819.6,50,7,5,34,9000,8385
1,277.354,133.974,6.488,2005.81,18325.8,425,17,10,22,9000,8385
1,619.905,442.763,14.495,2671.11,16352.5,1189,41,13,63,9000,8385
1,1202.66,756.02,51.227,12427.9,134416,2466,91,30,516,9000,8385
1,468.771,312.416,7.375,1981.38,31984.7,714,20,10,53,9000,8385
1,1296.36,634.989,29.202,1938.5,27960,2067,110,15,275,9000,8385
1,253.559,284.778,16.421,2606.27,17307.9,885,37,15,23,9000,8385
1,397.609,18.84,6.965,1976.73,23103.4,66,17,8,46,9000,8385
1,169.452,16.625,2.294,1109.48,5766.22,53,8,8,21,9000,8385
1,711.362,521.934,16.448,2299.71,23987.4,1118,33,9,90,9000,8385
1,1385.98,1266.68,31.495,4063.06,65665.2,3054,85,18,322,9000,8385
1,865.702,367.946,25.805,6509.59,65119.6,1155,67,22,403,9000,8385
1,344.119,408.583,6.575,422.325,25088.2,1295,19,8,44,9000,8385
1,552.748,362.23,11.502,1119.53,88131.3,1087,31,11,140,9000,8385
1,306.897,12.577,4.717,0.432,58250.5,37,14,6,292,9000,8385
1,1285.02,616.382,34.539,2908.22,78512.8,1858,82,19,546,9000,8385
1,617.985,315.657,13.446,2534.96,54865.2,1019,35,10,139,9000,8385
1,335.836,22.672,3.683,2258.67,18219.9,68,12,10,20,9000,8385
1,226.296,21.88,3.165,641.018,74398.9,73,11,9,216,9000,8385
1,179.922,6.589,2.919,1.092,116835,18,8,6,427,9000,8385
1,421.001,16.461,5.406,444.065,45496.9,50,12,7,100,9000,8385
1,794.573,416.248,18.015,7996.23,60541.8,1251,44,19,212,9000,8385
1,448.612,259.477,8.729,140.935,10363.9,574,20,7,62,9000,8385
1,289.387,411.511,4.165,925.68,28223,993,15,9,46,9000,8385
1,486.411,100.148,9.643,2860.6,112303,354,27,12,1337,9000,8385
1,930.267,446.254,15.588,3889.11,97535,1321,50,14,197,9000,8385
1,296.522,11.416,3.464,595.23,11055.6,34,13,9,29,9000,8385
1,178.899,20.834,1.573,676.634,4550.12,60,10,10,14,9000,8385
1,569.309,124.374,8.801,3981.83,65468.9,342,25,14,254,9000,8385
1,496.556,153.576,8.868,3082.11,22275.7,515,31,14,87,9000,8385
1,970.216,359.746,26.074,5830.18,291420,936,62,20,772,9000,8385
1,314.414,52.707,5.153,838.414,122533,100,14,8,154,9000,8385
1,619.594,104.887,7.924,4044.6,28952.7,204,22,16,115,9000,8385
1,342.125,11.659,6.399,4489.61,23517.3,42,20,14,79,9000,8385
1,337.427,175.719,10.502,588.309,17998.4,392,23,8,40,9000,8385
1,480.72,215.332,13.826,2160.3,73467.1,598,34,16,171,9000,8385
1,873.326,293.252,18.171,2470.59,27269.3,848,59,13,140,9000,8385
1,10.4403,16.283,0.712,0.444,12669.2,45,6,6,23,9000,8385
1,682.889,405.834,16.181,3639.59,89692.9,1268,42,13,275,9000,8385
1,545.092,298.045,18.826,2696.09,174319,922,23,9,1584,9000,8385
1,508.41,457.055,10.686,2379.76,115796,1208,23,12,241,9000,8385
1,1008.14,477.478,18.008,1889.48,83193.6,1261,52,14,155,9000,8385
1,108.227,266.04,2.798,0.421,19067,671,9,5,82,9000,8385
1,505.195,142.14,14.434,3940.53,24372.4,499,47,11,86,9000,8385
1,528.251,451.216,9.751,254.968,19710.3,1190,26,8,58,9000,8385
1,485.675,396.601,11.099,2805.4,34369.4,1233,28,11,97,9000,8385
1,1085.67,562.476,22.247,5083.94,74108.6,1853,65,18,313,9000,8385
1,824.083,508.228,17.63,4736.16,37254.3,1624,41,12,217,9000,8385
1,583.682,458.299,16.099,2887.89,27488.2,1231,51,10,113,9000,8385
1,742.122,490.051,15.877,4300.49,84114.4,1065,32,9,129,9000,8385
1,647.131,32.733,7.991,0.473,31207.6,87,18,6,43,9000,8385
1,172.734,5.385,1.362,0.466,21342.9,25,7,5,43,9000,8385
1,248.244,21.15,1.853,0.381,63550.6,42,7,5,137,9000,8385
1,445.659,109.683,8.698,1929.78,26679.8,299,26,8,64,9000,8385
1,85.7963,206.956,1.887,0.452,59495.4,655,7,5,66,9000,8385
1,853.261,513.327,29.26,1368.89,181637,1266,43,12,351,9000,8385
1,762.528,297.123,25.016,6362.82,29799,961,42,14,128,9000,8385
1,583.275,377.878,8.786,3927.74,64906.5,999,20,12,128,9000,8385
1,884.934,263.318,15.487,3982.07,173302,812,46,16,430,9000,8385
1,409.067,268.991,16.074,1864.35,45826.7,711,38,12,125,9000,8385
1,483.575,230.622,6.614,644.567,16470,600,21,8,43,9000,8385
1,588.167,51.809,9.071,1284.37,25597.9,136,21,7,93,9000,8385
1,104.043,13.113,1.655,1122.43,18048.7,34,7,7,34,9000,8385
1,362.602,333.49,11.673,2918.54,19957.5,975,31,13,56,9000,8385
1,794.663,165.092,14.698,1865.22,34039.5,514,48,13,82,9000,8385
1,62.6498,14.488,4.221,0.42,887.259,35,10,6,4,9000,8385
1,177.71,21.866,2.974,0.422,6099.18,39,9,6,19,9000,8385
1,710.121,386.651,11.819,2504.01,27291.3,962,32,10,90,9000,8385
1,979.479,878.965,27.369,2557.09,139483,2331,73,10,224,9000,8385
1,861.624,621.049,43.331,4226.16,49929.5,1832,81,16,370,9000,8385
1,801.553,392.825,21.561,889.108,32111.2,1192,54,16,133,9000,8385
1,161.617,446.581,4.835,491.582,11311.1,1308,14,7,25,9000,8385
1,317.907,69.111,3.084,270.863,71851.5,159,11,7,235,9000,8385
1,174.264,216.788,12.363,0.458,17406.2,668,8,6,27,9000,8385
1,1262.1,729.835,40.133,5336.53,55067.3,2435,99,18,396,9000,8385
1,1547.2,576.454,20.764,5683.59,45513.9,1906,62,19,236,9000,8385
1,324.969,114.133,4.025,1118.18,50621.8,249,9,7,135,9000,8385
1,333.864,324.459,6.881,2657.52,16421.9,998,18,16,46,9000,8385
1,301.304,186.554,5.702,757.445,17122,484,18,8,34,9000,8385
1,513.062,224.129,20.521,133.251,142426,578,19,7,218,9000,8385
1,675.044,434.478,18.441,3163.66,77639.4,1318,50,19,261,9000,8385
1,803.827,325.914,17.576,1374.09,175452,989,47,9,625,9000,8385
1,564.41,438.265,12.541,7937.28,90271.7,1267,38,18,145,9000,8385
1,469.553,213.507,10.373,3688.08,52994.7,689,23,14,105,9000,8385
1,412.005,213.639,6.193,4486.77,16090.9,704,18,11,53,9000,8385
1,968.207,398.239,25.629,9294.48,192516,1040,58,22,699,9000,8385
1,293.343,401.572,3.166,1135.62,15464.1,1168,15,13,24,9000,8385
1,240.709,193.356,3.758,0.416,7222.4,594,14,6,18,9000,8385
1,207.966,229.542,4.07,1334.34,9990.44,662,13,7,29,9000,8385
1,498.105,415.759,13.732,6822.8,235618,938,32,16,369,9000,8385
1,393.783,33.725,6.178,903.404,19129.8,77,17,7,43,9000,8385
1,1218.39,709.646,29.319,4563.34,92895.4,2213,87,13,304,9000,8385
1,598.084,248.893,17.009,1754.01,55888.3,714,35,7,151,9000,8385
1,875.725,401.128,12.295,8766.92,15443.5,1267,36,17,102,9000,8385
1,364.054,390.69,6.135,4350.39,13592.7,1127,18,14,55,9000,8385
1,515.723,436.753,7.223,2098.57,20805.6,1325,23,14,43,9000,8385
1,551.616,241.805,8.249,3124.57,118757,667,20,11,192,9000,8385
1,220.411,26.457,5.216,557.535,67229.3,62,12,8,155,9000,8385
1,643.001,615.767,15.42,2097.07,27069.2,1720,48,15,96,9000,8385
1,202.714,211.201,3.257,341.595,67445.7,652,8,8,251,9000,8385
1,275.726,23.462,4.267,913.116,5754.23,53,14,10,25,9000,8385
1,942.121,426.026,16.286,5374.89,66913.3,1293,43,15,332,9000,8385
1,585.534,33.778,3.808,1274.95,11424,94,18,9,19,9000,8385
1,738.434,299.224,14.809,1731.41,89939.9,1026,39,10,296,9000,8385
1,675.647,388.867,9.391,5944.14,13383,1231,33,12,68,9000,8385
1,157.089,227.121,3.538,885.57,31576,701,11,7,42,9000,8385
1,215.058,215.224,6.475,3303.4,30223,693,18,9,54,9000,8385
1,491.63,286.708,8.526,1359.14,19690.6,951,22,7,46,9000,8385
1,603.772,196.758,9.795,12944.4,519481,512,21,17,272,9000,8385
1,286.526,203.742,5.302,2215.57,19543.2,667,13,8,49,9000,8385
1,687.968,411.574,22.302,805.178,145994,1204,50,9,283,9000,8385
1,427.142,18.863,8.953,1630.04,31024.8,40,16,8,54,9000,8385
1,762.863,375.201,18.316,5456.86,27400.1,1254,55,19,130,9000,8385
1,298.216,47.389,4.324,762.462,19546.4,133,14,7,36,9000,8385
1,388.645,37.475,7.429,4100.41,113556,94,18,12,229,9000,8385
1,213.825,14.677,5.107,1929.4,151255,42,13,8,214,9000,8385
1,610.235,315.398,13.057,4858.95,69697.1,991,36,17,207,9000,8385
1,472.573,314.243,11.376,4988.69,126348,1017,33,12,277,9000,8385
1,560.065,318.648,18.178,17172,123161,878,44,26,302,9000,8385
1,160.125,12.402,3.626,1294.32,6479.94,34,11,9,26,9000,8385
1,802.625,419.158,16.097,10224.8,39519.1,1249,39,15,189,9000,8385
1,500.468,234.055,33.437,2740.29,18020.7,650,24,19,63,9000,8385
1,367.833,126.146,8.27,1965.66,14289.7,385,15,9,54,9000,8385
1,222.991,23.779,5.156,2045.94,10315,85,16,8,26,9000,8385
1,763.016,657.412,15.78,1501.26,73916,1659,37,9,109,9000,8385
1,236.315,260.021,0.851,0.556,6320.49,645,7,7,17,9000,8385
1,555.436,439.676,11.854,2138,24912.3,1220,26,11,90,9000,8385
1,378.005,245.316,4.332,571.658,17064,677,14,8,44,9000,8385
1,655.925,430.398,17.707,2159.71,95714.5,1292,44,9,270,9000,8385
1,408.95,66.083,5.8,2872.65,10299.3,198,15,10,38,9000,8385
1,68.593,20.145,0.872,0.409,9688.05,54,5,5,45,9000,8385
1,524.623,356.268,11.588,3123.05,142044,1030,31,12,235,9000,8385
1,541.853,93.771,6.984,1353.88,13511.8,255,20,8,43,9000,8385
1,437.724,29.05,4.665,0.448,15822.9,90,17,7,29,9000,8385
1,523.072,255.343,7.114,759.912,65633.3,755,17,8,114,9000,8385
1,274.591,169.45,5.425,903.712,13657.6,379,14,8,41,9000,8385
1,285.142,21.322,3.824,735.9,14319.7,34,11,7,59,9000,8385
1,798.695,508.546,23.205,1515.7,56069.1,1572,48,13,133,9000,8385
1,288.517,66.435,4.607,1222.41,10416.8,156,19,11,24,9000,8385
1,1168.97,778.436,26.375,9885.84,166289,2425,89,25,349,9000,8385
1,809.617,357.393,20.435,5575.03,69851.2,938,45,14,181,9000,8385
1,992.021,373.707,19.495,1890.65,53925.2,1242,27,13,169,9000,8385
1,653.242,173.177,9.355,4919.2,40398.2,504,27,13,123,9000,8385
1,578.08,647.097,15.738,1100.42,84494.4,1820,38,7,162,9000,8385
1,350.771,57.015,5.759,2606.66,18678.4,136,17,8,83,9000,8385
1,376.288,95.004,7.812,1112.38,12970.9,276,24,10,37,9000,8385
1,597.395,444.314,17.1,6055.94,25375.4,1249,40,17,115,9000,8385
1,1559.46,952.252,52.158,10574.3,242997,3003,146,21,1255,9000,8385
1,286.149,59.665,2.453,0.488,10921,152,8,6,25,9000,8385
1,150.748,256.301,5.937,1042.83,25015.1,641,12,7,121,9000,8385
1,913.747,232.358,16.72,1419.54,134835,624,38,14,681,9000,8385
1,648.309,291.542,18.792,3617.96,83448,853,43,12,265,9000,8385
1,486.77,176.44,5.097,2783.75,80901.5,532,14,9,131,9000,8385
1,59.8164,203.467,0.719,0.507,32835.1,679,7,7,35,9000,8385
1,247.929,28.609,2.744,1432.08,14980.1,67,11,11,16,9000,8385
1,530.126,33.79,8.103,812.63,16109.6,82,19,9,55,9000,8385
1,544.023,26.76,8.623,1005.77,12567.6,48,21,11,45,9000,8385
1,632.923,425.079,12.595,8920.8,79121.3,1213,38,21,127,9000,8385
1,114.756,16.414,2.839,1316.82,1399.44,38,10,10,7,9000,8385
1,70.3847,12.594,1.961,1596.04,6597.04,46,9,9,23,9000,8385
1,287.847,525.416,5.581,1777.47,10526.3,1298,17,12,20,9000,8385
1,929.97,353.329,12.843,3517.53,43529,1195,32,14,144,9000,8385
1,447.42,431.031,22.243,3674.22,78866.9,1164,37,11,110,9000,8385
1,1074.09,502.01,24.56,12290.8,124355,1567,70,20,399,9000,8385
1,232.31,184.782,1.501,692.372,20712.3,722,7,7,46,9000,8385
1,301.597,13.277,5.883,2185.51,26057.4,40,13,7,70,9000,8385
1,556.864,239.044,10.307,3093.66,44254.8,761,32,9,114,9000,8385
1,146.386,211.61,3.43,950.527,24669,690,11,9,36,9000,8385
1,437.664,456.208,8.498,2536.98,30321.8,1229,27,13,83,9000,8385
1,638.183,353.914,25.232,2845.99,60046.6,1070,61,9,205,9000,8385
1,398.393,56.449,7.441,1692.04,23389.2,178,20,11,47,9000,8385
1,885.664,515.93,37.334,6002.7,71521.2,1544,78,20,215,9000,8385
1,458.19,382.982,6.387,873.261,17795,1100,20,8,41,9000,8385
1,653.682,161.254,15.544,2020,101699,497,37,14,230,9000,8385
1,650.618,456.63,12.548,3935.71,20943.9,1449,34,16,91,9000,8385
1,786.377,377.38,8.744,6261.87,13588.1,1297,34,14,86,9000,8385
1,560.439,41.839,7.911,3801.68,27354.1,110,19,13,74,9000,8385
1,102.46,215.084,2.478,2206.73,7341.65,690,10,7,24,9000,8385
1,570.971,264.746,8.467,6915.2,18343,608,29,14,78,9000,8385
1,173.28,26.279,2.169,1796.5,6639.99,68,11,9,15,9000,8385
1,236.947,12.993,4.298,207.655,10023.8,35,16,8,38,9000,8385
1,840.415,472.016,14.007,2210.06,60440.1,1451,37,18,260,9000,8385
1,899.549,645.16,28.565,5968.47,133686,1733,75,24,517,9000,8385
1,217.297,58.887,2.971,3394.72,1998.12,224,19,16,7,9000,8385
1,190.851,209.889,2.379,1578.94,86977,661,8,8,289,9000,8385
1,317.517,20.494,4.348,908.696,13663.7,46,14,10,33,9000,8385
1,736.208,464.372,15.028,1476.58,14197.8,1251,45,16,60,9000,8385
1,793.107,412.681,12.685,2513.72,36943.7,1265,35,11,83,9000,8385
1,698.453,467.805,21.336,10270.4,48689.2,1203,57,17,238,9000,8385
1,557.075,476.941,10.429,447.558,36262.6,1150,27,7,153,9000,8385
1,132.242,7.434,2.194,0.436,13546.1,27,8,6,32,9000,8385
1,183.807,202.189,4.328,987.247,25572.3,537,15,7,30,9000,8385
1,600.709,506.756,9.419,3537.53,55233.7,1268,26,14,179,9000,8385
1,282.986,21.825,3.086,0.439,69879.5,52,7,5,110,9000,8385
1,551.928,51.078,14.569,2756.25,114436,116,32,15,314,9000,8385
1,600.629,398.271,11.92,3950.43,27346.6,1103,27,17,142,9000,8385
1,433.457,85.921,8.352,766.087,42189.1,264,24,8,74,9000,8385
1,1289.49,741.716,24.403,6178.85,159380,1982,65,15,649,9000,8385
1,1281.72,757.843,36.533,11933.6,135389,2422,124,18,658,9000,8385
1,104.019,12.126,4.293,641.709,6692.63,37,10,7,17,9000,8385
1,305.746,87.429,6.779,2463.69,103882,198,19,11,146,9000,8385
1,170.317,246.794,7.832,0.413,5670.52,746,22,6,16,9000,8385
1,848.72,335.016,22.238,2120.28,51415.8,674,43,8,161,9000,8385
1,747.12,24.818,9.759,2499.87,10096.6,84,25,12,72,9000,8385
1,244.295,260.925,4.67,1240.65,75106,664,14,10,125,9000,8385
1,372.361,20.007,7.083,1999.77,110323,52,18,8,164,9000,8385
1,1005.3,464.811,20.887,2688.4,40526,1356,62,11,202,9000,8385
1,376.446,116.669,6.428,2547.91,785150,340,18,11,740,9000,8385
1,989.763,541.819,19.906,2670.52,59667.8,1605,52,18,225,9000,8385
1,540.227,19.615,8.81,704.428,19852.3,54,23,8,148,9000,8385
1,147.363,18.593,4.988,0.414,28411.6,52,14,6,44,9000,8385
1,87.023,243.028,2.975,1824.87,12582.5,632,11,7,36,9000,8385
1,296.971,228.045,4.775,1224.48,14169.4,709,17,7,31,9000,8385
1,415.64,134.514,4.502,3132.97,34813.7,409,12,9,70,9000,8385
1,1132.44,423.556,15.601,4713.69,105641,1293,41,16,259,9000,8385
1,667.372,317.092,13.349,1470.86,145851,989,35,13,674,9000,8385
1,470.489,72.073,8.003,5958.22,14469.2,204,24,20,53,9000,8385
1,455.281,182.462,8.564,848.959,46975.1,599,22,10,128,9000,8385
1,273.79,228.153,5.87,0.481,31422.5,721,17,5,39,9000,8385
1,574.582,257.785,11.27,558.98,44571.2,808,31,10,100,9000,8385
1,819.622,224.523,12.238,21735.4,24603.9,700,36,18,117,9000,8385
1,460.184,217.763,7.777,752.178,41840,625,17,9,145,9000,8385
1,123.033,218.468,3.782,1220.43,38684.2,699,12,8,39,9000,8385
1,100.846,223.356,2.764,0.448,21771,712,10,6,33,9000,8385
1,928.332,560.4,13.772,800.025,81259.2,1699,44,10,246,9000,8385
1,415.381,223.438,9.525,3936.96,59344.7,649,23,13,292,9000,8385
1,292.968,30.377,7.083,3426.03,66427.9,66,18,12,144,9000,8385
1,712.557,253.522,8.582,8243.7,49560.4,784,27,15,176,9000,8385
1,902.324,356.06,13.136,2222.53,27463.6,1058,34,12,135,9000,8385
1,783.966,187.481,13.418,2113.99,56314.4,655,38,14,192,9000,8385
1,1108.2,829.58,22.654,946.299,41747.3,2416,68,8,188,9000,8385
1,635.246,217.117,10.359,635.854,44170.6,670,28,9,131,9000,8385
1,194.618,14.997,4.301,1706.77,6065.86,44,13,8,21,9000,8385
1,289.664,206.662,6.97,2303.34,35364.8,615,19,11,48,9000,8385
1,1934.03,794.06,54.965,18050.6,1.90811e+06,2574,156,42,5595,9000,8385
1,673.909,69.718,6.405,2789.45,31992,230,19,8,66,9000,8385
1,749.533,457.883,17.21,1905.16,94188.8,1274,37,11,253,9000,8385
1,275.036,194.502,6.824,323.198,16815,577,23,8,26,9000,8385
1,691.552,290.914,9.976,2685.84,49331.9,960,28,12,144,9000,8385
1,333.074,139.984,3.154,369.19,28195.8,432,11,7,51,9000,8385
1,362.034,195.659,7.975,3169.96,18776,421,24,14,61,9000,8385
1,354.359,18.837,1.828,1456.26,483.102,53,8,8,4,9000,8385
1,39.3954,266.525,1.769,3071.86,75733.9,660,7,7,145,9000,8385
1,936.226,312.562,23.901,12789.6,79943.4,1199,65,21,500,9000,8385
1,693.463,197.544,8.543,2805.75,12864.3,656,22,12,58,9000,8385
1,607.211,134.87,9.525,1962.69,27165.8,412,25,9,72,9000,8385
1,601.409,403.909,16.392,4479.02,56460.7,1157,41,15,198,9000,8385
1,444.173,458.267,12.508,3297.5,64801.3,1251,27,9,139,9000,8385
1,537.908,237.082,8.667,1873.69,47958.8,640,28,10,81,9000,8385
1,1611.75,1362.17,49.572,4906.67,145842,3152,141,18,572,9000,8385
1,347.416,267.558,5.35,1319.55,11117.3,830,20,9,43,9000,8385
1,104.202,38.433,4.111,0.419,2825.2,90,8,6,9,9000,8385
1,839.867,308.596,8.426,4079.81,159748,726,20,9,197,9000,8385
1,626.279,178.31,9.026,546.488,12248.9,361,28,8,65,9000,8385
1,1117.26,581.593,15.881,2100.57,32097.9,1721,49,20,166,9000,8385
1,158.316,6.1,3.534,1.103,1171.69,27,12,6,4,9000,8385
1,479.165,375.162,6.895,1373.56,19532.7,913,18,9,56,9000,8385
1,542.3,167.97,6.046,1795.76,17524.3,550,21,10,63,9000,8385
1,512.544,27.697,2.93,2027.45,14807.9,75,14,10,24,9000,8385
1,639.193,511.214,8.037,5208.59,13412.4,1656,28,12,77,9000,8385
1,246.293,96.756,3.48,993.03,40233.7,336,11,7,164,9000,8385
1,580.202,244.779,7.744,2169.48,24077,757,23,11,36,9000,8385
1,931.664,547.572,14.835,2113.26,70961.8,1712,46,16,242,9000,8385
1,278.469,212.942,6.509,1426.87,112844,653,17,10,65,9000,8385
1,760.569,339.926,15.484,7505.73,43210.3,778,37,16,139,9000,8385
1,486.261,295.757,9.192,871.313,31405.6,782,26,8,76,9000,8385
1,183.096,259.51,2.968,1180.95,29247.9,736,9,7,36,9000,8385
1,862.456,259.583,14.675,6516.92,68914.5,666,43,20,289,9000,8385
1,52.7731,202.298,1.903,0.445,106982,653,7,5,114,9000,8385
1,688.713,308.897,10.077,1432.39,44239.1,1003,28,9,101,9000,8385
1,651.602,179.326,10.139,4059.88,15718.4,597,25,11,52,9000,8385
1,627.659,240.408,10.534,742.401,15635.9,704,36,15,34,9000,8385
1,507.075,23.191,4.145,0.433,2394.7,88,19,9,16,9000,8385
1,1226.15,725.325,23.804,9011.3,123725,1947,65,23,652,9000,8385
1,899.68,316.848,22.476,2172.95,151833,1006,54,11,305,9000,8385
1,1516.67,1251.45,70.801,31110.7,800817,3668,187,61,2190,9000,8385
1,70.6612,56.649,0.602,0.441,15439.6,141,5,5,27,9000,8385
1,231.45,19.169,3.378,0.427,32738.4,51,8,6,38,9000,8385
1,813.199,82.746,35.937,240.095,53965.8,166,37,10,1333,9000,8385
1,181.563,280.55,6.247,2372.15,6628.44,944,21,17,27,9000,8385
1,109.772,22.452,1.775,0.436,24385.4,36,7,5,34,9000,8385
1,222.171,12.281,4.22,1817.89,9419.28,38,13,10,20,9000,8385
1,477,190.015,7.642,1230.05,18788.3,512,20,9,56,9000,8385
1,710.843,483.603,10.255,2127.08,36443.1,1192,32,11,86,9000,8385
1,389.855,281.385,8.114,1977,19983.9,856,23,12,43,9000,8385
1,831.974,537.842,19.969,2440.2,21549.9,1648,62,10,94,9000,8385
1,241.019,16.534,2.322,1361.51,13252.1,54,12,10,22,9000,8385
1,643.323,464.477,22.177,7144.66,41489.7,1168,44,15,140,9000,8385
1,298.573,355.635,4.376,0.429,3824.91,1035,16,7,19,9000,8385
1,1107.82,493.783,33.761,6609.49,258009,1169,98,24,646,9000,8385
1,827.019,386.486,17.024,2778.98,53517.9,1147,44,20,353,9000,8385
1,188.404,20.165,4.588,1126.02,58406.3,58,16,9,97,9000,8385
1,378.6,160.056,6.591,1187.17,12952.3,431,21,8,43,9000,8385
1,440.533,16.266,6.465,1337.45,63936.3,23,9,9,58,9000,8385
1,429.377,19.16,6.854,3502.94,28020.1,61,20,12,59,9000,8385
1,127.769,7.79,3.842,477.985,10948.9,29,9,9,44,9000,8385
1,568.536,176.927,13.345,2024.29,26707.1,523,34,10,64,9000,8385
1,899.555,449.763,18.497,5204.26,57046.6,1305,51,17,203,9000,8385
1,289.028,117.319,5.274,863.528,19530.5,346,16,9,37,9000,8385
1,20.025,20.491,0.828,0.373,5400.02,84,6,6,12,9000,8385
1,631.485,100.157,7.11,1538.31,13941.2,202,26,11,31,9000,8385
1,237.539,131.371,6.677,0.425,37246.4,498,21,5,76,9000,8385
1,237.622,196.733,6.555,2216.15,208738,669,16,12,286,9000,8385
1,474.494,230.73,7.324,2735.09,44226.2,604,19,10,126,9000,8385
1,1108.23,525.458,23.588,5108.1,80710.2,1629,64,12,323,9000,8385
1,372.607,12.845,4.891,618.661,7757.49,49,21,12,26,9000,8385
1,810.189,450.684,18.216,2806.02,29033.8,1304,57,22,127,9000,8385
1,109.128,27.353,2.736,0.449,15426.1,57,10,6,17,9000,8385
1,723.044,333.637,11.4,4477.49,24296.8,995,31,17,99,9000,8385
1,338.6,215.844,7.827,5030,15472.2,700,21,12,46,9000,8385
1,145.344,18.269,3.946,0.522,73484.1,47,11,6,143,9000,8385
1,395.38,21.234,6.283,857.217,10911.8,50,17,7,38,9000,8385
1,1152.31,587.288,29.23,4086.19,123364,1660,78,18,405,9000,8385
1,396.011,18.977,6.303,346.197,7675.41,71,20,11,28,9000,8385
1,1015.75,587.255,23.647,7902.33,35516.2,1663,71,16,244,9000,8385
1,49.7695,66.867,2.247,0.442,6861.23,151,9,6,15,9000,8385
1,507.339,266.799,7.408,7533.85,14932.6,661,23,14,55,9000,8385
1,383.885,284.646,9.344,2931.65,10708.6,763,25,12,42,9000,8385
1,350.704,268.676,7.177,861.351,6914.52,678,16,9,22,9000,8385
1,573.468,523.058,7.137,2400.64,15791.2,1234,20,8,61,9000,8385
1,562.25,33.158,5.712,210.767,9317.52,88,15,8,51,9000,8385
1,345.059,51.498,14.147,929.891,70695.1,82,27,8,84,9000,8385
1,560.971,339.36,16.288,3081.4,42720.1,1079,43,22,148,9000,8385
1,265.126,16.651,7.105,2243.51,31480.8,40,16,11,54,9000,8385
1,362.373,280.379,5.882,4160.34,66600.1,832,19,9,167,9000,8385
1,313.085,22.141,7.584,4511.87,27523.8,51,15,11,87,9000,8385
1,300.043,196.598,7.564,2834.82,19375,692,17,9,48,9000,8385
1,425.735,449.936,7.875,1564.17,27941.5,1276,22,12,54,9000,8385
1,317.17,14.551,6.284,866.958,41273.7,38,17,11,45,9000,8385
1,890.48,330.391,14.751,4538.48,42461.6,1053,42,11,100,9000,8385
1,826.564,476.355,18.554,3150.85,50466.5,1229,50,13,170,9000,8385
1,197.307,13.229,2.726,0.416,7350.01,44,10,5,19,9000,8385
1,48.3839,25.836,0.751,0.425,7471.39,79,7,7,13,9000,8385
1,632.987,258.008,10.783,1306.98,122015,659,30,8,594,9000,8385
1,616.572,276.12,8.766,370.784,23780.7,761,24,12,70,9000,8385
1,334.619,18.517,6.266,1073.12,4837.96,70,23,11,20,9000,8385
1,800.392,309.618,21.595,3602.52,34894.4,898,53,11,146,9000,8385
1,110.422,31.014,2.366,2482.65,11194.5,72,8,8,16,9000,8385
1,385.161,17.274,7.86,2373.11,90100.1,56,20,10,151,9000,8385
1,386.095,131.739,6.014,1381.62,13319.6,396,22,7,41,9000,8385
1,867.792,530.662,15.221,5899.22,136485,1900,45,20,202,9000,8385
1,167.215,30.586,1.681,2543.5,876.096,96,11,11,7,9000,8385
1,1197.25,1080.33,39.552,9370,804714,2607,105,15,1101,9000,8385
1,838.752,402.545,16.409,2843.13,20636.1,1117,61,12,109,9000,8385
1,581.703,222.014,6.343,1516.6,27411.8,599,17,10,56,9000,8385
1,698.792,468.251,11.93,7542.44,50977.8,1192,35,17,160,9000,8385
1,626.386,312.826,12.139,2479.79,29902.9,829,37,10,111,9000,8385
1,193.28,173.357,3.912,2926.36,8574.59,672,16,11,23,9000,8385
1,310.958,248.175,17.401,1801.88,52655.8,647,37,12,97,9000,8385
1,540.948,291.052,11.661,6196.37,32770.8,891,28,15,145,9000,8385
1,445.124,203.201,9.328,4190.26,15443.5,675,26,11,66,9000,8385
1,695.911,223.871,10.014,3686.65,33165.4,645,29,13,126,9000,8385
1,350.201,223.17,9.7,0.493,10565.9,666,34,6,34,9000,8385
1,490.551,211.195,9.326,2764.82,22694.2,682,27,10,70,9000,8385
1,217.166,14.612,2.72,0.459,7207.9,41,11,7,22,9000,8385
1,519.932,167.254,6.266,5988.75,32284.8,448,20,13,190,9000,8385
1,937.633,453.973,15.717,3846.19,80902.8,1411,45,12,305,9000,8385
1,556.903,124.291,18.002,1441.78,102090,418,41,7,217,9000,8385
1,920.753,597.905,23.253,9752.64,129478,1725,66,19,306,9000,8385
1,1297.13,893.762,51.307,7901.49,152054,2785,135,40,870,9000,8385
1,1267.94,773.908,32.139,10329.5,226022,2345,87,16,658,9000,8385
1,204.688,235.976,3.009,1063.62,12927.8,695,9,7,29,9000,8385
1,316.21,228.563,8.425,833.938,32883.1,686,26,7,65,9000,8385
1,141.4,187.59,5.635,1758.36,14077.2,558,15,8,22,9000,8385
1,469.659,328.123,6.835,2215.05,6518.89,1017,21,8,26,9000,8385
1,893.231,386.015,25.178,3439.58,89642.3,1196,73,14,339,9000,8385
1,398.453,223.343,5.88,1362,32627,665,17,7,57,9000,8385
1,381.76,294.768,8.607,3334.81,12269.3,755,23,12,58,9000,8385
1,701.377,91.534,7.979,4538.43,53618.9,319,22,10,125,9000,8385
1,951.19,553.536,15.057,5231.23,46127.6,1740,41,13,174,9000,8385
1,142.636,80.328,2.041,1735.1,32177.8,141,7,7,48,9000,8385
1,994.116,515.055,27.26,5234.45,34979.3,1548,74,18,179,9000,8385
1,207.183,186.379,4.229,0.437,13648.2,661,13,7,22,9000,8385
1,217.8,12.833,4.091,1341.95,134193,53,10,7,107,9000,8385
1,407.79,395.995,7.632,3565.57,45865.2,1150,22,9,81,9000,8385
1,268.883,16.473,4.628,985.713,102523,44,9,7,108,9000,8385
1,458.08,23.568,4.486,1833.19,32571.1,63,15,9,66,9000,8385
1,173.54,220.701,4.81,0.569,18934.8,697,18,5,45,9000,8385
1,502.956,493.124,11.569,1380.39,35229.4,1262,26,9,96,9000,8385
1,822.288,467.68,13.702,1083.16,53468.7,1370,33,7,141,9000,8385
1,121.396,221.728,4.339,0.435,11190.1,660,13,5,26,9000,8385
1,805.142,302.407,12.586,3263.76,118383,951,31,11,206,9000,8385
1,161.941,36.338,2.47,1882.87,19546,70,8,8,36,9000,8385
1,497.733,472.198,5.394,1574.34,9209.76,1262,16,7,28,9000,8385
1,1132.35,1151.63,39.086,8414.69,115456,2422,89,20,558,9000,8385
1,903.628,399.824,19.443,9591.54,44158.8,1210,51,20,284,9000,8385
1,140.943,20.971,2.812,2254.74,1502.5,61,9,9,7,9000,8385
1,901.637,279.031,12.792,5510.49,64716.3,904,37,16,176,9000,8385
1,744.873,385.054,13.148,5345.57,11786.1,1216,43,15,117,9000,8385
1,990.573,743.748,20.073,3890.43,70124.3,2255,61,13,172,9000,8385
1,541.698,29.472,7.706,3509.85,9001.62,87,25,14,16,9000,8385
1,1161.18,600.964,25.132,8034.22,244344,1899,79,31,1126,9000,8385
1,560.341,299.122,11.089,3043.87,36542,939,27,17,124,9000,8385
1,311.617,224.737,7.595,3545.45,14968.3,674,17,10,26,9000,8385
1,685.616,469.06,27.813,1468.62,114162,1294,59,13,362,9000,8385
1,269.017,19.062,3.501,1212.12,513611,44,10,8,190,9000,8385
1,292.062,27.217,2.915,1857.72,6005.41,69,13,11,16,9000,8385
1,769.001,777.659,18.682,1730.22,72228.5,1703,44,9,144,9000,8385
1,700.071,349.892,14.923,4711.32,33278.6,964,37,14,196,9000,8385
1,92.6553,22.599,0.677,0.445,5728.79,70,8,8,13,9000,8385
1,825.257,390.923,11.59,4656.79,37012.5,1217,36,12,132,9000,8385
1,264.622,296.538,5.208,0.48,11338.6,899,18,5,49,9000,8385
1,179.234,313.346,6.355,1472.12,34002.8,882,16,7,70,9000,8385
1,487.031,235.13,12.621,9068.77,24284.1,560,36,17,91,9000,8385
1,353.227,347.534,7.556,1858.74,28971.8,1005,18,10,57,9000,8385
1,260.64,68.002,3.385,839.251,30383.7,164,11,8,159,9000,8385
1,94.1541,13.957,0.831,0.509,8610.18,39,6,6,15,9000,8385
1,1216.85,724.709,24.455,4148.68,105388,2193,62,27,486,9000,8385
1,328.44,336.14,4.919,0.464,16426.5,985,16,6,30,9000,8385
1,321.048,121.042,6.048,1806.79,9236.63,323,15,11,22,9000,8385
1,184.391,32.446,4.311,2698.7,798.031,69,11,8,4,9000,8385
1,302.419,20.007,2.929,2235.78,10945.7,54,12,9,24,9000,8385
1,438.959,9.253,6.609,1956.4,14233.5,34,21,10,39,9000,8385
1,413.552,20.346,5.385,1391.86,747090,61,14,8,236,9000,8385
1,165.197,25.433,3.874,0.422,7037.24,80,13,5,22,9000,8385
1,535.28,275.895,9.144,1380.7,8715.02,812,24,8,37,9000,8385
1,388.753,301.89,7.551,731.724,72529.9,755,17,10,122,9000,8385
1,1568.67,1189.92,36.173,14944.5,226508,3565,108,32,1223,9000,8385
1,615.338,368.23,10.672,3440.11,21462.7,1258,31,10,90,9000,8385
1,427.604,202.348,3.851,805.482,38143.6,672,14,7,92,9000,8385
1,387.047,21.518,4.796,2145.85,28488.5,59,17,8,39,9000,8385
1,854.252,424.355,11.046,1470.7,22860.8,1248,31,9,78,9000,8385
1,559.746,308.833,10.979,1358.22,218769,984,32,8,2838,9000,8385
1,383.986,191.368,8.708,1350.69,9221.67,439,18,8,38,9000,8385
1,450.557,253.969,7.362,2142.69,40308.3,658,22,12,81,9000,8385
1,931.765,446.218,20.789,5279.28,41983.7,1259,52,11,199,9000,8385
1,1201.28,610.958,53.857,13192.1,231833,1599,139,32,699,9000,8385
1,917.421,527.517,21.299,5238.81,124406,1489,39,13,463,9000,8385
1,764.032,448.93,14.476,1391.8,12636.5,1317,47,14,95,9000,8385
1,464.332,86.759,5.654,1527.44,16577.1,254,20,8,39,9000,8385
1,412.323,22.136,4.394,0.428,235515,41,11,5,783,9000,8385
1,225.158,53.222,4.563,319.304,8037.75,129,16,9,16,9000,8385
1,421.794,365.456,8.675,9022.53,32664.7,934,23,17,202,9000,8385
1,106.48,14.213,0.959,0.44,135512,38,5,5,260,9000,8385
1,676.823,421.645,10.991,4437.65,226640,1153,26,14,403,9000,8385
1,488.038,371.694,12.279,427.038,59801.2,1009,26,8,113,9000,8385
1,632.071,400.688,12.429,6912.06,28964,1303,38,12,89,9000,8385
1,978.98,564.466,18.064,8168.93,36918.9,1686,54,17,166,9000,8385
1,346.152,106.466,3.246,1095.33,23203.4,381,13,9,39,9000,8385
1,1027.21,554.287,28.339,17003.6,288209,1742,70,25,672,9000,8385
1,309.095,266.834,10.282,1808.7,19562.1,732,26,10,59,9000,8385
1,642.236,440.36,12.931,9757.26,38007.1,1046,28,12,184,9000,8385
1,262.498,181.099,5.122,3192.86,13011.4,545,17,9,31,9000,8385
1,103.817,15.232,2.503,694.547,19416.6,40,8,8,20,9000,8385
1,362.613,305.03,11.108,2365.9,48671,771,28,12,135,9000,8385
1,456.478,132.18,5.219,1455.72,20577.3,404,14,7,86,9000,8385
1,326.831,32.443,9.41,1925.28,23084.1,77,27,8,88,9000,8385
1,757.175,308.923,25.822,8137.73,566404,846,59,28,735,9000,8385
1,1440.29,1000.45,42.884,10977.2,40512.4,3067,116,37,707,9000,8385
1,373.813,326.241,7.659,2396.64,16303.6,935,21,14,63,9000,8385
1,674.529,389.029,16.66,8487.98,177034,1190,39,21,405,9000,8385
1,780.707,372.237,26.585,5714.87,100670,1113,55,18,370,9000,8385
1,836.292,402.332,23.469,2710.41,16964.2,1215,40,12,88,9000,8385
1,299.475,11.383,0.887,0.408,5673.47,39,6,6,15,9000,8385
1,1177.78,673.418,29.003,5519.98,109221,1990,80,17,393,9000,8385
1,196.262,219.612,6.953,4920.11,8494.8,680,19,15,25,9000,8385
1,494.426,223.602,7.151,1870.7,30276,460,24,10,64,9000,8385
1,387.363,31.418,6.832,1220.76,52155.2,112,18,7,77,9000,8385
1,522.75,355.325,17.685,2545.24,24663.6,929,29,7,72,9000,8385
1,199.06,22.959,3.194,0.521,4887.25,59,10,6,16,9000,8385
1,465.087,311.355,7.69,1222.04,14899.1,797,24,12,50,9000,8385
1,763.946,138.002,13.031,11676.4,50750.6,357,33,17,168,9000,8385
1,155.206,15.272,3.225,997.366,12450.3,46,10,7,25,9000,8385
1,455.084,199.359,7.587,1314.08,32499.7,625,24,7,59,9000,8385
1,258.383,159.979,10.279,870.312,14432.8,415,20,9,28,9000,8385
1,164.149,15.456,4.26,1408.88,27702.4,46,12,9,33,9000,8385
1,696.078,293.901,12.269,820.122,45966.2,820,40,7,131,9000,8385
1,256.759,11.865,5.211,535.686,9468.3,43,16,12,46,9000,8385
1,269.696,40.644,3.882,1.071,41077.5,104,11,6,94,9000,8385
1,362.167,12.013,5.682,2240.1,17751.3,44,15,11,42,9000,8385
1,170.816,14.85,3.13,0.426,8965.51,55,10,6,16,9000,8385
1,165.076,25.278,1.721,0.468,16862.1,54,9,7,29,9000,8385
1,1062.78,694.658,39.146,2553.88,278530,1801,79,14,608,9000,8385
1,379.423,482.101,7.291,2470.68,22300.6,1328,28,10,49,9000,8385
1,707.494,258.457,12.249,6269.24,44013.5,879,35,13,124,9000,8385
1,793.984,429.67,15.25,2471.01,41224.6,1403,50,12,142,9000,8385
1,1240.87,924.497,28.301,8028.11,89579.9,2908,88,25,353,9000,8385
1,222.733,22.087,3.317,0.464,10164,67,14,7,15,9000,8385
1,255.267,417.567,5.712,2167.88,14526.2,1249,15,9,30,9000,8385
1,655.955,580.14,23.398,5426.21,33973.9,1467,55,17,165,9000,8385
1,645.312,326.628,8.779,11103.2,16998.9,1023,26,21,65,9000,8385
1,326.741,242.414,10.295,2228.59,21753.7,685,29,12,58,9000,8385
1,172.142,324.241,5.352,0.435,182121,970,13,6,1565,9000,8385
1,557.977,348.781,10.867,3087.9,134970,921,25,9,233,9000,8385
1,641.978,355.111,29.982,2074.05,91488.4,1041,64,11,200,9000,8385
1,1004.86,260.377,23.255,2469.19,23907.5,879,61,15,279,9000,8385
1,195.305,435.143,5.633,1779.44,16174.9,1282,16,8,38,9000,8385
1,486.704,223.348,11.018,7545.63,79268.9,689,30,14,244,9000,8385
1,400.385,173.845,7.906,3438.34,20332.7,430,23,12,47,9000,8385
1,538.581,51.71,11.464,3027.81,25615.8,192,48,40,32,9000,8385
1,416.751,150.269,5.96,462.853,20746.5,515,16,9,50,9000,8385
1,536.889,20.411,7.614,810.258,14605.4,68,18,8,29,9000,8385
1,258.275,229.912,5.368,0.451,27888.4,672,15,5,41,9000,8385
1,672.162,432.442,12.402,2073.55,19713.9,1005,33,7,58,9000,8385
1,860.425,417.558,18.673,9232.4,48309.1,1307,54,26,187,9000,8385
1,127.13,9.868,1.837,237.183,7843.34,32,8,8,17,9000,8385
1,431.264,229.971,8.783,2732.25,37945.8,684,28,10,80,9000,8385
1,643.115,292.43,10.722,4155.49,25980.4,924,32,16,118,9000,8385
1,1020.04,550.859,19.371,5113.68,49793.7,1883,66,21,286,9000,8385
1,911.879,443.598,20.623,19509.3,93322.4,1307,54,30,566,9000,8385
1,265.994,22.77,4.195,0.441,96416.8,72,15,6,63,9000,8385
1,554.423,359.369,11.25,543.911,34630.7,1074,29,8,83,9000,8385
1,431.227,237.253,5.458,1452.67,36674,699,15,7,74,9000,8385
1,434.964,205.952,4.282,1271.4,29274.2,559,17,7,59,9000,8385
1,563.863,176.326,5.533,2152.61,17343.6,624,19,10,39,9000,8385
1,908.214,442.562,14.751,946.755,25858.4,1244,47,17,116,9000,8385
1,317.984,399.908,8.183,2592.09,17480.1,1273,23,13,66,9000,8385
1,641.419,535.456,13.085,4117.98,86758.8,1161,36,12,257,9000,8385
1,413.473,204.137,9.051,2646.2,31070.7,601,18,12,107,9000,8385
1,876.423,185.515,20.554,7052.87,85061.3,551,48,21,250,9000,8385
1,471.497,150.63,7.941,1550.24,40559.8,358,20,9,80,9000,8385
1,240.367,192.108,20.704,15497.6,34986.9,586,54,27,115,9000,8385
1,550.146,29.483,9.782,1272.39,72311.5,75,23,9,71,9000,8385
1,208.677,38.856,1.336,1288.67,8616.34,94,9,9,25,9000,8385
1,601.945,486.22,7.041,1172.35,23993.4,1343,22,8,47,9000,8385
1,655.459,261.513,13.466,3155.54,18066.4,854,37,12,69,9000,8385
1,534.509,20.722,9.934,1852.52,28763.9,54,21,9,86,9000,8385
1,524.061,160.702,7.749,1041.41,43810.6,448,22,9,50,9000,8385
1,490.175,256.395,8.335,2209.43,25498.5,805,26,8,79,9000,8385
1,659.092,440.62,10.394,675.595,56822.6,1256,28,7,96,9000,8385
1,847.476,336.012,12.098,1463.42,26757.4,804,38,9,104,9000,8385
1,306.219,17.138,1.482,0.595,2363.64,67,10,8,9,9000,8385
1,931.64,504.681,16.603,1597.08,30481.9,1048,57,15,207,9000,8385
1,220.229,33.808,2.626,758.985,12656.2,81,9,9,16,9000,8385
1,1246.06,742.922,37.909,4345.7,142007,2031,95,20,794,9000,8385
1,857.431,479.445,28.777,10284.4,234617,1234,71,33,582,9000,8385
1,366.895,17.154,4.496,1584.85,14283.2,51,16,8,30,9000,8385
1,88.6002,235.577,2.46,0.519,15913.3,631,11,8,28,9000,8385
1,439.847,40.541,8.142,4752.57,33227.4,109,19,10,62,9000,8385
1,494.242,209.363,8.894,6283.22,73147.1,671,22,13,172,9000,8385
1,536.004,211.783,11.601,1392.56,24667.9,660,23,8,62,9000,8385
1,647.223,278.649,9.91,2736.09,17630.1,768,27,8,73,9000,8385
1,727.633,249.064,8.742,431.371,44673.1,678,29,8,105,9000,8385
1,375.693,336.565,7.225,491.187,98135.3,945,15,9,695,9000,8385
1,373.939,126.594,10.383,1715.46,666770,378,18,10,215,9000,8385
1,547.001,56.302,8.032,0.474,27079.8,144,23,6,65,9000,8385
1,627.521,118.949,12.806,4796.49,297577,391,28,14,461,9000,8385
1,181.463,16.143,3.957,0.45,8967.5,44,12,5,27,9000,8385
1,558.173,411.301,9.734,6933.65,19665.7,1252,32,14,116,9000,8385
1,777.864,431.946,17.82,1844.85,1.26956e+06,1079,46,11,1193,9000,8385
1,329.597,184.797,3.174,591.738,19222.3,683,11,9,30,9000,8385
1,101.045,10.101,2.036,0.431,1440.15,32,8,5,13,9000,8385
1,885.906,508.893,18.518,4443.7,124253,1161,63,15,437,9000,8385
1,560.162,72.189,7.349,446.38,28818.8,238,22,9,57,9000,8385
1,668.64,314.997,14.142,1878.08,111998,994,35,11,669,9000,8385
1,708.385,395.962,11.328,1703,53019.6,1256,32,12,122,9000,8385
1,453.248,219.361,11.541,0.462,16895.3,649,48,6,28,9000,8385
1,593.068,213.081,13.512,4009.88,49850.4,705,38,12,139,9000,8385
1,639.352,468.399,17.781,2495.75,60890.2,1246,40,18,161,9000,8385
1,608.786,246.944,9.04,1034.04,44973.3,732,23,7,86,9000,8385
1,106.527,199.527,1.855,1999.5,22893.7,692,12,12,21,9000,8385
1,493.69,36.412,4.738,4011.17,14657,113,15,12,26,9000,8385
1,337.817,11.545,6.569,1665.63,242401,34,16,8,283,9000,8385
1,441.192,237.138,8.901,0.417,32194.6,736,27,6,68,9000,8385
1,791.569,378.932,12.308,4253.67,21778.7,1165,39,16,56,9000,8385
