K,dist,cost_ki,cost_hi,h_cost,vnum,gen_ki,push_ki,pop_ki,prune_ki,suc_call_ki,gen_hi,push_hi,pop_hi,prune_hi,suc_call_hi,reevaluate,density
4,15131.9,5587.35,9651.84,8562,11,370,10677,9444,833,34909,46,1039,797,14,1899,150,0.00716846
4,17226.5,5587.35,9651.84,8562,4,370,10677,9444,833,34909,46,1039,797,14,1899,150,0.00716846
4,20496.7,5587.35,9651.84,8562,5,370,10677,9444,833,34909,46,1039,797,14,1899,150,0.00716846
4,31946.7,5587.35,9651.84,8562,15,370,10677,9444,833,34909,46,1039,797,14,1899,150,0.00716846
4,8818.69,9546.85,22236.5,19884,5,484,17092,15505,1542,64866,76,2178,1685,12,4037,456,0.00716846
4,34390.6,9546.85,22236.5,19884,14,484,17092,15505,1542,64866,76,2178,1685,12,4037,456,0.00716846
4,40817.1,9546.85,22236.5,19884,11,484,17092,15505,1542,64866,76,2178,1685,12,4037,456,0.00716846
4,44916.7,9546.85,22236.5,19884,7,484,17092,15505,1542,64866,76,2178,1685,12,4037,456,0.00716846
4,16944.9,9374.04,20059.6,17899,8,523,16349,14829,1466,60898,74,2094,1636,21,4274,424,0.00716846
4,32250.1,9374.04,20059.6,17899,17,523,16349,14829,1466,60898,74,2094,1636,21,4274,424,0.00716846
4,43758.9,9374.04,20059.6,17899,25,523,16349,14829,1466,60898,74,2094,1636,21,4274,424,0.00716846
4,50704.6,9374.04,20059.6,17899,22,523,16349,14829,1466,60898,74,2094,1636,21,4274,424,0.00716846
4,26396.4,10362.1,21960.2,19952,11,526,16656,15153,1408,61049,70,2060,1613,20,3643,407,0.00716846
4,31542,10362.1,21960.2,19952,14,526,16656,15153,1408,61049,70,2060,1613,20,3643,407,0.00716846
4,31943.7,10362.1,21960.2,19952,15,526,16656,15153,1408,61049,70,2060,1613,20,3643,407,0.00716846
4,40378.5,10362.1,21960.2,19952,13,526,16656,15153,1408,61049,70,2060,1613,20,3643,407,0.00716846
4,7708.5,8359.54,33333,29827,8,468,14652,13412,1373,54265,114,3275,2579,49,6857,583,0.00716846
4,38680.4,8359.54,33333,29827,16,468,14652,13412,1373,54265,114,3275,2579,49,6857,583,0.00716846
4,42014.1,8359.54,33333,29827,22,468,14652,13412,1373,54265,114,3275,2579,49,6857,583,0.00716846
4,49446.8,8359.54,33333,29827,36,468,14652,13412,1373,54265,114,3275,2579,49,6857,583,0.00716846
4,9371.21,4653.13,7363.31,6617,3,357,10057,8770,749,32120,46,810,592,1,1243,170,0.00716846
4,22975,4653.13,7363.31,6617,10,357,10057,8770,749,32120,46,810,592,1,1243,170,0.00716846
4,23299,4653.13,7363.31,6617,7,357,10057,8770,749,32120,46,810,592,1,1243,170,0.00716846
4,30025.8,4653.13,7363.31,6617,6,357,10057,8770,749,32120,46,810,592,1,1243,170,0.00716846
4,4824.96,1156.57,2642.44,2398,4,113,3066,2482,142,8160,25,326,225,1,405,71,0.00716846
4,13359.5,1156.57,2642.44,2398,7,113,3066,2482,142,8160,25,326,225,1,405,71,0.00716846
4,14447.4,1156.57,2642.44,2398,6,113,3066,2482,142,8160,25,326,225,1,405,71,0.00716846
4,17581.8,1156.57,2642.44,2398,9,113,3066,2482,142,8160,25,326,225,1,405,71,0.00716846
4,13837.2,9115.09,29443.6,25950,2,507,17425,15798,1646,66240,115,3160,2485,46,7351,357,0.00716846
4,48391.9,9115.09,29443.6,25950,19,507,17425,15798,1646,66240,115,3160,2485,46,7351,357,0.00716846
4,48531.8,9115.09,29443.6,25950,10,507,17425,15798,1646,66240,115,3160,2485,46,7351,357,0.00716846
4,50465.4,9115.09,29443.6,25950,23,507,17425,15798,1646,66240,115,3160,2485,46,7351,357,0.00716846
4,24844.5,9610.86,27420.8,24387,4,522,16716,15362,1434,62031,92,2825,2233,39,5814,487,0.00716846
4,38037.7,9610.86,27420.8,24387,18,522,16716,15362,1434,62031,92,2825,2233,39,5814,487,0.00716846
4,40573.3,9610.86,27420.8,24387,18,522,16716,15362,1434,62031,92,2825,2233,39,5814,487,0.00716846
4,45708.5,9610.86,27420.8,24387,13,522,16716,15362,1434,62031,92,2825,2233,39,5814,487,0.00716846
4,14607.3,5630.63,11751.1,10561,8,318,9904,8511,685,30984,48,1353,1051,23,2466,253,0.00716846
4,18470,5630.63,11751.1,10561,6,318,9904,8511,685,30984,48,1353,1051,23,2466,253,0.00716846
4,26466.9,5630.63,11751.1,10561,17,318,9904,8511,685,30984,48,1353,1051,23,2466,253,0.00716846
4,28704.7,5630.63,11751.1,10561,13,318,9904,8511,685,30984,48,1353,1051,23,2466,253,0.00716846
4,16464.1,5913.8,12624.2,11405,8,361,10453,9154,813,34483,52,1295,964,10,2363,152,0.00716846
4,21097.4,5913.8,12624.2,11405,6,361,10453,9154,813,34483,52,1295,964,10,2363,152,0.00716846
4,30734.1,5913.8,12624.2,11405,13,361,10453,9154,813,34483,52,1295,964,10,2363,152,0.00716846
4,31271.1,5913.8,12624.2,11405,16,361,10453,9154,813,34483,52,1295,964,10,2363,152,0.00716846
4,18262.1,7031.47,21346.1,19147,8,419,13998,12644,1293,50503,100,2332,1815,26,5053,280,0.00716846
4,34180.6,7031.47,21346.1,19147,15,419,13998,12644,1293,50503,100,2332,1815,26,5053,280,0.00716846
4,42330.1,7031.47,21346.1,19147,23,419,13998,12644,1293,50503,100,2332,1815,26,5053,280,0.00716846
4,42667.6,7031.47,21346.1,19147,12,419,13998,12644,1293,50503,100,2332,1815,26,5053,280,0.00716846
4,21481.9,10567.5,22679.3,20047,8,593,18188,16507,1643,66576,112,2700,2124,28,5817,322,0.00716846
4,35067.2,10567.5,22679.3,20047,11,593,18188,16507,1643,66576,112,2700,2124,28,5817,322,0.00716846
4,36309.6,10567.5,22679.3,20047,21,593,18188,16507,1643,66576,112,2700,2124,28,5817,322,0.00716846
4,44108.7,10567.5,22679.3,20047,19,593,18188,16507,1643,66576,112,2700,2124,28,5817,322,0.00716846
4,42273.1,12196.1,41866.9,37087,2,643,21563,19747,2170,85070,124,4247,3525,78,9078,896,0.00716846
4,48121.3,12196.1,41866.9,37087,15,643,21563,19747,2170,85070,124,4247,3525,78,9078,896,0.00716846
4,61486,12196.1,41866.9,37087,33,643,21563,19747,2170,85070,124,4247,3525,78,9078,896,0.00716846
4,69156.8,12196.1,41866.9,37087,28,643,21563,19747,2170,85070,124,4247,3525,78,9078,896,0.00716846
4,18360,8318.64,26664.1,23479,11,461,16116,14774,1442,60180,90,2956,2314,37,6511,354,0.00716846
4,19979.3,8318.64,26664.1,23479,11,461,16116,14774,1442,60180,90,2956,2314,37,6511,354,0.00716846
4,44112.5,8318.64,26664.1,23479,7,461,16116,14774,1442,60180,90,2956,2314,37,6511,354,0.00716846
4,48065.2,8318.64,26664.1,23479,20,461,16116,14774,1442,60180,90,2956,2314,37,6511,354,0.00716846
4,31999.1,8042.65,30519.3,27267,14,455,15579,14227,1547,60495,110,3204,2564,62,6635,673,0.00716846
4,40446.4,8042.65,30519.3,27267,21,455,15579,14227,1547,60495,110,3204,2564,62,6635,673,0.00716846
4,49605.1,8042.65,30519.3,27267,24,455,15579,14227,1547,60495,110,3204,2564,62,6635,673,0.00716846
4,50689.6,8042.65,30519.3,27267,24,455,15579,14227,1547,60495,110,3204,2564,62,6635,673,0.00716846
4,14247.4,5036.09,7997.06,7183,4,307,10648,9376,788,36601,46,850,624,14,1345,119,0.00716846
4,20776.9,5036.09,7997.06,7183,12,307,10648,9376,788,36601,46,850,624,14,1345,119,0.00716846
4,30747.9,5036.09,7997.06,7183,6,307,10648,9376,788,36601,46,850,624,14,1345,119,0.00716846
4,31020.1,5036.09,7997.06,7183,15,307,10648,9376,788,36601,46,850,624,14,1345,119,0.00716846
4,19780.7,7322.04,14455.7,12968,13,411,14101,12819,1251,53743,78,1560,1170,37,2576,266,0.00716846
4,32085.8,7322.04,14455.7,12968,13,411,14101,12819,1251,53743,78,1560,1170,37,2576,266,0.00716846
4,42480.2,7322.04,14455.7,12968,6,411,14101,12819,1251,53743,78,1560,1170,37,2576,266,0.00716846
4,42734.2,7322.04,14455.7,12968,21,411,14101,12819,1251,53743,78,1560,1170,37,2576,266,0.00716846
4,9054.11,2545.28,4388.14,3940,4,222,5978,5040,358,17240,32,471,343,3,626,113,0.00716846
4,11910.8,2545.28,4388.14,3940,6,222,5978,5040,358,17240,32,471,343,3,626,113,0.00716846
4,14608.5,2545.28,4388.14,3940,6,222,5978,5040,358,17240,32,471,343,3,626,113,0.00716846
4,23281.6,2545.28,4388.14,3940,14,222,5978,5040,358,17240,32,471,343,3,626,113,0.00716846
4,12351.1,6669.64,10767.8,9621,7,402,12943,11695,1148,46298,49,1144,881,5,2225,186,0.00716846
4,20228.7,6669.64,10767.8,9621,10,402,12943,11695,1148,46298,49,1144,881,5,2225,186,0.00716846
4,30726.3,6669.64,10767.8,9621,5,402,12943,11695,1148,46298,49,1144,881,5,2225,186,0.00716846
4,40007.3,6669.64,10767.8,9621,22,402,12943,11695,1148,46298,49,1144,881,5,2225,186,0.00716846
4,39691.1,9485.18,45194.3,40135,21,554,18675,17094,1834,71340,164,4747,3748,49,10576,853,0.00716846
4,51755,9485.18,45194.3,40135,14,554,18675,17094,1834,71340,164,4747,3748,49,10576,853,0.00716846
4,57513,9485.18,45194.3,40135,35,554,18675,17094,1834,71340,164,4747,3748,49,10576,853,0.00716846
4,62079.3,9485.18,45194.3,40135,13,554,18675,17094,1834,71340,164,4747,3748,49,10576,853,0.00716846
4,32355.8,6829.2,21256.5,19048,3,465,14166,12680,1310,52862,93,2269,1788,47,4617,386,0.00716846
4,38325.4,6829.2,21256.5,19048,14,465,14166,12680,1310,52862,93,2269,1788,47,4617,386,0.00716846
4,44870.2,6829.2,21256.5,19048,14,465,14166,12680,1310,52862,93,2269,1788,47,4617,386,0.00716846
4,46031.3,6829.2,21256.5,19048,9,465,14166,12680,1310,52862,93,2269,1788,47,4617,386,0.00716846
4,38224.8,8047.94,33487.5,29820,7,497,15989,14527,1602,61879,117,3478,2850,60,7345,809,0.00716846
4,44029.4,8047.94,33487.5,29820,23,497,15989,14527,1602,61879,117,3478,2850,60,7345,809,0.00716846
4,47674.5,8047.94,33487.5,29820,31,497,15989,14527,1602,61879,117,3478,2850,60,7345,809,0.00716846
4,53593.1,8047.94,33487.5,29820,24,497,15989,14527,1602,61879,117,3478,2850,60,7345,809,0.00716846
4,29567.7,9858.79,41095.8,36458,16,494,17318,15859,1583,63797,149,4472,3532,61,9755,680,0.00716846
4,48480.5,9858.79,41095.8,36458,30,494,17318,15859,1583,63797,149,4472,3532,61,9755,680,0.00716846
4,51255.9,9858.79,41095.8,36458,21,494,17318,15859,1583,63797,149,4472,3532,61,9755,680,0.00716846
4,52615.1,9858.79,41095.8,36458,8,494,17318,15859,1583,63797,149,4472,3532,61,9755,680,0.00716846
4,2494.29,11335.1,24261.9,21765,2,493,19184,17502,1798,76141,89,2681,2085,32,5066,524,0.00716846
4,37187.7,11335.1,24261.9,21765,19,493,19184,17502,1798,76141,89,2681,2085,32,5066,524,0.00716846
4,51066.5,11335.1,24261.9,21765,11,493,19184,17502,1798,76141,89,2681,2085,32,5066,524,0.00716846
4,54327.1,11335.1,24261.9,21765,5,493,19184,17502,1798,76141,89,2681,2085,32,5066,524,0.00716846
4,29147.8,10223.8,28153.4,25160,4,566,17927,16482,1597,66750,95,2977,2394,36,5880,589,0.00716846
4,38117.1,10223.8,28153.4,25160,17,566,17927,16482,1597,66750,95,2977,2394,36,5880,589,0.00716846
4,41356.8,10223.8,28153.4,25160,20,566,17927,16482,1597,66750,95,2977,2394,36,5880,589,0.00716846
4,49027.6,10223.8,28153.4,25160,15,566,17927,16482,1597,66750,95,2977,2394,36,5880,589,0.00716846
4,6936.12,1649.89,3940.38,3543,7,141,3842,3177,195,10177,34,501,368,0,837,92,0.00716846
4,11166.6,1649.89,3940.38,3543,3,141,3842,3177,195,10177,34,501,368,0,837,92,0.00716846
4,16965,1649.89,3940.38,3543,9,141,3842,3177,195,10177,34,501,368,0,837,92,0.00716846
4,19761.3,1649.89,3940.38,3543,5,141,3842,3177,195,10177,34,501,368,0,837,92,0.00716846
4,15354.6,9253.15,14729,13107,7,515,15695,14003,1389,56012,78,1725,1339,16,3284,285,0.00716846
4,33590,9253.15,14729,13107,7,515,15695,14003,1389,56012,78,1725,1339,16,3284,285,0.00716846
4,34955.5,9253.15,14729,13107,13,515,15695,14003,1389,56012,78,1725,1339,16,3284,285,0.00716846
4,39835.4,9253.15,14729,13107,10,515,15695,14003,1389,56012,78,1725,1339,16,3284,285,0.00716846
4,16487.6,7959.94,18450.1,16583,7,431,14261,12983,1288,53467,75,1964,1548,30,3674,435,0.00716846
4,29240.9,7959.94,18450.1,16583,15,431,14261,12983,1288,53467,75,1964,1548,30,3674,435,0.00716846
4,36211,7959.94,18450.1,16583,8,431,14261,12983,1288,53467,75,1964,1548,30,3674,435,0.00716846
4,42939,7959.94,18450.1,16583,22,431,14261,12983,1288,53467,75,1964,1548,30,3674,435,0.00716846
4,9256.16,7066.23,29614.7,26342,5,464,14047,12801,1317,51581,117,3231,2576,50,6948,549,0.00716846
4,39816.6,7066.23,29614.7,26342,20,464,14047,12801,1317,51581,117,3231,2576,50,6948,549,0.00716846
4,43700.9,7066.23,29614.7,26342,18,464,14047,12801,1317,51581,117,3231,2576,50,6948,549,0.00716846
4,49026.7,7066.23,29614.7,26342,37,464,14047,12801,1317,51581,117,3231,2576,50,6948,549,0.00716846
4,49483.1,10172.6,67619.1,60416,26,523,18490,16804,1857,74255,181,6330,5317,148,14220,1520,0.00716846
4,57404.4,10172.6,67619.1,60416,36,523,18490,16804,1857,74255,181,6330,5317,148,14220,1520,0.00716846
4,64475.9,10172.6,67619.1,60416,30,523,18490,16804,1857,74255,181,6330,5317,148,14220,1520,0.00716846
4,67594.7,10172.6,67619.1,60416,38,523,18490,16804,1857,74255,181,6330,5317,148,14220,1520,0.00716846
4,32798.9,14308.2,44224.4,39240,2,649,22347,20515,2280,88809,142,4361,3511,86,9790,643,0.00716846
4,45486.3,14308.2,44224.4,39240,4,649,22347,20515,2280,88809,142,4361,3511,86,9790,643,0.00716846
4,57454.4,14308.2,44224.4,39240,27,649,22347,20515,2280,88809,142,4361,3511,86,9790,643,0.00716846
4,65173.7,14308.2,44224.4,39240,25,649,22347,20515,2280,88809,142,4361,3511,86,9790,643,0.00716846
4,6790.21,7334.03,15878.4,14294,4,444,14359,13152,1293,54072,67,1660,1277,22,3224,302,0.00716846
4,31837.2,7334.03,15878.4,14294,16,444,14359,13152,1293,54072,67,1660,1277,22,3224,302,0.00716846
4,33334,7334.03,15878.4,14294,7,444,14359,13152,1293,54072,67,1660,1277,22,3224,302,0.00716846
4,45535.3,7334.03,15878.4,14294,23,444,14359,13152,1293,54072,67,1660,1277,22,3224,302,0.00716846
4,8527.5,9662.82,24354.2,21830,6,460,16657,15174,1433,64229,89,2463,1941,38,4990,406,0.00716846
4,28876.9,9662.82,24354.2,21830,11,460,16657,15174,1433,64229,89,2463,1941,38,4990,406,0.00716846
4,44372.2,9662.82,24354.2,21830,18,460,16657,15174,1433,64229,89,2463,1941,38,4990,406,0.00716846
4,46396.5,9662.82,24354.2,21830,7,460,16657,15174,1433,64229,89,2463,1941,38,4990,406,0.00716846
4,20859.1,3374.96,10303.1,9377,13,307,8302,7214,606,25269,40,949,721,8,1769,162,0.00716846
4,21082.4,3374.96,10303.1,9377,4,307,8302,7214,606,25269,40,949,721,8,1769,162,0.00716846
4,26045.1,3374.96,10303.1,9377,9,307,8302,7214,606,25269,40,949,721,8,1769,162,0.00716846
4,28044.8,3374.96,10303.1,9377,14,307,8302,7214,606,25269,40,949,721,8,1769,162,0.00716846
4,2685.1,6642.42,25061.9,22460,3,442,13698,12552,1184,49981,84,2415,1886,26,5059,378,0.00716846
4,36049,6642.42,25061.9,22460,12,442,13698,12552,1184,49981,84,2415,1886,26,5059,378,0.00716846
4,36990.7,6642.42,25061.9,22460,17,442,13698,12552,1184,49981,84,2415,1886,26,5059,378,0.00716846
4,44423.4,6642.42,25061.9,22460,31,442,13698,12552,1184,49981,84,2415,1886,26,5059,378,0.00716846
4,37721.4,11512.9,32873.4,29158,5,617,20797,19080,2130,81211,117,3599,2945,67,7536,734,0.00716846
4,42173.1,11512.9,32873.4,29158,9,617,20797,19080,2130,81211,117,3599,2945,67,7536,734,0.00716846
4,55397.6,11512.9,32873.4,29158,28,617,20797,19080,2130,81211,117,3599,2945,67,7536,734,0.00716846
4,63068.4,11512.9,32873.4,29158,23,617,20797,19080,2130,81211,117,3599,2945,67,7536,734,0.00716846
4,7196.29,7658.87,14156.4,12660,6,437,13870,12306,1098,45947,69,1575,1251,14,3282,319,0.00716846
4,23863.3,7658.87,14156.4,12660,11,437,13870,12306,1098,45947,69,1575,1251,14,3282,319,0.00716846
4,27695.5,7658.87,14156.4,12660,21,437,13870,12306,1098,45947,69,1575,1251,14,3282,319,0.00716846
4,34603.2,7658.87,14156.4,12660,15,437,13870,12306,1098,45947,69,1575,1251,14,3282,319,0.00716846
4,15487.5,4177.98,7918.76,7148,6,284,9500,8157,699,30490,44,901,669,16,1521,153,0.00716846
4,18924,4177.98,7918.76,7148,11,284,9500,8157,699,30490,44,901,669,16,1521,153,0.00716846
4,27966,4177.98,7918.76,7148,12,284,9500,8157,699,30490,44,901,669,16,1521,153,0.00716846
4,28852.1,4177.98,7918.76,7148,12,284,9500,8157,699,30490,44,901,669,16,1521,153,0.00716846
4,28589.2,9346.1,25482,22930,7,556,17816,16343,1565,66506,75,2491,1976,26,4553,519,0.00716846
4,33885.8,9346.1,25482,22930,15,556,17816,16343,1565,66506,75,2491,1976,26,4553,519,0.00716846
4,38404.5,9346.1,25482,22930,21,556,17816,16343,1565,66506,75,2491,1976,26,4553,519,0.00716846
4,46123.8,9346.1,25482,22930,19,556,17816,16343,1565,66506,75,2491,1976,26,4553,519,0.00716846
4,12505.3,7755.89,22188.3,19682,5,449,15657,14400,1404,58234,92,2602,2011,32,5759,408,0.00716846
4,30265.6,7755.89,22188.3,19682,13,449,15657,14400,1404,58234,92,2602,2011,32,5759,408,0.00716846
4,46622.6,7755.89,22188.3,19682,14,449,15657,14400,1404,58234,92,2602,2011,32,5759,408,0.00716846
4,52915.3,7755.89,22188.3,19682,27,449,15657,14400,1404,58234,92,2602,2011,32,5759,408,0.00716846
4,31896.9,11872.7,31854.5,28217,4,630,21747,19945,2202,85658,118,3600,2899,64,7531,637,0.00716846
4,43481.9,11872.7,31854.5,28217,4,630,21747,19945,2202,85658,118,3600,2899,64,7531,637,0.00716846
4,55431.5,11872.7,31854.5,28217,27,630,21747,19945,2202,85658,118,3600,2899,64,7531,637,0.00716846
4,63150.8,11872.7,31854.5,28217,25,630,21747,19945,2202,85658,118,3600,2899,64,7531,637,0.00716846
4,33408.7,12350.4,33217.9,29562,5,630,21131,19414,2134,82079,109,3476,2824,59,7158,687,0.00716846
4,41588.4,12350.4,33217.9,29562,4,630,21131,19414,2134,82079,109,3476,2824,59,7158,687,0.00716846
4,53860.1,12350.4,33217.9,29562,25,630,21131,19414,2134,82079,109,3476,2824,59,7158,687,0.00716846
4,61579.3,12350.4,33217.9,29562,23,630,21131,19414,2134,82079,109,3476,2824,59,7158,687,0.00716846
4,7379.54,7845.38,12695,11324,6,424,13671,12521,1221,51153,56,1347,1025,19,2429,250,0.00716846
4,28460.5,7845.38,12695,11324,16,424,13671,12521,1221,51153,56,1347,1025,19,2429,250,0.00716846
4,31106.4,7845.38,12695,11324,7,424,13671,12521,1221,51153,56,1347,1025,19,2429,250,0.00716846
4,42158.6,7845.38,12695,11324,23,424,13671,12521,1221,51153,56,1347,1025,19,2429,250,0.00716846
4,45559.1,12030.5,56366.2,50332,24,507,18311,16673,1895,73467,162,5259,4333,157,12065,1016,0.00716846
4,55263.3,12030.5,56366.2,50332,26,507,18311,16673,1895,73467,162,5259,4333,157,12065,1016,0.00716846
4,64996.9,12030.5,56366.2,50332,35,507,18311,16673,1895,73467,162,5259,4333,157,12065,1016,0.00716846
4,65506.5,12030.5,56366.2,50332,29,507,18311,16673,1895,73467,162,5259,4333,157,12065,1016,0.00716846
4,27730.5,10954.4,38867.1,34660,17,485,17020,15582,1629,63702,148,3895,3116,61,9053,613,0.00716846
4,48326.2,10954.4,38867.1,34660,16,485,17020,15582,1629,63702,148,3895,3116,61,9053,613,0.00716846
4,50650.7,10954.4,38867.1,34660,28,485,17020,15582,1629,63702,148,3895,3116,61,9053,613,0.00716846
4,52478.6,10954.4,38867.1,34660,32,485,17020,15582,1629,63702,148,3895,3116,61,9053,613,0.00716846
4,18638.3,9982.6,26858.5,24100,12,480,16359,14991,1504,60560,98,2635,2091,46,5650,425,0.00716846
4,38866.8,9982.6,26858.5,24100,24,480,16359,14991,1504,60560,98,2635,2091,46,5650,425,0.00716846
4,42933.1,9982.6,26858.5,24100,26,480,16359,14991,1504,60560,98,2635,2091,46,5650,425,0.00716846
4,43888.7,9982.6,26858.5,24100,8,480,16359,14991,1504,60560,98,2635,2091,46,5650,425,0.00716846
4,22527.9,8004.86,11113.9,10123,5,378,10838,9533,780,35685,47,991,737,2,1748,156,0.00716846
4,23269.3,8004.86,11113.9,10123,3,378,10838,9533,780,35685,47,991,737,2,1748,156,0.00716846
4,28675.3,8004.86,11113.9,10123,12,378,10838,9533,780,35685,47,991,737,2,1748,156,0.00716846
4,30507.5,8004.86,11113.9,10123,4,378,10838,9533,780,35685,47,991,737,2,1748,156,0.00716846
4,3105.15,4546.66,5103.98,4547,3,289,8777,7473,614,26349,36,692,514,3,1199,84,0.00716846
4,13809.3,4546.66,5103.98,4547,7,289,8777,7473,614,26349,36,692,514,3,1199,84,0.00716846
4,15746.3,4546.66,5103.98,4547,7,289,8777,7473,614,26349,36,692,514,3,1199,84,0.00716846
4,27528.2,4546.66,5103.98,4547,16,289,8777,7473,614,26349,36,692,514,3,1199,84,0.00716846
4,4887.94,3084.88,7282.75,6560,4,216,7627,6495,549,23165,34,659,500,3,1096,138,0.00716846
4,11298.9,3084.88,7282.75,6560,5,216,7627,6495,549,23165,34,659,500,3,1096,138,0.00716846
4,22637.5,3084.88,7282.75,6560,13,216,7627,6495,549,23165,34,659,500,3,1096,138,0.00716846
4,26241.5,3084.88,7282.75,6560,8,216,7627,6495,549,23165,34,659,500,3,1096,138,0.00716846
4,19405.2,8118.2,29393,25878,7,452,17203,15766,1591,65797,96,3293,2617,51,7528,396,0.00716846
4,20874,8118.2,29393,25878,11,452,17203,15766,1591,65797,96,3293,2617,51,7528,396,0.00716846
4,49454.1,8118.2,29393,25878,10,452,17203,15766,1591,65797,96,3293,2617,51,7528,396,0.00716846
4,53659.9,8118.2,29393,25878,20,452,17203,15766,1591,65797,96,3293,2617,51,7528,396,0.00716846
4,17415.4,9007.97,30059.8,26778,10,447,16404,15049,1526,61815,93,3074,2450,54,6708,516,0.00716846
4,30677.1,9007.97,30059.8,26778,9,447,16404,15049,1526,61815,93,3074,2450,54,6708,516,0.00716846
4,51606.7,9007.97,30059.8,26778,16,447,16404,15049,1526,61815,93,3074,2450,54,6708,516,0.00716846
4,57275.2,9007.97,30059.8,26778,23,447,16404,15049,1526,61815,93,3074,2450,54,6708,516,0.00716846
4,28009.7,10878.5,25129,22597,12,567,17745,16147,1542,65418,98,2476,1927,32,4648,446,0.00716846
4,29720.3,10878.5,25129,22597,13,567,17745,16147,1542,65418,98,2476,1927,32,4648,446,0.00716846
4,32550.8,10878.5,25129,22597,17,567,17745,16147,1542,65418,98,2476,1927,32,4648,446,0.00716846
4,41792.9,10878.5,25129,22597,21,567,17745,16147,1542,65418,98,2476,1927,32,4648,446,0.00716846
4,1686.9,6963.28,26835.9,24118,2,446,13286,12103,1136,48605,83,2462,1923,37,5134,413,0.00716846
4,33644.9,6963.28,26835.9,24118,17,446,13286,12103,1136,48605,83,2462,1923,37,5134,413,0.00716846
4,38255.2,6963.28,26835.9,24118,22,446,13286,12103,1136,48605,83,2462,1923,37,5134,413,0.00716846
4,41650.1,6963.28,26835.9,24118,25,446,13286,12103,1136,48605,83,2462,1923,37,5134,413,0.00716846
4,5637.16,1764.93,4263.18,3847,5,135,3596,2966,173,9450,37,536,392,2,975,77,0.00716846
4,12824.2,1764.93,4263.18,3847,3,135,3596,2966,173,9450,37,536,392,2,975,77,0.00716846
4,17233.7,1764.93,4263.18,3847,14,135,3596,2966,173,9450,37,536,392,2,975,77,0.00716846
4,19116.9,1764.93,4263.18,3847,5,135,3596,2966,173,9450,37,536,392,2,975,77,0.00716846
4,11131.7,3951.57,6760.36,6165,9,274,8725,7457,630,26911,28,623,452,6,855,143,0.00716846
4,12010.2,3951.57,6760.36,6165,10,274,8725,7457,630,26911,28,623,452,6,855,143,0.00716846
4,16834.1,3951.57,6760.36,6165,9,274,8725,7457,630,26911,28,623,452,6,855,143,0.00716846
4,27944.5,3951.57,6760.36,6165,15,274,8725,7457,630,26911,28,623,452,6,855,143,0.00716846
4,10034.6,8677.16,21997.7,19512,2,463,17423,15924,1585,67894,86,2358,1787,23,4792,281,0.00716846
4,30311.9,8677.16,21997.7,19512,17,463,17423,15924,1585,67894,86,2358,1787,23,4792,281,0.00716846
4,53369,8677.16,21997.7,19512,18,463,17423,15924,1585,67894,86,2358,1787,23,4792,281,0.00716846
4,53887.9,8677.16,21997.7,19512,8,463,17423,15924,1585,67894,86,2358,1787,23,4792,281,0.00716846
4,20083.6,7237.45,14296.5,12819,5,400,13460,12059,1232,48270,61,1561,1233,8,2762,372,0.00716846
4,22237.1,7237.45,14296.5,12819,17,400,13460,12059,1232,48270,61,1561,1233,8,2762,372,0.00716846
4,37459,7237.45,14296.5,12819,12,400,13460,12059,1232,48270,61,1561,1233,8,2762,372,0.00716846
4,42656.7,7237.45,14296.5,12819,8,400,13460,12059,1232,48270,61,1561,1233,8,2762,372,0.00716846
4,14991.6,5316.76,10808.5,9774,10,353,11641,10326,970,38767,46,1105,850,5,1763,252,0.00716846
4,20654.9,5316.76,10808.5,9774,8,353,11641,10326,970,38767,46,1105,850,5,1763,252,0.00716846
4,32685.2,5316.76,10808.5,9774,12,353,11641,10326,970,38767,46,1105,850,5,1763,252,0.00716846
4,37342.2,5316.76,10808.5,9774,9,353,11641,10326,970,38767,46,1105,850,5,1763,252,0.00716846
4,33032.3,6129.17,23615.6,21227,14,408,13068,11543,1168,45594,82,2210,1713,31,4394,349,0.00716846
4,40653.6,6129.17,23615.6,21227,7,408,13068,11543,1168,45594,82,2210,1713,31,4394,349,0.00716846
4,43165.8,6129.17,23615.6,21227,25,408,13068,11543,1168,45594,82,2210,1713,31,4394,349,0.00716846
4,43350.3,6129.17,23615.6,21227,8,408,13068,11543,1168,45594,82,2210,1713,31,4394,349,0.00716846
4,23262.2,4712.96,10774.1,9722,14,331,9441,8268,742,30096,52,1146,876,12,2067,225,0.00716846
4,23408,4712.96,10774.1,9722,6,331,9441,8268,742,30096,52,1146,876,12,2067,225,0.00716846
4,27205.6,4712.96,10774.1,9722,9,331,9441,8268,742,30096,52,1146,876,12,2067,225,0.00716846
4,30447.9,4712.96,10774.1,9722,15,331,9441,8268,742,30096,52,1146,876,12,2067,225,0.00716846
4,8357.43,4410.56,9722.32,8877,5,305,8832,7739,653,27522,45,1014,764,6,1582,220,0.00716846
4,22767.9,4410.56,9722.32,8877,7,305,8832,7739,653,27522,45,1014,764,6,1582,220,0.00716846
4,27503.6,4410.56,9722.32,8877,16,305,8832,7739,653,27522,45,1014,764,6,1582,220,0.00716846
4,30172.6,4410.56,9722.32,8877,6,305,8832,7739,653,27522,45,1014,764,6,1582,220,0.00716846
4,14525.6,7598.21,9807.02,8748,5,380,11438,10202,894,39839,49,1169,875,10,1949,229,0.00716846
4,18639.9,7598.21,9807.02,8748,12,380,11438,10202,894,39839,49,1169,875,10,1949,229,0.00716846
4,25540.6,7598.21,9807.02,8748,9,380,11438,10202,894,39839,49,1169,875,10,1949,229,0.00716846
4,32311.3,7598.21,9807.02,8748,18,380,11438,10202,894,39839,49,1169,875,10,1949,229,0.00716846
4,28320,9638.18,24164,21846,12,547,17081,15595,1468,63710,72,2283,1795,28,3995,487,0.00716846
4,31342.4,9638.18,24164,21846,15,547,17081,15595,1468,63710,72,2283,1795,28,3995,487,0.00716846
4,33951.5,9638.18,24164,21846,16,547,17081,15595,1468,63710,72,2283,1795,28,3995,487,0.00716846
4,42384.5,9638.18,24164,21846,14,547,17081,15595,1468,63710,72,2283,1795,28,3995,487,0.00716846
4,19427.4,7986.81,15805.2,14201,15,415,14077,12697,1366,51595,66,1694,1345,27,3082,400,0.00716846
4,21941.5,7986.81,15805.2,14201,11,415,14077,12697,1366,51595,66,1694,1345,27,3082,400,0.00716846
4,37269.4,7986.81,15805.2,14201,11,415,14077,12697,1366,51595,66,1694,1345,27,3082,400,0.00716846
4,43685.5,7986.81,15805.2,14201,14,415,14077,12697,1366,51595,66,1694,1345,27,3082,400,0.00716846
4,17578.7,8565.31,24915.9,22295,10,425,14304,12975,1355,51407,108,2515,1959,49,5785,302,0.00716846
4,36611,8565.31,24915.9,22295,17,425,14304,12975,1355,51407,108,2515,1959,49,5785,302,0.00716846
4,41674.8,8565.31,24915.9,22295,13,425,14304,12975,1355,51407,108,2515,1959,49,5785,302,0.00716846
4,42326.9,8565.31,24915.9,22295,25,425,14304,12975,1355,51407,108,2515,1959,49,5785,302,0.00716846
4,21444.1,8992.84,22900.8,20525,5,410,14418,12953,1355,51785,81,2264,1763,30,4729,328,0.00716846
4,32269.2,8992.84,22900.8,20525,17,410,14418,12953,1355,51785,81,2264,1763,30,4729,328,0.00716846
4,45097.7,8992.84,22900.8,20525,19,410,14418,12953,1355,51785,81,2264,1763,30,4729,328,0.00716846
4,45435.1,8992.84,22900.8,20525,8,410,14418,12953,1355,51785,81,2264,1763,30,4729,328,0.00716846
4,36298.8,11116.7,36321.2,32690,8,596,18753,17207,1761,70874,121,3409,2760,53,6773,697,0.00716846
4,40678.8,11116.7,36321.2,32690,10,596,18753,17207,1761,70874,121,3409,2760,53,6773,697,0.00716846
4,49732.7,11116.7,36321.2,32690,25,596,18753,17207,1761,70874,121,3409,2760,53,6773,697,0.00716846
4,57403.5,11116.7,36321.2,32690,20,596,18753,17207,1761,70874,121,3409,2760,53,6773,697,0.00716846
4,31170.3,14046.1,43942.1,38510,3,645,22169,20342,2224,87800,160,5061,4116,106,12242,663,0.00716846
4,44244.5,14046.1,43942.1,38510,4,645,22169,20342,2224,87800,160,5061,4116,106,12242,663,0.00716846
4,56194,14046.1,43942.1,38510,27,645,22169,20342,2224,87800,160,5061,4116,106,12242,663,0.00716846
4,63913.3,14046.1,43942.1,38510,25,645,22169,20342,2224,87800,160,5061,4116,106,12242,663,0.00716846
4,22880.1,9374.87,10490.4,9499,10,430,15288,13821,1278,55494,49,1198,907,1,1597,347,0.00716846
4,27317.2,9374.87,10490.4,9499,11,430,15288,13821,1278,55494,49,1198,907,1,1597,347,0.00716846
4,39427.5,9374.87,10490.4,9499,11,430,15288,13821,1278,55494,49,1198,907,1,1597,347,0.00716846
4,47033.9,9374.87,10490.4,9499,12,430,15288,13821,1278,55494,49,1198,907,1,1597,347,0.00716846
4,27893.3,5992.28,17041.2,15503,22,383,10990,9727,900,36961,65,1637,1277,18,3220,329,0.00716846
4,28798.1,5992.28,17041.2,15503,5,383,10990,9727,900,36961,65,1637,1277,18,3220,329,0.00716846
4,33689.3,5992.28,17041.2,15503,10,383,10990,9727,900,36961,65,1637,1277,18,3220,329,0.00716846
4,35567.2,5992.28,17041.2,15503,14,383,10990,9727,900,36961,65,1637,1277,18,3220,329,0.00716846
4,12016.3,6301.05,10288.8,9082,7,405,13133,11886,1182,47297,50,1195,923,14,2342,188,0.00716846
4,20424.4,6301.05,10288.8,9082,9,405,13133,11886,1182,47297,50,1195,923,14,2342,188,0.00716846
4,30441.3,6301.05,10288.8,9082,5,405,13133,11886,1182,47297,50,1195,923,14,2342,188,0.00716846
4,40203,6301.05,10288.8,9082,21,405,13133,11886,1182,47297,50,1195,923,14,2342,188,0.00716846
4,9911.4,8676.77,19701.2,17551,4,506,16080,14567,1381,57581,92,2148,1682,33,4316,395,0.00716846
4,30260,8676.77,19701.2,17551,19,506,16080,14567,1381,57581,92,2148,1682,33,4316,395,0.00716846
4,33549.9,8676.77,19701.2,17551,20,506,16080,14567,1381,57581,92,2148,1682,33,4316,395,0.00716846
4,38760.5,8676.77,19701.2,17551,14,506,16080,14567,1381,57581,92,2148,1682,33,4316,395,0.00716846
4,18834.6,7336.66,20231,18126,7,404,13933,12551,1286,49622,99,2215,1698,25,4851,281,0.00716846
4,32767.3,7336.66,20231,18126,14,404,13933,12551,1286,49622,99,2215,1698,25,4851,281,0.00716846
4,42710.7,7336.66,20231,18126,21,404,13933,12551,1286,49622,99,2215,1698,25,4851,281,0.00716846
4,43048.1,7336.66,20231,18126,10,404,13933,12551,1286,49622,99,2215,1698,25,4851,281,0.00716846
4,28995.9,9952.87,29189.7,26276,16,448,15173,13886,1435,58918,104,2702,2151,59,5510,473,0.00716846
4,39702.9,9952.87,29189.7,26276,20,448,15173,13886,1435,58918,104,2702,2151,59,5510,473,0.00716846
4,49673.9,9952.87,29189.7,26276,14,448,15173,13886,1435,58918,104,2702,2151,59,5510,473,0.00716846
4,49946.1,9952.87,29189.7,26276,23,448,15173,13886,1435,58918,104,2702,2151,59,5510,473,0.00716846
4,5008.15,3433.01,3732.74,3382,3,269,8025,6804,537,23983,30,453,326,2,671,87,0.00716846
4,13505.5,3433.01,3732.74,3382,5,269,8025,6804,537,23983,30,453,326,2,671,87,0.00716846
4,13974.7,3433.01,3732.74,3382,7,269,8025,6804,537,23983,30,453,326,2,671,87,0.00716846
4,26565.3,3433.01,3732.74,3382,12,269,8025,6804,537,23983,30,453,326,2,671,87,0.00716846
4,23245.1,9637.53,32267.3,28702,9,510,16690,15337,1531,60866,109,3271,2605,50,7553,482,0.00716846
4,38757.9,9637.53,32267.3,28702,23,510,16690,15337,1531,60866,109,3271,2605,50,7553,482,0.00716846
4,44310.3,9637.53,32267.3,28702,20,510,16690,15337,1531,60866,109,3271,2605,50,7553,482,0.00716846
4,45998.3,9637.53,32267.3,28702,16,510,16690,15337,1531,60866,109,3271,2605,50,7553,482,0.00716846
4,11044.3,6733.1,32080.8,28573,3,470,14389,13096,1387,52785,127,3394,2718,68,7402,551,0.00716846
4,40179.5,6733.1,32080.8,28573,23,470,14389,13096,1387,52785,127,3394,2718,68,7402,551,0.00716846
4,46537.3,6733.1,32080.8,28573,22,470,14389,13096,1387,52785,127,3394,2718,68,7402,551,0.00716846
4,50171.9,6733.1,32080.8,28573,29,470,14389,13096,1387,52785,127,3394,2718,68,7402,551,0.00716846
4,8287.39,1351.03,4201.59,3774,6,133,3536,2910,196,9339,23,457,333,1,765,71,0.00716846
4,10948.6,1351.03,4201.59,3774,6,133,3536,2910,196,9339,23,457,333,1,765,71,0.00716846
4,17454.6,1351.03,4201.59,3774,4,133,3536,2910,196,9339,23,457,333,1,765,71,0.00716846
4,18613.1,1351.03,4201.59,3774,10,133,3536,2910,196,9339,23,457,333,1,765,71,0.00716846
4,20197.7,4034.12,11399.4,10299,13,273,7522,6430,455,22748,55,1246,947,13,2300,229,0.00716846
4,20694.8,4034.12,11399.4,10299,10,273,7522,6430,455,22748,55,1246,947,13,2300,229,0.00716846
4,23006.9,4034.12,11399.4,10299,13,273,7522,6430,455,22748,55,1246,947,13,2300,229,0.00716846
4,26135.6,4034.12,11399.4,10299,16,273,7522,6430,455,22748,55,1246,947,13,2300,229,0.00716846
4,18451.1,8252.84,15176.1,13650,12,411,14393,12999,1330,52967,62,1676,1322,12,2811,418,0.00716846
4,24140.5,8252.84,15176.1,13650,10,411,14393,12999,1330,52967,62,1676,1322,12,2811,418,0.00716846
4,38830.2,8252.84,15176.1,13650,8,411,14393,12999,1330,52967,62,1676,1322,12,2811,418,0.00716846
4,45712,8252.84,15176.1,13650,15,411,14393,12999,1330,52967,62,1676,1322,12,2811,418,0.00716846
4,17482.8,6691.23,7972.48,7161,5,401,13348,12008,1117,48111,56,894,658,1,1557,162,0.00716846
4,29931,6691.23,7972.48,7161,6,401,13348,12008,1117,48111,56,894,658,1,1557,162,0.00716846
4,33567.4,6691.23,7972.48,7161,5,401,13348,12008,1117,48111,56,894,658,1,1557,162,0.00716846
4,40579.4,6691.23,7972.48,7161,14,401,13348,12008,1117,48111,56,894,658,1,1557,162,0.00716846
4,27006.6,8339.18,22693.3,20301,12,455,15678,14249,1416,60579,101,2480,1943,40,4303,543,0.00716846
4,39343.1,8339.18,22693.3,20301,15,455,15678,14249,1416,60579,101,2480,1943,40,4303,543,0.00716846
4,45458.8,8339.18,22693.3,20301,10,455,15678,14249,1416,60579,101,2480,1943,40,4303,543,0.00716846
4,49991.5,8339.18,22693.3,20301,23,455,15678,14249,1416,60579,101,2480,1943,40,4303,543,0.00716846
4,22593.9,8079.21,29040.1,25833,13,447,15595,14246,1442,57604,124,3151,2490,54,7286,404,0.00716846
4,42772.8,8079.21,29040.1,25833,15,447,15595,14246,1442,57604,124,3151,2490,54,7286,404,0.00716846
4,46435,8079.21,29040.1,25833,17,447,15595,14246,1442,57604,124,3151,2490,54,7286,404,0.00716846
4,47341.9,8079.21,29040.1,25833,28,447,15595,14246,1442,57604,124,3151,2490,54,7286,404,0.00716846
4,17342.8,7941.67,22250,19729,11,447,15623,14348,1387,57978,79,2503,1935,17,5198,359,0.00716846
4,21375.7,7941.67,22250,19729,11,447,15623,14348,1387,57978,79,2503,1935,17,5198,359,0.00716846
4,43080.4,7941.67,22250,19729,8,447,15623,14348,1387,57978,79,2503,1935,17,5198,359,0.00716846
4,47051.3,7941.67,22250,19729,17,447,15623,14348,1387,57978,79,2503,1935,17,5198,359,0.00716846
4,16594.1,7861.36,32660.4,28936,10,473,16006,14627,1620,60278,122,3599,2890,61,8077,620,0.00716846
4,44819.2,7861.36,32660.4,28936,15,473,16006,14627,1620,60278,122,3599,2890,61,8077,620,0.00716846
4,48046.1,7861.36,32660.4,28936,24,473,16006,14627,1620,60278,122,3599,2890,61,8077,620,0.00716846
4,57720,7861.36,32660.4,28936,42,473,16006,14627,1620,60278,122,3599,2890,61,8077,620,0.00716846
4,40590,12074.6,39231.3,35036,2,634,21633,19847,2220,85281,116,3890,3224,67,8657,762,0.00716846
4,46795,12074.6,39231.3,35036,13,634,21633,19847,2220,85281,116,3890,3224,67,8657,762,0.00716846
4,60068.2,12074.6,39231.3,35036,32,634,21633,19847,2220,85281,116,3890,3224,67,8657,762,0.00716846
4,67739,12074.6,39231.3,35036,27,634,21633,19847,2220,85281,116,3890,3224,67,8657,762,0.00716846
4,9041.71,3448.27,8267.39,7468,4,258,7852,6694,551,23031,41,832,628,6,1419,171,0.00716846
4,17483.7,3448.27,8267.39,7468,10,258,7852,6694,551,23031,41,832,628,6,1419,171,0.00716846
4,23126.6,3448.27,8267.39,7468,9,258,7852,6694,551,23031,41,832,628,6,1419,171,0.00716846
4,25997.8,3448.27,8267.39,7468,8,258,7852,6694,551,23031,41,832,628,6,1419,171,0.00716846
4,30935,6433.53,17909.9,16105,20,420,12776,11322,1123,44040,85,1988,1563,20,3846,415,0.00716846
4,34003,6433.53,17909.9,16105,5,420,12776,11322,1123,44040,85,1988,1563,20,3846,415,0.00716846
4,38734.7,6433.53,17909.9,16105,11,420,12776,11322,1123,44040,85,1988,1563,20,3846,415,0.00716846
4,40286.7,6433.53,17909.9,16105,15,420,12776,11322,1123,44040,85,1988,1563,20,3846,415,0.00716846
4,8783.95,9181.23,25181.9,22319,4,476,16408,15025,1618,62913,115,2926,2348,58,6602,468,0.00716846
4,38117.9,9181.23,25181.9,22319,16,476,16408,15025,1618,62913,115,2926,2348,58,6602,468,0.00716846
4,40660.9,9181.23,25181.9,22319,21,476,16408,15025,1618,62913,115,2926,2348,58,6602,468,0.00716846
4,54035.4,9181.23,25181.9,22319,25,476,16408,15025,1618,62913,115,2926,2348,58,6602,468,0.00716846
4,42215.2,10341.8,53249.1,47215,24,596,19796,18131,1940,76404,195,5504,4406,70,12532,959,0.00716846
4,49363.3,10341.8,53249.1,47215,9,596,19796,18131,1940,76404,195,5504,4406,70,12532,959,0.00716846
4,58267.2,10341.8,53249.1,47215,35,596,19796,18131,1940,76404,195,5504,4406,70,12532,959,0.00716846
4,64912.2,10341.8,53249.1,47215,11,596,19796,18131,1940,76404,195,5504,4406,70,12532,959,0.00716846
4,16157,7818.88,10227.5,9266,2,459,13536,12058,1150,47359,53,1207,909,12,1907,252,0.00716846
4,28263,7818.88,10227.5,9266,10,459,13536,12058,1150,47359,53,1207,909,12,1907,252,0.00716846
4,32971.4,7818.88,10227.5,9266,10,459,13536,12058,1150,47359,53,1207,909,12,1907,252,0.00716846
4,35888.1,7818.88,10227.5,9266,4,459,13536,12058,1150,47359,53,1207,909,12,1907,252,0.00716846
4,28184.9,11435.7,29957.2,26692,15,615,19820,18172,1832,75327,105,3262,2612,45,6467,617,0.00716846
4,34633.9,11435.7,29957.2,26692,10,615,19820,18172,1832,75327,105,3262,2612,45,6467,617,0.00716846
4,42127.8,11435.7,29957.2,26692,19,615,19820,18172,1832,75327,105,3262,2612,45,6467,617,0.00716846
4,50560.9,11435.7,29957.2,26692,17,615,19820,18172,1832,75327,105,3262,2612,45,6467,617,0.00716846
4,17462.8,5865.22,7145.8,6473,5,373,12504,11114,943,42944,33,723,529,0,987,170,0.00716846
4,29003.1,5865.22,7145.8,6473,6,373,12504,11114,943,42944,33,723,529,0,987,170,0.00716846
4,30384.8,5865.22,7145.8,6473,5,373,12504,11114,943,42944,33,723,529,0,987,170,0.00716846
4,39665.9,5865.22,7145.8,6473,8,373,12504,11114,943,42944,33,723,529,0,987,170,0.00716846
4,31307.9,7678.99,25301.3,22674,4,452,14515,13200,1396,54953,85,2702,2165,42,5451,621,0.00716846
4,36716.3,7678.99,25301.3,22674,17,452,14515,13200,1396,54953,85,2702,2165,42,5451,621,0.00716846
4,40760.7,7678.99,25301.3,22674,23,452,14515,13200,1396,54953,85,2702,2165,42,5451,621,0.00716846
4,45985.2,7678.99,25301.3,22674,20,452,14515,13200,1396,54953,85,2702,2165,42,5451,621,0.00716846
4,6049.19,6882.3,12745,11333,5,429,13481,12337,1138,50243,65,1525,1200,16,3116,238,0.00716846
4,25012.3,6882.3,12745,11333,7,429,13481,12337,1138,50243,65,1525,1200,16,3116,238,0.00716846
4,27553.7,6882.3,12745,11333,15,429,13481,12337,1138,50243,65,1525,1200,16,3116,238,0.00716846
4,39844.6,6882.3,12745,11333,16,429,13481,12337,1138,50243,65,1525,1200,16,3116,238,0.00716846
4,17432,4776.11,10441.5,9472,4,345,10772,9308,764,34822,46,1068,801,4,1729,220,0.00716846
4,26473.4,4776.11,10441.5,9472,12,345,10772,9308,764,34822,46,1068,801,4,1729,220,0.00716846
4,26656.7,4776.11,10441.5,9472,12,345,10772,9308,764,34822,46,1068,801,4,1729,220,0.00716846
4,29707.2,4776.11,10441.5,9472,5,345,10772,9308,764,34822,46,1068,801,4,1729,220,0.00716846
4,2372.82,9904.96,25647.9,22759,2,487,18891,17236,1762,74770,89,2745,2149,36,5290,509,0.00716846
4,36532.8,9904.96,25647.9,22759,20,487,18891,17236,1762,74770,89,2745,2149,36,5290,509,0.00716846
4,50778,9904.96,25647.9,22759,11,487,18891,17236,1762,74770,89,2745,2149,36,5290,509,0.00716846
4,53776.6,9904.96,25647.9,22759,4,487,18891,17236,1762,74770,89,2745,2149,36,5290,509,0.00716846
4,26031.2,8224.88,18042.5,16113,13,539,16705,15048,1421,60034,82,1958,1512,13,3449,362,0.00716846
4,30843,8224.88,18042.5,16113,11,539,16705,15048,1421,60034,82,1958,1512,13,3449,362,0.00716846
4,31313,8224.88,18042.5,16113,16,539,16705,15048,1421,60034,82,1958,1512,13,3449,362,0.00716846
4,39884.5,8224.88,18042.5,16113,19,539,16705,15048,1421,60034,82,1958,1512,13,3449,362,0.00716846
4,17315.6,7769.02,11202.4,10003,7,506,14700,13068,1266,51860,65,1319,1000,4,2293,218,0.00716846
4,31577.9,7769.02,11202.4,10003,7,506,14700,13068,1266,51860,65,1319,1000,4,2293,218,0.00716846
4,32886,7769.02,11202.4,10003,11,506,14700,13068,1266,51860,65,1319,1000,4,2293,218,0.00716846
4,37810.4,7769.02,11202.4,10003,10,506,14700,13068,1266,51860,65,1319,1000,4,2293,218,0.00716846
4,39254.2,9589.53,47829.5,42722,24,571,19046,17447,1865,72373,170,4817,3817,62,10308,869,0.00716846
4,50186.8,9589.53,47829.5,42722,11,571,19046,17447,1865,72373,170,4817,3817,62,10308,869,0.00716846
4,56249.4,9589.53,47829.5,42722,33,571,19046,17447,1865,72373,170,4817,3817,62,10308,869,0.00716846
4,61946,9589.53,47829.5,42722,11,571,19046,17447,1865,72373,170,4817,3817,62,10308,869,0.00716846
4,25436.6,7969.29,16201.2,14467,10,442,15270,13883,1327,58556,92,1788,1378,11,3166,434,0.00716846
4,37884.8,7969.29,16201.2,14467,11,442,15270,13883,1327,58556,92,1788,1378,11,3166,434,0.00716846
4,42222.7,7969.29,16201.2,14467,10,442,15270,13883,1327,58556,92,1788,1378,11,3166,434,0.00716846
4,48533.2,7969.29,16201.2,14467,19,442,15270,13883,1327,58556,92,1788,1378,11,3166,434,0.00716846
4,33997.1,7925.13,33818.8,30366,15,462,15797,14439,1574,61391,112,3579,2922,69,7419,859,0.00716846
4,42226.9,7925.13,33818.8,30366,29,462,15797,14439,1574,61391,112,3579,2922,69,7419,859,0.00716846
4,49796.3,7925.13,33818.8,30366,25,462,15797,14439,1574,61391,112,3579,2922,69,7419,859,0.00716846
4,52417.2,7925.13,33818.8,30366,31,462,15797,14439,1574,61391,112,3579,2922,69,7419,859,0.00716846
4,18377.7,9568.41,21489.6,19137,8,541,16814,15188,1455,60883,94,2359,1856,29,4803,335,0.00716846
4,36450.5,9568.41,21489.6,19137,10,541,16814,15188,1455,60883,94,2359,1856,29,4803,335,0.00716846
4,39070.7,9568.41,21489.6,19137,19,541,16814,15188,1455,60883,94,2359,1856,29,4803,335,0.00716846
4,43194.3,9568.41,21489.6,19137,18,541,16814,15188,1455,60883,94,2359,1856,29,4803,335,0.00716846
4,12954.7,9764.93,24159.5,21485,7,465,16241,14886,1607,61870,110,2511,1975,46,5226,451,0.00716846
4,41874.9,9764.93,24159.5,21485,21,465,16241,14886,1607,61870,110,2511,1975,46,5226,451,0.00716846
4,42231,9764.93,24159.5,21485,17,465,16241,14886,1607,61870,110,2511,1975,46,5226,451,0.00716846
4,55572.9,9764.93,24159.5,21485,28,465,16241,14886,1607,61870,110,2511,1975,46,5226,451,0.00716846
4,7863.05,9610.46,21391.6,19074,5,459,15401,14064,1423,58708,92,2452,1959,26,4831,483,0.00716846
4,35325.8,9610.46,21391.6,19074,17,459,15401,14064,1423,58708,92,2452,1959,26,4831,483,0.00716846
4,40166.4,9610.46,21391.6,19074,14,459,15401,14064,1423,58708,92,2452,1959,26,4831,483,0.00716846
4,51618,9610.46,21391.6,19074,27,459,15401,14064,1423,58708,92,2452,1959,26,4831,483,0.00716846
4,6326.26,3293.45,7350.07,6650,4,277,7885,6700,516,23844,43,860,643,5,1266,163,0.00716846
4,20725.9,3293.45,7350.07,6650,11,277,7885,6700,516,23844,43,860,643,5,1266,163,0.00716846
4,22648.4,3293.45,7350.07,6650,12,277,7885,6700,516,23844,43,860,643,5,1266,163,0.00716846
4,26296.4,3293.45,7350.07,6650,17,277,7885,6700,516,23844,43,860,643,5,1266,163,0.00716846
4,13688.7,8413.18,25127.4,22262,6,505,15192,13821,1385,56165,113,2915,2295,37,6233,472,0.00716846
4,35019.5,8413.18,25127.4,22262,20,505,15192,13821,1385,56165,113,2915,2295,37,6233,472,0.00716846
4,45954.7,8413.18,25127.4,22262,26,505,15192,13821,1385,56165,113,2915,2295,37,6233,472,0.00716846
4,49963.7,8413.18,25127.4,22262,19,505,15192,13821,1385,56165,113,2915,2295,37,6233,472,0.00716846
4,15926.7,3870.95,8668.33,7867,11,283,7538,6452,530,22346,52,945,698,10,1543,197,0.00716846
4,18310.6,3870.95,8668.33,7867,4,283,7538,6452,530,22346,52,945,698,10,1543,197,0.00716846
4,23116.2,3870.95,8668.33,7867,11,283,7538,6452,530,22346,52,945,698,10,1543,197,0.00716846
4,25769.7,3870.95,8668.33,7867,11,283,7538,6452,530,22346,52,945,698,10,1543,197,0.00716846
4,11061.7,7401.27,9925.05,8886,8,406,12251,11048,1011,43277,54,1188,909,16,2280,173,0.00716846
4,20443.7,7401.27,9925.05,8886,6,406,12251,11048,1011,43277,54,1188,909,16,2280,173,0.00716846
4,22510,7401.27,9925.05,8886,7,406,12251,11048,1011,43277,54,1188,909,16,2280,173,0.00716846
4,34716.1,7401.27,9925.05,8886,19,406,12251,11048,1011,43277,54,1188,909,16,2280,173,0.00716846
4,12183.8,4572.01,7540.62,6763,9,261,7967,6942,599,24577,31,887,664,4,1570,182,0.00716846
4,21072,4572.01,7540.62,6763,16,261,7967,6942,599,24577,31,887,664,4,1570,182,0.00716846
4,22526.3,4572.01,7540.62,6763,14,261,7967,6942,599,24577,31,887,664,4,1570,182,0.00716846
4,27667.5,4572.01,7540.62,6763,14,261,7967,6942,599,24577,31,887,664,4,1570,182,0.00716846
4,20648.9,11158.5,24263.9,21490,13,559,17943,16294,1570,66365,98,2725,2152,31,5667,384,0.00716846
4,38267.6,11158.5,24263.9,21490,13,559,17943,16294,1570,66365,98,2725,2152,31,5667,384,0.00716846
4,39235,11158.5,24263.9,21490,19,559,17943,16294,1570,66365,98,2725,2152,31,5667,384,0.00716846
4,45615.8,11158.5,24263.9,21490,21,559,17943,16294,1570,66365,98,2725,2152,31,5667,384,0.00716846
4,12891.8,6247.94,9898.21,9012,10,276,8702,7629,664,27100,34,969,722,7,1702,202,0.00716846
4,22114.9,6247.94,9898.21,9012,14,276,8702,7629,664,27100,34,969,722,7,1702,202,0.00716846
4,22185.7,6247.94,9898.21,9012,13,276,8702,7629,664,27100,34,969,722,7,1702,202,0.00716846
4,29131.4,6247.94,9898.21,9012,10,276,8702,7629,664,27100,34,969,722,7,1702,202,0.00716846
4,26570,12246.9,37031.4,32518,2,613,21301,19518,2106,83448,141,4296,3449,80,10540,505,0.00716846
4,45779,12246.9,37031.4,32518,7,613,21301,19518,2106,83448,141,4296,3449,80,10540,505,0.00716846
4,54248.6,12246.9,37031.4,32518,20,613,21301,19518,2106,83448,141,4296,3449,80,10540,505,0.00716846
4,61105.3,12246.9,37031.4,32518,19,613,21301,19518,2106,83448,141,4296,3449,80,10540,505,0.00716846
4,7358.13,1846.74,4466.97,4074,8,139,3462,2823,187,8829,29,380,273,0,608,74,0.00716846
4,16116.7,1846.74,4466.97,4074,4,139,3462,2823,187,8829,29,380,273,0,608,74,0.00716846
4,18000.3,1846.74,4466.97,4074,10,139,3462,2823,187,8829,29,380,273,0,608,74,0.00716846
4,18635.1,1846.74,4466.97,4074,4,139,3462,2823,187,8829,29,380,273,0,608,74,0.00716846
4,18571.5,6147.44,13276.8,11921,11,384,12776,11401,1143,44417,58,1448,1137,7,2480,359,0.00716846
4,20755.9,6147.44,13276.8,11921,12,384,12776,11401,1143,44417,58,1448,1137,7,2480,359,0.00716846
4,35390.6,6147.44,13276.8,11921,11,384,12776,11401,1143,44417,58,1448,1137,7,2480,359,0.00716846
4,40584.8,6147.44,13276.8,11921,8,384,12776,11401,1143,44417,58,1448,1137,7,2480,359,0.00716846
4,7690.83,7829.98,24880.9,21988,6,451,15034,13816,1336,55343,92,2634,2043,33,5505,429,0.00716846
4,32414.1,7829.98,24880.9,21988,12,451,15034,13816,1336,55343,92,2634,2043,33,5505,429,0.00716846
4,41996.5,7829.98,24880.9,21988,20,451,15034,13816,1336,55343,92,2634,2043,33,5505,429,0.00716846
4,48780.7,7829.98,24880.9,21988,29,451,15034,13816,1336,55343,92,2634,2043,33,5505,429,0.00716846
4,12824.5,5895.87,13587.1,12253,9,419,12828,11234,951,40769,56,1366,1068,18,2480,292,0.00716846
4,21797.5,5895.87,13587.1,12253,18,419,12828,11234,951,40769,56,1366,1068,18,2480,292,0.00716846
4,28988.3,5895.87,13587.1,12253,13,419,12828,11234,951,40769,56,1366,1068,18,2480,292,0.00716846
4,32392,5895.87,13587.1,12253,20,419,12828,11234,951,40769,56,1366,1068,18,2480,292,0.00716846
4,31146.5,12517.6,28534.8,25525,18,618,19776,18161,1844,75302,103,3133,2513,52,6151,610,0.00716846
4,34623.5,12517.6,28534.8,25525,5,618,19776,18161,1844,75302,103,3133,2513,52,6151,610,0.00716846
4,44499.4,12517.6,28534.8,25525,22,618,19776,18161,1844,75302,103,3133,2513,52,6151,610,0.00716846
4,52539.1,12517.6,28534.8,25525,20,618,19776,18161,1844,75302,103,3133,2513,52,6151,610,0.00716846
4,13994.9,4017.14,4479.81,4064,6,221,6543,5547,355,19181,26,513,373,3,841,99,0.00716846
4,19870.2,4017.14,4479.81,4064,10,221,6543,5547,355,19181,26,513,373,3,841,99,0.00716846
4,23661.9,4017.14,4479.81,4064,4,221,6543,5547,355,19181,26,513,373,3,841,99,0.00716846
4,23881.2,4017.14,4479.81,4064,11,221,6543,5547,355,19181,26,513,373,3,841,99,0.00716846
4,11742.5,8714.74,21322.3,18903,4,459,15988,14649,1589,60949,95,2256,1763,38,4620,408,0.00716846
4,40120.1,8714.74,21322.3,18903,23,459,15988,14649,1589,60949,95,2256,1763,38,4620,408,0.00716846
4,41018.8,8714.74,21322.3,18903,14,459,15988,14649,1589,60949,95,2256,1763,38,4620,408,0.00716846
4,53818.1,8714.74,21322.3,18903,30,459,15988,14649,1589,60949,95,2256,1763,38,4620,408,0.00716846
4,15507.7,7657.73,18665.4,16594,8,508,15836,14378,1389,58372,65,2138,1677,23,4311,452,0.00716846
4,29657.7,7657.73,18665.4,16594,15,508,15836,14378,1389,58372,65,2138,1677,23,4311,452,0.00716846
4,40677,7657.73,18665.4,16594,24,508,15836,14378,1389,58372,65,2138,1677,23,4311,452,0.00716846
4,47622.8,7657.73,18665.4,16594,21,508,15836,14378,1389,58372,65,2138,1677,23,4311,452,0.00716846
4,33385.1,10158.8,33985.8,30628,7,589,18592,17080,1763,69235,116,3146,2526,53,6311,577,0.00716846
4,39881.3,10158.8,33985.8,30628,17,589,18592,17080,1763,69235,116,3146,2526,53,6311,577,0.00716846
4,46791.9,10158.8,33985.8,30628,24,589,18592,17080,1763,69235,116,3146,2526,53,6311,577,0.00716846
4,54462.7,10158.8,33985.8,30628,19,589,18592,17080,1763,69235,116,3146,2526,53,6311,577,0.00716846
4,23603.5,8178.51,21530.9,19510,10,406,13644,12446,1255,51382,79,1915,1488,36,3597,336,0.00716846
4,32092.8,8178.51,21530.9,19510,16,406,13644,12446,1255,51382,79,1915,1488,36,3597,336,0.00716846
4,42063.8,8178.51,21530.9,19510,10,406,13644,12446,1255,51382,79,1915,1488,36,3597,336,0.00716846
4,42336,8178.51,21530.9,19510,19,406,13644,12446,1255,51382,79,1915,1488,36,3597,336,0.00716846
4,15000,4585.45,11500.4,10498,13,300,9145,7804,626,28032,49,1077,811,9,1645,252,0.00716846
4,15608.5,4585.45,11500.4,10498,5,300,9145,7804,626,28032,49,1077,811,9,1645,252,0.00716846
4,22229.8,4585.45,11500.4,10498,16,300,9145,7804,626,28032,49,1077,811,9,1645,252,0.00716846
4,28265.8,4585.45,11500.4,10498,15,300,9145,7804,626,28032,49,1077,811,9,1645,252,0.00716846
4,10238.1,6752.65,22564.5,20187,7,437,14706,13503,1280,53696,87,2455,1898,29,4879,395,0.00716846
4,27781,6752.65,22564.5,20187,10,437,14706,13503,1280,53696,87,2455,1898,29,4879,395,0.00716846
4,40708.6,6752.65,22564.5,20187,11,437,14706,13503,1280,53696,87,2455,1898,29,4879,395,0.00716846
4,45984.4,6752.65,22564.5,20187,19,437,14706,13503,1280,53696,87,2455,1898,29,4879,395,0.00716846
4,24743.5,8397.32,18182.2,16381,10,509,16256,14705,1384,58703,66,1974,1550,17,3539,387,0.00716846
4,30293.3,8397.32,18182.2,16381,14,509,16256,14705,1384,58703,66,1974,1550,17,3539,387,0.00716846
4,32867.3,8397.32,18182.2,16381,17,509,16256,14705,1384,58703,66,1974,1550,17,3539,387,0.00716846
4,38728,8397.32,18182.2,16381,12,509,16256,14705,1384,58703,66,1974,1550,17,3539,387,0.00716846
4,22773.6,8267.39,15059.7,13553,15,426,14738,13280,1400,54680,65,1706,1348,13,3008,407,0.00716846
4,23685.4,8267.39,15059.7,13553,9,426,14738,13280,1400,54680,65,1706,1348,13,3008,407,0.00716846
4,41149.8,8267.39,15059.7,13553,11,426,14738,13280,1400,54680,65,1706,1348,13,3008,407,0.00716846
4,46350.1,8267.39,15059.7,13553,7,426,14738,13280,1400,54680,65,1706,1348,13,3008,407,0.00716846
4,8218.09,4247.75,6530.86,5882,6,289,8874,7646,628,27320,36,842,613,6,1517,152,0.00716846
4,14721.1,4247.75,6530.86,5882,12,289,8874,7646,628,27320,36,842,613,6,1517,152,0.00716846
4,21494.4,4247.75,6530.86,5882,10,289,8874,7646,628,27320,36,842,613,6,1517,152,0.00716846
4,28354.7,4247.75,6530.86,5882,18,289,8874,7646,628,27320,36,842,613,6,1517,152,0.00716846
4,40620.1,9643.36,48281.3,43320,19,493,17358,15828,1734,68725,142,4863,4020,95,10405,1155,0.00716846
4,49079.3,9643.36,48281.3,43320,26,493,17358,15828,1734,68725,142,4863,4020,95,10405,1155,0.00716846
4,56683.1,9643.36,48281.3,43320,29,493,17358,15828,1734,68725,142,4863,4020,95,10405,1155,0.00716846
4,59321.5,9643.36,48281.3,43320,34,493,17358,15828,1734,68725,142,4863,4020,95,10405,1155,0.00716846
4,9221.08,6653.5,12860.1,11416,5,446,13359,12221,1125,48575,56,1449,1089,19,2794,236,0.00716846
4,28445,6653.5,12860.1,11416,17,446,13359,12221,1125,48575,56,1449,1089,19,2794,236,0.00716846
4,33089.8,6653.5,12860.1,11416,10,446,13359,12221,1125,48575,56,1449,1089,19,2794,236,0.00716846
4,38542.2,6653.5,12860.1,11416,19,446,13359,12221,1125,48575,56,1449,1089,19,2794,236,0.00716846
4,6136.82,2660.05,3968.2,3592,4,175,6242,5311,398,18803,30,509,377,2,689,127,0.00716846
4,9270.71,2660.05,3968.2,3592,6,175,6242,5311,398,18803,30,509,377,2,689,127,0.00716846
4,20803.2,2660.05,3968.2,3592,12,175,6242,5311,398,18803,30,509,377,2,689,127,0.00716846
4,24215.3,2660.05,3968.2,3592,9,175,6242,5311,398,18803,30,509,377,2,689,127,0.00716846
4,15939.1,9940.91,18978.6,16728,7,523,16315,14647,1421,58205,91,2231,1721,26,4492,285,0.00716846
4,34820.9,9940.91,18978.6,16728,5,523,16315,14647,1421,58205,91,2231,1721,26,4492,285,0.00716846
4,38480.2,9940.91,18978.6,16728,15,523,16315,14647,1421,58205,91,2231,1721,26,4492,285,0.00716846
4,41921.9,9940.91,18978.6,16728,23,523,16315,14647,1421,58205,91,2231,1721,26,4492,285,0.00716846
4,25483.6,4924.45,13338.3,11981,14,366,10392,9121,820,33807,64,1383,1060,14,2662,276,0.00716846
4,25494.8,4924.45,13338.3,11981,6,366,10392,9121,820,33807,64,1383,1060,14,2662,276,0.00716846
4,28853.4,4924.45,13338.3,11981,10,366,10392,9121,820,33807,64,1383,1060,14,2662,276,0.00716846
4,32669.3,4924.45,13338.3,11981,15,366,10392,9121,820,33807,64,1383,1060,14,2662,276,0.00716846
4,9112.64,9328.47,20123.9,17847,5,452,15574,14200,1442,58661,78,2263,1812,23,4446,435,0.00716846
4,32608.1,9328.47,20123.9,17847,19,452,15574,14200,1442,58661,78,2263,1812,23,4446,435,0.00716846
4,39321.8,9328.47,20123.9,17847,11,452,15574,14200,1442,58661,78,2263,1812,23,4446,435,0.00716846
4,50693,9328.47,20123.9,17847,24,452,15574,14200,1442,58661,78,2263,1812,23,4446,435,0.00716846
4,18727.9,4136.41,10317.5,9121,19,299,8563,7308,544,26208,48,1084,817,3,2035,191,0.00716846
4,18826.5,4136.41,10317.5,9121,5,299,8563,7308,544,26208,48,1084,817,3,2035,191,0.00716846
4,23600.8,4136.41,10317.5,9121,13,299,8563,7308,544,26208,48,1084,817,3,2035,191,0.00716846
4,27569.3,4136.41,10317.5,9121,17,299,8563,7308,544,26208,48,1084,817,3,2035,191,0.00716846
4,14866.4,7491.38,14430.1,12961,13,432,14769,13360,1371,55042,65,1664,1314,15,3159,335,0.00716846
4,25613.8,7491.38,14430.1,12961,10,432,14769,13360,1371,55042,65,1664,1314,15,3159,335,0.00716846
4,37113.6,7491.38,14430.1,12961,5,432,14769,13360,1371,55042,65,1664,1314,15,3159,335,0.00716846
4,46559.8,7491.38,14430.1,12961,22,432,14769,13360,1371,55042,65,1664,1314,15,3159,335,0.00716846
4,1761,3067.1,5023.51,4466,4,212,6038,5036,367,17305,30,549,411,1,949,79,0.00716846
4,13239.8,3067.1,5023.51,4466,10,212,6038,5036,367,17305,30,549,411,1,949,79,0.00716846
4,16571.8,3067.1,5023.51,4466,6,212,6038,5036,367,17305,30,549,411,1,949,79,0.00716846
4,23549.3,3067.1,5023.51,4466,15,212,6038,5036,367,17305,30,549,411,1,949,79,0.00716846
4,32012,7375.73,19785.9,17700,12,442,15025,13555,1458,57030,78,2180,1721,25,4828,280,0.00716846
4,34394.8,7375.73,19785.9,17700,11,442,15025,13555,1458,57030,78,2180,1721,25,4828,280,0.00716846
4,48357.6,7375.73,19785.9,17700,18,442,15025,13555,1458,57030,78,2180,1721,25,4828,280,0.00716846
4,48588.4,7375.73,19785.9,17700,22,442,15025,13555,1458,57030,78,2180,1721,25,4828,280,0.00716846
4,33837.9,9540.37,45125.4,39998,20,555,18648,17107,1786,69172,158,4773,3824,64,10540,819,0.00716846
4,47607.1,9540.37,45125.4,39998,20,555,18648,17107,1786,69172,158,4773,3824,64,10540,819,0.00716846
4,50271.9,9540.37,45125.4,39998,30,555,18648,17107,1786,69172,158,4773,3824,64,10540,819,0.00716846
4,56896.9,9540.37,45125.4,39998,8,555,18648,17107,1786,69172,158,4773,3824,64,10540,819,0.00716846
4,24158.7,13774.3,41531.3,36370,4,616,21096,19336,2091,82614,149,4601,3724,91,11229,572,0.00716846
4,45124.9,13774.3,41531.3,36370,10,616,21096,19336,2091,82614,149,4601,3724,91,11229,572,0.00716846
4,51438.5,13774.3,41531.3,36370,20,616,21096,19336,2091,82614,149,4601,3724,91,11229,572,0.00716846
4,58656.3,13774.3,41531.3,36370,21,616,21096,19336,2091,82614,149,4601,3724,91,11229,572,0.00716846
4,21756.4,7251.62,12202.6,10901,9,491,14169,12578,1150,49251,74,1467,1070,3,2520,181,0.00716846
4,27944.4,7251.62,12202.6,10901,5,491,14169,12578,1150,49251,74,1467,1070,3,2520,181,0.00716846
4,35109.7,7251.62,12202.6,10901,20,491,14169,12578,1150,49251,74,1467,1070,3,2520,181,0.00716846
4,36169.2,7251.62,12202.6,10901,6,491,14169,12578,1150,49251,74,1467,1070,3,2520,181,0.00716846
4,13524.7,8257.82,13997,12454,6,422,13557,12371,1202,50647,63,1577,1233,22,2839,344,0.00716846
4,26621.1,8257.82,13997,12454,13,422,13557,12371,1202,50647,63,1577,1233,22,2839,344,0.00716846
4,33121.7,8257.82,13997,12454,5,422,13557,12371,1202,50647,63,1577,1233,22,2839,344,0.00716846
4,40319.2,8257.82,13997,12454,20,422,13557,12371,1202,50647,63,1577,1233,22,2839,344,0.00716846
4,16659,7676.89,17861.7,15862,7,445,14933,13634,1325,55204,73,1999,1539,23,4084,246,0.00716846
4,20771.8,7676.89,17861.7,15862,14,445,14933,13634,1325,55204,73,1999,1539,23,4084,246,0.00716846
4,41584.1,7676.89,17861.7,15862,8,445,14933,13634,1325,55204,73,1999,1539,23,4084,246,0.00716846
4,42650.4,7676.89,17861.7,15862,18,445,14933,13634,1325,55204,73,1999,1539,23,4084,246,0.00716846
4,18043.5,4052.67,9068.25,8221,11,287,8002,6930,588,24568,45,940,708,9,1554,213,0.00716846
4,20638,4052.67,9068.25,8221,5,287,8002,6930,588,24568,45,940,708,9,1554,213,0.00716846
4,25379.9,4052.67,9068.25,8221,10,287,8002,6930,588,24568,45,940,708,9,1554,213,0.00716846
4,27036.3,4052.67,9068.25,8221,10,287,8002,6930,588,24568,45,940,708,9,1554,213,0.00716846
4,26907.9,13758.7,42214.4,36747,3,629,21941,20125,2167,85966,167,5093,4145,108,12752,524,0.00716846
4,43999.6,13758.7,42214.4,36747,6,629,21941,20125,2167,85966,167,5093,4145,108,12752,524,0.00716846
4,53047,13758.7,42214.4,36747,19,629,21941,20125,2167,85966,167,5093,4145,108,12752,524,0.00716846
4,61217.3,13758.7,42214.4,36747,26,629,21941,20125,2167,85966,167,5093,4145,108,12752,524,0.00716846
4,15307.2,5443.09,10491,9501,8,314,9435,8057,686,29033,46,1177,876,7,1971,235,0.00716846
4,17539.6,5443.09,10491,9501,14,314,9435,8057,686,29033,46,1177,876,7,1971,235,0.00716846
4,17631.1,5443.09,10491,9501,9,314,9435,8057,686,29033,46,1177,876,7,1971,235,0.00716846
4,28713.7,5443.09,10491,9501,14,314,9435,8057,686,29033,46,1177,876,7,1971,235,0.00716846
4,33400.1,8837.23,23525.3,21031,8,455,14389,13061,1367,53735,84,2501,2026,45,5377,512,0.00716846
4,34547.4,8837.23,23525.3,21031,11,455,14389,13061,1367,53735,84,2501,2026,45,5377,512,0.00716846
4,36520.8,8837.23,23525.3,21031,26,455,14389,13061,1367,53735,84,2501,2026,45,5377,512,0.00716846
4,43608.8,8837.23,23525.3,21031,16,455,14389,13061,1367,53735,84,2501,2026,45,5377,512,0.00716846
4,33730.7,7681.81,19310.2,17286,16,425,13804,12225,1270,48454,87,2001,1562,21,3912,377,0.00716846
4,38682.3,7681.81,19310.2,17286,5,425,13804,12225,1270,48454,87,2001,1562,21,3912,377,0.00716846
4,43414,7681.81,19310.2,17286,11,425,13804,12225,1270,48454,87,2001,1562,21,3912,377,0.00716846
4,43907.9,7681.81,19310.2,17286,13,425,13804,12225,1270,48454,87,2001,1562,21,3912,377,0.00716846
4,41341.4,7621.58,38586,34461,8,499,16559,15091,1679,63938,120,3916,3228,63,8385,941,0.00716846
4,47149.9,7621.58,38586,34461,24,499,16559,15091,1679,63938,120,3916,3228,63,8385,941,0.00716846
4,50860.6,7621.58,38586,34461,33,499,16559,15091,1679,63938,120,3916,3228,63,8385,941,0.00716846
4,56779.3,7621.58,38586,34461,26,499,16559,15091,1679,63938,120,3916,3228,63,8385,941,0.00716846
4,6688.08,7139.07,25579.3,22850,6,451,14185,13037,1271,52256,95,2792,2190,32,5729,478,0.00716846
4,37392.9,7139.07,25579.3,22850,15,451,14185,13037,1271,52256,95,2792,2190,32,5729,478,0.00716846
4,40993.7,7139.07,25579.3,22850,20,451,14185,13037,1271,52256,95,2792,2190,32,5729,478,0.00716846
4,48426.4,7139.07,25579.3,22850,34,451,14185,13037,1271,52256,95,2792,2190,32,5729,478,0.00716846
4,18622.1,7283.1,23925.1,21317,10,429,14557,13212,1388,53217,108,2580,2014,47,6188,329,0.00716846
4,37085.2,7283.1,23925.1,21317,15,429,14557,13212,1388,53217,108,2580,2014,47,6188,329,0.00716846
4,42661.1,7283.1,23925.1,21317,15,429,14557,13212,1388,53217,108,2580,2014,47,6188,329,0.00716846
4,43370.2,7283.1,23925.1,21317,25,429,14557,13212,1388,53217,108,2580,2014,47,6188,329,0.00716846
4,21209.4,8286.38,12452.6,11257,5,434,11514,10170,886,39527,51,1120,836,3,1980,197,0.00716846
4,28088.4,8286.38,12452.6,11257,9,434,11514,10170,886,39527,51,1120,836,3,1980,197,0.00716846
4,30122.3,8286.38,12452.6,11257,5,434,11514,10170,886,39527,51,1120,836,3,1980,197,0.00716846
4,32222.8,8286.38,12452.6,11257,7,434,11514,10170,886,39527,51,1120,836,3,1980,197,0.00716846
4,3664.65,2219.74,3102.47,2844,4,139,4157,3423,238,11469,22,314,220,0,359,80,0.00716846
4,11153.8,2219.74,3102.47,2844,9,139,4157,3423,238,11469,22,314,220,0,359,80,0.00716846
4,12671.5,2219.74,3102.47,2844,5,139,4157,3423,238,11469,22,314,220,0,359,80,0.00716846
4,19884.9,2219.74,3102.47,2844,10,139,4157,3423,238,11469,22,314,220,0,359,80,0.00716846
4,32996.2,12905.2,31183.4,27904,7,628,20666,18988,2038,79853,103,3280,2660,49,6486,669,0.00716846
4,39782.6,12905.2,31183.4,27904,5,628,20666,18988,2038,79853,103,3280,2660,49,6486,669,0.00716846
4,51636.3,12905.2,31183.4,27904,25,628,20666,18988,2038,79853,103,3280,2660,49,6486,669,0.00716846
4,59355.6,12905.2,31183.4,27904,23,628,20666,18988,2038,79853,103,3280,2660,49,6486,669,0.00716846
4,6540.23,7702.74,19862.1,17804,6,443,14462,13277,1258,52936,83,2304,1783,22,4873,394,0.00716846
4,31889.3,7702.74,19862.1,17804,10,443,14462,13277,1258,52936,83,2304,1783,22,4873,394,0.00716846
4,38744.1,7702.74,19862.1,17804,13,443,14462,13277,1258,52936,83,2304,1783,22,4873,394,0.00716846
4,45412.3,7702.74,19862.1,17804,26,443,14462,13277,1258,52936,83,2304,1783,22,4873,394,0.00716846
4,15001.1,5107.86,6568.82,5900,12,302,9935,8764,780,31784,31,822,602,1,1220,189,0.00716846
4,20476.5,5107.86,6568.82,5900,7,302,9935,8764,780,31784,31,822,602,1,1220,189,0.00716846
4,25456.9,5107.86,6568.82,5900,10,302,9935,8764,780,31784,31,822,602,1,1220,189,0.00716846
4,32410.8,5107.86,6568.82,5900,11,302,9935,8764,780,31784,31,822,602,1,1220,189,0.00716846
4,9059.59,9060.96,15089.1,13426,7,448,14645,13398,1339,54869,71,1757,1367,27,3254,360,0.00716846
4,33113.4,9060.96,15089.1,13426,18,448,14645,13398,1339,54869,71,1757,1367,27,3254,360,0.00716846
4,35948.1,9060.96,15089.1,13426,7,448,14645,13398,1339,54869,71,1757,1367,27,3254,360,0.00716846
4,46811.4,9060.96,15089.1,13426,25,448,14645,13398,1339,54869,71,1757,1367,27,3254,360,0.00716846
4,27019.5,8537.42,38063.6,33937,20,480,16870,15454,1605,62986,148,3822,3046,58,8653,611,0.00716846
4,48281.9,8537.42,38063.6,33937,15,480,16870,15454,1605,62986,148,3822,3046,58,8653,611,0.00716846
4,49631.4,8537.42,38063.6,33937,27,480,16870,15454,1605,62986,148,3822,3046,58,8653,611,0.00716846
4,51767.6,8537.42,38063.6,33937,35,480,16870,15454,1605,62986,148,3822,3046,58,8653,611,0.00716846
4,3642.02,10280.5,25930.8,23186,2,470,18262,16660,1740,71913,83,2649,2090,39,5631,459,0.00716846
4,34458.7,10280.5,25930.8,23186,20,470,18262,16660,1740,71913,83,2649,2090,39,5631,459,0.00716846
4,50236.3,10280.5,25930.8,23186,14,470,18262,16660,1740,71913,83,2649,2090,39,5631,459,0.00716846
4,52369,10280.5,25930.8,23186,4,470,18262,16660,1740,71913,83,2649,2090,39,5631,459,0.00716846
4,8961.56,11095.3,27318.6,24091,2,532,19297,17654,1783,75322,97,2980,2361,34,6653,395,0.00716846
4,44405.7,11095.3,27318.6,24091,16,532,19297,17654,1783,75322,97,2980,2361,34,6653,395,0.00716846
4,48020.4,11095.3,27318.6,24091,4,532,19297,17654,1783,75322,97,2980,2361,34,6653,395,0.00716846
4,53153.1,11095.3,27318.6,24091,25,532,19297,17654,1783,75322,97,2980,2361,34,6653,395,0.00716846
4,39873.5,7968.11,35985.9,31974,6,510,16328,14836,1661,62997,127,3779,3096,63,8386,879,0.00716846
4,45678.2,7968.11,35985.9,31974,22,510,16328,14836,1661,62997,127,3779,3096,63,8386,879,0.00716846
4,49135.5,7968.11,35985.9,31974,32,510,16328,14836,1661,62997,127,3779,3096,63,8386,879,0.00716846
4,55063.3,7968.11,35985.9,31974,25,510,16328,14836,1661,62997,127,3779,3096,63,8386,879,0.00716846
4,20022.7,7230.22,22094.2,19783,8,420,14450,13078,1380,52337,105,2406,1865,30,5243,315,0.00716846
4,33887,7230.22,22094.2,19783,16,420,14450,13078,1380,52337,105,2406,1865,30,5243,315,0.00716846
4,43898.8,7230.22,22094.2,19783,22,420,14450,13078,1380,52337,105,2406,1865,30,5243,315,0.00716846
4,44236.2,7230.22,22094.2,19783,11,420,14450,13078,1380,52337,105,2406,1865,30,5243,315,0.00716846
4,23672.6,11464.9,36393.4,32072,2,598,20331,18594,1991,79471,139,4278,3414,74,10098,562,0.00716846
4,46522.5,11464.9,36393.4,32072,10,598,20331,18594,1991,79471,139,4278,3414,74,10098,562,0.00716846
4,52316.8,11464.9,36393.4,32072,18,598,20331,18594,1991,79471,139,4278,3414,74,10098,562,0.00716846
4,58187.4,11464.9,36393.4,32072,19,598,20331,18594,1991,79471,139,4278,3414,74,10098,562,0.00716846
4,34793.1,9713.75,38318.4,34233,20,483,16544,15086,1615,65174,141,3866,3065,90,8307,617,0.00716846
4,46917.7,9713.75,38318.4,34233,28,483,16544,15086,1615,65174,141,3866,3065,90,8307,617,0.00716846
4,56345.9,9713.75,38318.4,34233,12,483,16544,15086,1615,65174,141,3866,3065,90,8307,617,0.00716846
4,56927.4,9713.75,38318.4,34233,22,483,16544,15086,1615,65174,141,3866,3065,90,8307,617,0.00716846
4,10490.8,7961.1,13884.4,12431,6,448,13195,12064,1052,47807,65,1632,1237,9,2956,282,0.00716846
4,27409.1,7961.1,13884.4,12431,16,448,13195,12064,1052,47807,65,1632,1237,9,2956,282,0.00716846
4,34242.8,7961.1,13884.4,12431,7,448,13195,12064,1052,47807,65,1632,1237,9,2956,282,0.00716846
4,38230.7,7961.1,13884.4,12431,17,448,13195,12064,1052,47807,65,1632,1237,9,2956,282,0.00716846
4,10108,2419.57,3849.83,3483,4,175,4484,3694,219,12393,25,423,292,2,723,58,0.00716846
4,19994.3,2419.57,3849.83,3483,9,175,4484,3694,219,12393,25,423,292,2,723,58,0.00716846
4,20331.6,2419.57,3849.83,3483,3,175,4484,3694,219,12393,25,423,292,2,723,58,0.00716846
4,20509.5,2419.57,3849.83,3483,10,175,4484,3694,219,12393,25,423,292,2,723,58,0.00716846
4,11911.6,6593.65,18021.2,16203,9,401,12898,11542,1101,43866,76,1761,1333,39,3944,138,0.00716846
4,35744.9,6593.65,18021.2,16203,14,401,12898,11542,1101,43866,76,1761,1333,39,3944,138,0.00716846
4,36659.7,6593.65,18021.2,16203,24,401,12898,11542,1101,43866,76,1761,1333,39,3944,138,0.00716846
4,36788.1,6593.65,18021.2,16203,9,401,12898,11542,1101,43866,76,1761,1333,39,3944,138,0.00716846
4,19562.7,7565.39,9917.1,8923,5,449,12490,11037,1019,43269,48,1143,850,3,1883,217,0.00716846
4,29726.7,7565.39,9917.1,8923,8,449,12490,11037,1019,43269,48,1143,850,3,1883,217,0.00716846
4,30177.2,7565.39,9917.1,8923,7,449,12490,11037,1019,43269,48,1143,850,3,1883,217,0.00716846
4,33895.9,7565.39,9917.1,8923,7,449,12490,11037,1019,43269,48,1143,850,3,1883,217,0.00716846
4,9402.49,4541.57,5374.08,4864,3,327,9129,7859,611,28712,38,670,490,0,944,138,0.00716846
4,23365.2,4541.57,5374.08,4864,10,327,9129,7859,611,28712,38,670,490,0,944,138,0.00716846
4,23616.1,4541.57,5374.08,4864,14,327,9129,7859,611,28712,38,670,490,0,944,138,0.00716846
4,28662.5,4541.57,5374.08,4864,8,327,9129,7859,611,28712,38,670,490,0,944,138,0.00716846
4,37988.1,8102.17,38784.1,34756,20,475,16029,14592,1587,61967,128,4034,3312,58,8364,957,0.00716846
4,44804.8,8102.17,38784.1,34756,25,475,16029,14592,1587,61967,128,4034,3312,58,8364,957,0.00716846
4,51230.5,8102.17,38784.1,34756,25,475,16029,14592,1587,61967,128,4034,3312,58,8364,957,0.00716846
4,54596.5,8102.17,38784.1,34756,28,475,16029,14592,1587,61967,128,4034,3312,58,8364,957,0.00716846
4,35144.5,9780.94,50660,45339,22,531,18221,16698,1784,68165,157,4908,3928,65,10539,898,0.00716846
4,50558.3,9780.94,50660,45339,13,531,18221,16698,1784,68165,157,4908,3928,65,10539,898,0.00716846
4,53419.6,9780.94,50660,45339,31,531,18221,16698,1784,68165,157,4908,3928,65,10539,898,0.00716846
4,57810.3,9780.94,50660,45339,10,531,18221,16698,1784,68165,157,4908,3928,65,10539,898,0.00716846
4,14363.8,9871.93,19043.2,17123,4,513,17136,15703,1556,62357,75,1912,1529,33,3853,431,0.00716846
4,29918.9,9871.93,19043.2,17123,21,513,17136,15703,1556,62357,75,1912,1529,33,3853,431,0.00716846
4,35974.5,9871.93,19043.2,17123,15,513,17136,15703,1556,62357,75,1912,1529,33,3853,431,0.00716846
4,40513.4,9871.93,19043.2,17123,23,513,17136,15703,1556,62357,75,1912,1529,33,3853,431,0.00716846
4,46370.7,13408.5,61447,54128,2,654,22695,20750,2295,91430,195,6229,5127,117,15490,986,0.00716846
4,50866.6,13408.5,61447,54128,23,654,22695,20750,2295,91430,195,6229,5127,117,15490,986,0.00716846
4,65846.6,13408.5,61447,54128,33,654,22695,20750,2295,91430,195,6229,5127,117,15490,986,0.00716846
4,73517.4,13408.5,61447,54128,28,654,22695,20750,2295,91430,195,6229,5127,117,15490,986,0.00716846
4,10111.2,4471,10420.3,9350,3,312,10239,9016,853,32753,43,1152,869,17,2122,154,0.00716846
4,25414,4471,10420.3,9350,5,312,10239,9016,853,32753,43,1152,869,17,2122,154,0.00716846
4,32969.9,4471,10420.3,9350,15,312,10239,9016,853,32753,43,1152,869,17,2122,154,0.00716846
4,33311.7,4471,10420.3,9350,5,312,10239,9016,853,32753,43,1152,869,17,2122,154,0.00716846
4,17584.9,3379.3,8816.02,8027,6,255,7799,6639,552,22818,40,957,723,12,1609,197,0.00716846
4,19027.1,3379.3,8816.02,8027,7,255,7799,6639,552,22818,40,957,723,12,1609,197,0.00716846
4,22990.1,3379.3,8816.02,8027,12,255,7799,6639,552,22818,40,957,723,12,1609,197,0.00716846
4,26646.3,3379.3,8816.02,8027,11,255,7799,6639,552,22818,40,957,723,12,1609,197,0.00716846
4,20882.5,10974.1,33799,29758,8,596,19362,17666,1798,74455,136,3826,3077,65,8942,509,0.00716846
4,42682.2,10974.1,33799,29758,13,596,19362,17666,1798,74455,136,3826,3077,65,8942,509,0.00716846
4,44163,10974.1,33799,29758,14,596,19362,17666,1798,74455,136,3826,3077,65,8942,509,0.00716846
4,51424.8,10974.1,33799,29758,22,596,19362,17666,1798,74455,136,3826,3077,65,8942,509,0.00716846
4,25629.9,9579.04,20425.6,18286,12,533,16710,15146,1397,60711,74,2191,1710,19,3954,401,0.00716846
4,30460.1,9579.04,20425.6,18286,14,533,16710,15146,1397,60711,74,2191,1710,19,3954,401,0.00716846
4,31627.8,9579.04,20425.6,18286,17,533,16710,15146,1397,60711,74,2191,1710,19,3954,401,0.00716846
4,39345.7,9579.04,20425.6,18286,11,533,16710,15146,1397,60711,74,2191,1710,19,3954,401,0.00716846
4,16530.7,10810.4,20207,18033,4,521,17377,15934,1523,63822,79,2224,1777,29,4524,438,0.00716846
4,30828,10810.4,20207,18033,23,521,17377,15934,1523,63822,79,2224,1777,29,4524,438,0.00716846
4,37903.2,10810.4,20207,18033,16,521,17377,15934,1523,63822,79,2224,1777,29,4524,438,0.00716846
4,41401.5,10810.4,20207,18033,21,521,17377,15934,1523,63822,79,2224,1777,29,4524,438,0.00716846
4,4230.26,3968.67,6405.36,5708,4,277,8075,6872,516,24149,36,776,578,4,1115,148,0.00716846
4,18605.7,3968.67,6405.36,5708,11,277,8075,6872,516,24149,36,776,578,4,1115,148,0.00716846
4,20422,3968.67,6405.36,5708,8,277,8075,6872,516,24149,36,776,578,4,1115,148,0.00716846
4,26565.7,3968.67,6405.36,5708,17,277,8075,6872,516,24149,36,776,578,4,1115,148,0.00716846
4,25267.2,7370.53,11463,10445,10,425,14697,13151,1239,52848,51,1232,954,5,1838,354,0.00716846
4,30505.1,7370.53,11463,10445,12,425,14697,13151,1239,52848,51,1232,954,5,1838,354,0.00716846
4,38270.1,7370.53,11463,10445,8,425,14697,13151,1239,52848,51,1232,954,5,1838,354,0.00716846
4,46006.2,7370.53,11463,10445,5,425,14697,13151,1239,52848,51,1232,954,5,1838,354,0.00716846
4,18267.5,5173.26,13178.2,11734,11,356,9989,8604,646,32107,62,1446,1118,24,2948,207,0.00716846
4,24110,5173.26,13178.2,11734,10,356,9989,8604,646,32107,62,1446,1118,24,2948,207,0.00716846
4,26352.6,5173.26,13178.2,11734,13,356,9989,8604,646,32107,62,1446,1118,24,2948,207,0.00716846
4,29323.1,5173.26,13178.2,11734,18,356,9989,8604,646,32107,62,1446,1118,24,2948,207,0.00716846
4,28067.1,7800.33,12806.2,11608,10,443,15617,13986,1341,57032,47,1293,1006,7,1837,391,0.00716846
4,29796.9,7800.33,12806.2,11608,12,443,15617,13986,1341,57032,47,1293,1006,7,1837,391,0.00716846
4,40498.3,7800.33,12806.2,11608,9,443,15617,13986,1341,57032,47,1293,1006,7,1837,391,0.00716846
4,48232.6,7800.33,12806.2,11608,6,443,15617,13986,1341,57032,47,1293,1006,7,1837,391,0.00716846
4,19501.2,8473.74,9504.5,8536,9,403,13097,11682,1056,44400,43,1084,810,5,1752,232,0.00716846
4,20175.3,8473.74,9504.5,8536,11,403,13097,11682,1056,44400,43,1084,810,5,1752,232,0.00716846
4,32285.6,8473.74,9504.5,8536,11,403,13097,11682,1056,44400,43,1084,810,5,1752,232,0.00716846
4,39589.7,8473.74,9504.5,8536,13,403,13097,11682,1056,44400,43,1084,810,5,1752,232,0.00716846
4,17578.4,9617.14,23376.5,20890,13,448,15328,14018,1413,56015,94,2508,1949,28,5287,364,0.00716846
4,40000.3,9617.14,23376.5,20890,22,448,15328,14018,1413,56015,94,2508,1949,28,5287,364,0.00716846
4,41367.1,9617.14,23376.5,20890,4,448,15328,14018,1413,56015,94,2508,1949,28,5287,364,0.00716846
4,42326.5,9617.14,23376.5,20890,28,448,15328,14018,1413,56015,94,2508,1949,28,5287,364,0.00716846
4,26254,9288.8,31188.2,27822,5,535,16881,15533,1487,61980,109,3164,2527,49,6574,554,0.00716846
4,39574.1,9288.8,31188.2,27822,18,535,16881,15533,1487,61980,109,3164,2527,49,6574,554,0.00716846
4,41888,9288.8,31188.2,27822,18,535,16881,15533,1487,61980,109,3164,2527,49,6574,554,0.00716846
4,47244.9,9288.8,31188.2,27822,13,535,16881,15533,1487,61980,109,3164,2527,49,6574,554,0.00716846
4,18223.6,7068.26,17895.4,16059,4,390,13305,11880,1161,46471,76,1944,1496,13,4072,261,0.00716846
4,30820.5,7068.26,17895.4,16059,14,390,13305,11880,1161,46471,76,1944,1496,13,4072,261,0.00716846
4,41878.2,7068.26,17895.4,16059,18,390,13305,11880,1161,46471,76,1944,1496,13,4072,261,0.00716846
4,42215.7,7068.26,17895.4,16059,7,390,13305,11880,1161,46471,76,1944,1496,13,4072,261,0.00716846
4,17008.5,10383.6,37328.4,33038,9,531,17420,15817,1576,65465,119,3689,2956,62,8948,432,0.00716846
4,43687.1,10383.6,37328.4,33038,10,531,17420,15817,1576,65465,119,3689,2956,62,8948,432,0.00716846
4,44976,10383.6,37328.4,33038,16,531,17420,15817,1576,65465,119,3689,2956,62,8948,432,0.00716846
4,47942.4,10383.6,37328.4,33038,24,531,17420,15817,1576,65465,119,3689,2956,62,8948,432,0.00716846
4,7772.8,11730.7,28430.4,25035,2,536,20024,18346,1887,78935,109,3370,2682,60,7763,389,0.00716846
4,43816.6,11730.7,28430.4,25035,17,536,20024,18346,1887,78935,109,3370,2682,60,7763,389,0.00716846
4,48519.8,11730.7,28430.4,25035,4,536,20024,18346,1887,78935,109,3370,2682,60,7763,389,0.00716846
4,54488.6,11730.7,28430.4,25035,25,536,20024,18346,1887,78935,109,3370,2682,60,7763,389,0.00716846
4,29336.2,7600.97,19850,17894,5,411,12661,11198,1128,44211,73,1972,1546,32,3842,364,0.00716846
4,37730,7600.97,19850,17894,16,411,12661,11198,1128,44211,73,1972,1546,32,3842,364,0.00716846
4,40274.2,7600.97,19850,17894,13,411,12661,11198,1128,44211,73,1972,1546,32,3842,364,0.00716846
4,41469.1,7600.97,19850,17894,5,411,12661,11198,1128,44211,73,1972,1546,32,3842,364,0.00716846
4,42493.3,12920.7,45161.8,39839,22,533,18615,17025,1794,71502,166,5028,4043,64,11606,824,0.00716846
4,54290.2,12920.7,45161.8,39839,12,533,18615,17025,1794,71502,166,5028,4043,64,11606,824,0.00716846
4,61838.7,12920.7,45161.8,39839,37,533,18615,17025,1794,71502,166,5028,4043,64,11606,824,0.00716846
4,64881.5,12920.7,45161.8,39839,14,533,18615,17025,1794,71502,166,5028,4043,64,11606,824,0.00716846
4,20841.9,9987.3,25038.8,22194,11,562,18084,16458,1603,66799,100,2810,2220,33,5841,383,0.00716846
4,38192.4,9987.3,25038.8,22194,11,562,18084,16458,1603,66799,100,2810,2220,33,5841,383,0.00716846
4,38936.7,9987.3,25038.8,22194,20,562,18084,16458,1603,66799,100,2810,2220,33,5841,383,0.00716846
4,45808.8,9987.3,25038.8,22194,19,562,18084,16458,1603,66799,100,2810,2220,33,5841,383,0.00716846
4,33730.2,8212.08,28619.9,25604,7,469,15075,13720,1528,57867,103,3071,2493,49,6337,734,0.00716846
4,39534.8,8212.08,28619.9,25604,22,469,15075,13720,1528,57867,103,3071,2493,49,6337,734,0.00716846
4,44466.3,8212.08,28619.9,25604,24,469,15075,13720,1528,57867,103,3071,2493,49,6337,734,0.00716846
4,49326.5,8212.08,28619.9,25604,25,469,15075,13720,1528,57867,103,3071,2493,49,6337,734,0.00716846
4,24627.5,10628.9,25114.6,22420,13,591,18903,17277,1697,70664,95,2707,2181,29,5431,487,0.00716846
4,35467.7,10628.9,25114.6,22420,13,591,18903,17277,1697,70664,95,2707,2181,29,5431,487,0.00716846
4,37576.8,10628.9,25114.6,22420,12,591,18903,17277,1697,70664,95,2707,2181,29,5431,487,0.00716846
4,46618.3,10628.9,25114.6,22420,20,591,18903,17277,1697,70664,95,2707,2181,29,5431,487,0.00716846
4,18110.4,9040.24,27428.8,24678,9,484,16994,15575,1761,65668,124,2957,2374,58,6201,598,0.00716846
4,46457.6,9040.24,27428.8,24678,30,484,16994,15575,1761,65668,124,2957,2374,58,6201,598,0.00716846
4,47386.7,9040.24,27428.8,24678,19,484,16994,15575,1761,65668,124,2957,2374,58,6201,598,0.00716846
4,60155.6,9040.24,27428.8,24678,37,484,16994,15575,1761,65668,124,2957,2374,58,6201,598,0.00716846
4,11958.2,2874.62,7058.03,6295,6,205,5942,5008,373,16336,41,781,595,5,1581,126,0.00716846
4,12906.8,2874.62,7058.03,6295,5,205,5942,5008,373,16336,41,781,595,5,1581,126,0.00716846
4,16896,2874.62,7058.03,6295,6,205,5942,5008,373,16336,41,781,595,5,1581,126,0.00716846
4,23419.1,2874.62,7058.03,6295,7,205,5942,5008,373,16336,41,781,595,5,1581,126,0.00716846
4,40293.6,7098.25,29576.1,26338,8,484,15327,13885,1461,57947,94,2986,2424,58,6571,578,0.00716846
4,40962.5,7098.25,29576.1,26338,9,484,15327,13885,1461,57947,94,2986,2424,58,6571,578,0.00716846
4,41978.2,7098.25,29576.1,26338,30,484,15327,13885,1461,57947,94,2986,2424,58,6571,578,0.00716846
4,49432.6,7098.25,29576.1,26338,25,484,15327,13885,1461,57947,94,2986,2424,58,6571,578,0.00716846
4,14721.1,5028.57,8739,7802,7,367,11099,9850,903,36594,45,988,753,10,1797,168,0.00716846
4,15795.4,5028.57,8739,7802,6,367,11099,9850,903,36594,45,988,753,10,1797,168,0.00716846
4,25737.2,5028.57,8739,7802,9,367,11099,9850,903,36594,45,988,753,10,1797,168,0.00716846
4,34072.1,5028.57,8739,7802,18,367,11099,9850,903,36594,45,988,753,10,1797,168,0.00716846
4,6310.83,11776,33238.5,29280,2,534,19913,18248,1865,78429,121,3715,2933,58,8339,426,0.00716846
4,42229.9,11776,33238.5,29280,17,534,19913,18248,1865,78429,121,3715,2933,58,8339,426,0.00716846
4,47871.5,11776,33238.5,29280,4,534,19913,18248,1865,78429,121,3715,2933,58,8339,426,0.00716846
4,53849.3,11776,33238.5,29280,26,534,19913,18248,1865,78429,121,3715,2933,58,8339,426,0.00716846
4,18840.8,8921.77,23860.4,21021,10,443,16967,15586,1557,65244,84,2706,2098,27,5926,387,0.00716846
4,24802.9,8921.77,23860.4,21021,7,443,16967,15586,1557,65244,84,2706,2098,27,5926,387,0.00716846
4,51054,8921.77,23860.4,21021,13,443,16967,15586,1557,65244,84,2706,2098,27,5926,387,0.00716846
4,56105.9,8921.77,23860.4,21021,22,443,16967,15586,1557,65244,84,2706,2098,27,5926,387,0.00716846
