K,dist,cost_ki,cost_hi,h_cost,vnum,gen_ki,push_ki,pop_ki,prune_ki,suc_call_ki,gen_hi,push_hi,pop_hi,prune_hi,suc_call_hi,reevaluate,density
3,20507.3,28425.9,36525.8,30772,13,912,38430,36255,4134,173763,165,4917,3971,94,11820,572,0.00537634
3,61880,28425.9,36525.8,30772,39,912,38430,36255,4134,173763,165,4917,3971,94,11820,572,0.00537634
3,80186.5,28425.9,36525.8,30772,41,912,38430,36255,4134,173763,165,4917,3971,94,11820,572,0.00537634
3,38481.5,21287.6,25349.6,21780,16,911,34731,32757,3645,150231,119,3375,2674,75,7356,555,0.00537634
3,43130.4,21287.6,25349.6,21780,27,911,34731,32757,3645,150231,119,3375,2674,75,7356,555,0.00537634
3,64647.7,21287.6,25349.6,21780,26,911,34731,32757,3645,150231,119,3375,2674,75,7356,555,0.00537634
3,7086.15,1873.44,2691.53,2394,4,166,4285,3561,204,12127,25,415,291,3,646,63,0.00537634
3,18825.5,1873.44,2691.53,2394,14,166,4285,3561,204,12127,25,415,291,3,646,63,0.00537634
3,19905.3,1873.44,2691.53,2394,9,166,4285,3561,204,12127,25,415,291,3,646,63,0.00537634
3,17722.5,1551.35,5139.69,4519,11,137,4212,3518,221,12161,34,725,517,2,1411,71,0.00537634
3,19073.1,1551.35,5139.69,4519,12,137,4212,3518,221,12161,34,725,517,2,1411,71,0.00537634
3,20084.9,1551.35,5139.69,4519,15,137,4212,3518,221,12161,34,725,517,2,1411,71,0.00537634
3,32556.3,7037.5,14057.1,12427,12,441,13446,12180,1090,48273,80,1828,1413,11,3638,295,0.00537634
3,36165,7037.5,14057.1,12427,11,441,13446,12180,1090,48273,80,1828,1413,11,3638,295,0.00537634
3,38834.6,7037.5,14057.1,12427,5,441,13446,12180,1090,48273,80,1828,1413,11,3638,295,0.00537634
3,16544.9,18727.6,23020.1,19487,11,761,30535,28554,3214,131268,123,3381,2609,65,8425,187,0.00537634
3,56950.4,18727.6,23020.1,19487,6,761,30535,28554,3214,131268,123,3381,2609,65,8425,187,0.00537634
3,68010.9,18727.6,23020.1,19487,31,761,30535,28554,3214,131268,123,3381,2609,65,8425,187,0.00537634
3,15693.5,22735,31970.4,27202,7,857,36448,34381,3874,162294,143,4368,3523,81,10602,451,0.00537634
3,59265.2,22735,31970.4,27202,31,857,36448,34381,3874,162294,143,4368,3523,81,10602,451,0.00537634
3,76488.6,22735,31970.4,27202,32,857,36448,34381,3874,162294,143,4368,3523,81,10602,451,0.00537634
3,50002.7,29537.1,69503.5,57879,20,1032,45278,43395,5043,226615,288,9606,7999,287,27157,1148,0.00537634
3,83521,29537.1,69503.5,57879,40,1032,45278,43395,5043,226615,288,9606,7999,287,27157,1148,0.00537634
3,107604,29537.1,69503.5,57879,57,1032,45278,43395,5043,226615,288,9606,7999,287,27157,1148,0.00537634
3,47036.7,28528.3,66262.3,55723,16,1020,44582,42687,4948,220216,264,8670,7178,274,24019,954,0.00537634
3,78922.1,28528.3,66262.3,55723,43,1020,44582,42687,4948,220216,264,8670,7178,274,24019,954,0.00537634
3,103636,28528.3,66262.3,55723,50,1020,44582,42687,4948,220216,264,8670,7178,274,24019,954,0.00537634
3,22984.8,14825,12895.9,11373,11,750,26168,23351,2467,94175,56,1513,1150,22,2981,180,0.00537634
3,24561.7,14825,12895.9,11373,8,750,26168,23351,2467,94175,56,1513,1150,22,2981,180,0.00537634
3,44512.6,14825,12895.9,11373,21,750,26168,23351,2467,94175,56,1513,1150,22,2981,180,0.00537634
3,34572.5,24622.9,27826.7,24031,25,975,37769,35703,4002,165613,127,3989,3226,90,9462,521,0.00537634
3,42768.2,24622.9,27826.7,24031,27,975,37769,35703,4002,165613,127,3989,3226,90,9462,521,0.00537634
3,68850.5,24622.9,27826.7,24031,31,975,37769,35703,4002,165613,127,3989,3226,90,9462,521,0.00537634
3,43639.2,9537.59,17526.3,15223,10,488,16798,15366,1624,63129,73,2242,1737,23,5083,204,0.00537634
3,44594.2,9537.59,17526.3,15223,6,488,16798,15366,1624,63129,73,2242,1737,23,5083,204,0.00537634
3,58044.8,9537.59,17526.3,15223,17,488,16798,15366,1624,63129,73,2242,1737,23,5083,204,0.00537634
3,29883.3,7213.26,8445.41,7506,16,363,13469,12142,1072,49586,40,1016,755,2,1601,222,0.00537634
3,40046.2,7213.26,8445.41,7506,11,363,13469,12142,1072,49586,40,1016,755,2,1601,222,0.00537634
3,42225.5,7213.26,8445.41,7506,6,363,13469,12142,1072,49586,40,1016,755,2,1601,222,0.00537634
3,30323.1,28038.5,52691.8,45066,9,1018,42271,40532,4622,202121,217,6769,5488,195,17550,682,0.00537634
3,64712.4,28038.5,52691.8,45066,33,1018,42271,40532,4622,202121,217,6769,5488,195,17550,682,0.00537634
3,87665.7,28038.5,52691.8,45066,45,1018,42271,40532,4622,202121,217,6769,5488,195,17550,682,0.00537634
3,18132.7,8143.52,15263.9,13141,8,465,15054,13546,1327,54786,65,2121,1628,38,4685,258,0.00537634
3,30485.1,8143.52,15263.9,13141,10,465,15054,13546,1327,54786,65,2121,1628,38,4685,258,0.00537634
3,43801.7,8143.52,15263.9,13141,11,465,15054,13546,1327,54786,65,2121,1628,38,4685,258,0.00537634
3,39667.5,8740.07,14443.1,12535,7,482,16057,14678,1476,59905,65,1888,1422,7,3875,272,0.00537634
3,42323.7,8740.07,14443.1,12535,9,482,16057,14678,1476,59905,65,1888,1422,7,3875,272,0.00537634
3,53160.1,8740.07,14443.1,12535,11,482,16057,14678,1476,59905,65,1888,1422,7,3875,272,0.00537634
3,27144.2,14257,31970.9,27388,16,611,23410,21532,2307,91659,143,4150,3272,80,10009,378,0.00537634
3,61140.6,14257,31970.9,27388,25,611,23410,21532,2307,91659,143,4150,3272,80,10009,378,0.00537634
3,61857.1,14257,31970.9,27388,15,611,23410,21532,2307,91659,143,4150,3272,80,10009,378,0.00537634
3,8211.64,10542.6,8736.75,7404,5,494,18309,16352,1569,62830,54,1298,979,30,3418,76,0.00537634
3,30932.4,10542.6,8736.75,7404,3,494,18309,16352,1569,62830,54,1298,979,30,3418,76,0.00537634
3,39903.6,10542.6,8736.75,7404,24,494,18309,16352,1569,62830,54,1298,979,30,3418,76,0.00537634
3,32390.5,7707.03,13989.9,12127,9,425,13147,11939,1168,47459,65,1896,1435,14,4153,207,0.00537634
3,43714.3,7707.03,13989.9,12127,12,425,13147,11939,1168,47459,65,1896,1435,14,4153,207,0.00537634
3,44918.5,7707.03,13989.9,12127,14,425,13147,11939,1168,47459,65,1896,1435,14,4153,207,0.00537634
3,17219.9,13497,19160,16447,5,658,23677,21805,2346,92500,100,2621,2026,39,5896,251,0.00537634
3,48452.1,13497,19160,16447,14,658,23677,21805,2346,92500,100,2621,2026,39,5896,251,0.00537634
3,53657.6,13497,19160,16447,26,658,23677,21805,2346,92500,100,2621,2026,39,5896,251,0.00537634
3,9788.57,5099.41,5128.77,4410,5,303,10587,9319,826,34106,36,825,605,10,1742,95,0.00537634
3,26992.1,5099.41,5128.77,4410,6,303,10587,9319,826,34106,36,825,605,10,1742,95,0.00537634
3,31715.2,5099.41,5128.77,4410,19,303,10587,9319,826,34106,36,825,605,10,1742,95,0.00537634
3,31128.4,6043.4,7700.03,6849,10,337,11373,10094,924,39030,42,990,718,5,1585,223,0.00537634
3,35755.5,6043.4,7700.03,6849,6,337,11373,10094,924,39030,42,990,718,5,1585,223,0.00537634
3,39836.4,6043.4,7700.03,6849,9,337,11373,10094,924,39030,42,990,718,5,1585,223,0.00537634
3,10832.2,20820.1,28546,24015,4,812,33358,31358,3570,145554,149,3942,3066,72,9599,230,0.00537634
3,55310,20820.1,28546,24015,9,812,33358,31358,3570,145554,149,3942,3066,72,9599,230,0.00537634
3,70446.6,20820.1,28546,24015,32,812,33358,31358,3570,145554,149,3942,3066,72,9599,230,0.00537634
3,3728.91,7748.95,7624.56,6518,4,403,13600,11836,1018,44411,44,936,709,13,2109,75,0.00537634
3,22742.5,7748.95,7624.56,6518,7,403,13600,11836,1018,44411,44,936,709,13,2109,75,0.00537634
3,33895.7,7748.95,7624.56,6518,16,403,13600,11836,1018,44411,44,936,709,13,2109,75,0.00537634
3,15667.4,11590.6,8569.02,7349,11,578,20021,17598,1760,67909,53,1328,998,20,2977,105,0.00537634
3,30457.8,11590.6,8569.02,7349,6,578,20021,17598,1760,67909,53,1328,998,20,2977,105,0.00537634
3,39597.6,11590.6,8569.02,7349,18,578,20021,17598,1760,67909,53,1328,998,20,2977,105,0.00537634
3,53885.8,23821.1,39596,34231,11,909,36850,34762,4063,164453,177,5079,4148,98,11164,920,0.00537634
3,59590.4,23821.1,39596,34231,42,909,36850,34762,4063,164453,177,5079,4148,98,11164,920,0.00537634
3,80344.5,23821.1,39596,34231,18,909,36850,34762,4063,164453,177,5079,4148,98,11164,920,0.00537634
3,32125.7,23944.4,23835.5,20303,17,982,36361,34294,3771,156772,117,3284,2617,77,7826,383,0.00537634
3,36797.3,23944.4,23835.5,20303,20,982,36361,34294,3771,156772,117,3284,2617,77,7826,383,0.00537634
3,62887.4,23944.4,23835.5,20303,26,982,36361,34294,3771,156772,117,3284,2617,77,7826,383,0.00537634
3,7222.26,1709.17,1562.86,1366,10,171,4127,3476,220,11921,22,262,188,0,451,51,0.00537634
3,10681.7,1709.17,1562.86,1366,4,171,4127,3476,220,11921,22,262,188,0,451,51,0.00537634
3,20230.7,1709.17,1562.86,1366,5,171,4127,3476,220,11921,22,262,188,0,451,51,0.00537634
3,47275.5,13235.6,18886.6,16651,20,558,22277,20445,2316,91333,81,2282,1754,28,3859,521,0.00537634
3,62064.1,13235.6,18886.6,16651,8,558,22277,20445,2316,91333,81,2282,1754,28,3859,521,0.00537634
3,64399.1,13235.6,18886.6,16651,6,558,22277,20445,2316,91333,81,2282,1754,28,3859,521,0.00537634
3,31396.7,27368.8,44345.1,37396,9,1009,41958,40209,4549,200011,201,6388,5177,170,16229,668,0.00537634
3,65109,27368.8,44345.1,37396,33,1009,41958,40209,4549,200011,201,6388,5177,170,16229,668,0.00537634
3,88062.3,27368.8,44345.1,37396,45,1009,41958,40209,4549,200011,201,6388,5177,170,16229,668,0.00537634
3,11989.1,2151.69,4270.54,3758,5,139,3933,3270,197,11300,33,618,445,6,1173,66,0.00537634
3,18357.3,2151.69,4270.54,3758,11,139,3933,3270,197,11300,33,618,445,6,1173,66,0.00537634
3,19331.6,2151.69,4270.54,3758,9,139,3933,3270,197,11300,33,618,445,6,1173,66,0.00537634
3,23458.2,6303.62,9045.34,7893,13,413,13145,11436,1010,42771,55,1241,908,13,2136,185,0.00537634
3,28121.5,6303.62,9045.34,7893,13,413,13145,11436,1010,42771,55,1241,908,13,2136,185,0.00537634
3,32783.5,6303.62,9045.34,7893,16,413,13145,11436,1010,42771,55,1241,908,13,2136,185,0.00537634
3,10403.5,15183.5,9818.81,8405,6,584,22645,20396,1983,80767,57,1508,1153,30,3795,98,0.00537634
3,34947.6,15183.5,9818.81,8405,8,584,22645,20396,1983,80767,57,1508,1153,30,3795,98,0.00537634
3,43745.4,15183.5,9818.81,8405,21,584,22645,20396,1983,80767,57,1508,1153,30,3795,98,0.00537634
3,22886.6,25170.8,21067.6,17912,17,971,37711,35392,3911,161570,93,3127,2474,49,7129,366,0.00537634
3,40615.5,25170.8,21067.6,17912,22,971,37711,35392,3911,161570,93,3127,2474,49,7129,366,0.00537634
3,64187.8,25170.8,21067.6,17912,31,971,37711,35392,3911,161570,93,3127,2474,49,7129,366,0.00537634
3,53265.2,15017.2,28720.6,25263,16,680,26752,24519,2919,111643,120,3318,2622,53,6723,668,0.00537634
3,71427.8,15017.2,28720.6,25263,13,680,26752,24519,2919,111643,120,3318,2622,53,6723,668,0.00537634
3,72758.9,15017.2,28720.6,25263,4,680,26752,24519,2919,111643,120,3318,2622,53,6723,668,0.00537634
3,6882.21,19959,23270.8,19629,4,799,32033,30095,3262,138138,139,3756,2899,83,9271,155,0.00537634
3,50314.8,19959,23270.8,19629,8,799,32033,30095,3262,138138,139,3756,2899,83,9271,155,0.00537634
3,65451.4,19959,23270.8,19629,31,799,32033,30095,3262,138138,139,3756,2899,83,9271,155,0.00537634
3,5501.76,1968.94,4592,4018,2,150,4336,3720,272,13318,29,553,399,10,1072,60,0.00537634
3,16610.6,1968.94,4592,4018,10,150,4336,3720,272,13318,29,553,399,10,1072,60,0.00537634
3,26522.9,1968.94,4592,4018,16,150,4336,3720,272,13318,29,553,399,10,1072,60,0.00537634
3,30270,20333.9,19511.3,16848,17,931,34505,32230,3467,143153,98,2666,2105,46,6050,269,0.00537634
3,31024,20333.9,19511.3,16848,15,931,34505,32230,3467,143153,98,2666,2105,46,6050,269,0.00537634
3,56433.8,20333.9,19511.3,16848,23,931,34505,32230,3467,143153,98,2666,2105,46,6050,269,0.00537634
3,60030.3,15706.6,30992.8,27416,25,634,25933,23740,2714,110298,121,3561,2808,78,6861,746,0.00537634
3,72802.7,15706.6,30992.8,27416,5,634,25933,23740,2714,110298,121,3561,2808,78,6861,746,0.00537634
3,76813.2,15706.6,30992.8,27416,11,634,25933,23740,2714,110298,121,3561,2808,78,6861,746,0.00537634
3,20062.9,23208.6,16904.3,14555,12,919,35339,32859,3585,147776,83,2523,1979,36,5608,296,0.00537634
3,36117.6,23208.6,16904.3,14555,23,919,35339,32859,3585,147776,83,2523,1979,36,5608,296,0.00537634
3,58063.9,23208.6,16904.3,14555,30,919,35339,32859,3585,147776,83,2523,1979,36,5608,296,0.00537634
3,15280.7,5127.9,3203.13,2836,10,318,9378,8059,663,29437,23,472,344,1,626,117,0.00537634
3,17544.3,5127.9,3203.13,2836,11,318,9378,8059,663,29437,23,472,344,1,626,117,0.00537634
3,27888.1,5127.9,3203.13,2836,4,318,9378,8059,663,29437,23,472,344,1,626,117,0.00537634
3,52781.3,11074.6,24545.6,21082,20,541,19391,17691,1989,77212,118,3456,2756,45,9088,364,0.00537634
3,54896,11074.6,24545.6,21082,2,541,19391,17691,1989,77212,118,3456,2756,45,9088,364,0.00537634
3,70776.2,11074.6,24545.6,21082,16,541,19391,17691,1989,77212,118,3456,2756,45,9088,364,0.00537634
3,27837.6,10511,17109,14820,13,466,14638,13281,1257,53657,84,2325,1814,22,4972,333,0.00537634
3,37831,10511,17109,14820,11,466,14638,13281,1257,53657,84,2325,1814,22,4972,333,0.00537634
3,43579.7,10511,17109,14820,14,466,14638,13281,1257,53657,84,2325,1814,22,4972,333,0.00537634
3,11792.6,2489.73,3356.22,2945,8,173,5248,4549,369,17295,35,542,401,7,896,91,0.00537634
3,18421.4,2489.73,3356.22,2945,13,173,5248,4549,369,17295,35,542,401,7,896,91,0.00537634
3,29873.9,2489.73,3356.22,2945,18,173,5248,4549,369,17295,35,542,401,7,896,91,0.00537634
3,36907,28829.2,46821.5,39706,9,1002,42462,40675,4698,201958,197,6302,5124,192,15785,678,0.00537634
3,68724.9,28829.2,46821.5,39706,37,1002,42462,40675,4698,201958,197,6302,5124,192,15785,678,0.00537634
3,92604.4,28829.2,46821.5,39706,49,1002,42462,40675,4698,201958,197,6302,5124,192,15785,678,0.00537634
3,3893.91,1815.41,1977.51,1753,3,175,3895,3193,186,10902,19,278,183,0,459,27,0.00537634
3,18998.7,1815.41,1977.51,1753,11,175,3895,3193,186,10902,19,278,183,0,459,27,0.00537634
3,19184.6,1815.41,1977.51,1753,7,175,3895,3193,186,10902,19,278,183,0,459,27,0.00537634
3,26751.8,20086.5,15556.9,13620,9,765,29061,26822,2937,114561,85,2100,1629,38,3787,354,0.00537634
3,44593.2,20086.5,15556.9,13620,20,765,29061,26822,2937,114561,85,2100,1629,38,3787,354,0.00537634
3,53209.1,20086.5,15556.9,13620,16,765,29061,26822,2937,114561,85,2100,1629,38,3787,354,0.00537634
3,14606.1,14852.6,9856.56,8618,9,605,21598,19175,1823,74275,58,1513,1152,11,2921,185,0.00537634
3,37429.5,14852.6,9856.56,8618,8,605,21598,19175,1823,74275,58,1513,1152,11,2921,185,0.00537634
3,41058.3,14852.6,9856.56,8618,16,605,21598,19175,1823,74275,58,1513,1152,11,2921,185,0.00537634
3,10074.3,1489.61,2845.91,2480,3,120,3358,2936,215,10732,25,450,325,0,871,57,0.00537634
3,12166.8,1489.61,2845.91,2480,10,120,3358,2936,215,10732,25,450,325,0,871,57,0.00537634
3,26900.8,1489.61,2845.91,2480,14,120,3358,2936,215,10732,25,450,325,0,871,57,0.00537634
3,24411,26220,37482.4,32116,5,990,40643,38767,4358,187009,169,5361,4295,136,12911,608,0.00537634
3,59311.8,26220,37482.4,32116,28,990,40643,38767,4358,187009,169,5361,4295,136,12911,608,0.00537634
3,80955.6,26220,37482.4,32116,46,990,40643,38767,4358,187009,169,5361,4295,136,12911,608,0.00537634
3,45520.9,23539.3,40905.9,35163,25,947,38765,36714,4132,173714,183,5643,4650,157,13375,871,0.00537634
3,53687.2,23539.3,40905.9,35163,23,947,38765,36714,4132,173714,183,5643,4650,157,13375,871,0.00537634
3,79853.3,23539.3,40905.9,35163,33,947,38765,36714,4132,173714,183,5643,4650,157,13375,871,0.00537634
3,36141.2,9542.21,21768.5,19164,11,542,18772,17246,1776,70488,90,2725,2147,15,5735,407,0.00537634
3,50413.3,9542.21,21768.5,19164,11,542,18772,17246,1776,70488,90,2725,2147,15,5735,407,0.00537634
3,58505.7,9542.21,21768.5,19164,4,542,18772,17246,1776,70488,90,2725,2147,15,5735,407,0.00537634
3,24793.8,14352.6,28470.8,24532,16,676,26572,24685,2753,109938,128,3712,2893,69,8511,388,0.00537634
3,62800.4,14352.6,28470.8,24532,13,676,26572,24685,2753,109938,128,3712,2893,69,8511,388,0.00537634
3,66212.6,14352.6,28470.8,24532,29,676,26572,24685,2753,109938,128,3712,2893,69,8511,388,0.00537634
3,29489.5,5689.6,14487.8,12651,17,398,12356,10877,1002,41173,87,1931,1441,29,3954,205,0.00537634
3,30917.2,5689.6,14487.8,12651,14,398,12356,10877,1002,41173,87,1931,1441,29,3954,205,0.00537634
3,32191.1,5689.6,14487.8,12651,14,398,12356,10877,1002,41173,87,1931,1441,29,3954,205,0.00537634
3,25129.1,4654.18,9810.32,8653,20,304,9042,7823,669,28240,56,1182,886,14,2174,171,0.00537634
3,25362.4,4654.18,9810.32,8653,15,304,9042,7823,669,28240,56,1182,886,14,2174,171,0.00537634
3,27986.5,4654.18,9810.32,8653,11,304,9042,7823,669,28240,56,1182,886,14,2174,171,0.00537634
3,57104.1,17664.7,53909.4,46495,19,745,30682,28335,3394,132400,237,6563,5162,142,17539,482,0.00537634
3,78726.4,17664.7,53909.4,46495,44,745,30682,28335,3394,132400,237,6563,5162,142,17539,482,0.00537634
3,78805.9,17664.7,53909.4,46495,17,745,30682,28335,3394,132400,237,6563,5162,142,17539,482,0.00537634
3,48826.6,12387,18304.1,16157,22,564,22830,20967,2383,94494,84,2418,1864,32,4229,558,0.00537634
3,63735.8,12387,18304.1,16157,9,564,22830,20967,2383,94494,84,2418,1864,32,4229,558,0.00537634
3,66075.5,12387,18304.1,16157,7,564,22830,20967,2383,94494,84,2418,1864,32,4229,558,0.00537634
3,24281.9,8125.46,8184.62,7197,13,440,13705,11944,1077,44730,54,1217,899,11,2087,182,0.00537634
3,27450,8125.46,8184.62,7197,13,440,13705,11944,1077,44730,54,1217,899,11,2087,182,0.00537634
3,33404.9,8125.46,8184.62,7197,16,440,13705,11944,1077,44730,54,1217,899,11,2087,182,0.00537634
3,28813.2,22918.8,24409.1,20922,16,980,37884,35752,3914,164382,110,3662,2925,76,8710,403,0.00537634
3,40124,22918.8,24409.1,20922,21,980,37884,35752,3914,164382,110,3662,2925,76,8710,403,0.00537634
3,66125.3,22918.8,24409.1,20922,27,980,37884,35752,3914,164382,110,3662,2925,76,8710,403,0.00537634
3,49815.7,21590.5,32988.5,28457,9,886,35747,33699,3868,157724,155,4600,3719,85,9644,860,0.00537634
3,55925.8,21590.5,32988.5,28457,39,886,35747,33699,3868,157724,155,4600,3719,85,9644,860,0.00537634
3,76274.3,21590.5,32988.5,28457,16,886,35747,33699,3868,157724,155,4600,3719,85,9644,860,0.00537634
3,37070.7,24755,23039.2,19901,21,970,36039,34034,3744,155850,123,3390,2696,81,7513,439,0.00537634
3,39156.1,24755,23039.2,19901,17,970,36039,34034,3744,155850,123,3390,2696,81,7513,439,0.00537634
3,65322.3,24755,23039.2,19901,27,970,36039,34034,3744,155850,123,3390,2696,81,7513,439,0.00537634
3,21180.8,10448.6,17028.4,14788,3,540,19641,18037,1845,74151,87,2205,1659,35,5279,57,0.00537634
3,49039.3,10448.6,17028.4,14788,21,540,19641,18037,1845,74151,87,2205,1659,35,5279,57,0.00537634
3,49098.5,10448.6,17028.4,14788,15,540,19641,18037,1845,74151,87,2205,1659,35,5279,57,0.00537634
3,20819.6,6858.45,12552.1,10851,9,445,14375,12939,1219,51284,58,1755,1351,14,3633,250,0.00537634
3,30794.7,6858.45,12552.1,10851,7,445,14375,12939,1219,51284,58,1755,1351,14,3633,250,0.00537634
3,41402,6858.45,12552.1,10851,28,445,14375,12939,1219,51284,58,1755,1351,14,3633,250,0.00537634
3,36212.9,9779.54,19172.9,16618,14,546,18852,17323,1807,70820,90,2664,2091,16,5497,399,0.00537634
3,50729.8,9779.54,19172.9,16618,12,546,18852,17323,1807,70820,90,2664,2091,16,5497,399,0.00537634
3,58717.2,9779.54,19172.9,16618,4,546,18852,17323,1807,70820,90,2664,2091,16,5497,399,0.00537634
3,13150.2,3424.59,3242.86,2834,4,265,8117,6910,520,24392,34,511,360,3,853,63,0.00537634
3,13691.3,3424.59,3242.86,2834,8,265,8117,6910,520,24392,34,511,360,3,853,63,0.00537634
3,26407.2,3424.59,3242.86,2834,18,265,8117,6910,520,24392,34,511,360,3,853,63,0.00537634
3,27538.1,8729.86,15993.2,13970,17,504,15844,14353,1371,56665,90,2066,1564,30,4473,145,0.00537634
3,37841.3,8729.86,15993.2,13970,19,504,15844,14353,1371,56665,90,2066,1564,30,4473,145,0.00537634
3,37867.2,8729.86,15993.2,13970,15,504,15844,14353,1371,56665,90,2066,1564,30,4473,145,0.00537634
3,21203.5,4383.66,6270.86,5526,11,362,9861,8654,787,32845,46,922,683,4,1625,128,0.00537634
3,22338.7,4383.66,6270.86,5526,5,362,9861,8654,787,32845,46,922,683,4,1625,128,0.00537634
3,31381.2,4383.66,6270.86,5526,22,362,9861,8654,787,32845,46,922,683,4,1625,128,0.00537634
3,13817.7,20458.1,24834.3,21115,7,764,30612,28664,3146,131159,127,3369,2594,59,8602,127,0.00537634
3,55073.7,20458.1,24834.3,21115,4,764,30612,28664,3146,131159,127,3369,2594,59,8602,127,0.00537634
3,67210.4,20458.1,24834.3,21115,33,764,30612,28664,3146,131159,127,3369,2594,59,8602,127,0.00537634
3,41717.4,9859.1,15852,13896,9,492,16680,15258,1571,62725,71,2130,1639,10,4526,245,0.00537634
3,44366.9,9859.1,15852,13896,11,492,16680,15258,1571,62725,71,2130,1639,10,4526,245,0.00537634
3,56317.4,9859.1,15852,13896,15,492,16680,15258,1571,62725,71,2130,1639,10,4526,245,0.00537634
3,26997.9,16488,17334.3,15220,5,770,28416,26257,2865,112511,90,2331,1793,33,4334,396,0.00537634
3,46263.1,16488,17334.3,15220,20,770,28416,26257,2865,112511,90,2331,1793,33,4334,396,0.00537634
3,53456.5,16488,17334.3,15220,12,770,28416,26257,2865,112511,90,2331,1793,33,4334,396,0.00537634
3,14576.1,8783.3,5755.63,5033,7,444,14400,12620,1118,47928,40,774,554,2,1163,144,0.00537634
3,24664.5,8783.3,5755.63,5033,14,444,14400,12620,1118,47928,40,774,554,2,1163,144,0.00537634
3,33922.7,8783.3,5755.63,5033,8,444,14400,12620,1118,47928,40,774,554,2,1163,144,0.00537634
3,53510,18072.8,38642.3,33634,15,765,30748,28543,3372,133666,172,4900,3910,92,11172,839,0.00537634
3,74293.3,18072.8,38642.3,33634,46,765,30748,28543,3372,133666,172,4900,3910,92,11172,839,0.00537634
3,76628.7,18072.8,38642.3,33634,9,765,30748,28543,3372,133666,172,4900,3910,92,11172,839,0.00537634
3,34139.1,9202.47,9501.25,8362,16,395,14409,13007,1219,53929,57,1302,966,6,2187,294,0.00537634
3,41231.1,9202.47,9501.25,8362,5,395,14409,13007,1219,53929,57,1302,966,6,2187,294,0.00537634
3,45343.1,9202.47,9501.25,8362,9,395,14409,13007,1219,53929,57,1302,966,6,2187,294,0.00537634
3,15296.5,21870.3,27285.6,23644,6,950,37140,35001,3936,162624,123,3597,2845,63,8107,416,0.00537634
3,49021.4,21870.3,27285.6,23644,27,950,37140,35001,3936,162624,123,3597,2845,63,8107,416,0.00537634
3,68954.4,21870.3,27285.6,23644,39,950,37140,35001,3936,162624,123,3597,2845,63,8107,416,0.00537634
3,2393.85,1889.74,2094.33,1873,3,133,3870,3365,296,12239,18,270,197,0,442,47,0.00537634
3,12385.4,1889.74,2094.33,1873,4,133,3870,3365,296,12239,18,270,197,0,442,47,0.00537634
3,27066.1,1889.74,2094.33,1873,5,133,3870,3365,296,12239,18,270,197,0,442,47,0.00537634
3,9542.6,6300.6,4610.28,3995,3,327,10427,9224,844,36086,31,764,561,11,1421,95,0.00537634
3,25915.2,6300.6,4610.28,3995,10,327,10427,9224,844,36086,31,764,561,11,1421,95,0.00537634
3,39231.7,6300.6,4610.28,3995,11,327,10427,9224,844,36086,31,764,561,11,1421,95,0.00537634
3,29431,7266.42,15121.3,13178,16,456,14270,12650,1178,48288,96,2265,1692,28,4677,234,0.00537634
3,33104,7266.42,15121.3,13178,18,456,14270,12650,1178,48288,96,2265,1692,28,4677,234,0.00537634
3,34910.4,7266.42,15121.3,13178,18,456,14270,12650,1178,48288,96,2265,1692,28,4677,234,0.00537634
3,15468.3,4467.02,5508.98,4806,4,249,8141,7112,630,25373,31,829,595,7,1749,67,0.00537634
3,28542.9,4467.02,5508.98,4806,15,249,8141,7112,630,25373,31,829,595,7,1749,67,0.00537634
3,29259,4467.02,5508.98,4806,12,249,8141,7112,630,25373,31,829,595,7,1749,67,0.00537634
3,18090.4,11823.6,9494.59,8212,11,661,23195,20473,2014,80192,51,1498,1130,22,3159,149,0.00537634
3,29988,11823.6,9494.59,8212,9,661,23195,20473,2014,80192,51,1498,1130,22,3159,149,0.00537634
3,42240.5,11823.6,9494.59,8212,18,661,23195,20473,2014,80192,51,1498,1130,22,3159,149,0.00537634
3,22954.1,7807.25,8868.92,7772,15,377,11502,10031,864,37659,68,1278,990,20,2518,199,0.00537634
3,26585.3,7807.25,8868.92,7772,14,377,11502,10031,864,37659,68,1278,990,20,2518,199,0.00537634
3,31002.5,7807.25,8868.92,7772,10,377,11502,10031,864,37659,68,1278,990,20,2518,199,0.00537634
3,34729.3,8387.06,15588.5,13660,3,502,16483,15131,1507,60500,70,1908,1481,14,4041,248,0.00537634
3,42510.5,8387.06,15588.5,13660,18,502,16483,15131,1507,60500,70,1908,1481,14,4041,248,0.00537634
3,50294.9,8387.06,15588.5,13660,5,502,16483,15131,1507,60500,70,1908,1481,14,4041,248,0.00537634
3,38537.8,7813.6,11134.1,9722,3,466,15766,14423,1411,58318,57,1779,1353,14,3732,228,0.00537634
3,41639.4,7813.6,11134.1,9722,9,466,15766,14423,1411,58318,57,1779,1353,14,3732,228,0.00537634
3,51706.1,7813.6,11134.1,9722,9,466,15766,14423,1411,58318,57,1779,1353,14,3732,228,0.00537634
3,14713.3,2194.93,3062.27,2749,10,214,5706,4843,313,16973,19,437,314,1,537,96,0.00537634
3,20298.9,2194.93,3062.27,2749,7,214,5706,4843,313,16973,19,437,314,1,537,96,0.00537634
3,22474.3,2194.93,3062.27,2749,4,214,5706,4843,313,16973,19,437,314,1,537,96,0.00537634
3,13403.3,11576.9,8574.32,7459,8,566,19983,17668,1706,68419,53,1307,980,8,2621,115,0.00537634
3,39476.4,11576.9,8574.32,7459,9,566,19983,17668,1706,68419,53,1307,980,8,2621,115,0.00537634
3,39855.5,11576.9,8574.32,7459,15,566,19983,17668,1706,68419,53,1307,980,8,2621,115,0.00537634
3,14070.5,4648.98,4734.2,4138,6,333,9838,8636,778,33163,29,746,543,13,1175,121,0.00537634
3,19456.4,4648.98,4734.2,4138,7,333,9838,8636,778,33163,29,746,543,13,1175,121,0.00537634
3,33254.9,4648.98,4734.2,4138,7,333,9838,8636,778,33163,29,746,543,13,1175,121,0.00537634
3,23439.3,6276.15,7666.31,6659,11,391,13480,12007,1124,46231,51,1034,747,16,2218,100,0.00537634
3,38837.7,6276.15,7666.31,6659,14,391,13480,12007,1124,46231,51,1034,747,16,2218,100,0.00537634
3,38955,6276.15,7666.31,6659,8,391,13480,12007,1124,46231,51,1034,747,16,2218,100,0.00537634
3,31617,21659.3,22211.7,19045,16,964,36378,34296,3682,157295,115,3289,2618,70,7695,369,0.00537634
3,37959.8,21659.3,22211.7,19045,21,964,36378,34296,3682,157295,115,3289,2618,70,7695,369,0.00537634
3,64038.8,21659.3,22211.7,19045,26,964,36378,34296,3682,157295,115,3289,2618,70,7695,369,0.00537634
3,38292.9,7362.45,11543.3,10144,20,407,15061,13653,1350,57548,67,1536,1149,8,2939,289,0.00537634
3,43275.2,7362.45,11543.3,10144,3,407,15061,13653,1350,57548,67,1536,1149,8,2939,289,0.00537634
3,48995.5,7362.45,11543.3,10144,12,407,15061,13653,1350,57548,67,1536,1149,8,2939,289,0.00537634
3,29794.5,24991.4,49894,42902,9,1014,41869,40094,4564,199606,209,6405,5203,182,16090,679,0.00537634
3,65241.8,24991.4,49894,42902,32,1014,41869,40094,4564,199606,209,6405,5203,182,16090,679,0.00537634
3,87379.8,24991.4,49894,42902,46,1014,41869,40094,4564,199606,209,6405,5203,182,16090,679,0.00537634
3,29101.8,12722,33230.7,28486,19,620,24192,22273,2465,96604,153,4505,3591,84,11231,403,0.00537634
3,63522.5,12722,33230.7,28486,26,620,24192,22273,2465,96604,153,4505,3591,84,11231,403,0.00537634
3,64246.8,12722,33230.7,28486,16,620,24192,22273,2465,96604,153,4505,3591,84,11231,403,0.00537634
3,13636.6,1245.66,3330.57,2945,6,120,2962,2561,136,9720,27,518,374,2,808,95,0.00537634
3,17989,1245.66,3330.57,2945,14,120,2962,2561,136,9720,27,518,374,2,808,95,0.00537634
3,21402.7,1245.66,3330.57,2945,11,120,2962,2561,136,9720,27,518,374,2,808,95,0.00537634
3,45385.9,11273.4,12331.1,10855,24,540,20369,18676,2024,82315,72,1713,1261,7,2987,313,0.00537634
3,57078.2,11273.4,12331.1,10855,4,540,20369,18676,2024,82315,72,1713,1261,7,2987,313,0.00537634
3,61729.6,11273.4,12331.1,10855,12,540,20369,18676,2024,82315,72,1713,1261,7,2987,313,0.00537634
3,14041.6,16553,17395.2,15031,4,709,25860,23865,2588,102073,100,2585,1967,30,5876,223,0.00537634
3,48247.2,16553,17395.2,15031,12,709,25860,23865,2588,102073,100,2585,1967,30,5876,223,0.00537634
3,55765.7,16553,17395.2,15031,26,709,25860,23865,2588,102073,100,2585,1967,30,5876,223,0.00537634
3,21724.3,11081.7,15013.1,13087,2,496,16756,15211,1551,63613,70,1851,1371,16,3904,183,0.00537634
3,37693.6,11081.7,15013.1,13087,13,496,16756,15211,1551,63613,70,1851,1371,16,3904,183,0.00537634
3,51010.2,11081.7,15013.1,13087,14,496,16756,15211,1551,63613,70,1851,1371,16,3904,183,0.00537634
3,15495.3,13517.5,16347,14064,3,672,23612,21772,2351,92195,94,2471,1896,41,5552,238,0.00537634
3,46234.2,13517.5,16347,14064,14,672,23612,21772,2351,92195,94,2471,1896,41,5552,238,0.00537634
3,52051,13517.5,16347,14064,23,672,23612,21772,2351,92195,94,2471,1896,41,5552,238,0.00537634
3,5938.64,12764.2,11710.5,9927,5,582,22190,19862,1972,78309,66,1651,1263,41,4268,107,0.00537634
3,32397.8,12764.2,11710.5,9927,11,582,22190,19862,1972,78309,66,1651,1263,41,4268,107,0.00537634
3,42685.8,12764.2,11710.5,9927,28,582,22190,19862,1972,78309,66,1651,1263,41,4268,107,0.00537634
3,20071.6,2451.73,4461.41,3947,6,201,5549,4774,368,18174,35,719,532,0,1302,141,0.00537634
3,23797.2,2451.73,4461.41,3947,8,201,5549,4774,368,18174,35,719,532,0,1302,141,0.00537634
3,27598.1,2451.73,4461.41,3947,13,201,5549,4774,368,18174,35,719,532,0,1302,141,0.00537634
3,22263,10091.9,11818.4,10336,11,466,17661,16059,1546,65424,58,1584,1166,8,3324,194,0.00537634
3,41768.6,10091.9,11818.4,10336,11,466,17661,16059,1546,65424,58,1584,1166,8,3324,194,0.00537634
3,43686.9,10091.9,11818.4,10336,19,466,17661,16059,1546,65424,58,1584,1166,8,3324,194,0.00537634
3,42127.2,23696,36921.7,32248,29,970,37900,35817,4134,167035,156,4756,3848,116,11033,719,0.00537634
3,47737.9,23696,36921.7,32248,20,970,37900,35817,4134,167035,156,4756,3848,116,11033,719,0.00537634
3,73904,23696,36921.7,32248,30,970,37900,35817,4134,167035,156,4756,3848,116,11033,719,0.00537634
3,16109.6,4355.72,5135.11,4435,4,322,8010,6989,614,25633,35,679,490,3,1058,116,0.00537634
3,19233.9,4355.72,5135.11,4435,9,322,8010,6989,614,25633,35,679,490,3,1058,116,0.00537634
3,27779.2,4355.72,5135.11,4435,10,322,8010,6989,614,25633,35,679,490,3,1058,116,0.00537634
3,9035.51,816.777,1871.61,1659,4,81,2043,1618,71,5311,18,286,199,0,493,49,0.00537634
3,12412.4,816.777,1871.61,1659,9,81,2043,1618,71,5311,18,286,199,0,493,49,0.00537634
3,14262.1,816.777,1871.61,1659,7,81,2043,1618,71,5311,18,286,199,0,493,49,0.00537634
3,36058.5,17532.2,18371.8,15820,5,814,30732,28677,3207,128842,99,2574,1994,45,5019,447,0.00537634
3,53031.9,17532.2,18371.8,15820,26,814,30732,28677,3207,128842,99,2574,1994,45,5019,447,0.00537634
3,62517.1,17532.2,18371.8,15820,12,814,30732,28677,3207,128842,99,2574,1994,45,5019,447,0.00537634
3,33655.8,16214.6,20264.7,17712,8,714,27306,25212,2768,110257,85,2580,2009,38,5274,432,0.00537634
3,56456.1,16214.6,20264.7,17712,27,714,27306,25212,2768,110257,85,2580,2009,38,5274,432,0.00537634
3,58811.4,16214.6,20264.7,17712,5,714,27306,25212,2768,110257,85,2580,2009,38,5274,432,0.00537634
3,33144.6,28592.3,38867.8,32769,7,987,41536,39767,4523,193112,156,5293,4309,157,13771,513,0.00537634
3,59911.5,28592.3,38867.8,32769,35,987,41536,39767,4523,193112,156,5293,4309,157,13771,513,0.00537634
3,84711.8,28592.3,38867.8,32769,41,987,41536,39767,4523,193112,156,5293,4309,157,13771,513,0.00537634
3,53771.9,10155.5,27471.8,23933,20,535,19215,17534,1974,77072,118,3484,2770,45,9147,370,0.00537634
3,55080.2,10155.5,27471.8,23933,2,535,19215,17534,1974,77072,118,3484,2770,45,9147,370,0.00537634
3,71007.3,10155.5,27471.8,23933,13,535,19215,17534,1974,77072,118,3484,2770,45,9147,370,0.00537634
3,32579.7,7209.51,14029.1,12485,13,434,13997,12598,1152,49652,61,1750,1350,21,3518,281,0.00537634
3,32886.1,7209.51,14029.1,12485,14,434,13997,12598,1152,49652,61,1750,1350,21,3518,281,0.00537634
3,36354.8,7209.51,14029.1,12485,6,434,13997,12598,1152,49652,61,1750,1350,21,3518,281,0.00537634
3,48094.3,11006.9,26570.9,22806,21,538,19924,18224,2006,78377,108,3657,2932,48,9532,400,0.00537634
3,55170,11006.9,26570.9,22806,5,538,19924,18224,2006,78377,108,3657,2932,48,9532,400,0.00537634
3,69234.7,11006.9,26570.9,22806,16,538,19924,18224,2006,78377,108,3657,2932,48,9532,400,0.00537634
3,30381.9,10069.6,12033.4,10648,3,509,16978,15606,1501,62591,59,1575,1231,7,3115,291,0.00537634
3,44027.2,10069.6,12033.4,10648,17,509,16978,15606,1501,62591,59,1575,1231,7,3115,291,0.00537634
3,48952.8,10069.6,12033.4,10648,3,509,16978,15606,1501,62591,59,1575,1231,7,3115,291,0.00537634
3,8051.01,18840,21909.3,18549,2,792,29574,27618,3047,122263,120,2904,2178,58,6927,117,0.00537634
3,43955.1,18840,21909.3,18549,6,792,29574,27618,3047,122263,120,2904,2178,58,6927,117,0.00537634
3,57446.8,18840,21909.3,18549,22,792,29574,27618,3047,122263,120,2904,2178,58,6927,117,0.00537634
3,17342.5,6546.94,10295.1,8961,6,411,13228,11737,1082,46000,51,1505,1160,16,3222,184,0.00537634
3,27387.7,6546.94,10295.1,8961,11,411,13228,11737,1082,46000,51,1505,1160,16,3222,184,0.00537634
3,39573.7,6546.94,10295.1,8961,30,411,13228,11737,1082,46000,51,1505,1160,16,3222,184,0.00537634
3,10123.8,1783.29,3586.2,3180,10,150,4251,3561,207,12440,26,497,368,3,922,91,0.00537634
3,14574.8,1783.29,3586.2,3180,11,150,4251,3561,207,12440,26,497,368,3,922,91,0.00537634
3,19837.8,1783.29,3586.2,3180,11,150,4251,3561,207,12440,26,497,368,3,922,91,0.00537634
3,34247.1,10249,17741.2,15481,8,526,17722,16274,1689,64987,88,2427,1916,12,4885,398,0.00537634
3,47935.9,10249,17741.2,15481,20,526,17722,16274,1689,64987,88,2427,1916,12,4885,398,0.00537634
3,54549.8,10249,17741.2,15481,3,526,17722,16274,1689,64987,88,2427,1916,12,4885,398,0.00537634
3,50086.8,18340.2,49113.8,41798,16,749,30043,27683,3328,126601,247,6394,4987,138,16913,503,0.00537634
3,72458.1,18340.2,49113.8,41798,10,749,30043,27683,3328,126601,247,6394,4987,138,16913,503,0.00537634
3,73836.3,18340.2,49113.8,41798,36,749,30043,27683,3328,126601,247,6394,4987,138,16913,503,0.00537634
3,16076.2,2081.95,5458.97,4910,5,164,5071,4273,272,14882,26,656,485,2,1243,84,0.00537634
3,16357.4,2081.95,5458.97,4910,16,164,5071,4273,272,14882,26,656,485,2,1243,84,0.00537634
3,21816.3,2081.95,5458.97,4910,17,164,5071,4273,272,14882,26,656,485,2,1243,84,0.00537634
3,19688.3,25215.8,30533.9,26217,2,957,38603,36469,3992,172475,137,4045,3202,80,9342,445,0.00537634
3,54601.6,25215.8,30533.9,26217,28,957,38603,36469,3992,172475,137,4045,3202,80,9342,445,0.00537634
3,75097.5,25215.8,30533.9,26217,42,957,38603,36469,3992,172475,137,4045,3202,80,9342,445,0.00537634
3,11868.1,8877.14,6756.75,5721,10,510,17374,15235,1431,57369,37,1001,752,17,2022,73,0.00537634
3,34896.7,8877.14,6756.75,5721,6,510,17374,15235,1431,57369,37,1001,752,17,2022,73,0.00537634
3,37195.6,8877.14,6756.75,5721,17,510,17374,15235,1431,57369,37,1001,752,17,2022,73,0.00537634
3,56906.8,17231.4,50269.7,43052,22,758,30737,28322,3415,132557,225,6260,4896,119,15966,595,0.00537634
3,78357,17231.4,50269.7,43052,16,758,30737,28322,3415,132557,225,6260,4896,119,15966,595,0.00537634
3,78936.9,17231.4,50269.7,43052,14,758,30737,28322,3415,132557,225,6260,4896,119,15966,595,0.00537634
3,5264.9,1258,1285.88,1118,4,115,2970,2529,151,9149,17,213,148,0,331,32,0.00537634
3,5415.06,1258,1285.88,1118,3,115,2970,2529,151,9149,17,213,148,0,331,32,0.00537634
3,19335.6,1258,1285.88,1118,5,115,2970,2529,151,9149,17,213,148,0,331,32,0.00537634
3,25209,3063.63,3558.24,3151,4,234,7370,6416,533,23890,30,534,371,1,668,136,0.00537634
3,28874.3,3063.63,3558.24,3151,8,234,7370,6416,533,23890,30,534,371,1,668,136,0.00537634
3,31406.3,3063.63,3558.24,3151,7,234,7370,6416,533,23890,30,534,371,1,668,136,0.00537634
3,16605.2,1016.82,5476.59,4884,4,112,2909,2488,161,9516,31,670,480,4,1171,53,0.00537634
3,23296.7,1016.82,5476.59,4884,18,112,2909,2488,161,9516,31,670,480,4,1171,53,0.00537634
3,23303,1016.82,5476.59,4884,4,112,2909,2488,161,9516,31,670,480,4,1171,53,0.00537634
3,51365.3,10674.9,26880.8,23315,18,546,19037,17382,1944,75351,121,3434,2745,54,8949,348,0.00537634
3,53040.7,10674.9,26880.8,23315,2,546,19037,17382,1944,75351,121,3434,2745,54,8949,348,0.00537634
3,68874.6,10674.9,26880.8,23315,16,546,19037,17382,1944,75351,121,3434,2745,54,8949,348,0.00537634
3,22044.3,13380.1,7913.17,6925,11,576,20690,18346,1859,71252,53,1102,788,6,1918,133,0.00537634
3,24536.3,13380.1,7913.17,6925,6,576,20690,18346,1859,71252,53,1102,788,6,1918,133,0.00537634
3,39924.2,13380.1,7913.17,6925,21,576,20690,18346,1859,71252,53,1102,788,6,1918,133,0.00537634
3,10182.1,1207.18,2241.88,1917,2,115,3118,2628,176,9342,21,377,253,6,730,24,0.00537634
3,17442.8,1207.18,2241.88,1917,3,115,3118,2628,176,9342,21,377,253,6,730,24,0.00537634
3,24344,1207.18,2241.88,1917,13,115,3118,2628,176,9342,21,377,253,6,730,24,0.00537634
3,22147.7,6742.1,8710.55,7627,11,411,13121,11424,1051,42847,54,1208,884,17,2087,169,0.00537634
3,29129.2,6742.1,8710.55,7627,14,411,13121,11424,1051,42847,54,1208,884,17,2087,169,0.00537634
3,32600.8,6742.1,8710.55,7627,16,411,13121,11424,1051,42847,54,1208,884,17,2087,169,0.00537634
3,32665.7,8547.61,14662.1,12985,9,460,14963,13659,1215,54821,72,2014,1572,12,4065,332,0.00537634
3,35542.4,8547.61,14662.1,12985,13,460,14963,13659,1215,54821,72,2014,1572,12,4065,332,0.00537634
3,39792.9,8547.61,14662.1,12985,5,460,14963,13659,1215,54821,72,2014,1572,12,4065,332,0.00537634
3,11480.9,3233,4161.12,3679,7,267,7432,6313,461,22465,38,589,422,3,1033,69,0.00537634
3,15648.4,3233,4161.12,3679,4,267,7432,6313,461,22465,38,589,422,3,1033,69,0.00537634
3,25391.1,3233,4161.12,3679,19,267,7432,6313,461,22465,38,589,422,3,1033,69,0.00537634
3,5305.76,1535.68,3205.56,2802,7,182,4012,3347,234,11502,21,380,265,2,652,42,0.00537634
3,12779.8,1535.68,3205.56,2802,8,182,4012,3347,234,11502,21,380,265,2,652,42,0.00537634
3,20139,1535.68,3205.56,2802,12,182,4012,3347,234,11502,21,380,265,2,652,42,0.00537634
3,37539,8738.41,17279.9,15190,8,533,17403,15957,1658,65003,80,2200,1698,7,4440,302,0.00537634
3,46849.6,8738.41,17279.9,15190,11,533,17403,15957,1658,65003,80,2200,1698,7,4440,302,0.00537634
3,55922.5,8738.41,17279.9,15190,7,533,17403,15957,1658,65003,80,2200,1698,7,4440,302,0.00537634
3,43279,21964.9,28723.2,24851,19,881,34938,32940,3659,151602,148,3932,3163,89,8649,656,0.00537634
3,48505.2,21964.9,28723.2,24851,28,881,34938,32940,3659,151602,148,3932,3163,89,8649,656,0.00537634
3,69736.2,21964.9,28723.2,24851,26,881,34938,32940,3659,151602,148,3932,3163,89,8649,656,0.00537634
3,60737.6,15670.8,30670.8,27145,24,676,27547,25254,2971,118171,125,3736,2971,59,7610,807,0.00537634
3,76278.3,15670.8,30670.8,27145,10,676,27547,25254,2971,118171,125,3736,2971,59,7610,807,0.00537634
3,78614.2,15670.8,30670.8,27145,8,676,27547,25254,2971,118171,125,3736,2971,59,7610,807,0.00537634
3,11803.9,2158.32,3033.57,2727,5,158,4318,3732,273,13512,28,400,281,3,599,81,0.00537634
3,14387.3,2158.32,3033.57,2727,5,158,4318,3732,273,13512,28,400,281,3,599,81,0.00537634
3,23878.4,2158.32,3033.57,2727,14,158,4318,3732,273,13512,28,400,281,3,599,81,0.00537634
3,8534.49,1507.51,2511.34,2167,9,149,3667,3096,179,10589,26,337,245,0,581,60,0.00537634
3,9366.64,1507.51,2511.34,2167,5,149,3667,3096,179,10589,26,337,245,0,581,60,0.00537634
3,19042.9,1507.51,2511.34,2167,7,149,3667,3096,179,10589,26,337,245,0,581,60,0.00537634
3,8054.58,19447.2,23612,19594,5,796,31200,29228,3195,133212,138,3714,2891,79,9457,94,0.00537634
3,48132.4,19447.2,23612,19594,4,796,31200,29228,3195,133212,138,3714,2891,79,9457,94,0.00537634
3,63005.4,19447.2,23612,19594,37,796,31200,29228,3195,133212,138,3714,2891,79,9457,94,0.00537634
3,45660.4,29831,65625.1,55571,17,1025,44203,42358,4927,216881,265,8669,7154,261,23584,973,0.00537634
3,78549.2,29831,65625.1,55571,40,1025,44203,42358,4927,216881,265,8669,7154,261,23584,973,0.00537634
3,102751,29831,65625.1,55571,55,1025,44203,42358,4927,216881,265,8669,7154,261,23584,973,0.00537634
3,41728.5,7683.31,13422.2,11254,4,474,16018,14633,1614,60829,67,2200,1701,27,5828,150,0.00537634
3,45493.4,7683.31,13422.2,11254,7,474,16018,14633,1614,60829,67,2200,1701,27,5828,150,0.00537634
3,56425.9,7683.31,13422.2,11254,16,474,16018,14633,1614,60829,67,2200,1701,27,5828,150,0.00537634
3,14198.3,14779.9,19865.9,17217,7,706,25415,23483,2556,99756,106,2681,2040,49,6120,218,0.00537634
3,39408.8,14779.9,19865.9,17217,10,706,25415,23483,2556,99756,106,2681,2040,49,6120,218,0.00537634
3,50695.5,14779.9,19865.9,17217,22,706,25415,23483,2556,99756,106,2681,2040,49,6120,218,0.00537634
3,48524,26586.6,55002.1,47097,24,983,41323,39139,4560,188007,197,6750,5599,181,17081,1061,0.00537634
3,60530.4,26586.6,55002.1,47097,30,983,41323,39139,4560,188007,197,6750,5599,181,17081,1061,0.00537634
3,86609.4,26586.6,55002.1,47097,35,983,41323,39139,4560,188007,197,6750,5599,181,17081,1061,0.00537634
3,20251.5,13214.9,19242.8,16466,10,633,23165,21305,2234,90452,116,2835,2204,48,6508,273,0.00537634
3,53406,13214.9,19242.8,16466,14,633,23165,21305,2234,90452,116,2835,2204,48,6508,273,0.00537634
3,55783.1,13214.9,19242.8,16466,24,633,23165,21305,2234,90452,116,2835,2204,48,6508,273,0.00537634
3,44582.7,30144.6,67626.2,57388,16,1025,44217,42365,4929,216689,266,8668,7150,263,23411,982,0.00537634
3,77474.6,30144.6,67626.2,57388,44,1025,44217,42365,4929,216689,266,8668,7150,263,23411,982,0.00537634
3,101673,30144.6,67626.2,57388,54,1025,44217,42365,4929,216689,266,8668,7150,263,23411,982,0.00537634
3,48621.7,22563.5,32555.1,28290,9,887,35524,33489,3803,156330,153,4302,3462,59,8887,813,0.00537634
3,55483.3,22563.5,32555.1,28290,32,887,35524,33489,3803,156330,153,4302,3462,59,8887,813,0.00537634
3,75080.3,22563.5,32555.1,28290,16,887,35524,33489,3803,156330,153,4302,3462,59,8887,813,0.00537634
3,2812,2378.06,2505.42,2162,3,140,3829,3299,265,12241,26,388,291,3,717,55,0.00537634
3,11049.6,2378.06,2505.42,2162,6,140,3829,3299,265,12241,26,388,291,3,717,55,0.00537634
3,24939.2,2378.06,2505.42,2162,10,140,3829,3299,265,12241,26,388,291,3,717,55,0.00537634
3,21041.2,13738.8,15313.4,13334,6,694,25847,23641,2476,97999,81,2195,1738,32,4390,323,0.00537634
3,43587.8,13738.8,15313.4,13334,14,694,25847,23641,2476,97999,81,2195,1738,32,4390,323,0.00537634
3,47498.5,13738.8,15313.4,13334,13,694,25847,23641,2476,97999,81,2195,1738,32,4390,323,0.00537634
3,36410.9,8330.41,14072,12342,5,478,15469,14160,1410,56346,73,1955,1509,12,3948,296,0.00537634
3,39759.8,8330.41,14072,12342,16,478,15469,14160,1410,56346,73,1955,1509,12,3948,296,0.00537634
3,47960.8,8330.41,14072,12342,7,478,15469,14160,1410,56346,73,1955,1509,12,3948,296,0.00537634
3,14509.7,2555.03,3389.51,3099,9,232,6211,5282,356,18624,20,357,251,2,427,85,0.00537634
3,18994.1,2555.03,3389.51,3099,6,232,6211,5282,356,18624,20,357,251,2,427,85,0.00537634
3,23222.2,2555.03,3389.51,3099,4,232,6211,5282,356,18624,20,357,251,2,427,85,0.00537634
3,21173.6,12088.5,6979.32,6015,10,563,20257,18067,1780,70173,56,1110,808,11,2029,115,0.00537634
3,25851.3,12088.5,6979.32,6015,6,563,20257,18067,1780,70173,56,1110,808,11,2029,115,0.00537634
3,39750.3,12088.5,6979.32,6015,18,563,20257,18067,1780,70173,56,1110,808,11,2029,115,0.00537634
3,29809.9,25971.6,44494.7,37628,4,1010,41669,39940,4535,196470,194,6179,4998,172,15592,664,0.00537634
3,62802.3,25971.6,44494.7,37628,34,1010,41669,39940,4535,196470,194,6179,4998,172,15592,664,0.00537634
3,85797.4,25971.6,44494.7,37628,43,1010,41669,39940,4535,196470,194,6179,4998,172,15592,664,0.00537634
3,28420.2,7416.67,11635.9,10094,2,436,14537,13196,1351,53762,68,1682,1262,10,3470,240,0.00537634
3,44321.8,7416.67,11635.9,10094,13,436,14537,13196,1351,53762,68,1682,1262,10,3470,240,0.00537634
3,49517,7416.67,11635.9,10094,17,436,14537,13196,1351,53762,68,1682,1262,10,3470,240,0.00537634
3,5181.11,1418.52,1971.86,1775,5,165,3385,2802,153,9555,17,288,200,0,405,58,0.00537634
3,15681.7,1418.52,1971.86,1775,9,165,3385,2802,153,9555,17,288,200,0,405,58,0.00537634
3,18784.8,1418.52,1971.86,1775,7,165,3385,2802,153,9555,17,288,200,0,405,58,0.00537634
3,19800,9568.92,10934.3,9307,10,509,19115,17422,1641,71252,53,1507,1107,7,3179,177,0.00537634
3,41155.9,9568.92,10934.3,9307,8,509,19115,17422,1641,71252,53,1507,1107,7,3179,177,0.00537634
3,44162,9568.92,10934.3,9307,20,509,19115,17422,1641,71252,53,1507,1107,7,3179,177,0.00537634
3,12197.4,3545,4226.63,3668,7,267,7837,6643,485,23568,36,569,407,2,963,67,0.00537634
3,14735.6,3545,4226.63,3668,4,267,7837,6643,485,23568,36,569,407,2,963,67,0.00537634
3,25953.3,3545,4226.63,3668,19,267,7837,6643,485,23568,36,569,407,2,963,67,0.00537634
3,29567.3,7291.7,14717.8,12896,14,448,13665,12399,1161,49278,78,2110,1634,18,4561,283,0.00537634
3,37641.4,7291.7,14717.8,12896,7,448,13665,12399,1161,49278,78,2110,1634,18,4561,283,0.00537634
3,40771.9,7291.7,14717.8,12896,13,448,13665,12399,1161,49278,78,2110,1634,18,4561,283,0.00537634
3,23610.3,5356.92,6679.74,5932,9,330,10833,9566,841,35842,44,799,572,9,1548,118,0.00537634
3,35453.9,5356.92,6679.74,5932,12,330,10833,9566,841,35842,44,799,572,9,1548,118,0.00537634
3,35828.9,5356.92,6679.74,5932,7,330,10833,9566,841,35842,44,799,572,9,1548,118,0.00537634
3,8162.26,8783.17,8226.66,7179,4,485,17669,15461,1492,58988,44,1139,863,3,2164,173,0.00537634
3,30816.5,8783.17,8226.66,7179,16,485,17669,15461,1492,58988,44,1139,863,3,2164,173,0.00537634
3,37302,8783.17,8226.66,7179,10,485,17669,15461,1492,58988,44,1139,863,3,2164,173,0.00537634
3,18734.3,24709.1,35963,30628,10,873,36801,34698,4020,166476,164,4902,3944,117,12445,440,0.00537634
3,63003.7,24709.1,35963,30628,23,873,36801,34698,4020,166476,164,4902,3944,117,12445,440,0.00537634
3,79319.6,24709.1,35963,30628,40,873,36801,34698,4020,166476,164,4902,3944,117,12445,440,0.00537634
3,13680.8,1519.33,6500.56,5727,4,121,3099,2708,192,10352,30,941,735,4,1937,124,0.00537634
3,19779.6,1519.33,6500.56,5727,8,121,3099,2708,192,10352,30,941,735,4,1937,124,0.00537634
3,24213.9,1519.33,6500.56,5727,16,121,3099,2708,192,10352,30,941,735,4,1937,124,0.00537634
3,11646.2,1577.39,3152.02,2812,4,118,3518,2995,208,10718,24,447,338,4,814,70,0.00537634
3,13336.2,1577.39,3152.02,2812,13,118,3518,2995,208,10718,24,447,338,4,814,70,0.00537634
3,20044.9,1577.39,3152.02,2812,11,118,3518,2995,208,10718,24,447,338,4,814,70,0.00537634
3,18182.8,2550.54,6481.21,5766,16,198,6080,5239,410,18980,37,816,593,6,1585,90,0.00537634
3,24241.1,2550.54,6481.21,5766,17,198,6080,5239,410,18980,37,816,593,6,1585,90,0.00537634
3,24486.5,2550.54,6481.21,5766,11,198,6080,5239,410,18980,37,816,593,6,1585,90,0.00537634
3,11927.7,2339.3,2173.12,1920,7,222,5677,4799,322,17312,17,330,226,0,430,59,0.00537634
3,19934.6,2339.3,2173.12,1920,5,222,5677,4799,322,17312,17,330,226,0,430,59,0.00537634
3,22377.7,2339.3,2173.12,1920,7,222,5677,4799,322,17312,17,330,226,0,430,59,0.00537634
3,40758.8,30359.4,45029.8,37298,7,975,42643,40801,4707,199475,188,6014,4933,231,15892,541,0.00537634
3,64373.9,30359.4,45029.8,37298,37,975,42643,40801,4707,199475,188,6014,4933,231,15892,541,0.00537634
3,90452.9,30359.4,45029.8,37298,42,975,42643,40801,4707,199475,188,6014,4933,231,15892,541,0.00537634
3,18915.1,13868.4,19641.4,16640,2,592,21507,19778,2069,81866,93,2682,2085,36,6215,254,0.00537634
3,47758.5,13868.4,19641.4,16640,15,592,21507,19778,2069,81866,93,2682,2085,36,6215,254,0.00537634
3,50346.4,13868.4,19641.4,16640,21,592,21507,19778,2069,81866,93,2682,2085,36,6215,254,0.00537634
3,10313.2,1103.89,2290.14,2055,5,109,2767,2258,128,7606,16,321,234,1,518,53,0.00537634
3,10514.4,1103.89,2290.14,2055,9,109,2767,2258,128,7606,16,321,234,1,518,53,0.00537634
3,16417.6,1103.89,2290.14,2055,8,109,2767,2258,128,7606,16,321,234,1,518,53,0.00537634
3,13805.3,14491.7,17760.8,15005,3,707,25131,23185,2537,99222,94,2489,1879,39,5685,202,0.00537634
3,45150.8,14491.7,17760.8,15005,11,707,25131,23185,2537,99222,94,2489,1879,39,5685,202,0.00537634
3,53251.7,14491.7,17760.8,15005,30,707,25131,23185,2537,99222,94,2489,1879,39,5685,202,0.00537634
3,30559,8796.4,15518.6,13662,9,480,16103,14739,1357,59462,73,1966,1525,17,3824,339,0.00537634
3,38056.2,8796.4,15518.6,13662,14,480,16103,14739,1357,59462,73,1966,1525,17,3824,339,0.00537634
3,42083.2,8796.4,15518.6,13662,8,480,16103,14739,1357,59462,73,1966,1525,17,3824,339,0.00537634
3,21672,20510.1,17350.6,15026,10,895,32978,30346,3368,129829,76,2252,1766,28,4863,289,0.00537634
3,31126.8,20510.1,17350.6,15026,17,895,32978,30346,3368,129829,76,2252,1766,28,4863,289,0.00537634
3,52746.3,20510.1,17350.6,15026,28,895,32978,30346,3368,129829,76,2252,1766,28,4863,289,0.00537634
3,6463.03,6117.62,5276.84,4549,5,345,11210,9696,781,35725,39,793,590,12,1739,62,0.00537634
3,20138.8,6117.62,5276.84,4549,7,345,11210,9696,781,35725,39,793,590,12,1739,62,0.00537634
3,31182.9,6117.62,5276.84,4549,16,345,11210,9696,781,35725,39,793,590,12,1739,62,0.00537634
3,22830.1,12313.9,7388.53,6416,9,611,20948,18473,1884,72085,50,1043,741,6,1710,137,0.00537634
3,23410.7,12313.9,7388.53,6416,13,611,20948,18473,1884,72085,50,1043,741,6,1710,137,0.00537634
3,40295.7,12313.9,7388.53,6416,20,611,20948,18473,1884,72085,50,1043,741,6,1710,137,0.00537634
3,40827.5,25381.9,40038.7,34273,24,957,39172,37067,4190,174796,162,5108,4182,124,12352,729,0.00537634
3,52034.8,25381.9,40038.7,34273,29,957,39172,37067,4190,174796,162,5108,4182,124,12352,729,0.00537634
3,78113.8,25381.9,40038.7,34273,34,957,39172,37067,4190,174796,162,5108,4182,124,12352,729,0.00537634
3,13354.1,9680.93,8243.94,7216,5,423,14901,12993,1212,48695,53,1215,909,12,2399,109,0.00537634
3,32090.7,9680.93,8243.94,7216,9,423,14901,12993,1212,48695,53,1215,909,12,2399,109,0.00537634
3,34861.6,9680.93,8243.94,7216,20,423,14901,12993,1212,48695,53,1215,909,12,2399,109,0.00537634
3,12376.8,8542.99,9248.38,8165,6,431,15550,13604,1205,51884,45,1028,768,7,1639,192,0.00537634
3,28950.2,8542.99,9248.38,8165,14,431,15550,13604,1205,51884,45,1028,768,7,1639,192,0.00537634
3,35103.4,8542.99,9248.38,8165,12,431,15550,13604,1205,51884,45,1028,768,7,1639,192,0.00537634
3,2768.17,9939.54,8904.03,7624,3,519,18529,16435,1567,63552,56,1279,997,27,2982,118,0.00537634
3,27564.7,9939.54,8904.03,7624,11,519,18529,16435,1567,63552,56,1279,997,27,2982,118,0.00537634
3,38758.1,9939.54,8904.03,7624,19,519,18529,16435,1567,63552,56,1279,997,27,2982,118,0.00537634
3,25258.5,26870.9,48009.3,41133,13,934,39845,37634,4262,183221,190,6032,4910,142,14654,761,0.00537634
3,66501.8,26870.9,48009.3,41133,31,934,39845,37634,4262,183221,190,6032,4910,142,14654,761,0.00537634
3,85134.5,26870.9,48009.3,41133,44,934,39845,37634,4262,183221,190,6032,4910,142,14654,761,0.00537634
3,15630.2,11797.9,8953.12,7752,10,586,19981,17569,1758,67774,50,1290,969,20,2886,106,0.00537634
3,30513.5,11797.9,8953.12,7752,6,586,19981,17569,1758,67774,50,1290,969,20,2886,106,0.00537634
3,39566.5,11797.9,8953.12,7752,18,586,19981,17569,1758,67774,50,1290,969,20,2886,106,0.00537634
3,17827.6,12551.3,12672.7,10754,8,564,21836,20024,1989,81459,59,1787,1359,19,4396,156,0.00537634
3,39913.5,12551.3,12672.7,10754,7,564,21836,20024,1989,81459,59,1787,1359,19,4396,156,0.00537634
3,45959.7,12551.3,12672.7,10754,20,564,21836,20024,1989,81459,59,1787,1359,19,4396,156,0.00537634
3,44650.7,13807.9,16541,14453,23,547,21055,19311,2123,85366,80,1987,1501,18,3298,479,0.00537634
3,59155.5,13807.9,16541,14453,9,547,21055,19311,2123,85366,80,1987,1501,18,3298,479,0.00537634
3,61495.9,13807.9,16541,14453,8,547,21055,19311,2123,85366,80,1987,1501,18,3298,479,0.00537634
3,31780.7,11535.7,12682.1,11101,16,526,19534,17958,1790,76144,64,1633,1235,13,3066,305,0.00537634
3,50024.4,11535.7,12682.1,11101,13,526,19534,17958,1790,76144,64,1633,1235,13,3066,305,0.00537634
3,51241.6,11535.7,12682.1,11101,9,526,19534,17958,1790,76144,64,1633,1235,13,3066,305,0.00537634
3,18795.1,26934.1,37225.2,31741,8,869,37133,35036,3930,168441,166,5085,4104,100,12879,509,0.00537634
3,62380.2,26934.1,37225.2,31741,32,869,37133,35036,3930,168441,166,5085,4104,100,12879,509,0.00537634
3,79590.2,26934.1,37225.2,31741,33,869,37133,35036,3930,168441,166,5085,4104,100,12879,509,0.00537634
3,17132.7,22650.3,31775.2,26842,5,831,34947,32908,3745,156590,162,4512,3545,79,11113,321,0.00537634
3,61656.3,22650.3,31775.2,26842,10,831,34947,32908,3745,156590,162,4512,3545,79,11113,321,0.00537634
3,76792.9,22650.3,31775.2,26842,33,831,34947,32908,3745,156590,162,4512,3545,79,11113,321,0.00537634
3,48997,26603.8,47283.6,40526,26,984,40305,38142,4392,183004,193,6353,5275,177,16140,977,0.00537634
3,58138.4,26603.8,47283.6,40526,26,984,40305,38142,4392,183004,193,6353,5275,177,16140,977,0.00537634
3,84304.6,26603.8,47283.6,40526,36,984,40305,38142,4392,183004,193,6353,5275,177,16140,977,0.00537634
3,29758.9,22734.7,18427.1,16064,15,895,33834,31566,3394,139096,95,2440,1896,42,4971,328,0.00537634
3,34144.1,22734.7,18427.1,16064,16,895,33834,31566,3394,139096,95,2440,1896,42,4971,328,0.00537634
3,55925.1,22734.7,18427.1,16064,25,895,33834,31566,3394,139096,95,2440,1896,42,4971,328,0.00537634
3,12731.1,1844.23,3713.11,3264,6,124,3041,2615,172,9892,25,557,408,5,870,97,0.00537634
3,17837.4,1844.23,3713.11,3264,13,124,3041,2615,172,9892,25,557,408,5,870,97,0.00537634
3,20837.3,1844.23,3713.11,3264,10,124,3041,2615,172,9892,25,557,408,5,870,97,0.00537634
3,21895.7,23961.1,25496.5,21801,13,983,38828,36674,4085,169899,100,3478,2764,74,7888,421,0.00537634
3,45926.9,23961.1,25496.5,21801,26,983,38828,36674,4085,169899,100,3478,2764,74,7888,421,0.00537634
3,68828.2,23961.1,25496.5,21801,37,983,38828,36674,4085,169899,100,3478,2764,74,7888,421,0.00537634
3,48259,21503.9,30041.6,25813,5,847,33877,31764,3635,148051,139,3871,3068,55,8070,664,0.00537634
3,59845.3,21503.9,30041.6,25813,37,847,33877,31764,3635,148051,139,3871,3068,55,8070,664,0.00537634
3,74717.7,21503.9,30041.6,25813,12,847,33877,31764,3635,148051,139,3871,3068,55,8070,664,0.00537634
3,31363,23025.1,26128.6,22428,18,963,37181,35053,3835,160884,120,3698,2956,83,8520,469,0.00537634
3,39386.3,23025.1,26128.6,22428,21,963,37181,35053,3835,160884,120,3698,2956,83,8520,469,0.00537634
3,65465.3,23025.1,26128.6,22428,26,963,37181,35053,3835,160884,120,3698,2956,83,8520,469,0.00537634
3,34847.2,16461.3,18282.9,15635,9,680,27170,25070,2805,110773,97,2689,2060,63,6384,219,0.00537634
3,58181.7,16461.3,18282.9,15635,3,680,27170,25070,2805,110773,97,2689,2060,63,6384,219,0.00537634
3,60406.4,16461.3,18282.9,15635,27,680,27170,25070,2805,110773,97,2689,2060,63,6384,219,0.00537634
3,20901.6,25218.6,36900.3,31510,8,896,37958,35811,4062,173984,171,5254,4270,113,13215,544,0.00537634
3,64436.5,25218.6,36900.3,31510,36,896,37958,35811,4062,173984,171,5254,4270,113,13215,544,0.00537634
3,81696.7,25218.6,36900.3,31510,33,896,37958,35811,4062,173984,171,5254,4270,113,13215,544,0.00537634
3,21500.8,7157.74,10504.7,9069,9,445,13557,12098,1108,47446,51,1391,1070,13,2904,194,0.00537634
3,29023.4,7157.74,10504.7,9069,6,445,13557,12098,1108,47446,51,1391,1070,13,2904,194,0.00537634
3,38654.9,7157.74,10504.7,9069,24,445,13557,12098,1108,47446,51,1391,1070,13,2904,194,0.00537634
3,15617.8,9496.3,9808.43,8448,9,462,17278,15468,1389,60586,53,1434,1049,9,3155,143,0.00537634
3,36323.1,9496.3,9808.43,8448,8,462,17278,15468,1389,60586,53,1434,1049,9,3155,143,0.00537634
3,40789.1,9496.3,9808.43,8448,15,462,17278,15468,1389,60586,53,1434,1049,9,3155,143,0.00537634
3,17334.4,11223.2,6393.55,5563,5,489,17030,14906,1423,56753,46,919,663,15,1623,84,0.00537634
3,28317.2,11223.2,6393.55,5563,9,489,17030,14906,1423,56753,46,919,663,15,1623,84,0.00537634
3,36864.6,11223.2,6393.55,5563,18,489,17030,14906,1423,56753,46,919,663,15,1623,84,0.00537634
3,29663,6720.42,13574.7,11791,10,455,13490,12208,1124,48289,85,1918,1478,18,4104,226,0.00537634
3,35947.8,6720.42,13574.7,11791,3,455,13490,12208,1124,48289,85,1918,1478,18,4104,226,0.00537634
3,38169.4,6720.42,13574.7,11791,13,455,13490,12208,1124,48289,85,1918,1478,18,4104,226,0.00537634
3,5285.56,1396.86,2523.24,2196,4,115,3378,2969,241,10826,20,411,315,0,874,53,0.00537634
3,8881.89,1396.86,2523.24,2196,10,115,3378,2969,241,10826,20,411,315,0,874,53,0.00537634
3,24752.3,1396.86,2523.24,2196,12,115,3378,2969,241,10826,20,411,315,0,874,53,0.00537634
3,31564.9,7407.58,14792.9,13030,17,401,12381,10941,1005,41813,86,1886,1382,13,4000,121,0.00537634
3,33066.6,7407.58,14792.9,13030,15,401,12381,10941,1005,41813,86,1886,1382,13,4000,121,0.00537634
3,33074.6,7407.58,14792.9,13030,16,401,12381,10941,1005,41813,86,1886,1382,13,4000,121,0.00537634
3,44638.8,17024.6,30909.3,26751,18,701,27925,25723,3019,115240,141,3703,2814,65,8706,426,0.00537634
3,66663.2,17024.6,30909.3,26751,10,701,27925,25723,3019,115240,141,3703,2814,65,8706,426,0.00537634
3,68244.2,17024.6,30909.3,26751,23,701,27925,25723,3019,115240,141,3703,2814,65,8706,426,0.00537634
3,4821.7,1378.77,1809.21,1588,3,136,3585,3098,240,11213,23,286,213,2,482,39,0.00537634
3,9013.02,1378.77,1809.21,1588,8,136,3585,3098,240,11213,23,286,213,2,482,39,0.00537634
3,22647.1,1378.77,1809.21,1588,9,136,3585,3098,240,11213,23,286,213,2,482,39,0.00537634
3,21809.6,11135.1,16137.5,13799,5,556,19117,17576,1714,71921,92,2385,1831,24,5352,210,0.00537634
3,44230.3,11135.1,16137.5,13799,14,556,19117,17576,1714,71921,92,2385,1831,24,5352,210,0.00537634
3,45928.5,11135.1,16137.5,13799,22,556,19117,17576,1714,71921,92,2385,1831,24,5352,210,0.00537634
3,7610.29,2095.5,3062.04,2662,2,153,4604,3990,311,15058,32,478,350,2,865,73,0.00537634
3,15006.1,2095.5,3062.04,2662,8,153,4604,3990,311,15058,32,478,350,2,865,73,0.00537634
3,27211.9,2095.5,3062.04,2662,17,153,4604,3990,311,15058,32,478,350,2,865,73,0.00537634
3,14937.1,3409.85,6307.6,5560,5,264,8343,7305,635,25951,33,897,650,10,2010,73,0.00537634
3,29168.4,3409.85,6307.6,5560,15,264,8343,7305,635,25951,33,897,650,10,2010,73,0.00537634
3,29884.4,3409.85,6307.6,5560,12,264,8343,7305,635,25951,33,897,650,10,2010,73,0.00537634
3,43350.5,16337.7,33303.6,28598,14,719,28533,26329,3039,117997,163,4350,3352,84,10305,424,0.00537634
3,66015.1,16337.7,33303.6,28598,8,719,28533,26329,3039,117997,163,4350,3352,84,10305,424,0.00537634
3,68111.3,16337.7,33303.6,28598,29,719,28533,26329,3039,117997,163,4350,3352,84,10305,424,0.00537634
3,22920.8,11752.8,19670.4,17187,5,559,20428,18794,1943,77588,100,2558,1991,35,6057,183,0.00537634
3,51308.2,11752.8,19670.4,17187,21,559,20428,18794,1943,77588,100,2558,1991,35,6057,183,0.00537634
3,51928.4,11752.8,19670.4,17187,15,559,20428,18794,1943,77588,100,2558,1991,35,6057,183,0.00537634
3,7455.04,5336.56,5642.58,4876,2,293,9614,8491,797,32400,33,890,669,27,1875,86,0.00537634
3,25117.3,5336.56,5642.58,4876,10,293,9614,8491,797,32400,33,890,669,27,1875,86,0.00537634
3,38411.6,5336.56,5642.58,4876,13,293,9614,8491,797,32400,33,890,669,27,1875,86,0.00537634
3,5241.79,20167.1,20517.2,17351,4,855,33399,31497,3444,144190,110,3019,2369,52,7209,251,0.00537634
3,49540.7,20167.1,20517.2,17351,18,855,33399,31497,3444,144190,110,3019,2369,52,7209,251,0.00537634
3,66036.9,20167.1,20517.2,17351,29,855,33399,31497,3444,144190,110,3019,2369,52,7209,251,0.00537634
