K,dist,cost_ki,cost_hi,h_cost,vnum,gen_ki,push_ki,pop_ki,prune_ki,suc_call_ki,gen_hi,push_hi,pop_hi,prune_hi,suc_call_hi,reevaluate,density
5,18101.1,11308.5,29900.4,27382,11,635,21699,20048,2141,86675,98,2846,2244,30,5372,622,0.00718907
5,20613.8,11308.5,29900.4,27382,7,635,21699,20048,2141,86675,98,2846,2244,30,5372,622,0.00718907
5,24209.7,11308.5,29900.4,27382,16,635,21699,20048,2141,86675,98,2846,2244,30,5372,622,0.00718907
5,49269.2,11308.5,29900.4,27382,11,635,21699,20048,2141,86675,98,2846,2244,30,5372,622,0.00718907
5,52715.9,11308.5,29900.4,27382,12,635,21699,20048,2141,86675,98,2846,2244,30,5372,622,0.00718907
5,20632.2,19614.9,33593.9,30683,17,798,29201,26685,2827,116880,121,3460,2684,49,6916,734,0.00718907
5,22487.9,19614.9,33593.9,30683,14,798,29201,26685,2827,116880,121,3460,2684,49,6916,734,0.00718907
5,30727,19614.9,33593.9,30683,12,798,29201,26685,2827,116880,121,3460,2684,49,6916,734,0.00718907
5,40343,19614.9,33593.9,30683,6,798,29201,26685,2827,116880,121,3460,2684,49,6916,734,0.00718907
5,47933,19614.9,33593.9,30683,12,798,29201,26685,2827,116880,121,3460,2684,49,6916,734,0.00718907
5,17648.2,11693.5,28086.8,25365,5,708,24096,21742,2152,89137,97,3077,2434,39,6284,535,0.00718907
5,24308.5,11693.5,28086.8,25365,12,708,24096,21742,2152,89137,97,3077,2434,39,6284,535,0.00718907
5,25302.1,11693.5,28086.8,25365,12,708,24096,21742,2152,89137,97,3077,2434,39,6284,535,0.00718907
5,30514.6,11693.5,28086.8,25365,20,708,24096,21742,2152,89137,97,3077,2434,39,6284,535,0.00718907
5,42430.6,11693.5,28086.8,25365,25,708,24096,21742,2152,89137,97,3077,2434,39,6284,535,0.00718907
5,8571.32,9781.63,21075.8,19250,6,557,20347,18769,1965,79588,67,2190,1712,23,3876,536,0.00718907
5,25629.8,9781.63,21075.8,19250,15,557,20347,18769,1965,79588,67,2190,1712,23,3876,536,0.00718907
5,26915,9781.63,21075.8,19250,4,557,20347,18769,1965,79588,67,2190,1712,23,3876,536,0.00718907
5,47050,9781.63,21075.8,19250,21,557,20347,18769,1965,79588,67,2190,1712,23,3876,536,0.00718907
5,51477.3,9781.63,21075.8,19250,7,557,20347,18769,1965,79588,67,2190,1712,23,3876,536,0.00718907
5,9121.48,10300.8,33086.8,30690,4,599,21328,19339,1948,80622,84,2775,2192,29,5493,524,0.00718907
5,33687.4,10300.8,33086.8,30690,29,599,21328,19339,1948,80622,84,2775,2192,29,5493,524,0.00718907
5,36947.7,10300.8,33086.8,30690,18,599,21328,19339,1948,80622,84,2775,2192,29,5493,524,0.00718907
5,38928.4,10300.8,33086.8,30690,4,599,21328,19339,1948,80622,84,2775,2192,29,5493,524,0.00718907
5,39293.4,10300.8,33086.8,30690,3,599,21328,19339,1948,80622,84,2775,2192,29,5493,524,0.00718907
5,19998.9,10539.9,34460.7,31449,12,634,21649,19957,2179,87301,136,3639,2879,45,7674,680,0.00718907
5,21544.7,10539.9,34460.7,31449,12,634,21649,19957,2179,87301,136,3639,2879,45,7674,680,0.00718907
5,25980.7,10539.9,34460.7,31449,17,634,21649,19957,2179,87301,136,3639,2879,45,7674,680,0.00718907
5,51372.9,10539.9,34460.7,31449,9,634,21649,19957,2179,87301,136,3639,2879,45,7674,680,0.00718907
5,53633.8,10539.9,34460.7,31449,16,634,21649,19957,2179,87301,136,3639,2879,45,7674,680,0.00718907
5,11709.1,11029.8,31671.4,28959,5,634,23374,21596,2252,91467,98,2818,2237,38,5280,625,0.00718907
5,14960.1,11029.8,31671.4,28959,8,634,23374,21596,2252,91467,98,2818,2237,38,5280,625,0.00718907
5,18718.4,11029.8,31671.4,28959,13,634,23374,21596,2252,91467,98,2818,2237,38,5280,625,0.00718907
5,47944.8,11029.8,31671.4,28959,18,634,23374,21596,2252,91467,98,2818,2237,38,5280,625,0.00718907
5,52832.1,11029.8,31671.4,28959,7,634,23374,21596,2252,91467,98,2818,2237,38,5280,625,0.00718907
5,17458.2,19853.4,46282.7,41596,11,960,36050,33033,3439,142499,189,5189,4001,91,11490,572,0.00718907
5,19193.2,19853.4,46282.7,41596,11,960,36050,33033,3439,142499,189,5189,4001,91,11490,572,0.00718907
5,21108.1,19853.4,46282.7,41596,7,960,36050,33033,3439,142499,189,5189,4001,91,11490,572,0.00718907
5,43234.3,19853.4,46282.7,41596,25,960,36050,33033,3439,142499,189,5189,4001,91,11490,572,0.00718907
5,49361.8,19853.4,46282.7,41596,23,960,36050,33033,3439,142499,189,5189,4001,91,11490,572,0.00718907
5,11783.5,7190.03,32145.6,29381,5,482,15508,14104,1437,58309,113,3272,2562,32,7062,529,0.00718907
5,33431.7,7190.03,32145.6,29381,12,482,15508,14104,1437,58309,113,3272,2562,32,7062,529,0.00718907
5,35199.9,7190.03,32145.6,29381,16,482,15508,14104,1437,58309,113,3272,2562,32,7062,529,0.00718907
5,43239,7190.03,32145.6,29381,18,482,15508,14104,1437,58309,113,3272,2562,32,7062,529,0.00718907
5,44151.8,7190.03,32145.6,29381,21,482,15508,14104,1437,58309,113,3272,2562,32,7062,529,0.00718907
5,24237.7,10242.8,28953.6,26558,16,660,21469,18872,1826,72988,121,2876,2187,24,5674,418,0.00718907
5,24976.4,10242.8,28953.6,26558,9,660,21469,18872,1826,72988,121,2876,2187,24,5674,418,0.00718907
5,28598.4,10242.8,28953.6,26558,20,660,21469,18872,1826,72988,121,2876,2187,24,5674,418,0.00718907
5,36749.5,10242.8,28953.6,26558,20,660,21469,18872,1826,72988,121,2876,2187,24,5674,418,0.00718907
5,36869.3,10242.8,28953.6,26558,24,660,21469,18872,1826,72988,121,2876,2187,24,5674,418,0.00718907
5,6372.92,8359.97,23179.1,21145,4,517,18411,16881,1717,70125,88,2348,1802,20,5138,267,0.00718907
5,26370.4,8359.97,23179.1,21145,7,517,18411,16881,1717,70125,88,2348,1802,20,5138,267,0.00718907
5,26875.6,8359.97,23179.1,21145,12,517,18411,16881,1717,70125,88,2348,1802,20,5138,267,0.00718907
5,46515.5,8359.97,23179.1,21145,9,517,18411,16881,1717,70125,88,2348,1802,20,5138,267,0.00718907
5,46989.3,8359.97,23179.1,21145,17,517,18411,16881,1717,70125,88,2348,1802,20,5138,267,0.00718907
5,16964.6,14774.6,54870.1,49099,15,754,29217,26997,2952,122666,229,6228,4965,96,14672,880,0.00718907
5,26365.4,14774.6,54870.1,49099,18,754,29217,26997,2952,122666,229,6228,4965,96,14672,880,0.00718907
5,32133.4,14774.6,54870.1,49099,7,754,29217,26997,2952,122666,229,6228,4965,96,14672,880,0.00718907
5,59387.8,14774.6,54870.1,49099,11,754,29217,26997,2952,122666,229,6228,4965,96,14672,880,0.00718907
5,70257.5,14774.6,54870.1,49099,27,754,29217,26997,2952,122666,229,6228,4965,96,14672,880,0.00718907
5,36236.7,15905.6,94357.4,85359,29,742,32326,29705,3404,141461,246,9291,7784,204,22886,1963,0.00718907
5,55316.6,15905.6,94357.4,85359,14,742,32326,29705,3404,141461,246,9291,7784,204,22886,1963,0.00718907
5,62379.6,15905.6,94357.4,85359,26,742,32326,29705,3404,141461,246,9291,7784,204,22886,1963,0.00718907
5,73760.2,15905.6,94357.4,85359,39,742,32326,29705,3404,141461,246,9291,7784,204,22886,1963,0.00718907
5,77740.6,15905.6,94357.4,85359,38,742,32326,29705,3404,141461,246,9291,7784,204,22886,1963,0.00718907
5,21676.8,16195.2,54222.5,49495,11,753,28541,26277,2965,117431,149,5273,4304,150,11704,1111,0.00718907
5,22599.4,16195.2,54222.5,49495,22,753,28541,26277,2965,117431,149,5273,4304,150,11704,1111,0.00718907
5,40749.5,16195.2,54222.5,49495,18,753,28541,26277,2965,117431,149,5273,4304,150,11704,1111,0.00718907
5,49336.7,16195.2,54222.5,49495,13,753,28541,26277,2965,117431,149,5273,4304,150,11704,1111,0.00718907
5,52993.2,16195.2,54222.5,49495,29,753,28541,26277,2965,117431,149,5273,4304,150,11704,1111,0.00718907
5,4970.88,10445.4,14135.2,12912,4,580,21138,19504,1960,82048,59,1529,1160,1,2472,350,0.00718907
5,17065.5,10445.4,14135.2,12912,6,580,21138,19504,1960,82048,59,1529,1160,1,2472,350,0.00718907
5,22852.7,10445.4,14135.2,12912,7,580,21138,19504,1960,82048,59,1529,1160,1,2472,350,0.00718907
5,41800.4,10445.4,14135.2,12912,9,580,21138,19504,1960,82048,59,1529,1160,1,2472,350,0.00718907
5,44878.6,10445.4,14135.2,12912,7,580,21138,19504,1960,82048,59,1529,1160,1,2472,350,0.00718907
5,21201.2,9208.65,15378.5,14154,13,634,20780,18620,1834,74744,57,1522,1173,10,2407,424,0.00718907
5,23034.5,9208.65,15378.5,14154,5,634,20780,18620,1834,74744,57,1522,1173,10,2407,424,0.00718907
5,24210.2,9208.65,15378.5,14154,14,634,20780,18620,1834,74744,57,1522,1173,10,2407,424,0.00718907
5,30317.3,9208.65,15378.5,14154,16,634,20780,18620,1834,74744,57,1522,1173,10,2407,424,0.00718907
5,38143.7,9208.65,15378.5,14154,4,634,20780,18620,1834,74744,57,1522,1173,10,2407,424,0.00718907
5,34352,16845,88401.9,80027,23,753,33249,30619,3574,146325,228,9009,7491,196,21547,1851,0.00718907
5,56521.1,16845,88401.9,80027,7,753,33249,30619,3574,146325,228,9009,7491,196,21547,1851,0.00718907
5,59768,16845,88401.9,80027,29,753,33249,30619,3574,146325,228,9009,7491,196,21547,1851,0.00718907
5,71148.6,16845,88401.9,80027,42,753,33249,30619,3574,146325,228,9009,7491,196,21547,1851,0.00718907
5,78252.3,16845,88401.9,80027,36,753,33249,30619,3574,146325,228,9009,7491,196,21547,1851,0.00718907
5,10357.2,12532.1,15037.6,13802,7,629,23601,21882,2207,91701,68,1599,1239,12,2653,361,0.00718907
5,13509.9,12532.1,15037.6,13802,3,629,23601,21882,2207,91701,68,1599,1239,12,2653,361,0.00718907
5,15210.2,12532.1,15037.6,13802,8,629,23601,21882,2207,91701,68,1599,1239,12,2653,361,0.00718907
5,39950.3,12532.1,15037.6,13802,13,629,23601,21882,2207,91701,68,1599,1239,12,2653,361,0.00718907
5,47667.9,12532.1,15037.6,13802,4,629,23601,21882,2207,91701,68,1599,1239,12,2653,361,0.00718907
5,9664.9,11026.5,41253.8,37390,7,625,23057,21166,2188,92261,162,4455,3534,88,10103,704,0.00718907
5,17394,11026.5,41253.8,37390,4,625,23057,21166,2188,92261,162,4455,3534,88,10103,704,0.00718907
5,40189.3,11026.5,41253.8,37390,9,625,23057,21166,2188,92261,162,4455,3534,88,10103,704,0.00718907
5,41517,11026.5,41253.8,37390,20,625,23057,21166,2188,92261,162,4455,3534,88,10103,704,0.00718907
5,53087.5,11026.5,41253.8,37390,36,625,23057,21166,2188,92261,162,4455,3534,88,10103,704,0.00718907
5,4894.66,15059.7,40649.2,37185,3,744,27476,25394,2776,112282,114,4070,3299,62,8520,860,0.00718907
5,34808.6,15059.7,40649.2,37185,4,744,27476,25394,2776,112282,114,4070,3299,62,8520,860,0.00718907
5,44153.1,15059.7,40649.2,37185,23,744,27476,25394,2776,112282,114,4070,3299,62,8520,860,0.00718907
5,44571,15059.7,40649.2,37185,24,744,27476,25394,2776,112282,114,4070,3299,62,8520,860,0.00718907
5,52652.8,15059.7,40649.2,37185,6,744,27476,25394,2776,112282,114,4070,3299,62,8520,860,0.00718907
5,13794.7,17664,35855.6,32800,12,845,33263,30842,3299,139854,102,3437,2717,36,6665,777,0.00718907
5,26337.4,17664,35855.6,32800,16,845,33263,30842,3299,139854,102,3437,2717,36,6665,777,0.00718907
5,30092.9,17664,35855.6,32800,18,845,33263,30842,3299,139854,102,3437,2717,36,6665,777,0.00718907
5,35076.8,17664,35855.6,32800,8,845,33263,30842,3299,139854,102,3437,2717,36,6665,777,0.00718907
5,52708.1,17664,35855.6,32800,20,845,33263,30842,3299,139854,102,3437,2717,36,6665,777,0.00718907
5,23358,12172.3,53397.3,49166,15,622,22509,20680,2292,92028,156,4983,4006,56,10641,978,0.00718907
5,27622.4,12172.3,53397.3,49166,20,622,22509,20680,2292,92028,156,4983,4006,56,10641,978,0.00718907
5,34126.9,12172.3,53397.3,49166,17,622,22509,20680,2292,92028,156,4983,4006,56,10641,978,0.00718907
5,58364.1,12172.3,53397.3,49166,20,622,22509,20680,2292,92028,156,4983,4006,56,10641,978,0.00718907
5,59785.8,12172.3,53397.3,49166,12,622,22509,20680,2292,92028,156,4983,4006,56,10641,978,0.00718907
5,27599,7731.26,37862.8,35068,16,545,17342,15174,1402,57473,127,3160,2432,36,6238,497,0.00718907
5,28639,7731.26,37862.8,35068,19,545,17342,15174,1402,57473,127,3160,2432,36,6238,497,0.00718907
5,32462.2,7731.26,37862.8,35068,16,545,17342,15174,1402,57473,127,3160,2432,36,6238,497,0.00718907
5,32796.7,7731.26,37862.8,35068,18,545,17342,15174,1402,57473,127,3160,2432,36,6238,497,0.00718907
5,33895.3,7731.26,37862.8,35068,15,545,17342,15174,1402,57473,127,3160,2432,36,6238,497,0.00718907
5,20293.8,19020.9,94316.4,85435,8,919,36326,33799,3900,159302,284,9278,7629,185,22595,1537,0.00718907
5,35943,19020.9,94316.4,85435,18,919,36326,33799,3900,159302,284,9278,7629,185,22595,1537,0.00718907
5,49765.9,19020.9,94316.4,85435,31,919,36326,33799,3900,159302,284,9278,7629,185,22595,1537,0.00718907
5,61109.5,19020.9,94316.4,85435,25,919,36326,33799,3900,159302,284,9278,7629,185,22595,1537,0.00718907
5,68463.7,19020.9,94316.4,85435,7,919,36326,33799,3900,159302,284,9278,7629,185,22595,1537,0.00718907
5,12090.5,12775.8,32005.8,29057,4,662,24585,22694,2457,99582,122,3512,2817,54,7252,676,0.00718907
5,21430,12775.8,32005.8,29057,4,662,24585,22694,2457,99582,122,3512,2817,54,7252,676,0.00718907
5,27860.6,12775.8,32005.8,29057,18,662,24585,22694,2457,99582,122,3512,2817,54,7252,676,0.00718907
5,56183.8,12775.8,32005.8,29057,25,662,24585,22694,2457,99582,122,3512,2817,54,7252,676,0.00718907
5,62093.5,12775.8,32005.8,29057,14,662,24585,22694,2457,99582,122,3512,2817,54,7252,676,0.00718907
5,15489.7,11821.9,39539.9,36385,11,651,24108,22206,2479,97767,117,3359,2660,23,6723,767,0.00718907
5,25453.9,11821.9,39539.9,36385,4,651,24108,22206,2479,97767,117,3359,2660,23,6723,767,0.00718907
5,30022.5,11821.9,39539.9,36385,14,651,24108,22206,2479,97767,117,3359,2660,23,6723,767,0.00718907
5,45471.2,11821.9,39539.9,36385,16,651,24108,22206,2479,97767,117,3359,2660,23,6723,767,0.00718907
5,53913.7,11821.9,39539.9,36385,9,651,24108,22206,2479,97767,117,3359,2660,23,6723,767,0.00718907
5,10222.8,13310.4,27081,24872,10,728,27086,25075,2627,109196,103,2658,2041,19,5282,415,0.00718907
5,16728.3,13310.4,27081,24872,6,728,27086,25075,2627,109196,103,2658,2041,19,5282,415,0.00718907
5,16951.6,13310.4,27081,24872,12,728,27086,25075,2627,109196,103,2658,2041,19,5282,415,0.00718907
5,45205.3,13310.4,27081,24872,14,728,27086,25075,2627,109196,103,2658,2041,19,5282,415,0.00718907
5,51126.4,13310.4,27081,24872,25,728,27086,25075,2627,109196,103,2658,2041,19,5282,415,0.00718907
5,15244.1,6388.4,29250.4,26648,3,415,14211,12726,1165,50679,107,3138,2474,58,6570,478,0.00718907
5,21063.7,6388.4,29250.4,26648,12,415,14211,12726,1165,50679,107,3138,2474,58,6570,478,0.00718907
5,33810.1,6388.4,29250.4,26648,21,415,14211,12726,1165,50679,107,3138,2474,58,6570,478,0.00718907
5,34759.8,6388.4,29250.4,26648,13,415,14211,12726,1165,50679,107,3138,2474,58,6570,478,0.00718907
5,38421.5,6388.4,29250.4,26648,26,415,14211,12726,1165,50679,107,3138,2474,58,6570,478,0.00718907
5,9530.31,16153.1,42130.9,38490,6,728,27891,25787,2853,115571,119,4064,3232,55,8357,885,0.00718907
5,38721.9,16153.1,42130.9,38490,5,728,27891,25787,2853,115571,119,4064,3232,55,8357,885,0.00718907
5,42850.8,16153.1,42130.9,38490,15,728,27891,25787,2853,115571,119,4064,3232,55,8357,885,0.00718907
5,48669.2,16153.1,42130.9,38490,26,728,27891,25787,2853,115571,119,4064,3232,55,8357,885,0.00718907
5,55338.5,16153.1,42130.9,38490,13,728,27891,25787,2853,115571,119,4064,3232,55,8357,885,0.00718907
5,11204.3,9961.68,30842.1,27847,8,587,21105,19340,1879,82637,132,3506,2783,63,7774,520,0.00718907
5,15280.8,9961.68,30842.1,27847,8,587,21105,19340,1879,82637,132,3506,2783,63,7774,520,0.00718907
5,33649.8,9961.68,30842.1,27847,8,587,21105,19340,1879,82637,132,3506,2783,63,7774,520,0.00718907
5,40797.5,9961.68,30842.1,27847,29,587,21105,19340,1879,82637,132,3506,2783,63,7774,520,0.00718907
5,46297.9,9961.68,30842.1,27847,33,587,21105,19340,1879,82637,132,3506,2783,63,7774,520,0.00718907
5,6466.76,12251.5,29942.2,27255,5,695,25952,24005,2566,103204,117,2980,2273,29,5853,470,0.00718907
5,8461.74,12251.5,29942.2,27255,4,695,25952,24005,2566,103204,117,2980,2273,29,5853,470,0.00718907
5,25162.3,12251.5,29942.2,27255,16,695,25952,24005,2566,103204,117,2980,2273,29,5853,470,0.00718907
5,46504.8,12251.5,29942.2,27255,14,695,25952,24005,2566,103204,117,2980,2273,29,5853,470,0.00718907
5,52189.4,12251.5,29942.2,27255,10,695,25952,24005,2566,103204,117,2980,2273,29,5853,470,0.00718907
5,9559.02,10804.4,19465.2,17889,4,587,21542,19874,2121,84111,79,1977,1505,6,3386,401,0.00718907
5,16751.6,10804.4,19465.2,17889,4,587,21542,19874,2121,84111,79,1977,1505,6,3386,401,0.00718907
5,26808.7,10804.4,19465.2,17889,13,587,21542,19874,2121,84111,79,1977,1505,6,3386,401,0.00718907
5,41661,10804.4,19465.2,17889,9,587,21542,19874,2121,84111,79,1977,1505,6,3386,401,0.00718907
5,45454.7,10804.4,19465.2,17889,10,587,21542,19874,2121,84111,79,1977,1505,6,3386,401,0.00718907
5,20266.1,15646.5,74687,67763,7,685,26394,24309,2749,108428,224,7200,5976,146,18422,1069,0.00718907
5,26310.8,15646.5,74687,67763,12,685,26394,24309,2749,108428,224,7200,5976,146,18422,1069,0.00718907
5,36283.2,15646.5,74687,67763,22,685,26394,24309,2749,108428,224,7200,5976,146,18422,1069,0.00718907
5,64606.4,15646.5,74687,67763,29,685,26394,24309,2749,108428,224,7200,5976,146,18422,1069,0.00718907
5,68585.8,15646.5,74687,67763,23,685,26394,24309,2749,108428,224,7200,5976,146,18422,1069,0.00718907
5,7363.17,10130.8,22168.4,20332,6,576,21636,19920,2005,83728,69,2151,1637,11,4066,370,0.00718907
5,19306,10130.8,22168.4,20332,9,576,21636,19920,2005,83728,69,2151,1637,11,4066,370,0.00718907
5,20760.5,10130.8,22168.4,20332,7,576,21636,19920,2005,83728,69,2151,1637,11,4066,370,0.00718907
5,48792.3,10130.8,22168.4,20332,13,576,21636,19920,2005,83728,69,2151,1637,11,4066,370,0.00718907
5,50123.9,10130.8,22168.4,20332,5,576,21636,19920,2005,83728,69,2151,1637,11,4066,370,0.00718907
5,11380.2,10379.5,39035.7,35761,8,563,20909,19220,2169,82938,133,3590,2925,66,8020,689,0.00718907
5,28655.5,10379.5,39035.7,35761,8,563,20909,19220,2169,82938,133,3590,2925,66,8020,689,0.00718907
5,30919.5,10379.5,39035.7,35761,20,563,20909,19220,2169,82938,133,3590,2925,66,8020,689,0.00718907
5,56746.9,10379.5,39035.7,35761,27,563,20909,19220,2169,82938,133,3590,2925,66,8020,689,0.00718907
5,57840.6,10379.5,39035.7,35761,5,563,20909,19220,2169,82938,133,3590,2925,66,8020,689,0.00718907
5,6418.06,22993.8,44527.9,40393,4,885,36254,33864,3848,159901,143,4609,3665,87,9614,901,0.00718907
5,31912.7,22993.8,44527.9,40393,24,885,36254,33864,3848,159901,143,4609,3665,87,9614,901,0.00718907
5,37060.3,22993.8,44527.9,40393,32,885,36254,33864,3848,159901,143,4609,3665,87,9614,901,0.00718907
5,38003.8,22993.8,44527.9,40393,19,885,36254,33864,3848,159901,143,4609,3665,87,9614,901,0.00718907
5,63552.1,22993.8,44527.9,40393,20,885,36254,33864,3848,159901,143,4609,3665,87,9614,901,0.00718907
5,4123.33,17564,31259.4,28446,4,855,34125,31745,3559,144652,97,3336,2633,39,6104,809,0.00718907
5,22903.3,17564,31259.4,28446,20,855,34125,31745,3559,144652,97,3336,2633,39,6104,809,0.00718907
5,28577.9,17564,31259.4,28446,13,855,34125,31745,3559,144652,97,3336,2633,39,6104,809,0.00718907
5,40493,17564,31259.4,28446,28,855,34125,31745,3559,144652,97,3336,2633,39,6104,809,0.00718907
5,59264.1,17564,31259.4,28446,8,855,34125,31745,3559,144652,97,3336,2633,39,6104,809,0.00718907
5,16270.3,17409.5,29335.1,26720,6,874,33921,31326,3454,137082,122,3095,2394,35,6290,455,0.00718907
5,16333.6,17409.5,29335.1,26720,3,874,33921,31326,3454,137082,122,3095,2394,35,6290,455,0.00718907
5,27234.2,17409.5,29335.1,26720,17,874,33921,31326,3454,137082,122,3095,2394,35,6290,455,0.00718907
5,49772.6,17409.5,29335.1,26720,5,874,33921,31326,3454,137082,122,3095,2394,35,6290,455,0.00718907
5,51434.2,17409.5,29335.1,26720,30,874,33921,31326,3454,137082,122,3095,2394,35,6290,455,0.00718907
5,20796.2,12269.1,67666.8,62533,16,638,23416,21545,2491,96312,165,5512,4433,74,12226,1107,0.00718907
5,31381.3,12269.1,67666.8,62533,15,638,23416,21545,2491,96312,165,5512,4433,74,12226,1107,0.00718907
5,35931.2,12269.1,67666.8,62533,24,638,23416,21545,2491,96312,165,5512,4433,74,12226,1107,0.00718907
5,60190.4,12269.1,67666.8,62533,14,638,23416,21545,2491,96312,165,5512,4433,74,12226,1107,0.00718907
5,62405.1,12269.1,67666.8,62533,18,638,23416,21545,2491,96312,165,5512,4433,74,12226,1107,0.00718907
5,7655.74,9775.23,23148.9,21181,4,540,20212,18587,1924,78006,89,2443,1881,32,5374,266,0.00718907
5,23032.3,9775.23,23148.9,21181,10,540,20212,18587,1924,78006,89,2443,1881,32,5374,266,0.00718907
5,25123.5,9775.23,23148.9,21181,8,540,20212,18587,1924,78006,89,2443,1881,32,5374,266,0.00718907
5,49981.3,9775.23,23148.9,21181,8,540,20212,18587,1924,78006,89,2443,1881,32,5374,266,0.00718907
5,50157.3,9775.23,23148.9,21181,20,540,20212,18587,1924,78006,89,2443,1881,32,5374,266,0.00718907
5,20851.6,11609.7,58273.3,53567,15,635,22980,21138,2415,94602,174,5430,4387,93,12247,1003,0.00718907
5,30257,11609.7,58273.3,53567,15,635,22980,21138,2415,94602,174,5430,4387,93,12247,1003,0.00718907
5,35090.1,11609.7,58273.3,53567,24,635,22980,21138,2415,94602,174,5430,4387,93,12247,1003,0.00718907
5,59678.8,11609.7,58273.3,53567,10,635,22980,21138,2415,94602,174,5430,4387,93,12247,1003,0.00718907
5,61154.6,11609.7,58273.3,53567,21,635,22980,21138,2415,94602,174,5430,4387,93,12247,1003,0.00718907
5,22557.8,11189.9,37152.1,33638,13,654,22782,20737,2178,89078,122,3730,3010,58,7429,788,0.00718907
5,25520.5,11189.9,37152.1,33638,13,654,22782,20737,2178,89078,122,3730,3010,58,7429,788,0.00718907
5,27782.8,11189.9,37152.1,33638,16,654,22782,20737,2178,89078,122,3730,3010,58,7429,788,0.00718907
5,39135.2,11189.9,37152.1,33638,24,654,22782,20737,2178,89078,122,3730,3010,58,7429,788,0.00718907
5,48096.6,11189.9,37152.1,33638,18,654,22782,20737,2178,89078,122,3730,3010,58,7429,788,0.00718907
5,10068.6,12763.1,30940.4,27803,6,671,24539,22672,2401,97072,107,3104,2481,35,5882,716,0.00718907
5,17605.6,12763.1,30940.4,27803,9,671,24539,22672,2401,97072,107,3104,2481,35,5882,716,0.00718907
5,21825.8,12763.1,30940.4,27803,16,671,24539,22672,2401,97072,107,3104,2481,35,5882,716,0.00718907
5,50158.1,12763.1,30940.4,27803,21,671,24539,22672,2401,97072,107,3104,2481,35,5882,716,0.00718907
5,56487.2,12763.1,30940.4,27803,8,671,24539,22672,2401,97072,107,3104,2481,35,5882,716,0.00718907
5,13685,17143.3,47312.6,42185,5,769,30476,28188,3208,126815,175,5030,4051,70,11733,729,0.00718907
5,21802.1,17143.3,47312.6,42185,5,769,30476,28188,3208,126815,175,5030,4051,70,11733,729,0.00718907
5,22696.8,17143.3,47312.6,42185,9,769,30476,28188,3208,126815,175,5030,4051,70,11733,729,0.00718907
5,54669,17143.3,47312.6,42185,39,769,30476,28188,3208,126815,175,5030,4051,70,11733,729,0.00718907
5,63829.4,17143.3,47312.6,42185,12,769,30476,28188,3208,126815,175,5030,4051,70,11733,729,0.00718907
5,18004.2,13758.7,43429,39070,4,704,27219,25050,2813,114327,145,4155,3282,48,8401,853,0.00718907
5,33478.5,13758.7,43429,39070,7,704,27219,25050,2813,114327,145,4155,3282,48,8401,853,0.00718907
5,50445.2,13758.7,43429,39070,7,704,27219,25050,2813,114327,145,4155,3282,48,8401,853,0.00718907
5,53647.1,13758.7,43429,39070,24,704,27219,25050,2813,114327,145,4155,3282,48,8401,853,0.00718907
5,57604.5,13758.7,43429,39070,15,704,27219,25050,2813,114327,145,4155,3282,48,8401,853,0.00718907
5,12529.6,13524.4,8090.22,7415,4,739,26770,24608,2488,106028,37,890,662,0,1260,240,0.00718907
5,18385.3,13524.4,8090.22,7415,10,739,26770,24608,2488,106028,37,890,662,0,1260,240,0.00718907
5,22963.2,13524.4,8090.22,7415,4,739,26770,24608,2488,106028,37,890,662,0,1260,240,0.00718907
5,36344.6,13524.4,8090.22,7415,4,739,26770,24608,2488,106028,37,890,662,0,1260,240,0.00718907
5,44855.8,13524.4,8090.22,7415,4,739,26770,24608,2488,106028,37,890,662,0,1260,240,0.00718907
5,11054.7,13719.7,42090.2,38720,5,721,27378,25312,2781,113367,117,4090,3243,39,8162,906,0.00718907
5,40245.9,13719.7,42090.2,38720,4,721,27378,25312,2781,113367,117,4090,3243,39,8162,906,0.00718907
5,42739.9,13719.7,42090.2,38720,17,721,27378,25312,2781,113367,117,4090,3243,39,8162,906,0.00718907
5,50193.3,13719.7,42090.2,38720,25,721,27378,25312,2781,113367,117,4090,3243,39,8162,906,0.00718907
5,55875.4,13719.7,42090.2,38720,14,721,27378,25312,2781,113367,117,4090,3243,39,8162,906,0.00718907
5,15570.9,17705.3,52570.6,47909,11,869,34233,31912,3618,145800,191,5456,4473,106,11764,1111,0.00718907
5,29129.9,17705.3,52570.6,47909,13,869,34233,31912,3618,145800,191,5456,4473,106,11764,1111,0.00718907
5,31920.5,17705.3,52570.6,47909,17,869,34233,31912,3618,145800,191,5456,4473,106,11764,1111,0.00718907
5,47119,17705.3,52570.6,47909,23,869,34233,31912,3618,145800,191,5456,4473,106,11764,1111,0.00718907
5,59630.5,17705.3,52570.6,47909,24,869,34233,31912,3618,145800,191,5456,4473,106,11764,1111,0.00718907
5,5617.62,12461.6,24034.2,21969,4,672,25160,23275,2452,99238,94,2516,1937,15,4620,473,0.00718907
5,9999.59,12461.6,24034.2,21969,4,672,25160,23275,2452,99238,94,2516,1937,15,4620,473,0.00718907
5,23741.5,12461.6,24034.2,21969,19,672,25160,23275,2452,99238,94,2516,1937,15,4620,473,0.00718907
5,47578.6,12461.6,24034.2,21969,15,672,25160,23275,2452,99238,94,2516,1937,15,4620,473,0.00718907
5,50651.4,12461.6,24034.2,21969,10,672,25160,23275,2452,99238,94,2516,1937,15,4620,473,0.00718907
5,18570.7,6261.68,34030.8,31380,6,427,14519,13055,1237,52496,103,3002,2371,31,6243,500,0.00718907
5,28428.4,6261.68,34030.8,31380,11,427,14519,13055,1237,52496,103,3002,2371,31,6243,500,0.00718907
5,32812.1,6261.68,34030.8,31380,6,427,14519,13055,1237,52496,103,3002,2371,31,6243,500,0.00718907
5,33991.1,6261.68,34030.8,31380,15,427,14519,13055,1237,52496,103,3002,2371,31,6243,500,0.00718907
5,40925.4,6261.68,34030.8,31380,20,427,14519,13055,1237,52496,103,3002,2371,31,6243,500,0.00718907
5,13774.4,7801.65,14095.1,13004,11,544,17587,15462,1468,59856,62,1439,1099,16,2605,247,0.00718907
5,21258,7801.65,14095.1,13004,7,544,17587,15462,1468,59856,62,1439,1099,16,2605,247,0.00718907
5,30646.8,7801.65,14095.1,13004,9,544,17587,15462,1468,59856,62,1439,1099,16,2605,247,0.00718907
5,33560.5,7801.65,14095.1,13004,7,544,17587,15462,1468,59856,62,1439,1099,16,2605,247,0.00718907
5,33613.8,7801.65,14095.1,13004,17,544,17587,15462,1468,59856,62,1439,1099,16,2605,247,0.00718907
5,9872.78,10901.8,21955.3,19960,5,624,23469,21679,2156,91103,78,2457,1961,20,5480,346,0.00718907
5,19745,10901.8,21955.3,19960,11,624,23469,21679,2156,91103,78,2457,1961,20,5480,346,0.00718907
5,21729.1,10901.8,21955.3,19960,12,624,23469,21679,2156,91103,78,2457,1961,20,5480,346,0.00718907
5,32532.5,10901.8,21955.3,19960,6,624,23469,21679,2156,91103,78,2457,1961,20,5480,346,0.00718907
5,44935.8,10901.8,21955.3,19960,12,624,23469,21679,2156,91103,78,2457,1961,20,5480,346,0.00718907
5,6828.3,6571.7,25729.2,23758,5,458,15248,13905,1374,56921,97,2406,1861,34,4911,401,0.00718907
5,27559.6,6571.7,25729.2,23758,19,458,15248,13905,1374,56921,97,2406,1861,34,4911,401,0.00718907
5,32655.3,6571.7,25729.2,23758,16,458,15248,13905,1374,56921,97,2406,1861,34,4911,401,0.00718907
5,38569.5,6571.7,25729.2,23758,7,458,15248,13905,1374,56921,97,2406,1861,34,4911,401,0.00718907
5,39043.3,6571.7,25729.2,23758,15,458,15248,13905,1374,56921,97,2406,1861,34,4911,401,0.00718907
5,28202.7,15884.2,70388.7,64237,20,744,31768,29260,3366,137217,188,7104,5816,119,15145,1642,0.00718907
5,53055,15884.2,70388.7,64237,6,744,31768,29260,3366,137217,188,7104,5816,119,15145,1642,0.00718907
5,53729.1,15884.2,70388.7,64237,24,744,31768,29260,3366,137217,188,7104,5816,119,15145,1642,0.00718907
5,65109.7,15884.2,70388.7,64237,37,744,31768,29260,3366,137217,188,7104,5816,119,15145,1642,0.00718907
5,72210.3,15884.2,70388.7,64237,27,744,31768,29260,3366,137217,188,7104,5816,119,15145,1642,0.00718907
5,17014.4,12907.8,36963.8,33933,19,716,25749,23661,2508,104154,116,3600,2842,65,8000,603,0.00718907
5,25323.5,12907.8,36963.8,33933,16,716,25749,23661,2508,104154,116,3600,2842,65,8000,603,0.00718907
5,36772.1,12907.8,36963.8,33933,12,716,25749,23661,2508,104154,116,3600,2842,65,8000,603,0.00718907
5,46136,12907.8,36963.8,33933,25,716,25749,23661,2508,104154,116,3600,2842,65,8000,603,0.00718907
5,46383.2,12907.8,36963.8,33933,7,716,25749,23661,2508,104154,116,3600,2842,65,8000,603,0.00718907
5,13827.7,11410.3,34175.1,31505,12,692,24257,22260,2366,96146,113,3435,2725,50,6866,681,0.00718907
5,28822.6,11410.3,34175.1,31505,23,692,24257,22260,2366,96146,113,3435,2725,50,6866,681,0.00718907
5,37703,11410.3,34175.1,31505,8,692,24257,22260,2366,96146,113,3435,2725,50,6866,681,0.00718907
5,42749.2,11410.3,34175.1,31505,22,692,24257,22260,2366,96146,113,3435,2725,50,6866,681,0.00718907
5,44011.5,11410.3,34175.1,31505,6,692,24257,22260,2366,96146,113,3435,2725,50,6866,681,0.00718907
5,14384.7,9165.42,30069.4,27445,11,570,19784,17889,1724,73251,109,2868,2251,36,6163,390,0.00718907
5,16458.3,9165.42,30069.4,27445,6,570,19784,17889,1724,73251,109,2868,2251,36,6163,390,0.00718907
5,28465.3,9165.42,30069.4,27445,6,570,19784,17889,1724,73251,109,2868,2251,36,6163,390,0.00718907
5,38112.3,9165.42,30069.4,27445,26,570,19784,17889,1724,73251,109,2868,2251,36,6163,390,0.00718907
5,40123.2,9165.42,30069.4,27445,28,570,19784,17889,1724,73251,109,2868,2251,36,6163,390,0.00718907
5,22400.5,19350.8,86574.7,78491,14,879,36498,34076,3832,160445,280,8951,7410,197,22361,1417,0.00718907
5,26175.5,19350.8,86574.7,78491,19,879,36498,34076,3832,160445,280,8951,7410,197,22361,1417,0.00718907
5,40633.3,19350.8,86574.7,78491,27,879,36498,34076,3832,160445,280,8951,7410,197,22361,1417,0.00718907
5,58798.2,19350.8,86574.7,78491,31,879,36498,34076,3832,160445,280,8951,7410,197,22361,1417,0.00718907
5,64183.5,19350.8,86574.7,78491,45,879,36498,34076,3832,160445,280,8951,7410,197,22361,1417,0.00718907
5,12310.5,10903.1,35503.8,32295,6,606,22719,20903,2233,88377,131,3769,2962,67,8491,457,0.00718907
5,18858.1,10903.1,35503.8,32295,11,606,22719,20903,2233,88377,131,3769,2962,67,8491,457,0.00718907
5,25904.9,10903.1,35503.8,32295,15,606,22719,20903,2233,88377,131,3769,2962,67,8491,457,0.00718907
5,54585.5,10903.1,35503.8,32295,17,606,22719,20903,2233,88377,131,3769,2962,67,8491,457,0.00718907
5,55066.6,10903.1,35503.8,32295,6,606,22719,20903,2233,88377,131,3769,2962,67,8491,457,0.00718907
5,14338.7,17700.1,49361.9,44883,9,875,33643,31169,3445,139388,173,5138,4078,88,11993,578,0.00718907
5,21687,17700.1,49361.9,44883,9,875,33643,31169,3445,139388,173,5138,4078,88,11993,578,0.00718907
5,33973.7,17700.1,49361.9,44883,21,875,33643,31169,3445,139388,173,5138,4078,88,11993,578,0.00718907
5,55114.2,17700.1,49361.9,44883,37,875,33643,31169,3445,139388,173,5138,4078,88,11993,578,0.00718907
5,55526.8,17700.1,49361.9,44883,13,875,33643,31169,3445,139388,173,5138,4078,88,11993,578,0.00718907
5,17108.8,9240.9,31914.8,29381,11,410,14672,13135,1239,51115,91,3113,2452,44,6279,516,0.00718907
5,18897.6,9240.9,31914.8,29381,9,410,14672,13135,1239,51115,91,3113,2452,44,6279,516,0.00718907
5,29342.6,9240.9,31914.8,29381,29,410,14672,13135,1239,51115,91,3113,2452,44,6279,516,0.00718907
5,34850.5,9240.9,31914.8,29381,18,410,14672,13135,1239,51115,91,3113,2452,44,6279,516,0.00718907
5,36221.7,9240.9,31914.8,29381,26,410,14672,13135,1239,51115,91,3113,2452,44,6279,516,0.00718907
5,7419.7,19320.4,51376,46256,3,864,34294,31806,3616,145939,190,5385,4295,71,12135,855,0.00718907
5,23242.7,19320.4,51376,46256,15,864,34294,31806,3616,145939,190,5385,4295,71,12135,855,0.00718907
5,26907.2,19320.4,51376,46256,16,864,34294,31806,3616,145939,190,5385,4295,71,12135,855,0.00718907
5,48703.9,19320.4,51376,46256,32,864,34294,31806,3616,145939,190,5385,4295,71,12135,855,0.00718907
5,64339,19320.4,51376,46256,7,864,34294,31806,3616,145939,190,5385,4295,71,12135,855,0.00718907
5,13263.8,16147,55090.9,49833,5,781,30834,28521,3295,128743,179,5134,4128,51,11975,749,0.00718907
5,22331.4,16147,55090.9,49833,5,781,30834,28521,3295,128743,179,5134,4128,51,11975,749,0.00718907
5,23173.8,16147,55090.9,49833,10,781,30834,28521,3295,128743,179,5134,4128,51,11975,749,0.00718907
5,54550,16147,55090.9,49833,34,781,30834,28521,3295,128743,179,5134,4128,51,11975,749,0.00718907
5,64358.7,16147,55090.9,49833,12,781,30834,28521,3295,128743,179,5134,4128,51,11975,749,0.00718907
5,28492.6,16759.8,77332.8,70656,19,755,31979,29454,3414,138177,190,7209,5908,126,15656,1636,0.00718907
5,53486,16759.8,77332.8,70656,6,755,31979,29454,3414,138177,190,7209,5908,126,15656,1636,0.00718907
5,53902.9,16759.8,77332.8,70656,24,755,31979,29454,3414,138177,190,7209,5908,126,15656,1636,0.00718907
5,65283.4,16759.8,77332.8,70656,37,755,31979,29454,3414,138177,190,7209,5908,126,15656,1636,0.00718907
5,72594.5,16759.8,77332.8,70656,27,755,31979,29454,3414,138177,190,7209,5908,126,15656,1636,0.00718907
5,7781.88,7519.8,24531.1,22486,5,445,14731,13379,1301,54676,97,2408,1860,30,4826,413,0.00718907
5,27622.3,7519.8,24531.1,22486,20,445,14731,13379,1301,54676,97,2408,1860,30,4826,413,0.00718907
5,33578.5,7519.8,24531.1,22486,13,445,14731,13379,1301,54676,97,2408,1860,30,4826,413,0.00718907
5,37701.2,7519.8,24531.1,22486,7,445,14731,13379,1301,54676,97,2408,1860,30,4826,413,0.00718907
5,38175,7519.8,24531.1,22486,15,445,14731,13379,1301,54676,97,2408,1860,30,4826,413,0.00718907
5,421.294,12988.3,30880.7,28117,2,687,24654,22771,2450,96978,117,3114,2453,47,6893,459,0.00718907
5,10924.9,12988.3,30880.7,28117,9,687,24654,22771,2450,96978,117,3114,2453,47,6893,459,0.00718907
5,27262.8,12988.3,30880.7,28117,22,687,24654,22771,2450,96978,117,3114,2453,47,6893,459,0.00718907
5,42091.7,12988.3,30880.7,28117,17,687,24654,22771,2450,96978,117,3114,2453,47,6893,459,0.00718907
5,46549.4,12988.3,30880.7,28117,15,687,24654,22771,2450,96978,117,3114,2453,47,6893,459,0.00718907
5,8222.85,18990.3,25092.1,22964,3,826,32167,29768,3200,133518,74,2614,2040,12,4511,613,0.00718907
5,19735.7,18990.3,25092.1,22964,14,826,32167,29768,3200,133518,74,2614,2040,12,4511,613,0.00718907
5,27272.4,18990.3,25092.1,22964,10,826,32167,29768,3200,133518,74,2614,2040,12,4511,613,0.00718907
5,37905.5,18990.3,25092.1,22964,17,826,32167,29768,3200,133518,74,2614,2040,12,4511,613,0.00718907
5,54883.8,18990.3,25092.1,22964,7,826,32167,29768,3200,133518,74,2614,2040,12,4511,613,0.00718907
5,11352.7,10772.1,16518.1,15414,6,633,21777,19486,1856,77494,58,1337,1040,8,1860,342,0.00718907
5,24969.9,10772.1,16518.1,15414,6,633,21777,19486,1856,77494,58,1337,1040,8,1860,342,0.00718907
5,26694.1,10772.1,16518.1,15414,8,633,21777,19486,1856,77494,58,1337,1040,8,1860,342,0.00718907
5,31192.1,10772.1,16518.1,15414,12,633,21777,19486,1856,77494,58,1337,1040,8,1860,342,0.00718907
5,37300.9,10772.1,16518.1,15414,5,633,21777,19486,1856,77494,58,1337,1040,8,1860,342,0.00718907
5,25121.1,11175.4,28970.4,26937,11,691,22240,19565,1862,76304,89,2483,1916,11,4200,553,0.00718907
5,27339.5,11175.4,28970.4,26937,15,691,22240,19565,1862,76304,89,2483,1916,11,4200,553,0.00718907
5,30626.2,11175.4,28970.4,26937,21,691,22240,19565,1862,76304,89,2483,1916,11,4200,553,0.00718907
5,34982.7,11175.4,28970.4,26937,21,691,22240,19565,1862,76304,89,2483,1916,11,4200,553,0.00718907
5,37348.5,11175.4,28970.4,26937,20,691,22240,19565,1862,76304,89,2483,1916,11,4200,553,0.00718907
5,9661.69,20105.8,56316.3,51779,5,804,30651,28338,3157,127351,145,5029,4153,86,11181,1046,0.00718907
5,33652,20105.8,56316.3,51779,14,804,30651,28338,3157,127351,145,5029,4153,86,11181,1046,0.00718907
5,44970.8,20105.8,56316.3,51779,27,804,30651,28338,3157,127351,145,5029,4153,86,11181,1046,0.00718907
5,51003.8,20105.8,56316.3,51779,38,804,30651,28338,3157,127351,145,5029,4153,86,11181,1046,0.00718907
5,57911.2,20105.8,56316.3,51779,4,804,30651,28338,3157,127351,145,5029,4153,86,11181,1046,0.00718907
5,16858.9,7485.04,30726,28140,5,423,14165,12700,1206,51222,100,2921,2267,31,5888,480,0.00718907
5,28371.3,7485.04,30726,28140,7,423,14165,12700,1206,51222,100,2921,2267,31,5888,480,0.00718907
5,33664,7485.04,30726,28140,7,423,14165,12700,1206,51222,100,2921,2267,31,5888,480,0.00718907
5,35571.2,7485.04,30726,28140,17,423,14165,12700,1206,51222,100,2921,2267,31,5888,480,0.00718907
5,40628,7485.04,30726,28140,19,423,14165,12700,1206,51222,100,2921,2267,31,5888,480,0.00718907
5,3640.38,14614.1,35608.5,32644,2,704,26856,24817,2701,108992,128,3333,2615,58,7601,421,0.00718907
5,12955.9,14614.1,35608.5,32644,8,704,26856,24817,2701,108992,128,3333,2615,58,7601,421,0.00718907
5,30122.4,14614.1,35608.5,32644,16,704,26856,24817,2701,108992,128,3333,2615,58,7601,421,0.00718907
5,46596.7,14614.1,35608.5,32644,4,704,26856,24817,2701,108992,128,3333,2615,58,7601,421,0.00718907
5,57454.8,14614.1,35608.5,32644,25,704,26856,24817,2701,108992,128,3333,2615,58,7601,421,0.00718907
5,23190.3,10769.6,33306.7,30663,9,706,23396,20664,2006,80993,118,3001,2307,32,5715,520,0.00718907
5,25053.1,10769.6,33306.7,30663,12,706,23396,20664,2006,80993,118,3001,2307,32,5715,520,0.00718907
5,27166.6,10769.6,33306.7,30663,12,706,23396,20664,2006,80993,118,3001,2307,32,5715,520,0.00718907
5,35218,10769.6,33306.7,30663,20,706,23396,20664,2006,80993,118,3001,2307,32,5715,520,0.00718907
5,38067.4,10769.6,33306.7,30663,21,706,23396,20664,2006,80993,118,3001,2307,32,5715,520,0.00718907
5,25414.4,12025.1,32656.1,30404,10,644,22335,19846,1912,78305,105,2733,2142,33,4838,585,0.00718907
5,28635.2,12025.1,32656.1,30404,13,644,22335,19846,1912,78305,105,2733,2142,33,4838,585,0.00718907
5,28808.7,12025.1,32656.1,30404,14,644,22335,19846,1912,78305,105,2733,2142,33,4838,585,0.00718907
5,36016,12025.1,32656.1,30404,21,644,22335,19846,1912,78305,105,2733,2142,33,4838,585,0.00718907
5,37974.5,12025.1,32656.1,30404,20,644,22335,19846,1912,78305,105,2733,2142,33,4838,585,0.00718907
5,9798.85,9093.71,30411.7,27839,7,577,19814,17983,1730,73417,113,3010,2378,38,6259,475,0.00718907
5,15311.6,9093.71,30411.7,27839,10,577,19814,17983,1730,73417,113,3010,2378,38,6259,475,0.00718907
5,32933.1,9093.71,30411.7,27839,13,577,19814,17983,1730,73417,113,3010,2378,38,6259,475,0.00718907
5,35489.2,9093.71,30411.7,27839,25,577,19814,17983,1730,73417,113,3010,2378,38,6259,475,0.00718907
5,39233.3,9093.71,30411.7,27839,18,577,19814,17983,1730,73417,113,3010,2378,38,6259,475,0.00718907
5,9078.84,12827.8,39402.2,36442,12,664,24651,22746,2513,100119,115,3535,2788,48,7341,662,0.00718907
5,36382.9,12827.8,39402.2,36442,18,664,24651,22746,2513,100119,115,3535,2788,48,7341,662,0.00718907
5,41285.5,12827.8,39402.2,36442,15,664,24651,22746,2513,100119,115,3535,2788,48,7341,662,0.00718907
5,47442.9,12827.8,39402.2,36442,16,664,24651,22746,2513,100119,115,3535,2788,48,7341,662,0.00718907
5,48768.8,12827.8,39402.2,36442,13,664,24651,22746,2513,100119,115,3535,2788,48,7341,662,0.00718907
5,15755,9488.88,24665.3,22709,4,607,19650,17255,1653,67543,103,2425,1874,29,4160,489,0.00718907
5,26257.2,9488.88,24665.3,22709,19,607,19650,17255,1653,67543,103,2425,1874,29,4160,489,0.00718907
5,31876,9488.88,24665.3,22709,13,607,19650,17255,1653,67543,103,2425,1874,29,4160,489,0.00718907
5,31910.7,9488.88,24665.3,22709,13,607,19650,17255,1653,67543,103,2425,1874,29,4160,489,0.00718907
5,35310.4,9488.88,24665.3,22709,9,607,19650,17255,1653,67543,103,2425,1874,29,4160,489,0.00718907
5,18782.3,13691.7,46978.6,42050,11,727,28169,25936,2864,116814,175,5341,4349,101,13571,610,0.00718907
5,26928.6,13691.7,46978.6,42050,16,727,28169,25936,2864,116814,175,5341,4349,101,13571,610,0.00718907
5,28586.4,13691.7,46978.6,42050,6,727,28169,25936,2864,116814,175,5341,4349,101,13571,610,0.00718907
5,61503.5,13691.7,46978.6,42050,8,727,28169,25936,2864,116814,175,5341,4349,101,13571,610,0.00718907
5,69106.4,13691.7,46978.6,42050,40,727,28169,25936,2864,116814,175,5341,4349,101,13571,610,0.00718907
5,13198.5,9866.08,32312.5,29811,8,606,21306,19025,1958,75656,94,3021,2326,48,5626,590,0.00718907
5,33820.2,9866.08,32312.5,29811,22,606,21306,19025,1958,75656,94,3021,2326,48,5626,590,0.00718907
5,34387.2,9866.08,32312.5,29811,6,606,21306,19025,1958,75656,94,3021,2326,48,5626,590,0.00718907
5,35414.7,9866.08,32312.5,29811,25,606,21306,19025,1958,75656,94,3021,2326,48,5626,590,0.00718907
5,37737.6,9866.08,32312.5,29811,9,606,21306,19025,1958,75656,94,3021,2326,48,5626,590,0.00718907
5,12482.1,10324.9,18463.6,16982,4,490,16738,14903,1386,57934,95,1820,1374,12,3381,257,0.00718907
5,18179.8,10324.9,18463.6,16982,8,490,16738,14903,1386,57934,95,1820,1374,12,3381,257,0.00718907
5,27608.2,10324.9,18463.6,16982,16,490,16738,14903,1386,57934,95,1820,1374,12,3381,257,0.00718907
5,33966.4,10324.9,18463.6,16982,16,490,16738,14903,1386,57934,95,1820,1374,12,3381,257,0.00718907
5,34329.4,10324.9,18463.6,16982,7,490,16738,14903,1386,57934,95,1820,1374,12,3381,257,0.00718907
5,10587.4,9201.16,25350.2,23354,9,561,20710,19068,2084,82445,73,2610,2084,18,4534,688,0.00718907
5,31589.4,9201.16,25350.2,23354,15,561,20710,19068,2084,82445,73,2610,2084,18,4534,688,0.00718907
5,32551.6,9201.16,25350.2,23354,18,561,20710,19068,2084,82445,73,2610,2084,18,4534,688,0.00718907
5,53642.2,9201.16,25350.2,23354,24,561,20710,19068,2084,82445,73,2610,2084,18,4534,688,0.00718907
5,56852.7,9201.16,25350.2,23354,4,561,20710,19068,2084,82445,73,2610,2084,18,4534,688,0.00718907
5,14791.1,11268.9,23742.6,21670,12,660,22991,21257,2269,91009,81,2482,1958,8,4552,564,0.00718907
5,21629.4,11268.9,23742.6,21670,5,660,22991,21257,2269,91009,81,2482,1958,8,4552,564,0.00718907
5,23135.9,11268.9,23742.6,21670,13,660,22991,21257,2269,91009,81,2482,1958,8,4552,564,0.00718907
5,47155.8,11268.9,23742.6,21670,8,660,22991,21257,2269,91009,81,2482,1958,8,4552,564,0.00718907
5,53731.5,11268.9,23742.6,21670,10,660,22991,21257,2269,91009,81,2482,1958,8,4552,564,0.00718907
5,9947.23,12242.7,39377.5,35950,8,598,22475,20755,2312,89812,136,3766,3037,57,7997,764,0.00718907
5,24903.8,12242.7,39377.5,35950,9,598,22475,20755,2312,89812,136,3766,3037,57,7997,764,0.00718907
5,28461,12242.7,39377.5,35950,21,598,22475,20755,2312,89812,136,3766,3037,57,7997,764,0.00718907
5,55313.9,12242.7,39377.5,35950,26,598,22475,20755,2312,89812,136,3766,3037,57,7997,764,0.00718907
5,59054,12242.7,39377.5,35950,10,598,22475,20755,2312,89812,136,3766,3037,57,7997,764,0.00718907
5,12271.7,17061,42935.3,38957,7,848,33270,30882,3457,137998,149,4249,3415,88,8643,800,0.00718907
5,25646.9,17061,42935.3,38957,8,848,33270,30882,3457,137998,149,4249,3415,88,8643,800,0.00718907
5,26729.6,17061,42935.3,38957,15,848,33270,30882,3457,137998,149,4249,3415,88,8643,800,0.00718907
5,45169.7,17061,42935.3,38957,16,848,33270,30882,3457,137998,149,4249,3415,88,8643,800,0.00718907
5,54088.6,17061,42935.3,38957,24,848,33270,30882,3457,137998,149,4249,3415,88,8643,800,0.00718907
5,14141.8,18129.7,43614.8,39859,4,872,33488,30986,3351,136277,153,4043,3114,77,9057,309,0.00718907
5,18629.1,18129.7,43614.8,39859,4,872,33488,30986,3351,136277,153,4043,3114,77,9057,309,0.00718907
5,29007.3,18129.7,43614.8,39859,18,872,33488,30986,3351,136277,153,4043,3114,77,9057,309,0.00718907
5,52068.6,18129.7,43614.8,39859,6,872,33488,30986,3351,136277,153,4043,3114,77,9057,309,0.00718907
5,52108.8,18129.7,43614.8,39859,34,872,33488,30986,3351,136277,153,4043,3114,77,9057,309,0.00718907
5,15957.1,12890.5,36222.6,33260,20,719,25640,23630,2515,103827,117,3645,2910,49,7085,794,0.00718907
5,26372.2,12890.5,36222.6,33260,16,719,25640,23630,2515,103827,117,3645,2910,49,7085,794,0.00718907
5,38820.1,12890.5,36222.6,33260,13,719,25640,23630,2515,103827,117,3645,2910,49,7085,794,0.00718907
5,45612.5,12890.5,36222.6,33260,23,719,25640,23630,2515,103827,117,3645,2910,49,7085,794,0.00718907
5,47277.6,12890.5,36222.6,33260,5,719,25640,23630,2515,103827,117,3645,2910,49,7085,794,0.00718907
5,17832.9,17486.1,63478.3,58488,12,845,33730,31403,3521,145028,216,5571,4533,122,11407,1162,0.00718907
5,34487.2,17486.1,63478.3,58488,25,845,33730,31403,3521,145028,216,5571,4533,122,11407,1162,0.00718907
5,35100.4,17486.1,63478.3,58488,23,845,33730,31403,3521,145028,216,5571,4533,122,11407,1162,0.00718907
5,45382.6,17486.1,63478.3,58488,18,845,33730,31403,3521,145028,216,5571,4533,122,11407,1162,0.00718907
5,62453.1,17486.1,63478.3,58488,24,845,33730,31403,3521,145028,216,5571,4533,122,11407,1162,0.00718907
5,24482.1,12876.8,27472.3,25390,11,631,20304,17819,1754,68992,98,2481,1860,15,4479,437,0.00718907
5,27045,12876.8,27472.3,25390,19,631,20304,17819,1754,68992,98,2481,1860,15,4479,437,0.00718907
5,30812.2,12876.8,27472.3,25390,17,631,20304,17819,1754,68992,98,2481,1860,15,4479,437,0.00718907
5,35590.5,12876.8,27472.3,25390,21,631,20304,17819,1754,68992,98,2481,1860,15,4479,437,0.00718907
5,35643.4,12876.8,27472.3,25390,13,631,20304,17819,1754,68992,98,2481,1860,15,4479,437,0.00718907
5,12977.6,7921.33,34361.8,31606,6,520,18074,16524,1722,69422,109,3111,2455,36,6696,514,0.00718907
5,31104.9,7921.33,34361.8,31606,20,520,18074,16524,1722,69422,109,3111,2455,36,6696,514,0.00718907
5,32075.5,7921.33,34361.8,31606,4,520,18074,16524,1722,69422,109,3111,2455,36,6696,514,0.00718907
5,49767.7,7921.33,34361.8,31606,17,520,18074,16524,1722,69422,109,3111,2455,36,6696,514,0.00718907
5,50405.7,7921.33,34361.8,31606,23,520,18074,16524,1722,69422,109,3111,2455,36,6696,514,0.00718907
5,16799.8,12092,33870.1,30998,11,654,24403,22449,2501,99498,119,3516,2797,30,7238,779,0.00718907
5,26779,12092,33870.1,30998,4,654,24403,22449,2501,99498,119,3516,2797,30,7238,779,0.00718907
5,30488.3,12092,33870.1,30998,14,654,24403,22449,2501,99498,119,3516,2797,30,7238,779,0.00718907
5,46581.9,12092,33870.1,30998,16,654,24403,22449,2501,99498,119,3516,2797,30,7238,779,0.00718907
5,55248.7,12092,33870.1,30998,9,654,24403,22449,2501,99498,119,3516,2797,30,7238,779,0.00718907
5,17679.9,11075.9,41677.6,38020,10,602,22487,20563,2039,88488,143,4168,3388,97,9292,655,0.00718907
5,20501.1,11075.9,41677.6,38020,17,602,22487,20563,2039,88488,143,4168,3388,97,9292,655,0.00718907
5,27146,11075.9,41677.6,38020,6,602,22487,20563,2039,88488,143,4168,3388,97,9292,655,0.00718907
5,41471.4,11075.9,41677.6,38020,31,602,22487,20563,2039,88488,143,4168,3388,97,9292,655,0.00718907
5,46640.7,11075.9,41677.6,38020,33,602,22487,20563,2039,88488,143,4168,3388,97,9292,655,0.00718907
5,21199,11307,58248,53519,15,622,22672,20820,2393,93276,169,5265,4223,87,11791,946,0.00718907
5,29511.3,11307,58248,53519,21,622,22672,20820,2393,93276,169,5265,4223,87,11791,946,0.00718907
5,34647,11307,58248,53519,23,622,22672,20820,2393,93276,169,5265,4223,87,11791,946,0.00718907
5,59236.3,11307,58248,53519,10,622,22672,20820,2393,93276,169,5265,4223,87,11791,946,0.00718907
5,60253,11307,58248,53519,21,622,22672,20820,2393,93276,169,5265,4223,87,11791,946,0.00718907
5,10465.5,11694.6,34562.6,31495,4,662,24202,22360,2418,97460,121,3521,2824,49,7349,705,0.00718907
5,21914.9,11694.6,34562.6,31495,6,662,24202,22360,2418,97460,121,3521,2824,49,7349,705,0.00718907
5,26184,11694.6,34562.6,31495,17,662,24202,22360,2418,97460,121,3521,2824,49,7349,705,0.00718907
5,54507.1,11694.6,34562.6,31495,24,662,24202,22360,2418,97460,121,3521,2824,49,7349,705,0.00718907
5,60468.6,11694.6,34562.6,31495,14,662,24202,22360,2418,97460,121,3521,2824,49,7349,705,0.00718907
5,29030.7,15228.8,72820.6,66099,17,716,30151,27723,3206,128540,201,7201,5899,155,17206,1285,0.00718907
5,47697.3,15228.8,72820.6,66099,8,716,30151,27723,3206,128540,201,7201,5899,155,17206,1285,0.00718907
5,56502.5,15228.8,72820.6,66099,18,716,30151,27723,3206,128540,201,7201,5899,155,17206,1285,0.00718907
5,67697.8,15228.8,72820.6,66099,39,716,30151,27723,3206,128540,201,7201,5899,155,17206,1285,0.00718907
5,70173.4,15228.8,72820.6,66099,32,716,30151,27723,3206,128540,201,7201,5899,155,17206,1285,0.00718907
5,12349.1,12366.8,21480.9,19651,7,690,24902,22230,2246,89494,107,2245,1674,14,4427,319,0.00718907
5,21004.5,12366.8,21480.9,19651,13,690,24902,22230,2246,89494,107,2245,1674,14,4427,319,0.00718907
5,24188.4,12366.8,21480.9,19651,6,690,24902,22230,2246,89494,107,2245,1674,14,4427,319,0.00718907
5,39068.7,12366.8,21480.9,19651,20,690,24902,22230,2246,89494,107,2245,1674,14,4427,319,0.00718907
5,39661.9,12366.8,21480.9,19651,9,690,24902,22230,2246,89494,107,2245,1674,14,4427,319,0.00718907
5,1625.31,11775.6,22304.4,20352,2,648,24718,22549,2310,92306,81,2350,1834,28,4621,442,0.00718907
5,18121.9,11775.6,22304.4,20352,10,648,24718,22549,2310,92306,81,2350,1834,28,4621,442,0.00718907
5,29252.2,11775.6,22304.4,20352,8,648,24718,22549,2310,92306,81,2350,1834,28,4621,442,0.00718907
5,31165.8,11775.6,22304.4,20352,19,648,24718,22549,2310,92306,81,2350,1834,28,4621,442,0.00718907
5,41378.5,11775.6,22304.4,20352,16,648,24718,22549,2310,92306,81,2350,1834,28,4621,442,0.00718907
5,15577.4,13642.5,36281.4,32833,8,695,25533,23557,2519,104176,136,3766,2961,46,8646,530,0.00718907
5,15739.1,13642.5,36281.4,32833,6,695,25533,23557,2519,104176,136,3766,2961,46,8646,530,0.00718907
5,18841.4,13642.5,36281.4,32833,10,695,25533,23557,2519,104176,136,3766,2961,46,8646,530,0.00718907
5,55672.4,13642.5,36281.4,32833,20,695,25533,23557,2519,104176,136,3766,2961,46,8646,530,0.00718907
5,56489.1,13642.5,36281.4,32833,14,695,25533,23557,2519,104176,136,3766,2961,46,8646,530,0.00718907
5,8455.45,10776.2,14914.6,13692,6,594,21678,19995,1955,83619,57,1615,1226,4,2408,388,0.00718907
5,12455.4,10776.2,14914.6,13692,11,594,21678,19995,1955,83619,57,1615,1226,4,2408,388,0.00718907
5,26060.1,10776.2,14914.6,13692,8,594,21678,19995,1955,83619,57,1615,1226,4,2408,388,0.00718907
5,36320.4,10776.2,14914.6,13692,9,594,21678,19995,1955,83619,57,1615,1226,4,2408,388,0.00718907
5,41760.9,10776.2,14914.6,13692,5,594,21678,19995,1955,83619,57,1615,1226,4,2408,388,0.00718907
5,12770.8,10327.3,23994.3,21899,9,635,23012,21275,2268,90588,94,2529,2020,24,5249,489,0.00718907
5,22214.9,10327.3,23994.3,21899,3,635,23012,21275,2268,90588,94,2529,2020,24,5249,489,0.00718907
5,22367.1,10327.3,23994.3,21899,12,635,23012,21275,2268,90588,94,2529,2020,24,5249,489,0.00718907
5,45225.4,10327.3,23994.3,21899,10,635,23012,21275,2268,90588,94,2529,2020,24,5249,489,0.00718907
5,52584.8,10327.3,23994.3,21899,11,635,23012,21275,2268,90588,94,2529,2020,24,5249,489,0.00718907
5,19423.9,13103.9,16002.6,14682,10,613,19416,17197,1580,66359,64,1658,1261,6,2570,384,0.00718907
5,28179.7,13103.9,16002.6,14682,4,613,19416,17197,1580,66359,64,1658,1261,6,2570,384,0.00718907
5,28744.7,13103.9,16002.6,14682,16,613,19416,17197,1580,66359,64,1658,1261,6,2570,384,0.00718907
5,31721.5,13103.9,16002.6,14682,21,613,19416,17197,1580,66359,64,1658,1261,6,2570,384,0.00718907
5,35945.8,13103.9,16002.6,14682,11,613,19416,17197,1580,66359,64,1658,1261,6,2570,384,0.00718907
5,8320.41,9598.45,26474.7,24032,7,594,20955,19133,1890,80083,110,2904,2278,33,6100,468,0.00718907
5,13607.4,9598.45,26474.7,24032,9,594,20955,19133,1890,80083,110,2904,2278,33,6100,468,0.00718907
5,34513.1,9598.45,26474.7,24032,8,594,20955,19133,1890,80083,110,2904,2278,33,6100,468,0.00718907
5,34582.7,9598.45,26474.7,24032,23,594,20955,19133,1890,80083,110,2904,2278,33,6100,468,0.00718907
5,41134.5,9598.45,26474.7,24032,19,594,20955,19133,1890,80083,110,2904,2278,33,6100,468,0.00718907
5,13318,5573.7,30029.8,27520,3,385,13143,11747,1113,46234,107,2983,2305,54,6715,310,0.00718907
5,19988.6,5573.7,30029.8,27520,13,385,13143,11747,1113,46234,107,2983,2305,54,6715,310,0.00718907
5,35628.2,5573.7,30029.8,27520,22,385,13143,11747,1113,46234,107,2983,2305,54,6715,310,0.00718907
5,36496.4,5573.7,30029.8,27520,25,385,13143,11747,1113,46234,107,2983,2305,54,6715,310,0.00718907
5,36686.2,5573.7,30029.8,27520,13,385,13143,11747,1113,46234,107,2983,2305,54,6715,310,0.00718907
5,25425.7,8295.49,24033.5,22254,9,620,19308,16925,1589,64906,80,2275,1736,15,3770,472,0.00718907
5,25522.6,8295.49,24033.5,22254,13,620,19308,16925,1589,64906,80,2275,1736,15,3770,472,0.00718907
5,32812.3,8295.49,24033.5,22254,22,620,19308,16925,1589,64906,80,2275,1736,15,3770,472,0.00718907
5,33184.8,8295.49,24033.5,22254,23,620,19308,16925,1589,64906,80,2275,1736,15,3770,472,0.00718907
5,35245.1,8295.49,24033.5,22254,20,620,19308,16925,1589,64906,80,2275,1736,15,3770,472,0.00718907
5,12058.3,20496.3,65742.5,58979,9,885,36454,34076,3862,163763,203,6776,5482,202,15989,1143,0.00718907
5,36580.4,20496.3,65742.5,58979,32,885,36454,34076,3862,163763,203,6776,5482,202,15989,1143,0.00718907
5,37936.3,20496.3,65742.5,58979,28,885,36454,34076,3862,163763,203,6776,5482,202,15989,1143,0.00718907
5,44000,20496.3,65742.5,58979,23,885,36454,34076,3862,163763,203,6776,5482,202,15989,1143,0.00718907
5,66760.8,20496.3,65742.5,58979,34,885,36454,34076,3862,163763,203,6776,5482,202,15989,1143,0.00718907
5,8600.04,13138,26804.5,24316,7,692,24857,22267,2234,89095,105,2891,2259,47,6862,349,0.00718907
5,20414.5,13138,26804.5,24316,7,692,24857,22267,2234,89095,105,2891,2259,47,6862,349,0.00718907
5,24761.2,13138,26804.5,24316,13,692,24857,22267,2234,89095,105,2891,2259,47,6862,349,0.00718907
5,39087,13138,26804.5,24316,23,692,24857,22267,2234,89095,105,2891,2259,47,6862,349,0.00718907
5,39838.2,13138,26804.5,24316,24,692,24857,22267,2234,89095,105,2891,2259,47,6862,349,0.00718907
5,15810.7,10936.4,37404,34459,11,654,22608,20859,2254,90684,120,3462,2760,34,6799,742,0.00718907
5,22720.9,10936.4,37404,34459,9,654,22608,20859,2254,90684,120,3462,2760,34,6799,742,0.00718907
5,26274.6,10936.4,37404,34459,15,654,22608,20859,2254,90684,120,3462,2760,34,6799,742,0.00718907
5,50217.8,10936.4,37404,34459,11,654,22608,20859,2254,90684,120,3462,2760,34,6799,742,0.00718907
5,54822.9,10936.4,37404,34459,14,654,22608,20859,2254,90684,120,3462,2760,34,6799,742,0.00718907
5,34815.7,16026.8,94307.1,85448,28,734,32124,29513,3485,140437,247,9353,7810,197,24945,1708,0.00718907
5,52299.4,16026.8,94307.1,85448,14,734,32124,29513,3485,140437,247,9353,7810,197,24945,1708,0.00718907
5,61507.3,16026.8,94307.1,85448,23,734,32124,29513,3485,140437,247,9353,7810,197,24945,1708,0.00718907
5,72858.8,16026.8,94307.1,85448,36,734,32124,29513,3485,140437,247,9353,7810,197,24945,1708,0.00718907
5,75968.2,16026.8,94307.1,85448,37,734,32124,29513,3485,140437,247,9353,7810,197,24945,1708,0.00718907
5,12707.5,8580.85,28147.6,25675,16,507,17890,16108,1557,63247,85,3050,2428,38,6037,543,0.00718907
5,19890.2,8580.85,28147.6,25675,7,507,17890,16108,1557,63247,85,3050,2428,38,6037,543,0.00718907
5,26014.8,8580.85,28147.6,25675,16,507,17890,16108,1557,63247,85,3050,2428,38,6037,543,0.00718907
5,32758.2,8580.85,28147.6,25675,15,507,17890,16108,1557,63247,85,3050,2428,38,6037,543,0.00718907
5,37763.2,8580.85,28147.6,25675,23,507,17890,16108,1557,63247,85,3050,2428,38,6037,543,0.00718907
5,10932,11663.7,19695.7,18036,6,687,23838,21516,2112,87465,88,2152,1654,23,3762,360,0.00718907
5,25038,11663.7,19695.7,18036,9,687,23838,21516,2112,87465,88,2152,1654,23,3762,360,0.00718907
5,26642.7,11663.7,19695.7,18036,6,687,23838,21516,2112,87465,88,2152,1654,23,3762,360,0.00718907
5,30764.8,11663.7,19695.7,18036,12,687,23838,21516,2112,87465,88,2152,1654,23,3762,360,0.00718907
5,38970.8,11663.7,19695.7,18036,6,687,23838,21516,2112,87465,88,2152,1654,23,3762,360,0.00718907
5,18497.4,12866.8,33780.2,31086,10,723,26155,23804,2506,101597,116,3169,2435,47,5995,631,0.00718907
5,24407.8,12866.8,33780.2,31086,21,723,26155,23804,2506,101597,116,3169,2435,47,5995,631,0.00718907
5,32868.8,12866.8,33780.2,31086,8,723,26155,23804,2506,101597,116,3169,2435,47,5995,631,0.00718907
5,42806.9,12866.8,33780.2,31086,6,723,26155,23804,2506,101597,116,3169,2435,47,5995,631,0.00718907
5,44828.4,12866.8,33780.2,31086,11,723,26155,23804,2506,101597,116,3169,2435,47,5995,631,0.00718907
5,23869.9,8794.19,31242.6,28932,15,619,19779,17369,1678,66406,115,2810,2152,25,5123,519,0.00718907
5,29583.5,8794.19,31242.6,28932,13,619,19779,17369,1678,66406,115,2810,2152,25,5123,519,0.00718907
5,30608.5,8794.19,31242.6,28932,17,619,19779,17369,1678,66406,115,2810,2152,25,5123,519,0.00718907
5,30796.9,8794.19,31242.6,28932,16,619,19779,17369,1678,66406,115,2810,2152,25,5123,519,0.00718907
5,35591.6,8794.19,31242.6,28932,21,619,19779,17369,1678,66406,115,2810,2152,25,5123,519,0.00718907
5,15161.3,9705.6,26985.2,24825,7,567,20887,19221,1876,80279,79,2555,2035,16,4936,497,0.00718907
5,16900.1,9705.6,26985.2,24825,14,567,20887,19221,1876,80279,79,2555,2035,16,4936,497,0.00718907
5,23281.8,9705.6,26985.2,24825,13,567,20887,19221,1876,80279,79,2555,2035,16,4936,497,0.00718907
5,35841.9,9705.6,26985.2,24825,8,567,20887,19221,1876,80279,79,2555,2035,16,4936,497,0.00718907
5,45162.3,9705.6,26985.2,24825,17,567,20887,19221,1876,80279,79,2555,2035,16,4936,497,0.00718907
5,20595.2,13779.5,29411.5,27063,14,793,26460,23521,2360,92987,113,2711,2083,34,5003,491,0.00718907
5,25088.9,13779.5,29411.5,27063,11,793,26460,23521,2360,92987,113,2711,2083,34,5003,491,0.00718907
5,27821.9,13779.5,29411.5,27063,12,793,26460,23521,2360,92987,113,2711,2083,34,5003,491,0.00718907
5,32227.9,13779.5,29411.5,27063,22,793,26460,23521,2360,92987,113,2711,2083,34,5003,491,0.00718907
5,40071.7,13779.5,29411.5,27063,24,793,26460,23521,2360,92987,113,2711,2083,34,5003,491,0.00718907
5,16617.8,12080.6,48306.8,44087,9,560,20929,19096,1993,81693,154,4780,3870,121,11433,687,0.00718907
5,20978.1,12080.6,48306.8,44087,10,560,20929,19096,1993,81693,154,4780,3870,121,11433,687,0.00718907
5,32844.9,12080.6,48306.8,44087,15,560,20929,19096,1993,81693,154,4780,3870,121,11433,687,0.00718907
5,46494.8,12080.6,48306.8,44087,31,560,20929,19096,1993,81693,154,4780,3870,121,11433,687,0.00718907
5,48007.9,12080.6,48306.8,44087,35,560,20929,19096,1993,81693,154,4780,3870,121,11433,687,0.00718907
5,18717.2,18521.5,60572,54594,15,760,29569,27277,3004,123792,231,6740,5439,125,16292,905,0.00718907
5,27859.2,18521.5,60572,54594,17,760,29569,27277,3004,123792,231,6740,5439,125,16292,905,0.00718907
5,30844.8,18521.5,60572,54594,4,760,29569,27277,3004,123792,231,6740,5439,125,16292,905,0.00718907
5,61142.8,18521.5,60572,54594,11,760,29569,27277,3004,123792,231,6740,5439,125,16292,905,0.00718907
5,71115.7,18521.5,60572,54594,26,760,29569,27277,3004,123792,231,6740,5439,125,16292,905,0.00718907
5,16534.9,11334.5,26927.7,24784,11,541,18161,16327,1643,67312,95,2647,2078,31,4882,520,0.00718907
5,28837,11334.5,26927.7,24784,7,541,18161,16327,1643,67312,95,2647,2078,31,4882,520,0.00718907
5,29492.1,11334.5,26927.7,24784,16,541,18161,16327,1643,67312,95,2647,2078,31,4882,520,0.00718907
5,33557.7,11334.5,26927.7,24784,21,541,18161,16327,1643,67312,95,2647,2078,31,4882,520,0.00718907
5,42073.7,11334.5,26927.7,24784,16,541,18161,16327,1643,67312,95,2647,2078,31,4882,520,0.00718907
5,11166.3,5271.27,26841.6,24762,6,399,13135,11758,1147,47199,99,2579,1977,38,5344,344,0.00718907
5,31543.6,5271.27,26841.6,24762,20,399,13135,11758,1147,47199,99,2579,1977,38,5344,344,0.00718907
5,36033.7,5271.27,26841.6,24762,10,399,13135,11758,1147,47199,99,2579,1977,38,5344,344,0.00718907
5,36630.9,5271.27,26841.6,24762,17,399,13135,11758,1147,47199,99,2579,1977,38,5344,344,0.00718907
5,36699.4,5271.27,26841.6,24762,16,399,13135,11758,1147,47199,99,2579,1977,38,5344,344,0.00718907
5,11150.8,5869.35,17566.3,16228,7,445,14539,12995,1236,51294,69,1773,1355,10,3108,345,0.00718907
5,24862.7,5869.35,17566.3,16228,17,445,14539,12995,1236,51294,69,1773,1355,10,3108,345,0.00718907
5,31899,5869.35,17566.3,16228,11,445,14539,12995,1236,51294,69,1773,1355,10,3108,345,0.00718907
5,33399.8,5869.35,17566.3,16228,6,445,14539,12995,1236,51294,69,1773,1355,10,3108,345,0.00718907
5,34345.2,5869.35,17566.3,16228,15,445,14539,12995,1236,51294,69,1773,1355,10,3108,345,0.00718907
5,15034.6,12741.9,36669.6,32881,4,709,26644,24588,2687,107888,148,4192,3337,58,10502,483,0.00718907
5,20481.7,12741.9,36669.6,32881,11,709,26644,24588,2687,107888,148,4192,3337,58,10502,483,0.00718907
5,23803.9,12741.9,36669.6,32881,7,709,26644,24588,2687,107888,148,4192,3337,58,10502,483,0.00718907
5,57920.9,12741.9,36669.6,32881,8,709,26644,24588,2687,107888,148,4192,3337,58,10502,483,0.00718907
5,63171,12741.9,36669.6,32881,26,709,26644,24588,2687,107888,148,4192,3337,58,10502,483,0.00718907
5,4011.13,12862.6,32729,30160,4,702,25026,23107,2546,101530,101,3247,2608,39,6223,724,0.00718907
5,36152.8,12862.6,32729,30160,13,702,25026,23107,2546,101530,101,3247,2608,39,6223,724,0.00718907
5,39008.9,12862.6,32729,30160,25,702,25026,23107,2546,101530,101,3247,2608,39,6223,724,0.00718907
5,42326.3,12862.6,32729,30160,13,702,25026,23107,2546,101530,101,3247,2608,39,6223,724,0.00718907
5,47096.7,12862.6,32729,30160,6,702,25026,23107,2546,101530,101,3247,2608,39,6223,724,0.00718907
5,12643.3,13424,44342.4,40602,12,742,28275,26125,2906,117685,128,4572,3652,47,8944,1054,0.00718907
5,40869.2,13424,44342.4,40602,8,742,28275,26125,2906,117685,128,4572,3652,47,8944,1054,0.00718907
5,44903,13424,44342.4,40602,16,742,28275,26125,2906,117685,128,4572,3652,47,8944,1054,0.00718907
5,51329.8,13424,44342.4,40602,27,742,28275,26125,2906,117685,128,4572,3652,47,8944,1054,0.00718907
5,58268.6,13424,44342.4,40602,14,742,28275,26125,2906,117685,128,4572,3652,47,8944,1054,0.00718907
5,14343.6,8038.03,14629.5,13452,9,554,18074,15896,1489,61914,64,1503,1151,18,2704,270,0.00718907
5,21867.8,8038.03,14629.5,13452,7,554,18074,15896,1489,61914,64,1503,1151,18,2704,270,0.00718907
5,30955.8,8038.03,14629.5,13452,9,554,18074,15896,1489,61914,64,1503,1151,18,2704,270,0.00718907
5,33703.9,8038.03,14629.5,13452,6,554,18074,15896,1489,61914,64,1503,1151,18,2704,270,0.00718907
5,34183,8038.03,14629.5,13452,15,554,18074,15896,1489,61914,64,1503,1151,18,2704,270,0.00718907
5,5531.74,11830.9,30672.9,27840,3,670,24865,22984,2408,95761,108,3470,2773,51,7558,496,0.00718907
5,16273.8,11830.9,30672.9,27840,6,670,24865,22984,2408,95761,108,3470,2773,51,7558,496,0.00718907
5,24991.3,11830.9,30672.9,27840,17,670,24865,22984,2408,95761,108,3470,2773,51,7558,496,0.00718907
5,31824.5,11830.9,30672.9,27840,16,670,24865,22984,2408,95761,108,3470,2773,51,7558,496,0.00718907
5,46027.2,11830.9,30672.9,27840,31,670,24865,22984,2408,95761,108,3470,2773,51,7558,496,0.00718907
5,16083,18756.1,46185,41853,10,895,35178,32830,3607,148690,158,4566,3652,90,9381,772,0.00718907
5,20315.3,18756.1,46185,41853,8,895,35178,32830,3607,148690,158,4566,3652,90,9381,772,0.00718907
5,29906,18756.1,46185,41853,23,895,35178,32830,3607,148690,158,4566,3652,90,9381,772,0.00718907
5,49906.9,18756.1,46185,41853,15,895,35178,32830,3607,148690,158,4566,3652,90,9381,772,0.00718907
5,56354.5,18756.1,46185,41853,31,895,35178,32830,3607,148690,158,4566,3652,90,9381,772,0.00718907
5,22636.4,20624.5,71466.6,65072,12,850,33797,31201,3560,145021,190,6564,5336,96,13897,1571,0.00718907
5,44630.5,20624.5,71466.6,65072,21,850,33797,31201,3560,145021,190,6564,5336,96,13897,1571,0.00718907
5,56790.2,20624.5,71466.6,65072,35,850,33797,31201,3560,145021,190,6564,5336,96,13897,1571,0.00718907
5,57187.7,20624.5,71466.6,65072,17,850,33797,31201,3560,145021,190,6564,5336,96,13897,1571,0.00718907
5,70018.8,20624.5,71466.6,65072,13,850,33797,31201,3560,145021,190,6564,5336,96,13897,1571,0.00718907
5,8561.33,11090.7,26586.5,24164,3,616,22475,20673,2151,85203,94,3035,2396,51,6354,442,0.00718907
5,13358.9,11090.7,26586.5,24164,7,616,22475,20673,2151,85203,94,3035,2396,51,6354,442,0.00718907
5,26046.8,11090.7,26586.5,24164,13,616,22475,20673,2151,85203,94,3035,2396,51,6354,442,0.00718907
5,32434.8,11090.7,26586.5,24164,16,616,22475,20673,2151,85203,94,3035,2396,51,6354,442,0.00718907
5,44399.4,11090.7,26586.5,24164,26,616,22475,20673,2151,85203,94,3035,2396,51,6354,442,0.00718907
5,20799.8,19205.3,64257.3,58357,14,902,36016,33634,3795,157352,224,6687,5517,167,14654,1410,0.00718907
5,30446.8,19205.3,64257.3,58357,17,902,36016,33634,3795,157352,224,6687,5517,167,14654,1410,0.00718907
5,37169.7,19205.3,64257.3,58357,20,902,36016,33634,3795,157352,224,6687,5517,167,14654,1410,0.00718907
5,50873.4,19205.3,64257.3,58357,18,902,36016,33634,3795,157352,224,6687,5517,167,14654,1410,0.00718907
5,64879.6,19205.3,64257.3,58357,27,902,36016,33634,3795,157352,224,6687,5517,167,14654,1410,0.00718907
5,20510.2,10865.9,23437.4,21711,11,644,22341,20110,2044,82696,77,2008,1560,18,3381,493,0.00718907
5,22029.1,10865.9,23437.4,21711,8,644,22341,20110,2044,82696,77,2008,1560,18,3381,493,0.00718907
5,25366.8,10865.9,23437.4,21711,8,644,22341,20110,2044,82696,77,2008,1560,18,3381,493,0.00718907
5,30623.3,10865.9,23437.4,21711,21,644,22341,20110,2044,82696,77,2008,1560,18,3381,493,0.00718907
5,42115.3,10865.9,23437.4,21711,14,644,22341,20110,2044,82696,77,2008,1560,18,3381,493,0.00718907
5,15066.3,14185.1,40499.9,36663,4,736,28842,26642,2928,119173,147,4335,3446,50,9506,700,0.00718907
5,18012.2,14185.1,40499.9,36663,4,736,28842,26642,2928,119173,147,4335,3446,50,9506,700,0.00718907
5,19324,14185.1,40499.9,36663,14,736,28842,26642,2928,119173,147,4335,3446,50,9506,700,0.00718907
5,53960,14185.1,40499.9,36663,34,736,28842,26642,2928,119173,147,4335,3446,50,9506,700,0.00718907
5,60040.2,14185.1,40499.9,36663,11,736,28842,26642,2928,119173,147,4335,3446,50,9506,700,0.00718907
5,16202.4,18371.1,54905.3,49902,14,867,34809,32467,3727,149077,191,5699,4670,121,12409,1143,0.00718907
5,28233,18371.1,54905.3,49902,18,867,34809,32467,3727,149077,191,5699,4670,121,12409,1143,0.00718907
5,32194.3,18371.1,54905.3,49902,20,867,34809,32467,3727,149077,191,5699,4670,121,12409,1143,0.00718907
5,47750.5,18371.1,54905.3,49902,26,867,34809,32467,3727,149077,191,5699,4670,121,12409,1143,0.00718907
5,59904.3,18371.1,54905.3,49902,27,867,34809,32467,3727,149077,191,5699,4670,121,12409,1143,0.00718907
5,9098.35,11959.9,35251.3,32165,4,631,22160,20167,2022,82002,111,3450,2741,42,7455,461,0.00718907
5,19026.4,11959.9,35251.3,32165,10,631,22160,20167,2022,82002,111,3450,2741,42,7455,461,0.00718907
5,26651,11959.9,35251.3,32165,16,631,22160,20167,2022,82002,111,3450,2741,42,7455,461,0.00718907
5,29526.3,11959.9,35251.3,32165,19,631,22160,20167,2022,82002,111,3450,2741,42,7455,461,0.00718907
5,41455.9,11959.9,35251.3,32165,23,631,22160,20167,2022,82002,111,3450,2741,42,7455,461,0.00718907
5,5888.29,11407.5,31914.3,28833,6,639,23600,21754,2228,94838,141,3564,2785,59,8304,462,0.00718907
5,13110.7,11407.5,31914.3,28833,4,639,23600,21754,2228,94838,141,3564,2785,59,8304,462,0.00718907
5,37233.7,11407.5,31914.3,28833,20,639,23600,21754,2228,94838,141,3564,2785,59,8304,462,0.00718907
5,39207,11407.5,31914.3,28833,7,639,23600,21754,2228,94838,141,3564,2785,59,8304,462,0.00718907
5,51812.5,11407.5,31914.3,28833,34,639,23600,21754,2228,94838,141,3564,2785,59,8304,462,0.00718907
5,2065.86,12084,16154.4,14748,3,677,24498,22507,2301,94435,86,1700,1293,12,3041,295,0.00718907
5,15232.3,12084,16154.4,14748,11,677,24498,22507,2301,94435,86,1700,1293,12,3041,295,0.00718907
5,32779,12084,16154.4,14748,9,677,24498,22507,2301,94435,86,1700,1293,12,3041,295,0.00718907
5,33232.4,12084,16154.4,14748,5,677,24498,22507,2301,94435,86,1700,1293,12,3041,295,0.00718907
5,43766.5,12084,16154.4,14748,16,677,24498,22507,2301,94435,86,1700,1293,12,3041,295,0.00718907
5,13539.5,6557.22,20285.6,18559,7,453,15548,13792,1288,52946,97,2174,1666,26,4493,268,0.00718907
5,17893.9,6557.22,20285.6,18559,5,453,15548,13792,1288,52946,97,2174,1666,26,4493,268,0.00718907
5,29326.2,6557.22,20285.6,18559,15,453,15548,13792,1288,52946,97,2174,1666,26,4493,268,0.00718907
5,32653,6557.22,20285.6,18559,14,453,15548,13792,1288,52946,97,2174,1666,26,4493,268,0.00718907
5,32935.2,6557.22,20285.6,18559,18,453,15548,13792,1288,52946,97,2174,1666,26,4493,268,0.00718907
5,23270.5,13202.4,51942,47234,12,667,27635,25435,2822,116295,164,5349,4260,96,12554,769,0.00718907
5,42079.7,13202.4,51942,47234,4,667,27635,25435,2822,116295,164,5349,4260,96,12554,769,0.00718907
5,52716.3,13202.4,51942,47234,10,667,27635,25435,2822,116295,164,5349,4260,96,12554,769,0.00718907
5,62929.1,13202.4,51942,47234,29,667,27635,25435,2822,116295,164,5349,4260,96,12554,769,0.00718907
5,63472.7,13202.4,51942,47234,27,667,27635,25435,2822,116295,164,5349,4260,96,12554,769,0.00718907
5,11629.6,11513.8,14201.5,13100,9,573,19262,17294,1653,68316,73,1380,1040,8,2045,315,0.00718907
5,18480.7,11513.8,14201.5,13100,9,573,19262,17294,1653,68316,73,1380,1040,8,2045,315,0.00718907
5,28100.8,11513.8,14201.5,13100,8,573,19262,17294,1653,68316,73,1380,1040,8,2045,315,0.00718907
5,33463.2,11513.8,14201.5,13100,7,573,19262,17294,1653,68316,73,1380,1040,8,2045,315,0.00718907
5,35396.8,11513.8,14201.5,13100,9,573,19262,17294,1653,68316,73,1380,1040,8,2045,315,0.00718907
5,12588.2,12464.1,7355.07,6693,3,713,25996,23806,2399,101243,38,848,634,0,1166,226,0.00718907
5,19640.7,12464.1,7355.07,6693,5,713,25996,23806,2399,101243,38,848,634,0,1166,226,0.00718907
5,23492.2,12464.1,7355.07,6693,9,713,25996,23806,2399,101243,38,848,634,0,1166,226,0.00718907
5,35753.4,12464.1,7355.07,6693,4,713,25996,23806,2399,101243,38,848,634,0,1166,226,0.00718907
5,43480.2,12464.1,7355.07,6693,5,713,25996,23806,2399,101243,38,848,634,0,1166,226,0.00718907
5,4645.75,14161.3,36054.5,33015,4,642,23746,21908,2223,95219,126,3418,2678,55,7589,474,0.00718907
5,11758.1,14161.3,36054.5,33015,2,642,23746,21908,2223,95219,126,3418,2678,55,7589,474,0.00718907
5,35875,14161.3,36054.5,33015,18,642,23746,21908,2223,95219,126,3418,2678,55,7589,474,0.00718907
5,40356.7,14161.3,36054.5,33015,4,642,23746,21908,2223,95219,126,3418,2678,55,7589,474,0.00718907
5,51881.5,14161.3,36054.5,33015,31,642,23746,21908,2223,95219,126,3418,2678,55,7589,474,0.00718907
5,15936.8,11921.4,45649.4,41757,14,682,23333,21500,2363,94609,142,4464,3592,61,9407,899,0.00718907
5,25724,11921.4,45649.4,41757,13,682,23333,21500,2363,94609,142,4464,3592,61,9407,899,0.00718907
5,29029,11921.4,45649.4,41757,16,682,23333,21500,2363,94609,142,4464,3592,61,9407,899,0.00718907
5,52966.2,11921.4,45649.4,41757,11,682,23333,21500,2363,94609,142,4464,3592,61,9407,899,0.00718907
5,57826,11921.4,45649.4,41757,18,682,23333,21500,2363,94609,142,4464,3592,61,9407,899,0.00718907
5,19984.8,11129.3,16690.7,15289,4,659,23642,21204,2109,86497,84,1753,1330,14,2971,351,0.00718907
5,25682.1,11129.3,16690.7,15289,19,659,23642,21204,2109,86497,84,1753,1330,14,2971,351,0.00718907
5,28395.4,11129.3,16690.7,15289,4,659,23642,21204,2109,86497,84,1753,1330,14,2971,351,0.00718907
5,39285.4,11129.3,16690.7,15289,7,659,23642,21204,2109,86497,84,1753,1330,14,2971,351,0.00718907
5,40613.6,11129.3,16690.7,15289,12,659,23642,21204,2109,86497,84,1753,1330,14,2971,351,0.00718907
5,17063.4,10880,25201,23194,11,636,22296,20611,2209,88156,82,2526,1994,11,4708,580,0.00718907
5,19372.1,10880,25201,23194,6,636,22296,20611,2209,88156,82,2526,1994,11,4708,580,0.00718907
5,22059.9,10880,25201,23194,14,636,22296,20611,2209,88156,82,2526,1994,11,4708,580,0.00718907
5,46620.6,10880,25201,23194,12,636,22296,20611,2209,88156,82,2526,1994,11,4708,580,0.00718907
5,51474.2,10880,25201,23194,11,636,22296,20611,2209,88156,82,2526,1994,11,4708,580,0.00718907
5,25421.1,19530.6,98192.2,88834,14,909,37500,35050,3985,167625,318,10159,8475,271,25907,1619,0.00718907
5,27422.8,19530.6,98192.2,88834,19,909,37500,35050,3985,167625,318,10159,8475,271,25907,1619,0.00718907
5,43493.2,19530.6,98192.2,88834,26,909,37500,35050,3985,167625,318,10159,8475,271,25907,1619,0.00718907
5,58966.4,19530.6,98192.2,88834,35,909,37500,35050,3985,167625,318,10159,8475,271,25907,1619,0.00718907
5,67204,19530.6,98192.2,88834,45,909,37500,35050,3985,167625,318,10159,8475,271,25907,1619,0.00718907
5,16582.9,13648.1,46048.6,42182,8,720,26824,24736,2855,110311,143,3948,3188,54,8191,909,0.00718907
5,30455.5,13648.1,46048.6,42182,9,720,26824,24736,2855,110311,143,3948,3188,54,8191,909,0.00718907
5,48390.6,13648.1,46048.6,42182,18,720,26824,24736,2855,110311,143,3948,3188,54,8191,909,0.00718907
5,48813.5,13648.1,46048.6,42182,14,720,26824,24736,2855,110311,143,3948,3188,54,8191,909,0.00718907
5,53847.1,13648.1,46048.6,42182,10,720,26824,24736,2855,110311,143,3948,3188,54,8191,909,0.00718907
5,12405.4,8454.15,17073.3,15681,4,487,16663,14834,1377,57639,93,1780,1337,12,3354,225,0.00718907
5,18259.7,8454.15,17073.3,15681,9,487,16663,14834,1377,57639,93,1780,1337,12,3354,225,0.00718907
5,27531.6,8454.15,17073.3,15681,16,487,16663,14834,1377,57639,93,1780,1337,12,3354,225,0.00718907
5,34046.3,8454.15,17073.3,15681,17,487,16663,14834,1377,57639,93,1780,1337,12,3354,225,0.00718907
5,34252.8,8454.15,17073.3,15681,8,487,16663,14834,1377,57639,93,1780,1337,12,3354,225,0.00718907
5,10637.6,13282.5,27510.6,24986,8,769,27685,24895,2552,100170,108,2752,2137,41,6228,366,0.00718907
5,20809.6,13282.5,27510.6,24986,4,769,27685,24895,2552,100170,108,2752,2137,41,6228,366,0.00718907
5,24922.4,13282.5,27510.6,24986,16,769,27685,24895,2552,100170,108,2752,2137,41,6228,366,0.00718907
5,37486.2,13282.5,27510.6,24986,23,769,27685,24895,2552,100170,108,2752,2137,41,6228,366,0.00718907
5,41517.6,13282.5,27510.6,24986,24,769,27685,24895,2552,100170,108,2752,2137,41,6228,366,0.00718907
5,18962.8,15409.5,37796.9,34550,11,651,24375,22395,2509,99290,131,3757,2995,40,7779,821,0.00718907
5,28657.8,15409.5,37796.9,34550,7,651,24375,22395,2509,99290,131,3757,2995,40,7779,821,0.00718907
5,30994.7,15409.5,37796.9,34550,14,651,24375,22395,2509,99290,131,3757,2995,40,7779,821,0.00718907
5,48824.4,15409.5,37796.9,34550,24,651,24375,22395,2509,99290,131,3757,2995,40,7779,821,0.00718907
5,56830.9,15409.5,37796.9,34550,9,651,24375,22395,2509,99290,131,3757,2995,40,7779,821,0.00718907
5,13870.9,5650.77,34935.6,32196,4,394,12851,11456,1111,45369,121,3058,2325,46,6959,271,0.00718907
5,21565.6,5650.77,34935.6,32196,8,394,12851,11456,1111,45369,121,3058,2325,46,6959,271,0.00718907
5,36865.6,5650.77,34935.6,32196,9,394,12851,11456,1111,45369,121,3058,2325,46,6959,271,0.00718907
5,37455.5,5650.77,34935.6,32196,26,394,12851,11456,1111,45369,121,3058,2325,46,6959,271,0.00718907
5,37575.1,5650.77,34935.6,32196,25,394,12851,11456,1111,45369,121,3058,2325,46,6959,271,0.00718907
5,15365.9,9982.99,43132.8,39389,9,612,22461,20639,2249,88106,142,4193,3400,68,10255,567,0.00718907
5,23230.2,9982.99,43132.8,39389,11,612,22461,20639,2249,88106,142,4193,3400,68,10255,567,0.00718907
5,30731.7,9982.99,43132.8,39389,17,612,22461,20639,2249,88106,142,4193,3400,68,10255,567,0.00718907
5,56602.1,9982.99,43132.8,39389,16,612,22461,20639,2249,88106,142,4193,3400,68,10255,567,0.00718907
5,57233.6,9982.99,43132.8,39389,22,612,22461,20639,2249,88106,142,4193,3400,68,10255,567,0.00718907
5,19972.7,10842.8,22356.7,20604,6,646,22441,20259,2077,84311,86,2180,1709,30,3838,481,0.00718907
5,22885.5,10842.8,22356.7,20604,10,646,22441,20259,2077,84311,86,2180,1709,30,3838,481,0.00718907
5,24098.1,10842.8,22356.7,20604,6,646,22441,20259,2077,84311,86,2180,1709,30,3838,481,0.00718907
5,32691.8,10842.8,22356.7,20604,21,646,22441,20259,2077,84311,86,2180,1709,30,3838,481,0.00718907
5,43359.5,10842.8,22356.7,20604,18,646,22441,20259,2077,84311,86,2180,1709,30,3838,481,0.00718907
5,8562.93,12770.1,12259.5,11300,6,660,23292,21037,2060,85315,55,1274,964,4,1678,323,0.00718907
5,25046,12770.1,12259.5,11300,7,660,23292,21037,2060,85315,55,1274,964,4,1678,323,0.00718907
5,25554.4,12770.1,12259.5,11300,5,660,23292,21037,2060,85315,55,1274,964,4,1678,323,0.00718907
5,28402.3,12770.1,12259.5,11300,12,660,23292,21037,2060,85315,55,1274,964,4,1678,323,0.00718907
5,38842.2,12770.1,12259.5,11300,8,660,23292,21037,2060,85315,55,1274,964,4,1678,323,0.00718907
5,7893.53,11944,27166.3,24763,5,686,24799,22921,2389,97979,107,2880,2259,29,5723,566,0.00718907
5,18874.2,11944,27166.3,24763,13,686,24799,22921,2389,97979,107,2880,2259,29,5723,566,0.00718907
5,19019.2,11944,27166.3,24763,8,686,24799,22921,2389,97979,107,2880,2259,29,5723,566,0.00718907
5,47197.4,11944,27166.3,24763,20,686,24799,22921,2389,97979,107,2880,2259,29,5723,566,0.00718907
5,55807.9,11944,27166.3,24763,6,686,24799,22921,2389,97979,107,2880,2259,29,5723,566,0.00718907
5,9456.59,16461.9,29885.6,27303,6,830,32345,29850,3288,129166,126,3218,2548,66,6299,543,0.00718907
5,23845,16461.9,29885.6,27303,14,830,32345,29850,3288,129166,126,3218,2548,66,6299,543,0.00718907
5,24366.6,16461.9,29885.6,27303,12,830,32345,29850,3288,129166,126,3218,2548,66,6299,543,0.00718907
5,43437.6,16461.9,29885.6,27303,11,830,32345,29850,3288,129166,126,3218,2548,66,6299,543,0.00718907
5,51021.2,16461.9,29885.6,27303,23,830,32345,29850,3288,129166,126,3218,2548,66,6299,543,0.00718907
5,11395.6,11400.3,16340.3,14958,5,659,24009,22243,2314,93820,69,1807,1400,6,3118,378,0.00718907
5,18058.4,11400.3,16340.3,14958,10,659,24009,22243,2314,93820,69,1807,1400,6,3118,378,0.00718907
5,20627.5,11400.3,16340.3,14958,10,659,24009,22243,2314,93820,69,1807,1400,6,3118,378,0.00718907
5,35882.1,11400.3,16340.3,14958,6,659,24009,22243,2314,93820,69,1807,1400,6,3118,378,0.00718907
5,46872.3,11400.3,16340.3,14958,10,659,24009,22243,2314,93820,69,1807,1400,6,3118,378,0.00718907
5,24487.1,9920.49,24647.8,22905,12,583,18511,16134,1498,61686,83,2122,1577,20,3693,335,0.00718907
5,30092.8,9920.49,24647.8,22905,13,583,18511,16134,1498,61686,83,2122,1577,20,3693,335,0.00718907
5,34132.7,9920.49,24647.8,22905,24,583,18511,16134,1498,61686,83,2122,1577,20,3693,335,0.00718907
5,34774.2,9920.49,24647.8,22905,8,583,18511,16134,1498,61686,83,2122,1577,20,3693,335,0.00718907
5,34775,9920.49,24647.8,22905,19,583,18511,16134,1498,61686,83,2122,1577,20,3693,335,0.00718907
5,17543,18254.9,51130.6,46385,10,944,36051,33139,3517,143981,189,5241,4036,80,11378,595,0.00718907
5,17543.6,18254.9,51130.6,46385,13,944,36051,33139,3517,143981,189,5241,4036,80,11378,595,0.00718907
5,23034.6,18254.9,51130.6,46385,12,944,36051,33139,3517,143981,189,5241,4036,80,11378,595,0.00718907
5,45250.8,18254.9,51130.6,46385,25,944,36051,33139,3517,143981,189,5241,4036,80,11378,595,0.00718907
5,50185.9,18254.9,51130.6,46385,13,944,36051,33139,3517,143981,189,5241,4036,80,11378,595,0.00718907
5,3888.15,7063.98,25248.8,23264,4,441,15648,14203,1464,59274,97,2566,1972,16,4309,568,0.00718907
5,30736.2,7063.98,25248.8,23264,13,441,15648,14203,1464,59274,97,2566,1972,16,4309,568,0.00718907
5,36383.4,7063.98,25248.8,23264,9,441,15648,14203,1464,59274,97,2566,1972,16,4309,568,0.00718907
5,45612.4,7063.98,25248.8,23264,22,441,15648,14203,1464,59274,97,2566,1972,16,4309,568,0.00718907
5,46514.4,7063.98,25248.8,23264,8,441,15648,14203,1464,59274,97,2566,1972,16,4309,568,0.00718907
5,16200,17080.8,59517.8,54339,5,826,32248,29958,3330,140347,169,5599,4569,140,12660,1079,0.00718907
5,28988,17080.8,59517.8,54339,27,826,32248,29958,3330,140347,169,5599,4569,140,12660,1079,0.00718907
5,40237,17080.8,59517.8,54339,28,826,32248,29958,3330,140347,169,5599,4569,140,12660,1079,0.00718907
5,47355.7,17080.8,59517.8,54339,19,826,32248,29958,3330,140347,169,5599,4569,140,12660,1079,0.00718907
5,59168.3,17080.8,59517.8,54339,29,826,32248,29958,3330,140347,169,5599,4569,140,12660,1079,0.00718907
5,8377.74,6876.84,23144.7,21283,6,432,14242,12882,1218,52641,91,2308,1779,29,4627,387,0.00718907
5,28001.3,6876.84,23144.7,21283,21,432,14242,12882,1218,52641,91,2308,1779,29,4627,387,0.00718907
5,33957.5,6876.84,23144.7,21283,14,432,14242,12882,1218,52641,91,2308,1779,29,4627,387,0.00718907
5,36854.2,6876.84,23144.7,21283,7,432,14242,12882,1218,52641,91,2308,1779,29,4627,387,0.00718907
5,37328,6876.84,23144.7,21283,15,432,14242,12882,1218,52641,91,2308,1779,29,4627,387,0.00718907
5,22355.3,13950.1,49927.8,45634,10,679,27719,25519,2881,116429,153,4860,3853,72,11049,804,0.00718907
5,39473.5,13950.1,49927.8,45634,3,679,27719,25519,2881,116429,153,4860,3853,72,11049,804,0.00718907
5,52286.9,13950.1,49927.8,45634,5,679,27719,25519,2881,116429,153,4860,3853,72,11049,804,0.00718907
5,60879.5,13950.1,49927.8,45634,27,679,27719,25519,2881,116429,153,4860,3853,72,11049,804,0.00718907
5,62235.1,13950.1,49927.8,45634,26,679,27719,25519,2881,116429,153,4860,3853,72,11049,804,0.00718907
5,23297.4,7833.89,27144.4,24915,5,482,17051,15316,1565,62208,88,2805,2228,31,5507,556,0.00718907
5,27271.2,7833.89,27144.4,24915,6,482,17051,15316,1565,62208,88,2805,2228,31,5507,556,0.00718907
5,31218.4,7833.89,27144.4,24915,20,482,17051,15316,1565,62208,88,2805,2228,31,5507,556,0.00718907
5,31815.4,7833.89,27144.4,24915,28,482,17051,15316,1565,62208,88,2805,2228,31,5507,556,0.00718907
5,44267.1,7833.89,27144.4,24915,31,482,17051,15316,1565,62208,88,2805,2228,31,5507,556,0.00718907
5,15642.7,8707.59,26614.7,24675,8,598,19680,17268,1677,66673,103,2401,1843,29,4089,455,0.00718907
5,27687.9,8707.59,26614.7,24675,14,598,19680,17268,1677,66673,103,2401,1843,29,4089,455,0.00718907
5,28266.3,8707.59,26614.7,24675,13,598,19680,17268,1677,66673,103,2401,1843,29,4089,455,0.00718907
5,34575.4,8707.59,26614.7,24675,17,598,19680,17268,1677,66673,103,2401,1843,29,4089,455,0.00718907
5,35200.3,8707.59,26614.7,24675,13,598,19680,17268,1677,66673,103,2401,1843,29,4089,455,0.00718907
5,16622.1,5665.23,27506.4,25138,9,397,13394,11866,1125,44556,100,2781,2162,27,5661,397,0.00718907
5,19918.7,5665.23,27506.4,25138,7,397,13394,11866,1125,44556,100,2781,2162,27,5661,397,0.00718907
5,30054.5,5665.23,27506.4,25138,18,397,13394,11866,1125,44556,100,2781,2162,27,5661,397,0.00718907
5,31026.3,5665.23,27506.4,25138,11,397,13394,11866,1125,44556,100,2781,2162,27,5661,397,0.00718907
5,31825.5,5665.23,27506.4,25138,19,397,13394,11866,1125,44556,100,2781,2162,27,5661,397,0.00718907
5,16581.3,10759.1,38406.1,34921,9,560,20768,18945,1820,80411,144,4140,3334,88,9342,632,0.00718907
5,19683.2,10759.1,38406.1,34921,15,560,20768,18945,1820,80411,144,4140,3334,88,9342,632,0.00718907
5,29059.8,10759.1,38406.1,34921,5,560,20768,18945,1820,80411,144,4140,3334,88,9342,632,0.00718907
5,43331.2,10759.1,38406.1,34921,29,560,20768,18945,1820,80411,144,4140,3334,88,9342,632,0.00718907
5,45542.1,10759.1,38406.1,34921,32,560,20768,18945,1820,80411,144,4140,3334,88,9342,632,0.00718907
5,20844,11689.5,38413.2,35380,11,613,21117,19419,2155,84652,144,3514,2776,44,7769,567,0.00718907
5,22355.8,11689.5,38413.2,35380,13,613,21117,19419,2155,84652,144,3514,2776,44,7769,567,0.00718907
5,26542,11689.5,38413.2,35380,15,613,21117,19419,2155,84652,144,3514,2776,44,7769,567,0.00718907
5,52421.4,11689.5,38413.2,35380,18,613,21117,19419,2155,84652,144,3514,2776,44,7769,567,0.00718907
5,52470.5,11689.5,38413.2,35380,7,613,21117,19419,2155,84652,144,3514,2776,44,7769,567,0.00718907
5,15380.5,15626.4,21736.4,19996,12,765,26808,23885,2489,95617,95,2212,1661,12,3729,461,0.00718907
5,23994.8,15626.4,21736.4,19996,18,765,26808,23885,2489,95617,95,2212,1661,12,3729,461,0.00718907
5,24800,15626.4,21736.4,19996,6,765,26808,23885,2489,95617,95,2212,1661,12,3729,461,0.00718907
5,37706.5,15626.4,21736.4,19996,27,765,26808,23885,2489,95617,95,2212,1661,12,3729,461,0.00718907
5,40673.3,15626.4,21736.4,19996,15,765,26808,23885,2489,95617,95,2212,1661,12,3729,461,0.00718907
5,12668.7,5875.11,32589.8,29993,9,419,13478,12072,1199,48636,110,3019,2360,40,6309,501,0.00718907
5,33428.3,5875.11,32589.8,29993,21,419,13478,12072,1199,48636,110,3019,2360,40,6309,501,0.00718907
5,36586.3,5875.11,32589.8,29993,15,419,13478,12072,1199,48636,110,3019,2360,40,6309,501,0.00718907
5,37589.1,5875.11,32589.8,29993,21,419,13478,12072,1199,48636,110,3019,2360,40,6309,501,0.00718907
5,38201.7,5875.11,32589.8,29993,19,419,13478,12072,1199,48636,110,3019,2360,40,6309,501,0.00718907
5,16695.5,20947.8,50607.1,46002,10,904,35717,33399,3704,152516,189,5247,4204,109,11317,882,0.00718907
5,21323.8,20947.8,50607.1,46002,9,904,35717,33399,3704,152516,189,5247,4204,109,11317,882,0.00718907
5,31153.4,20947.8,50607.1,46002,18,904,35717,33399,3704,152516,189,5247,4204,109,11317,882,0.00718907
5,49581.3,20947.8,50607.1,46002,16,904,35717,33399,3704,152516,189,5247,4204,109,11317,882,0.00718907
5,57987.3,20947.8,50607.1,46002,33,904,35717,33399,3704,152516,189,5247,4204,109,11317,882,0.00718907
5,16361.7,17082.2,53741.1,48827,8,736,29396,27156,3027,123795,200,5574,4558,115,14279,967,0.00718907
5,26474.4,17082.2,53741.1,48827,14,736,29396,27156,3027,123795,200,5574,4558,115,14279,967,0.00718907
5,35862.8,17082.2,53741.1,48827,9,736,29396,27156,3027,123795,200,5574,4558,115,14279,967,0.00718907
5,57663.9,17082.2,53741.1,48827,14,736,29396,27156,3027,123795,200,5574,4558,115,14279,967,0.00718907
5,70276.1,17082.2,53741.1,48827,41,736,29396,27156,3027,123795,200,5574,4558,115,14279,967,0.00718907
5,12007.5,15246.1,17365.5,15777,8,773,29678,27466,2965,121619,50,1814,1405,9,2761,519,0.00718907
5,15716.5,15246.1,17365.5,15777,13,773,29678,27466,2965,121619,50,1814,1405,9,2761,519,0.00718907
5,23482.2,15246.1,17365.5,15777,7,773,29678,27466,2965,121619,50,1814,1405,9,2761,519,0.00718907
5,38795.7,15246.1,17365.5,15777,16,773,29678,27466,2965,121619,50,1814,1405,9,2761,519,0.00718907
5,51374.1,15246.1,17365.5,15777,4,773,29678,27466,2965,121619,50,1814,1405,9,2761,519,0.00718907
5,15782.1,16483.6,42495.1,39257,20,715,25630,23633,2522,103775,118,3689,2950,58,7245,789,0.00718907
5,26681.4,16483.6,42495.1,39257,16,715,25630,23633,2522,103775,118,3689,2950,58,7245,789,0.00718907
5,38422.3,16483.6,42495.1,39257,13,715,25630,23633,2522,103775,118,3689,2950,58,7245,789,0.00718907
5,45358.6,16483.6,42495.1,39257,23,715,25630,23633,2522,103775,118,3689,2950,58,7245,789,0.00718907
5,46977.3,16483.6,42495.1,39257,6,715,25630,23633,2522,103775,118,3689,2950,58,7245,789,0.00718907
5,7431.1,10367.8,28224.2,25671,3,574,20665,19084,1915,78396,116,3056,2417,44,6285,490,0.00718907
5,13798.7,10367.8,28224.2,25671,7,574,20665,19084,1915,78396,116,3056,2417,44,6285,490,0.00718907
5,26381.4,10367.8,28224.2,25671,17,574,20665,19084,1915,78396,116,3056,2417,44,6285,490,0.00718907
5,38138.2,10367.8,28224.2,25671,20,574,20665,19084,1915,78396,116,3056,2417,44,6285,490,0.00718907
5,46274.1,10367.8,28224.2,25671,19,574,20665,19084,1915,78396,116,3056,2417,44,6285,490,0.00718907
5,22445.5,8905.43,31942.9,29048,5,512,18435,16599,1685,67674,103,3403,2685,39,6968,586,0.00718907
5,26629.1,8905.43,31942.9,29048,16,512,18435,16599,1685,67674,103,3403,2685,39,6968,586,0.00718907
5,27794.7,8905.43,31942.9,29048,9,512,18435,16599,1685,67674,103,3403,2685,39,6968,586,0.00718907
5,30668.8,8905.43,31942.9,29048,23,512,18435,16599,1685,67674,103,3403,2685,39,6968,586,0.00718907
5,44364.2,8905.43,31942.9,29048,29,512,18435,16599,1685,67674,103,3403,2685,39,6968,586,0.00718907
5,13908.7,10449.3,31885.7,28996,9,601,22297,20522,2279,89888,122,3402,2799,64,7775,675,0.00718907
5,26690,10449.3,31885.7,28996,4,601,22297,20522,2279,89888,122,3402,2799,64,7775,675,0.00718907
5,31854.7,10449.3,31885.7,28996,20,601,22297,20522,2279,89888,122,3402,2799,64,7775,675,0.00718907
5,59275.3,10449.3,31885.7,28996,27,601,22297,20522,2279,89888,122,3402,2799,64,7775,675,0.00718907
5,61264.8,10449.3,31885.7,28996,5,601,22297,20522,2279,89888,122,3402,2799,64,7775,675,0.00718907
5,10315.4,17629.8,34112.4,31164,8,830,32435,30040,3326,132840,130,3584,2829,72,7027,649,0.00718907
5,25211,17629.8,34112.4,31164,15,830,32435,30040,3326,132840,130,3584,2829,72,7027,649,0.00718907
5,26443.8,17629.8,34112.4,31164,7,830,32435,30040,3326,132840,130,3584,2829,72,7027,649,0.00718907
5,43154.7,17629.8,34112.4,31164,13,830,32435,30040,3326,132840,130,3584,2829,72,7027,649,0.00718907
5,52921,17629.8,34112.4,31164,22,830,32435,30040,3326,132840,130,3584,2829,72,7027,649,0.00718907
5,7263.85,18978.4,45043,41234,9,893,35494,33104,3748,155711,137,4360,3474,67,8857,907,0.00718907
5,30698.2,18978.4,45043,41234,24,893,35494,33104,3748,155711,137,4360,3474,67,8857,907,0.00718907
5,35758.7,18978.4,45043,41234,29,893,35494,33104,3748,155711,137,4360,3474,67,8857,907,0.00718907
5,37059.7,18978.4,45043,41234,19,893,35494,33104,3748,155711,137,4360,3474,67,8857,907,0.00718907
5,61027.1,18978.4,45043,41234,20,893,35494,33104,3748,155711,137,4360,3474,67,8857,907,0.00718907
5,5101.54,12865.6,12690.5,11567,3,665,24653,22704,2222,94704,62,1415,1079,13,2441,239,0.00718907
5,18858.3,12865.6,12690.5,11567,5,665,24653,22704,2222,94704,62,1415,1079,13,2441,239,0.00718907
5,22983,12865.6,12690.5,11567,7,665,24653,22704,2222,94704,62,1415,1079,13,2441,239,0.00718907
5,30339.8,12865.6,12690.5,11567,5,665,24653,22704,2222,94704,62,1415,1079,13,2441,239,0.00718907
5,42428.4,12865.6,12690.5,11567,11,665,24653,22704,2222,94704,62,1415,1079,13,2441,239,0.00718907
5,19317.7,19495.5,62029.9,56948,13,863,34702,32282,3634,150681,222,6073,4978,114,12653,1368,0.00718907
5,34318.1,19495.5,62029.9,56948,18,863,34702,32282,3634,150681,222,6073,4978,114,12653,1368,0.00718907
5,35797.2,19495.5,62029.9,56948,19,863,34702,32282,3634,150681,222,6073,4978,114,12653,1368,0.00718907
5,47510.5,19495.5,62029.9,56948,19,863,34702,32282,3634,150681,222,6073,4978,114,12653,1368,0.00718907
5,63507.1,19495.5,62029.9,56948,26,863,34702,32282,3634,150681,222,6073,4978,114,12653,1368,0.00718907
5,18816.2,11759.2,17384.3,15953,5,716,25042,22592,2263,90913,79,1801,1361,1,2718,425,0.00718907
5,23834.8,11759.2,17384.3,15953,7,716,25042,22592,2263,90913,79,1801,1361,1,2718,425,0.00718907
5,29712.5,11759.2,17384.3,15953,13,716,25042,22592,2263,90913,79,1801,1361,1,2718,425,0.00718907
5,32735.1,11759.2,17384.3,15953,11,716,25042,22592,2263,90913,79,1801,1361,1,2718,425,0.00718907
5,40882.5,11759.2,17384.3,15953,12,716,25042,22592,2263,90913,79,1801,1361,1,2718,425,0.00718907
5,24118.1,8433.8,27075.6,24854,11,595,18999,16650,1585,63526,114,2799,2138,27,5079,520,0.00718907
5,30053.2,8433.8,27075.6,24854,16,595,18999,16650,1585,63526,114,2799,2138,27,5079,520,0.00718907
5,30467.1,8433.8,27075.6,24854,13,595,18999,16650,1585,63526,114,2799,2138,27,5079,520,0.00718907
5,31521.6,8433.8,27075.6,24854,16,595,18999,16650,1585,63526,114,2799,2138,27,5079,520,0.00718907
5,34951,8433.8,27075.6,24854,21,595,18999,16650,1585,63526,114,2799,2138,27,5079,520,0.00718907
5,17673.4,15410.2,52011.2,47291,13,833,30813,28553,3163,131445,155,5220,4253,132,11566,1037,0.00718907
5,25121.8,15410.2,52011.2,47291,26,833,30813,28553,3163,131445,155,5220,4253,132,11566,1037,0.00718907
5,37263,15410.2,52011.2,47291,21,833,30813,28553,3163,131445,155,5220,4253,132,11566,1037,0.00718907
5,45285.3,15410.2,52011.2,47291,13,833,30813,28553,3163,131445,155,5220,4253,132,11566,1037,0.00718907
5,54403.8,15410.2,52011.2,47291,32,833,30813,28553,3163,131445,155,5220,4253,132,11566,1037,0.00718907
5,19462.1,10448.7,55796.6,50975,14,577,21179,19314,2109,84053,186,5269,4234,147,13698,572,0.00718907
5,25118.3,10448.7,55796.6,50975,12,577,21179,19314,2109,84053,186,5269,4234,147,13698,572,0.00718907
5,34075.7,10448.7,55796.6,50975,20,577,21179,19314,2109,84053,186,5269,4234,147,13698,572,0.00718907
5,50398.6,10448.7,55796.6,50975,35,577,21179,19314,2109,84053,186,5269,4234,147,13698,572,0.00718907
5,50635,10448.7,55796.6,50975,33,577,21179,19314,2109,84053,186,5269,4234,147,13698,572,0.00718907
5,15189.4,13369.5,12224.6,11188,4,706,25688,23371,2316,97078,55,1247,934,0,1817,289,0.00718907
5,21614.8,13369.5,12224.6,11188,5,706,25688,23371,2316,97078,55,1247,934,0,1817,289,0.00718907
5,25945.3,13369.5,12224.6,11188,11,706,25688,23371,2316,97078,55,1247,934,0,1817,289,0.00718907
5,34831.1,13369.5,12224.6,11188,5,706,25688,23371,2316,97078,55,1247,934,0,1817,289,0.00718907
5,41977.8,13369.5,12224.6,11188,7,706,25688,23371,2316,97078,55,1247,934,0,1817,289,0.00718907
5,11150.9,15496.6,46057.6,42148,7,744,28032,25840,2893,113613,164,4567,3653,63,9892,804,0.00718907
5,25666.9,15496.6,46057.6,42148,10,744,28032,25840,2893,113613,164,4567,3653,63,9892,804,0.00718907
5,36163.2,15496.6,46057.6,42148,25,744,28032,25840,2893,113613,164,4567,3653,63,9892,804,0.00718907
5,38726.6,15496.6,46057.6,42148,14,744,28032,25840,2893,113613,164,4567,3653,63,9892,804,0.00718907
5,55061.2,15496.6,46057.6,42148,20,744,28032,25840,2893,113613,164,4567,3653,63,9892,804,0.00718907
5,5186.76,22018.5,56775.8,51357,6,930,37965,35506,4022,169533,206,6079,4802,112,12728,1119,0.00718907
5,32029.2,22018.5,56775.8,51357,26,930,37965,35506,4022,169533,206,6079,4802,112,12728,1119,0.00718907
5,36867.7,22018.5,56775.8,51357,24,930,37965,35506,4022,169533,206,6079,4802,112,12728,1119,0.00718907
5,42604.3,22018.5,56775.8,51357,34,930,37965,35506,4022,169533,206,6079,4802,112,12728,1119,0.00718907
5,68274.8,22018.5,56775.8,51357,12,930,37965,35506,4022,169533,206,6079,4802,112,12728,1119,0.00718907
5,14649.1,16906.9,24357.9,22106,8,876,32759,29880,3094,122058,114,2674,2051,22,5327,420,0.00718907
5,18048.4,16906.9,24357.9,22106,8,876,32759,29880,3094,122058,114,2674,2051,22,5327,420,0.00718907
5,28266.1,16906.9,24357.9,22106,17,876,32759,29880,3094,122058,114,2674,2051,22,5327,420,0.00718907
5,33904.6,16906.9,24357.9,22106,21,876,32759,29880,3094,122058,114,2674,2051,22,5327,420,0.00718907
5,45519.5,16906.9,24357.9,22106,23,876,32759,29880,3094,122058,114,2674,2051,22,5327,420,0.00718907
5,15638.1,16300.1,39244.8,36028,12,718,26420,24338,2751,108861,141,3788,3046,44,7833,878,0.00718907
5,29993.4,16300.1,39244.8,36028,10,718,26420,24338,2751,108861,141,3788,3046,44,7833,878,0.00718907
5,47333,16300.1,39244.8,36028,18,718,26420,24338,2751,108861,141,3788,3046,44,7833,878,0.00718907
5,47803.9,16300.1,39244.8,36028,16,718,26420,24338,2751,108861,141,3788,3046,44,7833,878,0.00718907
5,52711.9,16300.1,39244.8,36028,8,718,26420,24338,2751,108861,141,3788,3046,44,7833,878,0.00718907
5,8372.42,7272.52,22752.3,20955,8,430,15951,14570,1464,60198,75,2364,1865,22,4129,551,0.00718907
5,24488.7,7272.52,22752.3,20955,10,430,15951,14570,1464,60198,75,2364,1865,22,4129,551,0.00718907
5,31758.4,7272.52,22752.3,20955,15,430,15951,14570,1464,60198,75,2364,1865,22,4129,551,0.00718907
5,40820.8,7272.52,22752.3,20955,18,430,15951,14570,1464,60198,75,2364,1865,22,4129,551,0.00718907
5,42535.3,7272.52,22752.3,20955,4,430,15951,14570,1464,60198,75,2364,1865,22,4129,551,0.00718907
5,3460.09,16512.1,34245.4,30745,3,733,27248,25227,2625,106646,158,3820,3000,41,8606,382,0.00718907
5,16493,16512.1,34245.4,30745,6,733,27248,25227,2625,106646,158,3820,3000,41,8606,382,0.00718907
5,21122.6,16512.1,34245.4,30745,14,733,27248,25227,2625,106646,158,3820,3000,41,8606,382,0.00718907
5,32595.9,16512.1,34245.4,30745,12,733,27248,25227,2625,106646,158,3820,3000,41,8606,382,0.00718907
5,48338.9,16512.1,34245.4,30745,19,733,27248,25227,2625,106646,158,3820,3000,41,8606,382,0.00718907
5,19979.2,9408.55,32675.8,30036,13,596,19801,17390,1697,66667,123,3230,2492,37,6760,390,0.00718907
5,30195.6,9408.55,32675.8,30036,11,596,19801,17390,1697,66667,123,3230,2492,37,6760,390,0.00718907
5,32340.6,9408.55,32675.8,30036,21,596,19801,17390,1697,66667,123,3230,2492,37,6760,390,0.00718907
5,35899.2,9408.55,32675.8,30036,15,596,19801,17390,1697,66667,123,3230,2492,37,6760,390,0.00718907
5,35973.6,9408.55,32675.8,30036,22,596,19801,17390,1697,66667,123,3230,2492,37,6760,390,0.00718907
5,1907.01,11408.7,32275.2,29540,2,528,18948,17475,1913,72419,109,3242,2547,43,6722,579,0.00718907
5,21356.7,11408.7,32275.2,29540,9,528,18948,17475,1913,72419,109,3242,2547,43,6722,579,0.00718907
5,28254.4,11408.7,32275.2,29540,13,528,18948,17475,1913,72419,109,3242,2547,43,6722,579,0.00718907
5,46451.8,11408.7,32275.2,29540,27,528,18948,17475,1913,72419,109,3242,2547,43,6722,579,0.00718907
5,49408.9,11408.7,32275.2,29540,10,528,18948,17475,1913,72419,109,3242,2547,43,6722,579,0.00718907
5,19822.9,11388,50713.2,46489,5,627,23642,21664,2432,99675,143,5071,4120,62,9997,1234,0.00718907
5,41622.9,11388,50713.2,46489,24,627,23642,21664,2432,99675,143,5071,4120,62,9997,1234,0.00718907
5,45433.1,11388,50713.2,46489,28,627,23642,21664,2432,99675,143,5071,4120,62,9997,1234,0.00718907
5,66533.8,11388,50713.2,46489,30,627,23642,21664,2432,99675,143,5071,4120,62,9997,1234,0.00718907
5,69407.4,11388,50713.2,46489,12,627,23642,21664,2432,99675,143,5071,4120,62,9997,1234,0.00718907
5,27364.4,11077.7,37132,34157,18,660,22243,19590,1845,76841,135,3444,2693,34,6504,640,0.00718907
5,28609,11077.7,37132,34157,16,660,22243,19590,1845,76841,135,3444,2693,34,6504,640,0.00718907
5,32183.3,11077.7,37132,34157,14,660,22243,19590,1845,76841,135,3444,2693,34,6504,640,0.00718907
5,34410,11077.7,37132,34157,18,660,22243,19590,1845,76841,135,3444,2693,34,6504,640,0.00718907
5,37719.7,11077.7,37132,34157,21,660,22243,19590,1845,76841,135,3444,2693,34,6504,640,0.00718907
5,23775.4,7730.01,24236.8,22249,10,467,16371,14703,1441,59205,81,2485,1935,9,4611,502,0.00718907
5,26748.8,7730.01,24236.8,22249,8,467,16371,14703,1441,59205,81,2485,1935,9,4611,502,0.00718907
5,29326.4,7730.01,24236.8,22249,20,467,16371,14703,1441,59205,81,2485,1935,9,4611,502,0.00718907
5,29434.4,7730.01,24236.8,22249,28,467,16371,14703,1441,59205,81,2485,1935,9,4611,502,0.00718907
5,42375.1,7730.01,24236.8,22249,31,467,16371,14703,1441,59205,81,2485,1935,9,4611,502,0.00718907
5,18849.7,7382.74,30576.1,27970,4,444,16476,14807,1457,59000,99,3227,2560,57,6826,525,0.00718907
5,22019.6,7382.74,30576.1,27970,14,444,16476,14807,1457,59000,99,3227,2560,57,6826,525,0.00718907
5,31107.4,7382.74,30576.1,27970,18,444,16476,14807,1457,59000,99,3227,2560,57,6826,525,0.00718907
5,31319.3,7382.74,30576.1,27970,14,444,16476,14807,1457,59000,99,3227,2560,57,6826,525,0.00718907
5,40787.8,7382.74,30576.1,27970,26,444,16476,14807,1457,59000,99,3227,2560,57,6826,525,0.00718907
5,9727.5,6141.94,25869.6,23812,5,431,14143,12761,1258,52485,99,2611,2026,42,5143,453,0.00718907
5,30938.4,6141.94,25869.6,23812,19,431,14143,12761,1258,52485,99,2611,2026,42,5143,453,0.00718907
5,35242,6141.94,25869.6,23812,14,431,14143,12761,1258,52485,99,2611,2026,42,5143,453,0.00718907
5,37934.1,6141.94,25869.6,23812,12,431,14143,12761,1258,52485,99,2611,2026,42,5143,453,0.00718907
5,38529,6141.94,25869.6,23812,19,431,14143,12761,1258,52485,99,2611,2026,42,5143,453,0.00718907
5,4402.68,12820.9,37538.2,34153,5,710,26699,24738,2655,108327,161,3959,3156,76,9705,483,0.00718907
5,14882.5,12820.9,37538.2,34153,11,710,26699,24738,2655,108327,161,3959,3156,76,9705,483,0.00718907
5,32944.6,12820.9,37538.2,34153,16,710,26699,24738,2655,108327,161,3959,3156,76,9705,483,0.00718907
5,46837.3,12820.9,37538.2,34153,7,710,26699,24738,2655,108327,161,3959,3156,76,9705,483,0.00718907
5,58580.5,12820.9,37538.2,34153,34,710,26699,24738,2655,108327,161,3959,3156,76,9705,483,0.00718907
5,22910,7236.14,22545.9,20771,15,404,13809,12344,1156,47649,74,2076,1613,10,3697,416,0.00718907
5,23009.3,7236.14,22545.9,20771,13,404,13809,12344,1156,47649,74,2076,1613,10,3697,416,0.00718907
5,26218.2,7236.14,22545.9,20771,13,404,13809,12344,1156,47649,74,2076,1613,10,3697,416,0.00718907
5,29208.5,7236.14,22545.9,20771,6,404,13809,12344,1156,47649,74,2076,1613,10,3697,416,0.00718907
5,36290.4,7236.14,22545.9,20771,25,404,13809,12344,1156,47649,74,2076,1613,10,3697,416,0.00718907
5,17092.7,10655.2,27538.4,25042,10,641,22257,20143,1951,82741,107,2948,2331,35,6015,515,0.00718907
5,19917.1,10655.2,27538.4,25042,6,641,22257,20143,1951,82741,107,2948,2331,35,6015,515,0.00718907
5,25640.7,10655.2,27538.4,25042,11,641,22257,20143,1951,82741,107,2948,2331,35,6015,515,0.00718907
5,34598.6,10655.2,27538.4,25042,26,641,22257,20143,1951,82741,107,2948,2331,35,6015,515,0.00718907
5,42446.9,10655.2,27538.4,25042,26,641,22257,20143,1951,82741,107,2948,2331,35,6015,515,0.00718907
5,15803,9790.09,16567.3,15152,7,625,21272,18926,1744,74473,63,1823,1384,11,2981,381,0.00718907
5,26090.8,9790.09,16567.3,15152,14,625,21272,18926,1744,74473,63,1823,1384,11,2981,381,0.00718907
5,30418.8,9790.09,16567.3,15152,10,625,21272,18926,1744,74473,63,1823,1384,11,2981,381,0.00718907
5,33255.6,9790.09,16567.3,15152,4,625,21272,18926,1744,74473,63,1823,1384,11,2981,381,0.00718907
5,37042.6,9790.09,16567.3,15152,16,625,21272,18926,1744,74473,63,1823,1384,11,2981,381,0.00718907
5,13468.7,9644.03,33462,30865,7,598,21149,18826,1930,74407,99,3151,2427,62,6018,559,0.00718907
5,34064.3,9644.03,33462,30865,22,598,21149,18826,1930,74407,99,3151,2427,62,6018,559,0.00718907
5,34148.2,9644.03,33462,30865,5,598,21149,18826,1930,74407,99,3151,2427,62,6018,559,0.00718907
5,35564.6,9644.03,33462,30865,24,598,21149,18826,1930,74407,99,3151,2427,62,6018,559,0.00718907
5,37465,9644.03,33462,30865,8,598,21149,18826,1930,74407,99,3151,2427,62,6018,559,0.00718907
