K,dist,cost_ki,cost_hi,h_cost,vnum,gen_ki,push_ki,pop_ki,prune_ki,suc_call_ki,gen_hi,push_hi,pop_hi,prune_hi,suc_call_hi,reevaluate,density
4,12108.8,25534.4,16946.5,15002,5,843,37492,34747,3969,164451,65,1962,1490,5,3844,351,0.00359551
4,33847.9,25534.4,16946.5,15002,6,843,37492,34747,3969,164451,65,1962,1490,5,3844,351,0.00359551
4,53079.4,25534.4,16946.5,15002,9,843,37492,34747,3969,164451,65,1962,1490,5,3844,351,0.00359551
4,54100.9,25534.4,16946.5,15002,14,843,37492,34747,3969,164451,65,1962,1490,5,3844,351,0.00359551
4,15945.2,35468.1,63879.2,56302,10,1195,52678,49103,5504,236161,241,6639,5207,131,16728,429,0.00359551
4,21198.1,35468.1,63879.2,56302,15,1195,52678,49103,5504,236161,241,6639,5207,131,16728,429,0.00359551
4,59647.3,35468.1,63879.2,56302,19,1195,52678,49103,5504,236161,241,6639,5207,131,16728,429,0.00359551
4,59862.2,35468.1,63879.2,56302,16,1195,52678,49103,5504,236161,241,6639,5207,131,16728,429,0.00359551
4,17448.5,46719.1,36128.5,31925,12,1470,64887,59869,6596,275031,132,4134,3374,116,10102,505,0.00359551
4,24431.8,46719.1,36128.5,31925,14,1470,64887,59869,6596,275031,132,4134,3374,116,10102,505,0.00359551
4,44774.8,46719.1,36128.5,31925,6,1470,64887,59869,6596,275031,132,4134,3374,116,10102,505,0.00359551
4,49494,46719.1,36128.5,31925,25,1470,64887,59869,6596,275031,132,4134,3374,116,10102,505,0.00359551
4,26971.6,21284.5,26439.2,23813,23,953,33938,30580,3130,131149,93,2708,2100,22,4933,464,0.00359551
4,27287.8,21284.5,26439.2,23813,22,953,33938,30580,3130,131149,93,2708,2100,22,4933,464,0.00359551
4,27355.4,21284.5,26439.2,23813,22,953,33938,30580,3130,131149,93,2708,2100,22,4933,464,0.00359551
4,36237.5,21284.5,26439.2,23813,11,953,33938,30580,3130,131149,93,2708,2100,22,4933,464,0.00359551
4,10320.1,22656.5,11559.1,10386,9,891,37195,34467,4054,164057,45,1273,976,1,2328,251,0.00359551
4,12185.4,22656.5,11559.1,10386,13,891,37195,34467,4054,164057,45,1273,976,1,2328,251,0.00359551
4,32685.7,22656.5,11559.1,10386,7,891,37195,34467,4054,164057,45,1273,976,1,2328,251,0.00359551
4,53279.6,22656.5,11559.1,10386,9,891,37195,34467,4054,164057,45,1273,976,1,2328,251,0.00359551
4,29953,51729.6,37062.1,33287,19,1510,71049,67010,7556,342567,149,3938,3072,18,7632,883,0.00359551
4,44065.4,51729.6,37062.1,33287,6,1510,71049,67010,7556,342567,149,3938,3072,18,7632,883,0.00359551
4,55879.3,51729.6,37062.1,33287,3,1510,71049,67010,7556,342567,149,3938,3072,18,7632,883,0.00359551
4,70513.5,51729.6,37062.1,33287,9,1510,71049,67010,7556,342567,149,3938,3072,18,7632,883,0.00359551
4,5185.16,26193.8,8839.75,7923,3,934,41321,38436,4385,183716,54,959,715,1,1552,140,0.00359551
4,7319.14,26193.8,8839.75,7923,4,934,41321,38436,4385,183716,54,959,715,1,1552,140,0.00359551
4,32253.2,26193.8,8839.75,7923,13,934,41321,38436,4385,183716,54,959,715,1,1552,140,0.00359551
4,52607.8,26193.8,8839.75,7923,10,934,41321,38436,4385,183716,54,959,715,1,1552,140,0.00359551
4,21974.1,11509.4,28378.1,25646,16,558,20545,18588,1797,80748,102,2821,2211,32,4966,648,0.00359551
4,32413.6,11509.4,28378.1,25646,19,558,20545,18588,1797,80748,102,2821,2211,32,4966,648,0.00359551
4,34376.6,11509.4,28378.1,25646,21,558,20545,18588,1797,80748,102,2821,2211,32,4966,648,0.00359551
4,39441.8,11509.4,28378.1,25646,8,558,20545,18588,1797,80748,102,2821,2211,32,4966,648,0.00359551
4,9334.9,10159.5,8010.64,7166,4,535,19580,17581,1687,70473,54,898,665,1,1422,186,0.00359551
4,28216.6,10159.5,8010.64,7166,12,535,19580,17581,1687,70473,54,898,665,1,1422,186,0.00359551
4,29851.5,10159.5,8010.64,7166,4,535,19580,17581,1687,70473,54,898,665,1,1422,186,0.00359551
4,30353.1,10159.5,8010.64,7166,13,535,19580,17581,1687,70473,54,898,665,1,1422,186,0.00359551
4,43704.1,47888,108986,96237,39,1461,70991,66800,7692,343357,285,11436,9615,322,30043,2077,0.00359551
4,52696.6,47888,108986,96237,6,1461,70991,66800,7692,343357,285,11436,9615,322,30043,2077,0.00359551
4,65127.3,47888,108986,96237,33,1461,70991,66800,7692,343357,285,11436,9615,322,30043,2077,0.00359551
4,77253.7,47888,108986,96237,66,1461,70991,66800,7692,343357,285,11436,9615,322,30043,2077,0.00359551
4,12090.9,40109.5,47002.1,41558,11,1421,59303,54539,5886,249309,177,5106,4087,126,12948,439,0.00359551
4,30024,40109.5,47002.1,41558,18,1421,59303,54539,5886,249309,177,5106,4087,126,12948,439,0.00359551
4,46212.1,40109.5,47002.1,41558,6,1421,59303,54539,5886,249309,177,5106,4087,126,12948,439,0.00359551
4,47469.6,40109.5,47002.1,41558,38,1421,59303,54539,5886,249309,177,5106,4087,126,12948,439,0.00359551
4,25759.2,19062.4,48303,43211,25,820,32518,30050,3206,135448,160,5410,4452,96,12785,947,0.00359551
4,26822,19062.4,48303,43211,20,820,32518,30050,3206,135448,160,5410,4452,96,12785,947,0.00359551
4,37732.3,19062.4,48303,43211,24,820,32518,30050,3206,135448,160,5410,4452,96,12785,947,0.00359551
4,45034.4,19062.4,48303,43211,30,820,32518,30050,3206,135448,160,5410,4452,96,12785,947,0.00359551
4,24598.8,23533,20055.6,18047,11,869,34396,31753,3408,145737,86,2143,1614,13,4107,403,0.00359551
4,27256.6,23533,20055.6,18047,10,869,34396,31753,3408,145737,86,2143,1614,13,4107,403,0.00359551
4,43036.4,23533,20055.6,18047,13,869,34396,31753,3408,145737,86,2143,1614,13,4107,403,0.00359551
4,43298.9,23533,20055.6,18047,8,869,34396,31753,3408,145737,86,2143,1614,13,4107,403,0.00359551
4,24234.8,46917.3,35891.5,31651,5,1389,63214,59184,6441,285364,136,4247,3398,70,10132,492,0.00359551
4,27524.6,46917.3,35891.5,31651,7,1389,63214,59184,6441,285364,136,4247,3398,70,10132,492,0.00359551
4,50683,46917.3,35891.5,31651,8,1389,63214,59184,6441,285364,136,4247,3398,70,10132,492,0.00359551
4,56157.6,46917.3,35891.5,31651,21,1389,63214,59184,6441,285364,136,4247,3398,70,10132,492,0.00359551
4,12593.8,12445.4,14016.5,12684,11,610,22396,20478,2016,87547,60,1580,1209,28,2583,401,0.00359551
4,13689.4,12445.4,14016.5,12684,15,610,22396,20478,2016,87547,60,1580,1209,28,2583,401,0.00359551
4,20392.6,12445.4,14016.5,12684,18,610,22396,20478,2016,87547,60,1580,1209,28,2583,401,0.00359551
4,36941.1,12445.4,14016.5,12684,8,610,22396,20478,2016,87547,60,1580,1209,28,2583,401,0.00359551
4,15982.4,28241.9,38785.9,34378,14,1052,43060,39918,4405,189275,138,4127,3269,109,9750,545,0.00359551
4,16298.7,28241.9,38785.9,34378,13,1052,43060,39918,4405,189275,138,4127,3269,109,9750,545,0.00359551
4,34538.6,28241.9,38785.9,34378,27,1052,43060,39918,4405,189275,138,4127,3269,109,9750,545,0.00359551
4,46465.3,28241.9,38785.9,34378,27,1052,43060,39918,4405,189275,138,4127,3269,109,9750,545,0.00359551
4,4952.78,29397.5,23524.9,21188,6,1119,49118,45683,5197,222337,92,2474,1912,17,4994,426,0.00359551
4,33947.2,29397.5,23524.9,21188,20,1119,49118,45683,5197,222337,92,2474,1912,17,4994,426,0.00359551
4,67197,29397.5,23524.9,21188,9,1119,49118,45683,5197,222337,92,2474,1912,17,4994,426,0.00359551
4,67468,29397.5,23524.9,21188,4,1119,49118,45683,5197,222337,92,2474,1912,17,4994,426,0.00359551
4,11389.1,25933.7,16357.4,14704,5,915,40671,37643,4351,182472,67,1737,1334,6,3397,286,0.00359551
4,11983,25933.7,16357.4,14704,5,915,40671,37643,4351,182472,67,1737,1334,6,3397,286,0.00359551
4,39445.5,25933.7,16357.4,14704,11,915,40671,37643,4351,182472,67,1737,1334,6,3397,286,0.00359551
4,59954.6,25933.7,16357.4,14704,16,915,40671,37643,4351,182472,67,1737,1334,6,3397,286,0.00359551
4,9301.18,21023,18076.6,16204,5,826,33424,30285,3052,129415,76,1957,1521,9,3481,443,0.00359551
4,18869.3,21023,18076.6,16204,5,826,33424,30285,3052,129415,76,1957,1521,9,3481,443,0.00359551
4,30237.4,21023,18076.6,16204,22,826,33424,30285,3052,129415,76,1957,1521,9,3481,443,0.00359551
4,36423.9,21023,18076.6,16204,9,826,33424,30285,3052,129415,76,1957,1521,9,3481,443,0.00359551
4,19563,19174.5,38137,33612,17,832,33794,31251,3353,139080,125,4318,3505,84,10285,665,0.00359551
4,23392.2,19174.5,38137,33612,20,832,33794,31251,3353,139080,125,4318,3505,84,10285,665,0.00359551
4,37577.5,19174.5,38137,33612,17,832,33794,31251,3353,139080,125,4318,3505,84,10285,665,0.00359551
4,41494.2,19174.5,38137,33612,36,832,33794,31251,3353,139080,125,4318,3505,84,10285,665,0.00359551
4,40713.4,51226.6,103579,91582,26,1531,72563,68090,7616,341368,294,11086,9311,252,29686,1845,0.00359551
4,44823,51226.6,103579,91582,12,1531,72563,68090,7616,341368,294,11086,9311,252,29686,1845,0.00359551
4,64415.3,51226.6,103579,91582,25,1531,72563,68090,7616,341368,294,11086,9311,252,29686,1845,0.00359551
4,74571.1,51226.6,103579,91582,49,1531,72563,68090,7616,341368,294,11086,9311,252,29686,1845,0.00359551
4,10626.8,12138.1,44509.5,39103,5,586,23393,21476,2476,96717,161,4913,4003,105,12937,640,0.00359551
4,24010.9,12138.1,44509.5,39103,16,586,23393,21476,2476,96717,161,4913,4003,105,12937,640,0.00359551
4,41782.1,12138.1,44509.5,39103,25,586,23393,21476,2476,96717,161,4913,4003,105,12937,640,0.00359551
4,48889.9,12138.1,44509.5,39103,30,586,23393,21476,2476,96717,161,4913,4003,105,12937,640,0.00359551
4,15245.1,11553.4,23974.7,21656,3,533,19865,18337,1853,79404,96,2536,2015,27,4925,502,0.00359551
4,22474.5,11553.4,23974.7,21656,20,533,19865,18337,1853,79404,96,2536,2015,27,4925,502,0.00359551
4,33585.1,11553.4,23974.7,21656,26,533,19865,18337,1853,79404,96,2536,2015,27,4925,502,0.00359551
4,35757.2,11553.4,23974.7,21656,4,533,19865,18337,1853,79404,96,2536,2015,27,4925,502,0.00359551
4,14995.8,52586.9,48839.7,43591,11,1558,69904,66062,7379,330386,147,5010,3971,63,11731,868,0.00359551
4,36106.3,52586.9,48839.7,43591,23,1558,69904,66062,7379,330386,147,5010,3971,63,11731,868,0.00359551
4,48113.7,52586.9,48839.7,43591,17,1558,69904,66062,7379,330386,147,5010,3971,63,11731,868,0.00359551
4,59848.1,52586.9,48839.7,43591,10,1558,69904,66062,7379,330386,147,5010,3971,63,11731,868,0.00359551
4,19878.4,21006.3,34704.9,30552,4,850,36476,33679,3838,162112,114,4064,3221,64,9970,513,0.00359551
4,21081.6,21006.3,34704.9,30552,6,850,36476,33679,3838,162112,114,4064,3221,64,9970,513,0.00359551
4,40268.3,21006.3,34704.9,30552,20,850,36476,33679,3838,162112,114,4064,3221,64,9970,513,0.00359551
4,60341.3,21006.3,34704.9,30552,25,850,36476,33679,3838,162112,114,4064,3221,64,9970,513,0.00359551
4,14791.1,25121.8,29264.5,25987,6,1013,38027,34356,3537,145096,115,3320,2597,44,7306,463,0.00359551
4,24416.4,25121.8,29264.5,25987,22,1013,38027,34356,3537,145096,115,3320,2597,44,7306,463,0.00359551
4,27551.2,25121.8,29264.5,25987,18,1013,38027,34356,3537,145096,115,3320,2597,44,7306,463,0.00359551
4,38304,25121.8,29264.5,25987,23,1013,38027,34356,3537,145096,115,3320,2597,44,7306,463,0.00359551
4,24047,24689.3,43689.3,38760,15,1083,41341,37572,4191,166334,174,4802,3736,76,10288,602,0.00359551
4,37798.1,24689.3,43689.3,38760,27,1083,41341,37572,4191,166334,174,4802,3736,76,10288,602,0.00359551
4,38066.6,24689.3,43689.3,38760,28,1083,41341,37572,4191,166334,174,4802,3736,76,10288,602,0.00359551
4,40523.7,24689.3,43689.3,38760,14,1083,41341,37572,4191,166334,174,4802,3736,76,10288,602,0.00359551
4,10893.5,34694.2,27982.9,25242,6,1201,54448,50618,5830,253567,100,2751,2101,16,5085,476,0.00359551
4,37690.1,34694.2,27982.9,25242,24,1201,54448,50618,5830,253567,100,2751,2101,16,5085,476,0.00359551
4,74189,34694.2,27982.9,25242,9,1201,54448,50618,5830,253567,100,2751,2101,16,5085,476,0.00359551
4,74459.8,34694.2,27982.9,25242,4,1201,54448,50618,5830,253567,100,2751,2101,16,5085,476,0.00359551
4,7574.95,24142.3,26762.7,23960,4,937,40543,37724,4258,178687,97,2993,2326,21,6126,496,0.00359551
4,34634.9,24142.3,26762.7,23960,13,937,40543,37724,4258,178687,97,2993,2326,21,6126,496,0.00359551
4,57751,24142.3,26762.7,23960,11,937,40543,37724,4258,178687,97,2993,2326,21,6126,496,0.00359551
4,58772.5,24142.3,26762.7,23960,16,937,40543,37724,4258,178687,97,2993,2326,21,6126,496,0.00359551
4,14546.4,30972.4,29170.9,25729,9,1101,44537,40230,4223,173706,94,3441,2738,40,7934,476,0.00359551
4,21597.5,30972.4,29170.9,25729,9,1101,44537,40230,4223,173706,94,3441,2738,40,7934,476,0.00359551
4,25640.6,30972.4,29170.9,25729,20,1101,44537,40230,4223,173706,94,3441,2738,40,7934,476,0.00359551
4,40541.3,30972.4,29170.9,25729,23,1101,44537,40230,4223,173706,94,3441,2738,40,7934,476,0.00359551
4,8899.31,43131.4,63142.6,55829,4,1463,60695,56802,6399,273704,231,7116,5716,181,17423,789,0.00359551
4,32035.4,43131.4,63142.6,55829,24,1463,60695,56802,6399,273704,231,7116,5716,181,17423,789,0.00359551
4,43930.9,43131.4,63142.6,55829,24,1463,60695,56802,6399,273704,231,7116,5716,181,17423,789,0.00359551
4,54343.9,43131.4,63142.6,55829,38,1463,60695,56802,6399,273704,231,7116,5716,181,17423,789,0.00359551
4,14551.9,40470.1,84123.3,74024,12,1388,61924,57982,6530,281997,301,9429,7702,221,24740,1124,0.00359551
4,21992.2,40470.1,84123.3,74024,11,1388,61924,57982,6530,281997,301,9429,7702,221,24740,1124,0.00359551
4,55440,40470.1,84123.3,74024,30,1388,61924,57982,6530,281997,301,9429,7702,221,24740,1124,0.00359551
4,62228.8,40470.1,84123.3,74024,27,1388,61924,57982,6530,281997,301,9429,7702,221,24740,1124,0.00359551
4,28503.4,34864.8,91605.1,81194,11,1137,51926,48467,5461,237681,255,9727,8184,229,26002,1565,0.00359551
4,40681.5,34864.8,91605.1,81194,33,1137,51926,48467,5461,237681,255,9727,8184,229,26002,1565,0.00359551
4,54495.6,34864.8,91605.1,81194,39,1137,51926,48467,5461,237681,255,9727,8184,229,26002,1565,0.00359551
4,57837.6,34864.8,91605.1,81194,41,1137,51926,48467,5461,237681,255,9727,8184,229,26002,1565,0.00359551
4,19234.9,21047.1,29235.2,25464,4,857,36331,33545,3784,160645,101,3472,2772,44,8040,497,0.00359551
4,20438.2,21047.1,29235.2,25464,7,857,36331,33545,3784,160645,101,3472,2772,44,8040,497,0.00359551
4,39704.7,21047.1,29235.2,25464,18,857,36331,33545,3784,160645,101,3472,2772,44,8040,497,0.00359551
4,59984.3,21047.1,29235.2,25464,30,857,36331,33545,3784,160645,101,3472,2772,44,8040,497,0.00359551
4,52349.9,40540.7,128477,114541,39,1361,64632,60431,6749,304359,339,12195,10057,259,32528,1734,0.00359551
4,54897.8,40540.7,128477,114541,29,1361,64632,60431,6749,304359,339,12195,10057,259,32528,1734,0.00359551
4,78620.8,40540.7,128477,114541,13,1361,64632,60431,6749,304359,339,12195,10057,259,32528,1734,0.00359551
4,78843.7,40540.7,128477,114541,29,1361,64632,60431,6749,304359,339,12195,10057,259,32528,1734,0.00359551
4,19654.6,33049.6,53598.3,47482,7,1292,51819,47298,5211,209972,204,5848,4586,135,13691,694,0.00359551
4,33540.4,33049.6,53598.3,47482,14,1292,51819,47298,5211,209972,204,5848,4586,135,13691,694,0.00359551
4,40504.1,33049.6,53598.3,47482,25,1292,51819,47298,5211,209972,204,5848,4586,135,13691,694,0.00359551
4,43889.5,33049.6,53598.3,47482,35,1292,51819,47298,5211,209972,204,5848,4586,135,13691,694,0.00359551
4,11787.7,12418.4,26040.9,23100,4,656,24649,22356,2230,92052,121,2959,2291,48,5798,504,0.00359551
4,27408.5,12418.4,26040.9,23100,28,656,24649,22356,2230,92052,121,2959,2291,48,5798,504,0.00359551
4,29596.3,12418.4,26040.9,23100,12,656,24649,22356,2230,92052,121,2959,2291,48,5798,504,0.00359551
4,39332.6,12418.4,26040.9,23100,22,656,24649,22356,2230,92052,121,2959,2291,48,5798,504,0.00359551
4,19900.8,12098.4,23516.8,20628,14,599,22249,20184,1997,87637,121,2854,2202,39,5755,514,0.00359551
4,30254.6,12098.4,23516.8,20628,20,599,22249,20184,1997,87637,121,2854,2202,39,5755,514,0.00359551
4,32217.6,12098.4,23516.8,20628,22,599,22249,20184,1997,87637,121,2854,2202,39,5755,514,0.00359551
4,39261.2,12098.4,23516.8,20628,24,599,22249,20184,1997,87637,121,2854,2202,39,5755,514,0.00359551
4,478.268,13170.1,27410.5,24625,2,600,24228,22207,2513,99028,113,2951,2339,53,6315,469,0.00359551
4,19364.1,13170.1,27410.5,24625,10,600,24228,22207,2513,99028,113,2951,2339,53,6315,469,0.00359551
4,33435.4,13170.1,27410.5,24625,26,600,24228,22207,2513,99028,113,2951,2339,53,6315,469,0.00359551
4,45369.5,13170.1,27410.5,24625,17,600,24228,22207,2513,99028,113,2951,2339,53,6315,469,0.00359551
4,22807.9,27253.6,38399.3,34610,15,1078,41406,37507,4095,164155,153,3861,3015,83,8298,554,0.00359551
4,37678.2,27253.6,38399.3,34610,15,1078,41406,37507,4095,164155,153,3861,3015,83,8298,554,0.00359551
4,39690.4,27253.6,38399.3,34610,28,1078,41406,37507,4095,164155,153,3861,3015,83,8298,554,0.00359551
4,39958.9,27253.6,38399.3,34610,29,1078,41406,37507,4095,164155,153,3861,3015,83,8298,554,0.00359551
4,18517.3,31057.1,57692,51363,13,1197,46569,42892,4799,194070,219,6172,4907,122,13454,866,0.00359551
4,38238.2,31057.1,57692,51363,28,1197,46569,42892,4799,194070,219,6172,4907,122,13454,866,0.00359551
4,41296.2,31057.1,57692,51363,24,1197,46569,42892,4799,194070,219,6172,4907,122,13454,866,0.00359551
4,43380,31057.1,57692,51363,28,1197,46569,42892,4799,194070,219,6172,4907,122,13454,866,0.00359551
4,13665.7,27402.5,36688.4,32324,11,987,41712,38573,4375,185185,138,4289,3388,84,9099,801,0.00359551
4,14977.5,27402.5,36688.4,32324,11,987,41712,38573,4375,185185,138,4289,3388,84,9099,801,0.00359551
4,47617.2,27402.5,36688.4,32324,29,987,41712,38573,4375,185185,138,4289,3388,84,9099,801,0.00359551
4,53284.8,27402.5,36688.4,32324,7,987,41712,38573,4375,185185,138,4289,3388,84,9099,801,0.00359551
4,7547.35,22163,17223.2,15381,5,898,36783,33478,3381,144040,80,1951,1520,17,3468,422,0.00359551
4,20302.4,22163,17223.2,15381,6,898,36783,33478,3381,144040,80,1951,1520,17,3468,422,0.00359551
4,30790.5,22163,17223.2,15381,23,898,36783,33478,3381,144040,80,1951,1520,17,3468,422,0.00359551
4,38067.7,22163,17223.2,15381,9,898,36783,33478,3381,144040,80,1951,1520,17,3468,422,0.00359551
4,17402.6,45526.8,43668.2,38741,13,1453,65442,60913,6581,286315,167,5011,4074,108,12029,610,0.00359551
4,26107.4,45526.8,43668.2,38741,23,1453,65442,60913,6581,286315,167,5011,4074,108,12029,610,0.00359551
4,49609.8,45526.8,43668.2,38741,14,1453,65442,60913,6581,286315,167,5011,4074,108,12029,610,0.00359551
4,51968.3,45526.8,43668.2,38741,25,1453,65442,60913,6581,286315,167,5011,4074,108,12029,610,0.00359551
4,33001.4,12163.9,21580.6,19201,12,657,23427,20948,2171,88903,90,2297,1736,28,4828,291,0.00359551
4,33031.3,12163.9,21580.6,19201,7,657,23427,20948,2171,88903,90,2297,1736,28,4828,291,0.00359551
4,33644.6,12163.9,21580.6,19201,18,657,23427,20948,2171,88903,90,2297,1736,28,4828,291,0.00359551
4,34232.4,12163.9,21580.6,19201,14,657,23427,20948,2171,88903,90,2297,1736,28,4828,291,0.00359551
4,17760.4,38468.9,78390,69095,13,1304,58060,54332,6166,263101,294,8665,7025,208,21969,1085,0.00359551
4,19316.5,38468.9,78390,69095,12,1304,58060,54332,6166,263101,294,8665,7025,208,21969,1085,0.00359551
4,58022.5,38468.9,78390,69095,33,1304,58060,54332,6166,263101,294,8665,7025,208,21969,1085,0.00359551
4,61577.3,38468.9,78390,69095,24,1304,58060,54332,6166,263101,294,8665,7025,208,21969,1085,0.00359551
4,17786.3,29732.7,39719.8,35350,7,1162,47127,43936,4864,205431,160,4309,3325,58,9619,394,0.00359551
4,28318.8,29732.7,39719.8,35350,21,1162,47127,43936,4864,205431,160,4309,3325,58,9619,394,0.00359551
4,47876.5,29732.7,39719.8,35350,22,1162,47127,43936,4864,205431,160,4309,3325,58,9619,394,0.00359551
4,48145,29732.7,39719.8,35350,23,1162,47127,43936,4864,205431,160,4309,3325,58,9619,394,0.00359551
4,4736.24,51261.1,47021.3,41801,4,1578,70305,66365,7616,334081,173,5384,4282,100,12347,821,0.00359551
4,34019.5,51261.1,47021.3,41801,14,1578,70305,66365,7616,334081,173,5384,4282,100,12347,821,0.00359551
4,45230,51261.1,47021.3,41801,33,1578,70305,66365,7616,334081,173,5384,4282,100,12347,821,0.00359551
4,61929.3,51261.1,47021.3,41801,13,1578,70305,66365,7616,334081,173,5384,4282,100,12347,821,0.00359551
4,15398.5,39951.6,97228.9,85212,8,1353,62166,58080,6556,289025,336,11071,9115,244,28480,1381,0.00359551
4,25604,39951.6,97228.9,85212,21,1353,62166,58080,6556,289025,336,11071,9115,244,28480,1381,0.00359551
4,66564.1,39951.6,97228.9,85212,43,1353,62166,58080,6556,289025,336,11071,9115,244,28480,1381,0.00359551
4,70553.8,39951.6,97228.9,85212,25,1353,62166,58080,6556,289025,336,11071,9115,244,28480,1381,0.00359551
4,16842,38873.7,91049.1,79835,3,1357,61559,57608,6557,283585,325,10154,8289,203,26173,1205,0.00359551
4,20346.6,38873.7,91049.1,79835,17,1357,61559,57608,6557,283585,325,10154,8289,203,26173,1205,0.00359551
4,61306.7,38873.7,91049.1,79835,39,1357,61559,57608,6557,283585,325,10154,8289,203,26173,1205,0.00359551
4,66624.7,38873.7,91049.1,79835,24,1357,61559,57608,6557,283585,325,10154,8289,203,26173,1205,0.00359551
4,19336.5,12420.7,26854.2,24099,6,550,21021,19434,1966,84169,109,2910,2313,25,5606,572,0.00359551
4,22808.3,12420.7,26854.2,24099,20,550,21021,19434,1966,84169,109,2910,2313,25,5606,572,0.00359551
4,37561.7,12420.7,26854.2,24099,25,550,21021,19434,1966,84169,109,2910,2313,25,5606,572,0.00359551
4,39657,12420.7,26854.2,24099,6,550,21021,19434,1966,84169,109,2910,2313,25,5606,572,0.00359551
4,26533.6,18696.5,15032.1,13502,13,771,28935,26533,2852,118991,66,1737,1328,17,2821,358,0.00359551
4,31654.3,18696.5,15032.1,13502,16,771,28935,26533,2852,118991,66,1737,1328,17,2821,358,0.00359551
4,39482.7,18696.5,15032.1,13502,6,771,28935,26533,2852,118991,66,1737,1328,17,2821,358,0.00359551
4,40147.3,18696.5,15032.1,13502,5,771,28935,26533,2852,118991,66,1737,1328,17,2821,358,0.00359551
4,24895,43934.9,61910.1,54933,24,1347,60072,56203,6233,272003,195,6888,5595,119,17087,1082,0.00359551
4,42358.5,43934.9,61910.1,54933,15,1347,60072,56203,6233,272003,195,6888,5595,119,17087,1082,0.00359551
4,47534.5,43934.9,61910.1,54933,19,1347,60072,56203,6233,272003,195,6888,5595,119,17087,1082,0.00359551
4,58549.2,43934.9,61910.1,54933,46,1347,60072,56203,6233,272003,195,6888,5595,119,17087,1082,0.00359551
4,14432.5,13928.6,24065,21206,3,691,26055,23594,2397,98985,121,2874,2167,58,6142,337,0.00359551
4,27906.9,13928.6,24065,21206,9,691,26055,23594,2397,98985,121,2874,2167,58,6142,337,0.00359551
4,28000.9,13928.6,24065,21206,23,691,26055,23594,2397,98985,121,2874,2167,58,6142,337,0.00359551
4,41445.3,13928.6,24065,21206,22,691,26055,23594,2397,98985,121,2874,2167,58,6142,337,0.00359551
4,9466.53,31804.8,37331.9,33324,3,1143,51758,48085,5517,241565,145,4071,3180,37,8561,695,0.00359551
4,40673.1,31804.8,37331.9,33324,29,1143,51758,48085,5517,241565,145,4071,3180,37,8561,695,0.00359551
4,74033.4,31804.8,37331.9,33324,6,1143,51758,48085,5517,241565,145,4071,3180,37,8561,695,0.00359551
4,75048.7,31804.8,37331.9,33324,11,1143,51758,48085,5517,241565,145,4071,3180,37,8561,695,0.00359551
4,25629.3,22207.1,19811.8,17831,11,843,33078,30464,3297,139119,84,2172,1646,12,4115,423,0.00359551
4,28436.6,22207.1,19811.8,17831,12,843,33078,30464,3297,139119,84,2172,1646,12,4115,423,0.00359551
4,41850.8,22207.1,19811.8,17831,13,843,33078,30464,3297,139119,84,2172,1646,12,4115,423,0.00359551
4,42113.3,22207.1,19811.8,17831,8,843,33078,30464,3297,139119,84,2172,1646,12,4115,423,0.00359551
4,22901.8,24465.2,35758.9,31445,12,1001,38947,35525,3915,161780,142,4215,3293,103,9649,497,0.00359551
4,23102.7,24465.2,35758.9,31445,14,1001,38947,35525,3915,161780,142,4215,3293,103,9649,497,0.00359551
4,40099.6,24465.2,35758.9,31445,35,1001,38947,35525,3915,161780,142,4215,3293,103,9649,497,0.00359551
4,43428.1,24465.2,35758.9,31445,41,1001,38947,35525,3915,161780,142,4215,3293,103,9649,497,0.00359551
4,23643.2,25165.3,27680.4,24655,20,998,37938,34650,3692,154879,104,3191,2479,22,6520,533,0.00359551
4,23959.5,25165.3,27680.4,24655,19,998,37938,34650,3692,154879,104,3191,2479,22,6520,533,0.00359551
4,28308,25165.3,27680.4,24655,26,998,37938,34650,3692,154879,104,3191,2479,22,6520,533,0.00359551
4,39218,25165.3,27680.4,24655,12,998,37938,34650,3692,154879,104,3191,2479,22,6520,533,0.00359551
4,12382.8,30748.2,40105.2,35112,11,1092,45044,41911,4702,200658,165,4723,3682,132,11199,441,0.00359551
4,12699.1,30748.2,40105.2,35112,10,1092,45044,41911,4702,200658,165,4723,3682,132,11199,441,0.00359551
4,34878.8,30748.2,40105.2,35112,21,1092,45044,41911,4702,200658,165,4723,3682,132,11199,441,0.00359551
4,49963.2,30748.2,40105.2,35112,30,1092,45044,41911,4702,200658,165,4723,3682,132,11199,441,0.00359551
4,2890.82,13877.5,22721.2,20099,3,688,24763,22399,2065,90426,106,2694,2086,47,6044,277,0.00359551
4,20073.1,13877.5,22721.2,20099,5,688,24763,22399,2065,90426,106,2694,2086,47,6044,277,0.00359551
4,31211.5,13877.5,22721.2,20099,27,688,24763,22399,2065,90426,106,2694,2086,47,6044,277,0.00359551
4,33485.2,13877.5,22721.2,20099,27,688,24763,22399,2065,90426,106,2694,2086,47,6044,277,0.00359551
4,31459.8,44566.1,44065.1,39326,9,1454,66239,62088,6885,303959,160,4624,3607,50,10462,801,0.00359551
4,34122.4,44566.1,44065.1,39326,9,1454,66239,62088,6885,303959,160,4624,3607,50,10462,801,0.00359551
4,59778.4,44566.1,44065.1,39326,8,1454,66239,62088,6885,303959,160,4624,3607,50,10462,801,0.00359551
4,64287.2,44566.1,44065.1,39326,20,1454,66239,62088,6885,303959,160,4624,3607,50,10462,801,0.00359551
4,6826.81,22286.8,27409.7,24394,4,924,36461,32484,3417,138451,112,3196,2515,39,6570,516,0.00359551
4,29014.5,22286.8,27409.7,24394,13,924,36461,32484,3417,138451,112,3196,2515,39,6570,516,0.00359551
4,30438.4,22286.8,27409.7,24394,15,924,36461,32484,3417,138451,112,3196,2515,39,6570,516,0.00359551
4,36972.5,22286.8,27409.7,24394,23,924,36461,32484,3417,138451,112,3196,2515,39,6570,516,0.00359551
4,55485.1,44986.2,142603,126245,41,1390,66601,62227,7020,321272,381,14309,11954,335,39976,2270,0.00359551
4,58589.2,44986.2,142603,126245,32,1390,66601,62227,7020,321272,381,14309,11954,335,39976,2270,0.00359551
4,80792.7,44986.2,142603,126245,25,1390,66601,62227,7020,321272,381,14309,11954,335,39976,2270,0.00359551
4,82419.8,44986.2,142603,126245,32,1390,66601,62227,7020,321272,381,14309,11954,335,39976,2270,0.00359551
4,12385.8,41667,63650.9,56275,4,1333,54731,51099,5752,242314,228,7109,5736,177,16942,868,0.00359551
4,29630.9,41667,63650.9,56275,24,1333,54731,51099,5752,242314,228,7109,5736,177,16942,868,0.00359551
4,47483.9,41667,63650.9,56275,27,1333,54731,51099,5752,242314,228,7109,5736,177,16942,868,0.00359551
4,52361.2,41667,63650.9,56275,36,1333,54731,51099,5752,242314,228,7109,5736,177,16942,868,0.00359551
4,19632.7,36454,63660.8,56045,12,1177,50753,47259,5141,223956,193,7119,5703,158,17529,918,0.00359551
4,36264.9,36454,63660.8,56045,21,1177,50753,47259,5141,223956,193,7119,5703,158,17529,918,0.00359551
4,50093.6,36454,63660.8,56045,42,1177,50753,47259,5141,223956,193,7119,5703,158,17529,918,0.00359551
4,51338.5,36454,63660.8,56045,17,1177,50753,47259,5141,223956,193,7119,5703,158,17529,918,0.00359551
4,10830.7,17006.2,19624.4,17442,8,754,28618,25801,2468,104936,94,2410,1885,38,4949,373,0.00359551
4,17530.7,17006.2,19624.4,17442,16,754,28618,25801,2468,104936,94,2410,1885,38,4949,373,0.00359551
4,23526.5,17006.2,19624.4,17442,21,754,28618,25801,2468,104936,94,2410,1885,38,4949,373,0.00359551
4,33841.7,17006.2,19624.4,17442,27,754,28618,25801,2468,104936,94,2410,1885,38,4949,373,0.00359551
4,27486.5,12667.7,40689.7,36447,6,594,24531,22666,2324,100638,144,4526,3675,80,9539,897,0.00359551
4,30166.5,12667.7,40689.7,36447,26,594,24531,22666,2324,100638,144,4526,3675,80,9539,897,0.00359551
4,42840.2,12667.7,40689.7,36447,35,594,24531,22666,2324,100638,144,4526,3675,80,9539,897,0.00359551
4,47808.6,12667.7,40689.7,36447,6,594,24531,22666,2324,100638,144,4526,3675,80,9539,897,0.00359551
4,14989.8,19911.1,7760.02,6930,10,809,32928,30500,3387,141757,42,902,682,0,1392,222,0.00359551
4,16952.8,19911.1,7760.02,6930,12,809,32928,30500,3387,141757,42,902,682,0,1392,222,0.00359551
4,23874.4,19911.1,7760.02,6930,4,809,32928,30500,3387,141757,42,902,682,0,1392,222,0.00359551
4,44417,19911.1,7760.02,6930,6,809,32928,30500,3387,141757,42,902,682,0,1392,222,0.00359551
4,21999.8,11210.9,30041,27093,7,563,22136,20466,2146,89179,115,3084,2434,32,5768,667,0.00359551
4,25199.6,11210.9,30041,27093,19,563,22136,20466,2146,89179,115,3084,2434,32,5768,667,0.00359551
4,38897.2,11210.9,30041,27093,27,563,22136,20466,2146,89179,115,3084,2434,32,5768,667,0.00359551
4,42320.1,11210.9,30041,27093,7,563,22136,20466,2146,89179,115,3084,2434,32,5768,667,0.00359551
4,38626,44717.9,147255,129235,36,1364,63256,59477,7000,309704,411,15512,13060,484,46136,2066,0.00359551
4,56989,44717.9,147255,129235,39,1364,63256,59477,7000,309704,411,15512,13060,484,46136,2066,0.00359551
4,59205.9,44717.9,147255,129235,18,1364,63256,59477,7000,309704,411,15512,13060,484,46136,2066,0.00359551
4,70898.5,44717.9,147255,129235,63,1364,63256,59477,7000,309704,411,15512,13060,484,46136,2066,0.00359551
4,25287.1,19367,30672.8,27375,20,869,30615,27290,2727,113927,101,3083,2420,32,6138,507,0.00359551
4,28685.3,19367,30672.8,27375,22,869,30615,27290,2727,113927,101,3083,2420,32,6138,507,0.00359551
4,29001.6,19367,30672.8,27375,21,869,30615,27290,2727,113927,101,3083,2420,32,6138,507,0.00359551
4,34184.6,19367,30672.8,27375,11,869,30615,27290,2727,113927,101,3083,2420,32,6138,507,0.00359551
4,12942.8,12046.8,23152.8,20706,8,554,20783,19141,1885,83262,81,2459,1926,25,4737,498,0.00359551
4,24077.1,12046.8,23152.8,20706,18,554,20783,19141,1885,83262,81,2459,1926,25,4737,498,0.00359551
4,28200.6,12046.8,23152.8,20706,26,554,20783,19141,1885,83262,81,2459,1926,25,4737,498,0.00359551
4,33319.4,12046.8,23152.8,20706,15,554,20783,19141,1885,83262,81,2459,1926,25,4737,498,0.00359551
4,23690.7,24128.5,28020.2,25020,21,978,37382,34003,3684,151797,118,3175,2431,40,6164,556,0.00359551
4,24007,24128.5,28020.2,25020,20,978,37382,34003,3684,151797,118,3175,2431,40,6164,556,0.00359551
4,32216.8,24128.5,28020.2,25020,28,978,37382,34003,3684,151797,118,3175,2431,40,6164,556,0.00359551
4,39440.2,24128.5,28020.2,25020,23,978,37382,34003,3684,151797,118,3175,2431,40,6164,556,0.00359551
4,35107.3,47271,73263.8,64582,26,1461,69202,64895,7194,322172,221,8231,6774,182,22035,1289,0.00359551
4,41468.2,47271,73263.8,64582,2,1461,69202,64895,7194,322172,221,8231,6774,182,22035,1289,0.00359551
4,58284.7,47271,73263.8,64582,23,1461,69202,64895,7194,322172,221,8231,6774,182,22035,1289,0.00359551
4,68965,47271,73263.8,64582,49,1461,69202,64895,7194,322172,221,8231,6774,182,22035,1289,0.00359551
4,15687.7,27976.4,36635.1,32100,10,1118,43912,40856,4472,193198,155,4716,3752,83,11742,439,0.00359551
4,16592.7,27976.4,36635.1,32100,14,1118,43912,40856,4472,193198,155,4716,3752,83,11742,439,0.00359551
4,29055.8,27976.4,36635.1,32100,18,1118,43912,40856,4472,193198,155,4716,3752,83,11742,439,0.00359551
4,47448.7,27976.4,36635.1,32100,26,1118,43912,40856,4472,193198,155,4716,3752,83,11742,439,0.00359551
4,42824.8,51699.5,83960.4,74314,30,1474,69684,65456,7261,335946,259,9350,7618,92,21271,1918,0.00359551
4,50461.1,51699.5,83960.4,74314,17,1474,69684,65456,7261,335946,259,9350,7618,92,21271,1918,0.00359551
4,67917.9,51699.5,83960.4,74314,12,1474,69684,65456,7261,335946,259,9350,7618,92,21271,1918,0.00359551
4,76117.1,51699.5,83960.4,74314,16,1474,69684,65456,7261,335946,259,9350,7618,92,21271,1918,0.00359551
4,9084.55,8844.08,13331.5,11837,8,499,16853,14945,1357,57322,70,1542,1176,23,2915,221,0.00359551
4,14881.1,8844.08,13331.5,11837,9,499,16853,14945,1357,57322,70,1542,1176,23,2915,221,0.00359551
4,23717.4,8844.08,13331.5,11837,13,499,16853,14945,1357,57322,70,1542,1176,23,2915,221,0.00359551
4,26546.8,8844.08,13331.5,11837,21,499,16853,14945,1357,57322,70,1542,1176,23,2915,221,0.00359551
4,23367.9,24156,28110.3,25036,15,983,37795,34679,3614,154934,107,3148,2483,34,6652,480,0.00359551
4,23742.9,24156,28110.3,25036,23,983,37795,34679,3614,154934,107,3148,2483,34,6652,480,0.00359551
4,24508.4,24156,28110.3,25036,12,983,37795,34679,3614,154934,107,3148,2483,34,6652,480,0.00359551
4,39314.3,24156,28110.3,25036,23,983,37795,34679,3614,154934,107,3148,2483,34,6652,480,0.00359551
4,20837.1,21430.5,32699.7,28758,9,817,34222,31558,3694,150008,114,3685,2863,53,8604,554,0.00359551
4,22441.2,21430.5,32699.7,28758,13,817,34222,31558,3694,150008,114,3685,2863,53,8604,554,0.00359551
4,36600.9,21430.5,32699.7,28758,19,817,34222,31558,3694,150008,114,3685,2863,53,8604,554,0.00359551
4,56598.7,21430.5,32699.7,28758,25,817,34222,31558,3694,150008,114,3685,2863,53,8604,554,0.00359551
4,21048.2,27638.8,42134.3,37470,15,972,44841,41488,4699,206368,123,4424,3564,73,9886,803,0.00359551
4,21907.4,27638.8,42134.3,37470,16,972,44841,41488,4699,206368,123,4424,3564,73,9886,803,0.00359551
4,50685,27638.8,42134.3,37470,21,972,44841,41488,4699,206368,123,4424,3564,73,9886,803,0.00359551
4,70964.7,27638.8,42134.3,37470,33,972,44841,41488,4699,206368,123,4424,3564,73,9886,803,0.00359551
4,26075.9,46718.4,34629.6,30479,9,1408,63770,59729,6548,289529,148,4020,3103,50,9676,487,0.00359551
4,31238.7,46718.4,34629.6,30479,4,1408,63770,59729,6548,289529,148,4020,3103,50,9676,487,0.00359551
4,57686.9,46718.4,34629.6,30479,7,1408,63770,59729,6548,289529,148,4020,3103,50,9676,487,0.00359551
4,59829.2,46718.4,34629.6,30479,19,1408,63770,59729,6548,289529,148,4020,3103,50,9676,487,0.00359551
4,15231.5,23248.8,26957.4,24062,9,944,37484,33417,3524,140577,99,3009,2368,36,6706,399,0.00359551
4,27819.8,23248.8,26957.4,24062,23,944,37484,33417,3524,140577,99,3009,2368,36,6706,399,0.00359551
4,33431.2,23248.8,26957.4,24062,8,944,37484,33417,3524,140577,99,3009,2368,36,6706,399,0.00359551
4,37583.3,23248.8,26957.4,24062,24,944,37484,33417,3524,140577,99,3009,2368,36,6706,399,0.00359551
4,18668.3,21775.8,25449,22334,4,868,37491,34620,3960,166776,89,2987,2377,51,6793,378,0.00359551
4,19266.2,21775.8,25449,22334,4,868,37491,34620,3960,166776,89,2987,2377,51,6793,378,0.00359551
4,41014.7,21775.8,25449,22334,21,868,37491,34620,3960,166776,89,2987,2377,51,6793,378,0.00359551
4,61294.3,21775.8,25449,22334,33,868,37491,34620,3960,166776,89,2987,2377,51,6793,378,0.00359551
4,15439.4,21294.5,8277.17,7471,8,821,33648,31230,3339,145417,46,809,608,0,1218,193,0.00359551
4,17575.9,21294.5,8277.17,7471,9,821,33648,31230,3339,145417,46,809,608,0,1218,193,0.00359551
4,22336.9,21294.5,8277.17,7471,9,821,33648,31230,3339,145417,46,809,608,0,1218,193,0.00359551
4,42833.2,21294.5,8277.17,7471,7,821,33648,31230,3339,145417,46,809,608,0,1218,193,0.00359551
4,3351.45,9054.38,8846.31,7975,4,495,16476,14861,1371,61872,53,914,671,2,1692,123,0.00359551
4,18169.2,9054.38,8846.31,7975,7,495,16476,14861,1371,61872,53,914,671,2,1692,123,0.00359551
4,23864.5,9054.38,8846.31,7975,5,495,16476,14861,1371,61872,53,914,671,2,1692,123,0.00359551
4,27298.8,9054.38,8846.31,7975,15,495,16476,14861,1371,61872,53,914,671,2,1692,123,0.00359551
4,27605.4,51984.3,36034.7,32071,18,1539,72855,68831,7770,354522,140,4262,3383,24,9330,791,0.00359551
4,43962.3,51984.3,36034.7,32071,8,1539,72855,68831,7770,354522,140,4262,3383,24,9330,791,0.00359551
4,53238.2,51984.3,36034.7,32071,4,1539,72855,68831,7770,354522,140,4262,3383,24,9330,791,0.00359551
4,70410.5,51984.3,36034.7,32071,11,1539,72855,68831,7770,354522,140,4262,3383,24,9330,791,0.00359551
4,3585.86,12146.1,23141.7,20456,4,591,22959,21062,2354,92469,112,2724,2137,48,5739,479,0.00359551
4,16047.9,12146.1,23141.7,20456,9,591,22959,21062,2354,92469,112,2724,2137,48,5739,479,0.00359551
4,30948.9,12146.1,23141.7,20456,21,591,22959,21062,2354,92469,112,2724,2137,48,5739,479,0.00359551
4,41915.9,12146.1,23141.7,20456,18,591,22959,21062,2354,92469,112,2724,2137,48,5739,479,0.00359551
4,21826.7,43720.1,38086.5,33432,7,1370,61455,57528,6308,274888,147,4393,3524,96,11016,439,0.00359551
4,30671.7,43720.1,38086.5,33432,10,1370,61455,57528,6308,274888,147,4393,3524,96,11016,439,0.00359551
4,47606.6,43720.1,38086.5,33432,5,1370,61455,57528,6308,274888,147,4393,3524,96,11016,439,0.00359551
4,55048.5,43720.1,38086.5,33432,26,1370,61455,57528,6308,274888,147,4393,3524,96,11016,439,0.00359551
4,13175.9,21726.5,5379.23,4867,6,823,34071,31550,3480,147446,34,573,430,0,700,176,0.00359551
4,15138.9,21726.5,5379.23,4867,8,823,34071,31550,3480,147446,34,573,430,0,700,176,0.00359551
4,24709.2,21726.5,5379.23,4867,3,823,34071,31550,3480,147446,34,573,430,0,700,176,0.00359551
4,45224.7,21726.5,5379.23,4867,3,823,34071,31550,3480,147446,34,573,430,0,700,176,0.00359551
4,15464.5,34870.5,80142.8,70806,13,1237,54395,50759,5672,244645,300,8555,6867,193,22312,648,0.00359551
4,21075.7,34870.5,80142.8,70806,17,1237,54395,50759,5672,244645,300,8555,6867,193,22312,648,0.00359551
4,61536.3,34870.5,80142.8,70806,37,1237,54395,50759,5672,244645,300,8555,6867,193,22312,648,0.00359551
4,62070.5,34870.5,80142.8,70806,21,1237,54395,50759,5672,244645,300,8555,6867,193,22312,648,0.00359551
4,18822.3,18678.8,27151.8,24183,10,781,32213,29636,3308,138694,81,2761,2160,12,5885,514,0.00359551
4,37523.3,18678.8,27151.8,24183,4,781,32213,29636,3308,138694,81,2761,2160,12,5885,514,0.00359551
4,48840.6,18678.8,27151.8,24183,12,781,32213,29636,3308,138694,81,2761,2160,12,5885,514,0.00359551
4,49862.1,18678.8,27151.8,24183,17,781,32213,29636,3308,138694,81,2761,2160,12,5885,514,0.00359551
4,28358.7,17349.8,29555.3,26345,15,793,28457,25690,2670,109944,109,3036,2302,37,6020,433,0.00359551
4,34471,17349.8,29555.3,26345,17,793,28457,25690,2670,109944,109,3036,2302,37,6020,433,0.00359551
4,36371,17349.8,29555.3,26345,14,793,28457,25690,2670,109944,109,3036,2302,37,6020,433,0.00359551
4,36639.4,17349.8,29555.3,26345,15,793,28457,25690,2670,109944,109,3036,2302,37,6020,433,0.00359551
4,5664.97,32279.3,22278.4,19979,5,1130,49871,46395,5320,227149,86,2328,1794,17,4656,393,0.00359551
4,32910.7,32279.3,22278.4,19979,19,1130,49871,46395,5320,227149,86,2328,1794,17,4656,393,0.00359551
4,66935.7,32279.3,22278.4,19979,10,1130,49871,46395,5320,227149,86,2328,1794,17,4656,393,0.00359551
4,67206.4,32279.3,22278.4,19979,5,1130,49871,46395,5320,227149,86,2328,1794,17,4656,393,0.00359551
4,14446.5,46150.2,98663.6,86712,9,1352,62064,58002,6546,289994,344,11102,9172,218,28533,1384,0.00359551
4,26983.3,46150.2,98663.6,86712,22,1352,62064,58002,6546,289994,344,11102,9172,218,28533,1384,0.00359551
4,67943.5,46150.2,98663.6,86712,44,1352,62064,58002,6546,289994,344,11102,9172,218,28533,1384,0.00359551
4,71680,46150.2,98663.6,86712,23,1352,62064,58002,6546,289994,344,11102,9172,218,28533,1384,0.00359551
4,3563.35,16253,29808.7,26132,3,729,26403,23932,2336,98634,140,3742,2906,56,7722,463,0.00359551
4,23428.7,16253,29808.7,26132,12,729,26403,23932,2336,98634,140,3742,2906,56,7722,463,0.00359551
4,33204.8,16253,29808.7,26132,22,729,26403,23932,2336,98634,140,3742,2906,56,7722,463,0.00359551
4,36674.6,16253,29808.7,26132,14,729,26403,23932,2336,98634,140,3742,2906,56,7722,463,0.00359551
4,14327,14165.7,20626.5,18408,12,644,24117,22119,2255,96513,85,2476,1932,18,5035,419,0.00359551
4,21438.1,14165.7,20626.5,18408,20,644,24117,22119,2255,96513,85,2476,1932,18,5035,419,0.00359551
4,28383.8,14165.7,20626.5,18408,6,644,24117,22119,2255,96513,85,2476,1932,18,5035,419,0.00359551
4,33590.7,14165.7,20626.5,18408,23,644,24117,22119,2255,96513,85,2476,1932,18,5035,419,0.00359551
4,12703.4,35508.2,34850.2,30912,9,1230,51933,47987,5267,221342,136,4062,3193,74,9112,512,0.00359551
4,35226.9,35508.2,34850.2,30912,22,1230,51933,47987,5267,221342,136,4062,3193,74,9112,512,0.00359551
4,38264,35508.2,34850.2,30912,10,1230,51933,47987,5267,221342,136,4062,3193,74,9112,512,0.00359551
4,46457.5,35508.2,34850.2,30912,23,1230,51933,47987,5267,221342,136,4062,3193,74,9112,512,0.00359551
4,20712,19364.4,29432.9,25854,7,819,34949,32205,3731,153670,113,3607,2809,52,8368,515,0.00359551
4,21968.2,19364.4,29432.9,25854,9,819,34949,32205,3731,153670,113,3607,2809,52,8368,515,0.00359551
4,37667.4,19364.4,29432.9,25854,18,819,34949,32205,3731,153670,113,3607,2809,52,8368,515,0.00359551
4,57665.1,19364.4,29432.9,25854,24,819,34949,32205,3731,153670,113,3607,2809,52,8368,515,0.00359551
4,26861.9,42742.1,34326.9,30335,9,1389,62485,58479,6365,283868,143,3845,2966,46,8991,544,0.00359551
4,32191.4,42742.1,34326.9,30335,3,1389,62485,58479,6365,283868,143,3845,2966,46,8991,544,0.00359551
4,58639.4,42742.1,34326.9,30335,6,1389,62485,58479,6365,283868,143,3845,2966,46,8991,544,0.00359551
4,59790.4,42742.1,34326.9,30335,21,1389,62485,58479,6365,283868,143,3845,2966,46,8991,544,0.00359551
4,15107.1,19021.9,19481.6,17373,13,768,30095,27032,2607,110958,88,2257,1763,29,4385,376,0.00359551
4,15185.5,19021.9,19481.6,17373,11,768,30095,27032,2607,110958,88,2257,1763,29,4385,376,0.00359551
4,20118.2,19021.9,19481.6,17373,16,768,30095,27032,2607,110958,88,2257,1763,29,4385,376,0.00359551
4,33756.5,19021.9,19481.6,17373,23,768,30095,27032,2607,110958,88,2257,1763,29,4385,376,0.00359551
4,4987.84,8741.49,7240.27,6589,3,516,17603,15861,1463,63473,45,757,547,1,956,205,0.00359551
4,16695.6,8741.49,7240.27,6589,15,516,17603,15861,1463,63473,45,757,547,1,956,205,0.00359551
4,18880.7,8741.49,7240.27,6589,7,516,17603,15861,1463,63473,45,757,547,1,956,205,0.00359551
4,29356.2,8741.49,7240.27,6589,4,516,17603,15861,1463,63473,45,757,547,1,956,205,0.00359551
4,9736.91,15597.3,12948.9,11574,6,650,25876,23623,2558,103515,70,1584,1227,14,2957,345,0.00359551
4,19031.8,15597.3,12948.9,11574,12,650,25876,23623,2558,103515,70,1584,1227,14,2957,345,0.00359551
4,24961.7,15597.3,12948.9,11574,21,650,25876,23623,2558,103515,70,1584,1227,14,2957,345,0.00359551
4,43680.6,15597.3,12948.9,11574,8,650,25876,23623,2558,103515,70,1584,1227,14,2957,345,0.00359551
4,7815.37,28357.1,28953,25659,6,1041,43822,39847,4238,174866,112,3318,2606,75,7686,344,0.00359551
4,33474.9,28357.1,28953,25659,5,1041,43822,39847,4238,174866,112,3318,2606,75,7686,344,0.00359551
4,36190.2,28357.1,28953,25659,26,1041,43822,39847,4238,174866,112,3318,2606,75,7686,344,0.00359551
4,41473.9,28357.1,28953,25659,20,1041,43822,39847,4238,174866,112,3318,2606,75,7686,344,0.00359551
4,4859.72,51098.7,43683,39073,4,1537,68263,64346,7263,319706,149,4738,3762,68,10197,840,0.00359551
4,39659.5,51098.7,43683,39073,16,1537,68263,64346,7263,319706,149,4738,3762,68,10197,840,0.00359551
4,40015.8,51098.7,43683,39073,33,1537,68263,64346,7263,319706,149,4738,3762,68,10197,840,0.00359551
4,57541,51098.7,43683,39073,9,1537,68263,64346,7263,319706,149,4738,3762,68,10197,840,0.00359551
4,31452.6,19265.2,61549.5,55117,14,787,33973,31425,3325,143948,178,6462,5328,90,14469,1279,0.00359551
4,35553.2,19265.2,61549.5,55117,26,787,33973,31425,3325,143948,178,6462,5328,90,14469,1279,0.00359551
4,39886.4,19265.2,61549.5,55117,25,787,33973,31425,3325,143948,178,6462,5328,90,14469,1279,0.00359551
4,51652.1,19265.2,61549.5,55117,34,787,33973,31425,3325,143948,178,6462,5328,90,14469,1279,0.00359551
4,12712.7,38484.7,94349.6,82961,12,1328,59524,55415,6338,279131,349,9997,8043,242,28306,444,0.00359551
4,33428,38484.7,94349.6,82961,27,1328,59524,55415,6338,279131,349,9997,8043,242,28306,444,0.00359551
4,74288.6,38484.7,94349.6,82961,18,1328,59524,55415,6338,279131,349,9997,8043,242,28306,444,0.00359551
4,74318.7,38484.7,94349.6,82961,49,1328,59524,55415,6338,279131,349,9997,8043,242,28306,444,0.00359551
4,23902.4,44821.4,40522.1,35894,8,1394,63072,58990,6400,282917,153,4660,3782,65,10776,717,0.00359551
4,24992.6,44821.4,40522.1,35894,10,1394,63072,58990,6400,282917,153,4660,3782,65,10776,717,0.00359551
4,51442.3,44821.4,40522.1,35894,13,1394,63072,58990,6400,282917,153,4660,3782,65,10776,717,0.00359551
4,54306.6,44821.4,40522.1,35894,22,1394,63072,58990,6400,282917,153,4660,3782,65,10776,717,0.00359551
4,9082.55,33881.6,36274.1,32076,7,1189,54023,50309,5722,247231,145,3977,3060,45,8561,489,0.00359551
4,30770.9,33881.6,36274.1,32076,20,1189,54023,50309,5722,247231,145,3977,3060,45,8561,489,0.00359551
4,69117.6,33881.6,36274.1,32076,15,1189,54023,50309,5722,247231,145,3977,3060,45,8561,489,0.00359551
4,69388.1,33881.6,36274.1,32076,10,1189,54023,50309,5722,247231,145,3977,3060,45,8561,489,0.00359551
4,19768.9,51657.9,102738,89927,12,1510,69937,65785,7640,337800,360,11506,9509,264,31517,1323,0.00359551
4,25024.6,51657.9,102738,89927,18,1510,69937,65785,7640,337800,360,11506,9509,264,31517,1323,0.00359551
4,65699.7,51657.9,102738,89927,43,1510,69937,65785,7640,337800,360,11506,9509,264,31517,1323,0.00359551
4,74986.1,51657.9,102738,89927,27,1510,69937,65785,7640,337800,360,11506,9509,264,31517,1323,0.00359551
4,4230.5,8984.29,7675.35,6832,2,496,16823,15083,1358,59961,44,735,531,2,991,166,0.00359551
4,17676.3,8984.29,7675.35,6832,7,496,16823,15083,1358,59961,44,735,531,2,991,166,0.00359551
4,18047,8984.29,7675.35,6832,15,496,16823,15083,1358,59961,44,735,531,2,991,166,0.00359551
4,28323.9,8984.29,7675.35,6832,4,496,16823,15083,1358,59961,44,735,531,2,991,166,0.00359551
4,10600.5,9701.18,17379.5,15452,11,510,19056,17518,1707,74824,83,1952,1488,11,3921,292,0.00359551
4,14789.1,9701.18,17379.5,15452,9,510,19056,17518,1707,74824,83,1952,1488,11,3921,292,0.00359551
4,30230.5,9701.18,17379.5,15452,12,510,19056,17518,1707,74824,83,1952,1488,11,3921,292,0.00359551
4,34215.6,9701.18,17379.5,15452,23,510,19056,17518,1707,74824,83,1952,1488,11,3921,292,0.00359551
4,30095.2,33272.4,89275.1,79089,9,1111,50589,47120,5343,230698,223,9179,7745,252,24210,1477,0.00359551
4,40471.2,33272.4,89275.1,79089,38,1111,50589,47120,5343,230698,223,9179,7745,252,24210,1477,0.00359551
4,53103.6,33272.4,89275.1,79089,30,1111,50589,47120,5343,230698,223,9179,7745,252,24210,1477,0.00359551
4,58408.9,33272.4,89275.1,79089,52,1111,50589,47120,5343,230698,223,9179,7745,252,24210,1477,0.00359551
4,19307,25769.9,29969.1,26724,12,935,41848,38673,4449,188702,98,3402,2696,42,7081,607,0.00359551
4,19704.5,25769.9,29969.1,26724,11,935,41848,38673,4449,188702,98,3402,2696,42,7081,607,0.00359551
4,46161,25769.9,29969.1,26724,16,935,41848,38673,4449,188702,98,3402,2696,42,7081,607,0.00359551
4,66440.6,25769.9,29969.1,26724,28,935,41848,38673,4449,188702,98,3402,2696,42,7081,607,0.00359551
4,39256.2,46691,95119,84314,34,1388,65635,61657,7123,316873,261,9845,8156,243,24938,1636,0.00359551
4,54287.9,46691,95119,84314,5,1388,65635,61657,7123,316873,261,9845,8156,243,24938,1636,0.00359551
4,59994.7,46691,95119,84314,33,1388,65635,61657,7123,316873,261,9845,8156,243,24938,1636,0.00359551
4,72754,46691,95119,84314,61,1388,65635,61657,7123,316873,261,9845,8156,243,24938,1636,0.00359551
4,12732.2,28553.7,35310.8,31214,10,1044,43415,40290,4461,192613,140,4001,3104,100,9381,495,0.00359551
4,12945.2,28553.7,35310.8,31214,12,1044,43415,40290,4461,192613,140,4001,3104,100,9381,495,0.00359551
4,37186.1,28553.7,35310.8,31214,22,1044,43415,40290,4461,192613,140,4001,3104,100,9381,495,0.00359551
4,49226.1,28553.7,35310.8,31214,31,1044,43415,40290,4461,192613,140,4001,3104,100,9381,495,0.00359551
4,10598.1,28199.5,17649.2,15425,7,1004,42966,40009,4434,190685,89,2283,1728,25,4560,304,0.00359551
4,11857.2,28199.5,17649.2,15425,6,1004,42966,40009,4434,190685,89,2283,1728,25,4560,304,0.00359551
4,30146.8,28199.5,17649.2,15425,16,1004,42966,40009,4434,190685,89,2283,1728,25,4560,304,0.00359551
4,50326.7,28199.5,17649.2,15425,21,1004,42966,40009,4434,190685,89,2283,1728,25,4560,304,0.00359551
4,19031.6,43002,32936.3,29020,13,1375,60610,55908,6070,253029,127,3890,3159,93,9450,512,0.00359551
4,22575.2,43002,32936.3,29020,23,1375,60610,55908,6070,253029,127,3890,3159,93,9450,512,0.00359551
4,44900,43002,32936.3,29020,14,1375,60610,55908,6070,253029,127,3890,3159,93,9450,512,0.00359551
4,47773.4,43002,32936.3,29020,22,1375,60610,55908,6070,253029,127,3890,3159,93,9450,512,0.00359551
4,22762.8,33272.6,77345.2,68883,14,1202,52071,48629,5372,233057,218,7778,6343,157,18791,1154,0.00359551
4,40052.3,33272.6,77345.2,68883,23,1202,52071,48629,5372,233057,218,7778,6343,157,18791,1154,0.00359551
4,52237.5,33272.6,77345.2,68883,28,1202,52071,48629,5372,233057,218,7778,6343,157,18791,1154,0.00359551
4,53919.7,33272.6,77345.2,68883,43,1202,52071,48629,5372,233057,218,7778,6343,157,18791,1154,0.00359551
4,26400.8,30042.4,73867.4,65375,6,994,43636,40413,4370,189526,200,7773,6523,180,20067,1247,0.00359551
4,34207.8,30042.4,73867.4,65375,29,994,43636,40413,4370,189526,200,7773,6523,180,20067,1247,0.00359551
4,47325.3,30042.4,73867.4,65375,25,994,43636,40413,4370,189526,200,7773,6523,180,20067,1247,0.00359551
4,52393.2,30042.4,73867.4,65375,43,994,43636,40413,4370,189526,200,7773,6523,180,20067,1247,0.00359551
4,25069.3,30637.5,34036,29881,4,1222,48078,43351,4630,186964,142,4296,3307,86,9697,433,0.00359551
4,25935.3,30637.5,34036,29881,7,1222,48078,43351,4630,186964,142,4296,3307,86,9697,433,0.00359551
4,32489.8,30637.5,34036,29881,14,1222,48078,43351,4630,186964,142,4296,3307,86,9697,433,0.00359551
4,41913.3,30637.5,34036,29881,33,1222,48078,43351,4630,186964,142,4296,3307,86,9697,433,0.00359551
4,22798.8,32461.6,70103.4,62451,11,1111,48799,45506,5032,216208,201,7193,5951,159,18450,1038,0.00359551
4,36705.7,32461.6,70103.4,62451,26,1111,48799,45506,5032,216208,201,7193,5951,159,18450,1038,0.00359551
4,50891,32461.6,70103.4,62451,23,1111,48799,45506,5032,216208,201,7193,5951,159,18450,1038,0.00359551
4,52214.8,32461.6,70103.4,62451,34,1111,48799,45506,5032,216208,201,7193,5951,159,18450,1038,0.00359551
4,33116.5,48391.8,60634.4,53253,12,1485,69308,64975,7142,319546,217,6961,5650,127,17810,907,0.00359551
4,34557.1,48391.8,60634.4,53253,11,1485,69308,64975,7142,319546,217,6961,5650,127,17810,907,0.00359551
4,58772.5,48391.8,60634.4,53253,11,1485,69308,64975,7142,319546,217,6961,5650,127,17810,907,0.00359551
4,66607.3,48391.8,60634.4,53253,28,1485,69308,64975,7142,319546,217,6961,5650,127,17810,907,0.00359551
4,13007.9,31918.2,38244.6,33978,11,1182,51094,47309,5241,218135,136,4134,3255,47,9343,579,0.00359551
4,37851.7,31918.2,38244.6,33978,22,1182,51094,47309,5241,218135,136,4134,3255,47,9343,579,0.00359551
4,38172.7,31918.2,38244.6,33978,9,1182,51094,47309,5241,218135,136,4134,3255,47,9343,579,0.00359551
4,46865.5,31918.2,38244.6,33978,34,1182,51094,47309,5241,218135,136,4134,3255,47,9343,579,0.00359551
4,13708.4,37357,50641.5,44882,3,1375,55416,50871,5594,230122,172,5310,4238,127,12784,486,0.00359551
4,31661.1,37357,50641.5,44882,23,1375,55416,50871,5594,230122,172,5310,4238,127,12784,486,0.00359551
4,43636.8,37357,50641.5,44882,13,1375,55416,50871,5594,230122,172,5310,4238,127,12784,486,0.00359551
4,45118.1,37357,50641.5,44882,30,1375,55416,50871,5594,230122,172,5310,4238,127,12784,486,0.00359551
4,20490.9,36142.8,29132.4,25308,16,1380,57780,52448,5693,230830,115,3460,2785,65,8527,372,0.00359551
4,23229.2,36142.8,29132.4,25308,17,1380,57780,52448,5693,230830,115,3460,2785,65,8527,372,0.00359551
4,37876.9,36142.8,29132.4,25308,3,1380,57780,52448,5693,230830,115,3460,2785,65,8527,372,0.00359551
4,45465,36142.8,29132.4,25308,29,1380,57780,52448,5693,230830,115,3460,2785,65,8527,372,0.00359551
4,31028,48952.7,36182.6,32468,21,1516,71302,67251,7633,344065,151,3929,3066,20,7446,880,0.00359551
4,45106.2,48952.7,36182.6,32468,7,1516,71302,67251,7633,344065,151,3929,3066,20,7446,880,0.00359551
4,56896.3,48952.7,36182.6,32468,6,1516,71302,67251,7633,344065,151,3929,3066,20,7446,880,0.00359551
4,71554.3,48952.7,36182.6,32468,10,1516,71302,67251,7633,344065,151,3929,3066,20,7446,880,0.00359551
4,7550.8,10128.7,12304.7,11010,8,515,18483,16922,1671,72521,68,1388,1039,5,2815,186,0.00359551
4,15603.7,10128.7,12304.7,11010,10,515,18483,16922,1671,72521,68,1388,1039,5,2815,186,0.00359551
4,27766.5,10128.7,12304.7,11010,7,515,18483,16922,1671,72521,68,1388,1039,5,2815,186,0.00359551
4,31282.2,10128.7,12304.7,11010,21,515,18483,16922,1671,72521,68,1388,1039,5,2815,186,0.00359551
4,9046.89,8158.4,14675.1,13106,6,496,16975,15241,1299,58746,74,1559,1122,12,3290,81,0.00359551
4,12656.1,8158.4,14675.1,13106,7,496,16975,15241,1299,58746,74,1559,1122,12,3290,81,0.00359551
4,27404.5,8158.4,14675.1,13106,18,496,16975,15241,1299,58746,74,1559,1122,12,3290,81,0.00359551
4,27426,8158.4,14675.1,13106,25,496,16975,15241,1299,58746,74,1559,1122,12,3290,81,0.00359551
4,16027.6,38031.4,43090.9,38254,17,1211,53570,49916,5487,234680,150,4861,3893,78,11162,678,0.00359551
4,38852.7,38031.4,43090.9,38254,17,1211,53570,49916,5487,234680,150,4861,3893,78,11162,678,0.00359551
4,40688.3,38031.4,43090.9,38254,14,1211,53570,49916,5487,234680,150,4861,3893,78,11162,678,0.00359551
4,49885.2,38031.4,43090.9,38254,40,1211,53570,49916,5487,234680,150,4861,3893,78,11162,678,0.00359551
4,8039.25,32362.2,34614.8,30864,6,1090,46624,42630,4562,189855,123,3938,3134,49,8412,646,0.00359551
4,29645.2,32362.2,34614.8,30864,10,1090,46624,42630,4562,189855,123,3938,3134,49,8412,646,0.00359551
4,40262.7,32362.2,34614.8,30864,35,1090,46624,42630,4562,189855,123,3938,3134,49,8412,646,0.00359551
4,44302.3,32362.2,34614.8,30864,34,1090,46624,42630,4562,189855,123,3938,3134,49,8412,646,0.00359551
4,27590.8,19410.5,28355.8,25522,25,880,32296,29060,3101,124272,118,3101,2377,37,5700,551,0.00359551
4,27867.5,19410.5,28355.8,25522,23,880,32296,29060,3101,124272,118,3101,2377,37,5700,551,0.00359551
4,32870.2,19410.5,28355.8,25522,25,880,32296,29060,3101,124272,118,3101,2377,37,5700,551,0.00359551
4,36059.9,19410.5,28355.8,25522,21,880,32296,29060,3101,124272,118,3101,2377,37,5700,551,0.00359551
4,16133.6,35638.6,45504.9,40064,4,1308,52097,47712,5291,213352,185,5147,4064,91,11660,542,0.00359551
4,33049.7,35638.6,45504.9,40064,20,1308,52097,47712,5291,213352,185,5147,4064,91,11660,542,0.00359551
4,43001.9,35638.6,45504.9,40064,13,1308,52097,47712,5291,213352,185,5147,4064,91,11660,542,0.00359551
4,43840.6,35638.6,45504.9,40064,31,1308,52097,47712,5291,213352,185,5147,4064,91,11660,542,0.00359551
4,28421.2,25437.2,36161.2,32371,18,1109,40538,36860,4063,164415,159,4062,3115,56,7970,587,0.00359551
4,33499.8,25437.2,36161.2,32371,24,1109,40538,36860,4063,164415,159,4062,3115,56,7970,587,0.00359551
4,33768.3,25437.2,36161.2,32371,25,1109,40538,36860,4063,164415,159,4062,3115,56,7970,587,0.00359551
4,40734.2,25437.2,36161.2,32371,31,1109,40538,36860,4063,164415,159,4062,3115,56,7970,587,0.00359551
4,16215.7,23399.8,35532.5,31647,9,877,37078,34133,3503,151602,122,3850,3052,67,8940,468,0.00359551
4,26647.4,23399.8,35532.5,31647,15,877,37078,34133,3503,151602,122,3850,3052,67,8940,468,0.00359551
4,41669.9,23399.8,35532.5,31647,11,877,37078,34133,3503,151602,122,3850,3052,67,8940,468,0.00359551
4,42297.6,23399.8,35532.5,31647,33,877,37078,34133,3503,151602,122,3850,3052,67,8940,468,0.00359551
4,6681.95,7534.88,12751.7,11592,5,466,14577,12792,1112,48326,64,1350,1003,6,2700,178,0.00359551
4,21407.4,7534.88,12751.7,11592,13,466,14577,12792,1112,48326,64,1350,1003,6,2700,178,0.00359551
4,24044.7,7534.88,12751.7,11592,7,466,14577,12792,1112,48326,64,1350,1003,6,2700,178,0.00359551
4,24607.3,7534.88,12751.7,11592,19,466,14577,12792,1112,48326,64,1350,1003,6,2700,178,0.00359551
4,11390.8,11454.8,15527.2,13928,5,606,21181,18787,1813,74558,70,1706,1315,13,3160,334,0.00359551
4,16607,11454.8,15527.2,13928,11,606,21181,18787,1813,74558,70,1706,1315,13,3160,334,0.00359551
4,26661.5,11454.8,15527.2,13928,23,606,21181,18787,1813,74558,70,1706,1315,13,3160,334,0.00359551
4,28944.5,11454.8,15527.2,13928,9,606,21181,18787,1813,74558,70,1706,1315,13,3160,334,0.00359551
4,43504.4,54091.2,119474,106083,30,1533,73783,69284,7812,351511,309,11838,9907,263,31334,2094,0.00359551
4,47962.5,54091.2,119474,106083,15,1533,73783,69284,7812,351511,309,11838,9907,263,31334,2094,0.00359551
4,66516.8,54091.2,119474,106083,27,1533,73783,69284,7812,351511,309,11838,9907,263,31334,2094,0.00359551
4,77362.1,54091.2,119474,106083,53,1533,73783,69284,7812,351511,309,11838,9907,263,31334,2094,0.00359551
4,6453.07,13450.6,18905.2,16850,8,586,22146,20324,2153,88281,88,2187,1706,30,4693,359,0.00359551
4,13161,13450.6,18905.2,16850,6,586,22146,20324,2153,88281,88,2187,1706,30,4693,359,0.00359551
4,28548.5,13450.6,18905.2,16850,19,586,22146,20324,2153,88281,88,2187,1706,30,4693,359,0.00359551
4,39464.2,13450.6,18905.2,16850,15,586,22146,20324,2153,88281,88,2187,1706,30,4693,359,0.00359551
4,35340.1,45034,87917.2,77753,30,1389,64688,60780,6911,308553,251,9706,8077,247,24901,1615,0.00359551
4,50554.8,45034,87917.2,77753,11,1389,64688,60780,6911,308553,251,9706,8077,247,24901,1615,0.00359551
4,56553.6,45034,87917.2,77753,28,1389,64688,60780,6911,308553,251,9706,8077,247,24901,1615,0.00359551
4,68837.8,45034,87917.2,77753,57,1389,64688,60780,6911,308553,251,9706,8077,247,24901,1615,0.00359551
4,13844.5,48793.1,46018.4,41297,12,1578,70706,66950,7478,338435,133,4770,3838,64,10388,945,0.00359551
4,40121.7,48793.1,46018.4,41297,28,1578,70706,66950,7478,338435,133,4770,3838,64,10388,945,0.00359551
4,44735.3,48793.1,46018.4,41297,14,1578,70706,66950,7478,338435,133,4770,3838,64,10388,945,0.00359551
4,62337.7,48793.1,46018.4,41297,7,1578,70706,66950,7478,338435,133,4770,3838,64,10388,945,0.00359551
4,19325.6,32756.1,54073,47951,9,1155,50085,46615,5031,219359,164,5880,4722,121,14063,870,0.00359551
4,35788.5,32756.1,54073,47951,22,1155,50085,46615,5031,219359,164,5880,4722,121,14063,870,0.00359551
4,49617.2,32756.1,54073,47951,43,1155,50085,46615,5031,219359,164,5880,4722,121,14063,870,0.00359551
4,50900,32756.1,54073,47951,16,1155,50085,46615,5031,219359,164,5880,4722,121,14063,870,0.00359551
4,9977.04,29150.4,51981.6,46446,10,1107,49565,46037,5313,231218,163,5340,4238,56,13053,949,0.00359551
4,42784.2,29150.4,51981.6,46446,29,1107,49565,46037,5313,231218,163,5340,4238,56,13053,949,0.00359551
4,73607.8,29150.4,51981.6,46446,13,1107,49565,46037,5313,231218,163,5340,4238,56,13053,949,0.00359551
4,74629.3,29150.4,51981.6,46446,18,1107,49565,46037,5313,231218,163,5340,4238,56,13053,949,0.00359551
4,19543.6,17377.6,13330.7,12060,8,716,27149,24948,2635,113205,61,1377,1069,5,2497,298,0.00359551
4,21909.9,17377.6,13330.7,12060,17,716,27149,24948,2635,113205,61,1377,1069,5,2497,298,0.00359551
4,23873,17377.6,13330.7,12060,19,716,27149,24948,2635,113205,61,1377,1069,5,2497,298,0.00359551
4,40039.5,17377.6,13330.7,12060,13,716,27149,24948,2635,113205,61,1377,1069,5,2497,298,0.00359551
4,9134.75,30921.1,55335.1,49678,10,976,44884,41618,4755,206493,164,5610,4568,88,15220,900,0.00359551
4,45087.9,30921.1,55335.1,49678,31,976,44884,41618,4755,206493,164,5610,4568,88,15220,900,0.00359551
4,70195.4,30921.1,55335.1,49678,19,976,44884,41618,4755,206493,164,5610,4568,88,15220,900,0.00359551
4,71216.9,30921.1,55335.1,49678,24,976,44884,41618,4755,206493,164,5610,4568,88,15220,900,0.00359551
4,7067.67,29809.8,29796.2,26535,6,1067,46626,43429,4972,208879,137,3236,2452,41,7384,279,0.00359551
4,7719.13,29809.8,29796.2,26535,4,1067,46626,43429,4972,208879,137,3236,2452,41,7384,279,0.00359551
4,34140.2,29809.8,29796.2,26535,17,1067,46626,43429,4972,208879,137,3236,2452,41,7384,279,0.00359551
4,54305.6,29809.8,29796.2,26535,18,1067,46626,43429,4972,208879,137,3236,2452,41,7384,279,0.00359551
4,3031.81,53579.7,47679.5,42556,4,1548,68633,64641,7394,319889,157,5233,4154,90,11288,855,0.00359551
4,37268.3,53579.7,47679.5,42556,14,1548,68633,64641,7394,319889,157,5233,4154,90,11288,855,0.00359551
4,41210.5,53579.7,47679.5,42556,30,1548,68633,64641,7394,319889,157,5233,4154,90,11288,855,0.00359551
4,58175.4,53579.7,47679.5,42556,9,1548,68633,64641,7394,319889,157,5233,4154,90,11288,855,0.00359551
4,17512.4,53569.3,43245.1,38854,11,1609,72365,68553,7661,350788,137,4611,3669,38,10238,809,0.00359551
4,42855.1,53569.3,43245.1,38854,22,1609,72365,68553,7661,350788,137,4611,3669,38,10238,809,0.00359551
4,45266.7,53569.3,43245.1,38854,7,1609,72365,68553,7661,350788,137,4611,3669,38,10238,809,0.00359551
4,66434.7,53569.3,43245.1,38854,8,1609,72365,68553,7661,350788,137,4611,3669,38,10238,809,0.00359551
4,16509.1,16210.8,20206.6,18025,13,721,27724,25299,2601,109087,83,2327,1785,25,4477,455,0.00359551
4,18527.9,16210.8,20206.6,18025,15,721,27724,25299,2601,109087,83,2327,1785,25,4477,455,0.00359551
4,20301.7,16210.8,20206.6,18025,18,721,27724,25299,2601,109087,83,2327,1785,25,4477,455,0.00359551
4,42263.4,16210.8,20206.6,18025,26,721,27724,25299,2601,109087,83,2327,1785,25,4477,455,0.00359551
4,36596.4,49463.5,72382.4,63640,12,1522,69689,65308,7199,320113,246,8087,6441,123,19768,1081,0.00359551
4,36847.5,49463.5,72382.4,63640,11,1522,69689,65308,7199,320113,246,8087,6441,123,19768,1081,0.00359551
4,61953.1,49463.5,72382.4,63640,15,1522,69689,65308,7199,320113,246,8087,6441,123,19768,1081,0.00359551
4,69173.5,49463.5,72382.4,63640,12,1522,69689,65308,7199,320113,246,8087,6441,123,19768,1081,0.00359551
4,13292.9,14597.3,23123.5,20502,3,672,25156,22798,2224,95047,106,2620,1986,39,5346,372,0.00359551
4,27899.6,14597.3,23123.5,20502,22,672,25156,22798,2224,95047,106,2620,1986,39,5346,372,0.00359551
4,28219.9,14597.3,23123.5,20502,10,672,25156,22798,2224,95047,106,2620,1986,39,5346,372,0.00359551
4,40364.9,14597.3,23123.5,20502,23,672,25156,22798,2224,95047,106,2620,1986,39,5346,372,0.00359551
4,16765,46411.5,44095.4,38761,10,1451,65656,61008,6589,284417,164,5016,4059,99,12149,594,0.00359551
4,25874.4,46411.5,44095.4,38761,25,1451,65656,61008,6589,284417,164,5016,4059,99,12149,594,0.00359551
4,48503.6,46411.5,44095.4,38761,10,1451,65656,61008,6589,284417,164,5016,4059,99,12149,594,0.00359551
4,51420.7,46411.5,44095.4,38761,22,1451,65656,61008,6589,284417,164,5016,4059,99,12149,594,0.00359551
4,25689.7,18449.5,29508,26555,22,890,33097,29883,3206,130135,118,2967,2256,45,5506,486,0.00359551
4,25966.5,18449.5,29508,26555,20,890,33097,29883,3206,130135,118,2967,2256,45,5506,486,0.00359551
4,35327.1,18449.5,29508,26555,33,890,33097,29883,3206,130135,118,2967,2256,45,5506,486,0.00359551
4,37253.1,18449.5,29508,26555,26,890,33097,29883,3206,130135,118,2967,2256,45,5506,486,0.00359551
4,6780.53,25256.9,27147.7,24269,3,953,41683,38789,4418,183841,103,3017,2354,33,6104,520,0.00359551
4,33586.4,25256.9,27147.7,24269,17,953,41683,38789,4418,183841,103,3017,2354,33,6104,520,0.00359551
4,57953.1,25256.9,27147.7,24269,8,953,41683,38789,4418,183841,103,3017,2354,33,6104,520,0.00359551
4,58974.6,25256.9,27147.7,24269,13,953,41683,38789,4418,183841,103,3017,2354,33,6104,520,0.00359551
4,9155.74,34226.2,41640.9,37159,7,1191,54192,50468,5734,248025,155,4233,3273,36,9487,482,0.00359551
4,30677,34226.2,41640.9,37159,20,1191,54192,50468,5734,248025,155,4233,3273,36,9487,482,0.00359551
4,69165.7,34226.2,41640.9,37159,15,1191,54192,50468,5734,248025,155,4233,3273,36,9487,482,0.00359551
4,69436.2,34226.2,41640.9,37159,10,1191,54192,50468,5734,248025,155,4233,3273,36,9487,482,0.00359551
4,24714.3,14669.9,15192.9,13643,4,715,27618,25249,2699,113905,64,1699,1273,7,3004,341,0.00359551
4,34707.6,14669.9,15192.9,13643,13,715,27618,25249,2699,113905,64,1699,1273,7,3004,341,0.00359551
4,40111.2,14669.9,15192.9,13643,8,715,27618,25249,2699,113905,64,1699,1273,7,3004,341,0.00359551
4,41132.7,14669.9,15192.9,13643,13,715,27618,25249,2699,113905,64,1699,1273,7,3004,341,0.00359551
4,17054.7,25968,38552.6,34371,9,901,37937,35007,3645,156441,125,4200,3348,94,9736,562,0.00359551
4,27680.3,25968,38552.6,34371,17,901,37937,35007,3645,156441,125,4200,3348,94,9736,562,0.00359551
4,42535.2,25968,38552.6,34371,15,901,37937,35007,3645,156441,125,4200,3348,94,9736,562,0.00359551
4,43369.7,25968,38552.6,34371,32,901,37937,35007,3645,156441,125,4200,3348,94,9736,562,0.00359551
4,53520.7,51194.4,132326,118616,43,1494,73545,68931,7974,358088,299,12894,10972,346,31431,3011,0.00359551
4,56810.1,51194.4,132326,118616,27,1494,73545,68931,7974,358088,299,12894,10972,346,31431,3011,0.00359551
4,76109.9,51194.4,132326,118616,35,1494,73545,68931,7974,358088,299,12894,10972,346,31431,3011,0.00359551
4,84649.7,51194.4,132326,118616,3,1494,73545,68931,7974,358088,299,12894,10972,346,31431,3011,0.00359551
4,23576.3,21695,43525,39020,19,834,33320,30809,3318,137639,138,4955,4071,88,11330,885,0.00359551
4,25000.3,21695,43525,39020,22,834,33320,30809,3318,137639,138,4955,4071,88,11330,885,0.00359551
4,37875.6,21695,43525,39020,26,834,33320,30809,3318,137639,138,4955,4071,88,11330,885,0.00359551
4,43452.1,21695,43525,39020,30,834,33320,30809,3318,137639,138,4955,4071,88,11330,885,0.00359551
4,31705.2,37433.5,99784.6,88149,12,1184,54634,51067,5797,257059,274,10724,9029,267,29364,1755,0.00359551
4,44272,37433.5,99784.6,88149,36,1184,54634,51067,5797,257059,274,10724,9029,267,29364,1755,0.00359551
4,57563.6,37433.5,99784.6,88149,32,1184,54634,51067,5797,257059,274,10724,9029,267,29364,1755,0.00359551
4,61505.5,37433.5,99784.6,88149,41,1184,54634,51067,5797,257059,274,10724,9029,267,29364,1755,0.00359551
4,30577.5,50711.3,56380.5,50316,30,1571,75150,71092,8076,372792,205,5996,4794,34,12626,1172,0.00359551
4,49615,50711.3,56380.5,50316,10,1571,75150,71092,8076,372792,205,5996,4794,34,12626,1172,0.00359551
4,53811.3,50711.3,56380.5,50316,17,1571,75150,71092,8076,372792,205,5996,4794,34,12626,1172,0.00359551
4,76063.2,50711.3,56380.5,50316,13,1571,75150,71092,8076,372792,205,5996,4794,34,12626,1172,0.00359551
4,11141.6,43737.2,41373.7,37162,7,1440,62095,57520,6278,267305,142,4210,3351,59,9284,812,0.00359551
4,30592.5,43737.2,41373.7,37162,20,1440,62095,57520,6278,267305,142,4210,3351,59,9284,812,0.00359551
4,47360.1,43737.2,41373.7,37162,28,1440,62095,57520,6278,267305,142,4210,3351,59,9284,812,0.00359551
4,49986.7,43737.2,41373.7,37162,5,1440,62095,57520,6278,267305,142,4210,3351,59,9284,812,0.00359551
4,35718.5,50966.6,83650.3,73026,14,1543,71327,66852,7387,330164,287,9594,7760,209,25951,1072,0.00359551
4,36387.8,50966.6,83650.3,73026,11,1543,71327,66852,7387,330164,287,9594,7760,209,25951,1072,0.00359551
4,61029.8,50966.6,83650.3,73026,15,1543,71327,66852,7387,330164,287,9594,7760,209,25951,1072,0.00359551
4,69209.3,50966.6,83650.3,73026,30,1543,71327,66852,7387,330164,287,9594,7760,209,25951,1072,0.00359551
4,9368.08,46997.3,75365.3,66075,9,1516,66088,61931,7109,302510,278,8651,7010,212,22820,974,0.00359551
4,27279,46997.3,75365.3,66075,15,1516,66088,61931,7109,302510,278,8651,7010,212,22820,974,0.00359551
4,50199.4,46997.3,75365.3,66075,36,1516,66088,61931,7109,302510,278,8651,7010,212,22820,974,0.00359551
4,61702,46997.3,75365.3,66075,41,1516,66088,61931,7109,302510,278,8651,7010,212,22820,974,0.00359551
4,40716.3,45839.6,73664.4,65737,29,1436,66703,62469,6848,312847,210,7496,6111,100,17973,1379,0.00359551
4,46833.3,45839.6,73664.4,65737,13,1436,66703,62469,6848,312847,210,7496,6111,100,17973,1379,0.00359551
4,67063.3,45839.6,73664.4,65737,5,1436,66703,62469,6848,312847,210,7496,6111,100,17973,1379,0.00359551
4,72488.8,45839.6,73664.4,65737,16,1436,66703,62469,6848,312847,210,7496,6111,100,17973,1379,0.00359551
4,55653.3,48561.5,144857,128342,41,1395,66814,62422,7044,321980,382,14317,11962,335,40012,2268,0.00359551
4,58850.8,48561.5,144857,128342,30,1395,66814,62422,7044,321980,382,14317,11962,335,40012,2268,0.00359551
4,80960.9,48561.5,144857,128342,25,1395,66814,62422,7044,321980,382,14317,11962,335,40012,2268,0.00359551
4,82681.4,48561.5,144857,128342,30,1395,66814,62422,7044,321980,382,14317,11962,335,40012,2268,0.00359551
4,11533.2,14825.2,19105.2,16966,12,695,25818,23497,2364,98131,89,2302,1782,32,4706,399,0.00359551
4,17980.4,14825.2,19105.2,16966,14,695,25818,23497,2364,98131,89,2302,1782,32,4706,399,0.00359551
4,22711.2,14825.2,19105.2,16966,18,695,25818,23497,2364,98131,89,2302,1782,32,4706,399,0.00359551
4,38561.5,14825.2,19105.2,16966,24,695,25818,23497,2364,98131,89,2302,1782,32,4706,399,0.00359551
4,8165,29884.1,19721.8,17389,7,1035,44941,41842,4740,200420,100,2494,1893,38,5328,269,0.00359551
4,9316.29,29884.1,19721.8,17389,5,1035,44941,41842,4740,200420,100,2494,1893,38,5328,269,0.00359551
4,32610,29884.1,19721.8,17389,17,1035,44941,41842,4740,200420,100,2494,1893,38,5328,269,0.00359551
4,52777.9,29884.1,19721.8,17389,19,1035,44941,41842,4740,200420,100,2494,1893,38,5328,269,0.00359551
4,17037.6,10379.3,19902.5,17639,11,557,20467,18469,1823,77261,104,2394,1836,25,4627,475,0.00359551
4,31125.5,10379.3,19902.5,17639,24,557,20467,18469,1823,77261,104,2394,1836,25,4627,475,0.00359551
4,33088.5,10379.3,19902.5,17639,26,557,20467,18469,1823,77261,104,2394,1836,25,4627,475,0.00359551
4,36454.3,10379.3,19902.5,17639,29,557,20467,18469,1823,77261,104,2394,1836,25,4627,475,0.00359551
4,22566,18004.3,17542.9,15727,7,736,29035,26602,2951,120957,73,2037,1550,14,3772,422,0.00359551
4,36058.5,18004.3,17542.9,15727,11,736,29035,26602,2951,120957,73,2037,1550,14,3772,422,0.00359551
4,42926.3,18004.3,17542.9,15727,10,736,29035,26602,2951,120957,73,2037,1550,14,3772,422,0.00359551
4,43947.8,18004.3,17542.9,15727,15,736,29035,26602,2951,120957,73,2037,1550,14,3772,422,0.00359551
4,26318.7,43199.2,50892.9,44826,9,1409,63845,59850,6588,289025,186,5642,4542,121,13738,729,0.00359551
4,33005.6,43199.2,50892.9,44826,6,1409,63845,59850,6588,289025,186,5642,4542,121,13738,729,0.00359551
4,51927.6,43199.2,50892.9,44826,11,1409,63845,59850,6588,289025,186,5642,4542,121,13738,729,0.00359551
4,59809.5,43199.2,50892.9,44826,25,1409,63845,59850,6588,289025,186,5642,4542,121,13738,729,0.00359551
4,26649.9,13018.2,52305.3,47031,22,552,23173,21396,2240,95168,152,5175,4180,63,11150,1044,0.00359551
4,29994.5,13018.2,52305.3,47031,13,552,23173,21396,2240,95168,152,5175,4180,63,11150,1044,0.00359551
4,47482.2,13018.2,52305.3,47031,34,552,23173,21396,2240,95168,152,5175,4180,63,11150,1044,0.00359551
4,49881.5,13018.2,52305.3,47031,17,552,23173,21396,2240,95168,152,5175,4180,63,11150,1044,0.00359551
4,2345.52,26484,22071,19506,4,1017,42610,38735,4121,169558,99,2767,2156,41,5684,412,0.00359551
4,27128.6,26484,22071,19506,5,1017,42610,38735,4121,169558,99,2767,2156,41,5684,412,0.00359551
4,35997.1,26484,22071,19506,32,1017,42610,38735,4121,169558,99,2767,2156,41,5684,412,0.00359551
4,40700.1,26484,22071,19506,21,1017,42610,38735,4121,169558,99,2767,2156,41,5684,412,0.00359551
4,12453.8,10486.5,24145.2,21769,7,538,19252,17712,1711,76717,88,2451,1929,26,4851,474,0.00359551
4,22251.2,10486.5,24145.2,21769,15,538,19252,17712,1711,76717,88,2451,1929,26,4851,474,0.00359551
4,30965.2,10486.5,24145.2,21769,25,538,19252,17712,1711,76717,88,2451,1929,26,4851,474,0.00359551
4,32966.8,10486.5,24145.2,21769,8,538,19252,17712,1711,76717,88,2451,1929,26,4851,474,0.00359551
4,32622.7,35396.5,115320,102000,15,1196,54089,50590,5742,254406,324,11804,9813,276,31738,1625,0.00359551
4,46521.6,35396.5,115320,102000,37,1196,54089,50590,5742,254406,324,11804,9813,276,31738,1625,0.00359551
4,60196.4,35396.5,115320,102000,31,1196,54089,50590,5742,254406,324,11804,9813,276,31738,1625,0.00359551
4,61730.9,35396.5,115320,102000,28,1196,54089,50590,5742,254406,324,11804,9813,276,31738,1625,0.00359551
4,25157,23717.7,31869.9,28765,15,976,37336,33692,3651,145176,139,3415,2625,61,7409,420,0.00359551
4,37302.9,23717.7,31869.9,28765,32,976,37336,33692,3651,145176,139,3415,2625,61,7409,420,0.00359551
4,37579.7,23717.7,31869.9,28765,30,976,37336,33692,3651,145176,139,3415,2625,61,7409,420,0.00359551
4,38110.9,23717.7,31869.9,28765,12,976,37336,33692,3651,145176,139,3415,2625,61,7409,420,0.00359551
4,8484.34,49678.3,68482.5,61021,7,1610,71833,67848,7765,346369,226,6856,5495,130,16801,934,0.00359551
4,31349.7,49678.3,68482.5,61021,11,1610,71833,67848,7765,346369,226,6856,5495,130,16801,934,0.00359551
4,49159.4,49678.3,68482.5,61021,32,1610,71833,67848,7765,346369,226,6856,5495,130,16801,934,0.00359551
4,65644,49678.3,68482.5,61021,16,1610,71833,67848,7765,346369,226,6856,5495,130,16801,934,0.00359551
4,10744.5,28189.4,41887,36607,10,1103,45903,42703,4813,204823,182,5013,3888,138,12301,420,0.00359551
4,11060.8,28189.4,41887,36607,9,1103,45903,42703,4813,204823,182,5013,3888,138,12301,420,0.00359551
4,35174.8,28189.4,41887,36607,19,1103,45903,42703,4813,204823,182,5013,3888,138,12301,420,0.00359551
4,51748.9,28189.4,41887,36607,31,1103,45903,42703,4813,204823,182,5013,3888,138,12301,420,0.00359551
4,19275,21472.9,26204,23331,7,947,35794,31959,3363,133624,92,2872,2265,34,6384,331,0.00359551
4,28995.7,21472.9,26204,23331,20,947,35794,31959,3363,133624,92,2872,2265,34,6384,331,0.00359551
4,29270,21472.9,26204,23331,2,947,35794,31959,3363,133624,92,2872,2265,34,6384,331,0.00359551
4,36908.6,21472.9,26204,23331,20,947,35794,31959,3363,133624,92,2872,2265,34,6384,331,0.00359551
4,6482.15,12861.2,16221,14557,10,584,23897,21816,2281,95563,66,1764,1368,17,3148,371,0.00359551
4,16511.3,12861.2,16221,14557,3,584,23897,21816,2281,95563,66,1764,1368,17,3148,371,0.00359551
4,27421.9,12861.2,16221,14557,23,584,23897,21816,2281,95563,66,1764,1368,17,3148,371,0.00359551
4,42375.5,12861.2,16221,14557,5,584,23897,21816,2281,95563,66,1764,1368,17,3148,371,0.00359551
4,17966.2,43522.8,86368.8,75856,5,1420,64544,60434,6941,300411,322,9617,7868,203,25424,1119,0.00359551
4,20192.7,43522.8,86368.8,75856,18,1420,64544,60434,6941,300411,322,9617,7868,203,25424,1119,0.00359551
4,61152.9,43522.8,86368.8,75856,40,1420,64544,60434,6941,300411,322,9617,7868,203,25424,1119,0.00359551
4,68379.2,43522.8,86368.8,75856,29,1420,64544,60434,6941,300411,322,9617,7868,203,25424,1119,0.00359551
4,20447.8,60420.4,80612.8,70330,7,1652,77167,73002,8613,385540,289,9392,7604,192,24990,1080,0.00359551
4,30818.3,60420.4,80612.8,70330,12,1652,77167,73002,8613,385540,289,9392,7604,192,24990,1080,0.00359551
4,59239,60420.4,80612.8,70330,32,1652,77167,73002,8613,385540,289,9392,7604,192,24990,1080,0.00359551
4,77607.1,60420.4,80612.8,70330,16,1652,77167,73002,8613,385540,289,9392,7604,192,24990,1080,0.00359551
4,6139.86,28986.8,6409.3,5654,9,1028,47295,43931,5071,215312,39,812,605,0,1273,165,0.00359551
4,7320.02,28986.8,6409.3,5654,6,1028,47295,43931,5071,215312,39,812,605,0,1273,165,0.00359551
4,43350.6,28986.8,6409.3,5654,8,1028,47295,43931,5071,215312,39,812,605,0,1273,165,0.00359551
4,63846.9,28986.8,6409.3,5654,6,1028,47295,43931,5071,215312,39,812,605,0,1273,165,0.00359551
4,13522.4,10942.8,14043.5,12688,4,610,21638,19500,1852,80230,62,1459,1144,4,2296,374,0.00359551
4,26845,10942.8,14043.5,12688,10,610,21638,19500,1852,80230,62,1459,1144,4,2296,374,0.00359551
4,28808,10942.8,14043.5,12688,12,610,21638,19500,1852,80230,62,1459,1144,4,2296,374,0.00359551
4,33900.4,10942.8,14043.5,12688,13,610,21638,19500,1852,80230,62,1459,1144,4,2296,374,0.00359551
4,9161.19,42559.2,61288.2,54361,8,1462,60748,56698,6311,271687,217,6830,5414,127,15382,832,0.00359551
4,35847.8,42559.2,61288.2,54361,28,1462,60748,56698,6311,271687,217,6830,5414,127,15382,832,0.00359551
4,40181.4,42559.2,61288.2,54361,21,1462,60748,56698,6311,271687,217,6830,5414,127,15382,832,0.00359551
4,52280.7,42559.2,61288.2,54361,14,1462,60748,56698,6311,271687,217,6830,5414,127,15382,832,0.00359551
4,911.071,49321.7,51711.5,45767,2,1521,67481,63366,7254,309024,163,5457,4351,97,12213,883,0.00359551
4,37230.3,49321.7,51711.5,45767,23,1521,67481,63366,7254,309024,163,5457,4351,97,12213,883,0.00359551
4,40589.4,49321.7,51711.5,45767,27,1521,67481,63366,7254,309024,163,5457,4351,97,12213,883,0.00359551
4,57142.6,49321.7,51711.5,45767,11,1521,67481,63366,7254,309024,163,5457,4351,97,12213,883,0.00359551
4,17918.6,15198.6,11285,10099,5,714,26809,24639,2472,111450,53,1288,1017,7,2250,291,0.00359551
4,22202,15198.6,11285,10099,13,714,26809,24639,2472,111450,53,1288,1017,7,2250,291,0.00359551
4,24165,15198.6,11285,10099,15,714,26809,24639,2472,111450,53,1288,1017,7,2250,291,0.00359551
4,38512.6,15198.6,11285,10099,7,714,26809,24639,2472,111450,53,1288,1017,7,2250,291,0.00359551
4,29706.5,28250.5,70904.5,62591,12,982,43445,40270,4341,189493,199,7571,6354,203,19106,1289,0.00359551
4,35932.5,28250.5,70904.5,62591,24,982,43445,40270,4341,189493,199,7571,6354,203,19106,1289,0.00359551
4,47691.1,28250.5,70904.5,62591,27,982,43445,40270,4341,189493,199,7571,6354,203,19106,1289,0.00359551
4,54216.1,28250.5,70904.5,62591,32,982,43445,40270,4341,189493,199,7571,6354,203,19106,1289,0.00359551
4,6607.81,26789.2,20107.1,18033,5,940,39188,35697,3660,154821,82,2246,1786,23,4213,504,0.00359551
4,21803.2,26789.2,20107.1,18033,5,940,39188,35697,3660,154821,82,2246,1786,23,4213,504,0.00359551
4,32631.6,26789.2,20107.1,18033,29,940,39188,35697,3660,154821,82,2246,1786,23,4213,504,0.00359551
4,39360.7,26789.2,20107.1,18033,9,940,39188,35697,3660,154821,82,2246,1786,23,4213,504,0.00359551
4,19612.6,17949,18776.5,16715,15,749,30492,28116,3069,130950,64,2199,1722,17,3875,485,0.00359551
4,21478,17949,18776.5,16715,19,749,30492,28116,3069,130950,64,2199,1722,17,3875,485,0.00359551
4,28219.5,17949,18776.5,16715,12,749,30492,28116,3069,130950,64,2199,1722,17,3875,485,0.00359551
4,48499.2,17949,18776.5,16715,24,749,30492,28116,3069,130950,64,2199,1722,17,3875,485,0.00359551
4,12837.9,40022.9,67371.6,59877,11,1366,55589,51830,5782,243916,230,6685,5364,151,15014,880,0.00359551
4,35589,40022.9,67371.6,59877,30,1366,55589,51830,5782,243916,230,6685,5364,151,15014,880,0.00359551
4,41389.2,40022.9,67371.6,59877,22,1366,55589,51830,5782,243916,230,6685,5364,151,15014,880,0.00359551
4,49558.6,40022.9,67371.6,59877,32,1366,55589,51830,5782,243916,230,6685,5364,151,15014,880,0.00359551
4,4134.53,12503.3,20498.7,18151,5,636,22746,20569,1870,81715,98,2497,1929,46,5546,256,0.00359551
4,18095,12503.3,20498.7,18151,5,636,22746,20569,1870,81715,98,2497,1929,46,5546,256,0.00359551
4,30335.4,12503.3,20498.7,18151,27,636,22746,20569,1870,81715,98,2497,1929,46,5546,256,0.00359551
4,31956.1,12503.3,20498.7,18151,25,636,22746,20569,1870,81715,98,2497,1929,46,5546,256,0.00359551
4,10011.4,21913.5,6984.69,6170,8,872,36289,33652,3904,158904,39,859,637,0,1302,202,0.00359551
4,11974.4,21913.5,6984.69,6170,10,872,36289,33652,3904,158904,39,859,637,0,1302,202,0.00359551
4,29337.7,21913.5,6984.69,6170,5,872,36289,33652,3904,158904,39,859,637,0,1302,202,0.00359551
4,49880.1,21913.5,6984.69,6170,7,872,36289,33652,3904,158904,39,859,637,0,1302,202,0.00359551
4,21788.6,21004,44307.4,39142,18,847,34295,31716,3419,142194,134,4954,4055,103,11518,821,0.00359551
4,24965.1,21004,44307.4,39142,22,847,34295,31716,3419,142194,134,4954,4055,103,11518,821,0.00359551
4,39001.4,21004,44307.4,39142,23,847,34295,31716,3419,142194,134,4954,4055,103,11518,821,0.00359551
4,43248.7,21004,44307.4,39142,30,847,34295,31716,3419,142194,134,4954,4055,103,11518,821,0.00359551
4,18739.1,28707.3,30624.6,27237,17,1118,46328,43189,4752,204044,126,3304,2560,44,7283,411,0.00359551
4,21121.2,28707.3,30624.6,27237,2,1118,46328,43189,4752,204044,126,3304,2560,44,7283,411,0.00359551
4,52956.8,28707.3,30624.6,27237,18,1118,46328,43189,4752,204044,126,3304,2560,44,7283,411,0.00359551
4,53219.2,28707.3,30624.6,27237,13,1118,46328,43189,4752,204044,126,3304,2560,44,7283,411,0.00359551
4,16939.8,58118.2,79864.8,69695,14,1537,69425,65367,7443,331587,298,9054,7430,283,24521,964,0.00359551
4,22277.7,58118.2,79864.8,69695,4,1537,69425,65367,7443,331587,298,9054,7430,283,24521,964,0.00359551
4,57614.9,58118.2,79864.8,69695,39,1537,69425,65367,7443,331587,298,9054,7430,283,24521,964,0.00359551
4,69555.6,58118.2,79864.8,69695,30,1537,69425,65367,7443,331587,298,9054,7430,283,24521,964,0.00359551
4,29357.5,38410.3,97997,86152,12,1185,53431,49914,5659,248090,262,10220,8604,237,27629,1674,0.00359551
4,41951.2,38410.3,97997,86152,33,1185,53431,49914,5659,248090,262,10220,8604,237,27629,1674,0.00359551
4,55765.4,38410.3,97997,86152,39,1185,53431,49914,5659,248090,262,10220,8604,237,27629,1674,0.00359551
4,59073.4,38410.3,97997,86152,42,1185,53431,49914,5659,248090,262,10220,8604,237,27629,1674,0.00359551
4,30202.7,17217,40527.9,36333,16,651,25547,23074,2512,103961,110,3945,3192,53,8616,768,0.00359551
4,39924.6,17217,40527.9,36333,20,651,25547,23074,2512,103961,110,3945,3192,53,8616,768,0.00359551
4,40946.1,17217,40527.9,36333,25,651,25547,23074,2512,103961,110,3945,3192,53,8616,768,0.00359551
4,42437.8,17217,40527.9,36333,16,651,25547,23074,2512,103961,110,3945,3192,53,8616,768,0.00359551
4,7719.67,28772.7,54599.4,48373,6,999,45044,41795,4736,205808,174,5682,4600,80,14716,944,0.00359551
4,43672.8,28772.7,54599.4,48373,27,999,45044,41795,4736,205808,174,5682,4600,80,14716,944,0.00359551
4,69510,28772.7,54599.4,48373,14,999,45044,41795,4736,205808,174,5682,4600,80,14716,944,0.00359551
4,70531.5,28772.7,54599.4,48373,19,999,45044,41795,4736,205808,174,5682,4600,80,14716,944,0.00359551
4,16028.5,35085.1,32990.9,29261,8,1236,53878,49663,5384,224661,127,3650,2901,47,8005,538,0.00359551
4,27481,35085.1,32990.9,29261,21,1236,53878,49663,5384,224661,127,3650,2901,47,8005,538,0.00359551
4,42478.2,35085.1,32990.9,29261,11,1236,53878,49663,5384,224661,127,3650,2901,47,8005,538,0.00359551
4,45959.2,35085.1,32990.9,29261,17,1236,53878,49663,5384,224661,127,3650,2901,47,8005,538,0.00359551
4,18756.7,20041.1,13232.9,11906,6,865,34773,32136,3572,148656,61,1480,1118,0,2417,274,0.00359551
4,30207.5,20041.1,13232.9,11906,5,865,34773,32136,3572,148656,61,1480,1118,0,2417,274,0.00359551
4,46069.9,20041.1,13232.9,11906,3,865,34773,32136,3572,148656,61,1480,1118,0,2417,274,0.00359551
4,47084.9,20041.1,13232.9,11906,8,865,34773,32136,3572,148656,61,1480,1118,0,2417,274,0.00359551
