K,dist,cost_ki,cost_hi,h_cost,vnum,gen_ki,push_ki,pop_ki,prune_ki,suc_call_ki,gen_hi,push_hi,pop_hi,prune_hi,suc_call_hi,reevaluate,density
4,36689.9,30476.8,60035.3,54806,27,1075,44358,41280,4556,195187,123,4853,4081,83,8741,1398,0.00449438
4,40789.3,30476.8,60035.3,54806,28,1075,44358,41280,4556,195187,123,4853,4081,83,8741,1398,0.00449438
4,44068.8,30476.8,60035.3,54806,33,1075,44358,41280,4556,195187,123,4853,4081,83,8741,1398,0.00449438
4,57192.2,30476.8,60035.3,54806,8,1075,44358,41280,4556,195187,123,4853,4081,83,8741,1398,0.00449438
4,16222.2,18979.7,52298.5,47601,9,764,31693,28864,2909,121447,127,4430,3507,75,10027,621,0.00449438
4,27011,18979.7,52298.5,47601,27,764,31693,28864,2909,121447,127,4430,3507,75,10027,621,0.00449438
4,34320.6,18979.7,52298.5,47601,20,764,31693,28864,2909,121447,127,4430,3507,75,10027,621,0.00449438
4,38732.5,18979.7,52298.5,47601,36,764,31693,28864,2909,121447,127,4430,3507,75,10027,621,0.00449438
4,16935.3,27179.2,54844,50062,10,1062,42685,39626,4251,187297,144,4565,3709,73,10142,872,0.00449438
4,40008.9,27179.2,54844,50062,18,1062,42685,39626,4251,187297,144,4565,3709,73,10142,872,0.00449438
4,48773.9,27179.2,54844,50062,32,1062,42685,39626,4251,187297,144,4565,3709,73,10142,872,0.00449438
4,51423.4,27179.2,54844,50062,18,1062,42685,39626,4251,187297,144,4565,3709,73,10142,872,0.00449438
4,22397.1,10935.3,22015.9,20261,23,502,19732,17359,1612,68031,67,1918,1463,28,3646,362,0.00449438
4,26161.6,10935.3,22015.9,20261,4,502,19732,17359,1612,68031,67,1918,1463,28,3646,362,0.00449438
4,26593.5,10935.3,22015.9,20261,24,502,19732,17359,1612,68031,67,1918,1463,28,3646,362,0.00449438
4,28170.2,10935.3,22015.9,20261,6,502,19732,17359,1612,68031,67,1918,1463,28,3646,362,0.00449438
4,11101.5,18098,23920.4,21904,12,842,32328,29282,2805,121089,81,2154,1675,9,4051,404,0.00449438
4,23049.6,18098,23920.4,21904,9,842,32328,29282,2805,121089,81,2154,1675,9,4051,404,0.00449438
4,26934.1,18098,23920.4,21904,17,842,32328,29282,2805,121089,81,2154,1675,9,4051,404,0.00449438
4,36108.8,18098,23920.4,21904,14,842,32328,29282,2805,121089,81,2154,1675,9,4051,404,0.00449438
4,31890.3,32806.6,97669.1,88557,13,1149,48431,45080,5155,220761,244,8469,7047,204,20119,1640,0.00449438
4,50335.8,32806.6,97669.1,88557,29,1149,48431,45080,5155,220761,244,8469,7047,204,20119,1640,0.00449438
4,60944.3,32806.6,97669.1,88557,24,1149,48431,45080,5155,220761,244,8469,7047,204,20119,1640,0.00449438
4,63298.9,32806.6,97669.1,88557,34,1149,48431,45080,5155,220761,244,8469,7047,204,20119,1640,0.00449438
4,6216.38,1137.37,3409.62,3176,5,113,2426,1947,105,6268,24,318,226,0,436,65,0.00449438
4,8002.54,1137.37,3409.62,3176,6,113,2426,1947,105,6268,24,318,226,0,436,65,0.00449438
4,10730.8,1137.37,3409.62,3176,7,113,2426,1947,105,6268,24,318,226,0,436,65,0.00449438
4,11294.1,1137.37,3409.62,3176,6,113,2426,1947,105,6268,24,318,226,0,436,65,0.00449438
4,29792.4,21689.1,35120,32613,15,858,34472,31980,3456,145468,71,2589,2126,14,3885,940,0.00449438
4,32503,21689.1,35120,32613,29,858,34472,31980,3456,145468,71,2589,2126,14,3885,940,0.00449438
4,38758.4,21689.1,35120,32613,18,858,34472,31980,3456,145468,71,2589,2126,14,3885,940,0.00449438
4,46059.5,21689.1,35120,32613,4,858,34472,31980,3456,145468,71,2589,2126,14,3885,940,0.00449438
4,8234.2,8773.87,13005.1,11946,5,526,17315,15105,1446,58469,57,1162,872,10,2077,216,0.00449438
4,19460.3,8773.87,13005.1,11946,7,526,17315,15105,1446,58469,57,1162,872,10,2077,216,0.00449438
4,21218,8773.87,13005.1,11946,11,526,17315,15105,1446,58469,57,1162,872,10,2077,216,0.00449438
4,26847,8773.87,13005.1,11946,21,526,17315,15105,1446,58469,57,1162,872,10,2077,216,0.00449438
4,22090.5,21771.1,50741.1,46184,8,818,36012,33218,3569,151995,113,4455,3674,89,9889,824,0.00449438
4,22817.5,21771.1,50741.1,46184,7,818,36012,33218,3569,151995,113,4455,3674,89,9889,824,0.00449438
4,43624.4,21771.1,50741.1,46184,28,818,36012,33218,3569,151995,113,4455,3674,89,9889,824,0.00449438
4,49714.4,21771.1,50741.1,46184,34,818,36012,33218,3569,151995,113,4455,3674,89,9889,824,0.00449438
4,43243.2,38612.5,72563.2,65548,10,1227,56412,52703,5985,272100,207,6354,5161,189,15810,950,0.00449438
4,44013.7,38612.5,72563.2,65548,11,1227,56412,52703,5985,272100,207,6354,5161,189,15810,950,0.00449438
4,47990.3,38612.5,72563.2,65548,15,1227,56412,52703,5985,272100,207,6354,5161,189,15810,950,0.00449438
4,63125.1,38612.5,72563.2,65548,50,1227,56412,52703,5985,272100,207,6354,5161,189,15810,950,0.00449438
4,26539.6,31183.8,31768.9,28863,4,1119,44687,40883,4552,189609,114,2984,2329,45,6018,477,0.00449438
4,30804.4,31183.8,31768.9,28863,22,1119,44687,40883,4552,189609,114,2984,2329,45,6018,477,0.00449438
4,34574.5,31183.8,31768.9,28863,23,1119,44687,40883,4552,189609,114,2984,2329,45,6018,477,0.00449438
4,46660.4,31183.8,31768.9,28863,47,1119,44687,40883,4552,189609,114,2984,2329,45,6018,477,0.00449438
4,25715.8,21666.3,36199.8,33397,16,917,36808,34173,3723,159057,118,3109,2493,58,5100,899,0.00449438
4,30522.3,21666.3,36199.8,33397,16,917,36808,34173,3723,159057,118,3109,2493,58,5100,899,0.00449438
4,40456,21666.3,36199.8,33397,28,917,36808,34173,3723,159057,118,3109,2493,58,5100,899,0.00449438
4,43141.3,21666.3,36199.8,33397,25,917,36808,34173,3723,159057,118,3109,2493,58,5100,899,0.00449438
4,46696.7,33269.6,120349,110465,22,1172,52248,48516,5624,243935,259,9746,8246,258,21648,2658,0.00449438
4,61112,33269.6,120349,110465,53,1172,52248,48516,5624,243935,259,9746,8246,258,21648,2658,0.00449438
4,70578.7,33269.6,120349,110465,56,1172,52248,48516,5624,243935,259,9746,8246,258,21648,2658,0.00449438
4,73334.4,33269.6,120349,110465,61,1172,52248,48516,5624,243935,259,9746,8246,258,21648,2658,0.00449438
4,32237.9,29131.1,100687,91783,20,897,43456,40437,4564,197353,226,8389,6913,136,19176,1630,0.00449438
4,48645.8,29131.1,100687,91783,24,897,43456,40437,4564,197353,226,8389,6913,136,19176,1630,0.00449438
4,60620.2,29131.1,100687,91783,10,897,43456,40437,4564,197353,226,8389,6913,136,19176,1630,0.00449438
4,70074.1,29131.1,100687,91783,40,897,43456,40437,4564,197353,226,8389,6913,136,19176,1630,0.00449438
4,19720.3,9151,28059.3,25804,10,506,17351,15134,1424,59518,82,2487,1897,22,5072,370,0.00449438
4,23162.3,9151,28059.3,25804,22,506,17351,15134,1424,59518,82,2487,1897,22,5072,370,0.00449438
4,23569.9,9151,28059.3,25804,15,506,17351,15134,1424,59518,82,2487,1897,22,5072,370,0.00449438
4,26726.1,9151,28059.3,25804,23,506,17351,15134,1424,59518,82,2487,1897,22,5072,370,0.00449438
4,45173.3,30117.9,76101.8,69790,7,1018,45537,42245,4909,206394,174,6080,5039,131,12085,1624,0.00449438
4,53444.7,30117.9,76101.8,69790,38,1018,45537,42245,4909,206394,174,6080,5039,131,12085,1624,0.00449438
4,62269.2,30117.9,76101.8,69790,44,1018,45537,42245,4909,206394,174,6080,5039,131,12085,1624,0.00449438
4,65024.9,30117.9,76101.8,69790,49,1018,45537,42245,4909,206394,174,6080,5039,131,12085,1624,0.00449438
4,11502.8,17125.1,11363.8,10395,16,798,29402,26548,2597,108432,46,992,770,4,1849,202,0.00449438
4,21715.7,17125.1,11363.8,10395,4,798,29402,26548,2597,108432,46,992,770,4,1849,202,0.00449438
4,33580.9,17125.1,11363.8,10395,5,798,29402,26548,2597,108432,46,992,770,4,1849,202,0.00449438
4,34678.8,17125.1,11363.8,10395,9,798,29402,26548,2597,108432,46,992,770,4,1849,202,0.00449438
4,19055.3,25098.7,84131.5,75360,10,872,38889,36219,4004,168367,206,7018,5736,170,19103,515,0.00449438
4,34677.5,25098.7,84131.5,75360,13,872,38889,36219,4004,168367,206,7018,5736,170,19103,515,0.00449438
4,55728.2,25098.7,84131.5,75360,32,872,38889,36219,4004,168367,206,7018,5736,170,19103,515,0.00449438
4,56013.6,25098.7,84131.5,75360,22,872,38889,36219,4004,168367,206,7018,5736,170,19103,515,0.00449438
4,7639.33,29861.9,30828.1,28348,4,1053,43040,39646,3921,177251,82,2518,1986,5,4575,570,0.00449438
4,34624,29861.9,30828.1,28348,31,1053,43040,39646,3921,177251,82,2518,1986,5,4575,570,0.00449438
4,38542,29861.9,30828.1,28348,13,1053,43040,39646,3921,177251,82,2518,1986,5,4575,570,0.00449438
4,48781.6,29861.9,30828.1,28348,7,1053,43040,39646,3921,177251,82,2518,1986,5,4575,570,0.00449438
4,24020.5,32491.7,134891,120295,4,1051,48805,45467,5435,219387,354,12309,10346,372,35809,1359,0.00449438
4,33761.8,32491.7,134891,120295,23,1051,48805,45467,5435,219387,354,12309,10346,372,35809,1359,0.00449438
4,58999,32491.7,134891,120295,35,1051,48805,45467,5435,219387,354,12309,10346,372,35809,1359,0.00449438
4,64732.6,32491.7,134891,120295,29,1051,48805,45467,5435,219387,354,12309,10346,372,35809,1359,0.00449438
4,6974.88,22889.1,85641.3,77259,5,899,37866,35198,3744,160802,211,6768,5466,148,17311,938,0.00449438
4,37209.2,22889.1,85641.3,77259,24,899,37866,35198,3744,160802,211,6768,5466,148,17311,938,0.00449438
4,39175.9,22889.1,85641.3,77259,28,899,37866,35198,3744,160802,211,6768,5466,148,17311,938,0.00449438
4,46942.7,22889.1,85641.3,77259,20,899,37866,35198,3744,160802,211,6768,5466,148,17311,938,0.00449438
4,14940.7,11164.8,11936.3,11121,11,368,12069,10461,867,38416,39,922,718,6,1180,263,0.00449438
4,18930.9,11164.8,11936.3,11121,7,368,12069,10461,867,38416,39,922,718,6,1180,263,0.00449438
4,20442.5,11164.8,11936.3,11121,10,368,12069,10461,867,38416,39,922,718,6,1180,263,0.00449438
4,22791.1,11164.8,11936.3,11121,8,368,12069,10461,867,38416,39,922,718,6,1180,263,0.00449438
4,5196.55,3837.8,11289.7,10320,6,217,5932,5219,429,21129,51,928,707,17,1690,160,0.00449438
4,5863.26,3837.8,11289.7,10320,3,217,5932,5219,429,21129,51,928,707,17,1690,160,0.00449438
4,17884.4,3837.8,11289.7,10320,14,217,5932,5219,429,21129,51,928,707,17,1690,160,0.00449438
4,22679,3837.8,11289.7,10320,13,217,5932,5219,429,21129,51,928,707,17,1690,160,0.00449438
4,35195.3,23648,66259.1,60088,16,972,39165,36079,3977,169342,171,5336,4362,118,11407,1118,0.00449438
4,40714.4,23648,66259.1,60088,35,972,39165,36079,3977,169342,171,5336,4362,118,11407,1118,0.00449438
4,44481.9,23648,66259.1,60088,31,972,39165,36079,3977,169342,171,5336,4362,118,11407,1118,0.00449438
4,47814.8,23648,66259.1,60088,37,972,39165,36079,3977,169342,171,5336,4362,118,11407,1118,0.00449438
4,8417.25,4134.6,7661.16,7080,3,274,9001,7778,671,27814,33,731,540,2,1070,155,0.00449438
4,12325.6,4134.6,7661.16,7080,13,274,9001,7778,671,27814,33,731,540,2,1070,155,0.00449438
4,18228.7,4134.6,7661.16,7080,4,274,9001,7778,671,27814,33,731,540,2,1070,155,0.00449438
4,20555.7,4134.6,7661.16,7080,24,274,9001,7778,671,27814,33,731,540,2,1070,155,0.00449438
4,43190,43530.4,63027.3,57988,17,1359,62739,58837,6643,301749,154,5228,4254,82,10488,1169,0.00449438
4,47289.5,43530.4,63027.3,57988,18,1359,62739,58837,6643,301749,154,5228,4254,82,10488,1169,0.00449438
4,47629.1,43530.4,63027.3,57988,24,1359,62739,58837,6643,301749,154,5228,4254,82,10488,1169,0.00449438
4,70209.4,43530.4,63027.3,57988,9,1359,62739,58837,6643,301749,154,5228,4254,82,10488,1169,0.00449438
4,30892.9,31748.2,106482,96458,18,1145,48376,45002,5118,220745,271,9146,7622,252,22882,1512,0.00449438
4,49784.5,31748.2,106482,96458,33,1145,48376,45002,5118,220745,271,9146,7622,252,22882,1512,0.00449438
4,60742.8,31748.2,106482,96458,24,1145,48376,45002,5118,220745,271,9146,7622,252,22882,1512,0.00449438
4,62747.6,31748.2,106482,96458,38,1145,48376,45002,5118,220745,271,9146,7622,252,22882,1512,0.00449438
4,30936.4,15535.3,41976.2,38608,19,753,28484,26163,2757,114984,122,3583,2861,42,7093,758,0.00449438
4,32436.9,15535.3,41976.2,38608,24,753,28484,26163,2757,114984,122,3583,2861,42,7093,758,0.00449438
4,39322.7,15535.3,41976.2,38608,10,753,28484,26163,2757,114984,122,3583,2861,42,7093,758,0.00449438
4,41421.7,15535.3,41976.2,38608,16,753,28484,26163,2757,114984,122,3583,2861,42,7093,758,0.00449438
4,37521,42583,59611.7,54622,17,1306,58387,54535,6151,271826,143,4834,3930,88,9406,1146,0.00449438
4,41620.4,42583,59611.7,54622,18,1306,58387,54535,6151,271826,143,4834,3930,88,9406,1146,0.00449438
4,43059.2,42583,59611.7,54622,28,1306,58387,54535,6151,271826,143,4834,3930,88,9406,1146,0.00449438
4,64535,42583,59611.7,54622,9,1306,58387,54535,6151,271826,143,4834,3930,88,9406,1146,0.00449438
4,37695.6,25950.7,73224.3,67261,25,931,38513,35644,3974,169108,175,5561,4567,130,10997,1346,0.00449438
4,40595,25950.7,73224.3,67261,23,931,38513,35644,3974,169108,175,5561,4567,130,10997,1346,0.00449438
4,46173.5,25950.7,73224.3,67261,34,931,38513,35644,3974,169108,175,5561,4567,130,10997,1346,0.00449438
4,49173.7,25950.7,73224.3,67261,33,931,38513,35644,3974,169108,175,5561,4567,130,10997,1346,0.00449438
4,29767.2,15436.4,46021.8,42215,15,701,24969,22684,2318,94952,122,3401,2742,42,6794,741,0.00449438
4,31267.8,15436.4,46021.8,42215,20,701,24969,22684,2318,94952,122,3401,2742,42,6794,741,0.00449438
4,36198.2,15436.4,46021.8,42215,11,701,24969,22684,2318,94952,122,3401,2742,42,6794,741,0.00449438
4,38357.3,15436.4,46021.8,42215,17,701,24969,22684,2318,94952,122,3401,2742,42,6794,741,0.00449438
4,13780.7,13668.4,24909.9,22761,6,589,21632,19001,1867,76139,81,2179,1639,14,4474,280,0.00449438
4,16966.5,13668.4,24909.9,22761,12,589,21632,19001,1867,76139,81,2179,1639,14,4474,280,0.00449438
4,20116.6,13668.4,24909.9,22761,19,589,21632,19001,1867,76139,81,2179,1639,14,4474,280,0.00449438
4,29432.7,13668.4,24909.9,22761,25,589,21632,19001,1867,76139,81,2179,1639,14,4474,280,0.00449438
4,32967.9,28111.3,66550.1,61456,10,1095,45682,42373,4958,206047,173,5249,4341,121,10679,1405,0.00449438
4,46882.7,28111.3,66550.1,61456,29,1095,45682,42373,4958,206047,173,5249,4341,121,10679,1405,0.00449438
4,57130.8,28111.3,66550.1,61456,33,1095,45682,42373,4958,206047,173,5249,4341,121,10679,1405,0.00449438
4,59501.8,28111.3,66550.1,61456,38,1095,45682,42373,4958,206047,173,5249,4341,121,10679,1405,0.00449438
4,12799.7,4503.92,8680.22,8058,8,344,10448,8958,730,31970,30,748,566,1,1095,207,0.00449438
4,15888.5,4503.92,8680.22,8058,10,344,10448,8958,730,31970,30,748,566,1,1095,207,0.00449438
4,18244.6,4503.92,8680.22,8058,11,344,10448,8958,730,31970,30,748,566,1,1095,207,0.00449438
4,21751,4503.92,8680.22,8058,20,344,10448,8958,730,31970,30,748,566,1,1095,207,0.00449438
4,14091.8,25916.6,80362.4,73146,15,903,41642,38848,4212,181393,206,7155,5830,173,18534,835,0.00449438
4,38607.8,25916.6,80362.4,73146,7,903,41642,38848,4212,181393,206,7155,5830,173,18534,835,0.00449438
4,45206.6,25916.6,80362.4,73146,18,903,41642,38848,4212,181393,206,7155,5830,173,18534,835,0.00449438
4,55768.6,25916.6,80362.4,73146,38,903,41642,38848,4212,181393,206,7155,5830,173,18534,835,0.00449438
4,16613.5,28935.4,24201.6,21892,4,1104,43278,39435,4361,177566,94,2268,1733,49,4555,300,0.00449438
4,19117.4,28935.4,24201.6,21892,17,1104,43278,39435,4361,177566,94,2268,1733,49,4555,300,0.00449438
4,22887.4,28935.4,24201.6,21892,18,1104,43278,39435,4361,177566,94,2268,1733,49,4555,300,0.00449438
4,41871.1,28935.4,24201.6,21892,34,1104,43278,39435,4361,177566,94,2268,1733,49,4555,300,0.00449438
4,30145.7,27887.1,68484.8,62823,11,1107,46003,42731,4966,207098,173,5503,4580,162,11568,1464,0.00449438
4,46320.9,27887.1,68484.8,62823,25,1107,46003,42731,4966,207098,173,5503,4580,162,11568,1464,0.00449438
4,56569,27887.1,68484.8,62823,29,1107,46003,42731,4966,207098,173,5503,4580,162,11568,1464,0.00449438
4,58939.9,27887.1,68484.8,62823,34,1107,46003,42731,4966,207098,173,5503,4580,162,11568,1464,0.00449438
4,42405,24622.2,80785.2,74131,28,962,40813,37814,4251,181727,203,6482,5334,153,13566,1541,0.00449438
4,44205.5,24622.2,80785.2,74131,22,962,40813,37814,4251,181727,203,6482,5334,153,13566,1541,0.00449438
4,50154.6,24622.2,80785.2,74131,41,962,40813,37814,4251,181727,203,6482,5334,153,13566,1541,0.00449438
4,53331.1,24622.2,80785.2,74131,32,962,40813,37814,4251,181727,203,6482,5334,153,13566,1541,0.00449438
4,47784.8,36100.4,130332,119420,24,1208,53573,49743,5721,252760,299,10325,8757,317,24386,2641,0.00449438
4,63395.8,36100.4,130332,119420,43,1208,53573,49743,5721,252760,299,10325,8757,317,24386,2641,0.00449438
4,73643.9,36100.4,130332,119420,47,1208,53573,49743,5721,252760,299,10325,8757,317,24386,2641,0.00449438
4,76014.9,36100.4,130332,119420,52,1208,53573,49743,5721,252760,299,10325,8757,317,24386,2641,0.00449438
4,15372.3,31922,32475.2,29768,8,1109,46264,42832,4478,201571,105,2946,2307,25,5648,616,0.00449438
4,42662,31922,32475.2,29768,5,1109,46264,42832,4478,201571,105,2946,2307,25,5648,616,0.00449438
4,44186,31922,32475.2,29768,39,1109,46264,42832,4478,201571,105,2946,2307,25,5648,616,0.00449438
4,54406.2,31922,32475.2,29768,5,1109,46264,42832,4478,201571,105,2946,2307,25,5648,616,0.00449438
4,22152.4,10333,11482.6,10662,5,466,16284,14502,1299,56350,53,1035,761,1,1782,189,0.00449438
4,22201.5,10333,11482.6,10662,7,466,16284,14502,1299,56350,53,1035,761,1,1782,189,0.00449438
4,26314.7,10333,11482.6,10662,4,466,16284,14502,1299,56350,53,1035,761,1,1782,189,0.00449438
4,28210.1,10333,11482.6,10662,17,466,16284,14502,1299,56350,53,1035,761,1,1782,189,0.00449438
4,17497.5,28199.9,45230,41204,8,1048,41121,38222,4103,179962,134,3983,3195,53,9794,469,0.00449438
4,37627,28199.9,45230,41204,15,1048,41121,38222,4103,179962,134,3983,3195,53,9794,469,0.00449438
4,48960.4,28199.9,45230,41204,17,1048,41121,38222,4103,179962,134,3983,3195,53,9794,469,0.00449438
4,49442.7,28199.9,45230,41204,23,1048,41121,38222,4103,179962,134,3983,3195,53,9794,469,0.00449438
4,5205.02,2182.49,9343.91,8774,5,189,5189,4576,323,18936,39,671,504,5,1049,124,0.00449438
4,9348.45,2182.49,9343.91,8774,7,189,5189,4576,323,18936,39,671,504,5,1049,124,0.00449438
4,14195.2,2182.49,9343.91,8774,12,189,5189,4576,323,18936,39,671,504,5,1049,124,0.00449438
4,18230.1,2182.49,9343.91,8774,12,189,5189,4576,323,18936,39,671,504,5,1049,124,0.00449438
4,22488.8,32039.6,29081.4,26659,12,1194,48122,44371,4997,209743,104,2663,2079,49,5379,374,0.00449438
4,23353.5,32039.6,29081.4,26659,15,1194,48122,44371,4997,209743,104,2663,2079,49,5379,374,0.00449438
4,27123.5,32039.6,29081.4,26659,16,1194,48122,44371,4997,209743,104,2663,2079,49,5379,374,0.00449438
4,46299.1,32039.6,29081.4,26659,37,1194,48122,44371,4997,209743,104,2663,2079,49,5379,374,0.00449438
4,21276.3,29703.9,58540.6,53506,13,1114,44750,41572,4549,200216,161,5057,4107,77,11406,955,0.00449438
4,44550.6,29703.9,58540.6,53506,20,1114,44750,41572,4549,200216,161,5057,4107,77,11406,955,0.00449438
4,52676.9,29703.9,58540.6,53506,38,1114,44750,41572,4549,200216,161,5057,4107,77,11406,955,0.00449438
4,55965,29703.9,58540.6,53506,20,1114,44750,41572,4549,200216,161,5057,4107,77,11406,955,0.00449438
4,19886.3,9910.34,11586.5,10709,7,522,18557,16652,1466,64594,49,1030,777,5,1703,206,0.00449438
4,21185,9910.34,11586.5,10709,5,522,18557,16652,1466,64594,49,1030,777,5,1703,206,0.00449438
4,28930.8,9910.34,11586.5,10709,6,522,18557,16652,1466,64594,49,1030,777,5,1703,206,0.00449438
4,29290.5,9910.34,11586.5,10709,11,522,18557,16652,1466,64594,49,1030,777,5,1703,206,0.00449438
4,39255.4,37598.3,61376.9,55596,4,1201,52232,48682,5496,244686,180,5398,4318,117,12419,872,0.00449438
4,41411.5,37598.3,61376.9,55596,15,1201,52232,48682,5496,244686,180,5398,4318,117,12419,872,0.00449438
4,45308.4,37598.3,61376.9,55596,20,1201,52232,48682,5496,244686,180,5398,4318,117,12419,872,0.00449438
4,58243,37598.3,61376.9,55596,46,1201,52232,48682,5496,244686,180,5398,4318,117,12419,872,0.00449438
4,26003.5,35945.8,34218.8,31193,10,1276,53289,49752,5481,241438,107,3055,2410,28,5972,625,0.00449438
4,30102.9,35945.8,34218.8,31193,11,1276,53289,49752,5481,241438,107,3055,2410,28,5972,625,0.00449438
4,31618.3,35945.8,34218.8,31193,27,1276,53289,49752,5481,241438,107,3055,2410,28,5972,625,0.00449438
4,54519.7,35945.8,34218.8,31193,12,1276,53289,49752,5481,241438,107,3055,2410,28,5972,625,0.00449438
4,5604.08,24463.8,32883.9,29952,6,960,37636,34498,3467,148824,90,2863,2281,26,6030,543,0.00449438
4,27312.4,24463.8,32883.9,29952,15,960,37636,34498,3467,148824,90,2863,2281,26,6030,543,0.00449438
4,32597.5,24463.8,32883.9,29952,19,960,37636,34498,3467,148824,90,2863,2281,26,6030,543,0.00449438
4,41792.3,24463.8,32883.9,29952,16,960,37636,34498,3467,148824,90,2863,2281,26,6030,543,0.00449438
4,9595.87,19163.3,75683.4,68494,5,811,33172,30425,3157,131021,184,6176,4967,145,15328,728,0.00449438
4,33530.8,19163.3,75683.4,68494,28,811,33172,30425,3157,131021,184,6176,4967,145,15328,728,0.00449438
4,37941.8,19163.3,75683.4,68494,31,811,33172,30425,3157,131021,184,6176,4967,145,15328,728,0.00449438
4,39069.9,19163.3,75683.4,68494,14,811,33172,30425,3157,131021,184,6176,4967,145,15328,728,0.00449438
4,13535.5,32624.6,41322.4,37875,15,1134,47425,43946,4677,208715,119,3567,2856,32,7189,751,0.00449438
4,33790.9,32624.6,41322.4,37875,30,1134,47425,43946,4677,208715,119,3567,2856,32,7189,751,0.00449438
4,44340.8,32624.6,41322.4,37875,15,1134,47425,43946,4677,208715,119,3567,2856,32,7189,751,0.00449438
4,54022.4,32624.6,41322.4,37875,17,1134,47425,43946,4677,208715,119,3567,2856,32,7189,751,0.00449438
4,31003.5,30974.3,44527.2,40557,4,1169,48937,45457,5096,222631,140,3968,3127,94,8869,546,0.00449438
4,34476.5,30974.3,44527.2,40557,21,1169,48937,45457,5096,222631,140,3968,3127,94,8869,546,0.00449438
4,38246.5,30974.3,44527.2,40557,22,1169,48937,45457,5096,222631,140,3968,3127,94,8869,546,0.00449438
4,51412.5,30974.3,44527.2,40557,48,1169,48937,45457,5096,222631,140,3968,3127,94,8869,546,0.00449438
4,9321.7,17493.7,13505.4,12315,10,712,27477,24297,2492,99286,56,1374,1025,4,2818,170,0.00449438
4,11695.2,17493.7,13505.4,12315,9,712,27477,24297,2492,99286,56,1374,1025,4,2818,170,0.00449438
4,13956,17493.7,13505.4,12315,14,712,27477,24297,2492,99286,56,1374,1025,4,2818,170,0.00449438
4,32780.6,17493.7,13505.4,12315,7,712,27477,24297,2492,99286,56,1374,1025,4,2818,170,0.00449438
4,34628.4,17241.3,50752,46818,21,804,31476,29047,3112,130739,128,4169,3361,63,7788,1048,0.00449438
4,36262.8,17241.3,50752,46818,32,804,31476,29047,3112,130739,128,4169,3361,63,7788,1048,0.00449438
4,43766.9,17241.3,50752,46818,22,804,31476,29047,3112,130739,128,4169,3361,63,7788,1048,0.00449438
4,46129.8,17241.3,50752,46818,10,804,31476,29047,3112,130739,128,4169,3361,63,7788,1048,0.00449438
4,36669.3,24304,69491,63760,15,1005,40675,37530,4186,177355,193,5885,4831,142,12927,1202,0.00449438
4,42037.4,24304,69491,63760,33,1005,40675,37530,4186,177355,193,5885,4831,142,12927,1202,0.00449438
4,45804.9,24304,69491,63760,29,1005,40675,37530,4186,177355,193,5885,4831,142,12927,1202,0.00449438
4,49636.3,24304,69491,63760,37,1005,40675,37530,4186,177355,193,5885,4831,142,12927,1202,0.00449438
4,15838.9,5520.31,9676.37,8958,8,377,11582,9996,879,35969,45,913,691,7,1453,207,0.00449438
4,17631.4,5520.31,9676.37,8958,13,377,11582,9996,879,35969,45,913,691,7,1453,207,0.00449438
4,20343.8,5520.31,9676.37,8958,6,377,11582,9996,879,35969,45,913,691,7,1453,207,0.00449438
4,22666.2,5520.31,9676.37,8958,11,377,11582,9996,879,35969,45,913,691,7,1453,207,0.00449438
4,9501.26,24577,35689.9,32553,6,947,39423,36694,3945,167118,110,3292,2616,50,6817,544,0.00449438
4,23250,24577,35689.9,32553,20,947,39423,36694,3945,167118,110,3292,2616,50,6817,544,0.00449438
4,37182,24577,35689.9,32553,24,947,39423,36694,3945,167118,110,3292,2616,50,6817,544,0.00449438
4,43966.1,24577,35689.9,32553,32,947,39423,36694,3945,167118,110,3292,2616,50,6817,544,0.00449438
4,11397.1,24659.1,36080.1,32890,4,1054,42515,39487,4113,180581,100,3477,2781,60,7778,526,0.00449438
4,22556,24659.1,36080.1,32890,17,1054,42515,39487,4113,180581,100,3477,2781,60,7778,526,0.00449438
4,37772.4,24659.1,36080.1,32890,24,1054,42515,39487,4113,180581,100,3477,2781,60,7778,526,0.00449438
4,46801.5,24659.1,36080.1,32890,24,1054,42515,39487,4113,180581,100,3477,2781,60,7778,526,0.00449438
4,15976.2,13296.4,40933.2,37810,9,635,26512,24023,2686,101808,107,3421,2777,57,7354,660,0.00449438
4,26547.2,13296.4,40933.2,37810,24,635,26512,24023,2686,101808,107,3421,2777,57,7354,660,0.00449438
4,35773.7,13296.4,40933.2,37810,25,635,26512,24023,2686,101808,107,3421,2777,57,7354,660,0.00449438
4,41291.4,13296.4,40933.2,37810,33,635,26512,24023,2686,101808,107,3421,2777,57,7354,660,0.00449438
4,30441.9,15039.4,43020,39927,16,703,25601,23308,2455,99668,122,3465,2800,48,6958,748,0.00449438
4,31942.5,15039.4,43020,39927,21,703,25601,23308,2455,99668,122,3465,2800,48,6958,748,0.00449438
4,36611.2,15039.4,43020,39927,13,703,25601,23308,2455,99668,122,3465,2800,48,6958,748,0.00449438
4,38999.5,15039.4,43020,39927,20,703,25601,23308,2455,99668,122,3465,2800,48,6958,748,0.00449438
4,17672.2,21426,63239.6,57430,4,801,36347,33682,3665,155108,157,5744,4603,70,13407,801,0.00449438
4,32821.1,21426,63239.6,57430,7,801,36347,33682,3665,155108,157,5744,4603,70,13407,801,0.00449438
4,49413.2,21426,63239.6,57430,33,801,36347,33682,3665,155108,157,5744,4603,70,13407,801,0.00449438
4,52411.6,21426,63239.6,57430,36,801,36347,33682,3665,155108,157,5744,4603,70,13407,801,0.00449438
4,6334.6,17058.4,9809.43,9013,9,668,25866,22874,2309,92563,37,855,622,5,1586,120,0.00449438
4,10153.3,17058.4,9809.43,9013,5,668,25866,22874,2309,92563,37,855,622,5,1586,120,0.00449438
4,11742.7,17058.4,9809.43,9013,8,668,25866,22874,2309,92563,37,855,622,5,1586,120,0.00449438
4,31986.6,17058.4,9809.43,9013,7,668,25866,22874,2309,92563,37,855,622,5,1586,120,0.00449438
4,20655.5,8402.15,16736.8,15502,22,415,14626,12730,1048,48656,63,1410,1046,10,2632,193,0.00449438
4,24566.5,8402.15,16736.8,15502,9,415,14626,12730,1048,48656,63,1410,1046,10,2632,193,0.00449438
4,24614.2,8402.15,16736.8,15502,21,415,14626,12730,1048,48656,63,1410,1046,10,2632,193,0.00449438
4,24835.2,8402.15,16736.8,15502,12,415,14626,12730,1048,48656,63,1410,1046,10,2632,193,0.00449438
4,27995.1,21223.5,31412.2,29225,15,868,35135,32626,3498,148296,69,2529,2080,21,3831,890,0.00449438
4,31022.3,21223.5,31412.2,29225,27,868,35135,32626,3498,148296,69,2529,2080,21,3831,890,0.00449438
4,36961,21223.5,31412.2,29225,18,868,35135,32626,3498,148296,69,2529,2080,21,3831,890,0.00449438
4,45246.5,21223.5,31412.2,29225,4,868,35135,32626,3498,148296,69,2529,2080,21,3831,890,0.00449438
4,16345.3,24168.3,39751.8,36328,4,1038,40627,37770,3999,177155,124,3669,2907,37,8148,560,0.00449438
4,34578.5,24168.3,39751.8,36328,15,1038,40627,37770,3999,177155,124,3669,2907,37,8148,560,0.00449438
4,45911.9,24168.3,39751.8,36328,17,1038,40627,37770,3999,177155,124,3669,2907,37,8148,560,0.00449438
4,47541.6,24168.3,39751.8,36328,20,1038,40627,37770,3999,177155,124,3669,2907,37,8148,560,0.00449438
4,4084.18,12705.4,19259,17599,4,648,24812,21970,2117,86787,60,1735,1317,25,3879,136,0.00449438
4,7627.63,12705.4,19259,17599,6,648,24812,21970,2117,86787,60,1735,1317,25,3879,136,0.00449438
4,12630,12705.4,19259,17599,15,648,24812,21970,2117,86787,60,1735,1317,25,3879,136,0.00449438
4,31695.9,12705.4,19259,17599,24,648,24812,21970,2117,86787,60,1735,1317,25,3879,136,0.00449438
4,18861.3,6521.08,13363.5,12507,5,408,11890,10459,890,38605,50,1024,769,1,1689,224,0.00449438
4,19734.3,6521.08,13363.5,12507,7,408,11890,10459,890,38605,50,1024,769,1,1689,224,0.00449438
4,22154,6521.08,13363.5,12507,18,408,11890,10459,890,38605,50,1024,769,1,1689,224,0.00449438
4,23875.1,6521.08,13363.5,12507,20,408,11890,10459,890,38605,50,1024,769,1,1689,224,0.00449438
4,32722.3,39639.8,67082,60552,8,1355,60736,56847,6438,281456,226,6220,4893,153,14713,624,0.00449438
4,36695.9,39639.8,67082,60552,19,1355,60736,56847,6438,281456,226,6220,4893,153,14713,624,0.00449438
4,36821.7,39639.8,67082,60552,8,1355,60736,56847,6438,281456,226,6220,4893,153,14713,624,0.00449438
4,62106.4,39639.8,67082,60552,53,1355,60736,56847,6438,281456,226,6220,4893,153,14713,624,0.00449438
4,31712.8,38951.4,48280.5,44286,7,1288,58148,54382,6125,268411,142,3936,3098,83,8755,462,0.00449438
4,35341.3,38951.4,48280.5,44286,18,1288,58148,54382,6125,268411,142,3936,3098,83,8755,462,0.00449438
4,35812.2,38951.4,48280.5,44286,7,1288,58148,54382,6125,268411,142,3936,3098,83,8755,462,0.00449438
4,59667.8,38951.4,48280.5,44286,54,1288,58148,54382,6125,268411,142,3936,3098,83,8755,462,0.00449438
4,41351.5,24477.5,68011.1,62898,15,952,40728,37812,4255,181639,174,5600,4597,116,10925,1429,0.00449438
4,42279.9,24477.5,68011.1,62898,30,952,40728,37812,4255,181639,174,5600,4597,116,10925,1429,0.00449438
4,51104.4,24477.5,68011.1,62898,36,952,40728,37812,4255,181639,174,5600,4597,116,10925,1429,0.00449438
4,53860.1,24477.5,68011.1,62898,41,952,40728,37812,4255,181639,174,5600,4597,116,10925,1429,0.00449438
4,11163.7,18227.7,36495.6,33459,14,726,29403,26578,2673,110654,114,3256,2502,35,6550,533,0.00449438
4,32543.5,18227.7,36495.6,33459,29,726,29403,26578,2673,110654,114,3256,2502,35,6550,533,0.00449438
4,33010.9,18227.7,36495.6,33459,14,726,29403,26578,2673,110654,114,3256,2502,35,6550,533,0.00449438
4,34779.2,18227.7,36495.6,33459,24,726,29403,26578,2673,110654,114,3256,2502,35,6550,533,0.00449438
4,5618.82,20931.2,29689.7,27071,8,954,37450,34268,3469,147157,87,2698,2145,25,5764,493,0.00449438
4,26851.3,20931.2,29689.7,27071,15,954,37450,34268,3469,147157,87,2698,2145,25,5764,493,0.00449438
4,32013.1,20931.2,29689.7,27071,18,954,37450,34268,3469,147157,87,2698,2145,25,5764,493,0.00449438
4,41207.8,20931.2,29689.7,27071,15,954,37450,34268,3469,147157,87,2698,2145,25,5764,493,0.00449438
4,25113.8,7432.63,24393.8,22726,19,467,14046,12466,1171,48970,75,1940,1502,18,3238,366,0.00449438
4,27729.4,7432.63,24393.8,22726,16,467,14046,12466,1171,48970,75,1940,1502,18,3238,366,0.00449438
4,29171.9,7432.63,24393.8,22726,8,467,14046,12466,1171,48970,75,1940,1502,18,3238,366,0.00449438
4,29673.9,7432.63,24393.8,22726,6,467,14046,12466,1171,48970,75,1940,1502,18,3238,366,0.00449438
4,8192.17,2085.14,7402.28,6834,6,175,4709,4004,257,15455,39,720,535,5,1393,120,0.00449438
4,12230.3,2085.14,7402.28,6834,10,175,4709,4004,257,15455,39,720,535,5,1393,120,0.00449438
4,12823.2,2085.14,7402.28,6834,6,175,4709,4004,257,15455,39,720,535,5,1393,120,0.00449438
4,15554.5,2085.14,7402.28,6834,13,175,4709,4004,257,15455,39,720,535,5,1393,120,0.00449438
4,13936.8,25136.7,76288.2,69197,5,897,40089,37298,4038,173175,190,7104,5749,112,18512,853,0.00449438
4,36078.4,25136.7,76288.2,69197,13,897,40089,37298,4038,173175,190,7104,5749,112,18512,853,0.00449438
4,45208.6,25136.7,76288.2,69197,29,897,40089,37298,4038,173175,190,7104,5749,112,18512,853,0.00449438
4,53475.1,25136.7,76288.2,69197,33,897,40089,37298,4038,173175,190,7104,5749,112,18512,853,0.00449438
4,35186.6,13966.4,44906.6,41362,20,699,25445,23193,2555,101058,119,3878,3147,33,7899,849,0.00449438
4,36687.1,13966.4,44906.6,41362,25,699,25445,23193,2555,101058,119,3878,3147,33,7899,849,0.00449438
4,39409.9,13966.4,44906.6,41362,16,699,25445,23193,2555,101058,119,3878,3147,33,7899,849,0.00449438
4,41798.2,13966.4,44906.6,41362,23,699,25445,23193,2555,101058,119,3878,3147,33,7899,849,0.00449438
4,12957.8,7855.66,10007,9240,4,467,15436,13459,1244,51763,38,865,663,0,1308,201,0.00449438
4,19486.1,7855.66,10007,9240,13,467,15436,13459,1244,51763,38,865,663,0,1308,201,0.00449438
4,24508.6,7855.66,10007,9240,5,467,15436,13459,1244,51763,38,865,663,0,1308,201,0.00449438
4,25544.8,7855.66,10007,9240,8,467,15436,13459,1244,51763,38,865,663,0,1308,201,0.00449438
4,25709.8,39919.6,33929.9,30871,8,1301,56899,53178,5999,260495,132,3377,2647,89,7993,279,0.00449438
4,29809.2,39919.6,33929.9,30871,8,1301,56899,53178,5999,260495,132,3377,2647,89,7993,279,0.00449438
4,29909.9,39919.6,33929.9,30871,16,1301,56899,53178,5999,260495,132,3377,2647,89,7993,279,0.00449438
4,55744.1,39919.6,33929.9,30871,44,1301,56899,53178,5999,260495,132,3377,2647,89,7993,279,0.00449438
4,40927.2,28644.7,98957.7,90619,13,1136,49408,45874,5382,228197,221,7819,6553,202,16648,2136,0.00449438
4,54668.1,28644.7,98957.7,90619,49,1136,49408,45874,5382,228197,221,7819,6553,202,16648,2136,0.00449438
4,64134.8,28644.7,98957.7,90619,52,1136,49408,45874,5382,228197,221,7819,6553,202,16648,2136,0.00449438
4,66890.5,28644.7,98957.7,90619,57,1136,49408,45874,5382,228197,221,7819,6553,202,16648,2136,0.00449438
4,9614.56,7954.92,9033.37,8300,4,476,16844,14699,1325,57222,45,880,623,2,1457,144,0.00449438
4,15432.3,7954.92,9033.37,8300,4,476,16844,14699,1325,57222,45,880,623,2,1457,144,0.00449438
4,24913,7954.92,9033.37,8300,9,476,16844,14699,1325,57222,45,880,623,2,1457,144,0.00449438
4,26332.1,7954.92,9033.37,8300,8,476,16844,14699,1325,57222,45,880,623,2,1457,144,0.00449438
4,18776,20471.7,53800.7,48999,9,851,37402,34529,3722,157676,124,4842,3982,82,11001,833,0.00449438
4,25099.1,20471.7,53800.7,48999,11,851,37402,34529,3722,157676,124,4842,3982,82,11001,833,0.00449438
4,42744.7,20471.7,53800.7,48999,31,851,37402,34529,3722,157676,124,4842,3982,82,11001,833,0.00449438
4,48992.1,20471.7,53800.7,48999,33,851,37402,34529,3722,157676,124,4842,3982,82,11001,833,0.00449438
4,3752.25,14543.1,12253.7,11282,2,725,26390,23281,2422,95320,46,1127,837,9,2226,116,0.00449438
4,13586.1,14543.1,12253.7,11282,6,725,26390,23281,2422,95320,46,1127,837,9,2226,116,0.00449438
4,15661,14543.1,12253.7,11282,10,725,26390,23281,2422,95320,46,1127,837,9,2226,116,0.00449438
4,32392.8,14543.1,12253.7,11282,19,725,26390,23281,2422,95320,46,1127,837,9,2226,116,0.00449438
4,10124.3,10829.5,16372.5,15037,10,598,20009,17491,1677,68489,63,1536,1181,19,2713,320,0.00449438
4,20148.1,10829.5,16372.5,15037,9,598,20009,17491,1677,68489,63,1536,1181,19,2713,320,0.00449438
4,22439.4,10829.5,16372.5,15037,17,598,20009,17491,1677,68489,63,1536,1181,19,2713,320,0.00449438
4,28481.1,10829.5,16372.5,15037,16,598,20009,17491,1677,68489,63,1536,1181,19,2713,320,0.00449438
4,22441.3,19251.8,27578.8,25659,22,821,31896,28990,2957,126552,89,2240,1760,32,3711,595,0.00449438
4,23089.8,19251.8,27578.8,25659,17,821,31896,28990,2957,126552,89,2240,1760,32,3711,595,0.00449438
4,33412.3,19251.8,27578.8,25659,15,821,31896,28990,2957,126552,89,2240,1760,32,3711,595,0.00449438
4,35783.3,19251.8,27578.8,25659,20,821,31896,28990,2957,126552,89,2240,1760,32,3711,595,0.00449438
4,16291.5,27186.3,46692.2,42581,6,1063,43432,40446,4313,186563,119,4055,3275,68,9082,657,0.00449438
4,18213.9,27186.3,46692.2,42581,14,1063,43432,40446,4313,186563,119,4055,3275,68,9082,657,0.00449438
4,41619.5,27186.3,46692.2,42581,29,1063,43432,40446,4313,186563,119,4055,3275,68,9082,657,0.00449438
4,49294,27186.3,46692.2,42581,33,1063,43432,40446,4313,186563,119,4055,3275,68,9082,657,0.00449438
4,23561.9,31759.1,75446.3,68910,20,1137,50429,46965,5277,225208,180,6452,5318,114,15274,1142,0.00449438
4,28456.2,31759.1,75446.3,68910,15,1137,50429,46965,5277,225208,180,6452,5318,114,15274,1142,0.00449438
4,52229.8,31759.1,75446.3,68910,39,1137,50429,46965,5277,225208,180,6452,5318,114,15274,1142,0.00449438
4,61424.3,31759.1,75446.3,68910,38,1137,50429,46965,5277,225208,180,6452,5318,114,15274,1142,0.00449438
4,2645.86,20597.5,23889.7,21892,3,960,35722,32550,3255,138027,64,2049,1621,26,3974,392,0.00449438
4,29892.2,20597.5,23889.7,21892,8,960,35722,32550,3255,138027,64,2049,1621,26,3974,392,0.00449438
4,34845,20597.5,23889.7,21892,25,960,35722,32550,3255,138027,64,2049,1621,26,3974,392,0.00449438
4,41201.6,20597.5,23889.7,21892,7,960,35722,32550,3255,138027,64,2049,1621,26,3974,392,0.00449438
4,10855.6,30428.1,70372.1,63912,8,862,36878,34361,3647,158226,169,6098,4947,149,16274,530,0.00449438
4,32173.3,30428.1,70372.1,63912,7,862,36878,34361,3647,158226,169,6098,4947,149,16274,530,0.00449438
4,48729.6,30428.1,70372.1,63912,27,862,36878,34361,3647,158226,169,6098,4947,149,16274,530,0.00449438
4,49391.6,30428.1,70372.1,63912,33,862,36878,34361,3647,158226,169,6098,4947,149,16274,530,0.00449438
4,17735.3,17541.8,21059,19407,12,692,24367,21645,2148,88075,75,1828,1418,16,3138,407,0.00449438
4,26528.8,17541.8,21059,19407,17,692,24367,21645,2148,88075,75,1828,1418,16,3138,407,0.00449438
4,29284.5,17541.8,21059,19407,22,692,24367,21645,2148,88075,75,1828,1418,16,3138,407,0.00449438
4,31101.5,17541.8,21059,19407,31,692,24367,21645,2148,88075,75,1828,1418,16,3138,407,0.00449438
4,7095.84,4372.72,4349.21,4014,4,278,8059,6951,635,25243,34,435,307,2,478,111,0.00449438
4,10137.5,4372.72,4349.21,4014,6,278,8059,6951,635,25243,34,435,307,2,478,111,0.00449438
4,17722.4,4372.72,4349.21,4014,13,278,8059,6951,635,25243,34,435,307,2,478,111,0.00449438
4,19692.8,4372.72,4349.21,4014,14,278,8059,6951,635,25243,34,435,307,2,478,111,0.00449438
4,5310.95,2202.91,4386.91,4087,6,225,5724,4841,404,17074,28,363,257,2,417,91,0.00449438
4,9192.58,2202.91,4386.91,4087,6,225,5724,4841,404,17074,28,363,257,2,417,91,0.00449438
4,14788.9,2202.91,4386.91,4087,10,225,5724,4841,404,17074,28,363,257,2,417,91,0.00449438
4,17099.4,2202.91,4386.91,4087,13,225,5724,4841,404,17074,28,363,257,2,417,91,0.00449438
4,23238.4,24209.3,105943,94637,8,922,41987,39097,4485,185034,260,9322,7731,234,24886,1049,0.00449438
4,35654.6,24209.3,105943,94637,16,922,41987,39097,4485,185034,260,9322,7731,234,24886,1049,0.00449438
4,59120,24209.3,105943,94637,36,922,41987,39097,4485,185034,260,9322,7731,234,24886,1049,0.00449438
4,60749.4,24209.3,105943,94637,23,922,41987,39097,4485,185034,260,9322,7731,234,24886,1049,0.00449438
4,14578.6,9139.03,12305.7,11346,4,463,16864,14767,1398,56448,46,1001,743,7,1898,145,0.00449438
4,20398.6,9139.03,12305.7,11346,4,463,16864,14767,1398,56448,46,1001,743,7,1898,145,0.00449438
4,23781.3,9139.03,12305.7,11346,4,463,16864,14767,1398,56448,46,1001,743,7,1898,145,0.00449438
4,26427,9139.03,12305.7,11346,9,463,16864,14767,1398,56448,46,1001,743,7,1898,145,0.00449438
4,2350.74,16565.3,14868.9,13481,4,763,29242,25846,2653,103559,59,1409,1069,25,3350,82,0.00449438
4,5090.9,16565.3,14868.9,13481,5,763,29242,25846,2653,103559,59,1409,1069,25,3350,82,0.00449438
4,14335.3,16565.3,14868.9,13481,6,763,29242,25846,2653,103559,59,1409,1069,25,3350,82,0.00449438
4,33669.3,16565.3,14868.9,13481,27,763,29242,25846,2653,103559,59,1409,1069,25,3350,82,0.00449438
4,20971.4,10458.6,32302.8,29790,13,501,17528,15343,1413,59293,90,2549,1989,38,4971,467,0.00449438
4,23306,10458.6,32302.8,29790,20,501,17528,15343,1413,59293,90,2549,1989,38,4971,467,0.00449438
4,23560.3,10458.6,32302.8,29790,13,501,17528,15343,1413,59293,90,2549,1989,38,4971,467,0.00449438
4,27386.4,10458.6,32302.8,29790,17,501,17528,15343,1413,59293,90,2549,1989,38,4971,467,0.00449438
4,40198.3,26844.4,89509.1,82125,28,933,38605,35643,3932,168312,206,6582,5410,144,14244,1438,0.00449438
4,46037.5,26844.4,89509.1,82125,27,933,38605,35643,3932,168312,206,6582,5410,144,14244,1438,0.00449438
4,46401.7,26844.4,89509.1,82125,39,933,38605,35643,3932,168312,206,6582,5410,144,14244,1438,0.00449438
4,49668.6,26844.4,89509.1,82125,27,933,38605,35643,3932,168312,206,6582,5410,144,14244,1438,0.00449438
4,15946.9,25847.2,107026,95028,12,920,42874,39966,4251,185843,271,9212,7480,213,24707,837,0.00449438
4,40289,25847.2,107026,95028,10,920,42874,39966,4251,185843,271,9212,7480,213,24707,837,0.00449438
4,44585,25847.2,107026,95028,20,920,42874,39966,4251,185843,271,9212,7480,213,24707,837,0.00449438
4,57728.4,25847.2,107026,95028,36,920,42874,39966,4251,185843,271,9212,7480,213,24707,837,0.00449438
4,28904.7,31533.2,35971.2,33242,20,1106,44657,41614,4502,195266,82,3061,2512,44,4826,978,0.00449438
4,33004.1,31533.2,35971.2,33242,21,1106,44657,41614,4502,195266,82,3061,2512,44,4826,978,0.00449438
4,36196.8,31533.2,35971.2,33242,25,1106,44657,41614,4502,195266,82,3061,2512,44,4826,978,0.00449438
4,52043.2,31533.2,35971.2,33242,4,1106,44657,41614,4502,195266,82,3061,2512,44,4826,978,0.00449438
4,5982.81,10635.8,28361.5,25764,5,507,19261,17299,1772,71206,87,2593,2013,22,5192,415,0.00449438
4,26133.9,10635.8,28361.5,25764,16,507,19261,17299,1772,71206,87,2593,2013,22,5192,415,0.00449438
4,30938.2,10635.8,28361.5,25764,26,507,19261,17299,1772,71206,87,2593,2013,22,5192,415,0.00449438
4,35793.2,10635.8,28361.5,25764,19,507,19261,17299,1772,71206,87,2593,2013,22,5192,415,0.00449438
4,4539.14,17981.4,15959.3,14605,7,908,32862,29900,2901,124444,55,1512,1160,3,2677,316,0.00449438
4,27332,17981.4,15959.3,14605,7,908,32862,29900,2901,124444,55,1512,1160,3,2677,316,0.00449438
4,33602.2,17981.4,15959.3,14605,13,908,32862,29900,2901,124444,55,1512,1160,3,2677,316,0.00449438
4,38641.4,17981.4,15959.3,14605,6,908,32862,29900,2901,124444,55,1512,1160,3,2677,316,0.00449438
4,20319.1,31613.3,68770.4,62750,18,1138,48685,45316,4997,215328,156,5795,4761,113,13547,1046,0.00449438
4,28549.8,31613.3,68770.4,62750,19,1138,48685,45316,4997,215328,156,5795,4761,113,13547,1046,0.00449438
4,49270.9,31613.3,68770.4,62750,30,1138,48685,45316,4997,215328,156,5795,4761,113,13547,1046,0.00449438
4,58465.6,31613.3,68770.4,62750,27,1138,48685,45316,4997,215328,156,5795,4761,113,13547,1046,0.00449438
4,16207.6,8273.35,9923.14,9233,7,504,16771,14860,1392,56356,39,803,600,1,1415,151,0.00449438
4,16364.6,8273.35,9923.14,9233,9,504,16771,14860,1392,56356,39,803,600,1,1415,151,0.00449438
4,25872.7,8273.35,9923.14,9233,3,504,16771,14860,1392,56356,39,803,600,1,1415,151,0.00449438
4,26980.4,8273.35,9923.14,9233,12,504,16771,14860,1392,56356,39,803,600,1,1415,151,0.00449438
4,1779.02,23500.8,28457.6,26065,4,973,37964,34715,3494,148480,72,2395,1894,30,4782,464,0.00449438
4,31935.9,23500.8,28457.6,26065,18,973,37964,34715,3494,148480,72,2395,1894,30,4782,464,0.00449438
4,32664,23500.8,28457.6,26065,10,973,37964,34715,3494,148480,72,2395,1894,30,4782,464,0.00449438
4,42878.8,23500.8,28457.6,26065,8,973,37964,34715,3494,148480,72,2395,1894,30,4782,464,0.00449438
4,22575.4,33483.9,59100.7,53810,16,1139,47332,43952,4747,213779,153,5045,4095,61,11170,1028,0.00449438
4,47822.8,33483.9,59100.7,53810,20,1139,47332,43952,4747,213779,153,5045,4095,61,11170,1028,0.00449438
4,53158,33483.9,59100.7,53810,46,1139,47332,43952,4747,213779,153,5045,4095,61,11170,1028,0.00449438
4,59237.2,33483.9,59100.7,53810,20,1139,47332,43952,4747,213779,153,5045,4095,61,11170,1028,0.00449438
4,12989.7,21529.2,73796,66731,7,816,34519,31915,3487,143507,181,6160,4984,148,16648,448,0.00449438
4,31297.5,21529.2,73796,66731,21,816,34519,31915,3487,143507,181,6160,4984,148,16648,448,0.00449438
4,44883.6,21529.2,73796,66731,26,816,34519,31915,3487,143507,181,6160,4984,148,16648,448,0.00449438
4,44939.5,21529.2,73796,66731,31,816,34519,31915,3487,143507,181,6160,4984,148,16648,448,0.00449438
4,24513,30332.3,69345.2,63143,12,1110,45887,42676,4657,207348,194,5910,4820,111,13757,1083,0.00449438
4,47489.3,30332.3,69345.2,63143,19,1110,45887,42676,4657,207348,194,5910,4820,111,13757,1083,0.00449438
4,55913.6,30332.3,69345.2,63143,37,1110,45887,42676,4657,207348,194,5910,4820,111,13757,1083,0.00449438
4,58822.7,30332.3,69345.2,63143,21,1110,45887,42676,4657,207348,194,5910,4820,111,13757,1083,0.00449438
4,17573.8,2521.95,12482.6,11603,6,188,6122,5391,476,21537,41,1038,789,4,1919,212,0.00449438
4,20402,2521.95,12482.6,11603,8,188,6122,5391,476,21537,41,1038,789,4,1919,212,0.00449438
4,26336.2,2521.95,12482.6,11603,15,188,6122,5391,476,21537,41,1038,789,4,1919,212,0.00449438
4,26714.4,2521.95,12482.6,11603,7,188,6122,5391,476,21537,41,1038,789,4,1919,212,0.00449438
4,20858.3,14257.4,31021.7,28248,6,602,24400,21998,2136,89864,78,2816,2236,32,6254,466,0.00449438
4,25349.6,14257.4,31021.7,28248,24,602,24400,21998,2136,89864,78,2816,2236,32,6254,466,0.00449438
4,27206.9,14257.4,31021.7,28248,11,602,24400,21998,2136,89864,78,2816,2236,32,6254,466,0.00449438
4,32455.9,14257.4,31021.7,28248,27,602,24400,21998,2136,89864,78,2816,2236,32,6254,466,0.00449438
4,39139.8,27622,77118.2,70876,26,938,39720,36789,4073,175631,187,6236,5125,135,12833,1481,0.00449438
4,41986.3,27622,77118.2,70876,26,938,39720,36789,4073,175631,187,6236,5125,135,12833,1481,0.00449438
4,47467.1,27622,77118.2,70876,42,938,39720,36789,4073,175631,187,6236,5125,135,12833,1481,0.00449438
4,50617.9,27622,77118.2,70876,34,938,39720,36789,4073,175631,187,6236,5125,135,12833,1481,0.00449438
4,33364.7,14522.2,42777.7,39534,20,685,25131,22909,2425,99534,117,3438,2775,32,6843,775,0.00449438
4,34865.2,14522.2,42777.7,39534,25,685,25131,22909,2425,99534,117,3438,2775,32,6843,775,0.00449438
4,37953.4,14522.2,42777.7,39534,14,685,25131,22909,2425,99534,117,3438,2775,32,6843,775,0.00449438
4,40341.7,14522.2,42777.7,39534,21,685,25131,22909,2425,99534,117,3438,2775,32,6843,775,0.00449438
4,15288.1,9391.17,16456.5,15118,10,505,19079,17108,1683,67811,49,1402,1087,4,2392,343,0.00449438
4,18378.4,9391.17,16456.5,15118,9,505,19079,17108,1683,67811,49,1402,1087,4,2392,343,0.00449438
4,24419.3,9391.17,16456.5,15118,16,505,19079,17108,1683,67811,49,1402,1087,4,2392,343,0.00449438
4,30968.9,9391.17,16456.5,15118,9,505,19079,17108,1683,67811,49,1402,1087,4,2392,343,0.00449438
4,13497.4,19430.5,62913.2,57221,7,817,33857,30967,3150,133236,173,5550,4414,116,12813,722,0.00449438
4,29536,19430.5,62913.2,57221,27,817,33857,30967,3150,133236,173,5550,4414,116,12813,722,0.00449438
4,37216.9,19430.5,62913.2,57221,20,817,33857,30967,3150,133236,173,5550,4414,116,12813,722,0.00449438
4,40371.7,19430.5,62913.2,57221,12,817,33857,30967,3150,133236,173,5550,4414,116,12813,722,0.00449438
4,21759.1,7961.73,20919.7,19285,23,436,16047,13948,1234,53528,66,1670,1244,15,3361,204,0.00449438
4,25118.6,7961.73,20919.7,19285,12,436,16047,13948,1234,53528,66,1670,1244,15,3361,204,0.00449438
4,25591.4,7961.73,20919.7,19285,9,436,16047,13948,1234,53528,66,1670,1244,15,3361,204,0.00449438
4,25717.8,7961.73,20919.7,19285,22,436,16047,13948,1234,53528,66,1670,1244,15,3361,204,0.00449438
4,21175.8,24003.3,28244.4,25798,7,971,35926,32601,3495,144289,102,2411,1866,21,4135,494,0.00449438
4,27410.6,24003.3,28244.4,25798,26,971,35926,32601,3495,144289,102,2411,1866,21,4135,494,0.00449438
4,30583.6,24003.3,28244.4,25798,15,971,35926,32601,3495,144289,102,2411,1866,21,4135,494,0.00449438
4,39488.7,24003.3,28244.4,25798,41,971,35926,32601,3495,144289,102,2411,1866,21,4135,494,0.00449438
4,21134,11081.4,35190.3,32130,10,514,21104,18847,1788,74624,76,2797,2178,34,6757,298,0.00449438
4,26755.3,11081.4,35190.3,32130,3,514,21104,18847,1788,74624,76,2797,2178,34,6757,298,0.00449438
4,28868,11081.4,35190.3,32130,28,514,21104,18847,1788,74624,76,2797,2178,34,6757,298,0.00449438
4,29393.9,11081.4,35190.3,32130,27,514,21104,18847,1788,74624,76,2797,2178,34,6757,298,0.00449438
4,13020,4600.77,9069.06,8391,8,333,10286,8828,741,31425,28,790,598,3,1208,215,0.00449438
4,16274.7,4600.77,9069.06,8391,11,333,10286,8828,741,31425,28,790,598,3,1208,215,0.00449438
4,17925.7,4600.77,9069.06,8391,10,333,10286,8828,741,31425,28,790,598,3,1208,215,0.00449438
4,21530.4,4600.77,9069.06,8391,19,333,10286,8828,741,31425,28,790,598,3,1208,215,0.00449438
4,14935.1,18228.6,19722.9,17886,6,883,32178,29012,3109,121727,78,1809,1372,22,3282,300,0.00449438
4,21886,18228.6,19722.9,17886,14,883,32178,29012,3109,121727,78,1809,1372,22,3282,300,0.00449438
4,24886.3,18228.6,19722.9,17886,13,883,32178,29012,3109,121727,78,1809,1372,22,3282,300,0.00449438
4,35754.8,18228.6,19722.9,17886,31,883,32178,29012,3109,121727,78,1809,1372,22,3282,300,0.00449438
4,8454.96,27041,24679.2,22417,7,1044,41545,38360,4012,174088,71,2287,1832,24,4750,478,0.00449438
4,36038.2,27041,24679.2,22417,5,1044,41545,38360,4012,174088,71,2287,1832,24,4750,478,0.00449438
4,39974.1,27041,24679.2,22417,29,1044,41545,38360,4012,174088,71,2287,1832,24,4750,478,0.00449438
4,47348.2,27041,24679.2,22417,4,1044,41545,38360,4012,174088,71,2287,1832,24,4750,478,0.00449438
4,11044.8,4841.74,13248.5,12305,8,305,10106,8828,718,32972,39,1057,815,7,1827,221,0.00449438
4,16348.8,4841.74,13248.5,12305,18,305,10106,8828,718,32972,39,1057,815,7,1827,221,0.00449438
4,18002.9,4841.74,13248.5,12305,16,305,10106,8828,718,32972,39,1057,815,7,1827,221,0.00449438
4,22056.3,4841.74,13248.5,12305,9,305,10106,8828,718,32972,39,1057,815,7,1827,221,0.00449438
4,10883.5,20230.9,53880.7,48876,13,756,30665,27806,2860,116648,157,4616,3544,69,10122,568,0.00449438
4,33287,20230.9,53880.7,48876,28,756,30665,27806,2860,116648,157,4616,3544,69,10122,568,0.00449438
4,33758.9,20230.9,53880.7,48876,14,756,30665,27806,2860,116648,157,4616,3544,69,10122,568,0.00449438
4,35527.2,20230.9,53880.7,48876,24,756,30665,27806,2860,116648,157,4616,3544,69,10122,568,0.00449438
4,16490.8,21863.7,77352.3,70002,10,808,36248,33554,3582,152996,174,6339,5166,100,16192,826,0.00449438
4,28989.6,21863.7,77352.3,70002,11,808,36248,33554,3582,152996,174,6339,5166,100,16192,826,0.00449438
4,46397.8,21863.7,77352.3,70002,29,808,36248,33554,3582,152996,174,6339,5166,100,16192,826,0.00449438
4,48473.8,21863.7,77352.3,70002,34,808,36248,33554,3582,152996,174,6339,5166,100,16192,826,0.00449438
4,16038.8,8443.93,12959,11967,4,488,17899,15669,1509,60327,47,1061,774,4,1939,165,0.00449438
4,21858.8,8443.93,12959,11967,4,488,17899,15669,1509,60327,47,1061,774,4,1939,165,0.00449438
4,23028.7,8443.93,12959,11967,4,488,17899,15669,1509,60327,47,1061,774,4,1939,165,0.00449438
4,27073.1,8443.93,12959,11967,4,488,17899,15669,1509,60327,47,1061,774,4,1939,165,0.00449438
4,31381.6,21539.2,43347.4,40277,17,837,33485,30994,3341,140299,90,3200,2599,19,5019,1088,0.00449438
4,34049.5,21539.2,43347.4,40277,32,837,33485,30994,3341,140299,90,3200,2599,19,5019,1088,0.00449438
4,40347.5,21539.2,43347.4,40277,20,837,33485,30994,3341,140299,90,3200,2599,19,5019,1088,0.00449438
4,46011.4,21539.2,43347.4,40277,6,837,33485,30994,3341,140299,90,3200,2599,19,5019,1088,0.00449438
4,30885.4,29677.6,47488.1,43556,21,1059,43652,40637,4462,190136,102,3678,3038,61,6273,1120,0.00449438
4,34984.8,29677.6,47488.1,43556,22,1059,43652,40637,4462,190136,102,3678,3038,61,6273,1120,0.00449438
4,38956.9,29677.6,47488.1,43556,28,1059,43652,40637,4462,190136,102,3678,3038,61,6273,1120,0.00449438
4,52879.1,29677.6,47488.1,43556,5,1059,43652,40637,4462,190136,102,3678,3038,61,6273,1120,0.00449438
4,13824.3,6745.22,10987.6,10123,4,405,12335,10878,1001,40329,56,1011,728,8,1732,129,0.00449438
4,16019.9,6745.22,10987.6,10123,8,405,12335,10878,1001,40329,56,1011,728,8,1732,129,0.00449438
4,24403.6,6745.22,10987.6,10123,18,405,12335,10878,1001,40329,56,1011,728,8,1732,129,0.00449438
4,24579.4,6745.22,10987.6,10123,14,405,12335,10878,1001,40329,56,1011,728,8,1732,129,0.00449438
4,9188.69,5770.14,11185.1,10257,5,334,11617,10179,856,38346,39,1033,779,1,1697,226,0.00449438
4,15229.6,5770.14,11185.1,10257,12,334,11617,10179,856,38346,39,1033,779,1,1697,226,0.00449438
4,20306.8,5770.14,11185.1,10257,13,334,11617,10179,856,38346,39,1033,779,1,1697,226,0.00449438
4,22985.8,5770.14,11185.1,10257,5,334,11617,10179,856,38346,39,1033,779,1,1697,226,0.00449438
4,20930.2,20411.6,50269,45507,11,825,35285,32526,3518,147522,112,4261,3524,88,9451,774,0.00449438
4,22938.3,20411.6,50269,45507,9,825,35285,32526,3518,147522,112,4261,3524,88,9451,774,0.00449438
4,41756.9,20411.6,50269,45507,32,825,35285,32526,3518,147522,112,4261,3524,88,9451,774,0.00449438
4,48004.4,20411.6,50269,45507,34,825,35285,32526,3518,147522,112,4261,3524,88,9451,774,0.00449438
4,16782.7,29853.3,53139.5,48281,11,1089,45507,42354,4606,196948,128,4678,3756,75,10181,857,0.00449438
4,23121.7,29853.3,53139.5,48281,21,1089,45507,42354,4606,196948,128,4678,3756,75,10181,857,0.00449438
4,43657,29853.3,53139.5,48281,30,1089,45507,42354,4606,196948,128,4678,3756,75,10181,857,0.00449438
4,52272.9,29853.3,53139.5,48281,29,1089,45507,42354,4606,196948,128,4678,3756,75,10181,857,0.00449438
4,12174,3578.62,9023.51,8389,10,238,6298,5439,437,19937,42,741,569,7,1275,148,0.00449438
4,12641.3,3578.62,9023.51,8389,10,238,6298,5439,437,19937,42,741,569,7,1275,148,0.00449438
4,12914.7,3578.62,9023.51,8389,7,238,6298,5439,437,19937,42,741,569,7,1275,148,0.00449438
4,17545.6,3578.62,9023.51,8389,7,238,6298,5439,437,19937,42,741,569,7,1275,148,0.00449438
4,3223.04,24543.2,85073.7,76123,3,927,39611,36866,4006,170345,235,7498,6071,226,20542,693,0.00449438
4,29510.9,24543.2,85073.7,76123,23,927,39611,36866,4006,170345,235,7498,6071,226,20542,693,0.00449438
4,40426.3,24543.2,85073.7,76123,23,927,39611,36866,4006,170345,235,7498,6071,226,20542,693,0.00449438
4,44134.8,24543.2,85073.7,76123,36,927,39611,36866,4006,170345,235,7498,6071,226,20542,693,0.00449438
4,8751.42,8293.91,17994.4,16280,6,338,11278,9725,811,35487,59,1473,1121,19,3479,88,0.00449438
4,12478.5,8293.91,17994.4,16280,10,338,11278,9725,811,35487,59,1473,1121,19,3479,88,0.00449438
4,22345.5,8293.91,17994.4,16280,12,338,11278,9725,811,35487,59,1473,1121,19,3479,88,0.00449438
4,22402,8293.91,17994.4,16280,18,338,11278,9725,811,35487,59,1473,1121,19,3479,88,0.00449438
4,23577,13222.9,19305.2,17802,16,669,23694,21414,2171,86732,66,1467,1152,8,2670,346,0.00449438
4,25077.6,13222.9,19305.2,17802,21,669,23694,21414,2171,86732,66,1467,1152,8,2670,346,0.00449438
4,33889,13222.9,19305.2,17802,4,669,23694,21414,2171,86732,66,1467,1152,8,2670,346,0.00449438
4,34307,13222.9,19305.2,17802,10,669,23694,21414,2171,86732,66,1467,1152,8,2670,346,0.00449438
4,10622.6,7055.03,12963.2,11881,5,452,14615,12650,1124,47949,58,1235,937,17,2328,216,0.00449438
4,21848.7,7055.03,12963.2,11881,7,452,14615,12650,1124,47949,58,1235,937,17,2328,216,0.00449438
4,23606.5,7055.03,12963.2,11881,11,452,14615,12650,1124,47949,58,1235,937,17,2328,216,0.00449438
4,25023.5,7055.03,12963.2,11881,15,452,14615,12650,1124,47949,58,1235,937,17,2328,216,0.00449438
4,17177.5,23270.1,69402.2,62787,8,808,36349,33633,3561,153223,166,6258,5105,98,15548,829,0.00449438
4,28697.2,23270.1,69402.2,62787,9,808,36349,33633,3561,153223,166,6258,5105,98,15548,829,0.00449438
4,46641.1,23270.1,69402.2,62787,31,808,36349,33633,3561,153223,166,6258,5105,98,15548,829,0.00449438
4,49204.8,23270.1,69402.2,62787,34,808,36349,33633,3561,153223,166,6258,5105,98,15548,829,0.00449438
4,17186.5,9820.25,19972.1,18405,8,504,17992,15784,1459,60569,75,1639,1246,11,3018,294,0.00449438
4,18217,9820.25,19972.1,18405,16,504,17992,15784,1459,60569,75,1639,1246,11,3018,294,0.00449438
4,26230.8,9820.25,19972.1,18405,9,504,17992,15784,1459,60569,75,1639,1246,11,3018,294,0.00449438
4,27145.3,9820.25,19972.1,18405,15,504,17992,15784,1459,60569,75,1639,1246,11,3018,294,0.00449438
4,12403.3,12910.6,36845.2,33914,7,545,22863,20644,2226,86340,99,2987,2368,42,5984,568,0.00449438
4,29924.5,12910.6,36845.2,33914,23,545,22863,20644,2226,86340,99,2987,2368,42,5984,568,0.00449438
4,33929.7,12910.6,36845.2,33914,24,545,22863,20644,2226,86340,99,2987,2368,42,5984,568,0.00449438
4,39391.3,12910.6,36845.2,33914,35,545,22863,20644,2226,86340,99,2987,2368,42,5984,568,0.00449438
4,27041.6,34665.6,38450.9,35307,13,1267,53210,49669,5501,240985,109,3291,2623,43,6397,727,0.00449438
4,31141,34665.6,38450.9,35307,14,1267,53210,49669,5501,240985,109,3291,2623,43,6397,727,0.00449438
4,32687.1,34665.6,38450.9,35307,30,1267,53210,49669,5501,240985,109,3291,2623,43,6397,727,0.00449438
4,55066,34665.6,38450.9,35307,11,1267,53210,49669,5501,240985,109,3291,2623,43,6397,727,0.00449438
4,7711.34,26284.1,15511.4,14020,6,1042,41231,36935,3925,158302,63,1622,1258,24,3966,82,0.00449438
4,8147.09,26284.1,15511.4,14020,6,1042,41231,36935,3925,158302,63,1622,1258,24,3966,82,0.00449438
4,11492.2,26284.1,15511.4,14020,7,1042,41231,36935,3925,158302,63,1622,1258,24,3966,82,0.00449438
4,39132.5,26284.1,15511.4,14020,15,1042,41231,36935,3925,158302,63,1622,1258,24,3966,82,0.00449438
4,14101.3,8244.97,8840.09,8108,5,486,16401,14448,1243,54508,52,846,626,1,1525,141,0.00449438
4,14663.6,8244.97,8840.09,8108,10,486,16401,14448,1243,54508,52,846,626,1,1525,141,0.00449438
4,25960.6,8244.97,8840.09,8108,5,486,16401,14448,1243,54508,52,846,626,1,1525,141,0.00449438
4,26619.3,8244.97,8840.09,8108,10,486,16401,14448,1243,54508,52,846,626,1,1525,141,0.00449438
4,13555.6,23028.7,72643.2,65666,6,847,36611,33957,3634,155660,172,6417,5198,102,16160,860,0.00449438
4,32758.8,23028.7,72643.2,65666,12,847,36611,33957,3634,155660,172,6417,5198,102,16160,860,0.00449438
4,45623,23028.7,72643.2,65666,31,847,36611,33957,3634,155660,172,6417,5198,102,16160,860,0.00449438
4,49477.4,23028.7,72643.2,65666,30,847,36611,33957,3634,155660,172,6417,5198,102,16160,860,0.00449438
4,10875.5,28264.6,35328.5,31988,4,1044,41809,38802,3972,177058,100,3316,2639,52,7416,510,0.00449438
4,21965.5,28264.6,35328.5,31988,21,1044,41809,38802,3972,177058,100,3316,2639,52,7416,510,0.00449438
4,36862.4,28264.6,35328.5,31988,25,1044,41809,38802,3972,177058,100,3316,2639,52,7416,510,0.00449438
4,45668.5,28264.6,35328.5,31988,23,1044,41809,38802,3972,177058,100,3316,2639,52,7416,510,0.00449438
4,13191.7,12126.7,10427.1,9607,7,605,21496,18936,1735,73876,42,952,710,2,1599,172,0.00449438
4,19432.3,12126.7,10427.1,9607,11,605,21496,18936,1735,73876,42,952,710,2,1599,172,0.00449438
4,29333.8,12126.7,10427.1,9607,6,605,21496,18936,1735,73876,42,952,710,2,1599,172,0.00449438
4,29418.7,12126.7,10427.1,9607,5,605,21496,18936,1735,73876,42,952,710,2,1599,172,0.00449438
4,10478.7,25552.9,23648.3,21619,4,968,37614,34671,3633,156579,73,2081,1617,10,3978,380,0.00449438
4,31389.2,25552.9,23648.3,21619,10,968,37614,34671,3633,156579,73,2081,1617,10,3978,380,0.00449438
4,41648,25552.9,23648.3,21619,17,968,37614,34671,3633,156579,73,2081,1617,10,3978,380,0.00449438
4,42804.2,25552.9,23648.3,21619,10,968,37614,34671,3633,156579,73,2081,1617,10,3978,380,0.00449438
4,16844.6,29944.7,45353.7,40998,9,1078,44398,41358,4371,191343,115,4088,3273,60,8883,695,0.00449438
4,20593.7,29944.7,45353.7,40998,15,1078,44398,41358,4371,191343,115,4088,3273,60,8883,695,0.00449438
4,42840.5,29944.7,45353.7,40998,30,1078,44398,41358,4371,191343,115,4088,3273,60,8883,695,0.00449438
4,51118.6,29944.7,45353.7,40998,31,1078,44398,41358,4371,191343,115,4088,3273,60,8883,695,0.00449438
4,11219.8,3046.34,16310.1,15035,8,230,6634,5864,554,23672,67,1451,1149,22,2924,257,0.00449438
4,11710,3046.34,16310.1,15035,7,230,6634,5864,554,23672,67,1451,1149,22,2924,257,0.00449438
4,22919.7,3046.34,16310.1,15035,18,230,6634,5864,554,23672,67,1451,1149,22,2924,257,0.00449438
4,27084.2,3046.34,16310.1,15035,20,230,6634,5864,554,23672,67,1451,1149,22,2924,257,0.00449438
4,17229.1,2675.45,14725.4,13478,3,207,6713,5934,536,23557,46,1326,1037,6,2451,278,0.00449438
4,19683.9,2675.45,14725.4,13478,6,207,6713,5934,536,23557,46,1326,1037,6,2451,278,0.00449438
4,27458.6,2675.45,14725.4,13478,18,207,6713,5934,536,23557,46,1326,1037,6,2451,278,0.00449438
4,29035.4,2675.45,14725.4,13478,6,207,6713,5934,536,23557,46,1326,1037,6,2451,278,0.00449438
4,18864.1,21137.5,51762.2,47419,13,839,36577,33732,3633,153379,109,4200,3471,80,9434,806,0.00449438
4,24634.6,21137.5,51762.2,47419,14,839,36577,33732,3633,153379,109,4200,3471,80,9434,806,0.00449438
4,41604,21137.5,51762.2,47419,30,839,36577,33732,3633,153379,109,4200,3471,80,9434,806,0.00449438
4,47851.5,21137.5,51762.2,47419,32,839,36577,33732,3633,153379,109,4200,3471,80,9434,806,0.00449438
4,13077.4,29807.6,37599,33922,4,1056,42016,39076,4077,179579,106,3373,2684,49,7468,524,0.00449438
4,20295.9,29807.6,37599,33922,15,1056,42016,39076,4077,179579,106,3373,2684,49,7468,524,0.00449438
4,38124.8,29807.6,37599,33922,24,1056,42016,39076,4077,179579,106,3373,2684,49,7468,524,0.00449438
4,46623.4,29807.6,37599,33922,28,1056,42016,39076,4077,179579,106,3373,2684,49,7468,524,0.00449438
4,7762.38,19055.6,21595.8,19760,9,844,31498,28567,2708,118220,72,1899,1473,9,3731,357,0.00449438
4,26782.5,19055.6,21595.8,19760,18,844,31498,28567,2708,118220,72,1899,1473,9,3731,357,0.00449438
4,27149.3,19055.6,21595.8,19760,10,844,31498,28567,2708,118220,72,1899,1473,9,3731,357,0.00449438
4,36296.3,19055.6,21595.8,19760,13,844,31498,28567,2708,118220,72,1899,1473,9,3731,357,0.00449438
4,15306.8,8907.23,9530.57,8824,8,450,16400,14679,1364,57886,37,801,619,2,1188,208,0.00449438
4,16167.4,8907.23,9530.57,8824,3,450,16400,14679,1364,57886,37,801,619,2,1188,208,0.00449438
4,21347.7,8907.23,9530.57,8824,15,450,16400,14679,1364,57886,37,801,619,2,1188,208,0.00449438
4,28171.8,8907.23,9530.57,8824,4,450,16400,14679,1364,57886,37,801,619,2,1188,208,0.00449438
4,8239.04,10404.3,32613.2,29849,6,478,18857,16932,1691,68928,89,2933,2325,38,6250,449,0.00449438
4,26304.1,10404.3,32613.2,29849,16,478,18857,16932,1691,68928,89,2933,2325,38,6250,449,0.00449438
4,31765.7,10404.3,32613.2,29849,27,478,18857,16932,1691,68928,89,2933,2325,38,6250,449,0.00449438
4,34790.1,10404.3,32613.2,29849,25,478,18857,16932,1691,68928,89,2933,2325,38,6250,449,0.00449438
4,29327.7,42913.2,41642.2,37504,7,1298,58374,54590,6133,268972,147,3804,2977,89,9039,378,0.00449438
4,33290.2,42913.2,41642.2,37504,17,1298,58374,54590,6133,268972,147,3804,2977,89,9039,378,0.00449438
4,33427.2,42913.2,41642.2,37504,7,1298,58374,54590,6133,268972,147,3804,2977,89,9039,378,0.00449438
4,58282.6,42913.2,41642.2,37504,45,1298,58374,54590,6133,268972,147,3804,2977,89,9039,378,0.00449438
4,34299.2,25215.7,60262.2,54896,13,1034,41596,38284,4212,180868,171,5132,4184,107,11006,990,0.00449438
4,39639.9,25215.7,60262.2,54896,33,1034,41596,38284,4212,180868,171,5132,4184,107,11006,990,0.00449438
4,43407.5,25215.7,60262.2,54896,29,1034,41596,38284,4212,180868,171,5132,4184,107,11006,990,0.00449438
4,48700,25215.7,60262.2,54896,38,1034,41596,38284,4212,180868,171,5132,4184,107,11006,990,0.00449438
4,8164.17,27040.8,21280,19046,5,1076,43608,39852,4328,175988,85,2005,1554,40,5126,122,0.00449438
4,12263.6,27040.8,21280,19046,5,1076,43608,39852,4328,175988,85,2005,1554,40,5126,122,0.00449438
4,15876.1,27040.8,21280,19046,8,1076,43608,39852,4328,175988,85,2005,1554,40,5126,122,0.00449438
4,40880.5,27040.8,21280,19046,22,1076,43608,39852,4328,175988,85,2005,1554,40,5126,122,0.00449438
4,26305.5,29005.6,34540.4,31171,4,1109,44396,40586,4561,188392,119,3232,2538,64,6583,513,0.00449438
4,31291,29005.6,34540.4,31171,22,1109,44396,40586,4561,188392,119,3232,2538,64,6583,513,0.00449438
4,35061.1,29005.6,34540.4,31171,23,1109,44396,40586,4561,188392,119,3232,2538,64,6583,513,0.00449438
4,46359.5,29005.6,34540.4,31171,47,1109,44396,40586,4561,188392,119,3232,2538,64,6583,513,0.00449438
4,3880.85,2874.22,4538.66,4180,6,235,6776,5751,448,19000,20,439,318,3,514,100,0.00449438
4,4123.05,2874.22,4538.66,4180,6,235,6776,5751,448,19000,20,439,318,3,514,100,0.00449438
4,14870.5,2874.22,4538.66,4180,8,235,6776,5751,448,19000,20,439,318,3,514,100,0.00449438
4,18147.6,2874.22,4538.66,4180,8,235,6776,5751,448,19000,20,439,318,3,514,100,0.00449438
4,22311.1,4282.1,16745.3,15372,4,348,9641,8432,828,32643,73,1462,1132,20,2384,323,0.00449438
4,22952.9,4282.1,16745.3,15372,20,348,9641,8432,828,32643,73,1462,1132,20,2384,323,0.00449438
4,24678.1,4282.1,16745.3,15372,9,348,9641,8432,828,32643,73,1462,1132,20,2384,323,0.00449438
4,28057,4282.1,16745.3,15372,23,348,9641,8432,828,32643,73,1462,1132,20,2384,323,0.00449438
4,12808.1,22932.8,36523.1,33325,9,930,37631,34855,3657,156693,93,3164,2511,29,6672,576,0.00449438
4,19570.1,22932.8,36523.1,33325,19,930,37631,34855,3657,156693,93,3164,2511,29,6672,576,0.00449438
4,33593,22932.8,36523.1,33325,31,930,37631,34855,3657,156693,93,3164,2511,29,6672,576,0.00449438
4,40422.5,22932.8,36523.1,33325,29,930,37631,34855,3657,156693,93,3164,2511,29,6672,576,0.00449438
4,46971.1,26755.2,107533,98810,33,1039,44751,41609,4802,199704,210,8431,7073,181,17758,2223,0.00449438
4,51070.5,26755.2,107533,98810,34,1039,44751,41609,4802,199704,210,8431,7073,181,17758,2223,0.00449438
4,54663.9,26755.2,107533,98810,39,1039,44751,41609,4802,199704,210,8431,7073,181,17758,2223,0.00449438
4,64256.5,26755.2,107533,98810,12,1039,44751,41609,4802,199704,210,8431,7073,181,17758,2223,0.00449438
4,6080.37,10748.7,10106.6,9246,4,554,19198,16770,1737,66249,45,1023,750,7,1773,166,0.00449438
4,16947.8,10748.7,10106.6,9246,6,554,19198,16770,1737,66249,45,1023,750,7,1773,166,0.00449438
4,19022.7,10748.7,10106.6,9246,10,554,19198,16770,1737,66249,45,1023,750,7,1773,166,0.00449438
4,28062.2,10748.7,10106.6,9246,18,554,19198,16770,1737,66249,45,1023,750,7,1773,166,0.00449438
4,28105.3,17187.5,31777.9,29200,20,707,27314,25026,2540,109390,95,2579,2019,32,4805,496,0.00449438
4,29605.8,17187.5,31777.9,29200,25,707,27314,25026,2540,109390,95,2579,2019,32,4805,496,0.00449438
4,38600.3,17187.5,31777.9,29200,15,707,27314,25026,2540,109390,95,2579,2019,32,4805,496,0.00449438
4,38740,17187.5,31777.9,29200,7,707,27314,25026,2540,109390,95,2579,2019,32,4805,496,0.00449438
4,14451.6,6375.2,10544.6,9846,7,339,11254,9691,805,35542,38,892,680,6,1237,214,0.00449438
4,17853.2,6375.2,10544.6,9846,13,339,11254,9691,805,35542,38,892,680,6,1237,214,0.00449438
4,18311.7,6375.2,10544.6,9846,8,339,11254,9691,805,35542,38,892,680,6,1237,214,0.00449438
4,22185.3,6375.2,10544.6,9846,11,339,11254,9691,805,35542,38,892,680,6,1237,214,0.00449438
4,14982.8,23440.6,33037.2,30243,17,915,36770,33822,3458,149276,78,2870,2267,19,5698,564,0.00449438
4,17230.1,23440.6,33037.2,30243,9,915,36770,33822,3458,149276,78,2870,2267,19,5698,564,0.00449438
4,32219.1,23440.6,33037.2,30243,29,915,36770,33822,3458,149276,78,2870,2267,19,5698,564,0.00449438
4,39509.9,23440.6,33037.2,30243,28,915,36770,33822,3458,149276,78,2870,2267,19,5698,564,0.00449438
4,16525.6,27972.7,48523,44096,9,1104,44949,41643,4435,198498,133,4172,3352,55,8749,815,0.00449438
4,42249.4,27972.7,48523,44096,9,1104,44949,41643,4435,198498,133,4172,3352,55,8749,815,0.00449438
4,47591.4,27972.7,48523,44096,39,1104,44949,41643,4435,198498,133,4172,3352,55,8749,815,0.00449438
4,54001.9,27972.7,48523,44096,10,1104,44949,41643,4435,198498,133,4172,3352,55,8749,815,0.00449438
4,29445.4,29616.4,100509,91039,18,1136,46874,43653,4891,213027,256,8366,6947,176,20767,1343,0.00449438
4,48637.8,29616.4,100509,91039,31,1136,46874,43653,4891,213027,256,8366,6947,176,20767,1343,0.00449438
4,59624.8,29616.4,100509,91039,29,1136,46874,43653,4891,213027,256,8366,6947,176,20767,1343,0.00449438
4,61425.6,29616.4,100509,91039,25,1136,46874,43653,4891,213027,256,8366,6947,176,20767,1343,0.00449438
4,9805.69,9695,19130.5,17446,7,439,15725,13707,1214,53084,58,1812,1416,18,3692,264,0.00449438
4,13845.5,9695,19130.5,17446,6,439,15725,13707,1214,53084,58,1812,1416,18,3692,264,0.00449438
4,19072.6,9695,19130.5,17446,21,439,15725,13707,1214,53084,58,1812,1416,18,3692,264,0.00449438
4,25550.7,9695,19130.5,17446,19,439,15725,13707,1214,53084,58,1812,1416,18,3692,264,0.00449438
4,56926.8,31007.7,151799,137911,38,1080,46529,43130,4891,214684,286,11984,10206,317,28189,2858,0.00449438
4,61026.3,31007.7,151799,137911,39,1080,46529,43130,4891,214684,286,11984,10206,317,28189,2858,0.00449438
4,64024.2,31007.7,151799,137911,45,1080,46529,43130,4891,214684,286,11984,10206,317,28189,2858,0.00449438
4,73501.8,31007.7,151799,137911,18,1080,46529,43130,4891,214684,286,11984,10206,317,28189,2858,0.00449438
4,3715.8,2507.3,9551.68,8781,3,201,5658,4985,422,20264,47,859,652,17,1555,156,0.00449438
4,4684.28,2507.3,9551.68,8781,3,201,5658,4985,422,20264,47,859,652,17,1555,156,0.00449438
4,16539.3,2507.3,9551.68,8781,14,201,5658,4985,422,20264,47,859,652,17,1555,156,0.00449438
4,21367.5,2507.3,9551.68,8781,12,201,5658,4985,422,20264,47,859,652,17,1555,156,0.00449438
4,37934.9,45216,58241.6,52958,6,1283,60081,56407,6375,286600,170,5006,3964,114,11815,626,0.00449438
4,41447.3,45216,58241.6,52958,18,1283,60081,56407,6375,286600,170,5006,3964,114,11815,626,0.00449438
4,42034.3,45216,58241.6,52958,6,1283,60081,56407,6375,286600,170,5006,3964,114,11815,626,0.00449438
4,64345.1,45216,58241.6,52958,64,1283,60081,56407,6375,286600,170,5006,3964,114,11815,626,0.00449438
4,15465.9,11209.8,16035,14794,8,615,20105,17606,1759,68331,56,1348,1036,10,2324,307,0.00449438
4,20427.4,11209.8,16035,14794,21,615,20105,17606,1759,68331,56,1348,1036,10,2324,307,0.00449438
4,26743.1,11209.8,16035,14794,9,615,20105,17606,1759,68331,56,1348,1036,10,2324,307,0.00449438
4,28429,11209.8,16035,14794,13,615,20105,17606,1759,68331,56,1348,1036,10,2324,307,0.00449438
4,5780.8,2584.11,10238.2,9488,7,212,6091,5363,464,21598,54,964,736,16,1778,166,0.00449438
4,5957.51,2584.11,10238.2,9488,7,212,6091,5363,464,21598,54,964,736,16,1778,166,0.00449438
4,18593.9,2584.11,10238.2,9488,17,212,6091,5363,464,21598,54,964,736,16,1778,166,0.00449438
4,23422,2584.11,10238.2,9488,15,212,6091,5363,464,21598,54,964,736,16,1778,166,0.00449438
4,18940.6,11316.2,30020,27484,26,528,19224,16877,1563,67446,98,2555,1957,29,5023,440,0.00449438
4,24638.1,11316.2,30020,27484,12,528,19224,16877,1563,67446,98,2555,1957,29,5023,440,0.00449438
4,27179.8,11316.2,30020,27484,26,528,19224,16877,1563,67446,98,2555,1957,29,5023,440,0.00449438
4,27779.7,11316.2,30020,27484,23,528,19224,16877,1563,67446,98,2555,1957,29,5023,440,0.00449438
4,16588.6,8679.01,10517,9445,4,445,16176,14169,1266,54329,44,984,726,5,2037,127,0.00449438
4,22409.1,8679.01,10517,9445,4,445,16176,14169,1266,54329,44,984,726,5,2037,127,0.00449438
4,24131.9,8679.01,10517,9445,4,445,16176,14169,1266,54329,44,984,726,5,2037,127,0.00449438
4,25987.5,8679.01,10517,9445,10,445,16176,14169,1266,54329,44,984,726,5,2037,127,0.00449438
4,38795.5,20329,69931,64153,18,847,33240,30705,3357,140006,159,5544,4493,72,11052,1281,0.00449438
4,40938.2,20329,69931,64153,34,847,33240,30705,3357,140006,159,5544,4493,72,11052,1281,0.00449438
4,47761.4,20329,69931,64153,21,847,33240,30705,3357,140006,159,5544,4493,72,11052,1281,0.00449438
4,50540.6,20329,69931,64153,15,847,33240,30705,3357,140006,159,5544,4493,72,11052,1281,0.00449438
4,12775.2,17906.9,11466.6,10525,17,849,30604,27634,2836,114492,55,1085,833,9,1867,242,0.00449438
4,22523.7,17906.9,11466.6,10525,6,849,30604,27634,2836,114492,55,1085,833,9,1867,242,0.00449438
4,34011.9,17906.9,11466.6,10525,6,849,30604,27634,2836,114492,55,1085,833,9,1867,242,0.00449438
4,35486.7,17906.9,11466.6,10525,11,849,30604,27634,2836,114492,55,1085,833,9,1867,242,0.00449438
4,39814.2,25507.2,84551.5,76920,30,983,40324,37427,4271,175307,168,6510,5427,129,13028,1669,0.00449438
4,43913.6,25507.2,84551.5,76920,31,983,40324,37427,4271,175307,168,6510,5427,129,13028,1669,0.00449438
4,48739,25507.2,84551.5,76920,33,983,40324,37427,4271,175307,168,6510,5427,129,13028,1669,0.00449438
4,56607.8,25507.2,84551.5,76920,8,983,40324,37427,4271,175307,168,6510,5427,129,13028,1669,0.00449438
4,12238.4,13942,11001.9,10040,5,629,23099,20631,1980,81161,48,985,748,3,1593,218,0.00449438
4,13731.1,13942,11001.9,10040,10,629,23099,20631,1980,81161,48,985,748,3,1593,218,0.00449438
4,23842.7,13942,11001.9,10040,4,629,23099,20631,1980,81161,48,985,748,3,1593,218,0.00449438
4,30768.1,13942,11001.9,10040,10,629,23099,20631,1980,81161,48,985,748,3,1593,218,0.00449438
4,16439.1,13949,25388.1,23223,12,652,24619,21823,2091,86607,72,2077,1612,22,4037,369,0.00449438
4,22652.5,13949,25388.1,23223,10,652,24619,21823,2091,86607,72,2077,1612,22,4037,369,0.00449438
4,22792,13949,25388.1,23223,20,652,24619,21823,2091,86607,72,2077,1612,22,4037,369,0.00449438
4,30909.9,13949,25388.1,23223,12,652,24619,21823,2091,86607,72,2077,1612,22,4037,369,0.00449438
4,11673.4,29572.2,31191.6,28122,8,1080,43391,40152,4178,186767,94,2827,2239,29,5794,510,0.00449438
4,38612,29572.2,31191.6,28122,4,1080,43391,40152,4178,186767,94,2827,2239,29,5794,510,0.00449438
4,42781.5,29572.2,31191.6,28122,33,1080,43391,40152,4178,186767,94,2827,2239,29,5794,510,0.00449438
4,50466.7,29572.2,31191.6,28122,5,1080,43391,40152,4178,186767,94,2827,2239,29,5794,510,0.00449438
4,29986.1,31577.1,92926.8,84560,12,1132,46990,43671,4985,213168,182,6033,5041,138,13089,1458,0.00449438
4,47513.3,31577.1,92926.8,84560,28,1132,46990,43671,4985,213168,182,6033,5041,138,13089,1458,0.00449438
4,58121.7,31577.1,92926.8,84560,23,1132,46990,43671,4985,213168,182,6033,5041,138,13089,1458,0.00449438
4,60476.4,31577.1,92926.8,84560,33,1132,46990,43671,4985,213168,182,6033,5041,138,13089,1458,0.00449438
4,15207.5,6903.12,7896.17,7300,10,425,13441,11761,1054,43089,37,670,495,0,1047,149,0.00449438
4,16928.6,6903.12,7896.17,7300,12,425,13441,11761,1054,43089,37,670,495,0,1047,149,0.00449438
4,22782.2,6903.12,7896.17,7300,4,425,13441,11761,1054,43089,37,670,495,0,1047,149,0.00449438
4,24262.6,6903.12,7896.17,7300,12,425,13441,11761,1054,43089,37,670,495,0,1047,149,0.00449438
4,25526,18263,31279.4,28939,15,799,30146,27711,2879,123026,73,2341,1925,15,3925,791,0.00449438
4,27160.4,18263,31279.4,28939,26,799,30146,27711,2879,123026,73,2341,1925,15,3925,791,0.00449438
4,34961.7,18263,31279.4,28939,12,799,30146,27711,2879,123026,73,2341,1925,15,3925,791,0.00449438
4,39193.4,18263,31279.4,28939,4,799,30146,27711,2879,123026,73,2341,1925,15,3925,791,0.00449438
4,23787.5,43100,54124.3,48558,11,1335,57061,53294,5999,261380,173,4878,3843,83,12289,489,0.00449438
4,27886.9,43100,54124.3,48558,11,1335,57061,53294,5999,261380,173,4878,3843,83,12289,489,0.00449438
4,29270.7,43100,54124.3,48558,20,1335,57061,53294,5999,261380,173,4878,3843,83,12289,489,0.00449438
4,55048,43100,54124.3,48558,22,1335,57061,53294,5999,261380,173,4878,3843,83,12289,489,0.00449438
4,14604.9,31674.5,104115,92342,9,924,42067,39189,4210,181899,266,8943,7277,215,23748,841,0.00449438
4,38813.2,31674.5,104115,92342,14,924,42067,39189,4210,181899,266,8943,7277,215,23748,841,0.00449438
4,44533.7,31674.5,104115,92342,23,924,42067,39189,4210,181899,266,8943,7277,215,23748,841,0.00449438
4,55912.4,31674.5,104115,92342,34,924,42067,39189,4210,181899,266,8943,7277,215,23748,841,0.00449438
4,16878.6,5807.3,9943.63,9110,4,382,11791,10279,896,37130,45,869,646,3,1532,184,0.00449438
4,17230.5,5807.3,9943.63,9110,6,382,11791,10279,896,37130,45,869,646,3,1532,184,0.00449438
4,20746.7,5807.3,9943.63,9110,14,382,11791,10279,896,37130,45,869,646,3,1532,184,0.00449438
4,22983.8,5807.3,9943.63,9110,17,382,11791,10279,896,37130,45,869,646,3,1532,184,0.00449438
4,19040.6,30555,115405,101974,4,1018,45486,42446,4789,199836,286,10240,8538,309,29055,984,0.00449438
4,30691.8,30555,115405,101974,15,1018,45486,42446,4789,199836,286,10240,8538,309,29055,984,0.00449438
4,54384.9,30555,115405,101974,33,1018,45486,42446,4789,199836,286,10240,8538,309,29055,984,0.00449438
4,59910.5,30555,115405,101974,26,1018,45486,42446,4789,199836,286,10240,8538,309,29055,984,0.00449438
4,12967.8,13801.6,14713.7,13588,8,524,18840,16785,1644,66269,53,1221,902,8,1886,216,0.00449438
4,19393,13801.6,14713.7,13588,12,524,18840,16785,1644,66269,53,1221,902,8,1886,216,0.00449438
4,21400.5,13801.6,14713.7,13588,4,524,18840,16785,1644,66269,53,1221,902,8,1886,216,0.00449438
4,28635.3,13801.6,14713.7,13588,9,524,18840,16785,1644,66269,53,1221,902,8,1886,216,0.00449438
4,31462.6,33716.3,43882.5,40253,23,1103,45829,42667,4725,201020,88,3507,2923,72,5917,1087,0.00449438
4,35562,33716.3,43882.5,40253,24,1103,45829,42667,4725,201020,88,3507,2923,72,5917,1087,0.00449438
4,38534.8,33716.3,43882.5,40253,27,1103,45829,42667,4725,201020,88,3507,2923,72,5917,1087,0.00449438
4,53886.8,33716.3,43882.5,40253,3,1103,45829,42667,4725,201020,88,3507,2923,72,5917,1087,0.00449438
4,14873.3,4098.77,9662.88,8942,16,310,9241,7904,669,27891,36,787,587,2,1257,196,0.00449438
4,17402.4,4098.77,9662.88,8942,10,310,9241,7904,669,27891,36,787,587,2,1257,196,0.00449438
4,17711.1,4098.77,9662.88,8942,19,310,9241,7904,669,27891,36,787,587,2,1257,196,0.00449438
4,20404,4098.77,9662.88,8942,13,310,9241,7904,669,27891,36,787,587,2,1257,196,0.00449438
4,13180.4,15119.8,13214.5,12194,11,680,25351,22750,2226,90373,52,1097,837,1,1667,276,0.00449438
4,14681,15119.8,13214.5,12194,16,680,25351,22750,2226,90373,52,1097,837,1,1667,276,0.00449438
4,24022.2,15119.8,13214.5,12194,6,680,25351,22750,2226,90373,52,1097,837,1,1667,276,0.00449438
4,32236.8,15119.8,13214.5,12194,7,680,25351,22750,2226,90373,52,1097,837,1,1667,276,0.00449438
4,1301.68,22866.9,83270.2,74398,2,831,35059,32550,3448,147859,205,6820,5509,222,19100,474,0.00449438
4,33005,22866.9,83270.2,74398,26,831,35059,32550,3448,147859,205,6820,5509,222,19100,474,0.00449438
4,41570.8,22866.9,83270.2,74398,28,831,35059,32550,3448,147859,205,6820,5509,222,19100,474,0.00449438
4,41825.7,22866.9,83270.2,74398,22,831,35059,32550,3448,147859,205,6820,5509,222,19100,474,0.00449438
4,28315,43391.1,55526.1,49533,11,1336,59142,55285,6235,271754,180,4867,3787,108,11547,471,0.00449438
4,32414.5,43391.1,55526.1,49533,11,1336,59142,55285,6235,271754,180,4867,3787,108,11547,471,0.00449438
4,32604,43391.1,55526.1,49533,19,1336,59142,55285,6235,271754,180,4867,3787,108,11547,471,0.00449438
4,58438.2,43391.1,55526.1,49533,47,1336,59142,55285,6235,271754,180,4867,3787,108,11547,471,0.00449438
4,7781.29,4362.27,5351.09,5018,4,298,8954,7734,662,27795,25,407,301,0,496,115,0.00449438
4,10477.4,4362.27,5351.09,5018,12,298,8954,7734,662,27795,25,407,301,0,496,115,0.00449438
4,15980.4,4362.27,5351.09,5018,4,298,8954,7734,662,27795,25,407,301,0,496,115,0.00449438
4,20591.3,4362.27,5351.09,5018,11,298,8954,7734,662,27795,25,407,301,0,496,115,0.00449438
4,16461.9,7306.32,17945.7,16351,4,488,14087,12486,1170,47649,76,1554,1164,11,2761,277,0.00449438
4,18667.9,7306.32,17945.7,16351,9,488,14087,12486,1170,47649,76,1554,1164,11,2761,277,0.00449438
4,24843.3,7306.32,17945.7,16351,20,488,14087,12486,1170,47649,76,1554,1164,11,2761,277,0.00449438
4,26564.3,7306.32,17945.7,16351,22,488,14087,12486,1170,47649,76,1554,1164,11,2761,277,0.00449438
4,31354.7,13134.2,35155.7,32275,12,613,21681,19519,1951,80581,101,2871,2287,28,5592,622,0.00449438
4,32354.3,13134.2,35155.7,32275,9,613,21681,19519,1951,80581,101,2871,2287,28,5592,622,0.00449438
4,34370.6,13134.2,35155.7,32275,12,613,21681,19519,1951,80581,101,2871,2287,28,5592,622,0.00449438
4,36758.9,13134.2,35155.7,32275,19,613,21681,19519,1951,80581,101,2871,2287,28,5592,622,0.00449438
4,20364.3,11570.2,15244.3,14059,8,582,20804,18728,1787,73950,55,1230,938,3,2286,251,0.00449438
4,21856.9,11570.2,15244.3,14059,13,582,20804,18728,1787,73950,55,1230,938,3,2286,251,0.00449438
4,30706.6,11570.2,15244.3,14059,6,582,20804,18728,1787,73950,55,1230,938,3,2286,251,0.00449438
4,31065.9,11570.2,15244.3,14059,11,582,20804,18728,1787,73950,55,1230,938,3,2286,251,0.00449438
4,8298.12,11149.1,13922.5,12731,5,567,20344,17876,1656,69236,64,1275,949,9,2451,167,0.00449438
4,8527.62,11149.1,13922.5,12731,4,567,20344,17876,1656,69236,64,1275,949,9,2451,167,0.00449438
4,20318,11149.1,13922.5,12731,8,567,20344,17876,1656,69236,64,1275,949,9,2451,167,0.00449438
4,28897.7,11149.1,13922.5,12731,15,567,20344,17876,1656,69236,64,1275,949,9,2451,167,0.00449438
4,16961.4,2569.3,11670.1,10794,13,186,5859,5139,417,20917,30,925,682,1,1435,181,0.00449438
4,20549.5,2569.3,11670.1,10794,16,186,5859,5139,417,20917,30,925,682,1,1435,181,0.00449438
4,21258.1,2569.3,11670.1,10794,7,186,5859,5139,417,20917,30,925,682,1,1435,181,0.00449438
4,21375.3,2569.3,11670.1,10794,6,186,5859,5139,417,20917,30,925,682,1,1435,181,0.00449438
4,7104.22,31317,19232.2,17214,4,1160,46150,41987,4623,184429,73,1830,1407,32,4501,82,0.00449438
4,11200.2,31317,19232.2,17214,5,1160,46150,41987,4623,184429,73,1830,1407,32,4501,82,0.00449438
4,12189.6,31317,19232.2,17214,8,1160,46150,41987,4623,184429,73,1830,1407,32,4501,82,0.00449438
4,41345.1,31317,19232.2,17214,31,1160,46150,41987,4623,184429,73,1830,1407,32,4501,82,0.00449438
