K,dist,cost_ki,cost_hi,h_cost,vnum,gen_ki,push_ki,pop_ki,prune_ki,suc_call_ki,gen_hi,push_hi,pop_hi,prune_hi,suc_call_hi,reevaluate,density
4,12661.7,33581.6,40956.1,36418,12,1054,46388,42953,4729,204187,143,4303,3412,57,9394,714,0.00404494
4,26056,33581.6,40956.1,36418,17,1054,46388,42953,4729,204187,143,4303,3412,57,9394,714,0.00404494
4,40829.8,33581.6,40956.1,36418,25,1054,46388,42953,4729,204187,143,4303,3412,57,9394,714,0.00404494
4,53038.7,33581.6,40956.1,36418,11,1054,46388,42953,4729,204187,143,4303,3412,57,9394,714,0.00404494
4,45432,32206.1,24075.1,21910,9,1029,44778,41576,4690,205816,89,2194,1667,7,3969,466,0.00404494
4,45707.3,32206.1,24075.1,21910,13,1029,44778,41576,4690,205816,89,2194,1667,7,3969,466,0.00404494
4,61796.6,32206.1,24075.1,21910,6,1029,44778,41576,4690,205816,89,2194,1667,7,3969,466,0.00404494
4,63011,32206.1,24075.1,21910,4,1029,44778,41576,4690,205816,89,2194,1667,7,3969,466,0.00404494
4,10480.2,28270.3,34069.5,30513,10,1021,44089,40768,4480,191397,111,3454,2725,52,6994,615,0.00404494
4,27120.5,28270.3,34069.5,30513,16,1021,44089,40768,4480,191397,111,3454,2725,52,6994,615,0.00404494
4,41894.3,28270.3,34069.5,30513,24,1021,44089,40768,4480,191397,111,3454,2725,52,6994,615,0.00404494
4,50401.9,28270.3,34069.5,30513,11,1021,44089,40768,4480,191397,111,3454,2725,52,6994,615,0.00404494
4,29674.1,11107.6,46939.2,42580,23,506,20428,18725,2053,83027,139,4116,3240,58,8379,738,0.00404494
4,39681.5,11107.6,46939.2,42580,11,506,20428,18725,2053,83027,139,4116,3240,58,8379,738,0.00404494
4,43307.8,11107.6,46939.2,42580,19,506,20428,18725,2053,83027,139,4116,3240,58,8379,738,0.00404494
4,43646.7,11107.6,46939.2,42580,19,506,20428,18725,2053,83027,139,4116,3240,58,8379,738,0.00404494
4,19980.3,34884.8,10552.1,9564,5,1278,53225,48341,5243,215533,47,1104,840,17,1647,285,0.00404494
4,21343.9,34884.8,10552.1,9564,5,1278,53225,48341,5243,215533,47,1104,840,17,1647,285,0.00404494
4,24397.7,34884.8,10552.1,9564,22,1278,53225,48341,5243,215533,47,1104,840,17,1647,285,0.00404494
4,44352,34884.8,10552.1,9564,3,1278,53225,48341,5243,215533,47,1104,840,17,1647,285,0.00404494
4,39289.3,36365.4,35420.8,31851,4,1222,52945,49313,5741,247537,164,3662,2784,16,7517,619,0.00404494
4,39967.9,36365.4,35420.8,31851,7,1222,52945,49313,5741,247537,164,3662,2784,16,7517,619,0.00404494
4,59252.4,36365.4,35420.8,31851,13,1222,52945,49313,5741,247537,164,3662,2784,16,7517,619,0.00404494
4,68486.2,36365.4,35420.8,31851,7,1222,52945,49313,5741,247537,164,3662,2784,16,7517,619,0.00404494
4,11205.5,56968,118679,104280,14,1480,73425,68757,7663,354510,296,11410,9435,272,30326,1375,0.00404494
4,40619,56968,118679,104280,25,1480,73425,68757,7663,354510,296,11410,9435,272,30326,1375,0.00404494
4,70652,56968,118679,104280,26,1480,73425,68757,7663,354510,296,11410,9435,272,30326,1375,0.00404494
4,85293.2,56968,118679,104280,35,1480,73425,68757,7663,354510,296,11410,9435,272,30326,1375,0.00404494
4,33859.4,54376.7,108479,96763,17,1590,75357,70805,8099,377903,311,9975,8278,208,26694,1364,0.00404494
4,34629.1,54376.7,108479,96763,18,1590,75357,70805,8099,377903,311,9975,8278,208,26694,1364,0.00404494
4,53913.6,54376.7,108479,96763,24,1590,75357,70805,8099,377903,311,9975,8278,208,26694,1364,0.00404494
4,82259.1,54376.7,108479,96763,23,1590,75357,70805,8099,377903,311,9975,8278,208,26694,1364,0.00404494
4,18860.2,43088.6,82168.9,73225,11,1395,61750,57791,6488,282407,266,8109,6504,210,20095,1022,0.00404494
4,36665.5,43088.6,82168.9,73225,21,1395,61750,57791,6488,282407,266,8109,6504,210,20095,1022,0.00404494
4,64137.6,43088.6,82168.9,73225,47,1395,61750,57791,6488,282407,266,8109,6504,210,20095,1022,0.00404494
4,64999.3,43088.6,82168.9,73225,19,1395,61750,57791,6488,282407,266,8109,6504,210,20095,1022,0.00404494
4,33033.2,37321.5,43780.8,39180,15,1346,56667,52873,6132,261401,163,4697,3774,62,11107,639,0.00404494
4,33308.5,37321.5,43780.8,39180,19,1346,56667,52873,6132,261401,163,4697,3774,62,11107,639,0.00404494
4,49383.6,37321.5,43780.8,39180,4,1346,56667,52873,6132,261401,163,4697,3774,62,11107,639,0.00404494
4,62347,37321.5,43780.8,39180,21,1346,56667,52873,6132,261401,163,4697,3774,62,11107,639,0.00404494
4,31679.2,41522.4,44341.5,39238,2,1390,60950,56885,6723,287661,172,4583,3621,75,11717,456,0.00404494
4,31946.2,41522.4,44341.5,39238,6,1390,60950,56885,6723,287661,172,4583,3621,75,11717,456,0.00404494
4,50963.1,41522.4,44341.5,39238,8,1390,60950,56885,6723,287661,172,4583,3621,75,11717,456,0.00404494
4,67799.5,41522.4,44341.5,39238,22,1390,60950,56885,6723,287661,172,4583,3621,75,11717,456,0.00404494
4,26639,37281.7,67219,61090,23,1170,56819,53042,5691,259799,153,6175,5108,118,13805,1179,0.00404494
4,29753,37281.7,67219,61090,23,1170,56819,53042,5691,259799,153,6175,5108,118,13805,1179,0.00404494
4,54028.5,37281.7,67219,61090,26,1170,56819,53042,5691,259799,153,6175,5108,118,13805,1179,0.00404494
4,68802.3,37281.7,67219,61090,34,1170,56819,53042,5691,259799,153,6175,5108,118,13805,1179,0.00404494
4,36784.2,29583.4,58651,53217,24,1173,47551,43703,4486,196150,191,5690,4524,106,11798,1025,0.00404494
4,38616.3,29583.4,58651,53217,25,1173,47551,43703,4486,196150,191,5690,4524,106,11798,1025,0.00404494
4,43797.1,29583.4,58651,53217,34,1173,47551,43703,4486,196150,191,5690,4524,106,11798,1025,0.00404494
4,45140.8,29583.4,58651,53217,35,1173,47551,43703,4486,196150,191,5690,4524,106,11798,1025,0.00404494
4,13990.2,14416.2,24210.7,22158,7,607,23616,21592,2220,93450,103,2496,1886,42,4351,446,0.00404494
4,27973.8,14416.2,24210.7,22158,17,607,23616,21592,2220,93450,103,2496,1886,42,4351,446,0.00404494
4,33017.1,14416.2,24210.7,22158,18,607,23616,21592,2220,93450,103,2496,1886,42,4351,446,0.00404494
4,33607.2,14416.2,24210.7,22158,20,607,23616,21592,2220,93450,103,2496,1886,42,4351,446,0.00404494
4,27300.4,22804.1,23849.8,21406,4,945,39112,34951,3706,148783,80,2316,1773,26,4753,354,0.00404494
4,36832.5,22804.1,23849.8,21406,6,945,39112,34951,3706,148783,80,2316,1773,26,4753,354,0.00404494
4,37485.9,22804.1,23849.8,21406,23,945,39112,34951,3706,148783,80,2316,1773,26,4753,354,0.00404494
4,38195.9,22804.1,23849.8,21406,6,945,39112,34951,3706,148783,80,2316,1773,26,4753,354,0.00404494
4,19718.4,33896.8,50238.7,44311,14,1168,55055,51431,5819,262574,196,5506,4423,161,14118,472,0.00404494
4,20940.5,33896.8,50238.7,44311,15,1168,55055,51431,5819,262574,196,5506,4423,161,14118,472,0.00404494
4,24909.4,33896.8,50238.7,44311,14,1168,55055,51431,5819,262574,196,5506,4423,161,14118,472,0.00404494
4,62132.7,33896.8,50238.7,44311,42,1168,55055,51431,5819,262574,196,5506,4423,161,14118,472,0.00404494
4,4429.33,41788.9,34971.1,30823,3,1400,65542,61814,7242,319945,149,3954,3104,97,10541,169,0.00404494
4,5678.9,41788.9,34971.1,30823,3,1400,65542,61814,7242,319945,149,3954,3104,97,10541,169,0.00404494
4,22975.7,41788.9,34971.1,30823,16,1400,65542,61814,7242,319945,149,3954,3104,97,10541,169,0.00404494
4,62212.6,41788.9,34971.1,30823,37,1400,65542,61814,7242,319945,149,3954,3104,97,10541,169,0.00404494
4,24118.1,47005.5,86914.3,76954,18,1548,69344,64915,7314,328244,282,8938,7271,187,25180,611,0.00404494
4,24742.4,47005.5,86914.3,76954,17,1548,69344,64915,7314,328244,282,8938,7271,187,25180,611,0.00404494
4,39804.5,47005.5,86914.3,76954,4,1548,69344,64915,7314,328244,282,8938,7271,187,25180,611,0.00404494
4,64872.3,47005.5,86914.3,76954,30,1548,69344,64915,7314,328244,282,8938,7271,187,25180,611,0.00404494
4,29494.3,11550.5,43057.3,39407,21,556,21485,19728,2189,88024,130,3773,2980,55,7569,720,0.00404494
4,36397.3,11550.5,43057.3,39407,9,556,21485,19728,2189,88024,130,3773,2980,55,7569,720,0.00404494
4,43757,11550.5,43057.3,39407,16,556,21485,19728,2189,88024,130,3773,2980,55,7569,720,0.00404494
4,44095.9,11550.5,43057.3,39407,16,556,21485,19728,2189,88024,130,3773,2980,55,7569,720,0.00404494
4,19235.8,44370.8,63376.6,56636,15,1467,64586,60648,6755,293922,202,6179,4926,80,15843,764,0.00404494
4,31598.7,44370.8,63376.6,56636,18,1467,64586,60648,6755,293922,202,6179,4926,80,15843,764,0.00404494
4,47226.7,44370.8,63376.6,56636,14,1467,64586,60648,6755,293922,202,6179,4926,80,15843,764,0.00404494
4,57857.3,44370.8,63376.6,56636,27,1467,64586,60648,6755,293922,202,6179,4926,80,15843,764,0.00404494
4,14465,26273.6,56100.9,50653,3,870,38652,35544,3996,166034,159,5420,4444,149,12882,799,0.00404494
4,36421.9,26273.6,56100.9,50653,24,870,38652,35544,3996,166034,159,5420,4444,149,12882,799,0.00404494
4,47220.2,26273.6,56100.9,50653,17,870,38652,35544,3996,166034,159,5420,4444,149,12882,799,0.00404494
4,51199.8,26273.6,56100.9,50653,31,870,38652,35544,3996,166034,159,5420,4444,149,12882,799,0.00404494
4,14623.5,16203.2,23347.8,21144,6,666,25060,22451,2292,92206,91,2353,1774,28,4775,309,0.00404494
4,24465.1,16203.2,23347.8,21144,21,666,25060,22451,2292,92206,91,2353,1774,28,4775,309,0.00404494
4,25384,16203.2,23347.8,21144,6,666,25060,22451,2292,92206,91,2353,1774,28,4775,309,0.00404494
4,31834.6,16203.2,23347.8,21144,24,666,25060,22451,2292,92206,91,2353,1774,28,4775,309,0.00404494
4,42071.4,29805.7,87197.6,79127,23,1166,45401,41636,4237,185835,245,7378,5980,167,16047,1377,0.00404494
4,42213.7,29805.7,87197.6,79127,37,1166,45401,41636,4237,185835,245,7378,5980,167,16047,1377,0.00404494
4,43557.5,29805.7,87197.6,79127,38,1166,45401,41636,4237,185835,245,7378,5980,167,16047,1377,0.00404494
4,46517.2,29805.7,87197.6,79127,34,1166,45401,41636,4237,185835,245,7378,5980,167,16047,1377,0.00404494
4,5726.64,44980.4,24116.6,21254,5,1403,61566,57666,6571,285697,106,2717,2084,63,7629,60,0.00404494
4,7088.3,44980.4,24116.6,21254,6,1403,61566,57666,6571,285697,106,2717,2084,63,7629,60,0.00404494
4,14285.3,44980.4,24116.6,21254,3,1403,61566,57666,6571,285697,106,2717,2084,63,7629,60,0.00404494
4,53122.9,44980.4,24116.6,21254,31,1403,61566,57666,6571,285697,106,2717,2084,63,7629,60,0.00404494
4,25173.2,50484.8,135996,119852,19,1551,67712,63406,7123,318482,308,9507,7714,190,26068,739,0.00404494
4,25959.6,50484.8,135996,119852,25,1551,67712,63406,7123,318482,308,9507,7714,190,26068,739,0.00404494
4,40595.5,50484.8,135996,119852,7,1551,67712,63406,7123,318482,308,9507,7714,190,26068,739,0.00404494
4,63522.9,50484.8,135996,119852,28,1551,67712,63406,7123,318482,308,9507,7714,190,26068,739,0.00404494
4,28654.8,13432.1,57018,51870,20,474,19048,17437,1859,77089,143,4072,3160,62,9433,438,0.00404494
4,41411.4,13432.1,57018,51870,21,474,19048,17437,1859,77089,143,4072,3160,62,9433,438,0.00404494
4,41601.1,13432.1,57018,51870,11,474,19048,17437,1859,77089,143,4072,3160,62,9433,438,0.00404494
4,41750.3,13432.1,57018,51870,21,474,19048,17437,1859,77089,143,4072,3160,62,9433,438,0.00404494
4,10793.6,30952,36630.2,32725,10,673,28172,25923,2850,115277,127,3368,2629,70,7526,418,0.00404494
4,24755.3,30952,36630.2,32725,9,673,28172,25923,2850,115277,127,3368,2629,70,7526,418,0.00404494
4,25229.6,30952,36630.2,32725,16,673,28172,25923,2850,115277,127,3368,2629,70,7526,418,0.00404494
4,42230.1,30952,36630.2,32725,27,673,28172,25923,2850,115277,127,3368,2629,70,7526,418,0.00404494
4,36790.2,49430.5,108072,97086,15,1451,65895,61460,7107,319166,267,7526,6151,142,18260,1270,0.00404494
4,37486.2,49430.5,108072,97086,17,1451,65895,61460,7107,319166,267,7526,6151,142,18260,1270,0.00404494
4,56770.7,49430.5,108072,97086,23,1451,65895,61460,7107,319166,267,7526,6151,142,18260,1270,0.00404494
4,76686,49430.5,108072,97086,17,1451,65895,61460,7107,319166,267,7526,6151,142,18260,1270,0.00404494
4,12727.5,38168.1,50750,45829,12,973,42825,39554,4355,186075,135,4244,3391,77,9439,750,0.00404494
4,28434.9,38168.1,50750,45829,20,973,42825,39554,4355,186075,135,4244,3391,77,9439,750,0.00404494
4,43260.3,38168.1,50750,45829,26,973,42825,39554,4355,186075,135,4244,3391,77,9439,750,0.00404494
4,51449.5,38168.1,50750,45829,12,973,42825,39554,4355,186075,135,4244,3391,77,9439,750,0.00404494
4,10269.7,25580.7,28616.2,25243,6,849,35685,33042,3647,153104,106,2549,1923,64,5883,166,0.00404494
4,21152.5,25580.7,28616.2,25243,6,849,35685,33042,3647,153104,106,2549,1923,64,5883,166,0.00404494
4,21516.1,25580.7,28616.2,25243,8,849,35685,33042,3647,153104,106,2549,1923,64,5883,166,0.00404494
4,44864.4,25580.7,28616.2,25243,31,849,35685,33042,3647,153104,106,2549,1923,64,5883,166,0.00404494
4,21524.1,42549.1,61574.4,53540,6,1019,46468,43041,4793,210566,180,5490,4415,171,14825,348,0.00404494
4,22895.3,42549.1,61574.4,53540,18,1019,46468,43041,4793,210566,180,5490,4415,171,14825,348,0.00404494
4,23462,42549.1,61574.4,53540,19,1019,46468,43041,4793,210566,180,5490,4415,171,14825,348,0.00404494
4,57496.9,42549.1,61574.4,53540,36,1019,46468,43041,4793,210566,180,5490,4415,171,14825,348,0.00404494
4,29332.4,40307.2,67322.6,60806,17,1242,51510,47542,5072,214309,180,5703,4579,95,12337,989,0.00404494
4,41551,40307.2,67322.6,60806,32,1242,51510,47542,5072,214309,180,5703,4579,95,12337,989,0.00404494
4,43570.5,40307.2,67322.6,60806,27,1242,51510,47542,5072,214309,180,5703,4579,95,12337,989,0.00404494
4,44914.2,40307.2,67322.6,60806,28,1242,51510,47542,5072,214309,180,5703,4579,95,12337,989,0.00404494
4,35984.9,36639.9,104779,94277,32,1262,51580,47558,4857,218830,301,8547,6803,198,19907,1100,0.00404494
4,37328.7,36639.9,104779,94277,33,1262,51580,47558,4857,218830,301,8547,6803,198,19907,1100,0.00404494
4,45468,36639.9,104779,94277,26,1262,51580,47558,4857,218830,301,8547,6803,198,19907,1100,0.00404494
4,47103,36639.9,104779,94277,29,1262,51580,47558,4857,218830,301,8547,6803,198,19907,1100,0.00404494
4,18111.7,22431.7,25247,22810,6,856,33202,29513,3017,121705,107,2500,1939,23,5310,392,0.00404494
4,27553.8,22431.7,25247,22810,22,856,33202,29513,3017,121705,107,2500,1939,23,5310,392,0.00404494
4,28969,22431.7,25247,22810,23,856,33202,29513,3017,121705,107,2500,1939,23,5310,392,0.00404494
4,35383.6,22431.7,25247,22810,23,856,33202,29513,3017,121705,107,2500,1939,23,5310,392,0.00404494
4,11599.6,39567.7,36934.8,33859,7,1275,56202,52539,5624,247782,87,2835,2198,17,5636,612,0.00404494
4,38711.1,39567.7,36934.8,33859,13,1275,56202,52539,5624,247782,87,2835,2198,17,5636,612,0.00404494
4,38899,39567.7,36934.8,33859,18,1275,56202,52539,5624,247782,87,2835,2198,17,5636,612,0.00404494
4,51175.1,39567.7,36934.8,33859,4,1275,56202,52539,5624,247782,87,2835,2198,17,5636,612,0.00404494
4,34741.1,46129.1,52333.8,46885,4,1354,59256,55261,6453,280203,198,4905,3824,78,11499,663,0.00404494
4,35419.9,46129.1,52333.8,46885,7,1354,59256,55261,6453,280203,198,4905,3824,78,11499,663,0.00404494
4,54704.4,46129.1,52333.8,46885,13,1354,59256,55261,6453,280203,198,4905,3824,78,11499,663,0.00404494
4,69761.3,46129.1,52333.8,46885,18,1354,59256,55261,6453,280203,198,4905,3824,78,11499,663,0.00404494
4,12625.1,19313.7,35706.1,32389,9,744,31151,28632,3133,127326,105,2713,2133,44,5509,370,0.00404494
4,20600.1,19313.7,35706.1,32389,9,744,31151,28632,3133,127326,105,2713,2133,44,5509,370,0.00404494
4,27398.9,19313.7,35706.1,32389,17,744,31151,28632,3133,127326,105,2713,2133,44,5509,370,0.00404494
4,42241.2,19313.7,35706.1,32389,26,744,31151,28632,3133,127326,105,2713,2133,44,5509,370,0.00404494
4,6799.55,7757.19,13646.4,12355,5,479,14550,12977,1224,50747,76,1469,1097,18,2652,244,0.00404494
4,15642.9,7757.19,13646.4,12355,18,479,14550,12977,1224,50747,76,1469,1097,18,2652,244,0.00404494
4,21820.2,7757.19,13646.4,12355,10,479,14550,12977,1224,50747,76,1469,1097,18,2652,244,0.00404494
4,28645.4,7757.19,13646.4,12355,19,479,14550,12977,1224,50747,76,1469,1097,18,2652,244,0.00404494
4,30400,36664.4,76042.1,68648,18,1291,53890,50202,5334,237063,233,6924,5590,179,15311,1186,0.00404494
4,38484.4,36664.4,76042.1,68648,29,1291,53890,50202,5334,237063,233,6924,5590,179,15311,1186,0.00404494
4,52167.8,36664.4,76042.1,68648,40,1291,53890,50202,5334,237063,233,6924,5590,179,15311,1186,0.00404494
4,53511.6,36664.4,76042.1,68648,41,1291,53890,50202,5334,237063,233,6924,5590,179,15311,1186,0.00404494
4,12191,14636.4,25576.6,23651,7,690,25203,22765,2249,93876,83,1874,1439,27,3062,416,0.00404494
4,17459,14636.4,25576.6,23651,16,690,25203,22765,2249,93876,83,1874,1439,27,3062,416,0.00404494
4,28508.1,14636.4,25576.6,23651,20,690,25203,22765,2249,93876,83,1874,1439,27,3062,416,0.00404494
4,37014.2,14636.4,25576.6,23651,10,690,25203,22765,2249,93876,83,1874,1439,27,3062,416,0.00404494
4,33921.5,32540.7,57120.2,52047,22,1187,47931,44059,4567,195351,180,5301,4200,102,10916,947,0.00404494
4,39978,32540.7,57120.2,52047,27,1187,47931,44059,4567,195351,180,5301,4200,102,10916,947,0.00404494
4,42827.7,32540.7,57120.2,52047,30,1187,47931,44059,4567,195351,180,5301,4200,102,10916,947,0.00404494
4,44171.5,32540.7,57120.2,52047,31,1187,47931,44059,4567,195351,180,5301,4200,102,10916,947,0.00404494
4,22584.3,36746.9,59851.8,54279,16,1169,55710,52016,5542,252325,143,5485,4482,74,12103,1052,0.00404494
4,29581.3,36746.9,59851.8,54279,21,1169,55710,52016,5542,252325,143,5485,4482,74,12103,1052,0.00404494
4,50994.1,36746.9,59851.8,54279,23,1169,55710,52016,5542,252325,143,5485,4482,74,12103,1052,0.00404494
4,65767.9,36746.9,59851.8,54279,31,1169,55710,52016,5542,252325,143,5485,4482,74,12103,1052,0.00404494
4,30288.5,40407.4,61010.7,54556,21,1334,56826,53110,5754,252958,201,5928,4793,153,13309,1013,0.00404494
4,32818.5,40407.4,61010.7,54556,26,1334,56826,53110,5754,252958,201,5928,4793,153,13309,1013,0.00404494
4,52660.3,40407.4,61010.7,54556,40,1334,56826,53110,5754,252958,201,5928,4793,153,13309,1013,0.00404494
4,54004.1,40407.4,61010.7,54556,41,1334,56826,53110,5754,252958,201,5928,4793,153,13309,1013,0.00404494
4,41997.3,38289.2,51113.5,46308,13,1254,55590,51753,6023,261388,167,4726,3844,35,10154,1153,0.00404494
4,42693.4,38289.2,51113.5,46308,15,1254,55590,51753,6023,261388,167,4726,3844,35,10154,1153,0.00404494
4,61977.9,38289.2,51113.5,46308,21,1254,55590,51753,6023,261388,167,4726,3844,35,10154,1153,0.00404494
4,72909.4,38289.2,51113.5,46308,6,1254,55590,51753,6023,261388,167,4726,3844,35,10154,1153,0.00404494
4,26429.9,34313.3,133250,121133,9,1279,55853,52245,5715,259475,279,9843,8127,311,25328,1388,0.00404494
4,48845.2,34313.3,133250,121133,30,1279,55853,52245,5715,259475,279,9843,8127,311,25328,1388,0.00404494
4,60119.3,34313.3,133250,121133,47,1279,55853,52245,5715,259475,279,9843,8127,311,25328,1388,0.00404494
4,61463,34313.3,133250,121133,48,1279,55853,52245,5715,259475,279,9843,8127,311,25328,1388,0.00404494
4,14691,40354.4,70694.5,63207,16,1391,62720,58691,6561,288180,269,7457,5963,168,19804,779,0.00404494
4,37564.5,40354.4,70694.5,63207,15,1391,62720,58691,6561,288180,269,7457,5963,168,19804,779,0.00404494
4,66423.5,40354.4,70694.5,63207,10,1391,62720,58691,6561,288180,269,7457,5963,168,19804,779,0.00404494
4,68241.2,40354.4,70694.5,63207,48,1391,62720,58691,6561,288180,269,7457,5963,168,19804,779,0.00404494
4,43034.4,29863.4,103867,94106,16,1253,52950,49308,5175,236758,268,9537,7890,210,22966,1521,0.00404494
4,46384.2,29863.4,103867,94106,42,1253,52950,49308,5175,236758,268,9537,7890,210,22966,1521,0.00404494
4,47543,29863.4,103867,94106,42,1253,52950,49308,5175,236758,268,9537,7890,210,22966,1521,0.00404494
4,55300,29863.4,103867,94106,39,1253,52950,49308,5175,236758,268,9537,7890,210,22966,1521,0.00404494
4,17225.4,41059.4,68174.2,60964,11,1417,62038,58062,6400,283581,233,6862,5501,173,17458,738,0.00404494
4,33728,41059.4,68174.2,60964,18,1417,62038,58062,6400,283581,233,6862,5501,173,17458,738,0.00404494
4,62289.8,41059.4,68174.2,60964,15,1417,62038,58062,6400,283581,233,6862,5501,173,17458,738,0.00404494
4,65213.1,41059.4,68174.2,60964,47,1417,62038,58062,6400,283581,233,6862,5501,173,17458,738,0.00404494
4,6811.79,50381,123731,109789,6,1486,73791,69012,7656,359548,352,12266,10192,326,35794,1123,0.00404494
4,46050,50381,123731,109789,15,1486,73791,69012,7656,359548,352,12266,10192,326,35794,1123,0.00404494
4,76170.6,50381,123731,109789,19,1486,73791,69012,7656,359548,352,12266,10192,326,35794,1123,0.00404494
4,88033,50381,123731,109789,62,1486,73791,69012,7656,359548,352,12266,10192,326,35794,1123,0.00404494
4,30200.6,16705.3,31698.4,28440,5,763,30213,26856,2627,108500,94,2834,2178,27,6292,349,0.00404494
4,30838.9,16705.3,31698.4,28440,17,763,30213,26856,2627,108500,94,2834,2178,27,6292,349,0.00404494
4,31172.2,16705.3,31698.4,28440,6,763,30213,26856,2627,108500,94,2834,2178,27,6292,349,0.00404494
4,34280.4,16705.3,31698.4,28440,23,763,30213,26856,2627,108500,94,2834,2178,27,6292,349,0.00404494
4,40837.8,47065.6,96787.9,87100,19,1494,69656,64906,7431,343144,296,9592,8018,237,25237,1692,0.00404494
4,41607.5,47065.6,96787.9,87100,20,1494,69656,64906,7431,343144,296,9592,8018,237,25237,1692,0.00404494
4,60892,47065.6,96787.9,87100,26,1494,69656,64906,7431,343144,296,9592,8018,237,25237,1692,0.00404494
4,82495.8,47065.6,96787.9,87100,16,1494,69656,64906,7431,343144,296,9592,8018,237,25237,1692,0.00404494
4,13390.4,42518.4,25732.7,23149,9,1424,62269,57636,6592,273303,112,2720,2052,59,7013,171,0.00404494
4,14805.7,42518.4,25732.7,23149,10,1424,62269,57636,6592,273303,112,2720,2052,59,7013,171,0.00404494
4,16939.2,42518.4,25732.7,23149,15,1424,62269,57636,6592,273303,112,2720,2052,59,7013,171,0.00404494
4,49716.2,42518.4,25732.7,23149,25,1424,62269,57636,6592,273303,112,2720,2052,59,7013,171,0.00404494
4,30139.6,22159.2,51499.9,47834,11,886,35980,32065,3330,133445,105,3200,2445,35,6607,477,0.00404494
4,34019.2,22159.2,51499.9,47834,22,886,35980,32065,3330,133445,105,3200,2445,35,6607,477,0.00404494
4,36787.9,22159.2,51499.9,47834,30,886,35980,32065,3330,133445,105,3200,2445,35,6607,477,0.00404494
4,36828.5,22159.2,51499.9,47834,11,886,35980,32065,3330,133445,105,3200,2445,35,6607,477,0.00404494
4,31817.6,21871.6,24881.8,22363,5,830,32173,28645,2971,118990,91,2240,1683,29,4516,296,0.00404494
4,32375.7,21871.6,24881.8,22363,7,830,32173,28645,2971,118990,91,2240,1683,29,4516,296,0.00404494
4,33177.7,21871.6,24881.8,22363,6,830,32173,28645,2971,118990,91,2240,1683,29,4516,296,0.00404494
4,35170.6,21871.6,24881.8,22363,24,830,32173,28645,2971,118990,91,2240,1683,29,4516,296,0.00404494
4,4354.16,56601.6,39794.7,35229,4,1511,69939,66242,7693,341866,158,4169,3282,112,12017,164,0.00404494
4,5193.62,56601.6,39794.7,35229,6,1511,69939,66242,7693,341866,158,4169,3282,112,12017,164,0.00404494
4,24647.7,56601.6,39794.7,35229,11,1511,69939,66242,7693,341866,158,4169,3282,112,12017,164,0.00404494
4,63846.1,56601.6,39794.7,35229,37,1511,69939,66242,7693,341866,158,4169,3282,112,12017,164,0.00404494
4,34506.5,51573.1,66550.7,59417,10,1425,64357,60067,7058,310248,224,6181,4956,96,14939,894,0.00404494
4,35202.5,51573.1,66550.7,59417,12,1425,64357,60067,7058,310248,224,6181,4956,96,14939,894,0.00404494
4,54487,51573.1,66550.7,59417,18,1425,64357,60067,7058,310248,224,6181,4956,96,14939,894,0.00404494
4,73794.4,51573.1,66550.7,59417,20,1425,64357,60067,7058,310248,224,6181,4956,96,14939,894,0.00404494
4,25547.8,24317.5,21357.3,19497,5,1012,40123,35868,3813,150928,62,1725,1348,17,2778,409,0.00404494
4,26911.2,24317.5,21357.3,19497,5,1012,40123,35868,3813,150928,62,1725,1348,17,2778,409,0.00404494
4,27622.9,24317.5,21357.3,19497,21,1012,40123,35868,3813,150928,62,1725,1348,17,2778,409,0.00404494
4,38681.2,24317.5,21357.3,19497,5,1012,40123,35868,3813,150928,62,1725,1348,17,2778,409,0.00404494
4,18614,21565.6,33409.5,30285,15,772,30700,28300,2970,126869,101,2933,2327,50,6037,527,0.00404494
4,24305.9,21565.6,33409.5,30285,10,772,30700,28300,2970,126869,101,2933,2327,50,6037,527,0.00404494
4,25926.9,21565.6,33409.5,30285,14,772,30700,28300,2970,126869,101,2933,2327,50,6037,527,0.00404494
4,43329.6,21565.6,33409.5,30285,22,772,30700,28300,2970,126869,101,2933,2327,50,6037,527,0.00404494
4,16682.3,16642.3,25354.3,22989,4,729,27631,24413,2493,98001,91,2410,1871,27,4693,446,0.00404494
4,29527.7,16642.3,25354.3,22989,23,729,27631,24413,2493,98001,91,2410,1871,27,4693,446,0.00404494
4,30942.9,16642.3,25354.3,22989,24,729,27631,24413,2493,98001,91,2410,1871,27,4693,446,0.00404494
4,32786,16642.3,25354.3,22989,12,729,27631,24413,2493,98001,91,2410,1871,27,4693,446,0.00404494
4,3589.49,7975.93,17310.3,15881,3,472,15641,13939,1501,55698,63,1349,989,18,2563,139,0.00404494
4,9426.37,7975.93,17310.3,15881,3,472,15641,13939,1501,55698,63,1349,989,18,2563,139,0.00404494
4,23112.7,7975.93,17310.3,15881,10,472,15641,13939,1501,55698,63,1349,989,18,2563,139,0.00404494
4,34187.6,7975.93,17310.3,15881,23,472,15641,13939,1501,55698,63,1349,989,18,2563,139,0.00404494
4,10546.5,15024.2,24398.6,21910,4,649,24280,22185,2237,95355,102,2354,1766,32,4318,388,0.00404494
4,16030.5,15024.2,24398.6,21910,12,649,24280,22185,2237,95355,102,2354,1766,32,4318,388,0.00404494
4,23334.9,15024.2,24398.6,21910,17,649,24280,22185,2237,95355,102,2354,1766,32,4318,388,0.00404494
4,33457.2,15024.2,24398.6,21910,28,649,24280,22185,2237,95355,102,2354,1766,32,4318,388,0.00404494
4,4699.51,55677,37868.6,33600,7,1561,69765,65954,7559,336028,142,3726,2928,108,10785,106,0.00404494
4,6043.28,55677,37868.6,33600,8,1561,69765,65954,7559,336028,142,3726,2928,108,10785,106,0.00404494
4,20168,55677,37868.6,33600,3,1561,69765,65954,7559,336028,142,3726,2928,108,10785,106,0.00404494
4,58658.1,55677,37868.6,33600,28,1561,69765,65954,7559,336028,142,3726,2928,108,10785,106,0.00404494
4,3392.44,7015.57,5291.29,4838,2,366,12619,11372,1091,46970,26,590,432,2,817,147,0.00404494
4,18101.4,7015.57,5291.29,4838,9,366,12619,11372,1091,46970,26,590,432,2,817,147,0.00404494
4,21513.5,7015.57,5291.29,4838,5,366,12619,11372,1091,46970,26,590,432,2,817,147,0.00404494
4,31297.1,7015.57,5291.29,4838,5,366,12619,11372,1091,46970,26,590,432,2,817,147,0.00404494
4,43433.2,30408.9,46484.5,42787,16,1038,44275,41137,4604,198599,100,3121,2487,27,6090,604,0.00404494
4,43708.5,30408.9,46484.5,42787,20,1038,44275,41137,4604,198599,100,3121,2487,27,6090,604,0.00404494
4,58406.5,30408.9,46484.5,42787,7,1038,44275,41137,4604,198599,100,3121,2487,27,6090,604,0.00404494
4,59781.8,30408.9,46484.5,42787,4,1038,44275,41137,4604,198599,100,3121,2487,27,6090,604,0.00404494
4,23726.6,12830.1,22613,20816,8,579,23695,21784,2283,96550,53,2087,1651,1,3113,603,0.00404494
4,27091.5,12830.1,22613,20816,14,579,23695,21784,2283,96550,53,2087,1651,1,3113,603,0.00404494
4,34591.4,12830.1,22613,20816,10,579,23695,21784,2283,96550,53,2087,1651,1,3113,603,0.00404494
4,40831.5,12830.1,22613,20816,5,579,23695,21784,2283,96550,53,2087,1651,1,3113,603,0.00404494
4,18931.3,15073.9,33820.9,30723,3,613,24528,22593,2338,99965,96,3054,2409,41,5751,650,0.00404494
4,26459.1,15073.9,33820.9,30723,16,613,24528,22593,2338,99965,96,3054,2409,41,5751,650,0.00404494
4,33486.5,15073.9,33820.9,30723,22,613,24528,22593,2338,99965,96,3054,2409,41,5751,650,0.00404494
4,37949.3,15073.9,33820.9,30723,15,613,24528,22593,2338,99965,96,3054,2409,41,5751,650,0.00404494
4,16217.8,42653.4,51069.9,46454,11,1161,53037,49475,5286,237845,120,4318,3462,59,9395,765,0.00404494
4,32269.9,42653.4,51069.9,46454,10,1161,53037,49475,5286,237845,120,4318,3462,59,9395,765,0.00404494
4,45197.3,42653.4,51069.9,46454,18,1161,53037,49475,5286,237845,120,4318,3462,59,9395,765,0.00404494
4,59971.1,42653.4,51069.9,46454,26,1161,53037,49475,5286,237845,120,4318,3462,59,9395,765,0.00404494
4,25459.6,14369,31088.7,28071,24,722,27902,24819,2392,99431,112,3127,2414,53,6198,454,0.00404494
4,27555.6,14369,31088.7,28071,9,722,27902,24819,2392,99431,112,3127,2414,53,6198,454,0.00404494
4,31319.5,14369,31088.7,28071,27,722,27902,24819,2392,99431,112,3127,2414,53,6198,454,0.00404494
4,33124.4,14369,31088.7,28071,27,722,27902,24819,2392,99431,112,3127,2414,53,6198,454,0.00404494
4,5601.62,24965.9,16938,15259,3,927,37894,35076,3825,162752,89,1927,1445,47,4114,94,0.00404494
4,17697,24965.9,16938,15259,3,927,37894,35076,3825,162752,89,1927,1445,47,4114,94,0.00404494
4,18862.2,24965.9,16938,15259,5,927,37894,35076,3825,162752,89,1927,1445,47,4114,94,0.00404494
4,43737.4,24965.9,16938,15259,28,927,37894,35076,3825,162752,89,1927,1445,47,4114,94,0.00404494
4,47266.3,30770,64425,58885,16,1154,52490,48736,5591,247553,190,5921,4915,77,13050,1589,0.00404494
4,47962.3,30770,64425,58885,18,1154,52490,48736,5591,247553,190,5921,4915,77,13050,1589,0.00404494
4,67246.8,30770,64425,58885,24,1154,52490,48736,5591,247553,190,5921,4915,77,13050,1589,0.00404494
4,73950.4,30770,64425,58885,7,1154,52490,48736,5591,247553,190,5921,4915,77,13050,1589,0.00404494
4,26645.3,15229.7,35360.7,31867,23,735,28475,25382,2455,101369,122,3570,2721,33,7246,447,0.00404494
4,27024.8,15229.7,35360.7,31867,7,735,28475,25382,2455,101369,122,3570,2721,33,7246,447,0.00404494
4,32200.9,15229.7,35360.7,31867,23,735,28475,25382,2455,101369,122,3570,2721,33,7246,447,0.00404494
4,33315.1,15229.7,35360.7,31867,4,735,28475,25382,2455,101369,122,3570,2721,33,7246,447,0.00404494
4,34541,28248.9,68418.2,62225,31,1224,49200,45168,4539,203663,210,5958,4803,125,13428,882,0.00404494
4,35884.8,28248.9,68418.2,62225,32,1224,49200,45168,4539,203663,210,5958,4803,125,13428,882,0.00404494
4,44504,28248.9,68418.2,62225,24,1224,49200,45168,4539,203663,210,5958,4803,125,13428,882,0.00404494
4,45044.7,28248.9,68418.2,62225,28,1224,49200,45168,4539,203663,210,5958,4803,125,13428,882,0.00404494
4,18600,59439.6,102269,89638,13,1635,79141,74820,8482,403348,338,9919,7976,217,28482,640,0.00404494
4,19772.1,59439.6,102269,89638,16,1635,79141,74820,8482,403348,338,9919,7976,217,28482,640,0.00404494
4,39073,59439.6,102269,89638,22,1635,79141,74820,8482,403348,338,9919,7976,217,28482,640,0.00404494
4,77419.5,59439.6,102269,89638,20,1635,79141,74820,8482,403348,338,9919,7976,217,28482,640,0.00404494
4,28358.6,13103.4,30473.7,28104,3,638,25390,23359,2537,106244,75,2529,2078,18,4820,519,0.00404494
4,33622.4,13103.4,30473.7,28104,15,638,25390,23359,2537,106244,75,2529,2078,18,4820,519,0.00404494
4,39025.2,13103.4,30473.7,28104,7,638,25390,23359,2537,106244,75,2529,2078,18,4820,519,0.00404494
4,49441.5,13103.4,30473.7,28104,5,638,25390,23359,2537,106244,75,2529,2078,18,4820,519,0.00404494
4,25770.1,16447.9,53891.7,48493,16,605,25962,23864,2643,107672,157,5340,4333,91,12962,764,0.00404494
4,36424.5,16447.9,53891.7,48493,25,605,25962,23864,2643,107672,157,5340,4333,91,12962,764,0.00404494
4,36763.5,16447.9,53891.7,48493,25,605,25962,23864,2643,107672,157,5340,4333,91,12962,764,0.00404494
4,46859.4,16447.9,53891.7,48493,32,605,25962,23864,2643,107672,157,5340,4333,91,12962,764,0.00404494
4,40177.5,27762.5,79231.9,71793,25,1094,43310,39677,3993,173823,239,6984,5614,166,15694,1041,0.00404494
4,43592.6,27762.5,79231.9,71793,40,1094,43310,39677,3993,173823,239,6984,5614,166,15694,1041,0.00404494
4,44936.3,27762.5,79231.9,71793,41,1094,43310,39677,3993,173823,239,6984,5614,166,15694,1041,0.00404494
4,45430,27762.5,79231.9,71793,36,1094,43310,39677,3993,173823,239,6984,5614,166,15694,1041,0.00404494
4,31624.7,39530.2,73310.4,65606,27,1378,58698,54815,6054,267732,228,7341,6057,145,18066,1112,0.00404494
4,32411.1,39530.2,73310.4,65606,33,1378,58698,54815,6054,267732,228,7341,6057,145,18066,1112,0.00404494
4,45963.8,39530.2,73310.4,65606,20,1378,58698,54815,6054,267732,228,7341,6057,145,18066,1112,0.00404494
4,57385.5,39530.2,73310.4,65606,29,1378,58698,54815,6054,267732,228,7341,6057,145,18066,1112,0.00404494
4,19439.6,41198,53247.9,47776,11,1348,58095,54093,5942,254868,164,5004,3882,42,10551,878,0.00404494
4,41378.9,41198,53247.9,47776,29,1348,58095,54093,5942,254868,164,5004,3882,42,10551,878,0.00404494
4,42300,41198,53247.9,47776,22,1348,58095,54093,5942,254868,164,5004,3882,42,10551,878,0.00404494
4,48690,41198,53247.9,47776,15,1348,58095,54093,5942,254868,164,5004,3882,42,10551,878,0.00404494
4,27103.2,10233.9,58612.5,53341,22,491,19275,17660,1858,77923,137,4119,3266,52,9591,484,0.00404494
4,40521,10233.9,58612.5,53341,20,491,19275,17660,1858,77923,137,4119,3266,52,9591,484,0.00404494
4,40525.4,10233.9,58612.5,53341,20,491,19275,17660,1858,77923,137,4119,3266,52,9591,484,0.00404494
4,40860,10233.9,58612.5,53341,20,491,19275,17660,1858,77923,137,4119,3266,52,9591,484,0.00404494
4,7587.01,27472.3,34936.9,31302,3,907,38622,35517,3808,160036,116,3543,2782,41,7697,530,0.00404494
4,32235,27472.3,34936.9,31302,15,907,38622,35517,3808,160036,116,3543,2782,41,7697,530,0.00404494
4,45112.3,27472.3,34936.9,31302,11,907,38622,35517,3808,160036,116,3543,2782,41,7697,530,0.00404494
4,47008.8,27472.3,34936.9,31302,23,907,38622,35517,3808,160036,116,3543,2782,41,7697,530,0.00404494
4,8820.95,30451,32303.7,29012,5,1070,46722,43263,4712,199927,118,3294,2552,51,7359,317,0.00404494
4,22092.7,30451,32303.7,29012,9,1070,46722,43263,4712,199927,118,3294,2552,51,7359,317,0.00404494
4,36535.7,30451,32303.7,29012,13,1070,46722,43263,4712,199927,118,3294,2552,51,7359,317,0.00404494
4,48573.3,30451,32303.7,29012,41,1070,46722,43263,4712,199927,118,3294,2552,51,7359,317,0.00404494
4,14188.8,15868,19689.3,18070,9,688,28203,25876,2767,113419,64,1750,1375,9,3228,402,0.00404494
4,22071.7,15868,19689.3,18070,4,688,28203,25876,2767,113419,64,1750,1375,9,3228,402,0.00404494
4,29978.2,15868,19689.3,18070,13,688,28203,25876,2767,113419,64,1750,1375,9,3228,402,0.00404494
4,43434.7,15868,19689.3,18070,6,688,28203,25876,2767,113419,64,1750,1375,9,3228,402,0.00404494
4,10626.4,10435.8,18623.7,17035,5,533,20772,19088,1949,82468,82,1757,1327,9,3263,321,0.00404494
4,14180.8,10435.8,18623.7,17035,9,533,20772,19088,1949,82468,82,1757,1327,9,3263,321,0.00404494
4,31908.2,10435.8,18623.7,17035,7,533,20772,19088,1949,82468,82,1757,1327,9,3263,321,0.00404494
4,42468.8,10435.8,18623.7,17035,12,533,20772,19088,1949,82468,82,1757,1327,9,3263,321,0.00404494
4,31664.2,36583.8,51946,46287,26,1322,54416,50718,5434,239410,168,4941,3954,103,11061,820,0.00404494
4,33113.6,36583.8,51946,46287,23,1322,54416,50718,5434,239410,168,4941,3954,103,11061,820,0.00404494
4,49579.6,36583.8,51946,46287,33,1322,54416,50718,5434,239410,168,4941,3954,103,11061,820,0.00404494
4,50923.4,36583.8,51946,46287,34,1322,54416,50718,5434,239410,168,4941,3954,103,11061,820,0.00404494
4,13796.1,9568.73,25557.1,22996,11,461,18367,16817,1782,71065,86,2663,2072,32,5201,468,0.00404494
4,16874.6,9568.73,25557.1,22996,12,461,18367,16817,1782,71065,86,2663,2072,32,5201,468,0.00404494
4,37761.3,9568.73,25557.1,22996,13,461,18367,16817,1782,71065,86,2663,2072,32,5201,468,0.00404494
4,39985.3,9568.73,25557.1,22996,16,461,18367,16817,1782,71065,86,2663,2072,32,5201,468,0.00404494
4,15522.1,28397.7,64344.5,57521,10,955,43092,39880,4393,188897,161,5997,4956,154,14688,910,0.00404494
4,39903.9,28397.7,64344.5,57521,27,955,43092,39880,4393,188897,161,5997,4956,154,14688,910,0.00404494
4,43875.9,28397.7,64344.5,57521,16,955,43092,39880,4393,188897,161,5997,4956,154,14688,910,0.00404494
4,54677.7,28397.7,64344.5,57521,35,955,43092,39880,4393,188897,161,5997,4956,154,14688,910,0.00404494
4,44398.8,35374.4,57386,52144,15,1242,55596,51757,5926,262305,168,5130,4254,62,11062,1425,0.00404494
4,45094.8,35374.4,57386,52144,17,1242,55596,51757,5926,262305,168,5130,4254,62,11062,1425,0.00404494
4,64379.3,35374.4,57386,52144,23,1242,55596,51757,5926,262305,168,5130,4254,62,11062,1425,0.00404494
4,74947.1,35374.4,57386,52144,4,1242,55596,51757,5926,262305,168,5130,4254,62,11062,1425,0.00404494
4,41813.7,45757.3,95972.3,86290,21,1427,65585,61095,7059,319119,264,8759,7246,164,21602,1687,0.00404494
4,42538.8,45757.3,95972.3,86290,24,1427,65585,61095,7059,319119,264,8759,7246,164,21602,1687,0.00404494
4,61823.3,45757.3,95972.3,86290,30,1427,65585,61095,7059,319119,264,8759,7246,164,21602,1687,0.00404494
4,80270.1,45757.3,95972.3,86290,11,1427,65585,61095,7059,319119,264,8759,7246,164,21602,1687,0.00404494
4,15346.5,11431.7,26586.6,24093,10,590,20217,18084,1724,70005,103,2493,1924,25,4761,382,0.00404494
4,20704.6,11431.7,26586.6,24093,11,590,20217,18084,1724,70005,103,2493,1924,25,4761,382,0.00404494
4,29721.9,11431.7,26586.6,24093,27,590,20217,18084,1724,70005,103,2493,1924,25,4761,382,0.00404494
4,30259.3,11431.7,26586.6,24093,6,590,20217,18084,1724,70005,103,2493,1924,25,4761,382,0.00404494
4,33459.1,34035.9,67340.4,60825,21,1242,51489,47903,5096,223591,219,6264,5084,184,13991,1032,0.00404494
4,40519.8,34035.9,67340.4,60825,31,1242,51489,47903,5096,223591,219,6264,5084,184,13991,1032,0.00404494
4,50077.7,34035.9,67340.4,60825,39,1242,51489,47903,5096,223591,219,6264,5084,184,13991,1032,0.00404494
4,51421.4,34035.9,67340.4,60825,40,1242,51489,47903,5096,223591,219,6264,5084,184,13991,1032,0.00404494
4,12359.1,26597.7,29723.4,26691,5,943,41303,38117,4098,174376,121,3250,2539,78,7136,309,0.00404494
4,18401.7,26597.7,29723.4,26691,5,943,41303,38117,4098,174376,121,3250,2539,78,7136,309,0.00404494
4,32910.3,26597.7,29723.4,26691,11,943,41303,38117,4098,174376,121,3250,2539,78,7136,309,0.00404494
4,45901.5,26597.7,29723.4,26691,34,943,41303,38117,4098,174376,121,3250,2539,78,7136,309,0.00404494
4,15924.8,29690.7,63954.9,57608,12,1024,45421,42163,4554,199975,159,5562,4565,127,12880,872,0.00404494
4,40091.1,29690.7,63954.9,57608,13,1024,45421,42163,4554,199975,159,5562,4565,127,12880,872,0.00404494
4,41366.8,29690.7,63954.9,57608,23,1024,45421,42163,4554,199975,159,5562,4565,127,12880,872,0.00404494
4,56140.6,29690.7,63954.9,57608,31,1024,45421,42163,4554,199975,159,5562,4565,127,12880,872,0.00404494
4,11630.5,12757.5,33996.9,30593,4,558,24036,22059,2490,96349,109,3337,2661,92,7437,463,0.00404494
4,22813.1,12757.5,33996.9,30593,18,558,24036,22059,2490,96349,109,3337,2661,92,7437,463,0.00404494
4,32222.4,12757.5,33996.9,30593,15,558,24036,22059,2490,96349,109,3337,2661,92,7437,463,0.00404494
4,42892.1,12757.5,33996.9,30593,26,558,24036,22059,2490,96349,109,3337,2661,92,7437,463,0.00404494
4,13992.3,52437.4,39351.9,34824,11,1508,69442,65059,7353,327407,129,3787,2939,42,9342,350,0.00404494
4,14969,52437.4,39351.9,34824,15,1508,69442,65059,7353,327407,129,3787,2939,42,9342,350,0.00404494
4,29241.5,52437.4,39351.9,34824,4,1508,69442,65059,7353,327407,129,3787,2939,42,9342,350,0.00404494
4,60324.8,52437.4,39351.9,34824,14,1508,69442,65059,7353,327407,129,3787,2939,42,9342,350,0.00404494
4,19542.4,46086.5,55477.9,49665,13,1362,64992,60890,6635,300797,136,5142,4244,80,12069,995,0.00404494
4,27925,46086.5,55477.9,49665,14,1362,64992,60890,6635,300797,136,5142,4244,80,12069,995,0.00404494
4,58018.9,46086.5,55477.9,49665,18,1362,64992,60890,6635,300797,136,5142,4244,80,12069,995,0.00404494
4,72599.2,46086.5,55477.9,49665,24,1362,64992,60890,6635,300797,136,5142,4244,80,12069,995,0.00404494
4,17934.8,58307,71387.1,62681,10,1609,76880,72648,8298,385487,232,7054,5691,104,19854,567,0.00404494
4,19106.9,58307,71387.1,62681,13,1609,76880,72648,8298,385487,232,7054,5691,104,19854,567,0.00404494
4,38427.4,58307,71387.1,62681,17,1609,76880,72648,8298,385487,232,7054,5691,104,19854,567,0.00404494
4,74015.4,58307,71387.1,62681,23,1609,76880,72648,8298,385487,232,7054,5691,104,19854,567,0.00404494
4,8145.38,6960.69,7212.13,6654,5,399,14187,12865,1314,53319,31,736,539,0,997,221,0.00404494
4,19245.7,6960.69,7212.13,6654,5,399,14187,12865,1314,53319,31,736,539,0,997,221,0.00404494
4,27751.6,6960.69,7212.13,6654,5,399,14187,12865,1314,53319,31,736,539,0,997,221,0.00404494
4,36956.5,6960.69,7212.13,6654,3,399,14187,12865,1314,53319,31,736,539,0,997,221,0.00404494
4,18610.1,14009.8,35162.4,31713,14,634,25690,23642,2612,106091,119,3712,2963,69,8619,449,0.00404494
4,31342.3,14009.8,35162.4,31713,16,634,25690,23642,2612,106091,119,3712,2963,69,8619,449,0.00404494
4,31681.3,14009.8,35162.4,31713,16,634,25690,23642,2612,106091,119,3712,2963,69,8619,449,0.00404494
4,41965.9,14009.8,35162.4,31713,32,634,25690,23642,2612,106091,119,3712,2963,69,8619,449,0.00404494
4,17310,35840,25506.2,22777,22,1251,53164,48649,5398,218755,102,2688,2034,38,6104,333,0.00404494
4,18576.8,35840,25506.2,22777,14,1251,53164,48649,5398,218755,102,2688,2034,38,6104,333,0.00404494
4,19992,35840,25506.2,22777,15,1251,53164,48649,5398,218755,102,2688,2034,38,6104,333,0.00404494
4,44821.3,35840,25506.2,22777,20,1251,53164,48649,5398,218755,102,2688,2034,38,6104,333,0.00404494
4,23233.1,40096.9,82417.7,73814,14,1346,58797,54943,6057,266023,233,7429,6088,221,17907,1125,0.00404494
4,39597.1,40096.9,82417.7,73814,26,1346,58797,54943,6057,266023,233,7429,6088,221,17907,1125,0.00404494
4,59651.2,40096.9,82417.7,73814,43,1346,58797,54943,6057,266023,233,7429,6088,221,17907,1125,0.00404494
4,60994.9,40096.9,82417.7,73814,44,1346,58797,54943,6057,266023,233,7429,6088,221,17907,1125,0.00404494
4,7041.34,8786.53,7501.78,6942,6,429,15243,13844,1421,57990,36,640,469,0,844,185,0.00404494
4,17124.2,8786.53,7501.78,6942,6,429,15243,13844,1421,57990,36,640,469,0,844,185,0.00404494
4,26951.7,8786.53,7501.78,6942,6,429,15243,13844,1421,57990,36,640,469,0,844,185,0.00404494
4,36735,8786.53,7501.78,6942,7,429,15243,13844,1421,57990,36,640,469,0,844,185,0.00404494
4,31358.8,20725.2,34103.5,30949,20,760,30521,27107,2687,111068,95,3091,2416,39,6589,492,0.00404494
4,31651.9,20725.2,34103.5,30949,20,760,30521,27107,2687,111068,95,3091,2416,39,6589,492,0.00404494
4,33131.8,20725.2,34103.5,30949,16,760,30521,27107,2687,111068,95,3091,2416,39,6589,492,0.00404494
4,34447.1,20725.2,34103.5,30949,4,760,30521,27107,2687,111068,95,3091,2416,39,6589,492,0.00404494
4,15877.1,29047.2,52459.5,47567,11,1034,47063,43782,4657,207923,143,5027,4066,74,11062,836,0.00404494
4,37135.3,29047.2,52459.5,47567,11,1034,47063,43782,4657,207923,143,5027,4066,74,11062,836,0.00404494
4,42801.6,29047.2,52459.5,47567,21,1034,47063,43782,4657,207923,143,5027,4066,74,11062,836,0.00404494
4,57575.4,29047.2,52459.5,47567,29,1034,47063,43782,4657,207923,143,5027,4066,74,11062,836,0.00404494
4,13968.3,13108.2,26318.5,23775,8,607,23626,21503,2205,92313,91,2380,1792,44,4735,293,0.00404494
4,27324.4,13108.2,26318.5,23775,16,607,23626,21503,2205,92313,91,2380,1792,44,4735,293,0.00404494
4,32916,13108.2,26318.5,23775,21,607,23626,21503,2205,92313,91,2380,1792,44,4735,293,0.00404494
4,32995.2,13108.2,26318.5,23775,19,607,23626,21503,2205,92313,91,2380,1792,44,4735,293,0.00404494
4,19047.4,22809.7,48546,43604,12,770,34348,31541,3595,144381,151,4644,3700,96,10235,711,0.00404494
4,25590.4,22809.7,48546,43604,20,770,34348,31541,3595,144381,151,4644,3700,96,10235,711,0.00404494
4,33156.7,22809.7,48546,43604,22,770,34348,31541,3595,144381,151,4644,3700,96,10235,711,0.00404494
4,50505.2,22809.7,48546,43604,30,770,34348,31541,3595,144381,151,4644,3700,96,10235,711,0.00404494
4,34474.4,35776.8,69186,62564,23,1237,50652,47102,4843,218953,206,6045,4877,128,12860,1068,0.00404494
4,37890.1,35776.8,69186,62564,29,1237,50652,47102,4843,218953,206,6045,4877,128,12860,1068,0.00404494
4,48412.1,35776.8,69186,62564,37,1237,50652,47102,4843,218953,206,6045,4877,128,12860,1068,0.00404494
4,49755.9,35776.8,69186,62564,38,1237,50652,47102,4843,218953,206,6045,4877,128,12860,1068,0.00404494
4,18235.5,17924.9,32833.7,29531,13,769,29537,26649,2701,109709,114,3027,2360,44,6124,534,0.00404494
4,25037.6,17924.9,32833.7,29531,12,769,29537,26649,2701,109709,114,3027,2360,44,6124,534,0.00404494
4,26503.4,17924.9,32833.7,29531,24,769,29537,26649,2701,109709,114,3027,2360,44,6124,534,0.00404494
4,34876.9,17924.9,32833.7,29531,33,769,29537,26649,2701,109709,114,3027,2360,44,6124,534,0.00404494
4,35047.4,33992,100043,89468,10,1154,49276,45852,4704,220070,279,9060,7460,250,23079,1115,0.00404494
4,52832,33992,100043,89468,33,1154,49276,45852,4704,220070,279,9060,7460,250,23079,1115,0.00404494
4,53650,33992,100043,89468,45,1154,49276,45852,4704,220070,279,9060,7460,250,23079,1115,0.00404494
4,54808.7,33992,100043,89468,45,1154,49276,45852,4704,220070,279,9060,7460,250,23079,1115,0.00404494
4,14343.9,24602.6,52594.3,47054,7,855,37223,34106,3799,157653,151,5204,4224,135,11746,815,0.00404494
4,32933.3,24602.6,52594.3,47054,26,855,37223,34106,3799,157653,151,5204,4224,135,11746,815,0.00404494
4,47758.7,24602.6,52594.3,47054,32,855,37223,34106,3799,157653,151,5204,4224,135,11746,815,0.00404494
4,49154.8,24602.6,52594.3,47054,17,855,37223,34106,3799,157653,151,5204,4224,135,11746,815,0.00404494
4,16487.4,26824.8,22123.8,20003,11,1038,41206,37022,3968,158256,95,2327,1769,32,5013,345,0.00404494
4,23643.8,26824.8,22123.8,20003,21,1038,41206,37022,3968,158256,95,2327,1769,32,5013,345,0.00404494
4,25059,26824.8,22123.8,20003,22,1038,41206,37022,3968,158256,95,2327,1769,32,5013,345,0.00404494
4,38870,26824.8,22123.8,20003,14,1038,41206,37022,3968,158256,95,2327,1769,32,5013,345,0.00404494
4,31321.9,14750.7,20375.9,18735,20,744,28495,25221,2586,103509,68,1873,1413,10,3354,330,0.00404494
4,32007.8,14750.7,20375.9,18735,9,744,28495,25221,2586,103509,68,1873,1413,10,3354,330,0.00404494
4,33391.8,14750.7,20375.9,18735,11,744,28495,25221,2586,103509,68,1873,1413,10,3354,330,0.00404494
4,33510.3,14750.7,20375.9,18735,7,744,28495,25221,2586,103509,68,1873,1413,10,3354,330,0.00404494
4,13479.2,46166.5,16242.6,14610,10,1503,64776,60396,6689,294228,86,1877,1387,16,3524,291,0.00404494
4,14822.9,46166.5,16242.6,14610,11,1503,64776,60396,6689,294228,86,1877,1387,16,3524,291,0.00404494
4,24630.2,46166.5,16242.6,14610,17,1503,64776,60396,6689,294228,86,1877,1387,16,3524,291,0.00404494
4,52441.6,46166.5,16242.6,14610,9,1503,64776,60396,6689,294228,86,1877,1387,16,3524,291,0.00404494
4,21771.6,48675.5,56084.1,50128,16,1543,68172,63843,7192,319698,188,6213,5097,146,16515,661,0.00404494
4,22801.3,48675.5,56084.1,50128,25,1543,68172,63843,7192,319698,188,6213,5097,146,16515,661,0.00404494
4,36851.6,48675.5,56084.1,50128,8,1543,68172,63843,7192,319698,188,6213,5097,146,16515,661,0.00404494
4,61229.7,48675.5,56084.1,50128,32,1543,68172,63843,7192,319698,188,6213,5097,146,16515,661,0.00404494
4,17164.9,35745.4,43072.9,38186,14,1129,51228,47652,5367,236280,163,4343,3407,139,10276,329,0.00404494
4,17238.7,35745.4,43072.9,38186,14,1129,51228,47652,5367,236280,163,4343,3407,139,10276,329,0.00404494
4,18865.3,35745.4,43072.9,38186,12,1129,51228,47652,5367,236280,163,4343,3407,139,10276,329,0.00404494
4,56479.4,35745.4,43072.9,38186,39,1129,51228,47652,5367,236280,163,4343,3407,139,10276,329,0.00404494
4,11018.2,30641.7,27501.1,24185,6,1014,44578,41386,4621,199592,127,2903,2215,70,6720,178,0.00404494
4,15369.2,30641.7,27501.1,24185,8,1014,44578,41386,4621,199592,127,2903,2215,70,6720,178,0.00404494
4,15708.2,30641.7,27501.1,24185,8,1014,44578,41386,4621,199592,127,2903,2215,70,6720,178,0.00404494
4,49157.3,30641.7,27501.1,24185,31,1014,44578,41386,4621,199592,127,2903,2215,70,6720,178,0.00404494
4,10611.5,26846.3,19930.6,18019,11,1031,41430,37797,4162,165152,70,1993,1502,22,3968,322,0.00404494
4,20460.8,26846.3,19930.6,18019,17,1031,41430,37797,4162,165152,70,1993,1502,22,3968,322,0.00404494
4,21835.6,26846.3,19930.6,18019,18,1031,41430,37797,4162,165152,70,1993,1502,22,3968,322,0.00404494
4,39918.5,26846.3,19930.6,18019,24,1031,41430,37797,4162,165152,70,1993,1502,22,3968,322,0.00404494
4,8449.09,9512.92,21267.4,18995,8,464,18088,16537,1719,69796,86,2219,1690,38,4456,294,0.00404494
4,14722.4,9512.92,21267.4,18995,13,464,18088,16537,1719,69796,86,2219,1690,38,4456,294,0.00404494
4,35003.1,9512.92,21267.4,18995,16,464,18088,16537,1719,69796,86,2219,1690,38,4456,294,0.00404494
4,35763.3,9512.92,21267.4,18995,11,464,18088,16537,1719,69796,86,2219,1690,38,4456,294,0.00404494
4,16555.1,51680.8,69085,60891,17,1526,74601,70622,8202,376148,237,7030,5755,220,19605,536,0.00404494
4,17980.7,51680.8,69085,60891,17,1526,74601,70622,8202,376148,237,7030,5755,220,19605,536,0.00404494
4,36435.5,51680.8,69085,60891,29,1526,74601,70622,8202,376148,237,7030,5755,220,19605,536,0.00404494
4,75672.4,51680.8,69085,60891,50,1526,74601,70622,8202,376148,237,7030,5755,220,19605,536,0.00404494
4,28043.5,10842,50377.2,45475,22,523,20836,19100,2081,84682,135,4481,3593,57,9874,757,0.00404494
4,38709.8,10842,50377.2,45475,12,523,20836,19100,2081,84682,135,4481,3593,57,9874,757,0.00404494
4,42288.3,10842,50377.2,45475,16,523,20836,19100,2081,84682,135,4481,3593,57,9874,757,0.00404494
4,42627.2,10842,50377.2,45475,16,523,20836,19100,2081,84682,135,4481,3593,57,9874,757,0.00404494
4,33385.9,12526.4,37538.2,33980,3,602,24156,22171,2431,102236,120,3681,2941,50,7667,655,0.00404494
4,35658.2,12526.4,37538.2,33980,24,602,24156,22171,2431,102236,120,3681,2941,50,7667,655,0.00404494
4,44052.4,12526.4,37538.2,33980,7,602,24156,22171,2431,102236,120,3681,2941,50,7667,655,0.00404494
4,50476.9,12526.4,37538.2,33980,16,602,24156,22171,2431,102236,120,3681,2941,50,7667,655,0.00404494
4,17494.4,39777.4,87906.6,78460,8,1330,61790,57904,6504,288998,254,8486,7026,317,21787,1163,0.00404494
4,43714.2,39777.4,87906.6,78460,26,1330,61790,57904,6504,288998,254,8486,7026,317,21787,1163,0.00404494
4,66677.6,39777.4,87906.6,78460,55,1330,61790,57904,6504,288998,254,8486,7026,317,21787,1163,0.00404494
4,68021.4,39777.4,87906.6,78460,56,1330,61790,57904,6504,288998,254,8486,7026,317,21787,1163,0.00404494
4,26979.7,33950.7,54226.3,49566,17,1266,53133,49074,5314,222715,152,4831,3885,67,10218,861,0.00404494
4,41846.9,33950.7,54226.3,49566,27,1266,53133,49074,5314,222715,152,4831,3885,67,10218,861,0.00404494
4,44269.3,33950.7,54226.3,49566,20,1266,53133,49074,5314,222715,152,4831,3885,67,10218,861,0.00404494
4,45613.1,33950.7,54226.3,49566,21,1266,53133,49074,5314,222715,152,4831,3885,67,10218,861,0.00404494
4,9248.56,37020.1,21368.3,19332,6,1189,53466,49825,5361,237160,63,1937,1473,6,3982,337,0.00404494
4,34452.1,37020.1,21368.3,19332,6,1189,53466,49825,5361,237160,63,1937,1473,6,3982,337,0.00404494
4,39442.6,37020.1,21368.3,19332,8,1189,53466,49825,5361,237160,63,1937,1473,6,3982,337,0.00404494
4,53885.6,37020.1,21368.3,19332,12,1189,53466,49825,5361,237160,63,1937,1473,6,3982,337,0.00404494
4,19798.6,10041.8,20643.7,18950,10,516,18975,16774,1623,64345,66,1807,1408,24,3365,311,0.00404494
4,20964.4,10041.8,20643.7,18950,10,516,18975,16774,1623,64345,66,1807,1408,24,3365,311,0.00404494
4,23957.1,10041.8,20643.7,18950,20,516,18975,16774,1623,64345,66,1807,1408,24,3365,311,0.00404494
4,28342.5,10041.8,20643.7,18950,21,516,18975,16774,1623,64345,66,1807,1408,24,3365,311,0.00404494
4,8828.47,50858.7,108852,96306,10,1525,72710,68085,7581,346637,309,10995,9087,315,32547,773,0.00404494
4,36594.9,50858.7,108852,96306,8,1525,72710,68085,7581,346637,309,10995,9087,315,32547,773,0.00404494
4,66715.5,50858.7,108852,96306,12,1525,72710,68085,7581,346637,309,10995,9087,315,32547,773,0.00404494
4,80696.4,50858.7,108852,96306,58,1525,72710,68085,7581,346637,309,10995,9087,315,32547,773,0.00404494
4,31737.5,33577,72020.5,65139,19,1324,53501,49139,5313,219717,218,6831,5429,136,15549,996,0.00404494
4,39842.5,33577,72020.5,65139,23,1324,53501,49139,5313,219717,218,6831,5429,136,15549,996,0.00404494
4,41186.2,33577,72020.5,65139,24,1324,53501,49139,5313,219717,218,6831,5429,136,15549,996,0.00404494
4,45109.6,33577,72020.5,65139,33,1324,53501,49139,5313,219717,218,6831,5429,136,15549,996,0.00404494
4,39150.7,32698.5,91971.7,82690,4,1213,52631,49092,5182,240069,258,8305,6875,179,20547,1298,0.00404494
4,53557.8,32698.5,91971.7,82690,39,1213,52631,49092,5182,240069,258,8305,6875,179,20547,1298,0.00404494
4,54369.4,32698.5,91971.7,82690,46,1213,52631,49092,5182,240069,258,8305,6875,179,20547,1298,0.00404494
4,59677.6,32698.5,91971.7,82690,45,1213,52631,49092,5182,240069,258,8305,6875,179,20547,1298,0.00404494
4,15041.8,10485.2,28917.7,26118,4,519,20785,19107,2037,83021,94,2812,2196,42,6030,396,0.00404494
4,19556.3,10485.2,28917.7,26118,13,519,20785,19107,2037,83021,94,2812,2196,42,6030,396,0.00404494
4,36323.7,10485.2,28917.7,26118,6,519,20785,19107,2037,83021,94,2812,2196,42,6030,396,0.00404494
4,46500.2,10485.2,28917.7,26118,19,519,20785,19107,2037,83021,94,2812,2196,42,6030,396,0.00404494
4,25302.8,24953.7,42618.9,38694,13,985,41767,37530,4041,159554,117,3827,2947,31,8843,513,0.00404494
4,31668.6,24953.7,42618.9,38694,22,985,41767,37530,4041,159554,117,3827,2947,31,8843,513,0.00404494
4,38900.8,24953.7,42618.9,38694,17,985,41767,37530,4041,159554,117,3827,2947,31,8843,513,0.00404494
4,39232.9,24953.7,42618.9,38694,13,985,41767,37530,4041,159554,117,3827,2947,31,8843,513,0.00404494
4,14545.7,13852.2,30380.5,27652,11,623,23673,21035,2047,84628,100,2718,2062,34,5941,334,0.00404494
4,28963.1,13852.2,30380.5,27652,15,623,23673,21035,2047,84628,100,2718,2062,34,5941,334,0.00404494
4,30429.7,13852.2,30380.5,27652,28,623,23673,21035,2047,84628,100,2718,2062,34,5941,334,0.00404494
4,30805.7,13852.2,30380.5,27652,30,623,23673,21035,2047,84628,100,2718,2062,34,5941,334,0.00404494
4,23693,17598.9,27824.3,25361,10,813,32644,29445,2908,120516,96,2732,2107,22,5354,464,0.00404494
4,25504.9,17598.9,27824.3,25361,17,813,32644,29445,2908,120516,96,2732,2107,22,5354,464,0.00404494
4,27336.6,17598.9,27824.3,25361,7,813,32644,29445,2908,120516,96,2732,2107,22,5354,464,0.00404494
4,36161.8,17598.9,27824.3,25361,23,813,32644,29445,2908,120516,96,2732,2107,22,5354,464,0.00404494
4,16327.1,14192.3,23732.4,21487,15,635,23463,20977,2029,85514,92,2501,1940,31,4690,452,0.00404494
4,22675.6,14192.3,23732.4,21487,14,635,23463,20977,2029,85514,92,2501,1940,31,4690,452,0.00404494
4,25459.2,14192.3,23732.4,21487,16,635,23463,20977,2029,85514,92,2501,1940,31,4690,452,0.00404494
4,31054.7,14192.3,23732.4,21487,25,635,23463,20977,2029,85514,92,2501,1940,31,4690,452,0.00404494
4,12890.7,28173,18390.8,16677,19,1181,48489,44414,4943,198595,77,1994,1481,21,4277,272,0.00404494
4,17221.1,28173,18390.8,16677,14,1181,48489,44414,4943,198595,77,1994,1481,21,4277,272,0.00404494
4,18636.4,28173,18390.8,16677,15,1181,48489,44414,4943,198595,77,1994,1481,21,4277,272,0.00404494
4,43356.9,28173,18390.8,16677,25,1181,48489,44414,4943,198595,77,1994,1481,21,4277,272,0.00404494
4,44276.7,34144,94571,85448,11,1288,54151,50559,5366,245475,273,8885,7325,163,21517,1303,0.00404494
4,46235.7,34144,94571,85448,31,1288,54151,50559,5366,245475,273,8885,7325,163,21517,1303,0.00404494
4,47047.8,34144,94571,85448,39,1288,54151,50559,5366,245475,273,8885,7325,163,21517,1303,0.00404494
4,57500.6,34144,94571,85448,40,1288,54151,50559,5366,245475,273,8885,7325,163,21517,1303,0.00404494
4,28366,15814.4,38109.7,34064,4,779,30178,26882,2535,108106,126,3733,2861,43,8097,391,0.00404494
4,28782.5,15814.4,38109.7,34064,23,779,30178,26882,2535,108106,126,3733,2861,43,8097,391,0.00404494
4,31178.4,15814.4,38109.7,34064,3,779,30178,26882,2535,108106,126,3733,2861,43,8097,391,0.00404494
4,34271.1,15814.4,38109.7,34064,23,779,30178,26882,2535,108106,126,3733,2861,43,8097,391,0.00404494
4,46842,40358.1,97673.5,86922,32,1296,55831,52180,5578,257933,288,9040,7341,153,22304,1259,0.00404494
4,46879.8,40358.1,97673.5,86922,12,1296,55831,52180,5578,257933,288,9040,7341,153,22304,1259,0.00404494
4,47653.6,40358.1,97673.5,86922,39,1296,55831,52180,5578,257933,288,9040,7341,153,22304,1259,0.00404494
4,61050.3,40358.1,97673.5,86922,31,1296,55831,52180,5578,257933,288,9040,7341,153,22304,1259,0.00404494
4,10178.9,13955.3,23502.7,21391,12,617,22810,20289,1980,82290,86,2164,1699,34,4267,412,0.00404494
4,28467.8,13955.3,23502.7,21391,17,617,22810,20289,1980,82290,86,2164,1699,34,4267,412,0.00404494
4,29697.8,13955.3,23502.7,21391,21,617,22810,20289,1980,82290,86,2164,1699,34,4267,412,0.00404494
4,30419,13955.3,23502.7,21391,15,617,22810,20289,1980,82290,86,2164,1699,34,4267,412,0.00404494
4,3809.29,9401.62,11545.2,10327,3,465,18220,16733,1620,71460,54,1344,998,27,2660,199,0.00404494
4,11799.7,9401.62,11545.2,10327,5,465,18220,16733,1620,71460,54,1344,998,27,2660,199,0.00404494
4,24503.9,9401.62,11545.2,10327,9,465,18220,16733,1620,71460,54,1344,998,27,2660,199,0.00404494
4,35722,9401.62,11545.2,10327,10,465,18220,16733,1620,71460,54,1344,998,27,2660,199,0.00404494
4,2495.64,12086.5,20633.1,18459,2,529,21357,19548,2001,84471,84,2103,1599,30,4711,167,0.00404494
4,16999.8,12086.5,20633.1,18459,9,529,21357,19548,2001,84471,84,2103,1599,30,4711,167,0.00404494
4,28054.5,12086.5,20633.1,18459,9,529,21357,19548,2001,84471,84,2103,1599,30,4711,167,0.00404494
4,33375.6,12086.5,20633.1,18459,19,529,21357,19548,2001,84471,84,2103,1599,30,4711,167,0.00404494
4,31681,52497.7,74062.3,65737,11,1507,70046,65472,7545,340021,241,7199,5841,103,18363,852,0.00404494
4,32377.1,52497.7,74062.3,65737,13,1507,70046,65472,7545,340021,241,7199,5841,103,18363,852,0.00404494
4,51661.6,52497.7,74062.3,65737,19,1507,70046,65472,7545,340021,241,7199,5841,103,18363,852,0.00404494
4,76173,52497.7,74062.3,65737,22,1507,70046,65472,7545,340021,241,7199,5841,103,18363,852,0.00404494
4,23827,55656.2,62649.4,55928,24,1489,64456,60290,6609,296594,192,6226,5107,123,16055,813,0.00404494
4,24985.8,55656.2,62649.4,55928,24,1489,64456,60290,6609,296594,192,6226,5107,123,16055,813,0.00404494
4,37364.5,55656.2,62649.4,55928,22,1489,64456,60290,6609,296594,192,6226,5107,123,16055,813,0.00404494
4,56084.9,55656.2,62649.4,55928,31,1489,64456,60290,6609,296594,192,6226,5107,123,16055,813,0.00404494
4,34625.6,29881.8,65072.6,59005,24,1151,46088,42121,4435,182406,189,5679,4498,117,12655,797,0.00404494
4,40852.4,29881.8,65072.6,59005,25,1151,46088,42121,4435,182406,189,5679,4498,117,12655,797,0.00404494
4,42196.1,29881.8,65072.6,59005,26,1151,46088,42121,4435,182406,189,5679,4498,117,12655,797,0.00404494
4,42562.4,29881.8,65072.6,59005,28,1151,46088,42121,4435,182406,189,5679,4498,117,12655,797,0.00404494
4,10718.2,34629.3,33251.6,30152,10,1152,50601,47060,5021,222911,104,3254,2568,34,7077,541,0.00404494
4,35093.4,34629.3,33251.6,30152,6,1152,50601,47060,5021,222911,104,3254,2568,34,7077,541,0.00404494
4,40521.9,34629.3,33251.6,30152,15,1152,50601,47060,5021,222911,104,3254,2568,34,7077,541,0.00404494
4,55242.2,34629.3,33251.6,30152,21,1152,50601,47060,5021,222911,104,3254,2568,34,7077,541,0.00404494
4,22654.5,13014.4,27297.5,24726,12,611,23335,20576,1951,81408,95,2668,2032,37,5253,379,0.00404494
4,28047.6,13014.4,27297.5,24726,17,611,23335,20576,1951,81408,95,2668,2032,37,5253,379,0.00404494
4,29645.2,13014.4,27297.5,24726,21,611,23335,20576,1951,81408,95,2668,2032,37,5253,379,0.00404494
4,30369.9,13014.4,27297.5,24726,23,611,23335,20576,1951,81408,95,2668,2032,37,5253,379,0.00404494
4,40498.3,12585.6,47932.5,43514,29,534,22049,20149,2180,93609,143,4274,3369,53,9251,763,0.00404494
4,42581.2,12585.6,47932.5,43514,3,534,22049,20149,2180,93609,143,4274,3369,53,9251,763,0.00404494
4,53247.7,12585.6,47932.5,43514,7,534,22049,20149,2180,93609,143,4274,3369,53,9251,763,0.00404494
4,53834.1,12585.6,47932.5,43514,29,534,22049,20149,2180,93609,143,4274,3369,53,9251,763,0.00404494
4,30961,42310.9,53585.8,48335,20,1278,53118,49310,5287,226813,183,5382,4311,118,11758,926,0.00404494
4,37681.4,42310.9,53585.8,48335,25,1278,53118,49310,5287,226813,183,5382,4311,118,11758,926,0.00404494
4,46023.2,42310.9,53585.8,48335,31,1278,53118,49310,5287,226813,183,5382,4311,118,11758,926,0.00404494
4,47366.9,42310.9,53585.8,48335,32,1278,53118,49310,5287,226813,183,5382,4311,118,11758,926,0.00404494
4,4176.8,10437.3,16264.3,14835,3,529,19833,18305,1837,77996,61,1598,1233,20,2881,287,0.00404494
4,10886.5,10437.3,16264.3,14835,6,529,19833,18305,1837,77996,61,1598,1233,20,2881,287,0.00404494
4,28847,10437.3,16264.3,14835,17,529,19833,18305,1837,77996,61,1598,1233,20,2881,287,0.00404494
4,34607.9,10437.3,16264.3,14835,9,529,19833,18305,1837,77996,61,1598,1233,20,2881,287,0.00404494
4,29903.6,17740.1,20127.7,18357,5,824,33235,29624,3133,123864,66,1924,1476,15,3647,324,0.00404494
4,34234.8,17740.1,20127.7,18357,7,824,33235,29624,3133,123864,66,1924,1476,15,3647,324,0.00404494
4,34906,17740.1,20127.7,18357,23,824,33235,29624,3133,123864,66,1924,1476,15,3647,324,0.00404494
4,35598.2,17740.1,20127.7,18357,7,824,33235,29624,3133,123864,66,1924,1476,15,3647,324,0.00404494
4,11676.4,11543.4,22933,20944,4,572,21827,19882,2006,85036,88,2275,1756,34,4211,400,0.00404494
4,30644,11543.4,22933,20944,18,572,21827,19882,2006,85036,88,2275,1756,34,4211,400,0.00404494
4,30703.9,11543.4,22933,20944,15,572,21827,19882,2006,85036,88,2275,1756,34,4211,400,0.00404494
4,31877.2,11543.4,22933,20944,17,572,21827,19882,2006,85036,88,2275,1756,34,4211,400,0.00404494
4,20943.1,15540.3,32943.5,29687,12,728,29504,27211,2792,120334,109,3294,2625,50,7024,585,0.00404494
4,21516.8,15540.3,32943.5,29687,12,728,29504,27211,2792,120334,109,3294,2625,50,7024,585,0.00404494
4,27419.2,15540.3,32943.5,29687,22,728,29504,27211,2792,120334,109,3294,2625,50,7024,585,0.00404494
4,40459.1,15540.3,32943.5,29687,19,728,29504,27211,2792,120334,109,3294,2625,50,7024,585,0.00404494
4,16916.7,11312.1,23125.9,21009,9,589,21636,19166,1806,76945,86,2495,1914,30,4706,449,0.00404494
4,24194.1,11312.1,23125.9,21009,15,589,21636,19166,1806,76945,86,2495,1914,30,4706,449,0.00404494
4,26932.4,11312.1,23125.9,21009,17,589,21636,19166,1806,76945,86,2495,1914,30,4706,449,0.00404494
4,29743.8,11312.1,23125.9,21009,25,589,21636,19166,1806,76945,86,2495,1914,30,4706,449,0.00404494
4,25766,16456.3,31527.5,28901,4,749,30113,26729,2640,107877,88,2727,2104,32,6245,338,0.00404494
4,29168.2,16456.3,31527.5,28901,14,749,30113,26729,2640,107877,88,2727,2104,32,6245,338,0.00404494
4,33541.3,16456.3,31527.5,28901,8,749,30113,26729,2640,107877,88,2727,2104,32,6245,338,0.00404494
4,34200.9,16456.3,31527.5,28901,25,749,30113,26729,2640,107877,88,2727,2104,32,6245,338,0.00404494
4,12423.2,10629.3,19178.2,17320,4,533,20683,19015,1987,82014,92,2180,1648,10,4394,316,0.00404494
4,16629.4,10629.3,19178.2,17320,11,533,20683,19015,1987,82014,92,2180,1648,10,4394,316,0.00404494
4,33705,10629.3,19178.2,17320,6,533,20683,19015,1987,82014,92,2180,1648,10,4394,316,0.00404494
4,44265.6,10629.3,19178.2,17320,11,533,20683,19015,1987,82014,92,2180,1648,10,4394,316,0.00404494
4,25622,61015.7,152415,134093,33,1699,84403,79857,9158,437763,446,15430,12847,459,49348,1022,0.00404494
4,27047.6,61015.7,152415,134093,33,1699,84403,79857,9158,437763,446,15430,12847,459,49348,1022,0.00404494
4,46030.7,61015.7,152415,134093,41,1699,84403,79857,9158,437763,446,15430,12847,459,49348,1022,0.00404494
4,84588.2,61015.7,152415,134093,30,1699,84403,79857,9158,437763,446,15430,12847,459,49348,1022,0.00404494
4,20298,15622.4,21481.1,19560,15,697,26146,23527,2283,93426,79,2119,1650,9,3788,477,0.00404494
4,22274.1,15622.4,21481.1,19560,7,697,26146,23527,2283,93426,79,2119,1650,9,3788,477,0.00404494
4,26415.2,15622.4,21481.1,19560,14,697,26146,23527,2283,93426,79,2119,1650,9,3788,477,0.00404494
4,33580.3,15622.4,21481.1,19560,9,697,26146,23527,2283,93426,79,2119,1650,9,3788,477,0.00404494
4,45232.4,34717.4,74457.5,67772,28,1240,51771,48182,5195,235941,216,6420,5276,100,14937,1135,0.00404494
4,46018.8,34717.4,74457.5,67772,34,1240,51771,48182,5195,235941,216,6420,5276,100,14937,1135,0.00404494
4,50494.9,34717.4,74457.5,67772,13,1240,51771,48182,5195,235941,216,6420,5276,100,14937,1135,0.00404494
4,60210.5,34717.4,74457.5,67772,28,1240,51771,48182,5195,235941,216,6420,5276,100,14937,1135,0.00404494
4,25017.1,24454.3,27500.2,25068,17,1082,43058,38428,4076,163484,82,2512,1978,27,4744,514,0.00404494
4,27385.1,24454.3,27500.2,25068,11,1082,43058,38428,4076,163484,82,2512,1978,27,4744,514,0.00404494
4,28800.4,24454.3,27500.2,25068,12,1082,43058,38428,4076,163484,82,2512,1978,27,4744,514,0.00404494
4,39839.7,24454.3,27500.2,25068,10,1082,43058,38428,4076,163484,82,2512,1978,27,4744,514,0.00404494
4,43100.2,33136.8,54917,49847,12,1223,54178,50416,5828,253930,172,4919,3997,38,10312,1224,0.00404494
4,43779.9,33136.8,54917,49847,15,1223,54178,50416,5828,253930,172,4919,3997,38,10312,1224,0.00404494
4,63064.4,33136.8,54917,49847,21,1223,54178,50416,5828,253930,172,4919,3997,38,10312,1224,0.00404494
4,72652.9,33136.8,54917,49847,6,1223,54178,50416,5828,253930,172,4919,3997,38,10312,1224,0.00404494
4,19219.4,55224.4,86673.2,77150,23,1609,79071,74823,8610,403754,301,8927,7309,266,25266,669,0.00404494
4,20645,55224.4,86673.2,77150,23,1609,79071,74823,8610,403754,301,8927,7309,266,25266,669,0.00404494
4,39628.1,55224.4,86673.2,77150,31,1609,79071,74823,8610,403754,301,8927,7309,266,25266,669,0.00404494
4,78865,55224.4,86673.2,77150,52,1609,79071,74823,8610,403754,301,8927,7309,266,25266,669,0.00404494
4,4056.46,12075.2,24356.7,21447,6,628,22854,20620,2126,85794,113,2529,1876,67,5668,136,0.00404494
4,8889.98,12075.2,24356.7,21447,3,628,22854,20620,2126,85794,113,2529,1876,67,5668,136,0.00404494
4,30253.8,12075.2,24356.7,21447,5,628,22854,20620,2126,85794,113,2529,1876,67,5668,136,0.00404494
4,38923.1,12075.2,24356.7,21447,27,628,22854,20620,2126,85794,113,2529,1876,67,5668,136,0.00404494
4,27817.3,37118.2,60906.2,55636,17,1271,53204,49160,5333,223307,182,5562,4479,90,12114,970,0.00404494
4,41418.2,37118.2,60906.2,55636,26,1271,53204,49160,5333,223307,182,5562,4479,90,12114,970,0.00404494
4,44234.7,37118.2,60906.2,55636,23,1271,53204,49160,5333,223307,182,5562,4479,90,12114,970,0.00404494
4,45578.5,37118.2,60906.2,55636,24,1271,53204,49160,5333,223307,182,5562,4479,90,12114,970,0.00404494
4,5641.98,9362.58,13303.6,11991,4,495,19084,17552,1790,74581,56,1368,1067,14,2269,319,0.00404494
4,11621.5,9362.58,13303.6,11991,7,495,19084,17552,1790,74581,56,1368,1067,14,2269,319,0.00404494
4,30765.1,9362.58,13303.6,11991,16,495,19084,17552,1790,74581,56,1368,1067,14,2269,319,0.00404494
4,34654.1,9362.58,13303.6,11991,4,495,19084,17552,1790,74581,56,1368,1067,14,2269,319,0.00404494
4,27159.5,37788.7,69257.2,62567,16,1368,57624,53862,5808,258020,222,6464,5270,149,14698,1086,0.00404494
4,34862.7,37788.7,69257.2,62567,27,1368,57624,53862,5808,258020,222,6464,5270,149,14698,1086,0.00404494
4,55510.5,37788.7,69257.2,62567,42,1368,57624,53862,5808,258020,222,6464,5270,149,14698,1086,0.00404494
4,56854.3,37788.7,69257.2,62567,43,1368,57624,53862,5808,258020,222,6464,5270,149,14698,1086,0.00404494
4,43059.1,32905.6,99384,89679,17,1255,52901,49251,5155,236580,272,9504,7875,220,23017,1491,0.00404494
4,45898.2,32905.6,99384,89679,42,1255,52901,49251,5155,236580,272,9504,7875,220,23017,1491,0.00404494
4,47056.9,32905.6,99384,89679,42,1255,52901,49251,5155,236580,272,9504,7875,220,23017,1491,0.00404494
4,54982.2,32905.6,99384,89679,38,1255,52901,49251,5155,236580,272,9504,7875,220,23017,1491,0.00404494
4,40526.6,34180.1,95951,87330,37,1255,52328,48704,5128,232521,260,8770,7273,207,20320,1480,0.00404494
4,41685.3,34180.1,95951,87330,37,1255,52328,48704,5128,232521,260,8770,7273,207,20320,1480,0.00404494
4,47587.7,34180.1,95951,87330,23,1255,52328,48704,5128,232521,260,8770,7273,207,20320,1480,0.00404494
4,52938.5,34180.1,95951,87330,28,1255,52328,48704,5128,232521,260,8770,7273,207,20320,1480,0.00404494
4,28796.3,9966.58,46336.9,41801,21,512,20786,19052,2108,84558,137,4549,3594,62,10401,673,0.00404494
4,41258.1,9966.58,46336.9,41801,22,512,20786,19052,2108,84558,137,4549,3594,62,10401,673,0.00404494
4,41597,9966.58,46336.9,41801,22,512,20786,19052,2108,84558,137,4549,3594,62,10401,673,0.00404494
4,44603.3,9966.58,46336.9,41801,14,512,20786,19052,2108,84558,137,4549,3594,62,10401,673,0.00404494
4,26765.4,24701.7,25643.8,23304,4,1018,43315,38803,4142,168723,89,2413,1832,28,5400,249,0.00404494
4,37860.3,24701.7,25643.8,23304,4,1018,43315,38803,4142,168723,89,2413,1832,28,5400,249,0.00404494
4,39222.1,24701.7,25643.8,23304,4,1018,43315,38803,4142,168723,89,2413,1832,28,5400,249,0.00404494
4,39915.7,24701.7,25643.8,23304,27,1018,43315,38803,4142,168723,89,2413,1832,28,5400,249,0.00404494
4,32361.1,13196.8,35377.8,31933,3,627,24726,22746,2509,104342,118,3354,2697,35,6560,600,0.00404494
4,35586.2,13196.8,35377.8,31933,22,627,24726,22746,2509,104342,118,3354,2697,35,6560,600,0.00404494
4,43029.8,13196.8,35377.8,31933,7,627,24726,22746,2509,104342,118,3354,2697,35,6560,600,0.00404494
4,50886.3,13196.8,35377.8,31933,10,627,24726,22746,2509,104342,118,3354,2697,35,6560,600,0.00404494
4,28755.5,27260.4,43724.5,39670,18,1169,46432,42087,4427,184526,137,4304,3462,71,8997,815,0.00404494
4,30099.2,27260.4,43724.5,39670,19,1169,46432,42087,4427,184526,137,4304,3462,71,8997,815,0.00404494
4,36739.5,27260.4,43724.5,39670,26,1169,46432,42087,4427,184526,137,4304,3462,71,8997,815,0.00404494
4,41640.6,27260.4,43724.5,39670,15,1169,46432,42087,4427,184526,137,4304,3462,71,8997,815,0.00404494
4,5929.24,11019.6,20618.1,18548,4,541,21627,19849,2115,85779,92,2292,1756,37,4768,298,0.00404494
4,19041.8,11019.6,20618.1,18548,12,541,21627,19849,2115,85779,92,2292,1756,37,4768,298,0.00404494
4,30347.4,11019.6,20618.1,18548,7,541,21627,19849,2115,85779,92,2292,1756,37,4768,298,0.00404494
4,37348.9,11019.6,20618.1,18548,25,541,21627,19849,2115,85779,92,2292,1756,37,4768,298,0.00404494
4,18172.1,13414.1,26602.9,24036,7,627,21721,19373,1898,74322,97,2541,2010,31,5305,392,0.00404494
4,24972.4,13414.1,26602.9,24036,15,627,21721,19373,1898,74322,97,2541,2010,31,5305,392,0.00404494
4,28260,13414.1,26602.9,24036,10,627,21721,19373,1898,74322,97,2541,2010,31,5305,392,0.00404494
4,30465.1,13414.1,26602.9,24036,30,627,21721,19373,1898,74322,97,2541,2010,31,5305,392,0.00404494
4,39742,31065.7,93862.3,85115,11,1180,49390,45981,4731,218926,236,8866,7412,199,21416,1521,0.00404494
4,49955.1,31065.7,93862.3,85115,44,1180,49390,45981,4731,218926,236,8866,7412,199,21416,1521,0.00404494
4,51113.8,31065.7,93862.3,85115,44,1180,49390,45981,4731,218926,236,8866,7412,199,21416,1521,0.00404494
4,54185.3,31065.7,93862.3,85115,39,1180,49390,45981,4731,218926,236,8866,7412,199,21416,1521,0.00404494
4,32526.4,31226.4,55028.6,49976,21,1267,52421,48638,5129,224511,178,5142,4096,115,11019,906,0.00404494
4,36581.9,31226.4,55028.6,49976,23,1267,52421,48638,5129,224511,178,5142,4096,115,11019,906,0.00404494
4,46197.3,31226.4,55028.6,49976,32,1267,52421,48638,5129,224511,178,5142,4096,115,11019,906,0.00404494
4,47541.1,31226.4,55028.6,49976,33,1267,52421,48638,5129,224511,178,5142,4096,115,11019,906,0.00404494
4,7490.67,13192.7,20710.7,18887,11,701,26205,23679,2459,99714,79,2110,1650,34,3898,423,0.00404494
4,26209.4,13192.7,20710.7,18887,20,701,26205,23679,2459,99714,79,2110,1650,34,3898,423,0.00404494
4,27419.1,13192.7,20710.7,18887,21,701,26205,23679,2459,99714,79,2110,1650,34,3898,423,0.00404494
4,32909.1,13192.7,20710.7,18887,16,701,26205,23679,2459,99714,79,2110,1650,34,3898,423,0.00404494
4,36667,48339.8,100375,90212,16,1534,71396,66639,7720,350824,311,9475,7919,198,25087,1433,0.00404494
4,37392.1,48339.8,100375,90212,19,1534,71396,66639,7720,350824,311,9475,7919,198,25087,1433,0.00404494
4,56676.6,48339.8,100375,90212,25,1534,71396,66639,7720,350824,311,9475,7919,198,25087,1433,0.00404494
4,80980.1,48339.8,100375,90212,21,1534,71396,66639,7720,350824,311,9475,7919,198,25087,1433,0.00404494
4,17674.8,10696.3,24553.2,22496,10,522,20348,18622,1955,81484,76,2168,1709,26,4357,400,0.00404494
4,32739,10696.3,24553.2,22496,22,522,20348,18622,1955,81484,76,2168,1709,26,4357,400,0.00404494
4,33226,10696.3,24553.2,22496,2,522,20348,18622,1955,81484,76,2168,1709,26,4357,400,0.00404494
4,34392.8,10696.3,24553.2,22496,4,522,20348,18622,1955,81484,76,2168,1709,26,4357,400,0.00404494
4,40684.2,29630.4,25898.4,23630,6,1086,46929,43663,4969,213564,87,2466,1898,9,4196,611,0.00404494
4,40959.5,29630.4,25898.4,23630,10,1086,46929,43663,4969,213564,87,2466,1898,9,4196,611,0.00404494
4,59027.9,29630.4,25898.4,23630,6,1086,46929,43663,4969,213564,87,2466,1898,9,4196,611,0.00404494
4,63046,29630.4,25898.4,23630,6,1086,46929,43663,4969,213564,87,2466,1898,9,4196,611,0.00404494
4,23436.7,46463.8,63223.7,56606,23,1524,66667,62365,6998,309535,205,6689,5509,152,17812,808,0.00404494
4,24595.5,46463.8,63223.7,56606,23,1524,66667,62365,6998,309535,205,6689,5509,152,17812,808,0.00404494
4,37362.1,46463.8,63223.7,56606,20,1524,66667,62365,6998,309535,205,6689,5509,152,17812,808,0.00404494
4,58550,46463.8,63223.7,56606,37,1524,66667,62365,6998,309535,205,6689,5509,152,17812,808,0.00404494
4,24074.3,52740.7,115071,100726,11,1663,79566,75126,8648,401127,401,12683,10431,300,39083,657,0.00404494
4,24770.3,52740.7,115071,100726,13,1663,79566,75126,8648,401127,401,12683,10431,300,39083,657,0.00404494
4,44054.8,52740.7,115071,100726,19,1663,79566,75126,8648,401127,401,12683,10431,300,39083,657,0.00404494
4,78167.3,52740.7,115071,100726,30,1663,79566,75126,8648,401127,401,12683,10431,300,39083,657,0.00404494
4,8236.92,15703.1,23578.3,21598,9,677,25629,23196,2432,97971,84,2189,1730,35,4096,460,0.00404494
4,27115.6,15703.1,23578.3,21598,17,677,25629,23196,2432,97971,84,2189,1730,35,4096,460,0.00404494
4,28321.4,15703.1,23578.3,21598,18,677,25629,23196,2432,97971,84,2189,1730,35,4096,460,0.00404494
4,32718.5,15703.1,23578.3,21598,20,677,25629,23196,2432,97971,84,2189,1730,35,4096,460,0.00404494
4,13460.4,29097.4,32254.5,29025,11,1095,46371,42540,4680,190428,116,3393,2681,69,7350,453,0.00404494
4,24854,29097.4,32254.5,29025,14,1095,46371,42540,4680,190428,116,3393,2681,69,7350,453,0.00404494
4,36824.8,29097.4,32254.5,29025,6,1095,46371,42540,4680,190428,116,3393,2681,69,7350,453,0.00404494
4,44628.6,29097.4,32254.5,29025,26,1095,46371,42540,4680,190428,116,3393,2681,69,7350,453,0.00404494
4,26025.2,40543.6,73733.2,66016,20,1434,61661,57791,6455,280131,247,7874,6341,193,19885,969,0.00404494
4,27114.9,40543.6,73733.2,66016,16,1434,61661,57791,6455,280131,247,7874,6341,193,19885,969,0.00404494
4,54060.2,40543.6,73733.2,66016,18,1434,61661,57791,6455,280131,247,7874,6341,193,19885,969,0.00404494
4,58499.6,40543.6,73733.2,66016,35,1434,61661,57791,6455,280131,247,7874,6341,193,19885,969,0.00404494
4,19854.4,53996.7,105632,93612,14,1645,79832,75493,8624,406797,352,10696,8642,243,31151,699,0.00404494
4,21026.5,53996.7,105632,93612,17,1645,79832,75493,8624,406797,352,10696,8642,243,31151,699,0.00404494
4,40327.3,53996.7,105632,93612,23,1645,79832,75493,8624,406797,352,10696,8642,243,31151,699,0.00404494
4,78694.3,53996.7,105632,93612,20,1645,79832,75493,8624,406797,352,10696,8642,243,31151,699,0.00404494
4,35708.6,34730.4,65204.8,59179,23,1250,51686,48185,5372,233683,214,6258,5167,103,14420,1095,0.00404494
4,36409.3,34730.4,65204.8,59179,21,1250,51686,48185,5372,233683,214,6258,5167,103,14420,1095,0.00404494
4,51107.5,34730.4,65204.8,59179,15,1250,51686,48185,5372,233683,214,6258,5167,103,14420,1095,0.00404494
4,57621.9,34730.4,65204.8,59179,20,1250,51686,48185,5372,233683,214,6258,5167,103,14420,1095,0.00404494
4,39585.2,33434.9,94904.2,85953,11,1172,48771,45373,4699,214630,235,8425,7042,205,20182,1439,0.00404494
4,49259.8,33434.9,94904.2,85953,47,1172,48771,45373,4699,214630,235,8425,7042,205,20182,1439,0.00404494
4,50418.6,33434.9,94904.2,85953,47,1172,48771,45373,4699,214630,235,8425,7042,205,20182,1439,0.00404494
4,53254.5,33434.9,94904.2,85953,40,1172,48771,45373,4699,214630,235,8425,7042,205,20182,1439,0.00404494
4,17389.4,20430.3,23574.4,21382,15,863,35725,32648,3415,142629,96,2573,1947,40,5126,354,0.00404494
4,18384.8,20430.3,23574.4,21382,7,863,35725,32648,3415,142629,96,2573,1947,40,5126,354,0.00404494
4,30173.2,20430.3,23574.4,21382,4,863,35725,32648,3415,142629,96,2573,1947,40,5126,354,0.00404494
4,38809.9,20430.3,23574.4,21382,29,863,35725,32648,3415,142629,96,2573,1947,40,5126,354,0.00404494
4,18002,16727.4,19876.1,18110,2,765,30880,28375,3139,128577,71,1908,1487,9,3425,442,0.00404494
4,29038.4,16727.4,19876.1,18110,7,765,30880,28375,3139,128577,71,1908,1487,9,3425,442,0.00404494
4,32308.3,16727.4,19876.1,18110,7,765,30880,28375,3139,128577,71,1908,1487,9,3425,442,0.00404494
4,49926.1,16727.4,19876.1,18110,9,765,30880,28375,3139,128577,71,1908,1487,9,3425,442,0.00404494
4,8590.95,16338,19710.6,17839,6,563,21086,19001,1779,78817,79,2235,1710,27,4435,280,0.00404494
4,19791.7,16338,19710.6,17839,5,563,21086,19001,1779,78817,79,2235,1710,27,4435,280,0.00404494
4,27229.7,16338,19710.6,17839,19,563,21086,19001,1779,78817,79,2235,1710,27,4435,280,0.00404494
4,30567.4,16338,19710.6,17839,24,563,21086,19001,1779,78817,79,2235,1710,27,4435,280,0.00404494
4,7309.56,9316.64,13160.3,11915,5,535,18121,16257,1577,65196,75,1404,1053,23,2474,227,0.00404494
4,13223.7,9316.64,13160.3,11915,13,535,18121,16257,1577,65196,75,1404,1053,23,2474,227,0.00404494
4,25069,9316.64,13160.3,11915,10,535,18121,16257,1577,65196,75,1404,1053,23,2474,227,0.00404494
4,31668.3,9316.64,13160.3,11915,14,535,18121,16257,1577,65196,75,1404,1053,23,2474,227,0.00404494
4,22286.7,52118.9,86685.5,76949,14,1648,79268,74891,8577,399718,295,9545,7889,210,28074,773,0.00404494
4,23449.1,52118.9,86685.5,76949,14,1648,79268,74891,8577,399718,295,9545,7889,210,28074,773,0.00404494
4,42733.6,52118.9,86685.5,76949,20,1648,79268,74891,8577,399718,295,9545,7889,210,28074,773,0.00404494
4,77400.3,52118.9,86685.5,76949,27,1648,79268,74891,8577,399718,295,9545,7889,210,28074,773,0.00404494
4,15422.9,24529.2,25215.3,22763,6,875,37654,34706,3636,157372,114,2806,2138,47,6104,236,0.00404494
4,15738.4,24529.2,25215.3,22763,4,875,37654,34706,3636,157372,114,2806,2138,47,6104,236,0.00404494
4,30175.2,24529.2,25215.3,22763,8,875,37654,34706,3636,157372,114,2806,2138,47,6104,236,0.00404494
4,42682.8,24529.2,25215.3,22763,35,875,37654,34706,3636,157372,114,2806,2138,47,6104,236,0.00404494
4,26712.9,51494.8,77596.3,68932,14,1632,76956,72435,8268,385901,279,8483,6882,169,23020,715,0.00404494
4,27409,51494.8,77596.3,68932,16,1632,76956,72435,8268,385901,279,8483,6882,169,23020,715,0.00404494
4,46693.5,51494.8,77596.3,68932,22,1632,76956,72435,8268,385901,279,8483,6882,169,23020,715,0.00404494
4,78002.9,51494.8,77596.3,68932,30,1632,76956,72435,8268,385901,279,8483,6882,169,23020,715,0.00404494
4,8100.44,26333.3,21090.9,19046,6,1056,42384,38863,4328,172674,95,2385,1829,55,5403,287,0.00404494
4,18766.1,26333.3,21090.9,19046,23,1056,42384,38863,4328,172674,95,2385,1829,55,5403,287,0.00404494
4,20127.7,26333.3,21090.9,19046,24,1056,42384,38863,4328,172674,95,2385,1829,55,5403,287,0.00404494
4,41005.4,26333.3,21090.9,19046,18,1056,42384,38863,4328,172674,95,2385,1829,55,5403,287,0.00404494
4,1673.75,11401.8,14723.3,13532,2,491,18636,17106,1648,72970,55,1465,1115,10,2718,224,0.00404494
4,13296.4,11401.8,14723.3,13532,8,491,18636,17106,1648,72970,55,1465,1115,10,2718,224,0.00404494
4,29788.3,11401.8,14723.3,13532,20,491,18636,17106,1648,72970,55,1465,1115,10,2718,224,0.00404494
4,31806.4,11401.8,14723.3,13532,9,491,18636,17106,1648,72970,55,1465,1115,10,2718,224,0.00404494
4,26221.9,44612.4,81088.3,71956,21,1520,65988,61752,6900,307346,281,8630,7006,178,23110,842,0.00404494
4,27008.4,44612.4,81088.3,71956,27,1520,65988,61752,6900,307346,281,8630,7006,178,23110,842,0.00404494
4,41273.9,44612.4,81088.3,71956,15,1520,65988,61752,6900,307346,281,8630,7006,178,23110,842,0.00404494
4,61461.6,44612.4,81088.3,71956,30,1520,65988,61752,6900,307346,281,8630,7006,178,23110,842,0.00404494
4,9372.52,12246,15615.9,14129,7,614,22811,20605,2184,85101,73,1594,1213,22,2775,389,0.00404494
4,16311.5,12246,15615.9,14129,6,614,22811,20605,2184,85101,73,1594,1213,22,2775,389,0.00404494
4,31200.9,12246,15615.9,14129,20,614,22811,20605,2184,85101,73,1594,1213,22,2775,389,0.00404494
4,36966.9,12246,15615.9,14129,3,614,22811,20605,2184,85101,73,1594,1213,22,2775,389,0.00404494
4,31726.8,37668.3,54520.9,49292,14,1368,58568,54640,6265,272947,161,4961,3996,75,12006,574,0.00404494
4,32002.1,37668.3,54520.9,49292,18,1368,58568,54640,6265,272947,161,4961,3996,75,12006,574,0.00404494
4,48244.6,37668.3,54520.9,49292,4,1368,58568,54640,6265,272947,161,4961,3996,75,12006,574,0.00404494
4,62993.4,37668.3,54520.9,49292,22,1368,58568,54640,6265,272947,161,4961,3996,75,12006,574,0.00404494
4,3922.13,23140.1,18697.2,16933,3,912,36624,33845,3636,156525,87,1860,1392,38,3708,148,0.00404494
4,18284.3,23140.1,18697.2,16933,10,912,36624,33845,3636,156525,87,1860,1392,38,3708,148,0.00404494
4,19457.7,23140.1,18697.2,16933,12,912,36624,33845,3636,156525,87,1860,1392,38,3708,148,0.00404494
4,42067.7,23140.1,18697.2,16933,28,912,36624,33845,3636,156525,87,1860,1392,38,3708,148,0.00404494
4,18443.1,17913,44256,39204,11,795,34376,31742,3529,148215,151,4687,3740,109,11668,428,0.00404494
4,27550.5,17913,44256,39204,22,795,34376,31742,3529,148215,151,4687,3740,109,11668,428,0.00404494
4,27889.5,17913,44256,39204,22,795,34376,31742,3529,148215,151,4687,3740,109,11668,428,0.00404494
4,48773.7,17913,44256,39204,39,795,34376,31742,3529,148215,151,4687,3740,109,11668,428,0.00404494
4,12318.8,18364.7,21434.5,19216,3,779,32737,30090,3185,134415,104,2475,1905,39,5393,202,0.00404494
4,18195.8,18364.7,21434.5,19216,7,779,32737,30090,3185,134415,104,2475,1905,39,5393,202,0.00404494
4,26758.6,18364.7,21434.5,19216,7,779,32737,30090,3185,134415,104,2475,1905,39,5393,202,0.00404494
4,40226.6,18364.7,21434.5,19216,30,779,32737,30090,3185,134415,104,2475,1905,39,5393,202,0.00404494
