K,dist,cost_ki,cost_hi,h_cost,vnum,gen_ki,push_ki,pop_ki,prune_ki,suc_call_ki,gen_hi,push_hi,pop_hi,prune_hi,suc_call_hi,reevaluate,density
3,22327.4,53178.4,28144.3,23191,11,1739,78229,72706,8257,343768,172,5132,4006,113,12232,506,0.00199601
3,36524.3,53178.4,28144.3,23191,31,1739,78229,72706,8257,343768,172,5132,4006,113,12232,506,0.00199601
3,51449.8,53178.4,28144.3,23191,29,1739,78229,72706,8257,343768,172,5132,4006,113,12232,506,0.00199601
3,14388.9,46233.2,55855.5,46197,12,1481,68822,64725,7244,331647,323,10034,8193,310,27195,986,0.00199601
3,52828.6,46233.2,55855.5,46197,60,1481,68822,64725,7244,331647,323,10034,8193,310,27195,986,0.00199601
3,63293,46233.2,55855.5,46197,48,1481,68822,64725,7244,331647,323,10034,8193,310,27195,986,0.00199601
3,26419.3,55401.4,50037.6,39432,7,1713,88140,83164,9818,437539,302,9926,8063,288,28719,625,0.00199601
3,51729.2,55401.4,50037.6,39432,15,1713,88140,83164,9818,437539,302,9926,8063,288,28719,625,0.00199601
3,79419,55401.4,50037.6,39432,58,1713,88140,83164,9818,437539,302,9926,8063,288,28719,625,0.00199601
3,33254.9,45247.4,65817.4,54351,29,1518,74455,70141,8020,363903,336,11950,9892,292,32835,1425,0.00199601
3,56112.3,45247.4,65817.4,54351,30,1518,74455,70141,8020,363903,336,11950,9892,292,32835,1425,0.00199601
3,71198.5,45247.4,65817.4,54351,52,1518,74455,70141,8020,363903,336,11950,9892,292,32835,1425,0.00199601
3,7310.38,22688.6,15920.8,12845,2,966,42211,39015,4357,185471,97,3262,2555,49,8217,312,0.00199601
3,34819.6,22688.6,15920.8,12845,25,966,42211,39015,4357,185471,97,3262,2555,49,8217,312,0.00199601
3,48139.7,22688.6,15920.8,12845,17,966,42211,39015,4357,185471,97,3262,2555,49,8217,312,0.00199601
3,9419.52,38808.1,25847.4,21089,9,1467,67819,63426,7169,306496,182,5121,4015,102,11416,503,0.00199601
3,49667.2,38808.1,25847.4,21089,39,1467,67819,63426,7169,306496,182,5121,4015,102,11416,503,0.00199601
3,53406.5,38808.1,25847.4,21089,43,1467,67819,63426,7169,306496,182,5121,4015,102,11416,503,0.00199601
3,46136.7,63240.2,60050.5,49020,21,1923,97138,92003,10623,511084,330,11371,9448,226,32029,1226,0.00199601
3,55323.4,63240.2,60050.5,49020,23,1923,97138,92003,10623,511084,330,11371,9448,226,32029,1226,0.00199601
3,91384.3,63240.2,60050.5,49020,51,1923,97138,92003,10623,511084,330,11371,9448,226,32029,1226,0.00199601
3,10835.2,49248.7,34357.1,27931,11,1656,81835,77565,9124,401716,204,6854,5487,150,16875,643,0.00199601
3,54256.7,49248.7,34357.1,27931,43,1656,81835,77565,9124,401716,204,6854,5487,150,16875,643,0.00199601
3,67787.8,49248.7,34357.1,27931,55,1656,81835,77565,9124,401716,204,6854,5487,150,16875,643,0.00199601
3,9569.66,53949.1,31814.3,25514,5,1740,79955,75077,8280,381721,231,6557,5241,200,17588,395,0.00199601
3,30235.4,53949.1,31814.3,25514,20,1740,79955,75077,8280,381721,231,6557,5241,200,17588,395,0.00199601
3,62097.3,53949.1,31814.3,25514,40,1740,79955,75077,8280,381721,231,6557,5241,200,17588,395,0.00199601
3,11168.9,41028.9,35570.6,29385,10,1423,62910,59010,6504,290362,239,6856,5430,154,16854,739,0.00199601
3,49707.5,41028.9,35570.6,29385,37,1423,62910,59010,6504,290362,239,6856,5430,154,16854,739,0.00199601
3,54555.6,41028.9,35570.6,29385,41,1423,62910,59010,6504,290362,239,6856,5430,154,16854,739,0.00199601
3,32935.6,57601.2,54729.3,43838,15,1739,90610,85622,9907,461198,317,10391,8483,319,30057,734,0.00199601
3,59145.3,57601.2,54729.3,43838,7,1739,90610,85622,9907,461198,317,10391,8483,319,30057,734,0.00199601
3,87300.5,57601.2,54729.3,43838,70,1739,90610,85622,9907,461198,317,10391,8483,319,30057,734,0.00199601
3,24757.6,20933.7,12380.4,10321,13,889,33994,30645,3139,131900,83,2418,1833,27,4611,357,0.00199601
3,31101.8,20933.7,12380.4,10321,26,889,33994,30645,3139,131900,83,2418,1833,27,4611,357,0.00199601
3,34251.6,20933.7,12380.4,10321,27,889,33994,30645,3139,131900,83,2418,1833,27,4611,357,0.00199601
3,24594.8,46814.7,33810.8,27500,22,1659,76750,72208,8180,359236,196,6505,5218,143,16021,635,0.00199601
3,36478.2,46814.7,33810.8,27500,24,1659,76750,72208,8180,359236,196,6505,5218,143,16021,635,0.00199601
3,60302.9,46814.7,33810.8,27500,35,1659,76750,72208,8180,359236,196,6505,5218,143,16021,635,0.00199601
3,12648,51105.8,44534.2,37176,10,1589,76926,72308,8302,363969,225,7247,5802,180,18319,639,0.00199601
3,49593.8,51105.8,44534.2,37176,32,1589,76926,72308,8302,363969,225,7247,5802,180,18319,639,0.00199601
3,62840.6,51105.8,44534.2,37176,49,1589,76926,72308,8302,363969,225,7247,5802,180,18319,639,0.00199601
3,17869.8,36511,12240.6,9869,7,1430,59679,55282,5967,259215,104,2620,1958,23,5341,247,0.00199601
3,25843.4,36511,12240.6,9869,15,1430,59679,55282,5967,259215,104,2620,1958,23,5341,247,0.00199601
3,47331.8,36511,12240.6,9869,15,1430,59679,55282,5967,259215,104,2620,1958,23,5341,247,0.00199601
3,8062.39,41113.4,45228.3,37151,5,1523,70421,66326,7319,335408,294,8820,7151,287,23696,812,0.00199601
3,47133.1,41113.4,45228.3,37151,33,1523,70421,66326,7319,335408,294,8820,7151,287,23696,812,0.00199601
3,60404,41113.4,45228.3,37151,53,1523,70421,66326,7319,335408,294,8820,7151,287,23696,812,0.00199601
3,38131.8,51834.8,37981.9,30663,13,1765,86730,81582,9233,419733,238,7156,5744,120,19286,592,0.00199601
3,38227.2,51834.8,37981.9,30663,15,1765,86730,81582,9233,419733,238,7156,5744,120,19286,592,0.00199601
3,73889.6,51834.8,37981.9,30663,40,1765,86730,81582,9233,419733,238,7156,5744,120,19286,592,0.00199601
3,22152,51309.2,55603.9,45507,21,1658,84309,79634,8755,424857,344,10749,8776,337,30073,910,0.00199601
3,45755.4,51309.2,55603.9,45507,24,1658,84309,79634,8755,424857,344,10749,8776,337,30073,910,0.00199601
3,77880.3,51309.2,55603.9,45507,67,1658,84309,79634,8755,424857,344,10749,8776,337,30073,910,0.00199601
3,18557.2,16507.3,10109,8266,3,769,30019,27432,2901,121957,67,2094,1584,29,4257,260,0.00199601
3,24559.7,16507.3,10109,8266,13,769,30019,27432,2901,121957,67,2094,1584,29,4257,260,0.00199601
3,38553.4,16507.3,10109,8266,29,769,30019,27432,2901,121957,67,2094,1584,29,4257,260,0.00199601
3,10514.8,12250.4,6756.61,5926,5,653,25022,23045,2553,104331,50,949,677,6,1539,152,0.00199601
3,25456.6,12250.4,6756.61,5926,13,653,25022,23045,2553,104331,50,949,677,6,1539,152,0.00199601
3,39423.9,12250.4,6756.61,5926,8,653,25022,23045,2553,104331,50,949,677,6,1539,152,0.00199601
3,24282.3,40880,26204.7,22137,16,1549,69113,64752,7104,316477,153,4674,3663,60,10329,692,0.00199601
3,36872.4,40880,26204.7,22137,31,1549,69113,64752,7104,316477,153,4674,3663,60,10329,692,0.00199601
3,54969.7,40880,26204.7,22137,9,1549,69113,64752,7104,316477,153,4674,3663,60,10329,692,0.00199601
3,26810.7,18342.8,16295.3,13588,22,941,35635,32106,3285,139481,116,3115,2402,42,6350,420,0.00199601
3,29691.8,18342.8,16295.3,13588,13,941,35635,32106,3285,139481,116,3115,2402,42,6350,420,0.00199601
3,35559.3,18342.8,16295.3,13588,24,941,35635,32106,3285,139481,116,3115,2402,42,6350,420,0.00199601
3,29487.3,40106.7,17608.9,14890,23,1597,69835,64380,7249,290996,109,2993,2304,31,5736,493,0.00199601
3,29696.3,40106.7,17608.9,14890,18,1597,69835,64380,7249,290996,109,2993,2304,31,5736,493,0.00199601
3,47787.6,40106.7,17608.9,14890,7,1597,69835,64380,7249,290996,109,2993,2304,31,5736,493,0.00199601
3,25780,21679.8,12252.7,10530,13,1050,42654,38166,3971,159342,84,2136,1599,26,4438,218,0.00199601
3,37805.1,21679.8,12252.7,10530,4,1050,42654,38166,3971,159342,84,2136,1599,26,4438,218,0.00199601
3,37928.8,21679.8,12252.7,10530,19,1050,42654,38166,3971,159342,84,2136,1599,26,4438,218,0.00199601
3,14414.7,10441.9,6340.35,5400,10,599,21025,19176,2005,86946,57,1231,892,9,2195,212,0.00199601
3,27572.8,10441.9,6340.35,5400,22,599,21025,19176,2005,86946,57,1231,892,9,2195,212,0.00199601
3,31676.6,10441.9,6340.35,5400,10,599,21025,19176,2005,86946,57,1231,892,9,2195,212,0.00199601
3,3624.74,31092.9,25721.2,20832,3,1268,56857,52968,5725,261795,178,5207,4098,86,13642,387,0.00199601
3,37049.2,31092.9,25721.2,20832,15,1268,56857,52968,5725,261795,178,5207,4098,86,13642,387,0.00199601
3,57850.5,31092.9,25721.2,20832,31,1268,56857,52968,5725,261795,178,5207,4098,86,13642,387,0.00199601
3,25988.4,29685.6,26055,21822,7,1318,55350,50184,5446,219571,132,4211,3299,69,10030,440,0.00199601
3,38819.6,29685.6,26055,21822,22,1318,55350,50184,5446,219571,132,4211,3299,69,10030,440,0.00199601
3,42062.1,29685.6,26055,21822,21,1318,55350,50184,5446,219571,132,4211,3299,69,10030,440,0.00199601
3,8289.28,48195.8,45605,38000,3,1574,72726,68502,7646,349139,288,8385,6760,254,21804,760,0.00199601
3,46265.5,48195.8,45605,38000,50,1574,72726,68502,7646,349139,288,8385,6760,254,21804,760,0.00199601
3,62814.6,48195.8,45605,38000,50,1574,72726,68502,7646,349139,288,8385,6760,254,21804,760,0.00199601
3,24610.4,39624,23299.1,19906,16,1485,66682,62417,6987,305965,124,4079,3270,80,8512,761,0.00199601
3,38191.5,39624,23299.1,19906,35,1485,66682,62417,6987,305965,124,4079,3270,80,8512,761,0.00199601
3,56252.1,39624,23299.1,19906,3,1485,66682,62417,6987,305965,124,4079,3270,80,8512,761,0.00199601
3,19227.5,17816.4,10796.7,9094,11,742,27566,25251,2739,115121,83,1829,1378,19,3736,224,0.00199601
3,22216.5,17816.4,10796.7,9094,7,742,27566,25251,2739,115121,83,1829,1378,19,3736,224,0.00199601
3,38753.7,17816.4,10796.7,9094,28,742,27566,25251,2739,115121,83,1829,1378,19,3736,224,0.00199601
3,11792.8,34931,20146.2,16547,11,1213,52922,49217,5485,240431,136,3752,2908,74,9370,408,0.00199601
3,28955,34931,20146.2,16547,22,1213,52922,49217,5485,240431,136,3752,2908,74,9370,408,0.00199601
3,51298.4,34931,20146.2,16547,23,1213,52922,49217,5485,240431,136,3752,2908,74,9370,408,0.00199601
3,12597.1,22256.8,18585.8,14784,4,952,40421,37521,4155,179053,140,3933,3132,93,10466,255,0.00199601
3,23757.7,22256.8,18585.8,14784,12,952,40421,37521,4155,179053,140,3933,3132,93,10466,255,0.00199601
3,50463.8,22256.8,18585.8,14784,26,952,40421,37521,4155,179053,140,3933,3132,93,10466,255,0.00199601
3,17981.1,19413,14596.6,11848,16,890,35979,32988,3709,156642,100,2626,2006,55,6386,172,0.00199601
3,23237.3,19413,14596.6,11848,3,890,35979,32988,3709,156642,100,2626,2006,55,6386,172,0.00199601
3,46312.4,19413,14596.6,11848,37,890,35979,32988,3709,156642,100,2626,2006,55,6386,172,0.00199601
3,18006.9,53061.2,46828.5,37395,11,1671,81147,76310,8793,389173,283,9250,7522,216,25951,709,0.00199601
3,47591.1,53061.2,46828.5,37395,29,1671,81147,76310,8793,389173,283,9250,7522,216,25951,709,0.00199601
3,67628,53061.2,46828.5,37395,55,1671,81147,76310,8793,389173,283,9250,7522,216,25951,709,0.00199601
3,16871.6,40116.5,60397.2,50899,16,1398,63252,59354,6642,299282,309,9874,7998,318,25891,1118,0.00199601
3,56088.6,40116.5,60397.2,50899,39,1398,63252,59354,6642,299282,309,9874,7998,318,25891,1118,0.00199601
3,59329.3,40116.5,60397.2,50899,42,1398,63252,59354,6642,299282,309,9874,7998,318,25891,1118,0.00199601
3,42711,33390.8,29455.2,25160,10,1242,60086,55871,6403,292575,139,5061,4155,155,12279,1076,0.00199601
3,45278.5,33390.8,29455.2,25160,35,1242,60086,55871,6403,292575,139,5061,4155,155,12279,1076,0.00199601
3,79571,33390.8,29455.2,25160,2,1242,60086,55871,6403,292575,139,5061,4155,155,12279,1076,0.00199601
3,12527.9,43072.8,49088.9,40133,4,1570,73963,69695,7835,358602,313,9580,7810,317,26501,747,0.00199601
3,48745.1,43072.8,49088.9,40133,33,1570,73963,69695,7835,358602,313,9580,7810,317,26501,747,0.00199601
3,66387.9,43072.8,49088.9,40133,48,1570,73963,69695,7835,358602,313,9580,7810,317,26501,747,0.00199601
3,16680.8,54176,41450.2,33397,9,1771,87516,83169,9822,433498,235,8211,6557,234,21069,703,0.00199601
3,51646.6,54176,41450.2,33397,29,1771,87516,83169,9822,433498,235,8211,6557,234,21069,703,0.00199601
3,72134.4,54176,41450.2,33397,48,1771,87516,83169,9822,433498,235,8211,6557,234,21069,703,0.00199601
3,20721.1,14589.4,13535.5,11350,9,742,28557,25870,2722,112129,96,2619,2000,33,5447,357,0.00199601
3,26957.6,14589.4,13535.5,11350,19,742,28557,25870,2722,112129,96,2619,2000,33,5447,357,0.00199601
3,35964.8,14589.4,13535.5,11350,32,742,28557,25870,2722,112129,96,2619,2000,33,5447,357,0.00199601
3,16238.3,45289.7,25409.7,20956,9,1672,76332,71320,8123,342324,178,4987,3869,105,11081,545,0.00199601
3,42122,45289.7,25409.7,20956,37,1672,76332,71320,8123,342324,178,4987,3869,105,11081,545,0.00199601
3,52398,45289.7,25409.7,20956,32,1672,76332,71320,8123,342324,178,4987,3869,105,11081,545,0.00199601
3,24097,52853.4,56112.5,45332,18,1715,87533,82629,9127,443530,348,11125,9061,354,31423,893,0.00199601
3,44534.4,52853.4,56112.5,45332,23,1715,87533,82629,9127,443530,348,11125,9061,354,31423,893,0.00199601
3,80581.3,52853.4,56112.5,45332,59,1715,87533,82629,9127,443530,348,11125,9061,354,31423,893,0.00199601
3,14736.7,45784.4,53236.6,43386,7,1574,78594,74218,8454,379926,307,9909,8114,257,27016,920,0.00199601
3,58051.8,45784.4,53236.6,43386,41,1574,78594,74218,8454,379926,307,9909,8114,257,27016,920,0.00199601
3,69831.2,45784.4,53236.6,43386,52,1574,78594,74218,8454,379926,307,9909,8114,257,27016,920,0.00199601
3,28911.1,25794.9,5802.83,4770,2,1120,43410,38828,4037,164276,55,1228,868,2,2093,178,0.00199601
3,31259.7,25794.9,5802.83,4770,10,1120,43410,38828,4037,164276,55,1228,868,2,2093,178,0.00199601
3,38170.9,25794.9,5802.83,4770,8,1120,43410,38828,4037,164276,55,1228,868,2,2093,178,0.00199601
3,18490.2,57347.3,37022.7,30263,13,1879,89538,85127,9879,437488,237,7251,5678,175,17548,568,0.00199601
3,42533,57347.3,37022.7,30263,23,1879,89538,85127,9879,437488,237,7251,5678,175,17548,568,0.00199601
3,66968.3,57347.3,37022.7,30263,42,1879,89538,85127,9879,437488,237,7251,5678,175,17548,568,0.00199601
3,48118,56585.7,66466.5,55554,8,1811,92405,87216,10030,471475,298,10663,8830,221,30312,1062,0.00199601
3,49397.1,56585.7,66466.5,55554,22,1811,92405,87216,10030,471475,298,10663,8830,221,30312,1062,0.00199601
3,86266.9,56585.7,66466.5,55554,47,1811,92405,87216,10030,471475,298,10663,8830,221,30312,1062,0.00199601
3,43271.7,67159.4,116071,91835,23,1830,99832,94470,10975,535473,583,21440,18119,678,72295,1249,0.00199601
3,62004.3,67159.4,116071,91835,12,1830,99832,94470,10975,535473,583,21440,18119,678,72295,1249,0.00199601
3,97127.8,67159.4,116071,91835,26,1830,99832,94470,10975,535473,583,21440,18119,678,72295,1249,0.00199601
3,18091,35432.9,54109.1,45541,19,1351,60969,57165,6357,284407,286,9150,7311,251,25948,547,0.00199601
3,56732.5,35432.9,54109.1,45541,42,1351,60969,57165,6357,284407,286,9150,7311,251,25948,547,0.00199601
3,57272.9,35432.9,54109.1,45541,48,1351,60969,57165,6357,284407,286,9150,7311,251,25948,547,0.00199601
3,33356.7,63051.4,46164.6,37197,19,1940,97583,92572,10642,501664,270,8540,6961,167,24033,593,0.00199601
3,51494.8,63051.4,46164.6,37197,6,1940,97583,92572,10642,501664,270,8540,6961,167,24033,593,0.00199601
3,85413.1,63051.4,46164.6,37197,32,1940,97583,92572,10642,501664,270,8540,6961,167,24033,593,0.00199601
3,17159.7,32149.2,17447.9,14355,7,1370,57000,52060,5654,227797,140,3486,2667,71,7654,333,0.00199601
3,36971.6,32149.2,17447.9,14355,15,1370,57000,52060,5654,227797,140,3486,2667,71,7654,333,0.00199601
3,43568.5,32149.2,17447.9,14355,30,1370,57000,52060,5654,227797,140,3486,2667,71,7654,333,0.00199601
3,27998.4,39750.9,25199.1,20209,20,1412,66702,62331,7082,314899,168,4875,3839,67,14292,423,0.00199601
3,28338.9,39750.9,25199.1,20209,10,1412,66702,62331,7082,314899,168,4875,3839,67,14292,423,0.00199601
3,69053.5,39750.9,25199.1,20209,23,1412,66702,62331,7082,314899,168,4875,3839,67,14292,423,0.00199601
3,53504.3,63548.9,86123.9,70891,27,1918,101499,96285,11006,553216,410,15709,13301,355,47321,1765,0.00199601
3,62130.1,63548.9,86123.9,70891,31,1918,101499,96285,11006,553216,410,15709,13301,355,47321,1765,0.00199601
3,98798.1,63548.9,86123.9,70891,60,1918,101499,96285,11006,553216,410,15709,13301,355,47321,1765,0.00199601
3,16583.1,32371.3,17694.2,14460,8,1397,59354,54307,5883,239616,144,3591,2746,76,8155,341,0.00199601
3,36085.3,32371.3,17694.2,14460,15,1397,59354,54307,5883,239616,144,3591,2746,76,8155,341,0.00199601
3,44333.9,32371.3,17694.2,14460,30,1397,59354,54307,5883,239616,144,3591,2746,76,8155,341,0.00199601
3,18406.8,32869.1,25520.8,21681,3,1380,59374,54570,6053,246516,152,4565,3532,95,11142,265,0.00199601
3,44352.1,32869.1,25520.8,21681,34,1380,59374,54570,6053,246516,152,4565,3532,95,11142,265,0.00199601
3,44733.4,32869.1,25520.8,21681,31,1380,59374,54570,6053,246516,152,4565,3532,95,11142,265,0.00199601
3,17452.5,24888.1,21984.7,17763,10,1168,46799,42645,4590,190907,167,4555,3505,85,10313,367,0.00199601
3,33682.4,24888.1,21984.7,17763,19,1168,46799,42645,4590,190907,167,4555,3505,85,10313,367,0.00199601
3,41643.3,24888.1,21984.7,17763,17,1168,46799,42645,4590,190907,167,4555,3505,85,10313,367,0.00199601
3,25241.3,50072.7,61951,51228,13,1646,84203,79564,9191,417355,288,10115,8193,264,26843,910,0.00199601
3,58980.5,50072.7,61951,51228,19,1646,84203,79564,9191,417355,288,10115,8193,264,26843,910,0.00199601
3,79905.7,50072.7,61951,51228,58,1646,84203,79564,9191,417355,288,10115,8193,264,26843,910,0.00199601
3,10307.4,24206.2,21997.9,17523,5,1013,43428,40358,4503,193856,155,4521,3603,113,12720,261,0.00199601
3,26134.9,24206.2,21997.9,17523,13,1013,43428,40358,4503,193856,155,4521,3603,113,12720,261,0.00199601
3,51113.9,24206.2,21997.9,17523,30,1013,43428,40358,4503,193856,155,4521,3603,113,12720,261,0.00199601
3,19650.5,36570.9,27209.9,22811,12,1405,57951,53311,5704,247305,160,4947,3932,87,12527,594,0.00199601
3,42037.4,36570.9,27209.9,22811,31,1405,57951,53311,5704,247305,160,4947,3932,87,12527,594,0.00199601
3,46192.6,36570.9,27209.9,22811,18,1405,57951,53311,5704,247305,160,4947,3932,87,12527,594,0.00199601
3,29390.2,49625.7,26198.5,21828,24,1737,79030,74243,8280,363919,161,4784,3783,57,10772,606,0.00199601
3,30038,49625.7,26198.5,21828,18,1737,79030,74243,8280,363919,161,4784,3783,57,10772,606,0.00199601
3,58254.5,49625.7,26198.5,21828,20,1737,79030,74243,8280,363919,161,4784,3783,57,10772,606,0.00199601
3,13564.4,36470,43746.6,36713,15,1403,62872,58986,6583,293222,262,8195,6554,187,21092,935,0.00199601
3,52605.4,36470,43746.6,36713,45,1403,62872,58986,6583,293222,262,8195,6554,187,21092,935,0.00199601
3,56140.8,36470,43746.6,36713,43,1403,62872,58986,6583,293222,262,8195,6554,187,21092,935,0.00199601
3,12796.6,40696.5,23777.6,19882,10,1485,64687,59803,6489,275014,159,3976,3046,60,9159,378,0.00199601
3,36422.4,40696.5,23777.6,19882,23,1485,64687,59803,6489,275014,159,3976,3046,60,9159,378,0.00199601
3,47533.5,40696.5,23777.6,19882,32,1485,64687,59803,6489,275014,159,3976,3046,60,9159,378,0.00199601
3,25808.1,55982.9,54939.7,44616,9,1677,86439,81530,9547,427473,292,9679,7828,277,26825,707,0.00199601
3,53146.4,55982.9,54939.7,44616,15,1677,86439,81530,9547,427473,292,9679,7828,277,26825,707,0.00199601
3,78872.2,55982.9,54939.7,44616,58,1677,86439,81530,9547,427473,292,9679,7828,277,26825,707,0.00199601
3,48193.6,61959.8,56775.7,47374,28,1707,87810,82830,9312,445767,278,9720,8065,229,24784,1309,0.00199601
3,52498.2,61959.8,56775.7,47374,9,1707,87810,82830,9312,445767,278,9720,8065,229,24784,1309,0.00199601
3,85063.4,61959.8,56775.7,47374,53,1707,87810,82830,9312,445767,278,9720,8065,229,24784,1309,0.00199601
3,5575.91,32380,13861.5,11328,6,1281,54543,50870,5539,245056,118,2787,2044,32,5808,207,0.00199601
3,36233.2,32380,13861.5,11328,7,1281,54543,50870,5539,245056,118,2787,2044,32,5808,207,0.00199601
3,51136.9,32380,13861.5,11328,37,1281,54543,50870,5539,245056,118,2787,2044,32,5808,207,0.00199601
3,16186.2,33512.3,22845.5,19188,10,1302,53723,49641,5401,231076,140,3770,2909,64,8520,425,0.00199601
3,40050.7,33512.3,22845.5,19188,14,1302,53723,49641,5401,231076,140,3770,2909,64,8520,425,0.00199601
3,45136.6,33512.3,22845.5,19188,32,1302,53723,49641,5401,231076,140,3770,2909,64,8520,425,0.00199601
3,20943.2,57985.8,30799.7,25264,17,1867,88208,83592,9512,422710,199,5979,4594,90,13096,636,0.00199601
3,39002.6,57985.8,30799.7,25264,22,1867,88208,83592,9512,422710,199,5979,4594,90,13096,636,0.00199601
3,64611.6,57985.8,30799.7,25264,13,1867,88208,83592,9512,422710,199,5979,4594,90,13096,636,0.00199601
3,25737.1,54256.2,39633.5,32008,25,1699,80191,75502,8764,379817,230,7732,6249,167,20097,771,0.00199601
3,37513.9,54256.2,39633.5,32008,27,1699,80191,75502,8764,379817,230,7732,6249,167,20097,771,0.00199601
3,64716.6,54256.2,39633.5,32008,37,1699,80191,75502,8764,379817,230,7732,6249,167,20097,771,0.00199601
3,23907.8,57550,47407.5,38317,15,1893,93916,89227,10420,477569,280,9241,7420,252,25410,790,0.00199601
3,52491.4,57550,47407.5,38317,26,1893,93916,89227,10420,477569,280,9241,7420,252,25410,790,0.00199601
3,79188,57550,47407.5,38317,56,1893,93916,89227,10420,477569,280,9241,7420,252,25410,790,0.00199601
3,39633.7,50243.4,42806.2,34490,9,1633,80757,75980,8883,400899,241,8261,6940,175,24827,811,0.00199601
3,44322.8,50243.4,42806.2,34490,10,1633,80757,75980,8883,400899,241,8261,6940,175,24827,811,0.00199601
3,79446.3,50243.4,42806.2,34490,24,1633,80757,75980,8883,400899,241,8261,6940,175,24827,811,0.00199601
3,29074.1,63461.6,36822.5,29232,12,1902,95950,91007,10436,485849,241,7438,5942,85,19834,532,0.00199601
3,48592.3,63461.6,36822.5,29232,9,1902,95950,91007,10436,485849,241,7438,5942,85,19834,532,0.00199601
3,80859.6,63461.6,36822.5,29232,29,1902,95950,91007,10436,485849,241,7438,5942,85,19834,532,0.00199601
3,26463.8,38699.8,43986.8,36298,18,1295,59370,55409,6339,278463,267,8107,6726,166,22962,948,0.00199601
3,49155.2,38699.8,43986.8,36298,35,1295,59370,55409,6339,278463,267,8107,6726,166,22962,948,0.00199601
3,61022.1,38699.8,43986.8,36298,29,1295,59370,55409,6339,278463,267,8107,6726,166,22962,948,0.00199601
3,32988.6,25152.6,20525.2,17392,14,1246,48591,43811,4602,187189,98,3596,2800,56,7613,561,0.00199601
3,34991.4,25152.6,20525.2,17392,7,1246,48591,43811,4602,187189,98,3596,2800,56,7613,561,0.00199601
3,39781.7,25152.6,20525.2,17392,17,1246,48591,43811,4602,187189,98,3596,2800,56,7613,561,0.00199601
3,6227.79,33229.3,25040.1,20012,6,1309,57539,53565,5883,260024,190,5089,3996,107,12764,371,0.00199601
3,40966.2,33229.3,25040.1,20012,11,1309,57539,53565,5883,260024,190,5089,3996,107,12764,371,0.00199601
3,53492.4,33229.3,25040.1,20012,42,1309,57539,53565,5883,260024,190,5089,3996,107,12764,371,0.00199601
3,10553.3,23874.3,25148.8,20071,6,1049,45013,41830,4625,201926,178,5213,4187,139,14862,336,0.00199601
3,27315.5,23874.3,25148.8,20071,15,1049,45013,41830,4625,201926,178,5213,4187,139,14862,336,0.00199601
3,53734.2,23874.3,25148.8,20071,30,1049,45013,41830,4625,201926,178,5213,4187,139,14862,336,0.00199601
3,16229.3,9472.14,6148.78,5178,11,577,19846,18050,1843,80167,63,1191,863,7,2089,173,0.00199601
3,27949.9,9472.14,6148.78,5178,7,577,19846,18050,1843,80167,63,1191,863,7,2089,173,0.00199601
3,30732.4,9472.14,6148.78,5178,24,577,19846,18050,1843,80167,63,1191,863,7,2089,173,0.00199601
3,4392.54,10934.2,7253.4,5947,6,601,23558,21565,2371,97917,63,1538,1136,4,2859,178,0.00199601
3,31565.7,10934.2,7253.4,5947,6,601,23558,21565,2371,97917,63,1538,1136,4,2859,178,0.00199601
3,43326,10934.2,7253.4,5947,10,601,23558,21565,2371,97917,63,1538,1136,4,2859,178,0.00199601
3,18977.7,21286.4,21877.9,17907,12,959,40951,37917,4259,184595,159,4361,3467,85,10737,514,0.00199601
3,24916.5,21286.4,21877.9,17907,21,959,40951,37917,4259,184595,159,4361,3467,85,10737,514,0.00199601
3,56293,21286.4,21877.9,17907,19,959,40951,37917,4259,184595,159,4361,3467,85,10737,514,0.00199601
3,30750.4,53911.5,32400.1,25966,15,1848,90352,85238,9610,436152,203,6314,5090,86,17294,556,0.00199601
3,39209.4,53911.5,32400.1,25966,9,1848,90352,85238,9610,436152,203,6314,5090,86,17294,556,0.00199601
3,72764.8,53911.5,32400.1,25966,37,1848,90352,85238,9610,436152,203,6314,5090,86,17294,556,0.00199601
3,36350.8,45129.4,42101.9,34641,10,1556,74559,70043,8247,363045,235,7855,6456,168,22320,853,0.00199601
3,40191.3,45129.4,42101.9,34641,19,1556,74559,70043,8247,363045,235,7855,6456,168,22320,853,0.00199601
3,71477.3,45129.4,42101.9,34641,22,1556,74559,70043,8247,363045,235,7855,6456,168,22320,853,0.00199601
3,37062.1,42955.4,27530.2,23069,8,1298,63714,59360,6881,306201,138,4880,3879,104,11958,808,0.00199601
3,38521.8,42955.4,27530.2,23069,36,1298,63714,59360,6881,306201,138,4880,3879,104,11958,808,0.00199601
3,76035.8,42955.4,27530.2,23069,10,1298,63714,59360,6881,306201,138,4880,3879,104,11958,808,0.00199601
3,12906.6,48081.9,45066,36346,4,1623,79055,74494,8551,378128,269,8796,7093,238,23360,747,0.00199601
3,52970.6,48081.9,45066,36346,31,1623,79055,74494,8551,378128,269,8796,7093,238,23360,747,0.00199601
3,66601.4,48081.9,45066,36346,53,1623,79055,74494,8551,378128,269,8796,7093,238,23360,747,0.00199601
3,15761.1,18278.7,10862,8753,4,862,34283,31464,3539,144944,81,2282,1736,35,5229,213,0.00199601
3,25905,18278.7,10862,8753,15,862,34283,31464,3539,144944,81,2282,1736,35,5229,213,0.00199601
3,42096.8,18278.7,10862,8753,29,862,34283,31464,3539,144944,81,2282,1736,35,5229,213,0.00199601
3,15115.1,22640.5,11045.5,9105,5,1061,42492,39243,4124,177142,89,2212,1647,25,4593,293,0.00199601
3,34439.7,22640.5,11045.5,9105,13,1061,42492,39243,4124,177142,89,2212,1647,25,4593,293,0.00199601
3,40096.6,22640.5,11045.5,9105,29,1061,42492,39243,4124,177142,89,2212,1647,25,4593,293,0.00199601
3,25697.1,15420.1,14472.7,12266,13,774,27844,24857,2459,103560,94,2515,1904,30,4925,360,0.00199601
3,29109,15420.1,14472.7,12266,21,774,27844,24857,2459,103560,94,2515,1904,30,4925,360,0.00199601
3,31654.3,15420.1,14472.7,12266,27,774,27844,24857,2459,103560,94,2515,1904,30,4925,360,0.00199601
3,20187,36399.7,20045.5,16879,15,1461,61743,57398,6304,273635,131,3680,2892,53,7802,550,0.00199601
3,39627.4,36399.7,20045.5,16879,26,1461,61743,57398,6304,273635,131,3680,2892,53,7802,550,0.00199601
3,50999.2,36399.7,20045.5,16879,7,1461,61743,57398,6304,273635,131,3680,2892,53,7802,550,0.00199601
3,14416.8,19271.3,15078.5,12346,7,902,36235,33130,3565,148223,99,3092,2384,52,6920,350,0.00199601
3,30067.9,19271.3,15078.5,12346,20,902,36235,33130,3565,148223,99,3092,2384,52,6920,350,0.00199601
3,41416.2,19271.3,15078.5,12346,32,902,36235,33130,3565,148223,99,3092,2384,52,6920,350,0.00199601
3,19446.4,19617.6,11379.6,9425,8,874,34362,31505,3327,140362,85,2248,1703,31,4630,304,0.00199601
3,29090.6,19617.6,11379.6,9425,17,874,34362,31505,3327,140362,85,2248,1703,31,4630,304,0.00199601
3,35757.8,19617.6,11379.6,9425,26,874,34362,31505,3327,140362,85,2248,1703,31,4630,304,0.00199601
3,4534.24,48834.6,44147.4,36797,3,1500,74853,70773,8139,359490,237,7644,6125,171,19239,691,0.00199601
3,59182.7,48834.6,44147.4,36797,45,1500,74853,70773,8139,359490,237,7644,6125,171,19239,691,0.00199601
3,63619.5,48834.6,44147.4,36797,47,1500,74853,70773,8139,359490,237,7644,6125,171,19239,691,0.00199601
3,19550.7,40804.8,9968.76,8339,12,1557,67626,63199,6918,306721,82,2001,1523,9,3404,340,0.00199601
3,22237.6,40804.8,9968.76,8339,15,1557,67626,63199,6918,306721,82,2001,1523,9,3404,340,0.00199601
3,51747.8,40804.8,9968.76,8339,9,1557,67626,63199,6918,306721,82,2001,1523,9,3404,340,0.00199601
3,18751.8,50690.2,42096.1,33807,17,1752,82964,77972,8662,401198,284,8065,6552,217,22661,551,0.00199601
3,31855.5,50690.2,42096.1,33807,24,1752,82964,77972,8662,401198,284,8065,6552,217,22661,551,0.00199601
3,72134.4,50690.2,42096.1,33807,36,1752,82964,77972,8662,401198,284,8065,6552,217,22661,551,0.00199601
3,49364.3,54084.4,55447.4,46410,30,1735,89147,84080,9452,456182,265,9404,7837,226,24646,1178,0.00199601
3,51595,54084.4,55447.4,46410,4,1735,89147,84080,9452,456182,265,9404,7837,226,24646,1178,0.00199601
3,86234.1,54084.4,55447.4,46410,55,1735,89147,84080,9452,456182,265,9404,7837,226,24646,1178,0.00199601
3,15021,52562.8,55269.8,44835,10,1583,80072,75891,8591,401184,298,10382,8525,264,28352,879,0.00199601
3,65767.9,52562.8,55269.8,44835,51,1583,80072,75891,8591,401184,298,10382,8525,264,28352,879,0.00199601
3,73713.2,52562.8,55269.8,44835,58,1583,80072,75891,8591,401184,298,10382,8525,264,28352,879,0.00199601
3,29331.1,29565.6,16621.2,14494,10,1107,51279,47760,5580,239214,73,2343,1822,14,4222,588,0.00199601
3,38974,29565.6,16621.2,14494,19,1107,51279,47760,5580,239214,73,2343,1822,14,4222,588,0.00199601
3,66172,29565.6,16621.2,14494,2,1107,51279,47760,5580,239214,73,2343,1822,14,4222,588,0.00199601
3,20250.1,19521.3,14681.9,12132,18,864,35765,33105,3753,157692,110,2832,2134,34,6167,321,0.00199601
3,20434.5,19521.3,14681.9,12132,10,864,35765,33105,3753,157692,110,2832,2134,34,6167,321,0.00199601
3,52031.2,19521.3,14681.9,12132,14,864,35765,33105,3753,157692,110,2832,2134,34,6167,321,0.00199601
3,14590.6,15143.6,8227.73,7052,12,702,29779,27412,3083,128287,45,1529,1189,11,2644,370,0.00199601
3,28172.5,15143.6,8227.73,7052,10,702,29779,27412,3083,128287,45,1529,1189,11,2644,370,0.00199601
3,50242.2,15143.6,8227.73,7052,3,702,29779,27412,3083,128287,45,1529,1189,11,2644,370,0.00199601
3,27069.6,18710.3,9316.65,8030,17,949,35213,31415,3195,131158,60,1612,1199,9,2829,338,0.00199601
3,33065.5,18710.3,9316.65,8030,12,949,35213,31415,3195,131158,60,1612,1199,9,2829,338,0.00199601
3,34799.9,18710.3,9316.65,8030,4,949,35213,31415,3195,131158,60,1612,1199,9,2829,338,0.00199601
3,7685.29,46311.9,44323.7,36239,5,1534,70875,66729,7392,337338,288,8698,7047,291,23331,805,0.00199601
3,46756,46311.9,44323.7,36239,33,1534,70875,66729,7392,337338,288,8698,7047,291,23331,805,0.00199601
3,60579.8,46311.9,44323.7,36239,54,1534,70875,66729,7392,337338,288,8698,7047,291,23331,805,0.00199601
3,41172.8,65022.3,103284,82504,22,1842,98137,92835,10743,520921,553,19287,16042,564,61110,1084,0.00199601
3,60104.8,65022.3,103284,82504,10,1842,98137,92835,10743,520921,553,19287,16042,564,61110,1084,0.00199601
3,94904.2,65022.3,103284,82504,19,1842,98137,92835,10743,520921,553,19287,16042,564,61110,1084,0.00199601
3,8195.43,13209,7934.44,6403,8,629,25789,23663,2664,108909,66,1636,1229,6,3733,159,0.00199601
3,32069.2,13209,7934.44,6403,6,629,25789,23663,2664,108909,66,1636,1229,6,3733,159,0.00199601
3,47672.3,13209,7934.44,6403,10,629,25789,23663,2664,108909,66,1636,1229,6,3733,159,0.00199601
3,26485.2,33266.8,16320.2,13865,21,1412,58950,53518,5887,232780,106,2912,2267,25,5564,510,0.00199601
3,33831.5,33266.8,16320.2,13865,25,1412,58950,53518,5887,232780,106,2912,2267,25,5564,510,0.00199601
3,43343.6,33266.8,16320.2,13865,7,1412,58950,53518,5887,232780,106,2912,2267,25,5564,510,0.00199601
3,21967.3,19174.9,12858.8,10683,8,951,36459,33166,3511,142578,83,2490,1871,37,5347,281,0.00199601
3,34314,19174.9,12858.8,10683,28,951,36459,33166,3511,142578,83,2490,1871,37,5347,281,0.00199601
3,35243.7,19174.9,12858.8,10683,23,951,36459,33166,3511,142578,83,2490,1871,37,5347,281,0.00199601
3,11441.7,12593.1,5943.71,5001,6,674,25897,23871,2667,109001,57,1181,853,3,2190,180,0.00199601
3,24345.3,12593.1,5943.71,5001,10,674,25897,23871,2667,109001,57,1181,853,3,2190,180,0.00199601
3,39364,12593.1,5943.71,5001,11,674,25897,23871,2667,109001,57,1181,853,3,2190,180,0.00199601
3,20229.3,55930.3,24757.7,20115,16,1798,82531,77601,8951,379738,177,4947,3797,114,12191,466,0.00199601
3,37247.8,55930.3,24757.7,20115,35,1798,82531,77601,8951,379738,177,4947,3797,114,12191,466,0.00199601
3,55228.1,55930.3,24757.7,20115,35,1798,82531,77601,8951,379738,177,4947,3797,114,12191,466,0.00199601
3,15050.6,52319.6,47684.2,38823,4,1629,79594,74958,8614,380826,268,9161,7453,228,24795,747,0.00199601
3,52322.3,52319.6,47684.2,38823,36,1629,79594,74958,8614,380826,268,9161,7453,228,24795,747,0.00199601
3,68045.6,52319.6,47684.2,38823,51,1629,79594,74958,8614,380826,268,9161,7453,228,24795,747,0.00199601
3,17246.1,30572.5,21938.2,18610,14,1321,55706,51427,5605,237268,131,3596,2826,55,7598,539,0.00199601
3,42146.8,30572.5,21938.2,18610,30,1321,55706,51427,5605,237268,131,3596,2826,55,7598,539,0.00199601
3,48058.2,30572.5,21938.2,18610,6,1321,55706,51427,5605,237268,131,3596,2826,55,7598,539,0.00199601
3,15862.5,33288,15856.8,12708,5,1155,52239,48704,5622,237461,112,3202,2451,22,8286,261,0.00199601
3,29921.7,33288,15856.8,12708,10,1155,52239,48704,5622,237461,112,3202,2451,22,8286,261,0.00199601
3,56577.1,33288,15856.8,12708,18,1155,52239,48704,5622,237461,112,3202,2451,22,8286,261,0.00199601
3,24658.2,57769.8,67540.6,55274,18,1772,92045,87445,10375,474445,308,11898,9835,324,34458,1257,0.00199601
3,61913,57769.8,67540.6,55274,32,1772,92045,87445,10375,474445,308,11898,9835,324,34458,1257,0.00199601
3,82139.6,57769.8,67540.6,55274,62,1772,92045,87445,10375,474445,308,11898,9835,324,34458,1257,0.00199601
3,12894,33061,19533.3,15682,11,1249,54980,51209,5722,249510,138,3936,3091,77,9753,405,0.00199601
3,27901,33061,19533.3,15682,21,1249,54980,51209,5722,249510,138,3936,3091,77,9753,405,0.00199601
3,52311,33061,19533.3,15682,25,1249,54980,51209,5722,249510,138,3936,3091,77,9753,405,0.00199601
3,5786.54,47015.4,34625.5,28263,7,1541,76996,72819,8432,373121,209,6857,5484,165,16366,674,0.00199601
3,57547.6,47015.4,34625.5,28263,41,1541,76996,72819,8432,373121,209,6857,5484,165,16366,674,0.00199601
3,64252.6,47015.4,34625.5,28263,46,1541,76996,72819,8432,373121,209,6857,5484,165,16366,674,0.00199601
3,30028,52133.4,32696.7,26540,4,1717,80207,75388,8360,377788,203,6433,5182,122,17106,505,0.00199601
3,37528.1,52133.4,32696.7,26540,25,1717,80207,75388,8360,377788,203,6433,5182,122,17106,505,0.00199601
3,65302.3,52133.4,32696.7,26540,37,1717,80207,75388,8360,377788,203,6433,5182,122,17106,505,0.00199601
3,19142.9,33021.6,20635.7,17424,14,1398,59550,55271,6111,261425,133,3753,2960,49,8127,574,0.00199601
3,40737.1,33021.6,20635.7,17424,25,1398,59550,55271,6111,261425,133,3753,2960,49,8127,574,0.00199601
3,50013.1,33021.6,20635.7,17424,5,1398,59550,55271,6111,261425,133,3753,2960,49,8127,574,0.00199601
3,32165.8,43014.7,36025.4,29419,24,1484,73481,68707,7923,357414,211,6737,5458,134,19044,859,0.00199601
3,36104,43014.7,36025.4,29419,12,1484,73481,68707,7923,357414,211,6737,5458,134,19044,859,0.00199601
3,76818.6,43014.7,36025.4,29419,25,1484,73481,68707,7923,357414,211,6737,5458,134,19044,859,0.00199601
3,28061.8,28393.2,20694.6,17423,9,1304,53176,48025,5187,208620,117,3756,2872,62,8103,490,0.00199601
3,37286.2,28393.2,20694.6,17423,20,1304,53176,48025,5187,208620,117,3756,2872,62,8103,490,0.00199601
3,41409.1,28393.2,20694.6,17423,21,1304,53176,48025,5187,208620,117,3756,2872,62,8103,490,0.00199601
3,19622.3,45884,56595.9,46321,4,1575,76463,72062,8145,382836,347,10836,8848,368,30942,882,0.00199601
3,54909,45884,56595.9,46321,41,1575,76463,72062,8145,382836,347,10836,8848,368,30942,882,0.00199601
3,72070.1,45884,56595.9,46321,56,1575,76463,72062,8145,382836,347,10836,8848,368,30942,882,0.00199601
3,17692.5,20373.6,11280.3,9361,8,975,38713,35667,3783,160182,84,2220,1671,28,4826,278,0.00199601
3,32143,20373.6,11280.3,9361,19,975,38713,35667,3783,160182,84,2220,1671,28,4826,278,0.00199601
3,37635.7,20373.6,11280.3,9361,28,975,38713,35667,3783,160182,84,2220,1671,28,4826,278,0.00199601
3,17830.9,26328.1,24832,20354,15,1109,43083,39246,4166,174434,169,4907,3797,98,11263,420,0.00199601
3,35211.8,26328.1,24832,20354,20,1109,43083,39246,4166,174434,169,4907,3797,98,11263,420,0.00199601
3,40316.4,26328.1,24832,20354,20,1109,43083,39246,4166,174434,169,4907,3797,98,11263,420,0.00199601
3,38145.5,58383.1,63796.7,51541,11,1753,92654,87343,10328,476403,387,11918,9751,292,33474,852,0.00199601
3,53648.6,58383.1,63796.7,51541,11,1753,92654,87343,10328,476403,387,11918,9751,292,33474,852,0.00199601
3,88449.3,58383.1,63796.7,51541,20,1753,92654,87343,10328,476403,387,11918,9751,292,33474,852,0.00199601
3,27740.5,57785.7,30082.2,24611,14,1851,88683,83722,9359,424777,181,5753,4609,71,13393,701,0.00199601
3,38910.5,57785.7,30082.2,24611,18,1851,88683,83722,9359,424777,181,5753,4609,71,13393,701,0.00199601
3,69597,57785.7,30082.2,24611,25,1851,88683,83722,9359,424777,181,5753,4609,71,13393,701,0.00199601
3,49872.1,57499.8,54093.7,44953,29,1719,88567,83546,9358,452751,267,9280,7744,225,24381,1179,0.00199601
3,52670.9,57499.8,54093.7,44953,5,1719,88567,83546,9358,452751,267,9280,7744,225,24381,1179,0.00199601
3,86741.9,57499.8,54093.7,44953,54,1719,88567,83546,9358,452751,267,9280,7744,225,24381,1179,0.00199601
3,18141,16626.1,14258.2,12150,15,774,32461,29915,3426,141868,81,2614,2081,35,5424,532,0.00199601
3,27702.4,16626.1,14258.2,12150,16,774,32461,29915,3426,141868,81,2614,2081,35,5424,532,0.00199601
3,52820.4,16626.1,14258.2,12150,7,774,32461,29915,3426,141868,81,2614,2081,35,5424,532,0.00199601
3,34794.5,51532.4,44170.7,35735,14,1762,84995,79948,9016,408689,276,8631,7035,179,24480,726,0.00199601
3,40434.5,51532.4,44170.7,35735,22,1762,84995,79948,9016,408689,276,8631,7035,179,24480,726,0.00199601
3,71427.9,51532.4,44170.7,35735,40,1762,84995,79948,9016,408689,276,8631,7035,179,24480,726,0.00199601
3,20642.5,51620.3,23242.6,19028,19,1843,84787,79920,9184,396575,166,4634,3477,64,10287,479,0.00199601
3,36511.6,51620.3,23242.6,19028,31,1843,84787,79920,9184,396575,166,4634,3477,64,10287,479,0.00199601
3,58054.4,51620.3,23242.6,19028,6,1843,84787,79920,9184,396575,166,4634,3477,64,10287,479,0.00199601
3,23669.2,30127.1,50426.8,42585,16,1217,55156,51312,5757,254161,269,8465,7023,205,22973,995,0.00199601
3,51463.9,30127.1,50426.8,42585,38,1217,55156,51312,5757,254161,269,8465,7023,205,22973,995,0.00199601
3,58214.8,30127.1,50426.8,42585,28,1217,55156,51312,5757,254161,269,8465,7023,205,22973,995,0.00199601
3,12445.6,25899.6,13733.2,11271,6,998,44887,41649,4793,201597,90,2588,1952,18,6097,335,0.00199601
3,34490.9,25899.6,13733.2,11271,19,998,44887,41649,4793,201597,90,2588,1952,18,6097,335,0.00199601
3,52000.6,25899.6,13733.2,11271,14,998,44887,41649,4793,201597,90,2588,1952,18,6097,335,0.00199601
3,28508,65600.7,62862.9,51019,15,1964,97688,92795,10705,501874,381,11460,9191,268,31924,690,0.00199601
3,51873.1,65600.7,62862.9,51019,14,1964,97688,92795,10705,501874,381,11460,9191,268,31924,690,0.00199601
3,83134.4,65600.7,62862.9,51019,26,1964,97688,92795,10705,501874,381,11460,9191,268,31924,690,0.00199601
3,19451.3,45984.6,30863,24327,13,1600,71065,66590,7320,331655,231,6369,5015,185,17209,339,0.00199601
3,20689.5,45984.6,30863,24327,22,1600,71065,66590,7320,331655,231,6369,5015,185,17209,339,0.00199601
3,58449.1,45984.6,30863,24327,33,1600,71065,66590,7320,331655,231,6369,5015,185,17209,339,0.00199601
3,3740.03,18876.1,15878.2,13015,4,858,35764,32578,3550,145858,121,3231,2479,51,7538,371,0.00199601
3,37368.5,18876.1,15878.2,13015,25,858,35764,32578,3550,145858,121,3231,2479,51,7538,371,0.00199601
3,40852.1,18876.1,15878.2,13015,20,858,35764,32578,3550,145858,121,3231,2479,51,7538,371,0.00199601
3,31487.1,30434.6,17825.2,15166,9,1177,55376,51586,6107,262366,106,3225,2525,42,6650,637,0.00199601
3,38759.2,30434.6,17825.2,15166,24,1177,55376,51586,6107,262366,106,3225,2525,42,6650,637,0.00199601
3,69187.1,30434.6,17825.2,15166,6,1177,55376,51586,6107,262366,106,3225,2525,42,6650,637,0.00199601
3,51716.4,61421.5,60376.7,49899,31,1743,90420,85342,9679,464756,291,10430,8699,261,27299,1371,0.00199601
3,54030.5,61421.5,60376.7,49899,6,1743,90420,85342,9679,464756,291,10430,8699,261,27299,1371,0.00199601
3,88586.2,61421.5,60376.7,49899,56,1743,90420,85342,9679,464756,291,10430,8699,261,27299,1371,0.00199601
3,22407.2,29574.1,50652.8,42322,17,1172,52740,48931,5504,240325,280,9189,7670,252,25626,1021,0.00199601
3,53787.3,29574.1,50652.8,42322,41,1172,52740,48931,5504,240325,280,9189,7670,252,25626,1021,0.00199601
3,56869.3,29574.1,50652.8,42322,30,1172,52740,48931,5504,240325,280,9189,7670,252,25626,1021,0.00199601
3,19544.1,10808,8826.81,7447,15,628,22491,20401,2182,88898,70,1658,1225,7,2982,266,0.00199601
3,25543.4,10808,8826.81,7447,11,628,22491,20401,2182,88898,70,1658,1225,7,2982,266,0.00199601
3,31761.4,10808,8826.81,7447,29,628,22491,20401,2182,88898,70,1658,1225,7,2982,266,0.00199601
3,15077.3,47210.4,61353.8,50609,8,1577,79387,75026,8652,386507,317,10370,8482,270,28328,984,0.00199601
3,58792.5,47210.4,61353.8,50609,41,1577,79387,75026,8652,386507,317,10370,8482,270,28328,984,0.00199601
3,70315.1,47210.4,61353.8,50609,53,1577,79387,75026,8652,386507,317,10370,8482,270,28328,984,0.00199601
3,17757.1,45717.8,33462.9,26811,13,1627,73709,69224,7884,342748,208,6667,5328,166,17464,508,0.00199601
3,41799.7,45717.8,33462.9,26811,32,1627,73709,69224,7884,342748,208,6667,5328,166,17464,508,0.00199601
3,56007.9,45717.8,33462.9,26811,44,1627,73709,69224,7884,342748,208,6667,5328,166,17464,508,0.00199601
3,14990.7,30483.5,16858.1,13321,6,1165,53115,49509,5610,241994,113,3543,2779,48,10034,270,0.00199601
3,29333.4,30483.5,16858.1,13321,16,1165,53115,49509,5610,241994,113,3543,2779,48,10034,270,0.00199601
3,55820.4,30483.5,16858.1,13321,21,1165,53115,49509,5610,241994,113,3543,2779,48,10034,270,0.00199601
3,17492.4,20449.7,25402.7,21405,16,983,37580,34154,3570,150613,167,4584,3530,119,11089,260,0.00199601
3,37909.1,20449.7,25402.7,21405,28,983,37580,34154,3570,150613,167,4584,3530,119,11089,260,0.00199601
3,38345.6,20449.7,25402.7,21405,22,983,37580,34154,3570,150613,167,4584,3530,119,11089,260,0.00199601
3,28603.6,45776.6,26580.6,22063,19,1641,76352,71774,8026,359697,163,4998,3868,55,11621,651,0.00199601
3,32294.4,45776.6,26580.6,22063,29,1641,76352,71774,8026,359697,163,4998,3868,55,11621,651,0.00199601
3,59284.6,45776.6,26580.6,22063,12,1641,76352,71774,8026,359697,163,4998,3868,55,11621,651,0.00199601
3,8623.47,43838.2,47555.9,39181,6,1486,74020,69788,7958,355902,272,8909,7242,231,22741,888,0.00199601
3,61357.6,43838.2,47555.9,39181,42,1486,74020,69788,7958,355902,272,8909,7242,231,22741,888,0.00199601
3,65309.8,43838.2,47555.9,39181,50,1486,74020,69788,7958,355902,272,8909,7242,231,22741,888,0.00199601
3,10847,38975.8,47369.7,39236,9,1465,67107,63087,7056,318277,291,9065,7347,276,24010,966,0.00199601
3,49958.2,38975.8,47369.7,39236,36,1465,67107,63087,7056,318277,291,9065,7347,276,24010,966,0.00199601
3,59120.4,38975.8,47369.7,39236,43,1465,67107,63087,7056,318277,291,9065,7347,276,24010,966,0.00199601
3,24732.5,51920.2,24470.3,20521,19,1819,85551,80513,9077,401580,150,4535,3574,40,9910,624,0.00199601
3,34955.3,51920.2,24470.3,20521,22,1819,85551,80513,9077,401580,150,4535,3574,40,9910,624,0.00199601
3,62062.2,51920.2,24470.3,20521,18,1819,85551,80513,9077,401580,150,4535,3574,40,9910,624,0.00199601
3,15089.7,15297.4,8810.19,7413,19,724,30548,28189,3172,132435,63,1676,1287,7,2899,357,0.00199601
3,26466.4,15297.4,8810.19,7413,9,724,30548,28189,3172,132435,63,1676,1287,7,2899,357,0.00199601
3,49670.8,15297.4,8810.19,7413,9,724,30548,28189,3172,132435,63,1676,1287,7,2899,357,0.00199601
3,28582.3,58550.7,31218.8,24798,6,1903,94586,89706,10301,474294,204,6367,5141,106,16994,435,0.00199601
3,46058,58550.7,31218.8,24798,10,1903,94586,89706,10301,474294,204,6367,5141,106,16994,435,0.00199601
3,78308,58550.7,31218.8,24798,29,1903,94586,89706,10301,474294,204,6367,5141,106,16994,435,0.00199601
3,14352.2,20299.4,10754.2,9029,7,893,39147,36140,4095,173277,69,2130,1601,8,3850,453,0.00199601
3,39165.7,20299.4,10754.2,9029,14,893,39147,36140,4095,173277,69,2130,1601,8,3850,453,0.00199601
3,51248.3,20299.4,10754.2,9029,3,893,39147,36140,4095,173277,69,2130,1601,8,3850,453,0.00199601
3,35981.1,51526.6,29489.1,23951,8,1694,84383,79437,9489,417414,184,5716,4615,92,15506,505,0.00199601
3,45841.4,51526.6,29489.1,23951,6,1694,84383,79437,9489,417414,184,5716,4615,92,15506,505,0.00199601
3,80640.1,51526.6,29489.1,23951,15,1694,84383,79437,9489,417414,184,5716,4615,92,15506,505,0.00199601
3,31032.5,55910.3,37545.8,30964,17,1816,86171,81074,9088,407303,192,6604,5359,122,16844,766,0.00199601
3,34859.9,55910.3,37545.8,30964,11,1816,86171,81074,9088,407303,192,6604,5359,122,16844,766,0.00199601
3,66974.7,55910.3,37545.8,30964,32,1816,86171,81074,9088,407303,192,6604,5359,122,16844,766,0.00199601
3,15830.4,49819.2,29103,23252,4,1699,79670,74781,8185,381244,203,5844,4781,158,16623,365,0.00199601
3,27990.9,49819.2,29103,23252,21,1699,79670,74781,8185,381244,203,5844,4781,158,16623,365,0.00199601
3,67416.1,49819.2,29103,23252,38,1699,79670,74781,8185,381244,203,5844,4781,158,16623,365,0.00199601
3,7951.15,11812.3,4878.09,4138,4,629,24401,22396,2501,102364,43,973,710,0,1520,188,0.00199601
3,27841.2,11812.3,4878.09,4138,7,629,24401,22396,2501,102364,43,973,710,0,1520,188,0.00199601
3,42095.1,11812.3,4878.09,4138,5,629,24401,22396,2501,102364,43,973,710,0,1520,188,0.00199601
3,24781.4,42848.9,47624.7,39336,17,1486,69061,64916,7230,329466,292,8826,7168,194,22179,1091,0.00199601
3,51467.6,42848.9,47624.7,39336,40,1486,69061,64916,7230,329466,292,8826,7168,194,22179,1091,0.00199601
3,62354.7,42848.9,47624.7,39336,44,1486,69061,64916,7230,329466,292,8826,7168,194,22179,1091,0.00199601
3,18222.8,32750.9,15035.4,12251,5,1409,59359,54174,5913,239329,130,3078,2376,76,6863,301,0.00199601
3,34791.3,32750.9,15035.4,12251,12,1409,59359,54174,5913,239329,130,3078,2376,76,6863,301,0.00199601
3,43916.1,32750.9,15035.4,12251,18,1409,59359,54174,5913,239329,130,3078,2376,76,6863,301,0.00199601
3,19189.5,20434.4,18012,15044,11,905,37585,34823,3947,168203,136,3477,2716,59,8335,416,0.00199601
3,22470.7,20434.4,18012,15044,19,905,37585,34823,3947,168203,136,3477,2716,59,8335,416,0.00199601
3,53035.6,20434.4,18012,15044,19,905,37585,34823,3947,168203,136,3477,2716,59,8335,416,0.00199601
3,13378.2,21954,13859.6,11203,3,915,37661,34612,3914,159621,87,2807,2171,54,6718,243,0.00199601
3,27879.6,21954,13859.6,11203,15,915,37661,34612,3914,159621,87,2807,2171,54,6718,243,0.00199601
3,43909.1,21954,13859.6,11203,45,915,37661,34612,3914,159621,87,2807,2171,54,6718,243,0.00199601
3,22240.5,37328.4,24876,20501,8,1444,61890,57045,6215,260760,152,4821,3799,79,11437,492,0.00199601
3,39876.3,37328.4,24876,20501,27,1444,61890,57045,6215,260760,152,4821,3799,79,11437,492,0.00199601
3,45547.7,37328.4,24876,20501,35,1444,61890,57045,6215,260760,152,4821,3799,79,11437,492,0.00199601
3,31893.1,46099.5,47417.4,39349,16,1624,76792,72274,8040,366661,261,8659,7055,163,21568,1091,0.00199601
3,47609,46099.5,47417.4,39349,28,1624,76792,72274,8040,366661,261,8659,7055,163,21568,1091,0.00199601
3,68762.9,46099.5,47417.4,39349,41,1624,76792,72274,8040,366661,261,8659,7055,163,21568,1091,0.00199601
3,19999.3,47499.4,33048.1,26391,16,1658,78357,73500,8251,375111,228,6612,5398,188,18937,490,0.00199601
3,29664.5,47499.4,33048.1,26391,15,1658,78357,73500,8251,375111,228,6612,5398,188,18937,490,0.00199601
3,69944.9,47499.4,33048.1,26391,27,1658,78357,73500,8251,375111,228,6612,5398,188,18937,490,0.00199601
3,32068.6,58665.3,29307.4,23077,4,1848,92486,87551,10061,457136,195,6050,4923,104,17984,276,0.00199601
3,43048.1,58665.3,29307.4,23077,7,1848,92486,87551,10061,457136,195,6050,4923,104,17984,276,0.00199601
3,77511.9,58665.3,29307.4,23077,42,1848,92486,87551,10061,457136,195,6050,4923,104,17984,276,0.00199601
3,18319.8,45169,27021.6,21532,5,1620,74968,70257,7752,355811,192,5522,4481,147,15786,326,0.00199601
3,26433.9,45169,27021.6,21532,20,1620,74968,70257,7752,355811,192,5522,4481,147,15786,326,0.00199601
3,66429.3,45169,27021.6,21532,33,1620,74968,70257,7752,355811,192,5522,4481,147,15786,326,0.00199601
3,29886.4,29725.9,22670.5,19253,17,1249,48589,43887,4538,188089,133,4000,3069,41,8641,472,0.00199601
3,39147.4,29725.9,22670.5,19253,10,1249,48589,43887,4538,188089,133,4000,3069,41,8641,472,0.00199601
3,40001.7,29725.9,22670.5,19253,29,1249,48589,43887,4538,188089,133,4000,3069,41,8641,472,0.00199601
3,19240.6,36747,25572.5,20997,9,1495,64748,60176,6726,280862,156,5028,3974,94,11728,487,0.00199601
3,41594.3,36747,25572.5,20997,34,1495,64748,60176,6726,280862,156,5028,3974,94,11728,487,0.00199601
3,47725.4,36747,25572.5,20997,37,1495,64748,60176,6726,280862,156,5028,3974,94,11728,487,0.00199601
3,25288.1,35331.5,17450.6,13880,3,1273,59063,55180,6403,273169,119,3547,2760,43,9624,250,0.00199601
3,30992.1,35331.5,17450.6,13880,12,1273,59063,55180,6403,273169,119,3547,2760,43,9624,250,0.00199601
3,65904.9,35331.5,17450.6,13880,16,1273,59063,55180,6403,273169,119,3547,2760,43,9624,250,0.00199601
3,15658,50533.4,29972,23761,5,1710,79405,74542,8122,379646,213,6096,4931,158,17029,377,0.00199601
3,27194.6,50533.4,29972,23761,22,1710,79405,74542,8122,379646,213,6096,4931,158,17029,377,0.00199601
3,66459,50533.4,29972,23761,38,1710,79405,74542,8122,379646,213,6096,4931,158,17029,377,0.00199601
3,9628.28,52373.9,33446.3,26772,4,1677,82188,77949,9120,401021,206,6764,5340,140,17452,521,0.00199601
3,51431.2,52373.9,33446.3,26772,43,1677,82188,77949,9120,401021,206,6764,5340,140,17452,521,0.00199601
3,66049.6,52373.9,33446.3,26772,54,1677,82188,77949,9120,401021,206,6764,5340,140,17452,521,0.00199601
3,37121.2,47887,51484.4,42703,17,1663,81266,76643,8675,396407,277,9305,7614,186,24062,1181,0.00199601
3,48116.9,47887,51484.4,42703,25,1663,81266,76643,8675,396407,277,9305,7614,186,24062,1181,0.00199601
3,73991,47887,51484.4,42703,42,1663,81266,76643,8675,396407,277,9305,7614,186,24062,1181,0.00199601
3,7027.24,46116.9,29664.9,24169,6,1583,77608,73492,8494,371428,183,5975,4690,118,13695,609,0.00199601
3,51827.1,46116.9,29664.9,24169,39,1583,77608,73492,8494,371428,183,5975,4690,118,13695,609,0.00199601
3,61429.5,46116.9,29664.9,24169,54,1583,77608,73492,8494,371428,183,5975,4690,118,13695,609,0.00199601
3,31629.7,55458.5,29104,22790,5,1856,92369,87412,10021,456137,196,6023,4899,103,17929,276,0.00199601
3,42597.7,55458.5,29104,22790,5,1856,92369,87412,10021,456137,196,6023,4899,103,17929,276,0.00199601
3,77059.5,55458.5,29104,22790,40,1856,92369,87412,10021,456137,196,6023,4899,103,17929,276,0.00199601
3,6297.12,39370.9,31338.5,26431,3,1453,67888,63464,7098,309054,197,5701,4462,125,13359,419,0.00199601
3,52509.5,39370.9,31338.5,26431,41,1453,67888,63464,7098,309054,197,5701,4462,125,13359,419,0.00199601
3,53202.6,39370.9,31338.5,26431,39,1453,67888,63464,7098,309054,197,5701,4462,125,13359,419,0.00199601
3,41362,54732.7,41951.6,33761,6,1831,91326,86018,9897,456916,261,8190,6686,161,23024,650,0.00199601
3,45871.3,54732.7,41951.6,33761,19,1831,91326,86018,9897,456916,261,8190,6686,161,23024,650,0.00199601
3,81923.9,54732.7,41951.6,33761,46,1831,91326,86018,9897,456916,261,8190,6686,161,23024,650,0.00199601
3,25881.5,22055.4,14123.1,11790,6,1104,42168,38302,3945,167762,89,2677,2068,48,5332,357,0.00199601
3,32220.1,22055.4,14123.1,11790,25,1104,42168,38302,3945,167762,89,2677,2068,48,5332,357,0.00199601
3,37976,22055.4,14123.1,11790,29,1104,42168,38302,3945,167762,89,2677,2068,48,5332,357,0.00199601
3,11362.7,42634.3,52380.6,43644,5,1531,71598,67387,7594,344669,318,9779,7975,305,26892,883,0.00199601
3,49627.9,42634.3,52380.6,43644,52,1531,71598,67387,7594,344669,318,9779,7975,305,26892,883,0.00199601
3,63648.6,42634.3,52380.6,43644,48,1531,71598,67387,7594,344669,318,9779,7975,305,26892,883,0.00199601
3,10180.1,11472.4,12826.3,10551,8,616,23866,21701,2320,99227,106,2588,2007,37,5995,229,0.00199601
3,32165.6,11472.4,12826.3,10551,22,616,23866,21701,2320,99227,106,2588,2007,37,5995,229,0.00199601
3,40673.2,11472.4,12826.3,10551,29,616,23866,21701,2320,99227,106,2588,2007,37,5995,229,0.00199601
3,4719.93,50901.2,31539.1,25606,3,1650,75999,71341,7801,356972,235,6431,5100,200,16512,434,0.00199601
3,34608,50901.2,31539.1,25606,25,1650,75999,71341,7801,356972,235,6431,5100,200,16512,434,0.00199601
3,59483.1,50901.2,31539.1,25606,41,1650,75999,71341,7801,356972,235,6431,5100,200,16512,434,0.00199601
3,27286.2,27708.3,6703.2,5508,6,1262,50223,45063,4687,193508,56,1367,964,2,2335,178,0.00199601
3,32661.3,27708.3,6703.2,5508,9,1262,50223,45063,4687,193508,56,1367,964,2,2335,178,0.00199601
3,40464.4,27708.3,6703.2,5508,10,1262,50223,45063,4687,193508,56,1367,964,2,2335,178,0.00199601
3,6187.43,27618.1,12399.1,9793,5,1155,49282,45881,4898,220060,106,2682,1995,45,6249,113,0.00199601
3,32260.9,27618.1,12399.1,9793,4,1155,49282,45881,4898,220060,106,2682,1995,45,6249,113,0.00199601
3,48642.6,27618.1,12399.1,9793,32,1155,49282,45881,4898,220060,106,2682,1995,45,6249,113,0.00199601
3,13683.7,22955.6,16884.3,13940,7,943,37705,34471,3754,155084,105,3357,2603,61,7628,382,0.00199601
3,30846.1,22955.6,16884.3,13940,21,943,37705,34471,3754,155084,105,3357,2603,61,7628,382,0.00199601
3,42100.7,22955.6,16884.3,13940,34,943,37705,34471,3754,155084,105,3357,2603,61,7628,382,0.00199601
3,19222.1,35479.5,8911.92,7404,4,1387,56784,52272,5581,239589,83,1839,1361,14,3335,240,0.00199601
3,26685.9,35479.5,8911.92,7404,13,1387,56784,52272,5581,239589,83,1839,1361,14,3335,240,0.00199601
3,45316.4,35479.5,8911.92,7404,9,1387,56784,52272,5581,239589,83,1839,1361,14,3335,240,0.00199601
3,33174.8,55120.5,72578.7,59057,32,1514,74133,69812,8019,365087,362,13231,10987,367,38731,1331,0.00199601
3,59215,55120.5,72578.7,59057,34,1514,74133,69812,8019,365087,362,13231,10987,367,38731,1331,0.00199601
3,72181.9,55120.5,72578.7,59057,60,1514,74133,69812,8019,365087,362,13231,10987,367,38731,1331,0.00199601
3,10269.9,13284.5,3210.02,2740,5,647,26153,24086,2725,109511,23,631,457,1,866,171,0.00199601
3,25879.4,13284.5,3210.02,2740,4,647,26153,24086,2725,109511,23,631,457,1,866,171,0.00199601
3,43360.4,13284.5,3210.02,2740,3,647,26153,24086,2725,109511,23,631,457,1,866,171,0.00199601
3,4818.74,13458.2,7458.09,6419,4,603,22889,20920,2328,95176,55,1306,949,2,2038,195,0.00199601
3,30948,13458.2,7458.09,6419,9,603,22889,20920,2328,95176,55,1306,949,2,2038,195,0.00199601
3,41327.1,13458.2,7458.09,6419,8,603,22889,20920,2328,95176,55,1306,949,2,2038,195,0.00199601
3,44215.1,61358,45779.4,36577,5,1834,91303,86053,9816,459914,260,8984,7388,178,25957,772,0.00199601
3,46944.5,61358,45779.4,36577,21,1834,91303,86053,9816,459914,260,8984,7388,178,25957,772,0.00199601
3,83612.5,61358,45779.4,36577,50,1834,91303,86053,9816,459914,260,8984,7388,178,25957,772,0.00199601
3,16219,17403.2,11478.3,9327,4,846,33383,30590,3393,137942,77,2394,1811,38,5349,243,0.00199601
3,26310.5,17403.2,11478.3,9327,17,846,33383,30590,3393,137942,77,2394,1811,38,5349,243,0.00199601
3,40648,17403.2,11478.3,9327,41,846,33383,30590,3393,137942,77,2394,1811,38,5349,243,0.00199601
3,22702.9,57390.3,35545.1,29268,4,1895,92495,87838,10118,458227,236,7029,5476,103,17491,613,0.00199601
3,45686.8,57390.3,35545.1,29268,20,1895,92495,87838,10118,458227,236,7029,5476,103,17491,613,0.00199601
3,73672.5,57390.3,35545.1,29268,21,1895,92495,87838,10118,458227,236,7029,5476,103,17491,613,0.00199601
3,19269.3,52116.8,47320.5,38434,15,1725,85760,80940,9057,426615,317,9272,7493,307,25493,715,0.00199601
3,39042.6,52116.8,47320.5,38434,25,1725,85760,80940,9057,426615,317,9272,7493,307,25493,715,0.00199601
3,75753.6,52116.8,47320.5,38434,56,1725,85760,80940,9057,426615,317,9272,7493,307,25493,715,0.00199601
3,9397.08,50023.6,46881.1,37857,8,1532,75899,71653,8228,365274,280,9098,7385,220,23841,860,0.00199601
3,59296.8,50023.6,46881.1,37857,40,1532,75899,71653,8228,365274,280,9098,7385,220,23841,860,0.00199601
3,65795.2,50023.6,46881.1,37857,54,1532,75899,71653,8228,365274,280,9098,7385,220,23841,860,0.00199601
3,19162.1,20479.5,21111.6,17615,15,998,39046,35462,3690,155830,150,4020,3029,74,8617,344,0.00199601
3,37200.7,20479.5,21111.6,17615,20,998,39046,35462,3690,155830,150,4020,3029,74,8617,344,0.00199601
3,38135.1,20479.5,21111.6,17615,20,998,39046,35462,3690,155830,150,4020,3029,74,8617,344,0.00199601
3,30533.6,37879.3,43324,35627,14,1415,65227,61160,7020,312494,258,8010,6622,167,22647,920,0.00199601
3,45683.7,37879.3,43324,35627,30,1415,65227,61160,7020,312494,258,8010,6622,167,22647,920,0.00199601
3,65339.9,37879.3,43324,35627,27,1415,65227,61160,7020,312494,258,8010,6622,167,22647,920,0.00199601
3,29346.2,41977.8,77331.2,63692,30,1462,71124,66876,7595,348879,369,13291,11044,393,38389,1308,0.00199601
3,59614,41977.8,77331.2,63692,44,1462,71124,66876,7595,348879,369,13291,11044,393,38389,1308,0.00199601
3,68353.2,41977.8,77331.2,63692,58,1462,71124,66876,7595,348879,369,13291,11044,393,38389,1308,0.00199601
3,20242.9,56961,60209.5,49191,19,1799,89612,85131,9952,452899,312,10887,8880,263,30661,935,0.00199601
3,56056.7,56961,60209.5,49191,26,1799,89612,85131,9952,452899,312,10887,8880,263,30661,935,0.00199601
3,77105.6,56961,60209.5,49191,64,1799,89612,85131,9952,452899,312,10887,8880,263,30661,935,0.00199601
3,25819.9,33257.2,21971.6,18069,6,1315,54719,49557,5353,216949,138,4209,3297,66,9984,445,0.00199601
3,39100.9,33257.2,21971.6,18069,22,1315,54719,49557,5353,216949,138,4209,3297,66,9984,445,0.00199601
3,41841.9,33257.2,21971.6,18069,30,1315,54719,49557,5353,216949,138,4209,3297,66,9984,445,0.00199601
3,25348,64343.8,68807.8,57199,22,1847,93998,89367,10488,480722,328,11625,9469,312,33594,1051,0.00199601
3,57843.3,64343.8,68807.8,57199,29,1847,93998,89367,10488,480722,328,11625,9469,312,33594,1051,0.00199601
3,82210.7,64343.8,68807.8,57199,67,1847,93998,89367,10488,480722,328,11625,9469,312,33594,1051,0.00199601
3,16003.8,16461.1,9508.78,7908,13,749,31739,29335,3356,138285,76,1856,1379,18,3789,290,0.00199601
3,21222.1,16461.1,9508.78,7908,5,749,31739,29335,3356,138285,76,1856,1379,18,3789,290,0.00199601
3,46959.7,16461.1,9508.78,7908,13,749,31739,29335,3356,138285,76,1856,1379,18,3789,290,0.00199601
3,8283.44,23720.1,12987.6,10505,8,954,39475,36044,4012,166236,107,2737,2066,40,6053,201,0.00199601
3,33540.4,23720.1,12987.6,10505,12,954,39475,36044,4012,166236,107,2737,2066,40,6053,201,0.00199601
3,46631.9,23720.1,12987.6,10505,34,954,39475,36044,4012,166236,107,2737,2066,40,6053,201,0.00199601
3,25866.6,17500.6,10535.4,9054,18,978,36101,32346,3288,135491,70,1838,1375,4,3168,347,0.00199601
3,33530.6,17500.6,10535.4,9054,12,978,36101,32346,3288,135491,70,1838,1375,4,3168,347,0.00199601
3,35153.9,17500.6,10535.4,9054,7,978,36101,32346,3288,135491,70,1838,1375,4,3168,347,0.00199601
3,25273.9,42802.9,28250.7,23162,14,1706,74746,68917,7814,316785,188,5560,4367,111,13672,540,0.00199601
3,35236.9,42802.9,28250.7,23162,28,1706,74746,68917,7814,316785,188,5560,4367,111,13672,540,0.00199601
3,49141.9,42802.9,28250.7,23162,38,1706,74746,68917,7814,316785,188,5560,4367,111,13672,540,0.00199601
3,26814.9,26763.2,9708.49,7939,8,1257,50914,45716,4810,197136,72,1948,1456,20,4195,226,0.00199601
3,34218.4,26763.2,9708.49,7939,10,1257,50914,45716,4810,197136,72,1948,1456,20,4195,226,0.00199601
3,40748.9,26763.2,9708.49,7939,12,1257,50914,45716,4810,197136,72,1948,1456,20,4195,226,0.00199601
3,31800.3,22985.4,18292.8,15532,16,1169,45176,40492,4243,171505,111,3195,2453,62,6801,399,0.00199601
3,37700.5,22985.4,18292.8,15532,9,1169,45176,40492,4243,171505,111,3195,2453,62,6801,399,0.00199601
3,38594.9,22985.4,18292.8,15532,25,1169,45176,40492,4243,171505,111,3195,2453,62,6801,399,0.00199601
3,19192.3,49013.1,45749.1,36579,13,1681,81320,76466,8817,387962,253,9067,7409,249,25851,661,0.00199601
3,44047.8,49013.1,45749.1,36579,30,1681,81320,76466,8817,387962,253,9067,7409,249,25851,661,0.00199601
3,65475.2,49013.1,45749.1,36579,49,1681,81320,76466,8817,387962,253,9067,7409,249,25851,661,0.00199601
3,20676.3,46156.9,30154.6,24506,4,1567,71022,66536,7393,325390,207,6020,4703,105,14671,549,0.00199601
3,41614.9,46156.9,30154.6,24506,30,1567,71022,66536,7393,325390,207,6020,4703,105,14671,549,0.00199601
3,57075.6,46156.9,30154.6,24506,35,1567,71022,66536,7393,325390,207,6020,4703,105,14671,549,0.00199601
3,18083.7,31815.3,22258.8,18318,13,1252,56881,53148,5986,261380,131,3727,2932,63,10953,264,0.00199601
3,27319,31815.3,22258.8,18318,10,1252,56881,53148,5986,261380,131,3727,2932,63,10953,264,0.00199601
3,58914.1,31815.3,22258.8,18318,28,1252,56881,53148,5986,261380,131,3727,2932,63,10953,264,0.00199601
3,18835.5,33978.6,23792.5,20404,14,1334,57280,53155,5834,251077,132,4053,3280,72,9076,689,0.00199601
3,42339.5,33978.6,23792.5,20404,27,1334,57280,53155,5834,251077,132,4053,3280,72,9076,689,0.00199601
3,50021.5,33978.6,23792.5,20404,4,1334,57280,53155,5834,251077,132,4053,3280,72,9076,689,0.00199601
3,13647,43326.5,27009.7,22150,7,1496,65927,61427,6838,291884,182,5379,4255,119,12769,440,0.00199601
3,46371.1,43326.5,27009.7,22150,39,1496,65927,61427,6838,291884,182,5379,4255,119,12769,440,0.00199601
3,49833.9,43326.5,27009.7,22150,37,1496,65927,61427,6838,291884,182,5379,4255,119,12769,440,0.00199601
3,27978.3,25147.3,12824.1,11050,15,1177,48210,43252,4663,183995,75,2168,1649,23,3857,424,0.00199601
3,35315.3,25147.3,12824.1,11050,15,1177,48210,43252,4663,183995,75,2168,1649,23,3857,424,0.00199601
3,39730.2,25147.3,12824.1,11050,7,1177,48210,43252,4663,183995,75,2168,1649,23,3857,424,0.00199601
3,42927.1,57888,57036.1,46479,17,1730,92726,87329,10174,483127,305,10660,9052,264,34881,1083,0.00199601
3,56423.5,57888,57036.1,46479,16,1730,92726,87329,10174,483127,305,10660,9052,264,34881,1083,0.00199601
3,91555.5,57888,57036.1,46479,28,1730,92726,87329,10174,483127,305,10660,9052,264,34881,1083,0.00199601
3,8778.35,15380.8,11863.7,10107,7,731,30390,27614,3130,128036,71,2196,1692,46,5346,222,0.00199601
3,42833.2,15380.8,11863.7,10107,27,731,30390,27614,3130,128036,71,2196,1692,46,5346,222,0.00199601
3,43300.9,15380.8,11863.7,10107,3,731,30390,27614,3130,128036,71,2196,1692,46,5346,222,0.00199601
