K,dist,cost_ki,cost_hi,h_cost,vnum,gen_ki,push_ki,pop_ki,prune_ki,suc_call_ki,gen_hi,push_hi,pop_hi,prune_hi,suc_call_hi,reevaluate,density
4,7230.82,25039.4,10071.5,8792,5,990,38318,34249,3611,142461,52,1430,1115,5,2648,299,0.00279441
4,19060.7,25039.4,10071.5,8792,4,990,38318,34249,3611,142461,52,1430,1115,5,2648,299,0.00279441
4,24610.8,25039.4,10071.5,8792,13,990,38318,34249,3611,142461,52,1430,1115,5,2648,299,0.00279441
4,35758.4,25039.4,10071.5,8792,13,990,38318,34249,3611,142461,52,1430,1115,5,2648,299,0.00279441
4,21981.7,25111.5,16621,14767,18,945,39545,36057,3767,156627,70,2075,1600,14,3190,571,0.00279441
4,24070.1,25111.5,16621,14767,15,945,39545,36057,3767,156627,70,2075,1600,14,3190,571,0.00279441
4,34274.2,25111.5,16621,14767,9,945,39545,36057,3767,156627,70,2075,1600,14,3190,571,0.00279441
4,38363.1,25111.5,16621,14767,5,945,39545,36057,3767,156627,70,2075,1600,14,3190,571,0.00279441
4,22789.5,25280.7,23287.8,20715,17,877,36086,32791,3313,142454,80,2628,2059,15,4716,606,0.00279441
4,23261.6,25280.7,23287.8,20715,19,877,36086,32791,3313,142454,80,2628,2059,15,4716,606,0.00279441
4,32658.5,25280.7,23287.8,20715,18,877,36086,32791,3313,142454,80,2628,2059,15,4716,606,0.00279441
4,36038.5,25280.7,23287.8,20715,11,877,36086,32791,3313,142454,80,2628,2059,15,4716,606,0.00279441
4,4155.07,10691.4,12206,10722,5,522,19813,17260,1831,66943,72,1480,1110,14,3436,150,0.00279441
4,6335.63,10691.4,12206,10722,4,522,19813,17260,1831,66943,72,1480,1110,14,3436,150,0.00279441
4,15248.8,10691.4,12206,10722,15,522,19813,17260,1831,66943,72,1480,1110,14,3436,150,0.00279441
4,26974.3,10691.4,12206,10722,23,522,19813,17260,1831,66943,72,1480,1110,14,3436,150,0.00279441
4,29054.7,17380.6,30295.2,26616,12,789,33406,30380,3342,131304,123,4342,3490,58,8702,874,0.00279441
4,34139.2,17380.6,30295.2,26616,21,789,33406,30380,3342,131304,123,4342,3490,58,8702,874,0.00279441
4,36227.7,17380.6,30295.2,26616,14,789,33406,30380,3342,131304,123,4342,3490,58,8702,874,0.00279441
4,41206.3,17380.6,30295.2,26616,15,789,33406,30380,3342,131304,123,4342,3490,58,8702,874,0.00279441
4,18072.6,22714.5,35648.4,31244,8,1067,43038,39242,4102,173224,165,4971,3922,95,11430,691,0.00279441
4,37731.5,22714.5,35648.4,31244,22,1067,43038,39242,4102,173224,165,4971,3922,95,11430,691,0.00279441
4,38122.3,22714.5,35648.4,31244,23,1067,43038,39242,4102,173224,165,4971,3922,95,11430,691,0.00279441
4,40220.5,22714.5,35648.4,31244,27,1067,43038,39242,4102,173224,165,4971,3922,95,11430,691,0.00279441
4,31041.2,39177.5,66489.7,58012,11,1334,62195,58015,6670,297196,271,8851,7226,234,21311,1345,0.00279441
4,52065.1,39177.5,66489.7,58012,39,1334,62195,58015,6670,297196,271,8851,7226,234,21311,1345,0.00279441
4,67140.7,39177.5,66489.7,58012,9,1334,62195,58015,6670,297196,271,8851,7226,234,21311,1345,0.00279441
4,71449.6,39177.5,66489.7,58012,41,1334,62195,58015,6670,297196,271,8851,7226,234,21311,1345,0.00279441
4,5298.83,9397.54,14675.4,13146,9,559,19984,17485,1803,68347,63,1793,1383,28,3415,269,0.00279441
4,11160.8,9397.54,14675.4,13146,11,559,19984,17485,1803,68347,63,1793,1383,28,3415,269,0.00279441
4,18453.1,9397.54,14675.4,13146,12,559,19984,17485,1803,68347,63,1793,1383,28,3415,269,0.00279441
4,26765.2,9397.54,14675.4,13146,21,559,19984,17485,1803,68347,63,1793,1383,28,3415,269,0.00279441
4,12365.6,15781.2,37332.1,32967,8,682,28957,26708,3057,122748,148,4902,4030,78,11109,824,0.00279441
4,42744.4,15781.2,37332.1,32967,31,682,28957,26708,3057,122748,148,4902,4030,78,11109,824,0.00279441
4,48162.4,15781.2,37332.1,32967,34,682,28957,26708,3057,122748,148,4902,4030,78,11109,824,0.00279441
4,48980.7,15781.2,37332.1,32967,15,682,28957,26708,3057,122748,148,4902,4030,78,11109,824,0.00279441
4,15796.5,10102.8,10816.2,9611,8,634,21100,18511,1727,71024,65,1555,1184,6,3061,290,0.00279441
4,21771.4,10102.8,10816.2,9611,11,634,21100,18511,1727,71024,65,1555,1184,6,3061,290,0.00279441
4,26967.3,10102.8,10816.2,9611,17,634,21100,18511,1727,71024,65,1555,1184,6,3061,290,0.00279441
4,27872,10102.8,10816.2,9611,18,634,21100,18511,1727,71024,65,1555,1184,6,3061,290,0.00279441
4,10497.1,35829.6,63676.9,55835,6,1182,55632,51889,6084,256745,239,8779,7440,260,22699,1579,0.00279441
4,49432.9,35829.6,63676.9,55835,41,1182,55632,51889,6084,256745,239,8779,7440,260,22699,1579,0.00279441
4,60789.5,35829.6,63676.9,55835,32,1182,55632,51889,6084,256745,239,8779,7440,260,22699,1579,0.00279441
4,63697.7,35829.6,63676.9,55835,23,1182,55632,51889,6084,256745,239,8779,7440,260,22699,1579,0.00279441
4,22107.6,18034.5,21672,19489,19,875,35941,32635,3353,140481,78,2549,1994,18,4615,625,0.00279441
4,24035,18034.5,21672,19489,15,875,35941,32635,3353,140481,78,2549,1994,18,4615,625,0.00279441
4,32605,18034.5,21672,19489,13,875,35941,32635,3353,140481,78,2549,1994,18,4615,625,0.00279441
4,35993.4,18034.5,21672,19489,6,875,35941,32635,3353,140481,78,2549,1994,18,4615,625,0.00279441
4,12027.9,28876.6,79831.4,69464,7,1091,52860,49223,5913,245995,325,10942,9189,340,28681,1790,0.00279441
4,57444.9,28876.6,79831.4,69464,39,1091,52860,49223,5913,245995,325,10942,9189,340,28681,1790,0.00279441
4,65217,28876.6,79831.4,69464,57,1091,52860,49223,5913,245995,325,10942,9189,340,28681,1790,0.00279441
4,67167.5,28876.6,79831.4,69464,54,1091,52860,49223,5913,245995,325,10942,9189,340,28681,1790,0.00279441
4,8662.26,30300.8,38362.6,33450,9,1218,51983,48210,5454,241292,184,5051,3899,95,12049,438,0.00279441
4,42981.4,30300.8,38362.6,33450,7,1218,51983,48210,5454,241292,184,5051,3899,95,12049,438,0.00279441
4,54710.2,30300.8,38362.6,33450,19,1218,51983,48210,5454,241292,184,5051,3899,95,12049,438,0.00279441
4,55134.1,30300.8,38362.6,33450,38,1218,51983,48210,5454,241292,184,5051,3899,95,12049,438,0.00279441
4,19047.8,12926.3,30862.3,27527,17,621,25510,23504,2345,103980,108,3978,3253,62,7631,917,0.00279441
4,34205.6,12926.3,30862.3,27527,19,621,25510,23504,2345,103980,108,3978,3253,62,7631,917,0.00279441
4,35861,12926.3,30862.3,27527,28,621,25510,23504,2345,103980,108,3978,3253,62,7631,917,0.00279441
4,41722.9,12926.3,30862.3,27527,30,621,25510,23504,2345,103980,108,3978,3253,62,7631,917,0.00279441
4,31667.7,30936.8,49244.9,43602,17,1236,52585,49031,5292,237862,213,6829,5572,175,16726,990,0.00279441
4,39734.1,30936.8,49244.9,43602,29,1236,52585,49031,5292,237862,213,6829,5572,175,16726,990,0.00279441
4,41625.2,30936.8,49244.9,43602,5,1236,52585,49031,5292,237862,213,6829,5572,175,16726,990,0.00279441
4,51821.5,30936.8,49244.9,43602,29,1236,52585,49031,5292,237862,213,6829,5572,175,16726,990,0.00279441
4,4737.61,22404.1,13505.8,11970,3,1094,42735,38397,3947,162520,55,1880,1505,21,3383,531,0.00279441
4,25143.2,22404.1,13505.8,11970,15,1094,42735,38397,3947,162520,55,1880,1505,21,3383,531,0.00279441
4,30940.6,22404.1,13505.8,11970,21,1094,42735,38397,3947,162520,55,1880,1505,21,3383,531,0.00279441
4,37821.6,22404.1,13505.8,11970,5,1094,42735,38397,3947,162520,55,1880,1505,21,3383,531,0.00279441
4,18466.5,19886.3,30412.6,26928,10,891,37774,35016,3713,160468,134,4326,3484,82,9055,759,0.00279441
4,31496.8,19886.3,30412.6,26928,19,891,37774,35016,3713,160468,134,4326,3484,82,9055,759,0.00279441
4,37206.2,19886.3,30412.6,26928,28,891,37774,35016,3713,160468,134,4326,3484,82,9055,759,0.00279441
4,39311.3,19886.3,30412.6,26928,25,891,37774,35016,3713,160468,134,4326,3484,82,9055,759,0.00279441
4,9054.96,19735.4,16560.7,14604,7,1009,39752,35837,3645,150898,96,2462,1905,19,4949,496,0.00279441
4,25661,19735.4,16560.7,14604,12,1009,39752,35837,3645,150898,96,2462,1905,19,4949,496,0.00279441
4,31458.4,19735.4,16560.7,14604,18,1009,39752,35837,3645,150898,96,2462,1905,19,4949,496,0.00279441
4,36672.6,19735.4,16560.7,14604,27,1009,39752,35837,3645,150898,96,2462,1905,19,4949,496,0.00279441
4,8712.35,6799.67,7360.2,6562,8,429,15945,13815,1312,52905,52,1117,842,2,2106,187,0.00279441
4,9727.66,6799.67,7360.2,6562,8,429,15945,13815,1312,52905,52,1117,842,2,2106,187,0.00279441
4,11111.8,6799.67,7360.2,6562,9,429,15945,13815,1312,52905,52,1117,842,2,2106,187,0.00279441
4,24747.8,6799.67,7360.2,6562,11,429,15945,13815,1312,52905,52,1117,842,2,2106,187,0.00279441
4,16366,20912.5,22696.5,19935,14,1022,40849,37227,4069,168386,130,3407,2605,41,7352,468,0.00279441
4,30970.9,20912.5,22696.5,19935,13,1022,40849,37227,4069,168386,130,3407,2605,41,7352,468,0.00279441
4,40393.8,20912.5,22696.5,19935,12,1022,40849,37227,4069,168386,130,3407,2605,41,7352,468,0.00279441
4,41926.8,20912.5,22696.5,19935,32,1022,40849,37227,4069,168386,130,3407,2605,41,7352,468,0.00279441
4,18433.9,36282.3,39575,34935,17,1429,62886,58805,6849,293358,154,5491,4511,85,11057,1378,0.00279441
4,37091.1,36282.3,39575,34935,30,1429,62886,58805,6849,293358,154,5491,4511,85,11057,1378,0.00279441
4,55654.6,36282.3,39575,34935,32,1429,62886,58805,6849,293358,154,5491,4511,85,11057,1378,0.00279441
4,61755.2,36282.3,39575,34935,39,1429,62886,58805,6849,293358,154,5491,4511,85,11057,1378,0.00279441
4,20865.2,8672.34,24845.9,22454,14,526,18932,17038,1635,69379,106,2871,2297,43,5319,631,0.00279441
4,25660.1,8672.34,24845.9,22454,9,526,18932,17038,1635,69379,106,2871,2297,43,5319,631,0.00279441
4,26649.2,8672.34,24845.9,22454,13,526,18932,17038,1635,69379,106,2871,2297,43,5319,631,0.00279441
4,30659.6,8672.34,24845.9,22454,18,526,18932,17038,1635,69379,106,2871,2297,43,5319,631,0.00279441
4,11864.1,13504.4,12175.3,10729,10,776,26950,23799,2404,94107,79,1834,1424,19,3375,405,0.00279441
4,22898.1,13504.4,12175.3,10729,12,776,26950,23799,2404,94107,79,1834,1424,19,3375,405,0.00279441
4,28998.7,13504.4,12175.3,10729,19,776,26950,23799,2404,94107,79,1834,1424,19,3375,405,0.00279441
4,31033.6,13504.4,12175.3,10729,17,776,26950,23799,2404,94107,79,1834,1424,19,3375,405,0.00279441
4,13600.7,25799.3,24255.8,21355,11,1205,46788,42871,4528,190676,120,3367,2680,54,6699,696,0.00279441
4,30827.9,25799.3,24255.8,21355,10,1205,46788,42871,4528,190676,120,3367,2680,54,6699,696,0.00279441
4,33880.8,25799.3,24255.8,21355,14,1205,46788,42871,4528,190676,120,3367,2680,54,6699,696,0.00279441
4,39981.4,25799.3,24255.8,21355,21,1205,46788,42871,4528,190676,120,3367,2680,54,6699,696,0.00279441
4,18926,12104.6,24614.8,21907,12,588,23793,21842,2194,95124,98,3287,2693,67,6551,713,0.00279441
4,28611.6,12104.6,24614.8,21907,15,588,23793,21842,2194,95124,98,3287,2693,67,6551,713,0.00279441
4,30701.4,12104.6,24614.8,21907,25,588,23793,21842,2194,95124,98,3287,2693,67,6551,713,0.00279441
4,36362.9,12104.6,24614.8,21907,18,588,23793,21842,2194,95124,98,3287,2693,67,6551,713,0.00279441
4,16344.6,14157.8,18023,15808,11,737,28164,25344,2680,104078,107,2741,2104,56,5951,413,0.00279441
4,18246.5,14157.8,18023,15808,7,737,28164,25344,2680,104078,107,2741,2104,56,5951,413,0.00279441
4,27198.7,14157.8,18023,15808,15,737,28164,25344,2680,104078,107,2741,2104,56,5951,413,0.00279441
4,31961.5,14157.8,18023,15808,26,737,28164,25344,2680,104078,107,2741,2104,56,5951,413,0.00279441
4,23560.7,24376.4,41567.2,35869,16,1021,45244,41770,4781,197399,200,6301,4967,87,15264,781,0.00279441
4,35640.5,24376.4,41567.2,35869,13,1021,45244,41770,4781,197399,200,6301,4967,87,15264,781,0.00279441
4,38873.8,24376.4,41567.2,35869,6,1021,45244,41770,4781,197399,200,6301,4967,87,15264,781,0.00279441
4,51368,24376.4,41567.2,35869,32,1021,45244,41770,4781,197399,200,6301,4967,87,15264,781,0.00279441
4,12509.4,6187.74,8150.72,7266,5,426,13977,12158,1161,44458,51,1188,915,14,1952,274,0.00279441
4,15539.3,6187.74,8150.72,7266,6,426,13977,12158,1161,44458,51,1188,915,14,1952,274,0.00279441
4,17899.3,6187.74,8150.72,7266,7,426,13977,12158,1161,44458,51,1188,915,14,1952,274,0.00279441
4,23183.2,6187.74,8150.72,7266,7,426,13977,12158,1161,44458,51,1188,915,14,1952,274,0.00279441
4,24872.1,16602.1,25521.8,22672,12,902,32926,30096,3084,132500,142,3644,2766,51,6892,582,0.00279441
4,32715.1,16602.1,25521.8,22672,18,902,32926,30096,3084,132500,142,3644,2766,51,6892,582,0.00279441
4,33758,16602.1,25521.8,22672,20,902,32926,30096,3084,132500,142,3644,2766,51,6892,582,0.00279441
4,35618.7,16602.1,25521.8,22672,21,902,32926,30096,3084,132500,142,3644,2766,51,6892,582,0.00279441
4,6796.27,3265.99,5517.2,4900,6,278,8620,7390,599,26980,41,830,627,1,1371,175,0.00279441
4,12896.9,3265.99,5517.2,4900,13,278,8620,7390,599,26980,41,830,627,1,1371,175,0.00279441
4,15967.6,3265.99,5517.2,4900,4,278,8620,7390,599,26980,41,830,627,1,1371,175,0.00279441
4,18667.5,3265.99,5517.2,4900,7,278,8620,7390,599,26980,41,830,627,1,1371,175,0.00279441
4,2994.74,10760.4,14617.3,12622,5,639,23838,21015,2186,83495,102,2467,1893,43,5549,189,0.00279441
4,8856.65,10760.4,14617.3,12622,7,639,23838,21015,2186,83495,102,2467,1893,43,5549,189,0.00279441
4,17216.8,10760.4,14617.3,12622,10,639,23838,21015,2186,83495,102,2467,1893,43,5549,189,0.00279441
4,29086,10760.4,14617.3,12622,26,639,23838,21015,2186,83495,102,2467,1893,43,5549,189,0.00279441
4,8127.52,16360.7,19966.2,17626,5,879,34016,30842,3247,129593,110,2787,2202,48,6281,436,0.00279441
4,26607.1,16360.7,19966.2,17626,23,879,34016,30842,3247,129593,110,2787,2202,48,6281,436,0.00279441
4,26739.9,16360.7,19966.2,17626,26,879,34016,30842,3247,129593,110,2787,2202,48,6281,436,0.00279441
4,36913.5,16360.7,19966.2,17626,14,879,34016,30842,3247,129593,110,2787,2202,48,6281,436,0.00279441
4,4068.19,27050.3,46360.9,40562,2,1066,49019,45778,5391,220283,186,6484,5407,161,15784,1133,0.00279441
4,41930.9,27050.3,46360.9,40562,36,1066,49019,45778,5391,220283,186,6484,5407,161,15784,1133,0.00279441
4,51865,27050.3,46360.9,40562,36,1066,49019,45778,5391,220283,186,6484,5407,161,15784,1133,0.00279441
4,54460.3,27050.3,46360.9,40562,29,1066,49019,45778,5391,220283,186,6484,5407,161,15784,1133,0.00279441
4,5535.52,14159.9,14890.7,13214,2,668,28522,26260,2824,116240,71,2117,1686,18,4083,479,0.00279441
4,27657,14159.9,14890.7,13214,18,668,28522,26260,2824,116240,71,2117,1686,18,4083,479,0.00279441
4,33075,14159.9,14890.7,13214,21,668,28522,26260,2824,116240,71,2117,1686,18,4083,479,0.00279441
4,37965.9,14159.9,14890.7,13214,8,668,28522,26260,2824,116240,71,2117,1686,18,4083,479,0.00279441
4,9820.53,16410,11963.8,10754,7,871,33126,29367,2904,121411,66,1535,1178,12,2489,361,0.00279441
4,27800.4,16410,11963.8,10754,13,871,33126,29367,2904,121411,66,1535,1178,12,2489,361,0.00279441
4,30413.2,16410,11963.8,10754,7,871,33126,29367,2904,121411,66,1535,1178,12,2489,361,0.00279441
4,33901,16410,11963.8,10754,20,871,33126,29367,2904,121411,66,1535,1178,12,2489,361,0.00279441
4,4873.64,13367.3,12567.7,11073,5,730,28322,25480,2688,104104,79,1816,1417,9,3886,325,0.00279441
4,14956.7,13367.3,12567.7,11073,19,730,28322,25480,2688,104104,79,1816,1417,9,3886,325,0.00279441
4,16444,13367.3,12567.7,11073,12,730,28322,25480,2688,104104,79,1816,1417,9,3886,325,0.00279441
4,32775.1,13367.3,12567.7,11073,7,730,28322,25480,2688,104104,79,1816,1417,9,3886,325,0.00279441
4,18989.4,23180.8,26274.8,23170,14,944,40423,37350,4035,167263,120,3684,2985,53,7634,711,0.00279441
4,27123.5,23180.8,26274.8,23170,20,944,40423,37350,4035,167263,120,3684,2985,53,7634,711,0.00279441
4,36579,23180.8,26274.8,23170,20,944,40423,37350,4035,167263,120,3684,2985,53,7634,711,0.00279441
4,39548.1,23180.8,26274.8,23170,14,944,40423,37350,4035,167263,120,3684,2985,53,7634,711,0.00279441
4,4958.64,19020.3,15086,13405,3,966,36611,32631,3317,134919,60,2090,1695,25,3701,601,0.00279441
4,25500.1,19020.3,15086,13405,24,966,36611,32631,3317,134919,60,2090,1695,25,3701,601,0.00279441
4,31670.4,19020.3,15086,13405,27,966,36611,32631,3317,134919,60,2090,1695,25,3701,601,0.00279441
4,35337.1,19020.3,15086,13405,4,966,36611,32631,3317,134919,60,2090,1695,25,3701,601,0.00279441
4,9729.29,23467.6,49096.1,43444,7,967,43290,40373,4544,188426,186,6339,5190,169,14638,1083,0.00279441
4,43108.5,23467.6,49096.1,43444,33,967,43290,40373,4544,188426,186,6339,5190,169,14638,1083,0.00279441
4,48729.2,23467.6,49096.1,43444,42,967,43290,40373,4544,188426,186,6339,5190,169,14638,1083,0.00279441
4,50679.7,23467.6,49096.1,43444,39,967,43290,40373,4544,188426,186,6339,5190,169,14638,1083,0.00279441
4,34120.8,21632.4,62355,54382,21,962,39112,36402,4112,170466,263,8282,6723,195,21481,1154,0.00279441
4,50100.3,21632.4,62355,54382,31,962,39112,36402,4112,170466,263,8282,6723,195,21481,1154,0.00279441
4,51776.3,21632.4,62355,54382,17,962,39112,36402,4112,170466,263,8282,6723,195,21481,1154,0.00279441
4,52425.3,21632.4,62355,54382,34,962,39112,36402,4112,170466,263,8282,6723,195,21481,1154,0.00279441
4,29680.6,14069.8,26339.6,23615,22,742,28668,25955,2724,109240,101,3474,2740,39,6604,704,0.00279441
4,30734.2,14069.8,26339.6,23615,21,742,28668,25955,2724,109240,101,3474,2740,39,6604,704,0.00279441
4,33643.8,14069.8,26339.6,23615,7,742,28668,25955,2724,109240,101,3474,2740,39,6604,704,0.00279441
4,34443.9,14069.8,26339.6,23615,8,742,28668,25955,2724,109240,101,3474,2740,39,6604,704,0.00279441
4,8246.1,26933.2,45343.7,39879,9,1018,45395,42412,4823,199374,168,6251,5212,163,15551,1057,0.00279441
4,38768.5,26933.2,45343.7,39879,27,1018,45395,42412,4823,199374,168,6251,5212,163,15551,1057,0.00279441
4,47626.1,26933.2,45343.7,39879,35,1018,45395,42412,4823,199374,168,6251,5212,163,15551,1057,0.00279441
4,50054.7,26933.2,45343.7,39879,27,1018,45395,42412,4823,199374,168,6251,5212,163,15551,1057,0.00279441
4,25562.9,15502.3,23540.8,20945,6,732,30285,27501,2893,116951,105,2964,2287,40,6149,421,0.00279441
4,33733.4,15502.3,23540.8,20945,27,732,30285,27501,2893,116951,105,2964,2287,40,6149,421,0.00279441
4,34386.4,15502.3,23540.8,20945,9,732,30285,27501,2893,116951,105,2964,2287,40,6149,421,0.00279441
4,35142.9,15502.3,23540.8,20945,34,732,30285,27501,2893,116951,105,2964,2287,40,6149,421,0.00279441
4,38157.2,23490.8,45785.5,40116,14,1022,42585,39620,4605,187627,238,6599,5222,131,15253,1084,0.00279441
4,43647.9,23490.8,45785.5,40116,13,1022,42585,39620,4605,187627,238,6599,5222,131,15253,1084,0.00279441
4,52343.3,23490.8,45785.5,40116,31,1022,42585,39620,4605,187627,238,6599,5222,131,15253,1084,0.00279441
4,54668.3,23490.8,45785.5,40116,34,1022,42585,39620,4605,187627,238,6599,5222,131,15253,1084,0.00279441
4,13760.3,26849.6,28092,24568,11,1217,48369,44419,4699,198678,137,3984,3201,73,8527,751,0.00279441
4,32211.2,26849.6,28092,24568,13,1217,48369,44419,4699,198678,137,3984,3201,73,8527,751,0.00279441
4,34675,26849.6,28092,24568,30,1217,48369,44419,4699,198678,137,3984,3201,73,8527,751,0.00279441
4,40825.9,26849.6,28092,24568,27,1217,48369,44419,4699,198678,137,3984,3201,73,8527,751,0.00279441
4,28465.2,31808.9,36726.8,32129,5,1314,56687,52818,5870,256419,177,5531,4372,80,13083,821,0.00279441
4,29439.1,31808.9,36726.8,32129,8,1314,56687,52818,5870,256419,177,5531,4372,80,13083,821,0.00279441
4,46896.6,31808.9,36726.8,32129,11,1314,56687,52818,5870,256419,177,5531,4372,80,13083,821,0.00279441
4,51672.4,31808.9,36726.8,32129,34,1314,56687,52818,5870,256419,177,5531,4372,80,13083,821,0.00279441
4,21352.8,23665.6,47370.8,42028,18,1064,43568,40336,4426,190274,187,5661,4628,146,13923,864,0.00279441
4,40047.9,23665.6,47370.8,42028,38,1064,43568,40336,4426,190274,187,5661,4628,146,13923,864,0.00279441
4,40183.7,23665.6,47370.8,42028,35,1064,43568,40336,4426,190274,187,5661,4628,146,13923,864,0.00279441
4,49930.4,23665.6,47370.8,42028,20,1064,43568,40336,4426,190274,187,5661,4628,146,13923,864,0.00279441
4,24647.1,23107.1,45616.4,40253,19,890,37973,35177,3834,164958,184,5849,4646,130,14605,560,0.00279441
4,48335.3,23107.1,45616.4,40253,36,890,37973,35177,3834,164958,184,5849,4646,130,14605,560,0.00279441
4,48791.3,23107.1,45616.4,40253,25,890,37973,35177,3834,164958,184,5849,4646,130,14605,560,0.00279441
4,49138.2,23107.1,45616.4,40253,40,890,37973,35177,3834,164958,184,5849,4646,130,14605,560,0.00279441
4,22362,20262.8,41308.2,36336,15,898,38774,35925,3952,168177,166,5647,4547,147,13727,731,0.00279441
4,45141,20262.8,41308.2,36336,25,898,38774,35925,3952,168177,166,5647,4547,147,13727,731,0.00279441
4,45919.3,20262.8,41308.2,36336,35,898,38774,35925,3952,168177,166,5647,4547,147,13727,731,0.00279441
4,47179.2,20262.8,41308.2,36336,39,898,38774,35925,3952,168177,166,5647,4547,147,13727,731,0.00279441
4,4945,3702.49,6710.9,5917,4,285,8954,7642,645,28106,53,1049,780,3,2053,181,0.00279441
4,11045.6,3702.49,6710.9,5917,11,285,8954,7642,645,28106,53,1049,780,3,2053,181,0.00279441
4,17300,3702.49,6710.9,5917,13,285,8954,7642,645,28106,53,1049,780,3,2053,181,0.00279441
4,18864.2,3702.49,6710.9,5917,9,285,8954,7642,645,28106,53,1049,780,3,2053,181,0.00279441
4,22339.4,23600.1,45931.4,39794,13,1020,44862,41448,4724,193599,209,6961,5524,123,17612,694,0.00279441
4,32491.8,23600.1,45931.4,39794,12,1020,44862,41448,4724,193599,209,6961,5524,123,17612,694,0.00279441
4,35725.1,23600.1,45931.4,39794,5,1020,44862,41448,4724,193599,209,6961,5524,123,17612,694,0.00279441
4,49293.5,23600.1,45931.4,39794,24,1020,44862,41448,4724,193599,209,6961,5524,123,17612,694,0.00279441
4,16488.7,21496.3,32638.3,29017,14,1001,39631,36702,3887,169289,151,4416,3537,83,10426,676,0.00279441
4,35115.3,21496.3,32638.3,29017,29,1001,39631,36702,3887,169289,151,4416,3537,83,10426,676,0.00279441
4,35132.5,21496.3,32638.3,29017,34,1001,39631,36702,3887,169289,151,4416,3537,83,10426,676,0.00279441
4,44323.7,21496.3,32638.3,29017,20,1001,39631,36702,3887,169289,151,4416,3537,83,10426,676,0.00279441
4,16166.6,22793.1,26124.6,23313,9,1047,42571,38825,4110,170239,119,3368,2677,54,7494,661,0.00279441
4,33718.3,22793.1,26124.6,23313,21,1047,42571,38825,4110,170239,119,3368,2677,54,7494,661,0.00279441
4,33841.7,22793.1,26124.6,23313,16,1047,42571,38825,4110,170239,119,3368,2677,54,7494,661,0.00279441
4,39432.7,22793.1,26124.6,23313,19,1047,42571,38825,4110,170239,119,3368,2677,54,7494,661,0.00279441
4,6827.88,7847.54,11565.6,10218,11,499,17305,15011,1490,57489,54,1744,1347,17,3237,300,0.00279441
4,12689.8,7847.54,11565.6,10218,13,499,17305,15011,1490,57489,54,1744,1347,17,3237,300,0.00279441
4,18509.8,7847.54,11565.6,10218,9,499,17305,15011,1490,57489,54,1744,1347,17,3237,300,0.00279441
4,25237.6,7847.54,11565.6,10218,19,499,17305,15011,1490,57489,54,1744,1347,17,3237,300,0.00279441
4,20297.2,22245.4,21045.7,18663,15,1052,42073,38517,4003,168842,92,2870,2254,35,5747,644,0.00279441
4,27573.8,22245.4,21045.7,18663,21,1052,42073,38517,4003,168842,92,2870,2254,35,5747,644,0.00279441
4,34675.7,22245.4,21045.7,18663,4,1052,42073,38517,4003,168842,92,2870,2254,35,5747,644,0.00279441
4,40063.3,22245.4,21045.7,18663,9,1052,42073,38517,4003,168842,92,2870,2254,35,5747,644,0.00279441
4,9313.18,7516.85,12851.4,11354,7,485,17077,14956,1396,56757,72,2066,1612,20,4358,276,0.00279441
4,14731.2,7516.85,12851.4,11354,10,485,17077,14956,1396,56757,72,2066,1612,20,4358,276,0.00279441
4,21918,7516.85,12851.4,11354,15,485,17077,14956,1396,56757,72,2066,1612,20,4358,276,0.00279441
4,24986.7,7516.85,12851.4,11354,11,485,17077,14956,1396,56757,72,2066,1612,20,4358,276,0.00279441
4,7209.67,7024.63,10523.5,9278,6,474,17173,15052,1412,58003,59,1630,1226,15,3234,188,0.00279441
4,12550.4,7024.63,10523.5,9278,11,474,17173,15052,1412,58003,59,1630,1226,15,3234,188,0.00279441
4,24239.1,7024.63,10523.5,9278,19,474,17173,15052,1412,58003,59,1630,1226,15,3234,188,0.00279441
4,25144,7024.63,10523.5,9278,16,474,17173,15052,1412,58003,59,1630,1226,15,3234,188,0.00279441
4,11837.7,16969.2,16594.9,14517,8,866,34359,30612,3148,125556,87,2530,1936,21,5150,421,0.00279441
4,24094.4,16969.2,16594.9,14517,5,866,34359,30612,3148,125556,87,2530,1936,21,5150,421,0.00279441
4,29642.6,16969.2,16594.9,14517,14,866,34359,30612,3148,125556,87,2530,1936,21,5150,421,0.00279441
4,34067,16969.2,16594.9,14517,22,866,34359,30612,3148,125556,87,2530,1936,21,5150,421,0.00279441
4,23751.9,28204.7,25102.3,22054,9,1267,52370,48173,5266,219411,112,3520,2808,27,8004,741,0.00279441
4,29240.9,28204.7,25102.3,22054,15,1267,52370,48173,5266,219411,112,3520,2808,27,8004,741,0.00279441
4,40949.8,28204.7,25102.3,22054,9,1267,52370,48173,5266,219411,112,3520,2808,27,8004,741,0.00279441
4,46499.9,28204.7,25102.3,22054,18,1267,52370,48173,5266,219411,112,3520,2808,27,8004,741,0.00279441
4,19435.9,40796.6,69477.3,60607,4,1516,69666,65122,7535,333254,322,10102,8251,247,24455,1686,0.00279441
4,48535.7,40796.6,69477.3,60607,39,1516,69666,65122,7535,333254,322,10102,8251,247,24455,1686,0.00279441
4,66922.4,40796.6,69477.3,60607,40,1516,69666,65122,7535,333254,322,10102,8251,247,24455,1686,0.00279441
4,72606,40796.6,69477.3,60607,13,1516,69666,65122,7535,333254,322,10102,8251,247,24455,1686,0.00279441
4,9655.46,20241.1,21415.9,19093,11,954,38254,34801,3760,153576,114,2834,2295,62,5658,621,0.00279441
4,28410.8,20241.1,21415.9,19093,33,954,38254,34801,3760,153576,114,2834,2295,62,5658,621,0.00279441
4,29207.8,20241.1,21415.9,19093,23,954,38254,34801,3760,153576,114,2834,2295,62,5658,621,0.00279441
4,41471.1,20241.1,21415.9,19093,8,954,38254,34801,3760,153576,114,2834,2295,62,5658,621,0.00279441
4,2866.16,18624.4,14618.4,13037,2,988,37323,33272,3471,138630,60,1979,1590,26,3612,549,0.00279441
4,23901.8,18624.4,14618.4,13037,21,988,37323,33272,3471,138630,60,1979,1590,26,3612,549,0.00279441
4,29936,18624.4,14618.4,13037,24,988,37323,33272,3471,138630,60,1979,1590,26,3612,549,0.00279441
4,35811.8,18624.4,14618.4,13037,7,988,37323,33272,3471,138630,60,1979,1590,26,3612,549,0.00279441
4,21034.1,20772.7,26665.7,23847,18,966,39922,36761,3941,163198,102,3360,2676,30,6727,754,0.00279441
4,25588.7,20772.7,26665.7,23847,25,966,39922,36761,3941,163198,102,3360,2676,30,6727,754,0.00279441
4,35839.5,20772.7,26665.7,23847,22,966,39922,36761,3941,163198,102,3360,2676,30,6727,754,0.00279441
4,39050.9,20772.7,26665.7,23847,12,966,39922,36761,3941,163198,102,3360,2676,30,6727,754,0.00279441
4,14738.9,19187.4,12003.9,10587,13,852,33565,29943,3025,123437,75,1792,1401,14,3649,272,0.00279441
4,15862.9,19187.4,12003.9,10587,9,852,33565,29943,3025,123437,75,1792,1401,14,3649,272,0.00279441
4,17579.7,19187.4,12003.9,10587,6,852,33565,29943,3025,123437,75,1792,1401,14,3649,272,0.00279441
4,33807.3,19187.4,12003.9,10587,22,852,33565,29943,3025,123437,75,1792,1401,14,3649,272,0.00279441
4,26682.9,12230.1,34829.5,31116,26,619,25372,23205,2443,102949,141,4516,3693,79,8979,1013,0.00279441
4,30664.5,12230.1,34829.5,31116,22,619,25372,23205,2443,102949,141,4516,3693,79,8979,1013,0.00279441
4,35639.1,12230.1,34829.5,31116,22,619,25372,23205,2443,102949,141,4516,3693,79,8979,1013,0.00279441
4,41017.2,12230.1,34829.5,31116,24,619,25372,23205,2443,102949,141,4516,3693,79,8979,1013,0.00279441
4,40928.1,34859.2,76488.7,67147,16,1285,59619,55739,6095,283525,302,10759,8946,206,28339,1655,0.00279441
4,42467.3,34859.2,76488.7,67147,15,1285,59619,55739,6095,283525,302,10759,8946,206,28339,1655,0.00279441
4,51880.2,34859.2,76488.7,67147,48,1285,59619,55739,6095,283525,302,10759,8946,206,28339,1655,0.00279441
4,62081.7,34859.2,76488.7,67147,29,1285,59619,55739,6095,283525,302,10759,8946,206,28339,1655,0.00279441
4,15227.8,5280.98,8757.7,7890,10,361,11297,9731,842,35015,49,1154,900,6,1977,241,0.00279441
4,17871.8,5280.98,8757.7,7890,3,361,11297,9731,842,35015,49,1154,900,6,1977,241,0.00279441
4,19612.2,5280.98,8757.7,7890,5,361,11297,9731,842,35015,49,1154,900,6,1977,241,0.00279441
4,20886.3,5280.98,8757.7,7890,11,361,11297,9731,842,35015,49,1154,900,6,1977,241,0.00279441
4,35355.1,18445.5,55240.3,48909,14,782,32085,29176,3143,125416,188,6354,5137,116,14276,1038,0.00279441
4,38133.7,18445.5,55240.3,48909,28,782,32085,29176,3143,125416,188,6354,5137,116,14276,1038,0.00279441
4,40059.4,18445.5,55240.3,48909,22,782,32085,29176,3143,125416,188,6354,5137,116,14276,1038,0.00279441
4,41880.9,18445.5,55240.3,48909,22,782,32085,29176,3143,125416,188,6354,5137,116,14276,1038,0.00279441
4,20644.1,20276.8,18300.3,16159,16,908,35698,32303,3348,136833,91,2590,2027,29,5067,460,0.00279441
4,22594.6,20276.8,18300.3,16159,13,908,35698,32303,3348,136833,91,2590,2027,29,5067,460,0.00279441
4,24162.8,20276.8,18300.3,16159,6,908,35698,32303,3348,136833,91,2590,2027,29,5067,460,0.00279441
4,35275.7,20276.8,18300.3,16159,24,908,35698,32303,3348,136833,91,2590,2027,29,5067,460,0.00279441
4,6560.63,10992.9,10035.5,8884,10,629,23916,21200,2156,84185,74,1537,1177,7,3250,239,0.00279441
4,13003.7,10992.9,10035.5,8884,14,629,23916,21200,2156,84185,74,1537,1177,7,3250,239,0.00279441
4,13470.5,10992.9,10035.5,8884,13,629,23916,21200,2156,84185,74,1537,1177,7,3250,239,0.00279441
4,29604.7,10992.9,10035.5,8884,7,629,23916,21200,2156,84185,74,1537,1177,7,3250,239,0.00279441
4,1755.45,14325.5,13713.3,12152,3,823,30831,27855,2923,115453,79,1998,1572,25,3781,414,0.00279441
4,20463.5,14325.5,13713.3,12152,24,823,30831,27855,2923,115453,79,1998,1572,25,3781,414,0.00279441
4,21445.2,14325.5,13713.3,12152,17,823,30831,27855,2923,115453,79,1998,1572,25,3781,414,0.00279441
4,35228.3,14325.5,13713.3,12152,8,823,30831,27855,2923,115453,79,1998,1572,25,3781,414,0.00279441
4,27580.1,20278.3,33436,29704,7,963,39510,36498,4087,172495,159,4611,3598,69,8865,872,0.00279441
4,40444.2,20278.3,33436,29704,16,963,39510,36498,4087,172495,159,4611,3598,69,8865,872,0.00279441
4,44755.6,20278.3,33436,29704,26,963,39510,36498,4087,172495,159,4611,3598,69,8865,872,0.00279441
4,46846.9,20278.3,33436,29704,16,963,39510,36498,4087,172495,159,4611,3598,69,8865,872,0.00279441
4,8261.96,7662.85,9385.38,8348,6,491,17000,14830,1452,56167,57,1440,1128,5,2689,259,0.00279441
4,13929.2,7662.85,9385.38,8348,13,491,17000,14830,1452,56167,57,1440,1128,5,2689,259,0.00279441
4,16324.6,7662.85,9385.38,8348,11,491,17000,14830,1452,56167,57,1440,1128,5,2689,259,0.00279441
4,25225.4,7662.85,9385.38,8348,16,491,17000,14830,1452,56167,57,1440,1128,5,2689,259,0.00279441
4,21234.8,19468.3,33145.9,29734,5,823,34729,32114,3431,145390,112,3663,2907,51,7973,595,0.00279441
4,35385.3,19468.3,33145.9,29734,17,823,34729,32114,3431,145390,112,3663,2907,51,7973,595,0.00279441
4,37047.8,19468.3,33145.9,29734,30,823,34729,32114,3431,145390,112,3663,2907,51,7973,595,0.00279441
4,38641.5,19468.3,33145.9,29734,36,823,34729,32114,3431,145390,112,3663,2907,51,7973,595,0.00279441
4,19777,27784.8,13528.6,11991,5,1167,47143,43353,4602,198826,95,2052,1558,12,3402,440,0.00279441
4,20358.1,27784.8,13528.6,11991,11,1167,47143,43353,4602,198826,95,2052,1558,12,3402,440,0.00279441
4,35398.8,27784.8,13528.6,11991,17,1167,47143,43353,4602,198826,95,2052,1558,12,3402,440,0.00279441
4,41499.4,27784.8,13528.6,11991,24,1167,47143,43353,4602,198826,95,2052,1558,12,3402,440,0.00279441
4,18417.3,29129.9,37704,33149,3,1178,48479,44368,4785,199619,160,5087,4005,81,11843,689,0.00279441
4,35136.7,29129.9,37704,33149,21,1178,48479,44368,4785,199619,160,5087,4005,81,11843,689,0.00279441
4,38031.5,29129.9,37704,33149,17,1178,48479,44368,4785,199619,160,5087,4005,81,11843,689,0.00279441
4,43147.5,29129.9,37704,33149,27,1178,48479,44368,4785,199619,160,5087,4005,81,11843,689,0.00279441
4,41753.4,27131.2,65043.1,57389,24,1036,43399,40371,4762,193687,268,8308,6839,231,21317,1463,0.00279441
4,51473.5,27131.2,65043.1,57389,8,1036,43399,40371,4762,193687,268,8308,6839,231,21317,1463,0.00279441
4,57415,27131.2,65043.1,57389,38,1036,43399,40371,4762,193687,268,8308,6839,231,21317,1463,0.00279441
4,59740,27131.2,65043.1,57389,41,1036,43399,40371,4762,193687,268,8308,6839,231,21317,1463,0.00279441
4,26228.6,11027.7,29582.9,26526,17,585,23343,21264,2240,92798,119,3600,2929,62,7042,817,0.00279441
4,28297.8,11027.7,29582.9,26526,19,585,23343,21264,2240,92798,119,3600,2929,62,7042,817,0.00279441
4,32326.9,11027.7,29582.9,26526,13,585,23343,21264,2240,92798,119,3600,2929,62,7042,817,0.00279441
4,37361.4,11027.7,29582.9,26526,22,585,23343,21264,2240,92798,119,3600,2929,62,7042,817,0.00279441
4,26983.6,39030.9,47973.9,41879,9,1299,59038,55086,6223,275449,210,6719,5328,152,15740,1078,0.00279441
4,37164,39030.9,47973.9,41879,10,1299,59038,55086,6223,275449,210,6719,5328,152,15740,1078,0.00279441
4,53282.9,39030.9,47973.9,41879,8,1299,59038,55086,6223,275449,210,6719,5328,152,15740,1078,0.00279441
4,57270.7,39030.9,47973.9,41879,45,1299,59038,55086,6223,275449,210,6719,5328,152,15740,1078,0.00279441
4,14978.7,36237.7,36335.8,32176,12,1327,57249,53638,6105,262807,155,4691,3770,64,9112,1009,0.00279441
4,30387.6,36237.7,36335.8,32176,21,1327,57249,53638,6105,262807,155,4691,3770,64,9112,1009,0.00279441
4,47411.3,36237.7,36335.8,32176,27,1327,57249,53638,6105,262807,155,4691,3770,64,9112,1009,0.00279441
4,53511.9,36237.7,36335.8,32176,34,1327,57249,53638,6105,262807,155,4691,3770,64,9112,1009,0.00279441
4,3480.84,12643.5,20336.9,18150,4,572,23804,21961,2259,95628,87,2563,2061,43,5415,395,0.00279441
4,30314.7,12643.5,20336.9,18150,26,572,23804,21961,2259,95628,87,2563,2061,43,5415,395,0.00279441
4,35732.7,12643.5,20336.9,18150,29,572,23804,21961,2259,95628,87,2563,2061,43,5415,395,0.00279441
4,35851.8,12643.5,20336.9,18150,8,572,23804,21961,2259,95628,87,2563,2061,43,5415,395,0.00279441
4,9898.74,10399.1,13093.8,11456,10,606,22372,19725,1998,78276,87,2030,1553,29,4340,255,0.00279441
4,11087.9,10399.1,13093.8,11456,5,606,22372,19725,1998,78276,87,2030,1553,29,4340,255,0.00279441
4,26615,10399.1,13093.8,11456,27,606,22372,19725,1998,78276,87,2030,1553,29,4340,255,0.00279441
4,28055,10399.1,13093.8,11456,21,606,22372,19725,1998,78276,87,2030,1553,29,4340,255,0.00279441
4,28180.5,19563.6,26572.8,23663,11,910,36247,33447,3722,155967,140,3645,2803,41,6428,699,0.00279441
4,35024.3,19563.6,26572.8,23663,18,910,36247,33447,3722,155967,140,3645,2803,41,6428,699,0.00279441
4,38770.8,19563.6,26572.8,23663,26,910,36247,33447,3722,155967,140,3645,2803,41,6428,699,0.00279441
4,41013,19563.6,26572.8,23663,12,910,36247,33447,3722,155967,140,3645,2803,41,6428,699,0.00279441
4,8694.75,5874.72,11238.2,9894,7,420,13711,11930,1066,43905,62,1653,1278,22,3555,175,0.00279441
4,14112.7,5874.72,11238.2,9894,10,420,13711,11930,1066,43905,62,1653,1278,22,3555,175,0.00279441
4,22330.7,5874.72,11238.2,9894,21,420,13711,11930,1066,43905,62,1653,1278,22,3555,175,0.00279441
4,22956.4,5874.72,11238.2,9894,10,420,13711,11930,1066,43905,62,1653,1278,22,3555,175,0.00279441
4,29755.4,20915.7,40099.6,35145,4,974,38494,35748,3985,168030,222,5788,4542,120,12613,884,0.00279441
4,40365.5,20915.7,40099.6,35145,13,974,38494,35748,3985,168030,222,5788,4542,120,12613,884,0.00279441
4,43574.5,20915.7,40099.6,35145,25,974,38494,35748,3985,168030,222,5788,4542,120,12613,884,0.00279441
4,45526.4,20915.7,40099.6,35145,30,974,38494,35748,3985,168030,222,5788,4542,120,12613,884,0.00279441
4,19756.1,35090.5,28505.6,25613,10,1214,55674,51829,5877,252754,96,3559,2868,22,6040,1061,0.00279441
4,39055.7,35090.5,28505.6,25613,24,1214,55674,51829,5877,252754,96,3559,2868,22,6040,1061,0.00279441
4,52549,35090.5,28505.6,25613,7,1214,55674,51829,5877,252754,96,3559,2868,22,6040,1061,0.00279441
4,56934,35090.5,28505.6,25613,3,1214,55674,51829,5877,252754,96,3559,2868,22,6040,1061,0.00279441
4,22910.1,25293.2,54714.1,46506,14,1031,46746,43166,4991,206153,242,8233,6690,174,22735,657,0.00279441
4,37085.5,25293.2,54714.1,46506,11,1031,46746,43166,4991,206153,242,8233,6690,174,22735,657,0.00279441
4,40322,25293.2,54714.1,46506,4,1031,46746,43166,4991,206153,242,8233,6690,174,22735,657,0.00279441
4,53654.2,25293.2,54714.1,46506,36,1031,46746,43166,4991,206153,242,8233,6690,174,22735,657,0.00279441
4,18429.9,11397.2,30747.7,27578,13,583,22023,19867,2045,81021,125,3837,3050,54,8339,687,0.00279441
4,29704.8,11397.2,30747.7,27578,18,583,22023,19867,2045,81021,125,3837,3050,54,8339,687,0.00279441
4,32031.7,11397.2,30747.7,27578,5,583,22023,19867,2045,81021,125,3837,3050,54,8339,687,0.00279441
4,34572.8,11397.2,30747.7,27578,18,583,22023,19867,2045,81021,125,3837,3050,54,8339,687,0.00279441
4,31611.3,14799.1,32426.1,29205,13,771,30435,27641,2878,117558,105,3543,2809,57,7519,534,0.00279441
4,36499.7,14799.1,32426.1,29205,30,771,30435,27641,2878,117558,105,3543,2809,57,7519,534,0.00279441
4,37553.4,14799.1,32426.1,29205,29,771,30435,27641,2878,117558,105,3543,2809,57,7519,534,0.00279441
4,37902.2,14799.1,32426.1,29205,9,771,30435,27641,2878,117558,105,3543,2809,57,7519,534,0.00279441
4,8873.02,16257.5,19003.1,16909,5,736,31125,28728,3217,130651,92,2589,2092,17,4856,678,0.00279441
4,34319.4,16257.5,19003.1,16909,21,736,31125,28728,3217,130651,92,2589,2092,17,4856,678,0.00279441
4,39737.4,16257.5,19003.1,16909,24,736,31125,28728,3217,130651,92,2589,2092,17,4856,678,0.00279441
4,44515.1,16257.5,19003.1,16909,7,736,31125,28728,3217,130651,92,2589,2092,17,4856,678,0.00279441
4,26575.6,12937.3,16056.7,14450,22,688,27245,24593,2454,100774,63,2063,1618,29,3507,466,0.00279441
4,27523.3,12937.3,16056.7,14450,29,688,27245,24593,2454,100774,63,2063,1618,29,3507,466,0.00279441
4,28926.8,12937.3,16056.7,14450,4,688,27245,24593,2454,100774,63,2063,1618,29,3507,466,0.00279441
4,31865,12937.3,16056.7,14450,8,688,27245,24593,2454,100774,63,2063,1618,29,3507,466,0.00279441
4,29934.6,12266.3,21462.2,19685,27,659,26304,23784,2384,99202,71,2069,1603,29,3581,443,0.00279441
4,30018.6,12266.3,21462.2,19685,26,659,26304,23784,2384,99202,71,2069,1603,29,3581,443,0.00279441
4,31157.8,12266.3,21462.2,19685,8,659,26304,23784,2384,99202,71,2069,1603,29,3581,443,0.00279441
4,32190,12266.3,21462.2,19685,2,659,26304,23784,2384,99202,71,2069,1603,29,3581,443,0.00279441
4,27537.1,11979.4,30364.5,27197,15,607,24141,21981,2288,96725,121,3955,3214,68,7391,938,0.00279441
4,31101.8,11979.4,30364.5,27197,24,607,24141,21981,2288,96725,121,3955,3214,68,7391,938,0.00279441
4,34522,11979.4,30364.5,27197,9,607,24141,21981,2288,96725,121,3955,3214,68,7391,938,0.00279441
4,39461.3,11979.4,30364.5,27197,9,607,24141,21981,2288,96725,121,3955,3214,68,7391,938,0.00279441
4,11689.8,8303.78,11224.4,9977,9,576,18591,16332,1504,62700,71,1700,1316,16,3252,348,0.00279441
4,17665.2,8303.78,11224.4,9977,10,576,18591,16332,1504,62700,71,1700,1316,16,3252,348,0.00279441
4,20454.9,8303.78,11224.4,9977,11,576,18591,16332,1504,62700,71,1700,1316,16,3252,348,0.00279441
4,26197.5,8303.78,11224.4,9977,12,576,18591,16332,1504,62700,71,1700,1316,16,3252,348,0.00279441
4,22811.7,36049.6,27967.2,24699,14,1344,57084,53423,5968,259057,122,3852,3127,54,7138,1018,0.00279441
4,26807.6,36049.6,27967.2,24699,21,1344,57084,53423,5968,259057,122,3852,3127,54,7138,1018,0.00279441
4,45813.4,36049.6,27967.2,24699,27,1344,57084,53423,5968,259057,122,3852,3127,54,7138,1018,0.00279441
4,51914,36049.6,27967.2,24699,34,1344,57084,53423,5968,259057,122,3852,3127,54,7138,1018,0.00279441
4,31198.4,15652.3,26945.1,24218,23,754,29720,26997,2899,113980,115,3436,2736,45,6939,674,0.00279441
4,32086.5,15652.3,26945.1,24218,5,754,29720,26997,2899,113980,115,3436,2736,45,6939,674,0.00279441
4,32252,15652.3,26945.1,24218,22,754,29720,26997,2899,113980,115,3436,2736,45,6939,674,0.00279441
4,36022.4,15652.3,26945.1,24218,11,754,29720,26997,2899,113980,115,3436,2736,45,6939,674,0.00279441
4,27226.5,12510.5,21933.7,19603,18,735,25873,23222,2321,95546,114,2892,2166,16,5448,504,0.00279441
4,27464.7,12510.5,21933.7,19603,15,735,25873,23222,2321,95546,114,2892,2166,16,5448,504,0.00279441
4,30868.5,12510.5,21933.7,19603,19,735,25873,23222,2321,95546,114,2892,2166,16,5448,504,0.00279441
4,31365.2,12510.5,21933.7,19603,6,735,25873,23222,2321,95546,114,2892,2166,16,5448,504,0.00279441
4,12626.6,15242.6,26923.9,23789,3,801,31170,28254,2964,120606,127,3749,3056,70,8468,715,0.00279441
4,29271.8,15242.6,26923.9,23789,23,801,31170,28254,2964,120606,127,3749,3056,70,8468,715,0.00279441
4,31217.1,15242.6,26923.9,23789,14,801,31170,28254,2964,120606,127,3749,3056,70,8468,715,0.00279441
4,39354.4,15242.6,26923.9,23789,22,801,31170,28254,2964,120606,127,3749,3056,70,8468,715,0.00279441
4,12522.4,30402.2,97608.9,85590,9,1132,54446,50759,6073,254853,329,12011,10211,384,33138,1859,0.00279441
4,57939.4,30402.2,97608.9,85590,41,1132,54446,50759,6073,254853,329,12011,10211,384,33138,1859,0.00279441
4,67220.6,30402.2,97608.9,85590,57,1132,54446,50759,6073,254853,329,12011,10211,384,33138,1859,0.00279441
4,69171.1,30402.2,97608.9,85590,54,1132,54446,50759,6073,254853,329,12011,10211,384,33138,1859,0.00279441
4,9828.37,14074.5,32657.7,28874,6,666,27732,25573,2934,116073,144,4367,3568,79,9685,677,0.00279441
4,40300.1,14074.5,32657.7,28874,31,666,27732,25573,2934,116073,144,4367,3568,79,9685,677,0.00279441
4,45718.1,14074.5,32657.7,28874,34,666,27732,25573,2934,116073,144,4367,3568,79,9685,677,0.00279441
4,46443.5,14074.5,32657.7,28874,13,666,27732,25573,2934,116073,144,4367,3568,79,9685,677,0.00279441
4,12695.1,9420.92,9736.84,8560,9,624,20037,17564,1597,66764,71,1526,1155,19,3029,258,0.00279441
4,19589.1,9420.92,9736.84,8560,10,624,20037,17564,1597,66764,71,1526,1155,19,3029,258,0.00279441
4,25689.7,9420.92,9736.84,8560,17,624,20037,17564,1597,66764,71,1526,1155,19,3029,258,0.00279441
4,27437.6,9420.92,9736.84,8560,15,624,20037,17564,1597,66764,71,1526,1155,19,3029,258,0.00279441
4,22720.7,32249.4,32961.1,28858,16,1370,56948,53304,6032,257735,158,4674,3799,98,9969,967,0.00279441
4,26894.1,32249.4,32961.1,28858,17,1370,56948,53304,6032,257735,158,4674,3799,98,9969,967,0.00279441
4,43322.3,32249.4,32961.1,28858,21,1370,56948,53304,6032,257735,158,4674,3799,98,9969,967,0.00279441
4,49422.9,32249.4,32961.1,28858,28,1370,56948,53304,6032,257735,158,4674,3799,98,9969,967,0.00279441
4,18861.9,24446.8,68258.4,59632,9,982,45337,42264,4695,203175,247,9270,7671,244,23880,1419,0.00279441
4,56204.7,24446.8,68258.4,59632,35,982,45337,42264,4695,203175,247,9270,7671,244,23880,1419,0.00279441
4,58906.7,24446.8,68258.4,59632,51,982,45337,42264,4695,203175,247,9270,7671,244,23880,1419,0.00279441
4,60500.4,24446.8,68258.4,59632,57,982,45337,42264,4695,203175,247,9270,7671,244,23880,1419,0.00279441
4,14903.4,8263.19,11770.3,10538,12,503,18015,15791,1460,60279,54,1686,1323,11,2810,375,0.00279441
4,16632,8263.19,11770.3,10538,19,503,18015,15791,1460,60279,54,1686,1323,11,2810,375,0.00279441
4,22341.9,8263.19,11770.3,10538,18,503,18015,15791,1460,60279,54,1686,1323,11,2810,375,0.00279441
4,25494.2,8263.19,11770.3,10538,9,503,18015,15791,1460,60279,54,1686,1323,11,2810,375,0.00279441
4,18807.3,39844.9,78298.7,68620,14,1513,70253,65655,7521,338742,320,10884,8996,235,27359,2112,0.00279441
4,51468,39844.9,78298.7,68620,38,1513,70253,65655,7521,338742,320,10884,8996,235,27359,2112,0.00279441
4,68395.5,39844.9,78298.7,68620,40,1513,70253,65655,7521,338742,320,10884,8996,235,27359,2112,0.00279441
4,74059.5,39844.9,78298.7,68620,50,1513,70253,65655,7521,338742,320,10884,8996,235,27359,2112,0.00279441
4,19059.7,10579.2,22237.1,19743,19,521,18857,16950,1703,68376,106,2979,2358,53,6466,452,0.00279441
4,27653.8,10579.2,22237.1,19743,9,521,18857,16950,1703,68376,106,2979,2358,53,6466,452,0.00279441
4,31070.7,10579.2,22237.1,19743,14,521,18857,16950,1703,68376,106,2979,2358,53,6466,452,0.00279441
4,31385.2,10579.2,22237.1,19743,7,521,18857,16950,1703,68376,106,2979,2358,53,6466,452,0.00279441
4,4244.84,21803.6,16623.1,14680,5,1044,39760,35546,3700,148530,66,2224,1804,34,4219,600,0.00279441
4,25286.5,21803.6,16623.1,14680,24,1044,39760,35546,3700,148530,66,2224,1804,34,4219,600,0.00279441
4,31320.6,21803.6,16623.1,14680,27,1044,39760,35546,3700,148530,66,2224,1804,34,4219,600,0.00279441
4,36602.7,21803.6,16623.1,14680,4,1044,39760,35546,3700,148530,66,2224,1804,34,4219,600,0.00279441
4,14095.7,11926.8,14369.7,12770,8,679,22921,20148,1885,78827,82,2122,1656,30,3991,469,0.00279441
4,22329.3,11926.8,14369.7,12770,13,679,22921,20148,1885,78827,82,2122,1656,30,3991,469,0.00279441
4,25133.3,11926.8,14369.7,12770,13,679,22921,20148,1885,78827,82,2122,1656,30,3991,469,0.00279441
4,28887.6,11926.8,14369.7,12770,16,679,22921,20148,1885,78827,82,2122,1656,30,3991,469,0.00279441
4,41705.7,38956.8,77230.6,67659,22,1338,59926,55959,6152,281154,302,10481,8663,257,27536,1536,0.00279441
4,44774.6,38956.8,77230.6,67659,40,1338,59926,55959,6152,281154,302,10481,8663,257,27536,1536,0.00279441
4,45319.8,38956.8,77230.6,67659,9,1338,59926,55959,6152,281154,302,10481,8663,257,27536,1536,0.00279441
4,61985.7,38956.8,77230.6,67659,38,1338,59926,55959,6152,281154,302,10481,8663,257,27536,1536,0.00279441
4,52612.5,26864.9,86953.5,76764,29,1072,47155,43779,5088,219667,330,11043,9291,338,30037,2005,0.00279441
4,57350.1,26864.9,86953.5,76764,12,1072,47155,43779,5088,219667,330,11043,9291,338,30037,2005,0.00279441
4,68136,26864.9,86953.5,76764,45,1072,47155,43779,5088,219667,330,11043,9291,338,30037,2005,0.00279441
4,70461,26864.9,86953.5,76764,48,1072,47155,43779,5088,219667,330,11043,9291,338,30037,2005,0.00279441
4,21144.6,11111.5,35533.5,31779,10,647,23868,21562,2254,89795,145,4279,3435,67,10002,622,0.00279441
4,34797.1,11111.5,35533.5,31779,18,647,23868,21562,2254,89795,145,4279,3435,67,10002,622,0.00279441
4,37123.7,11111.5,35533.5,31779,5,647,23868,21562,2254,89795,145,4279,3435,67,10002,622,0.00279441
4,38204.9,11111.5,35533.5,31779,29,647,23868,21562,2254,89795,145,4279,3435,67,10002,622,0.00279441
4,14045.7,23259.9,32702.9,28809,11,996,43472,40518,4506,187415,146,4589,3758,93,10122,878,0.00279441
4,32012.2,23259.9,32702.9,28809,25,996,43472,40518,4506,187415,146,4589,3758,93,10122,878,0.00279441
4,41650.1,23259.9,32702.9,28809,25,996,43472,40518,4506,187415,146,4589,3758,93,10122,878,0.00279441
4,44254.2,23259.9,32702.9,28809,18,996,43472,40518,4506,187415,146,4589,3758,93,10122,878,0.00279441
4,25271.9,14111.3,20060,17922,15,821,29082,26132,2593,108889,108,2795,2101,22,5028,540,0.00279441
4,28823.4,14111.3,20060,17922,19,821,29082,26132,2593,108889,108,2795,2101,22,5028,540,0.00279441
4,29384.4,14111.3,20060,17922,14,821,29082,26132,2593,108889,108,2795,2101,22,5028,540,0.00279441
4,32690.1,14111.3,20060,17922,6,821,29082,26132,2593,108889,108,2795,2101,22,5028,540,0.00279441
4,19088.3,47072.2,83189.5,72427,5,1513,68607,64120,7433,326133,307,9800,8016,244,23371,1662,0.00279441
4,47323.7,47072.2,83189.5,72427,38,1513,68607,64120,7433,326133,307,9800,8016,244,23371,1662,0.00279441
4,65751.5,47072.2,83189.5,72427,39,1513,68607,64120,7433,326133,307,9800,8016,244,23371,1662,0.00279441
4,71452.3,47072.2,83189.5,72427,12,1513,68607,64120,7433,326133,307,9800,8016,244,23371,1662,0.00279441
4,8596.79,15230.4,36549.8,32464,10,646,27155,25037,2806,112703,142,4150,3392,79,9274,585,0.00279441
4,39068.5,15230.4,36549.8,32464,35,646,27155,25037,2806,112703,142,4150,3392,79,9274,585,0.00279441
4,44486.5,15230.4,36549.8,32464,38,646,27155,25037,2806,112703,142,4150,3392,79,9274,585,0.00279441
4,45028.2,15230.4,36549.8,32464,18,646,27155,25037,2806,112703,142,4150,3392,79,9274,585,0.00279441
4,44333.6,23931.7,77569.3,67674,39,996,43177,40072,4655,195002,302,9226,7640,307,24979,1458,0.00279441
4,57114,23931.7,77569.3,67674,7,996,43177,40072,4655,195002,302,9226,7640,307,24979,1458,0.00279441
4,61003.7,23931.7,77569.3,67674,48,996,43177,40072,4655,195002,302,9226,7640,307,24979,1458,0.00279441
4,62977.5,23931.7,77569.3,67674,59,996,43177,40072,4655,195002,302,9226,7640,307,24979,1458,0.00279441
4,14148.7,19958,18779.7,16424,13,840,33425,29841,3015,123290,92,2436,1940,42,5414,354,0.00279441
4,16507.4,19958,18779.7,16424,11,840,33425,29841,3015,123290,92,2436,1940,42,5414,354,0.00279441
4,18326.1,19958,18779.7,16424,13,840,33425,29841,3015,123290,92,2436,1940,42,5414,354,0.00279441
4,33727.8,19958,18779.7,16424,26,840,33425,29841,3015,123290,92,2436,1940,42,5414,354,0.00279441
4,7906.67,23946.5,19368.3,17136,7,1063,42196,38052,3900,161734,100,2540,1981,25,5154,498,0.00279441
4,25621.9,23946.5,19368.3,17136,14,1063,42196,38052,3900,161734,100,2540,1981,25,5154,498,0.00279441
4,31419.4,23946.5,19368.3,17136,20,1063,42196,38052,3900,161734,100,2540,1981,25,5154,498,0.00279441
4,37820.2,23946.5,19368.3,17136,28,1063,42196,38052,3900,161734,100,2540,1981,25,5154,498,0.00279441
4,18174.7,34281.6,18566.3,16200,8,1198,49056,45309,4806,211952,107,2700,2048,28,4971,501,0.00279441
4,21960.3,34281.6,18566.3,16200,4,1198,49056,45309,4806,211952,107,2700,2048,28,4971,501,0.00279441
4,37401.6,34281.6,18566.3,16200,19,1198,49056,45309,4806,211952,107,2700,2048,28,4971,501,0.00279441
4,43502.2,34281.6,18566.3,16200,26,1198,49056,45309,4806,211952,107,2700,2048,28,4971,501,0.00279441
4,26640.2,23312.9,40948.8,35939,19,927,41819,38419,4403,179305,157,5307,4304,88,11819,949,0.00279441
4,38587,23312.9,40948.8,35939,15,927,41819,38419,4403,179305,157,5307,4304,88,11819,949,0.00279441
4,41470.3,23312.9,40948.8,35939,6,927,41819,38419,4403,179305,157,5307,4304,88,11819,949,0.00279441
4,50222.5,23312.9,40948.8,35939,32,927,41819,38419,4403,179305,157,5307,4304,88,11819,949,0.00279441
4,26533.1,19056.7,23450.1,20832,15,825,33588,30578,3278,130807,97,2849,2230,38,5352,586,0.00279441
4,26865,19056.7,23450.1,20832,5,825,33588,30578,3278,130807,97,2849,2230,38,5352,586,0.00279441
4,28515.6,19056.7,23450.1,20832,9,825,33588,30578,3278,130807,97,2849,2230,38,5352,586,0.00279441
4,38343.5,19056.7,23450.1,20832,15,825,33588,30578,3278,130807,97,2849,2230,38,5352,586,0.00279441
4,17571.5,28487.5,39337.3,34868,18,1032,42208,38947,4274,182782,172,4803,3914,107,10810,896,0.00279441
4,36418.2,28487.5,39337.3,34868,34,1032,42208,38947,4274,182782,172,4803,3914,107,10810,896,0.00279441
4,37083.1,28487.5,39337.3,34868,32,1032,42208,38947,4274,182782,172,4803,3914,107,10810,896,0.00279441
4,47265.8,28487.5,39337.3,34868,17,1032,42208,38947,4274,182782,172,4803,3914,107,10810,896,0.00279441
4,6800.93,37151.4,40654.5,35338,10,1336,58321,54404,6336,268703,188,5416,4297,90,12312,876,0.00279441
4,35393.3,37151.4,40654.5,35338,15,1336,58321,54404,6336,268703,188,5416,4297,90,12312,876,0.00279441
4,51736.5,37151.4,40654.5,35338,22,1336,58321,54404,6336,268703,188,5416,4297,90,12312,876,0.00279441
4,56278.8,37151.4,40654.5,35338,35,1336,58321,54404,6336,268703,188,5416,4297,90,12312,876,0.00279441
4,13076.8,5573.03,7453.22,6725,5,289,8605,7316,594,26302,53,843,620,1,1466,114,0.00279441
4,15929.6,5573.03,7453.22,6725,6,289,8605,7316,594,26302,53,843,620,1,1466,114,0.00279441
4,19059.7,5573.03,7453.22,6725,9,289,8605,7316,594,26302,53,843,620,1,1466,114,0.00279441
4,19177.4,5573.03,7453.22,6725,12,289,8605,7316,594,26302,53,843,620,1,1466,114,0.00279441
4,15485.3,34073.9,32343.8,28306,11,1272,50654,46811,5027,214971,140,4208,3403,80,9239,779,0.00279441
4,31323.3,34073.9,32343.8,28306,15,1272,50654,46811,5027,214971,140,4208,3403,80,9239,779,0.00279441
4,36400,34073.9,32343.8,28306,30,1272,50654,46811,5027,214971,140,4208,3403,80,9239,779,0.00279441
4,42561.1,34073.9,32343.8,28306,33,1272,50654,46811,5027,214971,140,4208,3403,80,9239,779,0.00279441
4,20651.9,38038.7,42088.5,37347,14,1325,55037,51451,5638,247217,156,4729,3853,104,10167,919,0.00279441
4,28702.6,38038.7,42088.5,37347,23,1325,55037,51451,5638,247217,156,4729,3853,104,10167,919,0.00279441
4,41533.2,38038.7,42088.5,37347,17,1325,55037,51451,5638,247217,156,4729,3853,104,10167,919,0.00279441
4,47633.8,38038.7,42088.5,37347,24,1325,55037,51451,5638,247217,156,4729,3853,104,10167,919,0.00279441
4,24165.8,26627,46916.9,40783,17,1017,44304,40880,4651,191048,198,6239,4903,97,14613,873,0.00279441
4,34451.5,26627,46916.9,40783,16,1017,44304,40880,4651,191048,198,6239,4903,97,14613,873,0.00279441
4,37284.8,26627,46916.9,40783,8,1017,44304,40880,4651,191048,198,6239,4903,97,14613,873,0.00279441
4,49269.4,26627,46916.9,40783,28,1017,44304,40880,4651,191048,198,6239,4903,97,14613,873,0.00279441
4,21619.2,18849.6,19552.6,17364,17,877,34333,30987,3076,132030,78,2521,1978,14,4642,589,0.00279441
4,25398.8,18849.6,19552.6,17364,21,877,34333,30987,3076,132030,78,2521,1978,14,4642,589,0.00279441
4,32018.9,18849.6,19552.6,17364,15,877,34333,30987,3076,132030,78,2521,1978,14,4642,589,0.00279441
4,35406.8,18849.6,19552.6,17364,8,877,34333,30987,3076,132030,78,2521,1978,14,4642,589,0.00279441
4,9159.25,37705,70646.1,61449,6,1162,54340,50774,5963,250935,246,8839,7499,225,22872,1530,0.00279441
4,50877.2,37705,70646.1,61449,41,1162,54340,50774,5963,250935,246,8839,7499,225,22872,1530,0.00279441
4,62233.9,37705,70646.1,61449,32,1162,54340,50774,5963,250935,246,8839,7499,225,22872,1530,0.00279441
4,64860.6,37705,70646.1,61449,32,1162,54340,50774,5963,250935,246,8839,7499,225,22872,1530,0.00279441
4,28602.9,24420.4,45447.5,39990,7,1016,43729,40451,4590,196117,188,5793,4587,77,12389,1029,0.00279441
4,45194.1,24420.4,45447.5,39990,11,1016,43729,40451,4590,196117,188,5793,4587,77,12389,1029,0.00279441
4,50714.4,24420.4,45447.5,39990,28,1016,43729,40451,4590,196117,188,5793,4587,77,12389,1029,0.00279441
4,52820.4,24420.4,45447.5,39990,18,1016,43729,40451,4590,196117,188,5793,4587,77,12389,1029,0.00279441
4,3867.05,27790.6,63763.7,55750,6,1092,50361,47027,5626,228245,254,8983,7552,255,23374,1488,0.00279441
4,49282.9,27790.6,63763.7,55750,37,1092,50361,47027,5626,228245,254,8983,7552,255,23374,1488,0.00279441
4,58726.4,27790.6,63763.7,55750,42,1092,50361,47027,5626,228245,254,8983,7552,255,23374,1488,0.00279441
4,61080.1,27790.6,63763.7,55750,39,1092,50361,47027,5626,228245,254,8983,7552,255,23374,1488,0.00279441
4,20066.2,21512.4,33303.8,29251,12,988,37515,34820,3685,159625,146,4538,3681,94,9684,920,0.00279441
4,35650.1,21512.4,33303.8,29251,21,988,37515,34820,3685,159625,146,4538,3681,94,9684,920,0.00279441
4,37975.2,21512.4,33303.8,29251,24,988,37515,34820,3685,159625,146,4538,3681,94,9684,920,0.00279441
4,42680.2,21512.4,33303.8,29251,23,988,37515,34820,3685,159625,146,4538,3681,94,9684,920,0.00279441
4,25420.2,31660.6,25609.3,22635,7,1267,54073,50153,5532,235921,105,3538,2855,59,7369,815,0.00279441
4,28390,31660.6,25609.3,22635,17,1267,54073,50153,5532,235921,105,3538,2855,59,7369,815,0.00279441
4,43800.3,31660.6,25609.3,22635,6,1267,54073,50153,5532,235921,105,3538,2855,59,7369,815,0.00279441
4,49344.8,31660.6,25609.3,22635,13,1267,54073,50153,5532,235921,105,3538,2855,59,7369,815,0.00279441
4,10620.4,21786.2,21842.6,19394,6,1078,41101,37053,3891,157993,107,2844,2259,47,5725,564,0.00279441
4,31103.2,21786.2,21842.6,19394,14,1078,41101,37053,3891,157993,107,2844,2259,47,5725,564,0.00279441
4,31995.4,21786.2,21842.6,19394,7,1078,41101,37053,3891,157993,107,2844,2259,47,5725,564,0.00279441
4,37203.7,21786.2,21842.6,19394,21,1078,41101,37053,3891,157993,107,2844,2259,47,5725,564,0.00279441
4,32590.5,26680.2,61824,54374,25,1091,46896,43550,4851,208239,255,8293,6812,226,20665,1333,0.00279441
4,50986.9,26680.2,61824,54374,42,1091,46896,43550,4851,208239,255,8293,6812,226,20665,1333,0.00279441
4,51234.4,26680.2,61824,54374,45,1091,46896,43550,4851,208239,255,8293,6812,226,20665,1333,0.00279441
4,59131.4,26680.2,61824,54374,37,1091,46896,43550,4851,208239,255,8293,6812,226,20665,1333,0.00279441
4,1901.56,13307.4,10700.6,9438,3,758,28018,24845,2506,98873,40,1317,1056,13,2350,394,0.00279441
4,19334.1,13307.4,10700.6,9438,21,758,28018,24845,2506,98873,40,1317,1056,13,2350,394,0.00279441
4,25361.9,13307.4,10700.6,9438,22,758,28018,24845,2506,98873,40,1317,1056,13,2350,394,0.00279441
4,31780.4,13307.4,10700.6,9438,3,758,28018,24845,2506,98873,40,1317,1056,13,2350,394,0.00279441
4,32910.3,19931.6,45845.2,40209,19,767,31381,28499,2954,126097,179,5718,4578,101,12870,833,0.00279441
4,40876.4,19931.6,45845.2,40209,23,767,31381,28499,2954,126097,179,5718,4578,101,12870,833,0.00279441
4,43172.9,19931.6,45845.2,40209,14,767,31381,28499,2954,126097,179,5718,4578,101,12870,833,0.00279441
4,43791.1,19931.6,45845.2,40209,32,767,31381,28499,2954,126097,179,5718,4578,101,12870,833,0.00279441
4,26090.6,14652.9,24041,21344,17,772,27659,24857,2513,104061,115,3098,2336,25,5757,546,0.00279441
4,28701.9,14652.9,24041,21344,16,772,27659,24857,2513,104061,115,3098,2336,25,5757,546,0.00279441
4,32111.5,14652.9,24041,21344,20,772,27659,24857,2513,104061,115,3098,2336,25,5757,546,0.00279441
4,32603.4,14652.9,24041,21344,7,772,27659,24857,2513,104061,115,3098,2336,25,5757,546,0.00279441
4,25850.8,15053.4,22455.9,19914,21,749,29170,26425,2686,110113,87,2857,2262,36,5082,637,0.00279441
4,27287.4,15053.4,22455.9,19914,18,749,29170,26425,2686,110113,87,2857,2262,36,5082,637,0.00279441
4,30368,15053.4,22455.9,19914,12,749,29170,26425,2686,110113,87,2857,2262,36,5082,637,0.00279441
4,34554.9,15053.4,22455.9,19914,11,749,29170,26425,2686,110113,87,2857,2262,36,5082,637,0.00279441
4,29307.8,16155.4,22570.4,20240,8,723,29181,26484,2789,111767,92,2664,2060,34,4935,499,0.00279441
4,33225.4,16155.4,22570.4,20240,30,723,29181,26484,2789,111767,92,2664,2060,34,4935,499,0.00279441
4,33258.8,16155.4,22570.4,20240,23,723,29181,26484,2789,111767,92,2664,2060,34,4935,499,0.00279441
4,34829.4,16155.4,22570.4,20240,5,723,29181,26484,2789,111767,92,2664,2060,34,4935,499,0.00279441
4,25328.8,11223.4,37155.3,33113,13,604,23291,21002,2253,89260,134,4560,3712,67,10004,949,0.00279441
4,35084.5,11223.4,37155.3,33113,10,604,23291,21002,2253,89260,134,4560,3712,67,10004,949,0.00279441
4,35224.3,11223.4,37155.3,33113,25,604,23291,21002,2253,89260,134,4560,3712,67,10004,949,0.00279441
4,38201.3,11223.4,37155.3,33113,6,604,23291,21002,2253,89260,134,4560,3712,67,10004,949,0.00279441
4,16203.5,14098.6,14848.1,12830,5,685,28045,25367,2642,105346,73,2196,1734,15,5073,291,0.00279441
4,17686.5,14098.6,14848.1,12830,12,685,28045,25367,2642,105346,73,2196,1734,15,5073,291,0.00279441
4,21020.3,14098.6,14848.1,12830,8,685,28045,25367,2642,105346,73,2196,1734,15,5073,291,0.00279441
4,32350.5,14098.6,14848.1,12830,14,685,28045,25367,2642,105346,73,2196,1734,15,5073,291,0.00279441
4,31967.7,19333.5,51311.3,44954,20,881,36049,33168,3643,151853,191,6600,5307,133,15735,914,0.00279441
4,42514.8,19333.5,51311.3,44954,18,881,36049,33168,3643,151853,191,6600,5307,133,15735,914,0.00279441
4,44379.2,19333.5,51311.3,44954,35,881,36049,33168,3643,151853,191,6600,5307,133,15735,914,0.00279441
4,45396.8,19333.5,51311.3,44954,29,881,36049,33168,3643,151853,191,6600,5307,133,15735,914,0.00279441
4,32024.4,38266.8,80818.5,70624,6,1387,64752,60378,7036,312977,312,10391,8478,241,25344,1647,0.00279441
4,57124.3,38266.8,80818.5,70624,51,1387,64752,60378,7036,312977,312,10391,8478,241,25344,1647,0.00279441
4,72506.9,38266.8,80818.5,70624,11,1387,64752,60378,7036,312977,312,10391,8478,241,25344,1647,0.00279441
4,76064.5,38266.8,80818.5,70624,48,1387,64752,60378,7036,312977,312,10391,8478,241,25344,1647,0.00279441
4,8850.38,29913,68306.3,59183,3,1140,53401,49816,5804,247145,258,8960,7567,224,22688,1541,0.00279441
4,52653.3,29913,68306.3,59183,43,1140,53401,49816,5804,247145,258,8960,7567,224,22688,1541,0.00279441
4,63023.9,29913,68306.3,59183,39,1140,53401,49816,5804,247145,258,8960,7567,224,22688,1541,0.00279441
4,65619.1,29913,68306.3,59183,32,1140,53401,49816,5804,247145,258,8960,7567,224,22688,1541,0.00279441
4,15584.2,21262.7,22182.8,19388,9,862,37401,34520,3908,154606,93,2941,2342,39,7335,260,0.00279441
4,26356.4,21262.7,22182.8,19388,4,862,37401,34520,3908,154606,93,2941,2342,39,7335,260,0.00279441
4,30927.4,21262.7,22182.8,19388,10,862,37401,34520,3908,154606,93,2941,2342,39,7335,260,0.00279441
4,42898.9,21262.7,22182.8,19388,15,862,37401,34520,3908,154606,93,2941,2342,39,7335,260,0.00279441
4,9554.29,13689.6,34246.9,30447,9,649,27280,25149,2817,113424,139,4355,3570,91,9793,646,0.00279441
4,40026,13689.6,34246.9,30447,34,649,27280,25149,2817,113424,139,4355,3570,91,9793,646,0.00279441
4,45444,13689.6,34246.9,30447,37,649,27280,25149,2817,113424,139,4355,3570,91,9793,646,0.00279441
4,45985.6,13689.6,34246.9,30447,17,649,27280,25149,2817,113424,139,4355,3570,91,9793,646,0.00279441
4,4207.98,13746.7,14057.8,12569,2,636,27259,25098,2703,110426,70,1944,1560,19,3347,511,0.00279441
4,28162.5,13746.7,14057.8,12569,17,636,27259,25098,2703,110426,70,1944,1560,19,3347,511,0.00279441
4,33580.5,13746.7,14057.8,12569,20,636,27259,25098,2703,110426,70,1944,1560,19,3347,511,0.00279441
4,37582.4,13746.7,14057.8,12569,7,636,27259,25098,2703,110426,70,1944,1560,19,3347,511,0.00279441
4,10798,21416.6,24941.7,22088,7,1076,41426,37476,3947,160696,107,3234,2593,59,6662,644,0.00279441
4,31736.2,21416.6,24941.7,22088,19,1076,41426,37476,3947,160696,107,3234,2593,59,6662,644,0.00279441
4,33942.4,21416.6,24941.7,22088,11,1076,41426,37476,3947,160696,107,3234,2593,59,6662,644,0.00279441
4,37533.7,21416.6,24941.7,22088,25,1076,41426,37476,3947,160696,107,3234,2593,59,6662,644,0.00279441
4,35142.9,16991.9,52738.9,46716,23,780,32913,29981,3177,134558,195,6637,5425,146,15075,1060,0.00279441
4,43329.6,16991.9,52738.9,46716,28,780,32913,29981,3177,134558,195,6637,5425,146,15075,1060,0.00279441
4,43869.9,16991.9,52738.9,46716,31,780,32913,29981,3177,134558,195,6637,5425,146,15075,1060,0.00279441
4,45626.1,16991.9,52738.9,46716,19,780,32913,29981,3177,134558,195,6637,5425,146,15075,1060,0.00279441
4,10825.3,30571.7,59282.1,51697,6,1182,54652,50992,5904,249399,229,7887,6623,193,19771,1414,0.00279441
4,47384.3,30571.7,59282.1,51697,37,1182,54652,50992,5904,249399,229,7887,6623,193,19771,1414,0.00279441
4,59028.1,30571.7,59282.1,51697,33,1182,54652,50992,5904,249399,229,7887,6623,193,19771,1414,0.00279441
4,62185.4,30571.7,59282.1,51697,25,1182,54652,50992,5904,249399,229,7887,6623,193,19771,1414,0.00279441
4,43900.7,23697.8,56583.4,49438,25,1041,43471,40434,4716,194353,239,7400,6088,165,17799,1407,0.00279441
4,50815,23697.8,56583.4,49438,6,1041,43471,40434,4716,194353,239,7400,6088,165,17799,1407,0.00279441
4,59022.8,23697.8,56583.4,49438,33,1041,43471,40434,4716,194353,239,7400,6088,165,17799,1407,0.00279441
4,61347.8,23697.8,56583.4,49438,36,1041,43471,40434,4716,194353,239,7400,6088,165,17799,1407,0.00279441
4,15506.3,36628,52468.1,45970,14,1434,63888,59717,6934,298177,213,6955,5669,134,15059,1441,0.00279441
4,38303.4,36628,52468.1,45970,30,1434,63888,59717,6934,298177,213,6955,5669,134,15059,1441,0.00279441
4,56371.9,36628,52468.1,45970,29,1434,63888,59717,6934,298177,213,6955,5669,134,15059,1441,0.00279441
4,62472.5,36628,52468.1,45970,36,1434,63888,59717,6934,298177,213,6955,5669,134,15059,1441,0.00279441
4,28157,21583.8,28326.9,24963,11,879,33559,30846,3233,140794,146,3662,2799,48,7377,579,0.00279441
4,34685.9,21583.8,28326.9,24963,21,879,33559,30846,3233,140794,146,3662,2799,48,7377,579,0.00279441
4,37054.6,21583.8,28326.9,24963,21,879,33559,30846,3233,140794,146,3662,2799,48,7377,579,0.00279441
4,37544.7,21583.8,28326.9,24963,29,879,33559,30846,3233,140794,146,3662,2799,48,7377,579,0.00279441
4,17590.4,28143.1,15466.2,13754,5,1123,44806,40888,4259,183257,84,1928,1473,17,3208,442,0.00279441
4,22560.1,28143.1,15466.2,13754,11,1123,44806,40888,4259,183257,84,1928,1473,17,3208,442,0.00279441
4,33673.3,28143.1,15466.2,13754,17,1123,44806,40888,4259,183257,84,1928,1473,17,3208,442,0.00279441
4,39773.9,28143.1,15466.2,13754,24,1123,44806,40888,4259,183257,84,1928,1473,17,3208,442,0.00279441
4,30199.6,37055.1,51218.5,44486,20,1230,51814,48347,5273,233189,225,7183,5809,183,17762,955,0.00279441
4,32658.8,37055.1,51218.5,44486,26,1230,51814,48347,5273,233189,225,7183,5809,183,17762,955,0.00279441
4,48036.5,37055.1,51218.5,44486,13,1230,51814,48347,5273,233189,225,7183,5809,183,17762,955,0.00279441
4,50954.4,37055.1,51218.5,44486,37,1230,51814,48347,5273,233189,225,7183,5809,183,17762,955,0.00279441
4,30006,22530.9,41913.8,36757,6,972,37658,34986,3855,163114,206,5614,4502,103,12600,941,0.00279441
4,44177.2,22530.9,41913.8,36757,14,972,37658,34986,3855,163114,206,5614,4502,103,12600,941,0.00279441
4,44192,22530.9,41913.8,36757,23,972,37658,34986,3855,163114,206,5614,4502,103,12600,941,0.00279441
4,46517.1,22530.9,41913.8,36757,26,972,37658,34986,3855,163114,206,5614,4502,103,12600,941,0.00279441
4,11415.8,6245.3,5551.67,4885,5,366,12561,10897,956,40700,45,798,602,1,1037,240,0.00279441
4,12321.2,6245.3,5551.67,4885,9,366,12561,10897,956,40700,45,798,602,1,1037,240,0.00279441
4,14909.1,6245.3,5551.67,4885,10,366,12561,10897,956,40700,45,798,602,1,1037,240,0.00279441
4,22230,6245.3,5551.67,4885,4,366,12561,10897,956,40700,45,798,602,1,1037,240,0.00279441
4,6025.34,9323.23,6251.32,5598,3,571,20334,17864,1739,68401,26,853,668,7,1216,277,0.00279441
4,15550.4,9323.23,6251.32,5598,17,571,20334,17864,1739,68401,26,853,668,7,1216,277,0.00279441
4,21720.7,9323.23,6251.32,5598,20,571,20334,17864,1739,68401,26,853,668,7,1216,277,0.00279441
4,27629,9323.23,6251.32,5598,2,571,20334,17864,1739,68401,26,853,668,7,1216,277,0.00279441
4,21613.2,17298.2,24402.1,21125,12,888,34388,31159,3290,136907,122,3313,2558,42,6286,567,0.00279441
4,33339.3,17298.2,24402.1,21125,25,888,34388,31159,3290,136907,122,3313,2558,42,6286,567,0.00279441
4,37332.5,17298.2,24402.1,21125,22,888,34388,31159,3290,136907,122,3313,2558,42,6286,567,0.00279441
4,38300.7,17298.2,24402.1,21125,8,888,34388,31159,3290,136907,122,3313,2558,42,6286,567,0.00279441
4,7130.22,19169.4,24022,20981,4,670,28984,26658,2971,121849,91,3097,2569,38,6029,781,0.00279441
4,37100.3,19169.4,24022,20981,22,670,28984,26658,2971,121849,91,3097,2569,38,6029,781,0.00279441
4,42518.3,19169.4,24022,20981,25,670,28984,26658,2971,121849,91,3097,2569,38,6029,781,0.00279441
4,44600.3,19169.4,24022,20981,6,670,28984,26658,2971,121849,91,3097,2569,38,6029,781,0.00279441
4,12297.4,14722.7,38688.8,33910,9,649,27631,25499,2850,115162,161,4932,4062,113,11055,801,0.00279441
4,42769.1,14722.7,38688.8,33910,34,649,27631,25499,2850,115162,161,4932,4062,113,11055,801,0.00279441
4,47952,14722.7,38688.8,33910,22,649,27631,25499,2850,115162,161,4932,4062,113,11055,801,0.00279441
4,48187.1,14722.7,38688.8,33910,37,649,27631,25499,2850,115162,161,4932,4062,113,11055,801,0.00279441
4,36263.9,17749.4,50270.8,43985,16,802,32611,29727,3189,129540,196,6634,5394,142,15119,1067,0.00279441
4,37972.2,17749.4,50270.8,43985,26,802,32611,29727,3189,129540,196,6634,5394,142,15119,1067,0.00279441
4,41021.4,17749.4,50270.8,43985,23,802,32611,29727,3189,129540,196,6634,5394,142,15119,1067,0.00279441
4,42842.8,17749.4,50270.8,43985,23,802,32611,29727,3189,129540,196,6634,5394,142,15119,1067,0.00279441
4,21488.6,12118.9,12941.1,11366,10,691,23455,20655,2047,81264,73,1694,1317,12,3073,358,0.00279441
4,23857.7,12118.9,12941.1,11366,6,691,23455,20655,2047,81264,73,1694,1317,12,3073,358,0.00279441
4,23990.3,12118.9,12941.1,11366,15,691,23455,20655,2047,81264,73,1694,1317,12,3073,358,0.00279441
4,29394.2,12118.9,12941.1,11366,10,691,23455,20655,2047,81264,73,1694,1317,12,3073,358,0.00279441
4,21439.4,12039.7,23475,20804,16,586,22487,20586,2085,88678,95,3134,2533,59,6062,702,0.00279441
4,25566.7,12039.7,23475,20804,15,586,22487,20586,2085,88678,95,3134,2533,59,6062,702,0.00279441
4,28689.8,12039.7,23475,20804,15,586,22487,20586,2085,88678,95,3134,2533,59,6062,702,0.00279441
4,34170.3,12039.7,23475,20804,20,586,22487,20586,2085,88678,95,3134,2533,59,6062,702,0.00279441
4,1431.31,13684.6,20709,18625,2,569,24594,22677,2350,98364,83,2318,1884,26,4442,500,0.00279441
4,29591.7,13684.6,20709,18625,26,569,24594,22677,2350,98364,83,2318,1884,26,4442,500,0.00279441
4,35009.7,13684.6,20709,18625,29,569,24594,22677,2350,98364,83,2318,1884,26,4442,500,0.00279441
4,36056.4,13684.6,20709,18625,5,569,24594,22677,2350,98364,83,2318,1884,26,4442,500,0.00279441
4,36022,30679.8,81025.4,70650,27,1142,49835,46246,5269,224868,340,10917,8963,291,28608,1339,0.00279441
4,54648.6,30679.8,81025.4,70650,42,1142,49835,46246,5269,224868,340,10917,8963,291,28608,1339,0.00279441
4,54665.8,30679.8,81025.4,70650,47,1142,49835,46246,5269,224868,340,10917,8963,291,28608,1339,0.00279441
4,63151.7,30679.8,81025.4,70650,40,1142,49835,46246,5269,224868,340,10917,8963,291,28608,1339,0.00279441
4,6700.86,32144.4,37296.3,31801,8,1281,55957,52053,5944,263566,199,5713,4456,109,14064,473,0.00279441
4,43677.5,32144.4,37296.3,31801,3,1281,55957,52053,5944,263566,199,5713,4456,109,14064,473,0.00279441
4,56958.7,32144.4,37296.3,31801,23,1281,55957,52053,5944,263566,199,5713,4456,109,14064,473,0.00279441
4,58453.1,32144.4,37296.3,31801,42,1281,55957,52053,5944,263566,199,5713,4456,109,14064,473,0.00279441
4,15702,4231.4,9528.8,8551,10,337,9832,8368,744,30104,52,1268,946,4,2296,197,0.00279441
4,17707.4,4231.4,9528.8,8551,13,337,9832,8368,744,30104,52,1268,946,4,2296,197,0.00279441
4,20145.1,4231.4,9528.8,8551,10,337,9832,8368,744,30104,52,1268,946,4,2296,197,0.00279441
4,20226.2,4231.4,9528.8,8551,12,337,9832,8368,744,30104,52,1268,946,4,2296,197,0.00279441
4,33397.3,34045.5,64783.6,55627,20,1298,58534,54649,6242,274398,274,8516,7011,259,22188,1134,0.00279441
4,42461.9,34045.5,64783.6,55627,32,1298,58534,54649,6242,274398,274,8516,7011,259,22188,1134,0.00279441
4,55617.9,34045.5,64783.6,55627,5,1298,58534,54649,6242,274398,274,8516,7011,259,22188,1134,0.00279441
4,63343.2,34045.5,64783.6,55627,35,1298,58534,54649,6242,274398,274,8516,7011,259,22188,1134,0.00279441
4,20565.6,11625.8,22214,19833,12,578,22048,20186,2018,85805,90,2822,2270,43,5356,624,0.00279441
4,24468.9,11625.8,22214,19833,13,578,22048,20186,2018,85805,90,2822,2270,43,5356,624,0.00279441
4,27359.1,11625.8,22214,19833,14,578,22048,20186,2018,85805,90,2822,2270,43,5356,624,0.00279441
4,32839.7,11625.8,22214,19833,19,578,22048,20186,2018,85805,90,2822,2270,43,5356,624,0.00279441
4,23164.6,24775.1,19165.8,16644,3,905,38976,35674,4030,157252,95,2849,2210,40,6018,469,0.00279441
4,27673.6,24775.1,19165.8,16644,15,905,38976,35674,4030,157252,95,2849,2210,40,6018,469,0.00279441
4,30344.7,24775.1,19165.8,16644,8,905,38976,35674,4030,157252,95,2849,2210,40,6018,469,0.00279441
4,42303.8,24775.1,19165.8,16644,19,905,38976,35674,4030,157252,95,2849,2210,40,6018,469,0.00279441
4,27901.3,13067,19347.6,17261,14,653,25512,22899,2297,92761,96,2627,2030,23,5004,431,0.00279441
4,28445.5,13067,19347.6,17261,6,653,25512,22899,2297,92761,96,2627,2030,23,5004,431,0.00279441
4,28519.3,13067,19347.6,17261,28,653,25512,22899,2297,92761,96,2627,2030,23,5004,431,0.00279441
4,30424.7,13067,19347.6,17261,29,653,25512,22899,2297,92761,96,2627,2030,23,5004,431,0.00279441
4,13507.1,25729.1,20767.7,18226,11,1166,45509,41622,4328,183113,100,2816,2248,39,5351,623,0.00279441
4,29694.2,25729.1,20767.7,18226,7,1166,45509,41622,4328,183113,100,2816,2248,39,5351,623,0.00279441
4,33189.7,25729.1,20767.7,18226,14,1166,45509,41622,4328,183113,100,2816,2248,39,5351,623,0.00279441
4,39290.3,25729.1,20767.7,18226,21,1166,45509,41622,4328,183113,100,2816,2248,39,5351,623,0.00279441
4,21953.4,11422.3,23405,20749,15,572,22067,20179,2015,86422,88,2913,2353,44,5589,658,0.00279441
4,24781.8,11422.3,23405,20749,15,572,22067,20179,2015,86422,88,2913,2353,44,5589,658,0.00279441
4,28275.8,11422.3,23405,20749,17,572,22067,20179,2015,86422,88,2913,2353,44,5589,658,0.00279441
4,33653.8,11422.3,23405,20749,19,572,22067,20179,2015,86422,88,2913,2353,44,5589,658,0.00279441
4,20903.2,15793.7,36261.6,31923,16,646,26953,24820,2494,111994,123,4699,3874,90,9466,1086,0.00279441
4,37667.9,15793.7,36261.6,31923,20,646,26953,24820,2494,111994,123,4699,3874,90,9466,1086,0.00279441
4,39329.2,15793.7,36261.6,31923,35,646,26953,24820,2494,111994,123,4699,3874,90,9466,1086,0.00279441
4,45191.1,15793.7,36261.6,31923,37,646,26953,24820,2494,111994,123,4699,3874,90,9466,1086,0.00279441
4,23105.6,13809.7,20155.6,17841,16,731,28436,25717,2619,106603,94,2725,2126,31,4854,554,0.00279441
4,24812.2,13809.7,20155.6,17841,17,731,28436,25717,2619,106603,94,2725,2126,31,4854,554,0.00279441
4,29385.9,13809.7,20155.6,17841,15,731,28436,25717,2619,106603,94,2725,2126,31,4854,554,0.00279441
4,33365.4,13809.7,20155.6,17841,14,731,28436,25717,2619,106603,94,2725,2126,31,4854,554,0.00279441
4,13446.4,23677.1,24474.4,21219,11,1115,44553,40717,4466,187847,140,3792,2904,48,8475,479,0.00279441
4,32483,23677.1,24474.4,21219,12,1115,44553,40717,4466,187847,140,3792,2904,48,8475,479,0.00279441
4,42975.9,23677.1,24474.4,21219,14,1115,44553,40717,4466,187847,140,3792,2904,48,8475,479,0.00279441
4,44861.2,23677.1,24474.4,21219,34,1115,44553,40717,4466,187847,140,3792,2904,48,8475,479,0.00279441
4,10072.3,12873.6,30524.4,27208,3,646,26457,24464,2595,108421,121,4081,3363,85,8154,854,0.00279441
4,37381,12873.6,30524.4,27208,38,646,26457,24464,2595,108421,121,4081,3363,85,8154,854,0.00279441
4,40245.2,12873.6,30524.4,27208,23,646,26457,24464,2595,108421,121,4081,3363,85,8154,854,0.00279441
4,43181.7,12873.6,30524.4,27208,38,646,26457,24464,2595,108421,121,4081,3363,85,8154,854,0.00279441
4,31281.6,31726.2,53040.2,46589,21,1243,52080,48585,5394,235975,250,7301,5842,192,18208,914,0.00279441
4,31668.8,31726.2,53040.2,46589,23,1243,52080,48585,5394,235975,250,7301,5842,192,18208,914,0.00279441
4,49836,31726.2,53040.2,46589,11,1243,52080,48585,5394,235975,250,7301,5842,192,18208,914,0.00279441
4,52162.9,31726.2,53040.2,46589,24,1243,52080,48585,5394,235975,250,7301,5842,192,18208,914,0.00279441
4,9572.03,23353.4,47725,42107,8,964,43258,40333,4520,188382,186,6259,5136,156,14290,1078,0.00279441
4,43063.6,23353.4,47725,42107,33,964,43258,40333,4520,188382,186,6259,5136,156,14290,1078,0.00279441
4,48684.3,23353.4,47725,42107,42,964,43258,40333,4520,188382,186,6259,5136,156,14290,1078,0.00279441
4,50634.8,23353.4,47725,42107,39,964,43258,40333,4520,188382,186,6259,5136,156,14290,1078,0.00279441
4,12979.3,14106.9,9212.89,8106,8,755,28645,25395,2466,102065,56,1404,1080,11,2692,243,0.00279441
4,13076.1,14106.9,9212.89,8106,5,755,28645,25395,2466,102065,56,1404,1080,11,2692,243,0.00279441
4,18243.7,14106.9,9212.89,8106,8,755,28645,25395,2466,102065,56,1404,1080,11,2692,243,0.00279441
4,31685.7,14106.9,9212.89,8106,18,755,28645,25395,2466,102065,56,1404,1080,11,2692,243,0.00279441
4,25117.7,12115.7,32096.2,28628,18,615,24856,22729,2380,100515,139,4251,3469,76,8308,971,0.00279441
4,29738,12115.7,32096.2,28628,20,615,24856,22729,2380,100515,139,4251,3469,76,8308,971,0.00279441
4,34248.8,12115.7,32096.2,28628,22,615,24856,22729,2380,100515,139,4251,3469,76,8308,971,0.00279441
4,39626.9,12115.7,32096.2,28628,24,615,24856,22729,2380,100515,139,4251,3469,76,8308,971,0.00279441
4,19892,21101.9,45684,40206,17,905,39753,36962,4107,172749,182,6082,4907,143,14925,850,0.00279441
4,47216.6,21101.9,45684,40206,27,905,39753,36962,4107,172749,182,6082,4907,143,14925,850,0.00279441
4,48277.7,21101.9,45684,40206,35,905,39753,36962,4107,172749,182,6082,4907,143,14925,850,0.00279441
4,49552.2,21101.9,45684,40206,45,905,39753,36962,4107,172749,182,6082,4907,143,14925,850,0.00279441
4,12207.2,11157.7,20113.7,18015,6,564,22736,20972,2012,91382,86,2697,2176,34,4830,629,0.00279441
4,28974.4,11157.7,20113.7,18015,29,564,22736,20972,2012,91382,86,2697,2176,34,4830,629,0.00279441
4,31102.4,11157.7,20113.7,18015,18,564,22736,20972,2012,91382,86,2697,2176,34,4830,629,0.00279441
4,34836.3,11157.7,20113.7,18015,31,564,22736,20972,2012,91382,86,2697,2176,34,4830,629,0.00279441
4,14828.3,21528.3,36400.7,32033,9,935,40800,37987,4215,175828,141,5103,4185,123,11500,851,0.00279441
4,33909.9,21528.3,36400.7,32033,23,935,40800,37987,4215,175828,141,5103,4185,123,11500,851,0.00279441
4,40751.7,21528.3,36400.7,32033,35,935,40800,37987,4215,175828,141,5103,4185,123,11500,851,0.00279441
4,42935.9,21528.3,36400.7,32033,26,935,40800,37987,4215,175828,141,5103,4185,123,11500,851,0.00279441
4,13975.3,27016.2,74748.1,65546,4,1018,47830,44566,5090,215393,258,9970,8349,307,25874,1610,0.00279441
4,56560.1,27016.2,74748.1,65546,44,1018,47830,44566,5090,215393,258,9970,8349,307,25874,1610,0.00279441
4,61674.7,27016.2,74748.1,65546,42,1018,47830,44566,5090,215393,258,9970,8349,307,25874,1610,0.00279441
4,63268.3,27016.2,74748.1,65546,48,1018,47830,44566,5090,215393,258,9970,8349,307,25874,1610,0.00279441
4,25339.1,22023.4,31093.1,27195,13,946,41345,38009,4334,173971,152,4663,3657,72,10150,806,0.00279441
4,33375.3,22023.4,31093.1,27195,17,946,41345,38009,4334,173971,152,4663,3657,72,10150,806,0.00279441
4,36069.6,22023.4,31093.1,27195,8,946,41345,38009,4334,173971,152,4663,3657,72,10150,806,0.00279441
4,46527.6,22023.4,31093.1,27195,26,946,41345,38009,4334,173971,152,4663,3657,72,10150,806,0.00279441
4,15869.7,19559.4,15532,13574,15,916,36708,32870,3415,136673,88,2155,1714,25,4477,348,0.00279441
4,17316,19559.4,15532,13574,10,916,36708,32870,3415,136673,88,2155,1714,25,4477,348,0.00279441
4,18352.5,19559.4,15532,13574,10,916,36708,32870,3415,136673,88,2155,1714,25,4477,348,0.00279441
4,35053.1,19559.4,15532,13574,29,916,36708,32870,3415,136673,88,2155,1714,25,4477,348,0.00279441
4,16183.7,25194.9,23311.7,20362,11,903,38999,36023,4086,166572,106,3538,2864,81,8515,512,0.00279441
4,31089.2,25194.9,23311.7,20362,7,903,38999,36023,4086,166572,106,3538,2864,81,8515,512,0.00279441
4,35662.3,25194.9,23311.7,20362,13,903,38999,36023,4086,166572,106,3538,2864,81,8515,512,0.00279441
4,46748.3,25194.9,23311.7,20362,27,903,38999,36023,4086,166572,106,3538,2864,81,8515,512,0.00279441
4,31143.3,33541.4,56622.5,49572,26,1288,56340,52608,5999,262204,253,7643,6224,227,19414,1008,0.00279441
4,39665.7,33541.4,56622.5,49572,26,1288,56340,52608,5999,262204,253,7643,6224,227,19414,1008,0.00279441
4,56016,33541.4,56622.5,49572,4,1288,56340,52608,5999,262204,253,7643,6224,227,19414,1008,0.00279441
4,60547,33541.4,56622.5,49572,29,1288,56340,52608,5999,262204,253,7643,6224,227,19414,1008,0.00279441
4,9920.06,17684.8,18145,16016,6,786,33049,30506,3432,137074,93,2763,2192,53,6086,484,0.00279441
4,28136.6,17684.8,18145,16016,12,786,33049,30506,3432,137074,93,2763,2192,53,6086,484,0.00279441
4,33554.6,17684.8,18145,16016,15,786,33049,30506,3432,137074,93,2763,2192,53,6086,484,0.00279441
4,41484.7,17684.8,18145,16016,18,786,33049,30506,3432,137074,93,2763,2192,53,6086,484,0.00279441
4,11722.8,17796.2,13058.4,11646,3,911,34520,30734,3135,128081,92,1806,1377,9,3029,416,0.00279441
4,28468.7,17796.2,13058.4,11646,12,911,34520,30734,3135,128081,92,1806,1377,9,3029,416,0.00279441
4,28566.9,17796.2,13058.4,11646,5,911,34520,30734,3135,128081,92,1806,1377,9,3029,416,0.00279441
4,34569.3,17796.2,13058.4,11646,19,911,34520,30734,3135,128081,92,1806,1377,9,3029,416,0.00279441
4,7072.84,15885.7,20941.8,18820,7,701,30256,27889,3111,125561,84,2437,1959,13,4626,613,0.00279441
4,31538.2,15885.7,20941.8,18820,21,701,30256,27889,3111,125561,84,2437,1959,13,4626,613,0.00279441
4,36956.2,15885.7,20941.8,18820,24,701,30256,27889,3111,125561,84,2437,1959,13,4626,613,0.00279441
4,41819.6,15885.7,20941.8,18820,12,701,30256,27889,3111,125561,84,2437,1959,13,4626,613,0.00279441
4,14525.3,26389.2,65750.5,57993,10,981,45429,42365,4773,202061,226,8347,6934,223,20875,1371,0.00279441
4,54068.2,26389.2,65750.5,57993,35,981,45429,42365,4773,202061,226,8347,6934,223,20875,1371,0.00279441
4,57934.4,26389.2,65750.5,57993,41,981,45429,42365,4773,202061,226,8347,6934,223,20875,1371,0.00279441
4,59528,26389.2,65750.5,57993,47,981,45429,42365,4773,202061,226,8347,6934,223,20875,1371,0.00279441
4,5990.5,30875.5,68557.5,59973,4,1061,48806,45548,5390,219765,261,9343,7810,260,24095,1524,0.00279441
4,50696.2,30875.5,68557.5,59973,38,1061,48806,45548,5390,219765,261,9343,7810,260,24095,1524,0.00279441
4,58335.4,30875.5,68557.5,59973,50,1061,48806,45548,5390,219765,261,9343,7810,260,24095,1524,0.00279441
4,60285.9,30875.5,68557.5,59973,47,1061,48806,45548,5390,219765,261,9343,7810,260,24095,1524,0.00279441
4,8944.78,22991.2,43953.1,38617,4,972,43627,40691,4615,190089,176,6162,5077,139,14413,1057,0.00279441
4,40877.9,22991.2,43953.1,38617,31,972,43627,40691,4615,190089,176,6162,5077,139,14413,1057,0.00279441
4,47553.2,22991.2,43953.1,38617,38,972,43627,40691,4615,190089,176,6162,5077,139,14413,1057,0.00279441
4,49626.9,22991.2,43953.1,38617,37,972,43627,40691,4615,190089,176,6162,5077,139,14413,1057,0.00279441
4,12295.7,4290.18,10274.2,9224,17,351,10311,8829,795,31078,50,1330,1019,3,2351,237,0.00279441
4,18157.6,4290.18,10274.2,9224,19,351,10311,8829,795,31078,50,1330,1019,3,2351,237,0.00279441
4,19956.1,4290.18,10274.2,9224,12,351,10311,8829,795,31078,50,1330,1019,3,2351,237,0.00279441
4,20375,4290.18,10274.2,9224,9,351,10311,8829,795,31078,50,1330,1019,3,2351,237,0.00279441
4,28077.8,31917.9,74017.1,64721,19,1136,49294,45620,5102,222408,308,10287,8497,286,26585,1444,0.00279441
4,46833.1,31917.9,74017.1,64721,41,1136,49294,45620,5102,222408,308,10287,8497,286,26585,1444,0.00279441
4,47630.1,31917.9,74017.1,64721,31,1136,49294,45620,5102,222408,308,10287,8497,286,26585,1444,0.00279441
4,58080.7,31917.9,74017.1,64721,25,1136,49294,45620,5102,222408,308,10287,8497,286,26585,1444,0.00279441
