K,dist,cost_ki,cost_hi,h_cost,vnum,gen_ki,push_ki,pop_ki,prune_ki,suc_call_ki,gen_hi,push_hi,pop_hi,prune_hi,suc_call_hi,reevaluate,density
4,17426.6,17477.9,19450.1,16284,6,762,31344,29078,3189,131618,109,3363,2732,56,7707,538,0.00239521
4,21336.5,17477.9,19450.1,16284,12,762,31344,29078,3189,131618,109,3363,2732,56,7707,538,0.00239521
4,30550.8,17477.9,19450.1,16284,20,762,31344,29078,3189,131618,109,3363,2732,56,7707,538,0.00239521
4,41711.5,17477.9,19450.1,16284,31,762,31344,29078,3189,131618,109,3363,2732,56,7707,538,0.00239521
4,31491.5,41968.1,32675.4,28554,6,1584,66762,62435,6796,304100,130,4136,3339,36,8092,952,0.00239521
4,31554.3,41968.1,32675.4,28554,23,1584,66762,62435,6796,304100,130,4136,3339,36,8092,952,0.00239521
4,42403.8,41968.1,32675.4,28554,27,1584,66762,62435,6796,304100,130,4136,3339,36,8092,952,0.00239521
4,52760.8,41968.1,32675.4,28554,10,1584,66762,62435,6796,304100,130,4136,3339,36,8092,952,0.00239521
4,32037.7,20502.6,28749.6,24284,6,808,36397,33741,3720,158730,165,5223,4289,121,11621,899,0.00239521
4,34622.3,20502.6,28749.6,24284,5,808,36397,33741,3720,158730,165,5223,4289,121,11621,899,0.00239521
4,44476,20502.6,28749.6,24284,33,808,36397,33741,3720,158730,165,5223,4289,121,11621,899,0.00239521
4,54876.1,20502.6,28749.6,24284,45,808,36397,33741,3720,158730,165,5223,4289,121,11621,899,0.00239521
4,34497,19678.4,35195.2,29983,7,834,38260,35537,4048,168211,171,6108,5042,149,14701,1022,0.00239521
4,37083.1,19678.4,35195.2,29983,6,834,38260,35537,4048,168211,171,6108,5042,149,14701,1022,0.00239521
4,46784.2,19678.4,35195.2,29983,38,834,38260,35537,4048,168211,171,6108,5042,149,14701,1022,0.00239521
4,57184.4,19678.4,35195.2,29983,50,834,38260,35537,4048,168211,171,6108,5042,149,14701,1022,0.00239521
4,22986.6,41044.4,22018.7,19007,6,1462,60530,55956,6042,264558,127,3490,2669,36,6485,592,0.00239521
4,31250.5,41044.4,22018.7,19007,19,1462,60530,55956,6042,264558,127,3490,2669,36,6485,592,0.00239521
4,44535.9,41044.4,22018.7,19007,32,1462,60530,55956,6042,264558,127,3490,2669,36,6485,592,0.00239521
4,47357.7,41044.4,22018.7,19007,42,1462,60530,55956,6042,264558,127,3490,2669,36,6485,592,0.00239521
4,23939.3,15914.9,13990.9,12248,14,843,31978,28954,2960,123040,89,2264,1725,17,4439,344,0.00239521
4,24223.6,15914.9,13990.9,12248,8,843,31978,28954,2960,123040,89,2264,1725,17,4439,344,0.00239521
4,33000.4,15914.9,13990.9,12248,19,843,31978,28954,2960,123040,89,2264,1725,17,4439,344,0.00239521
4,33305.1,15914.9,13990.9,12248,24,843,31978,28954,2960,123040,89,2264,1725,17,4439,344,0.00239521
4,8294.44,30666.9,37528.2,31318,4,1094,50989,47542,5583,230259,211,6602,5445,250,17095,857,0.00239521
4,27148,30666.9,37528.2,31318,32,1094,50989,47542,5583,230259,211,6602,5445,250,17095,857,0.00239521
4,53348.6,30666.9,37528.2,31318,42,1094,50989,47542,5583,230259,211,6602,5445,250,17095,857,0.00239521
4,58970.1,30666.9,37528.2,31318,42,1094,50989,47542,5583,230259,211,6602,5445,250,17095,857,0.00239521
4,16258.3,18699.7,18205.6,15166,7,728,30204,27978,2953,125882,102,3276,2661,67,7574,511,0.00239521
4,20168.3,18699.7,18205.6,15166,13,728,30204,27978,2953,125882,102,3276,2661,67,7574,511,0.00239521
4,28254.1,18699.7,18205.6,15166,21,728,30204,27978,2953,125882,102,3276,2661,67,7574,511,0.00239521
4,39530.8,18699.7,18205.6,15166,28,728,30204,27978,2953,125882,102,3276,2661,67,7574,511,0.00239521
4,35194.8,27236.8,33228.5,29098,20,1128,46952,43780,4952,210684,149,4858,3899,104,10072,916,0.00239521
4,37409.2,27236.8,33228.5,29098,6,1128,46952,43780,4952,210684,149,4858,3899,104,10072,916,0.00239521
4,47280.8,27236.8,33228.5,29098,37,1128,46952,43780,4952,210684,149,4858,3899,104,10072,916,0.00239521
4,47693.7,27236.8,33228.5,29098,31,1128,46952,43780,4952,210684,149,4858,3899,104,10072,916,0.00239521
4,21627.4,14214.4,18936,16396,11,689,27622,24980,2640,103207,97,3148,2448,64,6654,421,0.00239521
4,22231,14214.4,18936,16396,14,689,27622,24980,2640,103207,97,3148,2448,64,6654,421,0.00239521
4,33398.1,14214.4,18936,16396,24,689,27622,24980,2640,103207,97,3148,2448,64,6654,421,0.00239521
4,34065.8,14214.4,18936,16396,16,689,27622,24980,2640,103207,97,3148,2448,64,6654,421,0.00239521
4,36202.9,15766.1,26268.1,23126,20,746,30232,28046,3061,128596,156,3951,3066,65,8033,582,0.00239521
4,37725.3,15766.1,26268.1,23126,13,746,30232,28046,3061,128596,156,3951,3066,65,8033,582,0.00239521
4,39245,15766.1,26268.1,23126,29,746,30232,28046,3061,128596,156,3951,3066,65,8033,582,0.00239521
4,39260.1,15766.1,26268.1,23126,25,746,30232,28046,3061,128596,156,3951,3066,65,8033,582,0.00239521
4,3476.64,22868.6,23102.1,19341,4,961,43408,40359,4549,188211,147,4323,3403,110,9261,614,0.00239521
4,22169.5,22868.6,23102.1,19341,9,961,43408,40359,4549,188211,147,4323,3403,110,9261,614,0.00239521
4,46615.4,22868.6,23102.1,19341,32,961,43408,40359,4549,188211,147,4323,3403,110,9261,614,0.00239521
4,49184.1,22868.6,23102.1,19341,34,961,43408,40359,4549,188211,147,4323,3403,110,9261,614,0.00239521
4,44986.5,51066.5,59226.5,50174,26,1771,83005,78671,8976,419303,301,10108,8238,161,22832,2030,0.00239521
4,54359.3,51066.5,59226.5,50174,37,1771,83005,78671,8976,419303,301,10108,8238,161,22832,2030,0.00239521
4,57942,51066.5,59226.5,50174,20,1771,83005,78671,8976,419303,301,10108,8238,161,22832,2030,0.00239521
4,70972.8,51066.5,59226.5,50174,51,1771,83005,78671,8976,419303,301,10108,8238,161,22832,2030,0.00239521
4,17522.8,20002,11092.2,9479,9,1035,39393,35659,3916,150389,69,1910,1450,7,3407,391,0.00239521
4,27227.9,20002,11092.2,9479,9,1035,39393,35659,3916,150389,69,1910,1450,7,3407,391,0.00239521
4,37459.8,20002,11092.2,9479,15,1035,39393,35659,3916,150389,69,1910,1450,7,3407,391,0.00239521
4,37853.4,20002,11092.2,9479,6,1035,39393,35659,3916,150389,69,1910,1450,7,3407,391,0.00239521
4,20411.2,19422.6,33603.3,29028,13,867,37616,34477,3915,156151,151,5151,4156,95,12104,832,0.00239521
4,30179.5,19422.6,33603.3,29028,14,867,37616,34477,3915,156151,151,5151,4156,95,12104,832,0.00239521
4,43048.7,19422.6,33603.3,29028,38,867,37616,34477,3915,156151,151,5151,4156,95,12104,832,0.00239521
4,44366.9,19422.6,33603.3,29028,21,867,37616,34477,3915,156151,151,5151,4156,95,12104,832,0.00239521
4,28537.2,13194,18150.5,16030,23,721,27073,24438,2470,103030,112,2728,2094,38,5017,504,0.00239521
4,28658.1,13194,18150.5,16030,20,721,27073,24438,2470,103030,112,2728,2094,38,5017,504,0.00239521
4,30945.7,13194,18150.5,16030,27,721,27073,24438,2470,103030,112,2728,2094,38,5017,504,0.00239521
4,31627.8,13194,18150.5,16030,16,721,27073,24438,2470,103030,112,2728,2094,38,5017,504,0.00239521
4,17109.8,29724.9,41609.3,34636,5,1193,54747,51117,5744,251861,240,7637,6384,237,19802,1171,0.00239521
4,30978.7,29724.9,41609.3,34636,20,1193,54747,51117,5744,251861,240,7637,6384,237,19802,1171,0.00239521
4,59144.7,29724.9,41609.3,34636,40,1193,54747,51117,5744,251861,240,7637,6384,237,19802,1171,0.00239521
4,64827.5,29724.9,41609.3,34636,36,1193,54747,51117,5744,251861,240,7637,6384,237,19802,1171,0.00239521
4,23412.8,24307,14611.3,12797,18,1211,46881,42836,4628,187001,84,2304,1790,31,4323,480,0.00239521
4,31888.4,24307,14611.3,12797,14,1211,46881,42836,4628,187001,84,2304,1790,31,4323,480,0.00239521
4,41759,24307,14611.3,12797,3,1211,46881,42836,4628,187001,84,2304,1790,31,4323,480,0.00239521
4,42123.3,24307,14611.3,12797,21,1211,46881,42836,4628,187001,84,2304,1790,31,4323,480,0.00239521
4,12213.5,4227.71,3574.7,3069,9,331,10315,8861,691,32233,35,656,476,0,935,160,0.00239521
4,14621.2,4227.71,3574.7,3069,8,331,10315,8861,691,32233,35,656,476,0,935,160,0.00239521
4,16802.6,4227.71,3574.7,3069,12,331,10315,8861,691,32233,35,656,476,0,935,160,0.00239521
4,20260.6,4227.71,3574.7,3069,10,331,10315,8861,691,32233,35,656,476,0,935,160,0.00239521
4,27185.9,12782.3,16501.6,14397,4,685,26764,24239,2552,100581,93,2735,2148,29,5030,544,0.00239521
4,30554,12782.3,16501.6,14397,24,685,26764,24239,2552,100581,93,2735,2148,29,5030,544,0.00239521
4,31989.6,12782.3,16501.6,14397,22,685,26764,24239,2552,100581,93,2735,2148,29,5030,544,0.00239521
4,34580.4,12782.3,16501.6,14397,7,685,26764,24239,2552,100581,93,2735,2148,29,5030,544,0.00239521
4,28359.9,11136.9,23601,20890,19,642,23827,21466,2184,87914,108,2969,2289,63,5586,522,0.00239521
4,28366.6,11136.9,23601,20890,28,642,23827,21466,2184,87914,108,2969,2289,63,5586,522,0.00239521
4,29402.2,11136.9,23601,20890,21,642,23827,21466,2184,87914,108,2969,2289,63,5586,522,0.00239521
4,30287.7,11136.9,23601,20890,24,642,23827,21466,2184,87914,108,2969,2289,63,5586,522,0.00239521
4,20150.1,18524.3,24203.9,20467,8,763,33662,31128,3578,144115,126,4346,3598,110,10109,713,0.00239521
4,21279.4,18524.3,24203.9,20467,4,763,33662,31128,3578,144115,126,4346,3598,110,10109,713,0.00239521
4,37261.5,18524.3,24203.9,20467,25,763,33662,31128,3578,144115,126,4346,3598,110,10109,713,0.00239521
4,48719.5,18524.3,24203.9,20467,34,763,33662,31128,3578,144115,126,4346,3598,110,10109,713,0.00239521
4,42304.3,50342.7,57291.4,49188,24,1750,82179,77936,8889,410920,252,8809,7209,143,18778,1983,0.00239521
4,51677.1,50342.7,57291.4,49188,35,1750,82179,77936,8889,410920,252,8809,7209,143,18778,1983,0.00239521
4,54498,50342.7,57291.4,49188,20,1750,82179,77936,8889,410920,252,8809,7209,143,18778,1983,0.00239521
4,68329.4,50342.7,57291.4,49188,49,1750,82179,77936,8889,410920,252,8809,7209,143,18778,1983,0.00239521
4,20032.5,24185.5,39185.1,33517,16,931,43235,39866,4625,188143,173,6382,5214,162,15806,886,0.00239521
4,34938.8,24185.5,39185.1,33517,14,931,43235,39866,4625,188143,173,6382,5214,162,15806,886,0.00239521
4,51022.9,24185.5,39185.1,33517,39,931,43235,39866,4625,188143,173,6382,5214,162,15806,886,0.00239521
4,52142.2,24185.5,39185.1,33517,34,931,43235,39866,4625,188143,173,6382,5214,162,15806,886,0.00239521
4,19253.3,27502.3,15214.3,13254,23,1200,47919,43884,4793,194580,91,2358,1820,16,3767,646,0.00239521
4,35187.5,27502.3,15214.3,13254,14,1200,47919,43884,4793,194580,91,2358,1820,16,3767,646,0.00239521
4,35733,27502.3,15214.3,13254,6,1200,47919,43884,4793,194580,91,2358,1820,16,3767,646,0.00239521
4,44584.3,27502.3,15214.3,13254,10,1200,47919,43884,4793,194580,91,2358,1820,16,3767,646,0.00239521
4,40116.7,33948.8,36760.4,32309,20,1235,53016,49404,5752,242372,166,5399,4335,119,11845,984,0.00239521
4,43178.6,33948.8,36760.4,32309,4,1235,53016,49404,5752,242372,166,5399,4335,119,11845,984,0.00239521
4,53351.5,33948.8,36760.4,32309,40,1235,53016,49404,5752,242372,166,5399,4335,119,11845,984,0.00239521
4,53832.3,33948.8,36760.4,32309,27,1235,53016,49404,5752,242372,166,5399,4335,119,11845,984,0.00239521
4,32682,17058,31218.8,27203,3,753,31589,29021,3132,131159,131,4265,3310,64,10052,430,0.00239521
4,39702,17058,31218.8,27203,8,753,31589,29021,3132,131159,131,4265,3310,64,10052,430,0.00239521
4,40057.6,17058,31218.8,27203,36,753,31589,29021,3132,131159,131,4265,3310,64,10052,430,0.00239521
4,40609.8,17058,31218.8,27203,20,753,31589,29021,3132,131159,131,4265,3310,64,10052,430,0.00239521
4,54506.2,57170.6,68409.6,57994,31,1912,91980,87313,10094,475755,354,11452,9313,211,26202,2129,0.00239521
4,60803,57170.6,68409.6,57994,8,1912,91980,87313,10094,475755,354,11452,9313,211,26202,2129,0.00239521
4,64378.7,57170.6,68409.6,57994,38,1912,91980,87313,10094,475755,354,11452,9313,211,26202,2129,0.00239521
4,82008.7,57170.6,68409.6,57994,10,1912,91980,87313,10094,475755,354,11452,9313,211,26202,2129,0.00239521
4,48211.2,36485.9,71577.1,62312,36,1429,63916,59683,6626,299203,275,10753,8954,251,25872,2260,0.00239521
4,55650.5,36485.9,71577.1,62312,30,1429,63916,59683,6626,299203,275,10753,8954,251,25872,2260,0.00239521
4,63827.5,36485.9,71577.1,62312,37,1429,63916,59683,6626,299203,275,10753,8954,251,25872,2260,0.00239521
4,66256.6,36485.9,71577.1,62312,35,1429,63916,59683,6626,299203,275,10753,8954,251,25872,2260,0.00239521
4,33153.2,28207,25929.6,22792,23,1034,43181,40231,4443,191128,125,4020,3168,75,7984,725,0.00239521
4,34821.9,28207,25929.6,22792,7,1034,43181,40231,4443,191128,125,4020,3168,75,7984,725,0.00239521
4,43934.4,28207,25929.6,22792,34,1034,43181,40231,4443,191128,125,4020,3168,75,7984,725,0.00239521
4,44251.9,28207,25929.6,22792,24,1034,43181,40231,4443,191128,125,4020,3168,75,7984,725,0.00239521
4,40806.1,18682.2,53112.3,44994,6,856,36115,33307,3695,155031,257,9016,7329,215,22560,1099,0.00239521
4,43421.7,18682.2,53112.3,44994,18,856,36115,33307,3695,155031,257,9016,7329,215,22560,1099,0.00239521
4,46337.3,18682.2,53112.3,44994,40,856,36115,33307,3695,155031,257,9016,7329,215,22560,1099,0.00239521
4,48874.7,18682.2,53112.3,44994,21,856,36115,33307,3695,155031,257,9016,7329,215,22560,1099,0.00239521
4,9710.17,19617.6,13127.2,10686,5,880,37889,34831,3710,152914,104,2614,2021,66,5903,263,0.00239521
4,14833,19617.6,13127.2,10686,8,880,37889,34831,3710,152914,104,2614,2021,66,5903,263,0.00239521
4,32720.7,19617.6,13127.2,10686,20,880,37889,34831,3710,152914,104,2614,2021,66,5903,263,0.00239521
4,37571.9,19617.6,13127.2,10686,21,880,37889,34831,3710,152914,104,2614,2021,66,5903,263,0.00239521
4,33611.3,49130.8,42606.4,36075,22,1759,78513,74378,8270,384123,211,7256,5867,104,15361,1459,0.00239521
4,42984.1,49130.8,42606.4,36075,33,1759,78513,74378,8270,384123,211,7256,5867,104,15361,1459,0.00239521
4,48131.8,49130.8,42606.4,36075,22,1759,78513,74378,8270,384123,211,7256,5867,104,15361,1459,0.00239521
4,60579.4,49130.8,42606.4,36075,50,1759,78513,74378,8270,384123,211,7256,5867,104,15361,1459,0.00239521
4,27143.7,13276.3,16530.2,14381,4,681,26702,24184,2542,100306,93,2736,2146,28,5028,549,0.00239521
4,30511.8,13276.3,16530.2,14381,24,681,26702,24184,2542,100306,93,2736,2146,28,5028,549,0.00239521
4,31958,13276.3,16530.2,14381,22,681,26702,24184,2542,100306,93,2736,2146,28,5028,549,0.00239521
4,34548.7,13276.3,16530.2,14381,7,681,26702,24184,2542,100306,93,2736,2146,28,5028,549,0.00239521
4,10246.9,13299.8,11582.8,9587,11,686,27314,25079,2648,108276,76,2271,1806,45,5195,326,0.00239521
4,14604.7,13299.8,11582.8,9587,12,686,27314,25079,2648,108276,76,2271,1806,45,5195,326,0.00239521
4,23423.2,13299.8,11582.8,9587,18,686,27314,25079,2648,108276,76,2271,1806,45,5195,326,0.00239521
4,34881.2,13299.8,11582.8,9587,27,686,27314,25079,2648,108276,76,2271,1806,45,5195,326,0.00239521
4,15484,19538.9,12755.7,10527,8,989,38757,34842,3622,147193,85,2472,1816,32,4818,305,0.00239521
4,16225.6,19538.9,12755.7,10527,16,989,38757,34842,3622,147193,85,2472,1816,32,4818,305,0.00239521
4,20446.2,19538.9,12755.7,10527,4,989,38757,34842,3622,147193,85,2472,1816,32,4818,305,0.00239521
4,36011.3,19538.9,12755.7,10527,25,989,38757,34842,3622,147193,85,2472,1816,32,4818,305,0.00239521
4,38414.6,33554.5,48536.1,42183,29,1445,60208,56195,6170,272449,191,7005,5779,120,14788,1760,0.00239521
4,42903.5,33554.5,48536.1,42183,27,1445,60208,56195,6170,272449,191,7005,5779,120,14788,1760,0.00239521
4,53753.1,33554.5,48536.1,42183,31,1445,60208,56195,6170,272449,191,7005,5779,120,14788,1760,0.00239521
4,56173.6,33554.5,48536.1,42183,12,1445,60208,56195,6170,272449,191,7005,5779,120,14788,1760,0.00239521
4,8697.99,14159.8,12068.4,10004,7,708,27850,25585,2735,111876,82,2357,1871,45,5406,325,0.00239521
4,13026.7,14159.8,12068.4,10004,10,708,27850,25585,2735,111876,82,2357,1871,45,5406,325,0.00239521
4,24411.9,14159.8,12068.4,10004,22,708,27850,25585,2735,111876,82,2357,1871,45,5406,325,0.00239521
4,35869.9,14159.8,12068.4,10004,31,708,27850,25585,2735,111876,82,2357,1871,45,5406,325,0.00239521
4,12496.9,22508.2,28116.3,24067,11,950,43057,39861,4550,188884,160,4821,3763,120,12815,336,0.00239521
4,30128.7,22508.2,28116.3,24067,3,950,43057,39861,4550,188884,160,4821,3763,120,12815,336,0.00239521
4,52575.4,22508.2,28116.3,24067,38,950,43057,39861,4550,188884,160,4821,3763,120,12815,336,0.00239521
4,52966.8,22508.2,28116.3,24067,39,950,43057,39861,4550,188884,160,4821,3763,120,12815,336,0.00239521
4,33223.6,48987.8,30929.5,26649,23,1846,81322,76393,8420,389171,161,4785,3868,60,10008,994,0.00239521
4,39031,48987.8,30929.5,26649,8,1846,81322,76393,8420,389171,161,4785,3868,60,10008,994,0.00239521
4,43541,48987.8,30929.5,26649,31,1846,81322,76393,8420,389171,161,4785,3868,60,10008,994,0.00239521
4,61255.6,48987.8,30929.5,26649,17,1846,81322,76393,8420,389171,161,4785,3868,60,10008,994,0.00239521
4,63320.8,44064.8,121260,104612,53,1556,73153,68285,7868,358067,441,17274,14631,559,44572,3652,0.00239521
4,67413.8,44064.8,121260,104612,50,1556,73153,68285,7868,358067,441,17274,14631,559,44572,3652,0.00239521
4,77876.7,44064.8,121260,104612,60,1556,73153,68285,7868,358067,441,17274,14631,559,44572,3652,0.00239521
4,79342.9,44064.8,121260,104612,42,1556,73153,68285,7868,358067,441,17274,14631,559,44572,3652,0.00239521
4,47691.6,19604.8,38854.3,33786,7,866,38503,35673,4094,169784,219,6335,5072,134,16137,513,0.00239521
4,50041.8,19604.8,38854.3,33786,4,866,38503,35673,4094,169784,219,6335,5072,134,16137,513,0.00239521
4,55528.7,19604.8,38854.3,33786,46,866,38503,35673,4094,169784,219,6335,5072,134,16137,513,0.00239521
4,55712.3,19604.8,38854.3,33786,43,866,38503,35673,4094,169784,219,6335,5072,134,16137,513,0.00239521
4,9095.33,12221.7,9293.86,8001,11,670,25898,22837,2403,91989,58,1635,1268,22,2947,352,0.00239521
4,20299,12221.7,9293.86,8001,17,670,25898,22837,2403,91989,58,1635,1268,22,2947,352,0.00239521
4,27093.7,12221.7,9293.86,8001,13,670,25898,22837,2403,91989,58,1635,1268,22,2947,352,0.00239521
4,30258.1,12221.7,9293.86,8001,18,670,25898,22837,2403,91989,58,1635,1268,22,2947,352,0.00239521
4,27106.2,10786.6,15363.8,13568,21,604,22739,20487,1965,82953,70,2336,1796,22,4620,325,0.00239521
4,27310.4,10786.6,15363.8,13568,18,604,22739,20487,1965,82953,70,2336,1796,22,4620,325,0.00239521
4,29696.9,10786.6,15363.8,13568,6,604,22739,20487,1965,82953,70,2336,1796,22,4620,325,0.00239521
4,30037.1,10786.6,15363.8,13568,14,604,22739,20487,1965,82953,70,2336,1796,22,4620,325,0.00239521
4,36985.7,35808,40884.6,35598,29,1427,59250,55317,6110,266730,171,6316,5164,110,12865,1590,0.00239521
4,42163.5,35808,40884.6,35598,26,1427,59250,55317,6110,266730,171,6316,5164,110,12865,1590,0.00239521
4,52822.6,35808,40884.6,35598,29,1427,59250,55317,6110,266730,171,6316,5164,110,12865,1590,0.00239521
4,54749.1,35808,40884.6,35598,12,1427,59250,55317,6110,266730,171,6316,5164,110,12865,1590,0.00239521
4,14035.5,26737.6,29344.8,24331,14,1123,50194,46937,5151,223035,185,5512,4565,187,13673,763,0.00239521
4,19635.7,26737.6,29344.8,24331,15,1123,50194,46937,5151,223035,185,5512,4565,187,13673,763,0.00239521
4,48165.7,26737.6,29344.8,24331,34,1123,50194,46937,5151,223035,185,5512,4565,187,13673,763,0.00239521
4,54463.2,26737.6,29344.8,24331,29,1123,50194,46937,5151,223035,185,5512,4565,187,13673,763,0.00239521
4,23638.6,30720.2,39641.8,33409,18,1238,56969,53245,6001,260277,225,7163,5988,214,17484,1276,0.00239521
4,28075.3,30720.2,39641.8,33409,20,1238,56969,53245,6001,260277,225,7163,5988,214,17484,1276,0.00239521
4,56797.1,30720.2,39641.8,33409,44,1238,56969,53245,6001,260277,225,7163,5988,214,17484,1276,0.00239521
4,63254.8,30720.2,39641.8,33409,36,1238,56969,53245,6001,260277,225,7163,5988,214,17484,1276,0.00239521
4,14830.4,27551,30872.3,25683,15,1147,51332,47989,5381,229003,195,5771,4789,201,14307,826,0.00239521
4,20939.5,27551,30872.3,25683,16,1147,51332,47989,5381,229003,195,5771,4789,201,14307,826,0.00239521
4,49469.6,27551,30872.3,25683,35,1147,51332,47989,5381,229003,195,5771,4789,201,14307,826,0.00239521
4,55767,27551,30872.3,25683,30,1147,51332,47989,5381,229003,195,5771,4789,201,14307,826,0.00239521
4,39154.3,16889,34166.1,29943,14,803,33358,30933,3476,144759,182,4937,3916,92,10897,772,0.00239521
4,40763,16889,34166.1,29943,5,803,33358,30933,3476,144759,182,4937,3916,92,10897,772,0.00239521
4,45175.2,16889,34166.1,29943,31,803,33358,30933,3476,144759,182,4937,3916,92,10897,772,0.00239521
4,45403.5,16889,34166.1,29943,30,803,33358,30933,3476,144759,182,4937,3916,92,10897,772,0.00239521
4,9439.06,14220.9,7745.71,6623,15,721,27900,24718,2607,99355,56,1422,1090,4,2322,344,0.00239521
4,20462.6,14220.9,7745.71,6623,14,721,27900,24718,2607,99355,56,1422,1090,4,2322,344,0.00239521
4,27506.5,14220.9,7745.71,6623,7,721,27900,24718,2607,99355,56,1422,1090,4,2322,344,0.00239521
4,31367.6,14220.9,7745.71,6623,17,721,27900,24718,2607,99355,56,1422,1090,4,2322,344,0.00239521
4,29903.6,35886,41630.7,34843,6,1297,61312,57284,6443,287065,217,7367,6126,181,18414,1289,0.00239521
4,31629.9,35886,41630.7,34843,28,1297,61312,57284,6443,287065,217,7367,6126,181,18414,1289,0.00239521
4,57666,35886,41630.7,34843,30,1297,61312,57284,6443,287065,217,7367,6126,181,18414,1289,0.00239521
4,64711.2,35886,41630.7,34843,23,1297,61312,57284,6443,287065,217,7367,6126,181,18414,1289,0.00239521
4,67041.5,47917.7,129306,111262,35,1724,80984,75716,8650,403445,458,17162,14599,478,44476,3704,0.00239521
4,67860.3,47917.7,129306,111262,51,1724,80984,75716,8650,403445,458,17162,14599,478,44476,3704,0.00239521
4,78248.2,47917.7,129306,111262,61,1724,80984,75716,8650,403445,458,17162,14599,478,44476,3704,0.00239521
4,84402.2,47917.7,129306,111262,29,1724,80984,75716,8650,403445,458,17162,14599,478,44476,3704,0.00239521
4,37107.2,20754.2,35188.2,30975,27,929,38446,35749,4033,169036,148,4888,3919,82,9880,983,0.00239521
4,38326,20754.2,35188.2,30975,15,929,38446,35749,4033,169036,148,4888,3919,82,9880,983,0.00239521
4,42891.6,20754.2,35188.2,30975,38,929,38446,35749,4033,169036,148,4888,3919,82,9880,983,0.00239521
4,43674.8,20754.2,35188.2,30975,28,929,38446,35749,4033,169036,148,4888,3919,82,9880,983,0.00239521
4,36726.8,19244.1,35875.4,30536,18,815,35829,33296,3701,154512,164,5989,4934,104,14258,1185,0.00239521
4,40687.2,19244.1,35875.4,30536,20,815,35829,33296,3701,154512,164,5989,4934,104,14258,1185,0.00239521
4,41900.7,19244.1,35875.4,30536,24,815,35829,33296,3701,154512,164,5989,4934,104,14258,1185,0.00239521
4,52019.3,19244.1,35875.4,30536,37,815,35829,33296,3701,154512,164,5989,4934,104,14258,1185,0.00239521
4,12019.9,21495.5,14309.2,11859,9,876,38867,35918,3890,161056,103,2808,2128,62,5599,395,0.00239521
4,14232.1,21495.5,14309.2,11859,6,876,38867,35918,3890,161056,103,2808,2128,62,5599,395,0.00239521
4,36805.8,21495.5,14309.2,11859,23,876,38867,35918,3890,161056,103,2808,2128,62,5599,395,0.00239521
4,40082,21495.5,14309.2,11859,27,876,38867,35918,3890,161056,103,2808,2128,62,5599,395,0.00239521
4,47271.2,22955,46922.2,40902,33,997,41121,38162,4312,183236,220,7099,5780,160,15254,1444,0.00239521
4,48427.3,22955,46922.2,40902,19,997,41121,38162,4312,183236,220,7099,5780,160,15254,1444,0.00239521
4,49815.3,22955,46922.2,40902,28,997,41121,38162,4312,183236,220,7099,5780,160,15254,1444,0.00239521
4,51403.3,22955,46922.2,40902,20,997,41121,38162,4312,183236,220,7099,5780,160,15254,1444,0.00239521
4,1789.45,17528.7,12210,10111,4,844,34305,30864,3291,129521,78,2360,1850,47,5380,345,0.00239521
4,24313.2,17528.7,12210,10111,13,844,34305,30864,3291,129521,78,2360,1850,47,5380,345,0.00239521
4,27668.9,17528.7,12210,10111,22,844,34305,30864,3291,129521,78,2360,1850,47,5380,345,0.00239521
4,34127,17528.7,12210,10111,15,844,34305,30864,3291,129521,78,2360,1850,47,5380,345,0.00239521
4,34023.7,51816.8,45716.8,38775,17,1815,81559,77291,8646,401723,215,7409,6017,128,16253,1458,0.00239521
4,43896.2,51816.8,45716.8,38775,24,1815,81559,77291,8646,401723,215,7409,6017,128,16253,1458,0.00239521
4,46365.3,51816.8,45716.8,38775,18,1815,81559,77291,8646,401723,215,7409,6017,128,16253,1458,0.00239521
4,62206.8,51816.8,45716.8,38775,49,1815,81559,77291,8646,401723,215,7409,6017,128,16253,1458,0.00239521
4,24059.8,24198.8,17958.7,15650,13,1156,45317,41737,4456,192296,103,2969,2317,41,5834,502,0.00239521
4,26749.3,24198.8,17958.7,15650,3,1156,45317,41737,4456,192296,103,2969,2317,41,5834,502,0.00239521
4,40056.8,24198.8,17958.7,15650,32,1156,45317,41737,4456,192296,103,2969,2317,41,5834,502,0.00239521
4,40602.9,24198.8,17958.7,15650,35,1156,45317,41737,4456,192296,103,2969,2317,41,5834,502,0.00239521
4,24463.6,33296.4,59564.7,49170,7,1253,60501,56544,6330,284601,286,10503,8945,381,29402,1469,0.00239521
4,37426.4,33296.4,59564.7,49170,33,1253,60501,56544,6330,284601,286,10503,8945,381,29402,1469,0.00239521
4,66148.2,33296.4,59564.7,49170,57,1253,60501,56544,6330,284601,286,10503,8945,381,29402,1469,0.00239521
4,72277.9,33296.4,59564.7,49170,38,1253,60501,56544,6330,284601,286,10503,8945,381,29402,1469,0.00239521
4,13269.3,28831.3,42134.1,34724,10,1138,52505,48887,5801,242801,236,7643,6361,270,19911,1098,0.00239521
4,33266.6,28831.3,42134.1,34724,31,1138,52505,48887,5801,242801,236,7643,6361,270,19911,1098,0.00239521
4,59183.9,28831.3,42134.1,34724,46,1138,52505,48887,5801,242801,236,7643,6361,270,19911,1098,0.00239521
4,64394.2,28831.3,42134.1,34724,47,1138,52505,48887,5801,242801,236,7643,6361,270,19911,1098,0.00239521
4,18048.2,20611.4,28554.4,24498,13,890,39726,36508,4154,168017,138,4961,4021,121,11538,708,0.00239521
4,30477.5,20611.4,28554.4,24498,10,890,39726,36508,4154,168017,138,4961,4021,121,11538,708,0.00239521
4,45540.1,20611.4,28554.4,24498,37,890,39726,36508,4154,168017,138,4961,4021,121,11538,708,0.00239521
4,46693.6,20611.4,28554.4,24498,24,890,39726,36508,4154,168017,138,4961,4021,121,11538,708,0.00239521
4,12334.4,26984,30238.7,25527,14,1090,49133,45873,5108,218622,171,4983,4059,139,12095,723,0.00239521
4,17641.3,26984,30238.7,25527,19,1090,49133,45873,5108,218622,171,4983,4059,139,12095,723,0.00239521
4,45763.6,26984,30238.7,25527,33,1090,49133,45873,5108,218622,171,4983,4059,139,12095,723,0.00239521
4,51606.9,26984,30238.7,25527,26,1090,49133,45873,5108,218622,171,4983,4059,139,12095,723,0.00239521
4,4313.53,6263.16,4149.22,3654,3,403,13827,11972,1055,44976,33,680,507,4,1011,181,0.00239521
4,15761.5,6263.16,4149.22,3654,14,403,13827,11972,1055,44976,33,680,507,4,1011,181,0.00239521
4,19526.4,6263.16,4149.22,3654,4,403,13827,11972,1055,44976,33,680,507,4,1011,181,0.00239521
4,22860,6263.16,4149.22,3654,3,403,13827,11972,1055,44976,33,680,507,4,1011,181,0.00239521
4,63644,52246.2,98773.8,85846,52,1742,80968,75826,8744,400865,378,13731,11521,363,33253,3053,0.00239521
4,64003.7,52246.2,98773.8,85846,33,1742,80968,75826,8744,400865,378,13731,11521,363,33253,3053,0.00239521
4,73961.4,52246.2,98773.8,85846,60,1742,80968,75826,8744,400865,378,13731,11521,363,33253,3053,0.00239521
4,81522.9,52246.2,98773.8,85846,23,1742,80968,75826,8744,400865,378,13731,11521,363,33253,3053,0.00239521
4,5434.38,14378.9,6724.75,5782,4,831,29559,26128,2628,106890,41,1266,980,5,2314,252,0.00239521
4,8918.93,14378.9,6724.75,5782,10,831,29559,26128,2628,106890,41,1266,980,5,2314,252,0.00239521
4,30162.1,14378.9,6724.75,5782,19,831,29559,26128,2628,106890,41,1266,980,5,2314,252,0.00239521
4,32301,14378.9,6724.75,5782,21,831,29559,26128,2628,106890,41,1266,980,5,2314,252,0.00239521
4,3881.65,23702,27781.3,23488,5,979,45053,41879,4869,199295,170,5037,4011,116,11664,717,0.00239521
4,25877.2,23702,27781.3,23488,13,979,45053,41879,4869,199295,170,5037,4011,116,11664,717,0.00239521
4,50512,23702,27781.3,23488,34,979,45053,41879,4869,199295,170,5037,4011,116,11664,717,0.00239521
4,52566.5,23702,27781.3,23488,39,979,45053,41879,4869,199295,170,5037,4011,116,11664,717,0.00239521
4,23713.7,45010.7,27819.6,23540,13,1783,76273,71337,7755,350744,145,4742,3801,60,9666,952,0.00239521
4,33586.3,45010.7,27819.6,23540,20,1783,76273,71337,7755,350744,145,4742,3801,60,9666,952,0.00239521
4,38007.3,45010.7,27819.6,23540,32,1783,76273,71337,7755,350744,145,4742,3801,60,9666,952,0.00239521
4,53440.5,45010.7,27819.6,23540,37,1783,76273,71337,7755,350744,145,4742,3801,60,9666,952,0.00239521
4,39025.7,17994.5,47164.5,40331,4,812,34507,31724,3479,144664,234,7573,5959,143,19437,446,0.00239521
4,40157.6,17994.5,47164.5,40331,16,812,34507,31724,3479,144664,234,7573,5959,143,19437,446,0.00239521
4,46052.2,17994.5,47164.5,40331,35,812,34507,31724,3479,144664,234,7573,5959,143,19437,446,0.00239521
4,46055.4,17994.5,47164.5,40331,46,812,34507,31724,3479,144664,234,7573,5959,143,19437,446,0.00239521
4,20508.4,29510,11557.4,9717,7,1370,54379,49610,5345,215158,94,2242,1781,17,4159,442,0.00239521
4,22217,29510,11557.4,9717,11,1370,54379,49610,5345,215158,94,2242,1781,17,4159,442,0.00239521
4,32451.9,29510,11557.4,9717,18,1370,54379,49610,5345,215158,94,2242,1781,17,4159,442,0.00239521
4,42766.5,29510,11557.4,9717,13,1370,54379,49610,5345,215158,94,2242,1781,17,4159,442,0.00239521
4,25908,38859.2,23468.9,19981,25,1599,67402,62791,6938,298104,154,4084,3314,57,8690,779,0.00239521
4,27364.3,38859.2,23468.9,19981,7,1599,67402,62791,6938,298104,154,4084,3314,57,8690,779,0.00239521
4,37035.5,38859.2,23468.9,19981,23,1599,67402,62791,6938,298104,154,4084,3314,57,8690,779,0.00239521
4,49622.4,38859.2,23468.9,19981,13,1599,67402,62791,6938,298104,154,4084,3314,57,8690,779,0.00239521
4,8719.37,4053.16,4741.6,4042,4,325,10128,8673,715,31044,44,892,649,6,1744,111,0.00239521
4,15328.5,4053.16,4741.6,4042,5,325,10128,8673,715,31044,44,892,649,6,1744,111,0.00239521
4,19265.2,4053.16,4741.6,4042,4,325,10128,8673,715,31044,44,892,649,6,1744,111,0.00239521
4,20168.4,4053.16,4741.6,4042,15,325,10128,8673,715,31044,44,892,649,6,1744,111,0.00239521
4,16759.4,13585.1,15322.1,13294,8,726,28068,25544,2668,112555,82,2255,1761,25,4418,429,0.00239521
4,20402.4,13585.1,15322.1,13294,15,726,28068,25544,2668,112555,82,2255,1761,25,4418,429,0.00239521
4,33974.4,13585.1,15322.1,13294,25,726,28068,25544,2668,112555,82,2255,1761,25,4418,429,0.00239521
4,40270.2,13585.1,15322.1,13294,15,726,28068,25544,2668,112555,82,2255,1761,25,4418,429,0.00239521
4,37628.9,17722.8,44284.7,37829,3,800,33723,31031,3370,141456,216,7144,5702,106,17269,746,0.00239521
4,41133,17722.8,44284.7,37829,19,800,33723,31031,3370,141456,216,7144,5702,106,17269,746,0.00239521
4,44662.8,17722.8,44284.7,37829,44,800,33723,31031,3370,141456,216,7144,5702,106,17269,746,0.00239521
4,45283.8,17722.8,44284.7,37829,20,800,33723,31031,3370,141456,216,7144,5702,106,17269,746,0.00239521
4,20674.5,8480.16,12069.8,10694,12,516,18583,16364,1617,64029,63,1885,1447,19,3302,354,0.00239521
4,22377.4,8480.16,12069.8,10694,17,516,18583,16364,1617,64029,63,1885,1447,19,3302,354,0.00239521
4,25741.7,8480.16,12069.8,10694,17,516,18583,16364,1617,64029,63,1885,1447,19,3302,354,0.00239521
4,26046.4,8480.16,12069.8,10694,22,516,18583,16364,1617,64029,63,1885,1447,19,3302,354,0.00239521
4,14666.6,17738.9,15647.9,13517,11,793,34033,31002,3441,131796,107,2775,2110,55,5724,345,0.00239521
4,16732.5,17738.9,15647.9,13517,6,793,34033,31002,3441,131796,107,2775,2110,55,5724,345,0.00239521
4,36405.4,17738.9,15647.9,13517,26,793,34033,31002,3441,131796,107,2775,2110,55,5724,345,0.00239521
4,36940.4,17738.9,15647.9,13517,29,793,34033,31002,3441,131796,107,2775,2110,55,5724,345,0.00239521
4,36341.7,36461.2,42909,36801,33,1454,63495,59473,6695,302299,190,6875,5623,108,14521,1582,0.00239521
4,48835.6,36461.2,42909,36801,36,1454,63495,59473,6695,302299,190,6875,5623,108,14521,1582,0.00239521
4,52761.8,36461.2,42909,36801,10,1454,63495,59473,6695,302299,190,6875,5623,108,14521,1582,0.00239521
4,62853.7,36461.2,42909,36801,19,1454,63495,59473,6695,302299,190,6875,5623,108,14521,1582,0.00239521
4,8690.73,22089.2,21602.1,18806,6,917,40951,37931,4373,176885,126,3797,2919,74,9036,274,0.00239521
4,24025,22089.2,21602.1,18806,4,917,40951,37931,4373,176885,126,3797,2919,74,9036,274,0.00239521
4,47309.4,22089.2,21602.1,18806,29,917,40951,37931,4373,176885,126,3797,2919,74,9036,274,0.00239521
4,47540.1,22089.2,21602.1,18806,37,917,40951,37931,4373,176885,126,3797,2919,74,9036,274,0.00239521
4,12311.7,26024.3,20541.7,17016,11,1083,47275,44107,4830,208807,132,3895,3167,113,9183,539,0.00239521
4,16627.3,26024.3,20541.7,17016,10,1083,47275,44107,4830,208807,132,3895,3167,113,9183,539,0.00239521
4,41033.4,26024.3,20541.7,17016,35,1083,47275,44107,4830,208807,132,3895,3167,113,9183,539,0.00239521
4,47491.1,26024.3,20541.7,17016,27,1083,47275,44107,4830,208807,132,3895,3167,113,9183,539,0.00239521
4,49319.3,56698.1,70114.9,59629,24,1800,85941,81579,9338,437406,317,10534,8559,198,24772,1882,0.00239521
4,58924.8,56698.1,70114.9,59629,39,1800,85941,81579,9338,437406,317,10534,8559,198,24772,1882,0.00239521
4,59136.7,56698.1,70114.9,59629,11,1800,85941,81579,9338,437406,317,10534,8559,198,24772,1882,0.00239521
4,75538.2,56698.1,70114.9,59629,53,1800,85941,81579,9338,437406,317,10534,8559,198,24772,1882,0.00239521
4,37849,19849.7,39012.2,33303,12,848,37244,34610,3880,161978,177,6515,5388,121,16093,1207,0.00239521
4,41759,19849.7,39012.2,33303,18,848,37244,34610,3880,161978,177,6515,5388,121,16093,1207,0.00239521
4,44980.5,19849.7,39012.2,33303,26,848,37244,34610,3880,161978,177,6515,5388,121,16093,1207,0.00239521
4,55140.7,19849.7,39012.2,33303,40,848,37244,34610,3880,161978,177,6515,5388,121,16093,1207,0.00239521
4,27484,31991.6,28233.5,24371,27,1347,54724,50793,5685,239814,149,4616,3696,60,8863,1110,0.00239521
4,39195.5,31991.6,28233.5,24371,15,1347,54724,50793,5685,239814,149,4616,3696,60,8863,1110,0.00239521
4,43947.9,31991.6,28233.5,24371,15,1347,54724,50793,5685,239814,149,4616,3696,60,8863,1110,0.00239521
4,49430.4,31991.6,28233.5,24371,22,1347,54724,50793,5685,239814,149,4616,3696,60,8863,1110,0.00239521
4,7117.12,8215.12,4674.07,3909,6,518,18320,16444,1517,63893,40,951,688,2,1814,144,0.00239521
4,9110.82,8215.12,4674.07,3909,8,518,18320,16444,1517,63893,40,951,688,2,1814,144,0.00239521
4,18613.3,8215.12,4674.07,3909,7,518,18320,16444,1517,63893,40,951,688,2,1814,144,0.00239521
4,28102.1,8215.12,4674.07,3909,13,518,18320,16444,1517,63893,40,951,688,2,1814,144,0.00239521
4,12387.5,21094,14691.9,12314,5,804,33162,30084,3191,127164,97,2731,2100,52,5498,399,0.00239521
4,16875.2,21094,14691.9,12314,10,804,33162,30084,3191,127164,97,2731,2100,52,5498,399,0.00239521
4,32333.3,21094,14691.9,12314,21,804,33162,30084,3191,127164,97,2731,2100,52,5498,399,0.00239521
4,35273.9,21094,14691.9,12314,28,804,33162,30084,3191,127164,97,2731,2100,52,5498,399,0.00239521
4,22263.3,33688,18378.8,15518,3,1433,59205,54693,5869,256939,124,3341,2556,44,6095,548,0.00239521
4,30522.5,33688,18378.8,15518,17,1433,59205,54693,5869,256939,124,3341,2556,44,6095,548,0.00239521
4,44313.5,33688,18378.8,15518,33,1433,59205,54693,5869,256939,124,3341,2556,44,6095,548,0.00239521
4,46618.7,33688,18378.8,15518,40,1433,59205,54693,5869,256939,124,3341,2556,44,6095,548,0.00239521
4,9802.17,15984.7,17884,14890,8,753,31447,28970,3149,130519,117,3409,2786,91,8690,421,0.00239521
4,10547,15984.7,17884,14890,3,753,31447,28970,3149,130519,117,3409,2786,91,8690,421,0.00239521
4,31858.5,15984.7,17884,14890,21,753,31447,28970,3149,130519,117,3409,2786,91,8690,421,0.00239521
4,43025.2,15984.7,17884,14890,31,753,31447,28970,3149,130519,117,3409,2786,91,8690,421,0.00239521
4,13160.6,16000.9,6377.39,5364,14,824,32546,28983,2915,118789,46,1202,896,3,2101,231,0.00239521
4,13250.4,16000.9,6377.39,5364,3,824,32546,28983,2915,118789,46,1202,896,3,2101,231,0.00239521
4,23522.4,16000.9,6377.39,5364,4,824,32546,28983,2915,118789,46,1202,896,3,2101,231,0.00239521
4,33355.7,16000.9,6377.39,5364,8,824,32546,28983,2915,118789,46,1202,896,3,2101,231,0.00239521
4,13553.9,13861.8,9375.27,7989,11,755,29540,26334,2741,106159,62,1713,1311,11,3070,344,0.00239521
4,15442.9,13861.8,9375.27,7989,13,755,29540,26334,2741,106159,62,1713,1311,11,3070,344,0.00239521
4,22237.6,13861.8,9375.27,7989,9,755,29540,26334,2741,106159,62,1713,1311,11,3070,344,0.00239521
4,32110.6,13861.8,9375.27,7989,16,755,29540,26334,2741,106159,62,1713,1311,11,3070,344,0.00239521
4,22501.9,32557.3,55516.3,46309,5,1225,58341,54402,6161,273581,285,9530,8075,339,25419,1462,0.00239521
4,37330.6,32557.3,55516.3,46309,26,1225,58341,54402,6161,273581,285,9530,8075,339,25419,1462,0.00239521
4,65697.9,32557.3,55516.3,46309,47,1225,58341,54402,6161,273581,285,9530,8075,339,25419,1462,0.00239521
4,71380.7,32557.3,55516.3,46309,43,1225,58341,54402,6161,273581,285,9530,8075,339,25419,1462,0.00239521
4,13103.9,11907,7893.42,6678,5,677,25118,22729,2377,94683,58,1475,1133,11,2781,285,0.00239521
4,16520.9,11907,7893.42,6678,7,677,25118,22729,2377,94683,58,1475,1133,11,2781,285,0.00239521
4,30066.7,11907,7893.42,6678,23,677,25118,22729,2377,94683,58,1475,1133,11,2781,285,0.00239521
4,36509.5,11907,7893.42,6678,17,677,25118,22729,2377,94683,58,1475,1133,11,2781,285,0.00239521
4,22038.6,33129.8,59690.1,50850,10,1216,57239,53374,6208,270285,257,8865,7475,312,22882,1490,0.00239521
4,39281.7,33129.8,59690.1,50850,29,1216,57239,53374,6208,270285,257,8865,7475,312,22882,1490,0.00239521
4,66223.5,33129.8,59690.1,50850,55,1216,57239,53374,6208,270285,257,8865,7475,312,22882,1490,0.00239521
4,71906.3,33129.8,59690.1,50850,51,1216,57239,53374,6208,270285,257,8865,7475,312,22882,1490,0.00239521
4,31696,44617.3,38089.6,31741,5,1569,66984,62888,6902,316593,229,6780,5387,110,15081,961,0.00239521
4,40349,44617.3,38089.6,31741,21,1569,66984,62888,6902,316593,229,6780,5387,110,15081,961,0.00239521
4,52610.2,44617.3,38089.6,31741,33,1569,66984,62888,6902,316593,229,6780,5387,110,15081,961,0.00239521
4,55116.8,44617.3,38089.6,31741,36,1569,66984,62888,6902,316593,229,6780,5387,110,15081,961,0.00239521
4,18256.8,28940.4,12603.6,10750,11,1345,54677,49600,5299,214735,80,2049,1593,12,3846,394,0.00239521
4,20217.8,28940.4,12603.6,10750,24,1345,54677,49600,5299,214735,80,2049,1593,12,3846,394,0.00239521
4,28491.7,28940.4,12603.6,10750,18,1345,54677,49600,5299,214735,80,2049,1593,12,3846,394,0.00239521
4,42358.6,28940.4,12603.6,10750,19,1345,54677,49600,5299,214735,80,2049,1593,12,3846,394,0.00239521
4,13529.2,35067.8,15781,13095,7,1454,58197,52892,5559,235849,107,2981,2309,35,6108,498,0.00239521
4,23065,35067.8,15781,13095,17,1454,58197,52892,5559,235849,107,2981,2309,35,6108,498,0.00239521
4,33846.6,35067.8,15781,13095,29,1454,58197,52892,5559,235849,107,2981,2309,35,6108,498,0.00239521
4,43476.2,35067.8,15781,13095,29,1454,58197,52892,5559,235849,107,2981,2309,35,6108,498,0.00239521
4,19661.1,24776.1,12061.8,10268,23,1180,47406,43303,4727,191646,71,2078,1613,21,3856,502,0.00239521
4,33606.6,24776.1,12061.8,10268,4,1180,47406,43303,4727,191646,71,2078,1613,21,3856,502,0.00239521
4,36160.3,24776.1,12061.8,10268,9,1180,47406,43303,4727,191646,71,2078,1613,21,3856,502,0.00239521
4,43615.5,24776.1,12061.8,10268,14,1180,47406,43303,4727,191646,71,2078,1613,21,3856,502,0.00239521
4,33893.1,20639.1,32422,27973,3,779,32347,29804,3232,135406,159,5186,4057,86,11919,576,0.00239521
4,39550.4,20639.1,32422,27973,8,779,32347,29804,3232,135406,159,5186,4057,86,11919,576,0.00239521
4,41140.1,20639.1,32422,27973,40,779,32347,29804,3232,135406,159,5186,4057,86,11919,576,0.00239521
4,41820.8,20639.1,32422,27973,20,779,32347,29804,3232,135406,159,5186,4057,86,11919,576,0.00239521
4,15442.4,19770.6,8778.46,7657,9,971,37580,34055,3621,143710,55,1452,1105,4,2107,419,0.00239521
4,28392.4,19770.6,8778.46,7657,8,971,37580,34055,3621,143710,55,1452,1105,4,2107,419,0.00239521
4,34744.2,19770.6,8778.46,7657,6,971,37580,34055,3621,143710,55,1452,1105,4,2107,419,0.00239521
4,37247.5,19770.6,8778.46,7657,12,971,37580,34055,3621,143710,55,1452,1105,4,2107,419,0.00239521
4,6731.36,3900.95,4856.48,4281,5,309,9754,8372,684,29648,32,762,566,7,1214,181,0.00239521
4,17295.2,3900.95,4856.48,4281,10,309,9754,8372,684,29648,32,762,566,7,1214,181,0.00239521
4,17581.1,3900.95,4856.48,4281,14,309,9754,8372,684,29648,32,762,566,7,1214,181,0.00239521
4,19867.3,3900.95,4856.48,4281,4,309,9754,8372,684,29648,32,762,566,7,1214,181,0.00239521
4,28732.7,32655.1,28547.7,24590,24,1382,57884,54059,6073,265113,150,4434,3518,63,9169,960,0.00239521
4,43532.2,32655.1,28547.7,24590,29,1382,57884,54059,6073,265113,150,4434,3518,63,9169,960,0.00239521
4,43671.4,32655.1,28547.7,24590,9,1382,57884,54059,6073,265113,150,4434,3518,63,9169,960,0.00239521
4,53763.3,32655.1,28547.7,24590,18,1382,57884,54059,6073,265113,150,4434,3518,63,9169,960,0.00239521
4,24535.9,32489.8,60249.3,50042,10,1224,58512,54440,6415,281457,295,10476,8860,353,28526,1728,0.00239521
4,42843.5,32489.8,60249.3,50042,36,1224,58512,54440,6415,281457,295,10476,8860,353,28526,1728,0.00239521
4,69583.5,32489.8,60249.3,50042,57,1224,58512,54440,6415,281457,295,10476,8860,353,28526,1728,0.00239521
4,75266.3,32489.8,60249.3,50042,53,1224,58512,54440,6415,281457,295,10476,8860,353,28526,1728,0.00239521
4,28192.4,30431,24757.4,21386,21,1327,53271,49392,5421,230634,132,3981,3178,44,8050,862,0.00239521
4,37271.6,30431,24757.4,21386,18,1327,53271,49392,5421,230634,132,3981,3178,44,8050,862,0.00239521
4,45748.7,30431,24757.4,21386,10,1327,53271,49392,5421,230634,132,3981,3178,44,8050,862,0.00239521
4,47861.8,30431,24757.4,21386,25,1327,53271,49392,5421,230634,132,3981,3178,44,8050,862,0.00239521
4,28174.6,11383.3,16476.2,14495,20,612,23126,20845,2015,84921,74,2472,1917,19,4543,511,0.00239521
4,28435.6,11383.3,16476.2,14495,21,612,23126,20845,2015,84921,74,2472,1917,19,4543,511,0.00239521
4,29476.9,11383.3,16476.2,14495,11,612,23126,20845,2015,84921,74,2472,1917,19,4543,511,0.00239521
4,30765.4,11383.3,16476.2,14495,5,612,23126,20845,2015,84921,74,2472,1917,19,4543,511,0.00239521
4,55020.5,23743.7,57112.2,49650,38,994,43087,39907,4537,193824,247,7872,6391,153,17958,1475,0.00239521
4,56032.3,23743.7,57112.2,49650,26,994,43087,39907,4537,193824,247,7872,6391,153,17958,1475,0.00239521
4,56174.6,23743.7,57112.2,49650,24,994,43087,39907,4537,193824,247,7872,6391,153,17958,1475,0.00239521
4,57620.3,23743.7,57112.2,49650,18,994,43087,39907,4537,193824,247,7872,6391,153,17958,1475,0.00239521
4,5837.07,4830.18,3998.7,3498,4,356,11710,10115,882,37275,32,663,491,4,990,173,0.00239521
4,17295.1,4830.18,3998.7,3498,13,356,11710,10115,882,37275,32,663,491,4,990,173,0.00239521
4,18070.2,4830.18,3998.7,3498,5,356,11710,10115,882,37275,32,663,491,4,990,173,0.00239521
4,21405.7,4830.18,3998.7,3498,4,356,11710,10115,882,37275,32,663,491,4,990,173,0.00239521
4,30918.2,19675.1,40567.2,34156,16,852,38302,35436,4191,170282,197,7047,5876,176,17031,1252,0.00239521
4,32015.6,19675.1,40567.2,34156,10,852,38302,35436,4191,170282,197,7047,5876,176,17031,1252,0.00239521
4,46877.9,19675.1,40567.2,34156,29,852,38302,35436,4191,170282,197,7047,5876,176,17031,1252,0.00239521
4,58335.9,19675.1,40567.2,34156,38,852,38302,35436,4191,170282,197,7047,5876,176,17031,1252,0.00239521
4,17212.7,9540.38,12234.5,10569,9,569,20296,18006,1775,70907,82,2094,1564,31,3773,299,0.00239521
4,24869.8,9540.38,12234.5,10569,15,569,20296,18006,1775,70907,82,2094,1564,31,3773,299,0.00239521
4,26786.8,9540.38,12234.5,10569,22,569,20296,18006,1775,70907,82,2094,1564,31,3773,299,0.00239521
4,27450.4,9540.38,12234.5,10569,17,569,20296,18006,1775,70907,82,2094,1564,31,3773,299,0.00239521
4,33761.8,14487.5,24197.9,21247,21,721,28083,25947,2626,117035,140,3427,2640,55,6952,440,0.00239521
4,34970.8,14487.5,24197.9,21247,25,721,28083,25947,2626,117035,140,3427,2640,55,6952,440,0.00239521
4,34985.9,14487.5,24197.9,21247,21,721,28083,25947,2626,117035,140,3427,2640,55,6952,440,0.00239521
4,35284.3,14487.5,24197.9,21247,14,721,28083,25947,2626,117035,140,3427,2640,55,6952,440,0.00239521
4,2459.23,24219.6,24295.6,19973,2,973,44662,41594,4714,194432,153,4690,3770,177,11218,564,0.00239521
4,20371.3,24219.6,24295.6,19973,14,973,44662,41594,4714,194432,153,4690,3770,177,11218,564,0.00239521
4,45198.6,24219.6,24295.6,19973,30,973,44662,41594,4714,194432,153,4690,3770,177,11218,564,0.00239521
4,49413.9,24219.6,24295.6,19973,36,973,44662,41594,4714,194432,153,4690,3770,177,11218,564,0.00239521
4,39686.1,21357.6,45208.5,38494,12,852,40977,38013,4330,185017,215,7863,6560,189,19256,1427,0.00239521
4,41372.7,21357.6,45208.5,38494,7,852,40977,38013,4330,185017,215,7863,6560,189,19256,1427,0.00239521
4,53049.1,21357.6,45208.5,38494,42,852,40977,38013,4330,185017,215,7863,6560,189,19256,1427,0.00239521
4,63449.3,21357.6,45208.5,38494,54,852,40977,38013,4330,185017,215,7863,6560,189,19256,1427,0.00239521
4,31521.4,33354.7,36753.2,31962,25,1384,56698,52733,5925,252474,164,5738,4685,105,12087,1339,0.00239521
4,42022.3,33354.7,36753.2,31962,18,1384,56698,52733,5925,252474,164,5738,4685,105,12087,1339,0.00239521
4,47678,33354.7,36753.2,31962,22,1384,56698,52733,5925,252474,164,5738,4685,105,12087,1339,0.00239521
4,52257.2,33354.7,36753.2,31962,25,1384,56698,52733,5925,252474,164,5738,4685,105,12087,1339,0.00239521
4,16914.2,31842.3,45938.2,39098,10,1193,54760,51128,5862,251168,241,7538,6304,260,19471,1198,0.00239521
4,29407.7,31842.3,45938.2,39098,20,1193,54760,51128,5862,251168,241,7538,6304,260,19471,1198,0.00239521
4,57679.7,31842.3,45938.2,39098,40,1193,54760,51128,5862,251168,241,7538,6304,260,19471,1198,0.00239521
4,63362.5,31842.3,45938.2,39098,36,1193,54760,51128,5862,251168,241,7538,6304,260,19471,1198,0.00239521
4,27072.3,44666,35907.9,30594,13,1677,72323,67831,7436,338513,169,5585,4453,91,11671,1016,0.00239521
4,36445.1,44666,35907.9,30594,24,1677,72323,67831,7436,338513,169,5585,4453,91,11671,1016,0.00239521
4,45829.2,44666,35907.9,30594,30,1677,72323,67831,7436,338513,169,5585,4453,91,11671,1016,0.00239521
4,53626.5,44666,35907.9,30594,44,1677,72323,67831,7436,338513,169,5585,4453,91,11671,1016,0.00239521
4,32232.5,35880.8,34399.5,29839,26,1371,55563,51708,5701,245721,172,5431,4380,77,11060,1190,0.00239521
4,41242.3,35880.8,34399.5,29839,17,1371,55563,51708,5701,245721,172,5431,4380,77,11060,1190,0.00239521
4,49309.7,35880.8,34399.5,29839,14,1371,55563,51708,5701,245721,172,5431,4380,77,11060,1190,0.00239521
4,51848.5,35880.8,34399.5,29839,22,1371,55563,51708,5701,245721,172,5431,4380,77,11060,1190,0.00239521
4,23723.2,48786.8,29828.1,25311,12,1804,77346,72430,7880,357912,151,4855,3889,65,10154,931,0.00239521
4,33595.7,48786.8,29828.1,25311,19,1804,77346,72430,7880,357912,151,4855,3889,65,10154,931,0.00239521
4,37569.7,48786.8,29828.1,25311,32,1804,77346,72430,7880,357912,151,4855,3889,65,10154,931,0.00239521
4,53803.9,48786.8,29828.1,25311,37,1804,77346,72430,7880,357912,151,4855,3889,65,10154,931,0.00239521
4,25480.7,23953.8,16432.2,14394,16,1075,42619,39288,4128,180988,86,2596,2013,28,5032,415,0.00239521
4,27831.5,23953.8,16432.2,14394,3,1075,42619,39288,4128,180988,86,2596,2013,28,5032,415,0.00239521
4,39500.3,23953.8,16432.2,14394,24,1075,42619,39288,4128,180988,86,2596,2013,28,5032,415,0.00239521
4,39805,23953.8,16432.2,14394,29,1075,42619,39288,4128,180988,86,2596,2013,28,5032,415,0.00239521
4,47605.8,18924.6,44109.8,38510,14,885,37558,34826,3892,165819,224,6805,5544,111,15512,1124,0.00239521
4,49258.2,18924.6,44109.8,38510,7,885,37558,34826,3892,165819,224,6805,5544,111,15512,1124,0.00239521
4,52302,18924.6,44109.8,38510,38,885,37558,34826,3892,165819,224,6805,5544,111,15512,1124,0.00239521
4,53159.4,18924.6,44109.8,38510,31,885,37558,34826,3892,165819,224,6805,5544,111,15512,1124,0.00239521
4,47241.3,22517.9,49437.3,42858,8,908,39396,36424,4116,175203,261,8015,6506,144,19493,1074,0.00239521
4,50476,22517.9,49437.3,42858,11,908,39396,36424,4116,175203,261,8015,6506,144,19493,1074,0.00239521
4,57883.6,22517.9,49437.3,42858,32,908,39396,36424,4116,175203,261,8015,6506,144,19493,1074,0.00239521
4,58458,22517.9,49437.3,42858,43,908,39396,36424,4116,175203,261,8015,6506,144,19493,1074,0.00239521
4,20991.2,14454,18399.3,16007,10,701,27830,25160,2695,103945,101,3128,2437,67,6387,438,0.00239521
4,22156.5,14454,18399.3,16007,11,701,27830,25160,2695,103945,101,3128,2437,67,6387,438,0.00239521
4,33512.1,14454,18399.3,16007,24,701,27830,25160,2695,103945,101,3128,2437,67,6387,438,0.00239521
4,34179.9,14454,18399.3,16007,16,701,27830,25160,2695,103945,101,3128,2437,67,6387,438,0.00239521
4,11136.6,3822.78,3494.79,3031,8,303,9029,7707,559,27809,35,612,442,0,914,139,0.00239521
4,15757.5,3822.78,3494.79,3031,10,303,9029,7707,559,27809,35,612,442,0,914,139,0.00239521
4,17848.3,3822.78,3494.79,3031,11,303,9029,7707,559,27809,35,612,442,0,914,139,0.00239521
4,19174.1,3822.78,3494.79,3031,10,303,9029,7707,559,27809,35,612,442,0,914,139,0.00239521
4,57476.9,45156.2,93534.4,80890,38,1594,74232,69451,7913,356052,345,12921,10835,302,31131,2937,0.00239521
4,58723.8,45156.2,93534.4,80890,46,1594,74232,69451,7913,356052,345,12921,10835,302,31131,2937,0.00239521
4,69186.7,45156.2,93534.4,80890,56,1594,74232,69451,7913,356052,345,12921,10835,302,31131,2937,0.00239521
4,74554.1,45156.2,93534.4,80890,26,1594,74232,69451,7913,356052,345,12921,10835,302,31131,2937,0.00239521
4,34721.8,32330,30245.2,26642,18,1162,48516,45219,5023,218291,143,4477,3545,86,9364,790,0.00239521
4,37693.2,32330,30245.2,26642,3,1162,48516,45219,5023,218291,143,4477,3545,86,9364,790,0.00239521
4,48127.8,32330,30245.2,26642,41,1162,48516,45219,5023,218291,143,4477,3545,86,9364,790,0.00239521
4,48399.6,32330,30245.2,26642,32,1162,48516,45219,5023,218291,143,4477,3545,86,9364,790,0.00239521
4,3787.13,12102.8,5551.58,4758,6,646,24735,22358,2327,92380,46,1096,805,3,2206,161,0.00239521
4,7681.73,12102.8,5551.58,4758,8,646,24735,22358,2327,92380,46,1096,805,3,2206,161,0.00239521
4,27656.3,12102.8,5551.58,4758,7,646,24735,22358,2327,92380,46,1096,805,3,2206,161,0.00239521
4,37044.6,12102.8,5551.58,4758,13,646,24735,22358,2327,92380,46,1096,805,3,2206,161,0.00239521
4,32468.8,17126.5,25506.8,21553,8,839,34395,31817,3444,151026,155,4565,3614,78,9764,790,0.00239521
4,35912.1,17126.5,25506.8,21553,10,839,34395,31817,3444,151026,155,4565,3614,78,9764,790,0.00239521
4,44137.6,17126.5,25506.8,21553,34,839,34395,31817,3444,151026,155,4565,3614,78,9764,790,0.00239521
4,48015.3,17126.5,25506.8,21553,38,839,34395,31817,3444,151026,155,4565,3614,78,9764,790,0.00239521
4,23154.1,43800.9,21536.1,18360,19,1669,71104,66185,7334,316870,133,3752,3018,36,7664,756,0.00239521
4,28139.6,43800.9,21536.1,18360,11,1669,71104,66185,7334,316870,133,3752,3018,36,7664,756,0.00239521
4,34043.5,43800.9,21536.1,18360,22,1669,71104,66185,7334,316870,133,3752,3018,36,7664,756,0.00239521
4,50397.7,43800.9,21536.1,18360,17,1669,71104,66185,7334,316870,133,3752,3018,36,7664,756,0.00239521
4,23675.2,30472.5,20376.7,17477,28,1313,52720,48513,5450,222693,114,3390,2655,42,6493,780,0.00239521
4,37632,30472.5,20376.7,17477,10,1313,52720,48513,5450,222693,114,3390,2655,42,6493,780,0.00239521
4,39399.3,30472.5,20376.7,17477,16,1313,52720,48513,5450,222693,114,3390,2655,42,6493,780,0.00239521
4,47722.5,30472.5,20376.7,17477,19,1313,52720,48513,5450,222693,114,3390,2655,42,6493,780,0.00239521
4,37748.8,33488.3,31902.2,27963,15,1293,55165,51417,5920,252346,164,4836,3820,95,11010,707,0.00239521
4,41825.3,33488.3,31902.2,27963,5,1293,55165,51417,5920,252346,164,4836,3820,95,11010,707,0.00239521
4,53164.9,33488.3,31902.2,27963,45,1293,55165,51417,5920,252346,164,4836,3820,95,11010,707,0.00239521
4,53238.5,33488.3,31902.2,27963,38,1293,55165,51417,5920,252346,164,4836,3820,95,11010,707,0.00239521
4,11257.5,14290.2,12734.2,10710,8,700,28083,25841,2723,113504,83,2427,1937,42,5712,349,0.00239521
4,15243.1,14290.2,12734.2,10710,11,700,28083,25841,2723,113504,83,2427,1937,42,5712,349,0.00239521
4,24429.5,14290.2,12734.2,10710,20,700,28083,25841,2723,113504,83,2427,1937,42,5712,349,0.00239521
4,35887.5,14290.2,12734.2,10710,29,700,28083,25841,2723,113504,83,2427,1937,42,5712,349,0.00239521
4,19487.6,39065.5,16517.6,13990,16,1560,65269,60148,6625,273765,114,2976,2354,25,5881,592,0.00239521
4,24280.6,39065.5,16517.6,13990,24,1560,65269,60148,6625,273765,114,2976,2354,25,5881,592,0.00239521
4,30666.9,39065.5,16517.6,13990,25,1560,65269,60148,6625,273765,114,2976,2354,25,5881,592,0.00239521
4,46430.3,39065.5,16517.6,13990,18,1560,65269,60148,6625,273765,114,2976,2354,25,5881,592,0.00239521
4,54744.8,25282.5,60629.7,52810,37,999,44165,40954,4656,199598,245,8152,6643,162,18561,1580,0.00239521
4,55898.9,25282.5,60629.7,52810,23,999,44165,40954,4656,199598,245,8152,6643,162,18561,1580,0.00239521
4,56488.7,25282.5,60629.7,52810,25,999,44165,40954,4656,199598,245,8152,6643,162,18561,1580,0.00239521
4,58076.7,25282.5,60629.7,52810,17,999,44165,40954,4656,199598,245,8152,6643,162,18561,1580,0.00239521
4,45570.4,19877.6,46418.6,40442,34,957,38873,36086,4091,170575,201,6490,5263,149,13989,1257,0.00239521
4,46679.6,19877.6,46418.6,40442,23,957,38873,36086,4091,170575,201,6490,5263,149,13989,1257,0.00239521
4,47687.1,19877.6,46418.6,40442,26,957,38873,36086,4091,170575,201,6490,5263,149,13989,1257,0.00239521
4,49275.1,19877.6,46418.6,40442,18,957,38873,36086,4091,170575,201,6490,5263,149,13989,1257,0.00239521
4,29816.8,16700.2,29170.5,25527,16,794,33454,30433,3314,132148,121,4498,3622,41,8802,966,0.00239521
4,36790.3,16700.2,29170.5,25527,23,794,33454,30433,3314,132148,121,4498,3622,41,8802,966,0.00239521
4,40406.2,16700.2,29170.5,25527,23,794,33454,30433,3314,132148,121,4498,3622,41,8802,966,0.00239521
4,42997,16700.2,29170.5,25527,8,794,33454,30433,3314,132148,121,4498,3622,41,8802,966,0.00239521
4,4215.25,15096.3,12336.5,10443,4,761,30171,26903,2819,109585,75,2243,1765,50,4874,309,0.00239521
4,25647.9,15096.3,12336.5,10443,20,761,30171,26903,2819,109585,75,2243,1765,50,4874,309,0.00239521
4,26088.6,15096.3,12336.5,10443,17,761,30171,26903,2819,109585,75,2243,1765,50,4874,309,0.00239521
4,32249.4,15096.3,12336.5,10443,18,761,30171,26903,2819,109585,75,2243,1765,50,4874,309,0.00239521
4,17151.4,30128.3,14833.4,12924,17,1185,48209,44363,4704,199716,93,2513,1962,12,4287,645,0.00239521
4,32738.8,30128.3,14833.4,12924,13,1185,48209,44363,4704,199716,93,2513,1962,12,4287,645,0.00239521
4,37168.1,30128.3,14833.4,12924,7,1185,48209,44363,4704,199716,93,2513,1962,12,4287,645,0.00239521
4,45166.2,30128.3,14833.4,12924,8,1185,48209,44363,4704,199716,93,2513,1962,12,4287,645,0.00239521
4,7967.34,9616.38,5466.3,4667,3,600,21338,18697,1780,73517,39,1059,801,14,1867,199,0.00239521
4,10238.4,9616.38,5466.3,4667,6,600,21338,18697,1780,73517,39,1059,801,14,1867,199,0.00239521
4,25811.2,9616.38,5466.3,4667,17,600,21338,18697,1780,73517,39,1059,801,14,1867,199,0.00239521
4,27905.1,9616.38,5466.3,4667,20,600,21338,18697,1780,73517,39,1059,801,14,1867,199,0.00239521
4,53750.3,21202.6,50114.1,43416,4,932,42092,38949,4436,190587,265,7714,6230,180,21394,476,0.00239521
4,56983.2,21202.6,50114.1,43416,7,932,42092,38949,4436,190587,265,7714,6230,180,21394,476,0.00239521
4,62720.8,21202.6,50114.1,43416,49,932,42092,38949,4436,190587,265,7714,6230,180,21394,476,0.00239521
4,62904.5,21202.6,50114.1,43416,46,932,42092,38949,4436,190587,265,7714,6230,180,21394,476,0.00239521
4,25554.3,29385.3,20791.6,18119,20,1289,51223,47216,5086,215880,109,3233,2564,26,6001,788,0.00239521
4,35212.3,29385.3,20791.6,18119,14,1289,51223,47216,5086,215880,109,3233,2564,26,6001,788,0.00239521
4,43167,29385.3,20791.6,18119,9,1289,51223,47216,5086,215880,109,3233,2564,26,6001,788,0.00239521
4,45447.2,29385.3,20791.6,18119,21,1289,51223,47216,5086,215880,109,3233,2564,26,6001,788,0.00239521
4,29968.7,25347.6,23955.3,20977,20,1103,45447,42293,4627,201411,116,3775,2972,62,7822,609,0.00239521
4,32185.3,25347.6,23955.3,20977,6,1103,45447,42293,4627,201411,116,3775,2972,62,7822,609,0.00239521
4,43209,25347.6,23955.3,20977,27,1103,45447,42293,4627,201411,116,3775,2972,62,7822,609,0.00239521
4,43513.7,25347.6,23955.3,20977,32,1103,45447,42293,4627,201411,116,3775,2972,62,7822,609,0.00239521
4,14555.1,8577.62,6645.63,5733,16,555,19242,17354,1622,69338,52,1138,859,9,1657,267,0.00239521
4,16077.5,8577.62,6645.63,5733,9,555,19242,17354,1622,69338,52,1138,859,9,1657,267,0.00239521
4,23144.3,8577.62,6645.63,5733,16,555,19242,17354,1622,69338,52,1138,859,9,1657,267,0.00239521
4,29387.7,8577.62,6645.63,5733,11,555,19242,17354,1622,69338,52,1138,859,9,1657,267,0.00239521
4,16911.6,10498.7,12604.7,10771,10,607,21996,19434,1941,77848,86,2181,1632,35,3980,346,0.00239521
4,23664.6,10498.7,12604.7,10771,21,607,21996,19434,1941,77848,86,2181,1632,35,3980,346,0.00239521
4,23888.7,10498.7,12604.7,10771,20,607,21996,19434,1941,77848,86,2181,1632,35,3980,346,0.00239521
4,28012.4,10498.7,12604.7,10771,21,607,21996,19434,1941,77848,86,2181,1632,35,3980,346,0.00239521
4,18821.3,17157,23434.9,20114,6,826,34932,31833,3599,139454,112,3971,3154,67,8731,607,0.00239521
4,26901.4,17157,23434.9,20114,12,826,34932,31833,3599,139454,112,3971,3154,67,8731,607,0.00239521
4,39790.5,17157,23434.9,20114,35,826,34932,31833,3599,139454,112,3971,3154,67,8731,607,0.00239521
4,41108.6,17157,23434.9,20114,18,826,34932,31833,3599,139454,112,3971,3154,67,8731,607,0.00239521
4,23314.3,32896.8,35441.7,29615,6,1259,56396,52614,5788,256896,193,6356,5251,154,15209,1079,0.00239521
4,27006.4,32896.8,35441.7,29615,26,1259,56396,52614,5788,256896,193,6356,5251,154,15209,1079,0.00239521
4,51219,32896.8,35441.7,29615,27,1259,56396,52614,5788,256896,193,6356,5251,154,15209,1079,0.00239521
4,58264.3,32896.8,35441.7,29615,20,1259,56396,52614,5788,256896,193,6356,5251,154,15209,1079,0.00239521
4,29482.5,12337.4,17222.7,15029,7,644,25535,23106,2360,95763,76,2572,2033,17,5013,512,0.00239521
4,31016.1,12337.4,17222.7,15029,19,644,25535,23106,2360,95763,76,2572,2033,17,5013,512,0.00239521
4,31187.5,12337.4,17222.7,15029,25,644,25535,23106,2360,95763,76,2572,2033,17,5013,512,0.00239521
4,33609.5,12337.4,17222.7,15029,4,644,25535,23106,2360,95763,76,2572,2033,17,5013,512,0.00239521
4,44178,19644,40735.6,34776,8,893,38244,35376,4054,169893,215,6726,5458,115,15243,1126,0.00239521
4,47412.7,19644,40735.6,34776,11,893,38244,35376,4054,169893,215,6726,5458,115,15243,1126,0.00239521
4,54973.1,19644,40735.6,34776,30,893,38244,35376,4054,169893,215,6726,5458,115,15243,1126,0.00239521
4,55950.3,19644,40735.6,34776,43,893,38244,35376,4054,169893,215,6726,5458,115,15243,1126,0.00239521
4,38826.4,18272.7,38168.6,32854,21,826,35935,33350,3736,155065,164,5945,4849,96,13939,1136,0.00239521
4,42786.8,18272.7,38168.6,32854,23,826,35935,33350,3736,155065,164,5945,4849,96,13939,1136,0.00239521
4,42832.1,18272.7,38168.6,32854,24,826,35935,33350,3736,155065,164,5945,4849,96,13939,1136,0.00239521
4,52390.3,18272.7,38168.6,32854,36,826,35935,33350,3736,155065,164,5945,4849,96,13939,1136,0.00239521
4,28746.7,11577,17274.6,15193,19,601,23544,21224,2108,87079,72,2594,2028,26,4915,517,0.00239521
4,29550.3,11577,17274.6,15193,21,601,23544,21224,2108,87079,72,2594,2028,26,4915,517,0.00239521
4,30319.5,11577,17274.6,15193,9,601,23544,21224,2108,87079,72,2594,2028,26,4915,517,0.00239521
4,31342,11577,17274.6,15193,4,601,23544,21224,2108,87079,72,2594,2028,26,4915,517,0.00239521
4,14018.2,16911.2,21140.4,17614,11,788,33766,31101,3448,144026,136,3948,3269,99,10321,536,0.00239521
4,14759.5,16911.2,21140.4,17614,16,788,33766,31101,3448,144026,136,3948,3269,99,10321,536,0.00239521
4,37357.6,16911.2,21140.4,17614,22,788,33766,31101,3448,144026,136,3948,3269,99,10321,536,0.00239521
4,48489.1,16911.2,21140.4,17614,33,788,33766,31101,3448,144026,136,3948,3269,99,10321,536,0.00239521
4,40912.3,24777.1,45292.1,39188,23,1097,46052,42829,4979,208312,206,6620,5367,157,14764,1207,0.00239521
4,42716.1,24777.1,45292.1,39188,14,1097,46052,42829,4979,208312,206,6620,5367,157,14764,1207,0.00239521
4,49834.4,24777.1,45292.1,39188,34,1097,46052,42829,4979,208312,206,6620,5367,157,14764,1207,0.00239521
4,50315.2,24777.1,45292.1,39188,21,1097,46052,42829,4979,208312,206,6620,5367,157,14764,1207,0.00239521
4,8993.54,14009.2,8007.72,6816,14,708,27388,24254,2595,96943,58,1450,1105,4,2400,337,0.00239521
4,20930.9,14009.2,8007.72,6816,14,708,27388,24254,2595,96943,58,1450,1105,4,2400,337,0.00239521
4,27974.8,14009.2,8007.72,6816,7,708,27388,24254,2595,96943,58,1450,1105,4,2400,337,0.00239521
4,30971.1,14009.2,8007.72,6816,16,708,27388,24254,2595,96943,58,1450,1105,4,2400,337,0.00239521
4,13850.2,23188.3,11810.5,10128,17,1062,42684,38925,4189,170216,60,1954,1547,13,3399,489,0.00239521
4,30659.9,23188.3,11810.5,10128,6,1062,42684,38925,4189,170216,60,1954,1547,13,3399,489,0.00239521
4,33648.2,23188.3,11810.5,10128,9,1062,42684,38925,4189,170216,60,1954,1547,13,3399,489,0.00239521
4,40743.5,23188.3,11810.5,10128,4,1062,42684,38925,4189,170216,60,1954,1547,13,3399,489,0.00239521
4,16353.6,16508.7,11555.2,9871,15,841,32393,28884,3018,118986,76,2034,1550,20,3784,405,0.00239521
4,16492.9,16508.7,11555.2,9871,6,841,32393,28884,3018,118986,76,2034,1550,20,3784,405,0.00239521
4,19444.7,16508.7,11555.2,9871,12,841,32393,28884,3018,118986,76,2034,1550,20,3784,405,0.00239521
4,33226.9,16508.7,11555.2,9871,21,841,32393,28884,3018,118986,76,2034,1550,20,3784,405,0.00239521
4,42913.1,46779.9,36642.2,32182,29,1684,75672,70967,7902,358295,155,5317,4365,71,9242,1691,0.00239521
4,45653.1,46779.9,36642.2,32182,10,1684,75672,70967,7902,358295,155,5317,4365,71,9242,1691,0.00239521
4,53230.5,46779.9,36642.2,32182,37,1684,75672,70967,7902,358295,155,5317,4365,71,9242,1691,0.00239521
4,65023.8,46779.9,36642.2,32182,3,1684,75672,70967,7902,358295,155,5317,4365,71,9242,1691,0.00239521
4,40408.4,19889.9,43358.9,37110,25,842,35963,33047,3710,153161,217,7090,5588,108,16551,887,0.00239521
4,41219.6,19889.9,43358.9,37110,7,842,35963,33047,3710,153161,217,7090,5588,108,16551,887,0.00239521
4,46471,19889.9,43358.9,37110,31,842,35963,33047,3710,153161,217,7090,5588,108,16551,887,0.00239521
4,47854,19889.9,43358.9,37110,16,842,35963,33047,3710,153161,217,7090,5588,108,16551,887,0.00239521
4,34305.9,55375.7,41294.2,35169,19,1737,76937,72833,8129,376181,207,7061,5730,86,14764,1507,0.00239521
4,43678.8,55375.7,41294.2,35169,30,1737,76937,72833,8129,376181,207,7061,5730,86,14764,1507,0.00239521
4,49589.8,55375.7,41294.2,35169,22,1737,76937,72833,8129,376181,207,7061,5730,86,14764,1507,0.00239521
4,60402.5,55375.7,41294.2,35169,43,1737,76937,72833,8129,376181,207,7061,5730,86,14764,1507,0.00239521
4,11990.5,10319.3,6054.75,5266,10,583,21393,19350,1869,78993,50,1088,819,3,1626,260,0.00239521
4,13578.7,10319.3,6054.75,5266,4,583,21393,19350,1869,78993,50,1088,819,3,1626,260,0.00239521
4,25782.5,10319.3,6054.75,5266,17,583,21393,19350,1869,78993,50,1088,819,3,1626,260,0.00239521
4,32328.3,10319.3,6054.75,5266,10,583,21393,19350,1869,78993,50,1088,819,3,1626,260,0.00239521
4,4596.72,24837.1,11028.6,9259,3,1168,45549,40803,4317,170286,87,2043,1596,17,4161,347,0.00239521
4,15638.5,24837.1,11028.6,9259,8,1168,45549,40803,4317,170286,87,2043,1596,17,4161,347,0.00239521
4,25792.4,24837.1,11028.6,9259,23,1168,45549,40803,4317,170286,87,2043,1596,17,4161,347,0.00239521
4,38845,24837.1,11028.6,9259,21,1168,45549,40803,4317,170286,87,2043,1596,17,4161,347,0.00239521
4,7375.6,16255.3,7314.96,6303,8,730,26953,23882,2405,94266,48,1322,1033,10,2344,266,0.00239521
4,8351.3,16255.3,7314.96,6303,5,730,26953,23882,2405,94266,48,1322,1033,10,2344,266,0.00239521
4,27073.9,16255.3,7314.96,6303,14,730,26953,23882,2405,94266,48,1322,1033,10,2344,266,0.00239521
4,30748.6,16255.3,7314.96,6303,4,730,26953,23882,2405,94266,48,1322,1033,10,2344,266,0.00239521
4,14523.5,20907.7,9032.74,7911,15,1038,41646,37955,4049,163856,53,1463,1137,7,2427,389,0.00239521
4,32127.1,20907.7,9032.74,7911,5,1038,41646,37955,4049,163856,53,1463,1137,7,2427,389,0.00239521
4,32400.8,20907.7,9032.74,7911,4,1038,41646,37955,4049,163856,53,1463,1137,7,2427,389,0.00239521
4,40126.3,20907.7,9032.74,7911,6,1038,41646,37955,4049,163856,53,1463,1137,7,2427,389,0.00239521
4,17007.3,44739,18934.3,15675,9,1664,69425,63826,6828,296463,115,3564,2800,42,7518,632,0.00239521
4,26886.5,44739,18934.3,15675,16,1664,69425,63826,6828,296463,115,3564,2800,42,7518,632,0.00239521
4,33530.9,44739,18934.3,15675,28,1664,69425,63826,6828,296463,115,3564,2800,42,7518,632,0.00239521
4,47747.2,44739,18934.3,15675,30,1664,69425,63826,6828,296463,115,3564,2800,42,7518,632,0.00239521
4,45572.3,37937.3,42621.4,36950,12,1457,65766,61679,7134,319396,214,6838,5516,179,16878,1069,0.00239521
4,51828.1,37937.3,42621.4,36950,13,1457,65766,61679,7134,319396,214,6838,5516,179,16878,1069,0.00239521
4,62815.8,37937.3,42621.4,36950,47,1457,65766,61679,7134,319396,214,6838,5516,179,16878,1069,0.00239521
4,63274.3,37937.3,42621.4,36950,40,1457,65766,61679,7134,319396,214,6838,5516,179,16878,1069,0.00239521
4,14500.1,11742.7,8071.68,6802,5,656,24713,22345,2334,92539,58,1520,1163,16,2650,299,0.00239521
4,17108.9,11742.7,8071.68,6802,5,656,24713,22345,2334,92539,58,1520,1163,16,2650,299,0.00239521
4,29184.4,11742.7,8071.68,6802,22,656,24713,22345,2334,92539,58,1520,1163,16,2650,299,0.00239521
4,35627.2,11742.7,8071.68,6802,16,656,24713,22345,2334,92539,58,1520,1163,16,2650,299,0.00239521
4,20623.1,17111,23235.2,20033,5,795,33860,30810,3488,133867,113,3994,3205,79,8762,634,0.00239521
4,27973.1,17111,23235.2,20033,13,795,33860,30810,3488,133867,113,3994,3205,79,8762,634,0.00239521
4,39279.7,17111,23235.2,20033,35,795,33860,30810,3488,133867,113,3994,3205,79,8762,634,0.00239521
4,40711.3,17111,23235.2,20033,16,795,33860,30810,3488,133867,113,3994,3205,79,8762,634,0.00239521
4,53292.6,30589.8,71069.3,62524,32,1214,53825,50054,5862,249827,256,9562,7989,204,23861,1900,0.00239521
4,55459.8,30589.8,71069.3,62524,16,1214,53825,50054,5862,249827,256,9562,7989,204,23861,1900,0.00239521
4,61473.8,30589.8,71069.3,62524,39,1214,53825,50054,5862,249827,256,9562,7989,204,23861,1900,0.00239521
4,62621,30589.8,71069.3,62524,31,1214,53825,50054,5862,249827,256,9562,7989,204,23861,1900,0.00239521
4,29889.1,38714.1,28037.4,24053,29,1405,59130,55256,6248,274832,140,4584,3689,83,9218,1029,0.00239521
4,43007.4,38714.1,28037.4,24053,38,1405,59130,55256,6248,274832,140,4584,3689,83,9218,1029,0.00239521
4,46653,38714.1,28037.4,24053,11,1405,59130,55256,6248,274832,140,4584,3689,83,9218,1029,0.00239521
4,56743.5,38714.1,28037.4,24053,20,1405,59130,55256,6248,274832,140,4584,3689,83,9218,1029,0.00239521
4,16364.3,28111.5,25820.3,21554,14,1131,49953,46639,5127,222102,154,4544,3722,127,10944,652,0.00239521
4,18569.3,28111.5,25820.3,21554,20,1131,49953,46639,5127,222102,154,4544,3722,127,10944,652,0.00239521
4,45086.1,28111.5,25820.3,21554,38,1131,49953,46639,5127,222102,154,4544,3722,127,10944,652,0.00239521
4,51543.8,28111.5,25820.3,21554,30,1131,49953,46639,5127,222102,154,4544,3722,127,10944,652,0.00239521
4,8101.87,13593.8,5061.91,4340,6,668,24338,21471,2097,84775,37,968,729,4,1695,187,0.00239521
4,8463.57,13593.8,5061.91,4340,8,668,24338,21471,2097,84775,37,968,729,4,1695,187,0.00239521
4,27491.9,13593.8,5061.91,4340,17,668,24338,21471,2097,84775,37,968,729,4,1695,187,0.00239521
4,29630.7,13593.8,5061.91,4340,19,668,24338,21471,2097,84775,37,968,729,4,1695,187,0.00239521
4,45063.4,18283.4,38937.7,34166,33,875,35787,33210,3727,155527,188,5566,4443,98,11717,1002,0.00239521
4,45506.3,18283.4,38937.7,34166,22,875,35787,33210,3727,155527,188,5566,4443,98,11717,1002,0.00239521
4,46108.8,18283.4,38937.7,34166,22,875,35787,33210,3727,155527,188,5566,4443,98,11717,1002,0.00239521
4,47094.3,18283.4,38937.7,34166,14,875,35787,33210,3727,155527,188,5566,4443,98,11717,1002,0.00239521
4,38265,32821.4,50063.3,43182,30,1393,58732,54813,6054,265579,208,7249,5967,145,16139,1561,0.00239521
4,46461.1,32821.4,50063.3,43182,24,1393,58732,54813,6054,265579,208,7249,5967,145,16139,1561,0.00239521
4,54356.5,32821.4,50063.3,43182,30,1393,58732,54813,6054,265579,208,7249,5967,145,16139,1561,0.00239521
4,57067.2,32821.4,50063.3,43182,29,1393,58732,54813,6054,265579,208,7249,5967,145,16139,1561,0.00239521
4,55493.3,51019.6,60118.4,52560,38,1787,84798,80141,9275,429860,239,8777,7349,194,17057,2615,0.00239521
4,58971.2,51019.6,60118.4,52560,15,1787,84798,80141,9275,429860,239,8777,7349,194,17057,2615,0.00239521
4,65460.7,51019.6,60118.4,52560,49,1787,84798,80141,9275,429860,239,8777,7349,194,17057,2615,0.00239521
4,77813.6,51019.6,60118.4,52560,3,1787,84798,80141,9275,429860,239,8777,7349,194,17057,2615,0.00239521
4,14963.8,17399.4,9012.92,7822,8,950,35764,32320,3427,134416,59,1537,1154,2,2436,366,0.00239521
4,26955.7,17399.4,9012.92,7822,5,950,35764,32320,3427,134416,59,1537,1154,2,2436,366,0.00239521
4,35292.3,17399.4,9012.92,7822,6,950,35764,32320,3427,134416,59,1537,1154,2,2436,366,0.00239521
4,36085.8,17399.4,9012.92,7822,10,950,35764,32320,3427,134416,59,1537,1154,2,2436,366,0.00239521
4,52308.1,38078.9,86403.6,74978,39,1449,66862,62421,6948,315972,313,12468,10426,311,30491,2694,0.00239521
4,59757.2,38078.9,86403.6,74978,33,1449,66862,62421,6948,315972,313,12468,10426,311,30491,2694,0.00239521
4,67180.8,38078.9,86403.6,74978,40,1449,66862,62421,6948,315972,313,12468,10426,311,30491,2694,0.00239521
4,70363.3,38078.9,86403.6,74978,38,1449,66862,62421,6948,315972,313,12468,10426,311,30491,2694,0.00239521
4,26279.5,33450.7,32140.8,26860,9,1278,58132,54252,6093,266793,181,5711,4644,107,12750,1115,0.00239521
4,31803.4,33450.7,32140.8,26860,29,1278,58132,54252,6093,266793,181,5711,4644,107,12750,1115,0.00239521
4,52392.4,33450.7,32140.8,26860,25,1278,58132,54252,6093,266793,181,5711,4644,107,12750,1115,0.00239521
4,59437.6,33450.7,32140.8,26860,18,1278,58132,54252,6093,266793,181,5711,4644,107,12750,1115,0.00239521
4,19591.9,11986.8,12015.7,10371,13,622,24325,21948,2263,92183,65,1976,1561,28,3469,438,0.00239521
4,20070.3,11986.8,12015.7,10371,22,622,24325,21948,2263,92183,65,1976,1561,28,3469,438,0.00239521
4,24538.9,11986.8,12015.7,10371,24,622,24325,21948,2263,92183,65,1976,1561,28,3469,438,0.00239521
4,30082.5,11986.8,12015.7,10371,25,622,24325,21948,2263,92183,65,1976,1561,28,3469,438,0.00239521
4,9640.48,29000.7,43277.1,36078,10,1088,50046,46580,5488,230482,218,7300,6029,244,18310,1064,0.00239521
4,31131.6,29000.7,43277.1,36078,27,1088,50046,46580,5488,230482,218,7300,6029,244,18310,1064,0.00239521
4,56734.1,29000.7,43277.1,36078,37,1088,50046,46580,5488,230482,218,7300,6029,244,18310,1064,0.00239521
4,61010.3,29000.7,43277.1,36078,46,1088,50046,46580,5488,230482,218,7300,6029,244,18310,1064,0.00239521
4,35722.4,19873.4,24568.9,20996,5,825,34334,31793,3542,150325,166,4395,3475,93,9351,700,0.00239521
4,38956.6,19873.4,24568.9,20996,8,825,34334,31793,3542,150325,166,4395,3475,93,9351,700,0.00239521
4,46306.6,19873.4,24568.9,20996,27,825,34334,31793,3542,150325,166,4395,3475,93,9351,700,0.00239521
4,48603.1,19873.4,24568.9,20996,35,825,34334,31793,3542,150325,166,4395,3475,93,9351,700,0.00239521
4,12051.7,20814.5,10623.5,9101,5,1077,41932,37448,3834,158167,56,1897,1470,20,3605,354,0.00239521
4,17740.3,20814.5,10623.5,9101,10,1077,41932,37448,3834,158167,56,1897,1470,20,3605,354,0.00239521
4,35418.9,20814.5,10623.5,9101,29,1077,41932,37448,3834,158167,56,1897,1470,20,3605,354,0.00239521
4,37222.4,20814.5,10623.5,9101,30,1077,41932,37448,3834,158167,56,1897,1470,20,3605,354,0.00239521
4,3590.17,24997.8,26697.7,22298,4,1021,47169,43989,5050,207539,167,5038,4055,168,11891,695,0.00239521
4,21933.9,24997.8,26697.7,22298,21,1021,47169,43989,5050,207539,167,5038,4055,168,11891,695,0.00239521
4,47718.1,24997.8,26697.7,22298,32,1021,47169,43989,5050,207539,167,5038,4055,168,11891,695,0.00239521
4,52327.9,24997.8,26697.7,22298,41,1021,47169,43989,5050,207539,167,5038,4055,168,11891,695,0.00239521
4,41617.2,38150.3,39666.7,34364,8,1484,66655,62657,7212,320890,213,6515,5240,199,15942,871,0.00239521
4,48800.6,38150.3,39666.7,34364,14,1484,66655,62657,7212,320890,213,6515,5240,199,15942,871,0.00239521
4,60961.8,38150.3,39666.7,34364,46,1484,66655,62657,7212,320890,213,6515,5240,199,15942,871,0.00239521
4,61420.4,38150.3,39666.7,34364,39,1484,66655,62657,7212,320890,213,6515,5240,199,15942,871,0.00239521
4,41783.4,55024.4,46852.6,39458,23,1863,86769,82429,9314,437087,247,8063,6519,156,18155,1426,0.00239521
4,50474.7,55024.4,46852.6,39458,11,1863,86769,82429,9314,437087,247,8063,6519,156,18155,1426,0.00239521
4,51655.9,55024.4,46852.6,39458,30,1863,86769,82429,9314,437087,247,8063,6519,156,18155,1426,0.00239521
4,70278.6,55024.4,46852.6,39458,60,1863,86769,82429,9314,437087,247,8063,6519,156,18155,1426,0.00239521
4,17940.3,10676.1,12666,10903,11,594,22548,20185,2019,82877,63,1984,1591,22,3630,436,0.00239521
4,18853,10676.1,12666,10903,18,594,22548,20185,2019,82877,63,1984,1591,22,3630,436,0.00239521
4,23321.6,10676.1,12666,10903,20,594,22548,20185,2019,82877,63,1984,1591,22,3630,436,0.00239521
4,28723,10676.1,12666,10903,22,594,22548,20185,2019,82877,63,1984,1591,22,3630,436,0.00239521
4,20951.5,26011.1,37047.6,31788,18,917,42199,38765,4384,182068,166,6227,5109,133,15394,938,0.00239521
4,34911.8,26011.1,37047.6,31788,9,917,42199,38765,4384,182068,166,6227,5109,133,15394,938,0.00239521
4,49542.2,26011.1,37047.6,31788,36,917,42199,38765,4384,182068,166,6227,5109,133,15394,938,0.00239521
4,50974.5,26011.1,37047.6,31788,22,917,42199,38765,4384,182068,166,6227,5109,133,15394,938,0.00239521
4,48819.2,24873.6,57849.9,50584,33,1049,44319,41180,4774,199088,250,8554,7077,192,20190,1700,0.00239521
4,49976.8,24873.6,57849.9,50584,19,1049,44319,41180,4774,199088,250,8554,7077,192,20190,1700,0.00239521
4,52439.2,24873.6,57849.9,50584,31,1049,44319,41180,4774,199088,250,8554,7077,192,20190,1700,0.00239521
4,53973.5,24873.6,57849.9,50584,25,1049,44319,41180,4774,199088,250,8554,7077,192,20190,1700,0.00239521
4,9629.85,16599.4,12988.8,10750,9,757,32202,29487,3195,133582,100,2522,2034,39,6002,343,0.00239521
4,11375.3,16599.4,12988.8,10750,8,757,32202,29487,3195,133582,100,2522,2034,39,6002,343,0.00239521
4,35074.7,16599.4,12988.8,10750,12,757,32202,29487,3195,133582,100,2522,2034,39,6002,343,0.00239521
4,45699.7,16599.4,12988.8,10750,29,757,32202,29487,3195,133582,100,2522,2034,39,6002,343,0.00239521
4,13206.8,32697.1,38697.2,31985,6,1147,52803,49276,5712,241395,215,6534,5445,247,16512,967,0.00239521
4,28393.7,32697.1,38697.2,31985,29,1147,52803,49276,5712,241395,215,6534,5445,247,16512,967,0.00239521
4,55654.2,32697.1,38697.2,31985,43,1147,52803,49276,5712,241395,215,6534,5445,247,16512,967,0.00239521
4,61337.1,32697.1,38697.2,31985,39,1147,52803,49276,5712,241395,215,6534,5445,247,16512,967,0.00239521
4,23840.8,14966.9,14859.8,12632,5,749,29377,27082,2768,124822,104,2557,1996,29,5193,475,0.00239521
4,26196.5,14966.9,14859.8,12632,4,749,29377,27082,2768,124822,104,2557,1996,29,5193,475,0.00239521
4,34802.3,14966.9,14859.8,12632,22,749,29377,27082,2768,124822,104,2557,1996,29,5193,475,0.00239521
4,39710,14966.9,14859.8,12632,27,749,29377,27082,2768,124822,104,2557,1996,29,5193,475,0.00239521
4,40852.3,16948.3,36422.6,31821,21,817,33101,30665,3455,143138,193,5433,4295,91,12494,744,0.00239521
4,42440.4,16948.3,36422.6,31821,13,817,33101,30665,3455,143138,193,5433,4295,91,12494,744,0.00239521
4,43621.9,16948.3,36422.6,31821,29,817,33101,30665,3455,143138,193,5433,4295,91,12494,744,0.00239521
4,43906,16948.3,36422.6,31821,29,817,33101,30665,3455,143138,193,5433,4295,91,12494,744,0.00239521
4,13881.9,15506.7,17762.9,14739,4,741,31338,28948,3187,130489,111,3398,2751,92,8140,466,0.00239521
4,16670.2,15506.7,17762.9,14739,5,741,31338,28948,3187,130489,111,3398,2751,92,8140,466,0.00239521
4,31435.2,15506.7,17762.9,14739,27,741,31338,28948,3187,130489,111,3398,2751,92,8140,466,0.00239521
4,42893.2,15506.7,17762.9,14739,36,741,31338,28948,3187,130489,111,3398,2751,92,8140,466,0.00239521
4,4434.88,12826.9,7001.41,5699,7,702,27563,25005,2618,105953,50,1438,1094,9,3254,162,0.00239521
4,8397.48,12826.9,7001.41,5699,10,702,27563,25005,2618,105953,50,1438,1094,9,3254,162,0.00239521
4,29847.7,12826.9,7001.41,5699,6,702,27563,25005,2618,105953,50,1438,1094,9,3254,162,0.00239521
4,40083.3,12826.9,7001.41,5699,16,702,27563,25005,2618,105953,50,1438,1094,9,3254,162,0.00239521
4,14158.1,15498.5,10512.5,8911,11,806,31149,27823,2914,113255,60,1826,1416,9,3361,326,0.00239521
4,16633.6,15498.5,10512.5,8911,9,806,31149,27823,2914,113255,60,1826,1416,9,3361,326,0.00239521
4,25257.6,15498.5,10512.5,8911,5,806,31149,27823,2914,113255,60,1826,1416,9,3361,326,0.00239521
4,32528.7,15498.5,10512.5,8911,13,806,31149,27823,2914,113255,60,1826,1416,9,3361,326,0.00239521
4,24871.7,15549,18867.5,15936,6,769,30994,28087,2909,119515,107,3339,2563,61,7060,522,0.00239521
4,30665.9,15549,18867.5,15936,13,769,30994,28087,2909,119515,107,3339,2563,61,7060,522,0.00239521
4,33921.3,15549,18867.5,15936,21,769,30994,28087,2909,119515,107,3339,2563,61,7060,522,0.00239521
4,35534.6,15549,18867.5,15936,28,769,30994,28087,2909,119515,107,3339,2563,61,7060,522,0.00239521
4,41808.7,40642.9,47684.5,41406,30,1505,62939,58917,6492,287389,201,7274,6016,119,14871,1851,0.00239521
4,44658.3,40642.9,47684.5,41406,28,1505,62939,58917,6492,287389,201,7274,6016,119,14871,1851,0.00239521
4,55507.8,40642.9,47684.5,41406,32,1505,62939,58917,6492,287389,201,7274,6016,119,14871,1851,0.00239521
4,59570.2,40642.9,47684.5,41406,13,1505,62939,58917,6492,287389,201,7274,6016,119,14871,1851,0.00239521
4,4947.9,13288.7,7086.66,5794,5,704,27692,25104,2646,106250,53,1450,1102,6,3314,169,0.00239521
4,8912.98,13288.7,7086.66,5794,8,704,27692,25104,2646,106250,53,1450,1102,6,3314,169,0.00239521
4,30360.1,13288.7,7086.66,5794,4,704,27692,25104,2646,106250,53,1450,1102,6,3314,169,0.00239521
4,40533.9,13288.7,7086.66,5794,16,704,27692,25104,2646,106250,53,1450,1102,6,3314,169,0.00239521
4,27280.7,14672.8,22913.6,20126,5,743,30466,27782,2880,119659,110,3146,2359,39,6966,357,0.00239521
4,33887.8,14672.8,22913.6,20126,14,743,30466,27782,2880,119659,110,3146,2359,39,6966,357,0.00239521
4,36308.2,14672.8,22913.6,20126,27,743,30466,27782,2880,119659,110,3146,2359,39,6966,357,0.00239521
4,36396.9,14672.8,22913.6,20126,34,743,30466,27782,2880,119659,110,3146,2359,39,6966,357,0.00239521
4,11126.6,6694.37,3916.84,3318,8,445,14353,12638,1057,46957,39,776,553,4,1372,117,0.00239521
4,13143,6694.37,3916.84,3318,5,445,14353,12638,1057,46957,39,776,553,4,1372,117,0.00239521
4,14023.4,6694.37,3916.84,3318,4,445,14353,12638,1057,46957,39,776,553,4,1372,117,0.00239521
4,23620.9,6694.37,3916.84,3318,16,445,14353,12638,1057,46957,39,776,553,4,1372,117,0.00239521
4,41091.9,41791.3,55774.1,47609,3,1544,69821,65730,7569,340208,315,9226,7263,169,24859,622,0.00239521
4,48988.6,41791.3,55774.1,47609,14,1544,69821,65730,7569,340208,315,9226,7263,169,24859,622,0.00239521
4,62368.9,41791.3,55774.1,47609,36,1544,69821,65730,7569,340208,315,9226,7263,169,24859,622,0.00239521
4,62646.2,41791.3,55774.1,47609,38,1544,69821,65730,7569,340208,315,9226,7263,169,24859,622,0.00239521
4,13061.2,18758.4,16009.9,13828,3,814,35308,32482,3610,142657,103,2694,2048,52,5943,260,0.00239521
4,22251.2,18758.4,16009.9,13828,11,814,35308,32482,3610,142657,103,2694,2048,52,5943,260,0.00239521
4,40017,18758.4,16009.9,13828,32,814,35308,32482,3610,142657,103,2694,2048,52,5943,260,0.00239521
4,40408.4,18758.4,16009.9,13828,33,814,35308,32482,3610,142657,103,2694,2048,52,5943,260,0.00239521
4,25080.6,33680.3,30613.1,26273,8,1439,59163,54988,6010,265947,191,5279,4094,87,11850,564,0.00239521
4,32547.1,33680.3,30613.1,26273,15,1439,59163,54988,6010,265947,191,5279,4094,87,11850,564,0.00239521
4,47467.2,33680.3,30613.1,26273,31,1439,59163,54988,6010,265947,191,5279,4094,87,11850,564,0.00239521
4,48138.6,33680.3,30613.1,26273,38,1439,59163,54988,6010,265947,191,5279,4094,87,11850,564,0.00239521
4,24488.4,32332.5,19524.5,16783,19,1325,54960,51161,5635,247594,110,3217,2560,35,5506,956,0.00239521
4,36574.8,32332.5,19524.5,16783,29,1325,54960,51161,5635,247594,110,3217,2560,35,5506,956,0.00239521
4,44472.3,32332.5,19524.5,16783,6,1325,54960,51161,5635,247594,110,3217,2560,35,5506,956,0.00239521
4,52471.9,32332.5,19524.5,16783,7,1325,54960,51161,5635,247594,110,3217,2560,35,5506,956,0.00239521
4,48366.5,19487.1,43367.1,37723,14,901,38149,35376,3983,169514,230,6978,5683,115,15988,1137,0.00239521
4,50018.8,19487.1,43367.1,37723,7,901,38149,35376,3983,169514,230,6978,5683,115,15988,1137,0.00239521
4,53085.1,19487.1,43367.1,37723,37,901,38149,35376,3983,169514,230,6978,5683,115,15988,1137,0.00239521
4,53942.6,19487.1,43367.1,37723,30,901,38149,35376,3983,169514,230,6978,5683,115,15988,1137,0.00239521
4,1632.3,12191.5,6503.97,5217,2,649,25742,23314,2456,97603,61,1427,1107,35,3460,91,0.00239521
4,3393.1,12191.5,6503.97,5217,3,649,25742,23314,2456,97603,61,1427,1107,35,3460,91,0.00239521
4,26115.4,12191.5,6503.97,5217,4,649,25742,23314,2456,97603,61,1427,1107,35,3460,91,0.00239521
4,36727.7,12191.5,6503.97,5217,22,649,25742,23314,2456,97603,61,1427,1107,35,3460,91,0.00239521
4,25910.4,35864.9,20094,17228,24,1351,56246,52439,5875,254439,105,3237,2552,44,6024,751,0.00239521
4,40041.3,35864.9,20094,17228,30,1351,56246,52439,5875,254439,105,3237,2552,44,6024,751,0.00239521
4,42375.9,35864.9,20094,17228,4,1351,56246,52439,5875,254439,105,3237,2552,44,6024,751,0.00239521
4,52385.3,35864.9,20094,17228,14,1351,56246,52439,5875,254439,105,3237,2552,44,6024,751,0.00239521
