K,dist,cost_ki,cost_hi,h_cost,vnum,gen_ki,push_ki,pop_ki,prune_ki,suc_call_ki,gen_hi,push_hi,pop_hi,prune_hi,suc_call_hi,reevaluate,density
3,16489.6,2705.85,2121.61,1543,4,179,6049,5538,497,22019,43,827,611,2,1595,94,0.010453
3,50735.6,2705.85,2121.61,1543,4,179,6049,5538,497,22019,43,827,611,2,1595,94,0.010453
3,64412.3,2705.85,2121.61,1543,17,179,6049,5538,497,22019,43,827,611,2,1595,94,0.010453
3,24715.9,2396.89,2084.01,1546,8,205,6361,5701,519,21359,36,755,554,3,1404,111,0.010453
3,36464.9,2396.89,2084.01,1546,11,205,6361,5701,519,21359,36,755,554,3,1404,111,0.010453
3,48536.8,2396.89,2084.01,1546,14,205,6361,5701,519,21359,36,755,554,3,1404,111,0.010453
3,32688.7,2985.65,1405.86,1122,10,246,7268,6677,670,26801,24,494,351,0,689,113,0.010453
3,41812.5,2985.65,1405.86,1122,9,246,7268,6677,670,26801,24,494,351,0,689,113,0.010453
3,64665.2,2985.65,1405.86,1122,10,246,7268,6677,670,26801,24,494,351,0,689,113,0.010453
3,11208.8,2408.36,2508.5,1912,6,199,6586,6019,553,23980,45,962,703,10,1865,106,0.010453
3,48541.4,2408.36,2508.5,1912,12,199,6586,6019,553,23980,45,962,703,10,1865,106,0.010453
3,68120.8,2408.36,2508.5,1912,26,199,6586,6019,553,23980,45,962,703,10,1865,106,0.010453
3,30206.6,2683.85,2880.19,2280,7,230,7223,6556,596,26797,45,1042,789,12,2026,183,0.010453
3,54092.7,2683.85,2880.19,2280,16,230,7223,6556,596,26797,45,1042,789,12,2026,183,0.010453
3,72228.3,2683.85,2880.19,2280,12,230,7223,6556,596,26797,45,1042,789,12,2026,183,0.010453
3,26628.8,2454.47,2299.74,1840,5,227,6883,6216,558,24843,40,803,594,5,1463,139,0.010453
3,47909.5,2454.47,2299.74,1840,19,227,6883,6216,558,24843,40,803,594,5,1463,139,0.010453
3,66154.6,2454.47,2299.74,1840,13,227,6883,6216,558,24843,40,803,594,5,1463,139,0.010453
3,42445,3425.78,4810.43,3812,11,250,7615,6960,695,28195,44,1206,927,7,2059,239,0.010453
3,64139.2,3425.78,4810.43,3812,13,250,7615,6960,695,28195,44,1206,927,7,2059,239,0.010453
3,75150.4,3425.78,4810.43,3812,10,250,7615,6960,695,28195,44,1206,927,7,2059,239,0.010453
3,5715.53,4019.39,2154.93,1703,3,265,9011,8580,792,33839,41,915,702,16,1977,57,0.010453
3,36104.2,4019.39,2154.93,1703,5,265,9011,8580,792,33839,41,915,702,16,1977,57,0.010453
3,63407.5,4019.39,2154.93,1703,14,265,9011,8580,792,33839,41,915,702,16,1977,57,0.010453
3,16411.8,5214.24,2736.21,2179,4,251,9089,8695,775,34973,36,786,579,4,1903,37,0.010453
3,18036.8,5214.24,2736.21,2179,3,251,9089,8695,775,34973,36,786,579,4,1903,37,0.010453
3,64680.6,5214.24,2736.21,2179,23,251,9089,8695,775,34973,36,786,579,4,1903,37,0.010453
3,15140.9,4416.4,2533.14,1810,8,270,8724,8103,765,32935,51,876,634,8,1884,79,0.010453
3,46910,4416.4,2533.14,1810,7,270,8724,8103,765,32935,51,876,634,8,1884,79,0.010453
3,80440.8,4416.4,2533.14,1810,14,270,8724,8103,765,32935,51,876,634,8,1884,79,0.010453
3,17865.4,2445.87,2433.2,1830,5,180,6195,5649,521,22264,45,918,679,3,1833,102,0.010453
3,45916,2445.87,2433.2,1830,7,180,6195,5649,521,22264,45,918,679,3,1833,102,0.010453
3,61827,2445.87,2433.2,1830,16,180,6195,5649,521,22264,45,918,679,3,1833,102,0.010453
3,34586.3,1762.75,1668.38,1340,7,152,4728,4192,340,15469,31,568,406,3,1178,68,0.010453
3,38925.6,1762.75,1668.38,1340,6,152,4728,4192,340,15469,31,568,406,3,1178,68,0.010453
3,46873,1762.75,1668.38,1340,15,152,4728,4192,340,15469,31,568,406,3,1178,68,0.010453
3,24137.1,4058.42,3698,2816,9,262,9499,9234,868,38217,62,1535,1203,29,4080,66,0.010453
3,28454.2,4058.42,3698,2816,7,262,9499,9234,868,38217,62,1535,1203,29,4080,66,0.010453
3,82633.9,4058.42,3698,2816,25,262,9499,9234,868,38217,62,1535,1203,29,4080,66,0.010453
3,25534.8,2896.86,2701.09,2113,7,238,7581,6962,657,28439,47,979,733,11,1922,157,0.010453
3,51039,2896.86,2701.09,2113,14,238,7581,6962,657,28439,47,979,733,11,1922,157,0.010453
3,72982.8,2896.86,2701.09,2113,14,238,7581,6962,657,28439,47,979,733,11,1922,157,0.010453
3,17349.5,2550.73,2302.79,1746,4,185,5429,4749,384,16930,35,620,463,8,1313,37,0.010453
3,42021,2550.73,2302.79,1746,9,185,5429,4749,384,16930,35,620,463,8,1313,37,0.010453
3,42561.6,2550.73,2302.79,1746,13,185,5429,4749,384,16930,35,620,463,8,1313,37,0.010453
3,24581.3,2542.96,2003.3,1488,7,176,6114,5600,508,21938,41,715,507,6,1345,78,0.010453
3,38136.1,2542.96,2003.3,1488,4,176,6114,5600,508,21938,41,715,507,6,1345,78,0.010453
3,55176.9,2542.96,2003.3,1488,19,176,6114,5600,508,21938,41,715,507,6,1345,78,0.010453
3,6271.19,3571.37,1289.78,953,3,245,8323,7653,650,29006,28,593,434,8,1067,47,0.010453
3,38976.6,3571.37,1289.78,953,3,245,8323,7653,650,29006,28,593,434,8,1067,47,0.010453
3,55186.7,3571.37,1289.78,953,13,245,8323,7653,650,29006,28,593,434,8,1067,47,0.010453
3,18393,3837.47,2628.82,2000,6,258,9381,9104,837,37432,48,1119,846,17,2968,31,0.010453
3,19099.5,3837.47,2628.82,2000,5,258,9381,9104,837,37432,48,1119,846,17,2968,31,0.010453
3,73406.2,3837.47,2628.82,2000,25,258,9381,9104,837,37432,48,1119,846,17,2968,31,0.010453
3,28787.2,3014.34,2675.29,2126,9,255,7920,7310,763,29712,42,981,750,3,1851,157,0.010453
3,48763.3,3014.34,2675.29,2126,20,255,7920,7310,763,29712,42,981,750,3,1851,157,0.010453
3,77835.8,3014.34,2675.29,2126,16,255,7920,7310,763,29712,42,981,750,3,1851,157,0.010453
3,19755.5,4147.98,4376.44,3345,8,271,10100,9758,981,41652,75,1691,1295,41,4037,142,0.010453
3,46579.1,4147.98,4376.44,3345,7,271,10100,9758,981,41652,75,1691,1295,41,4037,142,0.010453
3,96962.4,4147.98,4376.44,3345,32,271,10100,9758,981,41652,75,1691,1295,41,4037,142,0.010453
3,24444.4,3956.16,4347.45,3244,5,269,9688,9412,901,39568,71,1828,1445,40,5258,69,0.010453
3,29791.6,3956.16,4347.45,3244,13,269,9688,9412,901,39568,71,1828,1445,40,5258,69,0.010453
3,88228.1,3956.16,4347.45,3244,28,269,9688,9412,901,39568,71,1828,1445,40,5258,69,0.010453
3,25590.5,2854.26,2279.24,1822,7,238,7528,6923,663,27974,33,856,646,4,1526,135,0.010453
3,43686.2,2854.26,2279.24,1822,21,238,7528,6923,663,27974,33,856,646,4,1526,135,0.010453
3,72092.2,2854.26,2279.24,1822,15,238,7528,6923,663,27974,33,856,646,4,1526,135,0.010453
3,23189,2022.58,2519.95,2002,5,170,5957,5427,482,21140,49,993,728,6,2110,100,0.010453
3,54470.3,2022.58,2519.95,2002,5,170,5957,5427,482,21140,49,993,728,6,2110,100,0.010453
3,65149.7,2022.58,2519.95,2002,16,170,5957,5427,482,21140,49,993,728,6,2110,100,0.010453
3,44600.5,1727.67,3343.47,2719,5,170,4928,4354,355,16909,44,1001,765,11,1702,179,0.010453
3,64274.3,1727.67,3343.47,2719,15,170,4928,4354,355,16909,44,1001,765,11,1702,179,0.010453
3,67360.5,1727.67,3343.47,2719,6,170,4928,4354,355,16909,44,1001,765,11,1702,179,0.010453
3,28229.6,2183.11,2193.9,1754,8,202,6286,5669,499,21528,36,755,560,2,1361,112,0.010453
3,31568.8,2183.11,2193.9,1754,10,202,6286,5669,499,21528,36,755,560,2,1361,112,0.010453
3,51133.4,2183.11,2193.9,1754,16,202,6286,5669,499,21528,36,755,560,2,1361,112,0.010453
3,14384.6,2780.63,1406.9,1104,5,234,7590,6893,606,25724,30,572,422,2,1159,48,0.010453
3,30302.3,2780.63,1406.9,1104,7,234,7590,6893,606,25724,30,572,422,2,1159,48,0.010453
3,50387.6,2780.63,1406.9,1104,16,234,7590,6893,606,25724,30,572,422,2,1159,48,0.010453
3,30408,3714.53,2841.25,2187,4,168,5860,5311,438,20418,32,690,494,4,1161,105,0.010453
3,32039.1,3714.53,2841.25,2187,16,168,5860,5311,438,20418,32,690,494,4,1161,105,0.010453
3,49676.8,3714.53,2841.25,2187,17,168,5860,5311,438,20418,32,690,494,4,1161,105,0.010453
3,15070,3834.57,1660.06,1185,6,231,7864,7213,621,26845,30,577,431,2,1165,44,0.010453
3,28493.6,3834.57,1660.06,1185,9,231,7864,7213,621,26845,30,577,431,2,1165,44,0.010453
3,52201.5,3834.57,1660.06,1185,17,231,7864,7213,621,26845,30,577,431,2,1165,44,0.010453
3,9363.66,3856.89,2194.71,1745,5,266,9074,8624,807,33931,40,920,710,10,1836,68,0.010453
3,37300.6,3856.89,2194.71,1745,10,266,9074,8624,807,33931,40,920,710,10,1836,68,0.010453
3,65230.8,3856.89,2194.71,1745,17,266,9074,8624,807,33931,40,920,710,10,1836,68,0.010453
3,20950.1,3881.64,3442.09,2662,9,258,9463,9203,854,38412,57,1474,1133,22,4128,45,0.010453
3,22446.1,3881.64,3442.09,2662,6,258,9463,9203,854,38412,57,1474,1133,22,4128,45,0.010453
3,78342.6,3881.64,3442.09,2662,26,258,9463,9203,854,38412,57,1474,1133,22,4128,45,0.010453
3,52948.4,1618.91,3400.55,2692,6,169,4955,4379,379,17399,56,1125,848,11,2354,121,0.010453
3,69024.1,1618.91,3400.55,2692,4,169,4955,4379,379,17399,56,1125,848,11,2354,121,0.010453
3,72371.1,1618.91,3400.55,2692,20,169,4955,4379,379,17399,56,1125,848,11,2354,121,0.010453
3,34326.9,2697.32,1857.79,1486,5,242,7285,6679,655,26946,26,610,454,2,883,152,0.010453
3,48714.6,2697.32,1857.79,1486,11,242,7285,6679,655,26946,26,610,454,2,883,152,0.010453
3,67028.9,2697.32,1857.79,1486,4,242,7285,6679,655,26946,26,610,454,2,883,152,0.010453
3,12599.2,2620.32,1794.9,1357,3,224,7355,6628,572,23990,36,698,522,8,1381,58,0.010453
3,34325.2,2620.32,1794.9,1357,7,224,7355,6628,572,23990,36,698,522,8,1381,58,0.010453
3,49285.3,2620.32,1794.9,1357,16,224,7355,6628,572,23990,36,698,522,8,1381,58,0.010453
3,26341.8,4214.87,5269.31,4021,6,267,10125,9805,967,42110,78,2047,1604,40,5237,154,0.010453
3,45494.8,4214.87,5269.31,4021,18,267,10125,9805,967,42110,78,2047,1604,40,5237,154,0.010453
3,100627,4214.87,5269.31,4021,31,267,10125,9805,967,42110,78,2047,1604,40,5237,154,0.010453
3,41643.4,1874.98,3209.37,2509,8,192,5520,4888,444,18995,45,1007,772,4,1744,208,0.010453
3,62855.4,1874.98,3209.37,2509,15,192,5520,4888,444,18995,45,1007,772,4,1744,208,0.010453
3,68787.1,1874.98,3209.37,2509,6,192,5520,4888,444,18995,45,1007,772,4,1744,208,0.010453
3,24570.5,3101.91,2979.25,2335,7,240,7776,7152,692,28912,49,1074,802,11,2224,162,0.010453
3,50610.2,3101.91,2979.25,2335,12,240,7776,7152,692,28912,49,1074,802,11,2224,162,0.010453
3,73855.9,3101.91,2979.25,2335,13,240,7776,7152,692,28912,49,1074,802,11,2224,162,0.010453
3,16873,5086.69,2219.19,1764,7,251,8117,7511,687,29391,34,631,457,4,1338,62,0.010453
3,32309.1,5086.69,2219.19,1764,8,251,8117,7511,687,29391,34,631,457,4,1338,62,0.010453
3,64878.9,5086.69,2219.19,1764,17,251,8117,7511,687,29391,34,631,457,4,1338,62,0.010453
3,22812.4,4261.27,3229.47,2520,10,290,8949,8427,797,34344,44,1102,832,8,2015,171,0.010453
3,48042.5,4261.27,3229.47,2520,15,290,8949,8427,797,34344,44,1102,832,8,2015,171,0.010453
3,72331.3,4261.27,3229.47,2520,12,290,8949,8427,797,34344,44,1102,832,8,2015,171,0.010453
3,49157.3,1549.6,3936.08,3135,8,169,4669,4117,341,16098,47,1012,760,16,1992,92,0.010453
3,69274.6,1549.6,3936.08,3135,15,169,4669,4117,341,16098,47,1012,760,16,1992,92,0.010453
3,69401.4,1549.6,3936.08,3135,4,169,4669,4117,341,16098,47,1012,760,16,1992,92,0.010453
3,16486.8,4168.86,2364.84,1739,8,280,8767,8163,794,33091,53,851,601,6,1773,80,0.010453
3,49476.8,4168.86,2364.84,1739,8,280,8767,8163,794,33091,53,851,601,6,1773,80,0.010453
3,83257.5,4168.86,2364.84,1739,15,280,8767,8163,794,33091,53,851,601,6,1773,80,0.010453
3,18549.6,3874.57,3121.47,2377,7,257,9410,9132,829,38005,55,1323,1011,20,3692,45,0.010453
3,20954.5,3874.57,3121.47,2377,7,257,9410,9132,829,38005,55,1323,1011,20,3692,45,0.010453
3,77035.4,3874.57,3121.47,2377,26,257,9410,9132,829,38005,55,1323,1011,20,3692,45,0.010453
3,20517.3,3136.08,2099.25,1666,5,271,8169,7460,681,29457,44,747,557,4,1293,134,0.010453
3,51036.3,3136.08,2099.25,1666,11,271,8169,7460,681,29457,44,747,557,4,1293,134,0.010453
3,63168.9,3136.08,2099.25,1666,7,271,8169,7460,681,29457,44,747,557,4,1293,134,0.010453
3,31958,3529.38,3655.42,2924,9,290,9211,8676,893,35408,50,1285,985,10,2385,221,0.010453
3,53477.9,3529.38,3655.42,2924,19,290,9211,8676,893,35408,50,1285,985,10,2385,221,0.010453
3,81885.3,3529.38,3655.42,2924,12,290,9211,8676,893,35408,50,1285,985,10,2385,221,0.010453
3,28774.8,1907.88,1516.82,1234,6,165,5507,4985,407,18964,29,529,372,3,867,80,0.010453
3,38085.1,1907.88,1516.82,1234,5,165,5507,4985,407,18964,29,529,372,3,867,80,0.010453
3,50798.7,1907.88,1516.82,1234,18,165,5507,4985,407,18964,29,529,372,3,867,80,0.010453
3,15527.9,3419.96,1930.3,1511,7,259,8719,8226,742,32229,37,778,564,13,1803,43,0.010453
3,23322,3419.96,1930.3,1511,6,259,8719,8226,742,32229,37,778,564,13,1803,43,0.010453
3,64022.5,3419.96,1930.3,1511,21,259,8719,8226,742,32229,37,778,564,13,1803,43,0.010453
3,42282.7,1389.59,2201.35,1784,11,134,3997,3513,275,12773,30,610,437,6,1091,90,0.010453
3,42812,1389.59,2201.35,1784,8,134,3997,3513,275,12773,30,610,437,6,1091,90,0.010453
3,44451.3,1389.59,2201.35,1784,11,134,3997,3513,275,12773,30,610,437,6,1091,90,0.010453
3,22165.5,4117.17,6494.03,4756,10,274,10260,9919,1028,42325,77,1850,1439,49,4441,161,0.010453
3,48989.1,4117.17,6494.03,4756,9,274,10260,9919,1028,42325,77,1850,1439,49,4441,161,0.010453
3,99372.4,4117.17,6494.03,4756,34,274,10260,9919,1028,42325,77,1850,1439,49,4441,161,0.010453
3,8847.19,3351.22,2940.72,2298,4,202,6937,6367,610,25491,44,1057,793,14,2160,117,0.010453
3,50471.6,3351.22,2940.72,2298,15,202,6937,6367,610,25491,44,1057,793,14,2160,117,0.010453
3,72118.2,3351.22,2940.72,2298,23,202,6937,6367,610,25491,44,1057,793,14,2160,117,0.010453
3,10188.6,3006,1870.28,1348,4,231,7716,6993,578,25756,29,706,526,7,1482,67,0.010453
3,37295,3006,1870.28,1348,7,231,7716,6993,578,25756,29,706,526,7,1482,67,0.010453
3,51252.8,3006,1870.28,1348,14,231,7716,6993,578,25756,29,706,526,7,1482,67,0.010453
3,14198.5,3607.86,2212.1,1723,5,272,8741,8115,789,33116,52,894,640,10,1925,94,0.010453
3,42604.1,3607.86,2212.1,1723,7,272,8741,8115,789,33116,52,894,640,10,1925,94,0.010453
3,77159.4,3607.86,2212.1,1723,14,272,8741,8115,789,33116,52,894,640,10,1925,94,0.010453
3,22863.8,4186.48,3272.19,2379,8,252,7807,7236,725,29859,46,984,748,6,1878,139,0.010453
3,48812.2,4186.48,3272.19,2379,22,252,7807,7236,725,29859,46,984,748,6,1878,139,0.010453
3,77347.9,4186.48,3272.19,2379,16,252,7807,7236,725,29859,46,984,748,6,1878,139,0.010453
3,3231.14,2960.71,3798.54,2947,2,207,7180,6570,663,27150,66,1396,1047,15,3006,149,0.010453
3,55896.4,2960.71,3798.54,2947,15,207,7180,6570,663,27150,66,1396,1047,15,3006,149,0.010453
3,76389.1,2960.71,3798.54,2947,31,207,7180,6570,663,27150,66,1396,1047,15,3006,149,0.010453
3,21081.8,4013.43,4575.56,3565,7,278,10129,9792,991,41937,76,1774,1359,39,4163,159,0.010453
3,47588.1,4013.43,4575.56,3565,11,278,10129,9792,991,41937,76,1774,1359,39,4163,159,0.010453
3,98132.1,4013.43,4575.56,3565,32,278,10129,9792,991,41937,76,1774,1359,39,4163,159,0.010453
3,22617.9,3480.99,2634.83,2026,7,217,7000,6319,516,23658,37,631,450,0,1159,86,0.010453
3,29378,3480.99,2634.83,2026,9,217,7000,6319,516,23658,37,631,450,0,1159,86,0.010453
3,50488.8,3480.99,2634.83,2026,19,217,7000,6319,516,23658,37,631,450,0,1159,86,0.010453
3,17966.8,5184.68,3683.68,2599,4,255,9464,9190,831,38243,58,1397,1063,23,3903,56,0.010453
3,22329,5184.68,3683.68,2599,8,255,9464,9190,831,38243,58,1397,1063,23,3903,56,0.010453
3,78456.8,5184.68,3683.68,2599,26,255,9464,9190,831,38243,58,1397,1063,23,3903,56,0.010453
3,13327,2981.36,2858.56,2236,6,228,7708,7104,707,29078,49,1153,855,20,2502,122,0.010453
3,52510,2981.36,2858.56,2236,16,228,7708,7104,707,29078,49,1153,855,20,2502,122,0.010453
3,78332.8,2981.36,2858.56,2236,23,228,7708,7104,707,29078,49,1153,855,20,2502,122,0.010453
3,36260.4,1846.83,2842.27,2243,5,183,5048,4480,382,16858,40,947,721,11,1794,152,0.010453
3,53608,1846.83,2842.27,2243,14,183,5048,4480,382,16858,40,947,721,11,1794,152,0.010453
3,58500.1,1846.83,2842.27,2243,8,183,5048,4480,382,16858,40,947,721,11,1794,152,0.010453
3,39218.8,3632.75,4002.51,3174,11,287,9214,8588,894,35887,54,1319,1018,9,2315,275,0.010453
3,61214.4,3632.75,4002.51,3174,20,287,9214,8588,894,35887,54,1319,1018,9,2315,275,0.010453
3,85445.2,3632.75,4002.51,3174,6,287,9214,8588,894,35887,54,1319,1018,9,2315,275,0.010453
3,39362.5,1879.94,2966.37,2331,5,177,5126,4545,384,17254,42,963,735,7,1662,177,0.010453
3,58987,1879.94,2966.37,2331,15,177,5126,4545,384,17254,42,963,735,7,1662,177,0.010453
3,63666.4,1879.94,2966.37,2331,6,177,5126,4545,384,17254,42,963,735,7,1662,177,0.010453
3,18685.1,3247.95,1870.59,1464,7,249,8118,7533,647,29262,41,721,529,13,1552,57,0.010453
3,26984.5,3247.95,1870.59,1464,8,249,8118,7533,647,29262,41,721,529,13,1552,57,0.010453
3,60758,3247.95,1870.59,1464,14,249,8118,7533,647,29262,41,721,529,13,1552,57,0.010453
3,24304.4,2690.2,1608.93,1242,3,233,7302,6685,616,26734,27,654,492,6,1239,80,0.010453
3,39882,2690.2,1608.93,1242,15,233,7302,6685,616,26734,27,654,492,6,1239,80,0.010453
3,67522.8,2690.2,1608.93,1242,15,233,7302,6685,616,26734,27,654,492,6,1239,80,0.010453
3,24227.4,2846.53,2010.34,1576,8,243,7782,7073,593,27292,41,773,562,12,1661,73,0.010453
3,25894.8,2846.53,2010.34,1576,10,243,7782,7073,593,27292,41,773,562,12,1661,73,0.010453
3,55568.9,2846.53,2010.34,1576,19,243,7782,7073,593,27292,41,773,562,12,1661,73,0.010453
3,30418.1,2433.48,2397,1926,11,230,6822,6134,577,24019,22,590,428,0,910,132,0.010453
3,60420,2433.48,2397,1926,13,230,6822,6134,577,24019,22,590,428,0,910,132,0.010453
3,62415.4,2433.48,2397,1926,3,230,6822,6134,577,24019,22,590,428,0,910,132,0.010453
3,42821,5525.24,9726.24,6975,9,285,10737,10430,1097,45457,100,3180,2600,67,8918,272,0.010453
3,58190.2,5525.24,9726.24,6975,22,285,10737,10430,1097,45457,100,3180,2600,67,8918,272,0.010453
3,116062,5525.24,9726.24,6975,39,285,10737,10430,1097,45457,100,3180,2600,67,8918,272,0.010453
3,5286.39,4100.17,2586.31,1894,2,263,9511,9157,850,37959,40,953,682,20,2108,34,0.010453
3,30357.6,4100.17,2586.31,1894,5,263,9511,9157,850,37959,40,953,682,20,2108,34,0.010453
3,80226.7,4100.17,2586.31,1894,29,263,9511,9157,850,37959,40,953,682,20,2108,34,0.010453
3,22074.1,2865.51,2371.49,1926,4,186,5745,5067,419,18493,33,579,432,2,1088,84,0.010453
3,37868.8,2865.51,2371.49,1926,13,186,5745,5067,419,18493,33,579,432,2,1088,84,0.010453
3,44248.7,2865.51,2371.49,1926,12,186,5745,5067,419,18493,33,579,432,2,1088,84,0.010453
3,18956.8,4893.25,2948.21,2107,6,260,9401,9063,844,37120,44,1153,884,20,2840,56,0.010453
3,33601.8,4893.25,2948.21,2107,9,260,9401,9063,844,37120,44,1153,884,20,2840,56,0.010453
3,77466.5,4893.25,2948.21,2107,16,260,9401,9063,844,37120,44,1153,884,20,2840,56,0.010453
3,26619.8,2126.48,1781.84,1408,3,177,5822,5228,425,19724,31,637,462,1,1100,93,0.010453
3,33655,2126.48,1781.84,1408,11,177,5822,5228,425,19724,31,637,462,1,1100,93,0.010453
3,46850.5,2126.48,1781.84,1408,16,177,5822,5228,425,19724,31,637,462,1,1100,93,0.010453
3,30634.2,2698.27,2755.39,2166,8,233,7240,6598,604,27213,47,1021,773,6,2004,178,0.010453
3,56862.4,2698.27,2755.39,2166,12,233,7240,6598,604,27213,47,1021,773,6,2004,178,0.010453
3,75391.9,2698.27,2755.39,2166,10,233,7240,6598,604,27213,47,1021,773,6,2004,178,0.010453
3,27307.8,2186.52,1602.96,1298,16,177,5953,5428,462,21132,30,572,413,1,934,81,0.010453
3,35419.2,2186.52,1602.96,1298,5,177,5953,5428,462,21132,30,572,413,1,934,81,0.010453
3,52773.2,2186.52,1602.96,1298,19,177,5953,5428,462,21132,30,572,413,1,934,81,0.010453
3,14229.9,3239.52,1800.12,1414,7,257,8443,7881,687,30875,43,755,551,13,1670,51,0.010453
3,28734.5,3239.52,1800.12,1414,7,257,8443,7881,687,30875,43,755,551,13,1670,51,0.010453
3,65211.5,3239.52,1800.12,1414,14,257,8443,7881,687,30875,43,755,551,13,1670,51,0.010453
3,24736.5,2339.64,2048.13,1635,13,190,6217,5691,509,22197,34,742,545,2,1400,100,0.010453
3,35578.3,2339.64,2048.13,1635,6,190,6217,5691,509,22197,34,742,545,2,1400,100,0.010453
3,55295,2339.64,2048.13,1635,19,190,6217,5691,509,22197,34,742,545,2,1400,100,0.010453
3,50880.5,3100.7,5800.8,4645,18,263,8375,7671,822,31928,60,1631,1284,15,2953,386,0.010453
3,75629.4,3100.7,5800.8,4645,22,263,8375,7671,822,31928,60,1631,1284,15,2953,386,0.010453
3,84053.3,3100.7,5800.8,4645,10,263,8375,7671,822,31928,60,1631,1284,15,2953,386,0.010453
3,23299.3,2893.07,2545.1,2023,9,250,7722,7125,696,29223,44,931,706,4,1722,139,0.010453
3,48022.2,2893.07,2545.1,2023,23,250,7722,7125,696,29223,44,931,706,4,1722,139,0.010453
3,76557.9,2893.07,2545.1,2023,17,250,7722,7125,696,29223,44,931,706,4,1722,139,0.010453
3,48832.2,1527.86,2552.86,2054,5,159,4656,4130,321,16080,43,849,618,3,1567,109,0.010453
3,62040.4,1527.86,2552.86,2054,4,159,4656,4130,321,16080,43,849,618,3,1567,109,0.010453
3,65387.4,1527.86,2552.86,2054,20,159,4656,4130,321,16080,43,849,618,3,1567,109,0.010453
3,13910.3,5151.13,4091.74,3282,4,261,9674,9366,891,39617,48,1167,866,20,2627,79,0.010453
3,36857.2,5151.13,4091.74,3282,5,261,9674,9366,891,39617,48,1167,866,20,2627,79,0.010453
3,87773.3,5151.13,4091.74,3282,28,261,9674,9366,891,39617,48,1167,866,20,2627,79,0.010453
3,47609.8,3694.35,5148.27,4220,18,257,8040,7322,760,29974,56,1390,1077,12,2311,347,0.010453
3,73902,3694.35,5148.27,4220,18,257,8040,7322,760,29974,56,1390,1077,12,2311,347,0.010453
3,80735.8,3694.35,5148.27,4220,10,257,8040,7322,760,29974,56,1390,1077,12,2311,347,0.010453
3,16824.8,3621.76,2978.27,2217,4,257,9163,8792,788,35274,37,840,624,4,2142,25,0.010453
3,17070.4,3621.76,2978.27,2217,3,257,9163,8792,788,35274,37,840,624,4,2142,25,0.010453
3,66389.1,3621.76,2978.27,2217,23,257,9163,8792,788,35274,37,840,624,4,2142,25,0.010453
3,12463.5,4492.77,5175.79,3762,6,241,8382,7734,850,33178,73,1810,1405,53,4319,144,0.010453
3,65431.4,4492.77,5175.79,3762,20,241,8382,7734,850,33178,73,1810,1405,53,4319,144,0.010453
3,91051.1,4492.77,5175.79,3762,30,241,8382,7734,850,33178,73,1810,1405,53,4319,144,0.010453
3,5512.45,3766.33,2196.52,1654,3,262,9481,9128,838,37845,41,970,695,20,2141,36,0.010453
3,31113.4,3766.33,2196.52,1654,3,262,9481,9128,838,37845,41,970,695,20,2141,36,0.010453
3,80984,3766.33,2196.52,1654,28,262,9481,9128,838,37845,41,970,695,20,2141,36,0.010453
3,45651.2,2906.89,4453.47,3475,13,256,7880,7162,740,29318,51,1272,981,16,2163,293,0.010453
3,72944.1,2906.89,4453.47,3475,18,256,7880,7162,740,29318,51,1272,981,16,2163,293,0.010453
3,78322.5,2906.89,4453.47,3475,11,256,7880,7162,740,29318,51,1272,981,16,2163,293,0.010453
3,4189.58,3132.19,1476.21,1104,2,236,8446,7823,690,29448,30,666,504,9,1391,29,0.010453
3,36656.3,3132.19,1476.21,1104,2,236,8446,7823,690,29448,30,666,504,9,1391,29,0.010453
3,54874.2,3132.19,1476.21,1104,14,236,8446,7823,690,29448,30,666,504,9,1391,29,0.010453
3,19309.4,1900.33,1581.82,1248,5,198,5735,5042,414,17923,34,555,408,1,1044,62,0.010453
3,38868.9,1900.33,1581.82,1248,10,198,5735,5042,414,17923,34,555,408,1,1044,62,0.010453
3,43784.5,1900.33,1581.82,1248,15,198,5735,5042,414,17923,34,555,408,1,1044,62,0.010453
3,32600.8,3975.85,6247.59,4674,5,285,10267,9976,1036,42350,90,2423,1938,66,6707,148,0.010453
3,42011.2,3975.85,6247.59,4674,18,285,10267,9976,1036,42350,90,2423,1938,66,6707,148,0.010453
3,100504,3975.85,6247.59,4674,33,285,10267,9976,1036,42350,90,2423,1938,66,6707,148,0.010453
3,2751.77,5093.37,2390.38,1636,2,256,9160,8721,829,34189,41,869,670,17,1980,36,0.010453
3,33639.5,5093.37,2390.38,1636,4,256,9160,8721,829,34189,41,869,670,17,1980,36,0.010453
3,61517.4,5093.37,2390.38,1636,15,256,9160,8721,829,34189,41,869,670,17,1980,36,0.010453
3,53391.6,3244.38,8786.66,7080,17,259,8108,7369,747,30502,68,1818,1410,20,3286,350,0.010453
3,80305.6,3244.38,8786.66,7080,20,259,8108,7369,747,30502,68,1818,1410,20,3286,350,0.010453
3,85931.5,3244.38,8786.66,7080,16,259,8108,7369,747,30502,68,1818,1410,20,3286,350,0.010453
3,18960.3,2869.78,2140.7,1513,4,178,6071,5542,485,22023,43,709,502,3,1371,76,0.010453
3,45486.9,2869.78,2140.7,1513,4,178,6071,5542,485,22023,43,709,502,3,1371,76,0.010453
3,60502.2,2869.78,2140.7,1513,16,178,6071,5542,485,22023,43,709,502,3,1371,76,0.010453
3,32616.7,3034.69,3087.84,2458,9,247,7602,6905,670,27413,33,906,686,9,1379,262,0.010453
3,61410.6,3034.69,3087.84,2458,17,247,7602,6905,670,27413,33,906,686,9,1379,262,0.010453
3,68200.6,3034.69,3087.84,2458,3,247,7602,6905,670,27413,33,906,686,9,1379,262,0.010453
3,29689.8,2250.18,2544.72,2037,8,202,6356,5759,514,22027,34,805,604,7,1527,107,0.010453
3,30116.6,2250.18,2544.72,2037,10,202,6356,5759,514,22027,34,805,604,7,1527,107,0.010453
3,52074.7,2250.18,2544.72,2037,18,202,6356,5759,514,22027,34,805,604,7,1527,107,0.010453
3,29444.7,3090.33,2924.64,2354,12,265,8226,7556,720,30528,44,936,703,9,1423,228,0.010453
3,57990.1,3090.33,2924.64,2354,16,265,8226,7556,720,30528,44,936,703,9,1423,228,0.010453
3,69581.6,3090.33,2924.64,2354,9,265,8226,7556,720,30528,44,936,703,9,1423,228,0.010453
3,16888.4,2296.87,1495.76,1187,8,223,6553,5820,509,21687,29,504,359,2,814,75,0.010453
3,46669.2,2296.87,1495.76,1187,6,223,6553,5820,509,21687,29,504,359,2,814,75,0.010453
3,48867.8,2296.87,1495.76,1187,9,223,6553,5820,509,21687,29,504,359,2,814,75,0.010453
3,42385.1,1522.54,2646.81,2094,4,166,4522,4014,320,14924,37,801,590,5,1523,99,0.010453
3,60088,1522.54,2646.81,2094,18,166,4522,4014,320,14924,37,801,590,5,1523,99,0.010453
3,60848.2,1522.54,2646.81,2094,6,166,4522,4014,320,14924,37,801,590,5,1523,99,0.010453
3,15499,3671.91,2821.48,2150,5,252,9361,9055,825,36939,47,1047,783,13,2712,45,0.010453
3,20197.2,3671.91,2821.48,2150,4,252,9361,9055,825,36939,47,1047,783,13,2712,45,0.010453
3,73509.5,3671.91,2821.48,2150,24,252,9361,9055,825,36939,47,1047,783,13,2712,45,0.010453
3,14386.8,4680.8,2368.01,1624,4,260,8289,7665,702,30867,44,750,529,2,1573,84,0.010453
3,39931.1,4680.8,2368.01,1624,10,260,8289,7665,702,30867,44,750,529,2,1573,84,0.010453
3,72305.8,4680.8,2368.01,1624,13,260,8289,7665,702,30867,44,750,529,2,1573,84,0.010453
3,27194.8,3011.86,1090.14,840,12,234,7050,6437,624,25537,23,404,291,0,664,67,0.010453
3,36529.2,3011.86,1090.14,840,3,234,7050,6437,624,25537,23,404,291,0,664,67,0.010453
3,58565.3,3011.86,1090.14,840,8,234,7050,6437,624,25537,23,404,291,0,664,67,0.010453
3,24058.7,3809.64,3058.7,2238,4,275,9474,9028,899,37123,54,1289,998,15,3078,90,0.010453
3,44521.9,3809.64,3058.7,2238,14,275,9474,9028,899,37123,54,1289,998,15,3078,90,0.010453
3,80710.8,3809.64,3058.7,2238,16,275,9474,9028,899,37123,54,1289,998,15,3078,90,0.010453
3,9664.11,3800.79,2086.39,1579,4,259,9382,9060,829,37447,40,921,666,18,2081,38,0.010453
3,26134.6,3800.79,2086.39,1579,4,259,9382,9060,829,37447,40,921,666,18,2081,38,0.010453
3,76950.3,3800.79,2086.39,1579,28,259,9382,9060,829,37447,40,921,666,18,2081,38,0.010453
3,49262.3,2932.84,5129.2,4105,14,254,7878,7152,715,29306,63,1546,1184,13,2738,311,0.010453
3,76687.5,2932.84,5129.2,4105,18,254,7878,7152,715,29306,63,1546,1184,13,2738,311,0.010453
3,81802.3,2932.84,5129.2,4105,13,254,7878,7152,715,29306,63,1546,1184,13,2738,311,0.010453
3,21951,2442.5,1199.48,950,4,221,6619,5958,523,22920,22,356,237,0,434,88,0.010453
3,51900.5,2442.5,1199.48,950,8,221,6619,5958,523,22920,22,356,237,0,434,88,0.010453
3,54656.4,2442.5,1199.48,950,3,221,6619,5958,523,22920,22,356,237,0,434,88,0.010453
3,15438.3,5313.79,5039.88,3298,5,263,9701,9416,884,40110,70,1637,1257,36,4412,70,0.010453
3,33419.6,5313.79,5039.88,3298,11,263,9701,9416,884,40110,70,1637,1257,36,4412,70,0.010453
3,88801.3,5313.79,5039.88,3298,31,263,9701,9416,884,40110,70,1637,1257,36,4412,70,0.010453
3,39089.2,4468.66,6029.25,4631,9,294,10223,9938,1034,42481,86,2435,1962,77,6615,165,0.010453
3,43532.4,4468.66,6029.25,4631,14,294,10223,9938,1034,42481,86,2435,1962,77,6615,165,0.010453
3,102029,4468.66,6029.25,4631,30,294,10223,9938,1034,42481,86,2435,1962,77,6615,165,0.010453
3,16766.6,3091.39,2058.41,1588,5,252,7999,7380,689,29550,45,770,550,3,1608,104,0.010453
3,42351.8,3091.39,2058.41,1588,11,252,7999,7380,689,29550,45,770,550,3,1608,104,0.010453
3,71351.8,3091.39,2058.41,1588,13,252,7999,7380,689,29550,45,770,550,3,1608,104,0.010453
3,19281.5,3282.13,2827.89,2178,7,260,7927,7205,667,28008,38,686,521,4,1240,132,0.010453
3,50308,3282.13,2827.89,2178,11,260,7927,7205,667,28008,38,686,521,4,1240,132,0.010453
3,60257.1,3282.13,2827.89,2178,7,260,7927,7205,667,28008,38,686,521,4,1240,132,0.010453
3,37036,1825.49,2072.18,1582,9,158,4399,3872,324,14124,34,643,461,6,1256,82,0.010453
3,41998,1825.49,2072.18,1582,6,158,4399,3872,324,14124,34,643,461,6,1256,82,0.010453
3,45843.9,1825.49,2072.18,1582,15,158,4399,3872,324,14124,34,643,461,6,1256,82,0.010453
3,38589.3,4207.94,4710.63,3535,11,283,9983,9691,989,41412,80,1897,1496,25,5164,120,0.010453
3,39680.6,4207.94,4710.63,3535,9,283,9983,9691,989,41412,80,1897,1496,25,5164,120,0.010453
3,97063.9,4207.94,4710.63,3535,21,283,9983,9691,989,41412,80,1897,1496,25,5164,120,0.010453
3,12969.1,3684.03,2918.16,2232,5,269,9368,8995,872,36161,48,1116,862,18,2624,72,0.010453
3,34272.1,3684.03,2918.16,2232,13,269,9368,8995,872,36161,48,1116,862,18,2624,72,0.010453
3,71487,3684.03,2918.16,2232,15,269,9368,8995,872,36161,48,1116,862,18,2624,72,0.010453
3,33547.7,2590.7,2716.22,2072,8,225,6946,6272,566,25292,41,1001,756,9,1950,181,0.010453
3,58630.3,2590.7,2716.22,2072,17,225,6946,6272,566,25292,41,1001,756,9,1950,181,0.010453
3,74060.1,2590.7,2716.22,2072,10,225,6946,6272,566,25292,41,1001,756,9,1950,181,0.010453
3,30825.6,1909.87,2081.75,1660,9,186,5417,4843,395,18363,33,695,515,7,1181,131,0.010453
3,43831.9,1909.87,2081.75,1660,16,186,5417,4843,395,18363,33,695,515,7,1181,131,0.010453
3,54249.9,1909.87,2081.75,1660,10,186,5417,4843,395,18363,33,695,515,7,1181,131,0.010453
3,6963.54,3788.24,2104.34,1654,3,264,9278,8847,794,35841,42,930,669,19,2089,41,0.010453
3,26934.7,3788.24,2104.34,1654,4,264,9278,8847,794,35841,42,930,669,19,2089,41,0.010453
3,73634,3788.24,2104.34,1654,24,264,9278,8847,794,35841,42,930,669,19,2089,41,0.010453
3,39284.2,1568.81,2100.41,1627,5,161,4632,4096,347,15750,42,721,513,2,1578,69,0.010453
3,56384.2,1568.81,2100.41,1627,16,161,4632,4096,347,15750,42,721,513,2,1578,69,0.010453
3,57695.5,1568.81,2100.41,1627,9,161,4632,4096,347,15750,42,721,513,2,1578,69,0.010453
3,16319.6,1944.73,2984.79,2356,4,198,5656,4942,396,17566,33,624,472,11,1287,50,0.010453
3,41258.2,1944.73,2984.79,2356,8,198,5656,4942,396,17566,33,624,472,11,1287,50,0.010453
3,43480.9,1944.73,2984.79,2356,14,198,5656,4942,396,17566,33,624,472,11,1287,50,0.010453
3,31665.6,6014.83,5847.1,3947,5,277,9918,9635,960,40683,70,2045,1626,48,5502,103,0.010453
3,35897.5,6014.83,5847.1,3947,15,277,9918,9635,960,40683,70,2045,1626,48,5502,103,0.010453
3,94394.3,6014.83,5847.1,3947,31,277,9918,9635,960,40683,70,2045,1626,48,5502,103,0.010453
3,10437.6,3289.59,1789.41,1404,6,239,8598,7982,700,30397,34,737,556,7,1541,50,0.010453
3,30598.4,3289.59,1789.41,1404,5,239,8598,7982,700,30397,34,737,556,7,1541,50,0.010453
3,54800.3,3289.59,1789.41,1404,17,239,8598,7982,700,30397,34,737,556,7,1541,50,0.010453
3,28366.1,3561.99,3616.74,2868,7,250,7812,7213,741,29459,36,973,746,10,1790,155,0.010453
3,45707.1,3561.99,3616.74,2868,22,250,7812,7213,741,29459,36,973,746,10,1790,155,0.010453
3,74315.9,3561.99,3616.74,2868,16,250,7812,7213,741,29459,36,973,746,10,1790,155,0.010453
3,37204.1,5403.45,9501.88,6907,8,279,10458,10154,1017,43749,101,2883,2339,64,8099,204,0.010453
3,52227,5403.45,9501.88,6907,20,279,10458,10154,1017,43749,101,2883,2339,64,8099,204,0.010453
3,110163,5403.45,9501.88,6907,34,279,10458,10154,1017,43749,101,2883,2339,64,8099,204,0.010453
3,6188.52,5417.93,2749.59,1787,3,263,9278,8831,775,35975,42,935,674,20,2126,42,0.010453
3,27746.8,5417.93,2749.59,1787,4,263,9278,8831,775,35975,42,935,674,20,2126,42,0.010453
3,74030.7,5417.93,2749.59,1787,24,263,9278,8831,775,35975,42,935,674,20,2126,42,0.010453
3,11457.9,3302.44,2684.51,1980,4,226,7346,6744,655,27372,41,981,723,16,2128,98,0.010453
3,47949.2,3302.44,2684.51,1980,15,226,7346,6744,655,27372,41,981,723,16,2128,98,0.010453
3,72859.3,3302.44,2684.51,1980,22,226,7346,6744,655,27372,41,981,723,16,2128,98,0.010453
3,10006.3,2698.75,1107.79,823,5,219,7189,6444,505,24022,26,505,363,8,900,47,0.010453
3,42638.1,2698.75,1107.79,823,4,219,7189,6444,505,24022,26,505,363,8,900,47,0.010453
3,50107.6,2698.75,1107.79,823,12,219,7189,6444,505,24022,26,505,363,8,900,47,0.010453
3,28216.6,2722.18,2825.29,2204,8,237,7349,6715,629,27514,52,1010,754,7,1988,172,0.010453
3,54191.6,2722.18,2825.29,2204,14,237,7349,6715,629,27514,52,1010,754,7,1988,172,0.010453
3,73709.8,2722.18,2825.29,2204,11,237,7349,6715,629,27514,52,1010,754,7,1988,172,0.010453
3,39786.7,2810.67,2884.86,2297,6,252,7630,6968,730,28351,38,863,658,2,1352,181,0.010453
3,56954.7,2810.67,2884.86,2297,11,252,7630,6968,730,28351,38,863,658,2,1352,181,0.010453
3,72492.1,2810.67,2884.86,2297,5,252,7630,6968,730,28351,38,863,658,2,1352,181,0.010453
3,45130,3029.18,4773.01,3807,15,252,7398,6678,669,27159,54,1382,1049,8,2603,237,0.010453
3,72409.5,3029.18,4773.01,3807,11,252,7398,6678,669,27159,54,1382,1049,8,2603,237,0.010453
3,74889.5,3029.18,4773.01,3807,18,252,7398,6678,669,27159,54,1382,1049,8,2603,237,0.010453
3,18417.8,4127.48,1659.86,1188,7,250,8749,8249,735,32257,30,640,454,7,1402,39,0.010453
3,19450.5,4127.48,1659.86,1188,6,250,8749,8249,735,32257,30,640,454,7,1402,39,0.010453
3,60538,4127.48,1659.86,1188,22,250,8749,8249,735,32257,30,640,454,7,1402,39,0.010453
3,32383.7,2767.7,4416.87,3639,8,225,6770,6096,533,24517,40,962,722,6,1688,199,0.010453
3,55546.4,2767.7,4416.87,3639,17,225,6770,6096,533,24517,40,962,722,6,1688,199,0.010453
3,71093.6,2767.7,4416.87,3639,10,225,6770,6096,533,24517,40,962,722,6,1688,199,0.010453
3,12585.6,4535.93,1780,1282,7,246,8603,8065,696,30965,31,649,484,2,1353,46,0.010453
3,26131.7,4535.93,1780,1282,5,246,8603,8065,696,30965,31,649,484,2,1353,46,0.010453
3,56690.6,4535.93,1780,1282,17,246,8603,8065,696,30965,31,649,484,2,1353,46,0.010453
3,20634.3,2408.83,1867.1,1458,13,186,6221,5705,504,22440,36,693,503,1,1278,86,0.010453
3,39956.1,2408.83,1867.1,1458,7,186,6221,5705,504,22440,36,693,503,1,1278,86,0.010453
3,58967.2,2408.83,1867.1,1458,21,186,6221,5705,504,22440,36,693,503,1,1278,86,0.010453
3,25109.8,3838.11,3767.61,2846,8,269,9475,9203,834,38654,63,1600,1261,29,4383,57,0.010453
3,26495.9,3838.11,3767.61,2846,11,269,9475,9203,834,38654,63,1600,1261,29,4383,57,0.010453
3,84988.5,3838.11,3767.61,2846,26,269,9475,9203,834,38654,63,1600,1261,29,4383,57,0.010453
3,33724.5,4049.72,9447.19,6990,5,286,10233,9937,1019,42372,92,2526,2030,66,7039,180,0.010453
3,43139.4,4049.72,9447.19,6990,18,286,10233,9937,1019,42372,92,2526,2030,66,7039,180,0.010453
3,101632,4049.72,9447.19,6990,33,286,10233,9937,1019,42372,92,2526,2030,66,7039,180,0.010453
3,19207.3,3286.65,1843.92,1416,10,227,6702,6033,542,22866,34,544,404,1,962,81,0.010453
3,41077.2,3286.65,1843.92,1416,7,227,6702,6033,542,22866,34,544,404,1,962,81,0.010453
3,50552.6,3286.65,1843.92,1416,8,227,6702,6033,542,22866,34,544,404,1,962,81,0.010453
3,33394.3,4212.22,3906.31,3097,10,292,9843,9337,1014,39071,58,1540,1186,16,3319,185,0.010453
3,52502.1,4212.22,3906.31,3097,13,292,9843,9337,1014,39071,58,1540,1186,16,3319,185,0.010453
3,88025.6,4212.22,3906.31,3097,16,292,9843,9337,1014,39071,58,1540,1186,16,3319,185,0.010453
3,3760.57,3632.18,2009.2,1596,3,258,9051,8616,803,33947,40,830,634,11,1835,39,0.010453
3,34642.6,3632.18,2009.2,1596,5,258,9051,8616,803,33947,40,830,634,11,1835,39,0.010453
3,61964,3632.18,2009.2,1596,16,258,9051,8616,803,33947,40,830,634,11,1835,39,0.010453
3,31630.2,3136.14,1942.05,1446,4,159,5544,5002,400,18958,30,534,381,2,886,67,0.010453
3,32472.1,3136.14,1942.05,1446,11,159,5544,5002,400,18958,30,534,381,2,886,67,0.010453
3,47287.4,3136.14,1942.05,1446,14,159,5544,5002,400,18958,30,534,381,2,886,67,0.010453
3,13248.6,5237.19,3059.19,2128,5,267,9391,9039,882,36602,50,1144,884,23,2747,72,0.010453
3,33369.8,5237.19,3059.19,2128,13,267,9391,9039,882,36602,50,1144,884,23,2747,72,0.010453
3,71814.1,5237.19,3059.19,2128,15,267,9391,9039,882,36602,50,1144,884,23,2747,72,0.010453
3,969.028,3203.73,5318.48,3871,2,206,7307,6686,687,27708,66,1506,1137,19,3221,165,0.010453
3,58159.9,3203.73,5318.48,3871,15,206,7307,6686,687,27708,66,1506,1137,19,3221,165,0.010453
3,78652.5,3203.73,5318.48,3871,31,206,7307,6686,687,27708,66,1506,1137,19,3221,165,0.010453
3,23318.4,3838.26,2546.87,1894,7,222,6787,6115,527,23519,37,708,511,0,1286,124,0.010453
3,36603.7,3838.26,2546.87,1894,9,222,6787,6115,527,23519,37,708,511,0,1286,124,0.010453
3,57655.5,3838.26,2546.87,1894,12,222,6787,6115,527,23519,37,708,511,0,1286,124,0.010453
3,42162.6,6225.95,9197.81,6596,12,289,10828,10508,1105,45546,102,3038,2448,64,8209,271,0.010453
3,59619.8,6225.95,9197.81,6596,22,289,10828,10508,1105,45546,102,3038,2448,64,8209,271,0.010453
3,116612,6225.95,9197.81,6596,38,289,10828,10508,1105,45546,102,3038,2448,64,8209,271,0.010453
3,37668.5,1617.52,1570.59,1221,8,144,4151,3622,269,13339,26,545,392,7,1021,68,0.010453
3,39653.5,1617.52,1570.59,1221,9,144,4151,3622,269,13339,26,545,392,7,1021,68,0.010453
3,43612.2,1617.52,1570.59,1221,14,144,4151,3622,269,13339,26,545,392,7,1021,68,0.010453
3,10372.3,4630.16,3129.03,2154,3,263,9548,9244,839,38509,51,1157,856,26,2631,50,0.010453
3,30693.8,4630.16,3129.03,2154,4,263,9548,9244,839,38509,51,1157,856,26,2631,50,0.010453
3,82056.7,4630.16,3129.03,2154,27,263,9548,9244,839,38509,51,1157,856,26,2631,50,0.010453
3,29082.3,2504.88,1979.69,1549,5,201,6066,5429,448,21047,36,718,532,3,1260,118,0.010453
3,46240.5,2504.88,1979.69,1549,12,201,6066,5429,448,21047,36,718,532,3,1260,118,0.010453
3,60955.2,2504.88,1979.69,1549,11,201,6066,5429,448,21047,36,718,532,3,1260,118,0.010453
3,41516.3,3797.35,4335.28,3470,15,275,8822,8168,866,33744,49,1204,919,12,1835,315,0.010453
3,64047.2,3797.35,4335.28,3470,21,275,8822,8168,866,33744,49,1204,919,12,1835,315,0.010453
3,83452.3,3797.35,4335.28,3470,9,275,8822,8168,866,33744,49,1204,919,12,1835,315,0.010453
3,23508.1,2588.92,1929.17,1516,8,224,6759,6101,521,23352,37,694,500,1,1247,122,0.010453
3,36062.7,2588.92,1929.17,1516,9,224,6759,6101,521,23352,37,694,500,1,1247,122,0.010453
3,57538.9,2588.92,1929.17,1516,12,224,6759,6101,521,23352,37,694,500,1,1247,122,0.010453
3,18823.8,2717.89,1582.1,1190,5,235,7401,6812,622,26667,36,617,429,1,1291,70,0.010453
3,39658.2,2717.89,1582.1,1190,10,235,7401,6812,622,26667,36,617,429,1,1291,70,0.010453
3,65341.5,2717.89,1582.1,1190,11,235,7401,6812,622,26667,36,617,429,1,1291,70,0.010453
3,43254.6,5286.53,8829.84,6613,10,289,10778,10459,1093,45491,103,3122,2525,71,8538,275,0.010453
3,60244.9,5286.53,8829.84,6613,22,289,10778,10459,1093,45491,103,3122,2525,71,8538,275,0.010453
3,117554,5286.53,8829.84,6613,39,289,10778,10459,1093,45491,103,3122,2525,71,8538,275,0.010453
3,12112.6,3410.94,2910.92,2144,6,227,7755,7149,715,29240,48,1181,879,20,2563,122,0.010453
3,53719.4,3410.94,2910.92,2144,16,227,7755,7149,715,29240,48,1181,879,20,2563,122,0.010453
3,79542.2,3410.94,2910.92,2144,23,227,7755,7149,715,29240,48,1181,879,20,2563,122,0.010453
3,29186.9,2537.99,2065.97,1596,4,167,5739,5165,430,19440,32,648,457,1,1017,114,0.010453
3,33019.9,2537.99,2065.97,1596,10,167,5739,5165,430,19440,32,648,457,1,1017,114,0.010453
3,46905.3,2537.99,2065.97,1596,17,167,5739,5165,430,19440,32,648,457,1,1017,114,0.010453
3,21683.6,3694.96,2624.72,2014,7,254,8084,7448,720,30171,49,910,670,6,1954,123,0.010453
3,47754.7,3694.96,2624.72,2014,12,254,8084,7448,720,30171,49,910,670,6,1954,123,0.010453
3,75016.1,3694.96,2624.72,2014,14,254,8084,7448,720,30171,49,910,670,6,1954,123,0.010453
3,17141.7,4817.28,3672.48,2794,4,264,9720,9429,896,40101,66,1565,1181,33,4013,73,0.010453
3,36120.6,4817.28,3672.48,2794,11,264,9720,9429,896,40101,66,1565,1181,33,4013,73,0.010453
3,90812.6,4817.28,3672.48,2794,29,264,9720,9429,896,40101,66,1565,1181,33,4013,73,0.010453
3,30848,2974.74,3005.63,2364,8,228,7119,6448,573,26356,42,978,737,6,1852,176,0.010453
3,55238.3,2974.74,3005.63,2364,17,228,7119,6448,573,26356,42,978,737,6,1852,176,0.010453
3,72453.4,2974.74,3005.63,2364,10,228,7119,6448,573,26356,42,978,737,6,1852,176,0.010453
3,50384.9,3852.38,6275.64,5091,20,260,8329,7625,815,31791,59,1635,1286,17,2943,396,0.010453
3,74981.3,3852.38,6275.64,5091,22,260,8329,7625,815,31791,59,1635,1286,17,2943,396,0.010453
3,83590,3852.38,6275.64,5091,11,260,8329,7625,815,31791,59,1635,1286,17,2943,396,0.010453
3,34503.3,3974,3444.27,2724,10,272,8847,8246,805,33841,48,1099,838,8,1885,247,0.010453
3,57456.3,3974,3444.27,2724,16,272,8847,8246,805,33841,48,1099,838,8,1885,247,0.010453
3,79915.9,3974,3444.27,2724,7,272,8847,8246,805,33841,48,1099,838,8,1885,247,0.010453
3,43206.3,3115.71,4136.42,3330,16,251,7967,7290,720,29976,43,1092,847,9,1633,334,0.010453
3,68715.8,3115.71,4136.42,3330,18,251,7967,7290,720,29976,43,1092,847,9,1633,334,0.010453
3,78255.7,3115.71,4136.42,3330,3,251,7967,7290,720,29976,43,1092,847,9,1633,334,0.010453
3,29616.9,2944.81,1256.45,993,11,234,7217,6631,671,26244,21,444,324,0,704,78,0.010453
3,37806.3,2944.81,1256.45,993,4,234,7217,6631,671,26244,21,444,324,0,704,78,0.010453
3,61007,2944.81,1256.45,993,7,234,7217,6631,671,26244,21,444,324,0,704,78,0.010453
3,23455.9,3205.8,2720.77,2056,12,251,7988,7392,773,30385,44,1021,770,7,1980,140,0.010453
3,53881.1,3205.8,2720.77,2056,23,251,7988,7392,773,30385,44,1021,770,7,1980,140,0.010453
3,82157.7,3205.8,2720.77,2056,20,251,7988,7392,773,30385,44,1021,770,7,1980,140,0.010453
3,28177,1809.14,1856.23,1413,5,154,5150,4523,340,16456,28,526,375,3,851,79,0.010453
3,36741.7,1809.14,1856.23,1413,13,154,5150,4523,340,16456,28,526,375,3,851,79,0.010453
3,43026.1,1809.14,1856.23,1413,13,154,5150,4523,340,16456,28,526,375,3,851,79,0.010453
3,34988,4909.7,4957.15,3680,10,294,9738,9237,983,38961,63,1693,1321,19,3620,197,0.010453
3,53796.6,4909.7,4957.15,3680,14,294,9738,9237,983,38961,63,1693,1321,19,3620,197,0.010453
3,89584.8,4909.7,4957.15,3680,11,294,9738,9237,983,38961,63,1693,1321,19,3620,197,0.010453
3,41714.4,1978.32,3563.06,2748,7,186,5269,4671,395,18117,43,957,728,12,1529,193,0.010453
3,61405.6,1978.32,3563.06,2748,15,186,5269,4671,395,18117,43,957,728,12,1529,193,0.010453
3,66925,1978.32,3563.06,2748,6,186,5269,4671,395,18117,43,957,728,12,1529,193,0.010453
3,24489,2894.57,628.995,493,5,229,6792,6155,548,24282,12,215,137,0,214,61,0.010453
3,50003.1,2894.57,628.995,493,3,229,6792,6155,548,24282,12,215,137,0,214,61,0.010453
3,57194.3,2894.57,628.995,493,4,229,6792,6155,548,24282,12,215,137,0,214,61,0.010453
3,40074.4,2936.33,4285.52,3364,9,248,7567,6873,684,27736,45,1232,940,13,2151,233,0.010453
3,64310.4,2936.33,4285.52,3364,10,248,7567,6873,684,27736,45,1232,940,13,2151,233,0.010453
3,72176.7,2936.33,4285.52,3364,16,248,7567,6873,684,27736,45,1232,940,13,2151,233,0.010453
3,21711,4173.56,4250.13,3214,6,264,9498,9231,871,38079,59,1519,1191,31,3904,89,0.010453
3,30267.4,4173.56,4250.13,3214,8,264,9498,9231,871,38079,59,1519,1191,31,3904,89,0.010453
3,80207.9,4173.56,4250.13,3214,22,264,9498,9231,871,38079,59,1519,1191,31,3904,89,0.010453
3,10641.5,4713.88,3673.64,2637,4,278,9773,9326,915,39211,64,1503,1116,31,3768,50,0.010453
3,43631.2,4713.88,3673.64,2637,6,278,9773,9326,915,39211,64,1503,1116,31,3768,50,0.010453
3,89463.7,4713.88,3673.64,2637,23,278,9773,9326,915,39211,64,1503,1116,31,3768,50,0.010453
3,25895.3,2939.78,789.576,618,4,222,6979,6383,620,25385,18,286,191,0,433,56,0.010453
3,44771.1,2939.78,789.576,618,3,222,6979,6383,620,25385,18,286,191,0,433,56,0.010453
3,58595.8,2939.78,789.576,618,3,222,6979,6383,620,25385,18,286,191,0,433,56,0.010453
3,26126.9,4364.27,7519.61,5230,4,269,10009,9714,950,41307,83,2255,1772,40,6224,120,0.010453
3,42310.7,4364.27,7519.61,5230,17,269,10009,9714,950,41307,83,2255,1772,40,6224,120,0.010453
3,99262.5,4364.27,7519.61,5230,33,269,10009,9714,950,41307,83,2255,1772,40,6224,120,0.010453
3,17667,4810.92,3801.03,2898,6,260,9858,9536,904,40350,54,1355,1008,19,2906,130,0.010453
3,42186.3,4810.92,3801.03,2898,10,260,9858,9536,904,40350,54,1355,1008,19,2906,130,0.010453
3,92884.7,4810.92,3801.03,2898,31,260,9858,9536,904,40350,54,1355,1008,19,2906,130,0.010453
3,37095.7,2403.2,3234.56,2511,5,187,5465,4874,443,18445,46,973,731,8,1765,174,0.010453
3,56743.5,2403.2,3234.56,2511,14,187,5465,4874,443,18445,46,973,731,8,1765,174,0.010453
3,63627.7,2403.2,3234.56,2511,7,187,5465,4874,443,18445,46,973,731,8,1765,174,0.010453
3,28556.9,3241.34,3089.17,2396,8,238,7170,6503,609,26357,44,995,741,13,1845,180,0.010453
3,51647.3,3241.34,3089.17,2396,16,238,7170,6503,609,26357,44,995,741,13,1845,180,0.010453
3,70026.5,3241.34,3089.17,2396,13,238,7170,6503,609,26357,44,995,741,13,1845,180,0.010453
3,7556.18,4523.56,2278.22,1660,3,262,9378,9042,816,37620,42,943,679,15,2077,39,0.010453
3,30457.4,4523.56,2278.22,1660,4,262,9378,9042,816,37620,42,943,679,15,2077,39,0.010453
3,80802.1,4523.56,2278.22,1660,27,262,9378,9042,816,37620,42,943,679,15,2077,39,0.010453
3,25078.5,3986.07,2956.7,2341,10,293,8748,8190,788,33260,48,1012,766,10,1711,185,0.010453
3,51653.3,3986.07,2956.7,2341,17,293,8748,8190,788,33260,48,1012,766,10,1711,185,0.010453
3,71919.4,3986.07,2956.7,2341,8,293,8748,8190,788,33260,48,1012,766,10,1711,185,0.010453
3,33329.8,3190.57,2997.03,2348,7,257,7329,6654,664,26620,40,811,611,8,1457,159,0.010453
3,58440.4,3190.57,2997.03,2348,11,257,7329,6654,664,26620,40,811,611,8,1457,159,0.010453
3,65577.9,3190.57,2997.03,2348,11,257,7329,6654,664,26620,40,811,611,8,1457,159,0.010453
3,27030.9,2640.22,1879.86,1449,5,172,5682,5135,481,19694,36,744,537,4,1608,57,0.010453
3,51876.7,2640.22,1879.86,1449,4,172,5682,5135,481,19694,36,744,537,4,1608,57,0.010453
3,61529.4,2640.22,1879.86,1449,15,172,5682,5135,481,19694,36,744,537,4,1608,57,0.010453
3,46732.2,1672.62,2220.33,1744,7,152,4545,4032,369,14864,33,727,540,3,1403,93,0.010453
3,49058.7,1672.62,2220.33,1744,4,152,4545,4032,369,14864,33,727,540,3,1403,93,0.010453
3,56608.9,1672.62,2220.33,1744,19,152,4545,4032,369,14864,33,727,540,3,1403,93,0.010453
3,14523.1,3719.64,2685.62,2012,6,284,9357,8756,900,35564,57,991,716,14,2342,69,0.010453
3,47521.8,3719.64,2685.62,2012,7,284,9357,8756,900,35564,57,991,716,14,2342,69,0.010453
3,85662.7,3719.64,2685.62,2012,16,284,9357,8756,900,35564,57,991,716,14,2342,69,0.010453
3,29635.1,2971.06,2108.57,1661,8,211,6693,6031,532,23194,34,733,552,7,1410,99,0.010453
3,30654.8,2971.06,2108.57,1661,13,211,6693,6031,532,23194,34,733,552,7,1410,99,0.010453
3,55923.5,2971.06,2108.57,1661,14,211,6693,6031,532,23194,34,733,552,7,1410,99,0.010453
3,37922.8,4890.38,8700.31,6199,6,295,10418,10130,1072,43607,97,2747,2236,80,7647,207,0.010453
3,46252.5,4890.38,8700.31,6199,15,295,10418,10130,1072,43607,97,2747,2236,80,7647,207,0.010453
3,104749,4890.38,8700.31,6199,33,295,10418,10130,1072,43607,97,2747,2236,80,7647,207,0.010453
3,27578.8,2786.7,1362.89,1002,12,214,6644,5963,532,22928,28,431,307,2,700,62,0.010453
3,31509.9,2786.7,1362.89,1002,5,214,6644,5963,532,22928,28,431,307,2,700,62,0.010453
3,55069.1,2786.7,1362.89,1002,12,214,6644,5963,532,22928,28,431,307,2,700,62,0.010453
3,21096.6,3142.83,2167.46,1633,13,190,6222,5707,511,22463,36,694,504,1,1279,86,0.010453
3,40100.8,3142.83,2167.46,1633,8,190,6222,5707,511,22463,36,694,504,1,1279,86,0.010453
3,59111.9,3142.83,2167.46,1633,22,190,6222,5707,511,22463,36,694,504,1,1279,86,0.010453
3,8836.09,4488.69,3861.09,2874,5,277,9637,9189,886,38571,63,1479,1092,24,3710,67,0.010453
3,42691.5,4488.69,3861.09,2874,6,277,9637,9189,886,38571,63,1479,1092,24,3710,67,0.010453
3,87658.2,4488.69,3861.09,2874,24,277,9637,9189,886,38571,63,1479,1092,24,3710,67,0.010453
3,45050.5,1651.89,2321.06,1791,4,150,4515,3989,344,14895,34,767,569,7,1405,110,0.010453
3,47422.1,1651.89,2321.06,1791,10,150,4515,3989,344,14895,34,767,569,7,1405,110,0.010453
3,54586.3,1651.89,2321.06,1791,13,150,4515,3989,344,14895,34,767,569,7,1405,110,0.010453
3,13545.3,3366.73,1635.43,1254,6,232,7966,7299,638,27307,33,643,481,2,1326,51,0.010453
3,29934,3366.73,1635.43,1254,9,232,7966,7299,638,27307,33,643,481,2,1326,51,0.010453
3,52243.9,3366.73,1635.43,1254,16,232,7966,7299,638,27307,33,643,481,2,1326,51,0.010453
3,42113,1533.8,1860.77,1472,6,138,4119,3638,300,13150,26,582,420,1,957,107,0.010453
3,46402.5,1533.8,1860.77,1472,12,138,4119,3638,300,13150,26,582,420,1,957,107,0.010453
3,48837.9,1533.8,1860.77,1472,11,138,4119,3638,300,13150,26,582,420,1,957,107,0.010453
3,50046.1,3031.27,6129.16,4912,14,250,7658,6924,723,28421,64,1742,1356,32,3608,281,0.010453
3,76695.2,3031.27,6129.16,4912,14,250,7658,6924,723,28421,64,1742,1356,32,3608,281,0.010453
3,79003.3,3031.27,6129.16,4912,21,250,7658,6924,723,28421,64,1742,1356,32,3608,281,0.010453
3,34387.4,1728.3,1946.43,1536,4,159,4679,4137,374,15572,31,669,473,2,1256,77,0.010453
3,49681.1,1728.3,1946.43,1536,9,159,4679,4137,374,15572,31,669,473,2,1256,77,0.010453
3,52907.7,1728.3,1946.43,1536,13,159,4679,4137,374,15572,31,669,473,2,1256,77,0.010453
3,47655.6,1668.55,3530.01,2787,8,169,4739,4183,344,16271,47,1054,800,11,1891,155,0.010453
3,67469.6,1668.55,3530.01,2787,15,169,4739,4183,344,16271,47,1054,800,11,1891,155,0.010453
3,68399.2,1668.55,3530.01,2787,5,169,4739,4183,344,16271,47,1054,800,11,1891,155,0.010453
3,3024.83,2991.38,4204.95,3232,2,207,7314,6695,693,27644,66,1533,1164,15,3274,170,0.010453
3,61757.1,2991.38,4204.95,3232,15,207,7314,6695,693,27644,66,1533,1164,15,3274,170,0.010453
3,81924.5,2991.38,4204.95,3232,27,207,7314,6695,693,27644,66,1533,1164,15,3274,170,0.010453
3,29908.9,2372.47,2068.43,1714,12,211,6623,5972,525,22780,33,641,474,4,1191,84,0.010453
3,29959.1,2372.47,2068.43,1714,6,211,6623,5972,525,22780,33,641,474,4,1191,84,0.010453
3,55185.1,2372.47,2068.43,1714,14,211,6623,5972,525,22780,33,641,474,4,1191,84,0.010453
3,26414.1,2626.78,1667.87,1334,12,220,6935,6282,588,24415,25,581,420,2,874,112,0.010453
3,35049.5,2626.78,1667.87,1334,6,220,6935,6282,588,24415,25,581,420,2,874,112,0.010453
3,55464.7,2626.78,1667.87,1334,12,220,6935,6282,588,24415,25,581,420,2,874,112,0.010453
3,39438.1,2322.7,3300.92,2502,8,203,5923,5269,485,20589,49,1097,828,4,1970,218,0.010453
3,61937.8,2322.7,3300.92,2502,20,203,5923,5269,485,20589,49,1097,828,4,1970,218,0.010453
3,70046.7,2322.7,3300.92,2502,6,203,5923,5269,485,20589,49,1097,828,4,1970,218,0.010453
3,28570.7,2026.45,1476.98,1172,6,165,5541,5020,406,19258,30,526,363,0,907,74,0.010453
3,38579.7,2026.45,1476.98,1172,5,165,5541,5020,406,19258,30,526,363,0,907,74,0.010453
3,51242,2026.45,1476.98,1172,21,165,5541,5020,406,19258,30,526,363,0,907,74,0.010453
3,15461.6,3829.83,1812.53,1403,7,246,8741,8248,736,32076,32,724,538,3,1630,45,0.010453
3,23461.4,3829.83,1812.53,1403,6,246,8741,8248,736,32076,32,724,538,3,1630,45,0.010453
3,58370.8,3829.83,1812.53,1403,18,246,8741,8248,736,32076,32,724,538,3,1630,45,0.010453
3,37103.2,4178.03,4573.59,3471,11,286,9934,9642,987,40834,77,1836,1455,28,4981,106,0.010453
3,38224.1,4178.03,4573.59,3471,9,286,9934,9642,987,40834,77,1836,1455,28,4981,106,0.010453
3,95577.9,4178.03,4573.59,3471,21,286,9934,9642,987,40834,77,1836,1455,28,4981,106,0.010453
3,15750.4,3782.34,1965.57,1514,7,265,8807,8297,765,32655,41,794,577,16,1824,43,0.010453
3,25179.7,3782.34,1965.57,1514,6,265,8807,8297,765,32655,41,794,577,16,1824,43,0.010453
3,65683.3,3782.34,1965.57,1514,21,265,8807,8297,765,32655,41,794,577,16,1824,43,0.010453
3,6311.5,3934.04,2250.21,1694,2,262,9440,9087,833,37661,38,903,650,13,2038,32,0.010453
3,29793.5,3934.04,2250.21,1694,3,262,9440,9087,833,37661,38,903,650,13,2038,32,0.010453
3,79666.5,3934.04,2250.21,1694,28,262,9440,9087,833,37661,38,903,650,13,2038,32,0.010453
3,13324.2,3339.13,4101.83,3284,8,197,6591,6032,570,24132,48,1092,816,10,2297,119,0.010453
3,47291.2,3339.13,4101.83,3284,11,197,6591,6032,570,24132,48,1092,816,10,2297,119,0.010453
3,66851.9,3339.13,4101.83,3284,25,197,6591,6032,570,24132,48,1092,816,10,2297,119,0.010453
3,41567.2,4557.69,4503.09,3629,11,281,9326,8682,912,36738,57,1350,1044,10,2371,287,0.010453
3,63011.2,4557.69,4503.09,3629,20,281,9326,8682,912,36738,57,1350,1044,10,2371,287,0.010453
3,87810.7,4557.69,4503.09,3629,6,281,9326,8682,912,36738,57,1350,1044,10,2371,287,0.010453
3,19192.6,2368.9,1987.7,1539,12,188,6261,5751,516,22631,37,748,547,4,1367,88,0.010453
3,41367.4,2368.9,1987.7,1539,7,188,6261,5751,516,22631,37,748,547,4,1367,88,0.010453
3,60378.5,2368.9,1987.7,1539,21,188,6261,5751,516,22631,37,748,547,4,1367,88,0.010453
3,40525.3,4211.06,6500.87,4688,10,285,9954,9667,965,41614,76,1866,1466,27,4878,127,0.010453
3,42881.1,4211.06,6500.87,4688,10,285,9954,9667,965,41614,76,1866,1466,27,4878,127,0.010453
3,98999.9,4211.06,6500.87,4688,20,285,9954,9667,965,41614,76,1866,1466,27,4878,127,0.010453
3,44022.8,2381.78,3652.39,2910,8,186,5403,4766,426,18905,47,1017,780,7,1832,205,0.010453
3,65722.1,2381.78,3652.39,2910,15,186,5403,4766,426,18905,47,1017,780,7,1832,205,0.010453
3,70454.8,2381.78,3652.39,2910,6,186,5403,4766,426,18905,47,1017,780,7,1832,205,0.010453
3,17611.8,3543.19,1865,1426,7,258,8508,7996,691,31303,39,749,533,12,1703,44,0.010453
3,22861.3,3543.19,1865,1426,7,258,8508,7996,691,31303,39,749,533,12,1703,44,0.010453
3,61910.6,3543.19,1865,1426,21,258,8508,7996,691,31303,39,749,533,12,1703,44,0.010453
3,28816.9,3026.47,1932.82,1528,8,248,7439,6849,636,27555,28,685,499,2,1108,118,0.010453
3,40830.2,3026.47,1932.82,1528,17,248,7439,6849,636,27555,28,685,499,2,1108,118,0.010453
3,69714.5,3026.47,1932.82,1528,14,248,7439,6849,636,27555,28,685,499,2,1108,118,0.010453
3,24186.1,2598.03,1435.1,1114,12,230,6923,6284,583,24395,27,520,378,2,825,93,0.010453
3,37069.9,2598.03,1435.1,1114,7,230,6923,6284,583,24395,27,520,378,2,825,93,0.010453
3,55387.4,2598.03,1435.1,1114,11,230,6923,6284,583,24395,27,520,378,2,825,93,0.010453
3,15400.6,3092.05,1589.44,1239,3,246,7917,7298,676,28768,32,633,448,2,1337,61,0.010453
3,36529.6,3092.05,1589.44,1239,10,246,7917,7298,676,28768,32,633,448,2,1337,61,0.010453
3,66256.4,3092.05,1589.44,1239,14,246,7917,7298,676,28768,32,633,448,2,1337,61,0.010453
3,14900.2,3837.83,2721.54,2063,5,253,9386,9089,831,37238,49,1106,825,20,2817,43,0.010453
3,20792.8,3837.83,2721.54,2063,4,253,9386,9089,831,37238,49,1106,825,20,2817,43,0.010453
3,74021.4,3837.83,2721.54,2063,25,253,9386,9089,831,37238,49,1106,825,20,2817,43,0.010453
