K,dist,cost_ki,cost_hi,h_cost,vnum,gen_ki,push_ki,pop_ki,prune_ki,suc_call_ki,gen_hi,push_hi,pop_hi,prune_hi,suc_call_hi,reevaluate,density
5,29940.7,3723.7,10018.1,9143,3,175,5310,4768,411,18998,46,1027,756,1,1587,215,0.0278746
5,33043,3723.7,10018.1,9143,12,175,5310,4768,411,18998,46,1027,756,1,1587,215,0.0278746
5,33177.4,3723.7,10018.1,9143,6,175,5310,4768,411,18998,46,1027,756,1,1587,215,0.0278746
5,50154.5,3723.7,10018.1,9143,7,175,5310,4768,411,18998,46,1027,756,1,1587,215,0.0278746
5,55796.3,3723.7,10018.1,9143,16,175,5310,4768,411,18998,46,1027,756,1,1587,215,0.0278746
5,24797.6,1945.91,7352.28,6551,10,186,5060,4482,385,16730,59,1023,775,6,1873,139,0.0278746
5,37694.7,1945.91,7352.28,6551,9,186,5060,4482,385,16730,59,1023,775,6,1873,139,0.0278746
5,40306.8,1945.91,7352.28,6551,6,186,5060,4482,385,16730,59,1023,775,6,1873,139,0.0278746
5,62439.1,1945.91,7352.28,6551,4,186,5060,4482,385,16730,59,1023,775,6,1873,139,0.0278746
5,62706.8,1945.91,7352.28,6551,22,186,5060,4482,385,16730,59,1023,775,6,1873,139,0.0278746
5,14028.5,2249.24,7366.53,6666,9,214,6120,5388,428,19049,42,1032,811,9,1612,224,0.0278746
5,24196.9,2249.24,7366.53,6666,5,214,6120,5388,428,19049,42,1032,811,9,1612,224,0.0278746
5,25224.2,2249.24,7366.53,6666,9,214,6120,5388,428,19049,42,1032,811,9,1612,224,0.0278746
5,40360,2249.24,7366.53,6666,12,214,6120,5388,428,19049,42,1032,811,9,1612,224,0.0278746
5,44953.7,2249.24,7366.53,6666,14,214,6120,5388,428,19049,42,1032,811,9,1612,224,0.0278746
5,7529.52,938.119,4683.4,4245,2,120,2984,2602,188,9548,39,455,318,3,868,54,0.0278746
5,16157,938.119,4683.4,4245,3,120,2984,2602,188,9548,39,455,318,3,868,54,0.0278746
5,19130.6,938.119,4683.4,4245,8,120,2984,2602,188,9548,39,455,318,3,868,54,0.0278746
5,22969.5,938.119,4683.4,4245,4,120,2984,2602,188,9548,39,455,318,3,868,54,0.0278746
5,47633.2,938.119,4683.4,4245,15,120,2984,2602,188,9548,39,455,318,3,868,54,0.0278746
5,13074.5,1228.78,5627.52,5136,4,114,2616,2242,116,8298,26,591,439,1,936,125,0.0278746
5,23789.8,1228.78,5627.52,5136,8,114,2616,2242,116,8298,26,591,439,1,936,125,0.0278746
5,27199.2,1228.78,5627.52,5136,10,114,2616,2242,116,8298,26,591,439,1,936,125,0.0278746
5,31176,1228.78,5627.52,5136,14,114,2616,2242,116,8298,26,591,439,1,936,125,0.0278746
5,32848.6,1228.78,5627.52,5136,10,114,2616,2242,116,8298,26,591,439,1,936,125,0.0278746
5,19599.8,861.895,3411.57,3092,4,112,2342,1945,100,6928,27,426,305,1,637,79,0.0278746
5,20087.3,861.895,3411.57,3092,5,112,2342,1945,100,6928,27,426,305,1,637,79,0.0278746
5,27395.9,861.895,3411.57,3092,8,112,2342,1945,100,6928,27,426,305,1,637,79,0.0278746
5,28542.7,861.895,3411.57,3092,12,112,2342,1945,100,6928,27,426,305,1,637,79,0.0278746
5,29008.8,861.895,3411.57,3092,7,112,2342,1945,100,6928,27,426,305,1,637,79,0.0278746
5,16068.6,2473.44,6660.95,5984,5,228,6730,5951,466,21274,40,935,720,9,1558,186,0.0278746
5,17119.7,2473.44,6660.95,5984,4,228,6730,5951,466,21274,40,935,720,9,1558,186,0.0278746
5,25069.4,2473.44,6660.95,5984,8,228,6730,5951,466,21274,40,935,720,9,1558,186,0.0278746
5,43066,2473.44,6660.95,5984,16,228,6730,5951,466,21274,40,935,720,9,1558,186,0.0278746
5,47045.5,2473.44,6660.95,5984,9,228,6730,5951,466,21274,40,935,720,9,1558,186,0.0278746
5,11295.6,1107.08,6164.54,5511,6,148,3299,2884,222,10344,40,793,596,6,1428,136,0.0278746
5,20164.6,1107.08,6164.54,5511,4,148,3299,2884,222,10344,40,793,596,6,1428,136,0.0278746
5,33390.2,1107.08,6164.54,5511,12,148,3299,2884,222,10344,40,793,596,6,1428,136,0.0278746
5,44558.4,1107.08,6164.54,5511,14,148,3299,2884,222,10344,40,793,596,6,1428,136,0.0278746
5,48258.1,1107.08,6164.54,5511,17,148,3299,2884,222,10344,40,793,596,6,1428,136,0.0278746
5,3435.66,1227.49,3174.77,2819,2,115,2849,2450,178,8991,37,434,299,1,751,55,0.0278746
5,18742.6,1227.49,3174.77,2819,4,115,2849,2450,178,8991,37,434,299,1,751,55,0.0278746
5,20306.9,1227.49,3174.77,2819,3,115,2849,2450,178,8991,37,434,299,1,751,55,0.0278746
5,21721.5,1227.49,3174.77,2819,9,115,2849,2450,178,8991,37,434,299,1,751,55,0.0278746
5,44620.8,1227.49,3174.77,2819,14,115,2849,2450,178,8991,37,434,299,1,751,55,0.0278746
5,10432.4,1165.95,3182.8,2805,2,123,3147,2741,218,10051,35,499,350,3,915,68,0.0278746
5,13968.9,1165.95,3182.8,2805,2,123,3147,2741,218,10051,35,499,350,3,915,68,0.0278746
5,18803.3,1165.95,3182.8,2805,5,123,3147,2741,218,10051,35,499,350,3,915,68,0.0278746
5,25744.7,1165.95,3182.8,2805,4,123,3147,2741,218,10051,35,499,350,3,915,68,0.0278746
5,50494.7,1165.95,3182.8,2805,15,123,3147,2741,218,10051,35,499,350,3,915,68,0.0278746
5,38901.1,2318.93,10408.3,9280,4,175,4806,4244,371,15842,49,1217,927,15,2424,183,0.0278746
5,42161,2318.93,10408.3,9280,18,175,4806,4244,371,15842,49,1217,927,15,2424,183,0.0278746
5,54469.5,2318.93,10408.3,9280,3,175,4806,4244,371,15842,49,1217,927,15,2424,183,0.0278746
5,64412.5,2318.93,10408.3,9280,4,175,4806,4244,371,15842,49,1217,927,15,2424,183,0.0278746
5,66083.2,2318.93,10408.3,9280,13,175,4806,4244,371,15842,49,1217,927,15,2424,183,0.0278746
5,14526.3,1859.69,3949.12,3570,5,157,4114,3452,246,12305,33,496,358,2,783,110,0.0278746
5,18993.2,1859.69,3949.12,3570,7,157,4114,3452,246,12305,33,496,358,2,783,110,0.0278746
5,28039.3,1859.69,3949.12,3570,4,157,4114,3452,246,12305,33,496,358,2,783,110,0.0278746
5,34777.3,1859.69,3949.12,3570,9,157,4114,3452,246,12305,33,496,358,2,783,110,0.0278746
5,36938.5,1859.69,3949.12,3570,10,157,4114,3452,246,12305,33,496,358,2,783,110,0.0278746
5,17629.9,2211.31,13428.3,12198,5,209,5921,5376,461,20863,57,1347,1048,4,3045,258,0.0278746
5,37315.5,2211.31,13428.3,12198,7,209,5921,5376,461,20863,57,1347,1048,4,3045,258,0.0278746
5,43022.2,2211.31,13428.3,12198,16,209,5921,5376,461,20863,57,1347,1048,4,3045,258,0.0278746
5,48579.3,2211.31,13428.3,12198,11,209,5921,5376,461,20863,57,1347,1048,4,3045,258,0.0278746
5,51440.1,2211.31,13428.3,12198,13,209,5921,5376,461,20863,57,1347,1048,4,3045,258,0.0278746
5,11897.6,2164.64,7041.5,6395,6,188,5075,4365,301,15422,39,874,651,0,1414,170,0.0278746
5,28145.6,2164.64,7041.5,6395,8,188,5075,4365,301,15422,39,874,651,0,1414,170,0.0278746
5,28729.9,2164.64,7041.5,6395,9,188,5075,4365,301,15422,39,874,651,0,1414,170,0.0278746
5,40733.9,2164.64,7041.5,6395,13,188,5075,4365,301,15422,39,874,651,0,1414,170,0.0278746
5,41427.7,2164.64,7041.5,6395,15,188,5075,4365,301,15422,39,874,651,0,1414,170,0.0278746
5,8611.46,745.711,2905.72,2612,4,119,2372,2017,128,7020,29,429,305,0,572,101,0.0278746
5,16815,745.711,2905.72,2612,8,119,2372,2017,128,7020,29,429,305,0,572,101,0.0278746
5,22130.4,745.711,2905.72,2612,6,119,2372,2017,128,7020,29,429,305,0,572,101,0.0278746
5,27894.3,745.711,2905.72,2612,5,119,2372,2017,128,7020,29,429,305,0,572,101,0.0278746
5,34077.6,745.711,2905.72,2612,11,119,2372,2017,128,7020,29,429,305,0,572,101,0.0278746
5,21211.9,2108.53,7502.28,6962,6,186,5368,4775,346,18075,32,677,504,1,872,169,0.0278746
5,23580.3,2108.53,7502.28,6962,4,186,5368,4775,346,18075,32,677,504,1,872,169,0.0278746
5,34309.3,2108.53,7502.28,6962,7,186,5368,4775,346,18075,32,677,504,1,872,169,0.0278746
5,34562.8,2108.53,7502.28,6962,11,186,5368,4775,346,18075,32,677,504,1,872,169,0.0278746
5,46206.9,2108.53,7502.28,6962,15,186,5368,4775,346,18075,32,677,504,1,872,169,0.0278746
5,22443.9,2780.79,13185.7,11956,9,213,6057,5510,483,21426,60,1442,1130,9,2902,307,0.0278746
5,46498.5,2780.79,13185.7,11956,7,213,6057,5510,483,21426,60,1442,1130,9,2902,307,0.0278746
5,49211.5,2780.79,13185.7,11956,18,213,6057,5510,483,21426,60,1442,1130,9,2902,307,0.0278746
5,52724.2,2780.79,13185.7,11956,8,213,6057,5510,483,21426,60,1442,1130,9,2902,307,0.0278746
5,57755.9,2780.79,13185.7,11956,11,213,6057,5510,483,21426,60,1442,1130,9,2902,307,0.0278746
5,15726.4,4746.89,13557,12128,5,293,9206,8491,918,36714,72,1767,1393,21,3100,401,0.0278746
5,30860.2,4746.89,13557,12128,7,293,9206,8491,918,36714,72,1767,1393,21,3100,401,0.0278746
5,66848.8,4746.89,13557,12128,18,293,9206,8491,918,36714,72,1767,1393,21,3100,401,0.0278746
5,67801.4,4746.89,13557,12128,21,293,9206,8491,918,36714,72,1767,1393,21,3100,401,0.0278746
5,95782.3,4746.89,13557,12128,29,293,9206,8491,918,36714,72,1767,1393,21,3100,401,0.0278746
5,23977.5,1995.07,8388.93,7542,9,176,4535,4018,340,14980,46,1079,823,5,2088,193,0.0278746
5,39023.9,1995.07,8388.93,7542,9,176,4535,4018,340,14980,46,1079,823,5,2088,193,0.0278746
5,42042.3,1995.07,8388.93,7542,8,176,4535,4018,340,14980,46,1079,823,5,2088,193,0.0278746
5,47403.3,1995.07,8388.93,7542,13,176,4535,4018,340,14980,46,1079,823,5,2088,193,0.0278746
5,49392,1995.07,8388.93,7542,17,176,4535,4018,340,14980,46,1079,823,5,2088,193,0.0278746
5,27806.2,3096.86,12710,11436,7,200,5700,5148,461,19985,65,1477,1159,9,3217,251,0.0278746
5,38483,3096.86,12710,11436,4,200,5700,5148,461,19985,65,1477,1159,9,3217,251,0.0278746
5,51260.6,3096.86,12710,11436,11,200,5700,5148,461,19985,65,1477,1159,9,3217,251,0.0278746
5,53640.9,3096.86,12710,11436,19,200,5700,5148,461,19985,65,1477,1159,9,3217,251,0.0278746
5,57378.8,3096.86,12710,11436,16,200,5700,5148,461,19985,65,1477,1159,9,3217,251,0.0278746
5,7257.6,2721.21,9853.21,8955,4,251,7260,6492,570,24391,54,1063,789,12,2118,159,0.0278746
5,29760.3,2721.21,9853.21,8955,11,251,7260,6492,570,24391,54,1063,789,12,2118,159,0.0278746
5,31556.4,2721.21,9853.21,8955,9,251,7260,6492,570,24391,54,1063,789,12,2118,159,0.0278746
5,50222.5,2721.21,9853.21,8955,6,251,7260,6492,570,24391,54,1063,789,12,2118,159,0.0278746
5,50472.4,2721.21,9853.21,8955,12,251,7260,6492,570,24391,54,1063,789,12,2118,159,0.0278746
5,12183.6,2132.88,5423.99,4830,6,191,5291,4559,339,16280,46,739,545,7,1227,156,0.0278746
5,18293.4,2132.88,5423.99,4830,7,191,5291,4559,339,16280,46,739,545,7,1227,156,0.0278746
5,28909.3,2132.88,5423.99,4830,4,191,5291,4559,339,16280,46,739,545,7,1227,156,0.0278746
5,36796.5,2132.88,5423.99,4830,11,191,5291,4559,339,16280,46,739,545,7,1227,156,0.0278746
5,41063.8,2132.88,5423.99,4830,13,191,5291,4559,339,16280,46,739,545,7,1227,156,0.0278746
5,20668.9,2388.46,7632.64,6958,5,175,4208,3675,316,13521,35,820,620,1,1284,214,0.0278746
5,31005.2,2388.46,7632.64,6958,6,175,4208,3675,316,13521,35,820,620,1,1284,214,0.0278746
5,36440.7,2388.46,7632.64,6958,12,175,4208,3675,316,13521,35,820,620,1,1284,214,0.0278746
5,41116.6,2388.46,7632.64,6958,16,175,4208,3675,316,13521,35,820,620,1,1284,214,0.0278746
5,49510.2,2388.46,7632.64,6958,7,175,4208,3675,316,13521,35,820,620,1,1284,214,0.0278746
5,22119.4,1722.81,6214.08,5595,7,182,4439,3906,351,14721,39,841,646,5,1297,209,0.0278746
5,31286.1,1722.81,6214.08,5595,6,182,4439,3906,351,14721,39,841,646,5,1297,209,0.0278746
5,40827.7,1722.81,6214.08,5595,12,182,4439,3906,351,14721,39,841,646,5,1297,209,0.0278746
5,42923.5,1722.81,6214.08,5595,15,182,4439,3906,351,14721,39,841,646,5,1297,209,0.0278746
5,53896.4,1722.81,6214.08,5595,7,182,4439,3906,351,14721,39,841,646,5,1297,209,0.0278746
5,21181.3,2979.72,9258.92,8197,5,262,7482,6870,649,27306,50,1339,1026,10,2496,245,0.0278746
5,35306.9,2979.72,9258.92,8197,5,262,7482,6870,649,27306,50,1339,1026,10,2496,245,0.0278746
5,45549.9,2979.72,9258.92,8197,17,262,7482,6870,649,27306,50,1339,1026,10,2496,245,0.0278746
5,50601.1,2979.72,9258.92,8197,3,262,7482,6870,649,27306,50,1339,1026,10,2496,245,0.0278746
5,62777,2979.72,9258.92,8197,13,262,7482,6870,649,27306,50,1339,1026,10,2496,245,0.0278746
5,12445.1,1008.84,5615.65,5015,5,137,3065,2660,166,9732,47,797,595,5,1469,123,0.0278746
5,18017.6,1008.84,5615.65,5015,6,137,3065,2660,166,9732,47,797,595,5,1469,123,0.0278746
5,34800,1008.84,5615.65,5015,10,137,3065,2660,166,9732,47,797,595,5,1469,123,0.0278746
5,49306.6,1008.84,5615.65,5015,16,137,3065,2660,166,9732,47,797,595,5,1469,123,0.0278746
5,49667.9,1008.84,5615.65,5015,15,137,3065,2660,166,9732,47,797,595,5,1469,123,0.0278746
5,14926,3865.26,12158.4,10888,4,297,9095,8422,903,35795,71,1705,1341,20,2949,410,0.0278746
5,27348.9,3865.26,12158.4,10888,10,297,9095,8422,903,35795,71,1705,1341,20,2949,410,0.0278746
5,63337.5,3865.26,12158.4,10888,21,297,9095,8422,903,35795,71,1705,1341,20,2949,410,0.0278746
5,65206.9,3865.26,12158.4,10888,21,297,9095,8422,903,35795,71,1705,1341,20,2949,410,0.0278746
5,93248.9,3865.26,12158.4,10888,25,297,9095,8422,903,35795,71,1705,1341,20,2949,410,0.0278746
5,13524.5,1691.75,6321.38,5713,6,182,4919,4261,317,15052,42,853,626,2,1411,161,0.0278746
5,28876.7,1691.75,6321.38,5713,7,182,4919,4261,317,15052,42,853,626,2,1411,161,0.0278746
5,30398.9,1691.75,6321.38,5713,10,182,4919,4261,317,15052,42,853,626,2,1411,161,0.0278746
5,41116.2,1691.75,6321.38,5713,13,182,4919,4261,317,15052,42,853,626,2,1411,161,0.0278746
5,41492.3,1691.75,6321.38,5713,17,182,4919,4261,317,15052,42,853,626,2,1411,161,0.0278746
5,4950.34,3050.2,8814.44,7891,2,266,7984,7313,684,29237,52,1246,967,19,2173,254,0.0278746
5,15255.3,3050.2,8814.44,7891,7,266,7984,7313,684,29237,52,1246,967,19,2173,254,0.0278746
5,41281.2,3050.2,8814.44,7891,16,266,7984,7313,684,29237,52,1246,967,19,2173,254,0.0278746
5,42773.3,3050.2,8814.44,7891,16,266,7984,7313,684,29237,52,1246,967,19,2173,254,0.0278746
5,70927.8,3050.2,8814.44,7891,23,266,7984,7313,684,29237,52,1246,967,19,2173,254,0.0278746
5,19400.4,2359.33,6555.93,5922,4,220,6446,5868,548,23021,37,929,720,3,1182,299,0.0278746
5,23740.3,2359.33,6555.93,5922,9,220,6446,5868,548,23021,37,929,720,3,1182,299,0.0278746
5,37561.2,2359.33,6555.93,5922,9,220,6446,5868,548,23021,37,929,720,3,1182,299,0.0278746
5,47207.2,2359.33,6555.93,5922,3,220,6446,5868,548,23021,37,929,720,3,1182,299,0.0278746
5,62207.5,2359.33,6555.93,5922,19,220,6446,5868,548,23021,37,929,720,3,1182,299,0.0278746
5,23454.1,2324.91,8503.94,7865,3,199,5921,5366,493,21006,37,861,661,0,1066,273,0.0278746
5,28044.2,2324.91,8503.94,7865,11,199,5921,5366,493,21006,37,861,661,0,1066,273,0.0278746
5,35158,2324.91,8503.94,7865,9,199,5921,5366,493,21006,37,861,661,0,1066,273,0.0278746
5,49289.2,2324.91,8503.94,7865,7,199,5921,5366,493,21006,37,861,661,0,1066,273,0.0278746
5,59302.6,2324.91,8503.94,7865,18,199,5921,5366,493,21006,37,861,661,0,1066,273,0.0278746
5,20461.4,4349.01,10431.8,9398,6,306,9015,8332,882,34182,53,1300,1019,7,1915,381,0.0278746
5,29612.4,4349.01,10431.8,9398,7,306,9015,8332,882,34182,53,1300,1019,7,1915,381,0.0278746
5,40739.4,4349.01,10431.8,9398,9,306,9015,8332,882,34182,53,1300,1019,7,1915,381,0.0278746
5,49428.8,4349.01,10431.8,9398,10,306,9015,8332,882,34182,53,1300,1019,7,1915,381,0.0278746
5,79091.9,4349.01,10431.8,9398,11,306,9015,8332,882,34182,53,1300,1019,7,1915,381,0.0278746
5,40406.1,2296.89,16208.4,14537,14,209,5218,4626,443,17685,85,2083,1669,30,4529,408,0.0278746
5,50713.7,2296.89,16208.4,14537,16,209,5218,4626,443,17685,85,2083,1669,30,4529,408,0.0278746
5,53747,2296.89,16208.4,14537,4,209,5218,4626,443,17685,85,2083,1669,30,4529,408,0.0278746
5,56412.7,2296.89,16208.4,14537,11,209,5218,4626,443,17685,85,2083,1669,30,4529,408,0.0278746
5,65823.4,2296.89,16208.4,14537,23,209,5218,4626,443,17685,85,2083,1669,30,4529,408,0.0278746
5,11408.8,1790.53,4905.98,4420,4,200,5111,4529,351,16938,32,650,484,5,937,178,0.0278746
5,19990.3,1790.53,4905.98,4420,8,200,5111,4529,351,16938,32,650,484,5,937,178,0.0278746
5,33567.4,1790.53,4905.98,4420,10,200,5111,4529,351,16938,32,650,484,5,937,178,0.0278746
5,36905.2,1790.53,4905.98,4420,14,200,5111,4529,351,16938,32,650,484,5,937,178,0.0278746
5,45458.9,1790.53,4905.98,4420,5,200,5111,4529,351,16938,32,650,484,5,937,178,0.0278746
5,23685.4,1692.05,7533.96,6738,4,162,4473,3944,284,14824,48,1023,762,5,1891,190,0.0278746
5,33069,1692.05,7533.96,6738,8,162,4473,3944,284,14824,48,1023,762,5,1891,190,0.0278746
5,38349.2,1692.05,7533.96,6738,9,162,4473,3944,284,14824,48,1023,762,5,1891,190,0.0278746
5,45009.6,1692.05,7533.96,6738,8,162,4473,3944,284,14824,48,1023,762,5,1891,190,0.0278746
5,46020.1,1692.05,7533.96,6738,14,162,4473,3944,284,14824,48,1023,762,5,1891,190,0.0278746
5,11695,1696.97,4210.12,3803,5,158,4328,3678,242,12945,32,538,378,0,972,98,0.0278746
5,24638.8,1696.97,4210.12,3803,11,158,4328,3678,242,12945,32,538,378,0,972,98,0.0278746
5,33723.8,1696.97,4210.12,3803,14,158,4328,3678,242,12945,32,538,378,0,972,98,0.0278746
5,37303,1696.97,4210.12,3803,7,158,4328,3678,242,12945,32,538,378,0,972,98,0.0278746
5,38289.2,1696.97,4210.12,3803,11,158,4328,3678,242,12945,32,538,378,0,972,98,0.0278746
5,33801.9,1644.03,10328.2,9192,3,193,5158,4557,416,16898,64,1445,1113,11,2937,242,0.0278746
5,39200.5,1644.03,10328.2,9192,17,193,5158,4557,416,16898,64,1445,1113,11,2937,242,0.0278746
5,49367.3,1644.03,10328.2,9192,3,193,5158,4557,416,16898,64,1445,1113,11,2937,242,0.0278746
5,64181.3,1644.03,10328.2,9192,9,193,5158,4557,416,16898,64,1445,1113,11,2937,242,0.0278746
5,65945.6,1644.03,10328.2,9192,28,193,5158,4557,416,16898,64,1445,1113,11,2937,242,0.0278746
5,9790.02,977.64,3260.93,2862,2,118,3125,2726,205,9886,36,552,388,9,1023,67,0.0278746
5,15490.4,977.64,3260.93,2862,2,118,3125,2726,205,9886,36,552,388,9,1023,67,0.0278746
5,20505,977.64,3260.93,2862,5,118,3125,2726,205,9886,36,552,388,9,1023,67,0.0278746
5,24845,977.64,3260.93,2862,4,118,3125,2726,205,9886,36,552,388,9,1023,67,0.0278746
5,50629.9,977.64,3260.93,2862,15,118,3125,2726,205,9886,36,552,388,9,1023,67,0.0278746
5,13309.1,3078.9,8558.43,7663,5,256,7665,7056,646,27207,49,1234,937,11,2145,255,0.0278746
5,28536.6,3078.9,8558.43,7663,8,256,7665,7056,646,27207,49,1234,937,11,2145,255,0.0278746
5,32847.5,3078.9,8558.43,7663,12,256,7665,7056,646,27207,49,1234,937,11,2145,255,0.0278746
5,47436.5,3078.9,8558.43,7663,11,256,7665,7056,646,27207,49,1234,937,11,2145,255,0.0278746
5,56151.5,3078.9,8558.43,7663,4,256,7665,7056,646,27207,49,1234,937,11,2145,255,0.0278746
5,24387.5,1482.1,10120.1,9055,10,178,4487,3980,327,14713,52,1197,910,6,2332,204,0.0278746
5,37821.9,1482.1,10120.1,9055,9,178,4487,3980,327,14713,52,1197,910,6,2332,204,0.0278746
5,44846.3,1482.1,10120.1,9055,7,178,4487,3980,327,14713,52,1197,910,6,2332,204,0.0278746
5,49848.7,1482.1,10120.1,9055,19,178,4487,3980,327,14713,52,1197,910,6,2332,204,0.0278746
5,50214.5,1482.1,10120.1,9055,12,178,4487,3980,327,14713,52,1197,910,6,2332,204,0.0278746
5,4888.67,1527.74,3806.76,3380,4,124,2936,2550,171,8865,26,499,379,0,804,106,0.0278746
5,15033.8,1527.74,3806.76,3380,8,124,2936,2550,171,8865,26,499,379,0,804,106,0.0278746
5,18261.4,1527.74,3806.76,3380,8,124,2936,2550,171,8865,26,499,379,0,804,106,0.0278746
5,33129.3,1527.74,3806.76,3380,13,124,2936,2550,171,8865,26,499,379,0,804,106,0.0278746
5,43553.3,1527.74,3806.76,3380,16,124,2936,2550,171,8865,26,499,379,0,804,106,0.0278746
5,6665.35,1050.74,5301.56,4738,5,126,2890,2515,181,8837,33,700,535,4,1092,163,0.0278746
5,13377.2,1050.74,5301.56,4738,7,126,2890,2515,181,8837,33,700,535,4,1092,163,0.0278746
5,29183.6,1050.74,5301.56,4738,14,126,2890,2515,181,8837,33,700,535,4,1092,163,0.0278746
5,44051.5,1050.74,5301.56,4738,19,126,2890,2515,181,8837,33,700,535,4,1092,163,0.0278746
5,45779.9,1050.74,5301.56,4738,16,126,2890,2515,181,8837,33,700,535,4,1092,163,0.0278746
5,9628.11,3486.21,7640.85,6789,4,264,7823,7112,651,27730,45,916,704,9,1550,166,0.0278746
5,28648.4,3486.21,7640.85,6789,9,264,7823,7112,651,27730,45,916,704,9,1550,166,0.0278746
5,29930.7,3486.21,7640.85,6789,10,264,7823,7112,651,27730,45,916,704,9,1550,166,0.0278746
5,30801.6,3486.21,7640.85,6789,10,264,7823,7112,651,27730,45,916,704,9,1550,166,0.0278746
5,61722.9,3486.21,7640.85,6789,15,264,7823,7112,651,27730,45,916,704,9,1550,166,0.0278746
5,19054.3,3141.73,6039.86,5441,6,229,6457,5812,470,21444,37,799,613,1,1051,202,0.0278746
5,20438.8,3141.73,6039.86,5441,8,229,6457,5812,470,21444,37,799,613,1,1051,202,0.0278746
5,28711.7,3141.73,6039.86,5441,6,229,6457,5812,470,21444,37,799,613,1,1051,202,0.0278746
5,32976.5,3141.73,6039.86,5441,12,229,6457,5812,470,21444,37,799,613,1,1051,202,0.0278746
5,49968.8,3141.73,6039.86,5441,17,229,6457,5812,470,21444,37,799,613,1,1051,202,0.0278746
5,10584.8,2265.4,7269.65,6561,6,200,5431,4671,352,16127,41,939,719,3,1619,165,0.0278746
5,26079.2,2265.4,7269.65,6561,11,200,5431,4671,352,16127,41,939,719,3,1619,165,0.0278746
5,28944.1,2265.4,7269.65,6561,10,200,5431,4671,352,16127,41,939,719,3,1619,165,0.0278746
5,41462.9,2265.4,7269.65,6561,15,200,5431,4671,352,16127,41,939,719,3,1619,165,0.0278746
5,42146.9,2265.4,7269.65,6561,13,200,5431,4671,352,16127,41,939,719,3,1619,165,0.0278746
5,6569.45,3123.22,8492.93,7640,2,268,8081,7400,745,30496,54,1221,937,12,1976,295,0.0278746
5,13946.8,3123.22,8492.93,7640,4,268,8081,7400,745,30496,54,1221,937,12,1976,295,0.0278746
5,49401.6,3123.22,8492.93,7640,15,268,8081,7400,745,30496,54,1221,937,12,1976,295,0.0278746
5,50410.3,3123.22,8492.93,7640,13,268,8081,7400,745,30496,54,1221,937,12,1976,295,0.0278746
5,77382.5,3123.22,8492.93,7640,23,268,8081,7400,745,30496,54,1221,937,12,1976,295,0.0278746
5,14286.2,1558.95,3775.54,3399,5,160,4196,3536,247,12805,33,502,368,2,810,111,0.0278746
5,19609.7,1558.95,3775.54,3399,7,160,4196,3536,247,12805,33,502,368,2,810,111,0.0278746
5,27841.8,1558.95,3775.54,3399,5,160,4196,3536,247,12805,33,502,368,2,810,111,0.0278746
5,34829.2,1558.95,3775.54,3399,10,160,4196,3536,247,12805,33,502,368,2,810,111,0.0278746
5,37399.9,1558.95,3775.54,3399,10,160,4196,3536,247,12805,33,502,368,2,810,111,0.0278746
5,15714.3,2798.2,9389.4,8376,6,250,7553,6756,574,24029,60,1314,999,19,2531,223,0.0278746
5,16119.4,2798.2,9389.4,8376,4,250,7553,6756,574,24029,60,1314,999,19,2531,223,0.0278746
5,30336.6,2798.2,9389.4,8376,10,250,7553,6756,574,24029,60,1314,999,19,2531,223,0.0278746
5,41959.6,2798.2,9389.4,8376,6,250,7553,6756,574,24029,60,1314,999,19,2531,223,0.0278746
5,49179.3,2798.2,9389.4,8376,17,250,7553,6756,574,24029,60,1314,999,19,2531,223,0.0278746
5,37669.9,1892.88,13302.8,11922,10,199,5397,4777,458,17753,71,1757,1371,20,3520,314,0.0278746
5,43344,1892.88,13302.8,11922,18,199,5397,4777,458,17753,71,1757,1371,20,3520,314,0.0278746
5,53179,1892.88,13302.8,11922,6,199,5397,4777,458,17753,71,1757,1371,20,3520,314,0.0278746
5,67783.8,1892.88,13302.8,11922,11,199,5397,4777,458,17753,71,1757,1371,20,3520,314,0.0278746
5,69958.1,1892.88,13302.8,11922,7,199,5397,4777,458,17753,71,1757,1371,20,3520,314,0.0278746
5,15166.3,1158.35,4757.78,4292,5,143,3408,2985,205,10678,35,657,500,2,926,170,0.0278746
5,29056.8,1158.35,4757.78,4292,13,143,3408,2985,205,10678,35,657,500,2,926,170,0.0278746
5,31385.6,1158.35,4757.78,4292,10,143,3408,2985,205,10678,35,657,500,2,926,170,0.0278746
5,32377.5,1158.35,4757.78,4292,11,143,3408,2985,205,10678,35,657,500,2,926,170,0.0278746
5,40331.6,1158.35,4757.78,4292,5,143,3408,2985,205,10678,35,657,500,2,926,170,0.0278746
5,15993.5,1054.28,4070.81,3713,6,139,3369,2802,143,9885,31,448,311,0,743,82,0.0278746
5,23105.3,1054.28,4070.81,3713,7,139,3369,2802,143,9885,31,448,311,0,743,82,0.0278746
5,29671.4,1054.28,4070.81,3713,12,139,3369,2802,143,9885,31,448,311,0,743,82,0.0278746
5,32126.5,1054.28,4070.81,3713,6,139,3369,2802,143,9885,31,448,311,0,743,82,0.0278746
5,33330.9,1054.28,4070.81,3713,9,139,3369,2802,143,9885,31,448,311,0,743,82,0.0278746
5,7716.59,4189.59,7295.81,6604,3,267,8298,7697,736,31487,50,1034,810,13,1732,231,0.0278746
5,19300.2,4189.59,7295.81,6604,4,267,8298,7697,736,31487,50,1034,810,13,1732,231,0.0278746
5,39071.4,4189.59,7295.81,6604,15,267,8298,7697,736,31487,50,1034,810,13,1732,231,0.0278746
5,42989.2,4189.59,7295.81,6604,13,267,8298,7697,736,31487,50,1034,810,13,1732,231,0.0278746
5,72771.1,4189.59,7295.81,6604,18,267,8298,7697,736,31487,50,1034,810,13,1732,231,0.0278746
5,4138.71,1008.23,3628.19,3229,2,125,3252,2835,208,10578,31,549,416,1,900,106,0.0278746
5,11645.9,1008.23,3628.19,3229,5,125,3252,2835,208,10578,31,549,416,1,900,106,0.0278746
5,26847.1,1008.23,3628.19,3229,5,125,3252,2835,208,10578,31,549,416,1,900,106,0.0278746
5,42420.7,1008.23,3628.19,3229,6,125,3252,2835,208,10578,31,549,416,1,900,106,0.0278746
5,55225.4,1008.23,3628.19,3229,20,125,3252,2835,208,10578,31,549,416,1,900,106,0.0278746
5,19830.6,1353.53,5827.5,5290,5,156,3642,3174,224,11363,39,746,562,0,1183,176,0.0278746
5,27728.4,1353.53,5827.5,5290,8,156,3642,3174,224,11363,39,746,562,0,1183,176,0.0278746
5,33729.2,1353.53,5827.5,5290,13,156,3642,3174,224,11363,39,746,562,0,1183,176,0.0278746
5,35326.9,1353.53,5827.5,5290,11,156,3642,3174,224,11363,39,746,562,0,1183,176,0.0278746
5,40030,1353.53,5827.5,5290,6,156,3642,3174,224,11363,39,746,562,0,1183,176,0.0278746
5,10224.6,3392.51,13140.4,11799,3,285,8864,8156,852,34890,66,1602,1250,14,2805,348,0.0278746
5,25473.5,3392.51,13140.4,11799,5,285,8864,8156,852,34890,66,1602,1250,14,2805,348,0.0278746
5,61462,3392.51,13140.4,11799,16,285,8864,8156,852,34890,66,1602,1250,14,2805,348,0.0278746
5,62299.6,3392.51,13140.4,11799,19,285,8864,8156,852,34890,66,1602,1250,14,2805,348,0.0278746
5,90280.5,3392.51,13140.4,11799,27,285,8864,8156,852,34890,66,1602,1250,14,2805,348,0.0278746
5,38117.1,2033.85,10982.2,9877,13,194,5763,5193,472,20624,54,1437,1118,17,3128,250,0.0278746
5,49513.1,2033.85,10982.2,9877,6,194,5763,5193,472,20624,54,1437,1118,17,3128,250,0.0278746
5,59825.5,2033.85,10982.2,9877,5,194,5763,5193,472,20624,54,1437,1118,17,3128,250,0.0278746
5,63349.2,2033.85,10982.2,9877,4,194,5763,5193,472,20624,54,1437,1118,17,3128,250,0.0278746
5,64884.6,2033.85,10982.2,9877,22,194,5763,5193,472,20624,54,1437,1118,17,3128,250,0.0278746
5,18728,2503.33,6219.36,5641,8,236,6785,6117,503,22760,44,857,675,4,1316,199,0.0278746
5,20656.4,2503.33,6219.36,5641,10,236,6785,6117,503,22760,44,857,675,4,1316,199,0.0278746
5,25661.6,2503.33,6219.36,5641,3,236,6785,6117,503,22760,44,857,675,4,1316,199,0.0278746
5,33949.2,2503.33,6219.36,5641,13,236,6785,6117,503,22760,44,857,675,4,1316,199,0.0278746
5,51562.4,2503.33,6219.36,5641,15,236,6785,6117,503,22760,44,857,675,4,1316,199,0.0278746
5,39253.9,1833.45,14510.3,13054,5,203,5348,4737,448,17671,71,1758,1359,16,3319,333,0.0278746
5,44867.6,1833.45,14510.3,13054,19,203,5348,4737,448,17671,71,1758,1359,16,3319,333,0.0278746
5,54819.3,1833.45,14510.3,13054,5,203,5348,4737,448,17671,71,1758,1359,16,3319,333,0.0278746
5,69030.5,1833.45,14510.3,13054,14,203,5348,4737,448,17671,71,1758,1359,16,3319,333,0.0278746
5,71183.4,1833.45,14510.3,13054,10,203,5348,4737,448,17671,71,1758,1359,16,3319,333,0.0278746
5,23921.3,2208.44,7973.39,7296,7,201,5770,5245,418,20455,37,901,678,0,1128,268,0.0278746
5,26826,2208.44,7973.39,7296,6,201,5770,5245,418,20455,37,901,678,0,1128,268,0.0278746
5,30189.6,2208.44,7973.39,7296,9,201,5770,5245,418,20455,37,901,678,0,1128,268,0.0278746
5,39470.9,2208.44,7973.39,7296,7,201,5770,5245,418,20455,37,901,678,0,1128,268,0.0278746
5,51646,2208.44,7973.39,7296,15,201,5770,5245,418,20455,37,901,678,0,1128,268,0.0278746
5,13179,3266.42,7117.48,6426,6,254,7073,6414,574,24363,47,882,672,2,1251,213,0.0278746
5,26383.1,3266.42,7117.48,6426,12,254,7073,6414,574,24363,47,882,672,2,1251,213,0.0278746
5,28530.1,3266.42,7117.48,6426,10,254,7073,6414,574,24363,47,882,672,2,1251,213,0.0278746
5,31103.5,3266.42,7117.48,6426,8,254,7073,6414,574,24363,47,882,672,2,1251,213,0.0278746
5,56002.4,3266.42,7117.48,6426,17,254,7073,6414,574,24363,47,882,672,2,1251,213,0.0278746
5,4333.27,944.341,2652.43,2306,2,116,2888,2485,177,9140,37,444,305,4,761,49,0.0278746
5,19449.1,944.341,2652.43,2306,4,116,2888,2485,177,9140,37,444,305,4,761,49,0.0278746
5,19819.8,944.341,2652.43,2306,3,116,2888,2485,177,9140,37,444,305,4,761,49,0.0278746
5,21626.7,944.341,2652.43,2306,9,116,2888,2485,177,9140,37,444,305,4,761,49,0.0278746
5,45502.8,944.341,2652.43,2306,14,116,2888,2485,177,9140,37,444,305,4,761,49,0.0278746
5,1896.37,2883.26,11501.5,10341,2,256,7788,7119,732,28770,54,1354,1071,16,2194,301,0.0278746
5,18616.5,2883.26,11501.5,10341,5,256,7788,7119,732,28770,54,1354,1071,16,2194,301,0.0278746
5,50501.3,2883.26,11501.5,10341,17,256,7788,7119,732,28770,54,1354,1071,16,2194,301,0.0278746
5,56395.9,2883.26,11501.5,10341,18,256,7788,7119,732,28770,54,1354,1071,16,2194,301,0.0278746
5,78482.1,2883.26,11501.5,10341,25,256,7788,7119,732,28770,54,1354,1071,16,2194,301,0.0278746
5,20017.4,1714.63,6520.88,5880,10,170,4270,3779,292,14000,45,820,614,5,1561,129,0.0278746
5,29192.5,1714.63,6520.88,5880,9,170,4270,3779,292,14000,45,820,614,5,1561,129,0.0278746
5,44518.5,1714.63,6520.88,5880,10,170,4270,3779,292,14000,45,820,614,5,1561,129,0.0278746
5,46397.3,1714.63,6520.88,5880,5,170,4270,3779,292,14000,45,820,614,5,1561,129,0.0278746
5,46762.5,1714.63,6520.88,5880,21,170,4270,3779,292,14000,45,820,614,5,1561,129,0.0278746
5,13791.9,2387.22,7646.95,6874,5,231,6856,6085,475,21740,42,882,677,12,1392,207,0.0278746
5,19953.3,2387.22,7646.95,6874,6,231,6856,6085,475,21740,42,882,677,12,1392,207,0.0278746
5,26269.9,2387.22,7646.95,6874,10,231,6856,6085,475,21740,42,882,677,12,1392,207,0.0278746
5,45179.2,2387.22,7646.95,6874,17,231,6856,6085,475,21740,42,882,677,12,1392,207,0.0278746
5,47076.7,2387.22,7646.95,6874,7,231,6856,6085,475,21740,42,882,677,12,1392,207,0.0278746
5,52346.1,3896.45,20468.6,18453,14,230,6522,5863,583,24435,78,2416,1916,42,5221,448,0.0278746
5,66260.5,3896.45,20468.6,18453,7,230,6522,5863,583,24435,78,2416,1916,42,5221,448,0.0278746
5,71979.5,3896.45,20468.6,18453,10,230,6522,5863,583,24435,78,2416,1916,42,5221,448,0.0278746
5,76567.1,3896.45,20468.6,18453,6,230,6522,5863,583,24435,78,2416,1916,42,5221,448,0.0278746
5,78900.3,3896.45,20468.6,18453,25,230,6522,5863,583,24435,78,2416,1916,42,5221,448,0.0278746
5,6502.88,3456.35,10763.7,9627,3,282,8612,7907,833,33283,55,1524,1188,15,2486,360,0.0278746
5,23519.6,3456.35,10763.7,9627,5,282,8612,7907,833,33283,55,1524,1188,15,2486,360,0.0278746
5,58577.9,3456.35,10763.7,9627,19,282,8612,7907,833,33283,55,1524,1188,15,2486,360,0.0278746
5,59508.2,3456.35,10763.7,9627,16,282,8612,7907,833,33283,55,1524,1188,15,2486,360,0.0278746
5,86558.8,3456.35,10763.7,9627,27,282,8612,7907,833,33283,55,1524,1188,15,2486,360,0.0278746
5,13242.7,3091.78,5432.58,4861,4,262,8123,7454,677,29258,36,785,604,5,1306,145,0.0278746
5,24856.6,3091.78,5432.58,4861,9,262,8123,7454,677,29258,36,785,604,5,1306,145,0.0278746
5,30724,3091.78,5432.58,4861,5,262,8123,7454,677,29258,36,785,604,5,1306,145,0.0278746
5,32158.7,3091.78,5432.58,4861,7,262,8123,7454,677,29258,36,785,604,5,1306,145,0.0278746
5,61699.1,3091.78,5432.58,4861,9,262,8123,7454,677,29258,36,785,604,5,1306,145,0.0278746
5,11586.2,842.405,3265.72,2935,6,126,2654,2305,158,8190,29,475,343,1,699,103,0.0278746
5,16346.1,842.405,3265.72,2935,5,126,2654,2305,158,8190,29,475,343,1,699,103,0.0278746
5,22734.4,842.405,3265.72,2935,9,126,2654,2305,158,8190,29,475,343,1,699,103,0.0278746
5,24448.3,842.405,3265.72,2935,6,126,2654,2305,158,8190,29,475,343,1,699,103,0.0278746
5,36329.4,842.405,3265.72,2935,14,126,2654,2305,158,8190,29,475,343,1,699,103,0.0278746
5,17568,1789.12,8011.69,7109,6,188,4873,4265,351,15283,48,1080,814,3,2243,164,0.0278746
5,28737,1789.12,8011.69,7109,10,188,4873,4265,351,15283,48,1080,814,3,2243,164,0.0278746
5,34064.9,1789.12,8011.69,7109,9,188,4873,4265,351,15283,48,1080,814,3,2243,164,0.0278746
5,35253.9,1789.12,8011.69,7109,6,188,4873,4265,351,15283,48,1080,814,3,2243,164,0.0278746
5,42861.5,1789.12,8011.69,7109,11,188,4873,4265,351,15283,48,1080,814,3,2243,164,0.0278746
5,40993.7,3048.16,13701.2,12354,14,211,5908,5325,501,21466,67,1646,1278,18,3541,293,0.0278746
5,52315.3,3048.16,13701.2,12354,5,211,5908,5325,501,21466,67,1646,1278,18,3541,293,0.0278746
5,62587.5,3048.16,13701.2,12354,5,211,5908,5325,501,21466,67,1646,1278,18,3541,293,0.0278746
5,66225.9,3048.16,13701.2,12354,5,211,5908,5325,501,21466,67,1646,1278,18,3541,293,0.0278746
5,67761.3,3048.16,13701.2,12354,23,211,5908,5325,501,21466,67,1646,1278,18,3541,293,0.0278746
5,22583.9,2052.24,13057.4,11664,7,208,5848,5305,454,20602,73,1723,1341,19,3862,249,0.0278746
5,41369.6,2052.24,13057.4,11664,5,208,5848,5305,454,20602,73,1723,1341,19,3862,249,0.0278746
5,49351.5,2052.24,13057.4,11664,16,208,5848,5305,454,20602,73,1723,1341,19,3862,249,0.0278746
5,54975.1,2052.24,13057.4,11664,13,208,5848,5305,454,20602,73,1723,1341,19,3862,249,0.0278746
5,55450.8,2052.24,13057.4,11664,12,208,5848,5305,454,20602,73,1723,1341,19,3862,249,0.0278746
5,22267.1,2392.52,5402.69,4892,8,202,5850,5323,405,20634,30,699,521,0,824,208,0.0278746
5,25529.7,2392.52,5402.69,4892,8,202,5850,5323,405,20634,30,699,521,0,824,208,0.0278746
5,28594.6,2392.52,5402.69,4892,9,202,5850,5323,405,20634,30,699,521,0,824,208,0.0278746
5,37737.1,2392.52,5402.69,4892,7,202,5850,5323,405,20634,30,699,521,0,824,208,0.0278746
5,51693.9,2392.52,5402.69,4892,18,202,5850,5323,405,20634,30,699,521,0,824,208,0.0278746
5,11607.2,1859.2,6913.42,6153,5,191,5471,4635,338,16317,48,972,701,7,1923,123,0.0278746
5,16807.7,1859.2,6913.42,6153,10,191,5471,4635,338,16317,48,972,701,7,1923,123,0.0278746
5,35626.7,1859.2,6913.42,6153,5,191,5471,4635,338,16317,48,972,701,7,1923,123,0.0278746
5,40732.4,1859.2,6913.42,6153,14,191,5471,4635,338,16317,48,972,701,7,1923,123,0.0278746
5,41377.1,1859.2,6913.42,6153,12,191,5471,4635,338,16317,48,972,701,7,1923,123,0.0278746
5,19459,627.622,3114.61,2826,4,107,2061,1657,78,5808,27,387,274,0,584,75,0.0278746
5,21901.7,627.622,3114.61,2826,4,107,2061,1657,78,5808,27,387,274,0,584,75,0.0278746
5,26247.6,627.622,3114.61,2826,7,107,2061,1657,78,5808,27,387,274,0,584,75,0.0278746
5,26327.9,627.622,3114.61,2826,9,107,2061,1657,78,5808,27,387,274,0,584,75,0.0278746
5,27740.7,627.622,3114.61,2826,8,107,2061,1657,78,5808,27,387,274,0,584,75,0.0278746
5,31467.1,1641.51,8734.97,7823,9,191,4828,4275,356,15703,65,1217,919,4,2336,210,0.0278746
5,33325.6,1641.51,8734.97,7823,15,191,4828,4275,356,15703,65,1217,919,4,2336,210,0.0278746
5,47035.6,1641.51,8734.97,7823,8,191,4828,4275,356,15703,65,1217,919,4,2336,210,0.0278746
5,58609,1641.51,8734.97,7823,5,191,4828,4275,356,15703,65,1217,919,4,2336,210,0.0278746
5,60070.7,1641.51,8734.97,7823,26,191,4828,4275,356,15703,65,1217,919,4,2336,210,0.0278746
5,3575.92,1171.92,3027.58,2685,2,130,3421,2978,231,11303,33,510,381,1,870,76,0.0278746
5,15583.8,1171.92,3027.58,2685,5,130,3421,2978,231,11303,33,510,381,1,870,76,0.0278746
5,26787,1171.92,3027.58,2685,2,130,3421,2978,231,11303,33,510,381,1,870,76,0.0278746
5,42360.9,1171.92,3027.58,2685,3,130,3421,2978,231,11303,33,510,381,1,870,76,0.0278746
5,59163.3,1171.92,3027.58,2685,20,130,3421,2978,231,11303,33,510,381,1,870,76,0.0278746
5,23987,1556.99,7613.85,6787,3,176,4577,4058,349,14977,44,1107,851,10,2010,259,0.0278746
5,32560.2,1556.99,7613.85,6787,7,176,4577,4058,349,14977,44,1107,851,10,2010,259,0.0278746
5,36344.2,1556.99,7613.85,6787,7,176,4577,4058,349,14977,44,1107,851,10,2010,259,0.0278746
5,44434.4,1556.99,7613.85,6787,14,176,4577,4058,349,14977,44,1107,851,10,2010,259,0.0278746
5,49704.5,1556.99,7613.85,6787,12,176,4577,4058,349,14977,44,1107,851,10,2010,259,0.0278746
5,7906.6,2634.36,8734.38,7842,6,243,7276,6539,571,24438,51,1105,844,6,2005,241,0.0278746
5,31870.6,2634.36,8734.38,7842,13,243,7276,6539,571,24438,51,1105,844,6,2005,241,0.0278746
5,34045.1,2634.36,8734.38,7842,9,243,7276,6539,571,24438,51,1105,844,6,2005,241,0.0278746
5,49918.6,2634.36,8734.38,7842,14,243,7276,6539,571,24438,51,1105,844,6,2005,241,0.0278746
5,52013.5,2634.36,8734.38,7842,6,243,7276,6539,571,24438,51,1105,844,6,2005,241,0.0278746
5,26432.5,1483.18,8665.5,7768,13,175,4529,4009,305,14714,57,1098,838,9,1976,225,0.0278746
5,31362.5,1483.18,8665.5,7768,14,175,4529,4009,305,14714,57,1098,838,9,1976,225,0.0278746
5,46931,1483.18,8665.5,7768,13,175,4529,4009,305,14714,57,1098,838,9,1976,225,0.0278746
5,51413.2,1483.18,8665.5,7768,5,175,4529,4009,305,14714,57,1098,838,9,1976,225,0.0278746
5,53177.6,1483.18,8665.5,7768,24,175,4529,4009,305,14714,57,1098,838,9,1976,225,0.0278746
5,13752.6,4573.17,12471,11197,2,293,8898,8240,830,34796,73,1571,1229,21,2599,362,0.0278746
5,22800.2,4573.17,12471,11197,8,293,8898,8240,830,34796,73,1571,1229,21,2599,362,0.0278746
5,58788.8,4573.17,12471,11197,19,293,8898,8240,830,34796,73,1571,1229,21,2599,362,0.0278746
5,60964.9,4573.17,12471,11197,22,293,8898,8240,830,34796,73,1571,1229,21,2599,362,0.0278746
5,89826.8,4573.17,12471,11197,22,293,8898,8240,830,34796,73,1571,1229,21,2599,362,0.0278746
5,26257.4,2401.7,7979.07,7220,3,187,5075,4490,400,16799,53,974,721,12,1628,174,0.0278746
5,34869.3,2401.7,7979.07,7220,14,187,5075,4490,400,16799,53,974,721,12,1628,174,0.0278746
5,41825.1,2401.7,7979.07,7220,2,187,5075,4490,400,16799,53,974,721,12,1628,174,0.0278746
5,60159.5,2401.7,7979.07,7220,4,187,5075,4490,400,16799,53,974,721,12,1628,174,0.0278746
5,60684.2,2401.7,7979.07,7220,19,187,5075,4490,400,16799,53,974,721,12,1628,174,0.0278746
5,19450.4,609.517,3026.14,2751,5,109,2079,1662,85,5840,26,388,274,0,586,78,0.0278746
5,22431.4,609.517,3026.14,2751,4,109,2079,1662,85,5840,26,388,274,0,586,78,0.0278746
5,25896.2,609.517,3026.14,2751,7,109,2079,1662,85,5840,26,388,274,0,586,78,0.0278746
5,26315.4,609.517,3026.14,2751,9,109,2079,1662,85,5840,26,388,274,0,586,78,0.0278746
5,27841.5,609.517,3026.14,2751,9,109,2079,1662,85,5840,26,388,274,0,586,78,0.0278746
5,10122.4,903.136,4708.69,4238,4,122,2963,2577,158,9098,31,640,477,4,1067,135,0.0278746
5,24247.1,903.136,4708.69,4238,10,122,2963,2577,158,9098,31,640,477,4,1067,135,0.0278746
5,26285.5,903.136,4708.69,4238,10,122,2963,2577,158,9098,31,640,477,4,1067,135,0.0278746
5,34656.8,903.136,4708.69,4238,12,122,2963,2577,158,9098,31,640,477,4,1067,135,0.0278746
5,37476.4,903.136,4708.69,4238,15,122,2963,2577,158,9098,31,640,477,4,1067,135,0.0278746
5,15126.1,1092.12,3784.38,3415,5,139,3294,2740,153,9915,36,501,363,4,729,132,0.0278746
5,23966.9,1092.12,3784.38,3415,5,139,3294,2740,153,9915,36,501,363,4,729,132,0.0278746
5,24202.1,1092.12,3784.38,3415,5,139,3294,2740,153,9915,36,501,363,4,729,132,0.0278746
5,28687.2,1092.12,3784.38,3415,9,139,3294,2740,153,9915,36,501,363,4,729,132,0.0278746
5,33316.8,1092.12,3784.38,3415,6,139,3294,2740,153,9915,36,501,363,4,729,132,0.0278746
5,7896.14,3196.34,9008.5,8121,3,280,8446,7766,792,32400,57,1283,980,13,2079,295,0.0278746
5,16388.6,3196.34,9008.5,8121,5,280,8446,7766,792,32400,57,1283,980,13,2079,295,0.0278746
5,52377.1,3196.34,9008.5,8121,16,280,8446,7766,792,32400,57,1283,980,13,2079,295,0.0278746
5,52799.5,3196.34,9008.5,8121,17,280,8446,7766,792,32400,57,1283,980,13,2079,295,0.0278746
5,80894.5,3196.34,9008.5,8121,22,280,8446,7766,792,32400,57,1283,980,13,2079,295,0.0278746
5,10973.4,843.098,4086.09,3643,3,116,2593,2235,138,7911,23,574,431,4,929,122,0.0278746
5,19127.8,843.098,4086.09,3643,5,116,2593,2235,138,7911,23,574,431,4,929,122,0.0278746
5,24609.6,843.098,4086.09,3643,8,116,2593,2235,138,7911,23,574,431,4,929,122,0.0278746
5,30378.6,843.098,4086.09,3643,12,116,2593,2235,138,7911,23,574,431,4,929,122,0.0278746
5,34762.2,843.098,4086.09,3643,14,116,2593,2235,138,7911,23,574,431,4,929,122,0.0278746
5,37271.6,1559.97,11434.1,10294,16,187,4874,4298,369,15839,62,1421,1091,8,2415,284,0.0278746
5,37581.3,1559.97,11434.1,10294,4,187,4874,4298,369,15839,62,1421,1091,8,2415,284,0.0278746
5,53149.7,1559.97,11434.1,10294,3,187,4874,4298,369,15839,62,1421,1091,8,2415,284,0.0278746
5,61223.2,1559.97,11434.1,10294,11,187,4874,4298,369,15839,62,1421,1091,8,2415,284,0.0278746
5,63386.5,1559.97,11434.1,10294,7,187,4874,4298,369,15839,62,1421,1091,8,2415,284,0.0278746
5,27418.3,4274.11,8286.44,7522,8,284,8143,7532,750,30236,48,1033,789,5,1374,329,0.0278746
5,30674.7,4274.11,8286.44,7522,8,284,8143,7532,750,30236,48,1033,789,5,1374,329,0.0278746
5,42434.2,4274.11,8286.44,7522,6,284,8143,7532,750,30236,48,1033,789,5,1374,329,0.0278746
5,47379.2,4274.11,8286.44,7522,11,284,8143,7532,750,30236,48,1033,789,5,1374,329,0.0278746
5,70789,4274.11,8286.44,7522,3,284,8143,7532,750,30236,48,1033,789,5,1374,329,0.0278746
5,2996.21,1039.6,3235.73,2864,2,124,3296,2877,203,10793,32,508,377,1,858,77,0.0278746
5,13963.6,1039.6,3235.73,2864,5,124,3296,2877,203,10793,32,508,377,1,858,77,0.0278746
5,26304,1039.6,3235.73,2864,4,124,3296,2877,203,10793,32,508,377,1,858,77,0.0278746
5,41877.6,1039.6,3235.73,2864,5,124,3296,2877,203,10793,32,508,377,1,858,77,0.0278746
5,57543,1039.6,3235.73,2864,20,124,3296,2877,203,10793,32,508,377,1,858,77,0.0278746
5,17525.8,2942.63,8057.69,7194,6,265,7786,7186,707,28170,44,1201,916,12,2180,242,0.0278746
5,27840.2,2942.63,8057.69,7194,3,265,7786,7186,707,28170,44,1201,916,12,2180,242,0.0278746
5,38200.4,2942.63,8057.69,7194,15,265,7786,7186,707,28170,44,1201,916,12,2180,242,0.0278746
5,46634.5,2942.63,8057.69,7194,6,265,7786,7186,707,28170,44,1201,916,12,2180,242,0.0278746
5,60128.1,2942.63,8057.69,7194,17,265,7786,7186,707,28170,44,1201,916,12,2180,242,0.0278746
5,2540.88,2324.06,8101.86,7297,2,215,6061,5339,465,19159,55,1096,808,3,2012,204,0.0278746
5,28359,2324.06,8101.86,7297,12,215,6061,5339,465,19159,55,1096,808,3,2012,204,0.0278746
5,40588,2324.06,8101.86,7297,11,215,6061,5339,465,19159,55,1096,808,3,2012,204,0.0278746
5,41288.5,2324.06,8101.86,7297,17,215,6061,5339,465,19159,55,1096,808,3,2012,204,0.0278746
5,45134.4,2324.06,8101.86,7297,8,215,6061,5339,465,19159,55,1096,808,3,2012,204,0.0278746
5,40016.4,1557.72,7879.52,7002,4,170,4806,4251,372,15654,48,1179,899,15,2236,179,0.0278746
5,43465.3,1557.72,7879.52,7002,18,170,4806,4251,372,15654,48,1179,899,15,2236,179,0.0278746
5,55582.5,1557.72,7879.52,7002,3,170,4806,4251,372,15654,48,1179,899,15,2236,179,0.0278746
5,66094.2,1557.72,7879.52,7002,4,170,4806,4251,372,15654,48,1179,899,15,2236,179,0.0278746
5,67387.4,1557.72,7879.52,7002,13,170,4806,4251,372,15654,48,1179,899,15,2236,179,0.0278746
5,11350.4,3278.55,8671.07,7758,4,278,8691,8067,811,33454,55,1234,974,6,2107,316,0.0278746
5,22912.2,3278.55,8671.07,7758,6,278,8691,8067,811,33454,55,1234,974,6,2107,316,0.0278746
5,40465.2,3278.55,8671.07,7758,10,278,8691,8067,811,33454,55,1234,974,6,2107,316,0.0278746
5,45588.1,3278.55,8671.07,7758,17,278,8691,8067,811,33454,55,1234,974,6,2107,316,0.0278746
5,75474,3278.55,8671.07,7758,18,278,8691,8067,811,33454,55,1234,974,6,2107,316,0.0278746
5,35164.6,3196.43,15638.8,13851,10,310,8651,8037,891,33061,81,2264,1804,41,4675,410,0.0278746
5,37083,3196.43,15638.8,13851,6,310,8651,8037,891,33061,81,2264,1804,41,4675,410,0.0278746
5,49471.6,3196.43,15638.8,13851,13,310,8651,8037,891,33061,81,2264,1804,41,4675,410,0.0278746
5,57447.3,3196.43,15638.8,13851,15,310,8651,8037,891,33061,81,2264,1804,41,4675,410,0.0278746
5,79612.4,3196.43,15638.8,13851,18,310,8651,8037,891,33061,81,2264,1804,41,4675,410,0.0278746
5,13105.7,1842.58,4327.08,3964,5,160,3731,3132,197,11326,32,463,334,0,644,125,0.0278746
5,23304.8,1842.58,4327.08,3964,6,160,3731,3132,197,11326,32,463,334,0,644,125,0.0278746
5,23522,1842.58,4327.08,3964,5,160,3731,3132,197,11326,32,463,334,0,644,125,0.0278746
5,30030.1,1842.58,4327.08,3964,10,160,3731,3132,197,11326,32,463,334,0,644,125,0.0278746
5,35170.9,1842.58,4327.08,3964,6,160,3731,3132,197,11326,32,463,334,0,644,125,0.0278746
5,27661.2,2205.88,9200.23,8178,4,190,5201,4660,381,17916,60,1293,988,9,3028,178,0.0278746
5,32192,2205.88,9200.23,8178,4,190,5201,4660,381,17916,60,1293,988,9,3028,178,0.0278746
5,44957.2,2205.88,9200.23,8178,11,190,5201,4660,381,17916,60,1293,988,9,3028,178,0.0278746
5,51175.5,2205.88,9200.23,8178,14,190,5201,4660,381,17916,60,1293,988,9,3028,178,0.0278746
5,52645.4,2205.88,9200.23,8178,15,190,5201,4660,381,17916,60,1293,988,9,3028,178,0.0278746
5,22342.1,2852.72,8621.36,7701,7,271,7808,7220,731,28679,43,1264,977,12,2228,268,0.0278746
5,32547.1,2852.72,8621.36,7701,6,271,7808,7220,731,28679,43,1264,977,12,2228,268,0.0278746
5,43162.4,2852.72,8621.36,7701,15,271,7808,7220,731,28679,43,1264,977,12,2228,268,0.0278746
5,47843.6,2852.72,8621.36,7701,4,271,7808,7220,731,28679,43,1264,977,12,2228,268,0.0278746
5,63937.9,2852.72,8621.36,7701,16,271,7808,7220,731,28679,43,1264,977,12,2228,268,0.0278746
5,17143.2,2822.74,8808.95,7841,4,242,7264,6633,626,25919,40,1278,971,13,2338,239,0.0278746
5,33813.4,2822.74,8808.95,7841,5,242,7264,6633,626,25919,40,1278,971,13,2338,239,0.0278746
5,42057.8,2822.74,8808.95,7841,15,242,7264,6633,626,25919,40,1278,971,13,2338,239,0.0278746
5,52594.6,2822.74,8808.95,7841,8,242,7264,6633,626,25919,40,1278,971,13,2338,239,0.0278746
5,58732.2,2822.74,8808.95,7841,13,242,7264,6633,626,25919,40,1278,971,13,2338,239,0.0278746
5,10939.5,1511.46,3625.38,3259,5,171,4457,3827,256,13912,31,522,385,3,796,131,0.0278746
5,21340.9,1511.46,3625.38,3259,5,171,4457,3827,256,13912,31,522,385,3,796,131,0.0278746
5,28729.7,1511.46,3625.38,3259,9,171,4457,3827,256,13912,31,522,385,3,796,131,0.0278746
5,30269.1,1511.46,3625.38,3259,11,171,4457,3827,256,13912,31,522,385,3,796,131,0.0278746
5,39563.9,1511.46,3625.38,3259,5,171,4457,3827,256,13912,31,522,385,3,796,131,0.0278746
5,14292.5,1723.84,7620.29,6801,7,185,5044,4514,331,16564,52,1134,873,13,2091,208,0.0278746
5,22755.7,1723.84,7620.29,6801,7,185,5044,4514,331,16564,52,1134,873,13,2091,208,0.0278746
5,38081.7,1723.84,7620.29,6801,8,185,5044,4514,331,16564,52,1134,873,13,2091,208,0.0278746
5,41373,1723.84,7620.29,6801,17,185,5044,4514,331,16564,52,1134,873,13,2091,208,0.0278746
5,47246.3,1723.84,7620.29,6801,9,185,5044,4514,331,16564,52,1134,873,13,2091,208,0.0278746
5,39714,2411.7,17462.4,15767,13,245,6749,6095,601,24400,69,2032,1601,21,3858,510,0.0278746
5,59682.8,2411.7,17462.4,15767,7,245,6749,6095,601,24400,69,2032,1601,21,3858,510,0.0278746
5,59835.8,2411.7,17462.4,15767,4,245,6749,6095,601,24400,69,2032,1601,21,3858,510,0.0278746
5,66280.5,2411.7,17462.4,15767,25,245,6749,6095,601,24400,69,2032,1601,21,3858,510,0.0278746
5,72299.8,2411.7,17462.4,15767,7,245,6749,6095,601,24400,69,2032,1601,21,3858,510,0.0278746
5,26692.5,4305.62,9021.55,8202,8,302,8779,8134,840,33158,47,1197,932,2,1576,383,0.0278746
5,39434.8,4305.62,9021.55,8202,8,302,8779,8134,840,33158,47,1197,932,2,1576,383,0.0278746
5,39567.2,4305.62,9021.55,8202,11,302,8779,8134,840,33158,47,1197,932,2,1576,383,0.0278746
5,51493.4,4305.62,9021.55,8202,7,302,8779,8134,840,33158,47,1197,932,2,1576,383,0.0278746
5,78891.1,4305.62,9021.55,8202,8,302,8779,8134,840,33158,47,1197,932,2,1576,383,0.0278746
5,2923.18,987.931,3136.32,2793,2,121,3207,2804,198,10326,31,521,389,1,863,91,0.0278746
5,12248.8,987.931,3136.32,2793,4,121,3207,2804,198,10326,31,521,389,1,863,91,0.0278746
5,25958.8,987.931,3136.32,2793,4,121,3207,2804,198,10326,31,521,389,1,863,91,0.0278746
5,41532.5,987.931,3136.32,2793,5,121,3207,2804,198,10326,31,521,389,1,863,91,0.0278746
5,55828.3,987.931,3136.32,2793,19,121,3207,2804,198,10326,31,521,389,1,863,91,0.0278746
5,18501.3,2512.39,6319.23,5703,10,233,6820,6124,519,22343,42,878,696,5,1367,201,0.0278746
5,21260.5,2512.39,6319.23,5703,7,233,6820,6124,519,22343,42,878,696,5,1367,201,0.0278746
5,22529.8,2512.39,6319.23,5703,4,233,6820,6124,519,22343,42,878,696,5,1367,201,0.0278746
5,37196.1,2512.39,6319.23,5703,13,233,6820,6124,519,22343,42,878,696,5,1367,201,0.0278746
5,49427.1,2512.39,6319.23,5703,15,233,6820,6124,519,22343,42,878,696,5,1367,201,0.0278746
5,18020.6,1515.19,6360.88,5649,5,162,4594,4073,307,15081,49,952,718,10,1892,161,0.0278746
5,35666.5,1515.19,6360.88,5649,5,162,4594,4073,307,15081,49,952,718,10,1892,161,0.0278746
5,37772.6,1515.19,6360.88,5649,12,162,4594,4073,307,15081,49,952,718,10,1892,161,0.0278746
5,42716.6,1515.19,6360.88,5649,15,162,4594,4073,307,15081,49,952,718,10,1892,161,0.0278746
5,45678.9,1515.19,6360.88,5649,14,162,4594,4073,307,15081,49,952,718,10,1892,161,0.0278746
5,12231.1,1264.73,3490.02,3148,5,158,3938,3328,205,12093,35,508,369,0,779,130,0.0278746
5,22041.7,1264.73,3490.02,3148,4,158,3938,3328,205,12093,35,508,369,0,779,130,0.0278746
5,24779.3,1264.73,3490.02,3148,6,158,3938,3328,205,12093,35,508,369,0,779,130,0.0278746
5,29945.5,1264.73,3490.02,3148,10,158,3938,3328,205,12093,35,508,369,0,779,130,0.0278746
5,36316.1,1264.73,3490.02,3148,6,158,3938,3328,205,12093,35,508,369,0,779,130,0.0278746
5,12392.8,2546.01,5853.41,5269,6,246,7011,6400,539,25167,40,880,674,4,1223,243,0.0278746
5,16685.7,2546.01,5853.41,5269,7,246,7011,6400,539,25167,40,880,674,4,1223,243,0.0278746
5,35894.4,2546.01,5853.41,5269,12,246,7011,6400,539,25167,40,880,674,4,1223,243,0.0278746
5,43221.1,2546.01,5853.41,5269,7,246,7011,6400,539,25167,40,880,674,4,1223,243,0.0278746
5,63875.2,2546.01,5853.41,5269,20,246,7011,6400,539,25167,40,880,674,4,1223,243,0.0278746
5,15821.1,982.387,3870.81,3508,5,125,2980,2581,149,9529,24,533,399,2,743,130,0.0278746
5,27563.4,982.387,3870.81,3508,9,125,2980,2581,149,9529,24,533,399,2,743,130,0.0278746
5,28163.1,982.387,3870.81,3508,11,125,2980,2581,149,9529,24,533,399,2,743,130,0.0278746
5,29945.7,982.387,3870.81,3508,11,125,2980,2581,149,9529,24,533,399,2,743,130,0.0278746
5,34450.5,982.387,3870.81,3508,5,125,2980,2581,149,9529,24,533,399,2,743,130,0.0278746
5,10257.5,961.444,5625.39,5118,3,127,3184,2806,221,9923,36,546,401,4,938,83,0.0278746
5,10787.9,961.444,5625.39,5118,7,127,3184,2806,221,9923,36,546,401,4,938,83,0.0278746
5,16038.8,961.444,5625.39,5118,6,127,3184,2806,221,9923,36,546,401,4,938,83,0.0278746
5,31230.3,961.444,5625.39,5118,9,127,3184,2806,221,9923,36,546,401,4,938,83,0.0278746
5,48827.5,961.444,5625.39,5118,13,127,3184,2806,221,9923,36,546,401,4,938,83,0.0278746
5,6611.17,1367.05,3451.41,3117,2,120,2995,2611,188,9620,39,442,311,2,825,53,0.0278746
5,16996.7,1367.05,3451.41,3117,3,120,2995,2611,188,9620,39,442,311,2,825,53,0.0278746
5,19260.7,1367.05,3451.41,3117,8,120,2995,2611,188,9620,39,442,311,2,825,53,0.0278746
5,22065.3,1367.05,3451.41,3117,4,120,2995,2611,188,9620,39,442,311,2,825,53,0.0278746
5,46913,1367.05,3451.41,3117,15,120,2995,2611,188,9620,39,442,311,2,825,53,0.0278746
5,29733.1,2155.86,9948.38,8857,5,190,5324,4766,392,18540,64,1337,1023,12,3266,127,0.0278746
5,36098.7,2155.86,9948.38,8857,4,190,5324,4766,392,18540,64,1337,1023,12,3266,127,0.0278746
5,48864.5,2155.86,9948.38,8857,11,190,5324,4766,392,18540,64,1337,1023,12,3266,127,0.0278746
5,54906.2,2155.86,9948.38,8857,18,190,5324,4766,392,18540,64,1337,1023,12,3266,127,0.0278746
5,55054.9,2155.86,9948.38,8857,13,190,5324,4766,392,18540,64,1337,1023,12,3266,127,0.0278746
5,44952.5,2080.51,10029.2,8925,5,181,4880,4314,379,16101,56,1404,1088,12,2835,245,0.0278746
5,48378.7,2080.51,10029.2,8925,19,181,4880,4314,379,16101,56,1404,1088,12,2835,245,0.0278746
5,60518.6,2080.51,10029.2,8925,4,181,4880,4314,379,16101,56,1404,1088,12,2835,245,0.0278746
5,69816,2080.51,10029.2,8925,4,181,4880,4314,379,16101,56,1404,1088,12,2835,245,0.0278746
5,71623.5,2080.51,10029.2,8925,19,181,4880,4314,379,16101,56,1404,1088,12,2835,245,0.0278746
5,7316.65,973.691,4741.49,4243,4,130,3000,2586,188,9204,32,692,508,7,1183,103,0.0278746
5,16425.7,973.691,4741.49,4243,5,130,3000,2586,188,9204,32,692,508,7,1183,103,0.0278746
5,29767.2,973.691,4741.49,4243,10,130,3000,2586,188,9204,32,692,508,7,1183,103,0.0278746
5,44635,973.691,4741.49,4243,15,130,3000,2586,188,9204,32,692,508,7,1183,103,0.0278746
5,45170.3,973.691,4741.49,4243,14,130,3000,2586,188,9204,32,692,508,7,1183,103,0.0278746
5,35333,2509.78,16464.2,14977,10,253,6775,6098,577,24328,66,1715,1351,10,3109,422,0.0278746
5,54867.8,2509.78,16464.2,14977,8,253,6775,6098,577,24328,66,1715,1351,10,3109,422,0.0278746
5,61849.8,2509.78,16464.2,14977,6,253,6775,6098,577,24328,66,1715,1351,10,3109,422,0.0278746
5,61887.2,2509.78,16464.2,14977,21,253,6775,6098,577,24328,66,1715,1351,10,3109,422,0.0278746
5,69899.8,2509.78,16464.2,14977,6,253,6775,6098,577,24328,66,1715,1351,10,3109,422,0.0278746
5,5921.33,3651.1,7241.66,6467,4,272,8256,7607,703,30806,46,1088,865,10,1919,219,0.0278746
5,25371.3,3651.1,7241.66,6467,8,272,8256,7607,703,30806,46,1088,865,10,1919,219,0.0278746
5,32207.1,3651.1,7241.66,6467,10,272,8256,7607,703,30806,46,1088,865,10,1919,219,0.0278746
5,35894.5,3651.1,7241.66,6467,14,272,8256,7607,703,30806,46,1088,865,10,1919,219,0.0278746
5,66817,3651.1,7241.66,6467,19,272,8256,7607,703,30806,46,1088,865,10,1919,219,0.0278746
5,19045.8,1461.3,5984.89,5310,7,171,4238,3684,282,13203,42,916,686,3,1823,134,0.0278746
5,24791.8,1461.3,5984.89,5310,9,171,4238,3684,282,13203,42,916,686,3,1823,134,0.0278746
5,30979.6,1461.3,5984.89,5310,6,171,4238,3684,282,13203,42,916,686,3,1823,134,0.0278746
5,31300.5,1461.3,5984.89,5310,5,171,4238,3684,282,13203,42,916,686,3,1823,134,0.0278746
5,38902.6,1461.3,5984.89,5310,10,171,4238,3684,282,13203,42,916,686,3,1823,134,0.0278746
5,1354.38,1021.74,3055.44,2728,2,124,3357,2924,224,10828,30,520,393,2,925,77,0.0278746
5,13372.3,1021.74,3055.44,2728,5,124,3357,2924,224,10828,30,520,393,2,925,77,0.0278746
5,24560.3,1021.74,3055.44,2728,4,124,3357,2924,224,10828,30,520,393,2,925,77,0.0278746
5,40133.9,1021.74,3055.44,2728,5,124,3357,2924,224,10828,30,520,393,2,925,77,0.0278746
5,56951.8,1021.74,3055.44,2728,20,124,3357,2924,224,10828,30,520,393,2,925,77,0.0278746
5,22000.5,2253.4,6205.21,5615,4,211,6382,5811,529,22934,35,887,696,2,1033,304,0.0278746
5,27044.6,2253.4,6205.21,5615,10,211,6382,5811,529,22934,35,887,696,2,1033,304,0.0278746
5,40691.7,2253.4,6205.21,5615,12,211,6382,5811,529,22934,35,887,696,2,1033,304,0.0278746
5,51352.9,2253.4,6205.21,5615,4,211,6382,5811,529,22934,35,887,696,2,1033,304,0.0278746
5,64836.3,2253.4,6205.21,5615,21,211,6382,5811,529,22934,35,887,696,2,1033,304,0.0278746
5,26835.9,3174.04,8218.42,7417,6,306,8691,8031,831,32500,54,1113,856,4,1435,357,0.0278746
5,36045.2,3174.04,8218.42,7417,10,306,8691,8031,831,32500,54,1113,856,4,1435,357,0.0278746
5,40933.4,3174.04,8218.42,7417,9,306,8691,8031,831,32500,54,1113,856,4,1435,357,0.0278746
5,49402.6,3174.04,8218.42,7417,9,306,8691,8031,831,32500,54,1113,856,4,1435,357,0.0278746
5,76155.7,3174.04,8218.42,7417,5,306,8691,8031,831,32500,54,1113,856,4,1435,357,0.0278746
5,14712,2599.22,8942.71,8229,5,230,6921,6160,466,22321,39,865,667,6,1320,222,0.0278746
5,20949.3,2599.22,8942.71,8229,5,230,6921,6160,466,22321,39,865,667,6,1320,222,0.0278746
5,25735.3,2599.22,8942.71,8229,13,230,6921,6160,466,22321,39,865,667,6,1320,222,0.0278746
5,44838.8,2599.22,8942.71,8229,18,230,6921,6160,466,22321,39,865,667,6,1320,222,0.0278746
5,48206.8,2599.22,8942.71,8229,7,230,6921,6160,466,22321,39,865,667,6,1320,222,0.0278746
5,6419.13,1483.01,4033.94,3663,3,149,3535,3075,252,11439,36,458,339,0,649,109,0.0278746
5,21913.8,1483.01,4033.94,3663,4,149,3535,3075,252,11439,36,458,339,0,649,109,0.0278746
5,30271.8,1483.01,4033.94,3663,8,149,3535,3075,252,11439,36,458,339,0,649,109,0.0278746
5,44274.7,1483.01,4033.94,3663,16,149,3535,3075,252,11439,36,458,339,0,649,109,0.0278746
5,45231,1483.01,4033.94,3663,5,149,3535,3075,252,11439,36,458,339,0,649,109,0.0278746
5,9076.31,1233.8,4378.76,3849,2,130,3329,2920,243,10698,42,649,464,7,1170,70,0.0278746
5,14734.1,1233.8,4378.76,3849,2,130,3329,2920,243,10698,42,649,464,7,1170,70,0.0278746
5,14877.3,1233.8,4378.76,3849,4,130,3329,2920,243,10698,42,649,464,7,1170,70,0.0278746
5,30246.9,1233.8,4378.76,3849,4,130,3329,2920,243,10698,42,649,464,7,1170,70,0.0278746
5,53519.3,1233.8,4378.76,3849,13,130,3329,2920,243,10698,42,649,464,7,1170,70,0.0278746
5,41169.4,3108.86,17217.5,15525,12,253,6394,5730,582,23257,80,2085,1639,22,4217,419,0.0278746
5,56612.3,3108.86,17217.5,15525,13,253,6394,5730,582,23257,80,2085,1639,22,4217,419,0.0278746
5,67605,3108.86,17217.5,15525,26,253,6394,5730,582,23257,80,2085,1639,22,4217,419,0.0278746
5,70379,3108.86,17217.5,15525,8,253,6394,5730,582,23257,80,2085,1639,22,4217,419,0.0278746
5,71297.8,3108.86,17217.5,15525,12,253,6394,5730,582,23257,80,2085,1639,22,4217,419,0.0278746
5,41797.3,1508.08,11733.3,10725,4,174,4510,3978,325,14895,46,1171,882,4,2227,190,0.0278746
5,42806.3,1508.08,11733.3,10725,18,174,4510,3978,325,14895,46,1171,882,4,2227,190,0.0278746
5,57365.8,1508.08,11733.3,10725,3,174,4510,3978,325,14895,46,1171,882,4,2227,190,0.0278746
5,63092.4,1508.08,11733.3,10725,4,174,4510,3978,325,14895,46,1171,882,4,2227,190,0.0278746
5,64911.2,1508.08,11733.3,10725,18,174,4510,3978,325,14895,46,1171,882,4,2227,190,0.0278746
5,12057.1,1969.94,4961.28,4464,6,171,4897,4262,318,15330,38,620,458,3,1085,138,0.0278746
5,28497.2,1969.94,4961.28,4464,12,171,4897,4262,318,15330,38,620,458,3,1085,138,0.0278746
5,31775.4,1969.94,4961.28,4464,13,171,4897,4262,318,15330,38,620,458,3,1085,138,0.0278746
5,35828.8,1969.94,4961.28,4464,5,171,4897,4262,318,15330,38,620,458,3,1085,138,0.0278746
5,40668.3,1969.94,4961.28,4464,11,171,4897,4262,318,15330,38,620,458,3,1085,138,0.0278746
5,18280,1119.9,3727.23,3371,6,139,3585,3027,163,10960,28,504,376,1,830,108,0.0278746
5,26109.4,1119.9,3727.23,3371,6,139,3585,3027,163,10960,28,504,376,1,830,108,0.0278746
5,26676.2,1119.9,3727.23,3371,10,139,3585,3027,163,10960,28,504,376,1,830,108,0.0278746
5,29252.8,1119.9,3727.23,3371,4,139,3585,3027,163,10960,28,504,376,1,830,108,0.0278746
5,34353.6,1119.9,3727.23,3371,7,139,3585,3027,163,10960,28,504,376,1,830,108,0.0278746
5,29055,3180.71,8199.25,7400,8,297,8409,7775,809,31616,53,1147,890,6,1551,377,0.0278746
5,33539.7,3180.71,8199.25,7400,9,297,8409,7775,809,31616,53,1147,890,6,1551,377,0.0278746
5,43411.3,3180.71,8199.25,7400,9,297,8409,7775,809,31616,53,1147,890,6,1551,377,0.0278746
5,50238.3,3180.71,8199.25,7400,12,297,8409,7775,809,31616,53,1147,890,6,1551,377,0.0278746
5,73650.2,3180.71,8199.25,7400,4,297,8409,7775,809,31616,53,1147,890,6,1551,377,0.0278746
5,7175.23,3083.66,6535.07,5841,4,266,8268,7646,745,30888,44,981,769,11,1598,221,0.0278746
5,19294.7,3083.66,6535.07,5841,4,266,8268,7646,745,30888,44,981,769,11,1598,221,0.0278746
5,37776.7,3083.66,6535.07,5841,12,266,8268,7646,745,30888,44,981,769,11,1598,221,0.0278746
5,41556.9,3083.66,6535.07,5841,13,266,8268,7646,745,30888,44,981,769,11,1598,221,0.0278746
5,71338.8,3083.66,6535.07,5841,18,266,8268,7646,745,30888,44,981,769,11,1598,221,0.0278746
5,14955.1,2087.59,7105.91,6425,9,216,6264,5531,436,19661,45,985,776,9,1573,208,0.0278746
5,24294.7,2087.59,7105.91,6425,9,216,6264,5531,436,19661,45,985,776,9,1573,208,0.0278746
5,24471.9,2087.59,7105.91,6425,7,216,6264,5531,436,19661,45,985,776,9,1573,208,0.0278746
5,39516,2087.59,7105.91,6425,14,216,6264,5531,436,19661,45,985,776,9,1573,208,0.0278746
5,45872.7,2087.59,7105.91,6425,14,216,6264,5531,436,19661,45,985,776,9,1573,208,0.0278746
5,24309.3,3191.42,7696.73,6981,9,299,8753,8096,831,33066,47,1084,838,1,1376,352,0.0278746
5,37317.3,3191.42,7696.73,6981,8,299,8753,8096,831,33066,47,1084,838,1,1376,352,0.0278746
5,37474.1,3191.42,7696.73,6981,12,299,8753,8096,831,33066,47,1084,838,1,1376,352,0.0278746
5,49046.7,3191.42,7696.73,6981,8,299,8753,8096,831,33066,47,1084,838,1,1376,352,0.0278746
5,76798,3191.42,7696.73,6981,9,299,8753,8096,831,33066,47,1084,838,1,1376,352,0.0278746
5,9012.22,2331.41,9351.37,8483,4,215,6401,5744,513,21575,48,1174,909,9,2051,276,0.0278746
5,35578.8,2331.41,9351.37,8483,16,215,6401,5744,513,21575,48,1174,909,9,2051,276,0.0278746
5,40882.5,2331.41,9351.37,8483,12,215,6401,5744,513,21575,48,1174,909,9,2051,276,0.0278746
5,44966.5,2331.41,9351.37,8483,12,215,6401,5744,513,21575,48,1174,909,9,2051,276,0.0278746
5,49164.2,2331.41,9351.37,8483,5,215,6401,5744,513,21575,48,1174,909,9,2051,276,0.0278746
5,28909.8,2626,11669.6,10473,7,198,5544,4996,438,19543,64,1414,1103,7,3252,219,0.0278746
5,37464.7,2626,11669.6,10473,3,198,5544,4996,438,19543,64,1414,1103,7,3252,219,0.0278746
5,50230.5,2626,11669.6,10473,11,198,5544,4996,438,19543,64,1414,1103,7,3252,219,0.0278746
5,54561.8,2626,11669.6,10473,21,198,5544,4996,438,19543,64,1414,1103,7,3252,219,0.0278746
5,56415.5,2626,11669.6,10473,12,198,5544,4996,438,19543,64,1414,1103,7,3252,219,0.0278746
5,21269,1933.17,6726.94,5979,10,190,5025,4475,346,17087,51,1005,754,6,1676,225,0.0278746
5,25856.8,1933.17,6726.94,5979,7,190,5025,4475,346,17087,51,1005,754,6,1676,225,0.0278746
5,36837.5,1933.17,6726.94,5979,9,190,5025,4475,346,17087,51,1005,754,6,1676,225,0.0278746
5,51386.2,1933.17,6726.94,5979,18,190,5025,4475,346,17087,51,1005,754,6,1676,225,0.0278746
5,55656.8,1933.17,6726.94,5979,11,190,5025,4475,346,17087,51,1005,754,6,1676,225,0.0278746
5,17335.9,3465.4,8376.48,7423,5,255,7472,6872,651,26982,40,1184,907,11,2046,244,0.0278746
5,31064.9,3465.4,8376.48,7423,3,255,7472,6872,651,26982,40,1184,907,11,2046,244,0.0278746
5,39230,3465.4,8376.48,7423,15,255,7472,6872,651,26982,40,1184,907,11,2046,244,0.0278746
5,49850.2,3465.4,8376.48,7423,6,255,7472,6872,651,26982,40,1184,907,11,2046,244,0.0278746
5,58940,3465.4,8376.48,7423,14,255,7472,6872,651,26982,40,1184,907,11,2046,244,0.0278746
5,25284.9,3570.07,8424.23,7584,6,304,8697,8025,818,32961,46,1052,811,4,1335,348,0.0278746
5,35836.8,3570.07,8424.23,7584,10,304,8697,8025,818,32961,46,1052,811,4,1335,348,0.0278746
5,39481.4,3570.07,8424.23,7584,10,304,8697,8025,818,32961,46,1052,811,4,1335,348,0.0278746
5,48227.3,3570.07,8424.23,7584,8,304,8697,8025,818,32961,46,1052,811,4,1335,348,0.0278746
5,75165,3570.07,8424.23,7584,7,304,8697,8025,818,32961,46,1052,811,4,1335,348,0.0278746
5,14994.6,1740.42,6929.84,6274,5,180,4516,4003,295,15286,36,762,567,12,1289,148,0.0278746
5,22354,1740.42,6929.84,6274,4,180,4516,4003,295,15286,36,762,567,12,1289,148,0.0278746
5,30448.8,1740.42,6929.84,6274,5,180,4516,4003,295,15286,36,762,567,12,1289,148,0.0278746
5,47676,1740.42,6929.84,6274,13,180,4516,4003,295,15286,36,762,567,12,1289,148,0.0278746
5,49042.2,1740.42,6929.84,6274,11,180,4516,4003,295,15286,36,762,567,12,1289,148,0.0278746
5,5090.18,4191.04,9626.99,8658,2,255,7727,7051,726,28335,47,1276,1002,16,2104,289,0.0278746
5,15665.3,4191.04,9626.99,8658,4,255,7727,7051,726,28335,47,1276,1002,16,2104,289,0.0278746
5,47346.4,4191.04,9626.99,8658,17,255,7727,7051,726,28335,47,1276,1002,16,2104,289,0.0278746
5,53444.7,4191.04,9626.99,8658,17,255,7727,7051,726,28335,47,1276,1002,16,2104,289,0.0278746
5,75327.2,4191.04,9626.99,8658,25,255,7727,7051,726,28335,47,1276,1002,16,2104,289,0.0278746
5,9976.87,1994.64,8458.41,7688,3,215,5711,5044,370,18448,43,964,723,1,1646,187,0.0278746
5,30776.3,1994.64,8458.41,7688,10,215,5711,5044,370,18448,43,964,723,1,1646,187,0.0278746
5,33459.3,1994.64,8458.41,7688,9,215,5711,5044,370,18448,43,964,723,1,1646,187,0.0278746
5,37406.8,1994.64,8458.41,7688,15,215,5711,5044,370,18448,43,964,723,1,1646,187,0.0278746
5,46029.7,1994.64,8458.41,7688,16,215,5711,5044,370,18448,43,964,723,1,1646,187,0.0278746
5,23901.6,1862.47,7721.32,6975,5,171,4510,3994,299,15184,50,1042,785,6,1895,206,0.0278746
5,38555.7,1862.47,7721.32,6975,8,171,4510,3994,299,15184,50,1042,785,6,1895,206,0.0278746
5,42020.7,1862.47,7721.32,6975,11,171,4510,3994,299,15184,50,1042,785,6,1895,206,0.0278746
5,42223.7,1862.47,7721.32,6975,9,171,4510,3994,299,15184,50,1042,785,6,1895,206,0.0278746
5,48311.8,1862.47,7721.32,6975,13,171,4510,3994,299,15184,50,1042,785,6,1895,206,0.0278746
5,2497.49,1371.71,4244.53,3692,2,132,3405,2976,228,11172,34,707,528,5,1397,62,0.0278746
5,14175.7,1371.71,4244.53,3692,5,132,3405,2976,228,11172,34,707,528,5,1397,62,0.0278746
5,21455.7,1371.71,4244.53,3692,2,132,3405,2976,228,11172,34,707,528,5,1397,62,0.0278746
5,37022.3,1371.71,4244.53,3692,3,132,3405,2976,228,11172,34,707,528,5,1397,62,0.0278746
5,57349.1,1371.71,4244.53,3692,18,132,3405,2976,228,11172,34,707,528,5,1397,62,0.0278746
5,20676.3,2298.28,13697.3,12200,6,210,5842,5294,443,20410,75,1703,1318,17,3770,259,0.0278746
5,41101.9,2298.28,13697.3,12200,5,210,5842,5294,443,20410,75,1703,1318,17,3770,259,0.0278746
5,47443.8,2298.28,13697.3,12200,15,210,5842,5294,443,20410,75,1703,1318,17,3770,259,0.0278746
5,53594.5,2298.28,13697.3,12200,11,210,5842,5294,443,20410,75,1703,1318,17,3770,259,0.0278746
5,54019.6,2298.28,13697.3,12200,11,210,5842,5294,443,20410,75,1703,1318,17,3770,259,0.0278746
5,16144,1486.33,3959.8,3576,5,156,3909,3246,211,11604,34,509,359,1,785,113,0.0278746
5,17982.7,1486.33,3959.8,3576,6,156,3909,3246,211,11604,34,509,359,1,785,113,0.0278746
5,29130.1,1486.33,3959.8,3576,5,156,3909,3246,211,11604,34,509,359,1,785,113,0.0278746
5,34092.1,1486.33,3959.8,3576,10,156,3909,3246,211,11604,34,509,359,1,785,113,0.0278746
5,35860.9,1486.33,3959.8,3576,10,156,3909,3246,211,11604,34,509,359,1,785,113,0.0278746
5,319.953,1155.97,3937.09,3419,2,135,3507,3066,256,11483,34,648,500,3,1261,81,0.0278746
5,14103.6,1155.97,3937.09,3419,7,135,3507,3066,256,11483,34,648,500,3,1261,81,0.0278746
5,23050.6,1155.97,3937.09,3419,4,135,3507,3066,256,11483,34,648,500,3,1261,81,0.0278746
5,38624.2,1155.97,3937.09,3419,5,135,3507,3066,256,11483,34,648,500,3,1261,81,0.0278746
5,57643.7,1155.97,3937.09,3419,23,135,3507,3066,256,11483,34,648,500,3,1261,81,0.0278746
5,7933.35,1938.91,6628.44,6011,5,190,5436,4627,345,16189,47,762,538,0,1343,122,0.0278746
5,22217.5,1938.91,6628.44,6011,10,190,5436,4627,345,16189,47,762,538,0,1343,122,0.0278746
5,38619.6,1938.91,6628.44,6011,15,190,5436,4627,345,16189,47,762,538,0,1343,122,0.0278746
5,38896.5,1938.91,6628.44,6011,6,190,5436,4627,345,16189,47,762,538,0,1343,122,0.0278746
5,41074.7,1938.91,6628.44,6011,9,190,5436,4627,345,16189,47,762,538,0,1343,122,0.0278746
5,4559.33,869.926,2278.71,2002,2,108,2574,2210,158,7937,32,366,247,2,572,52,0.0278746
5,17509.6,869.926,2278.71,2002,4,108,2574,2210,158,7937,32,366,247,2,572,52,0.0278746
5,23130.6,869.926,2278.71,2002,2,108,2574,2210,158,7937,32,366,247,2,572,52,0.0278746
5,25307.4,869.926,2278.71,2002,9,108,2574,2210,158,7937,32,366,247,2,572,52,0.0278746
5,43770.5,869.926,2278.71,2002,14,108,2574,2210,158,7937,32,366,247,2,572,52,0.0278746
5,15962.4,3501.44,14769.4,13424,4,301,9059,8453,870,35320,63,1569,1238,25,2657,398,0.0278746
5,22121.4,3501.44,14769.4,13424,5,301,9059,8453,870,35320,63,1569,1238,25,2657,398,0.0278746
5,47893.2,3501.44,14769.4,13424,11,301,9059,8453,870,35320,63,1569,1238,25,2657,398,0.0278746
5,53962.1,3501.44,14769.4,13424,17,301,9059,8453,870,35320,63,1569,1238,25,2657,398,0.0278746
5,83744,3501.44,14769.4,13424,22,301,9059,8453,870,35320,63,1569,1238,25,2657,398,0.0278746
5,25715.9,1890.44,8245.81,7383,10,188,5209,4609,411,17071,61,1126,868,9,2058,168,0.0278746
5,38612.9,1890.44,8245.81,7383,9,188,5209,4609,411,17071,61,1126,868,9,2058,168,0.0278746
5,41225,1890.44,8245.81,7383,6,188,5209,4609,411,17071,61,1126,868,9,2058,168,0.0278746
5,63357.3,1890.44,8245.81,7383,4,188,5209,4609,411,17071,61,1126,868,9,2058,168,0.0278746
5,63625,1890.44,8245.81,7383,22,188,5209,4609,411,17071,61,1126,868,9,2058,168,0.0278746
5,6314.9,1798.19,7339.1,6547,5,183,5189,4422,302,15704,45,1022,757,9,2090,140,0.0278746
5,21344.4,1798.19,7339.1,6547,12,183,5189,4422,302,15704,45,1022,757,9,2090,140,0.0278746
5,32579.5,1798.19,7339.1,6547,8,183,5189,4422,302,15704,45,1022,757,9,2090,140,0.0278746
5,39973.4,1798.19,7339.1,6547,11,183,5189,4422,302,15704,45,1022,757,9,2090,140,0.0278746
5,41070.6,1798.19,7339.1,6547,13,183,5189,4422,302,15704,45,1022,757,9,2090,140,0.0278746
5,22662.5,1583.15,6729.02,6032,4,151,4253,3728,260,13872,41,898,665,4,1612,166,0.0278746
5,34486.7,1583.15,6729.02,6032,7,151,4253,3728,260,13872,41,898,665,4,1612,166,0.0278746
5,40017,1583.15,6729.02,6032,10,151,4253,3728,260,13872,41,898,665,4,1612,166,0.0278746
5,43084.6,1583.15,6729.02,6032,14,151,4253,3728,260,13872,41,898,665,4,1612,166,0.0278746
5,44201.1,1583.15,6729.02,6032,12,151,4253,3728,260,13872,41,898,665,4,1612,166,0.0278746
5,17732.3,2538.9,11872.3,10645,5,244,6911,6267,560,24480,53,1467,1128,16,2720,319,0.0278746
5,39691.1,2538.9,11872.3,10645,4,244,6911,6267,560,24480,53,1467,1128,16,2720,319,0.0278746
5,44286.5,2538.9,11872.3,10645,16,244,6911,6267,560,24480,53,1467,1128,16,2720,319,0.0278746
5,55791.7,2538.9,11872.3,10645,12,244,6911,6267,560,24480,53,1467,1128,16,2720,319,0.0278746
5,58484.2,2538.9,11872.3,10645,7,244,6911,6267,560,24480,53,1467,1128,16,2720,319,0.0278746
5,13916.9,1139.63,3223.59,2902,3,149,3261,2759,182,9970,24,444,315,1,591,116,0.0278746
5,18215.4,1139.63,3223.59,2902,7,149,3261,2759,182,9970,24,444,315,1,591,116,0.0278746
5,23676.6,1139.63,3223.59,2902,6,149,3261,2759,182,9970,24,444,315,1,591,116,0.0278746
5,32816.4,1139.63,3223.59,2902,7,149,3261,2759,182,9970,24,444,315,1,591,116,0.0278746
5,36163.8,1139.63,3223.59,2902,4,149,3261,2759,182,9970,24,444,315,1,591,116,0.0278746
5,18127.6,2915.05,6718.44,6074,6,268,7844,7186,648,27837,38,781,593,0,1072,219,0.0278746
5,21065.7,2915.05,6718.44,6074,6,268,7844,7186,648,27837,38,781,593,0,1072,219,0.0278746
5,29738,2915.05,6718.44,6074,8,268,7844,7186,648,27837,38,781,593,0,1072,219,0.0278746
5,39965.6,2915.05,6718.44,6074,9,268,7844,7186,648,27837,38,781,593,0,1072,219,0.0278746
5,56864.9,2915.05,6718.44,6074,9,268,7844,7186,648,27837,38,781,593,0,1072,219,0.0278746
5,16091.9,2057.04,6387.77,5704,6,166,4658,4130,303,15307,48,871,655,5,1730,155,0.0278746
5,34678.4,2057.04,6387.77,5704,4,166,4658,4130,303,15307,48,871,655,5,1730,155,0.0278746
5,36626.2,2057.04,6387.77,5704,12,166,4658,4130,303,15307,48,871,655,5,1730,155,0.0278746
5,41028.5,2057.04,6387.77,5704,14,166,4658,4130,303,15307,48,871,655,5,1730,155,0.0278746
5,44850.2,2057.04,6387.77,5704,13,166,4658,4130,303,15307,48,871,655,5,1730,155,0.0278746
5,36789.3,2095.39,10580.3,9401,4,194,5358,4831,396,18663,65,1463,1159,16,3286,245,0.0278746
5,37577.7,2095.39,10580.3,9401,10,194,5358,4831,396,18663,65,1463,1159,16,3286,245,0.0278746
5,46821.7,2095.39,10580.3,9401,7,194,5358,4831,396,18663,65,1463,1159,16,3286,245,0.0278746
5,58025.4,2095.39,10580.3,9401,21,194,5358,4831,396,18663,65,1463,1159,16,3286,245,0.0278746
5,60683.4,2095.39,10580.3,9401,16,194,5358,4831,396,18663,65,1463,1159,16,3286,245,0.0278746
5,6273.52,3828.97,10945.7,9764,2,289,8784,8074,868,34060,65,1507,1170,15,2623,317,0.0278746
5,21895.9,3828.97,10945.7,9764,5,289,8784,8074,868,34060,65,1507,1170,15,2623,317,0.0278746
5,57884.4,3828.97,10945.7,9764,16,289,8784,8074,868,34060,65,1507,1170,15,2623,317,0.0278746
5,58273.3,3828.97,10945.7,9764,18,289,8784,8074,868,34060,65,1507,1170,15,2623,317,0.0278746
5,86254.2,3828.97,10945.7,9764,26,289,8784,8074,868,34060,65,1507,1170,15,2623,317,0.0278746
5,18170.6,2637.56,11394.8,10193,6,238,6777,6109,560,23897,50,1495,1145,16,2827,288,0.0278746
5,38965.4,2637.56,11394.8,10193,4,238,6777,6109,560,23897,50,1495,1145,16,2827,288,0.0278746
5,44724.8,2637.56,11394.8,10193,17,238,6777,6109,560,23897,50,1495,1145,16,2827,288,0.0278746
5,56760.5,2637.56,11394.8,10193,11,238,6777,6109,560,23897,50,1495,1145,16,2827,288,0.0278746
5,57747.3,2637.56,11394.8,10193,7,238,6777,6109,560,23897,50,1495,1145,16,2827,288,0.0278746
5,18172.3,3356.09,5413.46,4931,6,264,7873,7238,659,28405,33,686,516,0,904,196,0.0278746
5,21026.7,3356.09,5413.46,4931,6,264,7873,7238,659,28405,33,686,516,0,904,196,0.0278746
5,31952.2,3356.09,5413.46,4931,9,264,7873,7238,659,28405,33,686,516,0,904,196,0.0278746
5,37072.1,3356.09,5413.46,4931,9,264,7873,7238,659,28405,33,686,516,0,904,196,0.0278746
5,59218.4,3356.09,5413.46,4931,8,264,7873,7238,659,28405,33,686,516,0,904,196,0.0278746
5,3271.54,1124.4,3768.57,3315,2,125,3227,2823,203,10347,32,571,436,1,971,112,0.0278746
5,11476.3,1124.4,3768.57,3315,4,125,3227,2823,203,10347,32,571,436,1,971,112,0.0278746
5,25959.8,1124.4,3768.57,3315,5,125,3227,2823,203,10347,32,571,436,1,971,112,0.0278746
5,41533.4,1124.4,3768.57,3315,6,125,3227,2823,203,10347,32,571,436,1,971,112,0.0278746
5,55055.8,1124.4,3768.57,3315,19,125,3227,2823,203,10347,32,571,436,1,971,112,0.0278746
5,7061.07,2938.95,8206.91,7339,3,262,7844,7174,701,28672,50,1261,972,15,2107,265,0.0278746
5,13161.1,2938.95,8206.91,7339,6,262,7844,7174,701,28672,50,1261,972,15,2107,265,0.0278746
5,41579.1,2938.95,8206.91,7339,15,262,7844,7174,701,28672,50,1261,972,15,2107,265,0.0278746
5,44840.5,2938.95,8206.91,7339,16,262,7844,7174,701,28672,50,1261,972,15,2107,265,0.0278746
5,71035.4,2938.95,8206.91,7339,19,262,7844,7174,701,28672,50,1261,972,15,2107,265,0.0278746
5,22087.2,1458.39,7256.54,6516,6,167,4413,3933,312,14567,47,1004,759,9,1927,181,0.0278746
5,38170.6,1458.39,7256.54,6516,7,167,4413,3933,312,14567,47,1004,759,9,1927,181,0.0278746
5,40245.6,1458.39,7256.54,6516,10,167,4413,3933,312,14567,47,1004,759,9,1927,181,0.0278746
5,43668.9,1458.39,7256.54,6516,10,167,4413,3933,312,14567,47,1004,759,9,1927,181,0.0278746
5,46706.6,1458.39,7256.54,6516,16,167,4413,3933,312,14567,47,1004,759,9,1927,181,0.0278746
5,15749,1528.99,5187.68,4812,5,142,3106,2561,155,9169,27,433,308,1,609,113,0.0278746
5,22623.6,1528.99,5187.68,4812,5,142,3106,2561,155,9169,27,433,308,1,609,113,0.0278746
5,25912.5,1528.99,5187.68,4812,6,142,3106,2561,155,9169,27,433,308,1,609,113,0.0278746
5,27051.6,1528.99,5187.68,4812,9,142,3106,2561,155,9169,27,433,308,1,609,113,0.0278746
5,32764.1,1528.99,5187.68,4812,5,142,3106,2561,155,9169,27,433,308,1,609,113,0.0278746
5,6260.19,1530.91,4845.49,4318,2,126,3291,2876,223,10759,28,597,453,2,981,118,0.0278746
5,13832.1,1530.91,4845.49,4318,5,126,3291,2876,223,10759,28,597,453,2,981,118,0.0278746
5,29447.6,1530.91,4845.49,4318,4,126,3291,2876,223,10759,28,597,453,2,981,118,0.0278746
5,45021.3,1530.91,4845.49,4318,5,126,3291,2876,223,10759,28,597,453,2,981,118,0.0278746
5,57411.6,1530.91,4845.49,4318,20,126,3291,2876,223,10759,28,597,453,2,981,118,0.0278746
5,32859.6,3343.49,12652,11258,5,283,7434,6846,664,27725,68,1844,1436,21,3417,351,0.0278746
5,40798.4,3343.49,12652,11258,11,283,7434,6846,664,27725,68,1844,1436,21,3417,351,0.0278746
5,55469.6,3343.49,12652,11258,10,283,7434,6846,664,27725,68,1844,1436,21,3417,351,0.0278746
5,56899.5,3343.49,12652,11258,20,283,7434,6846,664,27725,68,1844,1436,21,3417,351,0.0278746
5,71731.9,3343.49,12652,11258,10,283,7434,6846,664,27725,68,1844,1436,21,3417,351,0.0278746
5,11059,3276.7,7523.29,6779,4,256,7086,6456,554,25050,45,971,739,6,1465,205,0.0278746
5,25168.5,3276.7,7523.29,6779,8,256,7086,6456,554,25050,45,971,739,6,1465,205,0.0278746
5,28855.4,3276.7,7523.29,6779,10,256,7086,6456,554,25050,45,971,739,6,1465,205,0.0278746
5,34944.4,3276.7,7523.29,6779,7,256,7086,6456,554,25050,45,971,739,6,1465,205,0.0278746
5,58385.4,3276.7,7523.29,6779,19,256,7086,6456,554,25050,45,971,739,6,1465,205,0.0278746
5,5939.57,3209.22,8313.29,7442,2,270,8091,7399,755,30470,54,1212,929,9,1891,302,0.0278746
5,14682.6,3209.22,8313.29,7442,4,270,8091,7399,755,30470,54,1212,929,9,1891,302,0.0278746
5,49701.3,3209.22,8313.29,7442,13,270,8091,7399,755,30470,54,1212,929,9,1891,302,0.0278746
5,51093,3209.22,8313.29,7442,14,270,8091,7399,755,30470,54,1212,929,9,1891,302,0.0278746
5,77682.2,3209.22,8313.29,7442,21,270,8091,7399,755,30470,54,1212,929,9,1891,302,0.0278746
5,27053.9,2110.28,8833.32,7938,4,184,4791,4270,343,16058,49,1072,829,6,2223,187,0.0278746
5,29178.2,2110.28,8833.32,7938,7,184,4791,4270,343,16058,49,1072,829,6,2223,187,0.0278746
5,39818.2,2110.28,8833.32,7938,11,184,4791,4270,343,16058,49,1072,829,6,2223,187,0.0278746
5,46492.1,2110.28,8833.32,7938,11,184,4791,4270,343,16058,49,1072,829,6,2223,187,0.0278746
5,49437.4,2110.28,8833.32,7938,15,184,4791,4270,343,16058,49,1072,829,6,2223,187,0.0278746
5,7552.65,2878.1,8416.32,7721,4,218,5842,5152,387,18431,41,895,681,0,1412,195,0.0278746
5,28093.1,2878.1,8416.32,7721,11,218,5842,5152,387,18431,41,895,681,0,1412,195,0.0278746
5,32043.6,2878.1,8416.32,7721,9,218,5842,5152,387,18431,41,895,681,0,1412,195,0.0278746
5,36985.8,2878.1,8416.32,7721,14,218,5842,5152,387,18431,41,895,681,0,1412,195,0.0278746
5,44832.5,2878.1,8416.32,7721,14,218,5842,5152,387,18431,41,895,681,0,1412,195,0.0278746
5,15545.9,3359.72,5002.13,4504,3,255,8113,7481,697,29625,36,736,549,0,1022,183,0.0278746
5,24209.4,3359.72,5002.13,4504,6,255,8113,7481,697,29625,36,736,549,0,1022,183,0.0278746
5,34048.8,3359.72,5002.13,4504,5,255,8113,7481,697,29625,36,736,549,0,1022,183,0.0278746
5,34413.8,3359.72,5002.13,4504,7,255,8113,7481,697,29625,36,736,549,0,1022,183,0.0278746
5,62439.2,3359.72,5002.13,4504,8,255,8113,7481,697,29625,36,736,549,0,1022,183,0.0278746
5,42290.3,2339.18,17768.5,16009,13,252,6456,5787,579,23343,79,2112,1660,18,4123,453,0.0278746
5,58286,2339.18,17768.5,16009,12,252,6456,5787,579,23343,79,2112,1660,18,4123,453,0.0278746
5,68844.5,2339.18,17768.5,16009,24,252,6456,5787,579,23343,79,2112,1660,18,4123,453,0.0278746
5,70682.2,2339.18,17768.5,16009,6,252,6456,5787,579,23343,79,2112,1660,18,4123,453,0.0278746
5,72972.6,2339.18,17768.5,16009,11,252,6456,5787,579,23343,79,2112,1660,18,4123,453,0.0278746
5,10740.4,2217.35,8676.1,7840,3,190,5894,5285,445,19994,47,1094,828,3,2134,204,0.0278746
5,36930.3,2217.35,8676.1,7840,15,190,5894,5285,445,19994,47,1094,828,3,2134,204,0.0278746
5,39912.7,2217.35,8676.1,7840,11,190,5894,5285,445,19994,47,1094,828,3,2134,204,0.0278746
5,46416.8,2217.35,8676.1,7840,7,190,5894,5285,445,19994,47,1094,828,3,2134,204,0.0278746
5,47330.3,2217.35,8676.1,7840,14,190,5894,5285,445,19994,47,1094,828,3,2134,204,0.0278746
5,22375.8,1677.89,6169.11,5571,4,156,4565,4015,284,15153,37,823,633,0,1297,200,0.0278746
5,30420.3,1677.89,6169.11,5571,7,156,4565,4015,284,15153,37,823,633,0,1297,200,0.0278746
5,35997.6,1677.89,6169.11,5571,9,156,4565,4015,284,15153,37,823,633,0,1297,200,0.0278746
5,42360.9,1677.89,6169.11,5571,7,156,4565,4015,284,15153,37,823,633,0,1297,200,0.0278746
5,44994.6,1677.89,6169.11,5571,14,156,4565,4015,284,15153,37,823,633,0,1297,200,0.0278746
5,18641.3,2488.54,6359.99,5755,11,229,6864,6159,494,22463,45,918,727,8,1419,209,0.0278746
5,21465.5,2488.54,6359.99,5755,8,229,6864,6159,494,22463,45,918,727,8,1419,209,0.0278746
5,21801.2,2488.54,6359.99,5755,4,229,6864,6159,494,22463,45,918,727,8,1419,209,0.0278746
5,37918.2,2488.54,6359.99,5755,13,229,6864,6159,494,22463,45,918,727,8,1419,209,0.0278746
5,49567,2488.54,6359.99,5755,16,229,6864,6159,494,22463,45,918,727,8,1419,209,0.0278746
5,40441.4,2617.71,15846.5,14220,13,208,5345,4759,443,18724,80,1995,1591,25,4388,391,0.0278746
5,49888,2617.71,15846.5,14220,8,208,5345,4759,443,18724,80,1995,1591,25,4388,391,0.0278746
5,50878.8,2617.71,15846.5,14220,14,208,5345,4759,443,18724,80,1995,1591,25,4388,391,0.0278746
5,52966.9,2617.71,15846.5,14220,14,208,5345,4759,443,18724,80,1995,1591,25,4388,391,0.0278746
5,65398.8,2617.71,15846.5,14220,20,208,5345,4759,443,18724,80,1995,1591,25,4388,391,0.0278746
5,12894.1,2278.75,9712.76,8750,4,185,5737,5161,404,19967,49,1258,965,8,2518,218,0.0278746
5,39520.2,2278.75,9712.76,8750,15,185,5737,5161,404,19967,49,1258,965,8,2518,218,0.0278746
5,41281.2,2278.75,9712.76,8750,9,185,5737,5161,404,19967,49,1258,965,8,2518,218,0.0278746
5,48637.4,2278.75,9712.76,8750,14,185,5737,5161,404,19967,49,1258,965,8,2518,218,0.0278746
5,48767.9,2278.75,9712.76,8750,6,185,5737,5161,404,19967,49,1258,965,8,2518,218,0.0278746
5,14135.3,1206.38,3399.51,3071,5,155,3497,2936,192,10662,30,475,341,0,653,129,0.0278746
5,21272.3,1206.38,3399.51,3071,5,155,3497,2936,192,10662,30,475,341,0,653,129,0.0278746
5,25729.8,1206.38,3399.51,3071,6,155,3497,2936,192,10662,30,475,341,0,653,129,0.0278746
5,28067.6,1206.38,3399.51,3071,10,155,3497,2936,192,10662,30,475,341,0,653,129,0.0278746
5,34732.6,1206.38,3399.51,3071,6,155,3497,2936,192,10662,30,475,341,0,653,129,0.0278746
5,23967.6,1379.53,6521.35,5824,4,172,4171,3633,277,13121,47,904,700,8,1739,183,0.0278746
5,25730.3,1379.53,6521.35,5824,7,172,4171,3633,277,13121,47,904,700,8,1739,183,0.0278746
5,37657.6,1379.53,6521.35,5824,13,172,4171,3633,277,13121,47,904,700,8,1739,183,0.0278746
5,39479.9,1379.53,6521.35,5824,10,172,4171,3633,277,13121,47,904,700,8,1739,183,0.0278746
5,42842.8,1379.53,6521.35,5824,12,172,4171,3633,277,13121,47,904,700,8,1739,183,0.0278746
5,14272.9,1672.28,6134.86,5548,6,179,4833,4201,315,14905,41,855,633,2,1417,164,0.0278746
5,28676.4,1672.28,6134.86,5548,7,179,4833,4201,315,14905,41,855,633,2,1417,164,0.0278746
5,31147.3,1672.28,6134.86,5548,10,179,4833,4201,315,14905,41,855,633,2,1417,164,0.0278746
5,40809.2,1672.28,6134.86,5548,13,179,4833,4201,315,14905,41,855,633,2,1417,164,0.0278746
5,41392.6,1672.28,6134.86,5548,17,179,4833,4201,315,14905,41,855,633,2,1417,164,0.0278746
5,11554,1174.55,3255.23,2946,5,155,3320,2794,186,10279,24,438,317,2,651,100,0.0278746
5,21224,1174.55,3255.23,2946,8,155,3320,2794,186,10279,24,438,317,2,651,100,0.0278746
5,24053,1174.55,3255.23,2946,6,155,3320,2794,186,10279,24,438,317,2,651,100,0.0278746
5,36986.6,1174.55,3255.23,2946,8,155,3320,2794,186,10279,24,438,317,2,651,100,0.0278746
5,38136.3,1174.55,3255.23,2946,5,155,3320,2794,186,10279,24,438,317,2,651,100,0.0278746
5,36358.8,1751.37,10253.2,9142,6,181,4924,4402,379,17546,63,1438,1097,13,2658,271,0.0278746
5,39649,1751.37,10253.2,9142,8,181,4924,4402,379,17546,63,1438,1097,13,2658,271,0.0278746
5,43257.3,1751.37,10253.2,9142,15,181,4924,4402,379,17546,63,1438,1097,13,2658,271,0.0278746
5,54412.8,1751.37,10253.2,9142,14,181,4924,4402,379,17546,63,1438,1097,13,2658,271,0.0278746
5,58936.9,1751.37,10253.2,9142,10,181,4924,4402,379,17546,63,1438,1097,13,2658,271,0.0278746
5,6469.45,980.312,2489.69,2194,2,114,2877,2488,173,9203,36,423,288,5,746,44,0.0278746
5,18927.1,980.312,2489.69,2194,2,114,2877,2488,173,9203,36,423,288,5,746,44,0.0278746
5,21189.6,980.312,2489.69,2194,4,114,2877,2488,173,9203,36,423,288,5,746,44,0.0278746
5,22224.4,980.312,2489.69,2194,8,114,2877,2488,173,9203,36,423,288,5,746,44,0.0278746
5,47328.8,980.312,2489.69,2194,14,114,2877,2488,173,9203,36,423,288,5,746,44,0.0278746
5,35729.2,2194.49,12453.9,11082,12,208,5790,5243,475,20646,63,1680,1342,13,3710,302,0.0278746
5,44990.8,2194.49,12453.9,11082,4,208,5790,5243,475,20646,63,1680,1342,13,3710,302,0.0278746
5,54849.1,2194.49,12453.9,11082,5,208,5790,5243,475,20646,63,1680,1342,13,3710,302,0.0278746
5,61803.9,2194.49,12453.9,11082,20,208,5790,5243,475,20646,63,1680,1342,13,3710,302,0.0278746
5,63946.9,2194.49,12453.9,11082,13,208,5790,5243,475,20646,63,1680,1342,13,3710,302,0.0278746
5,11436.2,2805.75,6624.99,5969,5,231,7115,6366,515,23712,38,855,661,11,1206,244,0.0278746
5,25710.6,2805.75,6624.99,5969,10,231,7115,6366,515,23712,38,855,661,11,1206,244,0.0278746
5,26624.6,2805.75,6624.99,5969,7,231,7115,6366,515,23712,38,855,661,11,1206,244,0.0278746
5,45540.6,2805.75,6624.99,5969,10,231,7115,6366,515,23712,38,855,661,11,1206,244,0.0278746
5,49318.6,2805.75,6624.99,5969,4,231,7115,6366,515,23712,38,855,661,11,1206,244,0.0278746
5,8831.04,3288.28,8348.59,7452,2,279,8301,7620,757,31775,61,1254,957,18,2263,213,0.0278746
5,12004,3288.28,8348.59,7452,3,279,8301,7620,757,31775,61,1254,957,18,2263,213,0.0278746
5,47801,3288.28,8348.59,7452,15,279,8301,7620,757,31775,61,1254,957,18,2263,213,0.0278746
5,48183,3288.28,8348.59,7452,13,279,8301,7620,757,31775,61,1254,957,18,2263,213,0.0278746
5,77284.7,3288.28,8348.59,7452,19,279,8301,7620,757,31775,61,1254,957,18,2263,213,0.0278746
5,31763.2,2004.69,11759.5,10545,12,186,4737,4207,381,15614,68,1522,1169,18,2771,307,0.0278746
5,40992.8,2004.69,11759.5,10545,13,186,4737,4207,381,15614,68,1522,1169,18,2771,307,0.0278746
5,51216.3,2004.69,11759.5,10545,14,186,4737,4207,381,15614,68,1522,1169,18,2771,307,0.0278746
5,52820.3,2004.69,11759.5,10545,8,186,4737,4207,381,15614,68,1522,1169,18,2771,307,0.0278746
5,56561.3,2004.69,11759.5,10545,12,186,4737,4207,381,15614,68,1522,1169,18,2771,307,0.0278746
5,2317.38,797.388,2762.2,2415,2,105,2460,2100,152,7398,31,420,293,2,666,66,0.0278746
5,13299.8,797.388,2762.2,2415,4,105,2460,2100,152,7398,31,420,293,2,666,66,0.0278746
5,24793.9,797.388,2762.2,2415,12,105,2460,2100,152,7398,31,420,293,2,666,66,0.0278746
5,25628.9,797.388,2762.2,2415,4,105,2460,2100,152,7398,31,420,293,2,666,66,0.0278746
5,39265.8,797.388,2762.2,2415,14,105,2460,2100,152,7398,31,420,293,2,666,66,0.0278746
5,12467.9,2616.06,7403.86,6616,5,238,6912,6081,511,21290,47,1036,795,11,1818,194,0.0278746
5,19014.1,2616.06,7403.86,6616,7,238,6912,6081,511,21290,47,1036,795,11,1818,194,0.0278746
5,29446.1,2616.06,7403.86,6616,8,238,6912,6081,511,21290,47,1036,795,11,1818,194,0.0278746
5,42870,2616.06,7403.86,6616,10,238,6912,6081,511,21290,47,1036,795,11,1818,194,0.0278746
5,46377.5,2616.06,7403.86,6616,16,238,6912,6081,511,21290,47,1036,795,11,1818,194,0.0278746
5,847.817,1817.09,7264.79,6514,2,188,5234,4574,316,16564,42,1011,770,4,1887,164,0.0278746
5,27061.8,1817.09,7264.79,6514,13,188,5234,4574,316,16564,42,1011,770,4,1887,164,0.0278746
5,31284.6,1817.09,7264.79,6514,8,188,5234,4574,316,16564,42,1011,770,4,1887,164,0.0278746
5,38711.3,1817.09,7264.79,6514,12,188,5234,4574,316,16564,42,1011,770,4,1887,164,0.0278746
5,41942,1817.09,7264.79,6514,13,188,5234,4574,316,16564,42,1011,770,4,1887,164,0.0278746
5,15591.3,1908.7,8885.01,8222,6,200,5561,4863,369,17438,38,819,616,2,1108,205,0.0278746
5,25796.8,1908.7,8885.01,8222,6,200,5561,4863,369,17438,38,819,616,2,1108,205,0.0278746
5,30367.1,1908.7,8885.01,8222,5,200,5561,4863,369,17438,38,819,616,2,1108,205,0.0278746
5,37862,1908.7,8885.01,8222,13,200,5561,4863,369,17438,38,819,616,2,1108,205,0.0278746
5,44203.5,1908.7,8885.01,8222,17,200,5561,4863,369,17438,38,819,616,2,1108,205,0.0278746
5,44493.6,1891.68,9456.41,8437,6,172,4666,4121,352,15198,48,1323,1028,11,2611,214,0.0278746
5,46994.4,1891.68,9456.41,8437,20,172,4666,4121,352,15198,48,1323,1028,11,2611,214,0.0278746
5,60060,1891.68,9456.41,8437,5,172,4666,4121,352,15198,48,1323,1028,11,2611,214,0.0278746
5,67819,1891.68,9456.41,8437,5,172,4666,4121,352,15198,48,1323,1028,11,2611,214,0.0278746
5,69627.6,1891.68,9456.41,8437,20,172,4666,4121,352,15198,48,1323,1028,11,2611,214,0.0278746
5,26831.3,2360.05,15360.5,13920,9,241,6501,5835,525,23114,63,1712,1342,11,3146,403,0.0278746
5,47108.3,2360.05,15360.5,13920,7,241,6501,5835,525,23114,63,1712,1342,11,3146,403,0.0278746
5,53385.4,2360.05,15360.5,13920,20,241,6501,5835,525,23114,63,1712,1342,11,3146,403,0.0278746
5,60077.4,2360.05,15360.5,13920,8,241,6501,5835,525,23114,63,1712,1342,11,3146,403,0.0278746
5,62402.7,2360.05,15360.5,13920,5,241,6501,5835,525,23114,63,1712,1342,11,3146,403,0.0278746
5,11671.1,4735.89,10198.1,9202,5,258,7572,6936,627,26748,55,1236,939,13,2233,252,0.0278746
5,29517.5,4735.89,10198.1,9202,8,258,7572,6936,627,26748,55,1236,939,13,2233,252,0.0278746
5,33315.6,4735.89,10198.1,9202,13,258,7572,6936,627,26748,55,1236,939,13,2233,252,0.0278746
5,48417.4,4735.89,10198.1,9202,11,258,7572,6936,627,26748,55,1236,939,13,2233,252,0.0278746
5,54687.8,4735.89,10198.1,9202,6,258,7572,6936,627,26748,55,1236,939,13,2233,252,0.0278746
5,18282.9,1682.12,6213.06,5543,9,185,4948,4392,341,16705,40,878,664,6,1326,216,0.0278746
5,23884.3,1682.12,6213.06,5543,5,185,4948,4392,341,16705,40,878,664,6,1326,216,0.0278746
5,33851.4,1682.12,6213.06,5543,8,185,4948,4392,341,16705,40,878,664,6,1326,216,0.0278746
5,49413.8,1682.12,6213.06,5543,16,185,4948,4392,341,16705,40,878,664,6,1326,216,0.0278746
5,52694.8,1682.12,6213.06,5543,10,185,4948,4392,341,16705,40,878,664,6,1326,216,0.0278746
5,6184.09,1159.54,5146.51,4432,2,137,3616,3146,262,11955,39,829,628,8,1725,64,0.0278746
5,20013,1159.54,5146.51,4432,5,137,3616,3146,262,11955,39,829,628,8,1725,64,0.0278746
5,26396.6,1159.54,5146.51,4432,2,137,3616,3146,262,11955,39,829,628,8,1725,64,0.0278746
5,41841.6,1159.54,5146.51,4432,4,137,3616,3146,262,11955,39,829,628,8,1725,64,0.0278746
5,63283.1,1159.54,5146.51,4432,18,137,3616,3146,262,11955,39,829,628,8,1725,64,0.0278746
5,3766.88,2681.3,9853.01,8969,2,215,6378,5717,474,21183,51,1098,831,4,2019,235,0.0278746
5,30814.6,2681.3,9853.01,8969,14,215,6378,5717,474,21183,51,1098,831,4,2019,235,0.0278746
5,40389.2,2681.3,9853.01,8969,12,215,6378,5717,474,21183,51,1098,831,4,2019,235,0.0278746
5,43694.5,2681.3,9853.01,8969,12,215,6378,5717,474,21183,51,1098,831,4,2019,235,0.0278746
5,47862.3,2681.3,9853.01,8969,6,215,6378,5717,474,21183,51,1098,831,4,2019,235,0.0278746
5,15243.6,1288.65,3229.4,2909,6,148,3665,3082,174,11063,32,445,310,1,749,86,0.0278746
5,23714.7,1288.65,3229.4,2909,6,148,3665,3082,174,11063,32,445,310,1,749,86,0.0278746
5,29571.7,1288.65,3229.4,2909,11,148,3665,3082,174,11063,32,445,310,1,749,86,0.0278746
5,32026.8,1288.65,3229.4,2909,5,148,3665,3082,174,11063,32,445,310,1,749,86,0.0278746
5,34977.6,1288.65,3229.4,2909,9,148,3665,3082,174,11063,32,445,310,1,749,86,0.0278746
5,33004.1,1602.47,8602.88,7698,9,179,4802,4251,347,15731,59,1185,907,5,2232,226,0.0278746
5,33706,1602.47,8602.88,7698,16,179,4802,4251,347,15731,59,1185,907,5,2232,226,0.0278746
5,48572.6,1602.47,8602.88,7698,8,179,4802,4251,347,15731,59,1185,907,5,2232,226,0.0278746
5,58658.1,1602.47,8602.88,7698,7,179,4802,4251,347,15731,59,1185,907,5,2232,226,0.0278746
5,60451.1,1602.47,8602.88,7698,27,179,4802,4251,347,15731,59,1185,907,5,2232,226,0.0278746
5,11162.5,993.31,3476.47,3102,4,125,3109,2734,189,9924,40,563,402,6,900,88,0.0278746
5,13600.4,993.31,3476.47,3102,7,125,3109,2734,189,9924,40,563,402,6,900,88,0.0278746
5,16134.8,993.31,3476.47,3102,5,125,3109,2734,189,9924,40,563,402,6,900,88,0.0278746
5,26607.4,993.31,3476.47,3102,9,125,3109,2734,189,9924,40,563,402,6,900,88,0.0278746
5,45867.2,993.31,3476.47,3102,17,125,3109,2734,189,9924,40,563,402,6,900,88,0.0278746
5,21597.2,3395.61,7487.79,6770,7,294,8832,8157,855,33323,52,1058,815,3,1511,304,0.0278746
5,34605.1,3395.61,7487.79,6770,6,294,8832,8157,855,33323,52,1058,815,3,1511,304,0.0278746
5,37524.5,3395.61,7487.79,6770,10,294,8832,8157,855,33323,52,1058,815,3,1511,304,0.0278746
5,46336.3,3395.61,7487.79,6770,7,294,8832,8157,855,33323,52,1058,815,3,1511,304,0.0278746
5,75877.1,3395.61,7487.79,6770,12,294,8832,8157,855,33323,52,1058,815,3,1511,304,0.0278746
5,20773.7,1497.63,8049.09,7327,6,174,4339,3796,337,14028,36,839,642,1,1340,218,0.0278746
5,29951.4,1497.63,8049.09,7327,5,174,4339,3796,337,14028,36,839,642,1,1340,218,0.0278746
5,37473.3,1497.63,8049.09,7327,12,174,4339,3796,337,14028,36,839,642,1,1340,218,0.0278746
5,41577.9,1497.63,8049.09,7327,14,174,4339,3796,337,14028,36,839,642,1,1340,218,0.0278746
5,50542.9,1497.63,8049.09,7327,7,174,4339,3796,337,14028,36,839,642,1,1340,218,0.0278746
5,17473.6,2242.71,7838.48,7040,6,169,4627,4121,322,15223,49,953,715,2,1909,167,0.0278746
5,35937.4,2242.71,7838.48,7040,4,169,4627,4121,322,15223,49,953,715,2,1909,167,0.0278746
5,37017,2242.71,7838.48,7040,12,169,4627,4121,322,15223,49,953,715,2,1909,167,0.0278746
5,42457.8,2242.71,7838.48,7040,14,169,4627,4121,322,15223,49,953,715,2,1909,167,0.0278746
5,45949.8,2242.71,7838.48,7040,13,169,4627,4121,322,15223,49,953,715,2,1909,167,0.0278746
