K,dist,cost_ki,cost_hi,h_cost,vnum,gen_ki,push_ki,pop_ki,prune_ki,suc_call_ki,gen_hi,push_hi,pop_hi,prune_hi,suc_call_hi,reevaluate,density
2,42860.7,33868.2,64921.7,57689,38,1186,53712,49747,5517,248117,233,7194,5794,197,18672,646,0.00228609
2,53335.4,33868.2,64921.7,57689,31,1186,53712,49747,5517,248117,233,7194,5794,197,18672,646,0.00228609
2,5695.9,33646.1,19238.8,16884,3,1248,54968,50573,5515,230275,104,2344,1750,43,5911,17,0.00228609
2,39559.3,33646.1,19238.8,16884,13,1248,54968,50573,5515,230275,104,2344,1750,43,5911,17,0.00228609
2,14333,8151.53,10603.3,9563,14,425,16825,15172,1450,65381,51,1231,938,20,2649,130,0.00228609
2,27779.9,8151.53,10603.3,9563,26,425,16825,15172,1450,65381,51,1231,938,20,2649,130,0.00228609
2,16788,13088.3,4540.13,4097,4,673,26071,23520,2389,103269,34,576,402,0,998,46,0.00228609
2,29811.5,13088.3,4540.13,4097,14,673,26071,23520,2389,103269,34,576,402,0,998,46,0.00228609
2,13898.3,12670.8,10406.2,9307,6,577,23957,21538,2066,87176,48,1270,932,22,2745,51,0.00228609
2,26941.8,12670.8,10406.2,9307,19,577,23957,21538,2066,87176,48,1270,932,22,2745,51,0.00228609
2,31894.5,22772,24964,22330,15,991,40952,37759,4111,174052,103,3040,2339,60,6287,277,0.00228609
2,37359.8,22772,24964,22330,24,991,40952,37759,4111,174052,103,3040,2339,60,6287,277,0.00228609
2,12390.9,23473.6,24237.7,21655,5,846,37165,34218,3893,160944,109,2796,2173,81,7525,67,0.00228609
2,43857.8,23473.6,24237.7,21655,31,846,37165,34218,3893,160944,109,2796,2173,81,7525,67,0.00228609
2,18373.3,10560,11530.8,10476,21,478,21532,19673,2132,85443,43,1339,978,9,2572,158,0.00228609
2,37950.5,10560,11530.8,10476,14,478,21532,19673,2132,85443,43,1339,978,9,2572,158,0.00228609
2,14902.1,8886.46,8186.03,7397,14,498,18474,16185,1468,63004,36,1009,754,8,1878,117,0.00228609
2,23346.3,8886.46,8186.03,7397,12,498,18474,16185,1468,63004,36,1009,754,8,1878,117,0.00228609
2,12187.7,34218.2,40735,36274,4,1153,52224,48138,5207,221685,152,4367,3385,88,11606,27,0.00228609
2,43597.4,34218.2,40735,36274,33,1153,52224,48138,5207,221685,152,4367,3385,88,11606,27,0.00228609
2,16149.1,16243.1,15123.4,13560,11,694,29598,26806,2623,112123,62,1841,1399,43,4338,102,0.00228609
2,29808.7,16243.1,15123.4,13560,25,694,29598,26806,2623,112123,62,1841,1399,43,4338,102,0.00228609
2,29348.9,27807.1,21268.5,19259,22,1002,41344,38249,4214,176886,79,2239,1720,32,4189,288,0.00228609
2,36438.2,27807.1,21268.5,19259,12,1002,41344,38249,4214,176886,79,2239,1720,32,4189,288,0.00228609
2,18882.1,28579.9,16490.2,14707,7,1190,50124,45773,4997,203387,69,2061,1539,32,4737,69,0.00228609
2,38440.4,28579.9,16490.2,14707,31,1190,50124,45773,4997,203387,69,2061,1539,32,4737,69,0.00228609
2,29886.4,19291.2,14254.1,12832,8,812,34799,31149,3204,129612,68,1687,1273,30,3770,66,0.00228609
2,30417.3,19291.2,14254.1,12832,23,812,34799,31149,3204,129612,68,1687,1273,30,3770,66,0.00228609
2,23792,24536.3,13741.7,12324,18,974,38558,34466,3557,144404,53,1604,1185,11,3242,160,0.00228609
2,32154.1,24536.3,13741.7,12324,11,974,38558,34466,3557,144404,53,1604,1185,11,3242,160,0.00228609
2,41464.9,26465.1,38505.8,34339,5,1052,46132,42839,4952,208743,157,4074,3184,98,10595,155,0.00228609
2,51317.4,26465.1,38505.8,34339,34,1052,46132,42839,4952,208743,157,4074,3184,98,10595,155,0.00228609
2,9489.9,17552,18584.3,16504,12,751,32597,29964,3352,137455,85,2241,1720,54,5787,52,0.00228609
2,39234.2,17552,18584.3,16504,28,751,32597,29964,3352,137455,85,2241,1720,54,5787,52,0.00228609
2,5031.07,5314.68,2403.33,2134,5,335,11636,10358,926,40747,21,316,209,0,584,9,0.00228609
2,22421.7,5314.68,2403.33,2134,13,335,11636,10358,926,40747,21,316,209,0,584,9,0.00228609
2,26581.9,43952,40961.1,36495,26,1392,65166,60686,6742,299976,176,4642,3532,76,10598,224,0.00228609
2,51383.9,43952,40961.1,36495,27,1392,65166,60686,6742,299976,176,4642,3532,76,10598,224,0.00228609
2,12951.9,34336.7,7447.76,6650,12,1251,56768,52214,5900,241241,45,876,618,1,1593,79,0.00228609
2,42106.5,34336.7,7447.76,6650,4,1251,56768,52214,5900,241241,45,876,618,1,1593,79,0.00228609
2,25951.3,12574.9,20087.1,18226,4,487,18301,16395,1685,67964,72,1822,1383,21,4653,58,0.00228609
2,31074.2,12574.9,20087.1,18226,18,487,18301,16395,1685,67964,72,1822,1383,21,4653,58,0.00228609
2,13789.9,13793.5,13555.6,12217,8,608,26345,23819,2361,97981,55,1567,1171,26,3598,85,0.00228609
2,28500.3,13793.5,13555.6,12217,20,608,26345,23819,2361,97981,55,1567,1171,26,3598,85,0.00228609
2,20256.9,12111.4,13272.3,11920,8,613,23213,21141,2134,91566,53,1555,1174,7,3597,106,0.00228609
2,32109.8,12111.4,13272.3,11920,29,613,23213,21141,2134,91566,53,1555,1174,7,3597,106,0.00228609
2,44436.7,26492.5,44755.9,39674,5,1050,46281,42950,4984,209463,185,5344,4263,156,14705,260,0.00228609
2,52326.3,26492.5,44755.9,39674,42,1050,46281,42950,4984,209463,185,5344,4263,156,14705,260,0.00228609
2,18643.2,5008.81,7420.49,6768,9,338,11050,9464,817,34694,37,812,580,5,1668,40,0.00228609
2,19063.7,5008.81,7420.49,6768,17,338,11050,9464,817,34694,37,812,580,5,1668,40,0.00228609
2,25077.6,9332.19,6338.75,5714,12,478,18765,16989,1669,67912,26,739,538,0,1146,117,0.00228609
2,26777.2,9332.19,6338.75,5714,5,478,18765,16989,1669,67912,26,739,538,0,1146,117,0.00228609
2,21717.3,29321.2,24352.2,21731,25,1008,44990,41148,4295,184076,107,3000,2300,64,7089,217,0.00228609
2,36749.2,29321.2,24352.2,21731,27,1008,44990,41148,4295,184076,107,3000,2300,64,7089,217,0.00228609
2,48440.3,23764.8,56394.7,50722,18,954,41917,38695,4419,187608,203,5837,4641,108,15731,359,0.00228609
2,49562,23764.8,56394.7,50722,46,954,41917,38695,4419,187608,203,5837,4641,108,15731,359,0.00228609
2,26774.3,12911.9,13018.2,11785,12,672,25056,22148,2095,88353,58,1414,1038,15,3760,9,0.00228609
2,26792,12911.9,13018.2,11785,14,672,25056,22148,2095,88353,58,1414,1038,15,3760,9,0.00228609
2,31248.9,38232.3,49218.6,43490,32,1376,63648,59109,6386,294467,195,5369,4242,160,13335,319,0.00228609
2,52697.4,38232.3,49218.6,43490,36,1376,63648,59109,6386,294467,195,5369,4242,160,13335,319,0.00228609
2,648.674,9539.77,4081.93,3590,2,392,15235,13646,1298,55000,20,445,307,0,890,4,0.00228609
2,26121.2,9539.77,4081.93,3590,8,392,15235,13646,1298,55000,20,445,307,0,890,4,0.00228609
2,17755.2,9931.86,16492.8,14822,19,411,14251,12923,1315,56436,69,1611,1178,23,3349,149,0.00228609
2,24564.6,9931.86,16492.8,14822,23,411,14251,12923,1315,56436,69,1611,1178,23,3349,149,0.00228609
2,21202.2,28194.3,13527.9,12030,9,1006,40781,36833,3902,156163,51,1564,1149,15,3610,101,0.00228609
2,33675.9,28194.3,13527.9,12030,16,1006,40781,36833,3902,156163,51,1564,1149,15,3610,101,0.00228609
2,22719.7,15276.7,22125.9,19802,8,681,28824,26167,2728,111036,82,2262,1736,26,5542,117,0.00228609
2,33560.2,15276.7,22125.9,19802,24,681,28824,26167,2728,111036,82,2262,1736,26,5542,117,0.00228609
2,14946.6,7944.5,18221.7,16531,21,432,15795,14389,1535,63266,72,1784,1333,37,3908,120,0.00228609
2,28984.3,7944.5,18221.7,16531,23,432,15795,14389,1535,63266,72,1784,1333,37,3908,120,0.00228609
2,46671.2,27436.1,48528.5,42138,5,1021,45920,42551,4917,208178,191,5431,4326,116,15704,244,0.00228609
2,53552.7,27436.1,48528.5,42138,45,1021,45920,42551,4917,208178,191,5431,4326,116,15704,244,0.00228609
2,11366.7,32294.2,20850.8,18657,5,1108,49972,46098,4976,211946,86,2380,1826,53,5746,51,0.00228609
2,42988,32294.2,20850.8,18657,32,1108,49972,46098,4976,211946,86,2380,1826,53,5746,51,0.00228609
2,26146.6,6134.5,9951.64,9022,6,327,12310,11107,1140,48347,56,1109,794,14,2635,27,0.00228609
2,26430.3,6134.5,9951.64,9022,13,327,12310,11107,1140,48347,56,1109,794,14,2635,27,0.00228609
2,20282.9,30429.4,18931.4,17154,24,1167,46784,42005,4297,178582,70,1790,1362,26,3763,218,0.00228609
2,35066.9,30429.4,18931.4,17154,16,1167,46784,42005,4297,178582,70,1790,1362,26,3763,218,0.00228609
2,18083.8,38894.3,24454,21837,16,1380,61804,56871,6211,265893,91,2692,2047,40,6231,125,0.00228609
2,44516.7,38894.3,24454,21837,36,1380,61804,56871,6211,265893,91,2692,2047,40,6231,125,0.00228609
2,25133.6,12614.3,14074.2,12827,15,546,21998,19923,1940,79579,47,1487,1145,9,2962,196,0.00228609
2,27890.5,12614.3,14074.2,12827,7,546,21998,19923,1940,79579,47,1487,1145,9,2962,196,0.00228609
2,31117.1,20837.8,7961.82,7211,9,811,34100,31537,3643,148613,46,953,730,3,1795,171,0.00228609
2,41417.5,20837.8,7961.82,7211,4,811,34100,31537,3643,148613,46,953,730,3,1795,171,0.00228609
2,36567.5,33873.6,41829.9,37644,36,1120,50874,46749,4763,211688,154,4199,3249,112,10160,217,0.00228609
2,36984.6,33873.6,41829.9,37644,27,1120,50874,46749,4763,211688,154,4199,3249,112,10160,217,0.00228609
2,19771.3,21374.2,21173.4,18855,5,886,38274,34987,3659,151072,80,2585,2015,39,7009,41,0.00228609
2,37133.2,21374.2,21173.4,18855,29,886,38274,34987,3659,151072,80,2585,2015,39,7009,41,0.00228609
2,14983.7,6827.41,8741.79,7951,9,473,15693,13603,1261,51734,43,893,685,16,1938,64,0.00228609
2,22092.1,6827.41,8741.79,7951,16,473,15693,13603,1261,51734,43,893,685,16,1938,64,0.00228609
2,25825.9,17256.9,9976.1,9039,10,704,28652,26240,2887,122468,54,1094,815,2,1962,153,0.00228609
2,35974.1,17256.9,9976.1,9039,4,704,28652,26240,2887,122468,54,1094,815,2,1962,153,0.00228609
2,36364,20144.2,16874,15149,14,816,36221,33506,3930,159907,74,1948,1513,10,4176,278,0.00228609
2,46348,20144.2,16874,15149,6,816,36221,33506,3930,159907,74,1948,1513,10,4176,278,0.00228609
2,25879.2,28293.4,28778.2,25819,13,1106,46176,42328,4591,189549,101,2986,2281,54,6508,184,0.00228609
2,38359.9,28293.4,28778.2,25819,27,1106,46176,42328,4591,189549,101,2986,2281,54,6508,184,0.00228609
2,28842.4,20736.5,27639,25094,24,713,30140,27427,2685,117474,84,2696,2063,45,5870,247,0.00228609
2,29996.3,20736.5,27639,25094,25,713,30140,27427,2685,117474,84,2696,2063,45,5870,247,0.00228609
2,3865.04,3550.21,1741.64,1577,2,280,8353,7060,602,24766,24,240,157,6,407,8,0.00228609
2,16754.5,3550.21,1741.64,1577,19,280,8353,7060,602,24766,24,240,157,6,407,8,0.00228609
2,21517.4,16914.1,14284.9,12862,13,868,32287,28773,2990,117996,66,1629,1235,27,3472,161,0.00228609
2,29728.1,16914.1,14284.9,12862,22,868,32287,28773,2990,117996,66,1629,1235,27,3472,161,0.00228609
2,9785.61,3860.66,2464.2,2253,9,270,8945,7806,732,28985,16,287,201,1,399,51,0.00228609
2,18414.4,3860.66,2464.2,2253,4,270,8945,7806,732,28985,16,287,201,1,399,51,0.00228609
2,11016.1,8633.43,6236.6,5654,7,520,18571,16366,1484,62886,41,771,553,5,1396,44,0.00228609
2,23559.6,8633.43,6236.6,5654,23,520,18571,16366,1484,62886,41,771,553,5,1396,44,0.00228609
2,22497,28922.7,9027.31,8127,17,1225,50418,45348,4717,196442,50,1075,792,2,2037,145,0.00228609
2,36099,28922.7,9027.31,8127,7,1225,50418,45348,4717,196442,50,1075,792,2,2037,145,0.00228609
2,26203.6,24421.9,17661.5,15902,20,945,42430,39465,4038,178034,78,2063,1561,21,4572,199,0.00228609
2,37121.7,24421.9,17661.5,15902,16,945,42430,39465,4038,178034,78,2063,1561,21,4572,199,0.00228609
2,15458.6,41668,21634.9,18971,10,1397,61071,56067,6136,257550,83,2625,2028,52,6691,75,0.00228609
2,42816.3,41668,21634.9,18971,32,1397,61071,56067,6136,257550,83,2625,2028,52,6691,75,0.00228609
2,20092.1,35372.4,23235.3,20796,17,1275,55186,50745,5345,227291,107,2805,2163,58,7014,96,0.00228609
2,41247.4,35372.4,23235.3,20796,38,1275,55186,50745,5345,227291,107,2805,2163,58,7014,96,0.00228609
2,12983.6,20894.1,16999.5,15201,15,773,33386,30414,3078,130423,69,1939,1457,39,4486,84,0.00228609
2,33087.4,20894.1,16999.5,15201,22,773,33386,30414,3078,130423,69,1939,1457,39,4486,84,0.00228609
2,7265.47,8448.22,4994.69,4396,5,365,16096,14696,1473,63508,33,634,458,1,1426,15,0.00228609
2,33711.2,8448.22,4994.69,4396,10,365,16096,14696,1473,63508,33,634,458,1,1426,15,0.00228609
2,5589.99,17478.4,12218.7,10937,6,753,32506,29936,3249,135423,56,1438,1072,20,3379,30,0.00228609
2,37111.6,17478.4,12218.7,10937,30,753,32506,29936,3249,135423,56,1438,1072,20,3379,30,0.00228609
2,21168.8,20040.1,21200.9,18856,11,746,31709,29435,2879,130099,80,2550,1981,22,6267,148,0.00228609
2,34642.6,20040.1,21200.9,18856,26,746,31709,29435,2879,130099,80,2550,1981,22,6267,148,0.00228609
2,24873.9,16690.7,13544.6,12148,14,804,30807,27300,2733,111816,54,1636,1217,21,3323,184,0.00228609
2,29223.6,16690.7,13544.6,12148,18,804,30807,27300,2733,111816,54,1636,1217,21,3323,184,0.00228609
2,12001.2,10693.7,8946.54,7918,4,545,21789,19581,1899,78495,46,1104,808,16,2500,30,0.00228609
2,26279.6,10693.7,8946.54,7918,28,545,21789,19581,1899,78495,46,1104,808,16,2500,30,0.00228609
2,17057.2,17942.2,12243.4,10987,8,802,32886,30071,3290,131972,57,1350,998,14,3051,54,0.00228609
2,36143.6,17942.2,12243.4,10987,23,802,32886,30071,3290,131972,57,1350,998,14,3051,54,0.00228609
2,29834.2,18912.4,7663.8,6941,9,793,32993,30448,3499,142927,43,908,694,3,1681,159,0.00228609
2,40132.9,18912.4,7663.8,6941,4,793,32993,30448,3499,142927,43,908,694,3,1681,159,0.00228609
2,27242.1,37120.4,24146.8,21555,23,1473,61344,56156,6210,251121,92,2740,2073,26,6105,234,0.00228609
2,40138.4,37120.4,24146.8,21555,28,1473,61344,56156,6210,251121,92,2740,2073,26,6105,234,0.00228609
2,32775.3,18971,12858.4,11637,10,806,34442,31809,3673,151046,60,1417,1080,3,2711,203,0.00228609
2,43030.6,18971,12858.4,11637,3,806,34442,31809,3673,151046,60,1417,1080,3,2711,203,0.00228609
2,11402.5,20146.2,9008.14,8037,7,824,34831,31821,3415,140848,40,1151,838,11,2522,47,0.00228609
2,37796.4,20146.2,9008.14,8037,13,824,34831,31821,3415,140848,40,1151,838,11,2522,47,0.00228609
2,21913.7,18340.9,12841,11474,20,735,31580,28803,2838,123735,59,1509,1129,5,3297,186,0.00228609
2,32618.1,18340.9,12841,11474,7,735,31580,28803,2838,123735,59,1509,1129,5,3297,186,0.00228609
2,34339.3,37900.7,28087.4,25012,28,1131,50446,46359,4799,208323,121,3162,2452,57,7049,322,0.00228609
2,36955.2,37900.7,28087.4,25012,28,1131,50446,46359,4799,208323,121,3162,2452,57,7049,322,0.00228609
2,24743.1,29506.6,25983.3,23029,13,1196,51150,46947,5169,216284,95,3091,2386,69,6867,226,0.00228609
2,40859.2,29506.6,25983.3,23029,33,1196,51150,46947,5169,216284,95,3091,2386,69,6867,226,0.00228609
2,23341.9,9191.04,17884.7,16019,26,469,19120,17375,1946,76017,61,2075,1567,19,4657,245,0.00228609
2,36395,9191.04,17884.7,16019,11,469,19120,17375,1946,76017,61,2075,1567,19,4657,245,0.00228609
2,10127.6,7514.39,4265.14,3844,7,375,13380,11922,1099,48503,30,504,344,2,922,56,0.00228609
2,22624.7,7514.39,4265.14,3844,9,375,13380,11922,1099,48503,30,504,344,2,922,56,0.00228609
2,16692.2,3650.78,5315.96,4817,17,285,9575,8404,696,31959,28,649,469,3,1239,63,0.00228609
2,18346.1,3650.78,5315.96,4817,18,285,9575,8404,696,31959,28,649,469,3,1239,63,0.00228609
2,12913.6,7422.14,15993.7,14252,18,441,16666,15233,1602,66510,64,1871,1429,52,4331,92,0.00228609
2,31109.9,7422.14,15993.7,14252,27,441,16666,15233,1602,66510,64,1871,1429,52,4331,92,0.00228609
2,26496.9,7027.15,25185,22938,16,438,15449,13953,1368,58217,72,2402,1860,31,5128,268,0.00228609
2,28634.4,7027.15,25185,22938,32,438,15449,13953,1368,58217,72,2402,1860,31,5128,268,0.00228609
2,14071.4,6482.06,2701.57,2453,8,396,14159,12553,1185,51884,22,353,250,1,505,59,0.00228609
2,23598.6,6482.06,2701.57,2453,4,396,14159,12553,1185,51884,22,353,250,1,505,59,0.00228609
2,19592.6,10824.2,10011.4,9047,17,452,20146,18390,1917,78786,42,1097,831,5,1950,174,0.00228609
2,33839.9,10824.2,10011.4,9047,6,452,20146,18390,1917,78786,42,1097,831,5,1950,174,0.00228609
2,15027.7,7636.17,10192.4,9202,16,408,15893,14232,1379,60841,50,1193,910,20,2390,159,0.00228609
2,28270.7,7636.17,10192.4,9202,27,408,15893,14232,1379,60841,50,1193,910,20,2390,159,0.00228609
2,23006.3,19070.9,28693.2,25548,21,813,35961,33472,3276,150968,97,3385,2706,64,8221,238,0.00228609
2,35946.4,19070.9,28693.2,25548,27,813,35961,33472,3276,150968,97,3385,2706,64,8221,238,0.00228609
2,7952.31,6782.04,2822.02,2553,6,409,14407,12624,1143,48371,22,379,269,2,642,29,0.00228609
2,21571.3,6782.04,2822.02,2553,17,409,14407,12624,1143,48371,22,379,269,2,642,29,0.00228609
2,8560.57,12584.7,8897.61,7933,4,595,23690,21431,2133,88045,54,1128,828,17,2603,23,0.00228609
2,28597.4,12584.7,8897.61,7933,27,595,23690,21431,2133,88045,54,1128,828,17,2603,23,0.00228609
2,28743.2,8170.06,24492.3,21996,18,389,16545,15027,1697,65460,78,2842,2258,44,6565,392,0.00228609
2,35993.6,8170.06,24492.3,21996,8,389,16545,15027,1697,65460,78,2842,2258,44,6565,392,0.00228609
2,19257.4,12997.4,11826.9,10598,6,640,26592,24547,2477,106740,46,1432,1074,7,3168,83,0.00228609
2,33199.7,12997.4,11826.9,10598,25,640,26592,24547,2477,106740,46,1432,1074,7,3168,83,0.00228609
2,12326.7,7424.91,6851.38,6110,6,437,15965,14024,1268,53320,24,778,572,9,1793,41,0.00228609
2,21942.9,7424.91,6851.38,6110,13,437,15965,14024,1268,53320,24,778,572,9,1793,41,0.00228609
2,31725.1,25797,22654.6,20207,14,1080,44536,41471,4675,198471,104,2697,2036,21,5983,255,0.00228609
2,43331.6,25797,22654.6,20207,15,1080,44536,41471,4675,198471,104,2697,2036,21,5983,255,0.00228609
2,9197.93,13448.6,4074.84,3679,11,593,27754,25637,2871,114976,24,510,347,0,870,56,0.00228609
2,44610.5,13448.6,4074.84,3679,4,593,27754,25637,2871,114976,24,510,347,0,870,56,0.00228609
2,12608.3,1585.88,6363.5,5848,16,147,4070,3460,292,12153,24,575,424,5,986,78,0.00228609
2,15328.7,1585.88,6363.5,5848,9,147,4070,3460,292,12153,24,575,424,5,986,78,0.00228609
2,29551.7,8311.99,24145.1,21849,18,373,15091,13775,1514,59906,91,2765,2156,31,6150,373,0.00228609
2,34085.2,8311.99,24145.1,21849,12,373,15091,13775,1514,59906,91,2765,2156,31,6150,373,0.00228609
2,17186.8,6656.99,8905.93,8026,15,401,14054,12499,1177,48949,45,1023,771,13,1758,165,0.00228609
2,21839.7,6656.99,8905.93,8026,13,401,14054,12499,1177,48949,45,1023,771,13,1758,165,0.00228609
2,14882.8,7004.63,7973.21,7178,10,388,14200,12367,1127,46764,46,941,670,5,1864,99,0.00228609
2,20905.3,7004.63,7973.21,7178,14,388,14200,12367,1127,46764,46,941,670,5,1864,99,0.00228609
2,18633.4,26576.9,6446.1,5782,12,1036,42416,38038,3950,160014,31,724,534,1,1470,104,0.00228609
2,33330.3,26576.9,6446.1,5782,8,1036,42416,38038,3950,160014,31,724,534,1,1470,104,0.00228609
2,11012.4,13477.2,7752.98,7181,14,580,26606,24577,2767,108412,23,551,383,2,923,67,0.00228609
2,42466,13477.2,7752.98,7181,4,580,26606,24577,2767,108412,23,551,383,2,923,67,0.00228609
2,21855.8,16754.9,14004.6,12626,16,721,30793,28433,2898,125587,57,1642,1242,20,3304,235,0.00228609
2,34586.4,16754.9,14004.6,12626,10,721,30793,28433,2898,125587,57,1642,1242,20,3304,235,0.00228609
2,22450.2,22103.2,5665.4,5131,4,833,33333,30766,3252,145436,37,655,457,0,1101,60,0.00228609
2,35474.9,22103.2,5665.4,5131,14,833,33333,30766,3252,145436,37,655,457,0,1101,60,0.00228609
2,23186.8,35417.3,26650.3,23681,19,1311,58043,53476,5781,251751,108,3237,2498,60,7418,199,0.00228609
2,44763.8,35417.3,26650.3,23681,32,1311,58043,53476,5781,251751,108,3237,2498,60,7418,199,0.00228609
2,4707.41,16966.6,3980.32,3565,4,691,32746,30281,3392,141042,31,513,356,0,940,18,0.00228609
2,50292.1,16966.6,3980.32,3565,5,691,32746,30281,3392,141042,31,513,356,0,940,18,0.00228609
2,22427.3,27568.6,19551.4,17387,14,1073,46041,42202,4429,185337,98,2401,1804,43,5498,131,0.00228609
2,38077.4,27568.6,19551.4,17387,36,1073,46041,42202,4429,185337,98,2401,1804,43,5498,131,0.00228609
2,23197.2,25653.9,20399.3,18567,18,1109,45409,41810,4443,191647,80,1912,1425,19,3666,209,0.00228609
2,36562.9,25653.9,20399.3,18567,8,1109,45409,41810,4443,191647,80,1912,1425,19,3666,209,0.00228609
2,7037.37,16175.3,3582.12,3220,5,642,30312,28003,3192,128875,23,448,295,0,778,36,0.00228609
2,48794,16175.3,3582.12,3220,4,642,30312,28003,3192,128875,23,448,295,0,778,36,0.00228609
2,30643.3,20064.9,19324.3,17334,17,977,36511,32533,3379,135683,90,2209,1636,26,5115,175,0.00228609
2,31554.1,20064.9,19324.3,17334,21,977,36511,32533,3379,135683,90,2209,1636,26,5115,175,0.00228609
2,35940.9,26567.4,26647.5,23754,13,1037,44372,41296,4764,198411,116,3248,2479,37,7499,261,0.00228609
2,45492.4,26567.4,26647.5,23754,23,1037,44372,41296,4764,198411,116,3248,2479,37,7499,261,0.00228609
2,23216.2,5658.4,5907.67,5385,9,325,12250,11026,1058,47625,31,705,510,4,1273,125,0.00228609
2,24576.5,5658.4,5907.67,5385,4,325,12250,11026,1058,47625,31,705,510,4,1273,125,0.00228609
2,5888.5,498.638,1281.85,1177,7,80,1653,1276,70,3917,10,149,95,0,196,23,0.00228609
2,8434.1,498.638,1281.85,1177,7,80,1653,1276,70,3917,10,149,95,0,196,23,0.00228609
2,25913.3,13272.5,14468.1,13083,20,620,26354,23973,2395,100457,57,1653,1262,20,3060,292,0.00228609
2,30724.2,13272.5,14468.1,13083,6,620,26354,23973,2395,100457,57,1653,1262,20,3060,292,0.00228609
2,20641.1,24207.2,14690,13081,15,1091,43579,39434,4072,172688,77,1808,1351,13,3972,124,0.00228609
2,34048.2,24207.2,14690,13081,32,1091,43579,39434,4072,172688,77,1808,1351,13,3972,124,0.00228609
2,8008.25,2726.49,2589.08,2322,3,168,6053,5284,416,19849,22,342,234,3,638,22,0.00228609
2,18971,2726.49,2589.08,2322,11,168,6053,5284,416,19849,22,342,234,3,638,22,0.00228609
2,7918.28,17312.5,11664.2,10364,7,812,32813,29203,3012,121640,51,1437,1093,18,3822,26,0.00228609
2,30048.9,17312.5,11664.2,10364,29,812,32813,29203,3012,121640,51,1437,1093,18,3822,26,0.00228609
2,14797.6,8794.77,7304.77,6644,13,527,18681,16760,1694,67873,41,851,631,9,1443,117,0.00228609
2,25501.1,8794.77,7304.77,6644,13,527,18681,16760,1694,67873,41,851,631,9,1443,117,0.00228609
2,39859.1,27424,39371.8,35089,12,1042,44047,40934,4662,197496,161,4470,3519,90,11421,309,0.00228609
2,47515.3,27424,39371.8,35089,30,1042,44047,40934,4662,197496,161,4470,3519,90,11421,309,0.00228609
2,9918.07,6288.85,2486.03,2236,3,403,13904,12277,1177,49115,19,353,246,1,625,24,0.00228609
2,21915.7,6288.85,2486.03,2236,11,403,13904,12277,1177,49115,19,353,246,1,625,24,0.00228609
2,9989.23,9552.66,7787.71,7039,7,507,19094,16831,1560,65675,31,729,521,8,1712,39,0.00228609
2,23903.2,9552.66,7787.71,7039,9,507,19094,16831,1560,65675,31,729,521,8,1712,39,0.00228609
2,23187.5,9034.83,30656.6,27702,28,444,16575,15046,1649,66237,115,3370,2669,80,8001,270,0.00228609
2,33896,9034.83,30656.6,27702,28,444,16575,15046,1649,66237,115,3370,2669,80,8001,270,0.00228609
2,18027.8,12260.5,13364.7,12116,7,646,24888,22644,2289,97310,50,1303,967,11,2837,94,0.00228609
2,31933,12260.5,13364.7,12116,22,646,24888,22644,2289,97310,50,1303,967,11,2837,94,0.00228609
2,9303.4,16388.3,12510.6,11168,6,698,28919,26235,2666,112445,65,1544,1157,32,3628,52,0.00228609
2,31423.9,16388.3,12510.6,11168,31,698,28919,26235,2666,112445,65,1544,1157,32,3628,52,0.00228609
2,6855.94,20584.5,17176.8,15428,9,888,38919,35895,3941,165220,74,1848,1402,34,4403,32,0.00228609
2,40245.6,20584.5,17176.8,15428,38,888,38919,35895,3941,165220,74,1848,1402,34,4403,32,0.00228609
2,16944.1,19456.3,10926.5,9896,13,847,32938,29596,2973,126516,57,1123,858,12,2275,116,0.00228609
2,30557.6,19456.3,10926.5,9896,25,847,32938,29596,2973,126516,57,1123,858,12,2275,116,0.00228609
2,19376.1,17154,17599.1,15678,8,704,30013,27841,2773,122561,63,2177,1693,26,5414,104,0.00228609
2,34748.3,17154,17599.1,15678,20,704,30013,27841,2773,122561,63,2177,1693,26,5414,104,0.00228609
2,6824.64,1951.34,1391.53,1269,6,188,5012,4210,334,14485,17,174,117,0,236,23,0.00228609
2,13909.6,1951.34,1391.53,1269,4,188,5012,4210,334,14485,17,174,117,0,236,23,0.00228609
2,14163.9,13326.1,9813.15,9039,14,708,26105,23274,2251,95696,45,784,587,8,1508,89,0.00228609
2,27579.3,13326.1,9813.15,9039,25,708,26105,23274,2251,95696,45,784,587,8,1508,89,0.00228609
2,19607.8,10636,4503.05,4084,9,516,20467,18032,1675,70661,30,554,403,0,996,100,0.00228609
2,24192.3,10636,4503.05,4084,4,516,20467,18032,1675,70661,30,554,403,0,996,100,0.00228609
2,33734.4,29765.8,33087.6,29706,31,1311,52992,47847,5091,208051,116,3742,2976,45,8960,409,0.00228609
2,36793.3,29765.8,33087.6,29706,20,1311,52992,47847,5091,208051,116,3742,2976,45,8960,409,0.00228609
2,3239.94,17933.2,10365.9,9215,4,774,33054,30431,3230,137915,60,1322,973,23,3043,11,0.00228609
2,36296.2,17933.2,10365.9,9215,29,774,33054,30431,3230,137915,60,1322,973,23,3043,11,0.00228609
2,20910.8,10208.1,17771.2,15841,11,481,21014,19052,2026,80275,64,2120,1653,24,5145,94,0.00228609
2,33272.4,10208.1,17771.2,15841,23,481,21014,19052,2026,80275,64,2120,1653,24,5145,94,0.00228609
2,17143.6,12132.5,9838.22,8721,6,544,22144,19742,1887,78380,46,1188,875,18,2679,56,0.00228609
2,25335.4,12132.5,9838.22,8721,17,544,22144,19742,1887,78380,46,1188,875,18,2679,56,0.00228609
2,37788.9,23206.4,48457,43570,26,1001,42037,38926,4310,184171,162,5206,4154,106,13000,480,0.00228609
2,41949.7,23206.4,48457,43570,25,1001,42037,38926,4310,184171,162,5206,4154,106,13000,480,0.00228609
2,21006.6,22928.8,12450.5,11064,8,998,40539,36532,3861,154427,50,1526,1129,21,3565,97,0.00228609
2,33386.7,22928.8,12450.5,11064,19,998,40539,36532,3861,154427,50,1526,1129,21,3565,97,0.00228609
2,29132.2,6238.44,20213.7,18304,12,347,13087,11847,1221,51634,83,2075,1567,17,4642,188,0.00228609
2,30648.7,6238.44,20213.7,18304,15,347,13087,11847,1221,51634,83,2075,1567,17,4642,188,0.00228609
2,27637.9,16613.9,12000.1,10765,9,702,30267,26869,2702,109901,58,1382,1015,13,3082,82,0.00228609
2,28600.8,16613.9,12000.1,10765,17,702,30267,26869,2702,109901,58,1382,1015,13,3082,82,0.00228609
2,8562.1,22202.8,20903,18428,9,857,40375,37662,3950,173156,77,2630,2042,33,7093,36,0.00228609
2,47032.3,22202.8,20903,18428,34,857,40375,37662,3950,173156,77,2630,2042,33,7093,36,0.00228609
2,11614.1,9304.11,13048.5,11581,5,456,18737,17095,1888,74854,59,1677,1226,23,3817,47,0.00228609
2,36882.6,9304.11,13048.5,11581,7,456,18737,17095,1888,74854,59,1677,1226,23,3817,47,0.00228609
2,17465.9,17819.4,13168.7,11751,11,842,33375,29598,2963,122756,67,1653,1269,38,3913,52,0.00228609
2,30060,17819.4,13168.7,11751,29,842,33375,29598,2963,122756,67,1653,1269,38,3913,52,0.00228609
2,4314.11,14802,5556.62,4924,9,570,22344,20198,2041,84340,31,741,532,16,1607,18,0.00228609
2,29969.4,14802,5556.62,4924,15,570,22344,20198,2041,84340,31,741,532,16,1607,18,0.00228609
2,16994.8,18869.2,15982.8,14279,19,795,35146,32016,3201,137573,70,1867,1412,36,4278,113,0.00228609
2,32503.2,18869.2,15982.8,14279,28,795,35146,32016,3201,137573,70,1867,1412,36,4278,113,0.00228609
2,16723.7,8677.49,8317.14,7525,11,540,18250,15885,1530,61948,44,936,720,14,2103,70,0.00228609
2,23424.4,8677.49,8317.14,7525,16,540,18250,15885,1530,61948,44,936,720,14,2103,70,0.00228609
2,22961.4,13780.1,13564,12222,14,593,22469,20299,2225,92505,67,1556,1142,22,3315,170,0.00228609
2,32197.1,13780.1,13564,12222,10,593,22469,20299,2225,92505,67,1556,1142,22,3315,170,0.00228609
2,14083.8,41732.6,16462.9,14516,13,1438,65160,60100,6707,281740,79,2019,1491,13,4493,92,0.00228609
2,44618.3,41732.6,16462.9,14516,9,1438,65160,60100,6707,281740,79,2019,1491,13,4493,92,0.00228609
2,16827.4,11507.2,11218.5,10093,11,593,22034,19969,2113,83646,58,1382,1041,11,2844,129,0.00228609
2,29008.6,11507.2,11218.5,10093,20,593,22034,19969,2113,83646,58,1382,1041,11,2844,129,0.00228609
2,18601.3,35766.2,21939.6,19492,16,1361,60854,55955,6026,261992,96,2695,2052,36,6313,133,0.00228609
2,44320.2,35766.2,21939.6,19492,35,1361,60854,55955,6026,261992,96,2695,2052,36,6313,133,0.00228609
2,26751.5,7510.51,18677.2,16885,20,393,15743,14336,1575,62324,65,2165,1721,27,4685,314,0.00228609
2,33680.4,7510.51,18677.2,16885,9,393,15743,14336,1575,62324,65,2165,1721,27,4685,314,0.00228609
2,9841.11,6813.26,6034.07,5388,4,420,15015,12956,1168,48278,41,812,593,12,1642,19,0.00228609
2,21804.4,6813.26,6034.07,5388,25,420,15015,12956,1168,48278,41,812,593,12,1642,19,0.00228609
2,8307.5,5339.44,4490.23,4035,10,342,12226,10711,981,43438,30,560,394,1,1069,30,0.00228609
2,20779.9,5339.44,4490.23,4035,10,342,12226,10711,981,43438,30,560,394,1,1069,30,0.00228609
2,14283.7,5678.72,5320.93,4779,7,340,12533,10903,984,40628,27,661,481,9,1388,68,0.00228609
2,19600.4,5678.72,5320.93,4779,9,340,12533,10903,984,40628,27,661,481,9,1388,68,0.00228609
2,15376.2,5096.01,5468.77,4902,7,344,12301,10877,1000,43047,33,699,488,14,1263,45,0.00228609
2,20004.5,5096.01,5468.77,4902,18,344,12301,10877,1000,43047,33,699,488,14,1263,45,0.00228609
2,3363.27,2476.08,3219.97,2952,4,181,5239,4456,388,16504,19,282,176,1,412,12,0.00228609
2,15023.7,2476.08,3219.97,2952,17,181,5239,4456,388,16504,19,282,176,1,412,12,0.00228609
2,23876.4,26900.5,23472.7,20942,16,1045,46099,42460,4748,195581,96,2826,2200,34,6522,201,0.00228609
2,44625.6,26900.5,23472.7,20942,26,1045,46099,42460,4748,195581,96,2826,2200,34,6522,201,0.00228609
2,29316.8,31341,27424.1,24715,35,1352,53767,48819,5284,212953,92,2980,2305,46,6730,306,0.00228609
2,37468.9,31341,27424.1,24715,26,1352,53767,48819,5284,212953,92,2980,2305,46,6730,306,0.00228609
2,10255.8,1840.85,1360.57,1234,10,148,4696,4040,305,15245,12,188,120,0,247,41,0.00228609
2,16469.3,1840.85,1360.57,1234,3,148,4696,4040,305,15245,12,188,120,0,247,41,0.00228609
2,26506.4,29665.9,15664.4,14259,18,1332,53928,48654,5176,211772,60,1427,1091,6,2890,208,0.00228609
2,37272.6,29665.9,15664.4,14259,8,1332,53928,48654,5176,211772,60,1427,1091,6,2890,208,0.00228609
2,10144.9,2762.09,1553.44,1389,4,207,6330,5523,451,21247,17,229,146,0,421,15,0.00228609
2,16667.5,2762.09,1553.44,1389,10,207,6330,5523,451,21247,17,229,146,0,421,15,0.00228609
2,9550.19,8025.27,3479.45,3117,5,503,17026,14813,1351,56841,28,444,313,5,825,24,0.00228609
2,22957.3,8025.27,3479.45,3117,22,503,17026,14813,1351,56841,28,444,313,5,825,24,0.00228609
2,32704.2,7268.58,30694.8,27502,22,381,15646,14280,1554,62819,106,3611,2865,62,9199,400,0.00228609
2,37843.1,7268.58,30694.8,27502,15,381,15646,14280,1554,62819,106,3611,2865,62,9199,400,0.00228609
2,16661.6,7617.22,6670.28,5996,8,425,16044,14029,1304,53002,37,868,623,12,1729,45,0.00228609
2,21850.9,7617.22,6670.28,5996,15,425,16044,14029,1304,53002,37,868,623,12,1729,45,0.00228609
2,24610.7,17232.4,11838.8,10599,15,855,32966,29275,3053,119226,46,1455,1063,12,2909,158,0.00228609
2,30101.3,17232.4,11838.8,10599,17,855,32966,29275,3053,119226,46,1455,1063,12,2909,158,0.00228609
2,15109,2850.19,3186,2905,10,206,6519,5676,432,21488,22,393,270,0,620,25,0.00228609
2,15435,2850.19,3186,2905,12,206,6519,5676,432,21488,22,393,270,0,620,25,0.00228609
2,37840.9,37821.7,50096.7,44631,33,1310,60325,55968,6214,280024,210,5930,4708,149,14610,449,0.00228609
2,54716.4,37821.7,50096.7,44631,33,1310,60325,55968,6214,280024,210,5930,4708,149,14610,449,0.00228609
2,15145.4,18705.1,17567.3,15697,10,793,35362,32831,3384,148554,65,2111,1599,13,4962,155,0.00228609
2,41182.7,18705.1,17567.3,15697,21,793,35362,32831,3384,148554,65,2111,1599,13,4962,155,0.00228609
2,34113.9,32682.7,20213.7,18106,30,1291,56817,51780,5531,230977,99,2369,1790,19,5321,285,0.00228609
2,37884.9,32682.7,20213.7,18106,17,1291,56817,51780,5531,230977,99,2369,1790,19,5321,285,0.00228609
2,16334,10475.8,7724.38,6904,5,637,21739,19073,1871,75010,47,997,748,22,2040,59,0.00228609
2,25142.9,10475.8,7724.38,6904,18,637,21739,19073,1871,75010,47,997,748,22,2040,59,0.00228609
2,24692.7,7799.3,17839.4,15909,10,391,16877,15246,1495,62936,63,2207,1709,26,5334,129,0.00228609
2,29694.4,7799.3,17839.4,15909,25,391,16877,15246,1495,62936,63,2207,1709,26,5334,129,0.00228609
2,25460.7,22845.9,19365.3,17370,14,896,37956,34690,3601,148120,91,2345,1774,37,5466,165,0.00228609
2,34869.1,22845.9,19365.3,17370,34,896,37956,34690,3601,148120,91,2345,1774,37,5466,165,0.00228609
2,16562.9,16437.9,9896.17,8938,13,833,31986,28754,2856,122860,61,1113,840,12,2253,116,0.00228609
2,30176.4,16437.9,9896.17,8938,25,833,31986,28754,2856,122860,61,1113,840,12,2253,116,0.00228609
2,31570.8,23142.4,32227.9,29010,22,928,42999,39650,3944,177126,121,3616,2804,61,8076,362,0.00228609
2,34982.1,23142.4,32227.9,29010,31,928,42999,39650,3944,177126,121,3616,2804,61,8076,362,0.00228609
2,14708.1,34034.9,6784.51,6125,16,1224,54944,50492,5562,232057,42,802,571,8,1301,128,0.00228609
2,42254.5,34034.9,6784.51,6125,7,1224,54944,50492,5562,232057,42,802,571,8,1301,128,0.00228609
2,5738.24,19682.4,5509.41,5002,4,687,31835,29425,3329,135447,31,521,356,0,950,30,0.00228609
2,49203.7,19682.4,5509.41,5002,6,687,31835,29425,3329,135447,31,521,356,0,950,30,0.00228609
2,37261.8,28302.5,32597.4,28725,6,1096,47202,43960,5133,214882,140,3853,2955,75,9746,129,0.00228609
2,49981.8,28302.5,32597.4,28725,24,1096,47202,43960,5133,214882,140,3853,2955,75,9746,129,0.00228609
2,15970.6,12475.9,20789.8,18488,19,584,24288,22206,2395,101296,98,2552,2015,53,6170,126,0.00228609
2,36906,12475.9,20789.8,18488,31,584,24288,22206,2395,101296,98,2552,2015,53,6170,126,0.00228609
2,6473.87,5806.7,3791.51,3401,7,398,12800,11086,1028,41776,30,503,354,2,966,31,0.00228609
2,20360.2,5806.7,3791.51,3401,18,398,12800,11086,1028,41776,30,503,354,2,966,31,0.00228609
2,25650.9,7589.32,35402.5,32303,29,442,16140,14630,1566,63806,114,3324,2624,53,8023,291,0.00228609
2,32856.3,7589.32,35402.5,32303,31,442,16140,14630,1566,63806,114,3324,2624,53,8023,291,0.00228609
2,10956.8,8737.38,3508.55,3154,11,421,14899,13303,1257,51984,26,442,305,0,771,43,0.00228609
2,22794.9,8737.38,3508.55,3154,19,421,14899,13303,1257,51984,26,442,305,0,771,43,0.00228609
2,16423,15505.3,9385.4,8355,3,742,29928,27329,2932,119544,49,1199,891,14,2868,37,0.00228609
2,34430.5,15505.3,9385.4,8355,22,742,29928,27329,2932,119544,49,1199,891,14,2868,37,0.00228609
2,28944.1,23088.3,21895,19645,19,1075,41724,37375,4021,158734,92,2543,1926,27,5663,319,0.00228609
2,33273.4,23088.3,21895,19645,20,1075,41724,37375,4021,158734,92,2543,1926,27,5663,319,0.00228609
2,3412.53,13349.6,6904.1,6134,3,665,26304,23968,2380,103932,40,889,646,13,2030,11,0.00228609
2,30283.4,13349.6,6904.1,6134,25,665,26304,23968,2380,103932,40,889,646,13,2030,11,0.00228609
2,6740.37,15428.5,3033.93,2709,5,644,30390,28075,3152,130078,23,412,272,0,723,21,0.00228609
2,49283,15428.5,3033.93,2709,3,644,30390,28075,3152,130078,23,412,272,0,723,21,0.00228609
2,10511,1975.19,1791.94,1600,5,153,4823,4168,336,16027,18,238,162,0,380,30,0.00228609
2,16097.4,1975.19,1791.94,1600,6,153,4823,4168,336,16027,18,238,162,0,380,30,0.00228609
2,25034.4,11496.1,15771.4,14139,10,594,24086,21824,2246,89985,70,1951,1467,14,4392,129,0.00228609
2,31234.2,11496.1,15771.4,14139,15,594,24086,21824,2246,89985,70,1951,1467,14,4392,129,0.00228609
2,21458.9,7459.49,23776,21384,24,419,15727,14259,1526,62147,97,2730,2108,54,6128,212,0.00228609
2,31109.3,7459.49,23776,21384,26,419,15727,14259,1526,62147,97,2730,2108,54,6128,212,0.00228609
2,11679.1,21441.6,19426,17229,10,754,32885,30238,3365,139524,95,2405,1860,68,6137,62,0.00228609
2,40911.2,21441.6,19426,17229,27,754,32885,30238,3365,139524,95,2405,1860,68,6137,62,0.00228609
2,34320.8,32026.8,24890.3,22432,34,1190,53121,48772,5019,221592,97,2821,2240,61,5689,463,0.00228609
2,37311.1,32026.8,24890.3,22432,9,1190,53121,48772,5019,221592,97,2821,2240,61,5689,463,0.00228609
2,30556.6,18523.7,15928.4,14414,9,827,35794,31989,3364,133614,68,1808,1365,41,4208,32,0.00228609
2,30705.1,18523.7,15928.4,14414,24,827,35794,31989,3364,133614,68,1808,1365,41,4208,32,0.00228609
2,24260.1,8763.79,7667.32,6905,10,485,18982,17207,1709,68692,35,957,707,0,1568,126,0.00228609
2,27088.9,8763.79,7667.32,6905,7,485,18982,17207,1709,68692,35,957,707,0,1568,126,0.00228609
2,32921.9,19637.3,8845.18,8045,9,825,35860,33161,3850,157525,48,999,764,4,1785,182,0.00228609
2,43222.2,19637.3,8845.18,8045,4,825,35860,33161,3850,157525,48,999,764,4,1785,182,0.00228609
2,41303.6,32090.2,59850,53400,37,1194,54402,50362,5544,250703,218,6957,5588,175,18258,615,0.00228609
2,52876.9,32090.2,59850,53400,31,1194,54402,50362,5544,250703,218,6957,5588,175,18258,615,0.00228609
2,15076.2,27489.7,7747.21,6969,11,929,40651,37396,4044,176246,39,872,672,1,2032,108,0.00228609
2,44662.3,27489.7,7747.21,6969,4,929,40651,37396,4044,176246,39,872,672,1,2032,108,0.00228609
2,24345.8,23712.8,25169,22682,16,1009,43463,39841,4201,173348,93,2569,1946,39,5823,165,0.00228609
2,36819,23712.8,25169,22682,38,1009,43463,39841,4201,173348,93,2569,1946,39,5823,165,0.00228609
2,8021.33,23818.9,16314.3,14532,4,986,42778,39197,4199,174515,68,1728,1289,36,3948,26,0.00228609
2,38770.6,23818.9,16314.3,14532,30,986,42778,39197,4199,174515,68,1728,1289,36,3948,26,0.00228609
2,12059.8,10297.4,5272.34,4751,8,563,20967,18362,1748,71078,43,679,497,8,1371,36,0.00228609
2,24964.3,10297.4,5272.34,4751,29,563,20967,18362,1748,71078,43,679,497,8,1371,36,0.00228609
2,17596.8,11312.8,10438.9,9356,18,506,22718,20795,2312,91163,42,1283,940,15,2755,143,0.00228609
2,39807.1,11312.8,10438.9,9356,13,506,22718,20795,2312,91163,42,1283,940,15,2755,143,0.00228609
2,23360.5,17618.5,8223.24,7396,27,769,33312,30824,2983,138282,30,989,726,5,1596,192,0.00228609
2,34263,17618.5,8223.24,7396,5,769,33312,30824,2983,138282,30,989,726,5,1596,192,0.00228609
2,14263.4,15908.8,23421.8,20941,15,608,25414,23252,2457,106288,103,2506,1973,51,6284,100,0.00228609
2,36970.4,15908.8,23421.8,20941,19,608,25414,23252,2457,106288,103,2506,1973,51,6284,100,0.00228609
2,15902.7,4493.78,4914.15,4472,13,321,10612,9091,824,34870,32,578,399,2,957,72,0.00228609
2,18396.1,4493.78,4914.15,4472,16,321,10612,9091,824,34870,32,578,399,2,957,72,0.00228609
2,27415.2,12793.6,17581,15869,26,605,24474,22166,2062,90683,71,2037,1573,19,4473,206,0.00228609
2,28298.1,12793.6,17581,15869,11,605,24474,22166,2062,90683,71,2037,1573,19,4473,206,0.00228609
2,40187.1,24896.4,42165.9,37760,26,949,39189,36333,4110,171084,161,4839,3878,102,12268,372,0.00228609
2,41638.7,24896.4,42165.9,37760,23,949,39189,36333,4110,171084,161,4839,3878,102,12268,372,0.00228609
2,21954.9,31078.1,17931.2,15894,11,1183,49779,45526,4870,205043,79,2245,1672,25,4725,153,0.00228609
2,39580.9,31078.1,17931.2,15894,29,1183,49779,45526,4870,205043,79,2245,1672,25,4725,153,0.00228609
2,4889.24,2910.69,3345.85,2998,4,226,7056,6092,564,23378,26,426,291,3,665,26,0.00228609
2,17957.4,2910.69,3345.85,2998,18,226,7056,6092,564,23378,26,426,291,3,665,26,0.00228609
2,19410.5,25054.8,13569.7,12091,13,1027,43902,40343,4481,183225,67,1673,1224,10,3522,125,0.00228609
2,41499.3,25054.8,13569.7,12091,24,1027,43902,40343,4481,183225,67,1673,1224,10,3522,125,0.00228609
2,27747.4,16231.1,12618.2,11304,9,692,29879,26519,2653,108091,65,1505,1105,13,3326,98,0.00228609
2,28423.9,16231.1,12618.2,11304,17,692,29879,26519,2653,108091,65,1505,1105,13,3326,98,0.00228609
2,12982.6,12942.8,10867.9,9683,6,586,24008,21595,2082,87869,46,1277,942,29,2702,45,0.00228609
2,27325.5,12942.8,10867.9,9683,21,586,24008,21595,2082,87869,46,1277,942,29,2702,45,0.00228609
2,22136.5,13784.5,4457.65,4055,9,646,25549,23375,2473,108986,36,555,407,1,850,94,0.00228609
2,32433.4,13784.5,4457.65,4055,4,646,25549,23375,2473,108986,36,555,407,1,850,94,0.00228609
2,20295.3,11260.4,11066.9,9986,7,542,22506,19904,1902,78458,55,1338,1001,15,2951,104,0.00228609
2,25087.7,11260.4,11066.9,9986,20,542,22506,19904,1902,78458,55,1338,1001,15,2951,104,0.00228609
