K,dist,cost_ki,cost_hi,h_cost,vnum,gen_ki,push_ki,pop_ki,prune_ki,suc_call_ki,gen_hi,push_hi,pop_hi,prune_hi,suc_call_hi,reevaluate,density
4,9755.28,30640.5,42635.5,38341,8,1107,44608,41097,4653,192479,144,4327,3437,75,9825,558,0.00268817
4,24389.8,30640.5,42635.5,38341,26,1107,44608,41097,4653,192479,144,4327,3437,75,9825,558,0.00268817
4,28814.7,30640.5,42635.5,38341,11,1107,44608,41097,4653,192479,144,4327,3437,75,9825,558,0.00268817
4,36373.2,30640.5,42635.5,38341,31,1107,44608,41097,4653,192479,144,4327,3437,75,9825,558,0.00268817
4,13759.9,14380.4,23124.7,21054,10,746,27830,25249,2775,109942,100,2517,1941,22,4677,443,0.00268817
4,19310.5,14380.4,23124.7,21054,14,746,27830,25249,2775,109942,100,2517,1941,22,4677,443,0.00268817
4,34088.2,14380.4,23124.7,21054,17,746,27830,25249,2775,109942,100,2517,1941,22,4677,443,0.00268817
4,34524.2,14380.4,23124.7,21054,6,746,27830,25249,2775,109942,100,2517,1941,22,4677,443,0.00268817
4,31927.1,47360.5,85576,77605,32,1605,68336,63042,6835,290915,285,8401,6697,165,19017,1192,0.00268817
4,38498.2,47360.5,85576,77605,24,1605,68336,63042,6835,290915,285,8401,6697,165,19017,1192,0.00268817
4,39256.2,47360.5,85576,77605,24,1605,68336,63042,6835,290915,285,8401,6697,165,19017,1192,0.00268817
4,41937.6,47360.5,85576,77605,40,1605,68336,63042,6835,290915,285,8401,6697,165,19017,1192,0.00268817
4,14955.9,87263.1,132327,118375,16,2364,113701,107534,12065,569823,430,14471,11766,351,38504,1650,0.00268817
4,34650.4,87263.1,132327,118375,25,2364,113701,107534,12065,569823,430,14471,11766,351,38504,1650,0.00268817
4,56404.4,87263.1,132327,118375,27,2364,113701,107534,12065,569823,430,14471,11766,351,38504,1650,0.00268817
4,59643.8,87263.1,132327,118375,42,2364,113701,107534,12065,569823,430,14471,11766,351,38504,1650,0.00268817
4,16946.1,78869.4,150962,135380,5,2342,119046,112941,13206,621184,460,16307,13674,448,48886,1776,0.00268817
4,37563.1,78869.4,150962,135380,34,2342,119046,112941,13206,621184,460,16307,13674,448,48886,1776,0.00268817
4,63542.5,78869.4,150962,135380,43,2342,119046,112941,13206,621184,460,16307,13674,448,48886,1776,0.00268817
4,71248.2,78869.4,150962,135380,26,2342,119046,112941,13206,621184,460,16307,13674,448,48886,1776,0.00268817
4,25987.8,31024,61478.4,56130,15,1298,50071,45237,4864,196192,191,5551,4395,116,12324,848,0.00268817
4,29995.4,31024,61478.4,56130,22,1298,50071,45237,4864,196192,191,5551,4395,116,12324,848,0.00268817
4,30212.5,31024,61478.4,56130,21,1298,50071,45237,4864,196192,191,5551,4395,116,12324,848,0.00268817
4,34263.7,31024,61478.4,56130,25,1298,50071,45237,4864,196192,191,5551,4395,116,12324,848,0.00268817
4,9844.85,35733.3,21967,19905,10,1342,59157,54709,6155,275426,89,2393,1850,30,4370,462,0.00268817
4,11691.8,35733.3,21967,19905,3,1342,59157,54709,6155,275426,89,2393,1850,30,4370,462,0.00268817
4,26397.5,35733.3,21967,19905,15,1342,59157,54709,6155,275426,89,2393,1850,30,4370,462,0.00268817
4,46740.5,35733.3,21967,19905,7,1342,59157,54709,6155,275426,89,2393,1850,30,4370,462,0.00268817
4,14971.6,49136.1,83432,75614,18,1667,78572,73546,8587,384760,269,8847,7195,123,20694,1529,0.00268817
4,42078.9,49136.1,83432,75614,22,1667,78572,73546,8587,384760,269,8847,7195,123,20694,1529,0.00268817
4,52269.6,49136.1,83432,75614,47,1667,78572,73546,8587,384760,269,8847,7195,123,20694,1529,0.00268817
4,61843.3,49136.1,83432,75614,7,1667,78572,73546,8587,384760,269,8847,7195,123,20694,1529,0.00268817
4,9242.29,37927.1,44923.6,40453,6,1279,57866,53933,6411,277012,159,5037,3964,49,11152,904,0.00268817
4,32640.3,37927.1,44923.6,40453,10,1279,57866,53933,6411,277012,159,5037,3964,49,11152,904,0.00268817
4,42446.4,37927.1,44923.6,40453,16,1279,57866,53933,6411,277012,159,5037,3964,49,11152,904,0.00268817
4,55692.2,37927.1,44923.6,40453,12,1279,57866,53933,6411,277012,159,5037,3964,49,11152,904,0.00268817
4,4367.87,19337.9,25569.2,23151,6,980,37997,34591,3977,158646,99,2841,2249,44,5642,606,0.00268817
4,17414.6,19337.9,25569.2,23151,21,980,37997,34591,3977,158646,99,2841,2249,44,5642,606,0.00268817
4,34515.6,19337.9,25569.2,23151,23,980,37997,34591,3977,158646,99,2841,2249,44,5642,606,0.00268817
4,38338.9,19337.9,25569.2,23151,4,980,37997,34591,3977,158646,99,2841,2249,44,5642,606,0.00268817
4,17558,52035.4,67914.7,60748,13,1840,82162,77148,8589,391617,244,7681,6254,194,19652,912,0.00268817
4,18664.3,52035.4,67914.7,60748,15,1840,82162,77148,8589,391617,244,7681,6254,194,19652,912,0.00268817
4,32792.1,52035.4,67914.7,60748,35,1840,82162,77148,8589,391617,244,7681,6254,194,19652,912,0.00268817
4,49688.8,52035.4,67914.7,60748,41,1840,82162,77148,8589,391617,244,7681,6254,194,19652,912,0.00268817
4,23530.1,41415.1,74961.7,67604,14,1596,66482,61799,6721,294571,248,7784,6398,211,19918,1030,0.00268817
4,27867.3,41415.1,74961.7,67604,27,1596,66482,61799,6721,294571,248,7784,6398,211,19918,1030,0.00268817
4,39669.3,41415.1,74961.7,67604,38,1596,66482,61799,6721,294571,248,7784,6398,211,19918,1030,0.00268817
4,43112,41415.1,74961.7,67604,45,1596,66482,61799,6721,294571,248,7784,6398,211,19918,1030,0.00268817
4,28482.3,52421.1,85627.1,76936,22,1891,85825,80808,8825,416544,265,9119,7554,209,23260,1389,0.00268817
4,30008.2,52421.1,85627.1,76936,10,1891,85825,80808,8825,416544,265,9119,7554,209,23260,1389,0.00268817
4,39556.4,52421.1,85627.1,76936,33,1891,85825,80808,8825,416544,265,9119,7554,209,23260,1389,0.00268817
4,54676.4,52421.1,85627.1,76936,50,1891,85825,80808,8825,416544,265,9119,7554,209,23260,1389,0.00268817
4,24311.8,64633.9,100214,89307,29,2044,101592,95639,10851,508440,334,10859,8930,216,31471,1170,0.00268817
4,32448.4,64633.9,100214,89307,4,2044,101592,95639,10851,508440,334,10859,8930,216,31471,1170,0.00268817
4,67584.6,64633.9,100214,89307,11,2044,101592,95639,10851,508440,334,10859,8930,216,31471,1170,0.00268817
4,70398.6,64633.9,100214,89307,32,2044,101592,95639,10851,508440,334,10859,8930,216,31471,1170,0.00268817
4,19653.6,71611.2,69213.9,63381,19,2235,111351,105010,12196,554253,186,6317,5092,100,14231,1200,0.00268817
4,32628.3,71611.2,69213.9,63381,33,2235,111351,105010,12196,554253,186,6317,5092,100,14231,1200,0.00268817
4,47294.3,71611.2,69213.9,63381,14,2235,111351,105010,12196,554253,186,6317,5092,100,14231,1200,0.00268817
4,67251.9,71611.2,69213.9,63381,11,2235,111351,105010,12196,554253,186,6317,5092,100,14231,1200,0.00268817
4,8381.69,57552.9,33242.5,30326,4,1971,87965,82127,9215,410377,135,3458,2740,40,6702,774,0.00268817
4,22855.4,57552.9,33242.5,30326,33,1971,87965,82127,9215,410377,135,3458,2740,40,6702,774,0.00268817
4,26717.4,57552.9,33242.5,30326,17,1971,87965,82127,9215,410377,135,3458,2740,40,6702,774,0.00268817
4,47646.3,57552.9,33242.5,30326,7,1971,87965,82127,9215,410377,135,3458,2740,40,6702,774,0.00268817
4,19433.2,77291.8,132296,118939,16,2428,118935,112396,12746,598271,386,14344,11970,395,39867,1773,0.00268817
4,29955.2,77291.8,132296,118939,27,2428,118935,112396,12746,598271,386,14344,11970,395,39867,1773,0.00268817
4,54459.6,77291.8,132296,118939,42,2428,118935,112396,12746,598271,386,14344,11970,395,39867,1773,0.00268817
4,64990.4,77291.8,132296,118939,53,2428,118935,112396,12746,598271,386,14344,11970,395,39867,1773,0.00268817
4,19326.6,83434.9,169263,150752,14,2473,124979,118533,13679,648668,542,19111,15807,534,56827,1607,0.00268817
4,32944.1,83434.9,169263,150752,29,2473,124979,118533,13679,648668,542,19111,15807,534,56827,1607,0.00268817
4,58994.4,83434.9,169263,150752,40,2473,124979,118533,13679,648668,542,19111,15807,534,56827,1607,0.00268817
4,71653.4,83434.9,169263,150752,21,2473,124979,118533,13679,648668,542,19111,15807,534,56827,1607,0.00268817
4,32581.5,95665.4,198728,176795,20,2514,135660,128548,15311,739902,565,20792,17279,558,65818,1842,0.00268817
4,38708.7,95665.4,198728,176795,13,2514,135660,128548,15311,739902,565,20792,17279,558,65818,1842,0.00268817
4,66639.7,95665.4,198728,176795,10,2514,135660,128548,15311,739902,565,20792,17279,558,65818,1842,0.00268817
4,86656.8,95665.4,198728,176795,6,2514,135660,128548,15311,739902,565,20792,17279,558,65818,1842,0.00268817
4,15338.6,55821.2,95115.7,85680,14,1871,82530,76768,8639,378103,367,9652,7647,194,22863,958,0.00268817
4,22794.7,55821.2,95115.7,85680,11,1871,82530,76768,8639,378103,367,9652,7647,194,22863,958,0.00268817
4,42175.5,55821.2,95115.7,85680,15,1871,82530,76768,8639,378103,367,9652,7647,194,22863,958,0.00268817
4,48044.4,55821.2,95115.7,85680,31,1871,82530,76768,8639,378103,367,9652,7647,194,22863,958,0.00268817
4,38188.1,85939.4,96099.5,86556,8,2266,122654,115364,13617,660045,261,9038,7402,89,20517,1906,0.00268817
4,43190.8,85939.4,96099.5,86556,20,2266,122654,115364,13617,660045,261,9038,7402,89,20517,1906,0.00268817
4,66821,85939.4,96099.5,86556,12,2266,122654,115364,13617,660045,261,9038,7402,89,20517,1906,0.00268817
4,87567.5,85939.4,96099.5,86556,16,2266,122654,115364,13617,660045,261,9038,7402,89,20517,1906,0.00268817
4,14496.6,75714.8,118342,106877,10,2190,109521,103939,11768,565185,349,12338,10147,302,30724,2045,0.00268817
4,42766.8,75714.8,118342,106877,28,2190,109521,103939,11768,565185,349,12338,10147,302,30724,2045,0.00268817
4,62216.5,75714.8,118342,106877,50,2190,109521,103939,11768,565185,349,12338,10147,302,30724,2045,0.00268817
4,66704.3,75714.8,118342,106877,7,2190,109521,103939,11768,565185,349,12338,10147,302,30724,2045,0.00268817
4,12042.5,59904.8,47428.1,42920,5,2105,94516,88374,9869,441288,192,5196,4112,84,10764,952,0.00268817
4,26341.4,59904.8,47428.1,42920,29,2105,94516,88374,9869,441288,192,5196,4112,84,10764,952,0.00268817
4,29213.9,59904.8,47428.1,42920,20,2105,94516,88374,9869,441288,192,5196,4112,84,10764,952,0.00268817
4,48450.4,59904.8,47428.1,42920,10,2105,94516,88374,9869,441288,192,5196,4112,84,10764,952,0.00268817
4,13586,25297.8,48596.4,43827,11,1105,46959,43582,5028,219228,181,5354,4341,90,12575,985,0.00268817
4,34848,25297.8,48596.4,43827,8,1105,46959,43582,5028,219228,181,5354,4341,90,12575,985,0.00268817
4,47912.5,25297.8,48596.4,43827,26,1105,46959,43582,5028,219228,181,5354,4341,90,12575,985,0.00268817
4,49177.6,25297.8,48596.4,43827,7,1105,46959,43582,5028,219228,181,5354,4341,90,12575,985,0.00268817
4,29915.8,45326.3,99582.9,89842,12,1836,78719,72346,7851,334071,354,10814,8705,203,25730,1388,0.00268817
4,37198.4,45326.3,99582.9,89842,36,1836,78719,72346,7851,334071,354,10814,8705,203,25730,1388,0.00268817
4,41230.7,45326.3,99582.9,89842,36,1836,78719,72346,7851,334071,354,10814,8705,203,25730,1388,0.00268817
4,43056.3,45326.3,99582.9,89842,32,1836,78719,72346,7851,334071,354,10814,8705,203,25730,1388,0.00268817
4,16562.1,64285.9,90187.6,81527,11,2088,101442,95530,10788,496935,302,9201,7329,186,23329,871,0.00268817
4,38739.8,64285.9,90187.6,81527,12,2088,101442,95530,10788,496935,302,9201,7329,186,23329,871,0.00268817
4,57711.3,64285.9,90187.6,81527,7,2088,101442,95530,10788,496935,302,9201,7329,186,23329,871,0.00268817
4,58122.1,64285.9,90187.6,81527,35,2088,101442,95530,10788,496935,302,9201,7329,186,23329,871,0.00268817
4,16772,51131.6,59997.4,54655,12,1594,79322,74123,8634,393550,179,5752,4670,77,12674,1209,0.00268817
4,26420.9,51131.6,59997.4,54655,26,1594,79322,74123,8634,393550,179,5752,4670,77,12674,1209,0.00268817
4,28347.3,51131.6,59997.4,54655,29,1594,79322,74123,8634,393550,179,5752,4670,77,12674,1209,0.00268817
4,64147.3,51131.6,59997.4,54655,14,1594,79322,74123,8634,393550,179,5752,4670,77,12674,1209,0.00268817
4,9524.54,18092.3,17798.1,16060,11,815,32476,30003,3491,144009,86,2056,1547,7,3726,379,0.00268817
4,12521.2,18092.3,17798.1,16060,20,815,32476,30003,3491,144009,86,2056,1547,7,3726,379,0.00268817
4,14716.7,18092.3,17798.1,16060,4,815,32476,30003,3491,144009,86,2056,1547,7,3726,379,0.00268817
4,42407.4,18092.3,17798.1,16060,5,815,32476,30003,3491,144009,86,2056,1547,7,3726,379,0.00268817
4,13826.8,14381.3,18720.9,17011,18,741,28630,26260,2916,126555,89,2074,1558,22,3631,400,0.00268817
4,13846.6,14381.3,18720.9,17011,7,741,28630,26260,2916,126555,89,2074,1558,22,3631,400,0.00268817
4,14860.1,14381.3,18720.9,17011,19,741,28630,26260,2916,126555,89,2074,1558,22,3631,400,0.00268817
4,40549.2,14381.3,18720.9,17011,15,741,28630,26260,2916,126555,89,2074,1558,22,3631,400,0.00268817
4,16569.5,84604.8,145822,130979,5,2387,119722,113536,13161,619649,456,15837,13181,426,45167,1824,0.00268817
4,36096.5,84604.8,145822,130979,34,2387,119722,113536,13161,619649,456,15837,13181,426,45167,1824,0.00268817
4,61729.5,84604.8,145822,130979,44,2387,119722,113536,13161,619649,456,15837,13181,426,45167,1824,0.00268817
4,69849.8,84604.8,145822,130979,26,2387,119722,113536,13161,619649,456,15837,13181,426,45167,1824,0.00268817
4,5330.64,53171.8,151799,136268,4,1718,81098,75829,8761,394377,457,15305,12753,448,44383,1631,0.00268817
4,51366.7,53171.8,151799,136268,28,1718,81098,75829,8761,394377,457,15305,12753,448,44383,1631,0.00268817
4,53481.8,53171.8,151799,136268,22,1718,81098,75829,8761,394377,457,15305,12753,448,44383,1631,0.00268817
4,62031.2,53171.8,151799,136268,49,1718,81098,75829,8761,394377,457,15305,12753,448,44383,1631,0.00268817
4,34337.5,83701,48182.2,44172,15,2383,128635,121654,14443,689562,115,4882,3964,25,7640,1574,0.00268817
4,36664.3,83701,48182.2,44172,10,2383,128635,121654,14443,689562,115,4882,3964,25,7640,1574,0.00268817
4,64686.5,83701,48182.2,44172,5,2383,128635,121654,14443,689562,115,4882,3964,25,7640,1574,0.00268817
4,84737.4,83701,48182.2,44172,3,2383,128635,121654,14443,689562,115,4882,3964,25,7640,1574,0.00268817
4,27572.9,62748.8,79352.7,71549,20,2079,98325,92774,10423,479714,237,8265,6632,123,19001,1201,0.00268817
4,28302.5,62748.8,79352.7,71549,4,2079,98325,92774,10423,479714,237,8265,6632,123,19001,1201,0.00268817
4,53658.8,62748.8,79352.7,71549,14,2079,98325,92774,10423,479714,237,8265,6632,123,19001,1201,0.00268817
4,57278.2,62748.8,79352.7,71549,22,2079,98325,92774,10423,479714,237,8265,6632,123,19001,1201,0.00268817
4,26815.7,48678.9,84857.7,76834,9,1765,78265,73218,7952,368514,251,8355,6840,156,20606,1249,0.00268817
4,31671.1,48678.9,84857.7,76834,22,1765,78265,73218,7952,368514,251,8355,6840,156,20606,1249,0.00268817
4,36902.4,48678.9,84857.7,76834,32,1765,78265,73218,7952,368514,251,8355,6840,156,20606,1249,0.00268817
4,52022.4,48678.9,84857.7,76834,49,1765,78265,73218,7952,368514,251,8355,6840,156,20606,1249,0.00268817
4,24770.3,87758.2,203673,180546,13,2468,128394,121768,14176,680584,584,21962,18427,624,70274,1920,0.00268817
4,37310.6,87758.2,203673,180546,28,2468,128394,121768,14176,680584,584,21962,18427,624,70274,1920,0.00268817
4,64596.8,87758.2,203673,180546,30,2468,128394,121768,14176,680584,584,21962,18427,624,70274,1920,0.00268817
4,79426.3,87758.2,203673,180546,33,2468,128394,121768,14176,680584,584,21962,18427,624,70274,1920,0.00268817
4,13624.2,22760.8,53630,48698,6,1069,42027,38573,4189,176611,183,5281,4212,94,11935,721,0.00268817
4,27250.1,22760.8,53630,48698,25,1069,42027,38573,4189,176611,183,5281,4212,94,11935,721,0.00268817
4,32250.5,22760.8,53630,48698,37,1069,42027,38573,4189,176611,183,5281,4212,94,11935,721,0.00268817
4,33560.7,22760.8,53630,48698,34,1069,42027,38573,4189,176611,183,5281,4212,94,11935,721,0.00268817
4,2139.06,60517.8,176295,158238,6,1776,88288,82721,9613,441280,478,17464,14693,499,54348,1795,0.00268817
4,53946,60517.8,176295,158238,21,1776,88288,82721,9613,441280,478,17464,14693,499,54348,1795,0.00268817
4,59795.3,60517.8,176295,158238,37,1776,88288,82721,9613,441280,478,17464,14693,499,54348,1795,0.00268817
4,69122.8,60517.8,176295,158238,69,1776,88288,82721,9613,441280,478,17464,14693,499,54348,1795,0.00268817
4,11544.9,47899.1,28252.9,25570,16,1710,78303,73290,8441,378142,131,3197,2460,23,6731,453,0.00268817
4,17304,47899.1,28252.9,25570,15,1710,78303,73290,8441,378142,131,3197,2460,23,6731,453,0.00268817
4,17698.5,47899.1,28252.9,25570,12,1710,78303,73290,8441,378142,131,3197,2460,23,6731,453,0.00268817
4,55324.5,47899.1,28252.9,25570,16,1710,78303,73290,8441,378142,131,3197,2460,23,6731,453,0.00268817
4,6854.37,14894.8,11439.6,10391,11,753,29912,27549,3217,134201,57,1291,981,4,2154,292,0.00268817
4,8315.7,14894.8,11439.6,10391,7,753,29912,27549,3217,134201,57,1291,981,4,2154,292,0.00268817
4,20438.8,14894.8,11439.6,10391,21,753,29912,27549,3217,134201,57,1291,981,4,2154,292,0.00268817
4,44765.4,14894.8,11439.6,10391,6,753,29912,27549,3217,134201,57,1291,981,4,2154,292,0.00268817
4,9608.7,54337,133074,118979,11,1694,78684,73618,8401,378997,414,13672,11274,368,39063,1514,0.00268817
4,49302.1,54337,133074,118979,32,1694,78684,73618,8401,378997,414,13672,11274,368,39063,1514,0.00268817
4,50270.8,54337,133074,118979,15,1694,78684,73618,8401,378997,414,13672,11274,368,39063,1514,0.00268817
4,58351.9,54337,133074,118979,44,1694,78684,73618,8401,378997,414,13672,11274,368,39063,1514,0.00268817
4,30554.6,51103.3,67392.8,61458,17,1916,83102,75534,8203,347844,204,6371,5118,89,14866,1004,0.00268817
4,37786.5,51103.3,67392.8,61458,11,1916,83102,75534,8203,347844,204,6371,5118,89,14866,1004,0.00268817
4,38407.7,51103.3,67392.8,61458,4,1916,83102,75534,8203,347844,204,6371,5118,89,14866,1004,0.00268817
4,42868,51103.3,67392.8,61458,20,1916,83102,75534,8203,347844,204,6371,5118,89,14866,1004,0.00268817
4,13514.2,54562.4,25628.9,23330,18,1704,81402,76241,8906,398337,107,2771,2152,24,4654,606,0.00268817
4,18367.3,54562.4,25628.9,23330,19,1704,81402,76241,8906,398337,107,2771,2152,24,4654,606,0.00268817
4,22749.7,54562.4,25628.9,23330,4,1704,81402,76241,8906,398337,107,2771,2152,24,4654,606,0.00268817
4,60375.2,54562.4,25628.9,23330,8,1704,81402,76241,8906,398337,107,2771,2152,24,4654,606,0.00268817
4,21759.1,36572.1,35611.3,32270,20,1520,61489,56300,6079,257613,143,3829,2964,61,7405,663,0.00268817
4,22362.5,36572.1,35611.3,32270,18,1520,61489,56300,6079,257613,143,3829,2964,61,7405,663,0.00268817
4,30927,36572.1,35611.3,32270,8,1520,61489,56300,6079,257613,143,3829,2964,61,7405,663,0.00268817
4,38512.3,36572.1,35611.3,32270,38,1520,61489,56300,6079,257613,143,3829,2964,61,7405,663,0.00268817
4,22194.5,51334,99815.1,89743,19,1805,81542,76528,8452,388226,317,10448,8454,204,25183,1543,0.00268817
4,36491.4,51334,99815.1,89743,13,1805,81542,76528,8452,388226,317,10448,8454,204,25183,1543,0.00268817
4,45114,51334,99815.1,89743,48,1805,81542,76528,8452,388226,317,10448,8454,204,25183,1543,0.00268817
4,53799.7,51334,99815.1,89743,48,1805,81542,76528,8452,388226,317,10448,8454,204,25183,1543,0.00268817
4,15847.9,43352.7,105438,95147,16,1643,74929,69882,7935,347969,340,11583,9428,262,29371,1538,0.00268817
4,42552.5,43352.7,105438,95147,21,1643,74929,69882,7935,347969,340,11583,9428,262,29371,1538,0.00268817
4,51462.3,43352.7,105438,95147,46,1643,74929,69882,7935,347969,340,11583,9428,262,29371,1538,0.00268817
4,54519.4,43352.7,105438,95147,43,1643,74929,69882,7935,347969,340,11583,9428,262,29371,1538,0.00268817
4,15536.3,14919.4,34771.7,31523,9,777,28508,25739,2750,109997,155,3881,3024,73,8294,599,0.00268817
4,25221,14919.4,34771.7,31523,13,777,28508,25739,2750,109997,155,3881,3024,73,8294,599,0.00268817
4,25781.3,14919.4,34771.7,31523,13,777,28508,25739,2750,109997,155,3881,3024,73,8294,599,0.00268817
4,29958.5,14919.4,34771.7,31523,31,777,28508,25739,2750,109997,155,3881,3024,73,8294,599,0.00268817
4,22072.2,51010.2,96049.4,86447,19,1798,81440,76430,8429,388032,319,10483,8487,208,24830,1587,0.00268817
4,36632.2,51010.2,96049.4,86447,14,1798,81440,76430,8429,388032,319,10483,8487,208,24830,1587,0.00268817
4,45394.4,51010.2,96049.4,86447,48,1798,81440,76430,8429,388032,319,10483,8487,208,24830,1587,0.00268817
4,53942.4,51010.2,96049.4,86447,48,1798,81440,76430,8429,388032,319,10483,8487,208,24830,1587,0.00268817
4,21027.3,19390.5,34483.1,31403,20,995,37709,34163,3574,147602,126,3643,2838,50,6909,753,0.00268817
4,23797.2,19390.5,34483.1,31403,7,995,37709,34163,3574,147602,126,3643,2838,50,6909,753,0.00268817
4,26370,19390.5,34483.1,31403,12,995,37709,34163,3574,147602,126,3643,2838,50,6909,753,0.00268817
4,31424.5,19390.5,34483.1,31403,33,995,37709,34163,3574,147602,126,3643,2838,50,6909,753,0.00268817
4,21994.5,38212,63376.1,56575,6,1570,66464,61990,6739,300264,224,7075,5751,147,18003,898,0.00268817
4,29401.3,38212,63376.1,56575,29,1570,66464,61990,6739,300264,224,7075,5751,147,18003,898,0.00268817
4,38221,38212,63376.1,56575,35,1570,66464,61990,6739,300264,224,7075,5751,147,18003,898,0.00268817
4,44635.4,38212,63376.1,56575,51,1570,66464,61990,6739,300264,224,7075,5751,147,18003,898,0.00268817
4,22850.6,59190.9,90284,81632,8,1916,89197,83933,9508,433962,294,9319,7489,170,24517,999,0.00268817
4,32453.4,59190.9,90284,81632,21,1916,89197,83933,9508,433962,294,9319,7489,170,24517,999,0.00268817
4,56705.2,59190.9,90284,81632,15,1916,89197,83933,9508,433962,294,9319,7489,170,24517,999,0.00268817
4,57504.7,59190.9,90284,81632,23,1916,89197,83933,9508,433962,294,9319,7489,170,24517,999,0.00268817
4,23890.8,33479.4,66879,60907,15,1488,60794,55698,6246,250084,230,6546,5193,144,15321,830,0.00268817
4,25726.5,33479.4,66879,60907,17,1488,60794,55698,6246,250084,230,6546,5193,144,15321,830,0.00268817
4,38345.5,33479.4,66879,60907,34,1488,60794,55698,6246,250084,230,6546,5193,144,15321,830,0.00268817
4,38789.6,33479.4,66879,60907,30,1488,60794,55698,6246,250084,230,6546,5193,144,15321,830,0.00268817
4,11571.3,57884.2,40150.6,36435,8,1899,90918,85345,9855,449886,136,3845,3013,61,8739,531,0.00268817
4,14977.8,57884.2,40150.6,36435,18,1899,90918,85345,9855,449886,136,3845,3013,61,8739,531,0.00268817
4,23389.1,57884.2,40150.6,36435,16,1899,90918,85345,9855,449886,136,3845,3013,61,8739,531,0.00268817
4,61015.1,57884.2,40150.6,36435,20,1899,90918,85345,9855,449886,136,3845,3013,61,8739,531,0.00268817
4,9848.87,16565.4,11180,10103,10,796,32165,29748,3385,142251,51,1336,1009,6,2071,290,0.00268817
4,12657,16565.4,11180,10103,4,796,32165,29748,3385,142251,51,1336,1009,6,2071,290,0.00268817
4,15034.1,16565.4,11180,10103,22,796,32165,29748,3385,142251,51,1336,1009,6,2071,290,0.00268817
4,40673.2,16565.4,11180,10103,3,796,32165,29748,3385,142251,51,1336,1009,6,2071,290,0.00268817
4,281.443,49056.9,39499.3,35184,2,1795,80892,75695,8627,386522,173,4652,3682,74,13008,404,0.00268817
4,15278.1,49056.9,39499.3,35184,22,1795,80892,75695,8627,386522,173,4652,3682,74,13008,404,0.00268817
4,23781.6,49056.9,39499.3,35184,6,1795,80892,75695,8627,386522,173,4652,3682,74,13008,404,0.00268817
4,49914.8,49056.9,39499.3,35184,18,1795,80892,75695,8627,386522,173,4652,3682,74,13008,404,0.00268817
4,21236.2,15267.9,31876,29158,8,849,31594,28391,2988,118820,124,3314,2545,42,6323,624,0.00268817
4,24692.8,15267.9,31876,29158,22,849,31594,28391,2988,118820,124,3314,2545,42,6323,624,0.00268817
4,27430,15267.9,31876,29158,28,849,31594,28391,2988,118820,124,3314,2545,42,6323,624,0.00268817
4,28746.2,15267.9,31876,29158,10,849,31594,28391,2988,118820,124,3314,2545,42,6323,624,0.00268817
4,18454.8,14658.7,31309.1,28499,16,762,27312,24574,2572,103388,134,3378,2603,64,7199,491,0.00268817
4,24452.5,14658.7,31309.1,28499,9,762,27312,24574,2572,103388,134,3378,2603,64,7199,491,0.00268817
4,27127.8,14658.7,31309.1,28499,17,762,27312,24574,2572,103388,134,3378,2603,64,7199,491,0.00268817
4,27711.5,14658.7,31309.1,28499,22,762,27312,24574,2572,103388,134,3378,2603,64,7199,491,0.00268817
4,14493.1,27775,34685.4,31397,15,1100,43922,40011,4136,180227,143,3803,2962,56,8348,591,0.00268817
4,17031.3,27775,34685.4,31397,4,1100,43922,40011,4136,180227,143,3803,2962,56,8348,591,0.00268817
4,33110.1,27775,34685.4,31397,15,1100,43922,40011,4136,180227,143,3803,2962,56,8348,591,0.00268817
4,34788.7,27775,34685.4,31397,24,1100,43922,40011,4136,180227,143,3803,2962,56,8348,591,0.00268817
4,6850.79,78739.5,189954,171262,6,2269,117264,111505,12801,615753,480,18073,15180,541,54929,1949,0.00268817
4,45315.2,78739.5,189954,171262,36,2269,117264,111505,12801,615753,480,18073,15180,541,54929,1949,0.00268817
4,61752.4,78739.5,189954,171262,28,2269,117264,111505,12801,615753,480,18073,15180,541,54929,1949,0.00268817
4,69263.4,78739.5,189954,171262,35,2269,117264,111505,12801,615753,480,18073,15180,541,54929,1949,0.00268817
4,9263.8,76099.3,158752,142293,4,2226,112298,106481,12234,583196,476,17130,14356,473,51636,1761,0.00268817
4,42227.5,76099.3,158752,142293,38,2226,112298,106481,12234,583196,476,17130,14356,473,51636,1761,0.00268817
4,63921.2,76099.3,158752,142293,27,2226,112298,106481,12234,583196,476,17130,14356,473,51636,1761,0.00268817
4,66775.7,76099.3,158752,142293,30,2226,112298,106481,12234,583196,476,17130,14356,473,51636,1761,0.00268817
4,26521.2,44169.5,76567.8,69536,4,1807,76574,69914,7578,316054,268,7644,6119,118,17498,994,0.00268817
4,39240.2,44169.5,76567.8,69536,35,1807,76574,69914,7578,316054,268,7644,6119,118,17498,994,0.00268817
4,39347.8,44169.5,76567.8,69536,20,1807,76574,69914,7578,316054,268,7644,6119,118,17498,994,0.00268817
4,41596.5,44169.5,76567.8,69536,24,1807,76574,69914,7578,316054,268,7644,6119,118,17498,994,0.00268817
4,8883.11,42289.4,28912.4,26043,8,1607,72543,67599,7673,346754,133,3345,2599,44,7421,457,0.00268817
4,13932.6,42289.4,28912.4,26043,10,1607,72543,67599,7673,346754,133,3345,2599,44,7421,457,0.00268817
4,20848.7,42289.4,28912.4,26043,10,1607,72543,67599,7673,346754,133,3345,2599,44,7421,457,0.00268817
4,51515.4,42289.4,28912.4,26043,15,1607,72543,67599,7673,346754,133,3345,2599,44,7421,457,0.00268817
4,34579.1,81721.5,54321.1,49557,7,2259,120635,113573,13444,639374,176,5425,4307,34,11034,1137,0.00268817
4,39969.5,81721.5,54321.1,49557,16,2259,120635,113573,13444,639374,176,5425,4307,34,11034,1137,0.00268817
4,63342.2,81721.5,54321.1,49557,10,2259,120635,113573,13444,639374,176,5425,4307,34,11034,1137,0.00268817
4,84071.2,81721.5,54321.1,49557,14,2259,120635,113573,13444,639374,176,5425,4307,34,11034,1137,0.00268817
4,7569.81,41225.8,26654.5,23874,10,1419,61798,57232,6416,283112,138,3175,2454,55,6949,470,0.00268817
4,8759.32,41225.8,26654.5,23874,7,1419,61798,57232,6416,283112,138,3175,2454,55,6949,470,0.00268817
4,27255.6,41225.8,26654.5,23874,10,1419,61798,57232,6416,283112,138,3175,2454,55,6949,470,0.00268817
4,45088.9,41225.8,26654.5,23874,14,1419,61798,57232,6416,283112,138,3175,2454,55,6949,470,0.00268817
4,21458,64069.2,97315.5,87519,9,2172,100008,94018,10710,472892,310,10420,8462,286,27111,1205,0.00268817
4,31299.8,64069.2,97315.5,87519,24,2172,100008,94018,10710,472892,310,10420,8462,286,27111,1205,0.00268817
4,40122.4,64069.2,97315.5,87519,20,2172,100008,94018,10710,472892,310,10420,8462,286,27111,1205,0.00268817
4,51794.2,64069.2,97315.5,87519,46,2172,100008,94018,10710,472892,310,10420,8462,286,27111,1205,0.00268817
4,26567.8,73418.6,148519,132765,22,2160,109972,103533,11558,567927,491,16226,13564,395,48656,1755,0.00268817
4,38943.5,73418.6,148519,132765,17,2160,109972,103533,11558,567927,491,16226,13564,395,48656,1755,0.00268817
4,75292.8,73418.6,148519,132765,8,2160,109972,103533,11558,567927,491,16226,13564,395,48656,1755,0.00268817
4,79940.5,73418.6,148519,132765,40,2160,109972,103533,11558,567927,491,16226,13564,395,48656,1755,0.00268817
4,19198.8,67103.9,95980.6,86202,15,2195,102870,96899,10875,492764,308,10667,8700,284,29015,1076,0.00268817
4,31946.8,67103.9,95980.6,86202,25,2195,102870,96899,10875,492764,308,10667,8700,284,29015,1076,0.00268817
4,39026.6,67103.9,95980.6,86202,18,2195,102870,96899,10875,492764,308,10667,8700,284,29015,1076,0.00268817
4,54684.1,67103.9,95980.6,86202,53,2195,102870,96899,10875,492764,308,10667,8700,284,29015,1076,0.00268817
4,20304.6,36006.4,67607.4,60672,9,1490,61900,57672,6294,278086,226,7335,5963,147,18613,949,0.00268817
4,27911.5,36006.4,67607.4,60672,21,1490,61900,57672,6294,278086,226,7335,5963,147,18613,949,0.00268817
4,39963.6,36006.4,67607.4,60672,36,1490,61900,57672,6294,278086,226,7335,5963,147,18613,949,0.00268817
4,43109.5,36006.4,67607.4,60672,45,1490,61900,57672,6294,278086,226,7335,5963,147,18613,949,0.00268817
4,19362,42398.7,42688.9,38587,16,1689,70600,64528,6965,297563,165,4669,3675,53,9701,799,0.00268817
4,25068.2,42398.7,42688.9,38587,5,1689,70600,64528,6965,297563,165,4669,3675,53,9701,799,0.00268817
4,38689.4,42398.7,42688.9,38587,26,1689,70600,64528,6965,297563,165,4669,3675,53,9701,799,0.00268817
4,40188.4,42398.7,42688.9,38587,16,1689,70600,64528,6965,297563,165,4669,3675,53,9701,799,0.00268817
4,6263.47,78336.5,161950,145021,5,2303,117400,111652,12884,615525,465,17043,14224,514,49649,1793,0.00268817
4,44100.5,78336.5,161950,145021,35,2303,117400,111652,12884,615525,465,17043,14224,514,49649,1793,0.00268817
4,60922.7,78336.5,161950,145021,28,2303,117400,111652,12884,615525,465,17043,14224,514,49649,1793,0.00268817
4,67843,78336.5,161950,145021,36,2303,117400,111652,12884,615525,465,17043,14224,514,49649,1793,0.00268817
4,19811.9,65804.8,50943.7,46289,6,1987,98946,93066,10929,491400,150,5367,4315,45,11195,1030,0.00268817
4,40890.9,65804.8,50943.7,46289,19,1987,98946,93066,10929,491400,150,5367,4315,45,11195,1030,0.00268817
4,48445.7,65804.8,50943.7,46289,10,1987,98946,93066,10929,491400,150,5367,4315,45,11195,1030,0.00268817
4,69192,65804.8,50943.7,46289,14,1987,98946,93066,10929,491400,150,5367,4315,45,11195,1030,0.00268817
4,29304.8,70599.8,114283,102922,7,2109,105113,99014,11113,531643,366,11598,9402,272,33582,1002,0.00268817
4,29484.9,70599.8,114283,102922,35,2109,105113,99014,11113,531643,366,11598,9402,272,33582,1002,0.00268817
4,70440.5,70599.8,114283,102922,16,2109,105113,99014,11113,531643,366,11598,9402,272,33582,1002,0.00268817
4,71019.2,70599.8,114283,102922,24,2109,105113,99014,11113,531643,366,11598,9402,272,33582,1002,0.00268817
4,11483.5,73412.9,108077,97614,4,2167,107862,102332,11560,551067,309,11018,9103,241,27656,1839,0.00268817
4,43943,73412.9,108077,97614,23,2167,107862,102332,11560,551067,309,11018,9103,241,27656,1839,0.00268817
4,58461.2,73412.9,108077,97614,45,2167,107862,102332,11560,551067,309,11018,9103,241,27656,1839,0.00268817
4,63619,73412.9,108077,97614,7,2167,107862,102332,11560,551067,309,11018,9103,241,27656,1839,0.00268817
4,18547.7,42091.2,44997.8,40686,18,1655,68633,63026,6733,294420,176,4750,3682,62,10337,625,0.00268817
4,20953.1,42091.2,44997.8,40686,11,1655,68633,63026,6733,294420,176,4750,3682,62,10337,625,0.00268817
4,33897.1,42091.2,44997.8,40686,7,1655,68633,63026,6733,294420,176,4750,3682,62,10337,625,0.00268817
4,40909.9,42091.2,44997.8,40686,18,1655,68633,63026,6733,294420,176,4750,3682,62,10337,625,0.00268817
4,18235.2,84425.1,166614,148539,17,2464,123277,116883,13397,632975,520,18177,14987,455,52822,1600,0.00268817
4,32811.3,84425.1,166614,148539,34,2464,123277,116883,13397,632975,520,18177,14987,455,52822,1600,0.00268817
4,58407.5,84425.1,166614,148539,47,2464,123277,116883,13397,632975,520,18177,14987,455,52822,1600,0.00268817
4,69477.9,84425.1,166614,148539,17,2464,123277,116883,13397,632975,520,18177,14987,455,52822,1600,0.00268817
4,7775.61,37567.4,53376,48029,8,1392,60735,56800,6486,286447,206,6069,4806,84,14690,782,0.00268817
4,26179.9,37567.4,53376,48029,14,1392,60735,56800,6486,286447,206,6069,4806,84,14690,782,0.00268817
4,39522.4,37567.4,53376,48029,27,1392,60735,56800,6486,286447,206,6069,4806,84,14690,782,0.00268817
4,50489.3,37567.4,53376,48029,28,1392,60735,56800,6486,286447,206,6069,4806,84,14690,782,0.00268817
4,5723.88,22282.1,32460.9,29305,7,1036,42097,38340,4366,179456,140,3673,2842,62,8504,387,0.00268817
4,20628.6,22282.1,32460.9,29305,28,1036,42097,38340,4366,179456,140,3673,2842,62,8504,387,0.00268817
4,32866.7,22282.1,32460.9,29305,7,1036,42097,38340,4366,179456,140,3673,2842,62,8504,387,0.00268817
4,39732.5,22282.1,32460.9,29305,20,1036,42097,38340,4366,179456,140,3673,2842,62,8504,387,0.00268817
4,8293.49,33647.9,52396.2,47225,8,1384,59807,55903,6339,280513,205,6023,4774,92,14447,783,0.00268817
4,26319.7,33647.9,52396.2,47225,15,1384,59807,55903,6339,280513,205,6023,4774,92,14447,783,0.00268817
4,39663.8,33647.9,52396.2,47225,28,1384,59807,55903,6339,280513,205,6023,4774,92,14447,783,0.00268817
4,49979.9,33647.9,52396.2,47225,29,1384,59807,55903,6339,280513,205,6023,4774,92,14447,783,0.00268817
4,4187.6,10702.4,17024.5,15589,7,600,22207,20034,2150,86774,71,1737,1325,13,3374,246,0.00268817
4,24787.2,10702.4,17024.5,15589,8,600,22207,20034,2150,86774,71,1737,1325,13,3374,246,0.00268817
4,25258.7,10702.4,17024.5,15589,4,600,22207,20034,2150,86774,71,1737,1325,13,3374,246,0.00268817
4,28572.2,10702.4,17024.5,15589,14,600,22207,20034,2150,86774,71,1737,1325,13,3374,246,0.00268817
4,3898.08,15853.2,15405.8,13856,5,744,30409,27960,3303,136528,69,1827,1386,20,3400,310,0.00268817
4,9404.93,15853.2,15405.8,13856,4,744,30409,27960,3303,136528,69,1827,1386,20,3400,310,0.00268817
4,23030,15853.2,15405.8,13856,27,744,30409,27960,3303,136528,69,1827,1386,20,3400,310,0.00268817
4,46961.3,15853.2,15405.8,13856,9,744,30409,27960,3303,136528,69,1827,1386,20,3400,310,0.00268817
4,17810.1,27101,35261.5,31640,12,1200,47940,43764,4660,195028,133,3748,2917,72,8116,625,0.00268817
4,19720,27101,35261.5,31640,12,1200,47940,43764,4660,195028,133,3748,2917,72,8116,625,0.00268817
4,30652.4,27101,35261.5,31640,11,1200,47940,43764,4660,195028,133,3748,2917,72,8116,625,0.00268817
4,35424.6,27101,35261.5,31640,33,1200,47940,43764,4660,195028,133,3748,2917,72,8116,625,0.00268817
4,8862.37,90073.4,142774,127997,11,2334,115347,109693,12281,593850,463,14868,11965,292,39133,1386,0.00268817
4,40772.2,90073.4,142774,127997,30,2334,115347,109693,12281,593850,463,14868,11965,292,39133,1386,0.00268817
4,56614.1,90073.4,142774,127997,12,2334,115347,109693,12281,593850,463,14868,11965,292,39133,1386,0.00268817
4,61957.7,90073.4,142774,127997,36,2334,115347,109693,12281,593850,463,14868,11965,292,39133,1386,0.00268817
4,7693.95,81154.8,96183.4,86864,5,2311,113773,108149,12140,585607,331,10177,8153,124,23608,1356,0.00268817
4,43198.2,81154.8,96183.4,86864,33,2311,113773,108149,12140,585607,331,10177,8153,124,23608,1356,0.00268817
4,54186.4,81154.8,96183.4,86864,12,2311,113773,108149,12140,585607,331,10177,8153,124,23608,1356,0.00268817
4,60859.5,81154.8,96183.4,86864,29,2311,113773,108149,12140,585607,331,10177,8153,124,23608,1356,0.00268817
4,12126.1,71747.7,189788,170025,8,2170,111357,105553,12400,580296,539,19555,16449,581,62912,1905,0.00268817
4,43455.4,71747.7,189788,170025,37,2170,111357,105553,12400,580296,539,19555,16449,581,62912,1905,0.00268817
4,67029.6,71747.7,189788,170025,31,2170,111357,105553,12400,580296,539,19555,16449,581,62912,1905,0.00268817
4,68476.9,71747.7,189788,170025,29,2170,111357,105553,12400,580296,539,19555,16449,581,62912,1905,0.00268817
4,9385.74,46259,66796.9,59960,11,1642,73120,68577,7649,349466,231,7201,5796,167,19434,704,0.00268817
4,20262.5,46259,66796.9,59960,16,1642,73120,68577,7649,349466,231,7201,5796,167,19434,704,0.00268817
4,34329.8,46259,66796.9,59960,26,1642,73120,68577,7649,349466,231,7201,5796,167,19434,704,0.00268817
4,51665.7,46259,66796.9,59960,35,1642,73120,68577,7649,349466,231,7201,5796,167,19434,704,0.00268817
4,31023,50875.3,74699.2,67991,21,1898,83405,78188,8574,388942,237,7563,6021,89,16910,1181,0.00268817
4,33572.1,50875.3,74699.2,67991,31,1898,83405,78188,8574,388942,237,7563,6021,89,16910,1181,0.00268817
4,43452,50875.3,74699.2,67991,12,1898,83405,78188,8574,388942,237,7563,6021,89,16910,1181,0.00268817
4,47561.9,50875.3,74699.2,67991,32,1898,83405,78188,8574,388942,237,7563,6021,89,16910,1181,0.00268817
4,27552.8,48888.3,76309.6,69138,24,1788,78103,72720,7922,352305,265,7908,6285,167,17519,1136,0.00268817
4,34892.9,48888.3,76309.6,69138,10,1788,78103,72720,7922,352305,265,7908,6285,167,17519,1136,0.00268817
4,39753.5,48888.3,76309.6,69138,28,1788,78103,72720,7922,352305,265,7908,6285,167,17519,1136,0.00268817
4,47569.5,48888.3,76309.6,69138,49,1788,78103,72720,7922,352305,265,7908,6285,167,17519,1136,0.00268817
4,30793.1,56563.8,108817,97747,14,2035,88867,83517,9100,423384,375,11657,9508,282,31043,1177,0.00268817
4,31380.6,56563.8,108817,97747,26,2035,88867,83517,9100,423384,375,11657,9508,282,31043,1177,0.00268817
4,36192.3,56563.8,108817,97747,30,2035,88867,83517,9100,423384,375,11657,9508,282,31043,1177,0.00268817
4,51437,56563.8,108817,97747,48,2035,88867,83517,9100,423384,375,11657,9508,282,31043,1177,0.00268817
4,18979.1,44320.8,72905.4,65432,13,1681,74694,70037,7822,348859,288,7955,6354,178,19518,931,0.00268817
4,41883.7,44320.8,72905.4,65432,38,1681,74694,70037,7822,348859,288,7955,6354,178,19518,931,0.00268817
4,46204.2,44320.8,72905.4,65432,8,1681,74694,70037,7822,348859,288,7955,6354,178,19518,931,0.00268817
4,51019,44320.8,72905.4,65432,40,1681,74694,70037,7822,348859,288,7955,6354,178,19518,931,0.00268817
4,9526.08,49482.3,56768.7,50381,9,1808,82617,77551,8735,401354,219,6616,5264,137,18735,540,0.00268817
4,16725.3,49482.3,56768.7,50381,11,1808,82617,77551,8735,401354,219,6616,5264,137,18735,540,0.00268817
4,30084.4,49482.3,56768.7,50381,23,1808,82617,77551,8735,401354,219,6616,5264,137,18735,540,0.00268817
4,55080.4,49482.3,56768.7,50381,40,1808,82617,77551,8735,401354,219,6616,5264,137,18735,540,0.00268817
4,10264.6,16098.4,15938.2,14418,8,784,31229,28766,3397,138535,83,1825,1378,17,3248,371,0.00268817
4,11073,16098.4,15938.2,14418,11,784,31229,28766,3397,138535,83,1825,1378,17,3248,371,0.00268817
4,16701.1,16098.4,15938.2,14418,20,784,31229,28766,3397,138535,83,1825,1378,17,3248,371,0.00268817
4,43726.1,16098.4,15938.2,14418,12,784,31229,28766,3397,138535,83,1825,1378,17,3248,371,0.00268817
4,10795.7,28499.5,21304.1,19109,5,1229,52574,48339,5541,224526,99,2547,1997,29,5372,358,0.00268817
4,18163.7,28499.5,21304.1,19109,6,1229,52574,48339,5541,224526,99,2547,1997,29,5372,358,0.00268817
4,39139,28499.5,21304.1,19109,10,1229,52574,48339,5541,224526,99,2547,1997,29,5372,358,0.00268817
4,42988.9,28499.5,21304.1,19109,20,1229,52574,48339,5541,224526,99,2547,1997,29,5372,358,0.00268817
4,9557.09,12263.9,26306.4,24132,18,704,24943,22874,2537,107725,102,2537,1986,25,4797,503,0.00268817
4,17286.1,12263.9,26306.4,24132,17,704,24943,22874,2537,107725,102,2537,1986,25,4797,503,0.00268817
4,20905.1,12263.9,26306.4,24132,20,704,24943,22874,2537,107725,102,2537,1986,25,4797,503,0.00268817
4,32163.2,12263.9,26306.4,24132,7,704,24943,22874,2537,107725,102,2537,1986,25,4797,503,0.00268817
4,15582.3,15036.3,37742.5,34583,13,776,30109,27266,3039,123631,126,3801,3097,61,8137,818,0.00268817
4,26257.5,15036.3,37742.5,34583,12,776,30109,27266,3039,123631,126,3801,3097,61,8137,818,0.00268817
4,30034.4,15036.3,37742.5,34583,30,776,30109,27266,3039,123631,126,3801,3097,61,8137,818,0.00268817
4,36147.6,15036.3,37742.5,34583,6,776,30109,27266,3039,123631,126,3801,3097,61,8137,818,0.00268817
4,4801.52,14627.5,15828.4,14302,4,757,28657,26351,2802,123380,72,1860,1417,11,3429,371,0.00268817
4,16798.8,14627.5,15828.4,14302,4,757,28657,26351,2802,123380,72,1860,1417,11,3429,371,0.00268817
4,23477.7,14627.5,15828.4,14302,18,757,28657,26351,2802,123380,72,1860,1417,11,3429,371,0.00268817
4,33277.1,14627.5,15828.4,14302,14,757,28657,26351,2802,123380,72,1860,1417,11,3429,371,0.00268817
4,30580.8,26446.9,72111.3,65694,30,1269,49738,44644,4832,192595,226,6720,5350,111,15520,933,0.00268817
4,32056.9,26446.9,72111.3,65694,26,1269,49738,44644,4832,192595,226,6720,5350,111,15520,933,0.00268817
4,33467.1,26446.9,72111.3,65694,17,1269,49738,44644,4832,192595,226,6720,5350,111,15520,933,0.00268817
4,34074.7,26446.9,72111.3,65694,24,1269,49738,44644,4832,192595,226,6720,5350,111,15520,933,0.00268817
4,22018.8,70156.9,134139,120031,7,2187,109653,103704,11752,558004,432,14589,11891,342,40435,1469,0.00268817
4,34783.6,70156.9,134139,120031,27,2187,109653,103704,11752,558004,432,14589,11891,342,40435,1469,0.00268817
4,67451.7,70156.9,134139,120031,14,2187,109653,103704,11752,558004,432,14589,11891,342,40435,1469,0.00268817
4,68754.6,70156.9,134139,120031,55,2187,109653,103704,11752,558004,432,14589,11891,342,40435,1469,0.00268817
4,40134.6,82393,85139.4,77097,8,2303,126353,118897,14056,687478,258,9008,7384,86,21279,1852,0.00268817
4,43632.7,82393,85139.4,77097,20,2303,126353,118897,14056,687478,258,9008,7384,86,21279,1852,0.00268817
4,68767.4,82393,85139.4,77097,12,2303,126353,118897,14056,687478,258,9008,7384,86,21279,1852,0.00268817
4,89513.9,82393,85139.4,77097,16,2303,126353,118897,14056,687478,258,9008,7384,86,21279,1852,0.00268817
4,9649.56,32572.3,32130,29125,6,1311,58416,53977,6221,267145,123,3436,2746,43,8310,407,0.00268817
4,29065,32572.3,32130,29125,19,1311,58416,53977,6221,267145,123,3436,2746,43,8310,407,0.00268817
4,48898.8,32572.3,32130,29125,5,1311,58416,53977,6221,267145,123,3436,2746,43,8310,407,0.00268817
4,49489.5,32572.3,32130,29125,22,1311,58416,53977,6221,267145,123,3436,2746,43,8310,407,0.00268817
4,21570.4,94368.3,187040,166190,14,2532,127230,120634,13985,662079,585,20399,16942,615,62783,1626,0.00268817
4,32531.2,94368.3,187040,166190,31,2532,127230,120634,13985,662079,585,20399,16942,615,62783,1626,0.00268817
4,58590.8,94368.3,187040,166190,35,2532,127230,120634,13985,662079,585,20399,16942,615,62783,1626,0.00268817
4,73639.3,94368.3,187040,166190,63,2532,127230,120634,13985,662079,585,20399,16942,615,62783,1626,0.00268817
4,19545.5,80102.8,140724,127357,15,2211,112330,106552,12015,587407,415,13973,11401,288,36454,2190,0.00268817
4,40705.3,80102.8,140724,127357,26,2211,112330,106552,12015,587407,415,13973,11401,288,36454,2190,0.00268817
4,67756,80102.8,140724,127357,50,2211,112330,106552,12015,587407,415,13973,11401,288,36454,2190,0.00268817
4,71763,80102.8,140724,127357,15,2211,112330,106552,12015,587407,415,13973,11401,288,36454,2190,0.00268817
4,7757.79,57479.4,67568.3,60021,5,1904,90792,85283,9876,450631,242,7486,5980,183,21052,686,0.00268817
4,19212.7,57479.4,67568.3,60021,22,1904,90792,85283,9876,450631,242,7486,5980,183,21052,686,0.00268817
4,27480.1,57479.4,67568.3,60021,13,1904,90792,85283,9876,450631,242,7486,5980,183,21052,686,0.00268817
4,63001.1,57479.4,67568.3,60021,40,1904,90792,85283,9876,450631,242,7486,5980,183,21052,686,0.00268817
4,15677.5,34795.5,34468.2,31340,14,1449,60009,54876,5907,249496,133,3302,2534,64,7423,379,0.00268817
4,20335.2,34795.5,34468.2,31340,5,1449,60009,54876,5907,249496,133,3302,2534,64,7423,379,0.00268817
4,37464.3,34795.5,34468.2,31340,8,1449,60009,54876,5907,249496,133,3302,2534,64,7423,379,0.00268817
4,37948.7,34795.5,34468.2,31340,16,1449,60009,54876,5907,249496,133,3302,2534,64,7423,379,0.00268817
4,30139.5,81802.9,53949.9,48671,4,2415,126323,119284,13992,659688,174,6130,4799,58,13091,1017,0.00268817
4,31499,81802.9,53949.9,48671,14,2415,126323,119284,13992,659688,174,6130,4799,58,13091,1017,0.00268817
4,59259.9,81802.9,53949.9,48671,13,2415,126323,119284,13992,659688,174,6130,4799,58,13091,1017,0.00268817
4,79275.9,81802.9,53949.9,48671,9,2415,126323,119284,13992,659688,174,6130,4799,58,13091,1017,0.00268817
4,25726.5,54735.2,106944,96287,24,1923,88302,83247,9103,433309,341,11330,9141,225,27588,1504,0.00268817
4,32828.5,54735.2,106944,96287,10,1923,88302,83247,9103,433309,341,11330,9141,225,27588,1504,0.00268817
4,41971.4,54735.2,106944,96287,42,1923,88302,83247,9103,433309,341,11330,9141,225,27588,1504,0.00268817
4,56072.1,54735.2,106944,96287,52,1923,88302,83247,9103,433309,341,11330,9141,225,27588,1504,0.00268817
4,14416.6,68653.7,72991.4,66231,14,2208,104463,98369,11030,511612,246,7375,5818,122,15891,1122,0.00268817
4,46041.7,68653.7,72991.4,66231,7,2208,104463,98369,11030,511612,246,7375,5818,122,15891,1122,0.00268817
4,47034.7,68653.7,72991.4,66231,40,2208,104463,98369,11030,511612,246,7375,5818,122,15891,1122,0.00268817
4,53373.4,68653.7,72991.4,66231,21,2208,104463,98369,11030,511612,246,7375,5818,122,15891,1122,0.00268817
4,2734.27,46308.2,56248.1,50130,4,1582,74584,69804,8171,363335,205,6462,5130,109,17306,750,0.00268817
4,25671.2,46308.2,56248.1,50130,20,1582,74584,69804,8171,363335,205,6462,5130,109,17306,750,0.00268817
4,34717.8,46308.2,56248.1,50130,15,1582,74584,69804,8171,363335,205,6462,5130,109,17306,750,0.00268817
4,59132.9,46308.2,56248.1,50130,31,1582,74584,69804,8171,363335,205,6462,5130,109,17306,750,0.00268817
4,25373.3,31541.5,63271.7,57725,20,1366,54237,49262,5395,216219,213,6138,4880,143,13703,843,0.00268817
4,28771,31541.5,63271.7,57725,25,1366,54237,49262,5395,216219,213,6138,4880,143,13703,843,0.00268817
4,35398.4,31541.5,63271.7,57725,31,1366,54237,49262,5395,216219,213,6138,4880,143,13703,843,0.00268817
4,35916.8,31541.5,63271.7,57725,30,1366,54237,49262,5395,216219,213,6138,4880,143,13703,843,0.00268817
4,32956.8,41064.6,61849.4,56478,29,1610,68268,61825,6680,278317,187,5963,4822,98,13871,913,0.00268817
4,36895.7,41064.6,61849.4,56478,6,1610,68268,61825,6680,278317,187,5963,4822,98,13871,913,0.00268817
4,37463.3,41064.6,61849.4,56478,19,1610,68268,61825,6680,278317,187,5963,4822,98,13871,913,0.00268817
4,39221.5,41064.6,61849.4,56478,14,1610,68268,61825,6680,278317,187,5963,4822,98,13871,913,0.00268817
4,32623,78813.6,163621,146479,29,2235,114993,108792,12253,606076,528,17184,14060,375,50505,1361,0.00268817
4,34367.8,78813.6,163621,146479,32,2235,114993,108792,12253,606076,528,17184,14060,375,50505,1361,0.00268817
4,78955.7,78813.6,163621,146479,15,2235,114993,108792,12253,606076,528,17184,14060,375,50505,1361,0.00268817
4,79678.2,78813.6,163621,146479,31,2235,114993,108792,12253,606076,528,17184,14060,375,50505,1361,0.00268817
4,27157.7,52753.4,65363.2,58757,4,2006,88761,82201,9181,390362,220,7204,5771,165,17854,784,0.00268817
4,31691,52753.4,65363.2,58757,22,2006,88761,82201,9181,390362,220,7204,5771,165,17854,784,0.00268817
4,40606.3,52753.4,65363.2,58757,24,2006,88761,82201,9181,390362,220,7204,5771,165,17854,784,0.00268817
4,45037.9,52753.4,65363.2,58757,38,2006,88761,82201,9181,390362,220,7204,5771,165,17854,784,0.00268817
4,11076.8,76292.1,104093,94652,8,2166,106677,101236,11363,542497,298,10437,8552,213,24206,1798,0.00268817
4,44492.9,76292.1,104093,94652,17,2166,106677,101236,11363,542497,298,10437,8552,213,24206,1798,0.00268817
4,55372.7,76292.1,104093,94652,36,2166,106677,101236,11363,542497,298,10437,8552,213,24206,1798,0.00268817
4,60650.6,76292.1,104093,94652,9,2166,106677,101236,11363,542497,298,10437,8552,213,24206,1798,0.00268817
4,24186,44603.4,71455.2,64525,19,1652,71772,67237,7412,330487,263,7476,5936,120,17576,1006,0.00268817
4,38727.3,44603.4,71455.2,64525,34,1652,71772,67237,7412,330487,263,7476,5936,120,17576,1006,0.00268817
4,45634.1,44603.4,71455.2,64525,17,1652,71772,67237,7412,330487,263,7476,5936,120,17576,1006,0.00268817
4,46914.5,44603.4,71455.2,64525,32,1652,71772,67237,7412,330487,263,7476,5936,120,17576,1006,0.00268817
4,28774.7,52341.6,83197.6,75164,4,1721,81010,75937,8261,399220,225,8175,6818,195,20011,1487,0.00268817
4,30531.4,52341.6,83197.6,75164,17,1721,81010,75937,8261,399220,225,8175,6818,195,20011,1487,0.00268817
4,44633,52341.6,83197.6,75164,37,1721,81010,75937,8261,399220,225,8175,6818,195,20011,1487,0.00268817
4,58747.1,52341.6,83197.6,75164,57,1721,81010,75937,8261,399220,225,8175,6818,195,20011,1487,0.00268817
4,33272.9,62719.7,103424,92778,4,2087,93056,86014,9337,406859,366,11399,9172,216,29255,998,0.00268817
4,35202.6,62719.7,103424,92778,28,2087,93056,86014,9337,406859,366,11399,9172,216,29255,998,0.00268817
4,44300.8,62719.7,103424,92778,26,2087,93056,86014,9337,406859,366,11399,9172,216,29255,998,0.00268817
4,45611.4,62719.7,103424,92778,41,2087,93056,86014,9337,406859,366,11399,9172,216,29255,998,0.00268817
4,18919.6,64468.5,42705.9,39063,6,2009,100120,94222,11203,494919,104,4005,3268,31,7924,886,0.00268817
4,38856.7,64468.5,42705.9,39063,29,2009,100120,94222,11203,494919,104,4005,3268,31,7924,886,0.00268817
4,47083.4,64468.5,42705.9,39063,4,2009,100120,94222,11203,494919,104,4005,3268,31,7924,886,0.00268817
4,67778.7,64468.5,42705.9,39063,8,2009,100120,94222,11203,494919,104,4005,3268,31,7924,886,0.00268817
4,18032,64807.5,69828,63223,7,1926,94386,88647,10278,465585,219,7387,5996,84,17117,1289,0.00268817
4,43743.5,64807.5,69828,63223,33,1926,94386,88647,10278,465585,219,7387,5996,84,17117,1289,0.00268817
4,46641.5,64807.5,69828,63223,12,1926,94386,88647,10278,465585,219,7387,5996,84,17117,1289,0.00268817
4,67388.3,64807.5,69828,63223,16,1926,94386,88647,10278,465585,219,7387,5996,84,17117,1289,0.00268817
4,37707.7,81961.6,42280.9,38443,4,2318,127262,120125,14355,687088,136,4487,3582,34,8758,1002,0.00268817
4,38807.4,81961.6,42280.9,38443,18,2318,127262,120125,14355,687088,136,4487,3582,34,8758,1002,0.00268817
4,66478.9,81961.6,42280.9,38443,6,2318,127262,120125,14355,687088,136,4487,3582,34,8758,1002,0.00268817
4,87200,81961.6,42280.9,38443,11,2318,127262,120125,14355,687088,136,4487,3582,34,8758,1002,0.00268817
4,16581.5,22333.4,38780.5,35397,7,1034,41869,38512,4122,176158,154,4032,3165,75,7937,730,0.00268817
4,25730.5,22333.4,38780.5,35397,25,1034,41869,38512,4122,176158,154,4032,3165,75,7937,730,0.00268817
4,29462.3,22333.4,38780.5,35397,32,1034,41869,38512,4122,176158,154,4032,3165,75,7937,730,0.00268817
4,33532.3,22333.4,38780.5,35397,16,1034,41869,38512,4122,176158,154,4032,3165,75,7937,730,0.00268817
4,26345.2,61495.2,66319,59465,4,2024,89537,83077,9268,396226,231,7441,5969,153,18854,780,0.00268817
4,32214.3,61495.2,66319,59465,23,2024,89537,83077,9268,396226,231,7441,5969,153,18854,780,0.00268817
4,40013.6,61495.2,66319,59465,25,2024,89537,83077,9268,396226,231,7441,5969,153,18854,780,0.00268817
4,45704.8,61495.2,66319,59465,40,2024,89537,83077,9268,396226,231,7441,5969,153,18854,780,0.00268817
4,2477.55,16110.4,21370.1,19242,6,774,31492,28954,3408,144062,107,2467,1880,26,5031,387,0.00268817
4,13206.3,16110.4,21370.1,19242,9,774,31492,28954,3408,144062,107,2467,1880,26,5031,387,0.00268817
4,26321.4,16110.4,21370.1,19242,24,774,31492,28954,3408,144062,107,2467,1880,26,5031,387,0.00268817
4,50676,16110.4,21370.1,19242,11,774,31492,28954,3408,144062,107,2467,1880,26,5031,387,0.00268817
4,16439,80601.8,126057,114444,15,2210,114251,108512,12234,603246,353,12380,10181,312,29767,2311,0.00268817
4,45544.8,80601.8,126057,114444,31,2210,114251,108512,12234,603246,353,12380,10181,312,29767,2311,0.00268817
4,64710.1,80601.8,126057,114444,49,2210,114251,108512,12234,603246,353,12380,10181,312,29767,2311,0.00268817
4,72057.8,80601.8,126057,114444,4,2210,114251,108512,12234,603246,353,12380,10181,312,29767,2311,0.00268817
4,14215.6,54944.3,46819.7,42301,4,1731,86413,80904,9262,431236,170,5093,4074,39,10757,1042,0.00268817
4,29485.3,54944.3,46819.7,42301,30,1731,86413,80904,9262,431236,170,5093,4074,39,10757,1042,0.00268817
4,32966.4,54944.3,46819.7,42301,18,1731,86413,80904,9262,431236,170,5093,4074,39,10757,1042,0.00268817
4,69069.2,54944.3,46819.7,42301,9,1731,86413,80904,9262,431236,170,5093,4074,39,10757,1042,0.00268817
4,6212.82,15380.4,18849.2,17239,8,688,25029,22933,2328,106523,79,1941,1479,8,3260,432,0.00268817
4,18593.5,15380.4,18849.2,17239,18,688,25029,22933,2328,106523,79,1941,1479,8,3260,432,0.00268817
4,20652.8,15380.4,18849.2,17239,11,688,25029,22933,2328,106523,79,1941,1479,8,3260,432,0.00268817
4,33578.1,15380.4,18849.2,17239,6,688,25029,22933,2328,106523,79,1941,1479,8,3260,432,0.00268817
4,6170.7,42632.7,29247.8,26043,7,1541,68757,63850,7302,322869,138,3422,2635,38,7915,423,0.00268817
4,9832.45,42632.7,29247.8,26043,9,1541,68757,63850,7302,322869,138,3422,2635,38,7915,423,0.00268817
4,25443.7,42632.7,29247.8,26043,7,1541,68757,63850,7302,322869,138,3422,2635,38,7915,423,0.00268817
4,47235.1,42632.7,29247.8,26043,15,1541,68757,63850,7302,322869,138,3422,2635,38,7915,423,0.00268817
4,13113.1,43358.1,118084,106270,14,1587,71967,67112,7680,333893,379,12446,10183,319,33319,1405,0.00268817
4,45479.4,43358.1,118084,106270,22,1587,71967,67112,7680,333893,379,12446,10183,319,33319,1405,0.00268817
4,52654,43358.1,118084,106270,42,1587,71967,67112,7680,333893,379,12446,10183,319,33319,1405,0.00268817
4,54076.3,43358.1,118084,106270,49,1587,71967,67112,7680,333893,379,12446,10183,319,33319,1405,0.00268817
4,7329.92,51789.2,25669.8,23362,6,1831,81191,75435,8443,370697,100,2723,2159,18,5088,643,0.00268817
4,20232.7,51789.2,25669.8,23362,30,1831,81191,75435,8443,370697,100,2723,2159,18,5088,643,0.00268817
4,27702,51789.2,25669.8,23362,14,1831,81191,75435,8443,370697,100,2723,2159,18,5088,643,0.00268817
4,45904.7,51789.2,25669.8,23362,4,1831,81191,75435,8443,370697,100,2723,2159,18,5088,643,0.00268817
4,13967.6,61290.7,110211,98548,15,1907,92575,87065,9802,455696,404,12386,10220,305,36323,1328,0.00268817
4,41493.3,61290.7,110211,98548,12,1907,92575,87065,9802,455696,404,12386,10220,305,36323,1328,0.00268817
4,62301.6,61290.7,110211,98548,16,1907,92575,87065,9802,455696,404,12386,10220,305,36323,1328,0.00268817
4,68304.2,61290.7,110211,98548,48,1907,92575,87065,9802,455696,404,12386,10220,305,36323,1328,0.00268817
4,17567.3,44651.1,84856.3,76164,20,1758,75997,70732,8085,346467,335,9667,7749,251,24609,889,0.00268817
4,19635.5,44651.1,84856.3,76164,11,1758,75997,70732,8085,346467,335,9667,7749,251,24609,889,0.00268817
4,38902.5,44651.1,84856.3,76164,18,1758,75997,70732,8085,346467,335,9667,7749,251,24609,889,0.00268817
4,46253.4,44651.1,84856.3,76164,34,1758,75997,70732,8085,346467,335,9667,7749,251,24609,889,0.00268817
4,32521.5,88610.7,173049,153921,21,2506,134793,127689,15213,733282,515,18877,15562,484,56750,1873,0.00268817
4,38373.7,88610.7,173049,153921,13,2506,134793,127689,15213,733282,515,18877,15562,484,56750,1873,0.00268817
4,66209.5,88610.7,173049,153921,13,2506,134793,127689,15213,733282,515,18877,15562,484,56750,1873,0.00268817
4,86225.5,88610.7,173049,153921,9,2506,134793,127689,15213,733282,515,18877,15562,484,56750,1873,0.00268817
4,13064.9,22093.3,38105.5,34424,10,885,33746,30595,3241,134910,180,4387,3464,84,10126,597,0.00268817
4,22493.8,22093.3,38105.5,34424,11,885,33746,30595,3241,134910,180,4387,3464,84,10126,597,0.00268817
4,28500.1,22093.3,38105.5,34424,15,885,33746,30595,3241,134910,180,4387,3464,84,10126,597,0.00268817
4,32439.6,22093.3,38105.5,34424,25,885,33746,30595,3241,134910,180,4387,3464,84,10126,597,0.00268817
4,12952.3,51647.6,89196.3,80901,16,1652,76660,71689,8311,372281,269,8987,7338,124,21670,1498,0.00268817
4,40246.4,51647.6,89196.3,80901,21,1652,76660,71689,8311,372281,269,8987,7338,124,21670,1498,0.00268817
4,52147.3,51647.6,89196.3,80901,49,1652,76660,71689,8311,372281,269,8987,7338,124,21670,1498,0.00268817
4,60129.9,51647.6,89196.3,80901,5,1652,76660,71689,8311,372281,269,8987,7338,124,21670,1498,0.00268817
4,15726.8,60247.5,44629.7,40853,5,1973,96259,90525,10738,471356,114,4169,3368,50,8403,906,0.00268817
4,39875.8,60247.5,44629.7,40853,36,1973,96259,90525,10738,471356,114,4169,3368,50,8403,906,0.00268817
4,43818.5,60247.5,44629.7,40853,3,1973,96259,90525,10738,471356,114,4169,3368,50,8403,906,0.00268817
4,64513.8,60247.5,44629.7,40853,7,1973,96259,90525,10738,471356,114,4169,3368,50,8403,906,0.00268817
4,15348.9,50166.4,103603,93005,11,1665,76199,71324,8083,358963,340,10765,8707,268,28510,1256,0.00268817
4,45618.3,50166.4,103603,93005,39,1665,76199,71324,8083,358963,340,10765,8707,268,28510,1256,0.00268817
4,46913.4,50166.4,103603,93005,11,1665,76199,71324,8083,358963,340,10765,8707,268,28510,1256,0.00268817
4,53805.4,50166.4,103603,93005,44,1665,76199,71324,8083,358963,340,10765,8707,268,28510,1256,0.00268817
4,17116,46361.5,78967.1,71448,17,1492,72575,67645,7794,359776,231,8476,7010,126,19901,1700,0.00268817
4,37506.4,46361.5,78967.1,71448,32,1492,72575,67645,7794,359776,231,8476,7010,126,19901,1700,0.00268817
4,41845,46361.5,78967.1,71448,16,1492,72575,67645,7794,359776,231,8476,7010,126,19901,1700,0.00268817
4,67644.8,46361.5,78967.1,71448,12,1492,72575,67645,7794,359776,231,8476,7010,126,19901,1700,0.00268817
4,8973.27,59443,144282,129414,5,1792,85601,80345,9192,418992,434,14422,11972,427,42919,1500,0.00268817
4,46320.3,59443,144282,129414,24,1792,85601,80345,9192,418992,434,14422,11972,427,42919,1500,0.00268817
4,56171.3,59443,144282,129414,13,1792,85601,80345,9192,418992,434,14422,11972,427,42919,1500,0.00268817
4,63289.8,59443,144282,129414,51,1792,85601,80345,9192,418992,434,14422,11972,427,42919,1500,0.00268817
4,7566.15,51021.8,43269.4,39314,7,1836,84453,79118,9134,397142,131,4715,3713,62,9148,856,0.00268817
4,33052.2,51021.8,43269.4,39314,12,1836,84453,79118,9134,397142,131,4715,3713,62,9148,856,0.00268817
4,41638.4,51021.8,43269.4,39314,34,1836,84453,79118,9134,397142,131,4715,3713,62,9148,856,0.00268817
4,53017.3,51021.8,43269.4,39314,8,1836,84453,79118,9134,397142,131,4715,3713,62,9148,856,0.00268817
4,6256.15,50386.6,62035.3,54701,4,1783,82379,77357,8715,400826,248,7448,5969,169,22062,489,0.00268817
4,17510.1,50386.6,62035.3,54701,4,1783,82379,77357,8715,400826,248,7448,5969,169,22062,489,0.00268817
4,30663,50386.6,62035.3,54701,21,1783,82379,77357,8715,400826,248,7448,5969,169,22062,489,0.00268817
4,57150.5,50386.6,62035.3,54701,43,1783,82379,77357,8715,400826,248,7448,5969,169,22062,489,0.00268817
4,29379.1,46398,80959.2,72934,19,1802,77204,71546,7709,339362,272,8592,7111,193,22235,1177,0.00268817
4,30073.1,46398,80959.2,72934,18,1802,77204,71546,7709,339362,272,8592,7111,193,22235,1177,0.00268817
4,38351.9,46398,80959.2,72934,33,1802,77204,71546,7709,339362,272,8592,7111,193,22235,1177,0.00268817
4,44541.4,46398,80959.2,72934,39,1802,77204,71546,7709,339362,272,8592,7111,193,22235,1177,0.00268817
4,21915.2,90504.4,149916,134101,18,2522,126549,119805,13746,653005,448,15705,13034,430,45994,1582,0.00268817
4,30346.4,90504.4,149916,134101,25,2522,126549,119805,13746,653005,448,15705,13034,430,45994,1582,0.00268817
4,56396.7,90504.4,149916,134101,36,2522,126549,119805,13746,653005,448,15705,13034,430,45994,1582,0.00268817
4,72017.8,90504.4,149916,134101,65,2522,126549,119805,13746,653005,448,15705,13034,430,45994,1582,0.00268817
4,15670.4,68740.2,104344,93910,13,2245,106043,100021,11337,517266,333,11021,8832,257,28751,1117,0.00268817
4,33757.9,68740.2,104344,93910,26,2245,106043,100021,11337,517266,333,11021,8832,257,28751,1117,0.00268817
4,39477.3,68740.2,104344,93910,30,2245,106043,100021,11337,517266,333,11021,8832,257,28751,1117,0.00268817
4,59304.4,68740.2,104344,93910,18,2245,106043,100021,11337,517266,333,11021,8832,257,28751,1117,0.00268817
4,33243,94490.5,99103.2,89742,16,2451,132433,125388,14859,717637,269,9942,7956,140,22578,1677,0.00268817
4,37803.9,94490.5,99103.2,89742,13,2451,132433,125388,14859,717637,269,9942,7956,140,22578,1677,0.00268817
4,65735,94490.5,99103.2,89742,10,2451,132433,125388,14859,717637,269,9942,7956,140,22578,1677,0.00268817
4,85752,94490.5,99103.2,89742,6,2451,132433,125388,14859,717637,269,9942,7956,140,22578,1677,0.00268817
4,3182.32,9384.83,17318,15772,3,561,19891,17959,1833,78719,72,1931,1477,15,3449,379,0.00268817
4,22999.6,9384.83,17318,15772,10,561,19891,17959,1833,78719,72,1931,1477,15,3449,379,0.00268817
4,26394.1,9384.83,17318,15772,14,561,19891,17959,1833,78719,72,1931,1477,15,3449,379,0.00268817
4,27534,9384.83,17318,15772,4,561,19891,17959,1833,78719,72,1931,1477,15,3449,379,0.00268817
4,21395.4,72343.1,211726,188417,14,2184,112572,106565,12671,591686,580,22436,19287,789,74636,2398,0.00268817
4,47073.7,72343.1,211726,188417,39,2184,112572,106565,12671,591686,580,22436,19287,789,74636,2398,0.00268817
4,73656.7,72343.1,211726,188417,42,2184,112572,106565,12671,591686,580,22436,19287,789,74636,2398,0.00268817
4,76053.1,72343.1,211726,188417,45,2184,112572,106565,12671,591686,580,22436,19287,789,74636,2398,0.00268817
4,17709.5,13137.4,33426.8,30102,4,695,26142,23527,2550,102876,154,3857,3010,89,8299,482,0.00268817
4,20434.4,13137.4,33426.8,30102,7,695,26142,23527,2550,102876,154,3857,3010,89,8299,482,0.00268817
4,29651.3,13137.4,33426.8,30102,32,695,26142,23527,2550,102876,154,3857,3010,89,8299,482,0.00268817
4,31029.1,13137.4,33426.8,30102,19,695,26142,23527,2550,102876,154,3857,3010,89,8299,482,0.00268817
4,9842.36,23031.3,34765.8,31234,11,908,35430,32791,3635,156028,150,3857,3020,46,8566,517,0.00268817
4,14163.3,23031.3,34765.8,31234,9,908,35430,32791,3635,156028,150,3857,3020,46,8566,517,0.00268817
4,23524.3,23031.3,34765.8,31234,24,908,35430,32791,3635,156028,150,3857,3020,46,8566,517,0.00268817
4,36867.4,23031.3,34765.8,31234,24,908,35430,32791,3635,156028,150,3857,3020,46,8566,517,0.00268817
4,18250.6,34207.2,60032.4,54089,14,1344,56753,52836,5730,260809,205,6646,5344,110,15306,1029,0.00268817
4,33023,34207.2,60032.4,54089,30,1344,56753,52836,5730,260809,205,6646,5344,110,15306,1029,0.00268817
4,40229.6,34207.2,60032.4,54089,21,1344,56753,52836,5730,260809,205,6646,5344,110,15306,1029,0.00268817
4,47137.1,34207.2,60032.4,54089,50,1344,56753,52836,5730,260809,205,6646,5344,110,15306,1029,0.00268817
4,25856.5,51157,80434.4,72846,15,1737,76512,71850,7990,357195,257,7888,6255,140,19592,815,0.00268817
4,35736.8,51157,80434.4,72846,32,1737,76512,71850,7990,357195,257,7888,6255,140,19592,815,0.00268817
4,47884.2,51157,80434.4,72846,16,1737,76512,71850,7990,357195,257,7888,6255,140,19592,815,0.00268817
4,48069.6,51157,80434.4,72846,23,1737,76512,71850,7990,357195,257,7888,6255,140,19592,815,0.00268817
4,18953.2,73125.1,138515,125083,12,2210,111512,105784,12006,579744,412,14674,12085,344,38305,2219,0.00268817
4,40946.2,73125.1,138515,125083,34,2210,111512,105784,12006,579744,412,14674,12085,344,38305,2219,0.00268817
4,67001.6,73125.1,138515,125083,54,2210,111512,105784,12006,579744,412,14674,12085,344,38305,2219,0.00268817
4,70264.9,73125.1,138515,125083,14,2210,111512,105784,12006,579744,412,14674,12085,344,38305,2219,0.00268817
4,21022.3,47563.3,97680.9,88052,16,1863,79178,72948,7998,346309,376,10443,8308,308,25424,987,0.00268817
4,26456.8,47563.3,97680.9,88052,12,1863,79178,72948,7998,346309,376,10443,8308,308,25424,987,0.00268817
4,44003.2,47563.3,97680.9,88052,38,1863,79178,72948,7998,346309,376,10443,8308,308,25424,987,0.00268817
4,44784.3,47563.3,97680.9,88052,30,1863,79178,72948,7998,346309,376,10443,8308,308,25424,987,0.00268817
4,14577.7,69152.3,67595.3,61359,8,2224,104818,98683,11075,512404,237,7082,5579,95,14969,1103,0.00268817
4,46099.6,69152.3,67595.3,61359,39,2224,104818,98683,11075,512404,237,7082,5579,95,14969,1103,0.00268817
4,46785.9,69152.3,67595.3,61359,5,2224,104818,98683,11075,512404,237,7082,5579,95,14969,1103,0.00268817
4,53165,69152.3,67595.3,61359,22,2224,104818,98683,11075,512404,237,7082,5579,95,14969,1103,0.00268817
4,22169.9,64844.8,60695.4,55202,8,2033,101188,95161,11151,509344,189,6406,5160,90,14284,1164,0.00268817
4,41442.1,64844.8,60695.4,55202,21,2033,101188,95161,11151,509344,189,6406,5160,90,14284,1164,0.00268817
4,50797.9,64844.8,60695.4,55202,13,2033,101188,95161,11151,509344,189,6406,5160,90,14284,1164,0.00268817
4,71544.7,64844.8,60695.4,55202,17,2033,101188,95161,11151,509344,189,6406,5160,90,14284,1164,0.00268817
4,16437.9,72169.2,223278,199919,12,2125,110711,104843,12533,578596,582,22430,19228,821,74097,2098,0.00268817
4,46568.3,72169.2,223278,199919,45,2125,110711,104843,12533,578596,582,22430,19228,821,74097,2098,0.00268817
4,71341.4,72169.2,223278,199919,35,2125,110711,104843,12533,578596,582,22430,19228,821,74097,2098,0.00268817
4,72410.1,72169.2,223278,199919,48,2125,110711,104843,12533,578596,582,22430,19228,821,74097,2098,0.00268817
4,16213.7,24544,59486.8,53757,4,1144,45124,41451,4462,189656,233,6513,5139,124,15323,729,0.00268817
4,28154.7,24544,59486.8,53757,26,1144,45124,41451,4462,189656,233,6513,5139,124,15323,729,0.00268817
4,30469.4,24544,59486.8,53757,30,1144,45124,41451,4462,189656,233,6513,5139,124,15323,729,0.00268817
4,34253.3,24544,59486.8,53757,18,1144,45124,41451,4462,189656,233,6513,5139,124,15323,729,0.00268817
4,15233.7,79439.9,209833,188051,11,2199,117923,112024,13189,628792,582,22436,19129,759,71298,2514,0.00268817
4,50015.3,79439.9,209833,188051,41,2199,117923,112024,13189,628792,582,22436,19129,759,71298,2514,0.00268817
4,69054.5,79439.9,209833,188051,43,2199,117923,112024,13189,628792,582,22436,19129,759,71298,2514,0.00268817
4,75754,79439.9,209833,188051,52,2199,117923,112024,13189,628792,582,22436,19129,759,71298,2514,0.00268817
4,13644.1,21233.1,24759.1,22567,19,988,40703,37108,4273,167559,94,2745,2154,30,4904,568,0.00268817
4,18693.1,21233.1,24759.1,22567,13,988,40703,37108,4273,167559,94,2745,2154,30,4904,568,0.00268817
4,39220.2,21233.1,24759.1,22567,20,988,40703,37108,4273,167559,94,2745,2154,30,4904,568,0.00268817
4,40433.3,21233.1,24759.1,22567,10,988,40703,37108,4273,167559,94,2745,2154,30,4904,568,0.00268817
4,22513.4,67522,111551,98357,21,2056,103400,97247,11048,524052,401,12771,10568,344,39064,1171,0.00268817
4,37092.1,67522,111551,98357,8,2056,103400,97247,11048,524052,401,12771,10568,344,39064,1171,0.00268817
4,69533,67522,111551,98357,7,2056,103400,97247,11048,524052,401,12771,10568,344,39064,1171,0.00268817
4,74463.8,67522,111551,98357,47,2056,103400,97247,11048,524052,401,12771,10568,344,39064,1171,0.00268817
4,20062.8,60470.2,80259.5,72841,9,2185,95887,89692,9896,447509,261,7883,6408,163,18089,1275,0.00268817
4,29365.2,60470.2,80259.5,72841,28,2185,95887,89692,9896,447509,261,7883,6408,163,18089,1275,0.00268817
4,34514.6,60470.2,80259.5,72841,35,2185,95887,89692,9896,447509,261,7883,6408,163,18089,1275,0.00268817
4,48730.9,60470.2,80259.5,72841,41,2185,95887,89692,9896,447509,261,7883,6408,163,18089,1275,0.00268817
4,24782.2,64724.5,79955.4,72559,18,2103,95870,89609,9975,441787,243,7610,6077,129,17811,993,0.00268817
4,31390.5,64724.5,79955.4,72559,15,2103,95870,89609,9975,441787,243,7610,6077,129,17811,993,0.00268817
4,47100.7,64724.5,79955.4,72559,32,2103,95870,89609,9975,441787,243,7610,6077,129,17811,993,0.00268817
4,48562.3,64724.5,79955.4,72559,41,2103,95870,89609,9975,441787,243,7610,6077,129,17811,993,0.00268817
4,28594.3,51618.9,82605.1,74367,11,1809,81291,76324,8259,389870,261,8709,7173,172,21720,1296,0.00268817
4,30284.1,51618.9,82605.1,74367,20,1809,81291,76324,8259,389870,261,8709,7173,172,21720,1296,0.00268817
4,38615.4,51618.9,82605.1,74367,35,1809,81291,76324,8259,389870,261,8709,7173,172,21720,1296,0.00268817
4,53735.4,51618.9,82605.1,74367,52,1809,81291,76324,8259,389870,261,8709,7173,172,21720,1296,0.00268817
4,29428.5,72888,156815,139054,29,2238,113744,107214,11919,596747,523,17409,14658,412,53254,1986,0.00268817
4,40297.2,72888,156815,139054,20,2238,113744,107214,11919,596747,523,17409,14658,412,53254,1986,0.00268817
4,78753.3,72888,156815,139054,8,2238,113744,107214,11919,596747,523,17409,14658,412,53254,1986,0.00268817
4,83209,72888,156815,139054,39,2238,113744,107214,11919,596747,523,17409,14658,412,53254,1986,0.00268817
4,27465.5,66608.9,112599,101355,34,2100,104359,98257,11127,526154,336,11358,9318,265,31687,1331,0.00268817
4,30535.8,66608.9,112599,101355,7,2100,104359,98257,11127,526154,336,11358,9318,265,31687,1331,0.00268817
4,69700.2,66608.9,112599,101355,14,2100,104359,98257,11127,526154,336,11358,9318,265,31687,1331,0.00268817
4,71157.9,66608.9,112599,101355,29,2100,104359,98257,11127,526154,336,11358,9318,265,31687,1331,0.00268817
4,4361.21,51858.4,30523,27651,4,1760,78571,73189,8245,363696,135,3442,2671,35,6783,606,0.00268817
4,17546.7,51858.4,30523,27651,22,1760,78571,73189,8245,363696,135,3442,2671,35,6783,606,0.00268817
4,26668.1,51858.4,30523,27651,10,1760,78571,73189,8245,363696,135,3442,2671,35,6783,606,0.00268817
4,46446.8,51858.4,30523,27651,8,1760,78571,73189,8245,363696,135,3442,2671,35,6783,606,0.00268817
4,10799.9,32973.7,29967,26973,6,1376,57321,52524,5722,245922,133,3257,2544,35,7717,392,0.00268817
4,12590.7,32973.7,29967,26973,4,1376,57321,52524,5722,245922,133,3257,2544,35,7717,392,0.00268817
4,34144.2,32973.7,29967,26973,8,1376,57321,52524,5722,245922,133,3257,2544,35,7717,392,0.00268817
4,39242,32973.7,29967,26973,14,1376,57321,52524,5722,245922,133,3257,2544,35,7717,392,0.00268817
4,6418.05,48555.8,58346.6,51817,3,1709,82952,77694,9027,407533,230,6731,5402,147,18006,713,0.00268817
4,25234.5,48555.8,58346.6,51817,29,1709,82952,77694,9027,407533,230,6731,5402,147,18006,713,0.00268817
4,31891.9,48555.8,58346.6,51817,9,1709,82952,77694,9027,407533,230,6731,5402,147,18006,713,0.00268817
4,63617.7,48555.8,58346.6,51817,32,1709,82952,77694,9027,407533,230,6731,5402,147,18006,713,0.00268817
4,24173.7,65810.7,55631.2,50307,8,2077,104402,98212,11597,528562,184,6009,4790,69,13103,1156,0.00268817
4,41008.7,65810.7,55631.2,50307,18,2077,104402,98212,11597,528562,184,6009,4790,69,13103,1156,0.00268817
4,52801.7,65810.7,55631.2,50307,13,2077,104402,98212,11597,528562,184,6009,4790,69,13103,1156,0.00268817
4,73548.6,65810.7,55631.2,50307,17,2077,104402,98212,11597,528562,184,6009,4790,69,13103,1156,0.00268817
4,22459.5,70152.6,140744,126256,10,2165,109380,103462,11667,563226,440,14371,11691,382,41248,1256,0.00268817
4,37158.5,70152.6,140744,126256,31,2165,109380,103462,11667,563226,440,14371,11691,382,41248,1256,0.00268817
4,69795.1,70152.6,140744,126256,52,2165,109380,103462,11667,563226,440,14371,11691,382,41248,1256,0.00268817
4,70029.8,70152.6,140744,126256,14,2165,109380,103462,11667,563226,440,14371,11691,382,41248,1256,0.00268817
4,9654.32,24092.8,39868.7,35928,9,1093,44184,40728,4631,190960,148,4461,3538,69,10264,599,0.00268817
4,24617.7,24092.8,39868.7,35928,27,1093,44184,40728,4631,190960,148,4461,3538,69,10264,599,0.00268817
4,28586.5,24092.8,39868.7,35928,12,1093,44184,40728,4631,190960,148,4461,3538,69,10264,599,0.00268817
4,36215.9,24092.8,39868.7,35928,31,1093,44184,40728,4631,190960,148,4461,3538,69,10264,599,0.00268817
4,7847.69,81459.6,151378,136904,9,2297,117471,111843,12684,623922,407,15131,12450,381,39664,2182,0.00268817
4,52838.3,81459.6,151378,136904,35,2297,117471,111843,12684,623922,407,15131,12450,381,39664,2182,0.00268817
4,56474.6,81459.6,151378,136904,47,2297,117471,111843,12684,623922,407,15131,12450,381,39664,2182,0.00268817
4,71268.8,81459.6,151378,136904,18,2297,117471,111843,12684,623922,407,15131,12450,381,39664,2182,0.00268817
4,13518.1,8452.33,22188.1,20170,6,508,17285,15467,1640,66979,114,2432,1848,63,5282,186,0.00268817
4,24435.2,8452.33,22188.1,20170,6,508,17285,15467,1640,66979,114,2432,1848,63,5282,186,0.00268817
4,25547,8452.33,22188.1,20170,12,508,17285,15467,1640,66979,114,2432,1848,63,5282,186,0.00268817
4,25769.1,8452.33,22188.1,20170,25,508,17285,15467,1640,66979,114,2432,1848,63,5282,186,0.00268817
4,12567.2,78119.5,90595.1,81793,4,2277,111734,105858,11862,561757,291,9551,7574,116,22383,1291,0.00268817
4,40065.8,78119.5,90595.1,81793,26,2277,111734,105858,11862,561757,291,9551,7574,116,22383,1291,0.00268817
4,54287.2,78119.5,90595.1,81793,8,2277,111734,105858,11862,561757,291,9551,7574,116,22383,1291,0.00268817
4,57293.6,78119.5,90595.1,81793,33,2277,111734,105858,11862,561757,291,9551,7574,116,22383,1291,0.00268817
4,19582.3,77640.2,131741,118314,19,2438,119735,113173,12936,603659,389,14436,12065,418,40626,1772,0.00268817
4,30604.5,77640.2,131741,118314,27,2438,119735,113173,12936,603659,389,14436,12065,418,40626,1772,0.00268817
4,55585.1,77640.2,131741,118314,40,2438,119735,113173,12936,603659,389,14436,12065,418,40626,1772,0.00268817
4,66137.4,77640.2,131741,118314,53,2438,119735,113173,12936,603659,389,14436,12065,418,40626,1772,0.00268817
4,14175.6,48185.4,29542.9,27034,11,1660,81951,76677,9029,405062,103,3084,2474,28,5105,901,0.00268817
4,24178.6,48185.4,29542.9,27034,23,1660,81951,76677,9029,405062,103,3084,2474,28,5105,901,0.00268817
4,27726.3,48185.4,29542.9,27034,13,1660,81951,76677,9029,405062,103,3084,2474,28,5105,901,0.00268817
4,63874.3,48185.4,29542.9,27034,4,1660,81951,76677,9029,405062,103,3084,2474,28,5105,901,0.00268817
4,20370.1,16568.3,32455.7,29767,7,881,33800,30508,3275,129290,128,3344,2599,43,6353,667,0.00268817
4,25567.7,16568.3,32455.7,29767,22,881,33800,30508,3275,129290,128,3344,2599,43,6353,667,0.00268817
4,26721.2,16568.3,32455.7,29767,27,881,33800,30508,3275,129290,128,3344,2599,43,6353,667,0.00268817
4,29609.6,16568.3,32455.7,29767,9,881,33800,30508,3275,129290,128,3344,2599,43,6353,667,0.00268817
4,17374.8,82541.7,124012,112082,14,2200,113440,107710,12245,593162,378,13000,10555,272,31968,2144,0.00268817
4,42777.7,82541.7,124012,112082,29,2200,113440,107710,12245,593162,378,13000,10555,272,31968,2144,0.00268817
4,65585.4,82541.7,124012,112082,49,2200,113440,107710,12245,593162,378,13000,10555,272,31968,2144,0.00268817
4,71214.2,82541.7,124012,112082,9,2200,113440,107710,12245,593162,378,13000,10555,272,31968,2144,0.00268817
4,18166.5,53898.4,88740.5,79221,10,1886,88690,83470,9395,432076,332,9978,8138,276,27328,996,0.00268817
4,37199.6,53898.4,88740.5,79221,19,1886,88690,83470,9395,432076,332,9978,8138,276,27328,996,0.00268817
4,57093.7,53898.4,88740.5,79221,4,1886,88690,83470,9395,432076,332,9978,8138,276,27328,996,0.00268817
4,61371,53898.4,88740.5,79221,40,1886,88690,83470,9395,432076,332,9978,8138,276,27328,996,0.00268817
4,22633.3,71398.3,132403,118214,4,2244,111794,105679,11849,568713,447,14804,11968,343,40970,1364,0.00268817
4,33277.9,71398.3,132403,118214,27,2244,111794,105679,11849,568713,447,14804,11968,343,40970,1364,0.00268817
4,66229.5,71398.3,132403,118214,19,2244,111794,105679,11849,568713,447,14804,11968,343,40970,1364,0.00268817
4,69025.3,71398.3,132403,118214,53,2244,111794,105679,11849,568713,447,14804,11968,343,40970,1364,0.00268817
4,35421,44510,92100.2,83535,11,1804,76562,70549,7666,328478,291,9468,7661,154,22651,1313,0.00268817
4,37963.1,44510,92100.2,83535,32,1804,76562,70549,7666,328478,291,9468,7661,154,22651,1313,0.00268817
4,38301,44510,92100.2,83535,25,1804,76562,70549,7666,328478,291,9468,7661,154,22651,1313,0.00268817
4,42422.3,44510,92100.2,83535,30,1804,76562,70549,7666,328478,291,9468,7661,154,22651,1313,0.00268817
4,5656,39175.5,58558.1,52736,4,1524,67469,63190,7082,320905,205,5765,4535,106,14279,678,0.00268817
4,22943.1,39175.5,58558.1,52736,15,1524,67469,63190,7082,320905,205,5765,4535,106,14279,678,0.00268817
4,36285.6,39175.5,58558.1,52736,28,1524,67469,63190,7082,320905,205,5765,4535,106,14279,678,0.00268817
4,52025.1,39175.5,58558.1,52736,32,1524,67469,63190,7082,320905,205,5765,4535,106,14279,678,0.00268817
4,10451.8,11266.6,24328.3,22254,10,640,21658,19734,2177,91994,113,2596,2040,44,4582,549,0.00268817
4,20862.5,11266.6,24328.3,22254,20,640,21658,19734,2177,91994,113,2596,2040,44,4582,549,0.00268817
4,22602.7,11266.6,24328.3,22254,20,640,21658,19734,2177,91994,113,2596,2040,44,4582,549,0.00268817
4,28887.7,11266.6,24328.3,22254,4,640,21658,19734,2177,91994,113,2596,2040,44,4582,549,0.00268817
4,13734.8,29721.5,53427.3,48374,12,1139,47839,44343,5126,223124,182,5708,4622,91,13310,987,0.00268817
4,33865.2,29721.5,53427.3,48374,13,1139,47839,44343,5126,223124,182,5708,4622,91,13310,987,0.00268817
4,47207.7,29721.5,53427.3,48374,26,1139,47839,44343,5126,223124,182,5708,4622,91,13310,987,0.00268817
4,48117.2,29721.5,53427.3,48374,7,1139,47839,44343,5126,223124,182,5708,4622,91,13310,987,0.00268817
4,34693,48208.8,91614.2,82872,10,1831,78946,72727,7853,340743,298,9539,7719,163,23132,1288,0.00268817
4,37250.8,48208.8,91614.2,82872,31,1831,78946,72727,7853,340743,298,9539,7719,163,23132,1288,0.00268817
4,39574.3,48208.8,91614.2,82872,25,1831,78946,72727,7853,340743,298,9539,7719,163,23132,1288,0.00268817
4,42797.9,48208.8,91614.2,82872,28,1831,78946,72727,7853,340743,298,9539,7719,163,23132,1288,0.00268817
4,25299.5,58147.6,103346,93661,24,1908,86893,81853,8925,423826,305,10146,8184,189,24374,1462,0.00268817
4,33324.4,58147.6,103346,93661,10,1908,86893,81853,8925,423826,305,10146,8184,189,24374,1462,0.00268817
4,42467.3,58147.6,103346,93661,42,1908,86893,81853,8925,423826,305,10146,8184,189,24374,1462,0.00268817
4,55646.1,58147.6,103346,93661,53,1908,86893,81853,8925,423826,305,10146,8184,189,24374,1462,0.00268817
4,22628.5,82618.6,128264,115285,21,2350,113515,107225,12226,561659,370,13697,11405,349,37552,1723,0.00268817
4,27231.5,82618.6,128264,115285,22,2350,113515,107225,12226,561659,370,13697,11405,349,37552,1723,0.00268817
4,50292.4,82618.6,128264,115285,22,2350,113515,107225,12226,561659,370,13697,11405,349,37552,1723,0.00268817
4,60623,82618.6,128264,115285,51,2350,113515,107225,12226,561659,370,13697,11405,349,37552,1723,0.00268817
4,30997.5,63818.4,43673.3,39645,16,2207,98708,91337,10084,439781,166,4566,3496,27,9394,673,0.00268817
4,36550.1,63818.4,43673.3,39645,16,2207,98708,91337,10084,439781,166,4566,3496,27,9394,673,0.00268817
4,43756.7,63818.4,43673.3,39645,4,2207,98708,91337,10084,439781,166,4566,3496,27,9394,673,0.00268817
4,46643.9,63818.4,43673.3,39645,13,2207,98708,91337,10084,439781,166,4566,3496,27,9394,673,0.00268817
4,21792.7,58235.8,86716.6,78023,3,1891,84266,79326,8984,404310,304,9144,7410,196,24150,957,0.00268817
4,34328.5,58235.8,86716.6,78023,23,1891,84266,79326,8984,404310,304,9144,7410,196,24150,957,0.00268817
4,53647.7,58235.8,86716.6,78023,14,1891,84266,79326,8984,404310,304,9144,7410,196,24150,957,0.00268817
4,54927.7,58235.8,86716.6,78023,20,1891,84266,79326,8984,404310,304,9144,7410,196,24150,957,0.00268817
4,24575.2,32115.4,42307,38574,16,1449,57509,52637,5787,236527,153,4247,3313,80,8789,691,0.00268817
4,24951.3,32115.4,42307,38574,23,1449,57509,52637,5787,236527,153,4247,3313,80,8789,691,0.00268817
4,28115.3,32115.4,42307,38574,10,1449,57509,52637,5787,236527,153,4247,3313,80,8789,691,0.00268817
4,37036.2,32115.4,42307,38574,37,1449,57509,52637,5787,236527,153,4247,3313,80,8789,691,0.00268817
4,11336,74100.1,113944,102854,4,2185,108725,103232,11655,557192,319,11567,9554,283,28797,1944,0.00268817
4,44714.6,74100.1,113944,102854,26,2185,108725,103232,11655,557192,319,11567,9554,283,28797,1944,0.00268817
4,58852.2,74100.1,113944,102854,41,2185,108725,103232,11655,557192,319,11567,9554,283,28797,1944,0.00268817
4,64648.9,74100.1,113944,102854,7,2185,108725,103232,11655,557192,319,11567,9554,283,28797,1944,0.00268817
4,26686.8,71393.5,26556.4,24029,3,2165,111479,104965,12474,569193,104,2856,2197,9,5115,601,0.00268817
4,37426,71393.5,26556.4,24029,6,2165,111479,104965,12474,569193,104,2856,2197,9,5115,601,0.00268817
4,55457.8,71393.5,26556.4,24029,5,2165,111479,104965,12474,569193,104,2856,2197,9,5115,601,0.00268817
4,76178.9,71393.5,26556.4,24029,10,2165,111479,104965,12474,569193,104,2856,2197,9,5115,601,0.00268817
4,21256.6,61037.1,68183.6,61283,13,2094,92627,85225,9446,404214,243,7488,6074,122,17298,1145,0.00268817
4,30104.1,61037.1,68183.6,61283,12,2094,92627,85225,9446,404214,243,7488,6074,122,17298,1145,0.00268817
4,38935.4,61037.1,68183.6,61283,30,2094,92627,85225,9446,404214,243,7488,6074,122,17298,1145,0.00268817
4,45321.1,61037.1,68183.6,61283,22,2094,92627,85225,9446,404214,243,7488,6074,122,17298,1145,0.00268817
4,15608.8,73030.5,74260.8,67489,14,2081,99355,93344,10369,482313,246,7787,6227,121,17363,1279,0.00268817
4,41868.7,73030.5,74260.8,67489,8,2081,99355,93344,10369,482313,246,7787,6227,121,17363,1279,0.00268817
4,51835.4,73030.5,74260.8,67489,43,2081,99355,93344,10369,482313,246,7787,6227,121,17363,1279,0.00268817
4,53262.8,73030.5,74260.8,67489,8,2081,99355,93344,10369,482313,246,7787,6227,121,17363,1279,0.00268817
4,19465.2,18040.5,31775.8,29118,7,902,35390,32093,3413,138516,134,3261,2532,45,6081,647,0.00268817
4,25983.7,18040.5,31775.8,29118,27,902,35390,32093,3413,138516,134,3261,2532,45,6081,647,0.00268817
4,26277.1,18040.5,31775.8,29118,27,902,35390,32093,3413,138516,134,3261,2532,45,6081,647,0.00268817
4,30514,18040.5,31775.8,29118,9,902,35390,32093,3413,138516,134,3261,2532,45,6081,647,0.00268817
4,12021.8,48429.9,117787,105740,13,1718,79832,74847,8553,383521,388,12443,10200,333,34933,1422,0.00268817
4,45801.8,48429.9,117787,105740,28,1718,79832,74847,8553,383521,388,12443,10200,333,34933,1422,0.00268817
4,50755.6,48429.9,117787,105740,12,1718,79832,74847,8553,383521,388,12443,10200,333,34933,1422,0.00268817
4,57648.2,48429.9,117787,105740,45,1718,79832,74847,8553,383521,388,12443,10200,333,34933,1422,0.00268817
4,22708.3,57825.8,95113.6,85840,14,1969,93475,87963,10011,457719,329,10346,8438,247,28243,1231,0.00268817
4,32813.1,57825.8,95113.6,85840,18,1969,93475,87963,10011,457719,329,10346,8438,247,28243,1231,0.00268817
4,60095.5,57825.8,95113.6,85840,13,1969,93475,87963,10011,457719,329,10346,8438,247,28243,1231,0.00268817
4,61929.5,57825.8,95113.6,85840,33,1969,93475,87963,10011,457719,329,10346,8438,247,28243,1231,0.00268817
4,26713.5,67259.9,53187.3,48339,11,2321,105374,97808,10962,482667,194,5736,4424,45,12358,872,0.00268817
4,40503.7,67259.9,53187.3,48339,21,2321,105374,97808,10962,482667,194,5736,4424,45,12358,872,0.00268817
4,42122.6,67259.9,53187.3,48339,9,2321,105374,97808,10962,482667,194,5736,4424,45,12358,872,0.00268817
4,48708.3,67259.9,53187.3,48339,25,2321,105374,97808,10962,482667,194,5736,4424,45,12358,872,0.00268817
4,31282.7,37538.8,88659.7,80669,27,1482,59936,54039,6065,240172,269,8686,6991,230,22051,1038,0.00268817
4,35857.4,37538.8,88659.7,80669,19,1482,59936,54039,6065,240172,269,8686,6991,230,22051,1038,0.00268817
4,36410.6,37538.8,88659.7,80669,30,1482,59936,54039,6065,240172,269,8686,6991,230,22051,1038,0.00268817
4,37035.1,37538.8,88659.7,80669,33,1482,59936,54039,6065,240172,269,8686,6991,230,22051,1038,0.00268817
4,33123.4,91426,211985,187180,22,2514,136398,129251,15260,747410,620,23459,19834,720,79394,1851,0.00268817
4,39730.8,91426,211985,187180,13,2514,136398,129251,15260,747410,620,23459,19834,720,79394,1851,0.00268817
4,67661.8,91426,211985,187180,10,2514,136398,129251,15260,747410,620,23459,19834,720,79394,1851,0.00268817
4,87678.9,91426,211985,187180,6,2514,136398,129251,15260,747410,620,23459,19834,720,79394,1851,0.00268817
4,23505.1,45307,64432.3,58119,19,1859,77514,70938,7747,328009,220,6964,5645,152,16475,1022,0.00268817
4,28427,45307,64432.3,58119,12,1859,77514,70938,7747,328009,220,6964,5645,152,16475,1022,0.00268817
4,36971.8,45307,64432.3,58119,19,1859,77514,70938,7747,328009,220,6964,5645,152,16475,1022,0.00268817
4,41984.2,45307,64432.3,58119,24,1859,77514,70938,7747,328009,220,6964,5645,152,16475,1022,0.00268817
4,23867.5,41888.4,69221.6,62242,8,1672,71712,66887,7270,327004,232,7650,6223,175,19468,972,0.00268817
4,30687.5,41888.4,69221.6,62242,29,1672,71712,66887,7270,327004,232,7650,6223,175,19468,972,0.00268817
4,36526.6,41888.4,69221.6,62242,37,1672,71712,66887,7270,327004,232,7650,6223,175,19468,972,0.00268817
4,45932.2,41888.4,69221.6,62242,47,1672,71712,66887,7270,327004,232,7650,6223,175,19468,972,0.00268817
4,24460.7,71082.9,158451,141637,21,2119,107771,101389,11443,553052,498,16533,13858,394,51695,1776,0.00268817
4,39730.1,71082.9,158451,141637,16,2119,107771,101389,11443,553052,498,16533,13858,394,51695,1776,0.00268817
4,73439.9,71082.9,158451,141637,12,2119,107771,101389,11443,553052,498,16533,13858,394,51695,1776,0.00268817
4,78612.3,71082.9,158451,141637,51,2119,107771,101389,11443,553052,498,16533,13858,394,51695,1776,0.00268817
4,7512.48,57125.3,61117.4,54329,6,1767,86934,81443,9493,431281,221,7005,5632,168,18538,779,0.00268817
4,24173.9,57125.3,61117.4,54329,27,1767,86934,81443,9493,431281,221,7005,5632,168,18538,779,0.00268817
4,29941.7,57125.3,61117.4,54329,8,1767,86934,81443,9493,431281,221,7005,5632,168,18538,779,0.00268817
4,64417.4,57125.3,61117.4,54329,36,1767,86934,81443,9493,431281,221,7005,5632,168,18538,779,0.00268817
