K,order,dist,cost_polyanya,cost_ki,cost_hi,h_cost,vnum,gen_poly,push_poly,pop_poly,gen_ki,push_ki,pop_ki,prune_ki,suc_call_ki,gen_hi,push_hi,pop_hi,prune_hi,suc_call_hi,heuristic_call,reevaluate,pts,polys
3,3,37662.7,9511.88,23757.8,17982.8,16071,31,25874,25020,19831,41841,40898,37632,4200,174866,2236,2326,1750,41,5957,2048,171,8,3348
3,3,45576.4,16480.4,45170.6,49800.3,44447,29,43014,41736,33823,66913,65498,61405,7004,301559,5047,5604,4503,146,13846,4945,695,8,3348
3,3,43558.5,18793.5,46682,43679.6,38979,31,44743,43468,35494,80900,79147,73424,8195,352601,4932,5285,4234,68,12705,4685,518,8,3348
3,3,26957.4,8586.99,14948.5,10345.9,9432,7,22979,22237,17644,28738,28017,24947,2535,102745,1122,1280,947,6,2234,1116,192,8,3348
3,3,34432.3,15076.9,12588,20016.5,17885,19,39857,38610,31154,25580,25001,22679,2454,98187,2335,2359,1791,46,5217,2023,103,8,3348
3,3,55423.4,28804.3,24193.5,56951.6,50973,18,71408,69361,57608,47945,46943,43740,4909,211977,6078,6821,5609,149,16787,6050,925,8,3348
3,3,17069.3,8605.5,3606.13,6089.8,5565,7,23163,22436,17809,9407,9182,8101,671,29619,629,726,517,2,1143,631,127,8,3348
3,3,41072.5,16513.1,39819.4,41235.9,36959,42,37287,36142,29224,71223,69706,64534,7066,304136,3870,4276,3325,69,9189,3814,541,8,3348
3,3,19130.9,6857.82,7632.87,7163.44,6385,10,15151,14687,11440,13661,13317,11602,968,43037,789,847,620,9,1607,741,84,8,3348
3,3,30617.3,8598.95,28266.4,19958,18097,16,20849,20136,16001,39435,38467,34331,3736,144251,1686,1953,1493,20,3614,1732,329,8,3348
3,3,31894,7845.39,29347.7,39908.2,35626,24,19044,18402,14544,43117,42072,37675,4105,159174,3808,4200,3308,78,9537,3721,526,8,3348
3,3,48580.7,19400.4,78584.1,50538,44960,32,42609,41358,33749,99745,97692,91079,10000,445935,5017,5291,4208,133,12689,4649,453,8,3348
3,3,43830.3,17373.4,55545.6,45996.3,40968,43,39437,38318,31182,86538,84648,78132,8714,369627,5317,5597,4510,118,14350,5006,453,8,3348
3,3,40529.2,17770.3,52197.1,21117.8,18565,5,31848,30896,25252,68000,66465,60946,6491,285826,1977,2259,1791,14,4796,1998,349,8,3348
3,3,74660.8,41979.9,130048,125766,107346,40,81619,79142,65453,125574,123220,117265,12913,658256,11973,13179,11046,309,36899,11822,1588,8,3348
3,3,30899.9,14859.4,20052.1,32656.2,29587,9,36162,35075,28108,32081,31366,28528,3072,121256,2805,3347,2670,58,7260,2971,609,8,3348
3,3,27084.4,11640.5,14745.3,10074.9,9127,7,23467,22709,18050,28895,28179,25114,2596,104032,1077,1227,923,7,2451,1096,182,8,3348
3,3,20571.9,9016.5,6508.12,9400.18,8358,20,21188,20546,16266,11718,11451,10322,961,45246,954,1069,783,12,1877,938,159,8,3348
3,3,41691.2,16124.1,43286,36220,32589,21,40838,39676,32530,72437,70840,65069,7232,306780,3873,4183,3317,32,10121,3729,438,8,3348
3,3,50210.2,18051.8,25209.3,30912,27775,44,47323,45678,36941,44012,43059,40003,4781,197922,3783,3951,3118,102,9594,3516,337,8,3348
3,3,46262.9,22257.8,19711.7,43288.9,38974,45,46629,44893,35981,38933,38068,35157,4199,171419,5181,5494,4346,141,13624,4918,540,8,3348
3,3,23016.2,6119.76,10582.4,9237.89,8369,6,13940,13464,10333,20589,20090,17672,1556,69384,953,1124,836,11,1684,999,216,8,3348
3,3,35822.1,14825.9,26879.6,28295.6,25505,30,33439,32310,25966,41336,40379,36889,4051,169086,2689,2933,2274,40,6502,2606,353,8,3348
3,3,25789.4,6191.52,14664,17132.9,14830,33,14896,14445,11342,25741,25175,22802,2217,96961,1944,1994,1509,29,4503,1725,111,8,3348
3,3,60210,31110.6,87249.7,94100.2,81399,45,61704,59853,49103,100867,98857,93541,10543,498513,8717,9621,7780,249,23443,8560,1207,8,3348
3,3,39224.1,17223.7,20013.3,52056.6,47344,35,42108,40705,32994,32248,31524,28739,3277,137221,4729,5221,4159,126,12132,4663,668,8,3348
3,3,19455.6,9828.1,5830.91,8128.85,7370,18,19090,18522,14771,13231,12916,11420,1020,45541,964,1020,748,24,1920,902,100,8,3348
3,3,23691.9,8807.1,11509.6,9454.18,8536,15,19734,19056,14975,21885,21338,18929,1710,71994,995,1096,833,3,2237,953,135,8,3348
3,3,28465.7,6503.92,19976,17726,16031,13,18689,18039,14118,32872,32069,28707,3181,119755,1837,2066,1573,26,4090,1804,301,8,3348
3,3,35769.8,14582.3,21795,41380.8,37657,34,36879,35625,28647,32618,31872,29136,3308,136381,3825,4191,3282,106,8995,3715,518,8,3348
3,3,19031.2,7352.37,4360.45,6038.59,5477,10,20311,19729,15884,10719,10489,9300,757,36285,671,738,523,1,1262,629,89,8,3348
3,3,28311.7,15184.6,6854.39,8336.92,7538,7,30071,29176,23756,16135,15791,14148,1406,58290,886,1036,785,15,1939,907,192,8,3348
3,3,33464.2,5997.36,24125.2,27555.1,25194,14,18679,18056,14117,37689,36828,33704,3678,144157,2374,2725,2081,31,5267,2435,443,8,3348
3,3,83389.8,73209.5,85781.5,220187,196226,75,146063,142071,119810,113516,111532,104618,11632,590706,20385,22407,18859,777,71014,20317,2623,8,3348
3,3,66041.3,39222.1,71126.9,103575,92307,57,91831,89271,74131,98148,96269,90523,10370,481400,10586,11018,9037,287,33946,9834,753,8,3348
3,3,27961.2,11247.6,15339.1,23967.9,21608,21,29764,28842,23071,28844,28179,25503,2642,105304,2536,2820,2253,53,6578,2477,348,8,3348
3,3,51880.3,29449.4,43569.9,79615.7,71313,25,54520,52920,43197,65438,64128,60117,6788,298342,7081,8138,6740,244,21429,7261,1249,8,3348
3,3,66370.5,25018.3,84527.6,118060,102806,42,65130,63164,51990,123761,121401,115702,12770,637688,12259,13191,10870,411,36450,11745,1328,8,3348
3,3,28284.6,5673.36,15453.3,31000.5,27977,21,17504,16929,13150,32518,31701,28268,2989,114603,3101,3480,2750,55,7432,3093,476,8,3348
3,3,61593.6,45022.4,30325.4,73099.1,65328,21,79473,77198,64279,52713,51680,48078,5277,239450,7398,8321,6896,159,21600,7407,1148,8,3348
3,3,72334.8,29894.8,88247.3,171354,149881,48,74456,72180,59683,127981,125581,119711,13211,667725,17764,18707,15466,555,54268,16657,1510,8,3348
3,3,33577.8,7636.18,26916.1,15513.2,13895,8,21990,21239,16763,41258,40265,36559,4032,160112,1897,2021,1469,6,4246,1758,203,8,3348
3,3,41070.6,14814.5,30524.3,30026.1,26983,33,37578,36397,29734,52745,51595,47491,5386,228195,3346,3604,2836,64,8705,3222,396,8,3348
3,3,59363.1,27395.2,39301.5,90721.2,81824,13,68748,66757,54924,65411,64128,59919,6801,303758,8075,9544,7963,220,25185,8556,1689,8,3348
3,3,30269.5,14973.7,9068.47,16603.6,15070,28,33125,32120,25781,20689,20233,18163,1932,76518,1696,1828,1384,25,3726,1581,191,8,3348
3,3,37859.2,17614.9,37518.2,26765.9,23227,16,31613,30619,24918,51607,50444,46138,5081,212769,2478,2640,2063,53,6554,2353,255,8,3348
3,3,45828.1,11160.1,30325.8,34838.6,30887,28,28757,27815,22185,49085,48032,44466,5128,217599,3656,3715,2864,92,10095,3260,184,8,3348
3,3,46229.8,17793.3,28593.4,15971,14297,24,36423,35191,28051,44794,43830,40739,4610,200493,1784,1851,1411,20,4157,1612,131,8,3348
3,3,37395.5,13739,19607.9,31468,28504,32,36453,35224,28269,38055,37195,34102,3941,162016,3584,3934,3075,78,8415,3501,491,8,3348
3,3,29531.8,6549.65,16556.7,22601.7,20518,21,19096,18458,14571,36420,35530,31680,3429,131164,2400,2727,2161,45,5733,2392,406,8,3348
3,3,28024.9,14293,7795.46,9503.7,8421,21,28502,27711,22243,17772,17373,15563,1589,64762,1106,1227,895,8,2377,1059,150,8,3348
3,3,34788.2,13226.8,28605.7,29492,26272,29,33708,32695,26373,50197,49067,44742,4690,199240,3286,3270,2513,69,8792,2840,83,8,3348
3,3,31860.6,8625.64,24186.1,34559.1,29849,9,16731,16153,12562,40001,39077,35523,3764,149068,3255,3527,2732,62,7978,3134,399,8,3348
3,3,64479.2,58305,100523,119798,100800,47,91906,89422,74970,99952,98016,92028,10621,491052,11133,12024,9973,259,34720,10802,1212,8,3348
3,3,74930.7,32481.1,95538.1,104864,93384,37,79290,76930,63391,123009,120704,114785,12488,645229,11490,12527,10395,258,35176,11225,1404,8,3348
3,3,30020.7,12767.9,18494.8,16004.8,14046,16,27322,26405,21184,32646,31849,28820,3193,123830,1825,1952,1453,27,4105,1710,206,8,3348
3,3,23851.4,6289.4,10606.1,12948.7,11708,17,16377,15810,12314,21976,21420,18866,1832,74745,1576,1677,1305,32,3740,1446,153,8,3348
3,3,29306.7,11997,8792.55,12637.9,11275,18,30112,29266,23824,18066,17647,15842,1557,65990,1466,1587,1206,18,3334,1355,166,8,3348
3,3,26863.6,6654.46,15627.1,16198.2,14465,8,13760,13306,10190,29251,28554,25406,2503,102495,1626,1854,1456,18,3537,1652,292,8,3348
3,3,65114.4,32279.8,88460.2,106818,93058,52,68232,66225,54546,109103,106992,101491,11313,552134,10087,11137,9067,291,27986,9915,1374,8,3348
3,3,31819.7,12458.3,21056.5,28089.5,25279,29,30094,29038,23069,30367,29622,27161,3053,125934,2784,3077,2368,59,6148,2721,414,8,3348
3,3,53837.2,26708,60737.9,53403.7,46729,39,61151,59341,49245,82750,81107,75848,8776,401638,5172,5546,4554,148,15728,4983,565,8,3348
3,3,39387.3,9808.55,25077.6,4869.8,4406,4,27601,26693,21367,44293,43307,40110,4604,192706,522,619,429,3,859,546,120,8,3348
3,3,25615.4,6836.63,11994.2,16271.3,14542,18,15925,15380,11862,26420,25780,22771,2251,92450,1723,1933,1494,22,3915,1699,266,8,3348
3,3,52037.7,22861.2,39508.4,74129.3,66633,19,58173,56567,46253,61676,60461,56604,6362,280184,7000,8232,6806,221,21126,7353,1405,8,3348
3,3,72668.7,38240.9,62161,89519.4,79535,8,90492,87839,72564,102330,100389,94381,10718,510464,8255,9668,7823,221,22775,8728,1686,8,3348
3,3,58967.3,22423.9,70298.6,78596.1,70019,34,60028,58265,47804,108358,106200,100074,11069,525530,8817,9574,7856,201,25427,8535,1043,8,3348
3,3,53215.2,24627,65333.6,78734.8,70066,40,51464,49905,40705,95054,93080,87540,9676,445156,8145,8872,7121,202,21564,7836,1004,8,3348
3,3,22812.5,10239.7,9237.02,14177.1,12968,19,22378,21632,17062,19656,19159,16976,1611,64758,1269,1380,1031,12,2710,1194,156,8,3348
3,3,55100.9,30069,65148.3,73913.7,65442,44,69802,67907,56158,88460,86642,81415,9212,421743,7643,8154,6596,142,21699,7271,742,8,3348
3,3,30635.9,9359.48,22424.9,33327.6,29917,31,19660,19057,15012,39673,38713,34614,3667,145421,3460,3754,2918,56,8740,3345,411,8,3348
3,3,50783.1,19727.4,24514,28585.5,25064,42,44432,42929,34520,45518,44532,41318,4890,205605,3303,3436,2697,79,8285,3026,259,8,3348
3,3,41630.4,11122.6,45778.3,50256.9,45042,44,31812,30844,24835,79557,77792,70756,7671,322504,5734,5781,4577,120,14975,5124,235,8,3348
3,3,24776.4,10055.7,10142.3,17025.6,15429,9,27330,26480,21007,20725,20226,18221,1828,72830,1690,1989,1564,22,4160,1773,338,8,3348
3,3,50543.4,21093.9,42852.6,69259.8,61789,26,53854,52257,42736,65120,63796,59833,6716,295362,7066,8025,6701,256,21847,7143,1151,8,3348
3,3,57545.2,25150.1,49255,89672,79530,48,63090,61229,50189,84101,82446,77302,8794,396737,10355,11047,8926,300,30069,9743,1018,8,3348
3,3,31076.9,8849,13656.4,20755.2,18510,22,24209,23398,18535,28554,27858,25260,2709,105168,2155,2427,1837,29,4797,2134,352,8,3348
3,3,40732.6,11991.6,28079.4,5045.07,4552,7,28936,27967,22295,44172,43187,40085,4532,194447,560,656,456,1,910,562,116,8,3348
3,3,47282,21662.6,23330.4,44791.8,39461,40,48451,46686,37588,39886,38998,36071,4338,177055,4566,4900,3867,131,11437,4363,547,8,3348
3,3,41625.4,23100.7,30415.3,36317,32630,11,47879,46421,37605,40883,40013,37141,4046,173727,3394,4108,3260,54,8211,3650,821,8,3348
3,3,38175.4,17285.2,34051.9,23181.4,20426,15,32224,31245,25485,52847,51662,47289,5218,218821,2524,2701,2119,57,6606,2413,266,8,3348
3,3,60898.2,32779.6,40564.5,83467.4,74267,4,70936,68851,56801,60860,59656,55602,6372,282542,6798,8290,6916,157,19624,7436,1696,8,3348
3,3,50164.1,18257.5,25505.4,35823.3,32052,44,47536,45876,37110,43869,42922,39891,4767,197159,3779,3950,3119,102,9599,3513,340,8,3348
3,3,63351.3,35216.2,63064.8,90419.8,80981,49,86181,83812,70331,100115,98170,92186,10666,492073,9203,9942,8206,207,27637,8905,1026,8,3348
3,3,40219.4,8566.36,23628.7,16259.9,14613,33,25147,24288,19263,45472,44458,41051,4708,196453,2073,2148,1603,26,5441,1875,158,8,3348
3,3,75980.4,43342.2,91944.3,131084,117673,39,84933,82388,68320,126733,124371,118406,12977,667243,12827,14184,11890,324,39962,12747,1766,8,3348
3,3,58425.3,29654.5,29642.4,62370.7,55830,21,73968,71853,59664,49959,48942,45592,5014,223665,6603,7430,6128,137,18740,6605,1020,8,3348
3,3,21102.3,9033.99,6663.41,12970.4,11761,18,24668,23886,19008,16149,15753,13972,1250,52343,1430,1579,1201,15,3503,1389,192,8,3348
3,3,52834.4,20238.5,40788.9,89932.4,79681,43,54014,52376,42710,72556,71045,66585,7604,334559,10207,10322,8296,359,29719,9043,439,8,3348
3,3,39110.8,9877.76,34604.5,23126.4,20841,14,27649,26768,21652,65260,63761,58382,6195,269230,2683,2909,2265,32,6531,2582,321,8,3348
3,3,37941.9,11869.4,34157.7,29481.4,26450,28,33686,32650,26260,63454,62077,56804,6201,259706,3313,3606,2788,47,8125,3206,409,8,3348
3,3,29860.9,9020.6,19828.8,16147.9,14298,5,23752,23014,18395,36935,36072,32408,3272,134264,1592,1814,1367,15,3316,1603,279,8,3348
3,3,20628.1,7379.65,6475.4,10380.1,9519,6,20439,19840,15676,12268,11987,10807,992,47440,825,972,728,4,1572,856,180,8,3348
3,3,16259.8,6931.98,3796.43,7005.5,6341,21,20357,19690,15612,9734,9493,8244,560,29784,803,865,639,8,1557,772,100,8,3348
3,3,24549.9,9645.13,4741.38,12067.2,10918,6,26099,25320,20392,11808,11563,10356,993,44592,1180,1428,1129,12,2787,1252,284,8,3348
3,3,28310.8,8404.72,14215.7,22842.7,20464,17,22265,21540,17031,25047,24415,22061,2331,89639,2147,2442,1859,27,4730,2171,367,8,3348
3,3,30103.4,13813.7,17418.8,27494.1,24011,7,34005,32936,26223,29188,28532,25886,2788,108499,2274,2773,2197,45,5643,2468,559,8,3348
3,3,31517.6,6107.99,16216.2,21497,19437,8,19208,18570,14583,34042,33239,30294,3202,126561,2169,2539,1949,23,4890,2254,448,8,3348
3,3,31648.4,9136.92,20344.4,23243.1,20563,29,23549,22820,18090,41489,40505,36230,3837,150483,2616,2751,2137,48,6130,2412,238,8,3348
3,3,26120,9235.23,13732.2,9215.48,8223,2,20746,20074,15922,27191,26514,23370,2416,94872,596,745,552,3,1077,625,163,8,3348
3,3,28950.5,7029.65,10398,19809.1,18067,21,19746,19086,15051,21414,20920,19192,1934,86433,1721,1889,1466,25,4072,1660,225,8,3348
3,3,77486.9,57529.8,73016.6,175624,156038,69,133517,129899,109426,109872,107893,101331,11510,555820,18744,20410,17180,665,63413,18450,2211,8,3348
3,3,16459.8,6803.34,4107.46,7652.19,6973,17,19419,18807,14791,10071,9821,8453,595,29373,824,938,696,5,1613,824,140,8,3348
3,3,46037.4,15867.6,38687.6,56587.4,50256,39,43652,42356,34341,68070,66618,62427,7026,307242,6496,6642,5210,182,16868,5791,346,8,3348
3,3,29073.3,11170.8,6025.77,16513.8,14929,28,29712,28873,23324,14122,13812,12501,1335,54916,1912,2097,1585,20,4496,1833,250,8,3348
3,3,32494.4,13726,10940.6,18619.7,16831,14,37236,36057,28946,24022,23484,21208,2217,89786,2144,2336,1798,29,4828,2029,264,8,3348
3,3,27371.5,8499.52,13385.5,15636,14101,19,24093,23349,18685,29563,28863,25920,2609,105189,1824,1972,1518,22,4149,1711,206,8,3348
3,3,44023.8,10996.9,23292.8,8797.23,7934,13,31131,30060,23943,45034,44056,40877,4530,199310,1081,1161,865,2,2365,1018,125,8,3348
3,3,44063.4,16258.6,37474.2,21842.3,19578,17,37847,36654,29960,68436,66947,61602,6895,298985,2739,2808,2206,77,7631,2509,167,8,3348
3,3,55966.3,23140.6,67458.5,86357.5,77349,27,61754,59923,49111,96274,94337,88779,9808,460589,9572,10381,8625,224,29389,9278,1115,8,3348
3,3,47463.5,11386.2,26004.9,31018.3,27841,36,32228,31215,25086,48448,47413,43709,5123,217842,3999,4081,3169,119,10925,3593,228,8,3348
3,3,40359.3,16095.7,16779.4,38070.6,34348,38,41692,40242,32504,34103,33313,30614,3552,146503,4411,4784,3775,112,11003,4256,554,8,3348
3,3,18353.8,6347.85,4945.06,4223.25,3854,16,18914,18320,14515,12426,12098,10539,862,38039,481,549,390,0,807,460,88,8,3348
3,3,18750.8,7041.52,3895.4,5860.7,5331,8,20703,20078,16003,10490,10275,9085,712,35558,593,746,548,3,1125,642,171,8,3348
3,3,81233.1,64654,68071.7,207299,181394,64,144238,140369,118218,113347,111349,104482,11711,583333,20996,22928,19352,773,73087,20781,2541,8,3348
3,3,19755,5895.26,6509.22,5549.31,5048,9,17318,16761,13197,14998,14596,12735,1084,47373,638,715,534,4,1248,617,102,8,3348
3,3,55208.7,28562.3,56690.1,84332.3,75271,48,59641,57854,47468,94649,92736,87140,9653,447922,8081,8934,7157,199,21529,7918,1126,8,3348
3,3,70168,64419,84034.1,143778,126006,58,110492,107561,90493,103953,102015,95842,11011,517098,13261,14539,12089,356,41258,13088,1670,8,3348
3,3,41605.6,19299.8,55024.8,50866.5,45422,26,42799,41563,34038,72450,70848,65324,7141,308373,4426,4760,3821,48,11868,4218,485,8,3348
3,3,54760,27803.5,67787.5,47089.1,41870,32,60926,59258,49243,91287,89451,83880,9739,434005,4906,5165,4161,87,13344,4565,407,8,3348
3,3,77491.2,46129,101128,142624,124473,39,88616,85996,71365,126970,124615,118671,13017,671533,13994,15418,12930,377,43828,13825,1866,8,3348
3,3,43722.1,18050.6,53136.6,61823.7,54889,47,42412,41141,33325,72780,71253,66565,7406,321836,6288,6629,5202,140,16465,5814,539,8,3348
3,3,17627.7,12485.2,4911.46,5206.59,4696,8,23124,22414,17773,10134,9892,8730,712,32978,531,617,445,0,1089,538,105,8,3348
3,3,49680.5,19705.5,21372,50672.6,45337,50,51468,49591,39923,40345,39456,36431,4312,180429,5518,5912,4708,144,15071,5273,628,8,3348
3,3,57519.8,30835.2,25515.2,59876.4,53615,20,73920,71845,59673,49473,48469,45175,5030,220279,6355,7149,5882,146,17664,6352,982,8,3348
3,3,50295.9,33130.5,24433.7,49609.1,44809,29,63672,61845,51287,42901,42008,39039,4444,184522,4638,5179,4181,103,12360,4550,687,8,3348
3,3,36103.5,21098.1,8401.29,32304,28421,31,36753,35731,29363,15602,15282,13837,1519,60862,3069,3369,2682,75,8304,2962,399,8,3348
3,3,45489.8,25109.3,48172.3,41142.5,35492,38,44672,43264,35299,60590,59302,54747,6202,272543,4034,4435,3546,80,10682,3974,561,8,3348
3,3,29675.3,17062.2,9756.75,12091,10733,13,32638,31739,26089,17677,17293,15552,1491,64496,1371,1490,1114,11,2979,1277,163,8,3348
3,3,69539.2,34582.2,95056.7,94262.7,84371,27,73715,71548,59123,113232,111043,105136,11658,573780,10366,11080,9089,208,31172,9882,1040,8,3348
3,3,70932.4,63582.8,80399.6,150132,131276,62,110866,107837,90054,104641,102706,96559,11065,522320,13871,15042,12401,394,44120,13521,1590,8,3348
3,3,17878.4,8701.67,5461.68,6667.78,5931,13,21777,21146,16835,11272,11021,9767,692,36227,709,780,566,5,1446,687,94,8,3348
3,3,75351,44557.6,113863,128676,111220,38,82563,80076,66232,123771,121448,115542,12549,650654,12101,13246,10997,260,36946,11868,1533,8,3348
3,3,72035.6,35190.8,90942.1,100477,89242,18,80859,78501,64942,109939,107837,101875,11492,557102,9222,10279,8341,141,26913,9199,1352,8,3348
3,3,29550.7,11714,17205.1,32392.6,29312,24,31511,30556,24475,32802,32033,29137,3018,122616,2987,3296,2631,66,8016,2894,387,8,3348
3,3,49436.9,25671.2,57873.9,51984.9,45433,33,53252,51771,42650,84387,82608,77475,8750,394112,5656,6019,4871,97,15785,5357,539,8,3348
3,3,31286.3,6194.39,19256,20703.2,18659,6,18760,18108,14252,35996,35151,31959,3444,134149,1775,2120,1626,8,4094,1906,409,8,3348
3,3,47021.1,17772.3,57872.3,42607.7,38029,30,41472,40226,32656,94903,92914,86446,9486,418591,4940,5287,4178,147,12020,4645,519,8,3348
3,3,31489,6670.43,15557.7,21590.4,19564,13,20094,19428,15240,32797,32024,29125,3068,121690,2122,2492,1891,16,4534,2216,456,8,3348
3,3,19159.2,7288.63,4905.39,7648.23,6991,19,20507,19910,15684,11343,11090,9965,900,43448,790,915,663,11,1600,800,157,8,3348
3,3,59467.6,26185.2,56903.5,114522,102840,49,65556,63599,52261,87258,85550,80186,9173,417124,10865,11672,9486,344,31632,10358,1153,8,3348
3,3,31498.3,7834.7,18767.7,31284,27912,26,17016,16418,12806,38596,37684,34286,3630,143127,3440,3554,2771,73,8781,3150,240,8,3348
3,3,26834.3,11389,14193.3,23519,20895,21,28242,27341,21856,27192,26546,23931,2416,97070,2344,2503,1960,44,5867,2175,219,8,3348
3,3,31496.6,10518.8,23814.8,6617.82,6138,5,22970,22204,17586,36805,35948,32749,3566,148352,427,499,352,0,677,418,84,8,3348
3,3,50475.2,21017.9,25882.5,50402,45248,47,53046,51155,41308,41852,40934,37895,4565,189820,5200,5587,4447,150,13700,5002,618,8,3348
3,3,56876,31132.9,65744.8,64992.8,57998,45,73507,71514,59362,90184,88340,83002,9459,432908,7003,7436,5978,143,19343,6608,638,8,3348
3,3,24439.4,8772.08,13884.4,12972.5,11397,28,21020,20352,16180,23572,23004,20222,1884,79390,1538,1582,1206,32,3541,1372,89,8,3348
3,3,31770.8,6628.2,24814.8,16758.9,15152,14,19315,18639,14519,39077,38139,34522,3799,150298,1924,2124,1610,32,4238,1860,278,8,3348
3,3,61837.4,25079.2,68005.9,81357,72614,32,64917,63005,51698,109485,107317,101211,11315,536529,9129,9944,8196,214,26948,8852,1100,8,3348
3,3,60438.4,29968.4,59770.2,73139.3,63723,31,75054,72969,60950,97455,95569,89915,10506,484173,8074,8578,7036,198,24298,7689,774,8,3348
3,3,63552.6,38684.8,28422.4,78670.8,70452,21,81914,79571,66434,54530,53481,49709,5490,249427,7774,8727,7249,181,22932,7771,1183,8,3348
3,3,28398.8,10766,7954.78,14759.9,13524,24,28478,27612,22065,18028,17622,15764,1595,65985,1204,1346,999,13,2450,1159,186,8,3348
3,3,49904.1,19416.4,75788.1,66700.4,59058,38,46011,44644,36354,99227,97192,90945,10016,453182,7045,7599,6038,191,17994,6692,797,8,3348
3,3,29401.5,8721.18,20923.9,34473.7,30629,30,18060,17466,13530,36006,35133,31298,3314,130433,3066,3453,2715,36,7776,3092,488,8,3348
3,3,60225.1,35355.2,60685,107649,95374,49,67853,65875,54250,86611,84927,79513,9079,414066,11736,12483,10202,405,35306,11073,1107,8,3348
3,3,71417,39881.4,71468.8,90916.4,81338,3,95005,92287,76443,99050,97181,91252,10441,492054,9350,10112,8149,291,26982,9039,1063,8,3348
3,3,20548.7,7386.73,7897.93,12056.9,10925,9,19869,19279,15220,12917,12615,11422,1061,49132,1108,1301,989,7,2291,1154,231,8,3348
3,3,28645.9,12946.5,14460.2,17083.1,15441,7,32039,31018,24710,23153,22626,20382,2094,85141,1525,1887,1465,13,3246,1646,403,8,3348
3,3,55466.1,22591.4,26640.5,43100.5,38119,50,50149,48460,39310,46675,45680,42318,4992,216621,4907,5047,4074,160,13514,4496,334,8,3348
3,3,51778.8,19565.6,57784.6,70713.2,63020,41,52389,50829,41598,93897,91952,86327,9575,437743,7767,8470,6806,185,20844,7474,963,8,3348
3,3,49371.5,19886.8,43029.3,33817.4,30435,34,51350,49732,40911,75506,73935,68594,7882,350334,3957,4233,3404,92,11254,3795,436,8,3348
3,3,31975.3,7430.54,22322.9,19298.6,17503,17,21129,20409,16186,43704,42628,38156,4104,161532,2052,2364,1830,25,4614,2094,383,8,3348
3,3,31913.2,7026.75,20552.4,30486.4,27579,32,21116,20434,16022,43099,42056,37630,4121,158523,3340,3650,2854,50,8544,3226,424,8,3348
3,3,58581.9,37440.3,55565.3,60935.8,54121,39,74218,72111,60331,93500,91668,86083,10114,462026,6722,7269,6024,195,21231,6559,782,8,3348
3,3,48468.8,20305.7,48519.3,60921.9,54965,31,52105,50668,41717,83527,81756,76656,8631,387703,6079,6495,5276,90,17587,5763,604,8,3348
3,3,78913.3,63989.8,75561.6,183886,163700,62,134772,131225,111261,113241,111218,104534,11687,578916,19533,21447,18303,615,68650,19372,2456,8,3348
3,3,50922.9,17172.6,85734.7,55517,49701,41,46478,45060,36797,110178,107923,101095,11153,509781,5853,6318,5156,182,16074,5576,667,8,3348
3,3,56918.4,25939.4,38381.3,81715.7,73450,16,64166,62306,51073,65054,63775,59610,6708,300668,7777,9181,7623,180,23424,8214,1614,8,3348
3,3,30758.4,13896.5,10228.2,21951.6,19931,12,35207,34082,27303,21789,21291,19132,2014,80255,2013,2142,1621,29,4460,1853,200,8,3348
3,3,71753.5,47425.1,71831.9,90187.9,81058,8,89765,87148,71909,101875,99943,93906,10656,508233,8251,9663,7800,221,22656,8723,1683,8,3348
3,3,66017.9,49931.6,72601.9,125406,109593,49,90398,87882,73633,103737,101782,95949,11290,525930,12899,13792,11484,342,41947,12397,1296,8,3348
3,3,16922,9467.56,5864,9554.11,8670,22,21102,20427,16205,10366,10115,8872,654,32676,1027,1127,863,14,2296,996,140,8,3348
3,3,55273.9,25354.1,83029.5,46945.8,41293,28,59247,57584,47706,93296,91406,85695,10029,446997,4936,5163,4051,52,12913,4573,394,8,3348
3,3,52178.5,23489.9,67642.2,35275.2,31604,23,53118,51652,42680,89561,87726,82113,9437,423342,3826,3885,3047,42,10012,3421,179,8,3348
3,3,31981.6,10702.7,13118.2,26791.2,24537,15,25477,24677,19698,19628,19172,17501,1869,78117,2128,2436,1920,55,5405,2163,380,8,3348
3,3,24886,7312.18,13417.1,13586.1,12153,27,20539,19864,15728,24413,23809,21010,2043,83517,1614,1707,1322,24,3642,1491,144,8,3348
3,3,30573.7,5367.26,20999.7,42308.7,38080,24,17154,16533,12810,37886,36968,33279,3412,140267,4655,4980,3877,115,11526,4435,492,8,3348
3,3,33897.9,12930,15802.6,29148.7,26127,30,31550,30465,24192,32318,31535,29057,3261,136255,3205,3481,2686,66,7429,3075,410,8,3348
3,3,29280.6,10791.9,7195,19488.9,17439,27,28153,27349,22003,14505,14198,12832,1404,56064,2041,2258,1721,28,4835,1985,286,8,3348
3,3,73096.1,41402.6,84338.8,96441,84925,21,75958,73718,61000,114557,112373,106365,11820,586464,9927,10590,8658,163,29592,9462,984,8,3348
3,3,33639.6,16411.1,8550.46,26161.2,23203,34,31267,30396,24695,15652,15334,13871,1506,60748,2627,2907,2279,51,6457,2558,361,8,3348
3,3,22456.6,7133.88,8873.2,13145,11803,24,18775,18158,14332,19462,18965,16650,1570,63139,1347,1397,1061,22,3051,1214,92,8,3348
3,3,32876.5,8378.85,10423.3,20094.2,18115,20,24380,23622,18840,21179,20704,18948,1957,85580,2082,2327,1829,31,5309,2056,311,8,3348
3,3,20332.9,10427.6,4900.75,8662.06,7845,17,23554,22857,18339,11941,11681,10448,858,40794,870,975,731,3,1896,846,132,8,3348
3,3,25265,8596.83,14099.6,17373,15630,16,24570,23778,19000,24338,23749,21279,2115,83269,1863,1983,1523,20,4740,1716,171,8,3348
3,3,37975.5,16741.3,19856.8,49079.4,43761,35,40259,38893,31360,31762,31023,28342,3216,134830,4544,5014,3964,112,11730,4468,645,8,3348
3,3,31580,12143,29241.5,25087.9,22452,25,26215,25416,20369,41959,40972,36722,3889,154682,2247,2381,1811,53,5128,2083,222,8,3348
3,3,61905.8,38260.5,78847.4,81848.1,72681,37,77027,74924,62597,99566,97625,91742,10627,491075,8437,9065,7477,171,24484,8081,878,8,3348
3,3,68648.2,55140.1,84308.4,151669,134442,54,106492,103603,87385,105633,103661,97409,11314,529146,13545,14767,12396,412,43982,13280,1621,8,3348
3,3,23878.8,5869.46,11682.4,15073.8,13400,26,15190,14716,11536,21737,21246,19173,1847,80736,1573,1636,1236,29,3714,1439,118,8,3348
3,3,36689.5,8783.08,15860.5,26103.5,23900,5,23277,22508,17804,32703,31938,28930,3251,125997,2037,2441,1898,13,4573,2180,473,8,3348
3,3,67002.9,33648.7,85390.6,110636,97678,51,69231,67141,55415,107924,105835,100335,11084,547804,11198,12147,9942,289,32064,10790,1313,8,3348
3,3,33730.4,7480.14,19059,26898.4,24089,11,19705,19055,15008,32353,31622,28779,3188,125401,2800,3069,2388,36,6732,2692,364,8,3348
3,3,49901.6,18356.3,59141.1,57512.9,51476,33,49871,48402,39397,91188,89261,83816,9307,426033,6543,7091,5735,111,17834,6288,764,8,3348
3,3,72370.8,45978.2,64916.2,113043,97645,56,104626,101585,84415,101478,99575,93593,10755,503761,12255,13037,10641,378,37118,11651,1186,8,3348
3,3,39203.2,19737.7,20071.4,32371.6,28614,10,46012,44698,36375,35202,34473,31788,3453,147178,2927,3528,2770,37,6848,3102,681,8,3348
3,3,64868.9,29746.7,72651.5,104178,92470,21,69487,67481,55646,106173,104087,97925,10934,522280,10477,11273,9285,224,31883,10077,1112,8,3348
3,3,33847.1,5475.31,20619.5,33589.1,30102,34,17746,17177,13432,39971,39077,35778,3841,153474,3849,4127,3275,81,9767,3673,416,8,3348
3,3,14490,5749.76,2518.48,5972.54,5435,11,17792,17198,13468,7167,6966,5870,406,20398,716,777,578,1,1603,658,87,8,3348
3,3,51712.2,22900.6,36899.1,75088.2,66590,21,55823,54186,44316,64341,63047,59069,6648,292514,7140,8221,6844,240,21770,7325,1271,8,3348
