K,order,dist,cost_polyanya,cost_ki,cost_hi,h_cost,vnum,gen_poly,push_poly,pop_poly,gen_ki,push_ki,pop_ki,prune_ki,suc_call_ki,gen_hi,push_hi,pop_hi,prune_hi,suc_call_hi,heuristic_call,reevaluate,pts,polys
1,1,29101.6,9032.04,22429.8,4723.85,4234,19,22519,21797,17331,41075,40194,35975,3517,152275,651,618,445,2,1358,536,0,6,3894
1,1,31164.1,15119.5,10310,6372.15,5654,18,36226,35096,28512,22077,21531,19570,2223,90819,923,881,627,12,2253,770,0,6,3894
1,1,26593,11576,10774.4,2022.41,1819,7,30361,29386,23701,22465,21888,19682,2183,83633,289,276,189,0,495,236,0,6,3894
1,1,25789.7,9565.43,14364,1233.88,1100,4,25620,24825,19964,30833,30124,26776,2596,108712,158,152,89,0,274,109,0,6,3894
1,1,8603.13,18428.7,879.104,990.023,893,11,44254,42964,35713,2472,2385,1879,112,6195,151,145,90,0,250,124,0,6,3894
1,1,29420.8,10000.3,19510.1,1950.36,1735,3,26654,25836,20561,39192,38350,34772,3703,151313,298,285,191,0,524,235,0,6,3894
1,1,29758.8,14065.3,15338.3,15377.5,13628,24,33166,32211,25880,31632,30954,28036,2999,125426,2085,2045,1597,32,5817,1771,0,6,3894
1,1,14905.3,21930.7,3673.15,749.955,678,16,51571,50135,41734,9175,8943,7754,591,28195,123,114,67,0,176,90,0,6,3894
1,1,11950.3,30475.6,1057.6,839.803,753,5,66406,64604,54510,3238,3138,2666,215,8920,145,139,75,0,218,104,0,6,3894
1,1,43521.9,22813.1,25050.4,26952.5,23949,36,46344,45093,37210,45298,44412,41130,4528,203223,3536,3450,2738,89,9842,3013,0,6,3894
1,1,12820.9,17462.4,2277.36,975.495,866,9,35402,34277,28005,5594,5427,4634,376,17243,151,147,95,1,283,116,0,6,3894
1,1,21228.4,10549.6,9177.91,4853.68,4326,28,28231,27351,21933,19139,18630,16269,1618,63318,646,618,431,2,1440,534,0,6,3894
1,1,29490.1,4932.26,21598.2,8002.81,7024,18,13520,13056,9949,41719,40750,36453,3730,152413,1101,1067,790,9,2737,923,0,6,3894
1,1,15087.1,18078.1,1977.06,1954.52,1774,10,45725,44399,36649,5257,5116,4433,361,16741,244,231,149,0,426,194,0,6,3894
1,1,10961.1,13645.5,1509.64,1022.4,920,12,34564,33454,27395,4277,4147,3440,252,12103,161,155,94,0,260,129,0,6,3894
1,1,18337.6,24538.5,6225.32,3100.28,2786,15,57271,55675,46511,13779,13446,11870,1046,47379,446,422,289,3,895,359,0,6,3894
1,1,15897,7136.73,4021.39,3180.18,2903,10,18494,17811,13935,9935,9651,8305,743,31517,460,432,304,2,862,366,0,6,3894
1,1,29459.6,6886.06,20482.2,13471.8,12028,31,20003,19348,15324,41198,40232,36052,3707,151956,1778,1726,1333,29,4596,1520,0,6,3894
1,1,27809.8,7174.79,18964.2,9100.68,8182,23,20641,19949,15827,36662,35806,32022,3172,132909,1274,1229,920,16,3351,1073,0,6,3894
1,1,35213.1,16926,17233.3,3848.96,3465,6,40514,39324,31904,32907,32169,29695,3066,135398,566,541,380,0,1061,460,0,6,3894
1,1,11472.9,17419.5,1676.87,906.412,817,4,42896,41696,34504,4820,4685,3903,283,12734,134,129,83,0,195,105,0,6,3894
1,1,14915.1,13273.6,3296.09,2106.85,1907,14,33701,32678,26746,8800,8557,7268,606,26536,318,304,200,4,541,258,0,6,3894
1,1,11647.8,30530.6,1418.63,1266.09,1158,11,66672,64817,54356,3533,3433,2902,225,14288,191,184,119,1,286,148,0,6,3894
1,1,33415.9,6253.16,29318.8,3334.27,2977,5,16174,15679,12334,56170,54871,49386,5042,213466,457,445,284,0,869,391,0,6,3894
1,1,15899.4,27128.6,1863.31,1599.22,1454,9,61301,59565,49728,4696,4553,3917,398,16148,247,236,150,3,399,200,0,6,3894
1,1,23498.6,11612.2,6967.24,4314.37,3920,10,30114,29123,23383,16190,15756,13977,1460,58751,630,606,423,1,1376,515,0,6,3894
1,1,22868.8,8196.04,9711.27,2119.64,1888,5,22177,21493,17181,22748,22163,19465,1835,76069,280,273,176,0,518,234,0,6,3894
1,1,23398.7,8747.65,12062.7,8220.84,7404,13,23216,22473,17787,24719,24130,21324,2182,85738,1021,994,760,25,2796,852,0,6,3894
1,1,15417.4,9735.83,5923.67,3145.24,2869,17,23862,23070,18404,9446,9177,7850,610,28506,324,312,216,2,656,266,0,6,3894
1,1,26483.8,10966.3,9584.42,3488.61,3138,22,27677,26772,21693,20332,19823,17961,1989,85020,531,504,342,4,1072,430,0,6,3894
1,1,33851.8,10402,28769.9,8158.01,7274,10,26603,25798,20632,51916,50809,46852,5130,214852,1156,1117,805,17,2699,981,0,6,3894
1,1,11924.4,22375.7,1648.3,1754.12,1582,13,52198,50722,42053,4052,3927,3305,240,12213,263,253,169,3,510,216,0,6,3894
1,1,8497.98,9535.89,922.005,693.879,624,6,20518,19832,15807,2393,2310,1843,94,6274,118,108,65,0,155,84,0,6,3894
1,1,18979.6,6304.98,6510.35,6958.33,6285,23,19141,18452,14415,15013,14598,12684,1136,46384,992,963,737,10,2395,835,0,6,3894
1,1,19167.8,35444.7,3780.41,6292.99,5712,23,75898,73770,62136,8749,8524,7588,772,32545,908,878,637,13,2029,755,0,6,3894
1,1,26243.6,7520.2,16031.2,8034.94,7193,25,19952,19324,15270,32269,31549,28011,2759,115310,1153,1110,819,10,2761,957,0,6,3894
1,1,22163.6,11001.8,9426.19,2508.82,2277,14,29451,28543,23158,20788,20252,17799,1714,70343,391,375,245,3,713,306,0,6,3894
1,1,17985.8,14817.9,4835.01,4326.61,3961,22,39114,37966,31223,12092,11792,10376,903,39914,622,608,435,4,1419,524,0,6,3894
1,1,19705.9,9248.97,6261.85,3100.64,2767,12,23785,22992,18322,15676,15251,13196,1256,49555,421,406,281,4,829,343,0,6,3894
1,1,14269.9,10948.9,2731.87,2197.18,1970,14,28893,27928,22573,7766,7552,6317,524,22278,321,311,206,2,604,265,0,6,3894
1,1,6478.96,26721.6,297.797,427.35,387,7,59373,57878,48562,885,862,676,26,2252,70,70,34,0,87,51,0,6,3894
1,1,18302.7,12018.4,5756.78,3701.7,3344,19,30129,29246,23733,14199,13865,11982,1051,44332,564,545,381,12,1118,462,0,6,3894
1,1,21427.7,33153.9,4311.42,6189.48,5571,22,71039,68992,58117,10089,9842,8803,919,37827,848,807,577,13,1856,710,0,6,3894
1,1,28236.5,4443.63,19135.1,4132.37,3696,6,13476,12995,9978,37753,36836,32829,3313,135268,596,577,388,1,1139,469,0,6,3894
1,1,3911.56,9000.22,80.635,142.38,128,6,22504,21789,17606,326,312,214,1,629,27,25,13,0,24,16,0,6,3894
1,1,8174.87,15609.6,655.949,1477.05,1327,9,38193,37045,30567,2020,1940,1498,89,4949,168,158,100,2,316,137,0,6,3894
1,1,20789.9,12532.9,9340.93,2829.86,2607,13,28463,27601,22363,18184,17715,15472,1469,60979,243,235,149,0,412,193,0,6,3894
1,1,12326.3,28789.5,2997.75,1355.99,1231,12,52054,50600,42164,6185,6038,5220,324,19754,205,197,130,0,367,164,0,6,3894
1,1,27019,13746.4,13903,6787.63,6122,12,33777,32707,26358,20511,19979,17852,1939,76046,879,849,632,6,2092,748,0,6,3894
1,1,18310.1,17100.1,6121.94,5724.97,5062,15,36762,35708,29237,13917,13559,11755,1063,44567,700,670,499,14,1439,565,0,6,3894
1,1,8930.96,20837.3,952.575,393.117,346,7,48125,46783,38941,2753,2661,2149,126,7006,61,58,35,0,90,47,0,6,3894
1,1,33735.2,11031.4,32832.1,12827.7,11459,22,27936,27100,21633,49041,47931,44300,4696,202475,1816,1774,1375,24,4589,1524,0,6,3894
1,1,10564.1,8127.42,1430.52,1452.31,1322,12,20549,19869,15714,4245,4132,3478,200,12192,215,204,130,0,391,177,0,6,3894
1,1,14499.2,16485.6,3485.95,2777.48,2519,14,30740,29844,24121,8186,7991,6886,541,25786,398,386,269,2,788,330,0,6,3894
1,1,14158.2,26120.4,3167.84,2161.09,1959,5,58254,56656,47500,6802,6633,5829,399,22976,323,316,224,0,750,258,0,6,3894
1,1,23216.6,8544.27,10578.7,1753.41,1593,5,21803,21101,17014,23397,22785,20039,1938,78185,236,227,154,0,409,186,0,6,3894
1,1,10944.1,27376.6,1333.19,1940.3,1747,13,50660,49256,40840,3793,3681,3055,222,11086,220,210,126,0,385,180,0,6,3894
1,1,21286.9,21932.4,6122.12,6747.94,6024,13,50574,49184,40417,10775,10518,9289,822,35307,906,871,623,12,2346,754,0,6,3894
1,1,19933.1,21193.2,3162.94,5505.33,4983,14,48664,47346,38943,8344,8156,7160,627,26399,806,779,565,18,1924,671,0,6,3894
1,1,15490.3,16067.2,3611.22,2831.34,2553,13,39726,38630,31807,9429,9190,7846,642,28833,412,394,284,1,867,332,0,6,3894
1,1,10391.1,27326.3,997.663,587.789,529,8,61137,59466,50074,2958,2865,2401,166,7878,92,92,58,0,167,70,0,6,3894
1,1,25350.2,16087.9,8512.03,7959.65,7111,28,39160,38001,30868,18156,17749,15895,1640,65898,1049,1013,742,11,2481,871,0,6,3894
1,1,4720.07,19716.1,185.024,306.857,272,4,46393,45064,37392,571,547,380,6,1051,47,46,26,0,59,35,0,6,3894
1,1,12855.8,25617.5,2296.22,1632.45,1480,6,57961,56366,47220,5413,5280,4555,306,17617,246,241,164,2,533,198,0,6,3894
1,1,13627.2,8412.56,2150.43,1828.23,1660,10,22390,21621,17153,5427,5256,4456,349,17582,270,262,180,2,500,222,0,6,3894
1,1,26031.5,22869.3,7332.65,12494.3,11283,13,50943,49582,40845,16269,15901,14235,1376,56784,1150,1114,825,16,3213,969,0,6,3894
1,1,6534.36,15827,403.087,437.573,395,8,36573,35410,28961,1246,1203,898,41,2763,70,66,35,0,87,54,0,6,3894
1,1,6093.03,15139.5,344.574,139.929,123,3,37123,35987,29730,1032,1000,746,17,2275,29,29,12,0,30,17,0,6,3894
1,1,33789.5,14416.1,19582.8,9287.11,8313,18,33569,32537,26113,36767,35925,33273,3380,151773,1236,1191,884,11,2718,1031,0,6,3894
1,1,15966.3,16505,4596,3854.21,3504,17,36437,35424,29087,9909,9690,8367,685,30666,551,534,407,9,1168,453,0,6,3894
1,1,27659.4,9814.03,18645,3215.19,2864,5,25581,24809,19683,34915,34142,30800,3169,130626,469,453,310,0,847,391,0,6,3894
1,1,9290.3,7233.19,1109.96,866.777,769,9,19493,18784,14716,2890,2793,2234,128,7486,137,126,80,0,208,102,0,6,3894
1,1,18374.3,16724.6,6195.84,1738.38,1580,10,40224,39071,32100,14539,14183,12374,1025,46246,278,268,171,2,431,209,0,6,3894
1,1,15036.1,6734.74,3755,4901.4,4423,18,20148,19403,15187,8868,8614,7333,580,25676,689,668,495,2,1533,565,0,6,3894
1,1,13602.1,30047.3,3079.62,2154.57,1960,11,63330,61452,51279,6816,6631,5667,433,21381,305,288,195,3,586,238,0,6,3894
1,1,38989.3,21262.2,23721,25858.9,22919,35,42015,40807,33105,40122,39312,36228,4014,176340,3032,2958,2320,58,8416,2573,0,6,3894
1,1,25797.8,12320.6,14310.1,9341.59,8330,20,29267,28386,22615,27231,26588,23978,2318,96176,1321,1285,1002,19,3459,1107,0,6,3894
1,1,13755.7,16318.7,2772.19,2729.72,2426,11,37153,36042,29423,6847,6653,5610,447,20539,394,376,251,1,774,305,0,6,3894
1,1,9383.36,18291.7,1156.29,949.075,854,7,44317,43028,35665,3118,3019,2458,129,7980,146,140,96,0,229,104,0,6,3894
1,1,9840.3,10003.4,1138.64,1184.29,1053,9,25528,24621,19380,2885,2785,2243,163,8135,165,160,103,0,311,138,0,6,3894
1,1,12145.2,27196.6,2148.04,1967.32,1754,12,61004,59177,49213,5279,5128,4336,288,16487,275,256,171,2,525,220,0,6,3894
1,1,14848.8,12249.9,3914.97,3229.14,2879,18,29933,29035,23441,9026,8803,7577,564,28912,451,440,320,5,1060,372,0,6,3894
1,1,17245.2,32486.6,4224.88,2755.82,2454,7,63529,61788,51919,9352,9118,8111,634,32598,393,382,268,2,923,321,0,6,3894
1,1,29628.8,8958.18,23582.1,11173.9,10058,36,24433,23545,18526,35370,34504,31460,3096,145712,1603,1541,1124,33,3594,1334,0,6,3894
1,1,7231.58,16812.2,595.243,492.594,449,8,40239,39113,32048,1738,1700,1334,46,4167,73,72,49,0,115,58,0,6,3894
1,1,33016.8,5497.51,30237.9,7784.6,6985,14,14238,13768,10697,54357,53086,47699,4959,204819,1074,1040,763,8,2511,879,0,6,3894
1,1,20958.5,14640.9,9206.25,5322.76,4715,21,34526,33515,27393,18428,17968,15877,1508,62066,707,684,502,12,1564,576,0,6,3894
1,1,15265.6,32932,2335.85,5286.87,4855,16,66808,65010,54717,5218,5085,4361,299,16963,418,400,281,5,962,341,0,6,3894
1,1,46211,20547.7,32944,19271.1,17042,21,45746,44438,36547,55291,54140,50494,5593,246419,2511,2434,1877,45,6921,2127,0,6,3894
1,1,41235.3,17826.7,23386,6628.95,5970,14,39939,38795,31683,41433,40543,37680,4024,176575,954,922,659,3,1905,806,0,6,3894
1,1,17307.4,14672.1,6878.86,1419.4,1262,5,28692,27798,22344,13086,12777,11122,959,41373,177,175,120,0,383,146,0,6,3894
1,1,11268.4,6849.6,1945.86,1213.08,1097,10,19183,18466,14346,4535,4386,3596,231,12376,193,180,116,0,288,147,0,6,3894
1,1,41156.1,16455.5,23345.4,6667.11,5963,14,39861,38713,31601,41314,40427,37577,3994,175978,955,923,659,3,1909,809,0,6,3894
1,1,17324,14640.8,5450.14,5150.05,4661,18,32016,31101,25268,11658,11387,10062,831,38575,664,646,491,7,1581,555,0,6,3894
1,1,11998,22945.3,2648.68,1373.25,1249,12,51378,49958,41653,5890,5753,4983,316,18492,193,187,124,0,348,154,0,6,3894
1,1,46060.1,24715.5,28650.8,34386.1,30595,37,51484,50078,41251,50299,49332,45793,4970,226472,4398,4292,3425,99,12842,3763,0,6,3894
1,1,17635,7104.8,5365.13,3941.82,3587,19,20208,19524,15371,13165,12812,11144,966,41643,577,559,398,2,1322,480,0,6,3894
1,1,12952.9,24240.5,2359.88,1094.44,978,11,47487,46181,38526,6043,5869,5057,382,17994,163,159,108,0,317,135,0,6,3894
1,1,10118.9,7425.59,1329.27,818.462,745,11,19868,19213,15240,3728,3629,3040,192,10338,127,120,76,0,228,95,0,6,3894
1,1,6326.79,10651.3,416.775,384.9,334,4,28439,27592,22359,1303,1268,965,28,3078,62,61,34,0,84,44,0,6,3894
1,1,19624.1,6569.6,7320.29,3336.56,3032,16,19309,18605,14590,16155,15710,13708,1267,53810,510,482,321,2,871,408,0,6,3894
1,1,52390.6,31675.2,24515.8,5054.88,4504,6,69430,67484,56318,46187,45260,41986,4636,207391,730,703,456,0,1478,599,0,6,3894
1,1,36202,13971.5,21594.2,13463.2,12147,13,33552,32520,26057,41540,40632,37693,3892,175080,1294,1253,935,10,3055,1078,0,6,3894
1,1,3362.01,20634.3,81.438,66.767,59,3,48912,47469,39184,211,203,125,0,366,16,17,6,0,14,7,0,6,3894
1,1,48713.4,20744.3,37966.4,32076.5,28601,35,50109,48718,40068,57472,56327,52491,5677,260625,4221,4112,3316,84,12443,3599,0,6,3894
1,1,19100.3,31230,4149.4,5400.55,4911,19,67258,65298,54793,9097,8860,7914,778,34726,673,639,444,7,1379,557,0,6,3894
1,1,10130.6,22085.5,879.837,1336.74,1214,8,51550,50169,41807,2546,2466,2050,143,6774,192,185,127,2,389,157,0,6,3894
1,1,35122.8,9820.52,31995,13226.9,11821,16,25434,24639,19604,57710,56483,52030,5579,241031,1830,1774,1341,22,5034,1525,0,6,3894
1,1,20550.7,4690.02,8908.11,2842.77,2562,7,14056,13560,10513,18761,18295,16064,1468,61850,360,352,241,7,650,286,0,6,3894
1,1,16824.5,17874.9,2058.74,2076.49,1881,10,40431,39132,32023,5664,5505,4747,478,17882,311,298,189,0,563,250,0,6,3894
1,1,11243.8,25200.2,1847.22,1834.5,1652,12,45942,44583,36939,4142,4025,3356,232,13051,238,228,151,0,482,198,0,6,3894
1,1,20171.3,4906.94,9349.53,2318.14,2083,9,13504,12996,9926,17899,17447,15289,1304,58854,306,285,176,0,518,245,0,6,3894
1,1,29429.4,9436.68,21010.2,5022.95,4515,12,23356,22659,18183,41228,40249,36022,3737,149249,675,654,462,5,1381,551,0,6,3894
1,1,10377.5,19016,1193.72,1376.65,1254,14,35476,34462,28136,3690,3583,2947,199,9693,208,200,134,0,364,169,0,6,3894
1,1,32350.9,11664.1,17275.7,3057.09,2691,4,29217,28292,22718,31841,31097,28488,3240,135092,470,449,287,0,752,357,0,6,3894
1,1,23685.4,10807,13070,1523.88,1338,4,22440,21738,17558,24637,24002,21153,2047,82881,208,200,126,0,368,173,0,6,3894
1,1,17515.7,15653.5,5252.49,5013.49,4478,14,37905,36822,30238,12577,12258,10585,960,39467,700,671,501,15,1442,560,0,6,3894
1,1,31491.3,14091.7,24011,10248,9076,13,28198,27365,21901,41614,40715,37216,4020,167258,1085,1058,787,5,2992,924,0,6,3894
1,1,10323.6,26899.5,1283.72,785.057,692,7,55268,53689,44578,3490,3392,2768,174,9051,112,111,58,0,193,92,0,6,3894
1,1,8389.45,15578.9,1016.62,409.921,371,3,32788,31786,26082,2175,2115,1656,97,5466,48,49,22,0,60,35,0,6,3894
1,1,27270.4,12804.6,19194.5,13035.4,11474,19,27121,26279,20903,32236,31465,28434,2844,117003,1407,1374,1071,21,3557,1184,0,6,3894
1,1,4912.15,28841.6,302.354,259.25,236,7,55684,54118,45272,716,693,513,16,1537,34,32,16,0,39,22,0,6,3894
1,1,50231.5,25627,36228.6,15704.2,13954,15,59253,57518,47412,52203,51150,47617,5182,235818,2123,2050,1509,6,4848,1772,0,6,3894
1,1,26244.8,10060.2,20089,4935.23,4451,10,23695,22948,18373,31747,30944,27473,2689,111996,516,500,350,8,993,418,0,6,3894
1,1,8534.06,30471.5,835.657,481.733,436,5,56172,54550,45323,2285,2209,1745,92,5443,68,69,39,0,130,52,0,6,3894
1,1,24595.2,9539.53,17022.5,9350.55,8348,24,20126,19477,15343,27769,27138,24056,2368,97277,946,917,681,20,2126,800,0,6,3894
1,1,46799.5,27807,35862,43715,38454,36,52918,51483,42479,50861,49881,46352,4974,229535,4664,4554,3664,103,13880,4000,0,6,3894
1,1,9383.62,16441.9,1073.61,941.01,839,12,38192,37102,30466,2906,2822,2285,136,7513,134,127,84,0,250,107,0,6,3894
1,1,17399.2,16094.9,4531.05,3390.21,3066,14,39963,38801,31903,10598,10337,9103,823,34150,399,385,256,3,742,325,0,6,3894
1,1,12498.9,14444.4,2187.78,1260.26,1143,14,35076,34022,27678,5630,5470,4563,331,16241,192,187,118,2,345,155,0,6,3894
1,1,29815.8,8032.94,21750.6,7686.93,6880,19,21369,20645,16473,42284,41244,36997,3914,159975,1092,1050,758,22,2420,914,0,6,3894
1,1,13779.1,34143.2,1671.12,2218.45,2006,16,72786,70798,59526,3902,3789,3240,267,15790,321,314,219,6,577,266,0,6,3894
1,1,7514.35,24033,559.423,696.711,615,7,55892,54226,45087,1698,1635,1275,67,3780,100,92,51,1,163,78,0,6,3894
1,1,31165.7,14055.7,14446.7,14327.8,12906,31,36655,35562,28629,28678,28076,25428,2784,113639,2002,1942,1498,39,5331,1689,0,6,3894
1,1,29116.9,9060.94,16493.2,10051.8,9073,31,24666,23825,18899,32142,31368,28687,2904,133686,1433,1387,1049,22,3367,1212,0,6,3894
1,1,34247.7,10386.4,28634.7,13999.1,12513,22,27307,26484,21114,50252,49138,45532,4929,210043,1947,1897,1473,27,4899,1627,0,6,3894
1,1,24298,13403.4,7439.96,3651.09,3248,12,31335,30365,24634,15066,14685,13176,1340,61619,506,486,333,0,1001,421,0,6,3894
1,1,13714.9,14470.3,1889.24,742.436,661,6,36662,35487,28914,5432,5273,4479,383,17156,114,110,62,0,161,88,0,6,3894
1,1,14467.8,16607.7,2877.89,831.486,743,5,32393,31464,26012,6986,6805,5847,483,22371,124,119,76,0,252,96,0,6,3894
1,1,3533.78,23127.7,97.34,137.807,122,4,49983,48472,40109,226,211,132,1,392,23,21,9,0,21,13,0,6,3894
1,1,20853.4,5441.39,9571.31,2655.26,2385,8,15607,15043,11615,19366,18875,16527,1460,63333,352,340,227,2,731,294,0,6,3894
1,1,9993.85,28226.9,940.97,1459.64,1317,11,53646,52238,43609,2183,2127,1762,111,5828,203,196,137,0,431,166,0,6,3894
1,1,4233.02,11984.4,113.069,157.289,141,5,28505,27654,22544,373,363,234,4,690,29,27,13,0,33,19,0,6,3894
1,1,26122.7,9294.8,17223.2,10239.1,9123,21,19666,19012,14988,31155,30421,27080,2473,109911,1121,1087,804,10,2924,945,0,6,3894
1,1,16293.8,35740.8,3341.3,4978.23,4499,23,67982,66030,55366,7076,6887,5985,537,23369,605,580,404,17,1148,499,0,6,3894
1,1,21996.7,13402.5,9557.14,2738.47,2476,15,30470,29540,24057,20605,20076,17635,1720,69694,372,356,229,2,687,292,0,6,3894
1,1,7813.8,14644,752.785,480.45,428,6,28068,27209,22155,1960,1901,1466,63,5001,69,65,36,0,111,52,0,6,3894
1,1,12202.7,17759.1,2083.02,1844.48,1641,15,31747,30710,25063,5309,5145,4267,332,15065,269,261,169,1,522,224,0,6,3894
1,1,7828.94,36001.3,626.25,807.213,718,5,60363,58652,48905,1827,1761,1382,68,4192,118,114,67,1,178,93,0,6,3894
1,1,4529.35,12572.6,170.52,162.403,143,3,26777,25951,21140,461,436,286,5,937,31,30,16,0,29,18,0,6,3894
1,1,16391.8,12308.1,5140.31,4226.99,3707,20,26024,25220,20287,10646,10336,8852,726,32403,519,495,337,5,1008,416,0,6,3894
1,1,19128.4,10847.1,7878.46,4556,4032,21,24790,24026,19340,16091,15706,13798,1156,52974,645,628,459,9,1487,528,0,6,3894
1,1,27095.5,14782.6,9436.61,11900.6,10614,21,32958,31913,25698,17543,17090,15142,1609,63995,1262,1221,951,22,3509,1077,0,6,3894
1,1,16521.6,29984.2,7219.76,3333.64,3015,16,52580,51107,42636,11478,11198,9715,795,36123,325,320,245,0,751,263,0,6,3894
1,1,9676.87,19979.3,1743.84,818.751,720,5,40110,38935,31842,3607,3516,2883,122,9855,126,125,73,0,201,94,0,6,3894
1,1,22933.5,5630.63,14182.1,4562.72,3961,10,12767,12315,9388,24101,23518,20819,1975,81804,571,557,397,0,1233,466,0,6,3894
1,1,23529.3,26368.3,9010.94,1658.78,1478,4,42775,41563,33888,16504,16106,14458,1322,57206,206,197,126,0,400,167,0,6,3894
1,1,27267.3,8379.26,20263.5,12583.5,11103,24,19598,18947,15087,34744,33925,30277,3033,124796,1592,1546,1201,31,4413,1360,0,6,3894
1,1,19745.8,19144.4,5637.68,2473.73,2183,11,36733,35721,29209,10202,9947,8758,820,34612,323,317,224,0,658,279,0,6,3894
1,1,25743.4,9003.28,16912.7,10484.1,9386,23,21642,20865,16419,29266,28477,25387,2606,107966,1049,1005,713,12,2146,871,0,6,3894
1,1,9536.78,32465,1103.29,1426.99,1255,10,55634,54059,45136,2786,2692,2205,160,8077,173,170,103,0,296,140,0,6,3894
1,1,17348.3,24790.2,5590.26,3228.51,2908,5,42387,41205,34087,11994,11697,10174,898,38831,277,269,175,0,602,227,0,6,3894
1,1,24449.5,46681,6940.53,8222.35,7234,16,76798,74647,63071,11486,11213,10065,1039,44059,1079,1025,747,19,2574,901,0,6,3894
1,1,21316.8,15928.8,11529.3,4913.27,4340,17,30561,29642,23898,18722,18295,16279,1481,65921,516,503,361,1,1313,433,0,6,3894
1,1,25807.3,46421.9,7422.92,8652.12,7641,11,77620,75490,63825,14005,13713,12430,1192,55072,1013,974,731,15,2351,835,0,6,3894
1,1,32474.1,8139.53,33851.6,19368.1,17034,33,15706,15184,11854,52465,51222,46008,4684,200697,2562,2501,1950,61,6671,2182,0,6,3894
1,1,19444.1,6850.78,8510.9,5949.59,5269,23,19156,18490,14577,16556,16124,14090,1268,53692,769,739,533,7,1798,650,0,6,3894
1,1,32548.9,6693.34,31716.9,3590.85,3212,5,16704,16178,12759,52452,51220,46083,4642,199086,513,499,325,2,910,431,0,6,3894
1,1,25317,16582.5,10330.7,10183.2,9200,26,36508,35454,28743,21038,20551,18509,1802,77329,1321,1290,998,22,3335,1104,0,6,3894
1,1,26063.8,15225.5,11711.2,919.076,818,4,28008,27083,21774,22230,21666,19445,2072,82996,148,140,75,0,217,107,0,6,3894
1,1,11665,14956.1,2363.8,767.628,693,6,35739,34663,28168,5323,5181,4353,265,14935,118,116,75,0,200,91,0,6,3894
1,1,23813.6,13070.6,12537.6,5346.52,4839,11,30608,29709,24154,26062,25429,22520,2154,88678,777,740,519,19,1607,643,0,6,3894
1,1,25030.6,10863.1,15835.5,7209.5,6477,19,20121,19466,15337,29119,28469,25277,2464,102542,826,792,582,7,1795,695,0,6,3894
1,1,19274.5,38574.8,4986.28,4214.68,3775,12,67158,65327,54937,9934,9706,8643,701,34209,548,532,380,2,1280,449,0,6,3894
1,1,32861.1,4817.49,33466.6,19431,17056,39,13119,12703,9891,54138,52871,47468,4843,205118,2187,2138,1636,49,5730,1884,0,6,3894
1,1,30301,10729.9,26808,20114.8,17720,21,24829,23981,19130,41045,40024,36165,3757,160344,2341,2250,1674,30,5606,1981,0,6,3894
1,1,34565.7,12765.2,32892.6,15888.4,14028,21,27544,26709,21292,50887,49754,46147,5020,213865,1977,1929,1501,26,5005,1653,0,6,3894
1,1,14520,18808.5,3472.25,2769.46,2508,10,37229,36116,29495,8022,7788,6584,574,23533,391,378,255,6,769,333,0,6,3894
1,1,11519.7,17045.6,1427.12,710.109,628,7,41214,39992,32798,3520,3421,2898,208,10373,102,98,63,0,226,80,0,6,3894
1,1,13734.4,32636.2,2927.18,2224.62,1986,11,63263,61390,51259,6984,6795,5804,450,21862,318,299,206,5,613,251,0,6,3894
1,1,29981.8,5975.3,24944,12787.2,11231,19,15369,14852,11404,43301,42315,37862,3924,159490,1568,1521,1147,23,3989,1327,0,6,3894
1,1,42019,26138.4,21191,4367.21,3870,6,47917,46558,38291,36055,35269,32605,3512,151649,598,577,372,0,1223,487,0,6,3894
1,1,20270.3,19538,9312.88,7867.91,7085,18,38996,37878,31002,18254,17828,15685,1358,60336,802,788,583,3,1851,670,0,6,3894
1,1,29582.8,15107.1,11732.9,11931.7,10566,21,34738,33643,27232,21333,20792,18653,2011,81937,1474,1430,1115,24,4332,1261,0,6,3894
1,1,18313,10128.7,4339.64,2571.94,2308,9,25297,24442,19182,9867,9588,8342,794,34174,367,355,240,1,718,304,0,6,3894
1,1,16134.8,10119.4,4613.78,2884.82,2543,7,25418,24620,19728,10847,10578,9136,759,34935,386,375,268,1,707,325,0,6,3894
1,1,10093.9,10336.6,1161.68,1245.45,1130,9,27118,26319,21077,3435,3329,2699,205,8874,155,153,99,0,338,125,0,6,3894
1,1,4908.91,23558.7,202.42,436.754,396,5,54726,53264,44400,592,570,410,10,1292,67,66,36,0,88,51,0,6,3894
1,1,34711.9,15637.5,14110.5,13494.6,12187,18,38310,37147,30365,29441,28750,26153,3005,122473,1845,1783,1376,18,5368,1579,0,6,3894
1,1,5963.27,15104.2,304.902,149.712,132,5,36562,35440,29244,960,931,689,19,2081,34,33,15,0,33,18,0,6,3894
1,1,33415.8,13679.7,14738.1,5246.6,4748,8,33640,32611,26420,30904,30167,27616,3196,130442,749,724,509,1,1663,631,0,6,3894
1,1,53894.2,38483.3,37074.8,25551.9,22777,21,65787,63985,53219,57747,56639,52769,5829,264904,2833,2746,2072,29,7049,2392,0,6,3894
1,1,24731,12308.9,12525.5,1225.07,1047,4,26981,26094,20922,20450,19932,17822,1893,74653,155,148,87,0,226,105,0,6,3894
1,1,9470.54,12616.1,1135.06,424.682,374,5,28798,27947,22941,2971,2889,2337,114,8537,69,69,39,0,133,48,0,6,3894
1,1,22452.3,12513.4,9921.68,7504.34,6633,17,32319,31376,25214,20486,20008,17919,1701,69721,1032,1003,766,22,2567,872,0,6,3894
1,1,49103.5,31202.3,26029.4,3354.36,2921,5,62878,61087,50770,45053,44119,40985,4479,199113,477,455,310,0,919,382,0,6,3894
1,1,24167.7,14094.4,15840.3,10421.4,9238,27,26199,25339,20347,26588,25924,22935,2323,90878,1404,1342,1021,33,3454,1183,0,6,3894
1,1,23312.7,11873.6,10713.2,3447.03,3053,17,29692,28775,23384,23250,22656,20020,1957,79333,442,423,275,0,903,354,0,6,3894
1,1,45980.6,30413.3,20672.4,14261.1,12624,14,59461,57781,47864,38521,37712,34900,3846,165676,1964,1905,1379,20,5092,1644,0,6,3894
1,1,7774.08,15419.9,586.534,924.326,835,9,29969,28927,23085,1605,1544,1234,73,4023,133,127,83,0,257,111,0,6,3894
