K,dist,cost_ki,cost_hi,h_cost,vnum,gen_ki,push_ki,pop_ki,prune_ki,suc_call_ki,gen_hi,push_hi,pop_hi,prune_hi,suc_call_hi,reevaluate,density
3,20124,37721,25851.1,22292,18,1311,58695,53702,5566,245028,117,4004,3112,78,8491,462,0.00134559
3,20679.9,37721,25851.1,22292,26,1311,58695,53702,5566,245028,117,4004,3112,78,8491,462,0.00134559
3,32598.8,37721,25851.1,22292,33,1311,58695,53702,5566,245028,117,4004,3112,78,8491,462,0.00134559
3,42794,100796,89273.1,76141,10,2314,122749,115542,13056,653559,396,12750,10451,257,36853,1345,0.00134559
3,56098.1,100796,89273.1,76141,26,2314,122749,115542,13056,653559,396,12750,10451,257,36853,1345,0.00134559
3,59913.9,100796,89273.1,76141,47,2314,122749,115542,13056,653559,396,12750,10451,257,36853,1345,0.00134559
3,31018.7,65626,38331.6,33080,15,1973,92928,86019,9640,443544,176,5573,4458,114,13623,826,0.00134559
3,44276.1,65626,38331.6,33080,24,1973,92928,86019,9640,443544,176,5573,4458,114,13623,826,0.00134559
3,45054.7,65626,38331.6,33080,9,1973,92928,86019,9640,443544,176,5573,4458,114,13623,826,0.00134559
3,20733.5,56721.4,40538.4,34822,9,1806,87450,81678,9136,429128,234,6784,5424,204,17858,366,0.00134559
3,40473,56721.4,40538.4,34822,4,1806,87450,81678,9136,429128,234,6784,5424,204,17858,366,0.00134559
3,50897.6,56721.4,40538.4,34822,41,1806,87450,81678,9136,429128,234,6784,5424,204,17858,366,0.00134559
3,29741.6,112442,90565.5,78469,38,2816,143315,135245,14466,730809,335,12232,10156,349,35545,1349,0.00134559
3,42876.3,112442,90565.5,78469,31,2816,143315,135245,14466,730809,335,12232,10156,349,35545,1349,0.00134559
3,53650.8,112442,90565.5,78469,29,2816,143315,135245,14466,730809,335,12232,10156,349,35545,1349,0.00134559
3,29515.8,58986.8,42139.6,36751,23,1913,89212,82451,9128,418646,185,6059,4818,151,13650,943,0.00134559
3,40995.5,58986.8,42139.6,36751,25,1913,89212,82451,9128,418646,185,6059,4818,151,13650,943,0.00134559
3,43045,58986.8,42139.6,36751,18,1913,89212,82451,9128,418646,185,6059,4818,151,13650,943,0.00134559
3,9401.84,44105.3,15563.6,13396,10,1538,70621,64571,6876,292074,107,2607,1954,38,5372,256,0.00134559
3,28457.8,44105.3,15563.6,13396,9,1538,70621,64571,6876,292074,107,2607,1954,38,5372,256,0.00134559
3,35096.8,44105.3,15563.6,13396,26,1538,70621,64571,6876,292074,107,2607,1954,38,5372,256,0.00134559
3,20623.9,55211.2,48550.7,41901,10,1770,86152,80389,9056,425095,228,6515,5190,202,16969,341,0.00134559
3,41953.7,55211.2,48550.7,41901,3,1770,86152,80389,9056,425095,228,6515,5190,202,16969,341,0.00134559
3,51599.8,55211.2,48550.7,41901,36,1770,86152,80389,9056,425095,228,6515,5190,202,16969,341,0.00134559
3,12985.5,66746.5,25769.7,22158,15,2025,98818,91991,10080,451104,140,3875,3017,99,9271,215,0.00134559
3,17762.2,66746.5,25769.7,22158,6,2025,98818,91991,10080,451104,140,3875,3017,99,9271,215,0.00134559
3,41361.7,66746.5,25769.7,22158,39,2025,98818,91991,10080,451104,140,3875,3017,99,9271,215,0.00134559
3,23920.5,73059.1,58254,49792,8,2044,101952,95519,10617,502231,279,9513,7813,311,28654,481,0.00134559
3,36543.6,73059.1,58254,49792,14,2044,101952,95519,10617,502231,279,9513,7813,311,28654,481,0.00134559
3,51300.9,73059.1,58254,49792,61,2044,101952,95519,10617,502231,279,9513,7813,311,28654,481,0.00134559
3,30330.2,95764.2,76530,66018,21,2626,131013,122951,13360,652031,339,11698,9606,290,31645,1242,0.00134559
3,44544.4,95764.2,76530,66018,35,2626,131013,122951,13360,652031,339,11698,9606,290,31645,1242,0.00134559
3,48510.8,95764.2,76530,66018,43,2626,131013,122951,13360,652031,339,11698,9606,290,31645,1242,0.00134559
3,38155.6,35676.2,46274.2,39403,5,1251,59836,55797,6639,281929,197,7432,5927,170,19614,540,0.00134559
3,38582.3,35676.2,46274.2,39403,11,1251,59836,55797,6639,281929,197,7432,5927,170,19614,540,0.00134559
3,48612.3,35676.2,46274.2,39403,46,1251,59836,55797,6639,281929,197,7432,5927,170,19614,540,0.00134559
3,9971,30338.8,12387,10745,7,1279,53245,49642,5495,250372,80,2086,1573,20,5707,145,0.00134559
3,13197.3,30338.8,12387,10745,20,1279,53245,49642,5495,250372,80,2086,1573,20,5707,145,0.00134559
3,37765.6,30338.8,12387,10745,18,1279,53245,49642,5495,250372,80,2086,1573,20,5707,145,0.00134559
3,7301.53,25116.9,34659.1,29231,9,969,46007,42441,4781,202792,151,5264,4211,115,13236,441,0.00134559
3,30722,25116.9,34659.1,29231,24,969,46007,42441,4781,202792,151,5264,4211,115,13236,441,0.00134559
3,38765.1,25116.9,34659.1,29231,26,969,46007,42441,4781,202792,151,5264,4211,115,13236,441,0.00134559
3,37568.5,79288.2,62745.7,54025,6,2262,115130,108121,12139,598651,286,9107,7387,171,25500,826,0.00134559
3,49979,79288.2,62745.7,54025,17,2262,115130,108121,12139,598651,286,9107,7387,171,25500,826,0.00134559
3,53754.2,79288.2,62745.7,54025,32,2262,115130,108121,12139,598651,286,9107,7387,171,25500,826,0.00134559
3,65740.1,108710,150644,126278,23,2596,148986,140433,15788,822539,514,19893,16358,372,56888,2831,0.00134559
3,68255.8,108710,150644,126278,58,2596,148986,140433,15788,822539,514,19893,16358,372,56888,2831,0.00134559
3,77281.8,108710,150644,126278,16,2596,148986,140433,15788,822539,514,19893,16358,372,56888,2831,0.00134559
3,13479.5,35922,15429.9,13364,14,1213,54397,49535,5190,216472,86,2223,1667,19,4139,316,0.00134559
3,24511.7,35922,15429.9,13364,12,1213,54397,49535,5190,216472,86,2223,1667,19,4139,316,0.00134559
3,31177.2,35922,15429.9,13364,17,1213,54397,49535,5190,216472,86,2223,1667,19,4139,316,0.00134559
3,17288.3,59386.9,35086,29895,15,1792,79837,74532,8588,393234,187,5787,4646,106,15641,535,0.00134559
3,30599,59386.9,35086,29895,24,1792,79837,74532,8588,393234,187,5787,4646,106,15641,535,0.00134559
3,43326.4,59386.9,35086,29895,31,1792,79837,74532,8588,393234,187,5787,4646,106,15641,535,0.00134559
3,4740.96,29737.5,30778.2,26478,5,1291,52200,47640,5244,213993,176,4406,3435,96,11936,218,0.00134559
3,31818.7,29737.5,30778.2,26478,32,1291,52200,47640,5244,213993,176,4406,3435,96,11936,218,0.00134559
3,32075.1,29737.5,30778.2,26478,21,1291,52200,47640,5244,213993,176,4406,3435,96,11936,218,0.00134559
3,36554.9,35193.2,40936.8,34303,4,1249,59161,55080,6477,277572,179,6904,5518,166,19227,396,0.00134559
3,38840.5,35193.2,40936.8,34303,9,1249,59161,55080,6477,277572,179,6904,5518,166,19227,396,0.00134559
3,48123.5,35193.2,40936.8,34303,42,1249,59161,55080,6477,277572,179,6904,5518,166,19227,396,0.00134559
3,4806.48,21497.1,21581.3,18967,3,936,38930,35696,4032,173935,135,3628,2767,78,8531,311,0.00134559
3,25664.3,21497.1,21581.3,18967,32,936,38930,35696,4032,173935,135,3628,2767,78,8531,311,0.00134559
3,36131.8,21497.1,21581.3,18967,30,936,38930,35696,4032,173935,135,3628,2767,78,8531,311,0.00134559
3,31752.3,96572,69278,58793,17,2452,125065,118289,12868,639845,294,10713,8873,288,31927,867,0.00134559
3,33924.3,96572,69278,58793,21,2452,125065,118289,12868,639845,294,10713,8873,288,31927,867,0.00134559
3,53643.6,96572,69278,58793,59,2452,125065,118289,12868,639845,294,10713,8873,288,31927,867,0.00134559
3,19762.2,41285.1,25476.8,22150,28,1388,62419,57125,5964,263007,115,3919,3030,74,8374,448,0.00134559
3,20117,41285.1,25476.8,22150,20,1388,62419,57125,5964,263007,115,3919,3030,74,8374,448,0.00134559
3,33497.3,41285.1,25476.8,22150,33,1388,62419,57125,5964,263007,115,3919,3030,74,8374,448,0.00134559
3,31060.8,38738.7,51974.6,44709,13,1246,56131,52437,5856,256368,223,7854,6320,119,19122,912,0.00134559
3,40274.9,38738.7,51974.6,44709,23,1246,56131,52437,5856,256368,223,7854,6320,119,19122,912,0.00134559
3,42720.6,38738.7,51974.6,44709,32,1246,56131,52437,5856,256368,223,7854,6320,119,19122,912,0.00134559
3,32815.9,97399.8,96046.6,82821,40,2670,137656,129900,14137,707641,378,13916,11461,384,39685,1462,0.00134559
3,51489.8,97399.8,96046.6,82821,36,2670,137656,129900,14137,707641,378,13916,11461,384,39685,1462,0.00134559
3,52948.7,97399.8,96046.6,82821,41,2670,137656,129900,14137,707641,378,13916,11461,384,39685,1462,0.00134559
3,37833.1,88311,91984,79401,27,2497,125254,118112,12903,646157,403,12969,10660,321,34735,1522,0.00134559
3,47155.1,88311,91984,79401,43,2497,125254,118112,12903,646157,403,12969,10660,321,34735,1522,0.00134559
3,51036.4,88311,91984,79401,41,2497,125254,118112,12903,646157,403,12969,10660,321,34735,1522,0.00134559
3,49141.7,124418,165620,139929,47,3015,167707,159535,17268,935829,643,24511,20536,755,78044,1996,0.00134559
3,51230.2,124418,165620,139929,9,3015,167707,159535,17268,935829,643,24511,20536,755,78044,1996,0.00134559
3,72013.7,124418,165620,139929,53,3015,167707,159535,17268,935829,643,24511,20536,755,78044,1996,0.00134559
3,7143.14,46990.8,19398.4,16676,4,1627,72094,67356,7928,356640,117,3093,2390,51,6839,465,0.00134559
3,27004.3,46990.8,19398.4,16676,27,1627,72094,67356,7928,356640,117,3093,2390,51,6839,465,0.00134559
3,46169.8,46990.8,19398.4,16676,10,1627,72094,67356,7928,356640,117,3093,2390,51,6839,465,0.00134559
3,7290.73,39376.5,30737,25939,11,1494,64690,59072,6368,265286,149,4557,3622,78,12063,365,0.00134559
3,26992.7,39376.5,30737,25939,20,1494,64690,59072,6368,265286,149,4557,3622,78,12063,365,0.00134559
3,34337.4,39376.5,30737,25939,31,1494,64690,59072,6368,265286,149,4557,3622,78,12063,365,0.00134559
3,14547.3,43508.8,40062.5,33788,8,1422,66705,62236,6709,313061,212,6100,4864,144,15204,528,0.00134559
3,36832.1,43508.8,40062.5,33788,15,1422,66705,62236,6709,313061,212,6100,4864,144,15204,528,0.00134559
3,42719.2,43508.8,40062.5,33788,27,1422,66705,62236,6709,313061,212,6100,4864,144,15204,528,0.00134559
3,4024.91,21875.4,30693.6,26696,7,857,38074,34844,3783,156002,137,4296,3372,78,10181,386,0.00134559
3,32432.5,21875.4,30693.6,26696,20,857,38074,34844,3783,156002,137,4296,3372,78,10181,386,0.00134559
3,33231.5,21875.4,30693.6,26696,24,857,38074,34844,3783,156002,137,4296,3372,78,10181,386,0.00134559
3,24946.3,73394.3,44172.5,38006,7,2299,108715,100033,10758,494642,235,7110,5677,187,17150,693,0.00134559
3,35276.3,73394.3,44172.5,38006,31,2299,108715,100033,10758,494642,235,7110,5677,187,17150,693,0.00134559
3,42414,73394.3,44172.5,38006,49,2299,108715,100033,10758,494642,235,7110,5677,187,17150,693,0.00134559
3,18399.2,47076.2,57074.7,47327,7,1346,65484,60594,7035,302479,214,8297,6767,190,23890,744,0.00134559
3,39522.5,47076.2,57074.7,47327,34,1346,65484,60594,7035,302479,214,8297,6767,190,23890,744,0.00134559
3,46002.1,47076.2,57074.7,47327,42,1346,65484,60594,7035,302479,214,8297,6767,190,23890,744,0.00134559
3,6428.53,34743.8,27633.4,23788,5,1316,54405,49535,5325,218895,161,4476,3525,79,11543,370,0.00134559
3,29529.7,34743.8,27633.4,23788,21,1316,54405,49535,5325,218895,161,4476,3525,79,11543,370,0.00134559
3,32169.1,34743.8,27633.4,23788,30,1316,54405,49535,5325,218895,161,4476,3525,79,11543,370,0.00134559
3,54426.3,113283,137861,117035,7,2729,153183,144777,16512,838524,606,19825,16431,552,61982,1537,0.00134559
3,58605.8,113283,137861,117035,52,2729,153183,144777,16512,838524,606,19825,16431,552,61982,1537,0.00134559
3,71336.1,113283,137861,117035,46,2729,153183,144777,16512,838524,606,19825,16431,552,61982,1537,0.00134559
3,33793.5,34289.5,39821.2,34008,4,1201,55458,51628,5903,254905,159,5951,4678,113,15375,439,0.00134559
3,34487,34289.5,39821.2,34008,13,1201,55458,51628,5903,254905,159,5951,4678,113,15375,439,0.00134559
3,42740.7,34289.5,39821.2,34008,41,1201,55458,51628,5903,254905,159,5951,4678,113,15375,439,0.00134559
3,12157.6,32914.4,51918.1,44927,10,1190,57907,54139,6105,272576,227,7786,6268,224,22562,374,0.00134559
3,33888,32914.4,51918.1,44927,11,1190,57907,54139,6105,272576,227,7786,6268,224,22562,374,0.00134559
3,52421.7,32914.4,51918.1,44927,52,1190,57907,54139,6105,272576,227,7786,6268,224,22562,374,0.00134559
3,7315.13,17008.3,16690,14656,4,794,30361,27508,2976,122028,104,2777,2142,38,6006,337,0.00134559
3,26150.7,17008.3,16690,14656,22,794,30361,27508,2976,122028,104,2777,2142,38,6006,337,0.00134559
3,28959.5,17008.3,16690,14656,25,794,30361,27508,2976,122028,104,2777,2142,38,6006,337,0.00134559
3,10403.4,31072.8,26722.7,23142,12,1179,50679,45937,4802,203992,143,4354,3487,82,11008,416,0.00134559
3,27131.9,31072.8,26722.7,23142,39,1179,50679,45937,4802,203992,143,4354,3487,82,11008,416,0.00134559
3,30006.3,31072.8,26722.7,23142,27,1179,50679,45937,4802,203992,143,4354,3487,82,11008,416,0.00134559
3,19561.8,18309.1,23303.6,20512,19,857,35507,31959,3163,131795,99,3417,2694,34,7136,547,0.00134559
3,23787.6,18309.1,23303.6,20512,27,857,35507,31959,3163,131795,99,3417,2694,34,7136,547,0.00134559
3,25476.1,18309.1,23303.6,20512,15,857,35507,31959,3163,131795,99,3417,2694,34,7136,547,0.00134559
3,27710.7,30890.8,49572.8,42576,4,1192,53008,49417,5376,237370,182,6689,5405,133,17512,602,0.00134559
3,36521.4,30890.8,49572.8,42576,26,1192,53008,49417,5376,237370,182,6689,5405,133,17512,602,0.00134559
3,38499.5,30890.8,49572.8,42576,32,1192,53008,49417,5376,237370,182,6689,5405,133,17512,602,0.00134559
3,8996.87,89328.6,24419,20993,5,2419,119037,108950,12203,531041,143,3984,3102,46,9802,371,0.00134559
3,29390.8,89328.6,24419,20993,10,2419,119037,108950,12203,531041,143,3984,3102,46,9802,371,0.00134559
3,43533.2,89328.6,24419,20993,24,2419,119037,108950,12203,531041,143,3984,3102,46,9802,371,0.00134559
3,44743.2,127398,119557,102548,41,2994,161774,153706,16552,884182,478,17301,14452,536,51974,1798,0.00134559
3,50111.2,127398,119557,102548,16,2994,161774,153706,16552,884182,478,17301,14452,536,51974,1798,0.00134559
3,67641,127398,119557,102548,51,2994,161774,153706,16552,884182,478,17301,14452,536,51974,1798,0.00134559
3,11166.4,19855,22012,19046,13,842,35272,32217,3445,139026,99,3439,2690,56,7379,439,0.00134559
3,27093.5,19855,22012,19046,23,842,35272,32217,3445,139026,99,3439,2690,56,7379,439,0.00134559
3,28439.3,19855,22012,19046,10,842,35272,32217,3445,139026,99,3439,2690,56,7379,439,0.00134559
3,9013.69,57109.2,22361.3,19096,5,1857,89510,81984,8771,391160,128,3769,2998,63,10543,131,0.00134559
3,20366.4,57109.2,22361.3,19096,11,1857,89510,81984,8771,391160,128,3769,2998,63,10543,131,0.00134559
3,38675,57109.2,22361.3,19096,31,1857,89510,81984,8771,391160,128,3769,2998,63,10543,131,0.00134559
3,12706.1,73997.9,28160.5,23822,17,1932,92031,85834,9345,424141,163,4517,3537,114,10647,360,0.00134559
3,21670.5,73997.9,28160.5,23822,16,1932,92031,85834,9345,424141,163,4517,3537,114,10647,360,0.00134559
3,41070.6,73997.9,28160.5,23822,41,1932,92031,85834,9345,424141,163,4517,3537,114,10647,360,0.00134559
3,7707.06,17975.3,16580.3,14318,8,816,31330,28357,3163,125094,92,2564,1962,39,5622,304,0.00134559
3,24619.6,17975.3,16580.3,14318,19,816,31330,28357,3163,125094,92,2564,1962,39,5622,304,0.00134559
3,28387.8,17975.3,16580.3,14318,21,816,31330,28357,3163,125094,92,2564,1962,39,5622,304,0.00134559
3,28760.7,41888.5,57154.6,49598,33,1484,69977,65530,7469,333851,261,8061,6495,240,23175,442,0.00134559
3,51013.9,41888.5,57154.6,49598,7,1484,69977,65530,7469,333851,261,8061,6495,240,23175,442,0.00134559
3,51103.9,41888.5,57154.6,49598,36,1484,69977,65530,7469,333851,261,8061,6495,240,23175,442,0.00134559
3,5394.45,55736.5,30898.3,26021,4,1943,89518,82843,9087,396938,183,4906,3906,129,14236,160,0.00134559
3,23693.6,55736.5,30898.3,26021,7,1943,89518,82843,9087,396938,183,4906,3906,129,14236,160,0.00134559
3,39817.8,55736.5,30898.3,26021,41,1943,89518,82843,9087,396938,183,4906,3906,129,14236,160,0.00134559
3,13124.5,20980.3,15048.6,12992,12,921,39640,36192,3925,156498,62,2187,1681,19,3993,362,0.00134559
3,23524.1,20980.3,15048.6,12992,19,921,39640,36192,3925,156498,62,2187,1681,19,3993,362,0.00134559
3,29207.2,20980.3,15048.6,12992,6,921,39640,36192,3925,156498,62,2187,1681,19,3993,362,0.00134559
3,17375.3,19423.1,14596.7,12899,22,937,37312,33896,3714,147827,75,1982,1499,24,3856,383,0.00134559
3,19671.6,19423.1,14596.7,12899,14,937,37312,33896,3714,147827,75,1982,1499,24,3856,383,0.00134559
3,28115.1,19423.1,14596.7,12899,8,937,37312,33896,3714,147827,75,1982,1499,24,3856,383,0.00134559
3,43975.8,103632,88153.8,75523,38,2681,137851,130353,14375,730772,401,13235,10744,285,34559,1632,0.00134559
3,51511.3,103632,88153.8,75523,23,2681,137851,130353,14375,730772,401,13235,10744,285,34559,1632,0.00134559
3,58773.1,103632,88153.8,75523,53,2681,137851,130353,14375,730772,401,13235,10744,285,34559,1632,0.00134559
3,18358.3,22371.4,9895.09,8650,6,1057,40526,36552,4054,157639,64,1560,1184,7,3119,294,0.00134559
3,20315.8,22371.4,9895.09,8650,17,1057,40526,36552,4054,157639,64,1560,1184,7,3119,294,0.00134559
3,27665.6,22371.4,9895.09,8650,6,1057,40526,36552,4054,157639,64,1560,1184,7,3119,294,0.00134559
3,53944.8,132715,274564,229231,17,3114,175582,167068,18327,1007086,1036,39020,32933,1282,133778,2207,0.00134559
3,56849,132715,274564,229231,54,3114,175582,167068,18327,1007086,1036,39020,32933,1282,133778,2207,0.00134559
3,79558.8,132715,274564,229231,37,3114,175582,167068,18327,1007086,1036,39020,32933,1282,133778,2207,0.00134559
3,6322.41,28720.9,21047.3,18167,7,1194,50342,45306,4713,200129,111,3282,2552,38,8160,267,0.00134559
3,29113.4,28720.9,21047.3,18167,30,1194,50342,45306,4713,200129,111,3282,2552,38,8160,267,0.00134559
3,29832.2,28720.9,21047.3,18167,29,1194,50342,45306,4713,200129,111,3282,2552,38,8160,267,0.00134559
3,20728.9,49876.6,49460.5,42965,18,1634,74528,69920,7885,354877,243,7370,5935,166,18744,1080,0.00134559
3,43293.5,49876.6,49460.5,42965,30,1634,74528,69920,7885,354877,243,7370,5935,166,18744,1080,0.00134559
3,47505.2,49876.6,49460.5,42965,11,1634,74528,69920,7885,354877,243,7370,5935,166,18744,1080,0.00134559
3,30492.2,42019,64952.2,56228,32,1502,71390,66830,7663,341294,300,9174,7456,259,26696,563,0.00134559
3,52498,42019,64952.2,56228,5,1502,71390,66830,7663,341294,300,9174,7456,259,26696,563,0.00134559
3,52793.6,42019,64952.2,56228,30,1502,71390,66830,7663,341294,300,9174,7456,259,26696,563,0.00134559
3,14471.3,22323.4,22205.7,19452,3,1020,40898,37304,4079,168447,115,3127,2394,28,6642,365,0.00134559
3,22943.4,22323.4,22205.7,19452,17,1020,40898,37304,4079,168447,115,3127,2394,28,6642,365,0.00134559
3,33492.5,22323.4,22205.7,19452,24,1020,40898,37304,4079,168447,115,3127,2394,28,6642,365,0.00134559
3,2821.46,27167.4,26573.5,22620,5,997,46129,42401,4622,194663,138,4397,3482,90,10990,352,0.00134559
3,31977.6,27167.4,26573.5,22620,12,997,46129,42401,4622,194663,138,4397,3482,90,10990,352,0.00134559
3,36368.5,27167.4,26573.5,22620,20,997,46129,42401,4622,194663,138,4397,3482,90,10990,352,0.00134559
3,3122.45,47669.3,28927.8,24748,7,1671,72716,66896,7317,308835,184,4820,3827,128,13242,272,0.00134559
3,27155.1,47669.3,28927.8,24748,10,1671,72716,66896,7317,308835,184,4820,3827,128,13242,272,0.00134559
3,36812.4,47669.3,28927.8,24748,36,1671,72716,66896,7317,308835,184,4820,3827,128,13242,272,0.00134559
3,12260.2,44423.4,14616.6,12625,17,1485,63201,59012,6729,299543,106,2401,1788,28,4742,354,0.00134559
3,22576.4,44423.4,14616.6,12625,20,1485,63201,59012,6729,299543,106,2401,1788,28,4742,354,0.00134559
3,38625.3,44423.4,14616.6,12625,12,1485,63201,59012,6729,299543,106,2401,1788,28,4742,354,0.00134559
3,14370.2,31403.6,35505.3,30488,11,1186,54256,50416,5525,242787,158,5424,4344,122,12962,533,0.00134559
3,31028.3,31403.6,35505.3,30488,28,1186,54256,50416,5525,242787,158,5424,4344,122,12962,533,0.00134559
3,34360.6,31403.6,35505.3,30488,33,1186,54256,50416,5525,242787,158,5424,4344,122,12962,533,0.00134559
3,2027.13,24553.7,17491.8,14982,2,1015,42716,39498,4436,194676,110,2799,2116,53,6878,205,0.00134559
3,19473.4,24553.7,17491.8,14982,23,1015,42716,39498,4436,194676,110,2799,2116,53,6878,205,0.00134559
3,35247.7,24553.7,17491.8,14982,24,1015,42716,39498,4436,194676,110,2799,2116,53,6878,205,0.00134559
3,22901.1,36931.4,26646,23012,30,1477,62445,57133,6442,267625,146,4220,3357,61,10494,486,0.00134559
3,26892.8,36931.4,26646,23012,3,1477,62445,57133,6442,267625,146,4220,3357,61,10494,486,0.00134559
3,34175.6,36931.4,26646,23012,29,1477,62445,57133,6442,267625,146,4220,3357,61,10494,486,0.00134559
3,52109.1,126969,147683,124509,46,3019,166126,157845,17329,927589,588,21060,17507,654,66092,1619,0.00134559
3,52893,126969,147683,124509,4,3019,166126,157845,17329,927589,588,21060,17507,654,66092,1619,0.00134559
3,73833.2,126969,147683,124509,34,3019,166126,157845,17329,927589,588,21060,17507,654,66092,1619,0.00134559
3,17877.6,33492.5,28577.5,24923,18,1169,51031,46114,4582,200257,120,4026,3200,58,9704,410,0.00134559
3,26423.9,33492.5,28577.5,24923,23,1169,51031,46114,4582,200257,120,4026,3200,58,9704,410,0.00134559
3,30034.5,33492.5,28577.5,24923,33,1169,51031,46114,4582,200257,120,4026,3200,58,9704,410,0.00134559
3,19153.7,22018.6,25892.2,22890,18,929,38575,34902,3433,146636,100,3211,2513,29,6650,498,0.00134559
3,22463,22018.6,25892.2,22890,25,929,38575,34902,3433,146636,100,3211,2513,29,6650,498,0.00134559
3,26844,22018.6,25892.2,22890,13,929,38575,34902,3433,146636,100,3211,2513,29,6650,498,0.00134559
3,14402.4,21330.1,23377.8,20521,16,818,33921,30853,3283,130489,87,3280,2597,57,6823,528,0.00134559
3,25297.3,21330.1,23377.8,20521,21,818,33921,30853,3283,130489,87,3280,2597,57,6823,528,0.00134559
3,26995.2,21330.1,23377.8,20521,6,818,33921,30853,3283,130489,87,3280,2597,57,6823,528,0.00134559
3,12552.7,92435,35900.8,30821,17,2597,125895,116238,13052,578071,189,5070,4022,118,13580,296,0.00134559
3,19635.4,92435,35900.8,30821,8,2597,125895,116238,13052,578071,189,5070,4022,118,13580,296,0.00134559
3,45060.5,92435,35900.8,30821,42,2597,125895,116238,13052,578071,189,5070,4022,118,13580,296,0.00134559
3,10323,38695.8,9737.04,8452,11,1460,67330,61644,6618,279758,78,1664,1219,9,3219,160,0.00134559
3,25037.1,38695.8,9737.04,8452,6,1460,67330,61644,6618,279758,78,1664,1219,9,3219,160,0.00134559
3,34459,38695.8,9737.04,8452,18,1460,67330,61644,6618,279758,78,1664,1219,9,3219,160,0.00134559
3,15019.2,35990.1,28772.5,25063,14,1290,59471,53839,5642,238031,126,4194,3333,70,10275,419,0.00134559
3,29446.5,35990.1,28772.5,25063,27,1290,59471,53839,5642,238031,126,4194,3333,70,10275,419,0.00134559
3,31938.6,35990.1,28772.5,25063,26,1290,59471,53839,5642,238031,126,4194,3333,70,10275,419,0.00134559
3,4787.68,33167.3,51669.1,44293,4,1214,55796,51998,5817,261491,239,8244,6781,215,23328,707,0.00134559
3,38814.9,33167.3,51669.1,44293,35,1214,55796,51998,5817,261491,239,8244,6781,215,23328,707,0.00134559
3,42523.4,33167.3,51669.1,44293,45,1214,55796,51998,5817,261491,239,8244,6781,215,23328,707,0.00134559
3,22366.4,40772.8,33744.9,29115,30,1561,66985,61569,6991,293829,142,4806,3873,77,12480,574,0.00134559
3,27769.6,40772.8,33744.9,29115,7,1561,66985,61569,6991,293829,142,4806,3873,77,12480,574,0.00134559
3,35882.3,40772.8,33744.9,29115,31,1561,66985,61569,6991,293829,142,4806,3873,77,12480,574,0.00134559
3,7634.2,53437.8,20826.2,18307,10,1625,73683,68862,8048,364526,87,2558,1998,30,5304,458,0.00134559
3,27985.9,53437.8,20826.2,18307,36,1625,73683,68862,8048,364526,87,2558,1998,30,5304,458,0.00134559
3,49253.8,53437.8,20826.2,18307,5,1625,73683,68862,8048,364526,87,2558,1998,30,5304,458,0.00134559
3,14400.9,28304.3,32759.5,28024,10,1023,46387,43129,4709,202747,150,4973,3964,155,12559,366,0.00134559
3,21902,28304.3,32759.5,28024,18,1023,46387,43129,4709,202747,150,4973,3964,155,12559,366,0.00134559
3,37899.5,28304.3,32759.5,28024,38,1023,46387,43129,4709,202747,150,4973,3964,155,12559,366,0.00134559
3,20541.8,17757.5,24617.8,21916,27,822,33267,30149,3075,127542,97,3002,2336,60,6651,346,0.00134559
3,21124.9,17757.5,24617.8,21916,8,822,33267,30149,3075,127542,97,3002,2336,60,6651,346,0.00134559
3,25560.8,17757.5,24617.8,21916,28,822,33267,30149,3075,127542,97,3002,2336,60,6651,346,0.00134559
3,33850.8,40079.7,59741.9,51362,21,1263,59451,55568,6458,275700,232,8457,6804,153,21798,942,0.00134559
3,41836.2,40079.7,59741.9,51362,20,1263,59451,55568,6458,275700,232,8457,6804,153,21798,942,0.00134559
3,46613.3,40079.7,59741.9,51362,36,1263,59451,55568,6458,275700,232,8457,6804,153,21798,942,0.00134559
3,28617.7,85313.7,63615.9,55003,15,2252,113026,106237,11647,554259,258,8990,7398,239,25461,718,0.00134559
3,33797.7,85313.7,63615.9,55003,15,2252,113026,106237,11647,554259,258,8990,7398,239,25461,718,0.00134559
3,51324.5,85313.7,63615.9,55003,56,2252,113026,106237,11647,554259,258,8990,7398,239,25461,718,0.00134559
3,19284.9,76397.9,57491.5,50137,22,2338,114951,106463,11654,524475,234,8040,6442,178,20314,1081,0.00134559
3,39110.7,76397.9,57491.5,50137,35,2338,114951,106463,11654,524475,234,8040,6442,178,20314,1081,0.00134559
3,44348,76397.9,57491.5,50137,14,2338,114951,106463,11654,524475,234,8040,6442,178,20314,1081,0.00134559
3,9930.54,34474,16599.9,14200,12,1258,59347,54659,6028,255988,94,2778,2085,46,6160,269,0.00134559
3,25540.9,34474,16599.9,14200,7,1258,59347,54659,6028,255988,94,2778,2085,46,6160,269,0.00134559
3,38044.3,34474,16599.9,14200,12,1258,59347,54659,6028,255988,94,2778,2085,46,6160,269,0.00134559
3,13255.3,65960.9,35661.9,30683,16,2069,97011,89045,9830,423825,166,5370,4250,135,14050,458,0.00134559
3,20266.6,65960.9,35661.9,30683,17,2069,97011,89045,9830,423825,166,5370,4250,135,14050,458,0.00134559
3,40424,65960.9,35661.9,30683,39,2069,97011,89045,9830,423825,166,5370,4250,135,14050,458,0.00134559
3,26352,26306.8,42973,37344,20,1061,46082,42561,4496,197704,186,6305,5078,141,15651,604,0.00134559
3,34163.7,26306.8,42973,37344,28,1061,46082,42561,4496,197704,186,6305,5078,141,15651,604,0.00134559
3,34744.5,26306.8,42973,37344,33,1061,46082,42561,4496,197704,186,6305,5078,141,15651,604,0.00134559
3,13025.8,52116.2,35873,30830,6,1807,83473,78087,8996,418986,200,5815,4638,109,14196,600,0.00134559
3,32102.8,52116.2,35873,30830,37,1807,83473,78087,8996,418986,200,5815,4638,109,14196,600,0.00134559
3,49722.2,52116.2,35873,30830,28,1807,83473,78087,8996,418986,200,5815,4638,109,14196,600,0.00134559
3,13064.1,53316.5,28670,24590,20,1786,84194,78669,9075,427144,161,4571,3574,53,10249,628,0.00134559
3,33374.4,53316.5,28670,24590,45,1786,84194,78669,9075,427144,161,4571,3574,53,10249,628,0.00134559
3,54244.1,53316.5,28670,24590,15,1786,84194,78669,9075,427144,161,4571,3574,53,10249,628,0.00134559
3,19881,25456.5,26881.7,23555,20,993,41821,38187,3928,165903,123,4035,3173,74,8571,532,0.00134559
3,24536,25456.5,26881.7,23555,26,993,41821,38187,3928,165903,123,4035,3173,74,8571,532,0.00134559
3,28755.7,25456.5,26881.7,23555,32,993,41821,38187,3928,165903,123,4035,3173,74,8571,532,0.00134559
3,26963.8,66134,48601.1,41993,18,2010,90641,83007,9106,396332,247,7482,5968,171,17447,925,0.00134559
3,32437.9,66134,48601.1,41993,36,2010,90641,83007,9106,396332,247,7482,5968,171,17447,925,0.00134559
3,39009,66134,48601.1,41993,45,2010,90641,83007,9106,396332,247,7482,5968,171,17447,925,0.00134559
3,12073.4,40848.3,31929.3,27316,17,1474,70687,65359,7284,313141,180,5404,4199,132,13389,294,0.00134559
3,26912.5,40848.3,31929.3,27316,13,1474,70687,65359,7284,313141,180,5404,4199,132,13389,294,0.00134559
3,41949.3,40848.3,31929.3,27316,50,1474,70687,65359,7284,313141,180,5404,4199,132,13389,294,0.00134559
3,10669.3,43448.1,13012.3,11275,13,1413,64550,59004,6201,265553,92,2135,1577,7,3969,259,0.00134559
3,25799.1,43448.1,13012.3,11275,9,1413,64550,59004,6201,265553,92,2135,1577,7,3969,259,0.00134559
3,33856.4,43448.1,13012.3,11275,19,1413,64550,59004,6201,265553,92,2135,1577,7,3969,259,0.00134559
3,6323.93,52729.7,30202.4,25864,7,1860,84044,77332,8425,363789,159,5013,3992,138,13835,278,0.00134559
3,23999.3,52729.7,30202.4,25864,12,1860,84044,77332,8425,363789,159,5013,3992,138,13835,278,0.00134559
3,38480.5,52729.7,30202.4,25864,31,1860,84044,77332,8425,363789,159,5013,3992,138,13835,278,0.00134559
3,14988,20437.3,17779.3,15486,11,981,38438,34975,3853,155646,106,2641,2014,28,5258,415,0.00134559
3,21053.8,20437.3,17779.3,15486,18,981,38438,34975,3853,155646,106,2641,2014,28,5258,415,0.00134559
3,30087.1,20437.3,17779.3,15486,14,981,38438,34975,3853,155646,106,2641,2014,28,5258,415,0.00134559
3,18935.2,36025.2,26368.7,23007,22,1451,63010,58018,6556,277022,147,4217,3312,42,10334,377,0.00134559
3,21818.7,36025.2,26368.7,23007,5,1451,63010,58018,6556,277022,147,4217,3312,42,10334,377,0.00134559
3,41435,36025.2,26368.7,23007,28,1451,63010,58018,6556,277022,147,4217,3312,42,10334,377,0.00134559
3,607.741,38044.7,15103.3,12965,2,1458,65325,61068,7049,316739,98,2552,1887,17,5639,219,0.00134559
3,21367.1,38044.7,15103.3,12965,22,1458,65325,61068,7049,316739,98,2552,1887,17,5639,219,0.00134559
3,46692.2,38044.7,15103.3,12965,13,1458,65325,61068,7049,316739,98,2552,1887,17,5639,219,0.00134559
3,69675.1,84831,131346,114065,67,2270,128202,120634,13679,690974,387,15959,13193,333,41870,2680,0.00134559
3,70537.2,84831,131346,114065,13,2270,128202,120634,13679,690974,387,15959,13193,333,41870,2680,0.00134559
3,73763.7,84831,131346,114065,4,2270,128202,120634,13679,690974,387,15959,13193,333,41870,2680,0.00134559
3,8722.23,27105.5,30473.1,26708,13,1145,47698,42973,4439,188314,135,3722,2902,56,9116,329,0.00134559
3,28541.5,27105.5,30473.1,26708,34,1145,47698,42973,4439,188314,135,3722,2902,56,9116,329,0.00134559
3,29131.6,27105.5,30473.1,26708,24,1145,47698,42973,4439,188314,135,3722,2902,56,9116,329,0.00134559
3,23599.5,47991.9,35623.6,30750,31,1718,74207,68381,7700,332855,172,5613,4498,112,14282,727,0.00134559
3,31329.4,47991.9,35623.6,30750,11,1718,74207,68381,7700,332855,172,5613,4498,112,14282,727,0.00134559
3,38193.2,47991.9,35623.6,30750,39,1718,74207,68381,7700,332855,172,5613,4498,112,14282,727,0.00134559
3,17813.6,35131.1,22591.6,19760,23,1286,59253,54633,6026,248914,124,3585,2771,80,7472,418,0.00134559
3,20985,35131.1,22591.6,19760,17,1286,59253,54633,6026,248914,124,3585,2771,80,7472,418,0.00134559
3,35668.8,35131.1,22591.6,19760,34,1286,59253,54633,6026,248914,124,3585,2771,80,7472,418,0.00134559
3,18890.7,26494.5,10471.8,9151,24,1189,46998,42824,4665,193976,63,1572,1184,9,3254,251,0.00134559
3,19235.8,26494.5,10471.8,9151,4,1189,46998,42824,4665,193976,63,1572,1184,9,3254,251,0.00134559
3,29815.2,26494.5,10471.8,9151,10,1189,46998,42824,4665,193976,63,1572,1184,9,3254,251,0.00134559
3,19943.8,77167.1,69622.7,60432,28,2344,113852,105286,11359,519039,260,9256,7552,243,25507,1020,0.00134559
3,42646.9,77167.1,69622.7,60432,37,2344,113852,105286,11359,519039,260,9256,7552,243,25507,1020,0.00134559
3,43973.3,77167.1,69622.7,60432,20,2344,113852,105286,11359,519039,260,9256,7552,243,25507,1020,0.00134559
3,11313.2,67773.4,29379.9,25221,18,1975,93653,87741,9613,439827,161,4869,3812,121,11496,393,0.00134559
3,24049,67773.4,29379.9,25221,17,1975,93653,87741,9613,439827,161,4869,3812,121,11496,393,0.00134559
3,42392.9,67773.4,29379.9,25221,42,1975,93653,87741,9613,439827,161,4869,3812,121,11496,393,0.00134559
3,14205.9,23319,23625.6,20672,5,1038,41049,37458,4262,170280,154,3942,3067,76,8936,346,0.00134559
3,25256.3,23319,23625.6,20672,30,1038,41049,37458,4262,170280,154,3942,3067,76,8936,346,0.00134559
3,34907.8,23319,23625.6,20672,26,1038,41049,37458,4262,170280,154,3942,3067,76,8936,346,0.00134559
3,1306.89,34028.8,47832.1,41733,5,1214,56390,52714,6050,262542,226,7823,6368,211,21952,486,0.00134559
3,34897.2,34028.8,47832.1,41733,25,1214,56390,52714,6050,262542,226,7823,6368,211,21952,486,0.00134559
3,45226.5,34028.8,47832.1,41733,43,1214,56390,52714,6050,262542,226,7823,6368,211,21952,486,0.00134559
3,17127.1,37062.5,35524.7,30754,23,1268,59097,54439,6022,253047,145,4841,3812,95,11227,495,0.00134559
3,25705.5,37062.5,35524.7,30754,20,1268,59097,54439,6022,253047,145,4841,3812,95,11227,495,0.00134559
3,37240.3,37062.5,35524.7,30754,45,1268,59097,54439,6022,253047,145,4841,3812,95,11227,495,0.00134559
3,16513.9,26956.5,31056.9,27374,21,968,40439,36596,3819,158772,139,3934,3032,67,8870,411,0.00134559
3,26865.6,26956.5,31056.9,27374,32,968,40439,36596,3819,158772,139,3934,3032,67,8870,411,0.00134559
3,27360.5,26956.5,31056.9,27374,26,968,40439,36596,3819,158772,139,3934,3032,67,8870,411,0.00134559
3,8346.87,25108.6,17363.8,14908,6,1000,45699,41892,4524,190499,97,2916,2241,41,6375,329,0.00134559
3,26519.7,25108.6,17363.8,14908,17,1000,45699,41892,4524,190499,97,2916,2241,41,6375,329,0.00134559
3,33090.1,25108.6,17363.8,14908,11,1000,45699,41892,4524,190499,97,2916,2241,41,6375,329,0.00134559
3,7677.45,66150.4,14803.1,12763,12,2125,100787,91988,10189,435906,94,2443,1824,11,4314,379,0.00134559
3,31417.2,66150.4,14803.1,12763,9,2125,100787,91988,10189,435906,94,2443,1824,11,4314,379,0.00134559
3,40459.8,66150.4,14803.1,12763,11,2125,100787,91988,10189,435906,94,2443,1824,11,4314,379,0.00134559
3,7364.63,34729.5,60078.5,51737,8,1228,58576,54604,6263,277704,261,9272,7674,220,26226,867,0.00134559
3,42129,34729.5,60078.5,51737,41,1228,58576,54604,6263,277704,261,9272,7674,220,26226,867,0.00134559
3,44834.1,34729.5,60078.5,51737,33,1228,58576,54604,6263,277704,261,9272,7674,220,26226,867,0.00134559
3,25968.3,98636.8,81649,70010,33,2656,133112,124852,13407,652037,341,12376,10237,363,35611,1298,0.00134559
3,45458.1,98636.8,81649,70010,46,2656,133112,124852,13407,652037,341,12376,10237,363,35611,1298,0.00134559
3,49310.4,98636.8,81649,70010,28,2656,133112,124852,13407,652037,341,12376,10237,363,35611,1298,0.00134559
3,14414.8,29848.2,26754.1,23354,8,1050,45196,42102,4765,198486,144,4357,3405,95,9955,493,0.00134559
3,22797.8,29848.2,26754.1,23354,20,1050,45196,42102,4765,198486,144,4357,3405,95,9955,493,0.00134559
3,34331.4,29848.2,26754.1,23354,38,1050,45196,42102,4765,198486,144,4357,3405,95,9955,493,0.00134559
3,31235.8,60347.5,56430.4,48152,7,1975,91390,84107,9122,415320,287,8710,7099,223,23316,681,0.00134559
3,38772.8,60347.5,56430.4,48152,45,1975,91390,84107,9122,415320,287,8710,7099,223,23316,681,0.00134559
3,39941.8,60347.5,56430.4,48152,45,1975,91390,84107,9122,415320,287,8710,7099,223,23316,681,0.00134559
3,8008.49,48896.2,18123.1,15715,8,1636,74947,69989,8347,373877,104,2727,2100,36,5502,460,0.00134559
3,28897.9,48896.2,18123.1,15715,38,1636,74947,69989,8347,373877,104,2727,2100,36,5502,460,0.00134559
3,53099.9,48896.2,18123.1,15715,8,1636,74947,69989,8347,373877,104,2727,2100,36,5502,460,0.00134559
3,11144.4,38538.5,25405.4,21954,8,1336,61501,57397,6890,298316,170,4313,3378,109,12911,151,0.00134559
3,17667.2,38538.5,25405.4,21954,4,1336,61501,57397,6890,298316,170,4313,3378,109,12911,151,0.00134559
3,51445.3,38538.5,25405.4,21954,35,1336,61501,57397,6890,298316,170,4313,3378,109,12911,151,0.00134559
3,26453.6,37737.5,41243,36025,30,1559,65232,58914,6476,265860,172,6028,4714,97,13421,915,0.00134559
3,28750.5,37737.5,41243,36025,28,1559,65232,58914,6476,265860,172,6028,4714,97,13421,915,0.00134559
3,33812.8,37737.5,41243,36025,16,1559,65232,58914,6476,265860,172,6028,4714,97,13421,915,0.00134559
3,15399.1,28881.8,7725.96,6734,6,1122,44728,41002,4617,187337,49,1229,911,4,2189,197,0.00134559
3,17221.8,28881.8,7725.96,6734,12,1122,44728,41002,4617,187337,49,1229,911,4,2189,197,0.00134559
3,29675.5,28881.8,7725.96,6734,7,1122,44728,41002,4617,187337,49,1229,911,4,2189,197,0.00134559
3,16182.2,123321,47435.2,40912,8,3145,159492,148641,16521,764963,232,7690,6168,154,19724,702,0.00134559
3,33643.5,123321,47435.2,40912,34,3145,159492,148641,16521,764963,232,7690,6168,154,19724,702,0.00134559
3,49997.6,123321,47435.2,40912,13,3145,159492,148641,16521,764963,232,7690,6168,154,19724,702,0.00134559
3,22652.7,22728.5,30362.9,26487,25,954,39730,36154,3622,156417,138,4592,3570,87,9957,610,0.00134559
3,26288.8,22728.5,30362.9,26487,30,954,39730,36154,3622,156417,138,4592,3570,87,9957,610,0.00134559
3,28016.6,22728.5,30362.9,26487,41,954,39730,36154,3622,156417,138,4592,3570,87,9957,610,0.00134559
3,40135.9,126414,149658,127329,39,2953,156330,148810,16057,847643,550,21248,17854,605,67451,1840,0.00134559
3,42453.2,126414,149658,127329,16,2953,156330,148810,16057,847643,550,21248,17854,605,67451,1840,0.00134559
3,63186.1,126414,149658,127329,57,2953,156330,148810,16057,847643,550,21248,17854,605,67451,1840,0.00134559
3,15156.5,37744.7,27496,23878,19,1372,64615,59649,6632,279672,142,4521,3538,97,10382,415,0.00134559
3,24499.6,37744.7,27496,23878,14,1372,64615,59649,6632,279672,142,4521,3538,97,10382,415,0.00134559
3,38694.6,37744.7,27496,23878,41,1372,64615,59649,6632,279672,142,4521,3538,97,10382,415,0.00134559
3,26805.4,78298.1,39849,34269,4,2232,108005,101358,11322,562924,230,6268,4949,110,14174,874,0.00134559
3,43929.9,78298.1,39849,34269,41,2232,108005,101358,11322,562924,230,6268,4949,110,14174,874,0.00134559
3,52407,78298.1,39849,34269,13,2232,108005,101358,11322,562924,230,6268,4949,110,14174,874,0.00134559
3,17233.8,49801.2,10999.9,9509,5,1634,73028,68073,7773,343925,77,1860,1427,5,4307,156,0.00134559
3,30884.2,49801.2,10999.9,9509,5,1634,73028,68073,7773,343925,77,1860,1427,5,4307,156,0.00134559
3,46121.8,49801.2,10999.9,9509,7,1634,73028,68073,7773,343925,77,1860,1427,5,4307,156,0.00134559
3,38864.2,81279.2,69340.8,59477,6,2280,116520,109469,12421,612475,342,10324,8367,218,29898,967,0.00134559
3,53209.3,81279.2,69340.8,59477,23,2280,116520,109469,12421,612475,342,10324,8367,218,29898,967,0.00134559
3,55984.1,81279.2,69340.8,59477,43,2280,116520,109469,12421,612475,342,10324,8367,218,29898,967,0.00134559
3,39414.7,45374.9,106973,91368,41,1548,74999,70132,8103,370192,418,15591,12970,424,46642,1539,0.00134559
3,57923.5,45374.9,106973,91368,21,1548,74999,70132,8103,370192,418,15591,12970,424,46642,1539,0.00134559
3,59945.7,45374.9,106973,91368,48,1548,74999,70132,8103,370192,418,15591,12970,424,46642,1539,0.00134559
3,40414.3,86123.4,63814,55056,25,2382,120360,113224,12618,621642,302,9468,7520,149,24296,1209,0.00134559
3,41986,86123.4,63814,55056,15,2382,120360,113224,12618,621642,302,9468,7520,149,24296,1209,0.00134559
3,50858.2,86123.4,63814,55056,18,2382,120360,113224,12618,621642,302,9468,7520,149,24296,1209,0.00134559
3,36862.1,79187.7,68110.3,57938,11,2358,114666,107016,11780,565060,321,10634,8563,264,27428,1086,0.00134559
3,39538.2,79187.7,68110.3,57938,38,2358,114666,107016,11780,565060,321,10634,8563,264,27428,1086,0.00134559
3,46698.5,79187.7,68110.3,57938,6,2358,114666,107016,11780,565060,321,10634,8563,264,27428,1086,0.00134559
3,42718.4,134535,146993,125367,45,3045,161987,154192,16715,888587,589,22265,18743,649,72558,1841,0.00134559
3,45386.3,134535,146993,125367,15,3045,161987,154192,16715,888587,589,22265,18743,649,72558,1841,0.00134559
3,66223.7,134535,146993,125367,38,3045,161987,154192,16715,888587,589,22265,18743,649,72558,1841,0.00134559
3,7023.48,65761.5,34604,29427,11,2091,99413,92705,10296,458654,200,5689,4611,162,17158,175,0.00134559
3,22728.7,65761.5,34604,29427,6,2091,99413,92705,10296,458654,200,5689,4611,162,17158,175,0.00134559
3,42370.9,65761.5,34604,29427,43,2091,99413,92705,10296,458654,200,5689,4611,162,17158,175,0.00134559
3,21458.1,29678.9,43601.9,37465,18,1154,52134,48010,5204,221866,175,6880,5510,148,17244,816,0.00134559
3,33252.5,29678.9,43601.9,37465,38,1154,52134,48010,5204,221866,175,6880,5510,148,17244,816,0.00134559
3,37214.9,29678.9,43601.9,37465,34,1154,52134,48010,5204,221866,175,6880,5510,148,17244,816,0.00134559
3,45845.1,96444.8,84892.2,72810,13,2541,132875,125359,14171,705233,406,12790,10406,254,35931,1440,0.00134559
3,50118.6,96444.8,84892.2,72810,29,2541,132875,125359,14171,705233,406,12790,10406,254,35931,1440,0.00134559
3,60420,96444.8,84892.2,72810,28,2541,132875,125359,14171,705233,406,12790,10406,254,35931,1440,0.00134559
3,17901.2,26079.7,29612.6,25763,13,1049,44968,41236,4351,185217,157,4725,3739,93,10935,539,0.00134559
3,26472.5,26079.7,29612.6,25763,28,1049,44968,41236,4351,185217,157,4725,3739,93,10935,539,0.00134559
3,29063.3,26079.7,29612.6,25763,29,1049,44968,41236,4351,185217,157,4725,3739,93,10935,539,0.00134559
3,5689.43,43172.9,18996.1,16332,7,1487,63571,58477,6686,275254,129,3131,2383,82,7746,203,0.00134559
3,32877.2,43172.9,18996.1,16332,9,1487,63571,58477,6686,275254,129,3131,2383,82,7746,203,0.00134559
3,36264.2,43172.9,18996.1,16332,23,1487,63571,58477,6686,275254,129,3131,2383,82,7746,203,0.00134559
3,26648.8,104520,74928.8,64508,32,2743,137768,129351,13939,682360,315,11352,9389,320,32232,1393,0.00134559
3,41496.9,104520,74928.8,64508,42,2743,137768,129351,13939,682360,315,11352,9389,320,32232,1393,0.00134559
3,50607.3,104520,74928.8,64508,25,2743,137768,129351,13939,682360,315,11352,9389,320,32232,1393,0.00134559
3,39070.9,37836.3,55849.7,47489,25,1304,63922,59779,7205,306789,243,8819,7093,189,22950,870,0.00134559
3,44244,37836.3,55849.7,47489,7,1304,63922,59779,7205,306789,243,8819,7093,189,22950,870,0.00134559
3,52462.4,37836.3,55849.7,47489,41,1304,63922,59779,7205,306789,243,8819,7093,189,22950,870,0.00134559
3,61014.9,99652.9,111820,96962,70,2543,141068,133001,15335,770996,429,14938,12098,294,39702,2234,0.00134559
3,63180.6,99652.9,111820,96962,9,2543,141068,133001,15335,770996,429,14938,12098,294,39702,2234,0.00134559
3,72596.7,99652.9,111820,96962,18,2543,141068,133001,15335,770996,429,14938,12098,294,39702,2234,0.00134559
3,44066.7,125028,141766,119976,48,2948,159376,150925,16449,858069,549,20113,16542,515,60922,1832,0.00134559
3,51761.7,125028,141766,119976,19,2948,159376,150925,16449,858069,549,20113,16542,515,60922,1832,0.00134559
3,66130,125028,141766,119976,51,2948,159376,150925,16449,858069,549,20113,16542,515,60922,1832,0.00134559
3,32932,62733.6,31895.2,27509,22,2008,94687,87606,9749,449778,155,4842,3806,117,11781,603,0.00134559
3,42545.1,62733.6,31895.2,27509,7,2008,94687,87606,9749,449778,155,4842,3806,117,11781,603,0.00134559
3,44492.6,62733.6,31895.2,27509,22,2008,94687,87606,9749,449778,155,4842,3806,117,11781,603,0.00134559
3,16557.7,28600.6,30338.2,26407,18,1060,50504,47084,5253,228041,156,4946,3857,110,12396,419,0.00134559
3,21536.1,28600.6,30338.2,26407,9,1060,50504,47084,5253,228041,156,4946,3857,110,12396,419,0.00134559
3,42693.5,28600.6,30338.2,26407,41,1060,50504,47084,5253,228041,156,4946,3857,110,12396,419,0.00134559
3,14124.9,34003.2,46337.3,39652,11,1203,59085,55221,6338,279350,218,7520,6054,237,22300,210,0.00134559
3,34580.1,34003.2,46337.3,39652,4,1203,59085,55221,6338,279350,218,7520,6054,237,22300,210,0.00134559
3,54576.8,34003.2,46337.3,39652,58,1203,59085,55221,6338,279350,218,7520,6054,237,22300,210,0.00134559
3,20882.4,41048.4,47550.3,40818,8,1472,67397,63152,7014,312475,206,7634,6226,154,20667,753,0.00134559
3,35668.1,41048.4,47550.3,40818,28,1472,67397,63152,7014,312475,206,7634,6226,154,20667,753,0.00134559
3,41267.6,41048.4,47550.3,40818,38,1472,67397,63152,7014,312475,206,7634,6226,154,20667,753,0.00134559
3,15099.8,38208.4,23352.1,20295,17,1394,65532,60555,6772,282432,122,3859,3004,85,8557,380,0.00134559
3,22662.7,38208.4,23352.1,20295,12,1394,65532,60555,6772,282432,122,3859,3004,85,8557,380,0.00134559
3,38341.1,38208.4,23352.1,20295,40,1394,65532,60555,6772,282432,122,3859,3004,85,8557,380,0.00134559
3,16860.2,57271.4,48652.8,41903,9,1906,90826,84038,9191,400548,190,6806,5596,180,19308,545,0.00134559
3,32427.8,57271.4,48652.8,41903,31,1906,90826,84038,9191,400548,190,6806,5596,180,19308,545,0.00134559
3,39829.7,57271.4,48652.8,41903,34,1906,90826,84038,9191,400548,190,6806,5596,180,19308,545,0.00134559
3,20992.6,57202.5,58490.6,50604,20,1720,85328,79562,8979,426235,262,7998,6432,256,21417,543,0.00134559
3,45147.9,57202.5,58490.6,50604,7,1720,85328,79562,8979,426235,262,7998,6432,256,21417,543,0.00134559
3,53337.6,57202.5,58490.6,50604,41,1720,85328,79562,8979,426235,262,7998,6432,256,21417,543,0.00134559
3,18550.1,71760.3,53133.7,45953,17,2236,107996,100158,10855,489683,234,8318,6810,197,22354,894,0.00134559
3,36363.5,71760.3,53133.7,45953,34,2236,107996,100158,10855,489683,234,8318,6810,197,22354,894,0.00134559
3,43489.4,71760.3,53133.7,45953,31,2236,107996,100158,10855,489683,234,8318,6810,197,22354,894,0.00134559
3,12412.2,34086.8,38647.7,33579,10,1245,58054,54137,5982,267950,201,6206,5003,148,15398,572,0.00134559
3,36077.4,34086.8,38647.7,33579,23,1245,58054,54137,5982,267950,201,6206,5003,148,15398,572,0.00134559
3,39162.5,34086.8,38647.7,33579,29,1245,58054,54137,5982,267950,201,6206,5003,148,15398,572,0.00134559
3,34294,92010.3,73406.5,61833,16,2580,131085,124219,13415,679878,293,10322,8522,245,29960,893,0.00134559
3,34809.2,92010.3,73406.5,61833,19,2580,131085,124219,13415,679878,293,10322,8522,245,29960,893,0.00134559
3,55124.1,92010.3,73406.5,61833,53,2580,131085,124219,13415,679878,293,10322,8522,245,29960,893,0.00134559
3,22634.8,32248.4,51548.9,44306,16,1143,52068,48117,5223,226361,198,7817,6348,158,20576,901,0.00134559
3,35683.7,32248.4,51548.9,44306,40,1143,52068,48117,5223,226361,198,7817,6348,158,20576,901,0.00134559
3,38143,32248.4,51548.9,44306,29,1143,52068,48117,5223,226361,198,7817,6348,158,20576,901,0.00134559
3,23714,80908.4,47728.7,41309,13,2334,109666,100692,10854,491950,248,7675,6143,202,18908,739,0.00134559
3,31691.5,80908.4,47728.7,41309,28,2334,109666,100692,10854,491950,248,7675,6143,202,18908,739,0.00134559
3,42405.6,80908.4,47728.7,41309,52,2334,109666,100692,10854,491950,248,7675,6143,202,18908,739,0.00134559
3,6961.58,45150.3,11269.5,9872,4,1596,74504,67574,7372,307480,57,1403,1020,0,2570,184,0.00134559
3,34671.2,45150.3,11269.5,9872,7,1596,74504,67574,7372,307480,57,1403,1020,0,2570,184,0.00134559
3,35368.1,45150.3,11269.5,9872,9,1596,74504,67574,7372,307480,57,1403,1020,0,2570,184,0.00134559
3,14539.3,37184.9,28589.8,24929,16,1484,62047,56071,6125,250864,144,4473,3489,79,10014,594,0.00134559
3,26465.4,37184.9,28589.8,24929,29,1484,62047,56071,6125,250864,144,4473,3489,79,10014,594,0.00134559
3,33326.4,37184.9,28589.8,24929,37,1484,62047,56071,6125,250864,144,4473,3489,79,10014,594,0.00134559
3,20181.1,38657.1,26754.4,23396,24,1591,66631,60089,6743,271361,140,4021,3136,76,8569,695,0.00134559
3,25703.8,38657.1,26754.4,23396,30,1591,66631,60089,6743,271361,140,4021,3136,76,8569,695,0.00134559
3,33985.6,38657.1,26754.4,23396,21,1591,66631,60089,6743,271361,140,4021,3136,76,8569,695,0.00134559
3,28125.1,44573.9,53690.9,46487,31,1571,73950,69129,7942,359646,264,8115,6558,154,20549,979,0.00134559
3,46397.2,44573.9,53690.9,46487,9,1571,73950,69129,7942,359646,264,8115,6558,154,20549,979,0.00134559
3,52510.6,44573.9,53690.9,46487,26,1571,73950,69129,7942,359646,264,8115,6558,154,20549,979,0.00134559
3,15888.1,41747.4,10066.5,8949,14,1375,65070,60047,6549,279262,37,1184,899,11,2082,291,0.00134559
3,19434.9,41747.4,10066.5,8949,4,1375,65070,60047,6549,279262,37,1184,899,11,2082,291,0.00134559
3,37200.7,41747.4,10066.5,8949,4,1375,65070,60047,6549,279262,37,1184,899,11,2082,291,0.00134559
3,26994.4,31228.2,47477.1,40307,6,1135,53535,49582,5620,241616,209,7540,6132,150,21005,603,0.00134559
3,41088.1,31228.2,47477.1,40307,22,1135,53535,49582,5620,241616,209,7540,6132,150,21005,603,0.00134559
3,42958.1,31228.2,47477.1,40307,39,1135,53535,49582,5620,241616,209,7540,6132,150,21005,603,0.00134559
3,39029.4,91293.2,52030.7,44838,20,2347,118316,111209,12338,611348,259,7888,6242,149,19780,1027,0.00134559
3,42813.9,91293.2,52030.7,44838,13,2347,118316,111209,12338,611348,259,7888,6242,149,19780,1027,0.00134559
3,50800.7,91293.2,52030.7,44838,19,2347,118316,111209,12338,611348,259,7888,6242,149,19780,1027,0.00134559
3,34091.9,82488.6,73574.1,63095,16,2380,116196,108700,11894,573772,338,10876,8856,287,29130,1135,0.00134559
3,45177.1,82488.6,73574.1,63095,42,2380,116196,108700,11894,573772,338,10876,8856,287,29130,1135,0.00134559
3,46272.7,82488.6,73574.1,63095,41,2380,116196,108700,11894,573772,338,10876,8856,287,29130,1135,0.00134559
3,44316,108909,114071,98615,36,2635,137047,129506,14446,720029,444,16015,13186,336,45681,1776,0.00134559
3,58015.1,108909,114071,98615,28,2635,137047,129506,14446,720029,444,16015,13186,336,45681,1776,0.00134559
3,59920,108909,114071,98615,37,2635,137047,129506,14446,720029,444,16015,13186,336,45681,1776,0.00134559
3,49288.1,106892,101587,86579,8,2651,140995,133173,14992,755184,468,15216,12431,360,43309,1398,0.00134559
3,52056.2,106892,101587,86579,37,2651,140995,133173,14992,755184,468,15216,12431,360,43309,1398,0.00134559
3,64360.2,106892,101587,86579,30,2651,140995,133173,14992,755184,468,15216,12431,360,43309,1398,0.00134559
3,16589.1,26913.1,25685,22548,17,1058,48039,44764,4885,214927,132,4192,3221,84,10397,327,0.00134559
3,19508.7,26913.1,25685,22548,12,1058,48039,44764,4885,214927,132,4192,3221,84,10397,327,0.00134559
3,39258.3,26913.1,25685,22548,37,1058,48039,44764,4885,214927,132,4192,3221,84,10397,327,0.00134559
3,24236.8,63592.5,51831.6,44406,16,2043,95602,89257,10117,474119,251,8295,6778,191,22293,901,0.00134559
3,37640.5,63592.5,51831.6,44406,25,2043,95602,89257,10117,474119,251,8295,6778,191,22293,901,0.00134559
3,46445.8,63592.5,51831.6,44406,49,2043,95602,89257,10117,474119,251,8295,6778,191,22293,901,0.00134559
3,32131.5,80817.1,68359.3,58671,16,2365,115248,107614,11576,562008,313,10080,8151,272,26743,901,0.00134559
3,44443.6,80817.1,68359.3,58671,39,2365,115248,107614,11576,562008,313,10080,8151,272,26743,901,0.00134559
3,45394.8,80817.1,68359.3,58671,40,2365,115248,107614,11576,562008,313,10080,8151,272,26743,901,0.00134559
3,17056.9,40616.2,24990,21766,18,1556,68189,62975,7169,301355,150,4025,3170,51,9838,360,0.00134559
3,23560.8,40616.2,24990,21766,4,1556,68189,62975,7169,301355,150,4025,3170,51,9838,360,0.00134559
3,42367.6,40616.2,24990,21766,26,1556,68189,62975,7169,301355,150,4025,3170,51,9838,360,0.00134559
3,24525.4,21937.2,21771.5,19025,11,1082,41651,37113,4068,159993,116,3332,2594,58,7831,413,0.00134559
3,24688.2,21937.2,21771.5,19025,27,1082,41651,37113,4068,159993,116,3332,2594,58,7831,413,0.00134559
3,27792.6,21937.2,21771.5,19025,22,1082,41651,37113,4068,159993,116,3332,2594,58,7831,413,0.00134559
3,38687.9,116578,155908,132111,39,2942,156574,149030,16052,849038,571,22030,18570,638,72182,1749,0.00134559
3,42229,116578,155908,132111,20,2942,156574,149030,16052,849038,571,22030,18570,638,72182,1749,0.00134559
3,62189.9,116578,155908,132111,55,2942,156574,149030,16052,849038,571,22030,18570,638,72182,1749,0.00134559
3,7057.46,27707.2,16970,14745,9,1160,48290,44856,5114,221454,98,2880,2209,64,8289,154,0.00134559
3,15030.9,27707.2,16970,14745,14,1160,48290,44856,5114,221454,98,2880,2209,64,8289,154,0.00134559
3,36540,27707.2,16970,14745,26,1160,48290,44856,5114,221454,98,2880,2209,64,8289,154,0.00134559
3,16009.1,26512.4,25627.1,22225,21,1099,46939,42719,4425,188527,134,4051,3144,77,8793,491,0.00134559
3,25172.8,26512.4,25627.1,22225,24,1099,46939,42719,4425,188527,134,4051,3144,77,8793,491,0.00134559
3,29416.6,26512.4,25627.1,22225,30,1099,46939,42719,4425,188527,134,4051,3144,77,8793,491,0.00134559
3,36982.8,108275,87169.5,73916,7,2657,140106,132987,14261,755136,361,13529,11276,408,41220,934,0.00134559
3,44175.4,108275,87169.5,73916,25,2657,140106,132987,14261,755136,361,13529,11276,408,41220,934,0.00134559
3,63471.7,108275,87169.5,73916,64,2657,140106,132987,14261,755136,361,13529,11276,408,41220,934,0.00134559
3,56684.6,109856,109391,93724,54,2709,150369,142032,15965,825237,428,14838,12165,314,41390,2010,0.00134559
3,58611.5,109856,109391,93724,4,2709,150369,142032,15965,825237,428,14838,12165,314,41390,2010,0.00134559
3,72475.7,109856,109391,93724,29,2709,150369,142032,15965,825237,428,14838,12165,314,41390,2010,0.00134559
3,4296.42,41910.3,21037.2,18251,10,1401,62150,58087,6855,298900,116,3488,2717,44,10061,186,0.00134559
3,17815.6,41910.3,21037.2,18251,23,1401,62150,58087,6855,298900,116,3488,2717,44,10061,186,0.00134559
3,46402.7,41910.3,21037.2,18251,23,1401,62150,58087,6855,298900,116,3488,2717,44,10061,186,0.00134559
3,10840.8,55779,31870.6,27658,7,1789,83847,76680,8533,354438,148,4257,3315,79,10619,263,0.00134559
3,37234.5,55779,31870.6,27658,34,1789,83847,76680,8533,354438,148,4257,3315,79,10619,263,0.00134559
3,37437.7,55779,31870.6,27658,14,1789,83847,76680,8533,354438,148,4257,3315,79,10619,263,0.00134559
3,18316,54489.2,13028.5,11246,6,1691,76480,71195,8181,362797,97,2091,1589,7,4657,203,0.00134559
3,28965,54489.2,13028.5,11246,5,1691,76480,71195,8181,362797,97,2091,1589,7,4657,203,0.00134559
3,47332.8,54489.2,13028.5,11246,11,1691,76480,71195,8181,362797,97,2091,1589,7,4657,203,0.00134559
3,17486.1,27566.8,31628.9,27798,21,1062,46031,41829,4315,184690,129,4221,3285,80,8898,588,0.00134559
3,24745.6,27566.8,31628.9,27798,22,1062,46031,41829,4315,184690,129,4221,3285,80,8898,588,0.00134559
3,29118.3,27566.8,31628.9,27798,32,1062,46031,41829,4315,184690,129,4221,3285,80,8898,588,0.00134559
3,22624.6,107398,55821.8,47977,12,2827,139849,130266,14199,671554,289,8816,7113,229,21910,895,0.00134559
3,37276.5,107398,55821.8,47977,33,2827,139849,130266,14199,671554,289,8816,7113,229,21910,895,0.00134559
3,47685.1,107398,55821.8,47977,52,2827,139849,130266,14199,671554,289,8816,7113,229,21910,895,0.00134559
3,16695.3,24041.8,13720,12075,11,1117,45180,41119,4584,179706,80,2056,1597,26,3985,359,0.00134559
3,20895.9,24041.8,13720,12075,20,1117,45180,41119,4584,179706,80,2056,1597,26,3985,359,0.00134559
3,30277.7,24041.8,13720,12075,7,1117,45180,41119,4584,179706,80,2056,1597,26,3985,359,0.00134559
3,7292.54,34722.8,60678.3,52760,9,1229,60181,56277,6501,287031,294,9852,8128,307,30949,445,0.00134559
3,34828,34722.8,60678.3,52760,16,1229,60181,56277,6501,287031,294,9852,8128,307,30949,445,0.00134559
3,50526.9,34722.8,60678.3,52760,50,1229,60181,56277,6501,287031,294,9852,8128,307,30949,445,0.00134559
3,39469,124060,101283,86880,41,2911,155389,147373,15952,828664,389,14585,12193,423,43354,1563,0.00134559
3,47150.4,124060,101283,86880,23,2911,155389,147373,15952,828664,389,14585,12193,423,43354,1563,0.00134559
3,62567.3,124060,101283,86880,50,2911,155389,147373,15952,828664,389,14585,12193,423,43354,1563,0.00134559
3,5596.33,24918.5,32327.3,27866,5,932,43723,40244,4405,188959,152,5131,4117,110,12563,478,0.00134559
3,31656.9,24918.5,32327.3,27866,31,932,43723,40244,4405,188959,152,5131,4117,110,12563,478,0.00134559
3,37300.6,24918.5,32327.3,27866,32,932,43723,40244,4405,188959,152,5131,4117,110,12563,478,0.00134559
3,7840.27,49025,17290.5,14958,4,1612,71153,66467,7756,350914,102,2787,2117,25,5771,434,0.00134559
3,26917.2,49025,17290.5,14958,27,1612,71153,66467,7756,350914,102,2787,2117,25,5771,434,0.00134559
3,46061.1,49025,17290.5,14958,12,1612,71153,66467,7756,350914,102,2787,2117,25,5771,434,0.00134559
3,27111.4,114216,98779,84722,24,2818,142957,134622,14651,721305,371,14525,12040,405,43442,1406,0.00134559
3,47714.3,114216,98779,84722,37,2818,142957,134622,14651,721305,371,14525,12040,405,43442,1406,0.00134559
3,51292.3,114216,98779,84722,46,2818,142957,134622,14651,721305,371,14525,12040,405,43442,1406,0.00134559
3,60590,121678,138531,118258,20,2835,161046,152594,17096,916589,571,19607,16111,379,55922,2623,0.00134559
3,62608.5,121678,138531,118258,59,2835,161046,152594,17096,916589,571,19607,16111,379,55922,2623,0.00134559
3,78871.5,121678,138531,118258,25,2835,161046,152594,17096,916589,571,19607,16111,379,55922,2623,0.00134559
3,58407.2,87663,101615,87950,56,2325,127987,120588,13993,681303,387,14290,11542,263,36845,2002,0.00134559
3,64910,87663,101615,87950,15,2325,127987,120588,13993,681303,387,14290,11542,263,36845,2002,0.00134559
3,66810.2,87663,101615,87950,17,2325,127987,120588,13993,681303,387,14290,11542,263,36845,2002,0.00134559
3,67139.1,89828.2,98503,86648,64,2212,122694,115390,13225,656094,304,12105,10007,287,30861,1956,0.00134559
3,69873.3,89828.2,98503,86648,7,2212,122694,115390,13225,656094,304,12105,10007,287,30861,1956,0.00134559
3,71016,89828.2,98503,86648,3,2212,122694,115390,13225,656094,304,12105,10007,287,30861,1956,0.00134559
3,15260.8,32675.8,10812.3,9470,18,1326,54418,50424,5661,243474,70,1676,1256,6,3029,355,0.00134559
3,19445.2,32675.8,10812.3,9470,11,1326,54418,50424,5661,243474,70,1676,1256,6,3029,355,0.00134559
3,33783,32675.8,10812.3,9470,7,1326,54418,50424,5661,243474,70,1676,1256,6,3029,355,0.00134559
3,4529.81,34587,57423.1,49792,7,1260,59008,55060,6333,281194,267,9130,7508,230,26870,677,0.00134559
3,40215.1,34587,57423.1,49792,29,1260,59008,55060,6333,281194,267,9130,7508,230,26870,677,0.00134559
3,47109.1,34587,57423.1,49792,38,1260,59008,55060,6333,281194,267,9130,7508,230,26870,677,0.00134559
3,14239.4,56561.1,28787.3,24774,16,1890,85720,78318,8635,364093,149,4582,3569,96,11093,427,0.00134559
3,21441.6,56561.1,28787.3,24774,24,1890,85720,78318,8635,364093,149,4582,3569,96,11093,427,0.00134559
3,38238.2,56561.1,28787.3,24774,46,1890,85720,78318,8635,364093,149,4582,3569,96,11093,427,0.00134559
3,47142.9,110464,112224,96323,41,2649,139651,131988,14758,739549,474,16594,13631,375,46525,1911,0.00134559
3,58175.8,110464,112224,96323,23,2649,139651,131988,14758,739549,474,16594,13631,375,46525,1911,0.00134559
3,62370,110464,112224,96323,30,2649,139651,131988,14758,739549,474,16594,13631,375,46525,1911,0.00134559
3,11022.8,38809.3,26707.6,23332,12,1551,64602,59334,6677,275118,135,3568,2752,50,8395,467,0.00134559
3,25221.7,38809.3,26707.6,23332,19,1551,64602,59334,6677,275118,135,3568,2752,50,8395,467,0.00134559
3,37283.2,38809.3,26707.6,23332,8,1551,64602,59334,6677,275118,135,3568,2752,50,8395,467,0.00134559
3,48233.1,141490,158089,133804,20,2940,164100,156119,17096,931054,562,22374,19114,659,71530,2270,0.00134559
3,54904.6,141490,158089,133804,53,2940,164100,156119,17096,931054,562,22374,19114,659,71530,2270,0.00134559
3,75065,141490,158089,133804,74,2940,164100,156119,17096,931054,562,22374,19114,659,71530,2270,0.00134559
3,38039.9,80420.3,58203.2,50903,10,2259,111040,103450,11291,543367,227,7277,5709,143,17005,833,0.00134559
3,38113.5,80420.3,58203.2,50903,39,2259,111040,103450,11291,543367,227,7277,5709,143,17005,833,0.00134559
3,46334.4,80420.3,58203.2,50903,8,2259,111040,103450,11291,543367,227,7277,5709,143,17005,833,0.00134559
3,27762.1,48907,58435.3,51131,27,1620,75771,70804,8221,370535,271,7688,6216,140,18441,1016,0.00134559
3,44293.1,48907,58435.3,51131,16,1620,75771,70804,8221,370535,271,7688,6216,140,18441,1016,0.00134559
3,52944.1,48907,58435.3,51131,22,1620,75771,70804,8221,370535,271,7688,6216,140,18441,1016,0.00134559
3,38559.4,112201,93590.5,79516,41,2898,153852,145857,15687,818811,368,13786,11507,399,41155,1438,0.00134559
3,46466.2,112201,93590.5,79516,24,2898,153852,145857,15687,818811,368,13786,11507,399,41155,1438,0.00134559
3,61657.7,112201,93590.5,79516,50,2898,153852,145857,15687,818811,368,13786,11507,399,41155,1438,0.00134559
3,12519.3,36245.4,13157.1,11447,12,1305,59001,53919,5700,238786,79,2071,1541,11,3756,275,0.00134559
3,24415.4,36245.4,13157.1,11447,10,1305,59001,53919,5700,238786,79,2071,1541,11,3756,275,0.00134559
3,32387.6,36245.4,13157.1,11447,17,1305,59001,53919,5700,238786,79,2071,1541,11,3756,275,0.00134559
3,9201.98,27970.4,43169.4,36723,6,1121,49327,46061,5244,219633,198,6559,5270,189,17072,633,0.00134559
3,29626.4,27970.4,43169.4,36723,28,1121,49327,46061,5244,219633,198,6559,5270,189,17072,633,0.00134559
3,36223.3,27970.4,43169.4,36723,29,1121,49327,46061,5244,219633,198,6559,5270,189,17072,633,0.00134559
3,38430.8,116389,96041.4,82526,40,2930,155593,147689,15905,834160,387,14411,12083,426,44166,1538,0.00134559
3,45301.1,116389,96041.4,82526,22,2930,155593,147689,15905,834160,387,14411,12083,426,44166,1538,0.00134559
3,61774.3,116389,96041.4,82526,48,2930,155593,147689,15905,834160,387,14411,12083,426,44166,1538,0.00134559
3,2811.12,33811.2,43695.8,37810,3,1167,53052,49561,5560,242840,199,6936,5629,179,18962,545,0.00134559
3,34506.5,33811.2,43695.8,37810,32,1167,53052,49561,5560,242840,199,6936,5629,179,18962,545,0.00134559
3,41430.1,33811.2,43695.8,37810,38,1167,53052,49561,5560,242840,199,6936,5629,179,18962,545,0.00134559
3,14819.1,38943.5,20112.1,17675,12,1465,61934,57029,6451,266804,127,3070,2345,32,6440,471,0.00134559
3,22412.3,38943.5,20112.1,17675,13,1465,61934,57029,6451,266804,127,3070,2345,32,6440,471,0.00134559
3,38385,38943.5,20112.1,17675,21,1465,61934,57029,6451,266804,127,3070,2345,32,6440,471,0.00134559
3,18136.8,23505.2,18855.7,16372,4,941,40536,37390,3952,166973,110,3053,2329,58,6944,309,0.00134559
3,20199.6,23505.2,18855.7,16372,20,941,40536,37390,3952,166973,110,3053,2329,58,6944,309,0.00134559
3,29551.4,23505.2,18855.7,16372,28,941,40536,37390,3952,166973,110,3053,2329,58,6944,309,0.00134559
3,18907.4,27499.3,18091.8,15877,6,1102,42923,38782,4380,167484,78,2252,1712,14,4866,298,0.00134559
3,22039,27499.3,18091.8,15877,21,1102,42923,38782,4380,167484,78,2252,1712,14,4866,298,0.00134559
3,28596.6,27499.3,18091.8,15877,21,1102,42923,38782,4380,167484,78,2252,1712,14,4866,298,0.00134559
3,13401.3,62279.4,33274.8,28863,14,1984,93454,85804,9429,402499,151,4633,3595,80,10912,377,0.00134559
3,38993.7,62279.4,33274.8,28863,11,1984,93454,85804,9429,402499,151,4633,3595,80,10912,377,0.00134559
3,39565,62279.4,33274.8,28863,33,1984,93454,85804,9429,402499,151,4633,3595,80,10912,377,0.00134559
3,14875.8,41093.2,25609.6,22168,16,1394,63563,58015,6113,267741,135,4234,3331,110,10124,394,0.00134559
3,21318.6,41093.2,25609.6,22168,23,1394,63563,58015,6113,267741,135,4234,3331,110,10124,394,0.00134559
3,33414.3,41093.2,25609.6,22168,30,1394,63563,58015,6113,267741,135,4234,3331,110,10124,394,0.00134559
3,44981.3,86811.7,101454,87041,10,2354,125152,117927,13366,671848,431,14717,12176,261,42613,1701,0.00134559
3,58265.3,86811.7,101454,87041,31,2354,125152,117927,13366,671848,431,14717,12176,261,42613,1701,0.00134559
3,62101.2,86811.7,101454,87041,47,2354,125152,117927,13366,671848,431,14717,12176,261,42613,1701,0.00134559
3,26159.2,66224.6,54441.2,47188,21,2009,99220,93051,10289,475499,223,8061,6582,229,21985,691,0.00134559
3,29781,66224.6,54441.2,47188,14,2009,99220,93051,10289,475499,223,8061,6582,229,21985,691,0.00134559
3,46741,66224.6,54441.2,47188,52,2009,99220,93051,10289,475499,223,8061,6582,229,21985,691,0.00134559
3,27339.5,79690.1,67925.3,58298,6,2251,114750,108078,11834,593364,337,11114,9141,366,33236,642,0.00134559
3,40830,79690.1,67925.3,58298,21,2251,114750,108078,11834,593364,337,11114,9141,366,33236,642,0.00134559
3,56000.3,79690.1,67925.3,58298,64,2251,114750,108078,11834,593364,337,11114,9141,366,33236,642,0.00134559
