k,order,dist,cost_polyanya,cost_ki,cost_hi,cost_hi2,h_cost,h_cost2,vnum,gen_poly,push_poly,gen_ki,push_ki,prune_ki,gen_hi,push_hi,prune_hi,hcall,reevaluate,gen_hi2,push_hi2,prune_hi2,hcall2,reevaluate2,precost,gen_pre,edgecnt,damcnt,pts,polys
3,3,49154.8,32213.4,50822.6,51086.7,42105.2,47127,37553,4,73292,71145,74498,73100,8065,3228,3955,62,3512,0,3228,3955,62,2738,829,278896,268938,113311,246327,10,5021
3,3,34689,14848.6,42903.4,75718.3,28249.8,69567,23333,33,39659,38450,65497,64114,6498,5348,5936,101,5281,0,5348,5936,101,1982,746,278896,268938,113311,246327,10,5021
3,3,12194.4,7929.68,4098.66,7506.95,3518.6,7025,3095,16,20695,20046,7342,7138,440,552,599,0,517,0,552,599,0,251,70,278896,268938,113311,246327,10,5021
3,3,19088.6,8848.06,9123.14,15915.3,9643.36,14709,8493,12,24914,24105,20300,19816,1578,1295,1442,17,1253,0,1295,1442,17,729,197,278896,268938,113311,246327,10,5021
3,3,26319.4,24782.6,24283.2,32460.7,17400.3,29784,15186,34,49965,48597,40168,39207,3801,2360,2584,39,2301,0,2360,2584,39,1367,308,278896,268938,113311,246327,10,5021
3,3,32753.6,18651.5,34061.5,62960.7,50277.5,58270,45268,17,42432,41174,59720,58492,5756,4579,5361,92,4797,0,4579,5361,92,3324,916,278896,268938,113311,246327,10,5021
3,3,32092,18332.7,31324.8,76734.8,24509.8,71298,20367,5,41841,40568,56374,55180,5511,5233,6023,130,5389,0,5229,6017,130,1660,941,278896,268938,113311,246327,10,5021
3,3,38528.3,23992,55333,77325.2,44608.9,70758,38046,42,55727,54042,80306,78720,8312,6423,6717,178,5974,0,6404,6698,178,3122,509,278896,268938,113311,246327,10,5021
3,3,20047.2,8946.57,12522.3,9031.19,5005.04,8397,4418,7,18972,18364,22752,22175,1932,637,753,3,664,0,637,753,3,385,143,278896,268938,113311,246327,10,5021
3,3,20992.6,7597.14,12360,14426.3,8049.09,13403,7103,10,21894,21199,25315,24687,2304,1067,1244,4,1108,0,1062,1239,4,596,215,278896,268938,113311,246327,10,5021
3,3,34744.7,28586.6,29738.4,52504,33701.1,48246,29544,33,60682,58980,54570,53432,5634,4291,4812,102,4311,0,4291,4812,102,2701,638,278896,268938,113311,246327,10,5021
3,3,17834.6,14044.1,9063.04,12085.2,6334.4,11370,5659,3,32671,31718,17659,17208,1402,735,903,3,791,0,735,903,3,420,199,278896,268938,113311,246327,10,5021
3,3,19284.9,16041.7,9651.32,12805.3,8905.66,11765,7906,16,40659,39550,20207,19714,1647,1105,1200,11,1026,0,1105,1200,11,686,121,278896,268938,113311,246327,10,5021
3,3,33325.8,12421.6,34268.7,28472.8,27736.2,26079,24907,14,33871,32873,62955,61585,6313,2310,2560,25,2289,0,2310,2560,25,1801,310,278896,268938,113311,246327,10,5021
3,3,23923.5,16046.3,16464.4,21108.2,18264.6,19498,16444,11,37552,36466,34507,33695,3010,1767,1965,26,1757,0,1767,1965,26,1155,264,278896,268938,113311,246327,10,5021
3,3,29497.8,27179.3,14681.6,23023.8,19421,21279,17596,14,67506,65599,28732,28075,2583,1808,2089,15,1820,0,1843,2128,16,1162,345,278896,268938,113311,246327,10,5021
3,3,16354.9,10534.3,5867.35,10867.4,5656.96,10164,4989,8,26580,25775,14828,14443,1119,812,957,3,861,0,812,957,3,425,179,278896,268938,113311,246327,10,5021
3,3,32812.1,19967.7,38268.7,60914.3,35292.8,55859,30396,17,49112,47544,68681,67250,6756,5159,5517,102,4918,0,5123,5483,102,2183,552,278896,268938,113311,246327,10,5021
3,3,36970.9,26051.8,30528.4,42685.1,28952.1,39991,26272,6,68747,66642,52168,51092,5145,2485,3171,29,2814,0,2485,3171,29,2065,798,278896,268938,113311,246327,10,5021
3,3,20685.6,15103.2,8073.78,10858.8,8149.28,10038,7290,11,39393,38191,19199,18742,1581,917,1035,6,913,0,917,1035,6,633,148,278896,268938,113311,246327,10,5021
3,3,38336.4,17868.1,42731.9,77558.1,54334,71119,47939,23,49755,48282,73045,71525,7703,6507,7124,157,6370,0,6534,7131,163,4431,816,278896,268938,113311,246327,10,5021
3,3,30891.4,11934.4,30618.7,23590.8,17534.1,21741,15679,29,33180,32155,57443,56184,5685,1891,2165,30,1935,0,1891,2160,30,1440,332,278896,268938,113311,246327,10,5021
3,3,45644.7,33256.5,41198.2,126570,92560.8,116205,81908,41,85405,82945,71904,70459,7743,9765,10637,294,9523,0,9765,10637,294,6742,1159,278896,268938,113311,246327,10,5021
3,3,62778.7,52864.1,67405.2,202590,173531,182917,150383,65,123002,119524,103437,101597,10727,17973,18264,603,16261,0,17937,18231,603,12797,824,278896,268938,113311,246327,10,5021
3,3,41232.4,19205.1,46421.2,79247,57342,73071,51124,43,53609,52002,75839,74333,7773,5619,6220,93,5502,0,5619,6215,93,4259,770,278896,268938,113311,246327,10,5021
3,3,25456.7,9107.48,19245.8,15730.7,10593.3,14552,9325,28,26083,25261,38986,38139,3602,1151,1225,17,1089,0,1256,1399,16,855,185,278896,268938,113311,246327,10,5021
3,3,49520.7,31899.5,49405.2,72204.7,61712.7,66305,55042,16,73877,71736,79811,78274,8561,5663,6425,109,5669,0,5663,6425,109,4706,942,278896,268938,113311,246327,10,5021
3,3,33179.7,26680.1,32090.2,76061.5,38283,70455,33518,8,66294,64250,49852,48754,5016,5106,5757,153,5146,0,5106,5757,153,2675,828,278896,268938,113311,246327,10,5021
3,3,43661.1,24267.8,40135.4,100346,63366.3,91732,54287,44,63894,62089,70222,68832,7165,7795,8285,185,7321,0,9349,9853,476,4770,775,278896,268938,113311,246327,10,5021
3,3,45707.7,24740.3,45000.5,65520.9,34349.4,60440,29189,13,63041,61144,77523,76022,8293,5058,5812,53,5133,0,5058,5812,53,2197,908,278896,268938,113311,246327,10,5021
3,3,26596.2,11653.3,24559.4,39437.6,21322.8,36466,18665,22,33147,32099,44332,43353,4212,3086,3477,54,3107,0,3086,3477,54,1584,504,278896,268938,113311,246327,10,5021
3,3,33604.5,29247.8,28221.3,62126.1,37519.7,57561,32670,20,65884,63917,51600,50467,4989,4425,5084,113,4575,0,5340,6140,229,2892,977,278896,268938,113311,246327,10,5021
3,3,41607,31703.5,29870.7,50734.2,36000.9,47176,32475,7,78518,76237,55739,54623,5714,3084,3991,46,3600,0,3084,3991,46,2593,1027,278896,268938,113311,246327,10,5021
3,3,26132.9,12858.6,11919.9,21697.6,17343.8,20011,15507,15,35187,34094,26566,25954,2432,1764,1961,23,1750,0,1764,1961,23,1398,253,278896,268938,113311,246327,10,5021
3,3,36063.5,14753.7,37782.6,55213.4,32691.5,51149,28889,27,42721,41388,66041,64619,6763,4298,4860,100,4337,0,4262,4805,88,2601,693,278896,268938,113311,246327,10,5021
3,3,45052.9,46610.6,34696.5,118235,91331.4,109060,81683,46,91841,89145,62903,61667,6559,9014,9998,251,8950,0,9014,9998,251,6834,1280,278896,268938,113311,246327,10,5021
3,3,57502.1,83132.1,40379.4,220729,121392,202030,103231,68,184107,179037,69707,68402,7027,17420,19127,662,17339,0,17685,19472,719,9003,2338,278896,268938,113311,246327,10,5021
3,3,10633.1,7484.32,2172.24,3367.34,2634.68,3134,2370,9,20818,20133,5832,5665,326,277,309,0,264,0,277,309,0,194,46,278896,268938,113311,246327,10,5021
3,3,49227.9,29377.9,55933.2,146989,99461.2,133918,85853,47,72089,70000,95320,93528,9960,11952,12502,344,11172,0,11952,12502,344,7123,912,278896,268938,113311,246327,10,5021
3,3,35567.4,16938.9,44724.1,86020.1,43931.4,79034,37132,34,46705,45237,72997,71480,7245,6736,7323,160,6560,0,6736,7323,160,2749,809,278896,268938,113311,246327,10,5021
3,3,51407.3,71809.4,36278.8,188156,103131,172798,88180,57,154504,150046,64745,63501,6666,13710,15266,434,13811,0,15686,17502,784,7407,2324,278896,268938,113311,246327,10,5021
3,3,19294.3,8234.88,9316.48,9189.76,6805.92,8432,6054,24,23971,23246,21253,20724,1691,813,877,4,766,0,813,877,4,567,86,278896,268938,113311,246327,10,5021
3,3,56484.9,80035.7,40312.2,221343,126912,203168,109971,60,176240,171308,72271,70926,7445,17004,18866,759,17104,0,17004,18866,759,9649,2376,278896,268938,113311,246327,10,5021
3,3,43983.9,28503.7,34702,69047.4,29803.5,63882,25416,12,74822,72737,60422,59252,6340,4857,5599,67,4932,0,4857,5579,67,2057,863,278896,268938,113311,246327,10,5021
3,3,20921.2,15525.7,11827,23915.7,12349.6,22124,10783,27,38503,37393,25717,25083,2183,1997,2218,29,1948,0,1997,2216,29,947,290,278896,268938,113311,246327,10,5021
3,3,39844.1,30758.7,36686.9,60981,38317.1,56264,34013,11,69737,67677,66695,65349,6866,4428,5170,85,4618,0,4428,5170,85,3115,902,278896,268938,113311,246327,10,5021
3,3,15059.3,6776.5,5085.93,5587.9,3950.61,5175,3502,7,19040,18410,12025,11692,873,466,521,1,451,0,466,521,1,324,72,278896,268938,113311,246327,10,5021
3,3,13322.2,8609.63,3409.29,5679.86,4461.95,5280,4016,12,23307,22573,9305,9035,592,467,537,2,464,0,467,537,2,331,88,278896,268938,113311,246327,10,5021
3,3,39619.4,22826,35443.8,46747.4,29554,43415,26131,7,60285,58464,63384,62029,6484,3239,3957,47,3544,0,3239,3957,47,2144,833,278896,268938,113311,246327,10,5021
3,3,21178.1,10819.9,11698.3,16939.7,9515.93,15723,8401,3,31516,30519,26103,25475,2216,1304,1545,19,1357,0,1304,1545,19,739,299,278896,268938,113311,246327,10,5021
3,3,51163.9,59360.7,34062.5,175465,68979.8,160885,56917,54,139462,135405,62593,61378,6454,13608,14514,407,13037,0,13720,14637,443,4697,1357,278896,268938,113311,246327,10,5021
3,3,34692.5,22524.6,28484.2,34400.3,26962.5,31819,24363,10,59881,58098,53545,52405,5069,2611,3145,22,2756,0,2611,3145,22,2139,633,278896,268938,113311,246327,10,5021
3,3,15537.6,11195.2,5282.93,12650.4,5120.08,11713,4394,4,28764,27879,12986,12630,969,1068,1159,19,1013,0,1041,1131,19,367,133,278896,268938,113311,246327,10,5021
3,3,57124.2,43570.9,62911.4,150195,124771,136148,108621,61,101769,98890,99421,97615,10403,13781,13775,471,12222,0,13745,13742,471,9595,411,278896,268938,113311,246327,10,5021
3,3,23339.3,9591.11,20092.8,16328.2,9845.46,15096,8745,15,27100,26261,32280,31504,2778,1218,1400,14,1214,0,1218,1403,14,790,230,278896,268938,113311,246327,10,5021
3,3,44536.3,16569.1,47466,34896.8,28447,32512,25790,32,45892,44552,83748,82038,8827,2519,2824,28,2493,0,2519,2824,28,2293,397,278896,268938,113311,246327,10,5021
3,3,24647.1,13365.5,16795.7,20051.1,15750.7,18475,14044,22,34968,33858,26917,26286,2498,1705,1891,21,1661,0,1705,1891,21,1277,248,278896,268938,113311,246327,10,5021
3,3,15576.3,5637.9,5287.07,8785.3,6716.28,8148,6009,10,16427,15897,13096,12778,927,743,830,7,719,0,743,830,7,537,111,278896,268938,113311,246327,10,5021
3,3,61128.3,65695.1,57430.6,153564,116965,139800,102884,65,152753,148807,94664,93000,10304,12757,13698,427,12314,0,12757,13698,427,9025,1305,278896,268938,113311,246327,10,5021
3,3,37847.7,14769,39794.7,29058.5,24797.2,26858,22417,22,40249,38985,65090,63690,6426,2519,2741,38,2434,0,2519,2741,38,2081,315,278896,268938,113311,246327,10,5021
3,3,44953.3,17074.2,52697.7,31302.1,28635.2,28885,25910,31,46575,45139,83109,81411,8714,2616,2943,36,2601,0,2616,2943,36,2336,420,278896,268938,113311,246327,10,5021
3,3,11630.7,7739.02,2479.88,3583.49,2266.89,3332,2007,4,21199,20520,6797,6584,431,294,340,0,285,0,294,340,0,172,61,278896,268938,113311,246327,10,5021
3,3,28648.1,19637.9,21210.2,34050.6,25298,31314,22486,30,52216,50712,41690,40773,4119,2902,3229,56,2883,0,2902,3229,56,2117,416,278896,268938,113311,246327,10,5021
3,3,52941.2,32934.2,54656.8,124103,96338.3,112238,83884,58,89047,86433,94634,92881,9895,11663,11707,403,10360,0,11627,11674,403,7741,417,278896,268938,113311,246327,10,5021
3,3,41681.8,27081,35962.3,79908.7,38239.5,73752,33050,14,72977,70751,64269,62963,6813,6185,6920,103,6187,0,6087,6817,98,2887,940,278896,268938,113311,246327,10,5021
3,3,29499.6,21223.4,24242.6,52727.8,28205.3,48916,24830,21,57788,56088,46472,45411,4469,3920,4378,116,3905,0,3920,4378,116,2139,596,278896,268938,113311,246327,10,5021
3,3,44842.1,27755.1,50039.6,100061,51029.6,91654,43425,54,61947,60136,86275,84539,8866,8016,8400,187,7428,0,8058,8446,197,3706,621,278896,268938,113311,246327,10,5021
3,3,43469.3,23101.9,49502.3,89137.2,51385.9,81521,43705,47,53289,51659,86909,85164,8933,7392,7974,200,7080,0,7474,8056,206,3595,807,278896,268938,113311,246327,10,5021
3,3,14464.5,11282.3,5952.43,10418.8,6243.29,9684,5488,20,30930,29995,11106,10824,723,855,926,5,803,0,855,926,5,460,99,278896,268938,113311,246327,10,5021
3,3,31714.5,12210.8,32429.1,40725.4,31059.9,37575,27624,22,32906,31920,60893,59570,6046,3170,3599,68,3218,0,3170,3599,68,2355,526,278896,268938,113311,246327,10,5021
3,3,43137.1,43332.6,33163.8,124186,74931.7,114054,65024,36,107376,104316,60389,59179,6421,9808,10963,377,9883,0,10020,11215,441,5451,1503,278896,268938,113311,246327,10,5021
3,3,40520.6,16918.9,41195.9,33182.6,27298.4,30889,24927,30,40469,39241,74689,73129,7647,2062,2320,24,2041,0,2062,2320,24,1829,337,278896,268938,113311,246327,10,5021
3,3,47892.6,33123.5,51856.3,87445.8,72048,79648,63529,40,85603,83116,88510,86799,9439,7941,8156,195,7254,0,7941,8156,195,5790,480,278896,268938,113311,246327,10,5021
3,3,14640.5,7309.03,4370.12,5951.86,3193.08,5536,2799,18,20843,20181,10991,10710,738,500,552,2,475,0,500,552,2,255,73,278896,268938,113311,246327,10,5021
3,3,28098.7,12133.8,26066.5,47006.1,42287.2,42801,36222,31,29433,28537,50105,49046,4706,4450,4490,119,3955,0,4450,4490,119,3088,169,278896,268938,113311,246327,10,5021
3,3,36261.4,34268.6,33662.7,41969.4,31824.5,38122,27102,48,70849,68833,55480,54244,5366,3500,3702,70,3275,0,3500,3701,70,2420,319,278896,268938,113311,246327,10,5021
3,3,20669.8,11731.8,11760.6,16658.4,11633.7,15447,10395,14,29018,28164,24331,23742,2023,1295,1453,11,1289,0,1295,1453,11,927,205,278896,268938,113311,246327,10,5021
3,3,40035.1,18717.3,53449.2,101532,51983.6,92986,44205,33,51022,49409,83754,82060,8580,8311,8932,222,8021,0,8311,8932,222,3874,896,278896,268938,113311,246327,10,5021
3,3,39612,31896.3,32075.1,94294.8,80117.2,86275,70792,39,76909,74586,57558,56398,5906,7997,8217,242,7306,0,7997,8217,242,5743,494,278896,268938,113311,246327,10,5021
3,3,39501.7,34049.3,38259.6,68586.8,49214.2,63096,43210,31,71316,69167,63385,62088,6483,5275,6171,162,5581,0,5273,6143,161,3625,1060,278896,268938,113311,246327,10,5021
3,3,42531.7,37021.5,35883.8,70718.4,50104.2,64964,43948,52,90628,88014,62137,60841,6415,5574,6180,182,5558,0,5574,6177,182,3817,797,278896,268938,113311,246327,10,5021
3,3,47926.6,33280.6,50426.9,81646.2,69621.1,74405,61475,44,87780,85254,87813,86119,9232,7481,7617,192,6783,0,7481,7617,192,5664,379,278896,268938,113311,246327,10,5021
3,3,29839.9,26491.1,18908.3,28151.4,23015.6,26179,20873,12,67740,65788,37120,36312,3447,1920,2362,14,2107,0,1920,2362,14,1601,507,278896,268938,113311,246327,10,5021
3,3,27476,26381.8,14206.6,32836.5,22092.3,30408,19737,21,66980,65087,29690,29042,2679,2516,2856,44,2511,0,2516,2856,44,1726,417,278896,268938,113311,246327,10,5021
3,3,25518.4,8497.08,21281.8,9945.85,5989.12,9220,5286,4,22866,22154,39997,39063,3676,662,845,2,724,0,662,845,2,437,203,278896,268938,113311,246327,10,5021
3,3,45353.4,24791.1,51013.9,108965,73063.7,99099,63015,50,65956,64062,76994,75478,7992,8693,9300,258,8249,0,9208,9848,391,5174,904,278896,268938,113311,246327,10,5021
3,3,20596.7,12549.4,10818.7,10397.3,5402.82,9651,4742,4,31191,30284,24220,23635,1988,760,905,11,801,0,760,905,11,423,177,278896,268938,113311,246327,10,5021
3,3,19636.6,5959.13,9361.55,17313.7,13522.7,15995,12077,21,17993,17431,21478,20973,1858,1558,1655,24,1446,0,1558,1655,24,1063,145,278896,268938,113311,246327,10,5021
3,3,23202.2,16786,15696.6,20473,14419.9,18887,12798,17,42330,41093,32679,31918,2751,1801,1793,26,1572,0,1801,1793,26,1114,60,278896,268938,113311,246327,10,5021
3,3,16161.8,12252,5939.55,11823.6,6011.61,10985,5188,7,29881,28974,14250,13863,1043,876,1015,9,899,0,1053,1216,21,437,211,278896,268938,113311,246327,10,5021
3,3,30348.1,29606.6,16088.2,38734.1,26722.6,35790,23620,24,71910,69848,32047,31346,2992,2901,3384,36,2988,0,2901,3384,36,1987,574,278896,268938,113311,246327,10,5021
3,3,18201.5,14206.2,8389.15,10448.7,5190.61,9547,4503,11,34041,33037,18279,17823,1471,770,820,1,715,0,770,820,1,361,85,278896,268938,113311,246327,10,5021
3,3,16939.5,9691.39,7429.35,9571.24,7003.67,8823,6182,22,23800,23051,15567,15160,1171,764,838,9,738,0,764,838,9,515,103,278896,268938,113311,246327,10,5021
3,3,25646.9,9424.38,20774,13352.6,9949.7,12236,8751,28,26321,25487,39651,38795,3668,1218,1291,18,1131,0,1218,1292,18,821,117,278896,268938,113311,246327,10,5021
3,3,41214.1,18084.9,53380,91187.6,46572,83908,40158,35,49732,48196,85434,83718,8727,6953,7691,212,6888,0,6953,7691,212,3473,957,278896,268938,113311,246327,10,5021
3,3,29902.3,20034.6,24964.1,25694.7,20479,23769,18576,10,49567,48162,47325,46301,4588,1936,2326,20,2074,0,1936,2326,20,1242,452,278896,268938,113311,246327,10,5021
3,3,41277.7,27611,39114,51637.9,36768.3,47728,32751,4,63426,61486,64899,63521,6590,3454,4239,39,3796,0,3454,4239,39,2309,909,278896,268938,113311,246327,10,5021
3,3,29594.6,13083.1,34159.9,77300,27223.2,71583,22835,39,37172,36025,57103,55840,5244,5625,6258,138,5605,0,5626,6257,137,1914,829,278896,268938,113311,246327,10,5021
3,3,24314.1,14389.9,11159.6,21635.2,15134.5,19916,13454,11,37189,36062,23387,22836,2119,1732,1947,34,1742,0,1732,1947,34,1198,273,278896,268938,113311,246327,10,5021
3,3,21897.4,19222.8,12935.5,22392.9,14199,20730,12548,19,38743,37627,28448,27752,2413,1887,2102,28,1863,0,1887,2102,28,1093,287,278896,268938,113311,246327,10,5021
3,3,56933.7,64263.7,43946.3,193037,134145,175341,116942,71,144175,139926,74676,73245,7976,15355,16446,507,14791,0,16023,17125,674,10418,1632,278896,268938,113311,246327,10,5021
3,3,20484.1,6452.89,10821.9,8528.61,4967.76,7920,4384,7,18962,18348,24108,23507,2106,671,788,0,685,0,671,788,0,393,146,278896,268938,113311,246327,10,5021
3,3,28813.3,18272,21752.1,37257.2,24293.9,34270,21435,27,49423,47933,41789,40864,4218,3176,3491,31,3114,0,3176,3491,31,1965,416,278896,268938,113311,246327,10,5021
3,3,31232,23883.7,28219,51427.7,36844.7,47221,32591,36,57854,56142,52044,50888,5104,4325,4686,152,4194,0,4325,4686,152,2930,520,278896,268938,113311,246327,10,5021
3,3,20455.6,7885.04,10366.2,17413.7,8268.86,16164,7169,17,22281,21585,23555,22963,2022,1382,1577,13,1391,0,1382,1577,13,620,254,278896,268938,113311,246327,10,5021
3,3,39395.5,16305.3,43459.2,84112.4,37769.2,77356,31692,44,46030,44662,76889,75310,7787,6479,7029,158,6213,0,6598,7146,185,2689,744,278896,268938,113311,246327,10,5021
3,3,54094.9,47131.5,54547.4,118836,108096,107993,94048,48,105085,102049,94399,92683,9977,10695,10960,345,9795,0,10695,10960,345,8306,591,278896,268938,113311,246327,10,5021
3,3,32013.1,17726.5,44825.7,87167.2,31473,80295,25911,39,41612,40277,64438,63044,6201,6432,6983,170,6257,0,6432,6981,170,2140,786,278896,268938,113311,246327,10,5021
3,3,36245.5,15682.8,46401.6,64346.4,47207.8,59327,41718,38,44214,42844,70203,68764,7109,4591,5202,91,4625,0,4424,4912,68,3377,634,278896,268938,113311,246327,10,5021
3,3,34183.7,35372.1,20820.4,57362.9,33845.8,53003,30009,29,85690,83295,39366,38572,3693,3761,4391,71,3927,0,3761,4391,71,2527,746,278896,268938,113311,246327,10,5021
3,3,65408.6,63820.1,72186.3,241092,207797,216190,180378,61,141490,137580,106872,105015,11228,19341,19784,644,17614,0,19341,19784,644,14452,1000,278896,268938,113311,246327,10,5021
3,3,52438.7,31340,61603.7,102153,82087.3,92517,71296,54,83518,81063,94399,92626,10000,8942,9107,259,8032,0,8942,9107,259,5742,448,278896,268938,113311,246327,10,5021
3,3,38954,21837.8,45941,74977.4,38245.5,69323,33419,20,60460,58623,64707,63340,6669,5653,6468,129,5767,0,5560,6361,122,2901,986,278896,268938,113311,246327,10,5021
3,3,39904.8,33802.8,36331.6,66285.9,55495.8,60662,49364,21,68184,66215,64366,63119,6576,4849,5360,122,4779,0,4849,5360,122,4277,675,278896,268938,113311,246327,10,5021
3,3,41836.1,28464.2,41703.6,54542.1,36673.9,50921,33114,7,73838,71657,58926,57738,6094,3275,4140,39,3702,0,3275,4140,39,2738,993,278896,268938,113311,246327,10,5021
3,3,27978,12951.5,30920.1,20396.6,16182.1,18763,14536,30,36748,35608,49071,47982,4600,1667,1870,13,1643,0,1667,1870,13,1283,253,278896,268938,113311,246327,10,5021
3,3,36371.1,23998.3,28179.9,35091.4,26620.8,32534,24043,8,64121,62136,53618,52499,5190,2569,3143,25,2770,0,2569,3143,25,2091,684,278896,268938,113311,246327,10,5021
3,3,29729.2,16511.4,23809.3,20965.7,12656.4,19442,11271,8,46088,44623,47277,46204,4476,1566,1896,11,1670,0,1566,1896,11,984,388,278896,268938,113311,246327,10,5021
3,3,28644.3,8870.24,25146.3,26527.9,18464,24452,16470,15,25804,25014,50216,49080,4872,2082,2409,25,2146,0,2082,2409,25,1448,382,278896,268938,113311,246327,10,5021
3,3,48035.1,25145,51982.4,81344.3,54815.3,74049,47686,51,70633,68460,89696,87942,9569,7264,7570,204,6691,0,7264,7570,204,4315,558,278896,268938,113311,246327,10,5021
3,3,12171.8,8109.19,2913.51,7271.04,4579.57,6756,4051,15,21780,21096,7576,7368,466,624,680,11,593,0,624,680,11,357,80,278896,268938,113311,246327,10,5021
3,3,65101.7,65201.7,65801.5,165394,130017,150793,114075,65,156962,152890,99918,98198,10777,13617,14451,458,12993,0,13617,14451,458,9906,1218,278896,268938,113311,246327,10,5021
3,3,45689.8,23753.7,50866.7,85220.3,55660.9,77434,48295,46,66779,64764,87870,86157,9316,7654,7948,226,7029,0,7654,7948,226,4423,551,278896,268938,113311,246327,10,5021
3,3,28248.2,13419.8,25217.4,56845.6,23277.2,52455,19823,10,38636,37386,51056,49932,4711,4313,4639,59,4108,0,4374,4698,69,1677,495,278896,268938,113311,246327,10,5021
3,3,41718.8,19458.1,48185.6,91328.7,70309.2,84084,62458,54,53843,52267,74551,73021,7800,7487,8035,193,7157,0,7487,8035,193,5342,762,278896,268938,113311,246327,10,5021
3,3,42406.3,33100.6,32833.5,85549.2,38594.8,79012,33191,5,86735,84165,59782,58571,6340,6038,7180,107,6462,0,6029,7188,111,2814,1354,278896,268938,113311,246327,10,5021
3,3,23566.4,10145,20369,19611.4,13802.8,18230,12360,28,29646,28747,32389,31658,2800,1699,1865,29,1643,0,1699,1865,29,1118,226,278896,268938,113311,246327,10,5021
3,3,50834.4,61605.4,37750.2,192339,115548,176482,100236,48,145319,141183,67108,65794,7051,14003,15657,545,14191,0,14001,15658,544,7795,2084,278896,268938,113311,246327,10,5021
3,3,42044.3,22410.6,45677.4,46812.7,43921.2,43047,39528,43,58243,56494,73748,72251,7442,3730,4091,69,3614,0,3730,4091,69,3156,481,278896,268938,113311,246327,10,5021
3,3,22849.1,8566.13,14504.9,20637.4,12346.3,19123,11029,25,24786,24065,30473,29789,2645,1506,1599,26,1405,0,1506,1599,26,977,135,278896,268938,113311,246327,10,5021
3,3,23099.3,9512.96,15131.3,13610.7,10345.9,12572,9290,24,26488,25674,31314,30574,2771,1173,1264,20,1132,0,1173,1264,20,851,137,278896,268938,113311,246327,10,5021
3,3,18114.9,10652.8,7997.8,17146,11688.8,15801,10332,16,27808,26994,17984,17520,1340,1526,1589,12,1398,0,1526,1589,12,898,122,278896,268938,113311,246327,10,5021
3,3,42961.7,21878.1,50893.2,115353,65426.9,105536,55891,48,59558,57821,85944,84240,8977,9133,9569,256,8570,0,9133,9569,256,4741,720,278896,268938,113311,246327,10,5021
3,3,16730.9,11952.2,6590.02,11015,6159.85,10125,5362,19,31148,30250,15314,14945,1153,870,927,9,803,0,870,927,9,473,87,278896,268938,113311,246327,10,5021
3,3,35136.9,13841.8,38377.2,84376.3,37009.1,77846,31351,38,38723,37447,69459,67996,6737,5887,6596,119,5926,0,5887,6596,119,2451,891,278896,268938,113311,246327,10,5021
3,3,39019.7,22808.6,43788.8,75599.6,50282.6,69242,43999,37,61471,59602,64449,63113,6803,6130,6908,172,6201,0,6130,6907,172,4048,958,278896,268938,113311,246327,10,5021
3,3,28547.9,15646.9,29339.3,50228.1,36223.3,46474,32330,13,34634,33549,48322,47252,4623,3639,4266,86,3808,0,3639,4266,86,2432,741,278896,268938,113311,246327,10,5021
3,3,25997.4,17257.8,12591.3,23487,18129,21679,16255,10,40695,39488,24972,24371,2350,1859,2104,29,1884,0,1859,2104,29,1447,302,278896,268938,113311,246327,10,5021
3,3,50379.3,33926.4,51053.4,78747.2,67032.7,72440,60140,17,75365,73187,80981,79422,8801,5895,6670,121,5891,0,5895,6670,121,4899,964,278896,268938,113311,246327,10,5021
3,3,36271.1,27064.8,31038.3,61211.1,39948.7,56544,35270,24,68481,66470,53749,52613,5507,4731,5239,121,4713,0,4731,5239,121,3272,678,278896,268938,113311,246327,10,5021
3,3,39550.5,17174.2,48892.1,114981,62258.3,105604,53234,29,49178,47704,74729,73204,7571,9190,9708,170,8576,0,10041,10750,246,4694,1001,278896,268938,113311,246327,10,5021
3,3,56129.1,43600.6,43676.8,103965,67470.9,96275,60305,6,104505,101683,77619,76202,8549,6534,8331,101,7519,0,6534,8331,101,4979,2000,278896,268938,113311,246327,10,5021
3,3,43828.5,25311.1,38680.1,100138,56566,91665,48128,39,66541,64649,69344,67976,7155,7789,8237,183,7280,0,8932,9418,394,4137,754,278896,268938,113311,246327,10,5021
3,3,37759.3,21279.5,40911.4,66280.6,51414.5,60867,45887,45,46932,45534,72218,70762,7352,5014,5631,88,4995,0,4950,5498,75,3735,708,278896,268938,113311,246327,10,5021
3,3,19887,11144.8,9921.91,16263.2,10888.8,14991,9644,17,29226,28301,20327,19832,1756,1387,1532,24,1339,0,1387,1532,24,876,192,278896,268938,113311,246327,10,5021
3,3,39937.2,28871.8,33091.6,68548,29213.9,63433,25217,6,60289,58618,60174,58978,6205,4543,5410,84,4847,0,4182,4924,54,1852,862,278896,268938,113311,246327,10,5021
3,3,28855.1,15176.3,26191.7,46942.4,30279.4,43417,26935,18,41923,40638,49059,47966,4690,3399,3986,72,3553,0,3399,3986,72,2145,710,278896,268938,113311,246327,10,5021
3,3,35320.1,15433.7,38503.6,18793.9,16818.3,17403,15163,27,33948,32865,63467,62105,6456,1503,1727,16,1523,0,1503,1727,16,1280,281,278896,268938,113311,246327,10,5021
3,3,43596.9,29092.2,50479.4,95814,61570,87303,52619,46,67910,65862,85383,83715,8963,8195,8384,258,7388,0,8159,8351,258,4595,464,278896,268938,113311,246327,10,5021
3,3,34812,19318.2,37191.7,63595.2,36328.7,58581,31710,26,51952,50378,62673,61328,6387,4576,5130,114,4631,0,4576,5127,114,2895,695,278896,268938,113311,246327,10,5021
3,3,23957.1,18933.9,16516.1,31854.8,21577.8,29341,19048,29,44769,43484,34709,33864,3121,2718,2973,67,2654,0,2718,2973,67,1704,361,278896,268938,113311,246327,10,5021
3,3,16198.6,11125,6842.73,9452.15,4751.16,8701,4106,17,27832,26992,14326,13940,1183,790,858,2,739,0,788,855,2,348,95,278896,268938,113311,246327,10,5021
3,3,10351.8,7662.48,1660.48,4361.54,2482.74,4066,2217,7,20810,20160,5018,4879,311,341,397,0,342,0,309,361,0,175,61,278896,268938,113311,246327,10,5021
3,3,26975.6,18488.3,17455.9,40835,27278.6,37574,24025,20,43884,42606,35236,34382,3312,3121,3398,70,3002,0,3121,3398,70,2044,380,278896,268938,113311,246327,10,5021
3,3,12458.1,7173.12,3052.77,5398.99,3579.75,5002,3184,9,20091,19440,7869,7641,534,448,512,2,443,0,448,512,2,281,83,278896,268938,113311,246327,10,5021
3,3,40943.3,22410.8,44042.8,90859.2,41755.1,83710,35118,36,54002,52377,76786,75219,7840,7132,7333,199,6454,0,7162,7363,207,2548,422,278896,268938,113311,246327,10,5021
3,3,47054.6,36754.7,41623.9,121751,60135.5,112322,51704,13,91860,89116,71070,69672,7564,8545,10089,244,9118,0,8530,10023,234,4353,1768,278896,268938,113311,246327,10,5021
3,3,47248.3,40377,50420.7,117902,74771.5,108624,64873,50,95759,93037,78924,77416,8326,8828,9508,263,8510,0,8828,9510,263,5667,948,278896,268938,113311,246327,10,5021
3,3,38776.9,23044.6,37682.4,90506.4,63752,83107,56288,50,61197,59432,66712,65327,6886,6935,7525,161,6732,0,6935,7525,161,4762,787,278896,268938,113311,246327,10,5021
3,3,46521.8,17359.6,51569.5,47199.7,36757.6,43280,33142,25,47394,45927,83420,81691,8513,3472,3846,38,3409,0,3472,3846,38,2963,489,278896,268938,113311,246327,10,5021
3,3,52211,72129,40230.2,196331,105504,180182,90068,58,158456,153894,65277,64029,6702,14442,16069,468,14527,0,16094,17969,727,7403,2400,278896,268938,113311,246327,10,5021
3,3,44759.8,42190.5,39946.8,116666,74206.6,107694,64959,27,101863,98887,63330,62034,6562,8281,9548,290,8608,0,8281,9548,290,5097,1521,278896,268938,113311,246327,10,5021
3,3,32666.9,14143.2,37701,51403.5,34505.3,47596,30798,41,39372,38123,62191,60819,6236,3882,4269,101,3765,0,3936,4366,105,2379,568,278896,268938,113311,246327,10,5021
3,3,15395,7551.95,5369,7505.98,6100.55,6978,5508,16,21783,21054,12582,12237,929,586,685,0,594,0,586,685,0,441,121,278896,268938,113311,246327,10,5021
3,3,21683.6,11590.2,11265.8,20074.3,13794.7,18537,12300,19,30140,29170,23165,22610,2097,1574,1715,26,1507,0,1574,1715,26,1060,200,278896,268938,113311,246327,10,5021
3,3,13189.2,7467.06,3830.5,6329.89,3598.78,5897,3169,9,18775,18196,8910,8701,602,500,584,6,520,0,500,584,6,264,102,278896,268938,113311,246327,10,5021
3,3,47087.1,26022,53499.5,117177,73821.9,107090,63393,50,67940,65992,80491,78933,8465,9251,9858,265,8737,0,9543,10172,389,5485,902,278896,268938,113311,246327,10,5021
3,3,27730.1,26283.7,11721.9,17993.2,10577.2,16768,9430,4,57281,55630,25219,24624,2305,1072,1416,16,1257,0,1072,1416,16,787,379,278896,268938,113311,246327,10,5021
3,3,35234.7,30206.3,33520.6,78033.8,64301.1,71119,57031,39,62387,60499,56770,55575,5736,6456,6936,208,6224,0,6456,6936,208,4984,703,278896,268938,113311,246327,10,5021
3,3,42155.5,29034.9,54889.2,90541,60929.7,82008,52501,44,65795,63800,83532,81908,8813,7748,7910,230,7001,0,7712,7877,230,4317,434,278896,268938,113311,246327,10,5021
3,3,38284.4,24187.5,51171.8,83319.9,43822,76570,37192,38,50760,49149,78052,76466,7970,6404,6925,151,6195,0,6404,6925,151,2995,749,278896,268938,113311,246327,10,5021
3,3,34188,26229.9,33938.2,50768.6,32333.5,46564,28269,32,57954,56312,53480,52344,5482,3939,4442,75,3979,0,3939,4442,75,2488,613,278896,268938,113311,246327,10,5021
3,3,42477.6,19080.4,62178.5,102679,56736.9,94396,48712,38,52158,50562,87608,85859,8970,7029,7751,219,6944,0,7029,7751,219,3683,947,278896,268938,113311,246327,10,5021
3,3,29836.2,22395.3,30983.5,51036.5,37007.1,47122,32680,30,52646,51087,49811,48694,4882,3752,4065,112,3642,0,3752,4065,112,2637,451,278896,268938,113311,246327,10,5021
3,3,17825.5,13564.7,9748.77,9081.55,4967.03,8432,4364,5,34063,33108,17868,17417,1438,635,754,0,655,0,635,754,0,337,146,278896,268938,113311,246327,10,5021
3,3,37165.7,16442.3,43987.1,82089.2,31998.6,75215,26473,41,46418,45023,69877,68433,6946,6071,6425,145,5682,0,6097,6457,152,1963,540,278896,268938,113311,246327,10,5021
3,3,21894.5,6342.86,12965,17465.5,13197.6,16132,11804,18,18984,18376,27727,27059,2355,1372,1558,15,1377,0,1372,1558,15,912,224,278896,268938,113311,246327,10,5021
3,3,48457,58556,38986.1,146578,94430.1,134793,82587,39,126167,122499,65826,64524,6975,11130,12612,412,11378,0,11130,12612,412,6823,1839,278896,268938,113311,246327,10,5021
3,3,46310.2,49466.2,35903.6,146298,82356,134742,71925,38,117272,113882,63555,62285,6772,10841,12270,443,11096,0,10841,12270,443,6405,1754,278896,268938,113311,246327,10,5021
3,3,34919.7,26065.3,27782.7,56401.1,36249.9,52049,31965,38,64038,62140,53012,51878,5474,4455,4961,106,4447,0,4455,4966,106,2946,667,278896,268938,113311,246327,10,5021
3,3,16197.1,5986.96,6030.72,6929.48,5245.14,6381,4655,16,16872,16310,14482,14124,1088,630,664,4,583,0,630,664,4,425,61,278896,268938,113311,246327,10,5021
3,3,64021.3,64676.8,63131.1,175751,160488,159590,141107,58,141284,137402,103916,102119,10997,15251,15751,475,14066,0,15251,15751,475,11997,940,278896,268938,113311,246327,10,5021
3,3,17853.9,14907.1,8261.47,26512.1,8660.17,24679,7269,12,33208,32221,18005,17551,1453,1922,1944,32,1689,0,1878,1904,29,593,96,278896,268938,113311,246327,10,5021
3,3,21001.3,13333.3,12200.3,21872.2,10174.2,20475,9021,4,31517,30522,25444,24835,2112,1346,1582,21,1394,0,1346,1582,21,765,293,278896,268938,113311,246327,10,5021
3,3,13462.6,10516.1,5111.93,10115.6,5181.25,9450,4566,6,28477,27597,9529,9265,637,723,783,3,676,0,723,783,3,357,86,278896,268938,113311,246327,10,5021
3,3,33021.6,21191.1,20583.4,36208.2,30477.6,33259,27240,25,45480,44137,38484,37656,3722,2816,3000,60,2648,0,2816,3000,60,2308,275,278896,268938,113311,246327,10,5021
3,3,37716.6,24476.4,33775.4,53108.2,39941.6,49368,35717,12,62279,60401,60149,58915,5884,3454,4160,45,3678,0,3454,4160,45,2760,831,278896,268938,113311,246327,10,5021
3,3,15528.9,7241.69,6688.87,7961.32,6008.61,7408,5442,4,19591,18923,12672,12314,913,516,653,7,571,0,516,653,7,430,154,278896,268938,113311,246327,10,5021
3,3,29363.1,20349.8,25269.8,34838.1,26620.9,32164,23642,29,48284,46875,46534,45506,4527,2745,3092,48,2759,0,3317,3766,78,2127,569,278896,268938,113311,246327,10,5021
3,3,37905.6,28705.3,37653.7,39128.9,31164.1,36141,28225,6,64263,62479,61522,60303,6284,2802,3427,60,3076,0,2802,3427,60,2234,709,278896,268938,113311,246327,10,5021
3,3,28057.4,11473.8,25317.5,49292,30877,45872,27661,23,33366,32306,48725,47629,4531,3134,3611,57,3196,0,3134,3611,57,2248,575,278896,268938,113311,246327,10,5021
3,3,52937.6,49496.7,37952.9,124202,86250.1,114748,76180,22,108387,105366,63211,62013,6713,8136,9705,181,8727,0,8136,9705,181,6163,1831,278896,268938,113311,246327,10,5021
3,3,44597.5,22882.4,42560.9,58475.1,38561.6,54446,34738,16,59417,57629,74581,73028,7549,3970,4659,52,4156,0,3970,4659,52,3122,821,278896,268938,113311,246327,10,5021
3,3,26954.6,19343.9,20898.4,25168.3,23042.1,23198,20804,18,48953,47569,39200,38321,3507,1981,2167,34,1883,0,1981,2167,34,1469,249,278896,268938,113311,246327,10,5021
3,3,51060.9,44732.5,59906,102418,86022.3,93375,75685,47,98469,95742,91422,89721,9867,8492,8833,295,7913,0,8492,8833,295,6624,598,278896,268938,113311,246327,10,5021
3,3,46034,17701.4,50957.8,33038.3,30206.1,30389,27278,32,47827,46338,84863,83140,8839,2765,3096,35,2735,0,2765,3096,35,2471,429,278896,268938,113311,246327,10,5021
3,3,22483.3,19700,9669.95,13392.7,9765.48,12395,8743,11,42983,41684,21136,20623,1831,1061,1209,7,1080,0,1061,1209,7,729,183,278896,268938,113311,246327,10,5021
3,3,40058.6,34369.9,39021.8,73570.9,56256.4,67777,49664,36,66764,64811,66938,65594,6936,5647,6360,146,5706,0,5647,6360,146,4283,899,278896,268938,113311,246327,10,5021
3,3,18831.3,13119.3,10053.7,11177.9,7864,10103,6845,17,29078,28199,20008,19521,1562,968,986,11,845,0,968,986,11,557,44,278896,268938,113311,246327,10,5021
3,3,37787.3,34199.4,31003,52036.7,38325,48113,34447,17,85787,83379,45959,45042,4549,3567,4317,65,3864,0,3567,4317,65,2949,872,278896,268938,113311,246327,10,5021
