K,dist,cost_ki,cost_hi,h_cost,vnum,gen_ki,push_ki,pop_ki,prune_ki,suc_call_ki,gen_hi,push_hi,pop_hi,prune_hi,suc_call_hi,reevaluate,density
1,5937.49,426.225,785.471,731,6,58,1307,998,37,3127,10,75,42,0,160,0,0.00199164
1,10937.3,1039.88,4197.21,3907,18,84,2809,2356,171,8243,21,355,261,2,790,0,0.00199164
1,23538.2,13098.2,13114.2,12196,17,605,24343,21992,2143,90979,39,1081,796,13,2617,0,0.00199164
1,13813.4,4077.84,3380.9,3171,4,259,8825,7548,673,30103,16,278,183,0,538,0,0.00199164
1,27975.8,23318.3,28941.8,26866,38,966,39022,35760,3837,175380,90,2238,1634,41,5157,0,0.00199164
1,26862.6,13982.4,7616.09,7106,8,643,27679,25137,2547,107284,29,605,420,0,1254,0,0.00199164
1,15613.3,5558.96,5380.03,5036,7,348,12382,10709,963,40327,23,426,297,3,967,0,0.00199164
1,10307.7,1108.12,3425.46,3196,12,106,2992,2503,173,9052,18,291,197,4,538,0,0.00199164
1,13497.1,3794.36,3436.44,3202,6,246,9242,7946,623,28740,14,272,181,0,627,0,0.00199164
1,8860.54,1322.82,2267.57,2135,11,113,3387,2767,135,9773,10,179,121,1,362,0,0.00199164
1,22547,14895.4,6436.98,5993,11,687,28547,25923,2507,112033,29,469,326,2,965,0,0.00199164
1,13744.2,3912.81,2626.42,2460,10,279,9193,7835,686,28434,18,226,138,1,394,0,0.00199164
1,44494.5,21920.1,50562.1,46425,45,835,40829,37812,4383,184415,139,3981,3168,102,11441,0,0.00199164
1,8514.62,1294.72,3557.27,3330,11,110,3086,2496,163,8214,13,286,205,2,706,0,0.00199164
1,1818.99,31.468,286.906,269,3,10,80,44,0,124,7,29,13,0,28,0,0.00199164
1,18398.9,7944.58,4489.07,4189,9,478,16500,14606,1400,60025,20,405,262,0,679,0,0.00199164
1,23917.1,10023.6,15333.1,14287,28,514,21123,19070,1849,91282,57,1284,926,26,2833,0,0.00199164
1,15465.3,5442.93,3738.84,3501,12,335,12269,10628,953,40509,24,313,208,7,709,0,0.00199164
1,15086.1,4646.42,5678.98,5297,16,312,10810,9361,779,39668,25,485,343,3,1071,0,0.00199164
1,9980.4,1548.24,1085.11,1016,6,142,4158,3431,232,11653,12,100,53,0,148,0,0.00199164
1,9657.74,1711.25,2922.01,2729,20,131,4358,3637,200,12232,19,249,167,0,511,0,0.00199164
1,7397.52,863.619,1372.09,1291,9,76,2294,1844,71,6285,10,118,73,0,161,0,0.00199164
1,21701.7,6936.74,5172.52,4824,5,382,15489,13727,1456,57908,19,433,290,0,827,0,0.00199164
1,9134.13,1465.08,2651.99,2465,7,118,3733,3057,194,10340,13,225,155,0,500,0,0.00199164
1,8955.12,1368.16,396.997,369,3,103,3545,2910,186,9976,7,52,22,0,69,0,0.00199164
1,34320.1,16058,25947.5,24094,49,670,30680,28245,2982,132953,79,2086,1551,31,5007,0,0.00199164
1,9347.72,1603.75,1511.88,1418,11,145,3949,3254,206,11373,11,141,91,0,216,0,0.00199164
1,30874.1,18478.6,13309.5,12402,19,771,35279,32689,3524,150509,46,1081,790,28,2556,0,0.00199164
1,13172.9,3598.95,3910.1,3658,19,254,8386,7149,598,26203,22,336,229,0,703,0,0.00199164
1,34285.8,26928.4,34770.9,32122,41,1052,46068,42694,4868,219591,103,2825,2126,63,7581,0,0.00199164
1,26868.2,20935.1,16190.1,15034,33,912,37719,34394,3690,166869,51,1333,981,10,3338,0,0.00199164
1,24424,6442.12,2765.87,2599,5,300,13862,12511,1278,58413,15,228,145,0,483,0,0.00199164
1,5859.99,405.946,1054.65,992,8,63,1209,909,25,2866,12,88,55,0,164,0,0.00199164
1,23031.4,9379.23,12875.7,11993,23,483,19535,17601,1788,81226,55,1076,765,15,2567,0,0.00199164
1,26536.6,16985.6,8107.44,7546,16,714,31647,29206,2974,133396,34,667,461,7,1475,0,0.00199164
1,12206.9,3068.85,2678.6,2506,6,221,7243,6137,483,22104,15,228,151,3,479,0,0.00199164
1,6395.26,494.167,1323.98,1234,10,64,1434,1102,41,3415,11,113,71,0,185,0,0.00199164
1,14439,4418.55,3260.49,3036,15,321,10405,8944,757,32298,13,263,170,1,506,0,0.00199164
1,4810.28,242.519,415.998,391,4,36,780,557,14,1825,8,40,20,0,62,0,0.00199164
1,2229.98,58.039,306.793,287,6,12,176,123,1,381,5,31,16,0,56,0,0.00199164
1,4896.23,301.641,801.137,757,7,38,921,671,20,2164,7,64,35,0,102,0,0.00199164
1,24226.6,11363.1,21325.5,19790,30,584,22772,20716,2145,100938,72,1735,1336,21,4849,0,0.00199164
1,5352.44,400.257,261.282,244,3,40,1103,849,16,2941,6,37,15,0,40,0,0.00199164
1,15876.9,5572.95,3219.57,3003,17,359,12606,11067,1002,42519,19,248,151,1,400,0,0.00199164
1,4481.23,442.366,1229.57,1181,6,27,670,485,11,1657,7,52,31,0,75,0,0.00199164
1,31929,21928.4,35310.6,32620,34,838,34878,31985,3464,157609,95,2708,2118,56,7558,0,0.00199164
1,15798.8,5393.2,4250.17,3964,10,320,11047,9656,841,40301,22,362,256,5,738,0,0.00199164
1,30965.1,16775.6,4724.98,4386,5,732,32103,28982,3181,135984,17,398,270,0,973,0,0.00199164
1,6177.72,575.935,762.898,722,10,64,1537,1198,41,4084,9,68,35,0,90,0,0.00199164
1,18795,5434.43,3162.26,2940,2,307,11564,10240,934,41268,10,282,188,0,645,0,0.00199164
1,14597.1,4589.48,6254.99,5842,19,290,10417,8857,826,32631,23,529,361,7,1131,0,0.00199164
1,33416.8,24472.3,12784.6,11839,10,971,44118,40504,4323,183544,50,1082,762,0,2420,0,0.00199164
1,4721.38,286.554,1076.62,1009,6,36,800,569,19,1830,11,91,57,0,144,0,0.00199164
1,34721.3,31196.9,39390.9,36541,14,1170,53130,49001,5279,228663,101,3046,2326,57,8679,0,0.00199164
1,9805.87,1738.03,896.231,836,5,132,4287,3626,238,14217,7,79,43,0,148,0,0.00199164
1,21665.9,11246.4,14630.3,13620,23,540,23359,21215,2171,93647,39,1179,902,27,3078,0,0.00199164
1,13738.4,4164.96,4369.67,4082,15,252,9190,7831,638,29200,20,370,256,2,822,0,0.00199164
1,28154.1,24296.4,23150,21591,32,1046,45172,41155,4237,179023,65,1628,1205,42,3859,0,0.00199164
1,25761.4,17661.9,12152.3,11343,12,645,27074,24622,2478,104220,45,1035,755,0,2483,0,0.00199164
1,18920.2,13010.2,7416.21,6935,19,486,18640,16487,1606,71029,25,597,430,2,1402,0,0.00199164
1,5071.99,287.372,777.032,724,7,39,870,649,23,2031,5,67,45,0,124,0,0.00199164
1,15977.3,5759.16,5783.23,5377,16,352,12609,11064,975,42321,26,479,320,0,1021,0,0.00199164
1,7780.79,971.091,1131.47,1058,6,87,2639,2129,97,7239,7,107,63,0,181,0,0.00199164
1,18287.9,7747.9,7927.48,7375,26,460,16825,14587,1433,56854,34,666,473,7,1394,0,0.00199164
1,6787.42,687.634,788.147,742,8,71,1873,1497,58,5032,9,66,37,0,86,0,0.00199164
1,9444.59,1794.07,2783.05,2607,7,143,4293,3548,235,13267,18,225,153,0,426,0,0.00199164
1,10249.3,2403.84,1625.18,1518,5,156,4769,3900,278,14259,8,121,72,0,255,0,0.00199164
1,10393.2,2015.07,3446.96,3235,9,150,4810,3963,311,13428,13,258,172,0,519,0,0.00199164
1,18752.5,8471.75,11809.4,10975,23,457,17835,15983,1472,63089,38,943,724,14,2227,0,0.00199164
1,30224.5,16430.8,19607.2,18294,28,690,31834,29401,3254,135608,61,1538,1148,13,3804,0,0.00199164
1,21759.5,13134.4,9665.88,9008,20,714,27136,24050,2396,96606,35,781,540,18,1612,0,0.00199164
1,13273.3,2942.16,1567.85,1471,5,189,6737,5827,421,23915,8,122,74,0,244,0,0.00199164
1,28214.5,18864,17740.8,16383,21,863,35080,32132,3524,156125,57,1461,1073,19,3872,0,0.00199164
1,28321.3,15496.6,26820,24752,28,760,29910,27286,2894,128666,76,2229,1742,52,6020,0,0.00199164
1,24826.9,10097.7,15447.8,14368,26,500,20709,18680,1898,86968,56,1269,919,18,3002,0,0.00199164
1,20226.2,10705.5,5198.64,4827,14,577,22822,20079,1970,79296,25,444,303,1,1087,0,0.00199164
1,19459.4,9221.83,7939.8,7401,25,530,19985,17391,1732,69044,27,654,469,5,1528,0,0.00199164
1,26301.5,10583.5,19761.6,18344,30,550,22201,19976,2254,86486,67,1618,1224,35,3917,0,0.00199164
1,17879.3,8062.06,11970.8,11216,19,434,17187,15156,1471,58826,39,929,694,8,2360,0,0.00199164
1,9531.95,1653.82,1183.84,1101,4,122,4268,3525,219,12288,10,114,70,0,199,0,0.00199164
1,2669.52,63.553,258.086,242,5,20,200,112,1,292,8,27,11,0,21,0,0.00199164
1,15703.2,5982.67,3828.45,3582,11,379,13500,11742,988,44655,22,320,208,7,594,0,0.00199164
1,31585.1,18374.4,29542.5,27449,21,757,35765,33146,3698,152979,84,2341,1790,25,6569,0,0.00199164
1,6336.63,607.961,270.372,254,5,60,1740,1356,74,4670,7,33,14,0,24,0,0.00199164
1,19739.8,10417.6,7880.47,7342,18,568,21665,19011,1845,74841,40,656,464,6,1532,0,0.00199164
1,10137.4,2015.94,1337.83,1248,5,157,4759,3910,274,14396,9,126,75,0,259,0,0.00199164
1,43280.3,29546.6,84453.7,77590,23,1098,52824,49045,5759,254968,231,6751,5258,179,20299,0,0.00199164
1,21370.3,12734.9,11431.2,10630,11,646,26403,23577,2358,95605,42,926,674,16,2443,0,0.00199164
1,7533.3,749.679,1090.9,1021,8,84,2246,1782,87,5558,10,95,61,0,208,0,0.00199164
1,17232.6,5576.26,11936.9,11037,30,362,12881,11391,1071,44470,41,992,760,17,2466,0,0.00199164
1,23453.7,14997.6,20548.8,19154,26,723,30553,27568,2749,113159,53,1654,1285,19,4336,0,0.00199164
1,36263.6,25755.5,28545.8,26287,13,980,47414,44006,4877,209789,77,2269,1752,43,7486,0,0.00199164
1,18661.7,8741.96,2804.4,2625,6,476,19349,17008,1637,65925,17,227,143,0,382,0,0.00199164
1,29435.5,14171.9,19126.2,17883,31,604,27045,24869,2779,117854,55,1305,978,30,3633,0,0.00199164
1,14794.1,6235.32,7621.08,7145,16,330,10807,9187,839,34950,30,563,387,4,1226,0,0.00199164
1,28247.5,15082.7,3334.87,3088,6,660,28598,26064,2691,112732,14,303,206,0,612,0,0.00199164
1,18130.2,5682.06,1583.03,1469,5,281,11411,10262,1025,49346,9,153,86,0,278,0,0.00199164
1,28682.8,12631,26421.6,24613,28,597,24142,21961,2411,104550,84,1987,1488,67,5018,0,0.00199164
1,5227.09,452.978,249.762,232,2,47,1049,790,37,2648,5,28,12,0,28,0,0.00199164
1,25747.6,11317.8,17505.4,16272,31,546,22093,20012,1946,95644,67,1484,1081,36,3357,0,0.00199164
1,21997.9,13059.2,16985.3,15820,34,622,25551,23014,2277,99293,48,1346,1048,29,3519,0,0.00199164
1,19811.3,10625.4,14090.9,13127,16,557,22199,19587,1870,77447,45,1141,856,32,3084,0,0.00199164
1,6048.79,481.072,1319.91,1232,10,51,1413,1081,43,3387,9,121,85,2,237,0,0.00199164
1,5532.17,427.357,747.247,704,9,51,1179,883,29,2881,9,64,29,0,78,0,0.00199164
1,24226.2,21971.9,11808.5,10987,11,843,35282,31540,3177,133019,36,946,707,12,2440,0,0.00199164
1,9150.41,1706.92,1900.63,1771,14,131,4050,3374,214,12092,10,159,116,0,482,0,0.00199164
1,12454.2,3121.45,1264.46,1187,3,203,7912,6739,506,24463,12,116,74,0,172,0,0.00199164
1,4315.38,178.838,406.601,384,8,31,508,340,11,1070,6,40,20,0,54,0,0.00199164
1,35441.1,13720.8,45382.9,41908,41,651,27375,25034,2945,121387,148,3687,2890,119,10311,0,0.00199164
1,22801.4,13736.4,9511.26,8805,5,757,28027,24959,2531,104928,43,801,528,9,1602,0,0.00199164
1,3371.57,104.419,333.203,313,7,22,315,201,5,611,7,32,16,0,37,0,0.00199164
1,35019.7,26830.6,37533.8,34702,15,1003,48034,44547,4891,211037,80,2541,1972,56,8000,0,0.00199164
1,11128.7,2356.42,815.773,756,9,161,5791,4860,358,16964,7,84,45,0,120,0,0.00199164
1,34624.7,13881.7,46771.3,43370,41,644,26782,24486,2837,118427,139,3502,2741,113,9782,0,0.00199164
1,5822.28,431.581,465.382,439,5,52,1196,907,26,3043,6,45,25,0,60,0,0.00199164
1,20482.9,10753.1,2892.97,2689,5,594,22474,19850,1977,81248,17,247,161,0,478,0,0.00199164
1,24604.2,15668.5,6031.41,5626,13,707,30688,28178,2789,127554,28,504,329,4,955,0,0.00199164
1,19319.3,8877.64,6285.76,5848,11,499,18823,16722,1652,70233,28,527,344,5,1296,0,0.00199164
1,19615.9,8532.99,2512.06,2330,6,473,18917,16858,1692,71326,9,226,147,0,449,0,0.00199164
1,10343.9,1173.78,3919.14,3653,12,107,3114,2600,188,9474,18,329,228,4,681,0,0.00199164
1,23899.8,8728.95,5907.72,5507,9,469,19069,17177,1731,69239,28,503,348,0,1234,0,0.00199164
1,11934.7,1898.1,2951.3,2749,6,157,5067,4311,331,15919,10,238,157,0,449,0,0.00199164
1,15472.3,5785.13,7424.01,7037,20,372,12224,10530,895,39757,20,405,285,4,805,0,0.00199164
1,5209.03,432.385,1174.96,1113,9,52,934,685,22,2089,8,75,47,0,124,0,0.00199164
1,12791.6,3259.24,3802.76,3590,14,183,5823,5025,377,18915,17,259,169,2,592,0,0.00199164
1,4027.21,218.932,468.048,436,5,29,576,421,11,1206,6,46,25,0,63,0,0.00199164
1,15989.5,5901.88,9082.88,8470,17,364,13288,11510,1089,42232,31,747,534,4,1923,0,0.00199164
1,19986.3,9944.28,16825.6,15616,20,523,19736,17768,1682,82781,53,1271,977,20,3065,0,0.00199164
1,11786.2,2910.86,2386.35,2238,11,194,6490,5438,423,19440,11,201,124,1,345,0,0.00199164
1,18002.8,7838.43,11659.7,10912,22,441,16558,14635,1445,59875,39,906,678,19,2124,0,0.00199164
1,6797.65,587.427,1181.12,1102,3,56,1767,1382,64,4489,5,102,62,0,197,0,0.00199164
1,26290.3,20087,21077.6,19531,31,848,33833,30680,3469,142078,52,1697,1272,46,4505,0,0.00199164
1,5473.72,398.643,170.206,155,3,52,1104,835,31,2402,7,27,10,0,27,0,0.00199164
1,25236.5,11041,15649.3,14549,24,506,21059,18988,1939,88823,59,1303,947,21,3155,0,0.00199164
1,22465.3,5495.63,5204.99,4883,7,273,11340,10254,959,48219,19,439,307,1,859,0,0.00199164
1,27002.3,19805.1,5816.2,5394,4,800,35147,32451,3392,147152,30,486,326,0,874,0,0.00199164
1,31869.2,13355.6,29516.3,27346,34,643,25327,23100,2608,110762,114,2441,1844,88,6407,0,0.00199164
1,36604.1,19031.8,31738.1,29510,38,772,36421,33712,3928,157380,94,2514,1928,52,6662,0,0.00199164
1,8816.53,1176.74,1539.85,1440,6,100,3190,2585,145,8160,11,137,85,0,284,0,0.00199164
1,40065.8,24058.1,56662.6,52142,33,975,43473,40098,4673,203809,152,4560,3676,125,13785,0,0.00199164
1,21520.5,10588,6105.16,5685,25,474,20448,18673,2002,87224,31,503,344,7,1244,0,0.00199164
1,6689.16,573.182,682.954,633,8,70,1582,1196,57,3807,8,67,39,0,116,0,0.00199164
1,14746.1,4718.95,3401.58,3196,10,329,11070,9473,895,35506,20,286,185,2,533,0,0.00199164
1,23042.5,14902.9,21085.7,19696,26,716,29766,26821,2755,109650,53,1626,1260,17,4296,0,0.00199164
1,6254.77,546.472,1109.19,1041,10,50,1531,1202,48,3978,8,102,58,0,140,0,0.00199164
1,3968.03,122.36,344.893,322,4,20,424,281,4,724,5,37,19,0,45,0,0.00199164
1,15137.4,5070.01,6931.89,6470,13,311,11887,10280,891,38158,22,569,414,4,1525,0,0.00199164
1,8103.88,961.676,2376.12,2223,13,97,2856,2292,106,7770,11,198,137,2,421,0,0.00199164
1,7060.76,697.805,983.318,930,7,72,1959,1544,74,5126,12,90,49,0,131,0,0.00199164
1,29683.6,10882.4,19359.1,17941,19,579,21938,19939,2175,96171,83,1544,1149,20,4237,0,0.00199164
1,21812.2,11012,9475.61,8835,23,511,22245,20279,2159,92489,34,793,574,12,1918,0,0.00199164
1,14180.5,4421.44,4161.06,3891,6,294,10166,8740,705,31878,25,340,232,0,768,0,0.00199164
1,11812.2,2489.34,3624.16,3381,18,201,6280,5271,443,18680,17,292,192,1,632,0,0.00199164
1,20295.4,10943.9,10426,9692,25,608,23156,20379,1983,81724,39,867,629,12,2211,0,0.00199164
1,23619.6,13403.3,15299.8,14202,11,643,27304,24702,2490,107580,46,1227,939,23,3290,0,0.00199164
1,26691.2,19957.4,21507,20069,36,917,37357,34080,3639,162248,68,1608,1198,42,3810,0,0.00199164
1,11001.1,2267.36,4374.47,4157,6,174,5771,4840,300,17195,17,189,119,0,401,0,0.00199164
1,21062.6,8610.19,8282.97,7712,9,391,15895,14117,1389,60674,36,699,494,8,1439,0,0.00199164
1,8379.08,1019.97,1196.81,1118,7,92,2663,2095,127,6822,11,112,61,0,174,0,0.00199164
1,42449.4,30105.9,52978.5,48976,53,1070,51578,47895,5644,246125,153,4260,3254,118,11502,0,0.00199164
1,23297.1,12501,9210.8,8569,11,589,24203,21763,2271,96930,39,775,550,7,1730,0,0.00199164
1,20497.9,8504.32,6786.11,6367,25,448,17584,15696,1484,64802,30,578,383,3,1004,0,0.00199164
1,16257.8,6204.73,3684.24,3442,8,418,13745,11891,1084,44523,19,301,205,0,592,0,0.00199164
1,10097,1450.22,2281.46,2148,8,154,4396,3649,247,12259,13,185,116,0,328,0,0.00199164
1,12655.1,2641.65,3212.2,2987,9,170,6415,5610,362,20183,16,278,178,1,629,0,0.00199164
1,10086.1,1681.96,3299.89,3096,13,151,4407,3640,266,12446,15,275,184,2,551,0,0.00199164
1,4952.84,267.423,399.448,374,4,39,816,591,6,1989,9,40,18,0,62,0,0.00199164
1,19711.1,10478.3,14894.5,13860,16,542,21546,18997,1797,74056,42,1092,817,22,2767,0,0.00199164
1,28748.2,14562.9,7967.8,7393,8,650,28744,26136,2829,113763,32,658,462,5,1517,0,0.00199164
1,2993.62,99.656,324.186,304,4,16,288,198,0,596,6,29,17,0,50,0,0.00199164
1,13229.4,3559.61,1839.26,1718,6,247,8486,7220,556,26520,10,160,104,0,295,0,0.00199164
1,24390.9,9794.79,3605.23,3398,4,304,14011,12633,1294,59035,15,234,149,0,491,0,0.00199164
1,10801.3,2482.86,752.293,699,4,167,5459,4619,313,16518,7,74,40,0,143,0,0.00199164
1,43242,31272.1,76713.5,70826,45,1104,52550,48683,5567,254082,218,6048,4706,150,18560,0,0.00199164
1,33741.8,18342.8,27038.1,25242,35,750,33626,31063,3502,143041,82,1946,1469,27,4849,0,0.00199164
1,3742.84,172.829,237.056,223,5,23,505,341,4,1062,6,27,14,0,35,0,0.00199164
1,28320.1,12783.7,35712.8,33258,30,615,25417,23119,2646,111702,103,2554,2028,85,7105,0,0.00199164
1,24469.3,19076.2,33376.1,31081,32,867,35956,32085,3228,135397,98,2376,1752,52,5750,0,0.00199164
1,15622.1,6355.78,8597.07,8121,22,365,12215,10466,1005,38601,21,515,357,4,1206,0,0.00199164
1,16641.8,6482.56,2726.42,2535,6,403,14222,12312,1108,46764,13,232,155,0,389,0,0.00199164
1,37636.9,19448.2,32702.6,30385,36,792,36798,34060,3981,159777,97,2614,2015,46,7129,0,0.00199164
1,21851.7,6197.17,5463.38,5098,10,388,13870,12330,1235,51015,23,463,304,1,1075,0,0.00199164
1,5201.91,341.032,922.279,869,10,53,1014,765,24,2430,10,80,46,0,103,0,0.00199164
1,20896,6727.41,11930.5,11173,24,400,15283,13676,1318,56535,46,932,673,16,2016,0,0.00199164
1,17766.6,5490.16,2521.8,2373,4,332,12253,10718,1086,45035,15,197,131,0,366,0,0.00199164
1,7318.63,902.368,1309.87,1213,9,98,2373,1917,77,6909,9,118,70,0,300,0,0.00199164
1,4978.42,340.044,628.819,589,5,42,983,752,22,2621,6,61,34,0,97,0,0.00199164
1,26882.6,10520.4,23825.8,22035,35,562,22095,19847,2060,84742,70,1965,1535,34,5145,0,0.00199164
1,23128.2,11083.9,17198.6,15935,26,577,22138,20090,2003,97471,59,1415,1094,11,3630,0,0.00199164
1,19510.4,11019.9,4177.37,3902,12,551,21940,19478,1816,77751,23,354,227,4,644,0,0.00199164
1,13597.8,4024.34,2036.84,1899,7,265,9205,7866,599,29045,11,183,118,0,354,0,0.00199164
1,23436.6,10642.3,17255,16047,29,545,21082,19014,2034,81038,52,1401,1093,28,3442,0,0.00199164
1,8641.63,1264.73,2061.06,1932,6,105,3350,2718,145,9237,12,170,110,0,365,0,0.00199164
1,24457.6,11010.8,15764.2,14659,31,535,21820,19487,2160,88069,48,1258,941,37,3317,0,0.00199164
1,27428.5,7869.29,5790.39,5427,9,371,16771,15194,1637,69296,18,495,317,0,915,0,0.00199164
1,10692.9,2097.43,2989.01,2793,13,173,5328,4441,261,15925,12,241,172,0,548,0,0.00199164
1,34114,21487.7,27102.2,25058,25,922,39776,36621,4084,184520,75,2167,1626,33,5671,0,0.00199164
1,5529.27,375.313,955.55,897,9,45,1107,827,29,2674,9,90,51,0,129,0,0.00199164
1,19292.9,7142.94,6456.78,6045,16,346,14554,13253,1329,62833,19,545,408,8,1254,0,0.00199164
1,15160.3,4735.98,5045.13,4691,14,332,11330,9811,835,36312,20,426,290,3,849,0,0.00199164
