k,order,dist,cost_polyanya,cost_ki,cost_hi,cost_hi2,h_cost,h_cost2,vnum,gen_poly,push_poly,gen_ki,push_ki,prune_ki,gen_hi,push_hi,prune_hi,hcall,reevaluate,gen_hi2,push_hi2,prune_hi2,hcall2,reevaluate2,precost,gen_pre,edgecnt,damcnt,pts,polys
9,9,66091.3,35226.2,126994,259629,246898,218047,198992,85,76059,73896,159928,157168,17052,30427,39376,1066,36136,0,30427,39376,1066,33244,9809,246558,268938,113311,246327,10,5021
9,9,69323.9,27336,126415,321012,269060,279414,221916,74,67635,65724,168525,165605,18073,32660,41604,1053,37958,0,32631,41563,1052,32204,9834,246558,268938,113311,246327,10,5021
9,9,88808.2,74639.1,181572,329043,319114,285119,259692,86,122514,118915,223006,219350,22695,31750,43870,1115,40577,0,31750,43870,1115,36372,13011,246558,268938,113311,246327,10,5021
9,9,62392,11467.2,150301,146481,125440,128201,105151,6,33398,32380,191383,187947,19593,13600,20388,414,18806,0,13600,20388,414,16757,7198,246558,268938,113311,246327,10,5021
9,9,73190.6,31970.3,107685,311692,263018,269570,215994,72,81971,79532,156815,154098,16093,33358,42680,935,38841,0,33356,42677,935,32714,10230,246558,268938,113311,246327,10,5021
9,9,56667,17218.9,102193,256878,197106,223665,162339,55,48963,47535,145393,142718,15158,27081,33449,833,30374,0,27085,33467,835,23915,7145,246558,268938,113311,246327,10,5021
9,9,58145.7,12343.1,135280,192605,134301,169984,111631,53,36672,35503,177304,174047,18416,18156,24211,482,22125,0,18156,24211,482,16352,6633,246558,268938,113311,246327,10,5021
9,9,74545.4,31467.8,132175,319434,284341,277314,236583,78,80595,78263,185070,181993,20014,32151,42439,1244,39110,0,32151,42439,1244,34860,11208,246558,268938,113311,246327,10,5021
9,9,72898.6,27022.7,147638,165090,146465,141644,119272,62,64687,62783,195886,192444,19587,18713,24865,530,22832,0,18713,24865,530,20327,6672,246558,268938,113311,246327,10,5021
9,9,49420.1,5765.91,108909,87604.7,81440.6,76145,68616,30,19134,18469,157692,154667,15909,9922,13138,228,11914,0,9922,13138,228,10528,3536,246558,268938,113311,246327,10,5021
9,9,46921.6,10397.6,83139.2,165328,126368,145706,105080,9,31735,30741,122523,120102,12462,17397,21203,388,19166,0,17406,21229,389,14830,4335,246558,268938,113311,246327,10,5021
9,9,51391.8,11322.9,119057,138850,101349,121326,82586,57,30723,29681,167420,164279,17221,14612,18939,383,17251,0,14750,19125,383,13258,4867,246558,268938,113311,246327,10,5021
9,9,63062.8,22130.9,102636,225516,208604,189431,167193,49,56874,55179,153265,150500,15435,29889,37021,884,33591,0,29889,37021,884,28022,7911,246558,268938,113311,246327,10,5021
9,9,58184.2,13486.2,133207,145297,129984,128101,110081,60,37978,36828,176875,173631,18139,13616,19588,338,18002,0,13616,19588,338,15480,6399,246558,268938,113311,246327,10,5021
9,9,58206.1,8852.78,129419,113653,104919,96336,84523,29,26728,25899,179629,176331,18602,14531,18462,365,16732,0,14531,18462,365,15055,4384,246558,268938,113311,246327,10,5021
9,9,80944.6,44854.7,121271,352520,297474,309565,248735,77,108286,105341,167897,165106,17722,34466,43935,1077,40086,0,34466,43935,1077,35437,10385,246558,268938,113311,246327,10,5021
9,9,44704.8,6328.62,94396.1,70189.7,60599.8,61540,51175,5,18683,18109,143827,141008,14485,7153,9740,157,8840,0,7153,9740,157,7610,2790,246558,268938,113311,246327,10,5021
9,9,68717,22872.6,135628,156766,140818,135530,117027,61,57667,55883,181703,178466,18698,17621,23299,527,21371,0,17621,23299,527,19002,6200,246558,268938,113311,246327,10,5021
9,9,75116,16269.3,164988,134106,122134,114492,99863,39,42852,41601,206419,202856,20761,15176,21212,295,19480,0,15176,21212,295,17422,6440,246558,268938,113311,246327,10,5021
9,9,65481.2,20611.1,138742,196241,174279,171211,146724,72,56875,55115,191707,188246,19807,19787,27537,596,25288,0,19787,27537,596,21884,8341,246558,268938,113311,246327,10,5021
9,9,69859.6,23183.7,141096,144176,129779,123063,105049,58,56922,55285,190259,186906,19241,17257,22711,446,20833,0,17257,22711,446,18485,5935,246558,268938,113311,246327,10,5021
9,9,78840.9,37314.7,148089,207982,195601,179919,162340,68,82511,80166,207215,203657,20937,22612,30572,652,28098,0,22612,30570,652,25412,8579,246558,268938,113311,246327,10,5021
9,9,53191.3,6135.81,144793,86511.4,74709.8,75707,63194,6,19587,18988,182063,178684,18379,8547,12624,191,11574,0,8547,12624,191,10230,4321,246558,268938,113311,246327,10,5021
9,9,54572.9,11669.8,129397,170832,109433,150004,88671,56,35281,34147,175121,171844,17952,16643,21840,515,19997,0,16643,21841,515,14793,5730,246558,268938,113311,246327,10,5021
9,9,81768.1,36680.2,182670,347356,273042,297424,223312,57,89224,86634,210235,206846,22121,31921,44396,1267,41201,0,32210,44757,1341,36082,13421,246558,268938,113311,246327,10,5021
9,9,65425,17527.3,133365,233623,169609,207011,141066,61,46443,45010,181708,178448,19029,19674,28336,544,26007,0,19674,28336,544,20077,9268,246558,268938,113311,246327,10,5021
9,9,64386.3,24816.6,134031,136813,122681,118109,101416,57,51384,49835,175313,172127,18044,15369,20358,412,18650,0,15369,20358,412,16451,5447,246558,268938,113311,246327,10,5021
9,9,84357.1,40165.3,161527,361060,293951,312302,240173,70,98929,96003,215654,212217,22576,34156,47477,1422,44112,0,34661,48067,1553,38448,14344,246558,268938,113311,246327,10,5021
9,9,73688.1,33571.2,109384,273727,252006,240519,213325,73,81647,79269,158431,155699,16906,28668,34828,782,31529,0,28668,34828,782,28487,6967,246558,268938,113311,246327,10,5021
9,9,48807.5,7646.34,104620,87449.7,79310.9,75356,65853,19,23237,22536,154163,151175,15633,10027,13006,211,11785,0,10027,13006,211,10530,3286,246558,268938,113311,246327,10,5021
9,9,68791,28872.9,154453,224097,213391,196825,179972,73,60425,58650,192002,188590,19790,21126,30009,595,27674,0,21126,30009,595,24823,9488,246558,268938,113311,246327,10,5021
9,9,58537.4,15858.7,137332,87521.5,73207.3,73394,57574,55,38638,37535,174357,171136,17594,12011,14826,234,13449,0,12011,14826,234,11837,3148,246558,268938,113311,246327,10,5021
9,9,80233.5,39398,158440,297150,270379,255991,223715,77,84844,82334,213960,210389,22551,31302,42182,1144,38806,0,31302,42182,1144,34270,11751,246558,268938,113311,246327,10,5021
9,9,77273.2,40738.6,130902,280938,268758,245364,224724,80,84529,82031,186218,183081,19420,27610,36071,1006,33160,0,27610,36071,1006,30336,9255,246558,268938,113311,246327,10,5021
9,9,47715.2,5804.13,111687,71564.5,62208,62248,52173,3,17864,17328,160384,157268,16269,7591,10653,169,9712,0,7591,10653,169,8510,3279,246558,268938,113311,246327,10,5021
9,9,70345.7,18393.8,147336,182517,151935,158542,125966,20,51749,50209,200259,196741,20599,18566,26259,577,24094,0,18566,26258,577,21151,8226,246558,268938,113311,246327,10,5021
9,9,89156.3,54766.5,173863,424427,386929,372964,325834,77,135483,131900,230348,226609,23663,38078,54132,1557,50167,0,38078,54132,1557,44958,17068,246558,268938,113311,246327,10,5021
9,9,74175.6,23900.7,156421,282405,224071,248239,187826,73,64763,62833,198519,195128,20745,25145,34774,877,31929,0,25145,34774,877,26341,10373,246558,268938,113311,246327,10,5021
9,9,52783.3,5337.22,140367,91190.4,79822.8,77598,64807,19,17349,16781,185566,182093,18794,11656,15093,265,13725,0,11656,15093,265,11367,3805,246558,268938,113311,246327,10,5021
9,9,75542.7,33449,168096,299449,256402,263311,215768,82,88949,86383,209245,205638,21618,28141,39741,1037,36771,0,28141,39740,1037,32413,12393,246558,268938,113311,246327,10,5021
9,9,81131.6,25978.1,155948,293717,271059,253897,226107,44,66600,64591,214018,210478,21695,31135,41470,904,38002,0,31135,41470,904,34342,11212,246558,268938,113311,246327,10,5021
9,9,72485.7,14612.8,153525,119616,104952,102867,86610,25,38404,37236,204096,200582,20623,13408,19179,274,17613,0,13408,19179,274,15698,6170,246558,268938,113311,246327,10,5021
9,9,70754.1,23681,145637,255993,205468,221310,166162,68,57435,55698,201716,198210,20925,26159,34963,894,32154,0,26159,34963,894,26456,9583,246558,268938,113311,246327,10,5021
9,9,60825.4,14500.4,143116,79549,62382.1,67436,49477,33,36122,35055,187386,183944,18987,10249,13502,157,12319,0,10249,13502,157,10275,3539,246558,268938,113311,246327,10,5021
9,9,65690.3,22002.7,124859,273295,233468,237549,194114,67,59033,57316,165038,162101,17465,28442,36420,853,33262,0,28440,36417,853,28028,8805,246558,268938,113311,246327,10,5021
9,9,65620.6,29193.5,113903,267999,242929,231669,200940,90,74459,72253,164866,161991,17795,29958,38410,1130,35291,0,29958,38410,1130,31752,9311,246558,268938,113311,246327,10,5021
9,9,88086.7,46900.4,173412,412031,347271,357205,286954,82,112713,109326,227698,224079,23636,39240,53588,1596,49550,0,39240,53588,1596,43040,15433,246558,268938,113311,246327,10,5021
9,9,76760.3,18373.2,154632,258665,238459,223358,197258,34,49596,48136,203580,200113,20681,27958,36321,786,33169,0,27958,36321,786,30433,9146,246558,268938,113311,246327,10,5021
9,9,82676.6,24272.5,172587,176616,161823,150563,132143,63,60813,59024,217908,214334,21679,20045,27189,408,24991,0,20045,27189,408,22756,7666,246558,268938,113311,246327,10,5021
9,9,65409.2,23774.9,105199,266221,205411,235139,172077,19,62184,60330,149838,147175,16049,25324,31125,630,28206,0,25324,31125,630,23877,6540,246558,268938,113311,246327,10,5021
9,9,69465.1,20940.9,145645,217866,198958,180396,157011,68,54921,53401,189061,185749,18926,30171,37471,1043,34106,0,30171,37471,1043,29023,8097,246558,268938,113311,246327,10,5021
9,9,77599.6,24263.3,169722,151341,143910,127849,117223,59,59790,58105,210078,206501,21029,19210,25052,419,22887,0,19210,25052,419,20862,6333,246558,268938,113311,246327,10,5021
9,9,75548.7,33968.9,142816,237925,206223,208263,171362,68,78938,76592,194556,191193,19900,22370,30171,745,27744,0,22370,30171,745,24696,8458,246558,268938,113311,246327,10,5021
9,9,77872.9,39304.1,171532,249612,218905,217611,182971,74,86158,83562,197929,194552,20361,24641,32902,954,30262,0,24641,32902,954,27003,8982,246558,268938,113311,246327,10,5021
9,9,54774.5,23199.4,98597.2,193694,159140,167535,130601,61,53898,52357,142344,139748,15393,20808,26754,721,24448,0,20812,26760,721,21797,6555,246558,268938,113311,246327,10,5021
9,9,54585.9,14380,119232,154437,140416,133367,115941,40,39905,38719,153833,150950,16235,17566,22217,583,20226,0,17566,22217,583,18233,5165,246558,268938,113311,246327,10,5021
9,9,59031.4,20637.4,91618.5,225991,190544,196252,158128,60,53277,51675,136343,133810,14134,25501,30448,613,27498,0,25501,30448,613,21968,5696,246558,268938,113311,246327,10,5021
9,9,69838.6,31056.1,105151,311933,272585,267557,224441,69,79237,76993,154636,151983,15659,35138,44282,1062,40285,0,35138,44282,1062,34111,10063,246558,268938,113311,246327,10,5021
9,9,75124.2,33581.2,104645,324373,279998,280209,230859,72,86371,83842,159343,156594,16370,33545,43773,983,39933,0,33545,43773,983,34173,11134,246558,268938,113311,246327,10,5021
9,9,59106.7,18485.7,120128,145784,131065,124746,107884,63,46759,45355,161234,158264,16718,17152,22107,443,20213,0,17152,22107,443,18282,5466,246558,268938,113311,246327,10,5021
9,9,74124.6,31764,150867,247653,216174,213699,177933,79,75635,73379,206992,203369,21342,26080,35096,921,32265,0,26086,35117,923,28305,9794,246558,268938,113311,246327,10,5021
9,9,51073.7,5637.85,119028,97900,83923.7,85275,70304,7,18083,17473,163199,160098,16453,10258,13500,224,12260,0,10258,13500,224,10809,3561,246558,268938,113311,246327,10,5021
9,9,50737,9357.28,111947,162584,124222,139209,100164,55,29579,28573,161591,158476,16528,19305,23953,558,21745,0,19305,23953,558,16460,5274,246558,268938,113311,246327,10,5021
9,9,78412.7,19261.4,156770,273583,252390,238246,211562,36,51455,49960,207432,203931,21064,28724,37314,821,34100,0,28724,37314,821,31108,9404,246558,268938,113311,246327,10,5021
9,9,90889.9,50576.1,174149,318897,292978,276284,243232,83,118765,115247,224855,221189,22713,31591,43933,998,40640,0,31591,43933,998,36378,13225,246558,268938,113311,246327,10,5021
9,9,80558.2,40988.2,151052,253572,226592,220410,188642,74,93953,91219,202604,199187,20676,25491,34502,1006,31803,0,25491,34502,1006,28666,9741,246558,268938,113311,246327,10,5021
9,9,53555,6402.73,140616,86924.8,79192.1,76054,67367,6,19240,18640,184053,180644,18505,8428,12417,191,11376,0,8428,12417,191,10065,4235,246558,268938,113311,246327,10,5021
9,9,46392,8815.5,99488,61991.4,47246.2,53551,38598,14,22244,21544,148844,145849,14977,7282,9597,133,8683,0,7282,9597,133,6984,2553,246558,268938,113311,246327,10,5021
9,9,53654.3,10897,123416,128862,99120.4,112121,81742,57,32055,31041,169013,165848,17389,13334,18220,306,16654,0,13334,18220,306,13618,5301,246558,268938,113311,246327,10,5021
9,9,40025.8,5753.9,67578,52801.9,49597.2,45029,41011,13,16529,16016,111788,109441,11079,7062,8944,100,8051,0,7062,8944,100,6768,2097,246558,268938,113311,246327,10,5021
9,9,61722.2,17661.4,126068,244229,176793,214951,145708,73,49020,47498,170687,167583,18058,23277,31253,636,28587,0,23453,31495,668,22319,8777,246558,268938,113311,246327,10,5021
9,9,40687.5,7393.5,76323.9,98180.1,80600.9,84598,65975,42,21490,20708,116572,114165,11593,12330,14454,308,12927,0,12330,14454,308,10881,2541,246558,268938,113311,246327,10,5021
9,9,98168.7,63802.7,194254,489218,454682,429817,386107,104,152812,148684,241040,237264,24154,43442,60048,1644,55440,0,43442,60048,1644,50048,17757,246558,268938,113311,246327,10,5021
9,9,73685.7,30101.5,143267,207612,181955,180485,149306,63,71464,69306,192899,189530,19660,20776,27908,657,25661,0,20776,27908,657,22702,7737,246558,268938,113311,246327,10,5021
9,9,63956.7,19071.8,127089,118431,102600,101062,83587,54,46828,45425,179417,176158,18429,14464,18819,329,17226,0,14464,18819,329,15062,4785,246558,268938,113311,246327,10,5021
9,9,67483.5,17782.6,140272,182173,162701,156171,134182,57,49169,47614,192545,189103,19876,19101,25754,649,23618,0,19613,26422,814,21256,7388,246558,268938,113311,246327,10,5021
9,9,62125.8,20505.8,103297,257065,207073,227594,174181,13,56851,55201,146023,143370,15456,25039,31152,684,28312,0,25216,31257,725,23508,6756,246558,268938,113311,246327,10,5021
9,9,69693.8,12334.5,149053,101434,86516,87749,71418,16,33082,32054,198274,194819,19892,10869,15793,172,14472,0,10869,15793,172,12906,5266,246558,268938,113311,246327,10,5021
9,9,66219.7,27110.2,121870,223616,215207,192488,178952,69,66195,64336,165269,162374,17732,24362,31919,800,29300,0,24362,31919,800,27061,8241,246558,268938,113311,246327,10,5021
9,9,44873.7,7386.85,90694.8,85775.7,82756,73902,68228,45,21752,21069,136962,134233,13735,10645,13290,194,11957,0,10645,13290,194,10090,2989,246558,268938,113311,246327,10,5021
9,9,99156.5,66911.6,193984,495095,457931,434500,386801,104,156271,151987,242727,238940,24333,45014,61412,1753,56613,0,45014,61412,1753,51099,17600,246558,268938,113311,246327,10,5021
9,9,58069.2,10017.2,134431,129107,115435,111922,96098,37,29377,28500,184748,181413,19099,13664,19378,471,17779,0,13664,19378,471,15927,6108,246558,268938,113311,246327,10,5021
9,9,61684,9878.6,136640,85245.1,70484.9,73512,58107,2,26866,26042,184677,181364,18365,8875,13108,244,12009,0,8875,13108,244,10556,4507,246558,268938,113311,246327,10,5021
9,9,76851.1,31873.1,162474,182201,167153,155386,136599,59,74126,72034,206884,203331,20839,21338,28273,554,25950,0,21338,28273,554,23711,7505,246558,268938,113311,246327,10,5021
9,9,45574.8,7833.33,97171.6,59706.9,46927.9,51491,38715,6,20978,20293,143102,140223,14359,6936,9116,116,8216,0,6936,9116,116,6646,2422,246558,268938,113311,246327,10,5021
9,9,63402.1,20705.5,127968,125925,117081,108326,94159,55,45933,44588,177182,173954,18061,14576,19042,310,17431,0,14576,19042,310,15384,4891,246558,268938,113311,246327,10,5021
9,9,76505.4,36016.3,115976,345726,299232,301297,249293,73,92634,90002,161740,158973,16616,35068,46450,1030,42459,0,35068,46450,1030,36485,12322,246558,268938,113311,246327,10,5021
9,9,64167.2,20590.2,114014,284700,254703,247787,210714,62,56450,54814,155823,153046,16524,31496,38847,1015,35295,0,33920,41836,1535,30401,8869,246558,268938,113311,246327,10,5021
9,9,51711.1,9542.33,119074,54811.5,44814.7,46762,36321,14,25146,24355,169739,166519,17257,7274,9550,125,8610,0,7274,9549,125,7197,2518,246558,268938,113311,246327,10,5021
9,9,48451.5,6845.66,107465,58596,54597.9,50425,45740,7,19062,18443,156355,153315,15795,6868,9429,149,8611,0,6868,9429,149,7357,2795,246558,268938,113311,246327,10,5021
9,9,47695.1,13036.4,88579.2,116485,108540,99853,89725,50,35574,34537,133753,131187,14024,14157,17421,420,15798,0,14157,17421,420,14323,3682,246558,268938,113311,246327,10,5021
9,9,84198.1,43044.9,174383,371753,322793,319181,263721,71,101852,98927,221496,217906,23003,37499,50081,1433,46152,0,37499,50081,1433,40575,13593,246558,268938,113311,246327,10,5021
9,9,69282.4,33933.1,118908,252220,247962,213867,202841,65,78291,76118,167073,164238,17560,29350,38738,996,35638,0,29350,38738,996,32985,10220,246558,268938,113311,246327,10,5021
9,9,78988,30027.4,150958,299865,277919,263556,236994,69,77983,75725,202577,199140,21055,26809,38234,799,35344,0,26809,38234,799,31924,12175,246558,268938,113311,246327,10,5021
9,9,66703,14574,140044,181289,165392,155262,136235,24,40556,39336,186585,183287,19117,20027,25965,434,23627,0,20027,25965,434,21578,6533,246558,268938,113311,246327,10,5021
9,9,76859.5,17288.9,145758,236673,230583,202662,190608,31,47710,46231,202683,199230,20465,26990,34933,725,31878,0,26990,34933,725,29244,8717,246558,268938,113311,246327,10,5021
9,9,58806.5,13466.5,137256,74996.1,61484.8,63420,48947,30,32239,31292,185204,181781,18919,9642,12349,154,11238,0,9704,12450,168,9502,3022,246558,268938,113311,246327,10,5021
9,9,84246,43557.3,155024,282579,252348,244866,209372,75,102223,99187,211481,207929,21715,29112,39392,1140,36324,0,29112,39385,1140,32649,11102,246558,268938,113311,246327,10,5021
9,9,44310.7,7905.43,89905,73281.6,58472.1,62682,47558,17,21331,20657,136741,133998,13627,8444,11120,186,10109,0,8444,11120,186,8778,2940,246558,268938,113311,246327,10,5021
9,9,98056.4,78374,179232,620553,519025,538683,426232,107,177845,172922,240215,236564,23773,57764,75986,2314,70429,0,57938,76210,2350,59266,19745,246558,268938,113311,246327,10,5021
9,9,51511.5,13496.9,101766,88534.4,85569.1,74579,69654,43,34839,33798,150276,147383,15646,11931,15367,266,13980,0,11931,15367,266,12462,3794,246558,268938,113311,246327,10,5021
9,9,50104.8,12381.6,104578,115988,111044,99116,91298,30,33591,32593,145540,142762,15289,14007,17511,423,15914,0,14007,17511,423,14510,3921,246558,268938,113311,246327,10,5021
9,9,68167.9,19477.6,147097,229198,173501,199488,141978,63,53858,52175,197941,194428,20488,22816,30956,798,28471,0,22816,30956,798,22781,8840,246558,268938,113311,246327,10,5021
9,9,54797.1,10790.7,124934,93689.6,76313.7,80893,62692,13,23292,22536,173517,170283,17424,10456,14227,247,13008,0,10456,14227,247,11380,4101,246558,268938,113311,246327,10,5021
9,9,53518,15556,89694.4,172973,150969,146601,122805,54,42738,41442,135334,132776,13713,23184,27723,596,25072,0,23184,27723,596,19909,5196,246558,268938,113311,246327,10,5021
9,9,60424.7,20170.1,110987,150896,140556,128882,115566,56,49753,48294,160217,157317,16864,18077,23502,506,21479,0,18075,23498,506,19713,5960,246558,268938,113311,246327,10,5021
9,9,73821.7,37259.7,105384,289726,249467,251022,205721,80,84211,81775,158329,155560,16585,32367,41216,1033,37561,0,32367,41216,1033,32223,9735,246558,268938,113311,246327,10,5021
9,9,87521.5,56607.3,180678,446993,381977,387895,315543,91,125110,121531,225489,221881,23613,43678,59360,1625,54804,0,43678,59360,1625,46749,16858,246558,268938,113311,246327,10,5021
9,9,84334.6,47788.4,184043,373786,323437,328530,274460,90,106705,103726,222651,218956,22916,32076,44536,1246,41098,0,32076,44536,1246,36603,13344,246558,268938,113311,246327,10,5021
9,9,68173.4,27003.1,123708,207563,193443,178762,160057,69,65380,63457,171800,168808,18274,22713,29658,746,27186,0,22713,29658,746,25224,7609,246558,268938,113311,246327,10,5021
9,9,67663.6,27664.1,141220,226790,193020,199452,163290,61,61381,59517,190393,186991,19545,20663,29686,555,27346,0,20663,29686,555,23980,9652,246558,268938,113311,246327,10,5021
9,9,65471.5,26816.2,127524,262079,241382,226762,199740,73,68826,66845,167818,164912,18239,27939,35805,1050,32809,0,27939,35805,1050,30023,8673,246558,268938,113311,246327,10,5021
9,9,85590.9,35880.6,178539,338688,297948,294071,248268,75,94076,91295,221489,217861,22799,32499,44845,1201,41288,0,32499,44843,1201,36811,13272,246558,268938,113311,246327,10,5021
9,9,54616.4,21856.9,83041.7,215965,176804,188857,147158,52,47932,46461,130998,128526,13614,24328,28568,647,25776,0,24328,28568,647,20183,4955,246558,268938,113311,246327,10,5021
9,9,76398.3,34929,135871,282537,254063,246247,213735,78,83944,81497,183544,180469,19134,28119,36974,1056,34028,0,28119,36974,1056,31172,9657,246558,268938,113311,246327,10,5021
9,9,60296,21422.7,107067,150930,146992,127819,120382,57,50240,48744,159755,156847,16906,18501,24020,528,21954,0,18497,24012,528,20253,6066,246558,268938,113311,246327,10,5021
9,9,48883.5,6233.36,113707,98438,83432.1,84913,68709,13,20337,19644,159992,156884,16093,11564,14965,287,13592,0,11564,14965,287,11636,3780,246558,268938,113311,246327,10,5021
9,9,74301.6,36057.4,106878,275960,252889,240795,211693,75,85351,82900,160397,157651,17130,29468,37069,803,33701,0,29468,37069,803,30512,8415,246558,268938,113311,246327,10,5021
9,9,77230.7,29711.3,160924,278601,241070,241415,199884,80,78155,75828,207231,203747,21779,27871,37331,960,34238,0,28345,37879,1062,30001,10350,246558,268938,113311,246327,10,5021
9,9,65999.6,15569.9,143870,182365,170719,150487,134459,30,41292,40121,192680,189286,19199,26987,32723,909,29647,0,26987,32723,909,25756,6518,246558,268938,113311,246327,10,5021
9,9,62734,10564.8,140597,137677,126249,118343,104501,44,32337,31292,188272,184851,19550,15426,21437,544,19667,0,15426,21437,544,17709,6471,246558,268938,113311,246327,10,5021
9,9,44136.1,5627.77,92450,57917.9,51652.7,49449,42071,21,16651,16126,140931,138110,13991,7970,9834,148,8829,0,7970,9834,148,7558,2119,246558,268938,113311,246327,10,5021
9,9,71294.9,19020,156300,200606,172394,174181,142369,18,53289,51663,203810,200253,21018,20327,28616,656,26267,0,20327,28616,656,23099,8896,246558,268938,113311,246327,10,5021
9,9,69549.4,17676.7,142403,215791,198414,186870,165170,38,47811,46339,195834,192398,19842,24027,31274,609,28601,0,24027,31274,609,25724,7959,246558,268938,113311,246327,10,5021
9,9,45012.5,8893.46,86454.7,136779,113636,117264,93091,15,27393,26438,126086,123561,12784,16377,19978,360,18055,0,16377,19978,360,14294,4114,246558,268938,113311,246327,10,5021
9,9,58168.9,18366.6,94006.9,225267,180902,197889,150979,59,51485,49959,138095,135531,14443,23985,28468,597,25685,0,23985,28468,597,20306,5178,246558,268938,113311,246327,10,5021
9,9,60986.9,22356.4,90668.4,248021,209064,215125,171933,63,59249,57481,139993,137422,14389,29078,35265,774,31879,0,29078,35265,774,25718,7012,246558,268938,113311,246327,10,5021
9,9,81083.9,23038.4,160376,166171,150716,141270,122377,62,58638,56939,214541,210969,21414,19215,25877,401,23784,0,19215,25877,401,21662,7158,246558,268938,113311,246327,10,5021
9,9,61971.2,22174.8,120312,254297,180581,223874,149189,72,49933,48395,170341,167233,18113,23654,31764,680,29070,0,23826,32003,713,22581,8919,246558,268938,113311,246327,10,5021
9,9,55479,11782.8,131328,169366,113893,148661,92297,58,35412,34269,178228,174918,18268,16681,21747,501,19900,0,17519,22935,558,15195,5983,246558,268938,113311,246327,10,5021
9,9,77023.3,17966,159941,153717,145010,132191,119998,36,46187,44866,209406,205851,20985,16212,23123,344,21266,0,16212,23123,344,19110,7343,246558,268938,113311,246327,10,5021
9,9,71057.7,20139.4,154674,201556,190303,173482,157143,53,54070,52362,198818,195333,20574,21734,29952,696,27550,0,21734,29952,696,24574,8864,246558,268938,113311,246327,10,5021
9,9,59721.5,9948.76,136962,132547,120868,114817,100265,31,29999,29103,188109,184728,19321,13960,19983,453,18359,0,13960,19983,453,16609,6427,246558,268938,113311,246327,10,5021
9,9,66869.5,15092.1,138139,199892,165664,173812,136793,40,43129,41797,185266,182000,19646,19456,27465,705,25322,0,19641,27675,750,22404,8631,246558,268938,113311,246327,10,5021
9,9,67610,18375.1,142942,199257,161230,171687,131829,65,53102,51460,197815,194307,20141,21209,28697,752,26324,0,21209,28690,752,22046,8127,246558,268938,113311,246327,10,5021
9,9,90201.8,46162.4,167971,377415,351584,328189,294844,87,115979,112693,228083,224384,23181,36664,48464,1428,44490,0,36664,48460,1428,39614,12822,246558,268938,113311,246327,10,5021
9,9,46856.1,7435.42,100034,74501.5,69764.2,63769,57966,14,21588,20912,149078,146177,15017,9211,11947,222,10849,0,9211,11947,222,9283,3032,246558,268938,113311,246327,10,5021
9,9,54180.1,8157.76,123529,81385,73687.7,69325,60315,14,22723,21997,172657,169407,17284,10177,13794,241,12604,0,10177,13794,241,11010,3942,246558,268938,113311,246327,10,5021
9,9,55987.6,17306.1,84129.7,218280,182022,190324,151420,56,48862,47399,131712,129249,13504,24544,28886,610,26032,0,24544,28886,610,20660,5053,246558,268938,113311,246327,10,5021
9,9,79006,24903.7,153833,289832,271314,252346,225529,43,60614,58795,209575,206053,21054,30360,40180,857,36796,0,30360,40180,857,33469,10658,246558,268938,113311,246327,10,5021
9,9,64651.5,14744.6,144482,157071,143751,134112,117457,33,32034,30981,188006,184627,19253,18987,24370,389,22146,0,18987,24370,389,20167,5977,246558,268938,113311,246327,10,5021
9,9,95324,63920.9,181428,466256,417749,407890,351353,99,143763,139797,238040,234279,24183,42190,57547,1592,53037,0,42190,57547,1592,47867,16490,246558,268938,113311,246327,10,5021
9,9,91479.2,49725.7,182156,389957,358492,337710,299696,86,123785,120364,229831,226102,23282,38496,50771,1468,46638,0,38516,50766,1475,41755,13315,246558,268938,113311,246327,10,5021
9,9,72577.3,14703,150312,123543,109649,105292,89258,35,38771,37633,203049,199529,20321,14263,19933,286,18296,0,14263,19933,286,16254,6057,246558,268938,113311,246327,10,5021
9,9,64135.5,13615.4,130106,158541,150725,137998,127466,56,38712,37571,179367,176144,18466,16639,21924,416,20054,0,16639,21924,416,17814,5764,246558,268938,113311,246327,10,5021
9,9,74554,25185.5,157584,271501,229637,234733,188661,68,67499,65468,207033,203466,21342,27758,37648,946,34632,0,27758,37648,946,29153,10710,246558,268938,113311,246327,10,5021
9,9,73705,31727.8,107159,297799,285300,259753,240458,73,81557,79290,161483,158769,17295,31740,38599,883,35053,0,31740,38599,883,32038,7743,246558,268938,113311,246327,10,5021
9,9,55075.3,10948.4,125534,196591,141492,170588,113877,61,33342,32244,175747,172467,18133,21886,27230,639,24804,0,21886,27230,639,18550,6042,246558,268938,113311,246327,10,5021
9,9,69302.7,19742,140755,199553,188861,164256,147943,71,51415,50008,193544,190172,19350,29770,36551,1029,33237,0,29770,36551,1029,28402,7562,246558,268938,113311,246327,10,5021
9,9,82234.4,43495.6,160526,375210,339737,331555,290645,76,107141,104116,211094,207534,22131,31910,46926,1225,43528,0,31910,46920,1225,38380,15889,246558,268938,113311,246327,10,5021
9,9,65020.1,18716.9,139082,182228,151825,160236,128193,58,41547,40305,181721,178449,18733,16850,22796,453,20861,0,16850,22796,453,18524,6424,246558,268938,113311,246327,10,5021
9,9,56877,14777.4,127565,150222,138645,128689,114083,37,39423,38282,162468,159470,17261,17406,22725,632,20765,0,17406,22725,632,18703,5838,246558,268938,113311,246327,10,5021
9,9,53144.2,12243.9,119032,61358.6,52674.5,50768,41282,45,30423,29529,165837,162695,16800,9456,11533,156,10393,0,9456,11533,156,8936,2347,246558,268938,113311,246327,10,5021
9,9,79082.8,34221.9,161997,295354,252462,256573,209256,48,80948,78593,216165,212611,22684,28267,40180,1090,37161,0,28269,40157,1091,32939,12686,246558,268938,113311,246327,10,5021
9,9,82923.9,27984.8,172390,191096,176465,162529,142826,64,69298,67272,217562,213944,21579,22461,29897,533,27488,0,22461,29897,533,25291,8011,246558,268938,113311,246327,10,5021
9,9,76139.2,31733,159494,272735,248216,237472,206737,78,82274,79839,209407,205767,21381,26931,37240,965,34327,0,26931,37240,965,30427,11085,246558,268938,113311,246327,10,5021
9,9,56672.2,23439.6,105142,203230,192742,174045,159011,79,59547,57806,146371,143717,16050,23526,30128,871,27605,0,24268,31288,1070,25334,7740,246558,268938,113311,246327,10,5021
9,9,42830.5,7198.83,81624.6,104114,78257,88549,62900,37,22536,21780,129506,126881,12981,13023,16134,391,14662,0,13023,16134,391,10680,3557,246558,268938,113311,246327,10,5021
9,9,48928.5,15057.2,96135.7,120333,108951,102962,89248,50,35849,34792,139907,137245,14715,14934,18046,436,16353,0,14934,18046,436,14881,3552,246558,268938,113311,246327,10,5021
9,9,60500.4,11593.6,130380,136274,125952,116260,103261,47,34185,33067,179527,176187,18861,16002,21544,571,19717,0,16433,22136,689,18328,6220,246558,268938,113311,246327,10,5021
9,9,76131.9,26468.6,159895,280217,234503,245616,196056,68,70072,68038,203626,200180,21090,25940,35891,843,32929,0,25940,35891,843,27156,10710,246558,268938,113311,246327,10,5021
9,9,52240,10574.1,119822,51555.7,43703.5,43221,34763,27,26088,25283,168386,165175,17162,7446,9187,125,8272,0,7446,9187,125,7264,1962,246558,268938,113311,246327,10,5021
9,9,84114.5,41513.6,163938,347181,315489,302245,262945,92,101531,98626,222155,218467,22832,31916,43291,1211,39860,0,31922,43312,1213,35790,12295,246558,268938,113311,246327,10,5021
9,9,64162,19315.1,134129,147116,117800,127513,96710,53,48437,46974,176880,173667,18157,15179,19936,392,18268,0,15179,19936,392,16107,5202,246558,268938,113311,246327,10,5021
9,9,65749.9,17391.5,138367,176761,164213,151463,134528,28,41213,40001,186401,183106,19260,20552,26250,474,23867,0,20552,26250,474,21560,6309,246558,268938,113311,246327,10,5021
9,9,52656,9449.97,121621,161198,117722,142024,96521,46,29315,28353,170415,167227,17478,16201,20997,444,19187,0,16201,20997,444,13912,5330,246558,268938,113311,246327,10,5021
9,9,52619.1,9616.64,127039,106021,99328.9,92002,83092,13,28276,27418,164910,161775,16942,11825,15260,230,13825,0,11825,15260,230,12445,3796,246558,268938,113311,246327,10,5021
9,9,44758.2,7827.66,88048.3,116173,100939,98284,81416,45,24164,23381,133999,131376,13665,15814,19050,383,17158,0,15814,19050,383,13443,3717,246558,268938,113311,246327,10,5021
9,9,95950.1,82555.1,190755,607904,503985,527761,413241,55,169280,164425,240814,237142,24181,56161,75622,2108,70146,0,57057,76664,2396,59518,21133,246558,268938,113311,246327,10,5021
9,9,47456.7,7714.02,99445.8,121790,110569,102419,89013,45,23726,22961,145553,142758,14640,17139,20238,429,18221,0,17139,20238,429,14590,3630,246558,268938,113311,246327,10,5021
9,9,78689.6,18967.6,169018,150983,133660,128447,108753,48,49141,47701,211380,207826,21041,17019,23539,375,21648,0,17019,23539,375,19644,6961,246558,268938,113311,246327,10,5021
9,9,82462.2,23271.1,172823,172365,157107,146108,127481,59,59297,57587,218820,215252,21842,20089,27647,447,25471,0,20089,27647,447,23266,8064,246558,268938,113311,246327,10,5021
9,9,43712.2,6502.66,88262.6,80125,63076.9,67621,50373,27,18491,17845,138357,135582,13784,10784,13313,249,12008,0,10784,13313,249,9278,2908,246558,268938,113311,246327,10,5021
9,9,63952.9,15592.9,146118,207433,153360,180626,125072,61,45115,43714,192319,188850,19676,20538,27570,666,25310,0,20536,27566,666,19807,7649,246558,268938,113311,246327,10,5021
9,9,67141.4,21689.6,118803,274891,219806,239784,182748,71,58676,56915,171531,168472,18106,26700,36122,794,33094,0,26700,36112,794,27448,10187,246558,268938,113311,246327,10,5021
9,9,63312.5,13497.7,128775,180109,151922,156866,126180,41,39614,38400,179512,176271,19092,18070,25080,632,23051,0,18248,25282,677,20678,7590,246558,268938,113311,246327,10,5021
9,9,78900.3,41373.2,114568,324796,275096,283289,227856,77,99054,96349,166174,163407,17718,33092,41528,981,37816,0,33092,41528,981,33226,9332,246558,268938,113311,246327,10,5021
9,9,41155.7,6722.25,78964,52174,44969.1,44329,36778,14,18733,18122,121062,118560,12113,6974,8961,117,8087,0,6974,8961,117,6619,2212,246558,268938,113311,246327,10,5021
9,9,51695.2,8502.52,129586,93637.3,82417.9,80702,68101,21,23542,22769,169330,166129,17455,10670,14541,261,13303,0,10670,14539,261,11771,4202,246558,268938,113311,246327,10,5021
9,9,76778.1,26699.7,158337,266853,236492,228031,191675,29,70300,68235,213669,210105,22273,29808,40083,1010,36835,0,29808,40074,1010,32405,11125,246558,268938,113311,246327,10,5021
9,9,72418,22656,141847,277310,223223,245288,188680,68,62198,60295,191920,188620,19954,24118,34128,763,31355,0,24118,34128,763,25690,10735,246558,268938,113311,246327,10,5021
9,9,56889.1,13640.9,127545,170494,116014,148267,93519,59,38983,37688,179711,176415,18393,17257,22655,512,20741,0,17268,22638,517,16477,5913,246558,268938,113311,246327,10,5021
9,9,56680.3,9840,134750,116524,104509,101514,88267,53,29170,28279,173485,170258,17898,11910,16433,279,15027,0,11910,16433,279,13135,4882,246558,268938,113311,246327,10,5021
9,9,65517.9,19827.5,135106,166440,155058,143702,127954,51,43023,41707,191581,188172,19771,17913,24529,531,22488,0,17913,24529,531,19948,7134,246558,268938,113311,246327,10,5021
9,9,56615.4,21788.4,117276,132731,123697,112580,100666,62,43961,42663,156809,153873,16434,16423,21158,478,19320,0,16423,21158,478,17536,5204,246558,268938,113311,246327,10,5021
9,9,71269.8,21992.2,154111,252300,200625,218220,164853,66,60868,58992,203553,200035,21116,24652,33865,797,31167,0,24652,33865,797,25521,9965,246558,268938,113311,246327,10,5021
9,9,64516.1,21858.7,105349,234132,208971,196015,167790,52,58749,56989,158284,155451,15818,30407,38111,905,34639,0,30407,38111,905,29493,8516,246558,268938,113311,246327,10,5021
9,9,79329.6,19444.6,169645,153763,134773,131128,109353,54,50900,49408,213006,209444,21284,17585,24134,404,22178,0,17585,24134,404,20147,7006,246558,268938,113311,246327,10,5021
9,9,61498.9,9623.86,148689,74957.1,63887.2,64356,52214,18,25820,25010,188175,184770,18860,8582,12049,132,10954,0,8582,12046,132,9459,3731,246558,268938,113311,246327,10,5021
9,9,87644.4,54863.4,122274,413886,378412,360799,311920,109,124647,121217,177520,174644,18423,40339,53171,1501,48669,0,40339,53171,1501,43295,13897,246558,268938,113311,246327,10,5021
9,9,46007.2,12262.8,90014.8,114914,99999.9,97109,81042,50,25307,24431,134099,131465,13566,15659,18858,367,16980,0,15659,18858,367,13424,3689,246558,268938,113311,246327,10,5021
9,9,62318.6,27708.9,117054,253208,232576,218411,192557,81,69371,67348,157558,154804,17151,27872,35361,1056,32451,0,27872,35361,1056,29164,8303,246558,268938,113311,246327,10,5021
9,9,71727.1,31431.3,105876,276812,272813,240764,227498,66,77735,75589,158277,155576,16975,30566,37079,792,33628,0,30566,37079,792,30809,7364,246558,268938,113311,246327,10,5021
9,9,75149.9,24925.5,162812,258986,222097,224107,183420,69,67597,65570,206847,203264,21586,25449,33810,946,30958,0,25449,33810,946,26907,9099,246558,268938,113311,246327,10,5021
9,9,64015.9,23390.7,97220.8,252259,220213,219603,183615,63,63100,61227,145801,143171,15427,26406,32224,617,29174,0,26406,32224,617,24359,6591,246558,268938,113311,246327,10,5021
9,9,64594.3,16052.8,141498,198461,170887,175217,145686,67,44911,43587,184259,180931,19102,17827,25059,457,23075,0,17827,25059,457,20046,7744,246558,268938,113311,246327,10,5021
9,9,50099.6,7485.63,121154,116955,107372,97657,85522,34,23518,22791,155682,152744,15599,16985,19963,435,17950,0,16985,19963,435,15018,3491,246558,268938,113311,246327,10,5021
9,9,74434.1,32996.9,105078,307788,258051,266440,213644,77,85222,82736,159212,156452,16502,33180,42465,1053,38675,0,33180,42465,1053,33258,10201,246558,268938,113311,246327,10,5021
9,9,68394.8,22879,126903,286535,236516,250395,197176,72,61173,59337,173214,170147,18393,27928,37577,863,34457,0,27928,37564,863,28922,10449,246558,268938,113311,246327,10,5021
9,9,92974.7,55835.9,183328,443845,402055,386918,336390,99,133941,130183,236474,232719,23986,41101,55541,1574,51155,0,41101,55541,1574,46038,15552,246558,268938,113311,246327,10,5021
