K,dist,cost_ki,cost_hi,h_cost,vnum,gen_ki,push_ki,pop_ki,prune_ki,suc_call_ki,gen_hi,push_hi,pop_hi,prune_hi,suc_call_hi,reevaluate,density
4,18895.2,209243,129802,110758,13,4231,221674,210075,23241,1186527,508,18592,15547,406,54396,2196,0.001321
4,33873.6,209243,129802,110758,28,4231,221674,210075,23241,1186527,508,18592,15547,406,54396,2196,0.001321
4,51513.5,209243,129802,110758,41,4231,221674,210075,23241,1186527,508,18592,15547,406,54396,2196,0.001321
4,55967.3,209243,129802,110758,31,4231,221674,210075,23241,1186527,508,18592,15547,406,54396,2196,0.001321
4,36452.3,153151,205251,177934,33,3440,193661,184587,20231,1096723,668,26152,22044,648,73069,3380,0.001321
4,50349,153151,205251,177934,58,3440,193661,184587,20231,1096723,668,26152,22044,648,73069,3380,0.001321
4,70095,153151,205251,177934,73,3440,193661,184587,20231,1096723,668,26152,22044,648,73069,3380,0.001321
4,71093.2,153151,205251,177934,55,3440,193661,184587,20231,1096723,668,26152,22044,648,73069,3380,0.001321
4,5000.11,186486,157564,134373,8,4144,227119,216692,23587,1274443,631,23655,20046,861,79300,1678,0.001321
4,25815.3,186486,157564,134373,26,4144,227119,216692,23587,1274443,631,23655,20046,861,79300,1678,0.001321
4,54629.3,186486,157564,134373,47,4144,227119,216692,23587,1274443,631,23655,20046,861,79300,1678,0.001321
4,64365.1,186486,157564,134373,64,4144,227119,216692,23587,1274443,631,23655,20046,861,79300,1678,0.001321
4,16168.4,85775.6,81278.6,70209,17,2463,122211,115293,13099,633593,403,11967,9812,333,35912,1186,0.001321
4,18636.6,85775.6,81278.6,70209,5,2463,122211,115293,13099,633593,403,11967,9812,333,35912,1186,0.001321
4,38045.1,85775.6,81278.6,70209,21,2463,122211,115293,13099,633593,403,11967,9812,333,35912,1186,0.001321
4,52625.4,85775.6,81278.6,70209,37,2463,122211,115293,13099,633593,403,11967,9812,333,35912,1186,0.001321
4,14762.1,66535.3,78323.8,67649,5,2012,94600,88297,9778,463711,316,11034,9125,306,29667,1448,0.001321
4,34586.7,66535.3,78323.8,67649,21,2012,94600,88297,9778,463711,316,11034,9125,306,29667,1448,0.001321
4,36694.7,66535.3,78323.8,67649,34,2012,94600,88297,9778,463711,316,11034,9125,306,29667,1448,0.001321
4,45410.9,66535.3,78323.8,67649,51,2012,94600,88297,9778,463711,316,11034,9125,306,29667,1448,0.001321
4,42899,184392,235143,203979,41,3695,214771,205510,22652,1255534,779,31242,26620,877,91016,4304,0.001321
4,47877.1,184392,235143,203979,58,3695,214771,205510,22652,1255534,779,31242,26620,877,91016,4304,0.001321
4,67915.3,184392,235143,203979,67,3695,214771,205510,22652,1255534,779,31242,26620,877,91016,4304,0.001321
4,76093.6,184392,235143,203979,63,3695,214771,205510,22652,1255534,779,31242,26620,877,91016,4304,0.001321
4,26656.2,173732,109854,96237,20,3886,208494,199071,22658,1163669,421,14038,11561,246,39496,1553,0.001321
4,45645.5,173732,109854,96237,45,3886,208494,199071,22658,1163669,421,14038,11561,246,39496,1553,0.001321
4,45963.6,173732,109854,96237,5,3886,208494,199071,22658,1163669,421,14038,11561,246,39496,1553,0.001321
4,58301.8,173732,109854,96237,34,3886,208494,199071,22658,1163669,421,14038,11561,246,39496,1553,0.001321
4,22683.5,118012,94734.7,82381,17,3002,150083,142066,16247,793186,384,12890,10471,248,35516,1575,0.001321
4,44713.3,118012,94734.7,82381,36,3002,150083,142066,16247,793186,384,12890,10471,248,35516,1575,0.001321
4,50187.7,118012,94734.7,82381,8,3002,150083,142066,16247,793186,384,12890,10471,248,35516,1575,0.001321
4,53523.1,118012,94734.7,82381,27,3002,150083,142066,16247,793186,384,12890,10471,248,35516,1575,0.001321
4,28828.7,137792,130290,113612,10,3461,170632,159661,18215,852543,474,16563,13777,285,46237,2071,0.001321
4,44735,137792,130290,113612,29,3461,170632,159661,18215,852543,474,16563,13777,285,46237,2071,0.001321
4,45295.3,137792,130290,113612,25,3461,170632,159661,18215,852543,474,16563,13777,285,46237,2071,0.001321
4,48383.8,137792,130290,113612,27,3461,170632,159661,18215,852543,474,16563,13777,285,46237,2071,0.001321
4,29067,172818,276894,239042,30,3604,214680,203996,22279,1263040,893,36332,31085,951,117193,4324,0.001321
4,70018.8,172818,276894,239042,77,3604,214680,203996,22279,1263040,893,36332,31085,951,117193,4324,0.001321
4,71857.5,172818,276894,239042,14,3604,214680,203996,22279,1263040,893,36332,31085,951,117193,4324,0.001321
4,86017.1,172818,276894,239042,50,3604,214680,203996,22279,1263040,893,36332,31085,951,117193,4324,0.001321
4,25109.1,179214,129096,111613,20,4130,208278,195851,21843,1062534,524,17538,14543,312,48328,2192,0.001321
4,37287.2,179214,129096,111613,31,4130,208278,195851,21843,1062534,524,17538,14543,312,48328,2192,0.001321
4,45538.2,179214,129096,111613,31,4130,208278,195851,21843,1062534,524,17538,14543,312,48328,2192,0.001321
4,52388.6,179214,129096,111613,38,4130,208278,195851,21843,1062534,524,17538,14543,312,48328,2192,0.001321
4,29227.5,61985.2,109593,96117,29,2081,93247,86345,9698,437998,435,13948,11436,335,37604,1908,0.001321
4,34510.1,61985.2,109593,96117,27,2081,93247,86345,9698,437998,435,13948,11436,335,37604,1908,0.001321
4,35045.3,61985.2,109593,96117,33,2081,93247,86345,9698,437998,435,13948,11436,335,37604,1908,0.001321
4,37659,61985.2,109593,96117,20,2081,93247,86345,9698,437998,435,13948,11436,335,37604,1908,0.001321
4,19253.4,77807.4,48866.3,42836,7,2203,119816,112671,12670,648840,277,7467,5919,104,18126,1116,0.001321
4,25125,77807.4,48866.3,42836,10,2203,119816,112671,12670,648840,277,7467,5919,104,18126,1116,0.001321
4,30119.9,77807.4,48866.3,42836,22,2203,119816,112671,12670,648840,277,7467,5919,104,18126,1116,0.001321
4,66568.7,77807.4,48866.3,42836,18,2203,119816,112671,12670,648840,277,7467,5919,104,18126,1116,0.001321
4,9719.91,136163,91663.5,77555,4,3435,174157,164868,18421,946684,509,14977,11990,516,46827,464,0.001321
4,22960.3,136163,91663.5,77555,9,3435,174157,164868,18421,946684,509,14977,11990,516,46827,464,0.001321
4,25153.4,136163,91663.5,77555,4,3435,174157,164868,18421,946684,509,14977,11990,516,46827,464,0.001321
4,57665.1,136163,91663.5,77555,71,3435,174157,164868,18421,946684,509,14977,11990,516,46827,464,0.001321
4,25991.2,97224.8,66986.3,57945,11,2806,133957,125448,13925,658470,287,9579,7795,208,23560,1317,0.001321
4,27996.8,97224.8,66986.3,57945,35,2806,133957,125448,13925,658470,287,9579,7795,208,23560,1317,0.001321
4,37690.1,97224.8,66986.3,57945,4,2806,133957,125448,13925,658470,287,9579,7795,208,23560,1317,0.001321
4,44830.1,97224.8,66986.3,57945,46,2806,133957,125448,13925,658470,287,9579,7795,208,23560,1317,0.001321
4,32942.7,146946,184413,159543,23,3498,193610,183953,20541,1072465,675,25237,21250,714,73189,3100,0.001321
4,46441.3,146946,184413,159543,49,3498,193610,183953,20541,1072465,675,25237,21250,714,73189,3100,0.001321
4,63801.4,146946,184413,159543,52,3498,193610,183953,20541,1072465,675,25237,21250,714,73189,3100,0.001321
4,66174.5,146946,184413,159543,64,3498,193610,183953,20541,1072465,675,25237,21250,714,73189,3100,0.001321
4,10137.6,63580.6,73068.2,63865,12,1902,95067,89331,10459,493998,298,9338,7588,163,24143,1667,0.001321
4,35054.5,63580.6,73068.2,63865,15,1902,95067,89331,10459,493998,298,9338,7588,163,24143,1667,0.001321
4,55364.7,63580.6,73068.2,63865,44,1902,95067,89331,10459,493998,298,9338,7588,163,24143,1667,0.001321
4,56554.3,63580.6,73068.2,63865,7,1902,95067,89331,10459,493998,298,9338,7588,163,24143,1667,0.001321
4,26146.9,119634,93637.5,81871,16,3068,155685,147521,16784,822009,382,12156,9803,228,31654,1685,0.001321
4,46557.5,119634,93637.5,81871,11,3068,155685,147521,16784,822009,382,12156,9803,228,31654,1685,0.001321
4,47481.6,119634,93637.5,81871,38,3068,155685,147521,16784,822009,382,12156,9803,228,31654,1685,0.001321
4,53615.5,119634,93637.5,81871,19,3068,155685,147521,16784,822009,382,12156,9803,228,31654,1685,0.001321
4,9641.49,84436.9,72417.4,62977,10,2225,111933,105417,11906,579371,337,10792,8789,187,30221,1202,0.001321
4,24634.6,84436.9,72417.4,62977,12,2225,111933,105417,11906,579371,337,10792,8789,187,30221,1202,0.001321
4,44926.1,84436.9,72417.4,62977,34,2225,111933,105417,11906,579371,337,10792,8789,187,30221,1202,0.001321
4,55155,84436.9,72417.4,62977,24,2225,111933,105417,11906,579371,337,10792,8789,187,30221,1202,0.001321
4,4098.25,79969.9,79114.7,68412,6,2283,118407,111370,12659,625694,382,12138,10025,232,34514,1319,0.001321
4,26981.9,79969.9,79114.7,68412,17,2283,118407,111370,12659,625694,382,12138,10025,232,34514,1319,0.001321
4,47823.3,79969.9,79114.7,68412,40,2283,118407,111370,12659,625694,382,12138,10025,232,34514,1319,0.001321
4,60085.4,79969.9,79114.7,68412,24,2283,118407,111370,12659,625694,382,12138,10025,232,34514,1319,0.001321
4,40168.3,156638,237146,206628,39,3556,205136,195859,21481,1187877,759,30798,26239,829,89141,4282,0.001321
4,50308,156638,237146,206628,63,3556,205136,195859,21481,1187877,759,30798,26239,829,89141,4282,0.001321
4,70346.2,156638,237146,206628,72,3556,205136,195859,21481,1187877,759,30798,26239,829,89141,4282,0.001321
4,74538.2,156638,237146,206628,56,3556,205136,195859,21481,1187877,759,30798,26239,829,89141,4282,0.001321
4,22752.5,85473.4,96743.4,84428,32,2594,125128,115847,12698,595841,409,13508,10901,375,35299,1883,0.001321
4,34880.2,85473.4,96743.4,84428,38,2594,125128,115847,12698,595841,409,13508,10901,375,35299,1883,0.001321
4,40422.5,85473.4,96743.4,84428,16,2594,125128,115847,12698,595841,409,13508,10901,375,35299,1883,0.001321
4,42399.7,85473.4,96743.4,84428,37,2594,125128,115847,12698,595841,409,13508,10901,375,35299,1883,0.001321
4,24802.5,101997,89400.9,77636,18,2821,137100,128993,14202,709894,347,12719,10691,373,34758,1855,0.001321
4,28077.9,101997,89400.9,77636,28,2821,137100,128993,14202,709894,347,12719,10691,373,34758,1855,0.001321
4,41211.9,101997,89400.9,77636,38,2821,137100,128993,14202,709894,347,12719,10691,373,34758,1855,0.001321
4,51409.2,101997,89400.9,77636,43,2821,137100,128993,14202,709894,347,12719,10691,373,34758,1855,0.001321
4,9526.66,175438,126978,109293,13,3818,200890,190846,20876,1083325,476,17906,14969,624,54118,1611,0.001321
4,20214,175438,126978,109293,19,3818,200890,190846,20876,1083325,476,17906,14969,624,54118,1611,0.001321
4,47949.3,175438,126978,109293,51,3818,200890,190846,20876,1083325,476,17906,14969,624,54118,1611,0.001321
4,56010.5,175438,126978,109293,56,3818,200890,190846,20876,1083325,476,17906,14969,624,54118,1611,0.001321
4,5547.54,50679.1,63920.3,55955,6,1789,81954,76687,8632,409755,281,9357,7632,195,22399,1614,0.001321
4,30119.3,50679.1,63920.3,55955,30,1789,81954,76687,8632,409755,281,9357,7632,195,22399,1614,0.001321
4,36416.4,50679.1,63920.3,55955,45,1789,81954,76687,8632,409755,281,9357,7632,195,22399,1614,0.001321
4,43856.4,50679.1,63920.3,55955,22,1789,81954,76687,8632,409755,281,9357,7632,195,22399,1614,0.001321
4,16040.3,99427.2,64112.8,55357,18,2792,135378,127371,14090,688631,335,9911,7933,260,26053,1029,0.001321
4,25510.8,99427.2,64112.8,55357,5,2792,135378,127371,14090,688631,335,9911,7933,260,26053,1029,0.001321
4,30795.4,99427.2,64112.8,55357,31,2792,135378,127371,14090,688631,335,9911,7933,260,26053,1029,0.001321
4,47183,99427.2,64112.8,55357,44,2792,135378,127371,14090,688631,335,9911,7933,260,26053,1029,0.001321
4,27780.6,200072,174263,150885,35,4036,231078,221961,24313,1356440,656,24988,21034,613,75243,2931,0.001321
4,48820.7,200072,174263,150885,55,4036,231078,221961,24313,1356440,656,24988,21034,613,75243,2931,0.001321
4,54683.2,200072,174263,150885,23,4036,231078,221961,24313,1356440,656,24988,21034,613,75243,2931,0.001321
4,71686.8,200072,174263,150885,47,4036,231078,221961,24313,1356440,656,24988,21034,613,75243,2931,0.001321
4,32933.5,195987,262987,227381,42,4145,240596,231201,25189,1439477,911,36275,31210,1070,116658,4195,0.001321
4,54406.4,195987,262987,227381,63,4145,240596,231201,25189,1439477,911,36275,31210,1070,116658,4195,0.001321
4,59678.9,195987,262987,227381,39,4145,240596,231201,25189,1439477,911,36275,31210,1070,116658,4195,0.001321
4,79974.8,195987,262987,227381,53,4145,240596,231201,25189,1439477,911,36275,31210,1070,116658,4195,0.001321
4,14436.6,179069,125498,105835,13,3824,218970,209754,22820,1283995,535,19259,16103,778,63706,1073,0.001321
4,17814.3,179069,125498,105835,9,3824,218970,209754,22820,1283995,535,19259,16103,778,63706,1073,0.001321
4,40039.5,179069,125498,105835,38,3824,218970,209754,22820,1283995,535,19259,16103,778,63706,1073,0.001321
4,74395.5,179069,125498,105835,66,3824,218970,209754,22820,1283995,535,19259,16103,778,63706,1073,0.001321
4,20784.2,72976.9,128840,110216,27,2150,109172,101670,11420,561471,485,17085,14259,517,59703,816,0.001321
4,21034.2,72976.9,128840,110216,14,2150,109172,101670,11420,561471,485,17085,14259,517,59703,816,0.001321
4,49852.2,72976.9,128840,110216,52,2150,109172,101670,11420,561471,485,17085,14259,517,59703,816,0.001321
4,49974.3,72976.9,128840,110216,44,2150,109172,101670,11420,561471,485,17085,14259,517,59703,816,0.001321
4,37160.1,159625,190589,165162,36,3506,197372,188216,20749,1119824,662,25787,21724,637,71972,3581,0.001321
4,47864.6,159625,190589,165162,47,3506,197372,188216,20749,1119824,662,25787,21724,637,71972,3581,0.001321
4,67610.6,159625,190589,165162,62,3506,197372,188216,20749,1119824,662,25787,21724,637,71972,3581,0.001321
4,69807.8,159625,190589,165162,54,3506,197372,188216,20749,1119824,662,25787,21724,637,71972,3581,0.001321
4,10061.6,76185.1,53376.3,45638,8,2170,110607,104140,12170,586669,264,8453,6828,226,23546,929,0.001321
4,23568.9,76185.1,53376.3,45638,5,2170,110607,104140,12170,586669,264,8453,6828,226,23546,929,0.001321
4,26863.2,76185.1,53376.3,45638,32,2170,110607,104140,12170,586669,264,8453,6828,226,23546,929,0.001321
4,57784.7,76185.1,53376.3,45638,23,2170,110607,104140,12170,586669,264,8453,6828,226,23546,929,0.001321
4,24537.2,165290,256174,218792,17,3524,206982,196128,21542,1201173,861,35220,30303,997,120322,3199,0.001321
4,68557.1,165290,256174,218792,4,3524,206982,196128,21542,1201173,861,35220,30303,997,120322,3199,0.001321
4,72757.2,165290,256174,218792,78,3524,206982,196128,21542,1201173,861,35220,30303,997,120322,3199,0.001321
4,85736.6,165290,256174,218792,62,3524,206982,196128,21542,1201173,861,35220,30303,997,120322,3199,0.001321
4,8688.72,182513,127611,109332,17,3848,212953,204097,22224,1217483,520,19706,16503,752,64161,1289,0.001321
4,13986.5,182513,127611,109332,18,3848,212953,204097,22224,1217483,520,19706,16503,752,64161,1289,0.001321
4,43236.9,182513,127611,109332,32,3848,212953,204097,22224,1217483,520,19706,16503,752,64161,1289,0.001321
4,65190.7,182513,127611,109332,79,3848,212953,204097,22224,1217483,520,19706,16503,752,64161,1289,0.001321
4,35917.8,101939,127379,112536,30,3091,146206,136189,15324,712496,479,16365,13434,409,43725,2411,0.001321
4,36105.2,101939,127379,112536,44,3091,146206,136189,15324,712496,479,16365,13434,409,43725,2411,0.001321
4,37995.6,101939,127379,112536,14,3091,146206,136189,15324,712496,479,16365,13434,409,43725,2411,0.001321
4,46529.5,101939,127379,112536,24,3091,146206,136189,15324,712496,479,16365,13434,409,43725,2411,0.001321
4,31052.8,57505.2,72219.1,63209,7,1878,88470,82650,9250,439906,319,9948,8057,201,24555,1430,0.001321
4,32511.5,57505.2,72219.1,63209,16,1878,88470,82650,9250,439906,319,9948,8057,201,24555,1430,0.001321
4,34953.8,57505.2,72219.1,63209,43,1878,88470,82650,9250,439906,319,9948,8057,201,24555,1430,0.001321
4,40011.2,57505.2,72219.1,63209,39,1878,88470,82650,9250,439906,319,9948,8057,201,24555,1430,0.001321
4,39191,94439.7,120806,105331,8,2748,127960,118310,13502,595247,465,15516,12738,387,43081,1805,0.001321
4,39700.1,94439.7,120806,105331,22,2748,127960,118310,13502,595247,465,15516,12738,387,43081,1805,0.001321
4,40181,94439.7,120806,105331,29,2748,127960,118310,13502,595247,465,15516,12738,387,43081,1805,0.001321
4,41984,94439.7,120806,105331,48,2748,127960,118310,13502,595247,465,15516,12738,387,43081,1805,0.001321
4,23728.1,199236,89861,77839,20,3954,214794,205614,23153,1210357,392,13292,10914,248,38156,1334,0.001321
4,42748.6,199236,89861,77839,46,3954,214794,205614,23153,1210357,392,13292,10914,248,38156,1334,0.001321
4,49307,199236,89861,77839,5,3954,214794,205614,23153,1210357,392,13292,10914,248,38156,1334,0.001321
4,59887.3,199236,89861,77839,39,3954,214794,205614,23153,1210357,392,13292,10914,248,38156,1334,0.001321
4,20329.3,120502,84399.3,73148,12,3135,152006,142708,15746,766189,352,12460,10177,355,34685,1378,0.001321
4,32840.8,120502,84399.3,73148,27,3135,152006,142708,15746,766189,352,12460,10177,355,34685,1378,0.001321
4,33526.4,120502,84399.3,73148,17,3135,152006,142708,15746,766189,352,12460,10177,355,34685,1378,0.001321
4,47579.4,120502,84399.3,73148,60,3135,152006,142708,15746,766189,352,12460,10177,355,34685,1378,0.001321
4,19877.7,64093,75968.6,65794,25,1934,95774,90140,10208,492543,309,11276,9293,243,37719,1113,0.001321
4,35135,64093,75968.6,65794,12,1934,95774,90140,10208,492543,309,11276,9293,243,37719,1113,0.001321
4,45072.3,64093,75968.6,65794,7,1934,95774,90140,10208,492543,309,11276,9293,243,37719,1113,0.001321
4,51090.1,64093,75968.6,65794,38,1934,95774,90140,10208,492543,309,11276,9293,243,37719,1113,0.001321
4,26339.8,57355.8,81304,71196,21,1806,88113,82636,9365,448115,314,10813,8841,258,30423,1315,0.001321
4,36156.9,57355.8,81304,71196,32,1806,88113,82636,9365,448115,314,10813,8841,258,30423,1315,0.001321
4,37462.7,57355.8,81304,71196,5,1806,88113,82636,9365,448115,314,10813,8841,258,30423,1315,0.001321
4,44393.4,57355.8,81304,71196,30,1806,88113,82636,9365,448115,314,10813,8841,258,30423,1315,0.001321
4,8537.14,177427,135208,115511,19,3864,214037,205125,22244,1225531,549,20678,17366,815,68802,1269,0.001321
4,14006.3,177427,135208,115511,17,3864,214037,205125,22244,1225531,549,20678,17366,815,68802,1269,0.001321
4,43605.8,177427,135208,115511,31,3864,214037,205125,22244,1225531,549,20678,17366,815,68802,1269,0.001321
4,65739.9,177427,135208,115511,79,3864,214037,205125,22244,1225531,549,20678,17366,815,68802,1269,0.001321
4,13094.8,118823,100264,86349,7,2975,151374,143196,16241,811755,456,14271,11707,309,40936,1294,0.001321
4,45184.8,118823,100264,86349,16,2975,151374,143196,16241,811755,456,14271,11707,309,40936,1294,0.001321
4,59147.3,118823,100264,86349,16,2975,151374,143196,16241,811755,456,14271,11707,309,40936,1294,0.001321
4,59889.6,118823,100264,86349,50,2975,151374,143196,16241,811755,456,14271,11707,309,40936,1294,0.001321
4,23463.9,168183,220097,187721,4,3752,214621,204593,22767,1238318,776,31038,26720,875,107391,3180,0.001321
4,42917.6,168183,220097,187721,25,3752,214621,204593,22767,1238318,776,31038,26720,875,107391,3180,0.001321
4,72692.6,168183,220097,187721,42,3752,214621,204593,22767,1238318,776,31038,26720,875,107391,3180,0.001321
4,75510.6,168183,220097,187721,34,3752,214621,204593,22767,1238318,776,31038,26720,875,107391,3180,0.001321
4,3249,104584,106643,92088,7,2465,132388,124588,14259,720536,453,16111,13472,400,47549,1890,0.001321
4,28848.2,104584,106643,92088,23,2465,132388,124588,14259,720536,453,16111,13472,400,47549,1890,0.001321
4,49689.6,104584,106643,92088,46,2465,132388,124588,14259,720536,453,16111,13472,400,47549,1890,0.001321
4,65300.5,104584,106643,92088,26,2465,132388,124588,14259,720536,453,16111,13472,400,47549,1890,0.001321
4,24089.1,77667.6,67234.6,59068,15,2123,96921,91219,10142,485735,307,9245,7485,153,23726,1294,0.001321
4,24949.5,77667.6,67234.6,59068,20,2123,96921,91219,10142,485735,307,9245,7485,153,23726,1294,0.001321
4,37796.3,77667.6,67234.6,59068,7,2123,96921,91219,10142,485735,307,9245,7485,153,23726,1294,0.001321
4,42573.9,77667.6,67234.6,59068,32,2123,96921,91219,10142,485735,307,9245,7485,153,23726,1294,0.001321
4,28051.5,218854,221628,188733,33,4267,259246,249296,26727,1595138,855,32602,27381,903,110900,2635,0.001321
4,37833.1,218854,221628,188733,14,4267,259246,249296,26727,1595138,855,32602,27381,903,110900,2635,0.001321
4,63839.8,218854,221628,188733,29,4267,259246,249296,26727,1595138,855,32602,27381,903,110900,2635,0.001321
4,91050.4,218854,221628,188733,35,4267,259246,249296,26727,1595138,855,32602,27381,903,110900,2635,0.001321
4,7532.89,85147.9,86962.1,75026,11,2462,128000,120538,13659,677594,415,12933,10690,290,40162,1143,0.001321
4,22785.1,85147.9,86962.1,75026,14,2462,128000,120538,13659,677594,415,12933,10690,290,40162,1143,0.001321
4,43626.5,85147.9,86962.1,75026,37,2462,128000,120538,13659,677594,415,12933,10690,290,40162,1143,0.001321
4,59620.9,85147.9,86962.1,75026,31,2462,128000,120538,13659,677594,415,12933,10690,290,40162,1143,0.001321
4,18510.5,74606.6,49937.2,43924,8,2116,113966,107076,11948,615314,247,7010,5533,74,15500,1221,0.001321
4,27226.4,74606.6,49937.2,43924,13,2116,113966,107076,11948,615314,247,7010,5533,74,15500,1221,0.001321
4,31153.3,74606.6,49937.2,43924,23,2116,113966,107076,11948,615314,247,7010,5533,74,15500,1221,0.001321
4,65349.5,74606.6,49937.2,43924,14,2116,113966,107076,11948,615314,247,7010,5533,74,15500,1221,0.001321
4,15268.5,72972.9,46518.8,40785,7,2130,112476,105762,12005,602373,258,6998,5534,84,16250,1111,0.001321
4,26561.4,72972.9,46518.8,40785,20,2130,112476,105762,12005,602373,258,6998,5534,84,16250,1111,0.001321
4,28684.1,72972.9,46518.8,40785,15,2130,112476,105762,12005,602373,258,6998,5534,84,16250,1111,0.001321
4,62583.9,72972.9,46518.8,40785,18,2130,112476,105762,12005,602373,258,6998,5534,84,16250,1111,0.001321
4,19742.9,104854,87721.4,76896,12,2901,144821,136854,15795,762360,321,11451,9308,237,30501,1487,0.001321
4,42228.3,104854,87721.4,76896,26,2901,144821,136854,15795,762360,321,11451,9308,237,30501,1487,0.001321
4,53599.5,104854,87721.4,76896,36,2901,144821,136854,15795,762360,321,11451,9308,237,30501,1487,0.001321
4,53832.8,104854,87721.4,76896,8,2901,144821,136854,15795,762360,321,11451,9308,237,30501,1487,0.001321
4,21629.7,161860,109120,94610,9,3773,195483,184188,20634,1013404,436,14640,12005,250,41902,1350,0.001321
4,38351.6,161860,109120,94610,33,3773,195483,184188,20634,1013404,436,14640,12005,250,41902,1350,0.001321
4,51828.8,161860,109120,94610,21,3773,195483,184188,20634,1013404,436,14640,12005,250,41902,1350,0.001321
4,52409.9,161860,109120,94610,36,3773,195483,184188,20634,1013404,436,14640,12005,250,41902,1350,0.001321
4,19803.4,200028,109849,94896,29,4094,228470,219258,24240,1314660,462,16516,13614,385,50456,1490,0.001321
4,39906.1,200028,109849,94896,41,4094,228470,219258,24240,1314660,462,16516,13614,385,50456,1490,0.001321
4,55870.2,200028,109849,94896,8,4094,228470,219258,24240,1314660,462,16516,13614,385,50456,1490,0.001321
4,65610.6,200028,109849,94896,51,4094,228470,219258,24240,1314660,462,16516,13614,385,50456,1490,0.001321
4,27200.8,105156,111358,98046,17,2780,130051,120608,13503,612720,398,14204,11708,373,35259,2196,0.001321
4,29209.4,105156,111358,98046,27,2780,130051,120608,13503,612720,398,14204,11708,373,35259,2196,0.001321
4,37376.2,105156,111358,98046,40,2780,130051,120608,13503,612720,398,14204,11708,373,35259,2196,0.001321
4,42216.3,105156,111358,98046,36,2780,130051,120608,13503,612720,398,14204,11708,373,35259,2196,0.001321
4,16589.4,84481.6,74217,64192,4,2393,117749,109507,12231,588585,348,10897,8890,210,29136,1319,0.001321
4,23942.7,84481.6,74217,64192,33,2393,117749,109507,12231,588585,348,10897,8890,210,29136,1319,0.001321
4,45292.3,84481.6,74217,64192,31,2393,117749,109507,12231,588585,348,10897,8890,210,29136,1319,0.001321
4,46915,84481.6,74217,64192,20,2393,117749,109507,12231,588585,348,10897,8890,210,29136,1319,0.001321
4,12128,221875,109816,94747,10,4011,224889,214031,23421,1270103,422,15334,12787,368,41547,2542,0.001321
4,33193.1,221875,109816,94747,34,4011,224889,214031,23421,1270103,422,15334,12787,368,41547,2542,0.001321
4,62505.8,221875,109816,94747,50,4011,224889,214031,23421,1270103,422,15334,12787,368,41547,2542,0.001321
4,69746.1,221875,109816,94747,9,4011,224889,214031,23421,1270103,422,15334,12787,368,41547,2542,0.001321
4,31621.8,189221,227525,194337,19,3824,228569,217612,24145,1357110,790,32530,27878,783,112766,3373,0.001321
4,46004.1,189221,227525,194337,9,3824,228569,217612,24145,1357110,790,32530,27878,783,112766,3373,0.001321
4,74954.2,189221,227525,194337,50,3824,228569,217612,24145,1357110,790,32530,27878,783,112766,3373,0.001321
4,84787.8,189221,227525,194337,45,3824,228569,217612,24145,1357110,790,32530,27878,783,112766,3373,0.001321
4,10605.5,128692,85049.4,72400,11,3278,166141,157082,17451,893184,408,13425,10826,431,39455,870,0.001321
4,23802.6,128692,85049.4,72400,16,3278,166141,157082,17451,893184,408,13425,10826,431,39455,870,0.001321
4,29719.3,128692,85049.4,72400,8,3278,166141,157082,17451,893184,408,13425,10826,431,39455,870,0.001321
4,54692.1,128692,85049.4,72400,47,3278,166141,157082,17451,893184,408,13425,10826,431,39455,870,0.001321
4,18429.6,68863.1,111047,95883,12,1866,99382,92987,10898,542608,432,14600,11981,285,49913,1336,0.001321
4,47519.6,68863.1,111047,95883,29,1866,99382,92987,10898,542608,432,14600,11981,285,49913,1336,0.001321
4,67216.3,68863.1,111047,95883,25,1866,99382,92987,10898,542608,432,14600,11981,285,49913,1336,0.001321
4,67334.3,68863.1,111047,95883,9,1866,99382,92987,10898,542608,432,14600,11981,285,49913,1336,0.001321
4,22302.1,111038,77594.9,67500,19,2928,145515,137639,15770,763234,310,11369,9222,232,31678,1286,0.001321
4,42879.4,111038,77594.9,67500,32,2928,145515,137639,15770,763234,310,11369,9222,232,31678,1286,0.001321
4,50838.2,111038,77594.9,67500,3,2928,145515,137639,15770,763234,310,11369,9222,232,31678,1286,0.001321
4,52671.2,111038,77594.9,67500,30,2928,145515,137639,15770,763234,310,11369,9222,232,31678,1286,0.001321
4,13391,173493,118203,98664,17,3751,214175,205151,22438,1252500,509,18037,15046,725,57648,1091,0.001321
4,20023.8,173493,118203,98664,10,3751,214175,205151,22438,1252500,509,18037,15046,725,57648,1091,0.001321
4,37692.1,173493,118203,98664,32,3751,214175,205151,22438,1252500,509,18037,15046,725,57648,1091,0.001321
4,74349.3,173493,118203,98664,68,3751,214175,205151,22438,1252500,509,18037,15046,725,57648,1091,0.001321
4,28474.2,146503,119927,103896,10,3444,169174,158084,17988,841157,484,16507,13730,273,45881,2058,0.001321
4,44320.4,146503,119927,103896,30,3444,169174,158084,17988,841157,484,16507,13730,273,45881,2058,0.001321
4,45848,146503,119927,103896,25,3444,169174,158084,17988,841157,484,16507,13730,273,45881,2058,0.001321
4,48035.3,146503,119927,103896,27,3444,169174,158084,17988,841157,484,16507,13730,273,45881,2058,0.001321
4,4723.63,170117,123173,105143,8,3576,194416,185703,20750,1116102,541,18146,15097,697,59345,1023,0.001321
4,22578,170117,123173,105143,29,3576,194416,185703,20750,1116102,541,18146,15097,697,59345,1023,0.001321
4,29986.6,170117,123173,105143,34,3576,194416,185703,20750,1116102,541,18146,15097,697,59345,1023,0.001321
4,67539.7,170117,123173,105143,71,3576,194416,185703,20750,1116102,541,18146,15097,697,59345,1023,0.001321
4,12473.7,132560,151715,130153,12,3169,170446,161365,18299,942078,588,20947,17487,512,63728,2062,0.001321
4,52336.1,132560,151715,130153,11,3169,170446,161365,18299,942078,588,20947,17487,512,63728,2062,0.001321
4,62691.1,132560,151715,130153,34,3169,170446,161365,18299,942078,588,20947,17487,512,63728,2062,0.001321
4,67822.5,132560,151715,130153,52,3169,170446,161365,18299,942078,588,20947,17487,512,63728,2062,0.001321
4,8731.89,141926,142601,119267,7,3496,179329,169725,19119,984685,693,22421,18123,805,73953,408,0.001321
4,21031.1,141926,142601,119267,4,3496,179329,169725,19119,984685,693,22421,18123,805,73953,408,0.001321
4,24379,141926,142601,119267,9,3496,179329,169725,19119,984685,693,22421,18123,805,73953,408,0.001321
4,59754.9,141926,142601,119267,74,3496,179329,169725,19119,984685,693,22421,18123,805,73953,408,0.001321
4,21000.2,108149,93762.5,81413,16,3063,147476,137977,15298,730057,381,13005,10595,353,35477,1598,0.001321
4,34197.2,108149,93762.5,81413,21,3063,147476,137977,15298,730057,381,13005,10595,353,35477,1598,0.001321
4,35081.5,108149,93762.5,81413,27,3063,147476,137977,15298,730057,381,13005,10595,353,35477,1598,0.001321
4,46116.6,108149,93762.5,81413,54,3063,147476,137977,15298,730057,381,13005,10595,353,35477,1598,0.001321
4,23830.7,82621.3,117302,102369,31,2583,122277,112992,12236,574948,444,14778,11952,389,39650,1733,0.001321
4,36450,82621.3,117302,102369,38,2583,122277,112992,12236,574948,444,14778,11952,389,39650,1733,0.001321
4,40950.4,82621.3,117302,102369,24,2583,122277,112992,12236,574948,444,14778,11952,389,39650,1733,0.001321
4,41607.5,82621.3,117302,102369,40,2583,122277,112992,12236,574948,444,14778,11952,389,39650,1733,0.001321
4,14723.7,187542,138815,118210,9,3368,197109,188043,21070,1163180,591,20881,17716,780,74348,942,0.001321
4,24125.7,187542,138815,118210,15,3368,197109,188043,21070,1163180,591,20881,17716,780,74348,942,0.001321
4,33914.2,187542,138815,118210,35,3368,197109,188043,21070,1163180,591,20881,17716,780,74348,942,0.001321
4,74513.6,187542,138815,118210,66,3368,197109,188043,21070,1163180,591,20881,17716,780,74348,942,0.001321
4,32497.9,108528,117544,104250,43,2914,142236,132146,14609,683563,382,13893,11520,421,35254,2249,0.001321
4,32574.9,108528,117544,104250,21,2914,142236,132146,14609,683563,382,13893,11520,421,35254,2249,0.001321
4,34135.8,108528,117544,104250,33,2914,142236,132146,14609,683563,382,13893,11520,421,35254,2249,0.001321
4,44098.1,108528,117544,104250,51,2914,142236,132146,14609,683563,382,13893,11520,421,35254,2249,0.001321
4,42339.7,174042,227622,198406,40,3709,213500,204231,22598,1243013,752,30179,25664,824,87001,4268,0.001321
4,46897.5,174042,227622,198406,57,3709,213500,204231,22598,1243013,752,30179,25664,824,87001,4268,0.001321
4,66935.7,174042,227622,198406,66,3709,213500,204231,22598,1243013,752,30179,25664,824,87001,4268,0.001321
4,74657.7,174042,227622,198406,60,3709,213500,204231,22598,1243013,752,30179,25664,824,87001,4268,0.001321
4,24949.9,109539,95726.4,83563,18,2894,142525,134618,15437,738570,376,13113,10646,231,34488,1879,0.001321
4,40871.1,109539,95726.4,83563,34,2894,142525,134618,15437,738570,376,13113,10646,231,34488,1879,0.001321
4,49671.4,109539,95726.4,83563,26,2894,142525,134618,15437,738570,376,13113,10646,231,34488,1879,0.001321
4,50292.3,109539,95726.4,83563,7,2894,142525,134618,15437,738570,376,13113,10646,231,34488,1879,0.001321
4,30914.9,183485,229353,196185,17,3813,226248,215482,23994,1338446,784,32230,27587,796,111884,3355,0.001321
4,45724.1,183485,229353,196185,10,3813,226248,215482,23994,1338446,784,32230,27587,796,111884,3355,0.001321
4,74809.8,183485,229353,196185,51,3813,226248,215482,23994,1338446,784,32230,27587,796,111884,3355,0.001321
4,83602.7,183485,229353,196185,44,3813,226248,215482,23994,1338446,784,32230,27587,796,111884,3355,0.001321
4,21432.1,192136,86688.8,74932,24,4061,220629,211462,23473,1253664,374,13057,10725,297,40096,1089,0.001321
4,40492.5,192136,86688.8,74932,45,4061,220629,211462,23473,1253664,374,13057,10725,297,40096,1089,0.001321
4,51745.3,192136,86688.8,74932,3,4061,220629,211462,23473,1253664,374,13057,10725,297,40096,1089,0.001321
4,61647.3,192136,86688.8,74932,44,4061,220629,211462,23473,1253664,374,13057,10725,297,40096,1089,0.001321
4,23646.5,192983,173071,148568,20,4078,240146,229549,24994,1415167,587,23959,20228,514,81388,2488,0.001321
4,37456,192983,173071,148568,9,4078,240146,229549,24994,1415167,587,23959,20228,514,81388,2488,0.001321
4,66410.2,192983,173071,148568,49,4078,240146,229549,24994,1415167,587,23959,20228,514,81388,2488,0.001321
4,82606.7,192983,173071,148568,32,4078,240146,229549,24994,1415167,587,23959,20228,514,81388,2488,0.001321
4,23697.2,159288,104318,91005,3,3780,195028,183869,20849,1018670,431,14867,12254,282,41874,1600,0.001321
4,41471.8,159288,104318,91005,36,3780,195028,183869,20849,1018670,431,14867,12254,282,41874,1600,0.001321
4,48839.8,159288,104318,91005,20,3780,195028,183869,20849,1018670,431,14867,12254,282,41874,1600,0.001321
4,52626.7,159288,104318,91005,35,3780,195028,183869,20849,1018670,431,14867,12254,282,41874,1600,0.001321
4,5767.85,65559.7,64287.1,55627,8,2057,102760,96701,11465,540828,293,9030,7321,229,24318,1123,0.001321
4,24741.9,65559.7,64287.1,55627,15,2057,102760,96701,11465,540828,293,9030,7321,229,24318,1123,0.001321
4,29781.9,65559.7,64287.1,55627,32,2057,102760,96701,11465,540828,293,9030,7321,229,24318,1123,0.001321
4,53420.5,65559.7,64287.1,55627,24,2057,102760,96701,11465,540828,293,9030,7321,229,24318,1123,0.001321
4,39821.2,168222,200906,174840,32,3660,206489,197462,21753,1181696,671,26314,22204,674,74761,3514,0.001321
4,44478.9,168222,200906,174840,50,3660,206489,197462,21753,1181696,671,26314,22204,674,74761,3514,0.001321
4,64225,168222,200906,174840,65,3660,206489,197462,21753,1181696,671,26314,22204,674,74761,3514,0.001321
4,70937.8,168222,200906,174840,59,3660,206489,197462,21753,1181696,671,26314,22204,674,74761,3514,0.001321
4,19375.9,77721.1,72478.8,62940,12,2363,115339,107124,11864,571878,358,10352,8155,226,24267,1182,0.001321
4,27085.9,77721.1,72478.8,62940,34,2363,115339,107124,11864,571878,358,10352,8155,226,24267,1182,0.001321
4,44187.2,77721.1,72478.8,62940,11,2363,115339,107124,11864,571878,358,10352,8155,226,24267,1182,0.001321
4,45371.2,77721.1,72478.8,62940,45,2363,115339,107124,11864,571878,358,10352,8155,226,24267,1182,0.001321
4,11639.5,199493,134583,115603,12,4172,237661,227092,24628,1371735,553,19774,16372,477,57564,2116,0.001321
4,29421.1,199493,134583,115603,17,4172,237661,227092,24628,1371735,553,19774,16372,477,57564,2116,0.001321
4,59196.1,199493,134583,115603,34,4172,237661,227092,24628,1371735,553,19774,16372,477,57564,2116,0.001321
4,73759.7,199493,134583,115603,7,4172,237661,227092,24628,1371735,553,19774,16372,477,57564,2116,0.001321
4,29938.6,185247,138134,119673,38,3957,220150,211287,23557,1271904,528,18626,15414,347,53876,2308,0.001321
4,48293.1,185247,138134,119673,17,3957,220150,211287,23557,1271904,528,18626,15414,347,53876,2308,0.001321
4,49823.1,185247,138134,119673,51,3957,220150,211287,23557,1271904,528,18626,15414,347,53876,2308,0.001321
4,67099.2,185247,138134,119673,35,3957,220150,211287,23557,1271904,528,18626,15414,347,53876,2308,0.001321
4,18785,128379,163811,141375,16,3304,177771,168568,19288,976321,654,23314,19545,507,70934,2691,0.001321
4,55866.1,128379,163811,141375,26,3304,177771,168568,19288,976321,654,23314,19545,507,70934,2691,0.001321
4,58095.8,128379,163811,141375,39,3304,177771,168568,19288,976321,654,23314,19545,507,70934,2691,0.001321
4,67588,128379,163811,141375,36,3304,177771,168568,19288,976321,654,23314,19545,507,70934,2691,0.001321
4,13343,220657,200130,170656,15,4218,248656,238658,25612,1480097,788,29998,25523,1089,106930,1839,0.001321
4,26719.6,220657,200130,170656,8,4218,248656,238658,25612,1480097,788,29998,25523,1089,106930,1839,0.001321
4,56494.7,220657,200130,170656,25,4218,248656,238658,25612,1480097,788,29998,25523,1089,106930,1839,0.001321
4,78564.4,220657,200130,170656,83,4218,248656,238658,25612,1480097,788,29998,25523,1089,106930,1839,0.001321
4,22895.2,88683.2,88346.1,77486,31,2538,124787,115782,12641,608879,365,12151,9871,308,27196,2205,0.001321
4,33790.5,88683.2,88346.1,77486,40,2538,124787,115782,12641,608879,365,12151,9871,308,27196,2205,0.001321
4,40731.7,88683.2,88346.1,77486,40,2538,124787,115782,12641,608879,365,12151,9871,308,27196,2205,0.001321
4,43665.9,88683.2,88346.1,77486,8,2538,124787,115782,12641,608879,365,12151,9871,308,27196,2205,0.001321
4,32919.3,179844,259803,221257,18,3734,220607,210109,23549,1305147,899,36550,31613,995,131807,3388,0.001321
4,48647.3,179844,259803,221257,12,3734,220607,210109,23549,1305147,899,36550,31613,995,131807,3388,0.001321
4,77845.8,179844,259803,221257,54,3734,220607,210109,23549,1305147,899,36550,31613,995,131807,3388,0.001321
4,84069.8,179844,259803,221257,51,3734,220607,210109,23549,1305147,899,36550,31613,995,131807,3388,0.001321
4,17214.7,206550,191773,163086,19,4180,247783,237892,25432,1474418,810,29144,24144,774,94716,1859,0.001321
4,30188.6,206550,191773,163086,7,4180,247783,237892,25432,1474418,810,29144,24144,774,94716,1859,0.001321
4,59211.7,206550,191773,163086,48,4180,247783,237892,25432,1474418,810,29144,24144,774,94716,1859,0.001321
4,81423.7,206550,191773,163086,17,4180,247783,237892,25432,1474418,810,29144,24144,774,94716,1859,0.001321
4,28333.4,181262,251218,215253,15,3837,225766,215807,23712,1341443,854,34152,29415,1084,116974,3678,0.001321
4,48832.7,181262,251218,215253,38,3837,225766,215807,23712,1341443,854,34152,29415,1084,116974,3678,0.001321
4,71457.5,181262,251218,215253,43,3837,225766,215807,23712,1341443,854,34152,29415,1084,116974,3678,0.001321
4,78346.9,181262,251218,215253,57,3837,225766,215807,23712,1341443,854,34152,29415,1084,116974,3678,0.001321
4,8403.67,200814,156045,133714,6,4203,240181,229792,24961,1396331,641,23806,20038,747,78085,1977,0.001321
4,27615.7,200814,156045,133714,23,4203,240181,229792,24961,1396331,641,23806,20038,747,78085,1977,0.001321
4,57183.7,200814,156045,133714,41,4203,240181,229792,24961,1396331,641,23806,20038,747,78085,1977,0.001321
4,72282.1,200814,156045,133714,3,4203,240181,229792,24961,1396331,641,23806,20038,747,78085,1977,0.001321
4,14702.3,89916.8,74632.1,64350,25,2579,134178,126459,14551,730365,336,11566,9568,270,38555,871,0.001321
4,17255.9,89916.8,74632.1,64350,5,2579,134178,126459,14551,730365,336,11566,9568,270,38555,871,0.001321
4,20611.1,89916.8,74632.1,64350,25,2579,134178,126459,14551,730365,336,11566,9568,270,38555,871,0.001321
4,61007.4,89916.8,74632.1,64350,37,2579,134178,126459,14551,730365,336,11566,9568,270,38555,871,0.001321
4,8066.12,140674,88297,75324,6,3226,174807,165213,18870,979914,380,14252,11978,507,48684,702,0.001321
4,12448.5,140674,88297,75324,18,3226,174807,165213,18870,979914,380,14252,11978,507,48684,702,0.001321
4,23649,140674,88297,75324,26,3226,174807,165213,18870,979914,380,14252,11978,507,48684,702,0.001321
4,66669.8,140674,88297,75324,46,3226,174807,165213,18870,979914,380,14252,11978,507,48684,702,0.001321
4,23069.3,126387,111846,97083,5,3156,164274,155765,17999,877864,459,15427,12634,346,43114,1929,0.001321
4,49421.9,126387,111846,97083,18,3156,164274,155765,17999,877864,459,15427,12634,346,43114,1929,0.001321
4,50090.6,126387,111846,97083,39,3156,164274,155765,17999,877864,459,15427,12634,346,43114,1929,0.001321
4,57878.1,126387,111846,97083,27,3156,164274,155765,17999,877864,459,15427,12634,346,43114,1929,0.001321
4,3205.26,137135,129541,110393,2,3150,175405,166378,18735,1003869,607,20558,17137,590,73422,831,0.001321
4,10127,137135,129541,110393,8,3150,175405,166378,18735,1003869,607,20558,17137,590,73422,831,0.001321
4,32058.6,137135,129541,110393,39,3150,175405,166378,18735,1003869,607,20558,17137,590,73422,831,0.001321
4,69071.1,137135,129541,110393,39,3150,175405,166378,18735,1003869,607,20558,17137,590,73422,831,0.001321
4,12358.4,113102,85446.3,73866,7,2845,143917,135902,15361,761039,407,12805,10531,442,39312,961,0.001321
4,20333.9,113102,85446.3,73866,25,2845,143917,135902,15361,761039,407,12805,10531,442,39312,961,0.001321
4,31916,113102,85446.3,73866,28,2845,143917,135902,15361,761039,407,12805,10531,442,39312,961,0.001321
4,55217.3,113102,85446.3,73866,46,2845,143917,135902,15361,761039,407,12805,10531,442,39312,961,0.001321
4,21486.1,202382,176651,149756,18,4065,243878,233876,25137,1468357,695,26813,22789,1092,95868,1642,0.001321
4,25066.9,202382,176651,149756,20,4065,243878,233876,25137,1468357,695,26813,22789,1092,95868,1642,0.001321
4,49496.7,202382,176651,149756,24,4065,243878,233876,25137,1468357,695,26813,22789,1092,95868,1642,0.001321
4,83977.6,202382,176651,149756,105,4065,243878,233876,25137,1468357,695,26813,22789,1092,95868,1642,0.001321
4,21991.4,209283,201656,171765,21,4153,252079,241844,25767,1531287,758,30450,26114,1340,111530,1857,0.001321
4,27208.7,209283,201656,171765,16,4153,252079,241844,25767,1531287,758,30450,26114,1340,111530,1857,0.001321
4,52380.2,209283,201656,171765,26,4153,252079,241844,25767,1531287,758,30450,26114,1340,111530,1857,0.001321
4,85672.8,209283,201656,171765,106,4153,252079,241844,25767,1531287,758,30450,26114,1340,111530,1857,0.001321
4,29450.3,61709.4,77281.8,68151,7,1924,91457,85745,9642,463001,320,10236,8321,217,26043,1390,0.001321
4,33992.5,61709.4,77281.8,68151,15,1924,91457,85745,9642,463001,320,10236,8321,217,26043,1390,0.001321
4,34228.6,61709.4,77281.8,68151,42,1924,91457,85745,9642,463001,320,10236,8321,217,26043,1390,0.001321
4,41492.2,61709.4,77281.8,68151,38,1924,91457,85745,9642,463001,320,10236,8321,217,26043,1390,0.001321
4,31209.7,167051,227372,195064,30,3666,206462,196782,21766,1184602,851,32083,26857,779,93161,3991,0.001321
4,55825.1,167051,227372,195064,59,3666,206462,196782,21766,1184602,851,32083,26857,779,93161,3991,0.001321
4,68278.4,167051,227372,195064,45,3666,206462,196782,21766,1184602,851,32083,26857,779,93161,3991,0.001321
4,75525.7,167051,227372,195064,21,3666,206462,196782,21766,1184602,851,32083,26857,779,93161,3991,0.001321
4,25006.9,58297.8,57233.7,50229,14,1990,91005,85441,9400,451221,279,7977,6428,115,20152,991,0.001321
4,26337.8,58297.8,57233.7,50229,28,1990,91005,85441,9400,451221,279,7977,6428,115,20152,991,0.001321
4,38593.7,58297.8,57233.7,50229,5,1990,91005,85441,9400,451221,279,7977,6428,115,20152,991,0.001321
4,40803.5,58297.8,57233.7,50229,29,1990,91005,85441,9400,451221,279,7977,6428,115,20152,991,0.001321
4,9121.44,189838,155691,132479,10,4011,232015,222488,24099,1361381,658,24036,20274,944,82025,1373,0.001321
4,20025.8,189838,155691,132479,9,4011,232015,222488,24099,1361381,658,24036,20274,944,82025,1373,0.001321
4,49800.8,189838,155691,132479,26,4011,232015,222488,24099,1361381,658,24036,20274,944,82025,1373,0.001321
4,72961.6,189838,155691,132479,92,4011,232015,222488,24099,1361381,658,24036,20274,944,82025,1373,0.001321
4,24065.2,91187.3,90708.7,77967,12,2641,132911,125059,13723,701983,391,13084,10950,446,38508,1515,0.001321
4,24097.2,91187.3,90708.7,77967,11,2641,132911,125059,13723,701983,391,13084,10950,446,38508,1515,0.001321
4,46780.5,91187.3,90708.7,77967,45,2641,132911,125059,13723,701983,391,13084,10950,446,38508,1515,0.001321
4,56206.9,91187.3,90708.7,77967,56,2641,132911,125059,13723,701983,391,13084,10950,446,38508,1515,0.001321
4,20806.1,60726.5,89669.5,77039,19,1690,84982,79600,9308,440414,344,12313,10191,226,43100,1048,0.001321
4,44535.4,60726.5,89669.5,77039,11,1690,84982,79600,9308,440414,344,12313,10191,226,43100,1048,0.001321
4,57271.3,60726.5,89669.5,77039,7,1690,84982,79600,9308,440414,344,12313,10191,226,43100,1048,0.001321
4,57757,60726.5,89669.5,77039,30,1690,84982,79600,9308,440414,344,12313,10191,226,43100,1048,0.001321
4,16369.3,72571,75215.3,65026,8,2069,100970,94301,10274,504041,332,11222,9284,343,30430,1398,0.001321
4,32151.2,72571,75215.3,65026,15,2069,100970,94301,10274,504041,332,11222,9284,343,30430,1398,0.001321
4,40407.3,72571,75215.3,65026,44,2069,100970,94301,10274,504041,332,11222,9284,343,30430,1398,0.001321
4,48624.4,72571,75215.3,65026,53,2069,100970,94301,10274,504041,332,11222,9284,343,30430,1398,0.001321
4,19754.7,179127,190799,163900,4,3851,219769,209391,23030,1259846,647,26069,22256,700,86298,3021,0.001321
4,39458,179127,190799,163900,24,3851,219769,209391,23030,1259846,647,26069,22256,700,86298,3021,0.001321
4,69233.1,179127,190799,163900,41,3851,219769,209391,23030,1259846,647,26069,22256,700,86298,3021,0.001321
4,74242.8,179127,190799,163900,30,3851,219769,209391,23030,1259846,647,26069,22256,700,86298,3021,0.001321
4,24514.2,107497,71731.5,62198,7,3164,151817,142251,15624,751951,316,10899,8888,310,29281,1332,0.001321
4,31984.6,107497,71731.5,62198,34,3164,151817,142251,15624,751951,316,10899,8888,310,29281,1332,0.001321
4,37628.6,107497,71731.5,62198,13,3164,151817,142251,15624,751951,316,10899,8888,310,29281,1332,0.001321
4,46679.4,107497,71731.5,62198,47,3164,151817,142251,15624,751951,316,10899,8888,310,29281,1332,0.001321
4,16375.6,173427,119399,102656,4,3968,210987,200175,22236,1143085,491,16490,13559,366,50078,1270,0.001321
4,34585.8,173427,119399,102656,34,3968,210987,200175,22236,1143085,491,16490,13559,366,50078,1270,0.001321
4,55963,173427,119399,102656,48,3968,210987,200175,22236,1143085,491,16490,13559,366,50078,1270,0.001321
4,56237.1,173427,119399,102656,20,3968,210987,200175,22236,1143085,491,16490,13559,366,50078,1270,0.001321
4,17826.4,80781.9,122930,105734,7,2267,117389,109710,12299,625548,483,18313,15600,565,61382,1862,0.001321
4,19928.7,80781.9,122930,105734,29,2267,117389,109710,12299,625548,483,18313,15600,565,61382,1862,0.001321
4,48996.7,80781.9,122930,105734,54,2267,117389,109710,12299,625548,483,18313,15600,565,61382,1862,0.001321
4,53312.9,80781.9,122930,105734,49,2267,117389,109710,12299,625548,483,18313,15600,565,61382,1862,0.001321
4,19890.8,82098.7,67638.2,59048,18,2347,115868,107421,11916,568500,332,9396,7385,172,22621,972,0.001321
4,28653.4,82098.7,67638.2,59048,37,2347,115868,107421,11916,568500,332,9396,7385,172,22621,972,0.001321
4,44123.3,82098.7,67638.2,59048,7,2347,115868,107421,11916,568500,332,9396,7385,172,22621,972,0.001321
4,44345.4,82098.7,67638.2,59048,46,2347,115868,107421,11916,568500,332,9396,7385,172,22621,972,0.001321
4,25420.4,62579.8,65195.4,57038,28,2058,94876,89150,9964,471447,320,9293,7498,161,23209,1213,0.001321
4,25974.5,62579.8,65195.4,57038,20,2058,94876,89150,9964,471447,320,9293,7498,161,23209,1213,0.001321
4,37369.5,62579.8,65195.4,57038,7,2058,94876,89150,9964,471447,320,9293,7498,161,23209,1213,0.001321
4,41044.3,62579.8,65195.4,57038,31,2058,94876,89150,9964,471447,320,9293,7498,161,23209,1213,0.001321
4,3890.92,129361,101419,86751,6,3099,166205,157160,17757,916060,524,16395,13237,444,47303,943,0.001321
4,13513.7,129361,101419,86751,15,3099,166205,157160,17757,916060,524,16395,13237,444,47303,943,0.001321
4,32986.5,129361,101419,86751,32,3099,166205,157160,17757,916060,524,16395,13237,444,47303,943,0.001321
4,60245.3,129361,101419,86751,19,3099,166205,157160,17757,916060,524,16395,13237,444,47303,943,0.001321
4,21713.6,65999.1,92958.9,81230,27,2260,103378,96346,10544,493116,371,12964,10798,299,34775,1994,0.001321
4,30941.5,65999.1,92958.9,81230,25,2260,103378,96346,10544,493116,371,12964,10798,299,34775,1994,0.001321
4,38431.8,65999.1,92958.9,81230,42,2260,103378,96346,10544,493116,371,12964,10798,299,34775,1994,0.001321
4,41882.7,65999.1,92958.9,81230,25,2260,103378,96346,10544,493116,371,12964,10798,299,34775,1994,0.001321
4,24614.9,72780.1,86466.7,74394,10,2077,103492,96646,11024,527364,375,12775,10451,286,34390,1565,0.001321
4,30098,72780.1,86466.7,74394,23,2077,103492,96646,11024,527364,375,12775,10451,286,34390,1565,0.001321
4,40364.4,72780.1,86466.7,74394,26,2077,103492,96646,11024,527364,375,12775,10451,286,34390,1565,0.001321
4,45955.2,72780.1,86466.7,74394,54,2077,103492,96646,11024,527364,375,12775,10451,286,34390,1565,0.001321
4,27723.1,212070,271389,232934,32,4182,241902,232451,25479,1438711,984,37888,32352,1187,123941,3620,0.001321
4,49202.7,212070,271389,232934,57,4182,241902,232451,25479,1438711,984,37888,32352,1187,123941,3620,0.001321
4,61062.2,212070,271389,232934,34,4182,241902,232451,25479,1438711,984,37888,32352,1187,123941,3620,0.001321
4,77513.1,212070,271389,232934,51,4182,241902,232451,25479,1438711,984,37888,32352,1187,123941,3620,0.001321
4,16595,86248.4,81037.3,70748,23,2649,127046,119866,13338,653901,370,11039,9039,339,31404,1071,0.001321
4,25189.9,86248.4,81037.3,70748,22,2649,127046,119866,13338,653901,370,11039,9039,339,31404,1071,0.001321
4,30193.6,86248.4,81037.3,70748,10,2649,127046,119866,13338,653901,370,11039,9039,339,31404,1071,0.001321
4,48365.2,86248.4,81037.3,70748,44,2649,127046,119866,13338,653901,370,11039,9039,339,31404,1071,0.001321
4,26721.2,197044,126382,109837,36,3983,224442,215624,23849,1300172,518,18479,15276,388,53982,2225,0.001321
4,46623.9,197044,126382,109837,49,3983,224442,215624,23849,1300172,518,18479,15276,388,53982,2225,0.001321
4,51053.1,197044,126382,109837,16,3983,224442,215624,23849,1300172,518,18479,15276,388,53982,2225,0.001321
4,67170.3,197044,126382,109837,43,3983,224442,215624,23849,1300172,518,18479,15276,388,53982,2225,0.001321
4,36813.6,113539,142972,124648,25,3235,153284,142002,15888,726704,534,18853,15551,469,51766,2268,0.001321
4,37624.1,113539,142972,124648,15,3235,153284,142002,15888,726704,534,18853,15551,469,51766,2268,0.001321
4,43282,113539,142972,124648,65,3235,153284,142002,15888,726704,534,18853,15551,469,51766,2268,0.001321
4,45361.4,113539,142972,124648,31,3235,153284,142002,15888,726704,534,18853,15551,469,51766,2268,0.001321
4,31439.9,186279,280241,238547,8,3678,219118,209188,23349,1302132,958,38827,33685,1134,136353,3930,0.001321
4,51208.4,186279,280241,238547,30,3678,219118,209188,23349,1302132,958,38827,33685,1134,136353,3930,0.001321
4,76140.1,186279,280241,238547,53,3678,219118,209188,23349,1302132,958,38827,33685,1134,136353,3930,0.001321
4,80685.6,186279,280241,238547,69,3678,219118,209188,23349,1302132,958,38827,33685,1134,136353,3930,0.001321
4,29665.9,135416,118999,103608,35,3509,173123,161627,17737,854382,480,16418,13493,520,42722,2192,0.001321
4,30941.9,135416,118999,103608,18,3509,173123,161627,17737,854382,480,16418,13493,520,42722,2192,0.001321
4,35652.8,135416,118999,103608,44,3509,173123,161627,17737,854382,480,16418,13493,520,42722,2192,0.001321
4,47898.9,135416,118999,103608,52,3509,173123,161627,17737,854382,480,16418,13493,520,42722,2192,0.001321
4,11308.3,195035,115859,99846,5,4115,232413,221430,24087,1325321,488,16707,13824,391,45789,2326,0.001321
4,31342,195035,115859,99846,25,4115,232413,221430,24087,1325321,488,16707,13824,391,45789,2326,0.001321
4,60888.7,195035,115859,99846,46,4115,232413,221430,24087,1325321,488,16707,13824,391,45789,2326,0.001321
4,72059,195035,115859,99846,8,4115,232413,221430,24087,1325321,488,16707,13824,391,45789,2326,0.001321
4,10691.8,137381,218918,186973,5,3167,177905,168253,18964,1008054,814,31414,26832,942,107511,2590,0.001321
4,58284.8,137381,218918,186973,19,3167,177905,168253,18964,1008054,814,31414,26832,942,107511,2590,0.001321
4,74441,137381,218918,186973,47,3167,177905,168253,18964,1008054,814,31414,26832,942,107511,2590,0.001321
4,77728.1,137381,218918,186973,62,3167,177905,168253,18964,1008054,814,31414,26832,942,107511,2590,0.001321
4,23231.4,95769.4,79967.6,69241,13,2748,138304,130349,14398,733238,358,12000,10046,402,32458,1611,0.001321
4,25273.8,95769.4,79967.6,69241,5,2748,138304,130349,14398,733238,358,12000,10046,402,32458,1611,0.001321
4,46358.6,95769.4,79967.6,69241,44,2748,138304,130349,14398,733238,358,12000,10046,402,32458,1611,0.001321
4,56155.2,95769.4,79967.6,69241,53,2748,138304,130349,14398,733238,358,12000,10046,402,32458,1611,0.001321
4,24521.4,195202,122674,106731,33,4025,224254,215333,23756,1295845,512,18141,15001,393,53073,2000,0.001321
4,44531.7,195202,122674,106731,47,4025,224254,215333,23756,1295845,512,18141,15001,393,53073,2000,0.001321
4,52792.1,195202,122674,106731,15,4025,224254,215333,23756,1295845,512,18141,15001,393,53073,2000,0.001321
4,66728.9,195202,122674,106731,44,4025,224254,215333,23756,1295845,512,18141,15001,393,53073,2000,0.001321
4,17823.6,195090,114021,97732,25,4093,228724,219344,24083,1311342,492,17183,14150,428,52922,1289,0.001321
4,38328.8,195090,114021,97732,41,4093,228724,219344,24083,1311342,492,17183,14150,428,52922,1289,0.001321
4,57265.1,195090,114021,97732,5,4093,228724,219344,24083,1311342,492,17183,14150,428,52922,1289,0.001321
4,65550,195090,114021,97732,54,4093,228724,219344,24083,1311342,492,17183,14150,428,52922,1289,0.001321
4,39577.6,177626,214008,186619,53,3872,219994,210840,23465,1283038,754,28444,23755,694,81142,3495,0.001321
4,44656.9,177626,214008,186619,31,3872,219994,210840,23465,1283038,754,28444,23755,694,81142,3495,0.001321
4,59612.8,177626,214008,186619,61,3872,219994,210840,23465,1283038,754,28444,23755,694,81142,3495,0.001321
4,71887.7,177626,214008,186619,19,3872,219994,210840,23465,1283038,754,28444,23755,694,81142,3495,0.001321
4,13987.6,74442.4,43405.1,38066,6,2150,113526,106788,12098,606800,238,6483,5068,56,15217,995,0.001321
4,25502.5,74442.4,43405.1,38066,21,2150,113526,106788,12098,606800,238,6483,5068,56,15217,995,0.001321
4,26681.7,74442.4,43405.1,38066,10,2150,113526,106788,12098,606800,238,6483,5068,56,15217,995,0.001321
4,61685,74442.4,43405.1,38066,23,2150,113526,106788,12098,606800,238,6483,5068,56,15217,995,0.001321
4,2975.15,84450.9,96128.3,83626,6,2264,122135,114777,13213,662125,445,14261,11853,350,38661,2048,0.001321
4,32865.8,84450.9,96128.3,83626,23,2264,122135,114777,13213,662125,445,14261,11853,350,38661,2048,0.001321
4,53707.2,84450.9,96128.3,83626,46,2264,122135,114777,13213,662125,445,14261,11853,350,38661,2048,0.001321
4,65097.4,84450.9,96128.3,83626,18,2264,122135,114777,13213,662125,445,14261,11853,350,38661,2048,0.001321
4,36955.4,246865,315048,265414,37,4288,271991,261750,27818,1730331,1168,46639,39959,1452,171803,3431,0.001321
4,44890.9,246865,315048,265414,36,4288,271991,261750,27818,1730331,1168,46639,39959,1452,171803,3431,0.001321
4,67095.8,246865,315048,265414,11,4288,271991,261750,27818,1730331,1168,46639,39959,1452,171803,3431,0.001321
4,100592,246865,315048,265414,37,4288,271991,261750,27818,1730331,1168,46639,39959,1452,171803,3431,0.001321
4,21689.7,113043,79293.5,68107,13,2990,144538,136274,15011,748646,333,11816,9739,313,32796,1312,0.001321
4,24944.7,113043,79293.5,68107,27,2990,144538,136274,15011,748646,333,11816,9739,313,32796,1312,0.001321
4,33285.7,113043,79293.5,68107,7,2990,144538,136274,15011,748646,333,11816,9739,313,32796,1312,0.001321
4,48901.5,113043,79293.5,68107,58,2990,144538,136274,15011,748646,333,11816,9739,313,32796,1312,0.001321
4,17587.1,70572.8,79245.7,68678,14,2185,101418,94895,10350,500264,313,11003,9113,297,29168,1553,0.001321
4,34140.2,70572.8,79245.7,68678,27,2185,101418,94895,10350,500264,313,11003,9113,297,29168,1553,0.001321
4,35408.1,70572.8,79245.7,68678,34,2185,101418,94895,10350,500264,313,11003,9113,297,29168,1553,0.001321
4,44988.9,70572.8,79245.7,68678,45,2185,101418,94895,10350,500264,313,11003,9113,297,29168,1553,0.001321
4,26783.4,79280.8,97800.7,85676,31,2298,109248,100888,10947,514919,375,12600,10333,339,31074,1971,0.001321
4,36035.2,79280.8,97800.7,85676,36,2298,109248,100888,10947,514919,375,12600,10333,339,31074,1971,0.001321
4,38071.4,79280.8,97800.7,85676,35,2298,109248,100888,10947,514919,375,12600,10333,339,31074,1971,0.001321
4,39980.6,79280.8,97800.7,85676,34,2298,109248,100888,10947,514919,375,12600,10333,339,31074,1971,0.001321
4,15326.8,96686.5,76100.6,65794,17,2488,131293,123705,14318,716901,339,11504,9485,328,36446,1074,0.001321
4,21060.2,96686.5,76100.6,65794,8,2488,131293,123705,14318,716901,339,11504,9485,328,36446,1074,0.001321
4,21843.4,96686.5,76100.6,65794,25,2488,131293,123705,14318,716901,339,11504,9485,328,36446,1074,0.001321
4,62888.9,96686.5,76100.6,65794,37,2488,131293,123705,14318,716901,339,11504,9485,328,36446,1074,0.001321
4,21801.7,81239,70548.8,61570,17,2284,107438,101284,11237,544287,332,9911,8066,195,26277,1310,0.001321
4,23001.3,81239,70548.8,61570,19,2284,107438,101284,11237,544287,332,9911,8066,195,26277,1310,0.001321
4,35848,81239,70548.8,61570,10,2284,107438,101284,11237,544287,332,9911,8066,195,26277,1310,0.001321
4,45572.5,81239,70548.8,61570,34,2284,107438,101284,11237,544287,332,9911,8066,195,26277,1310,0.001321
4,24285.1,193425,153202,132861,25,4048,227657,218609,23911,1322411,595,22001,18353,525,65725,2414,0.001321
4,44933.7,193425,153202,132861,48,4048,227657,218609,23911,1322411,595,22001,18353,525,65725,2414,0.001321
4,54924.1,193425,153202,132861,18,4048,227657,218609,23911,1322411,595,22001,18353,525,65725,2414,0.001321
4,69049,193425,153202,132861,45,4048,227657,218609,23911,1322411,595,22001,18353,525,65725,2414,0.001321
4,33870.7,107768,120384,106463,28,3090,147404,137826,15583,726333,444,15457,12694,361,39986,2443,0.001321
4,35970.3,107768,120384,106463,30,3090,147404,137826,15583,726333,444,15457,12694,361,39986,2443,0.001321
4,39710.2,107768,120384,106463,15,3090,147404,137826,15583,726333,444,15457,12694,361,39986,2443,0.001321
4,47177.6,107768,120384,106463,29,3090,147404,137826,15583,726333,444,15457,12694,361,39986,2443,0.001321
4,12292.6,60003.5,41812.2,35840,18,1868,91305,85912,9943,465809,242,6571,5212,162,18340,412,0.001321
4,32587.6,60003.5,41812.2,35840,5,1868,91305,85912,9943,465809,242,6571,5212,162,18340,412,0.001321
4,51734.1,60003.5,41812.2,35840,5,1868,91305,85912,9943,465809,242,6571,5212,162,18340,412,0.001321
4,52680.4,60003.5,41812.2,35840,31,1868,91305,85912,9943,465809,242,6571,5212,162,18340,412,0.001321
4,19717,85566.7,97517.1,84315,11,2380,118665,110861,12478,614840,438,14682,12006,364,42130,1421,0.001321
4,25208.3,85566.7,97517.1,84315,27,2380,118665,110861,12478,614840,438,14682,12006,364,42130,1421,0.001321
4,45434.3,85566.7,97517.1,84315,28,2380,118665,110861,12478,614840,438,14682,12006,364,42130,1421,0.001321
4,48719.9,85566.7,97517.1,84315,38,2380,118665,110861,12478,614840,438,14682,12006,364,42130,1421,0.001321
4,6480.27,72861,61087.3,52095,8,2113,105305,99130,11585,555861,307,9264,7517,219,25337,1094,0.001321
4,24167.4,72861,61087.3,52095,15,2113,105305,99130,11585,555861,307,9264,7517,219,25337,1094,0.001321
4,29204.7,72861,61087.3,52095,32,2113,105305,99130,11585,555861,307,9264,7517,219,25337,1094,0.001321
4,54130.8,72861,61087.3,52095,24,2113,105305,99130,11585,555861,307,9264,7517,219,25337,1094,0.001321
4,6954.91,46341.7,65627.8,57503,4,1591,72144,67224,7627,348946,285,9144,7479,208,21940,1495,0.001321
4,33184.9,46341.7,65627.8,57503,34,1591,72144,67224,7627,348946,285,9144,7479,208,21940,1495,0.001321
4,39482.1,46341.7,65627.8,57503,49,1591,72144,67224,7627,348946,285,9144,7479,208,21940,1495,0.001321
4,41456.4,46341.7,65627.8,57503,21,1591,72144,67224,7627,348946,285,9144,7479,208,21940,1495,0.001321
4,37998.2,183931,203943,176356,50,3897,220292,211217,23270,1282308,748,28369,23700,748,83400,3327,0.001321
4,45787.3,183931,203943,176356,31,3897,220292,211217,23270,1282308,748,28369,23700,748,83400,3327,0.001321
4,58033.4,183931,203943,176356,58,3897,220292,211217,23270,1282308,748,28369,23700,748,83400,3327,0.001321
4,71733.3,183931,203943,176356,26,3897,220292,211217,23270,1282308,748,28369,23700,748,83400,3327,0.001321
4,24220.3,189226,109477,94916,33,3999,221272,212503,23556,1268551,465,15786,13009,332,46029,1565,0.001321
4,44104.7,189226,109477,94916,46,3999,221272,212503,23556,1268551,465,15786,13009,332,46029,1565,0.001321
4,51320.5,189226,109477,94916,12,3999,221272,212503,23556,1268551,465,15786,13009,332,46029,1565,0.001321
4,64721.4,189226,109477,94916,41,3999,221272,212503,23556,1268551,465,15786,13009,332,46029,1565,0.001321
4,19897.4,61608.5,73137.2,63572,27,1769,87122,81799,9464,445476,283,10211,8257,127,32337,1460,0.001321
4,38786.1,61608.5,73137.2,63572,8,1769,87122,81799,9464,445476,283,10211,8257,127,32337,1460,0.001321
4,48620.8,61608.5,73137.2,63572,15,1769,87122,81799,9464,445476,283,10211,8257,127,32337,1460,0.001321
4,51835.1,61608.5,73137.2,63572,21,1769,87122,81799,9464,445476,283,10211,8257,127,32337,1460,0.001321
4,7349.65,47484.2,71226.6,62067,10,1624,76877,71699,8301,389809,295,9518,7982,250,24246,1799,0.001321
4,34028.7,47484.2,71226.6,62067,19,1624,76877,71699,8301,389809,295,9518,7982,250,24246,1799,0.001321
4,38955,47484.2,71226.6,62067,48,1624,76877,71699,8301,389809,295,9518,7982,250,24246,1799,0.001321
4,49404.4,47484.2,71226.6,62067,5,1624,76877,71699,8301,389809,295,9518,7982,250,24246,1799,0.001321
4,15417.5,75329.9,69205.7,59749,13,2330,113138,106642,11953,580653,350,10575,8637,218,30453,1132,0.001321
4,21575.6,75329.9,69205.7,59749,7,2330,113138,106642,11953,580653,350,10575,8637,218,30453,1132,0.001321
4,39855.6,75329.9,69205.7,59749,23,2330,113138,106642,11953,580653,350,10575,8637,218,30453,1132,0.001321
4,51152.5,75329.9,69205.7,59749,30,2330,113138,106642,11953,580653,350,10575,8637,218,30453,1132,0.001321
4,6964.29,150218,117087,100245,10,3450,187370,178663,20143,1074865,544,18619,15613,754,62418,906,0.001321
4,25410.8,150218,117087,100245,26,3450,187370,178663,20143,1074865,544,18619,15613,754,62418,906,0.001321
4,27185.5,150218,117087,100245,36,3450,187370,178663,20143,1074865,544,18619,15613,754,62418,906,0.001321
4,67696.2,150218,117087,100245,58,3450,187370,178663,20143,1074865,544,18619,15613,754,62418,906,0.001321
4,30868.3,198052,253534,217987,21,4013,237596,227898,24922,1430808,865,35156,30411,1129,117204,3999,0.001321
4,51534.7,198052,253534,217987,44,4013,237596,227898,24922,1430808,865,35156,30411,1129,117204,3999,0.001321
4,68230.3,198052,253534,217987,47,4013,237596,227898,24922,1430808,865,35156,30411,1129,117204,3999,0.001321
4,81048.9,198052,253534,217987,63,4013,237596,227898,24922,1430808,865,35156,30411,1129,117204,3999,0.001321
4,13992.8,69305,65152.9,56726,10,2207,106916,100700,11324,548202,320,10019,8160,182,27340,1093,0.001321
4,23818.2,69305,65152.9,56726,5,2207,106916,100700,11324,548202,320,10019,8160,182,27340,1093,0.001321
4,42879.4,69305,65152.9,56726,24,2207,106916,100700,11324,548202,320,10019,8160,182,27340,1093,0.001321
4,51003.7,69305,65152.9,56726,27,2207,106916,100700,11324,548202,320,10019,8160,182,27340,1093,0.001321
4,13884.8,174316,148857,125915,9,3575,206588,197630,21655,1223310,615,21850,18542,933,80302,680,0.001321
4,28888.2,174316,148857,125915,10,3575,206588,197630,21655,1223310,615,21850,18542,933,80302,680,0.001321
4,29308.5,174316,148857,125915,32,3575,206588,197630,21655,1223310,615,21850,18542,933,80302,680,0.001321
4,76076,174316,148857,125915,67,3575,206588,197630,21655,1223310,615,21850,18542,933,80302,680,0.001321
4,36155.9,196807,269423,233033,45,4099,237920,228538,25254,1425170,944,35479,30344,955,113729,4267,0.001321
4,55621.7,196807,269423,233033,42,4099,237920,228538,25254,1425170,944,35479,30344,955,113729,4267,0.001321
4,57612.2,196807,269423,233033,67,4099,237920,228538,25254,1425170,944,35479,30344,955,113729,4267,0.001321
4,79023.7,196807,269423,233033,43,4099,237920,228538,25254,1425170,944,35479,30344,955,113729,4267,0.001321
4,13375.9,129394,164822,141083,17,3213,177712,168257,18924,990979,673,24503,20633,657,78680,2202,0.001321
4,56333.8,129394,164822,141083,7,3213,177712,168257,18924,990979,673,24503,20633,657,78680,2202,0.001321
4,67176.3,129394,164822,141083,45,3213,177712,168257,18924,990979,673,24503,20633,657,78680,2202,0.001321
4,73193,129394,164822,141083,51,3213,177712,168257,18924,990979,673,24503,20633,657,78680,2202,0.001321
4,27698.6,213670,232198,193950,27,4185,258275,247788,26247,1584173,795,32066,27622,1387,117670,2322,0.001321
4,32311.7,213670,232198,193950,20,4185,258275,247788,26247,1584173,795,32066,27622,1387,117670,2322,0.001321
4,54745.2,213670,232198,193950,7,4185,258275,247788,26247,1584173,795,32066,27622,1387,117670,2322,0.001321
4,91180.7,213670,232198,193950,119,4185,258275,247788,26247,1584173,795,32066,27622,1387,117670,2322,0.001321
4,4493.16,139827,133067,113390,6,3254,178155,168846,19134,1003652,627,20009,16478,631,63088,766,0.001321
4,9214.14,139827,133067,113390,5,3254,178155,168846,19134,1003652,627,20009,16478,631,63088,766,0.001321
4,30078.2,139827,133067,113390,33,3254,178155,168846,19134,1003652,627,20009,16478,631,63088,766,0.001321
4,65782.5,139827,133067,113390,27,3254,178155,168846,19134,1003652,627,20009,16478,631,63088,766,0.001321
4,4965.13,195687,160312,137598,5,4144,226992,216522,23625,1272044,621,23337,19754,843,77569,1689,0.001321
4,25697.8,195687,160312,137598,26,4144,226992,216522,23625,1272044,621,23337,19754,843,77569,1689,0.001321
4,54511.9,195687,160312,137598,47,4144,226992,216522,23625,1272044,621,23337,19754,843,77569,1689,0.001321
4,64164.8,195687,160312,137598,64,4144,226992,216522,23625,1272044,621,23337,19754,843,77569,1689,0.001321
4,29490.3,196708,176524,153347,35,4012,227914,218905,24077,1329900,643,24524,20661,574,75270,2818,0.001321
4,50118.2,196708,176524,153347,53,4012,227914,218905,24077,1329900,643,24524,20661,574,75270,2818,0.001321
4,51745.6,196708,176524,153347,21,4012,227914,218905,24077,1329900,643,24524,20661,574,75270,2818,0.001321
4,70755.6,196708,176524,153347,41,4012,227914,218905,24077,1329900,643,24524,20661,574,75270,2818,0.001321
4,16565.1,201131,161358,137864,7,3943,230658,221206,23829,1367335,628,24478,20684,982,86261,1199,0.001321
4,19345.6,201131,161358,137864,10,3943,230658,221206,23829,1367335,628,24478,20684,982,86261,1199,0.001321
4,46021.3,201131,161358,137864,31,3943,230658,221206,23829,1367335,628,24478,20684,982,86261,1199,0.001321
4,78100.5,201131,161358,137864,96,3943,230658,221206,23829,1367335,628,24478,20684,982,86261,1199,0.001321
4,21694.4,111810,105791,90716,20,3144,150058,139184,15533,716958,437,14767,12213,480,42231,1352,0.001321
4,22839.5,111810,105791,90716,4,3144,150058,139184,15533,716958,437,14767,12213,480,42231,1352,0.001321
4,44503.4,111810,105791,90716,56,3144,150058,139184,15533,716958,437,14767,12213,480,42231,1352,0.001321
4,45097.2,111810,105791,90716,36,3144,150058,139184,15533,716958,437,14767,12213,480,42231,1352,0.001321
4,11033.2,112114,81101.1,70115,17,2994,150523,142184,15838,793348,404,12408,10153,447,36514,890,0.001321
4,26334.8,112114,81101.1,70115,13,2994,150523,142184,15838,793348,404,12408,10153,447,36514,890,0.001321
4,26889.5,112114,81101.1,70115,34,2994,150523,142184,15838,793348,404,12408,10153,447,36514,890,0.001321
4,53105,112114,81101.1,70115,49,2994,150523,142184,15838,793348,404,12408,10153,447,36514,890,0.001321
4,15646.4,193567,105475,90535,23,4039,225501,215883,23876,1281685,463,15527,12641,439,44378,1142,0.001321
4,36290.3,193567,105475,90535,37,4039,225501,215883,23876,1281685,463,15527,12641,439,44378,1142,0.001321
4,59549.9,193567,105475,90535,5,4039,225501,215883,23876,1281685,463,15527,12641,439,44378,1142,0.001321
4,65049.5,193567,105475,90535,60,4039,225501,215883,23876,1281685,463,15527,12641,439,44378,1142,0.001321
4,12395.9,108460,100992,87579,12,2993,152475,144137,16421,820552,435,14679,12173,346,41949,1868,0.001321
4,43663.2,108460,100992,87579,11,2993,152475,144137,16421,820552,435,14679,12173,346,41949,1868,0.001321
4,59631.4,108460,100992,87579,46,2993,152475,144137,16421,820552,435,14679,12173,346,41949,1868,0.001321
4,60384.6,108460,100992,87579,13,2993,152475,144137,16421,820552,435,14679,12173,346,41949,1868,0.001321
4,5242.85,190172,152620,130565,3,4143,226717,216242,23529,1270713,618,23250,19678,850,77907,1599,0.001321
4,25562.2,190172,152620,130565,25,4143,226717,216242,23529,1270713,618,23250,19678,850,77907,1599,0.001321
4,54323.6,190172,152620,130565,47,4143,226717,216242,23529,1270713,618,23250,19678,850,77907,1599,0.001321
4,63755.1,190172,152620,130565,66,4143,226717,216242,23529,1270713,618,23250,19678,850,77907,1599,0.001321
4,20810.5,184346,97567.9,85246,14,3978,213442,203599,22789,1180160,428,14037,11410,261,39689,1445,0.001321
4,39700,184346,97567.9,85246,38,3978,213442,203599,22789,1180160,428,14037,11410,261,39689,1445,0.001321
4,51602.8,184346,97567.9,85246,9,3978,213442,203599,22789,1180160,428,14037,11410,261,39689,1445,0.001321
4,58005,184346,97567.9,85246,38,3978,213442,203599,22789,1180160,428,14037,11410,261,39689,1445,0.001321
4,16102.9,172046,147067,126358,8,3865,218478,208019,22903,1235618,525,19896,16732,489,59608,2658,0.001321
4,36466.7,172046,147067,126358,32,3865,218478,208019,22903,1235618,525,19896,16732,489,59608,2658,0.001321
4,65980.9,172046,147067,126358,51,3865,218478,208019,22903,1235618,525,19896,16732,489,59608,2658,0.001321
4,70636.9,172046,147067,126358,19,3865,218478,208019,22903,1235618,525,19896,16732,489,59608,2658,0.001321
4,20574.5,95439.5,86331.3,74885,26,2752,134183,124617,13497,651083,387,12845,10351,341,33476,1692,0.001321
4,32725,95439.5,86331.3,74885,36,2752,134183,124617,13497,651083,387,12845,10351,341,33476,1692,0.001321
4,38652.7,95439.5,86331.3,74885,14,2752,134183,124617,13497,651083,387,12845,10351,341,33476,1692,0.001321
4,44395.7,95439.5,86331.3,74885,40,2752,134183,124617,13497,651083,387,12845,10351,341,33476,1692,0.001321
4,13920.1,134410,171080,147433,20,3195,177317,167963,19029,985054,671,24979,21063,646,77763,2548,0.001321
4,55761.1,134410,171080,147433,11,3195,177317,167963,19029,985054,671,24979,21063,646,77763,2548,0.001321
4,65817.6,134410,171080,147433,44,3195,177317,167963,19029,985054,671,24979,21063,646,77763,2548,0.001321
4,71980.9,134410,171080,147433,50,3195,177317,167963,19029,985054,671,24979,21063,646,77763,2548,0.001321
4,20778.3,224997,207182,174833,26,4193,252502,242243,25923,1524822,780,31041,26540,1312,110323,2056,0.001321
4,27889.4,224997,207182,174833,12,4193,252502,242243,25923,1524822,780,31041,26540,1312,110323,2056,0.001321
4,54396.2,224997,207182,174833,34,4193,252502,242243,25923,1524822,780,31041,26540,1312,110323,2056,0.001321
4,84879.7,224997,207182,174833,111,4193,252502,242243,25923,1524822,780,31041,26540,1312,110323,2056,0.001321
4,5446.72,186133,164407,140748,6,4028,228171,218640,23637,1327146,662,24026,20321,929,81365,1520,0.001321
4,20263.1,186133,164407,140748,13,4028,228171,218640,23637,1327146,662,24026,20321,929,81365,1520,0.001321
4,50038.2,186133,164407,140748,30,4028,228171,218640,23637,1327146,662,24026,20321,929,81365,1520,0.001321
4,69682.8,186133,164407,140748,86,4028,228171,218640,23637,1327146,662,24026,20321,929,81365,1520,0.001321
4,31755.8,175216,279178,239277,31,3661,220280,209620,22796,1307466,923,37061,31729,920,120494,4500,0.001321
4,69508.4,175216,279178,239277,78,3661,220280,209620,22796,1307466,923,37061,31729,920,120494,4500,0.001321
4,74248.1,175216,279178,239277,17,3661,220280,209620,22796,1307466,923,37061,31729,920,120494,4500,0.001321
4,87622.4,175216,279178,239277,47,3661,220280,209620,22796,1307466,923,37061,31729,920,120494,4500,0.001321
4,10641.2,125960,107643,91861,14,3106,173271,163616,18753,981501,426,15939,13465,536,54766,1100,0.001321
4,13474.1,125960,107643,91861,15,3106,173271,163616,18753,981501,426,15939,13465,536,54766,1100,0.001321
4,25236.1,125960,107643,91861,30,3106,173271,163616,18753,981501,426,15939,13465,536,54766,1100,0.001321
4,70214.6,125960,107643,91861,53,3106,173271,163616,18753,981501,426,15939,13465,536,54766,1100,0.001321
4,17152.7,64648.2,73604.1,64205,22,2122,98322,92087,10168,483637,297,10849,8983,294,28019,1646,0.001321
4,27392.4,64648.2,73604.1,64205,26,2122,98322,92087,10168,483637,297,10849,8983,294,28019,1646,0.001321
4,37617.5,64648.2,73604.1,64205,24,2122,98322,92087,10168,483637,297,10849,8983,294,28019,1646,0.001321
4,41687.4,64648.2,73604.1,64205,35,2122,98322,92087,10168,483637,297,10849,8983,294,28019,1646,0.001321
4,9829.31,154625,99311.8,85337,9,3609,188108,179180,19656,1034650,404,14922,12336,538,45459,1037,0.001321
4,15117.9,154625,99311.8,85337,9,3609,188108,179180,19656,1034650,404,14922,12336,538,45459,1037,0.001321
4,37230.4,154625,99311.8,85337,41,3609,188108,179180,19656,1034650,404,14922,12336,538,45459,1037,0.001321
4,56619.2,154625,99311.8,85337,60,3609,188108,179180,19656,1034650,404,14922,12336,538,45459,1037,0.001321
4,9560.8,115195,90696.5,78194,15,2781,148557,140228,15691,815514,400,13972,11661,399,42916,1233,0.001321
4,12880.3,115195,90696.5,78194,17,2781,148557,140228,15691,815514,400,13972,11661,399,42916,1233,0.001321
4,38628.8,115195,90696.5,78194,40,2781,148557,140228,15691,815514,400,13972,11661,399,42916,1233,0.001321
4,57564.6,115195,90696.5,78194,33,2781,148557,140228,15691,815514,400,13972,11661,399,42916,1233,0.001321
4,14190,196335,189825,160964,8,4230,226239,215343,23724,1246600,719,26210,22010,772,83097,2183,0.001321
4,31452,196335,189825,160964,32,4230,226239,215343,23724,1246600,719,26210,22010,772,83097,2183,0.001321
4,56140.3,196335,189825,160964,43,4230,226239,215343,23724,1246600,719,26210,22010,772,83097,2183,0.001321
4,58946,196335,189825,160964,22,4230,226239,215343,23724,1246600,719,26210,22010,772,83097,2183,0.001321
4,8402.29,195586,149188,127840,4,4174,237386,226841,24621,1369077,589,22343,18802,660,70940,1998,0.001321
4,28163.3,195586,149188,127840,23,4174,237386,226841,24621,1369077,589,22343,18802,660,70940,1998,0.001321
4,57646.7,195586,149188,127840,42,4174,237386,226841,24621,1369077,589,22343,18802,660,70940,1998,0.001321
4,71524,195586,149188,127840,2,4174,237386,226841,24621,1369077,589,22343,18802,660,70940,1998,0.001321
4,38728,169087,176169,153586,29,3608,203797,194769,21538,1161350,610,23816,19948,593,65731,3256,0.001321
4,43258.2,169087,176169,153586,45,3608,203797,194769,21538,1161350,610,23816,19948,593,65731,3256,0.001321
4,63004.2,169087,176169,153586,60,3608,203797,194769,21538,1161350,610,23816,19948,593,65731,3256,0.001321
4,68581.7,169087,176169,153586,58,3608,203797,194769,21538,1161350,610,23816,19948,593,65731,3256,0.001321
4,5789.96,124064,114404,97441,4,3132,171039,162159,18243,963557,562,18363,15142,546,58134,826,0.001321
4,7675.72,124064,114404,97441,4,3132,171039,162159,18243,963557,562,18363,15142,546,58134,826,0.001321
4,31964.3,124064,114404,97441,32,3132,171039,162159,18243,963557,562,18363,15142,546,58134,826,0.001321
4,65061.1,124064,114404,97441,31,3132,171039,162159,18243,963557,562,18363,15142,546,58134,826,0.001321
4,37838.4,107373,110172,96636,18,3017,145369,135775,15454,709805,420,14390,11781,273,39478,1600,0.001321
4,38566.8,107373,110172,96636,29,3017,145369,135775,15454,709805,420,14390,11781,273,39478,1600,0.001321
4,43095.7,107373,110172,96636,8,3017,145369,135775,15454,709805,420,14390,11781,273,39478,1600,0.001321
4,45236.8,107373,110172,96636,52,3017,145369,135775,15454,709805,420,14390,11781,273,39478,1600,0.001321
4,24552.3,185788,91159.6,79137,22,3914,214313,205261,23146,1211445,367,12727,10461,240,37018,1284,0.001321
4,43572.8,185788,91159.6,79137,48,3914,214313,205261,23146,1211445,367,12727,10461,240,37018,1284,0.001321
4,48439.1,185788,91159.6,79137,3,3914,214313,205261,23146,1211445,367,12727,10461,240,37018,1284,0.001321
4,60173,185788,91159.6,79137,39,3914,214313,205261,23146,1211445,367,12727,10461,240,37018,1284,0.001321
4,23204.4,160978,238710,204408,25,3508,202727,192142,21398,1165312,834,34432,29443,956,112688,3640,0.001321
4,66616.3,160978,238710,204408,10,3508,202727,192142,21398,1165312,834,34432,29443,956,112688,3640,0.001321
4,69444.6,160978,238710,204408,70,3508,202727,192142,21398,1165312,834,34432,29443,956,112688,3640,0.001321
4,82094,160978,238710,204408,50,3508,202727,192142,21398,1165312,834,34432,29443,956,112688,3640,0.001321
4,28535.6,164613,137297,117890,23,4004,197828,184830,20802,985620,604,20245,16691,438,57049,2063,0.001321
4,38742.9,164613,137297,117890,20,4004,197828,184830,20802,985620,604,20245,16691,438,57049,2063,0.001321
4,41968.3,164613,137297,117890,30,4004,197828,184830,20802,985620,604,20245,16691,438,57049,2063,0.001321
4,50592.7,164613,137297,117890,68,4004,197828,184830,20802,985620,604,20245,16691,438,57049,2063,0.001321
4,25438.8,65306.2,68272.4,59824,27,2067,95400,89375,9961,468402,330,9687,7825,179,23748,1322,0.001321
4,27946.3,65306.2,68272.4,59824,17,2067,95400,89375,9961,468402,330,9687,7825,179,23748,1322,0.001321
4,36194.6,65306.2,68272.4,59824,13,2067,95400,89375,9961,468402,330,9687,7825,179,23748,1322,0.001321
4,40159.6,65306.2,68272.4,59824,33,2067,95400,89375,9961,468402,330,9687,7825,179,23748,1322,0.001321
4,15167.7,65671.7,43096.1,37973,15,1947,101961,95712,10785,540139,220,6160,4904,48,13557,1297,0.001321
4,30065.8,65671.7,43096.1,37973,22,1947,101961,95712,10785,540139,220,6160,4904,48,13557,1297,0.001321
4,31363.8,65671.7,43096.1,37973,11,1947,101961,95712,10785,540139,220,6160,4904,48,13557,1297,0.001321
4,60864.6,65671.7,43096.1,37973,11,1947,101961,95712,10785,540139,220,6160,4904,48,13557,1297,0.001321
4,8123.53,57806.1,70719,61639,12,1959,91093,85420,9776,459333,290,10658,8819,288,28431,1577,0.001321
4,28065.6,57806.1,70719,61639,32,1959,91093,85420,9776,459333,290,10658,8819,288,28431,1577,0.001321
4,35120.5,57806.1,70719,61639,45,1959,91093,85420,9776,459333,290,10658,8819,288,28431,1577,0.001321
4,44660.6,57806.1,70719,61639,25,1959,91093,85420,9776,459333,290,10658,8819,288,28431,1577,0.001321
4,12424.9,63218.5,41285.5,36194,12,1952,100256,94208,10791,527218,229,6178,4846,72,13916,899,0.001321
4,29396.6,63218.5,41285.5,36194,5,1952,100256,94208,10791,527218,229,6178,4846,72,13916,899,0.001321
4,30003,63218.5,41285.5,36194,26,1952,100256,94208,10791,527218,229,6178,4846,72,13916,899,0.001321
4,58812.1,63218.5,41285.5,36194,11,1952,100256,94208,10791,527218,229,6178,4846,72,13916,899,0.001321
4,12164.3,56971.4,35958.8,31458,14,1792,92063,86322,10076,479517,211,5412,4287,80,11295,900,0.001321
4,31165.1,56971.4,35958.8,31458,4,1792,92063,86322,10076,479517,211,5412,4287,80,11295,900,0.001321
4,32758.5,56971.4,35958.8,31458,30,1792,92063,86322,10076,479517,211,5412,4287,80,11295,900,0.001321
4,57018.1,56971.4,35958.8,31458,7,1792,92063,86322,10076,479517,211,5412,4287,80,11295,900,0.001321
4,7135.5,128399,205678,173884,10,3115,170618,161283,18299,964118,788,28648,24369,822,100303,2078,0.001321
4,53864.1,128399,205678,173884,16,3115,170618,161283,18299,964118,788,28648,24369,822,100303,2078,0.001321
4,72557.5,128399,205678,173884,35,3115,170618,161283,18299,964118,788,28648,24369,822,100303,2078,0.001321
4,73984.9,128399,205678,173884,56,3115,170618,161283,18299,964118,788,28648,24369,822,100303,2078,0.001321
4,29844.5,144694,103414,90103,33,3789,187416,174094,19082,911031,384,14607,12153,386,38814,2131,0.001321
4,34850.9,144694,103414,90103,3,3789,187416,174094,19082,911031,384,14607,12153,386,38814,2131,0.001321
4,37834.9,144694,103414,90103,46,3789,187416,174094,19082,911031,384,14607,12153,386,38814,2131,0.001321
4,48957.4,144694,103414,90103,49,3789,187416,174094,19082,911031,384,14607,12153,386,38814,2131,0.001321
4,19025.4,192565,134858,116257,13,4278,224153,212521,23397,1200625,516,18919,15859,392,55074,2232,0.001321
4,33851.4,192565,134858,116257,27,4278,224153,212521,23397,1200625,516,18919,15859,392,55074,2232,0.001321
4,51077.7,192565,134858,116257,41,4278,224153,212521,23397,1200625,516,18919,15859,392,55074,2232,0.001321
4,56357.6,192565,134858,116257,31,4278,224153,212521,23397,1200625,516,18919,15859,392,55074,2232,0.001321
4,35586.2,228283,222545,190993,38,4201,261469,250968,27209,1638290,754,31475,26913,802,109010,3516,0.001321
4,45486.1,228283,222545,190993,25,4201,261469,250968,27209,1638290,754,31475,26913,802,109010,3516,0.001321
4,69322.6,228283,222545,190993,12,4201,261469,250968,27209,1638290,754,31475,26913,802,109010,3516,0.001321
4,96756.8,228283,222545,190993,43,4201,261469,250968,27209,1638290,754,31475,26913,802,109010,3516,0.001321
4,19921.2,207404,193155,164743,20,4109,246767,236680,25293,1482706,726,29008,24805,1242,102669,1784,0.001321
4,25999.2,207404,193155,164743,12,4109,246767,236680,25293,1482706,726,29008,24805,1242,102669,1784,0.001321
4,52006.2,207404,193155,164743,30,4109,246767,236680,25293,1482706,726,29008,24805,1242,102669,1784,0.001321
4,83544.1,207404,193155,164743,105,4109,246767,236680,25293,1482706,726,29008,24805,1242,102669,1784,0.001321
4,13652.6,120465,124559,106666,13,3011,163250,154590,17768,916924,571,18689,15699,582,65195,1315,0.001321
4,17422.3,120465,124559,106666,26,3011,163250,154590,17768,916924,571,18689,15699,582,65195,1315,0.001321
4,38666.3,120465,124559,106666,48,3011,163250,154590,17768,916924,571,18689,15699,582,65195,1315,0.001321
4,66536.3,120465,124559,106666,46,3011,163250,154590,17768,916924,571,18689,15699,582,65195,1315,0.001321
4,18844.4,203093,142588,122570,28,4107,230354,221084,24231,1330008,587,20429,16886,487,62367,1676,0.001321
4,39472.3,203093,142588,122570,46,4107,230354,221084,24231,1330008,587,20429,16886,487,62367,1676,0.001321
4,57695.3,203093,142588,122570,14,4107,230354,221084,24231,1330008,587,20429,16886,487,62367,1676,0.001321
4,67005.7,203093,142588,122570,55,4107,230354,221084,24231,1330008,587,20429,16886,487,62367,1676,0.001321
4,27826,151184,119741,103945,32,3741,189650,177364,19500,946582,476,16402,13472,445,43240,2166,0.001321
4,30376.3,151184,119741,103945,8,3741,189650,177364,19500,946582,476,16402,13472,445,43240,2166,0.001321
4,38076.5,151184,119741,103945,41,3741,189650,177364,19500,946582,476,16402,13472,445,43240,2166,0.001321
4,49893.6,151184,119741,103945,40,3741,189650,177364,19500,946582,476,16402,13472,445,43240,2166,0.001321
4,19988,169476,184711,158545,8,3756,210792,200781,22124,1199483,636,24304,20629,630,77643,2807,0.001321
4,40351.8,169476,184711,158545,33,3756,210792,200781,22124,1199483,636,24304,20629,630,77643,2807,0.001321
4,69866,169476,184711,158545,52,3756,210792,200781,22124,1199483,636,24304,20629,630,77643,2807,0.001321
4,71400.3,169476,184711,158545,29,3756,210792,200781,22124,1199483,636,24304,20629,630,77643,2807,0.001321
4,10518.4,43800.1,78746.1,68497,12,1524,71950,66812,7468,352435,328,10796,9043,329,31696,1118,0.001321
4,38989.9,43800.1,78746.1,68497,38,1524,71950,66812,7468,352435,328,10796,9043,329,31696,1118,0.001321
4,39984.3,43800.1,78746.1,68497,6,1524,71950,66812,7468,352435,328,10796,9043,329,31696,1118,0.001321
4,45015.1,43800.1,78746.1,68497,50,1524,71950,66812,7468,352435,328,10796,9043,329,31696,1118,0.001321
4,27252.8,111397,84315,73687,25,2939,143619,134657,14987,727471,348,11670,9645,264,30393,1915,0.001321
4,31054.3,111397,84315,73687,34,2939,143619,134657,14987,727471,348,11670,9645,264,30393,1915,0.001321
4,38367.9,111397,84315,73687,30,2939,143619,134657,14987,727471,348,11670,9645,264,30393,1915,0.001321
4,49548.7,111397,84315,73687,27,2939,143619,134657,14987,727471,348,11670,9645,264,30393,1915,0.001321
4,32734.2,205644,210928,181133,34,4090,248837,238226,26061,1524697,722,30064,25658,755,104592,3266,0.001321
4,44331.1,205644,210928,181133,12,4090,248837,238226,26061,1524697,722,30064,25658,755,104592,3266,0.001321
4,70946.3,205644,210928,181133,32,4090,248837,238226,26061,1524697,722,30064,25658,755,104592,3266,0.001321
4,91189.1,205644,210928,181133,43,4090,248837,238226,26061,1524697,722,30064,25658,755,104592,3266,0.001321
4,26235.7,59594.5,76328.1,66344,5,1914,92763,86562,9743,463644,312,11050,8986,259,29262,1310,0.001321
4,33337.5,59594.5,76328.1,66344,27,1914,92763,86562,9743,463644,312,11050,8986,259,29262,1310,0.001321
4,37278.7,59594.5,76328.1,66344,21,1914,92763,86562,9743,463644,312,11050,8986,259,29262,1310,0.001321
4,42689.6,59594.5,76328.1,66344,51,1914,92763,86562,9743,463644,312,11050,8986,259,29262,1310,0.001321
4,23944,93739.7,81370.6,70498,7,2719,134382,126542,13954,700823,337,11966,9985,347,32874,1557,0.001321
4,26694.2,93739.7,81370.6,70498,23,2719,134382,126542,13954,700823,337,11966,9985,347,32874,1557,0.001321
4,42992.1,93739.7,81370.6,70498,44,2719,134382,126542,13954,700823,337,11966,9985,347,32874,1557,0.001321
4,53109.3,93739.7,81370.6,70498,48,2719,134382,126542,13954,700823,337,11966,9985,347,32874,1557,0.001321
4,12961.5,103264,82845.2,71304,19,2883,143486,135492,15075,752286,394,12241,10023,415,35353,1073,0.001321
4,25227.3,103264,82845.2,71304,25,2883,143486,135492,15075,752286,394,12241,10023,415,35353,1073,0.001321
4,27990.4,103264,82845.2,71304,12,2883,143486,135492,15075,752286,394,12241,10023,415,35353,1073,0.001321
4,52027.7,103264,82845.2,71304,50,2883,143486,135492,15075,752286,394,12241,10023,415,35353,1073,0.001321
4,6217.29,182735,146780,125857,4,4067,218730,208181,22585,1210055,578,21277,17890,756,68978,1492,0.001321
4,24560.2,182735,146780,125857,24,4067,218730,208181,22585,1210055,578,21277,17890,756,68978,1492,0.001321
4,53319.4,182735,146780,125857,47,4067,218730,208181,22585,1210055,578,21277,17890,756,68978,1492,0.001321
4,61296.4,182735,146780,125857,63,4067,218730,208181,22585,1210055,578,21277,17890,756,68978,1492,0.001321
4,41009.6,232026,251948,215975,45,4194,266476,255541,27316,1701202,848,36564,31785,1149,134873,3948,0.001321
4,50420.9,232026,251948,215975,33,4194,266476,255541,27316,1701202,848,36564,31785,1149,134873,3948,0.001321
4,72730.2,232026,251948,215975,10,4194,266476,255541,27316,1701202,848,36564,31785,1149,134873,3948,0.001321
4,101618,232026,251948,215975,51,4194,266476,255541,27316,1701202,848,36564,31785,1149,134873,3948,0.001321
4,9996.51,42181.3,78092.6,67544,12,1488,70794,65732,7420,345319,329,10776,9028,316,31628,1143,0.001321
4,38696.4,42181.3,78092.6,67544,38,1488,70794,65732,7420,345319,329,10776,9028,316,31628,1143,0.001321
4,40314.1,42181.3,78092.6,67544,5,1488,70794,65732,7420,345319,329,10776,9028,316,31628,1143,0.001321
4,44569.8,42181.3,78092.6,67544,56,1488,70794,65732,7420,345319,329,10776,9028,316,31628,1143,0.001321
4,5458.12,180660,114882,98158,7,3896,212682,203446,22218,1199002,513,18086,15097,726,57775,1095,0.001321
4,16340.2,180660,114882,98158,17,3896,212682,203446,22218,1199002,513,18086,15097,726,57775,1095,0.001321
4,45323.3,180660,114882,98158,39,3896,212682,203446,22218,1199002,513,18086,15097,726,57775,1095,0.001321
4,62705,180660,114882,98158,79,3896,212682,203446,22218,1199002,513,18086,15097,726,57775,1095,0.001321
