k,order,dist,cost_polyanya,cost_ki,cost_hi,cost_hi2,h_cost,h_cost2,vnum,gen_poly,push_poly,gen_ki,push_ki,prune_ki,gen_hi,push_hi,prune_hi,hcall,reevaluate,gen_hi2,push_hi2,prune_hi2,hcall2,reevaluate2,precost,gen_pre,edgecnt,damcnt,pts,polys
3,3,79533,29923.6,167874,171730,141765,141529,110930,45,71011,68933,210978,207466,21636,24946,25894,664,23081,0,24946,25894,664,18065,1695,266066,297097,120136,272774,6,5299
3,3,29908.8,11245.9,35431.1,35271.4,16366.7,30599,12249,24,28147,27290,60609,59264,5772,4612,4779,98,4248,0,4591,4750,100,1628,325,266066,297097,120136,272774,6,5299
3,3,55237.7,24697,126172,75646.4,62838,63964,50588,62,58590,56921,172954,169781,17604,11145,11330,349,10058,0,11145,11330,349,8099,516,266066,297097,120136,272774,6,5299
3,3,28050.2,6751.39,26825.8,29282.9,12718.5,25565,9826,25,19199,18581,52007,50826,5009,3730,4194,75,3760,0,3712,4166,74,1515,576,266066,297097,120136,272774,6,5299
3,3,33311.8,36105.3,19119.5,15640.6,11037.7,13665,9245,19,71338,69467,37879,37089,3747,1955,2379,34,2134,0,1955,2379,34,1523,498,266066,297097,120136,272774,6,5299
3,3,64382.8,11987.5,98835.9,82173.3,65613.3,70249,53467,72,28902,28047,140970,138554,14365,11026,11836,356,10567,0,11026,11836,356,8412,1105,266066,297097,120136,272774,6,5299
3,3,44965.7,22207.3,57300.6,66220,46453,57060,37347,24,52025,50485,93649,91708,9856,8575,9379,233,8344,0,8575,9379,233,5481,1070,266066,297097,120136,272774,6,5299
3,3,55664.5,10013.6,83248,68122,47237.9,59458,38497,63,27395,26540,123853,121625,12719,9441,10183,294,9046,0,9441,10183,294,6443,1013,266066,297097,120136,272774,6,5299
3,3,54476,29013.3,67301.5,99812.3,63399.7,86506,50125,55,66459,64587,105972,103950,11518,12588,14009,289,12541,0,12588,14009,289,7550,1783,266066,297097,120136,272774,6,5299
3,3,54477.9,27909.5,91444.1,98301.6,78538.6,84514,63430,33,63949,62070,137121,134627,14344,12889,14196,507,12765,0,12889,14196,507,9681,1722,266066,297097,120136,272774,6,5299
3,3,17211.6,17728.1,8487.2,6438.17,4131,5707,3369,13,40523,39382,17423,16981,1311,854,902,4,772,0,854,902,4,580,79,266066,297097,120136,272774,6,5299
3,3,40269,6869.65,60649.1,46398.8,32399.8,40675,26624,15,19658,19041,92837,90991,9426,5402,6406,122,5752,0,5402,6406,122,4184,1161,266066,297097,120136,272774,6,5299
3,3,47677.6,27296.8,52680.6,66704.1,38104,58593,30756,28,60249,58606,87946,86188,8991,7828,8531,168,7590,0,7828,8531,168,4399,937,266066,297097,120136,272774,6,5299
3,3,29794.9,8050.72,33599.4,31019.6,17174.2,27153,13817,11,21701,21013,61767,60380,6027,3602,4221,68,3774,0,3602,4221,68,2078,744,266066,297097,120136,272774,6,5299
3,3,46036.6,12896.7,64623.1,70048.9,34620.4,60803,26400,8,30691,29833,100848,98955,10359,8480,9760,225,8790,0,8480,9760,225,3890,1535,266066,297097,120136,272774,6,5299
3,3,60985.2,40989.4,95642.4,26792.9,15369.7,23291,12463,9,81886,79737,127208,124881,13464,3020,3914,18,3500,0,3020,3914,18,1923,1004,266066,297097,120136,272774,6,5299
3,3,66595,27578.6,124685,60550.9,47048,51681,37261,44,62078,60287,172738,169657,18016,9510,9884,130,8718,0,9510,9884,130,6165,667,266066,297097,120136,272774,6,5299
3,3,22702.4,19340.6,15325,13583.3,10373,11882,8591,18,42452,41192,27003,26390,2423,1965,2036,49,1794,0,1963,2034,49,1307,151,266066,297097,120136,272774,6,5299
3,3,30162.2,10012.7,32185.1,28469,14278.1,25016,11217,22,26772,25955,61935,60577,5832,3785,4247,59,3801,0,3784,4221,58,1707,582,266066,297097,120136,272774,6,5299
3,3,42601.3,16390.8,57707.8,60788.8,39165,52290,31441,36,42591,41359,94281,92334,9613,8067,8956,234,7960,0,8067,8956,234,4926,1128,266066,297097,120136,272774,6,5299
3,3,61386,29213.7,150776,101158,81716.4,86729,65753,68,65755,63871,185617,182301,18918,15342,15586,519,13888,0,15316,15561,518,10649,713,266066,297097,120136,272774,6,5299
3,3,36749.6,7445.78,58365.8,23526.9,16990.7,20502,13822,4,18905,18258,97071,95097,9772,3372,3693,68,3277,0,3282,3603,65,1987,457,266066,297097,120136,272774,6,5299
3,3,73100.1,59573,87645,260793,147865,225315,112158,71,112032,108941,136904,134578,13748,32392,35439,1115,32095,0,32392,35438,1115,17474,3935,266066,297097,120136,272774,6,5299
3,3,39760.4,27278.3,19339.7,43620.2,37355.9,38225,31437,55,62608,60889,36637,35913,3609,5657,6468,133,5778,0,5657,6468,133,4818,986,266066,297097,120136,272774,6,5299
3,3,23260.7,14552.6,13525.7,15692.5,9131.52,13805,7483,10,31237,30313,28868,28226,2447,1904,2282,20,2011,0,1904,2282,20,1148,435,266066,297097,120136,272774,6,5299
3,3,51222,22740.6,105849,64795.4,53644.2,56059,44249,47,55656,53970,145508,142777,15085,9610,10337,354,9274,0,9610,10337,354,7276,1039,266066,297097,120136,272774,6,5299
3,3,29006.1,13949.9,30730,28936.6,14557.1,25247,11362,25,32798,31840,57402,56152,5466,3858,4194,59,3717,0,3858,4194,59,1809,467,266066,297097,120136,272774,6,5299
3,3,56288.9,29057.5,81721.4,75649.1,54355.4,65718,44173,56,66171,64239,120121,117917,12850,10099,10778,434,9674,0,10099,10778,434,6845,1014,266066,297097,120136,272774,6,5299
3,3,46399.6,19675.7,89479.7,43984.1,34060.1,37966,27834,46,46557,45137,135499,132836,13579,6603,7034,203,6284,0,6603,7034,203,4625,661,266066,297097,120136,272774,6,5299
3,3,46213,18558.7,75091.6,63485.9,41972.2,54168,33589,35,46577,45200,111259,108990,11514,8138,8944,212,7923,0,8138,8944,212,5065,1047,266066,297097,120136,272774,6,5299
3,3,61190.9,32322.4,103950,109433,85389.8,93963,68645,28,71788,69692,147128,144555,15301,14441,16150,466,14588,0,14441,16150,466,10676,2168,266066,297097,120136,272774,6,5299
3,3,22844.7,12160.3,17049.6,14485.7,9652.97,12822,7986,9,27830,27004,33028,32318,3004,1768,1905,24,1632,0,1768,1905,24,1143,190,266066,297097,120136,272774,6,5299
3,3,26999.1,9123.08,26254.2,30734.8,16173.1,26511,12576,27,24480,23700,48210,47067,4581,4251,4705,96,4220,0,4251,4705,96,1986,596,266066,297097,120136,272774,6,5299
3,3,58568.2,15178.8,77051.9,76399.8,55710.4,65621,43488,24,38234,37138,122031,119882,12741,11385,12223,336,10881,0,11385,12223,336,6551,1153,266066,297097,120136,272774,6,5299
3,3,24447.5,9781.93,20253.2,11479.5,8443.54,10152,7168,4,24502,23785,39003,38152,3593,1229,1500,19,1310,0,1229,1500,19,1077,306,266066,297097,120136,272774,6,5299
3,3,58104.3,9316.75,85542.4,59118,39880.9,51326,31775,11,25700,24905,129614,127317,13188,7979,8982,149,7983,0,7979,8982,149,4489,1237,266066,297097,120136,272774,6,5299
3,3,48617.9,27572,69961.7,52284.5,36605.7,44676,29291,35,52655,51092,112060,109828,11842,7288,7917,147,7055,0,7288,7917,147,4899,858,266066,297097,120136,272774,6,5299
3,3,19481.8,11671.4,11882.7,7888.66,6083.85,6925,5058,24,27259,26453,23786,23236,1976,1156,1218,24,1021,0,1156,1218,24,779,93,266066,297097,120136,272774,6,5299
3,3,29955.1,6457.17,34767.9,23883,17430,20994,14558,5,17847,17265,61453,60092,5914,2792,3241,26,2916,0,2792,3241,26,1645,552,266066,297097,120136,272774,6,5299
3,3,14997.8,19188.2,5062.06,4386.4,2759.9,3911,2282,11,41866,40688,12558,12255,874,602,699,7,607,0,602,699,7,353,124,266066,297097,120136,272774,6,5299
3,3,28194.6,11159.7,28358.8,30180.6,11678.5,26371,8712,29,27849,26952,53595,52365,5049,3501,3836,64,3420,0,3492,3815,65,1405,466,266066,297097,120136,272774,6,5299
3,3,39188,21080.2,47278,47989.7,30932.8,42183,25529,12,46803,45548,78462,76787,7940,5566,6268,139,5589,0,5566,6268,139,3842,866,266066,297097,120136,272774,6,5299
3,3,11808.2,20066.7,2694.06,2908.64,2053.98,2578,1697,4,43711,42455,7103,6896,492,393,477,0,413,0,393,477,0,250,104,266066,297097,120136,272774,6,5299
3,3,31402.1,12132,38990.9,33049.5,23374.4,28701,18441,35,29958,29027,69359,67822,6643,5399,5511,123,4835,0,5401,5514,124,2808,305,266066,297097,120136,272774,6,5299
3,3,24609,18251.7,14492.2,16722.1,13660.9,14680,11338,29,44001,42693,28680,28049,2623,2448,2553,60,2218,0,2448,2552,60,1744,193,266066,297097,120136,272774,6,5299
3,3,26012.6,12973.6,23084.7,13632.7,9088.44,12074,7660,27,30618,29708,44296,43256,3961,1575,1698,21,1466,0,1575,1698,21,1158,181,266066,297097,120136,272774,6,5299
3,3,20693.7,16142.3,11284.3,11791.1,8306.11,10311,6891,12,39098,37946,24332,23738,2072,1574,1767,28,1548,0,1574,1766,28,1066,252,266066,297097,120136,272774,6,5299
3,3,49876.2,21980.9,66568.2,74602.1,51480,64763,40510,39,50607,49138,106271,104177,11292,9488,10484,171,9351,0,9488,10485,171,6206,1276,266066,297097,120136,272774,6,5299
3,3,47321.1,9660.94,68973.1,57873.3,32070.1,50910,25834,51,27002,26225,105723,103750,10921,6769,7562,162,6729,0,6769,7562,162,4103,988,266066,297097,120136,272774,6,5299
3,3,69078.2,27514.2,148107,60517.8,52338.8,52063,42408,73,65602,63747,198568,195173,20038,9725,9914,376,8888,0,9725,9917,376,7233,478,266066,297097,120136,272774,6,5299
3,3,54988.4,25833.6,82580.5,38415.5,29042.9,32554,22319,31,61490,59810,126985,124513,13504,5993,6344,67,5590,0,5993,6344,67,3630,542,266066,297097,120136,272774,6,5299
3,3,62323.6,33581.9,127402,98348.7,84858.5,85291,69415,58,76079,73837,172813,169819,18079,13299,14303,433,12876,0,13299,14303,433,10389,1443,266066,297097,120136,272774,6,5299
3,3,41283.4,7833.5,60563.7,47273.4,35060.3,41417,28668,13,20802,20128,99477,97516,10204,5563,6687,114,6006,0,5563,6687,114,4326,1296,266066,297097,120136,272774,6,5299
3,3,51995.6,16954.1,62892.9,82000.6,48639,70676,37112,12,43380,42181,105043,103125,11092,11030,12139,277,10871,0,11030,12139,277,5514,1430,266066,297097,120136,272774,6,5299
3,3,28610,14915.1,16714.4,19925.3,15962.3,17476,13375,14,36356,35330,33068,32383,3025,2646,3068,43,2709,0,2646,3068,43,2088,507,266066,297097,120136,272774,6,5299
3,3,35140.5,6311.19,51534.7,30224,16304.9,26356,12707,38,17802,17202,88667,86835,8857,4470,4850,118,4328,0,4430,4811,118,2062,555,266066,297097,120136,272774,6,5299
3,3,67701.3,28507.4,121593,63331.7,45289.3,53245,35772,31,68936,67000,163528,160608,17242,9279,10024,150,8920,0,9279,10024,150,6110,1037,266066,297097,120136,272774,6,5299
3,3,58726.6,26428.2,128892,70993.4,66914.4,59725,54817,62,62460,60666,176936,173746,18186,11676,11916,379,10633,0,11676,11916,379,8741,609,266066,297097,120136,272774,6,5299
3,3,60091.9,30821.4,118435,80173,65979.1,69342,53697,58,71066,68976,168494,165526,17620,11818,12716,390,11431,0,11818,12716,390,8958,1287,266066,297097,120136,272774,6,5299
3,3,14238.5,18489.3,4734.05,4335.52,2377.75,3877,1950,11,42460,41265,11109,10836,746,545,643,3,559,0,545,642,3,304,119,266066,297097,120136,272774,6,5299
3,3,41221.4,10926,65716.3,50070.9,34026.6,42473,27177,37,30395,29445,104824,102751,10729,7390,8015,198,7126,0,7390,8015,198,4458,869,266066,297097,120136,272774,6,5299
3,3,38532.9,7751.32,63747.6,36652.2,26903.4,31934,21536,35,17607,17023,102167,100148,10298,5290,5773,94,5124,0,5290,5773,94,3197,668,266066,297097,120136,272774,6,5299
3,3,85103.8,42700,186279,131036,97727.2,112354,79326,78,97107,94412,224380,220786,22821,16975,18248,646,16516,0,16975,18248,646,13316,1772,266066,297097,120136,272774,6,5299
3,3,76547,44384.3,160846,153692,122961,131020,97415,89,93602,90972,212063,208608,21570,22676,23565,891,21183,0,22629,23520,890,16727,1556,266066,297097,120136,272774,6,5299
3,3,27487.3,6470.92,25659.3,27042.3,11034.5,23490,8160,34,19400,18768,49465,48316,4734,3755,4088,69,3623,0,3763,4096,74,1239,457,266066,297097,120136,272774,6,5299
3,3,43003.5,29908.1,43625.9,68761.5,48884.4,60165,39680,58,62267,60594,77042,75466,7596,8237,9547,266,8591,0,8237,9547,266,5688,1551,266066,297097,120136,272774,6,5299
3,3,35764.3,8772.2,38760.7,41826.5,34372.2,36362,27293,26,23400,22670,67725,66315,6712,5487,6067,130,5441,0,5487,6067,130,3790,731,266066,297097,120136,272774,6,5299
3,3,38434.1,30415.7,18704.8,41382.5,34129.3,35877,28173,43,65539,63710,37427,36694,3594,5670,5826,134,5135,0,5670,5826,134,4099,354,266066,297097,120136,272774,6,5299
3,3,36919.6,9146.78,61372.4,32854,29670,28257,23571,39,18172,17525,96402,94455,9760,4970,5281,125,4682,0,4962,5273,125,2950,512,266066,297097,120136,272774,6,5299
3,3,34555.2,24237.9,39406.2,32916.7,20713.5,28443,16838,35,51175,49796,61036,59705,5959,4032,4355,85,3863,0,4032,4355,85,2433,436,266066,297097,120136,272774,6,5299
3,3,61800.4,21050.4,81259.3,106719,70451,92404,55533,36,52725,51275,122405,120261,12873,15167,16050,499,14306,0,15167,16050,499,9008,1304,266066,297097,120136,272774,6,5299
3,3,78321.7,45661,159181,141000,111534,119104,88737,73,92489,89899,214214,210706,21786,21104,21792,815,19564,0,21110,21700,827,15337,1206,266066,297097,120136,272774,6,5299
3,3,58583.5,10998.6,82991.4,75825.5,44769.5,65679,34663,17,28995,28107,126942,124710,12979,9589,10547,180,9400,0,9589,10547,180,5240,1248,266066,297097,120136,272774,6,5299
3,3,55941.3,26418,76499.1,110126,67939.1,94460,52947,44,63303,61538,115287,113089,12428,14205,15795,344,14182,0,14205,15795,344,8603,1972,266066,297097,120136,272774,6,5299
3,3,32525.1,20884.2,19400.3,27119.2,21639,23880,18366,4,44254,43033,37166,36410,3476,3205,3875,56,3432,0,3205,3875,56,2408,773,266066,297097,120136,272774,6,5299
3,3,27783,14348.7,28558.7,22917.5,10421.8,19498,7781,31,29439,28536,51795,50620,4779,3390,3690,49,3268,0,3390,3690,49,1274,421,266066,297097,120136,272774,6,5299
3,3,26958.9,12471.5,26792.9,11387,9359.61,10079,7916,26,29947,29065,48488,47382,4398,1803,1943,31,1683,0,1803,1943,31,1345,204,266066,297097,120136,272774,6,5299
3,3,50570.7,27773.4,63304.7,34681.1,23585.9,29767,19166,13,64512,62702,104375,102286,11087,4580,5363,54,4769,0,4580,5363,54,3078,940,266066,297097,120136,272774,6,5299
3,3,37094.7,6497.24,56992.7,36473.5,24342.7,31713,19667,16,18852,18226,96506,94552,9698,5168,5548,90,4929,0,5168,5548,90,3167,567,266066,297097,120136,272774,6,5299
3,3,30999.7,11205.2,38080,35905.8,15356.3,31619,12005,23,28192,27302,66507,65048,6343,4163,4679,79,4172,0,4162,4652,78,1880,652,266066,297097,120136,272774,6,5299
3,3,26982.2,13021.6,25438.4,11428.4,9709.54,9874,7959,26,30084,29201,48578,47473,4424,1804,1954,31,1692,0,1804,1954,31,1348,214,266066,297097,120136,272774,6,5299
3,3,50513.6,8100.3,74062.2,64309.9,41119.2,56091,33259,65,23671,22899,117331,115175,11969,8633,9467,234,8389,0,8633,9467,234,5454,1069,266066,297097,120136,272774,6,5299
3,3,32662.4,7453.81,40705.4,41716.3,21030.7,36253,16302,24,20385,19698,74394,72806,7230,5732,6164,104,5441,0,5732,6164,104,2512,616,266066,297097,120136,272774,6,5299
3,3,38220.7,5316.06,69042.5,43630.9,27474.8,37941,22115,28,16633,16055,103672,101636,10418,6153,6769,95,5974,0,6153,6769,95,3654,819,266066,297097,120136,272774,6,5299
3,3,62167.7,32074,123387,86247.2,76012.5,74552,61638,61,75130,72959,173707,170676,18128,12937,13806,471,12412,0,12937,13806,471,10174,1284,266066,297097,120136,272774,6,5299
3,3,46350.4,17081.9,72837.6,54152.6,37575.5,45785,29689,38,44200,42894,115721,113406,11933,7986,8740,200,7729,0,7986,8740,200,4928,988,266066,297097,120136,272774,6,5299
3,3,32437.7,24489.6,19208.6,20529.9,14182.3,18195,11843,30,56007,54513,33143,32445,3239,2235,2647,29,2350,0,2235,2647,29,1836,479,266066,297097,120136,272774,6,5299
3,3,45266.7,10590.3,85170.4,87989.6,55817.7,73272,42604,37,30027,29124,132173,129600,13379,13673,14054,328,12451,0,13673,14054,328,7482,793,266066,297097,120136,272774,6,5299
3,3,50785.3,14453.1,76330,66201.4,39717.6,57434,31802,41,38235,37036,113669,111504,11864,8637,9596,291,8541,0,8637,9593,291,5077,1214,266066,297097,120136,272774,6,5299
3,3,44128.5,23492.5,52937.1,61896.3,44414,53992,36355,10,51412,49962,86320,84554,8782,7940,8570,140,7596,0,7940,8570,140,4757,881,266066,297097,120136,272774,6,5299
3,3,38253.2,6356.18,64370.5,24041.9,20403.4,20825,17009,12,17068,16513,99197,97226,10033,3251,3759,47,3328,0,3251,3759,47,2779,624,266066,297097,120136,272774,6,5299
3,3,39869.6,33679.4,18683.1,43418.4,36198,37641,30021,57,65186,63375,36608,35871,3557,5748,6563,142,5859,0,5748,6563,142,4842,999,266066,297097,120136,272774,6,5299
3,3,62475,27512.7,70136.5,134398,96153.4,115339,75505,56,66074,64300,110862,108925,11958,17884,17964,504,15973,0,17884,17964,504,10070,570,266066,297097,120136,272774,6,5299
3,3,73503.6,51402.8,90702,233919,141455,202058,108761,65,113027,109911,139327,136967,13930,28751,31895,856,28918,0,28751,31895,856,16370,3929,266066,297097,120136,272774,6,5299
3,3,33015,32094.4,19065,21785.6,12532.5,19120,10236,24,68180,66342,38432,37603,3698,2641,3114,40,2817,0,2596,3059,37,1622,563,266066,297097,120136,272774,6,5299
3,3,52156.7,15752.4,64085.9,81810.9,46273.7,71007,35218,33,39903,38747,106604,104639,11236,11381,12020,329,10701,0,11381,12020,329,5386,991,266066,297097,120136,272774,6,5299
3,3,25658.6,19109.9,21857.3,14543.9,11763.7,12819,9929,22,38262,37136,42984,42007,3825,2188,2377,47,2097,0,2188,2377,47,1654,263,266066,297097,120136,272774,6,5299
3,3,71125.2,53462.7,99336.2,208933,120322,180457,92133,54,112504,109414,139752,137348,14409,25812,28889,749,26153,0,25812,28889,749,14746,3770,266066,297097,120136,272774,6,5299
3,3,72879.8,50565.4,103164,225924,129460,196114,99823,63,112082,108978,139570,137193,14038,27741,30812,843,27942,0,27741,30812,843,15925,3833,266066,297097,120136,272774,6,5299
3,3,24438.1,22851,14726.2,10772.9,8036.07,9523,6710,22,50235,48906,31252,30542,2755,1454,1645,20,1465,0,1454,1645,20,1075,248,266066,297097,120136,272774,6,5299
3,3,31136,9266.64,35469.2,18314.1,15255.9,16123,12933,10,24004,23241,65735,64328,6599,2455,2842,32,2504,0,2455,2842,32,2039,475,266066,297097,120136,272774,6,5299
3,3,38168.7,15034.9,51629.1,32865.3,24531.3,28297,19868,25,36021,34989,87385,85566,8922,4916,5313,74,4705,0,4916,5313,74,3441,542,266066,297097,120136,272774,6,5299
3,3,32628.4,15157.1,38215.9,29650.5,20449.9,25771,16594,27,34761,33737,70428,68873,6783,4461,4814,82,4256,0,4461,4814,82,2663,497,266066,297097,120136,272774,6,5299
3,3,48467.6,17237.4,115494,35929.7,26968.9,31117,21630,46,34940,33895,154812,151716,15764,6084,6060,176,5394,0,6084,6060,176,3804,177,266066,297097,120136,272774,6,5299
3,3,33952.3,20071.4,20528.8,35041.1,22616.3,30807,18826,4,47445,46161,38271,37502,3600,3732,4454,69,3943,0,3732,4452,69,2846,830,266066,297097,120136,272774,6,5299
3,3,62485,22180.2,77533,102261,77405.2,87225,60088,37,54626,53126,122821,120678,12977,15475,16346,494,14571,0,15475,16346,494,9247,1300,266066,297097,120136,272774,6,5299
3,3,75656.4,27849.8,125780,84860.8,64397.2,72322,51502,19,69464,67428,179982,176942,18851,11592,12968,194,11661,0,11592,12968,194,8164,1751,266066,297097,120136,272774,6,5299
3,3,79967.6,31541.1,161442,96529.2,74600,83961,61145,77,75895,73707,211846,208337,21655,13346,14376,431,12963,0,13346,14376,431,10244,1453,266066,297097,120136,272774,6,5299
3,3,23078.4,17391.3,13555.2,14211.8,11083.7,12457,9176,18,42609,41301,27372,26750,2444,2092,2148,56,1889,0,2090,2146,56,1411,146,266066,297097,120136,272774,6,5299
3,3,47019,21419.6,63990.8,62584.1,39172.7,54968,31488,49,53147,51633,100713,98703,10575,8470,9356,244,8345,0,8470,9356,244,4981,1137,266066,297097,120136,272774,6,5299
3,3,59134.1,21475.1,72966.8,89831.1,56838.3,77725,44468,12,52562,51227,116281,114234,12730,11803,13201,338,11843,0,11803,13201,338,6616,1706,266066,297097,120136,272774,6,5299
3,3,41965.2,14791.1,84658.6,34856.4,27389.9,30130,22490,47,37722,36599,120052,117667,11857,5359,5715,151,5070,0,5359,5715,151,3744,526,266066,297097,120136,272774,6,5299
3,3,21971.3,13228.4,12391.8,11183.4,7652.3,9855,6365,3,33116,32150,26445,25839,2290,1362,1649,19,1446,0,1362,1649,19,976,327,266066,297097,120136,272774,6,5299
3,3,51398.8,24882.2,72801,69032,47189.6,59128,37317,50,55415,53782,116509,114301,12251,9211,10174,330,9170,0,9211,10174,330,6131,1266,266066,297097,120136,272774,6,5299
3,3,73138.4,29012.7,126052,80407.6,58351,68719,46752,16,72387,70322,170826,167858,18023,10859,11964,200,10722,0,10859,11964,200,7714,1437,266066,297097,120136,272774,6,5299
3,3,45945.1,13656.4,86337.9,55739.8,38739.7,46612,30381,40,36440,35318,129078,126560,13135,8714,9251,219,8213,0,8714,9251,219,5264,809,266066,297097,120136,272774,6,5299
3,3,25723,11147.8,20927.7,19551.6,14213.8,16986,11719,10,27700,26871,40759,39865,3769,2642,2939,51,2572,0,2642,2939,51,1843,368,266066,297097,120136,272774,6,5299
3,3,45653.5,11738.5,59041.1,59944.5,28661.7,51993,21533,34,29917,29083,97121,95308,10151,8337,8814,219,7821,0,8337,8814,219,3196,722,266066,297097,120136,272774,6,5299
3,3,64436.5,28005.2,107961,48369.6,34201.1,39910,26281,33,67494,65576,157134,154277,16612,7613,8044,77,7118,0,7613,8044,77,4705,687,266066,297097,120136,272774,6,5299
3,3,81430.4,30247.1,138188,102623,75263.5,88132,60844,15,73302,71173,189526,186447,19944,13362,15312,367,13852,0,13362,15312,367,9773,2369,266066,297097,120136,272774,6,5299
3,3,55319.3,15006.5,73409.4,84701.8,48139.2,73064,37266,34,39973,38871,112957,110923,11897,11604,12421,342,11072,0,11604,12421,342,6129,1138,266066,297097,120136,272774,6,5299
3,3,45937.8,19791.9,58223.6,52683.9,34161.5,45662,27419,40,45636,44349,96064,94112,10104,7094,7816,132,6948,0,7094,7815,132,4522,914,266066,297097,120136,272774,6,5299
3,3,39742.3,16225.5,64247.2,39359.9,29464.8,34190,24074,19,39414,38224,105536,103345,10706,5842,6300,112,5605,0,5842,6300,112,4051,672,266066,297097,120136,272774,6,5299
3,3,67285.6,42454.8,144021,110344,85988.8,93888,68419,75,77430,75211,192971,189707,19890,15783,16384,534,14663,0,15783,16384,534,12046,1093,266066,297097,120136,272774,6,5299
3,3,27453.2,24755.7,14706.4,9863.35,7810.2,8704,6591,10,55744,54144,30308,29617,2786,1304,1557,14,1399,0,1304,1557,14,1084,307,266066,297097,120136,272774,6,5299
3,3,37530.3,29648.9,32003.6,42662.4,35512,37257,29344,50,60421,58796,60762,59463,5864,5410,6268,153,5608,0,5410,6268,153,4047,1024,266066,297097,120136,272774,6,5299
3,3,24131.3,23770.9,14198.8,13448.5,11442.8,11671,9501,30,45258,43930,28308,27685,2585,2060,2196,41,1902,0,2060,2195,41,1543,208,266066,297097,120136,272774,6,5299
3,3,50181.9,7572.22,75859.4,66000.1,44987.3,57899,36300,59,21740,21002,120397,118191,12415,8544,9347,212,8303,0,8544,9347,212,5476,1070,266066,297097,120136,272774,6,5299
3,3,71487.3,47969.9,87514.8,216971,134096,186534,103054,63,106060,103100,135984,133636,13829,27436,30504,815,27650,0,27436,30504,815,15320,3817,266066,297097,120136,272774,6,5299
3,3,42651.6,17687.6,68200.9,25748.8,19462.5,21922,15530,23,40774,39600,103720,101600,10683,3866,4260,37,3721,0,3866,4260,37,2766,511,266066,297097,120136,272774,6,5299
3,3,29217,24707,19852.1,12222.9,10943.6,10754,9286,19,55557,53959,31675,30982,3060,1771,2031,15,1778,0,1771,2031,15,1537,332,266066,297097,120136,272774,6,5299
3,3,53427,24403.1,73489.3,88259,55954.1,76168,43816,45,56462,54825,113928,111706,12184,11673,12961,284,11624,0,11673,12961,284,7234,1622,266066,297097,120136,272774,6,5299
3,3,42167.8,6475.64,67075.8,48782.9,32382,42916,26369,46,19555,18862,107886,105796,11069,6978,7646,139,6794,0,6978,7646,139,4434,904,266066,297097,120136,272774,6,5299
3,3,58070,22157.1,65294.8,96319.2,61419.8,82930,47468,27,53548,52023,107168,105268,11646,12996,13547,314,12080,0,12996,13547,314,6953,945,266066,297097,120136,272774,6,5299
3,3,35133.4,17579.1,48306.4,40592.7,31198.1,34850,25340,23,38827,37715,74869,73262,7283,5810,6414,87,5719,0,5810,6414,87,3793,786,266066,297097,120136,272774,6,5299
3,3,21226.5,13156.6,12898.6,6137.78,4867.88,5284,3955,21,30675,29768,27830,27176,2402,960,1019,7,885,0,960,1019,7,714,93,266066,297097,120136,272774,6,5299
3,3,27852.7,10248.7,27081.8,12006.3,10007.2,10343,8241,25,24936,24140,51900,50705,4895,1780,1975,24,1728,0,1780,1975,24,1411,267,266066,297097,120136,272774,6,5299
3,3,28038,7749.57,26227,32941.7,15871.4,29211,12709,31,20907,20222,51449,50274,5006,3607,4015,56,3598,0,3607,4015,56,1887,538,266066,297097,120136,272774,6,5299
3,3,63646.6,20033.9,144512,80466.3,67211.5,66764,51911,49,51139,49703,187695,184308,19343,13586,13368,496,11899,0,13586,13368,496,9575,180,266066,297097,120136,272774,6,5299
3,3,41528.8,28836,18900.5,45708.3,40114.5,39884,33571,55,66911,65101,37485,36752,3660,6070,6923,152,6176,0,6070,6923,152,5131,1037,266066,297097,120136,272774,6,5299
3,3,52749.7,22348.6,110060,58975.5,47180.8,50249,38162,56,55007,53358,154592,151738,15867,8820,9439,303,8450,0,8820,9439,303,6561,919,266066,297097,120136,272774,6,5299
3,3,39336.7,16681.6,75170,27144.3,19134.8,24060,15506,4,39447,38290,100970,98865,10238,3321,3878,37,3481,0,3321,3878,37,2017,663,266066,297097,120136,272774,6,5299
3,3,35211,22823.3,17165.2,31718.1,28035.5,27664,23305,50,52843,51357,34785,34081,3439,4295,4891,87,4356,0,4295,4891,87,3621,745,266066,297097,120136,272774,6,5299
3,3,28093.1,11960.1,20292.6,27472.8,18570.1,24009,15168,30,30521,29590,41273,40375,3810,3800,4307,83,3797,0,3800,4307,83,2487,611,266066,297097,120136,272774,6,5299
3,3,25339.7,14235.7,20284.7,9252.93,9667.9,8016,8005,30,31993,31054,41498,40514,3758,1484,1580,24,1370,0,1484,1580,24,1076,150,266066,297097,120136,272774,6,5299
3,3,67424.8,41895.7,89553.3,175740,102909,151935,80109,49,94950,92314,134640,132284,14086,22088,24650,605,22274,0,22088,24650,605,12774,3156,266066,297097,120136,272774,6,5299
3,3,32775.7,7848.36,36187.7,24137.2,18466.1,21224,15557,8,20954,20264,66697,65280,6703,2882,3548,55,3152,0,2882,3548,55,2359,758,266066,297097,120136,272774,6,5299
3,3,29380.5,9627.26,25456.3,26040.7,19612.6,22654,16141,16,24991,24196,49968,48898,4812,3510,3857,79,3434,0,3510,3857,79,2453,448,266066,297097,120136,272774,6,5299
3,3,23989.6,14435,17702.5,9255.96,7131.6,8199,5997,28,34133,33144,37094,36211,3198,1526,1579,19,1373,0,1526,1579,19,1040,112,266066,297097,120136,272774,6,5299
3,3,25472.9,24004.4,14190.3,8448.9,7196.91,7507,6118,15,53975,52426,29013,28335,2626,1256,1404,8,1231,0,1256,1404,8,1006,205,266066,297097,120136,272774,6,5299
3,3,46900.8,13403.4,99647.9,46417.5,34049.3,40154,27201,38,35881,34781,150002,147017,15371,7597,7713,229,6884,0,7597,7713,229,4694,355,266066,297097,120136,272774,6,5299
3,3,58538.1,29014.9,98448.8,45007.1,30407.7,37734,23026,35,66543,64716,142598,139916,15171,6886,7258,79,6392,0,6886,7258,79,4181,590,266066,297097,120136,272774,6,5299
3,3,58077.5,19479.8,128180,90575.8,75504.6,75069,58239,46,48445,47058,177454,174156,18354,15276,15264,455,13585,0,15276,15264,455,10692,453,266066,297097,120136,272774,6,5299
3,3,64893.1,30540.9,151249,94748,81879.5,81802,64808,70,71587,69509,187897,184641,19189,14421,14959,460,13372,0,14421,14959,460,10808,995,266066,297097,120136,272774,6,5299
3,3,51352.1,12862.8,66471.9,69339.9,40194.1,59564,31021,29,35177,34162,107335,105382,11259,9923,10730,286,9554,0,9923,10730,286,4972,1113,266066,297097,120136,272774,6,5299
3,3,74272.1,26856.6,157434,106531,91233.7,89631,72133,72,65211,63409,205584,202104,21081,16522,17172,509,15281,0,16522,17172,509,12684,1151,266066,297097,120136,272774,6,5299
3,3,42333.7,19119.5,75781.9,48261.7,33780.2,42017,27757,41,39797,38565,117995,115628,11748,6461,7029,199,6292,0,6461,7029,199,4556,794,266066,297097,120136,272774,6,5299
3,3,31081,9611.3,41420.4,29986.5,17627.6,26101,14009,32,26087,25266,65765,64308,6628,4291,4667,76,4165,0,4291,4667,76,2278,512,266066,297097,120136,272774,6,5299
3,3,62695.2,34707.6,85254.6,107752,71390.1,93506,55485,65,75868,73690,132864,130552,14202,13909,15117,598,13647,0,13909,15117,598,9107,1645,266066,297097,120136,272774,6,5299
3,3,62686,19570.6,136865,53234.4,45873.7,44824,36252,69,49794,48391,183149,179803,18407,8874,8954,265,7975,0,8874,8954,265,6578,352,266066,297097,120136,272774,6,5299
3,3,61391.1,32954.6,77970.2,143731,86023.5,124000,67260,52,78595,76401,121718,119469,13043,18483,20652,460,18596,0,18483,20652,460,10309,2670,266066,297097,120136,272774,6,5299
3,3,63085.5,9921.02,87581.4,63281.7,46436,54692,36946,16,28719,27840,135168,132798,13733,9045,9934,164,8815,0,9045,9934,164,5484,1166,266066,297097,120136,272774,6,5299
3,3,56996.9,29818.2,82829.7,36429.8,23832.6,30618,18601,17,69217,67346,127239,124835,13687,5280,5852,37,5181,0,5280,5852,37,3108,738,266066,297097,120136,272774,6,5299
3,3,32453.2,12881,43380.3,26919.9,15622.1,23506,12379,23,30799,29933,70889,69356,6863,3741,4235,36,3741,0,3741,4234,36,2136,605,266066,297097,120136,272774,6,5299
3,3,61948.7,33771.6,87570.4,96839.8,69741.6,82480,54463,62,75348,73195,132082,129770,14150,13130,14174,573,12788,0,13130,14174,573,8624,1453,266066,297097,120136,272774,6,5299
3,3,37027.1,8979.5,37388.1,45881.7,32182.4,39894,26221,45,24258,23487,68408,66992,6911,6070,6443,150,5721,0,6070,6443,150,3937,550,266066,297097,120136,272774,6,5299
3,3,45667,20414.5,68987.3,37476.5,31557.6,32035,25726,24,47269,45901,109149,106942,11300,5330,5822,58,5108,0,5330,5822,58,3668,650,266066,297097,120136,272774,6,5299
3,3,28018.3,11427.3,27554.3,24774.5,11669.7,21497,8891,36,29042,28109,52852,51619,4964,3463,3859,67,3452,0,3463,3859,67,1463,527,266066,297097,120136,272774,6,5299
3,3,30653.2,6782.03,34750.1,41631.1,18149.6,36305,13840,16,19201,18555,64755,63349,6361,5350,6060,108,5403,0,5350,6059,108,2105,888,266066,297097,120136,272774,6,5299
3,3,72832.5,41043.3,149400,67295.4,58151.8,57018,45679,70,76760,74612,204334,200900,20775,10751,11075,385,9896,0,10841,11169,413,7860,663,266066,297097,120136,272774,6,5299
3,3,63767.5,27799.9,71513.4,121992,88136,105063,69535,53,66984,65173,116582,114553,12668,18136,18986,541,17003,0,18136,18986,541,11267,1338,266066,297097,120136,272774,6,5299
3,3,69540.6,47358.9,89816.1,202166,124112,175152,96158,59,102989,100105,136103,133751,13906,25710,28536,740,25854,0,25710,28536,740,14845,3531,266066,297097,120136,272774,6,5299
3,3,63918.4,39725.5,82952,152959,94385.4,133285,74248,55,85907,83490,131515,129148,13889,18656,20710,490,18633,0,18656,20710,490,11456,2583,266066,297097,120136,272774,6,5299
3,3,22213.3,22064.4,13100.1,9406.57,7276.29,8324,6093,20,48235,46953,27903,27262,2365,1340,1467,15,1298,0,1340,1467,15,983,175,266066,297097,120136,272774,6,5299
3,3,30197.2,10088.8,32942.9,30741.4,17190.4,26934,13611,17,26476,25673,63039,61596,6021,4400,4817,108,4330,0,4400,4817,108,2201,557,266066,297097,120136,272774,6,5299
3,3,70483.7,25723.6,124830,73854.7,56736.1,60713,43349,41,62357,60624,181443,178263,18887,11481,12089,172,10701,0,11481,12089,172,7762,935,266066,297097,120136,272774,6,5299
3,3,65147.7,34882.6,99504.6,42673.9,29154.4,36191,22843,15,70703,68722,148145,145489,15630,6090,6794,45,6073,0,6090,6794,45,3899,909,266066,297097,120136,272774,6,5299
3,3,30502.8,8825.15,34864.4,26660.6,15335.1,23163,12236,18,23340,22615,65206,63746,6378,3696,4122,57,3703,0,3696,4122,57,1972,548,266066,297097,120136,272774,6,5299
3,3,51001.4,12630.3,67726.1,57648.6,27206,49941,20914,4,32716,31809,109902,107892,11488,6509,7522,149,6709,0,6509,7522,149,3103,1197,266066,297097,120136,272774,6,5299
3,3,21612.8,20526,13616.3,9786.38,8303.52,8562,6941,20,46381,45096,25790,25224,2188,1420,1607,20,1412,0,1420,1607,20,1078,241,266066,297097,120136,272774,6,5299
3,3,47754.6,13947.2,106225,44397.1,29217.5,37870,22657,43,36859,35734,153347,150326,15641,6733,6775,219,6035,0,6733,6775,219,4122,260,266066,297097,120136,272774,6,5299
3,3,55341.8,19736.4,65405.3,87628,56289.9,75174,43135,48,48454,47096,107329,105423,11613,12268,12716,327,11346,0,12268,12716,327,6047,815,266066,297097,120136,272774,6,5299
3,3,78075.6,43256.2,161441,148143,120197,124909,95670,68,96215,93591,215064,211568,21829,22584,23454,922,21123,0,22551,23392,921,16486,1474,266066,297097,120136,272774,6,5299
3,3,33361.4,21416,16799.1,29448.5,24054.9,25684,19967,24,51420,49953,33834,33136,3280,4171,4232,104,3710,0,4171,4232,104,2916,207,266066,297097,120136,272774,6,5299
3,3,50535.8,12739.7,110857,30082.8,23370,26150,18940,45,34115,33088,158410,155291,16091,5081,5079,127,4505,0,5081,5079,127,3325,173,266066,297097,120136,272774,6,5299
3,3,71684.8,34864,144114,115150,98540.7,98350,79414,78,81995,79649,200209,196855,20660,17680,18472,669,16555,0,17680,18472,669,13646,1339,266066,297097,120136,272774,6,5299
3,3,25978.2,21468.8,18945.9,14931.9,10727.8,13182,9056,9,47848,46537,39010,38119,3653,1731,2150,25,1910,0,1731,2150,25,1363,477,266066,297097,120136,272774,6,5299
3,3,52228.7,12316.7,72545.9,60721.2,39343.5,52403,30526,57,33359,32439,116318,114220,12244,8499,9290,275,8295,0,8499,9290,275,5070,1025,266066,297097,120136,272774,6,5299
3,3,24052.7,25353.8,13294.2,11320.3,8530.81,10042,7199,22,53891,52400,28566,27918,2546,1545,1761,14,1579,0,1545,1761,14,1174,282,266066,297097,120136,272774,6,5299
3,3,31105.6,13565.2,36151,27960.2,14903.9,24385,11620,37,33072,32065,65831,64350,6321,4263,4548,100,4018,0,4263,4548,100,1899,435,266066,297097,120136,272774,6,5299
3,3,34285.1,8416.08,36549.1,43190.2,30035,37485,24729,16,22769,22028,66774,65389,6647,5102,5756,132,5137,0,5102,5756,132,3797,797,266066,297097,120136,272774,6,5299
3,3,33462,5699.02,51853.2,41712.8,23251.4,36536,18137,16,17285,16693,79417,77761,7903,5308,6034,103,5404,0,5596,6319,182,2316,932,266066,297097,120136,272774,6,5299
3,3,60863,23235.3,76669.3,103798,63639.6,89205,49361,18,56468,55017,116589,114557,12633,13320,14746,370,13239,0,13320,14746,370,7601,1785,266066,297097,120136,272774,6,5299
3,3,35908.3,28297.3,18358.7,38342.3,25173.5,33621,21081,43,59092,57495,35841,35091,3680,3920,4507,85,4015,0,3920,4507,85,3185,703,266066,297097,120136,272774,6,5299
3,3,48363.4,10909.8,75629.3,50548.8,34839.2,43800,27615,53,28015,27227,107289,105304,11055,6653,7317,169,6503,0,7143,7896,176,4275,959,266066,297097,120136,272774,6,5299
3,3,47323.6,16340.5,109558,31073.5,24185.1,26840,19663,49,41122,39896,152833,149919,15452,5119,5171,101,4574,0,5119,5171,101,3421,212,266066,297097,120136,272774,6,5299
3,3,42291.1,7708.86,66567.5,58791.8,37998.9,51538,30473,51,22367,21577,107482,105411,10993,8041,8784,179,7823,0,8041,8784,179,4976,1021,266066,297097,120136,272774,6,5299
3,3,35686.7,12014.7,55284,23393.3,15106.7,20267,12158,23,29899,28992,84907,83097,8439,3248,3649,19,3206,0,3248,3646,19,2058,510,266066,297097,120136,272774,6,5299
3,3,28012.9,26329.9,14628.9,13165.3,10442.6,11644,8846,9,56821,55225,30363,29668,2743,1445,1739,17,1568,0,1445,1739,17,1213,349,266066,297097,120136,272774,6,5299
3,3,54191.2,12544.6,69472.6,72662,42663.3,62952,33254,25,34439,33447,112545,110509,11678,10343,11168,255,9917,0,10343,11168,255,5372,1120,266066,297097,120136,272774,6,5299
