K,order,dist,cost_polyanya,cost_ki,cost_hi,h_cost,vnum,gen_poly,push_poly,pop_poly,gen_ki,push_ki,pop_ki,prune_ki,suc_call_ki,gen_hi,push_hi,pop_hi,prune_hi,suc_call_hi,heuristic_call,reevaluate,pts,polys
5,5,39965.3,12122.1,84814.7,70782.6,61351,41,30687,29707,23638,117140,114683,105417,11842,517315,8324,9685,7884,224,23188,8713,1656,8,5299
5,5,63218.6,29159.3,154475,141146,117368,25,61828,60030,49269,196187,192628,182536,20443,1076378,17972,19819,16537,597,60118,17835,2378,8,5299
5,5,65591.6,17375.3,161932,80159.3,67760,63,43810,42479,34333,191058,187681,178105,19047,1044796,10254,11508,9453,292,31615,10364,1572,8,5299
5,5,56391.5,20866.3,135239,86672.5,74928,42,51065,49580,40298,166287,163080,154292,17091,879015,10086,12045,10050,227,31681,10831,2276,8,5299
5,5,44139.8,15183.1,80911.4,53661.6,46109,53,38130,36974,30019,120511,118179,110367,12339,575918,7306,8244,6596,184,19007,7331,1200,8,5299
5,5,35072.2,10440.7,56556.3,50817.1,43823,42,28085,27188,21738,86409,84633,77617,8567,369466,6948,7793,6324,111,18593,6940,1076,8,5299
5,5,51852.9,17961.3,107276,62854.2,54456,55,43277,41959,34032,147286,144457,136065,15338,748455,7542,9006,7276,162,20099,8103,1724,8,5299
5,5,56780.5,15785.3,79516.2,96679.1,84895,52,40715,39584,32151,118010,115852,109246,11935,599751,10649,12916,11043,253,33317,11673,2554,8,5299
5,5,40059.9,13932.7,73302,55141.7,47243,44,33776,32709,26355,99614,97679,91154,10198,470603,7758,8554,6849,153,20485,7595,1061,8,5299
5,5,61604.3,43031,108656,114199,99912,70,92660,90126,75863,154359,151531,142952,15900,813273,11721,14744,12477,337,35395,13405,3369,8,5299
5,5,67641.4,38406.5,151859,209378,180255,54,81094,78711,65735,195807,192444,183556,20328,1116270,23390,27338,23412,738,78413,24769,4633,8,5299
5,5,63726,30808,118175,193834,164061,58,64703,62777,52095,150866,148108,139913,15705,818355,24247,26497,22749,738,86183,23900,2910,8,5299
5,5,52325.4,26064.7,95290.1,115249,97305,47,52217,50659,41914,132887,130338,122624,13847,669064,14317,15784,13308,411,47283,14191,1865,8,5299
5,5,84398.4,59568.9,156644,353472,305792,31,124048,120355,99702,195103,191979,181503,20619,1138242,35793,42528,36605,1329,142011,38911,7793,8,5299
5,5,48564.2,10355.7,84590,37480,32071,25,25911,25086,19960,120831,118497,111926,12855,605779,4934,5714,4608,73,13415,5056,952,8,5299
5,5,46285.2,13371,62998.3,54264.2,47347,40,33461,32535,26659,99013,97108,91236,9978,478149,6540,7832,6629,162,19639,7070,1473,8,5299
5,5,67648.8,30907.1,161045,170101,146220,80,77054,74852,62129,198493,195060,186156,20726,1129180,20760,24395,20914,714,68166,22104,4240,8,5299
5,5,44587.7,26738.2,73238.6,89447.6,78603,53,58927,57280,47652,113002,110713,102773,11384,523070,9623,11457,9501,160,27558,10323,2120,8,5299
5,5,33563.9,10336.8,54990.2,11896.3,10211,15,25481,24707,20028,78354,76713,70283,7938,333317,1609,1896,1399,11,3417,1655,356,8,5299
5,5,48024.6,15701.3,127962,63443.7,55171,17,37475,36404,29377,157364,154290,145079,15962,782874,6898,8141,6536,106,18467,7246,1482,8,5299
5,5,54391.3,13197,91809.7,66925.4,58295,39,33447,32419,25977,124648,122284,115598,13110,630701,7622,9124,7783,177,24024,8172,1724,8,5299
5,5,68783.7,40142.3,88991.3,149502,128262,53,83466,81174,67732,121372,119292,112199,12968,639012,17573,20408,17561,524,63009,18420,3312,8,5299
5,5,79320.9,55388.4,191500,243741,212044,60,121003,117680,99043,219452,215779,205206,22846,1282527,25560,30774,26601,796,90814,28023,5943,8,5299
5,5,46411,12306,63650.3,52123.7,45553,38,32215,31327,25515,98860,96961,91136,9875,478003,6301,7593,6426,149,18742,6843,1459,8,5299
5,5,57710,28454.1,121839,98031.8,84180,55,59642,57983,47497,164827,161685,152840,16923,875908,11834,14141,11928,300,37931,12724,2672,8,5299
5,5,75826.8,47503.7,172284,218239,186526,91,96584,93847,78456,212356,208841,199342,22088,1241962,25204,29708,25609,871,86173,27015,5220,8,5299
5,5,73560,52248.7,151930,230362,201882,80,117369,114224,95676,187270,184026,173912,19478,1052018,22352,26860,23165,756,77735,24407,5135,8,5299
5,5,41924.4,11921.1,98718.2,71482.9,62208,43,32876,31837,25512,128009,125375,115677,12979,578628,9054,10407,8539,269,26109,9382,1666,8,5299
5,5,65740,35074.8,149023,158917,137912,64,83589,81261,67176,177803,174580,165179,18356,968411,17267,20759,17828,480,58831,18806,3998,8,5299
5,5,43723.7,13833.4,94444.1,87494,74388,33,34508,33453,27248,129628,127012,118667,13420,612881,11727,12858,10582,263,35433,11488,1476,8,5299
5,5,47805.9,13211.1,125566,77814.6,68673,51,36405,35292,28327,165218,162020,151960,16850,819413,7924,9922,8309,181,23053,9013,2249,8,5299
5,5,46511.5,18199.7,118679,140868,124367,38,48566,47177,38619,149471,146622,136553,14863,728243,16119,17697,14787,501,51987,15888,2047,8,5299
5,5,55668.9,17753.6,135753,96408.1,81048,45,43878,42530,34271,174341,171059,161887,17695,927981,13809,14924,12361,429,44111,13332,1536,8,5299
5,5,49722.1,16252.9,144176,95954.2,83534,56,40506,39246,31702,170517,167195,157157,17470,860067,11506,13324,11113,473,34923,12065,2183,8,5299
5,5,78466.2,36739.1,158672,223870,195329,10,87756,85058,69472,200018,196707,186391,20709,1135463,22372,28030,23857,575,81012,25658,6370,8,5299
5,5,58323.6,12112.4,88787.8,53883.7,47596,4,30661,29686,23498,129473,127095,120016,13703,670248,5699,6773,5472,68,15630,6053,1263,8,5299
5,5,84598.5,65257.4,173888,311558,272955,91,141583,137749,116236,209135,205729,194747,21137,1207892,31871,38368,33697,1183,119644,35076,7370,8,5299
5,5,59059.6,19484.6,84090.2,112088,97786,54,44790,43550,35455,121026,118819,112183,12337,618409,12341,14873,12757,315,39053,13452,2860,8,5299
5,5,63748,42424.4,124200,135979,118524,70,95394,92807,77743,165091,162091,153196,17126,882415,14482,17468,14795,436,46098,15839,3413,8,5299
5,5,62826.8,18193.6,146171,100146,86192,68,45637,44245,35696,185003,181647,172300,18547,1005669,11303,13100,10800,275,34364,11800,2146,8,5299
5,5,49740.1,15397.5,71856.5,69702.7,58826,60,38035,36917,29710,100565,98749,93092,10283,492094,9666,10753,8857,233,27602,9640,1372,8,5299
5,5,61021.8,30343.5,76688,103012,86922,49,70861,68912,57171,110013,108080,101734,11930,560288,13722,15742,13354,367,44882,14164,2396,8,5299
5,5,67595.9,33828.8,152761,132092,114124,77,76017,73826,61484,182401,179173,170296,19265,1020617,14858,17885,15047,429,47103,16163,3504,8,5299
5,5,59570.1,50677.8,98839,104438,91879,63,95261,92668,78298,140295,137717,129834,14154,738372,10071,12847,10611,242,27785,11630,3100,8,5299
5,5,71331.3,27701.4,167391,186212,158033,56,69897,67781,55295,203841,200313,190664,21349,1155826,23058,26373,22363,713,78737,23862,4001,8,5299
5,5,62334.2,41357.3,126474,119188,104333,72,90379,87847,73638,158076,155171,146478,16349,835940,12635,15870,13426,338,39010,14417,3613,8,5299
5,5,43390.7,12567,94003.1,52865.4,46245,25,34058,32982,26399,135727,132997,123935,13804,632723,6366,7494,6040,104,16886,6704,1363,8,5299
5,5,38831.7,9802.35,80277.6,71991.4,62363,45,27214,26347,20799,111134,108813,99410,11140,479902,8446,9857,8025,267,23910,8863,1699,8,5299
5,5,49233,10947.7,87474.5,48403.6,41438,44,26219,25406,20185,123852,121472,114768,13278,622564,6731,7313,5765,127,17511,6431,811,8,5299
5,5,53329.2,11029.9,96395.6,80648.9,68903,4,28115,27253,21705,130571,128064,121011,13909,668345,11298,12339,9923,226,31409,10946,1383,8,5299
5,5,55985.7,21689,142346,116912,99881,53,54615,53038,43477,177301,174027,164814,17843,943472,15081,17321,14443,412,49439,15566,2689,8,5299
5,5,65848,24232.6,150696,161284,135003,74,58662,56927,46330,193365,189925,180717,20280,1081985,21792,24340,20504,634,73735,21894,3189,8,5299
5,5,45348.6,11973.3,72642,41205.5,35831,41,29089,28256,22716,104347,102303,96390,10415,508906,5035,5936,4947,100,14496,5287,1035,8,5299
5,5,44638.2,23072.7,48273.7,91492.9,79324,60,52657,51203,42388,76696,75258,69829,8027,359916,10461,11860,9811,234,30975,10589,1704,8,5299
5,5,69080,34270.5,174389,203575,175634,82,79098,76827,63840,200692,197240,188185,20915,1147705,21622,25364,21774,722,71552,22982,4363,8,5299
5,5,57484.2,25085.7,157824,148160,129547,44,60205,58532,48575,181960,178667,169962,18658,991751,16024,18559,15779,485,51804,16765,2992,8,5299
5,5,35854,13171.2,56733.4,61856.9,54951,43,26243,25421,20186,92882,90896,82576,9270,390810,6499,7571,6124,163,18221,6781,1296,8,5299
5,5,53046.6,33181.8,85828.8,97664,84879,26,77017,74872,62743,125735,123318,115788,12656,630343,11277,13190,10831,207,33562,11844,2268,8,5299
5,5,38466.8,12826,49217.2,37101.9,32420,34,32224,31315,25631,82691,81040,75214,8325,366562,4611,5504,4581,105,12968,4936,1025,8,5299
5,5,47954.4,17457.8,88444.5,59010.1,50116,61,43638,42320,34586,125867,123489,116051,12979,622865,8435,9543,7702,231,22693,8496,1388,8,5299
5,5,51704.9,25265,85207.7,92106.2,78110,43,60468,58668,48651,129111,126591,118822,13269,641517,12044,13845,11550,254,37113,12464,2159,8,5299
5,5,54516.7,26805.9,146926,137286,119115,49,55308,53761,44065,174498,171292,162313,17780,934180,16223,17769,14902,498,54210,15920,1996,8,5299
5,5,62013.1,27619.2,116928,143205,124117,62,65477,63609,52679,150842,148177,140174,15778,813666,16190,19034,16157,421,50264,17127,3324,8,5299
5,5,39536,15738.1,83764.3,64935.9,56160,30,30849,29864,24179,114184,111825,103111,11571,510476,8012,8971,7308,196,23626,8005,1230,8,5299
5,5,67259.5,56988.9,132268,151902,133164,77,108563,105637,88746,168515,165509,156450,17573,915748,15106,18929,16055,472,47918,17256,4278,8,5299
5,5,38600.2,12401.6,53196.2,35602,30591,36,30706,29849,24282,86426,84734,78802,8773,386419,4318,5123,4229,97,11990,4594,928,8,5299
5,5,40121,19321.6,49120.8,62038.4,53531,35,44572,43364,35890,76647,75157,70154,7940,352526,7248,8220,6832,212,21343,7359,1176,8,5299
5,5,62393.7,31869.7,158577,154576,133079,76,65885,64031,52996,189011,185670,177022,19792,1054490,18715,21670,18391,613,62126,19630,3494,8,5299
5,5,50468,21413,63797.5,62902.6,52948,42,50709,49270,40560,95334,93580,87951,10108,467230,8878,9903,8201,207,27641,8874,1287,8,5299
5,5,62056.2,30043.6,108769,134496,115640,62,63524,61728,51023,149737,147097,139068,15661,807522,16129,19025,16144,410,50028,17107,3363,8,5299
5,5,72967,23915.4,170159,165097,143016,66,58480,56612,45262,203825,200363,190180,20560,1140764,17274,20786,17224,480,54351,18864,4074,8,5299
5,5,54276.8,20519.5,138574,135620,118064,65,50469,49064,40141,175455,172196,162854,17963,926801,14584,17149,14408,407,46246,15511,2993,8,5299
5,5,69470.5,24849.7,89245.9,183406,159059,24,58763,57076,46970,134839,132558,125002,13667,717360,19879,23240,20098,553,68325,21075,3885,8,5299
5,5,58310.3,40698.3,99110.2,147244,128281,28,87198,84738,71165,136789,134256,126464,13922,718087,16326,19597,16557,409,52034,17716,3775,8,5299
5,5,48668.7,19107.3,59375,87312.9,74801,65,44244,42983,35295,96730,94965,89351,9874,469038,11566,12231,9936,308,33083,10897,1020,8,5299
5,5,26905.7,11126.9,25799.1,28297,24913,32,28047,27167,21945,46341,45294,41328,4424,181168,3266,3938,3137,45,8556,3538,781,8,5299
5,5,45017.6,14014.9,102496,55204.2,47441,51,35323,34256,27648,129617,127062,118225,13211,609943,6933,7935,6334,152,18042,7049,1249,8,5299
5,5,78090.5,35734.9,198716,272201,231895,63,85267,82678,67853,214244,210677,200562,22047,1245000,31364,36247,31142,1044,111636,32906,5802,8,5299
5,5,70974.9,22846.9,107576,160771,140582,65,56489,54877,44755,142591,140179,132343,14820,765016,15946,19887,17409,442,54136,18082,4342,8,5299
5,5,67994.7,20615,128767,184045,156281,59,48448,47032,38451,156189,153412,144624,16563,859223,23614,25519,21735,740,83755,22910,2572,8,5299
5,5,28302.9,5981.42,31776,16139.2,14330,5,16643,16061,12577,54630,53393,48071,5173,215047,1801,2332,1768,8,3427,2053,608,8,5299
5,5,67653.1,39401.4,163011,245974,215219,44,83364,80923,67180,190800,187567,178803,19719,1088389,26859,29553,25097,771,97769,26616,3457,8,5299
5,5,64274.9,31885.8,154229,182901,158234,56,71922,69875,58080,190508,187134,178530,19950,1071621,19860,23134,19628,583,65110,20964,3849,8,5299
5,5,41656,17587.6,71755.8,79827.2,68217,46,41054,39828,32817,110047,107824,100267,11261,508438,10190,11222,9239,214,30334,10055,1328,8,5299
5,5,47737.1,12816.4,71449.2,41379.2,35567,37,30169,29300,23558,108800,106687,100703,10967,538417,5438,6385,5321,115,15770,5687,1087,8,5299
5,5,41149.3,22210.8,78094.1,96176.8,82287,40,48625,47252,38996,105386,103210,95714,10637,479231,11785,13347,11198,291,35824,11985,1890,8,5299
5,5,51434.2,19154.2,130904,63948.7,55041,32,42888,41611,33723,157018,153962,145437,16038,810675,7900,9379,7745,147,23423,8414,1738,8,5299
5,5,66018.1,40388.8,132062,163807,143243,72,93424,90909,75712,171608,168478,159279,17848,930233,16175,19609,16685,495,51825,17799,3905,8,5299
5,5,84239.2,65907.4,165755,317501,277329,83,136719,133000,112195,212264,208801,197572,21496,1223853,32534,39118,34380,1112,122737,35789,7461,8,5299
5,5,49970.3,19978,108132,64213.7,55186,61,44125,42805,34855,138587,135932,127622,14303,689997,7859,9060,7304,182,20896,8138,1473,8,5299
5,5,43041.4,10791.2,75811.2,37141.2,32450,28,28477,27625,22248,104859,102797,96735,10682,510701,4509,5320,4394,79,12895,4733,949,8,5299
5,5,75746.1,37031.5,173635,167573,143103,90,87452,85060,71274,212030,208493,198906,22136,1232959,20219,23467,20067,734,66784,21312,3812,8,5299
5,5,67555.4,54971.9,136751,166891,144116,77,110002,106956,90097,165200,162317,153548,16927,907112,16097,20156,17164,514,52398,18350,4541,8,5299
5,5,43384.3,13081.1,98798.7,82559.1,69854,37,33738,32707,26654,131263,128641,120104,13696,620195,11366,12409,10199,282,34414,11028,1382,8,5299
5,5,50110.4,17280.6,128572,54653.7,47344,29,37914,36791,29811,155639,152586,143930,15839,795187,6310,7148,5712,88,17175,6362,1055,8,5299
5,5,75660.6,42861.3,161234,210526,183414,83,88252,85631,71049,200764,197381,187815,21191,1164256,20983,26074,22226,600,67455,23674,5746,8,5299
5,5,41763.6,25344.2,77016.6,90511.4,79747,50,51377,49813,41117,110597,108283,100329,11052,503081,9452,11211,9267,187,26285,10090,2057,8,5299
5,5,36003.8,20184.4,30397.3,78644,69517,47,45372,44029,36365,52480,51405,47242,5207,218877,7702,9269,7636,147,20216,8306,1835,8,5299
5,5,54673.1,21867.8,66403.3,67589.3,57020,61,47731,46347,37708,106339,104428,98491,11106,525690,9539,10570,8694,242,27404,9509,1317,8,5299
5,5,69165.8,37017.9,83846.1,139504,119451,77,85700,83373,69584,122637,120573,113518,12802,643821,16636,19266,16340,586,54058,17421,3115,8,5299
5,5,32661.6,15759,26810,52175.6,45699,46,37262,36238,29940,50116,49066,45176,4908,205122,6126,7304,6059,157,16959,6585,1363,8,5299
5,5,60777.8,25552.3,149957,92201.8,79485,31,60394,58626,48348,185547,182077,172499,19271,1002907,10575,12239,10030,201,30868,10956,2024,8,5299
5,5,50557,19408.9,106016,64028.5,55095,63,43912,42609,34643,141492,138760,130352,14608,706179,8162,9389,7600,199,22070,8424,1505,8,5299
5,5,52690.8,17993.3,133815,114387,98227,54,47463,46104,37379,173575,170300,160954,17756,904816,13488,15595,12997,387,42885,14068,2504,8,5299
5,5,40045.4,10845.5,56175.3,34684.4,29930,20,26996,26130,20763,90394,88658,83306,9216,431234,4563,5228,4151,109,11935,4624,809,8,5299
5,5,41626.2,12457.4,79343.1,58615.8,49811,41,33177,32171,26006,118027,115646,107058,11902,535842,8317,9296,7561,154,22791,8250,1260,8,5299
5,5,64799.6,18261.6,108835,97087.2,82850,25,44728,43340,34708,141969,139408,131580,15129,754428,12130,14142,11478,177,35706,12675,2425,8,5299
5,5,55788,16267.1,96220.6,108846,92293,50,38083,36898,29776,136129,133540,126001,14402,701579,14081,15296,12695,379,44270,13696,1629,8,5299
5,5,29060.1,13201.5,27768.8,48594.6,43076,43,31070,30172,24673,48006,46961,43030,4570,190982,4892,5732,4675,90,13201,5174,977,8,5299
5,5,84841.8,64633.4,159489,370208,322688,21,124695,121054,100535,199887,196651,186088,20790,1154925,36357,43996,38050,1094,144754,40298,8682,8,5299
5,5,71086,59464.4,141143,175496,154238,79,119857,116602,98156,173045,170002,160805,17950,954873,17694,22053,18814,564,56702,20113,4893,8,5299
5,5,36221.3,22226.3,26201.3,77491,68057,41,49799,48424,40281,50017,48991,44982,4987,210212,9173,10534,8712,231,25625,9392,1649,8,5299
5,5,62536.8,13943.9,93557.6,81547.4,70857,10,36401,35338,28003,133861,131492,124153,14198,701944,9453,11121,9160,190,28814,9974,1931,8,5299
5,5,42063.5,12041.7,92132.3,58168.5,49984,31,31592,30633,24990,123794,121298,113127,12824,577105,8252,9164,7555,200,24397,8149,1159,8,5299
5,5,68145.6,37011.1,181321,161132,138302,81,77397,75173,62271,202179,198670,189435,21081,1154024,18796,22083,18728,676,60492,20017,3832,8,5299
5,5,83254.2,47731,160347,259129,226601,13,109700,106479,87997,205513,202209,191629,21407,1196103,24195,31347,26855,760,81169,28724,7926,8,5299
5,5,27503.6,7572.12,32018.5,32224.5,28545,18,18812,18175,14125,50148,48989,43956,4823,196833,3553,3988,3048,61,8642,3522,570,8,5299
5,5,40371.8,12057.3,93520.3,95488.9,82315,51,32813,31862,25400,122669,120166,110308,12181,547924,11608,13251,10807,344,34436,11907,1998,8,5299
5,5,55908.9,19202.3,151791,120798,103022,70,50076,48554,39482,179732,176322,167051,18305,952249,14648,16547,13614,369,45250,14824,2369,8,5299
5,5,81050.3,37692,174117,234777,202713,8,81931,79397,64491,211655,208198,198077,21605,1225355,23701,29622,25048,501,86816,27164,6661,8,5299
5,5,46045.7,15001.9,109993,93462.6,80200,37,34704,33590,26846,147517,144560,134789,15116,706542,12242,12929,10699,303,38480,11552,1065,8,5299
5,5,36919.4,7726.99,66825.2,36779.4,31965,10,19775,19113,14997,87559,85813,80026,8782,403778,4748,5597,4481,79,12166,4957,1015,8,5299
5,5,38962.9,16470.2,46657.2,53580.4,46083,31,38972,37883,31043,77954,76405,71340,7991,355407,6482,7494,6154,140,18553,6713,1190,8,5299
5,5,38735,12535.2,70356,58324,50038,49,30951,29966,23953,94454,92603,86379,9630,443130,7983,8816,7073,154,21217,7834,1095,8,5299
5,5,75943.4,60568.9,168504,201881,174705,53,110397,107414,90139,214863,211213,200626,22308,1238701,22386,26907,23114,694,77215,24478,5163,8,5299
5,5,57578.4,22041.5,155432,129278,109705,22,51387,49816,40502,182393,178941,169535,18634,971866,15745,17628,14570,425,49283,15802,2370,8,5299
5,5,43476,23113.6,47391.1,68488.9,59317,41,51457,50076,41563,77898,76418,71228,8108,363955,8077,9376,7843,230,24060,8415,1531,8,5299
5,5,38208.3,10759.4,71900.3,61710.4,53661,31,28852,27929,21999,107892,105607,96420,10925,467190,7842,9115,7382,237,21607,8207,1547,8,5299
5,5,34475.9,16911.6,29568.4,73959.8,65861,42,40152,39007,32112,50144,49091,45195,4932,206625,7227,8583,7130,197,19415,7716,1577,8,5299
5,5,54344.5,21715.1,154885,137422,119332,51,55413,53867,44196,174861,171642,162325,17564,922850,16569,18964,15921,446,55433,17071,2857,8,5299
5,5,61235.5,32268.9,74548.9,115980,97293,44,66471,64602,53486,117079,115059,108355,12576,599938,15646,17417,14734,497,55120,15692,2203,8,5299
5,5,63412.5,22299.5,148746,143671,120190,65,57430,55745,45546,187764,184380,175358,19607,1038734,20018,22061,18477,589,65968,19834,2653,8,5299
5,5,63094.3,18178.1,138428,114246,97502,61,44531,43112,34108,184301,180947,171637,18595,999391,13379,15566,12698,306,38543,14015,2629,8,5299
5,5,60019.7,24974.5,152316,127749,108822,56,62492,60712,50107,186531,183202,174268,19084,1025096,17309,19554,16491,512,60207,17582,2753,8,5299
5,5,36438.1,19399.9,28347.7,86700.8,77127,46,45066,43795,36040,52397,51313,47193,5148,220196,8598,10323,8556,207,23465,9274,1994,8,5299
5,5,54311.3,25426.3,62328.3,94439.1,80860,67,53120,51571,42160,103348,101505,95642,10515,509472,12290,13702,11279,361,35717,12258,1783,8,5299
5,5,52121.2,14970.6,129052,86557.3,74122,51,39820,38609,31094,163114,159991,150739,16797,842599,11042,12197,9894,276,31562,10841,1519,8,5299
5,5,39611.4,14756.4,61976.5,66842.4,57212,44,31588,30603,24642,93287,91503,85698,9413,444845,8457,9335,7564,151,23554,8290,1150,8,5299
5,5,59816.4,13132.4,96080.4,80119.5,69582,41,31546,30618,24253,133796,131392,124239,14009,692362,8805,10792,9226,233,28707,9724,2226,8,5299
5,5,73062,27658.5,172485,193144,165400,55,70268,68108,55334,207588,204047,194036,21382,1180705,22330,26306,22380,697,76138,23896,4662,8,5299
5,5,68479.1,21512.3,137671,89744.7,80140,8,55136,53457,43137,186720,183447,173930,19221,1022081,7915,10605,8787,150,21823,9686,2976,8,5299
5,5,60424.3,27026.1,74707.3,111149,92256,41,64305,62508,51764,116488,114465,107772,12512,595298,15594,17241,14538,470,54393,15517,2079,8,5299
5,5,47463,17574.5,70476.6,70928.8,60020,48,42117,40850,33479,105007,103087,96889,10683,517331,10182,11450,9393,229,28832,10265,1604,8,5299
5,5,51553,19574.1,87778.8,91902.9,77095,53,48105,46629,38360,131699,129182,121560,13770,662280,12891,14221,11914,333,42256,12773,1704,8,5299
5,5,47505.7,20603.5,67850.2,89103.9,77027,37,42451,41253,34096,99780,97987,92225,10297,487449,10560,11887,9783,241,30120,10661,1659,8,5299
5,5,44780.3,13258.8,111254,88736.7,77053,40,34074,32989,26457,148377,145351,134831,15089,692791,10367,11840,9808,396,30892,10661,1815,8,5299
5,5,57497.9,15790.2,85464.9,92056.2,79877,53,36977,35906,28855,125678,123388,116453,13113,643874,9863,12090,10408,241,32328,10937,2485,8,5299
5,5,50427.7,18559,136747,148722,130858,36,49063,47635,38825,168406,165234,155131,16806,852942,15841,18221,15305,449,50334,16372,2840,8,5299
5,5,28559.8,8681,35477.8,50947.3,45269,31,21952,21179,16564,55209,53945,48510,5363,215948,4882,5646,4457,108,12594,5058,952,8,5299
5,5,51543.4,21693.8,69401.6,103427,89748,30,49820,48563,40269,96094,94346,88383,9781,470467,11644,13162,11125,354,36499,11842,1818,8,5299
5,5,38700.5,15589.1,71197.9,66975.1,57503,28,38531,37337,30363,105643,103427,95258,10579,463823,8578,9735,7898,164,24274,8763,1429,8,5299
5,5,55630.8,25197.4,101973,141677,119956,43,62100,60292,49994,137424,134796,126880,14279,706965,18045,20238,17148,535,60752,18258,2687,8,5299
5,5,34234.9,8123.78,50017.7,38758.3,33424,23,23181,22431,17742,83338,81590,74110,8246,349420,5218,5938,4702,84,13710,5271,910,8,5299
5,5,45449.7,17319,73139,65213.8,55481,47,40510,39275,32213,100852,99009,93062,10328,491836,9349,10380,8480,195,26546,9292,1340,8,5299
5,5,73958,39982.3,186007,201245,172170,83,92383,89906,75360,214167,210531,200726,22530,1243128,24167,27408,23247,772,83526,24785,3939,8,5299
5,5,88283.4,70328.6,167988,340089,296114,98,150432,146373,123856,217120,213678,202183,21583,1278145,34258,41235,36292,1311,130195,37742,7909,8,5299
5,5,47612.9,16254.8,124079,68535.8,59759,13,38470,37353,30081,157182,154107,144720,15952,777319,7598,9040,7267,143,20538,8056,1701,8,5299
5,5,51889.7,13064.3,96930.8,92922.3,77989,49,34141,33094,26838,130279,127740,120548,13830,662062,12874,13867,11485,362,39022,12384,1358,8,5299
5,5,38868.4,11628.5,76565.6,70792.5,61884,42,31529,30480,24338,110720,108382,99292,11218,480411,7597,8963,7208,158,20657,8031,1615,8,5299
5,5,84372.9,46508.8,183080,239191,210817,6,105757,102695,86001,217265,213791,203354,22298,1290754,22139,29229,25420,806,75428,26760,7774,8,5299
5,5,44783.2,15732.3,113120,104977,91118,55,39523,38417,31177,146156,143279,133189,14563,693927,12226,14183,11745,341,36883,12775,2322,8,5299
5,5,26528.3,8631.13,25931.7,61751.2,55413,23,20592,19902,15589,46127,45034,40384,4365,177555,4560,5405,4272,103,11233,4830,1017,8,5299
5,5,64301.9,34036,170048,145786,124576,60,72066,70057,57665,179627,176325,166826,18526,977245,15422,18430,15741,439,51927,16623,3456,8,5299
5,5,42136.4,13527.8,94432.7,93006.3,78625,36,32915,31904,25852,127648,125050,115859,13116,584897,12943,13906,11298,315,38531,12417,1353,8,5299
5,5,69507.4,39080.8,151526,230973,198344,62,84040,81696,67771,200346,196982,188086,20619,1149356,25825,29450,25046,763,94956,26660,4342,8,5299
5,5,53077.8,23035.7,136633,141136,124226,36,52351,50952,41769,174221,171001,161435,17581,908733,15504,17937,15098,418,50051,16133,2864,8,5299
5,5,50105.2,16560,138722,120830,105041,51,41757,40485,32841,173004,169709,159848,17455,885805,14146,16268,13512,401,44219,14683,2575,8,5299
5,5,76734.7,35813.5,182973,242590,209600,86,87979,85396,70577,207784,204311,194501,21780,1209071,26713,31729,27166,848,91203,28828,5836,8,5299
5,5,41090.3,12606.1,81320.1,73519.1,64386,37,31786,30778,24580,124571,121977,112295,12671,556773,8796,10169,8326,281,25251,9155,1678,8,5299
5,5,36150.5,10401.2,61107.1,33872.5,29519,18,25046,24261,19620,94560,92584,85163,9571,418044,4755,5186,4033,81,12594,4580,604,8,5299
5,5,34416.1,8965.1,53640.6,36582.5,32047,15,22493,21750,17183,77641,76064,70290,7678,336543,4216,5007,3974,70,10587,4459,941,8,5299
5,5,68895.2,21957.3,157280,140734,120210,17,55403,53694,43179,195382,191947,181952,20046,1080901,16764,19717,16215,389,50012,17801,3516,8,5299
5,5,62278.7,31365.5,81795.8,121714,103099,45,66398,64493,53150,114572,112576,106030,12408,587593,14137,16125,13684,364,47913,14524,2387,8,5299
5,5,27375.7,6432.59,30967.4,26270.1,22787,18,18496,17856,13868,49842,48683,43718,4858,195149,3414,3876,2952,59,8296,3419,592,8,5299
5,5,71416.6,38796.8,174634,166245,144076,45,90745,88209,73297,204679,201104,190602,21422,1151765,18038,21873,18547,434,58214,19851,4385,8,5299
5,5,61959.5,28920.3,143548,182135,157947,49,68594,66621,54934,185388,182122,173552,19047,1040906,21372,24344,20591,610,74462,21977,3596,8,5299
5,5,72345.1,27629,146533,153164,136009,12,70232,68074,55085,183570,180413,170901,19121,1016311,13936,18232,15222,316,41848,16567,4790,8,5299
5,5,39362.6,22000.5,38838.8,79319.2,69306,45,49470,48158,40000,64900,63624,58911,6598,290456,8474,10238,8558,202,24868,9242,2009,8,5299
5,5,60007.6,14580.2,142851,80242.8,67499,59,39558,38312,30596,179004,175717,166704,18030,961983,10908,12357,10004,221,30595,11087,1810,8,5299
5,5,46260.5,15285.6,115814,104307,90574,58,39840,38692,31230,154441,151411,141551,15610,748910,12703,14680,12102,372,38477,13211,2369,8,5299
5,5,28301.9,8751.44,32905.9,23102.8,20263,9,16813,16258,12856,54629,53402,48278,5156,213521,2689,3171,2433,27,5885,2802,576,8,5299
5,5,41770.7,12454,97724.9,52520.4,46247,14,30597,29674,23726,128920,126307,116906,12887,583279,5606,6763,5401,87,14330,6029,1345,8,5299
5,5,50809.9,16136.5,68469,68325.4,57776,63,39546,38392,30835,101225,99394,93714,10304,496729,9665,10815,8838,234,27198,9704,1438,8,5299
5,5,77000.6,62700.1,159824,239707,208859,78,118663,115465,96805,204847,201371,190611,21627,1162838,25820,31042,27001,821,93919,28284,5936,8,5299
5,5,44089.5,15197.6,107921,121774,107441,50,37942,36888,29630,142363,139581,129284,14062,673187,12809,14949,12342,352,38829,13493,2506,8,5299
5,5,45614,17245.4,102100,52274.7,45287,56,38578,37374,30317,123492,121106,113350,12632,595650,6624,7567,6014,152,16346,6739,1195,8,5299
5,5,65136.4,39165.1,126246,158127,136943,73,78805,76583,64065,164165,161319,152959,17098,908881,18292,21110,17979,547,58854,18962,3374,8,5299
5,5,56988.5,21512.1,78848.9,66607.6,55963,71,51230,49757,40546,107757,105851,99817,11124,535657,9181,10225,8375,259,26004,9177,1321,8,5299
5,5,63264.8,30251,149584,100700,86803,36,66217,64314,53081,189919,186413,176543,19752,1038096,12451,14476,11981,268,39031,13016,2429,8,5299
5,5,34409,15846,37642,55633.9,49480,7,37039,35958,29596,58385,57189,52672,5693,243543,5397,6642,5431,115,13923,5968,1424,8,5299
5,5,71784.6,36784,161747,171001,148122,80,83550,81176,67896,188994,185818,176707,19894,1082391,18003,21340,18104,589,60100,19284,3892,8,5299
5,5,50910.7,13537.6,83943.6,62139.3,53925,50,34230,33258,26821,113458,111293,105010,11508,567322,7384,8693,7365,152,23378,7805,1509,8,5299
5,5,77810.3,36607.4,152661,200537,176586,15,87884,85135,69251,190792,187586,177571,20095,1076984,19607,25333,21300,518,62620,23126,6399,8,5299
5,5,74816.2,31557.3,172925,244592,209813,60,78750,76360,62584,209578,206019,196119,21769,1204413,28150,32285,27534,837,98459,29232,4962,8,5299
5,5,44589.7,24502.9,73382.4,90832.6,79767,53,59089,57434,47793,113153,110860,102912,11413,524030,9549,11366,9429,156,27409,10245,2102,8,5299
5,5,45106.8,16724,101637,104216,91917,47,40589,39464,31988,146414,143582,133472,14470,697970,11926,13511,11098,307,36077,12115,1940,8,5299
5,5,56886.3,19998.3,144270,104212,89252,48,44657,43295,34854,175218,171957,162982,17841,934685,13323,14009,11493,414,41426,12455,1089,8,5299
5,5,47590.6,13970.3,124217,83674.7,70770,55,34574,33495,26880,152575,149535,139830,15552,747433,11892,12842,10667,313,36655,11460,1320,8,5299
5,5,55175.5,23841.5,108149,91133.6,78415,67,53480,51913,42672,144908,142211,134179,15123,752833,11235,12925,10716,286,32749,11560,2056,8,5299
5,5,52769,17891.8,120388,55775.4,48303,57,44189,42833,34893,155165,152199,143636,16058,802601,6504,7751,6282,161,16903,6924,1487,8,5299
