K,dist,cost_ki,cost_hi,h_cost,vnum,gen_ki,push_ki,pop_ki,prune_ki,suc_call_ki,gen_hi,push_hi,pop_hi,prune_hi,suc_call_hi,reevaluate,density
4,17591.2,94676.1,49735.1,38615,5,2313,120140,113194,12931,638764,344,11471,9475,255,32047,1789,0.000943574
4,32521.4,94676.1,49735.1,38615,36,2313,120140,113194,12931,638764,344,11471,9475,255,32047,1789,0.000943574
4,35840.4,94676.1,49735.1,38615,38,2313,120140,113194,12931,638764,344,11471,9475,255,32047,1789,0.000943574
4,56708.1,94676.1,49735.1,38615,25,2313,120140,113194,12931,638764,344,11471,9475,255,32047,1789,0.000943574
4,17951,134705,130185,104202,18,3094,169720,160509,18164,945875,653,25396,21597,821,74690,3822,0.000943574
4,64133.9,134705,130185,104202,29,3094,169720,160509,18164,945875,653,25396,21597,821,74690,3822,0.000943574
4,67526.5,134705,130185,104202,69,3094,169720,160509,18164,945875,653,25396,21597,821,74690,3822,0.000943574
4,72705,134705,130185,104202,56,3094,169720,160509,18164,945875,653,25396,21597,821,74690,3822,0.000943574
4,13162.2,128203,47790.5,36704,18,3479,170636,158808,17491,825904,369,11605,9366,271,32910,929,0.000943574
4,25365.1,128203,47790.5,36704,30,3479,170636,158808,17491,825904,369,11605,9366,271,32910,929,0.000943574
4,34502.3,128203,47790.5,36704,4,3479,170636,158808,17491,825904,369,11605,9366,271,32910,929,0.000943574
4,47291.2,128203,47790.5,36704,40,3479,170636,158808,17491,825904,369,11605,9366,271,32910,929,0.000943574
4,14158.2,20790.2,18986.4,15353,6,918,34357,31110,3424,138925,150,4060,3220,74,9165,580,0.000943574
4,15307.7,20790.2,18986.4,15353,14,918,34357,31110,3424,138925,150,4060,3220,74,9165,580,0.000943574
4,26477.8,20790.2,18986.4,15353,27,918,34357,31110,3424,138925,150,4060,3220,74,9165,580,0.000943574
4,27288.1,20790.2,18986.4,15353,17,918,34357,31110,3424,138925,150,4060,3220,74,9165,580,0.000943574
4,8590.59,48153.6,22231.3,17403,12,1737,75132,67970,7570,313769,182,5478,4331,122,13156,645,0.000943574
4,14894.9,48153.6,22231.3,17403,11,1737,75132,67970,7570,313769,182,5478,4331,122,13156,645,0.000943574
4,31286.2,48153.6,22231.3,17403,27,1737,75132,67970,7570,313769,182,5478,4331,122,13156,645,0.000943574
4,33042.9,48153.6,22231.3,17403,31,1737,75132,67970,7570,313769,182,5478,4331,122,13156,645,0.000943574
4,21840.1,34154.3,38389.8,31568,19,1471,61704,55699,5968,253584,202,7085,5687,122,16208,1101,0.000943574
4,25929.6,34154.3,38389.8,31568,23,1471,61704,55699,5968,253584,202,7085,5687,122,16208,1101,0.000943574
4,29166.3,34154.3,38389.8,31568,27,1471,61704,55699,5968,253584,202,7085,5687,122,16208,1101,0.000943574
4,30225.9,34154.3,38389.8,31568,28,1471,61704,55699,5968,253584,202,7085,5687,122,16208,1101,0.000943574
4,30305,189188,75502,59428,20,3925,215542,206521,23206,1228659,430,15424,12864,371,46580,1743,0.000943574
4,41720.9,189188,75502,59428,15,3925,215542,206521,23206,1228659,430,15424,12864,371,46580,1743,0.000943574
4,50796.4,189188,75502,59428,6,3925,215542,206521,23206,1228659,430,15424,12864,371,46580,1743,0.000943574
4,63156.7,189188,75502,59428,64,3925,215542,206521,23206,1228659,430,15424,12864,371,46580,1743,0.000943574
4,18306.2,93433.2,53363.3,43407,4,2422,125780,118645,13522,672153,321,10238,8408,259,27235,1720,0.000943574
4,32286.8,93433.2,53363.3,43407,28,2422,125780,118645,13522,672153,321,10238,8408,259,27235,1720,0.000943574
4,34445.4,93433.2,53363.3,43407,43,2422,125780,118645,13522,672153,321,10238,8408,259,27235,1720,0.000943574
4,56849.1,93433.2,53363.3,43407,18,2422,125780,118645,13522,672153,321,10238,8408,259,27235,1720,0.000943574
4,20705.4,58970.8,38593.1,31329,22,2033,88914,80878,9058,382164,241,8061,6513,151,18268,1355,0.000943574
4,27335.7,58970.8,38593.1,31329,20,2033,88914,80878,9058,382164,241,8061,6513,151,18268,1355,0.000943574
4,30124.9,58970.8,38593.1,31329,29,2033,88914,80878,9058,382164,241,8061,6513,151,18268,1355,0.000943574
4,35612.1,58970.8,38593.1,31329,39,2033,88914,80878,9058,382164,241,8061,6513,151,18268,1355,0.000943574
4,13899.2,22460,23044.4,17856,23,1013,41485,37609,4163,176494,177,5442,4335,98,14199,596,0.000943574
4,20543.5,22460,23044.4,17856,5,1013,41485,37609,4163,176494,177,5442,4335,98,14199,596,0.000943574
4,32087.4,22460,23044.4,17856,14,1013,41485,37609,4163,176494,177,5442,4335,98,14199,596,0.000943574
4,33255.5,22460,23044.4,17856,32,1013,41485,37609,4163,176494,177,5442,4335,98,14199,596,0.000943574
4,6768.14,51741.2,32654.1,25529,7,1771,83048,77874,9102,421732,247,7682,6200,149,19277,1149,0.000943574
4,32502.7,51741.2,32654.1,25529,6,1771,83048,77874,9102,421732,247,7682,6200,149,19277,1149,0.000943574
4,41130.6,51741.2,32654.1,25529,28,1771,83048,77874,9102,421732,247,7682,6200,149,19277,1149,0.000943574
4,45209.5,51741.2,32654.1,25529,10,1771,83048,77874,9102,421732,247,7682,6200,149,19277,1149,0.000943574
4,51200.9,195187,182392,147505,41,4075,237411,227925,24588,1439790,832,34530,29812,939,112442,5176,0.000943574
4,60731.3,195187,182392,147505,68,4075,237411,227925,24588,1439790,832,34530,29812,939,112442,5176,0.000943574
4,61982.4,195187,182392,147505,62,4075,237411,227925,24588,1439790,832,34530,29812,939,112442,5176,0.000943574
4,81581.6,195187,182392,147505,39,4075,237411,227925,24588,1439790,832,34530,29812,939,112442,5176,0.000943574
4,8750.46,52068.9,46147.8,35965,3,1783,83602,78252,9253,428715,338,10419,8548,219,28520,1500,0.000943574
4,36487.7,52068.9,46147.8,35965,10,1783,83602,78252,9253,428715,338,10419,8548,219,28520,1500,0.000943574
4,45202,52068.9,46147.8,35965,34,1783,83602,78252,9253,428715,338,10419,8548,219,28520,1500,0.000943574
4,48137.4,52068.9,46147.8,35965,26,1783,83602,78252,9253,428715,338,10419,8548,219,28520,1500,0.000943574
4,59814.3,160747,203616,166531,80,3565,204965,195250,21250,1184918,861,34902,29943,1179,109463,4692,0.000943574
4,71021.9,160747,203616,166531,78,3565,204965,195250,21250,1184918,861,34902,29943,1179,109463,4692,0.000943574
4,76101.9,160747,203616,166531,70,3565,204965,195250,21250,1184918,861,34902,29943,1179,109463,4692,0.000943574
4,76270.2,160747,203616,166531,14,3565,204965,195250,21250,1184918,861,34902,29943,1179,109463,4692,0.000943574
4,67748.2,218189,271233,223563,56,4137,252568,241939,26417,1560033,982,45671,40067,1349,146094,7847,0.000943574
4,69281.1,218189,271233,223563,43,4137,252568,241939,26417,1560033,982,45671,40067,1349,146094,7847,0.000943574
4,81324.7,218189,271233,223563,54,4137,252568,241939,26417,1560033,982,45671,40067,1349,146094,7847,0.000943574
4,89716.2,218189,271233,223563,41,4137,252568,241939,26417,1560033,982,45671,40067,1349,146094,7847,0.000943574
4,41787.9,226316,128799,100060,41,3992,237209,227879,25356,1432307,635,27087,23383,656,89578,3522,0.000943574
4,63339.7,226316,128799,100060,16,3992,237209,227879,25356,1432307,635,27087,23383,656,89578,3522,0.000943574
4,72415.2,226316,128799,100060,7,3992,237209,227879,25356,1432307,635,27087,23383,656,89578,3522,0.000943574
4,83685.1,226316,128799,100060,54,3992,237209,227879,25356,1432307,635,27087,23383,656,89578,3522,0.000943574
4,20890.2,53989.3,38125.1,29668,3,1955,87228,80614,8730,395781,230,8607,7017,205,23977,821,0.000943574
4,26953.1,53989.3,38125.1,29668,8,1955,87228,80614,8730,395781,230,8607,7017,205,23977,821,0.000943574
4,38970.8,53989.3,38125.1,29668,30,1955,87228,80614,8730,395781,230,8607,7017,205,23977,821,0.000943574
4,39973.1,53989.3,38125.1,29668,51,1955,87228,80614,8730,395781,230,8607,7017,205,23977,821,0.000943574
4,20719.6,44269.6,29529.4,23681,9,1671,72848,67133,7285,323026,176,5856,4688,114,15262,594,0.000943574
4,26968.1,44269.6,29529.4,23681,2,1671,72848,67133,7285,323026,176,5856,4688,114,15262,594,0.000943574
4,36105.9,44269.6,29529.4,23681,33,1671,72848,67133,7285,323026,176,5856,4688,114,15262,594,0.000943574
4,36517.9,44269.6,29529.4,23681,18,1671,72848,67133,7285,323026,176,5856,4688,114,15262,594,0.000943574
4,21298.7,169434,59958.3,46866,21,3988,207913,197747,21635,1146030,381,13484,11269,421,39372,1965,0.000943574
4,31701.1,169434,59958.3,46866,26,3988,207913,197747,21635,1146030,381,13484,11269,421,39372,1965,0.000943574
4,36478.2,169434,59958.3,46866,32,3988,207913,197747,21635,1146030,381,13484,11269,421,39372,1965,0.000943574
4,57732.8,169434,59958.3,46866,45,3988,207913,197747,21635,1146030,381,13484,11269,421,39372,1965,0.000943574
4,17879.2,127314,112372,91762,10,3221,175292,166203,18709,960776,547,20597,17672,819,64910,2593,0.000943574
4,61821,127314,112372,91762,62,3221,175292,166203,18709,960776,547,20597,17672,819,64910,2593,0.000943574
4,63848.9,127314,112372,91762,3,3221,175292,166203,18709,960776,547,20597,17672,819,64910,2593,0.000943574
4,68743.1,127314,112372,91762,54,3221,175292,166203,18709,960776,547,20597,17672,819,64910,2593,0.000943574
4,16922.3,40856.4,20019.7,16082,4,1485,64143,59015,6499,278072,126,4376,3479,52,9602,658,0.000943574
4,30671.9,40856.4,20019.7,16082,5,1485,64143,59015,6499,278072,126,4376,3479,52,9602,658,0.000943574
4,32501,40856.4,20019.7,16082,32,1485,64143,59015,6499,278072,126,4376,3479,52,9602,658,0.000943574
4,33334.3,40856.4,20019.7,16082,8,1485,64143,59015,6499,278072,126,4376,3479,52,9602,658,0.000943574
4,41752.3,201720,141734,112499,38,4089,227524,218354,23738,1344852,708,28410,24421,741,85938,4495,0.000943574
4,51395.6,201720,141734,112499,38,4089,227524,218354,23738,1344852,708,28410,24421,741,85938,4495,0.000943574
4,54325.1,201720,141734,112499,62,4089,227524,218354,23738,1344852,708,28410,24421,741,85938,4495,0.000943574
4,73640.6,201720,141734,112499,34,4089,227524,218354,23738,1344852,708,28410,24421,741,85938,4495,0.000943574
4,43568.1,208230,126004,97810,43,4079,241843,232298,25670,1461517,633,27035,23236,671,90631,3474,0.000943574
4,61520.5,208230,126004,97810,9,4079,241843,232298,25670,1461517,633,27035,23236,671,90631,3474,0.000943574
4,71120.5,208230,126004,97810,7,4079,241843,232298,25670,1461517,633,27035,23236,671,90631,3474,0.000943574
4,83632.6,208230,126004,97810,69,4079,241843,232298,25670,1461517,633,27035,23236,671,90631,3474,0.000943574
4,19220.2,63559.3,48692.7,38433,6,2104,95298,88270,9549,439331,272,10256,8470,275,29398,1070,0.000943574
4,29139.7,63559.3,48692.7,38433,14,2104,95298,88270,9549,439331,272,10256,8470,275,29398,1070,0.000943574
4,40192.1,63559.3,48692.7,38433,38,2104,95298,88270,9549,439331,272,10256,8470,275,29398,1070,0.000943574
4,42197.8,63559.3,48692.7,38433,48,2104,95298,88270,9549,439331,272,10256,8470,275,29398,1070,0.000943574
4,14865.2,82164.5,38166.3,30698,9,2278,117562,110771,12575,622033,242,7876,6386,206,18919,1468,0.000943574
4,27929.1,82164.5,38166.3,30698,25,2278,117562,110771,12575,622033,242,7876,6386,206,18919,1468,0.000943574
4,30488,82164.5,38166.3,30698,37,2278,117562,110771,12575,622033,242,7876,6386,206,18919,1468,0.000943574
4,52491.4,82164.5,38166.3,30698,15,2278,117562,110771,12575,622033,242,7876,6386,206,18919,1468,0.000943574
4,26847.4,150929,171045,136258,21,3328,191838,181641,20139,1097073,781,31739,27370,1147,101961,4304,0.000943574
4,73689.7,150929,171045,136258,25,3328,191838,181641,20139,1097073,781,31739,27370,1147,101961,4304,0.000943574
4,74698.1,150929,171045,136258,72,3328,191838,181641,20139,1097073,781,31739,27370,1147,101961,4304,0.000943574
4,81133.3,150929,171045,136258,81,3328,191838,181641,20139,1097073,781,31739,27370,1147,101961,4304,0.000943574
4,5264.31,61383.7,23742,18188,8,1883,92513,86281,9893,464979,212,5809,4646,123,15591,753,0.000943574
4,19913.8,61383.7,23742,18188,16,1883,92513,86281,9893,464979,212,5809,4646,123,15591,753,0.000943574
4,25582.8,61383.7,23742,18188,24,1883,92513,86281,9893,464979,212,5809,4646,123,15591,753,0.000943574
4,43854.3,61383.7,23742,18188,23,1883,92513,86281,9893,464979,212,5809,4646,123,15591,753,0.000943574
4,45085.5,183074,90515.5,71838,6,3855,222924,213201,23726,1350998,520,19493,16619,666,61131,3315,0.000943574
4,49660.8,183074,90515.5,71838,56,3855,222924,213201,23726,1350998,520,19493,16619,666,61131,3315,0.000943574
4,53072.1,183074,90515.5,71838,20,3855,222924,213201,23726,1350998,520,19493,16619,666,61131,3315,0.000943574
4,80619.5,183074,90515.5,71838,31,3855,222924,213201,23726,1350998,520,19493,16619,666,61131,3315,0.000943574
4,6135.43,49508.1,14906.3,11569,9,1596,71026,64722,7022,306809,129,3733,2936,74,9114,367,0.000943574
4,6466.74,49508.1,14906.3,11569,10,1596,71026,64722,7022,306809,129,3733,2936,74,9114,367,0.000943574
4,20988.7,49508.1,14906.3,11569,15,1596,71026,64722,7022,306809,129,3733,2936,74,9114,367,0.000943574
4,32573.8,49508.1,14906.3,11569,24,1596,71026,64722,7022,306809,129,3733,2936,74,9114,367,0.000943574
4,24597.8,56592.8,61235.3,51409,26,1895,89386,83336,9203,444345,283,10463,8535,140,24731,1999,0.000943574
4,34782.5,56592.8,61235.3,51409,25,1895,89386,83336,9203,444345,283,10463,8535,140,24731,1999,0.000943574
4,46178.4,56592.8,61235.3,51409,32,1895,89386,83336,9203,444345,283,10463,8535,140,24731,1999,0.000943574
4,48043.8,56592.8,61235.3,51409,9,1895,89386,83336,9203,444345,283,10463,8535,140,24731,1999,0.000943574
4,11691.3,83389.4,39950.2,30584,8,2394,113709,106254,11849,548816,258,9292,7676,276,25379,1069,0.000943574
4,36215.2,83389.4,39950.2,30584,4,2394,113709,106254,11849,548816,258,9292,7676,276,25379,1069,0.000943574
4,41314.3,83389.4,39950.2,30584,44,2394,113709,106254,11849,548816,258,9292,7676,276,25379,1069,0.000943574
4,44754.2,83389.4,39950.2,30584,41,2394,113709,106254,11849,548816,258,9292,7676,276,25379,1069,0.000943574
4,42091.4,154329,69017.9,57624,37,3461,193593,183858,20478,1123841,361,13011,10908,272,31529,3077,0.000943574
4,43385.7,154329,69017.9,57624,25,3461,193593,183858,20478,1123841,361,13011,10908,272,31529,3077,0.000943574
4,47114,154329,69017.9,57624,6,3461,193593,183858,20478,1123841,361,13011,10908,272,31529,3077,0.000943574
4,74605.9,154329,69017.9,57624,15,3461,193593,183858,20478,1123841,361,13011,10908,272,31529,3077,0.000943574
4,48096.9,149734,133388,108749,64,3490,193810,183972,20338,1073178,605,23134,19559,657,65967,3585,0.000943574
4,59713.2,149734,133388,108749,62,3490,193810,183972,20338,1073178,605,23134,19559,657,65967,3585,0.000943574
4,64944.7,149734,133388,108749,7,3490,193810,183972,20338,1073178,605,23134,19559,657,65967,3585,0.000943574
4,65752.1,149734,133388,108749,57,3490,193810,183972,20338,1073178,605,23134,19559,657,65967,3585,0.000943574
4,30359.8,185851,62516.9,48046,16,3942,215468,206388,23260,1225311,399,14845,12368,357,45545,1536,0.000943574
4,40027,185851,62516.9,48046,15,3942,215468,206388,23260,1225311,399,14845,12368,357,45545,1536,0.000943574
4,49103,185851,62516.9,48046,6,3942,215468,206388,23260,1225311,399,14845,12368,357,45545,1536,0.000943574
4,61968.4,185851,62516.9,48046,57,3942,215468,206388,23260,1225311,399,14845,12368,357,45545,1536,0.000943574
4,30976.2,107337,82717.8,66083,8,2709,144468,136304,15676,796117,481,17292,14568,437,54473,2800,0.000943574
4,45791.5,107337,82717.8,66083,37,2709,144468,136304,15676,796117,481,17292,14568,437,54473,2800,0.000943574
4,47019.4,107337,82717.8,66083,48,2709,144468,136304,15676,796117,481,17292,14568,437,54473,2800,0.000943574
4,70093.1,107337,82717.8,66083,28,2709,144468,136304,15676,796117,481,17292,14568,437,54473,2800,0.000943574
4,17741.3,44981,25267.6,20975,22,1702,73426,67455,7389,321144,140,5196,4130,66,10848,971,0.000943574
4,25287.7,44981,25267.6,20975,25,1702,73426,67455,7389,321144,140,5196,4130,66,10848,971,0.000943574
4,25965.1,44981,25267.6,20975,7,1702,73426,67455,7389,321144,140,5196,4130,66,10848,971,0.000943574
4,33571.8,44981,25267.6,20975,28,1702,73426,67455,7389,321144,140,5196,4130,66,10848,971,0.000943574
4,23286.3,123771,40779.8,32682,10,3328,160185,148582,16836,769321,268,9102,7359,166,22804,1138,0.000943574
4,31542.9,123771,40779.8,32682,28,3328,160185,148582,16836,769321,268,9102,7359,166,22804,1138,0.000943574
4,32307.4,123771,40779.8,32682,7,3328,160185,148582,16836,769321,268,9102,7359,166,22804,1138,0.000943574
4,45871.7,123771,40779.8,32682,48,3328,160185,148582,16836,769321,268,9102,7359,166,22804,1138,0.000943574
4,25390.3,28138.4,43880,36743,22,1269,52316,47156,4893,211663,238,7771,6166,169,19387,793,0.000943574
4,27347.2,28138.4,43880,36743,22,1269,52316,47156,4893,211663,238,7771,6166,169,19387,793,0.000943574
4,27979.6,28138.4,43880,36743,31,1269,52316,47156,4893,211663,238,7771,6166,169,19387,793,0.000943574
4,28145.3,28138.4,43880,36743,28,1269,52316,47156,4893,211663,238,7771,6166,169,19387,793,0.000943574
4,11272.7,35170.1,21007.7,16634,3,1513,63562,57318,6087,262305,180,4972,3982,112,11282,716,0.000943574
4,13433.8,35170.1,21007.7,16634,16,1513,63562,57318,6087,262305,180,4972,3982,112,11282,716,0.000943574
4,27116.2,35170.1,21007.7,16634,24,1513,63562,57318,6087,262305,180,4972,3982,112,11282,716,0.000943574
4,30593.8,35170.1,21007.7,16634,31,1513,63562,57318,6087,262305,180,4972,3982,112,11282,716,0.000943574
4,57407,177570,174223,142086,72,3815,224707,215283,23292,1345982,719,31340,27092,893,85069,6966,0.000943574
4,67311.4,177570,174223,142086,68,3815,224707,215283,23292,1345982,719,31340,27092,893,85069,6966,0.000943574
4,70221.7,177570,174223,142086,91,3815,224707,215283,23292,1345982,719,31340,27092,893,85069,6966,0.000943574
4,81692.2,177570,174223,142086,18,3815,224707,215283,23292,1345982,719,31340,27092,893,85069,6966,0.000943574
4,35862.6,110988,124625,99369,32,2692,146739,138259,15734,828511,623,24497,21178,769,86105,3815,0.000943574
4,51111,110988,124625,99369,59,2692,146739,138259,15734,828511,623,24497,21178,769,86105,3815,0.000943574
4,53049.3,110988,124625,99369,64,2692,146739,138259,15734,828511,623,24497,21178,769,86105,3815,0.000943574
4,75137.7,110988,124625,99369,50,2692,146739,138259,15734,828511,623,24497,21178,769,86105,3815,0.000943574
4,16493.1,131290,107659,87496,12,3233,172322,163407,18571,937183,534,19817,16941,724,61112,2665,0.000943574
4,59236.9,131290,107659,87496,57,3233,172322,163407,18571,937183,534,19817,16941,724,61112,2665,0.000943574
4,62059.3,131290,107659,87496,7,3233,172322,163407,18571,937183,534,19817,16941,724,61112,2665,0.000943574
4,66159,131290,107659,87496,49,3233,172322,163407,18571,937183,534,19817,16941,724,61112,2665,0.000943574
4,16421,123648,80122.7,64930,8,3060,157053,148681,16999,825590,380,15254,12900,361,43303,2408,0.000943574
4,42582.6,123648,80122.7,64930,37,3060,157053,148681,16999,825590,380,15254,12900,361,43303,2408,0.000943574
4,50258.6,123648,80122.7,64930,37,3060,157053,148681,16999,825590,380,15254,12900,361,43303,2408,0.000943574
4,52746.6,123648,80122.7,64930,37,3060,157053,148681,16999,825590,380,15254,12900,361,43303,2408,0.000943574
4,68094.8,215022,268727,219172,72,4117,248370,237376,26074,1504406,1075,47979,42037,1490,157007,7564,0.000943574
4,71438.9,215022,268727,219172,52,4117,248370,237376,26074,1504406,1075,47979,42037,1490,157007,7564,0.000943574
4,80297.7,215022,268727,219172,84,4117,248370,237376,26074,1504406,1075,47979,42037,1490,157007,7564,0.000943574
4,88042.2,215022,268727,219172,62,4117,248370,237376,26074,1504406,1075,47979,42037,1490,157007,7564,0.000943574
4,7706.99,37954.7,16286.2,12495,3,1372,58296,52374,5654,237465,163,4010,3114,65,9166,474,0.000943574
4,11431,37954.7,16286.2,12495,10,1372,58296,52374,5654,237465,163,4010,3114,65,9166,474,0.000943574
4,28392.8,37954.7,16286.2,12495,27,1372,58296,52374,5654,237465,163,4010,3114,65,9166,474,0.000943574
4,29585.5,37954.7,16286.2,12495,29,1372,58296,52374,5654,237465,163,4010,3114,65,9166,474,0.000943574
4,40859.8,148750,68514,57876,34,3350,185634,175873,19516,1065593,312,11959,10007,178,26492,2961,0.000943574
4,44253.9,148750,68514,57876,27,3350,185634,175873,19516,1065593,312,11959,10007,178,26492,2961,0.000943574
4,46606.2,148750,68514,57876,3,3350,185634,175873,19516,1065593,312,11959,10007,178,26492,2961,0.000943574
4,74056.9,148750,68514,57876,14,3350,185634,175873,19516,1065593,312,11959,10007,178,26492,2961,0.000943574
4,15258.7,86469.8,31496.5,24467,4,2593,120438,110150,12287,539644,242,7072,5709,118,19241,631,0.000943574
4,26776.7,86469.8,31496.5,24467,16,2593,120438,110150,12287,539644,242,7072,5709,118,19241,631,0.000943574
4,39754.4,86469.8,31496.5,24467,16,2593,120438,110150,12287,539644,242,7072,5709,118,19241,631,0.000943574
4,40379,86469.8,31496.5,24467,34,2593,120438,110150,12287,539644,242,7072,5709,118,19241,631,0.000943574
4,51960.3,198952,185377,149126,44,4071,239089,229562,24719,1454711,843,35036,30255,947,114896,5161,0.000943574
4,61485.8,198952,185377,149126,67,4071,239089,229562,24719,1454711,843,35036,30255,947,114896,5161,0.000943574
4,62488.6,198952,185377,149126,64,4071,239089,229562,24719,1454711,843,35036,30255,947,114896,5161,0.000943574
4,82459.6,198952,185377,149126,38,4071,239089,229562,24719,1454711,843,35036,30255,947,114896,5161,0.000943574
4,21865,56023.8,87869.7,69043,30,1748,85533,79951,9006,445538,529,18220,15554,525,56004,2695,0.000943574
4,47987.3,56023.8,87869.7,69043,46,1748,85533,79951,9006,445538,529,18220,15554,525,56004,2695,0.000943574
4,52903.5,56023.8,87869.7,69043,18,1748,85533,79951,9006,445538,529,18220,15554,525,56004,2695,0.000943574
4,58680.6,56023.8,87869.7,69043,61,1748,85533,79951,9006,445538,529,18220,15554,525,56004,2695,0.000943574
4,27161.3,145987,46510.1,36546,6,3519,184550,174984,19383,1021825,304,10371,8586,311,28877,1536,0.000943574
4,32705.7,145987,46510.1,36546,43,3519,184550,174984,19383,1021825,304,10371,8586,311,28877,1536,0.000943574
4,34529,145987,46510.1,36546,15,3519,184550,174984,19383,1021825,304,10371,8586,311,28877,1536,0.000943574
4,62076.4,145987,46510.1,36546,26,3519,184550,174984,19383,1021825,304,10371,8586,311,28877,1536,0.000943574
4,47267.8,215917,133710,106253,20,4126,244087,234448,25364,1500721,675,27139,23412,977,86620,4281,0.000943574
4,54489.3,215917,133710,106253,66,4126,244087,234448,25364,1500721,675,27139,23412,977,86620,4281,0.000943574
4,56199.4,215917,133710,106253,38,4126,244087,234448,25364,1500721,675,27139,23412,977,86620,4281,0.000943574
4,83746.8,215917,133710,106253,49,4126,244087,234448,25364,1500721,675,27139,23412,977,86620,4281,0.000943574
4,23967.6,134524,56609.2,44108,10,3395,171775,161807,18330,891099,342,12918,10691,230,36492,1729,0.000943574
4,33451.6,134524,56609.2,44108,19,3395,171775,161807,18330,891099,342,12918,10691,230,36492,1729,0.000943574
4,41897.8,134524,56609.2,44108,18,3395,171775,161807,18330,891099,342,12918,10691,230,36492,1729,0.000943574
4,50821.9,134524,56609.2,44108,47,3395,171775,161807,18330,891099,342,12918,10691,230,36492,1729,0.000943574
4,6564.2,58760.6,23155.9,17723,6,2119,93941,85398,9411,406329,186,5860,4664,142,14329,597,0.000943574
4,15853.1,58760.6,23155.9,17723,9,2119,93941,85398,9411,406329,186,5860,4664,142,14329,597,0.000943574
4,31082.8,58760.6,23155.9,17723,22,2119,93941,85398,9411,406329,186,5860,4664,142,14329,597,0.000943574
4,36406,58760.6,23155.9,17723,36,2119,93941,85398,9411,406329,186,5860,4664,142,14329,597,0.000943574
4,73899.4,227733,335092,271720,72,4142,254805,243760,26512,1568439,1211,55795,49263,1745,189072,8395,0.000943574
4,75638.5,227733,335092,271720,61,4142,254805,243760,26512,1568439,1211,55795,49263,1745,189072,8395,0.000943574
4,86102.2,227733,335092,271720,84,4142,254805,243760,26512,1568439,1211,55795,49263,1745,189072,8395,0.000943574
4,93846.8,227733,335092,271720,62,4142,254805,243760,26512,1568439,1211,55795,49263,1745,189072,8395,0.000943574
4,25798.6,37556.7,39541.4,31877,29,1498,62064,56701,6097,259491,234,7963,6430,183,19423,1117,0.000943574
4,26737.5,37556.7,39541.4,31877,19,1498,62064,56701,6097,259491,234,7963,6430,183,19423,1117,0.000943574
4,28419,37556.7,39541.4,31877,25,1498,62064,56701,6097,259491,234,7963,6430,183,19423,1117,0.000943574
4,30852.6,37556.7,39541.4,31877,33,1498,62064,56701,6097,259491,234,7963,6430,183,19423,1117,0.000943574
4,18918.8,59086.9,53713.5,40429,8,1861,88933,83151,9636,461584,395,12838,10633,314,40716,1385,0.000943574
4,45303.8,59086.9,53713.5,40429,5,1861,88933,83151,9636,461584,395,12838,10633,314,40716,1385,0.000943574
4,48890.1,59086.9,53713.5,40429,41,1861,88933,83151,9636,461584,395,12838,10633,314,40716,1385,0.000943574
4,53893.5,59086.9,53713.5,40429,23,1861,88933,83151,9636,461584,395,12838,10633,314,40716,1385,0.000943574
4,24623.2,93030.9,56386.2,46362,7,2669,137910,130263,14646,744362,360,11624,9614,296,31094,1848,0.000943574
4,38321.4,93030.9,56386.2,46362,27,2669,137910,130263,14646,744362,360,11624,9614,296,31094,1848,0.000943574
4,38763.9,93030.9,56386.2,46362,40,2669,137910,130263,14646,744362,360,11624,9614,296,31094,1848,0.000943574
4,62935.4,93030.9,56386.2,46362,17,2669,137910,130263,14646,744362,360,11624,9614,296,31094,1848,0.000943574
4,15801.9,41789.8,28285.8,23874,17,1634,71207,66380,7434,339050,130,4968,3942,44,10009,1005,0.000943574
4,34044.7,41789.8,28285.8,23874,10,1634,71207,66380,7434,339050,130,4968,3942,44,10009,1005,0.000943574
4,35334.5,41789.8,28285.8,23874,21,1634,71207,66380,7434,339050,130,4968,3942,44,10009,1005,0.000943574
4,37973,41789.8,28285.8,23874,3,1634,71207,66380,7434,339050,130,4968,3942,44,10009,1005,0.000943574
4,3518.22,76077.4,25720.1,20112,4,2476,116977,107666,11905,537543,189,5316,4247,144,14768,471,0.000943574
4,15306.4,76077.4,25720.1,20112,20,2476,116977,107666,11905,537543,189,5316,4247,144,14768,471,0.000943574
4,25398.4,76077.4,25720.1,20112,9,2476,116977,107666,11905,537543,189,5316,4247,144,14768,471,0.000943574
4,40282.1,76077.4,25720.1,20112,32,2476,116977,107666,11905,537543,189,5316,4247,144,14768,471,0.000943574
4,31403.5,171674,69412.6,55850,8,3836,207812,198555,21889,1198117,391,14472,12180,449,42815,2050,0.000943574
4,38750.4,171674,69412.6,55850,42,3836,207812,198555,21889,1198117,391,14472,12180,449,42815,2050,0.000943574
4,39995.8,171674,69412.6,55850,26,3836,207812,198555,21889,1198117,391,14472,12180,449,42815,2050,0.000943574
4,67543.2,171674,69412.6,55850,37,3836,207812,198555,21889,1198117,391,14472,12180,449,42815,2050,0.000943574
4,12286.7,50530.2,47123.1,37300,3,1696,79292,74085,8684,402501,308,9860,7917,191,29885,574,0.000943574
4,39473.9,50530.2,47123.1,37300,8,1696,79292,74085,8684,402501,308,9860,7917,191,29885,574,0.000943574
4,48120.2,50530.2,47123.1,37300,30,1696,79292,74085,8684,402501,308,9860,7917,191,29885,574,0.000943574
4,48156,50530.2,47123.1,37300,25,1696,79292,74085,8684,402501,308,9860,7917,191,29885,574,0.000943574
4,23923.8,142166,43661.1,35951,14,3400,167966,156150,17487,813065,232,8009,6520,78,19585,1458,0.000943574
4,35708.9,142166,43661.1,35951,24,3400,167966,156150,17487,813065,232,8009,6520,78,19585,1458,0.000943574
4,39902,142166,43661.1,35951,26,3400,167966,156150,17487,813065,232,8009,6520,78,19585,1458,0.000943574
4,47154.8,142166,43661.1,35951,9,3400,167966,156150,17487,813065,232,8009,6520,78,19585,1458,0.000943574
4,32210.7,172165,90123.6,72817,46,3790,196961,187245,20457,1065806,466,18116,15338,394,49103,3265,0.000943574
4,43826.9,172165,90123.6,72817,44,3790,196961,187245,20457,1065806,466,18116,15338,394,49103,3265,0.000943574
4,50396.8,172165,90123.6,72817,42,3790,196961,187245,20457,1065806,466,18116,15338,394,49103,3265,0.000943574
4,56943.7,172165,90123.6,72817,22,3790,196961,187245,20457,1065806,466,18116,15338,394,49103,3265,0.000943574
4,52351.8,183518,162804,133633,54,3954,223438,212896,23306,1271455,706,29273,25213,817,85957,4869,0.000943574
4,59141.5,183518,162804,133633,26,3954,223438,212896,23306,1271455,706,29273,25213,817,85957,4869,0.000943574
4,64459.8,183518,162804,133633,51,3954,223438,212896,23306,1271455,706,29273,25213,817,85957,4869,0.000943574
4,72497.7,183518,162804,133633,41,3954,223438,212896,23306,1271455,706,29273,25213,817,85957,4869,0.000943574
4,31475.6,144690,188387,150095,26,3350,193071,182667,19938,1118305,896,35879,31017,1206,114653,5227,0.000943574
4,77960.9,144690,188387,150095,31,3350,193071,182667,19938,1118305,896,35879,31017,1206,114653,5227,0.000943574
4,79898.4,144690,188387,150095,81,3350,193071,182667,19938,1118305,896,35879,31017,1206,114653,5227,0.000943574
4,85834.9,144690,188387,150095,72,3350,193071,182667,19938,1118305,896,35879,31017,1206,114653,5227,0.000943574
4,71806.6,218177,315081,256872,58,4155,256594,245651,26652,1594398,1125,51401,45176,1612,173539,7760,0.000943574
4,71973.6,218177,315081,256872,52,4155,256594,245651,26652,1594398,1125,51401,45176,1612,173539,7760,0.000943574
4,84017.2,218177,315081,256872,63,4155,256594,245651,26652,1594398,1125,51401,45176,1612,173539,7760,0.000943574
4,92252.3,218177,315081,256872,54,4155,256594,245651,26652,1594398,1125,51401,45176,1612,173539,7760,0.000943574
4,9924.06,106043,32524.7,24912,10,2975,142178,130826,14473,654502,243,8116,6496,201,21651,659,0.000943574
4,21713.6,106043,32524.7,24912,19,2975,142178,130826,14473,654502,243,8116,6496,201,21651,659,0.000943574
4,33890.7,106043,32524.7,24912,12,2975,142178,130826,14473,654502,243,8116,6496,201,21651,659,0.000943574
4,43349.5,106043,32524.7,24912,47,2975,142178,130826,14473,654502,243,8116,6496,201,21651,659,0.000943574
4,19873.2,46213.6,39021.1,31869,20,1745,76708,71483,8041,365497,195,7629,6209,122,17877,1319,0.000943574
4,31779.6,46213.6,39021.1,31869,22,1745,76708,71483,8041,365497,195,7629,6209,122,17877,1319,0.000943574
4,38924.5,46213.6,39021.1,31869,31,1745,76708,71483,8041,365497,195,7629,6209,122,17877,1319,0.000943574
4,40244.7,46213.6,39021.1,31869,9,1745,76708,71483,8041,365497,195,7629,6209,122,17877,1319,0.000943574
4,20853.7,165087,65614.4,50315,13,3833,199703,189571,20621,1095548,406,14064,11865,511,43870,1633,0.000943574
4,30239.1,165087,65614.4,50315,23,3833,199703,189571,20621,1095548,406,14064,11865,511,43870,1633,0.000943574
4,34260.9,165087,65614.4,50315,35,3833,199703,189571,20621,1095548,406,14064,11865,511,43870,1633,0.000943574
4,57786.5,165087,65614.4,50315,34,3833,199703,189571,20621,1095548,406,14064,11865,511,43870,1633,0.000943574
4,55987,188491,179895,147313,60,3800,220031,210614,22913,1306692,723,31658,27419,977,86992,7039,0.000943574
4,65985.6,188491,179895,147313,57,3800,220031,210614,22913,1306692,723,31658,27419,977,86992,7039,0.000943574
4,69582,188491,179895,147313,83,3800,220031,210614,22913,1306692,723,31658,27419,977,86992,7039,0.000943574
4,79084.1,188491,179895,147313,12,3800,220031,210614,22913,1306692,723,31658,27419,977,86992,7039,0.000943574
4,9003.82,48020.1,18096.8,14800,10,1694,75576,70681,7937,373001,123,3933,3157,51,8096,1003,0.000943574
4,30861.9,48020.1,18096.8,14800,11,1694,75576,70681,7937,373001,123,3933,3157,51,8096,1003,0.000943574
4,36839,48020.1,18096.8,14800,20,1694,75576,70681,7937,373001,123,3933,3157,51,8096,1003,0.000943574
4,39469.7,48020.1,18096.8,14800,3,1694,75576,70681,7937,373001,123,3933,3157,51,8096,1003,0.000943574
4,11883.2,87653.2,66332.5,51976,12,2526,120724,113203,12535,607783,351,13897,11638,389,39782,1730,0.000943574
4,38173.5,87653.2,66332.5,51976,20,2526,120724,113203,12535,607783,351,13897,11638,389,39782,1730,0.000943574
4,47393.8,87653.2,66332.5,51976,44,2526,120724,113203,12535,607783,351,13897,11638,389,39782,1730,0.000943574
4,49947.6,87653.2,66332.5,51976,60,2526,120724,113203,12535,607783,351,13897,11638,389,39782,1730,0.000943574
4,15927.3,121095,86315.9,69111,20,3118,161588,153142,17380,862633,468,17739,15016,510,52930,2267,0.000943574
4,48360.5,121095,86315.9,69111,43,3118,161588,153142,17380,862633,468,17739,15016,510,52930,2267,0.000943574
4,56257.6,121095,86315.9,69111,40,3118,161588,153142,17380,862633,468,17739,15016,510,52930,2267,0.000943574
4,57203.4,121095,86315.9,69111,25,3118,161588,153142,17380,862633,468,17739,15016,510,52930,2267,0.000943574
4,51577.7,212044,118350,98836,57,4079,241751,232252,25513,1469064,468,20413,17508,419,50135,5174,0.000943574
4,61149.1,212044,118350,98836,17,4079,241751,232252,25513,1469064,468,20413,17508,419,50135,5174,0.000943574
4,72513.9,212044,118350,98836,28,4079,241751,232252,25513,1469064,468,20413,17508,419,50135,5174,0.000943574
4,83208.3,212044,118350,98836,4,4079,241751,232252,25513,1469064,468,20413,17508,419,50135,5174,0.000943574
4,23390.2,34103.9,33410.1,27251,16,1390,58410,53242,5737,243101,203,6862,5465,123,16484,945,0.000943574
4,27704,34103.9,33410.1,27251,28,1390,58410,53242,5737,243101,203,6862,5465,123,16484,945,0.000943574
4,28184.3,34103.9,33410.1,27251,18,1390,58410,53242,5737,243101,203,6862,5465,123,16484,945,0.000943574
4,29796.2,34103.9,33410.1,27251,35,1390,58410,53242,5737,243101,203,6862,5465,123,16484,945,0.000943574
4,13251.1,33377.1,26355.2,21708,17,1355,57266,53145,6012,272188,166,5570,4527,145,12415,1000,0.000943574
4,25114.4,33377.1,26355.2,21708,29,1355,57266,53145,6012,272188,166,5570,4527,145,12415,1000,0.000943574
4,29452.7,33377.1,26355.2,21708,4,1355,57266,53145,6012,272188,166,5570,4527,145,12415,1000,0.000943574
4,36292.5,33377.1,26355.2,21708,47,1355,57266,53145,6012,272188,166,5570,4527,145,12415,1000,0.000943574
4,34790.8,191670,85467.4,67044,22,4048,226233,217360,24163,1312471,495,19277,16192,460,60169,2324,0.000943574
4,45976.9,191670,85467.4,67044,9,4048,226233,217360,24163,1312471,495,19277,16192,460,60169,2324,0.000943574
4,55578.3,191670,85467.4,67044,8,4048,226233,217360,24163,1312471,495,19277,16192,460,60169,2324,0.000943574
4,68866.7,191670,85467.4,67044,69,4048,226233,217360,24163,1312471,495,19277,16192,460,60169,2324,0.000943574
4,32658.9,160476,198799,158466,36,3378,196862,186241,20231,1147679,944,37840,32808,1266,123719,5485,0.000943574
4,79001.1,160476,198799,158466,35,3378,196862,186241,20231,1147679,944,37840,32808,1266,123719,5485,0.000943574
4,81146.6,160476,198799,158466,83,3378,196862,186241,20231,1147679,944,37840,32808,1266,123719,5485,0.000943574
4,87131.2,160476,198799,158466,74,3378,196862,186241,20231,1147679,944,37840,32808,1266,123719,5485,0.000943574
4,14202.8,103196,104181,84149,14,2703,134941,126990,14318,716354,511,20357,17317,623,61524,2616,0.000943574
4,45178.1,103196,104181,84149,34,2703,134941,126990,14318,716354,511,20357,17317,623,61524,2616,0.000943574
4,56611.6,103196,104181,84149,58,2703,134941,126990,14318,716354,511,20357,17317,623,61524,2616,0.000943574
4,58718.2,103196,104181,84149,62,2703,134941,126990,14318,716354,511,20357,17317,623,61524,2616,0.000943574
4,16751.8,129646,30830,23683,3,3287,162711,153971,16858,868230,258,7813,6343,174,21200,877,0.000943574
4,24802.9,129646,30830,23683,17,3287,162711,153971,16858,868230,258,7813,6343,174,21200,877,0.000943574
4,27205.9,129646,30830,23683,28,3287,162711,153971,16858,868230,258,7813,6343,174,21200,877,0.000943574
4,52350.3,129646,30830,23683,28,3287,162711,153971,16858,868230,258,7813,6343,174,21200,877,0.000943574
4,6853.62,32677.5,2588.83,2092,7,1336,58019,52983,5715,254703,23,611,438,0,663,196,0.000943574
4,10493.4,32677.5,2588.83,2092,11,1336,58019,52983,5715,254703,23,611,438,0,663,196,0.000943574
4,14675.4,32677.5,2588.83,2092,4,1336,58019,52983,5715,254703,23,611,438,0,663,196,0.000943574
4,31675.7,32677.5,2588.83,2092,4,1336,58019,52983,5715,254703,23,611,438,0,663,196,0.000943574
4,69181.6,212899,292204,240345,51,4136,250146,239315,26250,1529717,1066,48096,42245,1479,158016,7452,0.000943574
4,70052,212899,292204,240345,60,4136,250146,239315,26250,1529717,1066,48096,42245,1479,158016,7452,0.000943574
4,81225.2,212899,292204,240345,62,4136,250146,239315,26250,1529717,1066,48096,42245,1479,158016,7452,0.000943574
4,89276.1,212899,292204,240345,55,4136,250146,239315,26250,1529717,1066,48096,42245,1479,158016,7452,0.000943574
4,15864.6,124621,31727.6,23328,3,3245,158662,149975,16420,841248,255,7418,6008,149,20345,818,0.000943574
4,23666.7,124621,31727.6,23328,17,3245,158662,149975,16420,841248,255,7418,6008,149,20345,818,0.000943574
4,26266.2,124621,31727.6,23328,28,3245,158662,149975,16420,841248,255,7418,6008,149,20345,818,0.000943574
4,51214.1,124621,31727.6,23328,28,3245,158662,149975,16420,841248,255,7418,6008,149,20345,818,0.000943574
4,8592.61,51269.2,48080.8,39025,9,1722,81163,76058,9091,414153,308,9638,8031,238,26396,1557,0.000943574
4,36332.4,51269.2,48080.8,39025,16,1722,81163,76058,9091,414153,308,9638,8031,238,26396,1557,0.000943574
4,45049.1,51269.2,48080.8,39025,40,1722,81163,76058,9091,414153,308,9638,8031,238,26396,1557,0.000943574
4,47440.8,51269.2,48080.8,39025,23,1722,81163,76058,9091,414153,308,9638,8031,238,26396,1557,0.000943574
4,19329.6,63368.9,27734.4,22580,18,2028,92003,85278,9374,423915,198,5885,4701,134,12661,941,0.000943574
4,20246.1,63368.9,27734.4,22580,17,2028,92003,85278,9374,423915,198,5885,4701,134,12661,941,0.000943574
4,20596.2,63368.9,27734.4,22580,2,2028,92003,85278,9374,423915,198,5885,4701,134,12661,941,0.000943574
4,36882.2,63368.9,27734.4,22580,36,2028,92003,85278,9374,423915,198,5885,4701,134,12661,941,0.000943574
4,38979,157207,85452.8,72249,47,3580,190200,180508,19953,1028391,369,14159,11921,342,37963,2535,0.000943574
4,51181.9,157207,85452.8,72249,59,3580,190200,180508,19953,1028391,369,14159,11921,342,37963,2535,0.000943574
4,53086.2,157207,85452.8,72249,3,3580,190200,180508,19953,1028391,369,14159,11921,342,37963,2535,0.000943574
4,58493.8,157207,85452.8,72249,35,3580,190200,180508,19953,1028391,369,14159,11921,342,37963,2535,0.000943574
4,30788.1,173259,87810.1,69647,39,3843,215083,206156,22979,1238431,485,19613,16623,416,58413,2900,0.000943574
4,49963.3,173259,87810.1,69647,24,3843,215083,206156,22979,1238431,485,19613,16623,416,58413,2900,0.000943574
4,58928.1,173259,87810.1,69647,13,3843,215083,206156,22979,1238431,485,19613,16623,416,58413,2900,0.000943574
4,68545.9,173259,87810.1,69647,58,3843,215083,206156,22979,1238431,485,19613,16623,416,58413,2900,0.000943574
4,30839.8,181937,60396.4,47013,14,3994,217812,208509,23721,1231929,402,14354,11883,323,44454,1474,0.000943574
4,38337.1,181937,60396.4,47013,14,3994,217812,208509,23721,1231929,402,14354,11883,323,44454,1474,0.000943574
4,47413.4,181937,60396.4,47013,5,3994,217812,208509,23721,1231929,402,14354,11883,323,44454,1474,0.000943574
4,61131.2,181937,60396.4,47013,58,3994,217812,208509,23721,1231929,402,14354,11883,323,44454,1474,0.000943574
4,8535.76,97655.9,66742.4,52342,11,2606,128375,120814,13695,657757,368,14118,11777,396,40337,1785,0.000943574
4,41335.7,97655.9,66742.4,52342,16,2606,128375,120814,13695,657757,368,14118,11777,396,40337,1785,0.000943574
4,48648,97655.9,66742.4,52342,46,2606,128375,120814,13695,657757,368,14118,11777,396,40337,1785,0.000943574
4,52051.5,97655.9,66742.4,52342,51,2606,128375,120814,13695,657757,368,14118,11777,396,40337,1785,0.000943574
4,9199.1,35855.5,23247.1,18831,14,1365,57504,53435,6079,275042,181,5362,4280,116,12304,813,0.000943574
4,24462.1,35855.5,23247.1,18831,29,1365,57504,53435,6079,275042,181,5362,4280,116,12304,813,0.000943574
4,31695.4,35855.5,23247.1,18831,9,1365,57504,53435,6079,275042,181,5362,4280,116,12304,813,0.000943574
4,35260.9,35855.5,23247.1,18831,49,1365,57504,53435,6079,275042,181,5362,4280,116,12304,813,0.000943574
4,22908.7,124787,44960.2,36695,12,3188,151180,139784,15846,715307,267,8823,7113,162,21627,1122,0.000943574
4,31547.8,124787,44960.2,36695,7,3188,151180,139784,15846,715307,267,8823,7113,162,21627,1122,0.000943574
4,31562.6,124787,44960.2,36695,31,3188,151180,139784,15846,715307,267,8823,7113,162,21627,1122,0.000943574
4,44700.3,124787,44960.2,36695,49,3188,151180,139784,15846,715307,267,8823,7113,162,21627,1122,0.000943574
4,22831.9,119853,45100.4,36783,13,3197,155458,144028,16313,734785,237,8373,6891,97,20874,1558,0.000943574
4,34642.5,119853,45100.4,36783,28,3197,155458,144028,16313,734785,237,8373,6891,97,20874,1558,0.000943574
4,42153,119853,45100.4,36783,33,3197,155458,144028,16313,734785,237,8373,6891,97,20874,1558,0.000943574
4,45250.4,119853,45100.4,36783,6,3197,155458,144028,16313,734785,237,8373,6891,97,20874,1558,0.000943574
4,13004.4,94736.8,50896.1,40856,14,2595,124262,116510,13210,610551,306,10718,8745,236,27988,1414,0.000943574
4,38097.1,94736.8,50896.1,40856,43,2595,124262,116510,13210,610551,306,10718,8745,236,27988,1414,0.000943574
4,43261.3,94736.8,50896.1,40856,22,2595,124262,116510,13210,610551,306,10718,8745,236,27988,1414,0.000943574
4,44327.6,94736.8,50896.1,40856,35,2595,124262,116510,13210,610551,306,10718,8745,236,27988,1414,0.000943574
4,26247,154381,51003.5,39422,4,3716,192797,182344,20718,1028672,342,12536,10321,272,37309,1251,0.000943574
4,34316.3,154381,51003.5,39422,22,3716,192797,182344,20718,1028672,342,12536,10321,272,37309,1251,0.000943574
4,43143,154381,51003.5,39422,15,3716,192797,182344,20718,1028672,342,12536,10321,272,37309,1251,0.000943574
4,54444,154381,51003.5,39422,55,3716,192797,182344,20718,1028672,342,12536,10321,272,37309,1251,0.000943574
4,27491.8,193690,98025.5,76546,20,4095,220462,211341,22753,1267148,571,20226,16987,633,62588,2584,0.000943574
4,36877.1,193690,98025.5,76546,30,4095,220462,211341,22753,1267148,571,20226,16987,633,62588,2584,0.000943574
4,40552.4,193690,98025.5,76546,43,4095,220462,211341,22753,1267148,571,20226,16987,633,62588,2584,0.000943574
4,63963.9,193690,98025.5,76546,46,4095,220462,211341,22753,1267148,571,20226,16987,633,62588,2584,0.000943574
4,30228.7,119966,45140.7,37513,36,3138,162342,153762,17154,885678,258,8877,7287,172,19245,2124,0.000943574
4,32554.6,119966,45140.7,37513,22,3138,162342,153762,17154,885678,258,8877,7287,172,19245,2124,0.000943574
4,34801.8,119966,45140.7,37513,5,3138,162342,153762,17154,885678,258,8877,7287,172,19245,2124,0.000943574
4,62293.7,119966,45140.7,37513,14,3138,162342,153762,17154,885678,258,8877,7287,172,19245,2124,0.000943574
4,25930.2,34236.2,40782.9,34112,25,1449,59438,54086,5751,246184,224,7650,6138,143,18265,1153,0.000943574
4,27444.3,34236.2,40782.9,34112,25,1449,59438,54086,5751,246184,224,7650,6138,143,18265,1153,0.000943574
4,27506,34236.2,40782.9,34112,23,1449,59438,54086,5751,246184,224,7650,6138,143,18265,1153,0.000943574
4,30033.5,34236.2,40782.9,34112,34,1449,59438,54086,5751,246184,224,7650,6138,143,18265,1153,0.000943574
4,20432.1,44141.8,25160.7,20077,9,1640,71566,65925,7094,317270,169,5396,4317,104,14187,566,0.000943574
4,27278.2,44141.8,25160.7,20077,3,1640,71566,65925,7094,317270,169,5396,4317,104,14187,566,0.000943574
4,35818.5,44141.8,25160.7,20077,33,1640,71566,65925,7094,317270,169,5396,4317,104,14187,566,0.000943574
4,36230.4,44141.8,25160.7,20077,18,1640,71566,65925,7094,317270,169,5396,4317,104,14187,566,0.000943574
4,11199.7,48973.6,29622.2,23892,13,1633,73893,68997,7857,366298,188,5939,4609,75,15493,647,0.000943574
4,35375.1,48973.6,29622.2,23892,11,1633,73893,68997,7857,366298,188,5939,4609,75,15493,647,0.000943574
4,42034.7,48973.6,29622.2,23892,17,1633,73893,68997,7857,366298,188,5939,4609,75,15493,647,0.000943574
4,42234.8,48973.6,29622.2,23892,17,1633,73893,68997,7857,366298,188,5939,4609,75,15493,647,0.000943574
4,33525.6,153424,95030.6,77634,42,3632,187096,177364,19411,996209,469,17434,14710,389,47250,2988,0.000943574
4,45575,153424,95030.6,77634,44,3632,187096,177364,19411,996209,469,17434,14710,389,47250,2988,0.000943574
4,52539.4,153424,95030.6,77634,45,3632,187096,177364,19411,996209,469,17434,14710,389,47250,2988,0.000943574
4,55728.3,153424,95030.6,77634,20,3632,187096,177364,19411,996209,469,17434,14710,389,47250,2988,0.000943574
4,23262.1,50237.3,39393.5,32197,34,1918,81646,74694,8108,352346,238,8205,6615,136,19034,1302,0.000943574
4,27590.3,50237.3,39393.5,32197,38,1918,81646,74694,8108,352346,238,8205,6615,136,19034,1302,0.000943574
4,32466.9,50237.3,39393.5,32197,28,1918,81646,74694,8108,352346,238,8205,6615,136,19034,1302,0.000943574
4,34719.9,50237.3,39393.5,32197,29,1918,81646,74694,8108,352346,238,8205,6615,136,19034,1302,0.000943574
4,21052.3,51021.1,84498.9,67117,29,1749,85166,79622,9028,442957,513,17507,14915,530,53494,2518,0.000943574
4,47174.6,51021.1,84498.9,67117,45,1749,85166,79622,9028,442957,513,17507,14915,530,53494,2518,0.000943574
4,52131.3,51021.1,84498.9,67117,15,1749,85166,79622,9028,442957,513,17507,14915,530,53494,2518,0.000943574
4,57867.9,51021.1,84498.9,67117,60,1749,85166,79622,9028,442957,513,17507,14915,530,53494,2518,0.000943574
4,48218,166753,149831,123696,57,3603,198422,188414,20689,1100385,620,24989,21330,737,72661,3943,0.000943574
4,60388.1,166753,149831,123696,64,3603,198422,188414,20689,1100385,620,24989,21330,737,72661,3943,0.000943574
4,63267.2,166753,149831,123696,9,3603,198422,188414,20689,1100385,620,24989,21330,737,72661,3943,0.000943574
4,66626.3,166753,149831,123696,56,3603,198422,188414,20689,1100385,620,24989,21330,737,72661,3943,0.000943574
4,47215,213903,130705,103549,20,4121,244239,234595,25402,1501796,673,27258,23518,1004,87215,4271,0.000943574
4,54462.5,213903,130705,103549,71,4121,244239,234595,25402,1501796,673,27258,23518,1004,87215,4271,0.000943574
4,56146.5,213903,130705,103549,38,4121,244239,234595,25402,1501796,673,27258,23518,1004,87215,4271,0.000943574
4,83694,213903,130705,103549,49,4121,244239,234595,25402,1501796,673,27258,23518,1004,87215,4271,0.000943574
4,43861,177497,77188.2,63915,25,3946,218152,208957,23031,1244496,383,14412,12104,237,34734,3051,0.000943574
4,46199.6,177497,77188.2,63915,26,3946,218152,208957,23031,1244496,383,14412,12104,237,34734,3051,0.000943574
4,55766.6,177497,77188.2,63915,39,3946,218152,208957,23031,1244496,383,14412,12104,237,34734,3051,0.000943574
4,65412,177497,77188.2,63915,12,3946,218152,208957,23031,1244496,383,14412,12104,237,34734,3051,0.000943574
4,22311.3,78194,96562.6,78231,25,2366,115473,108159,11939,590719,465,16840,14036,444,50251,1652,0.000943574
4,36924.5,78194,96562.6,78231,26,2366,115473,108159,11939,590719,465,16840,14036,444,50251,1652,0.000943574
4,52924,78194,96562.6,78231,35,2366,115473,108159,11939,590719,465,16840,14036,444,50251,1652,0.000943574
4,53181.4,78194,96562.6,78231,53,2366,115473,108159,11939,590719,465,16840,14036,444,50251,1652,0.000943574
4,16190.1,37127.2,22533.2,18384,7,1515,65168,60109,6597,286952,135,4698,3764,59,10086,809,0.000943574
4,31915.9,37127.2,22533.2,18384,6,1515,65168,60109,6597,286952,135,4698,3764,59,10086,809,0.000943574
4,32921.7,37127.2,22533.2,18384,32,1515,65168,60109,6597,286952,135,4698,3764,59,10086,809,0.000943574
4,34130,37127.2,22533.2,18384,6,1515,65168,60109,6597,286952,135,4698,3764,59,10086,809,0.000943574
4,10933,59721.3,21505.1,17391,13,1894,84833,79447,8908,420263,157,5020,3971,43,10722,973,0.000943574
4,25224.8,59721.3,21505.1,17391,17,1894,84833,79447,8908,420263,157,5020,3971,43,10722,973,0.000943574
4,29339.9,59721.3,21505.1,17391,11,1894,84833,79447,8908,420263,157,5020,3971,43,10722,973,0.000943574
4,38635.2,59721.3,21505.1,17391,20,1894,84833,79447,8908,420263,157,5020,3971,43,10722,973,0.000943574
4,50936.9,153498,148885,122765,70,3516,196574,186983,20575,1106463,619,26026,22302,817,74206,4513,0.000943574
4,62534.8,153498,148885,122765,68,3516,196574,186983,20575,1106463,619,26026,22302,817,74206,4513,0.000943574
4,67664.9,153498,148885,122765,67,3516,196574,186983,20575,1106463,619,26026,22302,817,74206,4513,0.000943574
4,68262.6,153498,148885,122765,7,3516,196574,186983,20575,1106463,619,26026,22302,817,74206,4513,0.000943574
4,2789.81,57369.5,20093.2,15460,7,1747,84353,78083,8937,406671,192,4984,3962,99,13218,649,0.000943574
4,18001.2,57369.5,20093.2,15460,21,1747,84353,78083,8937,406671,192,4984,3962,99,13218,649,0.000943574
4,24093,57369.5,20093.2,15460,18,1747,84353,78083,8937,406671,192,4984,3962,99,13218,649,0.000943574
4,41219,57369.5,20093.2,15460,24,1747,84353,78083,8937,406671,192,4984,3962,99,13218,649,0.000943574
4,45863.7,233435,178323,141819,27,4195,241014,231480,25029,1467764,881,34674,29749,978,115949,4226,0.000943574
4,54769.6,233435,178323,141819,54,4195,241014,231480,25029,1467764,881,34674,29749,978,115949,4226,0.000943574
4,55240.6,233435,178323,141819,38,4195,241014,231480,25029,1467764,881,34674,29749,978,115949,4226,0.000943574
4,80813.7,233435,178323,141819,44,4195,241014,231480,25029,1467764,881,34674,29749,978,115949,4226,0.000943574
4,63752.8,207363,223232,182034,44,4089,241543,231166,25055,1449545,886,38943,33968,1081,121543,6380,0.000943574
4,64790.9,207363,223232,182034,50,4089,241543,231166,25055,1449545,886,38943,33968,1081,121543,6380,0.000943574
4,75796.4,207363,223232,182034,55,4089,241543,231166,25055,1449545,886,38943,33968,1081,121543,6380,0.000943574
4,84187.9,207363,223232,182034,42,4089,241543,231166,25055,1449545,886,38943,33968,1081,121543,6380,0.000943574
4,50143.9,221817,158790,123899,24,4146,251106,241315,26094,1558489,858,33474,28796,1136,111576,4550,0.000943574
4,57000.9,221817,158790,123899,69,4146,251106,241315,26094,1558489,858,33474,28796,1136,111576,4550,0.000943574
4,59063.4,221817,158790,123899,42,4146,251106,241315,26094,1558489,858,33474,28796,1136,111576,4550,0.000943574
4,86610.8,221817,158790,123899,53,4146,251106,241315,26094,1558489,858,33474,28796,1136,111576,4550,0.000943574
4,14068.7,18906.6,14228.5,11658,16,926,35768,32479,3549,146628,125,3179,2473,46,6070,548,0.000943574
4,19007.2,18906.6,14228.5,11658,16,926,35768,32479,3549,146628,125,3179,2473,46,6070,548,0.000943574
4,20553.6,18906.6,14228.5,11658,8,926,35768,32479,3549,146628,125,3179,2473,46,6070,548,0.000943574
4,25761.3,18906.6,14228.5,11658,30,926,35768,32479,3549,146628,125,3179,2473,46,6070,548,0.000943574
4,7493.29,106397,81096.9,63365,10,2859,148264,140102,16248,798846,483,17280,14460,505,48562,2435,0.000943574
4,53591,106397,81096.9,63365,20,2859,148264,140102,16248,798846,483,17280,14460,505,48562,2435,0.000943574
4,57708.1,106397,81096.9,63365,65,2859,148264,140102,16248,798846,483,17280,14460,505,48562,2435,0.000943574
4,62162.1,106397,81096.9,63365,47,2859,148264,140102,16248,798846,483,17280,14460,505,48562,2435,0.000943574
4,18128.6,139457,37633.7,29189,5,3438,172915,163695,17858,930761,301,9343,7657,259,25867,1030,0.000943574
4,26853.8,139457,37633.7,29189,21,3438,172915,163695,17858,930761,301,9343,7657,259,25867,1030,0.000943574
4,29282.5,139457,37633.7,29189,32,3438,172915,163695,17858,930761,301,9343,7657,259,25867,1030,0.000943574
4,54401.2,139457,37633.7,29189,32,3438,172915,163695,17858,930761,301,9343,7657,259,25867,1030,0.000943574
4,28927.9,172651,48328.4,37085,5,3918,207791,197690,22375,1142156,329,11926,9819,287,36325,1017,0.000943574
4,34765.5,172651,48328.4,37085,15,3918,207791,197690,22375,1142156,329,11926,9819,287,36325,1017,0.000943574
4,43841.4,172651,48328.4,37085,6,3918,207791,197690,22375,1142156,329,11926,9819,287,36325,1017,0.000943574
4,57181.5,172651,48328.4,37085,58,3918,207791,197690,22375,1142156,329,11926,9819,287,36325,1017,0.000943574
4,69822.9,197297,307824,248140,83,4022,242094,231326,25532,1463587,1162,53768,47213,1839,182122,7882,0.000943574
4,77728.4,197297,307824,248140,49,4022,242094,231326,25532,1463587,1162,53768,47213,1839,182122,7882,0.000943574
4,82025.8,197297,307824,248140,95,4022,242094,231326,25532,1463587,1162,53768,47213,1839,182122,7882,0.000943574
4,88878.2,197297,307824,248140,73,4022,242094,231326,25532,1463587,1162,53768,47213,1839,182122,7882,0.000943574
4,54873.6,207189,189401,155339,50,3995,235829,226388,24321,1431328,814,34041,29304,937,104764,5558,0.000943574
4,64468.9,207189,189401,155339,71,3995,235829,226388,24321,1431328,814,34041,29304,937,104764,5558,0.000943574
4,65471.6,207189,189401,155339,68,3995,235829,226388,24321,1431328,814,34041,29304,937,104764,5558,0.000943574
4,83410.5,207189,189401,155339,21,3995,235829,226388,24321,1431328,814,34041,29304,937,104764,5558,0.000943574
4,13949.5,119443,111520,88671,14,2968,155484,146816,16823,858377,615,21990,18523,659,64476,3161,0.000943574
4,59011,119443,111520,88671,33,2968,155484,146816,16823,858377,615,21990,18523,659,64476,3161,0.000943574
4,63971.3,119443,111520,88671,70,2968,155484,146816,16823,858377,615,21990,18523,659,64476,3161,0.000943574
4,68407.2,119443,111520,88671,52,2968,155484,146816,16823,858377,615,21990,18523,659,64476,3161,0.000943574
4,49611.6,197713,127149,106523,58,4071,235084,225851,24837,1401434,476,21116,18155,419,54190,4943,0.000943574
4,57191.4,197713,127149,106523,25,4071,235084,225851,24837,1401434,476,21116,18155,419,54190,4943,0.000943574
4,68976.7,197713,127149,106523,35,4071,235084,225851,24837,1401434,476,21116,18155,419,54190,4943,0.000943574
4,79095.1,197713,127149,106523,5,4071,235084,225851,24837,1401434,476,21116,18155,419,54190,4943,0.000943574
4,21194.8,129621,36739.7,29622,5,3275,166754,158068,17231,898612,279,8522,6960,218,24255,1014,0.000943574
4,28107.6,129621,36739.7,29622,14,3275,166754,158068,17231,898612,279,8522,6960,218,24255,1014,0.000943574
4,28226.8,129621,36739.7,29622,34,3275,166754,158068,17231,898612,279,8522,6960,218,24255,1014,0.000943574
4,55655,129621,36739.7,29622,25,3275,166754,158068,17231,898612,279,8522,6960,218,24255,1014,0.000943574
4,35166.7,188066,120769,96367,40,4061,220218,211476,22930,1274232,603,23557,20025,586,69093,3573,0.000943574
4,45316.3,188066,120769,96367,41,4061,220218,211476,22930,1274232,603,23557,20025,586,69093,3573,0.000943574
4,49177.7,188066,120769,96367,49,4061,220218,211476,22930,1274232,603,23557,20025,586,69093,3573,0.000943574
4,67117.5,188066,120769,96367,39,4061,220218,211476,22930,1274232,603,23557,20025,586,69093,3573,0.000943574
4,22174,35119.7,34642.8,28267,12,1461,61359,56207,6170,259345,204,6604,5255,110,16693,748,0.000943574
4,27705.6,35119.7,34642.8,28267,25,1461,61359,56207,6170,259345,204,6604,5255,110,16693,748,0.000943574
4,30609.5,35119.7,34642.8,28267,21,1461,61359,56207,6170,259345,204,6604,5255,110,16693,748,0.000943574
4,31259.6,35119.7,34642.8,28267,42,1461,61359,56207,6170,259345,204,6604,5255,110,16693,748,0.000943574
4,18470.1,130021,33744.7,26529,6,3234,161167,152580,16582,862405,268,8218,6739,201,22629,1023,0.000943574
4,25790.5,130021,33744.7,26529,14,3234,161167,152580,16582,862405,268,8218,6739,201,22629,1023,0.000943574
4,26765.3,130021,33744.7,26529,27,3234,161167,152580,16582,862405,268,8218,6739,201,22629,1023,0.000943574
4,53337.9,130021,33744.7,26529,25,3234,161167,152580,16582,862405,268,8218,6739,201,22629,1023,0.000943574
4,10160.5,49721.3,26757.2,20939,8,1742,75837,68594,7542,316232,205,5653,4440,149,14755,280,0.000943574
4,16488.3,49721.3,26757.2,20939,10,1742,75837,68594,7542,316232,205,5653,4440,149,14755,280,0.000943574
4,33101.8,49721.3,26757.2,20939,30,1742,75837,68594,7542,316232,205,5653,4440,149,14755,280,0.000943574
4,33117.3,49721.3,26757.2,20939,33,1742,75837,68594,7542,316232,205,5653,4440,149,14755,280,0.000943574
4,62979.5,184832,266086,217071,72,3953,231061,219999,24123,1340645,1032,46376,40590,1577,152041,6928,0.000943574
4,72233.2,184832,266086,217071,36,3953,231061,219999,24123,1340645,1032,46376,40590,1577,152041,6928,0.000943574
4,75182.3,184832,266086,217071,84,3953,231061,219999,24123,1340645,1032,46376,40590,1577,152041,6928,0.000943574
4,81863.9,184832,266086,217071,66,3953,231061,219999,24123,1340645,1032,46376,40590,1577,152041,6928,0.000943574
4,29212.3,147794,177128,141081,22,3358,193356,183038,20184,1111410,848,34252,29667,1219,111835,4740,0.000943574
4,76047.7,147794,177128,141081,27,3358,193356,183038,20184,1111410,848,34252,29667,1219,111835,4740,0.000943574
4,77184.1,147794,177128,141081,73,3358,193356,183038,20184,1111410,848,34252,29667,1219,111835,4740,0.000943574
4,83571.6,147794,177128,141081,68,3358,193356,183038,20184,1111410,848,34252,29667,1219,111835,4740,0.000943574
4,7986.8,38546.5,28169.8,23033,8,1410,61645,57435,6561,299623,200,6348,5182,152,16129,865,0.000943574
4,27034.1,38546.5,28169.8,23033,29,1410,61645,57435,6561,299623,200,6348,5182,152,16129,865,0.000943574
4,34182.2,38546.5,28169.8,23033,8,1410,61645,57435,6561,299623,200,6348,5182,152,16129,865,0.000943574
4,37832.8,38546.5,28169.8,23033,49,1410,61645,57435,6561,299623,200,6348,5182,152,16129,865,0.000943574
4,26178.5,92365.7,47719.1,40089,14,2711,139009,131338,14809,747742,288,9268,7542,187,21687,1849,0.000943574
4,37841.9,92365.7,47719.1,40089,23,2711,139009,131338,14809,747742,288,9268,7542,187,21687,1849,0.000943574
4,38262.8,92365.7,47719.1,40089,41,2711,139009,131338,14809,747742,288,9268,7542,187,21687,1849,0.000943574
4,62514.1,92365.7,47719.1,40089,13,2711,139009,131338,14809,747742,288,9268,7542,187,21687,1849,0.000943574
4,23556.4,107932,56676.9,45606,25,2966,141876,132291,15039,687412,324,12104,10032,239,31663,1834,0.000943574
4,29879.5,107932,56676.9,45606,26,2966,141876,132291,15039,687412,324,12104,10032,239,31663,1834,0.000943574
4,37672.3,107932,56676.9,45606,19,2966,141876,132291,15039,687412,324,12104,10032,239,31663,1834,0.000943574
4,44509.1,107932,56676.9,45606,39,2966,141876,132291,15039,687412,324,12104,10032,239,31663,1834,0.000943574
4,5499.71,106782,62614.6,50362,10,2884,147595,139662,16026,784660,354,12306,10203,413,34055,1472,0.000943574
4,51213.4,106782,62614.6,50362,4,2884,147595,139662,16026,784660,354,12306,10203,413,34055,1472,0.000943574
4,51494.3,106782,62614.6,50362,63,2884,147595,139662,16026,784660,354,12306,10203,413,34055,1472,0.000943574
4,57206.6,106782,62614.6,50362,44,2884,147595,139662,16026,784660,354,12306,10203,413,34055,1472,0.000943574
4,48374.2,178216,120519,98806,31,3995,223399,213580,23539,1277319,561,22371,19023,495,63591,4036,0.000943574
4,52889.8,178216,120519,98806,30,3995,223399,213580,23539,1277319,561,22371,19023,495,63591,4036,0.000943574
4,60417.8,178216,120519,98806,42,3995,223399,213580,23539,1277319,561,22371,19023,495,63591,4036,0.000943574
4,69395.7,178216,120519,98806,25,3995,223399,213580,23539,1277319,561,22371,19023,495,63591,4036,0.000943574
4,8883.36,50503.7,7173.73,6121,11,1621,71751,65915,7261,323038,68,1192,891,5,1660,308,0.000943574
4,11385.4,50503.7,7173.73,6121,10,1621,71751,65915,7261,323038,68,1192,891,5,1660,308,0.000943574
4,13307.5,50503.7,7173.73,6121,10,1621,71751,65915,7261,323038,68,1192,891,5,1660,308,0.000943574
4,34728.8,50503.7,7173.73,6121,7,1621,71751,65915,7261,323038,68,1192,891,5,1660,308,0.000943574
4,63725.3,174396,215300,176538,71,3665,216825,206894,22353,1288763,836,37449,32468,1243,108759,7447,0.000943574
4,74329.5,174396,215300,176538,61,3665,216825,206894,22353,1288763,836,37449,32468,1243,108759,7447,0.000943574
4,78004.8,174396,215300,176538,74,3665,216825,206894,22353,1288763,836,37449,32468,1243,108759,7447,0.000943574
4,81772.5,174396,215300,176538,14,3665,216825,206894,22353,1288763,836,37449,32468,1243,108759,7447,0.000943574
4,16533.2,68107.5,39857.4,31190,16,2124,97545,90292,9948,448808,242,8524,6958,257,22192,1054,0.000943574
4,31949.5,68107.5,39857.4,31190,4,2124,97545,90292,9948,448808,242,8524,6958,257,22192,1054,0.000943574
4,37544.7,68107.5,39857.4,31190,42,2124,97545,90292,9948,448808,242,8524,6958,257,22192,1054,0.000943574
4,40518.4,68107.5,39857.4,31190,44,2124,97545,90292,9948,448808,242,8524,6958,257,22192,1054,0.000943574
4,40392.2,209316,141850,112390,38,4165,232057,222802,24242,1382297,732,28281,24159,729,88045,4019,0.000943574
4,49777.5,209316,141850,112390,48,4165,232057,222802,24242,1382297,732,28281,24159,729,88045,4019,0.000943574
4,51464.7,209316,141850,112390,61,4165,232057,222802,24242,1382297,732,28281,24159,729,88045,4019,0.000943574
4,74416,209316,141850,112390,47,4165,232057,222802,24242,1382297,732,28281,24159,729,88045,4019,0.000943574
4,62136.7,168277,245111,198584,82,3625,209610,199743,21600,1213890,956,40244,34747,1309,124038,6422,0.000943574
4,73392.5,168277,245111,198584,78,3625,209610,199743,21600,1213890,956,40244,34747,1309,124038,6422,0.000943574
4,76743.2,168277,245111,198584,21,3625,209610,199743,21600,1213890,956,40244,34747,1309,124038,6422,0.000943574
4,78522.6,168277,245111,198584,77,3625,209610,199743,21600,1213890,956,40244,34747,1309,124038,6422,0.000943574
4,22728.5,153155,88702.5,70444,25,3459,186775,177206,19998,1019398,421,17055,14332,333,47398,2936,0.000943574
4,46441.1,153155,88702.5,70444,30,3459,186775,177206,19998,1019398,421,17055,14332,333,47398,2936,0.000943574
4,54745.7,153155,88702.5,70444,28,3459,186775,177206,19998,1019398,421,17055,14332,333,47398,2936,0.000943574
4,60380.7,153155,88702.5,70444,41,3459,186775,177206,19998,1019398,421,17055,14332,333,47398,2936,0.000943574
4,43915.6,176727,123576,102176,51,3721,200210,190095,21043,1103400,525,20893,17737,542,60158,3427,0.000943574
4,56118.5,176727,123576,102176,63,3721,200210,190095,21043,1103400,525,20893,17737,542,60158,3427,0.000943574
4,56237.7,176727,123576,102176,10,3721,200210,190095,21043,1103400,525,20893,17737,542,60158,3427,0.000943574
4,63347.3,176727,123576,102176,38,3721,200210,190095,21043,1103400,525,20893,17737,542,60158,3427,0.000943574
4,29313.9,160648,146906,119772,29,3436,195191,185744,20482,1110492,601,25185,21588,649,75130,3829,0.000943574
4,64732.1,160648,146906,119772,43,3436,195191,185744,20482,1110492,601,25185,21588,649,75130,3829,0.000943574
4,73033.5,160648,146906,119772,41,3436,195191,185744,20482,1110492,601,25185,21588,649,75130,3829,0.000943574
4,73981.9,160648,146906,119772,24,3436,195191,185744,20482,1110492,601,25185,21588,649,75130,3829,0.000943574
4,16650.4,25024.6,18767.8,15220,23,1108,42371,38644,4105,178170,137,3965,3137,75,8125,644,0.000943574
4,17212.6,25024.6,18767.8,15220,16,1108,42371,38644,4105,178170,137,3965,3137,75,8125,644,0.000943574
4,22596.1,25024.6,18767.8,15220,8,1108,42371,38644,4105,178170,137,3965,3137,75,8125,644,0.000943574
4,28343,25024.6,18767.8,15220,37,1108,42371,38644,4105,178170,137,3965,3137,75,8125,644,0.000943574
4,10966.8,37494.2,21567.9,16824,6,1435,59449,54673,5914,264354,181,5002,4005,149,11399,749,0.000943574
4,16942.3,37494.2,21567.9,16824,5,1435,59449,54673,5914,264354,181,5002,4005,149,11399,749,0.000943574
4,26504.8,37494.2,21567.9,16824,27,1435,59449,54673,5914,264354,181,5002,4005,149,11399,749,0.000943574
4,31024.9,37494.2,21567.9,16824,22,1435,59449,54673,5914,264354,181,5002,4005,149,11399,749,0.000943574
4,51777.6,222523,205227,165468,50,4099,240411,230965,24796,1465901,874,35253,30411,990,115339,5070,0.000943574
4,60813.3,222523,205227,165468,61,4099,240411,230965,24796,1465901,874,35253,30411,990,115339,5070,0.000943574
4,61162.9,222523,205227,165468,60,4099,240411,230965,24796,1465901,874,35253,30411,990,115339,5070,0.000943574
4,83223.4,222523,205227,165468,34,4099,240411,230965,24796,1465901,874,35253,30411,990,115339,5070,0.000943574
4,19213.3,63384,23175.6,19173,16,1933,87461,80723,8867,396379,164,4713,3759,113,9954,763,0.000943574
4,19762.2,63384,23175.6,19173,4,1933,87461,80723,8867,396379,164,4713,3759,113,9954,763,0.000943574
4,19955.9,63384,23175.6,19173,21,1933,87461,80723,8867,396379,164,4713,3759,113,9954,763,0.000943574
4,35849.5,63384,23175.6,19173,35,1933,87461,80723,8867,396379,164,4713,3759,113,9954,763,0.000943574
4,59538.3,206664,187551,153971,65,3788,224379,214829,23235,1346694,701,32064,27861,945,87781,7400,0.000943574
4,69536.9,206664,187551,153971,62,3788,224379,214829,23235,1346694,701,32064,27861,945,87781,7400,0.000943574
4,72733.2,206664,187551,153971,89,3788,224379,214829,23235,1346694,701,32064,27861,945,87781,7400,0.000943574
4,82473.9,206664,187551,153971,5,3788,224379,214829,23235,1346694,701,32064,27861,945,87781,7400,0.000943574
4,14219.6,31508.4,23780.1,19525,18,1272,52489,48516,5371,239394,155,5034,4080,124,11144,843,0.000943574
4,21413.2,31508.4,23780.1,19525,26,1272,52489,48516,5371,239394,155,5034,4080,124,11144,843,0.000943574
4,26412.4,31508.4,23780.1,19525,4,1272,52489,48516,5371,239394,155,5034,4080,124,11144,843,0.000943574
4,32819.9,31508.4,23780.1,19525,43,1272,52489,48516,5371,239394,155,5034,4080,124,11144,843,0.000943574
4,31711.3,154084,191142,152319,34,3322,191508,181176,19611,1111149,886,36425,31487,1187,116705,5365,0.000943574
4,78053.5,154084,191142,152319,33,3322,191508,181176,19611,1111149,886,36425,31487,1187,116705,5365,0.000943574
4,80428.1,154084,191142,152319,81,3322,191508,181176,19611,1111149,886,36425,31487,1187,116705,5365,0.000943574
4,86217.8,154084,191142,152319,78,3322,191508,181176,19611,1111149,886,36425,31487,1187,116705,5365,0.000943574
4,19316.2,62416.4,38248.2,30904,19,2063,89759,81647,9152,385646,253,8138,6557,143,18304,1359,0.000943574
4,26110.7,62416.4,38248.2,30904,18,2063,89759,81647,9152,385646,253,8138,6557,143,18304,1359,0.000943574
4,32181,62416.4,38248.2,30904,31,2063,89759,81647,9152,385646,253,8138,6557,143,18304,1359,0.000943574
4,35859,62416.4,38248.2,30904,35,2063,89759,81647,9152,385646,253,8138,6557,143,18304,1359,0.000943574
4,10086.9,121413,36381.9,28392,5,3113,152324,142909,15841,772947,252,7616,6257,258,23462,656,0.000943574
4,20087.8,121413,36381.9,28392,17,3113,152324,142909,15841,772947,252,7616,6257,258,23462,656,0.000943574
4,25976.7,121413,36381.9,28392,14,3113,152324,142909,15841,772947,252,7616,6257,258,23462,656,0.000943574
4,47056.1,121413,36381.9,28392,34,3113,152324,142909,15841,772947,252,7616,6257,258,23462,656,0.000943574
4,26277.9,108658,58760.2,47589,25,3084,146912,136623,15662,706541,302,11523,9518,214,29891,1693,0.000943574
4,27222.8,108658,58760.2,47589,24,3084,146912,136623,15662,706541,302,11523,9518,214,29891,1693,0.000943574
4,35015.5,108658,58760.2,47589,17,3084,146912,136623,15662,706541,302,11523,9518,214,29891,1693,0.000943574
4,44681.9,108658,58760.2,47589,42,3084,146912,136623,15662,706541,302,11523,9518,214,29891,1693,0.000943574
4,11748.7,64799,10182.7,8132,3,2077,97368,89940,9939,460251,105,2722,2102,25,5982,347,0.000943574
4,12801.3,64799,10182.7,8132,13,2077,97368,89940,9939,460251,105,2722,2102,25,5982,347,0.000943574
4,13848.1,64799,10182.7,8132,6,2077,97368,89940,9939,460251,105,2722,2102,25,5982,347,0.000943574
4,39542.2,64799,10182.7,8132,11,2077,97368,89940,9939,460251,105,2722,2102,25,5982,347,0.000943574
4,55327.8,204793,162316,133229,37,4044,231423,221530,24115,1356779,684,29030,25028,709,85863,5211,0.000943574
4,57273.3,204793,162316,133229,36,4044,231423,221530,24115,1356779,684,29030,25028,709,85863,5211,0.000943574
4,67371.4,204793,162316,133229,48,4044,231423,221530,24115,1356779,684,29030,25028,709,85863,5211,0.000943574
4,76001.1,204793,162316,133229,29,4044,231423,221530,24115,1356779,684,29030,25028,709,85863,5211,0.000943574
4,20695,49236.6,38158.7,31415,21,1821,77557,71077,7719,334052,211,7334,5867,133,17383,1034,0.000943574
4,30084.9,49236.6,38158.7,31415,26,1821,77557,71077,7719,334052,211,7334,5867,133,17383,1034,0.000943574
4,33497.5,49236.6,38158.7,31415,23,1821,77557,71077,7719,334052,211,7334,5867,133,17383,1034,0.000943574
4,34242.8,49236.6,38158.7,31415,27,1821,77557,71077,7719,334052,211,7334,5867,133,17383,1034,0.000943574
4,12058,31607.8,16327.6,13238,10,1326,55123,49840,5247,226987,140,3696,2886,63,6821,700,0.000943574
4,17021,31607.8,16327.6,13238,9,1326,55123,49840,5247,226987,140,3696,2886,63,6821,700,0.000943574
4,20096.9,31607.8,16327.6,13238,20,1326,55123,49840,5247,226987,140,3696,2886,63,6821,700,0.000943574
4,28694.1,31607.8,16327.6,13238,29,1326,55123,49840,5247,226987,140,3696,2886,63,6821,700,0.000943574
4,9604.12,24345.5,18385.1,14877,14,1113,45518,40711,4246,178419,145,4050,3203,80,8323,705,0.000943574
4,13835.3,24345.5,18385.1,14877,11,1113,45518,40711,4246,178419,145,4050,3203,80,8323,705,0.000943574
4,23674,24345.5,18385.1,14877,21,1113,45518,40711,4246,178419,145,4050,3203,80,8323,705,0.000943574
4,26483.6,24345.5,18385.1,14877,27,1113,45518,40711,4246,178419,145,4050,3203,80,8323,705,0.000943574
4,24098,134944,63028.2,51476,30,3349,165849,154701,17333,806201,327,11200,9250,204,30005,1593,0.000943574
4,36300.8,134944,63028.2,51476,42,3349,165849,154701,17333,806201,327,11200,9250,204,30005,1593,0.000943574
4,44935.9,134944,63028.2,51476,11,3349,165849,154701,17333,806201,327,11200,9250,204,30005,1593,0.000943574
4,47313.9,134944,63028.2,51476,37,3349,165849,154701,17333,806201,327,11200,9250,204,30005,1593,0.000943574
4,22835.2,66933.5,55193.2,44200,16,2041,93591,86807,9449,437262,292,10411,8403,210,28486,973,0.000943574
4,28478.6,66933.5,55193.2,44200,16,2041,93591,86807,9449,437262,292,10411,8403,210,28486,973,0.000943574
4,43799.5,66933.5,55193.2,44200,26,2041,93591,86807,9449,437262,292,10411,8403,210,28486,973,0.000943574
4,44056.9,66933.5,55193.2,44200,44,2041,93591,86807,9449,437262,292,10411,8403,210,28486,973,0.000943574
4,39859.9,201576,61519,50109,29,4020,228176,219207,24277,1326342,348,11881,9707,176,28276,2431,0.000943574
4,45119.9,201576,61519,50109,8,4020,228176,219207,24277,1326342,348,11881,9707,176,28276,2431,0.000943574
4,56484.7,201576,61519,50109,19,4020,228176,219207,24277,1326342,348,11881,9707,176,28276,2431,0.000943574
4,68940.5,201576,61519,50109,13,4020,228176,219207,24277,1326342,348,11881,9707,176,28276,2431,0.000943574
4,33346.9,155322,216587,175879,18,3391,200277,189641,20676,1165338,913,36669,31808,1311,120676,5002,0.000943574
4,80327.3,155322,216587,175879,26,3391,200277,189641,20676,1165338,913,36669,31808,1311,120676,5002,0.000943574
4,80824.3,155322,216587,175879,78,3391,200277,189641,20676,1165338,913,36669,31808,1311,120676,5002,0.000943574
4,87274.5,155322,216587,175879,85,3391,200277,189641,20676,1165338,913,36669,31808,1311,120676,5002,0.000943574
4,34877.5,200392,94062.4,73387,15,4033,221711,212542,23165,1303386,520,19656,16830,749,64986,2410,0.000943574
4,43611,200392,94062.4,73387,44,4033,221711,212542,23165,1303386,520,19656,16830,749,64986,2410,0.000943574
4,44254.4,200392,94062.4,73387,26,4033,221711,212542,23165,1303386,520,19656,16830,749,64986,2410,0.000943574
4,71801.8,200392,94062.4,73387,37,4033,221711,212542,23165,1303386,520,19656,16830,749,64986,2410,0.000943574
4,16316.6,79772.4,44107.4,34684,4,2289,119313,112395,12782,633841,313,10280,8451,271,27909,1586,0.000943574
4,31165.2,79772.4,44107.4,34684,31,2289,119313,112395,12782,633841,313,10280,8451,271,27909,1586,0.000943574
4,33998.1,79772.4,44107.4,34684,38,2289,119313,112395,12782,633841,313,10280,8451,271,27909,1586,0.000943574
4,55432.5,79772.4,44107.4,34684,24,2289,119313,112395,12782,633841,313,10280,8451,271,27909,1586,0.000943574
4,12355.7,47678.2,22194.9,17884,18,1768,78486,73011,8053,370336,199,5482,4401,132,12440,880,0.000943574
4,19591.2,47678.2,22194.9,17884,8,1768,78486,73011,8053,370336,199,5482,4401,132,12440,880,0.000943574
4,25754,47678.2,22194.9,17884,13,1768,78486,73011,8053,370336,199,5482,4401,132,12440,880,0.000943574
4,35435.3,47678.2,22194.9,17884,28,1768,78486,73011,8053,370336,199,5482,4401,132,12440,880,0.000943574
4,5135.39,107986,70947.4,55286,4,2896,149216,141142,16137,797945,418,15545,12966,476,42933,2132,0.000943574
4,52496.8,107986,70947.4,55286,10,2896,149216,141142,16137,797945,418,15545,12966,476,42933,2132,0.000943574
4,54566.8,107986,70947.4,55286,56,2896,149216,141142,16137,797945,418,15545,12966,476,42933,2132,0.000943574
4,59851.6,107986,70947.4,55286,53,2896,149216,141142,16137,797945,418,15545,12966,476,42933,2132,0.000943574
4,37300,189262,124057,99780,45,4002,218504,209716,22904,1264118,611,24805,21181,622,71787,4206,0.000943574
4,47784.7,189262,124057,99780,44,4002,218504,209716,22904,1264118,611,24805,21181,622,71787,4206,0.000943574
4,51721.4,189262,124057,99780,54,4002,218504,209716,22904,1264118,611,24805,21181,622,71787,4206,0.000943574
4,67358,189262,124057,99780,32,4002,218504,209716,22904,1264118,611,24805,21181,622,71787,4206,0.000943574
4,28437.9,167532,47108.8,37245,3,3617,191154,181457,20102,1067949,331,10987,9117,306,31206,1584,0.000943574
4,34342.8,167532,47108.8,37245,45,3617,191154,181457,20102,1067949,331,10987,9117,306,31206,1584,0.000943574
4,36124.9,167532,47108.8,37245,18,3617,191154,181457,20102,1067949,331,10987,9117,306,31206,1584,0.000943574
4,63672.3,167532,47108.8,37245,29,3617,191154,181457,20102,1067949,331,10987,9117,306,31206,1584,0.000943574
4,39096.5,185373,124436,100754,50,3918,212640,203815,22245,1220475,588,23911,20389,562,67749,4425,0.000943574
4,49889.6,185373,124436,100754,57,3918,212640,203815,22245,1220475,588,23911,20389,562,67749,4425,0.000943574
4,54605.3,185373,124436,100754,55,3918,212640,203815,22245,1220475,588,23911,20389,562,67749,4425,0.000943574
4,65699.8,185373,124436,100754,22,3918,212640,203815,22245,1220475,588,23911,20389,562,67749,4425,0.000943574
4,40475,142737,63370,53492,28,3264,178706,168979,18997,1014375,286,11523,9763,200,24291,3204,0.000943574
4,46084.1,142737,63370,53492,29,3264,178706,168979,18997,1014375,286,11523,9763,200,24291,3204,0.000943574
4,47835.2,142737,63370,53492,10,3264,178706,168979,18997,1014375,286,11523,9763,200,24291,3204,0.000943574
4,74131.3,142737,63370,53492,7,3264,178706,168979,18997,1014375,286,11523,9763,200,24291,3204,0.000943574
4,38207.1,140929,64186.3,54555,28,3235,175602,166056,18670,988410,267,11004,9297,173,23718,2860,0.000943574
4,42970.2,140929,64186.3,54555,31,3235,175602,166056,18670,988410,267,11004,9297,173,23718,2860,0.000943574
4,44598.3,140929,64186.3,54555,4,3235,175602,166056,18670,988410,267,11004,9297,173,23718,2860,0.000943574
4,71471.1,140929,64186.3,54555,10,3235,175602,166056,18670,988410,267,11004,9297,173,23718,2860,0.000943574
4,6295.95,102303,57915.7,46985,5,2882,143408,135749,15639,754553,353,12345,10236,368,33552,1594,0.000943574
4,47633.3,102303,57915.7,46985,55,2882,143408,135749,15639,754553,353,12345,10236,368,33552,1594,0.000943574
4,49445.2,102303,57915.7,46985,7,2882,143408,135749,15639,754553,353,12345,10236,368,33552,1594,0.000943574
4,53857.6,102303,57915.7,46985,59,2882,143408,135749,15639,754553,353,12345,10236,368,33552,1594,0.000943574
4,33885.5,119143,52982.6,44720,25,2961,159184,150575,16939,878819,219,9514,8039,159,20744,2544,0.000943574
4,41345.4,119143,52982.6,44720,40,2961,159184,150575,16939,878819,219,9514,8039,159,20744,2544,0.000943574
4,42386.6,119143,52982.6,44720,15,2961,159184,150575,16939,878819,219,9514,8039,159,20744,2544,0.000943574
4,68055.3,119143,52982.6,44720,6,2961,159184,150575,16939,878819,219,9514,8039,159,20744,2544,0.000943574
4,72877.2,212091,313546,253789,80,4122,251207,240120,26210,1535015,1172,53915,47437,1784,179037,8005,0.000943574
4,77153.4,212091,313546,253789,58,4122,251207,240120,26210,1535015,1172,53915,47437,1784,179037,8005,0.000943574
4,85080,212091,313546,253789,92,4122,251207,240120,26210,1535015,1172,53915,47437,1784,179037,8005,0.000943574
4,92770.5,212091,313546,253789,70,4122,251207,240120,26210,1535015,1172,53915,47437,1784,179037,8005,0.000943574
4,54932.9,181517,204118,164514,60,3896,222217,211136,23227,1254790,832,34795,30150,1138,108782,5239,0.000943574
4,64811.5,181517,204118,164514,26,3896,222217,211136,23227,1254790,832,34795,30150,1138,108782,5239,0.000943574
4,67135.8,181517,204118,164514,72,3896,222217,211136,23227,1254790,832,34795,30150,1138,108782,5239,0.000943574
4,74675.6,181517,204118,164514,54,3896,222217,211136,23227,1254790,832,34795,30150,1138,108782,5239,0.000943574
4,23218.7,52991,103339,84307,30,1733,84736,79087,8746,444683,544,19415,16709,599,63552,3074,0.000943574
4,48591.1,52991,103339,84307,48,1733,84736,79087,8746,444683,544,19415,16709,599,63552,3074,0.000943574
4,52523.6,52991,103339,84307,25,1733,84736,79087,8746,444683,544,19415,16709,599,63552,3074,0.000943574
4,59284.3,52991,103339,84307,63,1733,84736,79087,8746,444683,544,19415,16709,599,63552,3074,0.000943574
4,23988.7,32710.2,36996.8,30278,18,1287,53979,48931,5237,220944,214,7123,5685,142,17707,812,0.000943574
4,26869.1,32710.2,36996.8,30278,18,1287,53979,48931,5237,220944,214,7123,5685,142,17707,812,0.000943574
4,28341.4,32710.2,36996.8,30278,30,1287,53979,48931,5237,220944,214,7123,5685,142,17707,812,0.000943574
4,28547.2,32710.2,36996.8,30278,33,1287,53979,48931,5237,220944,214,7123,5685,142,17707,812,0.000943574
4,13224.2,52078.2,22051.5,17716,15,1721,76331,70781,7855,352162,193,5248,4199,118,11407,845,0.000943574
4,18585.9,52078.2,22051.5,17716,11,1721,76331,70781,7855,352162,193,5248,4199,118,11407,845,0.000943574
4,24720.5,52078.2,22051.5,17716,14,1721,76331,70781,7855,352162,193,5248,4199,118,11407,845,0.000943574
4,34538.6,52078.2,22051.5,17716,30,1721,76331,70781,7855,352162,193,5248,4199,118,11407,845,0.000943574
4,15120.8,128953,34174.4,27285,20,3376,165799,153659,17085,793845,246,8133,6643,153,21343,1099,0.000943574
4,27323.7,128953,34174.4,27285,32,3376,165799,153659,17085,793845,246,8133,6643,153,21343,1099,0.000943574
4,36475.6,128953,34174.4,27285,4,3376,165799,153659,17085,793845,246,8133,6643,153,21343,1099,0.000943574
4,46526.7,128953,34174.4,27285,38,3376,165799,153659,17085,793845,246,8133,6643,153,21343,1099,0.000943574
4,25166.1,164847,67223.9,52318,11,3799,202549,192804,21123,1141225,428,14516,12217,517,45714,1743,0.000943574
4,34436.1,164847,67223.9,52318,27,3799,202549,192804,21123,1141225,428,14516,12217,517,45714,1743,0.000943574
4,35517.9,164847,67223.9,52318,39,3799,202549,192804,21123,1141225,428,14516,12217,517,45714,1743,0.000943574
4,61983.5,164847,67223.9,52318,38,3799,202549,192804,21123,1141225,428,14516,12217,517,45714,1743,0.000943574
4,31288.2,167739,135150,107856,20,3444,199364,189670,20807,1147157,637,25819,22216,696,81684,3588,0.000943574
4,70376.8,167739,135150,107856,47,3444,199364,189670,20807,1147157,637,25819,22216,696,81684,3588,0.000943574
4,76952.2,167739,135150,107856,13,3444,199364,189670,20807,1147157,637,25819,22216,696,81684,3588,0.000943574
4,78678.2,167739,135150,107856,45,3444,199364,189670,20807,1147157,637,25819,22216,696,81684,3588,0.000943574
4,27214.9,61395.6,70654.3,58808,22,1984,92099,85725,9450,445547,333,11919,9746,264,32370,1356,0.000943574
4,28277.1,61395.6,70654.3,58808,29,1984,92099,85725,9450,445547,333,11919,9746,264,32370,1356,0.000943574
4,45215.2,61395.6,70654.3,58808,39,1984,92099,85725,9450,445547,333,11919,9746,264,32370,1356,0.000943574
4,45356.6,61395.6,70654.3,58808,25,1984,92099,85725,9450,445547,333,11919,9746,264,32370,1356,0.000943574
4,4150.09,79094.1,25363.5,20332,6,2426,112741,103447,11430,508822,183,5644,4507,134,14422,594,0.000943574
4,16324.8,79094.1,25363.5,20332,16,2426,112741,103447,11430,508822,183,5644,4507,134,14422,594,0.000943574
4,28379.9,79094.1,25363.5,20332,12,2426,112741,103447,11430,508822,183,5644,4507,134,14422,594,0.000943574
4,39375.8,79094.1,25363.5,20332,36,2426,112741,103447,11430,508822,183,5644,4507,134,14422,594,0.000943574
4,6182.98,54374.9,33151,26095,6,1775,82744,77571,8977,417866,241,7201,5842,149,17831,1126,0.000943574
4,31745.6,54374.9,33151,26095,6,1775,82744,77571,8977,417866,241,7201,5842,149,17831,1126,0.000943574
4,40370,54374.9,33151,26095,28,1775,82744,77571,8977,417866,241,7201,5842,149,17831,1126,0.000943574
4,44546,54374.9,33151,26095,6,1775,82744,77571,8977,417866,241,7201,5842,149,17831,1126,0.000943574
4,12025.6,47087.3,34607.5,27001,11,1704,77252,72111,8379,388900,247,7691,6122,150,21756,642,0.000943574
4,36783,47087.3,34607.5,27001,2,1704,77252,72111,8379,388900,247,7691,6122,150,21756,642,0.000943574
4,44977.1,47087.3,34607.5,27001,20,1704,77252,72111,8379,388900,247,7691,6122,150,21756,642,0.000943574
4,45332.5,47087.3,34607.5,27001,19,1704,77252,72111,8379,388900,247,7691,6122,150,21756,642,0.000943574
4,22212.4,42900.8,39768.1,32519,16,1574,66708,60527,6529,279400,237,8275,6711,163,19250,1336,0.000943574
4,24741,42900.8,39768.1,32519,28,1574,66708,60527,6529,279400,237,8275,6711,163,19250,1336,0.000943574
4,26665,42900.8,39768.1,32519,30,1574,66708,60527,6529,279400,237,8275,6711,163,19250,1336,0.000943574
4,31244.8,42900.8,39768.1,32519,32,1574,66708,60527,6529,279400,237,8275,6711,163,19250,1336,0.000943574
4,73340,206300,305654,247939,79,4123,251430,240352,26228,1538140,1175,54465,47936,1816,181216,8063,0.000943574
4,77616.3,206300,305654,247939,57,4123,251430,240352,26228,1538140,1175,54465,47936,1816,181216,8063,0.000943574
4,85542.9,206300,305654,247939,91,4123,251430,240352,26228,1538140,1175,54465,47936,1816,181216,8063,0.000943574
4,93233.4,206300,305654,247939,69,4123,251430,240352,26228,1538140,1175,54465,47936,1816,181216,8063,0.000943574
4,13370.7,18955,19420.6,15300,9,938,36348,32908,3653,149798,163,4382,3436,75,11247,465,0.000943574
4,15972.7,18955,19420.6,15300,9,938,36348,32908,3653,149798,163,4382,3436,75,11247,465,0.000943574
4,27925.4,18955,19420.6,15300,17,938,36348,32908,3653,149798,163,4382,3436,75,11247,465,0.000943574
4,28560.1,18955,19420.6,15300,32,938,36348,32908,3653,149798,163,4382,3436,75,11247,465,0.000943574
4,59068.2,201626,193449,159516,43,4103,239528,229488,24849,1436684,739,32621,28288,798,97885,6065,0.000943574
4,60166.1,201626,193449,159516,38,4103,239528,229488,24849,1436684,739,32621,28288,798,97885,6065,0.000943574
4,72209.7,201626,193449,159516,49,4103,239528,229488,24849,1436684,739,32621,28288,798,97885,6065,0.000943574
4,81027.9,201626,193449,159516,30,4103,239528,229488,24849,1436684,739,32621,28288,798,97885,6065,0.000943574
4,38434.7,189982,127505,101448,34,4153,230678,221524,24148,1366275,718,27273,23143,741,81463,3919,0.000943574
4,47820.1,189982,127505,101448,44,4153,230678,221524,24148,1366275,718,27273,23143,741,81463,3919,0.000943574
4,49872.9,189982,127505,101448,57,4153,230678,221524,24148,1366275,718,27273,23143,741,81463,3919,0.000943574
4,73136.8,189982,127505,101448,50,4153,230678,221524,24148,1366275,718,27273,23143,741,81463,3919,0.000943574
4,52687.8,211944,132308,109051,36,4030,229815,220307,24041,1342754,544,22665,19317,435,64961,4159,0.000943574
4,52964.9,211944,132308,109051,39,4030,229815,220307,24041,1342754,544,22665,19317,435,64961,4159,0.000943574
4,64593.4,211944,132308,109051,50,4030,229815,220307,24041,1342754,544,22665,19317,435,64961,4159,0.000943574
4,73876.4,211944,132308,109051,23,4030,229815,220307,24041,1342754,544,22665,19317,435,64961,4159,0.000943574
4,11389.2,15491.4,12422.8,10190,15,794,29500,26620,2760,115697,112,2796,2159,29,5230,483,0.000943574
4,18737.3,15491.4,12422.8,10190,11,794,29500,26620,2760,115697,112,2796,2159,29,5230,483,0.000943574
4,20758.1,15491.4,12422.8,10190,12,794,29500,26620,2760,115697,112,2796,2159,29,5230,483,0.000943574
4,23132.4,15491.4,12422.8,10190,28,794,29500,26620,2760,115697,112,2796,2159,29,5230,483,0.000943574
4,59914.5,213511,216324,179959,44,4111,240893,230749,25030,1446745,778,34567,30068,882,105084,6354,0.000943574
4,60907.3,213511,216324,179959,40,4111,240893,230749,25030,1446745,778,34567,30068,882,105084,6354,0.000943574
4,72950.9,213511,216324,179959,51,4111,240893,230749,25030,1446745,778,34567,30068,882,105084,6354,0.000943574
4,81537.1,213511,216324,179959,34,4111,240893,230749,25030,1446745,778,34567,30068,882,105084,6354,0.000943574
4,10140.2,83491.5,39827,31657,12,2497,118846,111360,12612,585040,252,8313,6748,199,20868,1117,0.000943574
4,39130.5,83491.5,39827,31657,7,2497,118846,111360,12612,585040,252,8313,6748,199,20868,1117,0.000943574
4,40691.4,83491.5,39827,31657,34,2497,118846,111360,12612,585040,252,8313,6748,199,20868,1117,0.000943574
4,44849.3,83491.5,39827,31657,35,2497,118846,111360,12612,585040,252,8313,6748,199,20868,1117,0.000943574
4,23894,150994,146798,117609,2,3374,190365,180415,20053,1075035,701,27403,23694,1042,89216,3361,0.000943574
4,70561.6,150994,146798,117609,66,3374,190365,180415,20053,1075035,701,27403,23694,1042,89216,3361,0.000943574
4,71485,150994,146798,117609,7,3374,190365,180415,20053,1075035,701,27403,23694,1042,89216,3361,0.000943574
4,77291,150994,146798,117609,68,3374,190365,180415,20053,1075035,701,27403,23694,1042,89216,3361,0.000943574
4,19435,95675.5,28567.3,23147,20,2708,131203,123907,13804,687550,203,5578,4461,95,10901,1141,0.000943574
4,19549,95675.5,28567.3,23147,20,2708,131203,123907,13804,687550,203,5578,4461,95,10901,1141,0.000943574
4,21005.3,95675.5,28567.3,23147,6,2708,131203,123907,13804,687550,203,5578,4461,95,10901,1141,0.000943574
4,48551,95675.5,28567.3,23147,14,2708,131203,123907,13804,687550,203,5578,4461,95,10901,1141,0.000943574
4,16523.3,124010,28864.6,22345,8,3222,158174,149558,16315,840113,251,7430,6022,165,19704,899,0.000943574
4,23918.6,124010,28864.6,22345,15,3222,158174,149558,16315,840113,251,7430,6022,165,19704,899,0.000943574
4,26170.6,124010,28864.6,22345,28,3222,158174,149558,16315,840113,251,7430,6022,165,19704,899,0.000943574
4,51466,124010,28864.6,22345,26,3222,158174,149558,16315,840113,251,7430,6022,165,19704,899,0.000943574
4,19618.4,148694,129831,103137,23,3178,176319,166936,18842,987787,673,26169,22290,883,78332,3749,0.000943574
4,66084.6,148694,129831,103137,24,3178,176319,166936,18842,987787,673,26169,22290,883,78332,3749,0.000943574
4,68495.2,148694,129831,103137,68,3178,176319,166936,18842,987787,673,26169,22290,883,78332,3749,0.000943574
4,74222.4,148694,129831,103137,63,3178,176319,166936,18842,987787,673,26169,22290,883,78332,3749,0.000943574
4,22425.5,51221.4,43668.3,35254,21,1813,80489,74930,8251,380698,227,8840,7203,168,21950,1386,0.000943574
4,29149,51221.4,43668.3,35254,21,1813,80489,74930,8251,380698,227,8840,7203,168,21950,1386,0.000943574
4,39957.6,51221.4,43668.3,35254,39,1813,80489,74930,8251,380698,227,8840,7203,168,21950,1386,0.000943574
4,41024.1,51221.4,43668.3,35254,14,1813,80489,74930,8251,380698,227,8840,7203,168,21950,1386,0.000943574
4,3658.72,40037.4,30669.9,24662,7,1394,62092,57909,6688,303206,225,6337,5049,159,17899,422,0.000943574
4,26566.1,40037.4,30669.9,24662,20,1394,62092,57909,6688,303206,225,6337,5049,159,17899,422,0.000943574
4,36553.5,40037.4,30669.9,24662,18,1394,62092,57909,6688,303206,225,6337,5049,159,17899,422,0.000943574
4,36625.6,40037.4,30669.9,24662,36,1394,62092,57909,6688,303206,225,6337,5049,159,17899,422,0.000943574
4,13896.7,37568.1,22332.7,19014,4,1534,65391,60464,6614,295037,107,3615,2827,44,7116,629,0.000943574
4,30673.6,37568.1,22332.7,19014,26,1534,65391,60464,6614,295037,107,3615,2827,44,7116,629,0.000943574
4,32957.2,37568.1,22332.7,19014,3,1534,65391,60464,6614,295037,107,3615,2827,44,7116,629,0.000943574
4,33755.7,37568.1,22332.7,19014,7,1534,65391,60464,6614,295037,107,3615,2827,44,7116,629,0.000943574
4,34133.7,152836,91617.7,75787,44,3566,184529,174927,19127,981825,457,17399,14638,382,48187,2879,0.000943574
4,46336.6,152836,91617.7,75787,56,3566,184529,174927,19127,981825,457,17399,14638,382,48187,2879,0.000943574
4,53473.9,152836,91617.7,75787,46,3566,184529,174927,19127,981825,457,17399,14638,382,48187,2879,0.000943574
4,55745.6,152836,91617.7,75787,18,3566,184529,174927,19127,981825,457,17399,14638,382,48187,2879,0.000943574
