K,dist,cost_ki,cost_hi,h_cost,vnum,gen_ki,push_ki,pop_ki,prune_ki,suc_call_ki,gen_hi,push_hi,pop_hi,prune_hi,suc_call_hi,reevaluate,density
2,60963.9,281219,89531,64261,46,4613,279152,269357,29061,1771797,559,21073,18129,615,76463,1592,0.000566145
2,90411.2,281219,89531,64261,57,4613,279152,269357,29061,1771797,559,21073,18129,615,76463,1592,0.000566145
2,27311.6,195216,16819.2,12125,13,4205,222489,211159,22712,1206777,151,4487,3535,47,14059,195,0.000566145
2,56912.5,195216,16819.2,12125,28,4205,222489,211159,22712,1206777,151,4487,3535,47,14059,195,0.000566145
2,64227.6,240725,90969.3,68334,51,4408,274190,264121,27887,1708546,591,21366,18141,824,77964,1768,0.000566145
2,89242,240725,90969.3,68334,38,4408,274190,264121,27887,1708546,591,21366,18141,824,77964,1768,0.000566145
2,36334.7,77231.6,21871.3,16932,19,2013,105416,98596,11215,532506,192,5466,4293,72,13651,584,0.000566145
2,53057.8,77231.6,21871.3,16932,11,2013,105416,98596,11215,532506,192,5466,4293,72,13651,584,0.000566145
2,13960.4,22466.4,8946,6856,13,936,40751,37308,3926,162598,85,2505,1914,39,5893,143,0.000566145
2,27587.1,22466.4,8946,6856,28,936,40751,37308,3926,162598,85,2505,1914,39,5893,143,0.000566145
2,41155.5,72798.4,26371.9,19490,9,2191,107676,100563,11514,535012,227,7219,5841,137,22981,285,0.000566145
2,48552.2,72798.4,26371.9,19490,33,2191,107676,100563,11514,535012,227,7219,5841,137,22981,285,0.000566145
2,60607.3,103822,74906.6,57129,62,2683,140052,131957,15337,754115,442,16248,13534,450,52459,1014,0.000566145
2,61041.4,103822,74906.6,57129,14,2683,140052,131957,15337,754115,442,16248,13534,450,52459,1014,0.000566145
2,30475.9,93832.4,30027.5,21781,6,2380,118098,111403,12761,604606,245,8422,6901,302,25988,108,0.000566145
2,49905.3,93832.4,30027.5,21781,65,2380,118098,111403,12761,604606,245,8422,6901,302,25988,108,0.000566145
2,9638.72,24433.5,2164.11,1663,4,891,43315,40122,4767,201158,27,639,456,0,1285,29,0.000566145
2,45498.3,24433.5,2164.11,1663,9,891,43315,40122,4767,201158,27,639,456,0,1285,29,0.000566145
2,53504.2,247845,40798.6,29545,25,4448,266087,256246,27319,1641351,312,10345,8517,187,34427,710,0.000566145
2,83105.2,247845,40798.6,29545,40,4448,266087,256246,27319,1641351,312,10345,8517,187,34427,710,0.000566145
2,16582.9,9942.86,5141.9,4039,10,506,20290,18012,1674,69120,50,1396,1030,17,2794,133,0.000566145
2,18326.8,9942.86,5141.9,4039,21,506,20290,18012,1674,69120,50,1396,1030,17,2794,133,0.000566145
2,45896.2,56049.9,45008.1,35322,36,1619,81883,76800,9076,411229,292,10319,8515,230,29820,935,0.000566145
2,51640.1,56049.9,45008.1,35322,34,1619,81883,76800,9076,411229,292,10319,8515,230,29820,935,0.000566145
2,40870.8,143014,45330.8,35046,54,3387,173386,164021,18309,931583,357,11255,9234,272,30771,994,0.000566145
2,55567.5,143014,45330.8,35046,29,3387,173386,164021,18309,931583,357,11255,9234,272,30771,994,0.000566145
2,13883.2,41590.6,13608.1,10088,4,1219,61367,57426,6341,285237,120,3973,3157,68,11414,60,0.000566145
2,40824.5,41590.6,13608.1,10088,39,1219,61367,57426,6341,285237,120,3973,3157,68,11414,60,0.000566145
2,30958.2,50141.4,13355,10580,7,1622,75494,69606,7673,335509,116,2848,2164,56,6390,168,0.000566145
2,34753.5,50141.4,13355,10580,33,1622,75494,69606,7673,335509,116,2848,2164,56,6390,168,0.000566145
2,51416.3,260518,75151.5,55159,49,4550,261590,252144,27440,1618385,478,18163,15536,586,63689,1272,0.000566145
2,80762.7,260518,75151.5,55159,65,4550,261590,252144,27440,1618385,478,18163,15536,586,63689,1272,0.000566145
2,25815.3,128555,34198,25580,32,3234,162731,153301,17178,837749,257,8753,7218,258,25551,462,0.000566145
2,51299.2,128555,34198,25580,59,3234,162731,153301,17178,837749,257,8753,7218,258,25551,462,0.000566145
2,40422.8,99070,45346.7,33228,10,2718,140326,132282,15150,750848,378,12129,10029,470,38994,302,0.000566145
2,59523.3,99070,45346.7,33228,58,2718,140326,132282,15150,750848,378,12129,10029,470,38994,302,0.000566145
2,12597.7,12973.4,5343.45,4102,9,677,27124,24111,2407,96709,48,1508,1174,23,3783,92,0.000566145
2,20862,12973.4,5343.45,4102,23,677,27124,24111,2407,96709,48,1508,1174,23,3783,92,0.000566145
2,37602.4,35233.2,22397.8,17064,8,1200,58038,54239,6008,272479,167,5548,4341,110,14302,247,0.000566145
2,41975.9,35233.2,22397.8,17064,36,1200,58038,54239,6008,272479,167,5548,4341,110,14302,247,0.000566145
2,60394.6,230253,67431.9,51247,32,4336,266936,257090,27278,1649039,420,14978,12478,486,51695,1528,0.000566145
2,85685.6,230253,67431.9,51247,23,4336,266936,257090,27278,1649039,420,14978,12478,486,51695,1528,0.000566145
2,63375.9,264878,27111.3,20622,22,4359,274796,264728,27831,1723861,198,6210,4921,90,15444,1005,0.000566145
2,90008.1,264878,27111.3,20622,5,4359,274796,264728,27831,1723861,198,6210,4921,90,15444,1005,0.000566145
2,26082.5,27975.9,13052.8,10141,34,1035,45165,40971,4281,179524,123,3225,2507,61,7715,196,0.000566145
2,26686.6,27975.9,13052.8,10141,32,1035,45165,40971,4281,179524,123,3225,2507,61,7715,196,0.000566145
2,13947.6,11120.1,2263.15,1784,8,526,22438,20335,1952,88247,31,595,437,2,1081,90,0.000566145
2,22720.5,11120.1,2263.15,1784,6,526,22438,20335,1952,88247,31,595,437,2,1081,90,0.000566145
2,49279.1,242266,35289.6,26207,21,4410,258854,249273,26779,1575558,263,8649,7048,127,28757,547,0.000566145
2,78880.1,242266,35289.6,26207,36,4410,258854,249273,26779,1575558,263,8649,7048,127,28757,547,0.000566145
2,30905.1,168701,35144.8,26703,35,3739,191612,180840,19926,1010598,276,8309,6787,242,24696,513,0.000566145
2,53484.4,168701,35144.8,26703,37,3739,191612,180840,19926,1010598,276,8309,6787,242,24696,513,0.000566145
2,51606,228551,73301.8,54264,51,4552,261743,252168,27527,1618990,467,17265,14741,535,59566,1256,0.000566145
2,80952.4,228551,73301.8,54264,67,4552,261743,252168,27527,1618990,467,17265,14741,535,59566,1256,0.000566145
2,58064.6,246050,53248.9,39656,22,4472,273781,263751,27988,1708884,328,11487,9526,201,38264,815,0.000566145
2,87665.5,246050,53248.9,39656,37,4472,273781,263751,27988,1708884,328,11487,9526,201,38264,815,0.000566145
2,41515.4,220531,60667.5,44720,43,4349,236998,226482,24466,1381745,387,14615,12383,464,48658,1100,0.000566145
2,70127.6,220531,60667.5,44720,71,4349,236998,226482,24466,1381745,387,14615,12383,464,48658,1100,0.000566145
2,19534.2,121977,20552,15542,24,3335,164687,153629,17356,807826,181,5363,4328,122,15682,260,0.000566145
2,47894.1,121977,20552,15542,52,3335,164687,153629,17356,807826,181,5363,4328,122,15682,260,0.000566145
2,36849.1,34084.7,25387.8,19341,18,1161,59471,55536,6265,280357,184,6857,5491,130,19610,362,0.000566145
2,46133,34084.7,25387.8,19341,48,1161,59471,55536,6265,280357,184,6857,5491,130,19610,362,0.000566145
2,40745.4,221267,32062.7,23458,22,4490,248816,239098,25717,1471701,254,8291,6787,135,27075,536,0.000566145
2,70346.4,221267,32062.7,23458,37,4490,248816,239098,25717,1471701,254,8291,6787,135,27075,536,0.000566145
2,23967.5,55918.3,27449.9,20638,14,1687,87591,82088,8995,428794,209,7324,5951,166,20402,347,0.000566145
2,49993,55918.3,27449.9,20638,44,1687,87591,82088,8995,428794,209,7324,5951,166,20402,347,0.000566145
2,22672.1,52248.1,23717.2,17580,10,1648,84294,78933,8654,409667,200,6600,5236,133,18433,213,0.000566145
2,46589.7,52248.1,23717.2,17580,36,1648,84294,78933,8654,409667,200,6600,5236,133,18433,213,0.000566145
2,58997.4,126797,70457,56313,71,3178,170892,161619,18107,950523,369,13576,11383,402,37859,1945,0.000566145
2,65933.8,126797,70457,56313,5,3178,170892,161619,18107,950523,369,13576,11383,402,37859,1945,0.000566145
2,28596.5,60408.2,12241,9439,13,1794,92107,86308,9484,452860,134,3226,2403,22,6572,377,0.000566145
2,49980.8,60408.2,12241,9439,12,1794,92107,86308,9484,452860,134,3226,2403,22,6572,377,0.000566145
2,65087.6,135616,64917.4,51871,61,3223,178206,168606,18906,1005429,363,13793,11535,433,37291,2036,0.000566145
2,71999.6,135616,64917.4,51871,6,3223,178206,168606,18906,1005429,363,13793,11535,433,37291,2036,0.000566145
2,33369.5,152113,50587.9,37962,38,3409,179933,171384,19010,995551,325,11677,9674,324,34895,752,0.000566145
2,58046.7,152113,50587.9,37962,69,3409,179933,171384,19010,995551,325,11677,9674,324,34895,752,0.000566145
2,40661.5,73328.9,31478.4,23649,13,2198,108680,101502,11535,544227,248,8244,6656,123,24893,510,0.000566145
2,50102.2,73328.9,31478.4,23649,31,2198,108680,101502,11535,544227,248,8244,6656,123,24893,510,0.000566145
2,17695.3,126860,20428.6,15196,18,3344,162382,150988,16894,786416,195,5381,4369,134,17388,179,0.000566145
2,46979.1,126860,20428.6,15196,38,3344,162382,150988,16894,786416,195,5381,4369,134,17388,179,0.000566145
2,60002.5,246294,60191.9,45068,34,4339,266826,256934,27314,1646142,407,13908,11529,387,46939,1517,0.000566145
2,85329.8,246294,60191.9,45068,20,4339,266826,256934,27314,1646142,407,13908,11529,387,46939,1517,0.000566145
2,46657.5,227944,43641.5,33807,30,4357,246853,237603,25024,1466598,281,9219,7458,237,28086,972,0.000566145
2,71969.2,227944,43641.5,33807,18,4357,246853,237603,25024,1466598,281,9219,7458,237,28086,972,0.000566145
2,64636.7,232772,130642,98636,75,4276,260108,248976,27115,1620094,740,29713,25678,1239,104127,2316,0.000566145
2,91427.9,232772,130642,98636,89,4276,260108,248976,27115,1620094,740,29713,25678,1239,104127,2316,0.000566145
2,29363.1,74428,27652.9,20089,8,2250,110938,104484,12033,564699,236,7570,6179,281,22959,140,0.000566145
2,47784.1,74428,27652.9,20089,60,2250,110938,104484,12033,564699,236,7570,6179,281,22959,140,0.000566145
2,43089.2,35073.4,19824.1,15034,7,1206,61169,57253,6537,291102,171,5488,4297,82,13977,283,0.000566145
2,46305.8,35073.4,19824.1,15034,38,1206,61169,57253,6537,291102,171,5488,4297,82,13977,283,0.000566145
2,14588.9,41072.4,10329.9,7804,16,1489,68495,62549,6869,289995,103,2865,2207,54,6959,149,0.000566145
2,31694,41072.4,10329.9,7804,33,1489,68495,62549,6869,289995,103,2865,2207,54,6959,149,0.000566145
2,50706.2,45407.7,49269.5,38099,43,1496,75236,70377,8146,378832,317,11798,9845,298,34632,1198,0.000566145
2,53127.8,45407.7,49269.5,38099,22,1496,75236,70377,8146,378832,317,11798,9845,298,34632,1198,0.000566145
2,11461.9,9284.78,2480.24,1956,7,537,20201,17779,1706,68419,27,726,540,14,1727,43,0.000566145
2,18446,9284.78,2480.24,1956,15,537,20201,17779,1706,68419,27,726,540,14,1727,43,0.000566145
2,33714.2,44397.7,27554.5,21264,28,1412,67769,63603,7207,324323,206,7019,5706,199,19463,630,0.000566145
2,39314.5,44397.7,27554.5,21264,32,1412,67769,63603,7207,324323,206,7019,5706,199,19463,630,0.000566145
2,45689.7,161208,69419.5,53215,48,3664,203121,194049,21142,1168419,447,17001,14316,546,53282,1138,0.000566145
2,70538.7,161208,69419.5,53215,76,3664,203121,194049,21142,1168419,447,17001,14316,546,53282,1138,0.000566145
2,58756.8,230986,109882,81907,64,4327,259140,248402,27046,1603559,635,25119,21605,995,87259,1957,0.000566145
2,86349.6,230986,109882,81907,94,4327,259140,248402,27046,1603559,635,25119,21605,995,87259,1957,0.000566145
2,41951,208621,72735.4,53520,45,4109,224373,213658,22966,1274997,551,18895,15790,683,61109,931,0.000566145
2,64671,208621,72735.4,53520,49,4109,224373,213658,22966,1274997,551,18895,15790,683,61109,931,0.000566145
2,14412.6,18612.3,7952.15,6158,15,800,34788,31710,3252,132927,80,2169,1676,34,4638,177,0.000566145
2,24793.5,18612.3,7952.15,6158,26,800,34788,31710,3252,132927,80,2169,1676,34,4638,177,0.000566145
2,61477.1,102896,79613.8,60786,59,2724,142914,134762,15693,773006,464,17328,14544,501,55676,1328,0.000566145
2,62158.5,102896,79613.8,60786,15,2724,142914,134762,15693,773006,464,17328,14544,501,55676,1328,0.000566145
2,14572.1,6667.26,2120.34,1656,6,375,13894,12122,1078,45185,31,588,415,3,1065,60,0.000566145
2,15417.2,6667.26,2120.34,1656,15,375,13894,12122,1078,45185,31,588,415,3,1065,60,0.000566145
2,65761.1,252743,93763.9,68863,51,4428,276978,266882,28022,1736419,621,22288,18952,865,82771,1866,0.000566145
2,90775.9,252743,93763.9,68863,38,4428,276978,266882,28022,1736419,621,22288,18952,865,82771,1866,0.000566145
2,16699.8,35127.9,11048.5,8393,21,1043,51165,47708,5102,234607,95,2951,2305,42,7305,140,0.000566145
2,32343.5,35127.9,11048.5,8393,27,1043,51165,47708,5102,234607,95,2951,2305,42,7305,140,0.000566145
2,54282.3,179716,64657.5,48826,57,3768,208170,197675,21670,1185295,489,15637,12890,447,45580,1516,0.000566145
2,69735.3,179716,64657.5,48826,22,3768,208170,197675,21670,1185295,489,15637,12890,447,45580,1516,0.000566145
2,55888.1,227712,59506.6,45017,36,4375,261409,251686,26632,1596448,431,14229,11773,467,47856,1337,0.000566145
2,80956.7,227712,59506.6,45017,26,4375,261409,251686,26632,1596448,431,14229,11773,467,47856,1337,0.000566145
2,47364.8,203302,77557.9,57771,50,4126,228391,217476,23272,1303532,546,18278,15173,584,55849,1115,0.000566145
2,69012.7,203302,77557.9,57771,32,4126,228391,217476,23272,1303532,546,18278,15173,584,55849,1115,0.000566145
2,11066.3,48710.3,4779.93,3666,13,1670,75766,68780,7692,322946,64,1345,957,8,3067,78,0.000566145
2,33143.1,48710.3,4779.93,3666,11,1670,75766,68780,7692,322946,64,1345,957,8,3067,78,0.000566145
2,22964.4,68029.5,20006.3,14998,14,2036,97053,89641,9906,438414,178,5265,4286,146,15177,210,0.000566145
2,37376.4,68029.5,20006.3,14998,37,2036,97053,89641,9906,438414,178,5265,4286,146,15177,210,0.000566145
2,67773.5,258860,80691.5,59607,40,4421,280538,270267,28454,1774165,546,19039,15931,592,68399,1913,0.000566145
2,92842,258860,80691.5,59607,30,4421,280538,270267,28454,1774165,546,19039,15931,592,68399,1913,0.000566145
2,29783.1,151555,30011.7,22450,29,3730,190834,179840,19887,997345,267,8062,6547,250,23759,504,0.000566145
2,52628.8,151555,30011.7,22450,35,3730,190834,179840,19887,997345,267,8062,6547,250,23759,504,0.000566145
2,13771.3,11280.9,3710.7,2917,17,638,23932,21212,2094,84908,41,1022,743,3,1726,133,0.000566145
2,19828.4,11280.9,3710.7,2917,11,638,23932,21212,2094,84908,41,1022,743,3,1726,133,0.000566145
2,54302,204023,87547.3,65708,50,4336,248068,238273,25224,1482957,641,22443,18770,660,71290,1458,0.000566145
2,76817.2,204023,87547.3,65708,35,4336,248068,238273,25224,1482957,641,22443,18770,660,71290,1458,0.000566145
2,46297.2,132276,75923.6,56815,36,3189,176305,167815,18590,1000948,499,18842,15850,667,62262,1084,0.000566145
2,67806.6,132276,75923.6,56815,73,3189,176305,167815,18590,1000948,499,18842,15850,667,62262,1084,0.000566145
2,56820.7,142015,57024.2,45547,52,3371,182130,172505,19306,1019006,360,12453,10222,355,32419,1616,0.000566145
2,66893.8,142015,57024.2,45547,11,3371,182130,172505,19306,1019006,360,12453,10222,355,32419,1616,0.000566145
2,5241.89,31904.5,1954.84,1496,5,1233,52139,46982,4970,209027,22,457,314,0,893,22,0.000566145
2,27967.6,31904.5,1954.84,1496,6,1233,52139,46982,4970,209027,22,457,314,0,893,22,0.000566145
2,16120.9,20596.1,9547.34,7485,19,917,37033,33076,3467,138949,77,2477,1932,38,5509,241,0.000566145
2,24071.6,20596.1,9547.34,7485,22,917,37033,33076,3467,138949,77,2477,1932,38,5509,241,0.000566145
2,56158.4,110656,64194.9,50212,68,2799,143412,135239,15555,764572,360,13638,11560,365,39868,1807,0.000566145
2,58952.3,110656,64194.9,50212,6,2799,143412,135239,15555,764572,360,13638,11560,365,39868,1807,0.000566145
2,61027.4,232999,98441.4,73455,51,4377,268595,258703,27134,1662280,633,22650,19088,816,80687,1688,0.000566145
2,85648.8,232999,98441.4,73455,44,4377,268595,258703,27134,1662280,633,22650,19088,816,80687,1688,0.000566145
2,30017.5,123090,31876.7,23875,26,3072,157732,149064,16671,827665,254,8441,6883,197,23376,546,0.000566145
2,53357.2,123090,31876.7,23875,65,3072,157732,149064,16671,827665,254,8441,6883,197,23376,546,0.000566145
2,63642.6,229471,125771,95832,76,4284,260399,249342,27000,1620298,708,28866,24903,1186,100463,2229,0.000566145
2,90681.9,229471,125771,95832,89,4284,260399,249342,27000,1620298,708,28866,24903,1186,100463,2229,0.000566145
2,26603.1,60866.5,9387.84,7227,9,1705,86096,80639,8954,416365,111,2488,1813,4,5346,187,0.000566145
2,45862.5,60866.5,9387.84,7227,12,1705,86096,80639,8954,416365,111,2488,1813,4,5346,187,0.000566145
2,44555.4,72348.7,25244.5,19015,5,2232,105447,97776,11206,506533,204,6038,4782,105,18192,187,0.000566145
2,45948.2,72348.7,25244.5,19015,44,2232,105447,97776,11206,506533,204,6038,4782,105,18192,187,0.000566145
2,8746.69,71124.7,11690.2,8609,12,2123,98649,90094,10056,436351,113,3216,2567,75,9817,64,0.000566145
2,36914.4,71124.7,11690.2,8609,37,2123,98649,90094,10056,436351,113,3216,2567,75,9817,64,0.000566145
2,39797.8,227391,34973.8,25461,25,4496,248576,238605,25861,1461192,275,9012,7423,160,29174,618,0.000566145
2,69398.7,227391,34973.8,25461,40,4496,248576,238605,25861,1461192,275,9012,7423,160,29174,618,0.000566145
2,6713.76,22974.6,2955.96,2252,6,879,39589,36291,3841,162297,49,901,625,3,1872,24,0.000566145
2,29904.6,22974.6,2955.96,2252,8,879,39589,36291,3841,162297,49,901,625,3,1872,24,0.000566145
2,53994.6,246315,36572.9,27102,10,4427,265270,255502,26974,1631414,278,8751,7043,102,28691,251,0.000566145
2,83530.9,246315,36572.9,27102,19,4427,265270,255502,26974,1631414,278,8751,7043,102,28691,251,0.000566145
2,12766.6,101340,9050.69,6649,7,2874,133878,122994,13763,617039,111,2549,1956,36,7193,71,0.000566145
2,42367.5,101340,9050.69,6649,22,2874,133878,122994,13763,617039,111,2549,1956,36,7193,71,0.000566145
2,45019.7,84277.5,41211.3,33030,39,2500,120039,112271,12730,599543,245,8117,6600,162,20726,1013,0.000566145
2,48118,84277.5,41211.3,33030,12,2500,120039,112271,12730,599543,245,8117,6600,162,20726,1013,0.000566145
2,30168.4,34920.7,21371.4,16475,15,1083,53153,49425,5355,243803,123,5110,4093,95,14034,296,0.000566145
2,40901.6,34920.7,21371.4,16475,46,1083,53153,49425,5355,243803,123,5110,4093,95,14034,296,0.000566145
2,69641.3,271759,121849,88838,66,4566,292499,282949,29900,1908056,709,27991,24310,1019,103386,2112,0.000566145
2,98987.7,271759,121849,88838,82,4566,292499,282949,29900,1908056,709,27991,24310,1019,103386,2112,0.000566145
2,41367.1,85773.7,37375.9,27543,8,2338,122747,115502,13303,646397,311,10328,8487,442,32987,198,0.000566145
2,57730.9,85773.7,37375.9,27543,46,2338,122747,115502,13303,646397,311,10328,8487,442,32987,198,0.000566145
2,25078,56598,30666.3,22817,11,1763,90676,84956,9393,444415,271,8422,6650,146,23326,282,0.000566145
2,48999.8,56598,30666.3,22817,18,1763,90676,84956,9393,444415,271,8422,6650,146,23326,282,0.000566145
2,40797.8,208083,61001.7,46641,48,4261,232098,221017,23733,1317604,403,13356,11189,519,44525,978,0.000566145
2,64542.3,208083,61001.7,46641,38,4261,232098,221017,23733,1317604,403,13356,11189,519,44525,978,0.000566145
2,16342,18925.7,6610.28,5025,21,811,34934,31493,3246,131854,68,1831,1355,31,3931,132,0.000566145
2,23752.4,18925.7,6610.28,5025,28,811,34934,31493,3246,131854,68,1831,1355,31,3931,132,0.000566145
2,35222.7,80196.8,32289.7,24267,14,2076,104872,98707,11217,537182,269,8223,6692,304,23951,380,0.000566145
2,50181.5,80196.8,32289.7,24267,41,2076,104872,98707,11217,537182,269,8223,6692,304,23951,380,0.000566145
2,61962,181749,74846.2,57507,62,3931,227001,215886,23400,1325634,520,16706,13640,518,49574,1778,0.000566145
2,78064.8,181749,74846.2,57507,20,3931,227001,215886,23400,1325634,520,16706,13640,518,49574,1778,0.000566145
2,39096.9,169087,56606.4,41870,47,3770,203079,194084,21120,1160135,406,14649,12356,500,46487,839,0.000566145
2,65636.7,169087,56606.4,41870,66,3770,203079,194084,21120,1160135,406,14649,12356,500,46487,839,0.000566145
2,7922.89,68395.7,10462.8,7590,12,2101,96785,88261,9936,426657,107,2908,2297,45,9260,54,0.000566145
2,36634.4,68395.7,10462.8,7590,27,2101,96785,88261,9936,426657,107,2908,2297,45,9260,54,0.000566145
2,3416.02,18940.1,2377.93,1774,4,789,35299,32312,3348,142818,30,708,494,0,1618,12,0.000566145
2,29584.3,18940.1,2377.93,1774,11,789,35299,32312,3348,142818,30,708,494,0,1618,12,0.000566145
2,50622.2,170897,81439.6,60384,49,3557,200373,191306,20963,1164099,520,19382,16359,657,61734,1550,0.000566145
2,73093.1,170897,81439.6,60384,86,3557,200373,191306,20963,1164099,520,19382,16359,657,61734,1550,0.000566145
2,18665.9,119676,5039.9,3926,12,3237,158060,145405,16155,739476,47,1302,978,8,2611,180,0.000566145
2,45350.2,119676,5039.9,3926,6,3237,158060,145405,16155,739476,47,1302,978,8,2611,180,0.000566145
2,64247,194364,88873.9,68579,66,4000,233856,223205,24126,1388853,574,19464,16064,622,60337,2104,0.000566145
2,80591.7,194364,88873.9,68579,19,4000,233856,223205,24126,1388853,574,19464,16064,622,60337,2104,0.000566145
2,51633.1,177355,97959.7,71629,53,3704,213271,203913,21967,1254662,556,21970,18677,814,73007,1397,0.000566145
2,76436.6,177355,97959.7,71629,100,3704,213271,203913,21967,1254662,556,21970,18677,814,73007,1397,0.000566145
2,55872.3,253089,79904.9,59172,52,4558,269226,259694,28333,1689349,509,18945,16243,565,66436,1437,0.000566145
2,85218.7,253089,79904.9,59172,68,4558,269226,259694,28333,1689349,509,18945,16243,565,66436,1437,0.000566145
2,37239.3,116813,46522.4,34254,18,2881,149529,141331,15974,802505,358,12112,9954,396,37324,460,0.000566145
2,58117.2,116813,46522.4,34254,65,2881,149529,141331,15974,802505,358,12112,9954,396,37324,460,0.000566145
2,53427.9,84735.3,52340.8,41182,5,2526,124726,117066,13448,645531,297,9801,8009,271,32642,56,0.000566145
2,53524.8,84735.3,52340.8,41182,48,2526,124726,117066,13448,645531,297,9801,8009,271,32642,56,0.000566145
2,60475.5,149939,56919.3,45226,56,3373,186917,177076,19693,1053296,356,12542,10313,365,32760,1749,0.000566145
2,70415.3,149939,56919.3,45226,8,3373,186917,177076,19693,1053296,356,12542,10313,365,32760,1749,0.000566145
2,54071.2,93940.1,50107.3,38175,10,2549,126533,118784,13775,658906,330,10904,8890,301,35809,174,0.000566145
2,54327.7,93940.1,50107.3,38175,48,2549,126533,118784,13775,658906,330,10904,8890,301,35809,174,0.000566145
2,59393.4,208605,89363,66766,53,4193,244961,234795,25142,1470395,618,20990,17524,613,65837,1862,0.000566145
2,79343.1,208605,89363,66766,33,4193,244961,234795,25142,1470395,618,20990,17524,613,65837,1862,0.000566145
2,48823,99885.2,55744.7,44324,46,2755,136667,128582,14390,713878,308,10809,8991,256,30096,1407,0.000566145
2,53110.8,99885.2,55744.7,44324,9,2755,136667,128582,14390,713878,308,10809,8991,256,30096,1407,0.000566145
2,26489.7,28108.7,15728.5,12066,33,1144,50392,45929,4856,206505,133,3952,3113,55,10022,301,0.000566145
2,27879,28108.7,15728.5,12066,30,1144,50392,45929,4856,206505,133,3952,3113,55,10022,301,0.000566145
2,24058.2,149617,25022.4,18697,27,3716,190047,179327,19926,990169,212,6671,5401,167,19811,369,0.000566145
2,52649.1,149617,25022.4,18697,53,3716,190047,179327,19926,990169,212,6671,5401,167,19811,369,0.000566145
2,28585.4,181382,28625.4,21564,27,4105,216716,205673,22117,1182663,243,7298,5977,198,22790,434,0.000566145
2,57966.5,181382,28625.4,21564,41,4105,216716,205673,22117,1182663,243,7298,5977,198,22790,434,0.000566145
2,5762.68,20664.7,3820.99,2877,6,1000,39771,35544,3921,149858,40,1140,851,28,2978,30,0.000566145
2,24956.4,20664.7,3820.99,2877,19,1000,39771,35544,3921,149858,40,1140,851,28,2978,30,0.000566145
2,22156.9,40959.6,17993.5,13498,23,1387,67469,63121,6820,318145,147,4927,3910,102,13039,242,0.000566145
2,36090.1,40959.6,17993.5,13498,43,1387,67469,63121,6820,318145,147,4927,3910,102,13039,242,0.000566145
2,53842.6,202492,98387.3,73675,59,4222,244223,233752,25414,1470768,579,22617,19378,819,77058,1664,0.000566145
2,81290,202492,98387.3,73675,90,4222,244223,233752,25414,1470768,579,22617,19378,819,77058,1664,0.000566145
2,36608.1,132965,48563.3,36673,36,3324,175331,166937,18523,972157,343,11914,9878,326,35289,850,0.000566145
2,59819.8,132965,48563.3,36673,77,3324,175331,166937,18523,972157,343,11914,9878,326,35289,850,0.000566145
2,77882.1,272209,179141,128440,72,4540,298116,287936,29225,1978746,963,40672,35659,1504,159507,3064,0.000566145
2,106324,272209,179141,128440,109,4540,298116,287936,29225,1978746,963,40672,35659,1504,159507,3064,0.000566145
2,67236,258485,148591,108099,56,4428,276852,266819,28080,1739906,966,35436,30215,1190,131675,1987,0.000566145
2,91584.4,258485,148591,108099,39,4428,276852,266819,28080,1739906,966,35436,30215,1190,131675,1987,0.000566145
2,60194.2,240911,70132.5,53530,35,4339,267270,257358,27282,1649335,425,14878,12390,466,51165,1523,0.000566145
2,85518.3,240911,70132.5,53530,22,4339,267270,257358,27282,1649335,425,14878,12390,466,51165,1523,0.000566145
2,53226.2,96644.3,49854.8,37335,10,2577,127282,119388,13706,667629,356,11957,9823,291,38776,442,0.000566145
2,54568,96644.3,49854.8,37335,48,2577,127282,119388,13706,667629,356,11957,9823,291,38776,442,0.000566145
2,52738.1,215660,100461,73264,55,4117,236139,225967,24623,1416996,561,21823,18656,829,72769,1585,0.000566145
2,79516.8,215660,100461,73264,74,4117,236139,225967,24623,1416996,561,21823,18656,829,72769,1585,0.000566145
2,60196.2,243738,112864,83593,64,4378,264387,254237,27584,1656368,638,26394,22791,985,94693,2042,0.000566145
2,88135.7,243738,112864,83593,91,4378,264387,254237,27584,1656368,638,26394,22791,985,94693,2042,0.000566145
2,9182.76,21582.9,5855.36,4440,10,913,40206,36852,3846,162743,65,1738,1293,26,3898,62,0.000566145
2,28764.2,21582.9,5855.36,4440,33,913,40206,36852,3846,162743,65,1738,1293,26,3898,62,0.000566145
2,13082,28244.2,7293.2,5522,11,1199,50373,45335,4873,200996,70,2016,1530,16,4993,101,0.000566145
2,27612.4,28244.2,7293.2,5522,15,1199,50373,45335,4873,200996,70,2016,1530,16,4993,101,0.000566145
2,62369.9,254157,96370.9,70796,44,4541,282265,272363,29244,1794146,572,21451,18417,607,78226,1642,0.000566145
2,91817.2,254157,96370.9,70796,55,4541,282265,272363,29244,1794146,572,21451,18417,607,78226,1642,0.000566145
2,33549.3,118855,40460.9,31179,24,2906,149450,141054,15780,784936,273,8794,7156,236,24846,475,0.000566145
2,54961.5,118855,40460.9,31179,65,2906,149450,141054,15780,784936,273,8794,7156,236,24846,475,0.000566145
2,51856.1,258203,81953,61367,51,4536,261582,252217,27417,1623086,500,18947,16256,652,66645,1305,0.000566145
2,81202.5,258203,81953,61367,67,4536,261582,252217,27417,1623086,500,18947,16256,652,66645,1305,0.000566145
2,40595.2,232583,61507.8,45677,42,4403,240468,229705,24868,1401008,396,13930,11831,460,47710,869,0.000566145
2,69941.6,232583,61507.8,45677,58,4403,240468,229705,24868,1401008,396,13930,11831,460,47710,869,0.000566145
2,12427.1,67940.4,13492.7,10261,4,2039,94240,86890,9830,426426,117,3388,2665,84,9335,72,0.000566145
2,36597.5,67940.4,13492.7,10261,44,2039,94240,86890,9830,426426,117,3388,2665,84,9335,72,0.000566145
2,37840.3,89547.7,25979.6,19477,17,2082,105821,98929,11252,533306,216,6108,4811,65,14798,587,0.000566145
2,51953.3,89547.7,25979.6,19477,15,2082,105821,98929,11252,533306,216,6108,4811,65,14798,587,0.000566145
2,14294,23730.9,6439.52,4918,15,808,36105,33000,3473,142111,73,1703,1251,17,3640,137,0.000566145
2,26303.2,23730.9,6439.52,4918,19,808,36105,33000,3473,142111,73,1703,1251,17,3640,137,0.000566145
2,64440.5,262883,99070.9,71550,38,4566,285064,275125,29236,1816169,586,22251,19144,571,81686,1666,0.000566145
2,94041.5,262883,99070.9,71550,53,4566,285064,275125,29236,1816169,586,22251,19144,571,81686,1666,0.000566145
2,57632.4,214185,97231.9,74536,50,4254,248000,237969,25362,1493399,634,21827,18211,608,68896,1791,0.000566145
2,78545.8,214185,97231.9,74536,35,4254,248000,237969,25362,1493399,634,21827,18211,608,68896,1791,0.000566145
2,25719,152322,28646,21600,31,3549,177479,167754,18771,931216,240,7543,6212,246,22152,421,0.000566145
2,52816.7,152322,28646,21600,60,3549,177479,167754,18771,931216,240,7543,6212,246,22152,421,0.000566145
2,51049.7,41026.6,55139.9,44183,44,1359,68341,63873,7265,340271,292,10335,8435,278,33590,188,0.000566145
2,51128.1,41026.6,55139.9,44183,15,1359,68341,63873,7265,340271,292,10335,8435,278,33590,188,0.000566145
2,26804.3,25229.9,14131.2,11095,28,1008,44291,40724,4341,187275,113,3636,2846,77,8203,372,0.000566145
2,28369.5,25229.9,14131.2,11095,23,1008,44291,40724,4341,187275,113,3636,2846,77,8203,372,0.000566145
2,12088.3,34823.3,16331.3,12669,13,1139,57540,53748,6302,269234,114,3409,2664,51,9408,102,0.000566145
2,45021.2,34823.3,16331.3,12669,19,1139,57540,53748,6302,269234,114,3409,2664,51,9408,102,0.000566145
2,10803.7,82929.6,8059.23,6097,5,2599,120994,110659,12464,549821,86,1791,1332,22,5142,30,0.000566145
2,40404.6,82929.6,8059.23,6097,20,2599,120994,110659,12464,549821,86,1791,1332,22,5142,30,0.000566145
2,26070.8,100820,30797.7,22176,25,2632,129932,120857,13446,618994,223,7485,6166,246,22080,373,0.000566145
2,43607.7,100820,30797.7,22176,44,2632,129932,120857,13446,618994,223,7485,6166,246,22080,373,0.000566145
2,34095.2,182406,37904.4,28372,39,3909,205388,194739,21138,1122034,315,9781,8063,332,29482,651,0.000566145
2,57085.4,182406,37904.4,28372,36,3909,205388,194739,21138,1122034,315,9781,8063,332,29482,651,0.000566145
2,63185.2,267151,105875,78340,57,4590,282022,272319,29415,1801075,610,23836,20600,686,87134,1835,0.000566145
2,92531.6,267151,105875,78340,73,4590,282022,272319,29415,1801075,610,23836,20600,686,87134,1835,0.000566145
2,16367,24230.4,11325.1,8823,11,921,42852,39201,4411,181315,84,2441,1873,26,6385,129,0.000566145
2,34503,24230.4,11325.1,8823,17,921,42852,39201,4411,181315,84,2441,1873,26,6385,129,0.000566145
2,8241.85,30824.5,6833.35,5217,8,1168,51420,46333,5105,204779,65,2001,1568,39,5473,65,0.000566145
2,27880.2,30824.5,6833.35,5217,34,1168,51420,46333,5105,204779,65,2001,1568,39,5473,65,0.000566145
2,25174.8,29943.4,13453.7,10541,7,993,45864,42522,4639,203425,73,2908,2253,51,7086,141,0.000566145
2,33221.1,29943.4,13453.7,10541,48,993,45864,42522,4639,203425,73,2908,2253,51,7086,141,0.000566145
2,77153.2,157702,113044,84591,79,3279,196121,185465,20885,1160465,695,25889,21846,975,84436,2819,0.000566145
2,83395.8,157702,113044,84591,29,3279,196121,185465,20885,1160465,695,25889,21846,975,84436,2819,0.000566145
2,52048.4,108293,46234.3,34402,15,2513,126986,119205,13804,669886,329,11902,9791,301,37184,655,0.000566145
2,55345.3,108293,46234.3,34402,56,2513,126986,119205,13804,669886,329,11902,9791,301,37184,655,0.000566145
2,39550.6,78783.2,35794.6,28092,37,2471,116687,108301,12172,559274,256,7741,6244,128,20369,797,0.000566145
2,45512.3,78783.2,35794.6,28092,20,2471,116687,108301,12172,559274,256,7741,6244,128,20369,797,0.000566145
2,25004.6,22668.7,13345.9,10361,26,915,41305,37377,3922,162319,115,3233,2542,38,7842,263,0.000566145
2,25633.7,22668.7,13345.9,10361,33,915,41305,37377,3922,162319,115,3233,2542,38,7842,263,0.000566145
2,81547.6,164278,126850,95828,93,3288,202335,191268,21278,1219380,760,28532,24263,1132,97865,3050,0.000566145
2,87518.2,164278,126850,95828,35,3288,202335,191268,21278,1219380,760,28532,24263,1132,97865,3050,0.000566145
2,42350.3,36981.6,20387.9,15355,8,1206,60147,56303,6419,284574,177,5597,4337,82,14084,339,0.000566145
2,45515.1,36981.6,20387.9,15355,36,1206,60147,56303,6419,284574,177,5597,4337,82,14084,339,0.000566145
2,44857.8,143352,69373.6,52347,48,3408,185520,176871,19678,1045440,422,16193,13606,507,49275,1270,0.000566145
2,67062.9,143352,69373.6,52347,81,3408,185520,176871,19678,1045440,422,16193,13606,507,49275,1270,0.000566145
2,29575.8,28404.1,12334.4,9555,8,1056,48176,44889,4836,218147,92,3177,2383,42,6952,242,0.000566145
2,34422.3,28404.1,12334.4,9555,36,1056,48176,44889,4836,218147,92,3177,2383,42,6952,242,0.000566145
2,48646.3,245206,61954,45388,42,4567,259183,249606,27212,1581611,424,14918,12655,440,51615,1073,0.000566145
2,78093.6,245206,61954,45388,53,4567,259183,249606,27212,1581611,424,14918,12655,440,51615,1073,0.000566145
2,18132.5,27788.8,11939.4,9079,24,1045,48305,44966,4731,216694,113,3325,2620,55,8209,182,0.000566145
2,30267.8,27788.8,11939.4,9079,29,1045,48305,44966,4731,216694,113,3325,2620,55,8209,182,0.000566145
2,14415,77889.4,8851.45,6734,23,2280,106464,97288,11070,472034,88,2224,1623,15,4873,154,0.000566145
2,38401.5,77889.4,8851.45,6734,11,2280,106464,97288,11070,472034,88,2224,1623,15,4873,154,0.000566145
2,29402.9,50201.7,25246.1,19239,23,1485,69143,64876,7102,329597,195,6652,5416,190,18017,575,0.000566145
2,37155.1,50201.7,25246.1,19239,32,1485,69143,64876,7102,329597,195,6652,5416,190,18017,575,0.000566145
2,68681.7,157576,65098.5,50154,76,3411,196272,185904,20614,1125099,397,14146,11823,527,38606,2080,0.000566145
2,78263.1,157576,65098.5,50154,5,3411,196272,185904,20614,1125099,397,14146,11823,527,38606,2080,0.000566145
2,67619.2,170313,76495.1,57767,73,3589,208717,197921,21769,1209095,448,15459,12813,558,43236,2110,0.000566145
2,79167.3,170313,76495.1,57767,8,3589,208717,197921,21769,1209095,448,15459,12813,558,43236,2110,0.000566145
2,63837.1,178740,68702.9,53276,65,3736,214591,203697,22310,1241196,459,15507,12713,486,43370,1933,0.000566145
2,77358.4,178740,68702.9,53276,13,3736,214591,203697,22310,1241196,459,15507,12713,486,43370,1933,0.000566145
2,27598.3,29352.9,12954.6,9720,6,1060,50736,47071,5072,229603,96,3685,2902,73,9815,118,0.000566145
2,38082.8,29352.9,12954.6,9720,52,1060,50736,47071,5072,229603,96,3685,2902,73,9815,118,0.000566145
2,45842.4,76275.6,48856.9,36722,19,2106,112023,105218,12141,602765,368,12707,10626,486,41754,664,0.000566145
2,58543.1,76275.6,48856.9,36722,44,2106,112023,105218,12141,602765,368,12707,10626,486,41754,664,0.000566145
2,26348.9,199889,10130.4,7530,9,4200,220227,208491,22559,1173122,93,2867,2157,23,7669,114,0.000566145
2,55218.6,199889,10130.4,7530,17,4200,220227,208491,22559,1173122,93,2867,2157,23,7669,114,0.000566145
2,30601.5,101710,34681,26233,12,2633,133295,125592,14252,686690,266,8217,6612,255,24273,191,0.000566145
2,51704.9,101710,34681,26233,60,2633,133295,125592,14252,686690,266,8217,6612,255,24273,191,0.000566145
2,29233.9,141464,38752.3,29549,35,3533,181662,172737,19217,992144,273,9600,7961,311,28287,542,0.000566145
2,55492.9,141464,38752.3,29549,58,3533,181662,172737,19217,992144,273,9600,7961,311,28287,542,0.000566145
2,9422.15,37903.6,10765,8422,10,1385,60622,54859,5975,249715,83,2278,1768,48,5979,78,0.000566145
2,30087.2,37903.6,10765,8422,35,1385,60622,54859,5975,249715,83,2278,1768,48,5979,78,0.000566145
2,43110.8,165363,65484.6,47925,47,3656,199382,190446,20798,1138885,412,15545,13072,515,48007,1065,0.000566145
2,67927.3,165363,65484.6,47925,75,3656,199382,190446,20798,1138885,412,15545,13072,515,48007,1065,0.000566145
2,48954.4,217824,81198.3,61187,48,4331,245929,235520,25610,1474590,479,18283,15565,691,61726,1450,0.000566145
2,77057.9,217824,81198.3,61187,82,4331,245929,235520,25610,1474590,479,18283,15565,691,61726,1450,0.000566145
2,65794.3,222285,97894.6,73154,54,4159,248521,238099,25440,1513126,698,23466,19663,649,76141,2170,0.000566145
2,84825.6,222285,97894.6,73154,27,4159,248521,238099,25440,1513126,698,23466,19663,649,76141,2170,0.000566145
2,14843.7,16354.5,4492.6,3543,10,622,26877,24514,2532,108042,46,1218,910,21,2426,136,0.000566145
2,23706.7,16354.5,4492.6,3543,13,622,26877,24514,2532,108042,46,1218,910,21,2426,136,0.000566145
2,44194.5,173650,70957.7,51964,44,3603,197075,188188,20734,1125177,465,17508,14748,566,55877,1135,0.000566145
2,68425.4,173650,70957.7,51964,92,3603,197075,188188,20734,1125177,465,17508,14748,566,55877,1135,0.000566145
2,51457.4,178659,87833.8,64637,53,3702,212939,203532,21990,1251749,554,21845,18528,809,72430,1386,0.000566145
2,76211.4,178659,87833.8,64637,87,3702,212939,203532,21990,1251749,554,21845,18528,809,72430,1386,0.000566145
2,6546.42,21201.9,3274.53,2501,7,810,38117,35237,4139,168072,44,989,716,7,2290,22,0.000566145
2,32464.7,21201.9,3274.53,2501,16,810,38117,35237,4139,168072,44,989,716,7,2290,22,0.000566145
2,29753.2,162746,29784.8,22089,31,3778,194515,183348,20154,1020642,261,7876,6401,235,23957,481,0.000566145
2,53051.7,162746,29784.8,22089,33,3778,194515,183348,20154,1020642,261,7876,6401,235,23957,481,0.000566145
2,71899.4,196007,91023.3,69661,64,3920,231943,221258,24085,1400567,575,19936,16672,693,60231,2509,0.000566145
2,86023.5,196007,91023.3,69661,12,3920,231943,221258,24085,1400567,575,19936,16672,693,60231,2509,0.000566145
2,37495.6,35302.2,24239.4,18552,13,1177,59190,55204,6220,278777,180,6424,5089,118,17448,414,0.000566145
2,45903.5,35302.2,24239.4,18552,53,1177,59190,55204,6220,278777,180,6424,5089,118,17448,414,0.000566145
2,43144.2,149325,63447.4,50008,45,3580,189225,179430,19765,1047153,385,12777,10550,332,36379,1114,0.000566145
2,59598.2,149325,63447.4,50008,31,3580,189225,179430,19765,1047153,385,12777,10550,332,36379,1114,0.000566145
2,12943.3,96194.4,9641.95,7239,9,2862,133760,122965,13915,618436,116,2763,2145,69,7776,89,0.000566145
2,42289.7,96194.4,9641.95,7239,25,2862,133760,122965,13915,618436,116,2763,2145,69,7776,89,0.000566145
2,26186.2,41217.9,19982.4,15418,21,1473,68320,63935,6929,320291,173,5359,4284,167,13684,428,0.000566145
2,35035.7,41217.9,19982.4,15418,31,1473,68320,63935,6929,320291,173,5359,4284,167,13684,428,0.000566145
2,75819.4,191485,90156.7,69024,77,3780,227211,216353,23600,1375451,520,19028,15937,697,57258,2701,0.000566145
2,88086.6,191485,90156.7,69024,5,3780,227211,216353,23600,1375451,520,19028,15937,697,57258,2701,0.000566145
2,56727,113853,60603,48452,70,2916,152978,144404,16604,828191,327,12744,10797,384,36657,1818,0.000566145
2,60940,113853,60603,48452,3,2916,152978,144404,16604,828191,327,12744,10797,384,36657,1818,0.000566145
2,52743.4,117693,53498.8,40827,65,3009,155402,146686,16661,840209,338,12212,10158,322,33870,1632,0.000566145
2,59017.9,117693,53498.8,40827,7,3009,155402,146686,16661,840209,338,12212,10158,322,33870,1632,0.000566145
2,42314.7,73726.4,31273.4,24799,37,2184,102294,94826,10828,484379,218,6698,5330,86,17251,846,0.000566145
2,43842.8,73726.4,31273.4,24799,12,2184,102294,94826,10828,484379,218,6698,5330,86,17251,846,0.000566145
2,47580.4,119267,52382.8,41987,58,3056,156907,148099,16763,838625,351,11583,9492,278,32255,1376,0.000566145
2,56285.2,119267,52382.8,41987,19,3056,156907,148099,16763,838625,351,11583,9492,278,32255,1376,0.000566145
2,48116.1,88289.9,39896.2,29786,15,2413,121570,114116,13165,635425,295,10234,8311,223,30863,598,0.000566145
2,53159.5,88289.9,39896.2,29786,47,2413,121570,114116,13165,635425,295,10234,8311,223,30863,598,0.000566145
2,14129.3,6945.16,2543.62,2002,4,420,15349,13391,1256,50326,44,735,535,9,1524,45,0.000566145
2,16093.6,6945.16,2543.62,2002,19,420,15349,13391,1256,50326,44,735,535,9,1524,45,0.000566145
2,25416.3,72234.1,32493.5,23869,16,2168,105695,98198,10954,493949,302,9026,7307,265,26728,249,0.000566145
2,39498.7,72234.1,32493.5,23869,39,2168,105695,98198,10954,493949,302,9026,7307,265,26728,249,0.000566145
2,38705.5,60908.3,40534.3,30713,20,1833,94337,88681,10175,480253,313,10433,8655,370,32375,681,0.000566145
2,49662.8,60908.3,40534.3,30713,43,1833,94337,88681,10175,480253,313,10433,8655,370,32375,681,0.000566145
2,15287.6,9141.19,3588.99,2878,18,478,17987,15809,1452,60560,43,1002,728,5,1677,138,0.000566145
2,17413.4,9141.19,3588.99,2878,9,478,17987,15809,1452,60560,43,1002,728,5,1677,138,0.000566145
2,34771.9,114549,35266.1,26078,23,2944,150109,141828,15830,796472,294,9427,7688,254,27234,477,0.000566145
2,56048.2,114549,35266.1,26078,66,2944,150109,141828,15830,796472,294,9427,7688,254,27234,477,0.000566145
2,44276.6,201167,77869.4,57269,49,4166,228534,217689,23177,1304145,582,19999,16595,678,63616,1001,0.000566145
2,66951.7,201167,77869.4,57269,41,4166,228534,217689,23177,1304145,582,19999,16595,678,63616,1001,0.000566145
2,23825.1,43232.1,16335,12424,8,1533,72359,66404,7150,314456,161,4387,3546,85,12626,166,0.000566145
2,32478.1,43232.1,16335,12424,37,1533,72359,66404,7150,314456,161,4387,3546,85,12626,166,0.000566145
2,81960.6,193986,107610,82466,87,3599,221275,209651,23072,1342658,637,23964,20036,881,74442,2870,0.000566145
2,91764,193986,107610,82466,14,3599,221275,209651,23072,1342658,637,23964,20036,881,74442,2870,0.000566145
2,12985.9,32800.6,10100,7670,12,1279,58042,52708,5849,238712,100,2743,2121,55,6722,151,0.000566145
2,29526.8,32800.6,10100,7670,38,1279,58042,52708,5849,238712,100,2743,2121,55,6722,151,0.000566145
2,12958.1,33292.9,12782.3,9589,13,1153,58781,54866,6307,276691,121,3535,2765,56,9837,85,0.000566145
2,46431.4,33292.9,12782.3,9589,19,1153,58781,54866,6307,276691,121,3535,2765,56,9837,85,0.000566145
2,58796,245206,106538,79311,62,4488,268019,258879,28234,1698516,592,24170,20868,909,87142,1778,0.000566145
2,87702.5,245206,106538,79311,90,4488,268019,258879,28234,1698516,592,24170,20868,909,87142,1778,0.000566145
2,19207.4,25635.9,12393.9,9529,14,1046,45722,41595,4479,185366,109,3437,2687,69,8752,243,0.000566145
2,27182.6,25635.9,12393.9,9529,34,1046,45722,41595,4479,185366,109,3437,2687,69,8752,243,0.000566145
2,7736.37,17379.7,2474.36,1917,9,734,32912,30014,3198,133860,30,736,536,1,1611,39,0.000566145
2,29084.6,17379.7,2474.36,1917,7,734,32912,30014,3198,133860,30,736,536,1,1611,39,0.000566145
2,24528.7,37054.9,16231.2,12558,21,1364,60603,56331,5905,274328,146,4439,3517,139,11155,327,0.000566145
2,32466,37054.9,16231.2,12558,29,1364,60603,56331,5905,274328,146,4439,3517,139,11155,327,0.000566145
2,26666.2,45590.9,13049,10056,12,1482,69352,63724,6878,302680,144,3418,2602,49,7551,256,0.000566145
2,32068.4,45590.9,13049,10056,36,1482,69352,63724,6878,302680,144,3418,2602,49,7551,256,0.000566145
2,63984.3,195856,81010.5,61510,62,3952,231450,220486,23868,1366464,544,17799,14593,559,53594,1915,0.000566145
2,80086.1,195856,81010.5,61510,18,3952,231450,220486,23868,1366464,544,17799,14593,559,53594,1915,0.000566145
2,58386.2,234603,19003.6,14619,19,4279,265009,255215,26977,1637787,133,4441,3507,51,10510,816,0.000566145
2,85061.7,234603,19003.6,14619,4,4279,265009,255215,26977,1637787,133,4441,3507,51,10510,816,0.000566145
2,34646.6,56782.3,34196,26026,17,1814,90191,84825,9537,449275,272,8832,7318,312,26076,581,0.000566145
2,46151.9,56782.3,34196,26026,47,1814,90191,84825,9537,449275,272,8832,7318,312,26076,581,0.000566145
2,31143.6,191658,27038.5,21365,26,4081,217704,206283,22362,1181252,179,5441,4289,118,14543,514,0.000566145
2,56249.8,191658,27038.5,21365,17,4081,217704,206283,22362,1181252,179,5441,4289,118,14543,514,0.000566145
2,60605.6,246908,54860.2,39379,36,4496,277704,267558,28388,1745428,373,12835,10729,250,43396,928,0.000566145
2,90206.5,246908,54860.2,39379,51,4496,277704,267558,28388,1745428,373,12835,10729,250,43396,928,0.000566145
2,30063.3,79546.4,34597.6,26033,11,2131,105393,99275,11307,533406,249,7763,6329,295,22573,238,0.000566145
2,47054.9,79546.4,34597.6,26033,47,2131,105393,99275,11307,533406,249,7763,6329,295,22573,238,0.000566145
