K,order,dist,cost_polyanya,cost_ki,cost_hi,h_cost,vnum,gen_poly,push_poly,pop_poly,gen_ki,push_ki,pop_ki,prune_ki,suc_call_ki,gen_hi,push_hi,pop_hi,prune_hi,suc_call_hi,heuristic_call,reevaluate,pts,polys
6,6,83471.7,17126.2,240390,148863,120653,46,42642,41365,33896,247391,243402,233890,25192,1483143,24236,30864,26787,667,83485,28080,7339,6,5299
6,6,59332,9249.13,130828,106482,84368,18,25216,24471,19525,160809,157961,149555,16959,858257,19126,23116,19545,503,59967,20930,4542,6,5299
6,6,77997.3,15785.5,300001,117249,89811,79,40763,39580,32301,296630,291762,285526,29652,1845545,28978,33155,28298,966,101238,29980,5017,6,5299
6,6,133450,56674.3,372821,391582,308201,131,113757,110630,93304,372963,367947,362893,34452,2676952,66318,78627,69090,2740,264674,71976,14055,6,5299
6,6,56469.1,9721.08,155158,85232.7,65555,43,22807,22069,17692,194490,191037,181897,20654,1049858,20692,23372,19616,726,70197,20997,3319,6,5299
6,6,62740.1,10579.3,122071,112906,91816,12,27406,26545,21197,170936,168002,159585,17763,937656,21454,24540,20631,696,70410,22116,3729,6,5299
6,6,127874,48674.5,340528,337351,264700,117,102679,99880,84109,363205,358200,353459,34559,2577313,63754,73926,64689,2625,255802,67523,11851,6,5299
6,6,91564.1,29998.1,271072,172890,135424,74,63071,61266,50619,291486,286908,278141,29048,1818105,30486,38385,33342,993,107947,35047,8767,6,5299
6,6,60557.1,6822.98,250320,71680.2,55952,69,20560,19879,15599,261229,256577,246479,26583,1447040,16014,19075,15871,484,46659,17240,3572,6,5299
6,6,91443.9,28152,265905,174423,134001,90,65869,63985,53056,293040,288433,279601,29267,1830426,31545,39639,34493,1046,113757,36230,8978,6,5299
6,6,111613,31964.5,353300,198462,143671,99,65062,63304,53306,343883,338854,334405,33586,2344721,51323,57233,50215,2240,221368,51989,7243,6,5299
6,6,85593.3,24180.1,242770,172750,134333,89,56693,55093,45353,280125,275590,267681,28151,1726642,31949,38716,33678,1019,115276,35149,7648,6,5299
6,6,90688.1,11893.6,339137,102415,77809,91,30194,29291,23733,312763,307776,303550,30747,2050850,26621,29344,24705,1013,91438,26393,3503,6,5299
6,6,77128.1,17142.5,214590,139634,110101,61,44761,43446,35800,252499,248262,238865,25735,1494700,25708,31717,27505,839,89423,28753,6755,6,5299
6,6,102391,27504.6,312837,163481,117439,108,50319,48855,40228,322806,317747,313624,31960,2180435,40250,44418,38049,1517,153226,40151,5295,6,5299
6,6,97532,27181.9,281576,176517,121344,73,58455,56881,48327,314858,309997,302944,31414,2018185,47656,52453,45992,1929,195996,47462,6031,6,5299
6,6,88980.6,30390,170040,214243,163304,99,63210,61439,51424,226024,222436,211393,22964,1323711,41639,46548,40393,1641,158126,42074,5990,6,5299
6,6,78937.2,15926.7,273856,111115,77419,67,35823,34779,28949,289452,284579,277816,29397,1770106,31552,34539,29648,1297,116670,31149,3887,6,5299
6,6,91150.8,30406.8,263055,183836,143558,90,69673,67765,56968,291226,286655,277491,29324,1809481,33734,41246,36135,1112,128279,37709,8416,6,5299
6,6,69446.1,11326.2,197603,115894,94051,48,31836,30850,24939,230250,226284,217242,23500,1320590,20354,25280,21605,519,66955,22918,5553,6,5299
6,6,52444.9,6324.83,151644,81460,67271,54,20448,19767,15531,197162,193522,182357,20211,1003190,16036,19362,16148,424,46200,17447,3858,6,5299
6,6,60791.9,11598.2,204360,97715.8,77915,59,27670,26748,21442,231608,227454,217983,23600,1285986,18479,22369,18933,531,57834,20199,4499,6,5299
6,6,48145.9,7206.38,107264,81163.4,64849,38,18291,17698,13991,141846,139256,130618,14699,704149,15944,18415,15383,494,50326,16556,2969,6,5299
6,6,54973.1,10017.4,118889,128973,106277,30,26133,25374,20196,149996,147340,139109,15724,776822,19272,23383,19739,560,59127,21138,4663,6,5299
6,6,47224.4,7104.16,94811.8,89601,72688,14,17963,17363,13610,136787,134310,126067,14250,680235,15418,18324,15274,426,48156,16526,3405,6,5299
6,6,108351,31195.5,311809,182468,136904,114,57934,56278,46775,330011,325009,320729,32642,2257509,44846,49609,42726,1827,173778,44875,6012,6,5299
6,6,79770.2,18822.9,251841,132285,94072,46,39162,38059,31812,271113,266589,258327,28431,1631713,33423,37098,32054,1462,126202,33520,4579,6,5299
6,6,83122.7,11184.8,307273,96751.9,73296,92,27299,26460,21356,304495,299516,295007,29960,1955301,24383,26919,22558,890,79302,24175,3273,6,5299
6,6,90825.1,16585.3,331148,129233,97179,102,40925,39664,32283,310764,305796,301290,30607,2034182,31529,36086,30794,1182,108090,32689,5475,6,5299
6,6,85253,11336.5,314341,101238,72446,93,28607,27721,22373,306576,301581,297146,30165,1979430,25406,28101,23580,958,84066,25286,3461,6,5299
6,6,100327,32909.7,302573,226620,169883,95,71928,69798,58353,324399,319521,313470,31965,2132759,49753,57635,50413,1974,187447,52472,9230,6,5299
6,6,61992.9,10309.8,199454,96196.8,75840,49,27807,26930,21744,225742,221730,212492,22930,1260359,18676,22492,19067,523,58450,20324,4420,6,5299
6,6,81060.2,17365.4,171306,147661,113464,9,42269,41029,33925,225298,221593,210837,23337,1285591,30002,35110,30348,1223,107558,31879,5943,6,5299
6,6,60426,11318,149890,113002,86678,58,27284,26442,21289,175647,172592,164125,18291,949790,22128,24858,20850,676,76113,22376,3390,6,5299
6,6,67848.1,11946.1,126410,138550,111521,11,33999,33029,26383,170878,167974,159225,17670,910563,22804,28393,24222,568,74085,25823,6229,6,5299
6,6,72752.8,17866.7,155588,143727,111800,82,41445,40263,33360,191264,188134,179366,19900,1090377,31509,35070,30030,958,117229,31571,4437,6,5299
6,6,68902.8,17458.9,141080,100896,76419,69,32767,31819,26227,188378,185193,176309,19369,1049119,25079,27686,23612,833,93008,24871,3325,6,5299
6,6,82778.9,10076,194341,117197,95356,25,29527,28587,22534,230139,226449,216757,23428,1358616,20671,25967,22111,495,67241,23550,5902,6,5299
6,6,92821.7,24699.6,249447,169436,124558,41,53385,51874,43458,286536,281986,273030,29192,1789615,42649,48299,42038,1632,169719,43768,6807,6,5299
6,6,98126.4,29759.1,298728,187720,134948,73,57989,56425,47900,314933,310079,303085,31473,2019419,47502,52285,45829,1877,194741,47319,6021,6,5299
6,6,98228.9,35725.2,282433,199922,157229,95,74428,72346,60420,302360,297752,288823,29833,1935321,31966,40851,35777,1144,118468,37519,9777,6,5299
6,6,70244.3,8668.65,175728,98174.9,78409,19,23163,22412,17644,203920,200449,190815,20955,1136786,17767,21659,18244,383,54310,19556,4440,6,5299
6,6,89551.8,30828.6,245182,164040,127641,87,66149,64319,54076,284867,280331,270522,28845,1752610,32825,39972,35098,1042,124494,36455,8043,6,5299
6,6,75540.4,18500.9,145086,138352,105699,88,44444,43258,35813,199953,196685,187403,20756,1131092,32693,36856,31627,1048,121351,33220,5060,6,5299
6,6,89433.7,26044.9,245526,155852,108949,44,48369,47011,39370,280526,275977,267202,28767,1727768,39437,44369,38556,1587,153174,40143,5994,6,5299
6,6,68693.3,7215.56,155071,94525.1,77201,24,21162,20453,15988,204178,200692,191046,21027,1132060,16606,20194,16865,323,48124,18188,4130,6,5299
6,6,61762.6,12807.3,140833,111408,85983,23,28961,28075,22663,183533,180356,171610,19063,994546,23939,27363,23062,761,82446,24702,4142,6,5299
6,6,57120.7,10617.4,118293,122122,97979,36,29775,28948,23361,149612,146967,138963,15668,779076,21255,25322,21535,511,70355,22870,4639,6,5299
6,6,110319,28833,330400,204843,155871,116,64965,63052,52458,336234,331329,326662,32813,2293635,44884,52044,45303,1750,168216,47473,8416,6,5299
6,6,95264.8,34441.3,255619,165729,124416,91,67757,65940,56001,293409,288952,278427,29421,1854169,31281,38003,33598,1081,123731,34733,7563,6,5299
6,6,66495.2,14074.1,236682,107865,83573,63,35198,34140,27748,262365,257826,248145,26578,1504120,23868,27930,23805,812,79407,25266,4765,6,5299
6,6,73210.2,23580.1,117955,196634,157676,61,56578,55008,45456,164861,162128,153195,17576,901416,34677,40650,35199,1094,123864,36916,6911,6,5299
6,6,66712.7,12370.8,255618,95955.5,71840,69,26905,26097,21248,267099,262450,253655,27421,1543106,24453,27195,22985,921,86014,24505,3461,6,5299
6,6,89408.6,26328.8,232243,158428,124820,66,60905,59207,49970,268314,264123,254251,26996,1653077,30739,37775,33321,953,118439,34412,7878,6,5299
6,6,67393.9,9918.35,256361,76782.6,56553,71,27936,27041,21742,275687,270943,262567,27718,1612576,20078,23306,19634,616,64429,21043,3864,6,5299
6,6,59872.8,10351.2,114708,122833,98383,35,29887,29074,23445,158472,155717,147169,16817,837145,21092,25457,21645,558,68258,23039,4949,6,5299
6,6,67221,14095,144242,137252,109364,69,34162,33107,26924,178705,175702,167398,18641,994166,25861,28883,24397,822,89617,26029,3782,6,5299
6,6,95577.6,30285,276196,182897,143736,83,70870,68896,57338,296992,292410,283614,29282,1877868,31989,40595,35454,1085,115848,37189,9479,6,5299
6,6,96816.1,46551.7,261324,297696,228474,75,94413,91799,77274,296405,291912,282069,29488,1870052,54709,61351,53755,2075,220355,55719,8076,6,5299
6,6,96539.9,24480.1,231768,196360,150032,17,56643,55107,45744,270783,266550,256176,27138,1679036,39625,47493,41375,1603,143887,43310,8947,6,5299
6,6,79914.8,19019.9,257641,141213,111215,72,45373,44047,36013,270677,266144,257711,27141,1624629,27614,33361,28821,821,95009,30204,6524,6,5299
6,6,106933,38879,281572,234352,186530,103,87449,84902,70031,304950,300432,291573,30307,1985963,36786,47864,41802,1294,135622,44004,12142,6,5299
6,6,81618.7,19231.4,216389,144718,102561,42,45185,43939,36709,258487,254187,244875,26933,1540647,36267,41313,35862,1437,138834,37485,6019,6,5299
6,6,69900.1,16277.3,123940,158551,125627,39,39075,38051,31037,172743,169852,160938,18433,971149,27899,32550,28000,743,94844,29315,5383,6,5299
6,6,52138.9,7587.08,147970,72768.1,58135,44,17626,17028,13370,186931,183482,173064,19468,962488,15889,18266,15135,456,47967,16383,2903,6,5299
6,6,127209,43555.8,368924,299123,233584,145,90830,88326,74440,365806,360804,356046,34545,2593269,59949,69325,60839,2386,246836,63343,10946,6,5299
6,6,59100.2,11916.9,109055,115933,92459,36,30132,29290,23585,155662,152954,144514,16425,821654,21184,25647,21821,555,68969,23239,5043,6,5299
6,6,87256.1,21583.4,196596,174714,135579,7,47424,46062,38108,236613,232813,221740,24464,1388323,31645,38155,33255,1375,114358,34837,7371,6,5299
6,6,110651,21893.9,339393,175086,134158,112,51542,50087,41195,334785,329771,325351,32925,2296158,39026,44785,38496,1505,148603,40598,6833,6,5299
6,6,69526.3,17007.1,153051,165047,129923,70,39038,37896,31174,181488,178468,170026,18893,1018263,29645,32993,28119,945,105515,29690,4191,6,5299
6,6,109769,32670.1,288706,191937,155844,110,79277,76933,63330,314902,310388,301322,30756,2094008,28879,39473,34656,1205,103237,36458,11420,6,5299
6,6,73789.1,18180.5,198543,131931,105546,51,39506,38376,31527,237833,233779,224603,24139,1386941,23692,29311,25332,689,81078,26592,6305,6,5299
6,6,77547.4,17994.4,297791,119487,92094,78,40754,39545,32304,294759,289909,283490,29316,1827282,28839,33046,28235,978,100741,29901,5052,6,5299
6,6,68768.5,8122.92,296620,67053.2,46956,71,23570,22807,18120,285360,280474,273277,28531,1708653,17274,20031,16682,547,52425,18060,3306,6,5299
6,6,87423.2,10538.3,316129,88879.7,67963,87,27962,27116,21911,307437,302433,298143,30201,1999452,24998,27254,22812,942,82844,24475,2997,6,5299
6,6,75773.8,19307.5,233069,142244,111075,70,47926,46534,38592,263121,258696,249336,26644,1559902,27228,32783,28484,950,97797,29814,6345,6,5299
6,6,78831.8,24113.8,235840,162079,123634,70,53873,52345,43204,271558,266978,258448,27034,1632692,35076,40206,34755,1228,126752,36386,6093,6,5299
6,6,103318,38618.7,286716,208058,166785,88,81903,79672,66902,308616,304029,295458,30251,2007390,33058,42792,37708,1273,122227,39366,10623,6,5299
6,6,64832.1,9032.3,227482,82783.5,60097,63,24046,23303,18870,256575,252040,242589,26653,1462612,22177,24616,20720,819,76754,22166,3107,6,5299
6,6,67133,12162.1,195382,112439,87815,53,31669,30704,24896,231551,227515,218537,23526,1323046,20621,25206,21536,588,66343,22807,5226,6,5299
6,6,87656.8,24244.4,279099,149666,103684,63,47241,45890,38700,295986,291180,283687,30113,1843955,40350,44089,38346,1708,160143,39780,4832,6,5299
6,6,127507,43194.3,357363,347287,276039,123,97749,94990,79704,361488,356486,351574,34300,2558881,58801,69870,61079,2409,225860,63844,12650,6,5299
6,6,91401,23283.5,286119,133615,93599,77,45548,44313,37343,313516,308573,302746,31148,2007014,38700,42154,36591,1590,154654,38070,4509,6,5299
6,6,112103,37232,342112,223061,166891,112,73060,71115,60487,343416,338417,333527,33628,2320925,56436,62722,55400,2346,247847,56988,7733,6,5299
6,6,116126,28392.9,345534,197645,148636,107,62220,60422,50308,345202,340178,335876,33888,2387321,46928,53099,46176,2084,193916,48295,7468,6,5299
6,6,50921,5484.8,144292,77575.7,64041,50,17292,16700,12942,183037,179650,169259,19040,925726,14592,17558,14538,394,41476,15823,3458,6,5299
6,6,93145.7,27123.6,257984,155551,119481,95,64719,62984,53228,288833,284346,274015,29130,1802566,30713,37424,32878,1011,116458,34111,7540,6,5299
6,6,71349.6,16285,268374,95926.6,69463,66,29886,28990,23803,282101,277271,269969,28707,1691646,26827,29527,25097,1067,95245,26631,3489,6,5299
6,6,82610.2,22793.8,254404,164159,128215,70,54364,52777,44034,262826,258522,248852,26859,1585774,29321,36054,31500,988,105938,32797,7597,6,5299
6,6,112794,27711.6,337725,187401,145004,116,55698,54108,44700,336507,331508,327008,33004,2316406,40906,47098,40598,1678,155053,42723,7325,6,5299
6,6,83807.5,17587.3,231545,132001,94217,42,42438,41251,34410,267735,263315,254461,27707,1614636,34911,39411,34094,1356,131081,35699,5454,6,5299
6,6,81901.7,25056,268666,160266,123213,77,57205,55605,45989,287219,282493,274585,28455,1762521,37619,43754,38013,1330,137955,39745,7150,6,5299
6,6,92382.3,17034.3,315786,120148,87247,88,38537,37419,30994,316485,311446,306718,31146,2069483,33339,36457,31215,1439,126639,32883,4065,6,5299
6,6,76632,20352.7,165039,143463,108444,73,45579,44381,37043,200234,196983,187776,20620,1140219,33958,37843,32636,1093,126914,34075,4794,6,5299
6,6,78257.7,19023.9,229873,142113,110115,79,44875,43569,35547,270646,266107,257707,26917,1626733,27275,32667,28099,858,92866,29560,6176,6,5299
6,6,95629.3,24679.4,271982,166164,119122,50,53867,52318,44011,295298,290665,282042,30035,1864760,43606,48655,42457,1843,175639,44008,6242,6,5299
6,6,76627.5,9146.75,296910,84891,64166,86,25564,24715,19752,298334,293338,288341,29648,1878212,21910,24659,20629,830,68308,22186,3437,6,5299
6,6,54359.2,8628.44,124574,105840,84684,60,23486,22727,17928,158555,155717,147582,16333,829685,19657,21822,18012,649,61207,19581,2792,6,5299
6,6,74217.6,13406.9,187441,108660,78009,36,33596,32549,26749,238272,234164,224057,24883,1348171,28168,32187,27577,982,100173,29057,4845,6,5299
6,6,97610.3,29682.9,259947,173118,122109,41,56644,55028,46206,292633,288032,278966,29733,1850221,44364,50170,43786,1645,177224,45429,7013,6,5299
6,6,93592.9,26881.6,316559,197444,151154,103,61209,59446,49458,313504,308618,302830,31037,2027957,43613,50020,43474,1721,162531,45469,7595,6,5299
6,6,76214.7,12069.7,293663,94981.2,70815,70,30634,29718,24445,293038,288107,281933,29232,1808255,27663,30218,25715,1100,97542,27185,3361,6,5299
6,6,58674.9,10349.2,117154,123406,100243,35,29855,29027,23401,155668,152938,144554,16454,816970,20927,25272,21482,562,66966,22855,4920,6,5299
6,6,111258,23592.3,330682,164680,115972,104,53432,51982,43101,336309,331307,327064,33085,2302222,42270,46598,40084,1703,170685,42167,5464,6,5299
6,6,90475.3,43272.7,244958,234417,177228,89,68721,66854,56398,288127,283572,273793,29140,1783235,33413,40676,35795,1076,128178,37118,8162,6,5299
6,6,62384.1,10897.3,161175,138365,111218,6,23946,23186,18407,165855,163002,154551,17113,881816,18074,22512,19121,440,57353,20428,4975,6,5299
6,6,80456.8,21040,258575,160389,125681,81,52438,50990,42323,273297,268776,259487,27703,1637207,28639,34812,30292,991,102832,31635,6952,6,5299
6,6,102612,33853.3,272927,230424,184529,100,79261,76950,63228,299627,295123,286470,29895,1932646,34627,45185,39351,1193,124822,41475,11556,6,5299
6,6,78976.4,31581.6,125456,251911,199791,44,73431,71460,60143,171196,168381,159204,18110,950432,42167,48221,42056,1587,159669,43765,7154,6,5299
6,6,79956.7,17448.3,246842,122172,88638,48,38650,37571,31466,277094,272485,264655,28548,1678660,33644,37001,31923,1324,127941,33386,4265,6,5299
6,6,89489,21554,219031,164355,122715,23,50337,48961,40659,267050,262807,252998,27346,1628772,38468,44793,38889,1572,142246,40711,7347,6,5299
6,6,84609.3,21590.1,280687,164476,122700,92,47556,46158,37828,305463,300515,294770,30165,1944634,33877,38265,32759,1245,121273,34659,5353,6,5299
6,6,52788.3,6540.31,105970,98707.7,81783,3,18337,17774,13992,144586,142003,134364,15159,747181,15382,18688,15739,376,46457,16821,3761,6,5299
6,6,58397.3,6340.7,213326,66426.2,52254,57,18281,17683,13852,238780,234458,223394,24601,1284482,16155,18485,15243,480,47660,16561,2859,6,5299
6,6,100158,41811.6,290263,274988,208220,87,90028,87457,73569,315763,311075,302404,31275,2030341,53694,63055,55440,2046,211069,57500,10789,6,5299
6,6,86737.4,27991.2,170421,200045,154526,95,58274,56609,47201,221736,218185,207367,22645,1287511,38753,43378,37479,1548,144099,39220,5653,6,5299
6,6,123222,38792.2,334302,289019,226662,136,83973,81643,68400,356058,351060,346359,34287,2506197,55964,64539,56347,2235,223150,58862,10058,6,5299
6,6,115041,40958.1,324131,251470,190655,122,77772,75542,63197,346865,341936,337228,33610,2394641,53563,62047,54408,2078,213017,56738,9922,6,5299
6,6,94768.6,15645.2,329352,123628,93394,89,37549,36456,30002,319368,314332,309777,31375,2105796,32507,35788,30510,1330,122352,32286,4207,6,5299
6,6,79323,19556.9,268225,113269,74589,67,36741,35707,29774,283159,278394,271054,28933,1720610,32268,35376,30383,1335,119681,31885,4004,6,5299
6,6,70269.2,17909.7,155525,108145,80586,89,33006,32087,26483,190355,187127,178145,19604,1054209,24863,27453,23396,875,90032,24647,3287,6,5299
6,6,111600,23678.9,327321,177572,134389,110,51406,49967,41178,335346,330332,325935,33033,2295211,39527,44922,38627,1554,151817,40627,6494,6,5299
6,6,104715,33656.8,300959,210337,150925,78,67395,65582,55859,325873,320955,314491,31925,2130937,52762,58395,51502,2120,222439,52968,6973,6,5299
6,6,111983,46024,276519,228811,185424,106,92518,89893,74469,314415,309905,300772,30942,2086424,34628,46325,40669,1452,129417,42740,12676,6,5299
6,6,72345.1,16516.9,142375,150523,115201,66,40287,39140,32234,192053,188907,180090,20039,1089326,30602,34087,29067,982,112498,30707,4354,6,5299
6,6,67548.1,19654.7,228190,120980,93512,66,36763,35674,28993,254048,249650,240132,25726,1468743,23516,28252,24166,811,77743,25691,5419,6,5299
6,6,104485,26113.7,317025,151261,106420,94,51400,50008,41986,330098,325097,320693,32247,2218064,42222,46103,40076,1951,172535,41740,5005,6,5299
6,6,89500.8,33698.1,260199,218267,166772,99,72201,70189,58450,284579,280132,271052,28298,1761087,43438,50429,44062,1617,164595,45805,8133,6,5299
6,6,78928.2,21723.2,250612,161016,126765,74,51659,50205,41711,268870,264400,254888,27249,1606790,29197,35294,30683,979,105411,32067,6893,6,5299
6,6,57904.2,6483.05,128409,88864.8,71513,17,18361,17775,13950,170044,167008,158331,17576,901278,15249,18286,15313,316,45236,16488,3517,6,5299
6,6,61135.5,9388.68,123296,106153,84371,24,26938,26183,20899,163001,160175,151718,17324,879047,19823,24047,20394,514,63246,21781,4770,6,5299
6,6,129076,58769.6,354515,330234,253762,133,105244,102379,86386,367967,362980,358249,34732,2621239,67122,77207,67836,2725,282842,70517,11812,6,5299
6,6,52109.6,6440.61,153756,83239.2,67740,33,19188,18554,14483,182012,178622,168760,18653,933126,14923,18222,15174,378,41386,16436,3784,6,5299
6,6,84289.1,29417.3,268434,167586,128404,80,57952,56306,46507,292504,287781,280081,29042,1811941,38721,44610,38662,1379,141270,40496,6943,6,5299
6,6,54212.1,5810.61,142607,76020.2,61634,32,17689,17085,13343,181954,178630,169210,18692,947310,14437,17430,14491,318,40507,15635,3466,6,5299
6,6,113048,26280.4,330122,176990,134694,115,56594,54985,45319,337268,332276,327801,33108,2323205,41088,47634,41051,1586,157015,43214,7690,6,5299
6,6,73556.6,11487.6,274194,99790.1,76874,66,30173,29279,24013,290345,285413,279045,29216,1777434,26745,29498,25069,1086,93488,26605,3542,6,5299
6,6,52349.3,6343.96,106304,106843,88270,9,19034,18452,14452,149281,146583,138779,15649,773726,15808,19017,15936,352,47957,17095,3669,6,5299
6,6,118778,33975.1,333861,235144,181034,116,73884,71764,60124,345925,340899,336360,33967,2410140,51197,57432,49835,2123,201512,52181,7632,6,5299
6,6,93976.3,29660.9,297701,193885,144825,89,63914,62067,51672,314633,309772,303451,31065,2028025,44488,50939,44350,1760,165217,46280,7668,6,5299
6,6,99242.5,26340.6,315856,164204,121228,84,54755,53271,45065,321981,316991,310826,32060,2083297,44566,48734,42561,1786,181548,44162,5343,6,5299
6,6,52395,6955.73,140823,77527.6,61527,51,17896,17311,13727,179966,176686,166828,18861,931889,16500,18678,15568,524,52730,16797,2703,6,5299
6,6,67898.4,11749,144772,114987,89050,80,31126,30217,24491,188775,185546,176372,19496,1033025,24346,26785,22440,745,83272,24028,3163,6,5299
6,6,82999.2,10046.7,174084,120127,95771,21,28932,28044,22203,225618,221975,212231,22886,1323563,20139,25470,21702,492,65253,23115,5916,6,5299
6,6,82131.9,9882.86,299005,92402.1,71674,95,26596,25757,20738,303970,298993,294429,29830,1950547,23603,26373,22127,837,75666,23724,3487,6,5299
6,6,67379.9,9907.62,144074,119356,97028,6,27304,26456,21064,175844,172883,163921,18021,941068,19810,24890,21243,534,63634,22636,5666,6,5299
6,6,92967.2,16971.1,319114,115295,86943,107,38259,37110,30392,313213,308183,304088,30924,2070062,32682,35605,30250,1250,117329,32081,3861,6,5299
6,6,97481.4,30923.5,311287,226371,173298,95,70365,68318,57016,319851,314989,308660,31573,2085704,48205,55793,48759,1889,181533,50790,8892,6,5299
6,6,72166.8,11690,277224,99944.8,75650,65,30045,29144,23928,284214,279372,272361,28897,1715071,27054,29874,25402,1071,96366,26961,3618,6,5299
6,6,85163,27115.4,243129,171850,132715,76,56213,54656,45000,278797,274256,266337,27988,1713536,31539,38317,33308,1014,113045,34795,7646,6,5299
6,6,70413.8,10230.1,140998,122729,98903,6,28665,27784,22209,182975,179893,170573,18720,989162,20209,25514,21860,540,65334,23242,5897,6,5299
6,6,61016.6,9127.74,196947,91427,72983,49,26840,25988,20938,223615,219617,210126,22688,1240379,17971,21585,18277,506,56341,19514,4202,6,5299
6,6,68254.1,12121.5,152214,104200,79833,16,29002,28126,22715,199117,195702,186288,20595,1099878,23448,27355,23135,751,78991,24706,4607,6,5299
6,6,75563.5,20348.9,236591,137240,104899,69,45038,43708,35778,266164,261632,252874,26502,1579358,29309,34060,29301,937,101871,30800,5585,6,5299
6,6,77280.8,19382.8,262000,128001,96122,68,42994,41746,34242,287164,282406,275101,28638,1753892,30282,34869,30049,1101,106480,31592,5432,6,5299
6,6,125101,42193.5,364000,308269,245929,118,91074,88542,74276,357078,352097,347298,34211,2512866,56616,66474,58019,2244,218418,60644,11379,6,5299
6,6,75732,26443.3,138084,195523,153416,26,57782,56206,46556,180810,177827,168360,18877,991313,33887,40990,35635,1185,124067,37361,8006,6,5299
6,6,82471.6,26586.3,267562,179631,138907,70,59644,57972,48082,280785,276174,267759,27980,1708227,39102,45371,39470,1363,144912,41178,7316,6,5299
6,6,52948.1,5796.75,156515,67581.1,53418,50,17138,16532,12909,197160,193533,182605,20490,1014024,15090,17606,14552,465,43437,15800,3023,6,5299
6,6,69972.4,19140.5,123278,174443,137063,24,49809,48427,39978,168821,165963,157190,17661,907512,30535,36508,31627,993,108243,33187,6793,6,5299
6,6,80963.6,25777.8,270186,169471,130092,70,57106,55497,45909,279727,275065,266783,27920,1697896,38010,44033,38258,1354,140752,39952,7051,6,5299
6,6,102043,30183.1,326716,219139,167168,94,70002,67928,56642,326654,321765,316643,32188,2175085,48572,56248,49107,1844,185745,51252,9012,6,5299
6,6,74125.4,8802.3,302534,90256.8,67992,84,24473,23635,18854,295282,290295,284869,29243,1842840,21081,23855,19960,793,64673,21441,3455,6,5299
6,6,62904.4,10366.5,219992,76242.7,56487,55,22346,21669,17428,254566,250052,240343,26274,1435620,20539,22951,19220,678,68666,20631,3033,6,5299
6,6,95638.5,23030.8,294823,174734,128305,100,55029,53363,44049,315494,310579,305658,31157,2075665,39319,45289,39120,1541,142708,41213,7092,6,5299
6,6,86976.6,32027.1,262981,193490,148211,74,67565,65685,54465,283737,279229,270255,28152,1739521,41781,48903,42652,1518,155586,44390,8223,6,5299
6,6,124045,39553.6,341326,302405,235386,115,87669,85192,71484,355334,350328,345653,34131,2500244,56365,65103,56797,2277,220316,59296,10250,6,5299
6,6,97093.2,33634.8,196764,231431,177320,12,68549,66683,55645,248127,244268,232879,24804,1511397,43685,51633,45144,1861,163614,46990,9069,6,5299
6,6,72754.3,13324.5,202891,109564,80484,42,32861,31886,26312,251098,246807,236973,26044,1444174,28404,32144,27547,1088,103996,29050,4546,6,5299
6,6,64938.1,6713.79,175965,85285.4,68046,35,18926,18244,14277,211067,207404,197954,21741,1170239,14817,18439,15475,322,43883,16629,4128,6,5299
6,6,102925,37401.9,313940,235541,178721,100,77859,75565,63289,329849,324980,318873,32399,2184437,52682,61418,53908,2089,202458,56036,10147,6,5299
6,6,72858.7,8720.46,166925,105871,85763,12,24917,24150,18886,203509,200092,190528,20839,1140553,18203,22877,19314,410,55301,20716,5221,6,5299
6,6,54266.5,6315.4,170788,68634.9,53867,44,18871,18244,14504,198014,194398,184194,20684,1040180,17430,19087,15807,598,55237,17078,2227,6,5299
6,6,84831.5,24624,266654,170383,131583,78,58323,56746,47156,297764,292966,285813,29497,1856825,39616,44731,38800,1516,145481,40524,6168,6,5299
6,6,124643,45033.7,354472,303159,241939,119,89168,86682,72747,353435,348447,343578,33967,2475092,55016,65196,56962,2246,209116,59473,11668,6,5299
6,6,117422,30792.3,339461,232654,175446,127,68902,66923,55682,345175,340181,335597,33531,2401361,49147,55729,48279,1913,190409,50651,7908,6,5299
6,6,91925.6,28070.4,216115,170388,124910,23,53705,52252,43391,270690,266388,256553,27550,1665049,40269,47170,40951,1548,149939,42888,7963,6,5299
6,6,82289.5,17258.8,267248,124607,87895,71,38706,37597,31426,296088,291170,284571,29852,1834813,33848,37182,32092,1447,127259,33550,4280,6,5299
6,6,81195,18854.6,250048,142324,105831,44,41589,40413,33806,268630,264160,255687,27972,1618259,34772,38941,33725,1404,131913,35219,5127,6,5299
6,6,98650.8,31178.2,255530,189336,142043,24,58362,56737,47248,281846,277440,267467,28270,1765194,42700,50077,43644,1514,163081,45492,8523,6,5299
6,6,111196,27748.1,347889,187364,138695,102,59420,57835,48731,338419,333440,329149,33064,2304230,47104,52082,45645,2204,196818,47251,6211,6,5299
6,6,83300.5,20835.6,158065,190693,153568,17,53178,51697,42456,204223,200939,190841,20784,1164370,31099,38306,33207,1109,110988,34932,8039,6,5299
6,6,77394.3,8984.5,190689,110488,88743,36,25363,24582,19430,225584,221858,212463,22937,1308250,18608,23686,20198,418,57671,21423,5633,6,5299
6,6,70393.8,12140.8,272669,95093.7,71168,64,28356,27467,22423,282667,277784,270571,28577,1694062,25420,28074,23755,974,87686,25332,3426,6,5299
6,6,69269.4,8053.6,170378,103859,83984,34,20607,19899,15490,213200,209575,200384,21859,1201405,15798,19874,16723,319,46539,17939,4591,6,5299
6,6,81685.7,19864.5,238274,162139,125182,77,50497,49086,40415,273163,268637,260407,27233,1655852,30681,36554,31732,981,108902,33071,6707,6,5299
6,6,77002.5,18591.1,222610,151115,117506,79,48467,47053,38958,255866,251575,242166,25866,1515996,27755,33867,29384,913,98575,30705,6905,6,5299
6,6,63302.1,9166.79,225054,84890.4,62263,55,22785,22086,17776,254356,249848,240119,26243,1437828,20878,23368,19601,693,70186,21009,3123,6,5299
6,6,71449.8,12258.2,195152,105709,79537,35,29918,28985,23664,226495,222582,212725,23745,1273148,25471,29463,25137,805,89990,26595,4749,6,5299
6,6,72626.8,12955.7,198502,121676,98066,44,34212,33164,26984,231053,227128,218051,23472,1333615,21537,26924,23108,531,71985,24403,6031,6,5299
6,6,74888.4,9862.03,283203,82087.8,59637,78,25808,24995,20021,297987,293004,287921,29520,1869842,21390,24213,20281,726,66269,21764,3473,6,5299
6,6,81693.4,10371.5,323124,93847.9,72689,82,26776,25929,20783,304150,299168,294678,30047,1951304,22854,25820,21623,828,71712,23279,3659,6,5299
6,6,71723.5,12649.8,270395,102902,75931,66,30850,29931,24681,282328,277507,270284,28682,1694695,27783,30488,26003,1153,100400,27507,3520,6,5299
6,6,67519,20044.8,110158,178415,139516,32,47482,46134,37888,158412,155746,147249,16779,855255,29445,33550,28742,936,104157,30349,4919,6,5299
6,6,48767,7481.07,136053,81322.9,63846,50,18234,17628,13879,154759,151917,142901,16171,778650,16344,18820,15687,493,50789,16959,3014,6,5299
6,6,77155.7,18616.6,161860,147969,108304,92,41821,40668,33700,203752,200438,190915,20955,1151155,30262,33984,29106,1025,108188,30632,4557,6,5299
6,6,79477.8,18867.7,221092,159254,126702,67,48053,46656,38680,255362,251115,241574,26087,1525977,27103,33461,29136,887,96319,30395,7143,6,5299
6,6,64359.3,10835.3,205048,100600,76636,45,27662,26852,21982,226938,222976,213424,23892,1266464,24990,28063,23861,913,89713,25296,3785,6,5299
6,6,63375.5,9019.79,127899,114821,93000,5,25568,24775,19671,169455,166563,158030,17705,930361,20509,24565,20707,592,63483,22232,4667,6,5299
6,6,112844,31911.2,314107,207249,152100,118,64681,62818,52106,339461,334536,329991,33242,2341096,46692,52940,45887,1811,180304,48185,7535,6,5299
