k,order,dist,cost_polyanya,cost_ki,cost_hi,cost_hi2,h_cost,h_cost2,vnum,gen_poly,push_poly,gen_ki,push_ki,prune_ki,gen_hi,push_hi,prune_hi,hcall,reevaluate,gen_hi2,push_hi2,prune_hi2,hcall2,reevaluate2,precost,gen_pre,edgecnt,damcnt,pts,polys
5,5,74680.7,24149.7,136582,187990,153330,152618,114152,53,55100,53577,172128,169273,17904,27717,32737,959,29705,0,27717,32737,959,24006,5771,265430,297097,120136,272774,6,5299
5,5,83177.4,27485.8,177376,173487,155606,139684,117704,78,62583,60742,227790,224049,23307,27919,32854,812,29786,0,27919,32854,812,24430,5742,265430,297097,120136,272774,6,5299
5,5,63390.3,19779.2,160422,129102,109099,101435,79354,48,49073,47613,201641,198011,20901,23415,26451,782,23885,0,23415,26451,782,18962,3718,265430,297097,120136,272774,6,5299
5,5,38953.7,10359.4,66826.3,50888.3,36396.6,41567,26528,42,27163,26270,111017,108688,11176,8852,10183,190,9152,0,9454,10903,234,6622,1761,265430,297097,120136,272774,6,5299
5,5,58268.2,18545.5,123638,74972.3,62293.8,57545,42884,62,40743,39596,176884,173593,18878,15748,17003,594,15329,0,15748,17003,594,11926,1701,265430,297097,120136,272774,6,5299
5,5,80402.1,20903.2,153971,139943,131575,108368,95145,14,47606,46248,203663,200344,20886,25134,28570,813,25714,0,25134,28570,813,22257,4134,265430,297097,120136,272774,6,5299
5,5,70182.6,21380.9,164645,165071,143396,134878,108772,58,52943,51457,212075,208379,21727,27454,30874,859,27776,0,27454,30874,859,22943,4170,265430,297097,120136,272774,6,5299
5,5,45152.6,14014.1,97387.5,58620.8,41797.9,47746,30844,26,33164,32158,141301,138426,14285,9969,11364,248,10223,0,9969,11364,248,7586,1724,265430,297097,120136,272774,6,5299
5,5,51042.5,9331.36,109412,77242.4,55772.8,62563,40646,68,24191,23425,157400,154538,16329,12893,14374,414,12883,0,12893,14374,414,8946,1903,265430,297097,120136,272774,6,5299
5,5,70530,21274,110315,166380,132443,134934,98391,37,52903,51412,157483,154842,16774,26114,30331,820,27453,0,26114,30331,820,21506,4950,265430,297097,120136,272774,6,5299
5,5,62889.1,22741.2,144422,71990.5,67745.6,54918,47348,54,48291,46972,188882,185472,19951,15575,17009,501,15315,0,15575,17009,501,12855,1867,265430,297097,120136,272774,6,5299
5,5,44036.7,12039.1,82421.4,52150.9,35897.5,43757,27602,28,29635,28758,123165,120667,12534,7500,8649,106,7736,0,7500,8647,106,5884,1385,265430,297097,120136,272774,6,5299
5,5,42579.3,12254.5,87473,52359.8,38571.3,42655,28281,30,29909,28984,129886,127210,13166,9271,10663,226,9629,0,9271,10663,226,7109,1686,265430,297097,120136,272774,6,5299
5,5,63893.8,10235.8,108158,115977,95503.7,93958,70910,34,27531,26683,158971,156256,16312,19551,22872,522,20669,0,19551,22872,522,16791,3899,265430,297097,120136,272774,6,5299
5,5,80245.8,23593.9,230826,180897,161537,138053,112283,97,56349,54773,270161,265656,26906,35019,38430,1242,34621,0,35041,38464,1252,29675,4387,265430,297097,120136,272774,6,5299
5,5,56420.1,15938.8,142800,74080.4,63223.5,60572,48570,37,39573,38392,191735,188195,19620,12518,14809,374,13375,0,12518,14809,374,10990,2687,265430,297097,120136,272774,6,5299
5,5,68279.9,30329.9,121841,112291,77011.9,96322,61100,9,62994,61209,175719,172611,17986,13647,17804,359,16221,0,13647,17804,359,11727,4592,265430,297097,120136,272774,6,5299
5,5,68214.7,15653.1,136433,107313,91158.9,83006,63722,75,37387,36307,190734,187398,20126,20961,23140,887,20872,0,20961,23140,887,17099,2771,265430,297097,120136,272774,6,5299
5,5,62394.5,12686.3,217062,61065.2,51260.7,49662,39409,69,33092,32082,246139,241807,24858,9879,12313,285,11205,0,9879,12313,285,9119,2735,265430,297097,120136,272774,6,5299
5,5,85399.6,36477.1,230311,162435,141470,130188,106662,97,73505,71426,276525,272121,27686,25729,30514,966,27868,0,25729,30514,966,24048,5501,265430,297097,120136,272774,6,5299
5,5,59848.4,15900,139628,87639.6,68215.2,67077,46557,59,37565,36468,179362,176123,19149,17348,18811,745,16956,0,17348,18811,745,13112,1969,265430,297097,120136,272774,6,5299
5,5,82241.2,35860.3,189578,145623,136753,111033,97895,67,72387,70413,229408,225653,23983,26943,30620,882,27734,0,26943,30620,882,23885,4411,265430,297097,120136,272774,6,5299
5,5,64286,15483.9,184882,117034,100901,93633,73950,56,39863,38713,229796,225700,23058,22903,26046,769,23520,0,22903,26046,769,18256,3798,265430,297097,120136,272774,6,5299
5,5,66469,13126,120538,137313,111363,112030,82751,59,33170,32193,171509,168642,17745,23283,26596,708,23910,0,23180,26485,707,17213,3946,265430,297097,120136,272774,6,5299
5,5,74449.6,44348.7,110309,249530,173987,209943,132359,69,98510,95714,161152,158420,16376,32921,39418,1115,36038,0,32921,39418,1115,24677,7416,265430,297097,120136,272774,6,5299
5,5,72266,17948.8,115512,160802,135302,131740,101706,41,45240,43997,171870,168995,17747,25772,30368,897,27536,0,25772,30368,897,22418,5293,265430,297097,120136,272774,6,5299
5,5,77540.1,29007.5,177214,155564,131048,123104,94872,47,66278,64454,220045,216368,22827,25531,29403,771,26637,0,25531,29403,771,22392,4585,265430,297097,120136,272774,6,5299
5,5,52419.5,11626.8,130205,98798.3,77605.4,81082,58886,34,32176,31185,177853,174478,18194,16550,18746,495,16824,0,16550,18746,495,12258,2701,265430,297097,120136,272774,6,5299
5,5,74986.2,28054.8,163721,176547,151912,141577,113608,62,58797,57169,218593,214881,22358,29730,33916,942,30544,0,29730,33916,942,24914,4989,265430,297097,120136,272774,6,5299
5,5,68195.1,8250.32,133277,91971.6,71955.5,78692,57294,15,23796,23032,179479,176374,18592,13169,15995,313,14406,0,13169,15995,313,11827,3243,265430,297097,120136,272774,6,5299
5,5,41500.9,8158.49,86594.8,58030.4,38106.6,48616,29195,51,23107,22360,130722,128050,13121,8232,10133,195,9156,0,8232,10128,195,6187,2163,265430,297097,120136,272774,6,5299
5,5,68762,12837,210293,104672,91540.4,81485,65398,63,34259,33229,256264,251780,25731,22461,24654,729,22112,0,22461,24654,729,17639,2852,265430,297097,120136,272774,6,5299
5,5,44835.8,6426.79,92848.1,86545.4,55398,70373,39985,46,19266,18669,131879,129432,13719,15311,16953,399,15109,0,15311,16953,399,8642,2099,265430,297097,120136,272774,6,5299
5,5,76929.6,22152.9,124944,193904,171535,159926,131801,48,55097,53592,180189,177221,18520,28790,34089,1016,30928,0,28790,34089,1016,25203,6066,265430,297097,120136,272774,6,5299
5,5,83595.6,26995,177194,137215,138360,103355,99296,85,60209,58534,220406,216741,22924,28300,31073,1138,28076,0,28300,31073,1138,24668,3550,265430,297097,120136,272774,6,5299
5,5,75039.2,36944.2,160952,111719,98494.2,85362,69620,54,65769,63979,204968,201445,21285,21932,24633,694,22369,0,21932,24620,722,19100,3273,265430,297097,120136,272774,6,5299
5,5,91003.3,27397.4,181037,214545,195494,163117,137804,95,59416,57803,231213,227502,23429,38031,42363,1715,38419,0,38031,42363,1715,33787,5312,265430,297097,120136,272774,6,5299
5,5,59256.2,21009.1,99236.1,100446,80414.5,84099,62115,25,48464,47096,146192,143433,15187,14189,17516,324,15872,0,14189,17517,324,12734,3755,265430,297097,120136,272774,6,5299
5,5,45256.4,7214.55,77278.5,110120,64609.8,93604,49090,33,21378,20717,119866,117646,12476,14906,17032,427,15263,0,14906,17032,427,8881,2570,265430,297097,120136,272774,6,5299
5,5,49612.6,8700.67,110206,66204.9,47390.2,52911,34322,47,22746,22030,153270,150494,15984,11752,13129,382,11771,0,11752,13129,382,8076,1765,265430,297097,120136,272774,6,5299
5,5,54288.8,8413.29,183693,62701.2,49499.3,52306,37657,51,24115,23342,222362,218260,22488,9437,11842,262,10749,0,9437,11841,262,8014,2697,265430,297097,120136,272774,6,5299
5,5,67952.9,30509,116761,146703,109702,122001,82714,30,68145,66205,162929,160008,17187,20988,25211,600,22865,0,20988,25211,600,17214,4859,265430,297097,120136,272774,6,5299
5,5,48615.7,12421.5,117654,54166.6,36777.9,44824,27389,35,31194,30252,165586,162364,16732,8376,9932,187,8950,0,8376,9932,187,6788,1837,265430,297097,120136,272774,6,5299
5,5,72815.4,22195.8,163835,138587,104182,113063,77470,28,53590,52063,204650,201163,21262,22012,26037,658,23556,0,22012,26037,658,17545,4645,265430,297097,120136,272774,6,5299
5,5,60021.8,15539.9,139382,113075,87986.5,90761,64953,36,40995,39770,189646,186162,19645,19354,22254,590,20001,0,19354,22254,590,14618,3467,265430,297097,120136,272774,6,5299
5,5,79553.2,29308.9,173957,136760,124548,105462,90133,50,66075,64233,224629,220922,23377,24088,27518,725,24953,0,24088,27518,725,21323,4101,265430,297097,120136,272774,6,5299
5,5,39576.7,6803.94,69085.6,44379,31978.9,37329,25001,21,18595,17966,110582,108410,11315,7374,8310,202,7424,0,7258,8174,200,5141,1198,265430,297097,120136,272774,6,5299
5,5,72446,33897.9,152503,122999,99724.7,97897,72618,47,68562,66743,197278,193856,20547,21241,24721,583,22504,0,21241,24721,583,18492,4058,265430,297097,120136,272774,6,5299
5,5,52150.1,8287.33,162637,50837.8,37488.3,41896,28557,49,23395,22637,209091,205171,21015,8039,9995,185,9042,0,8039,9995,185,6644,2225,265430,297097,120136,272774,6,5299
5,5,88454.5,23922.3,172711,181403,169803,138955,120888,93,54101,52576,226216,222530,23216,34870,38663,1597,35045,0,34870,38663,1597,30828,4712,265430,297097,120136,272774,6,5299
5,5,71837.1,17659.2,128997,101194,83699.9,79899,60418,47,41248,40130,182399,179357,18894,18455,19988,472,17798,0,18455,19988,472,14177,2040,265430,297097,120136,272774,6,5299
5,5,44890.2,5952.95,84037,77784.9,54451.8,63435,39946,23,17746,17157,125256,122895,13022,13016,14622,276,13029,0,13016,14620,276,8464,2014,265430,297097,120136,272774,6,5299
5,5,51197,12072.5,115454,58177.9,46987.7,45025,33370,56,29291,28419,158714,155782,16875,11927,13184,406,11827,0,11927,13184,406,8767,1636,265430,297097,120136,272774,6,5299
5,5,89779.4,36304.6,225050,203160,185858,158019,133752,65,78861,76648,277981,273649,27841,39982,44724,1403,40432,0,40105,44862,1446,34761,5850,265430,297097,120136,272774,6,5299
5,5,67591.8,16098.8,200060,116375,111353,91703,82003,58,40340,39155,235422,231302,23525,24030,26794,758,24061,0,24030,26794,758,19411,3459,265430,297097,120136,272774,6,5299
5,5,57541.8,9984.63,191735,61074.8,47302.8,50578,36256,57,27193,26325,234515,230268,23631,9370,11933,258,10841,0,9370,11933,258,8369,2856,265430,297097,120136,272774,6,5299
5,5,45153.3,9975.79,116856,53130.2,33524,43784,24758,55,25852,25028,156323,153232,15677,8521,9850,203,8843,0,8560,9869,212,6054,1593,265430,297097,120136,272774,6,5299
5,5,63614.8,23375.2,120736,79183.1,56622,67402,44934,9,51818,50394,166850,163799,17195,10406,13622,206,12394,0,10406,13622,206,8983,3535,265430,297097,120136,272774,6,5299
5,5,49050.5,9275.71,114021,78875.5,65960.9,64145,50077,52,26825,25979,163585,160420,16708,14333,16146,354,14452,0,14333,16146,354,9883,2269,265430,297097,120136,272774,6,5299
5,5,52158.8,18059.4,124827,57129.6,48311.7,44841,34853,42,39939,38795,169210,165993,17510,11719,13106,321,11803,0,11719,13106,321,9260,1735,265430,297097,120136,272774,6,5299
5,5,58342.1,11453,126901,82595.1,68578.9,63800,48715,67,28572,27737,171748,168727,17973,16352,18050,561,16196,0,16352,18050,561,12294,2181,265430,297097,120136,272774,6,5299
5,5,69818.2,33692.2,140170,107254,94480.4,86017,70989,36,69539,67650,191529,188174,19872,18824,22193,498,20136,0,18824,22193,498,16373,3915,265430,297097,120136,272774,6,5299
5,5,75029.6,28834.2,172508,146802,131222,113872,95316,55,63610,61911,218398,214675,22840,25834,29098,757,26255,0,25834,29098,757,22078,3963,265430,297097,120136,272774,6,5299
5,5,90451.7,39873.1,200681,263934,227421,213284,169385,87,88940,86374,240336,236553,24301,38874,43922,1242,39810,0,38874,43922,1242,33061,6149,265430,297097,120136,272774,6,5299
5,5,46952.4,15110.8,109433,54331.7,44102.6,42701,31501,38,33566,32564,153035,150041,15953,10742,11894,359,10679,0,10742,11894,359,7945,1481,265430,297097,120136,272774,6,5299
5,5,61416.4,18778.5,94675.7,120497,89587.9,97463,65302,47,43860,42716,135553,133193,14635,19404,22109,731,19956,0,19404,22109,731,14596,3209,265430,297097,120136,272774,6,5299
5,5,51372.1,5925.77,105928,73589.5,48862.3,62984,38997,5,17580,16939,149318,146545,15493,9776,11998,189,10794,0,9776,11998,189,7483,2569,265430,297097,120136,272774,6,5299
5,5,79045.4,25193,178214,181519,156332,147283,116813,72,59491,57805,223019,219312,22787,27981,32539,814,29398,0,27981,32539,814,24092,5333,265430,297097,120136,272774,6,5299
5,5,56661.4,11398.8,131036,86554.7,65135,68152,46020,63,28201,27356,169747,166742,17614,15759,17460,532,15708,0,15759,17460,532,11840,2170,265430,297097,120136,272774,6,5299
5,5,64625.4,19004.8,94691.1,135218,96031.2,111492,70995,56,45396,44273,135263,132963,14576,19712,22371,632,20077,0,19712,22371,632,14861,3158,265430,297097,120136,272774,6,5299
5,5,52502.6,8192.88,176636,55424.2,40180.2,46359,30858,47,23542,22773,212243,208253,21428,8494,10764,220,9764,0,8494,10762,220,6883,2540,265430,297097,120136,272774,6,5299
5,5,42989.4,6614.83,82080.6,50129.1,38749.7,41562,30449,7,17627,17054,122563,120215,12605,7943,9498,180,8528,0,7929,9473,179,5986,1829,265430,297097,120136,272774,6,5299
5,5,69009.1,19565.7,150573,106485,98840.5,80171,68194,74,44264,43019,195095,191641,20644,22242,23996,965,21675,0,22242,23992,965,17749,2362,265430,297097,120136,272774,6,5299
5,5,68194.2,14940.2,126704,106634,87993.2,84097,63020,29,35521,34464,180245,177261,18770,20717,22837,537,20444,0,20717,22837,537,16145,2716,265430,297097,120136,272774,6,5299
5,5,68643.3,22285.9,164598,143675,118043,113322,86592,46,54918,53339,206572,202919,21442,24526,27961,760,25188,0,24526,27961,760,20202,4128,265430,297097,120136,272774,6,5299
5,5,73939.1,15879.8,146353,114394,87241.5,94588,66337,17,41196,40000,200647,197280,20726,17865,21546,477,19486,0,18176,21884,566,14557,4244,265430,297097,120136,272774,6,5299
5,5,49764.4,14152,110829,59310.5,50832.4,45408,36176,53,32625,31673,158535,155502,16866,12802,13887,437,12513,0,12802,13887,437,8991,1450,265430,297097,120136,272774,6,5299
5,5,40635.8,11502.8,83662.8,55041,40566.7,44204,29916,47,28994,28094,124155,121585,12570,10392,11772,320,10632,0,10392,11772,320,7103,1713,265430,297097,120136,272774,6,5299
5,5,69530.4,17031.3,213205,74143.9,67305.7,60200,51370,84,41928,40712,258362,253876,25901,12463,15301,384,13914,0,12463,15301,384,12033,3208,265430,297097,120136,272774,6,5299
5,5,62007.1,21677.5,139704,75330.5,68731.9,56950,48804,47,47322,45996,188169,184734,20003,16066,17471,602,15724,0,16066,17471,602,12766,1856,265430,297097,120136,272774,6,5299
5,5,57057.1,10854.2,89238.5,101249,78975.1,81655,58313,29,29419,28598,135019,132592,14277,17123,20113,498,18127,0,17123,20112,498,13278,3457,265430,297097,120136,272774,6,5299
5,5,72153,23752.3,160789,98857.9,89106.8,75533,61614,70,51166,49694,202648,199072,21399,21014,22605,865,20402,0,21014,22605,865,17275,2205,265430,297097,120136,272774,6,5299
5,5,82136.6,28649.5,201953,178155,159872,141191,116686,58,66068,64158,254812,250663,25660,32648,37502,1052,33914,0,32648,37502,1052,28902,5782,265430,297097,120136,272774,6,5299
5,5,70804.3,19554.1,141625,120263,95776.3,91465,65545,73,44999,43731,197938,194458,20991,22639,24472,1009,22099,0,22639,24471,1009,18388,2456,265430,297097,120136,272774,6,5299
5,5,47343.6,5344.49,86702.4,69863.4,51132.3,57040,37602,20,16826,16231,131056,128585,13528,11922,13632,242,12200,0,11922,13632,242,8999,2110,265430,297097,120136,272774,6,5299
5,5,38976.2,8953.23,70655.3,52812.6,40639.3,43811,31183,41,23705,22920,112069,109698,11220,8219,9869,180,8900,0,8219,9869,180,6030,1924,265430,297097,120136,272774,6,5299
5,5,61510.3,13912.2,107297,133284,100522,109336,75300,51,36125,35108,148437,145861,15597,21089,23766,656,21422,0,21089,23766,656,15881,3278,265430,297097,120136,272774,6,5299
5,5,84847.4,39601.6,187843,165984,148123,127834,102954,73,83100,80911,237327,233538,24346,30336,34219,1099,31054,0,30336,34219,1099,26975,4685,265430,297097,120136,272774,6,5299
5,5,57001.9,14513.5,92272.1,96011.9,69697.3,77852,50090,35,35244,34289,130492,128168,13737,15427,17909,519,16210,0,15427,17909,519,11584,2900,265430,297097,120136,272774,6,5299
5,5,56967.1,11043.7,190660,58450.3,48689.3,48172,37607,57,26994,26113,231323,227093,23300,8936,11214,211,10187,0,8936,11215,211,7816,2565,265430,297097,120136,272774,6,5299
5,5,58945.7,15806.8,95652.7,100166,73999.2,80770,53211,41,39228,38204,132402,130065,14249,16714,19202,623,17304,0,16714,19202,623,12507,2919,265430,297097,120136,272774,6,5299
5,5,69284.8,23443.3,157536,145451,123040,116292,89639,47,56683,55096,207807,204137,21624,24877,28344,766,25538,0,24877,28344,766,20535,4159,265430,297097,120136,272774,6,5299
5,5,45092.4,5252.51,103233,74941.3,43536.6,60623,30959,42,16853,16267,138090,135500,14256,12307,13960,270,12433,0,12307,13960,270,7196,2061,265430,297097,120136,272774,6,5299
5,5,83609.6,31705.1,177456,177347,163377,139436,119206,66,72606,70604,233690,229914,23783,30066,34955,1015,31734,0,30066,34955,1015,26475,5708,265430,297097,120136,272774,6,5299
5,5,59865.3,13276.8,104313,133111,99887.3,108051,73128,18,33363,32450,148319,145735,15532,21302,24219,558,21792,0,21302,24219,558,16288,3496,265430,297097,120136,272774,6,5299
5,5,70287.6,32289.3,135051,109567,72822.2,94879,58235,3,64393,62631,179708,176588,18271,12115,16372,277,14939,0,12115,16372,277,10926,4635,265430,297097,120136,272774,6,5299
5,5,60248.7,15226.8,103675,98814.6,74159.8,79510,53361,38,38146,37130,136434,134036,14584,16191,18811,584,17005,0,16191,18811,584,12574,3048,265430,297097,120136,272774,6,5299
5,5,90624.9,24795.1,172544,181167,164527,138953,116782,91,56247,54747,230434,226712,23377,34224,37867,1569,34294,0,34224,37867,1569,30018,4534,265430,297097,120136,272774,6,5299
5,5,91260.7,33919.1,194687,211811,172860,171268,128925,86,79448,77151,243293,239476,24862,30754,36837,1087,33580,0,30754,36837,1087,27366,6969,265430,297097,120136,272774,6,5299
5,5,49053.3,8512.95,99601.1,96123.7,66937,78437,49442,45,19134,18518,136464,133968,14187,15227,17811,354,16017,0,15227,17811,354,10579,3054,265430,297097,120136,272774,6,5299
5,5,77364.4,24457,170415,180111,151408,145190,112766,71,59934,58271,222741,219010,22740,28854,33280,882,30052,0,28854,33280,882,24574,5205,265430,297097,120136,272774,6,5299
5,5,85575.2,23107.7,166530,171195,165792,130677,115764,81,52852,51342,223282,219638,23022,33454,37040,1525,33543,0,33454,37040,1525,29317,4477,265430,297097,120136,272774,6,5299
5,5,38085.4,9394.05,65054.1,59109.1,34883.1,49522,25997,38,25204,24350,106104,103837,10598,8518,9954,209,8952,0,8719,10216,258,6286,1800,265430,297097,120136,272774,6,5299
5,5,57013.7,17880.6,103984,63056.1,52189.2,52043,40491,18,40239,39084,145653,142852,15151,9735,12136,165,10951,0,9735,12134,165,9442,2713,265430,297097,120136,272774,6,5299
5,5,82016.9,20692,164851,159271,143588,122148,101780,79,46656,45289,214586,211035,22173,29645,32774,1289,29643,0,29645,32773,1289,25612,3923,265430,297097,120136,272774,6,5299
5,5,43848.6,8349.93,91368.5,50496.5,39809,40216,29526,45,21649,20954,134584,131984,14110,9798,11045,288,9874,0,9798,11045,288,6980,1574,265430,297097,120136,272774,6,5299
5,5,65863.8,20938.6,152598,137204,111514,109030,81888,46,51785,50336,203269,199656,21179,23500,26721,731,24046,0,23500,26721,731,19057,3879,265430,297097,120136,272774,6,5299
5,5,55861.9,6641.88,100052,79793.3,63041.4,65408,46846,23,19816,19160,149883,147234,15454,12979,15317,283,13814,0,12979,15317,283,11012,2770,265430,297097,120136,272774,6,5299
5,5,55773.7,7478.55,104555,109654,76789,90036,56419,30,21654,20979,144257,141675,14969,16508,19110,360,17181,0,16508,19110,360,13177,3093,265430,297097,120136,272774,6,5299
5,5,76948,52631.2,107515,271395,187768,228386,142772,72,112263,109139,161457,158772,16214,36130,42890,1215,39209,0,36130,42890,1215,27303,7757,265430,297097,120136,272774,6,5299
5,5,60769.5,25042.1,114100,75978,51919.4,64397,40215,11,50854,49483,165216,162167,16836,9919,12510,205,11366,0,9919,12510,205,7963,2880,265430,297097,120136,272774,6,5299
5,5,81671.5,36552.8,191345,175105,161815,137710,115835,68,72263,70268,231672,227893,23616,30440,35082,1031,31856,0,30440,35082,1031,26330,5466,265430,297097,120136,272774,6,5299
5,5,67421.5,15350.9,221445,69370.1,60721.9,56271,46305,79,38408,37312,254844,250387,25428,11663,14235,338,12935,0,11663,14235,338,11131,2914,265430,297097,120136,272774,6,5299
5,5,73416.1,20850.3,210759,139405,128254,110990,94961,55,48702,47299,245324,241087,24448,26323,29891,831,26910,0,26323,29891,831,22569,4318,265430,297097,120136,272774,6,5299
5,5,67593.4,12085.8,145758,104639,87300,80290,59861,81,30236,29317,187257,184009,19435,19610,21882,712,19661,0,19610,21884,712,15734,2851,265430,297097,120136,272774,6,5299
5,5,42756.5,4865.92,79304.8,76245.4,46134.3,64619,34486,16,15725,15179,121607,119286,12454,11373,12822,209,11391,0,11462,12962,210,7248,1877,265430,297097,120136,272774,6,5299
5,5,50444.9,15910.8,101562,53779.4,44034.6,44131,33540,37,37418,36293,146910,143984,15074,9230,10969,215,9904,0,9230,10969,215,8164,2049,265430,297097,120136,272774,6,5299
5,5,53481.3,9863.08,91465.3,104889,74908.2,85858,55039,37,26142,25374,138873,136372,14644,17431,20413,529,18436,0,17431,20413,529,12610,3483,265430,297097,120136,272774,6,5299
5,5,74260.5,18467.4,147819,126898,114016,97976,80229,81,37320,36236,199952,196544,20834,24059,26740,1014,24108,0,24059,26740,1014,20457,3346,265430,297097,120136,272774,6,5299
5,5,65329.9,21779.4,160008,142134,118835,113045,88118,55,52830,51345,204224,200623,21291,24492,27757,817,25059,0,24492,27757,817,20043,3945,265430,297097,120136,272774,6,5299
5,5,74598.8,39213.2,176785,147852,125613,122265,96390,46,70893,68812,219036,215387,22667,21050,25887,683,23596,0,21050,25887,683,19513,5481,265430,297097,120136,272774,6,5299
5,5,69760.5,10164.5,133970,94954.2,74555.9,81177,59585,7,28122,27258,184501,181352,19116,13221,16897,375,15296,0,13221,16897,375,11450,4089,265430,297097,120136,272774,6,5299
5,5,69644.2,21970.5,106877,158058,124818,129527,93255,37,53312,51783,154498,151880,16570,23808,27943,773,25369,0,23808,27943,773,19424,4814,265430,297097,120136,272774,6,5299
5,5,68743.4,41356.4,99898.8,196035,135960,165838,104413,54,81565,79267,150985,148304,15838,26204,31521,804,28710,0,26204,31521,804,20034,6057,265430,297097,120136,272774,6,5299
5,5,67437,21051.6,165331,150337,130845,122417,99497,51,50841,49421,207176,203531,21220,25832,28841,869,25945,0,25832,28841,869,21089,3722,265430,297097,120136,272774,6,5299
5,5,52280.9,10019.5,119043,72290.1,57925.4,56770,41599,75,25260,24480,160389,157461,16700,13356,14859,471,13341,0,13356,14859,471,9549,1928,265430,297097,120136,272774,6,5299
5,5,71296.9,35355.9,120367,132066,102506,110316,78000,22,72947,70913,173727,170677,18047,18899,22987,566,20837,0,18899,22987,566,15680,4677,265430,297097,120136,272774,6,5299
5,5,64917.2,16785.4,131238,99270.2,79002.8,76978,55053,69,32256,31291,182187,178965,18966,18192,20171,636,18107,0,18525,20653,727,14723,2677,265430,297097,120136,272774,6,5299
5,5,65812,17290.2,136834,100605,85729.2,75960,58548,67,40134,38954,189218,185818,20115,20606,22233,906,20026,0,20606,22232,906,16218,2212,265430,297097,120136,272774,6,5299
5,5,62841.5,18187.9,154335,122756,101557,97213,74761,42,46160,44810,198859,195278,20726,21826,24766,640,22324,0,21826,24766,640,17371,3575,265430,297097,120136,272774,6,5299
5,5,62549.8,7326.68,114895,81975,57578.7,70412,46212,12,21997,21268,169631,166641,17445,11179,14163,239,12761,0,11179,14163,239,9091,3343,265430,297097,120136,272774,6,5299
5,5,70434.5,30435.3,122764,112091,83698.6,94293,64630,22,65138,63350,176261,173175,18213,15962,19440,459,17615,0,15962,19440,459,13462,3968,265430,297097,120136,272774,6,5299
5,5,68568.6,17204.4,214241,79752.4,67975.8,65037,51454,78,41758,40567,257472,253049,25802,12765,15604,396,14190,0,12765,15604,396,12296,3209,265430,297097,120136,272774,6,5299
5,5,71155.6,26165.1,167412,159660,135373,125212,98281,52,61599,59883,216793,213058,22519,28284,31760,927,28670,0,28284,31760,927,23414,4247,265430,297097,120136,272774,6,5299
5,5,78780.7,22403.5,164361,141739,127141,106996,88359,86,51292,49880,214179,210617,22362,27709,30470,1285,27598,0,27709,30470,1285,23760,3510,265430,297097,120136,272774,6,5299
5,5,78657.2,35221.9,191075,164276,140251,133737,106698,53,77533,75247,240615,236683,24573,25275,30464,928,27806,0,25275,30464,928,23944,5935,265430,297097,120136,272774,6,5299
5,5,44679,11231.9,100766,55753,40050.5,44388,28869,40,26926,26089,142026,139224,14709,10326,11475,290,10352,0,10326,11475,290,7292,1484,265430,297097,120136,272774,6,5299
5,5,69218.4,8997.14,140886,87088.9,69976.2,73786,55811,17,24387,23586,180733,177597,18731,12432,15392,312,13898,0,12432,15392,312,11282,3350,265430,297097,120136,272774,6,5299
5,5,77013.3,45557.3,117229,249677,156984,208868,116075,55,98839,96064,169800,166918,17345,33324,39078,1155,35565,0,33359,39116,1169,23931,6712,265430,297097,120136,272774,6,5299
5,5,45135.7,7163.75,91643.3,64182.3,54041.6,53124,41325,19,19319,18680,137574,135011,14209,10892,12592,192,11249,0,10892,12592,192,8070,2080,265430,297097,120136,272774,6,5299
5,5,69563.3,31677.9,134915,104239,72540.9,89348,57937,4,66023,64219,178583,175456,18273,12349,16713,298,15271,0,12349,16713,298,11104,4745,265430,297097,120136,272774,6,5299
5,5,72059.5,28593,152667,110826,100741,84373,71199,64,60317,58661,202979,199446,21441,22333,24423,787,22074,0,22333,24415,787,18738,2682,265430,297097,120136,272774,6,5299
5,5,68623.8,29644.3,131024,110292,76973.9,94330,60985,9,63325,61527,175659,172548,18049,13694,17817,368,16222,0,13694,17817,368,11730,4559,265430,297097,120136,272774,6,5299
5,5,75495.6,21268.4,227625,126960,121759,98588,87683,91,50256,48810,267260,262703,26749,24363,27578,764,24856,0,24363,27573,764,22039,3922,265430,297097,120136,272774,6,5299
5,5,81410.8,31678.6,173125,140498,130254,107340,91492,61,62398,60673,217790,214164,22696,26709,29461,1021,26664,0,26709,29461,1021,23376,3491,265430,297097,120136,272774,6,5299
5,5,63030,16161.2,148804,121119,92884.8,98853,68932,28,40539,39342,191018,187550,19866,18720,21850,528,19687,0,18720,21850,528,14429,3664,265430,297097,120136,272774,6,5299
5,5,58565.1,24009.9,140050,68940.6,58230.6,53590,42277,41,48761,47471,180991,177687,19033,13137,14678,402,13264,0,13137,14678,402,10648,1892,265430,297097,120136,272774,6,5299
5,5,50088.7,17137.2,135062,55013.3,42745.9,44537,31851,40,32611,31640,176161,172799,17715,9431,11324,255,10247,0,9431,11324,255,7697,2192,265430,297097,120136,272774,6,5299
5,5,65421.1,8295.26,124513,104589,77380.1,86153,57445,23,24628,23876,169781,166860,17429,15913,19107,389,17245,0,15913,19107,389,13524,3670,265430,297097,120136,272774,6,5299
5,5,61177.4,16078.3,141549,115756,90711.5,92791,67314,36,41433,40199,190963,187480,19836,19702,22730,595,20423,0,19702,22730,595,14987,3598,265430,297097,120136,272774,6,5299
5,5,60813.7,27237.5,137902,73103.7,62472.1,57137,44726,36,52990,51556,183885,180549,19119,14231,16069,437,14584,0,14231,16069,437,11699,2231,265430,297097,120136,272774,6,5299
5,5,71985.5,17845.8,133954,99386.8,83777.8,77707,60115,46,41397,40276,183204,180154,18922,18568,20226,475,18052,0,18568,20226,475,14386,2170,265430,297097,120136,272774,6,5299
5,5,72608.9,32002.7,184878,156796,125345,128605,96146,59,67189,65173,218772,215099,22601,22400,26738,745,24323,0,22400,26738,745,20749,5009,265430,297097,120136,272774,6,5299
5,5,66778,13335,147333,113501,84861.1,95004,65194,21,35492,34383,188985,185658,19668,16725,20137,438,18163,0,16725,20137,438,12848,3928,265430,297097,120136,272774,6,5299
5,5,70437.8,37833.1,150484,121344,99260.9,97548,73230,42,67747,65921,193568,190197,20084,20007,23349,508,21195,0,20007,23349,508,17359,3903,265430,297097,120136,272774,6,5299
5,5,86132.5,33248.6,245635,173651,141781,138571,107123,82,75683,73559,276048,271661,27579,26292,30984,983,28280,0,26292,30985,983,24067,5424,265430,297097,120136,272774,6,5299
5,5,65430.5,30810.9,123983,106967,92089.3,88299,70922,22,60223,58482,168356,165324,17943,16655,19791,507,17945,0,16655,19791,507,14917,3649,265430,297097,120136,272774,6,5299
5,5,43254.1,9194.88,88381.7,45527.6,35275.2,36188,25769,48,23566,22813,134356,131684,13831,8968,10155,245,9112,0,8968,10155,245,6411,1488,265430,297097,120136,272774,6,5299
5,5,67347.6,21400.4,219417,97842.3,84620,77544,62328,79,50714,49273,250437,246138,25019,17056,19844,581,18030,0,17056,19844,581,15202,3255,265430,297097,120136,272774,6,5299
5,5,70190.8,20803.2,158451,155850,139004,124220,104287,61,51644,50208,210992,207311,21609,27129,30606,872,27532,0,27129,30606,872,22706,4219,265430,297097,120136,272774,6,5299
5,5,71609,27484.3,158048,136356,113318,113471,88481,44,63602,61747,209598,206039,21820,18978,23330,649,21255,0,18978,23330,649,17416,4929,265430,297097,120136,272774,6,5299
5,5,68669.4,10423.2,119842,125250,101487,102548,76279,35,28910,28032,170691,167812,17373,19697,23750,545,21555,0,19697,23750,545,17122,4625,265430,297097,120136,272774,6,5299
5,5,74615,23365.4,178143,156684,147172,124655,108771,57,55957,54407,233979,229983,23578,29020,33363,921,30136,0,29020,33363,921,25440,5154,265430,297097,120136,272774,6,5299
5,5,69041.9,29110.5,142120,105655,88676.5,83146,64169,54,62547,60878,193178,189784,20127,19249,22103,588,20109,0,19249,22103,588,16862,3367,265430,297097,120136,272774,6,5299
5,5,49826.7,9461.07,130809,82104.6,59941.5,67390,44463,54,26889,26012,169866,166583,17343,14561,16849,386,15145,0,14561,16849,386,10431,2767,265430,297097,120136,272774,6,5299
5,5,74046.4,25897.1,158454,131598,110807,106079,81862,38,55106,53524,209302,205726,21693,22569,26271,644,23730,0,22569,26271,644,19026,4321,265430,297097,120136,272774,6,5299
5,5,58609.4,16365.8,91813.9,120296,89019.1,99070,67293,19,33240,32316,132053,129707,14118,18047,21345,520,19292,0,18047,21345,520,14123,3803,265430,297097,120136,272774,6,5299
5,5,71170.8,37723.8,140046,114706,99444.9,92517,74883,27,71619,69707,192691,189347,19923,19207,22926,505,20819,0,19207,22926,505,16735,4262,265430,297097,120136,272774,6,5299
5,5,92169,30225.7,177948,228296,212045,174302,150343,94,67813,65930,229631,226002,23261,42723,47321,1856,42859,0,42723,47321,1856,36981,5696,265430,297097,120136,272774,6,5299
5,5,80519.8,31038.7,177640,150113,133315,116309,95396,64,70441,68543,227435,223677,23751,26902,30526,877,27636,0,26902,30526,877,23596,4352,265430,297097,120136,272774,6,5299
5,5,78520.4,30572.2,211336,133119,133299,108103,101644,58,68816,66809,251827,247699,25345,22097,25814,830,23496,0,22097,25811,830,20509,4377,265430,297097,120136,272774,6,5299
5,5,72649.9,16039.2,143344,114274,92139,95282,71500,16,37827,36673,196048,192715,20379,17071,21053,460,19040,0,17071,21053,460,13733,4503,265430,297097,120136,272774,6,5299
5,5,68698.9,14670.3,131930,93489.4,74130.8,73919,53878,43,35574,34581,179132,176084,18544,16338,17477,462,15555,0,16338,17475,462,12337,1600,265430,297097,120136,272774,6,5299
5,5,71291.1,26695.4,106832,186062,142665,153274,106643,58,61549,59931,150907,148390,16296,27067,31160,927,28205,0,27067,31160,927,21196,4825,265430,297097,120136,272774,6,5299
5,5,55705.9,8986.72,184384,79046.1,57102.6,63471,41514,55,25776,24900,219024,214986,22128,14662,16886,415,15174,0,14662,16886,415,10483,2719,265430,297097,120136,272774,6,5299
5,5,53362.9,18258.4,122171,61700.2,51516.7,47647,36938,43,40718,39574,171683,168423,17784,12154,13591,320,12242,0,12154,13591,320,9807,1793,265430,297097,120136,272774,6,5299
5,5,44497.8,14665.7,100854,58686.1,46442.1,46557,33881,34,32393,31420,143314,140475,14895,11011,12205,323,10958,0,11011,12205,323,7733,1531,265430,297097,120136,272774,6,5299
5,5,51052.7,18755.5,116398,61900.3,53808.9,49410,40083,36,40925,39756,163989,160792,16921,11718,13338,291,12053,0,11718,13338,291,9683,1977,265430,297097,120136,272774,6,5299
5,5,70962.2,50677.1,106233,216589,157232,182842,122003,11,96218,93640,153672,151079,16182,27806,33903,967,30921,0,27806,33903,967,22565,6853,265430,297097,120136,272774,6,5299
5,5,92478,32469.5,202715,201673,169070,164654,127691,89,76801,74569,244978,241163,25104,29170,35304,1040,32209,0,29170,35304,1040,26296,6980,265430,297097,120136,272774,6,5299
5,5,65940.3,20996.1,145507,92700.1,81674.1,69556,55353,66,47169,45854,192621,189130,20389,19600,21091,804,19004,0,19600,21092,804,15366,2044,265430,297097,120136,272774,6,5299
5,5,68781.8,14158.2,133819,105348,87939.6,80366,61572,73,34662,33612,190456,187116,20035,20436,22564,839,20334,0,20436,22564,839,16708,2718,265430,297097,120136,272774,6,5299
5,5,59386,19819.2,142251,67377.2,64932.2,51324,45735,45,43646,42431,184112,180703,19530,14441,15830,464,14232,0,14441,15830,464,11704,1797,265430,297097,120136,272774,6,5299
5,5,66738.5,27873,122636,115845,92914,94882,70404,20,62412,60623,171502,168445,18248,18045,21451,597,19448,0,18045,21451,597,16053,3943,265430,297097,120136,272774,6,5299
5,5,52918.3,17168.3,121451,59993.7,51224.2,46877,36955,43,39510,38401,170717,167487,17955,12520,13903,452,12520,0,12520,13903,452,9868,1746,265430,297097,120136,272774,6,5299
5,5,44985.8,18088.8,95894.8,52088.2,41174.8,41474,30312,35,32308,31349,144214,141335,14980,10265,11536,323,10372,0,10265,11533,323,7595,1589,265430,297097,120136,272774,6,5299
5,5,50661.5,15918.2,120591,58248.8,52423.7,45119,38305,40,36627,35563,164097,160921,17218,11913,13229,412,11917,0,11913,13229,412,9149,1672,265430,297097,120136,272774,6,5299
5,5,53744.4,8044.83,178530,63424.9,42810.7,51893,32201,53,23267,22525,218911,214849,22110,9170,11530,251,10459,0,9170,11529,251,7640,2641,265430,297097,120136,272774,6,5299
5,5,61439.3,17525.8,91161.9,117999,87835.7,95350,63719,48,43619,42494,135234,132881,14562,19190,21886,713,19752,0,19190,21886,713,14447,3193,265430,297097,120136,272774,6,5299
5,5,66524.6,21524,154003,157549,139200,128568,105886,52,53096,51597,207548,203870,21443,26228,29263,876,26358,0,26228,29263,876,21595,3768,265430,297097,120136,272774,6,5299
5,5,41045.4,10803.1,77336.2,49822.8,34022,41120,25108,30,27224,26386,122532,120024,12337,8039,9532,160,8594,0,8039,9530,160,6129,1744,265430,297097,120136,272774,6,5299
5,5,93414.4,32438.2,202731,184619,154301,150501,116148,90,77244,74961,248350,244513,25332,27823,34036,1102,31068,0,27823,34036,1102,25297,7031,265430,297097,120136,272774,6,5299
5,5,91828.6,27569.8,171641,204800,189723,156708,134586,92,63560,61799,230970,227308,23303,37586,42165,1719,38271,0,37586,42165,1719,33850,5555,265430,297097,120136,272774,6,5299
5,5,71656.7,24330.9,163744,143377,124115,113206,91399,48,57894,56256,210808,207161,22122,24223,27874,675,25190,0,24223,27874,675,20520,4344,265430,297097,120136,272774,6,5299
5,5,57733,13605.8,94949.7,104196,70075.7,85801,51583,25,35336,34342,138560,136064,14639,15505,18441,519,16638,0,15505,18441,519,11518,3361,265430,297097,120136,272774,6,5299
5,5,64638,15463.3,183765,118000,100242,94088,73347,57,40322,39164,230923,226816,23216,23081,26220,782,23666,0,23081,26220,782,18401,3796,265430,297097,120136,272774,6,5299
5,5,90990,38854.3,202797,184235,157820,147890,116870,83,79645,77402,245333,241520,24953,29570,34956,1181,31883,0,29570,34956,1181,26973,6205,265430,297097,120136,272774,6,5299
5,5,77160,23384.1,129571,184115,155903,150648,118299,51,56658,55123,179886,176929,18472,28815,34110,1055,30921,0,28815,34110,1055,25203,6052,265430,297097,120136,272774,6,5299
5,5,74610.9,26649.8,171915,154784,131054,126929,97961,30,56796,55214,207953,204450,21513,23259,27228,717,24642,0,23259,27228,717,19194,4614,265430,297097,120136,272774,6,5299
5,5,71708.5,21914.8,129192,180803,146144,148738,110645,51,49919,48558,167176,164382,17321,26281,30952,885,28043,0,26281,30952,885,22470,5375,265430,297097,120136,272774,6,5299
