K,dist,cost_ki,cost_hi,h_cost,vnum,gen_ki,push_ki,pop_ki,prune_ki,suc_call_ki,gen_hi,push_hi,pop_hi,prune_hi,suc_call_hi,reevaluate,density
5,35640.6,11034.5,15495.7,12175,6,572,20477,19624,2165,90177,108,3744,3166,75,7332,1054,0.00883392
5,45569.4,11034.5,15495.7,12175,3,572,20477,19624,2165,90177,108,3744,3166,75,7332,1054,0.00883392
5,66578.3,11034.5,15495.7,12175,25,572,20477,19624,2165,90177,108,3744,3166,75,7332,1054,0.00883392
5,78252.3,11034.5,15495.7,12175,19,572,20477,19624,2165,90177,108,3744,3166,75,7332,1054,0.00883392
5,88915.6,11034.5,15495.7,12175,26,572,20477,19624,2165,90177,108,3744,3166,75,7332,1054,0.00883392
5,11939.3,5263.98,3551.25,2680,7,304,8370,7602,706,29274,47,1052,789,3,1658,228,0.00883392
5,16571.9,5263.98,3551.25,2680,5,304,8370,7602,706,29274,47,1052,789,3,1658,228,0.00883392
5,20533.7,5263.98,3551.25,2680,10,304,8370,7602,706,29274,47,1052,789,3,1658,228,0.00883392
5,41665.3,5263.98,3551.25,2680,13,304,8370,7602,706,29274,47,1052,789,3,1658,228,0.00883392
5,46820.8,5263.98,3551.25,2680,19,304,8370,7602,706,29274,47,1052,789,3,1658,228,0.00883392
5,36430.8,10075.1,12391.2,9698,5,564,20263,19322,2127,87606,85,3331,2810,53,6763,913,0.00883392
5,48721.7,10075.1,12391.2,9698,7,564,20263,19322,2127,87606,85,3331,2810,53,6763,913,0.00883392
5,63534.7,10075.1,12391.2,9698,18,564,20263,19322,2127,87606,85,3331,2810,53,6763,913,0.00883392
5,77239.2,10075.1,12391.2,9698,10,564,20263,19322,2127,87606,85,3331,2810,53,6763,913,0.00883392
5,87902.5,10075.1,12391.2,9698,17,564,20263,19322,2127,87606,85,3331,2810,53,6763,913,0.00883392
5,58043.7,10070.6,22891.9,19488,25,537,18726,17546,2074,79647,128,4043,3393,74,7801,1217,0.00883392
5,63559.3,10070.6,22891.9,19488,3,537,18726,17546,2074,79647,128,4043,3393,74,7801,1217,0.00883392
5,69395.4,10070.6,22891.9,19488,28,537,18726,17546,2074,79647,128,4043,3393,74,7801,1217,0.00883392
5,86453.4,10070.6,22891.9,19488,15,537,18726,17546,2074,79647,128,4043,3393,74,7801,1217,0.00883392
5,88350.7,10070.6,22891.9,19488,4,537,18726,17546,2074,79647,128,4043,3393,74,7801,1217,0.00883392
5,44404.6,3292.4,11023.6,9343,22,251,8450,7578,834,29973,58,2343,1878,31,4390,658,0.00883392
5,44510.3,3292.4,11023.6,9343,7,251,8450,7578,834,29973,58,2343,1878,31,4390,658,0.00883392
5,54233.1,3292.4,11023.6,9343,20,251,8450,7578,834,29973,58,2343,1878,31,4390,658,0.00883392
5,55730.2,3292.4,11023.6,9343,5,251,8450,7578,834,29973,58,2343,1878,31,4390,658,0.00883392
5,63507.9,3292.4,11023.6,9343,20,251,8450,7578,834,29973,58,2343,1878,31,4390,658,0.00883392
5,9784.63,6893.03,3261.39,2640,4,473,15801,14326,1335,55028,38,997,776,0,1682,250,0.00883392
5,18507.6,6893.03,3261.39,2640,13,473,15801,14326,1335,55028,38,997,776,0,1682,250,0.00883392
5,27550.5,6893.03,3261.39,2640,10,473,15801,14326,1335,55028,38,997,776,0,1682,250,0.00883392
5,39681.7,6893.03,3261.39,2640,6,473,15801,14326,1335,55028,38,997,776,0,1682,250,0.00883392
5,50311.6,6893.03,3261.39,2640,13,473,15801,14326,1335,55028,38,997,776,0,1682,250,0.00883392
5,15579.8,10662.4,7886.8,6217,5,517,18923,18044,1858,78234,70,2142,1765,20,4068,536,0.00883392
5,26284.5,10662.4,7886.8,6217,3,517,18923,18044,1858,78234,70,2142,1765,20,4068,536,0.00883392
5,47103.9,10662.4,7886.8,6217,19,517,18923,18044,1858,78234,70,2142,1765,20,4068,536,0.00883392
5,58715.6,10662.4,7886.8,6217,14,517,18923,18044,1858,78234,70,2142,1765,20,4068,536,0.00883392
5,69378.9,10662.4,7886.8,6217,21,517,18923,18044,1858,78234,70,2142,1765,20,4068,536,0.00883392
5,35674.6,11813.9,16112,13223,6,571,20492,19636,2169,90317,107,3705,3132,73,7290,1042,0.00883392
5,45603.4,11813.9,16112,13223,3,571,20492,19636,2169,90317,107,3705,3132,73,7290,1042,0.00883392
5,66612.3,11813.9,16112,13223,25,571,20492,19636,2169,90317,107,3705,3132,73,7290,1042,0.00883392
5,78286.3,11813.9,16112,13223,19,571,20492,19636,2169,90317,107,3705,3132,73,7290,1042,0.00883392
5,88949.5,11813.9,16112,13223,26,571,20492,19636,2169,90317,107,3705,3132,73,7290,1042,0.00883392
5,38409.5,3398.04,13212.6,11391,16,268,8693,7839,827,30466,57,2153,1732,29,3918,592,0.00883392
5,45060.8,3398.04,13212.6,11391,8,268,8693,7839,827,30466,57,2153,1732,29,3918,592,0.00883392
5,47794.5,3398.04,13212.6,11391,17,268,8693,7839,827,30466,57,2153,1732,29,3918,592,0.00883392
5,57862.3,3398.04,13212.6,11391,16,268,8693,7839,827,30466,57,2153,1732,29,3918,592,0.00883392
5,61301.1,3398.04,13212.6,11391,16,268,8693,7839,827,30466,57,2153,1732,29,3918,592,0.00883392
5,14439.4,3029.24,3410.44,2787,9,235,7675,6768,659,26737,36,844,657,2,1255,257,0.00883392
5,20430.1,3029.24,3410.44,2787,6,235,7675,6768,659,26737,36,844,657,2,1255,257,0.00883392
5,38252.3,3029.24,3410.44,2787,18,235,7675,6768,659,26737,36,844,657,2,1255,257,0.00883392
5,39626.1,3029.24,3410.44,2787,11,235,7675,6768,659,26737,36,844,657,2,1255,257,0.00883392
5,49757.1,3029.24,3410.44,2787,12,235,7675,6768,659,26737,36,844,657,2,1255,257,0.00883392
5,46218.6,6630.28,23767.5,20078,18,451,14946,13735,1423,56982,120,4006,3273,48,7991,1008,0.00883392
5,56342,6630.28,23767.5,20078,20,451,14946,13735,1423,56982,120,4006,3273,48,7991,1008,0.00883392
5,63889.6,6630.28,23767.5,20078,27,451,14946,13735,1423,56982,120,4006,3273,48,7991,1008,0.00883392
5,70520.9,6630.28,23767.5,20078,29,451,14946,13735,1423,56982,120,4006,3273,48,7991,1008,0.00883392
5,70943,6630.28,23767.5,20078,20,451,14946,13735,1423,56982,120,4006,3273,48,7991,1008,0.00883392
5,29595.4,5376.99,7981.16,6634,9,337,10617,9629,888,39493,79,1983,1567,20,3482,446,0.00883392
5,33153.7,5376.99,7981.16,6634,18,337,10617,9629,888,39493,79,1983,1567,20,3482,446,0.00883392
5,41107.2,5376.99,7981.16,6634,10,337,10617,9629,888,39493,79,1983,1567,20,3482,446,0.00883392
5,62000.1,5376.99,7981.16,6634,18,337,10617,9629,888,39493,79,1983,1567,20,3482,446,0.00883392
5,65680.9,5376.99,7981.16,6634,20,337,10617,9629,888,39493,79,1983,1567,20,3482,446,0.00883392
5,3678.15,3119.97,3683.24,2873,2,241,7980,7080,702,27489,39,1104,842,9,1751,244,0.00883392
5,12708.9,3119.97,3683.24,2873,4,241,7980,7080,702,27489,39,1104,842,9,1751,244,0.00883392
5,28917,3119.97,3683.24,2873,11,241,7980,7080,702,27489,39,1104,842,9,1751,244,0.00883392
5,37752.3,3119.97,3683.24,2873,12,241,7980,7080,702,27489,39,1104,842,9,1751,244,0.00883392
5,47305.9,3119.97,3683.24,2873,13,241,7980,7080,702,27489,39,1104,842,9,1751,244,0.00883392
5,42054.8,6739.36,14786,12179,10,479,15604,14317,1513,59670,104,3224,2612,46,6944,745,0.00883392
5,46105.9,6739.36,14786,12179,17,479,15604,14317,1513,59670,104,3224,2612,46,6944,745,0.00883392
5,56156.1,6739.36,14786,12179,26,479,15604,14317,1513,59670,104,3224,2612,46,6944,745,0.00883392
5,66357.2,6739.36,14786,12179,21,479,15604,14317,1513,59670,104,3224,2612,46,6944,745,0.00883392
5,66779.2,6739.36,14786,12179,12,479,15604,14317,1513,59670,104,3224,2612,46,6944,745,0.00883392
5,35036.1,10037.2,12157.2,9503,6,567,20162,19224,2130,86170,90,3311,2775,55,6946,862,0.00883392
5,47327,10037.2,12157.2,9503,8,567,20162,19224,2130,86170,90,3311,2775,55,6946,862,0.00883392
5,61561.6,10037.2,12157.2,9503,17,567,20162,19224,2130,86170,90,3311,2775,55,6946,862,0.00883392
5,75693.8,10037.2,12157.2,9503,10,567,20162,19224,2130,86170,90,3311,2775,55,6946,862,0.00883392
5,86323.7,10037.2,12157.2,9503,17,567,20162,19224,2130,86170,90,3311,2775,55,6946,862,0.00883392
5,21054,4967.08,7033.93,5768,6,365,11910,10818,987,43853,75,1562,1229,19,2863,373,0.00883392
5,29898.4,4967.08,7033.93,5768,10,365,11910,10818,987,43853,75,1562,1229,19,2863,373,0.00883392
5,45040.9,4967.08,7033.93,5768,17,365,11910,10818,987,43853,75,1562,1229,19,2863,373,0.00883392
5,50521.3,4967.08,7033.93,5768,4,365,11910,10818,987,43853,75,1562,1229,19,2863,373,0.00883392
5,58869.1,4967.08,7033.93,5768,20,365,11910,10818,987,43853,75,1562,1229,19,2863,373,0.00883392
5,18267.6,5142.26,6613.93,5407,5,325,9834,8925,770,35056,73,1534,1184,13,2803,303,0.00883392
5,32770.3,5142.26,6613.93,5407,11,325,9834,8925,770,35056,73,1534,1184,13,2803,303,0.00883392
5,38872.3,5142.26,6613.93,5407,15,325,9834,8925,770,35056,73,1534,1184,13,2803,303,0.00883392
5,51302,5142.26,6613.93,5407,11,325,9834,8925,770,35056,73,1534,1184,13,2803,303,0.00883392
5,52937.9,5142.26,6613.93,5407,17,325,9834,8925,770,35056,73,1534,1184,13,2803,303,0.00883392
5,8369.9,2330.22,2168.07,1770,4,238,6255,5369,415,19027,40,665,478,1,984,148,0.00883392
5,18120.9,2330.22,2168.07,1770,9,238,6255,5369,415,19027,40,665,478,1,984,148,0.00883392
5,24093.9,2330.22,2168.07,1770,10,238,6255,5369,415,19027,40,665,478,1,984,148,0.00883392
5,28743.4,2330.22,2168.07,1770,8,238,6255,5369,415,19027,40,665,478,1,984,148,0.00883392
5,34051.3,2330.22,2168.07,1770,18,238,6255,5369,415,19027,40,665,478,1,984,148,0.00883392
5,20570.9,8601.02,5783.56,4724,11,518,17714,16583,1736,68345,52,1498,1195,17,2737,436,0.00883392
5,30543.4,8601.02,5783.56,4724,15,518,17714,16583,1736,68345,52,1498,1195,17,2737,436,0.00883392
5,35183.4,8601.02,5783.56,4724,14,518,17714,16583,1736,68345,52,1498,1195,17,2737,436,0.00883392
5,49024.4,8601.02,5783.56,4724,3,518,17714,16583,1736,68345,52,1498,1195,17,2737,436,0.00883392
5,59433.8,8601.02,5783.56,4724,11,518,17714,16583,1736,68345,52,1498,1195,17,2737,436,0.00883392
5,10086.3,7627.03,3925.23,3224,7,504,17090,15785,1545,62718,44,1171,925,12,1998,288,0.00883392
5,19607.8,7627.03,3925.23,3224,12,504,17090,15785,1545,62718,44,1171,925,12,1998,288,0.00883392
5,31021.7,7627.03,3925.23,3224,11,504,17090,15785,1545,62718,44,1171,925,12,1998,288,0.00883392
5,43152.8,7627.03,3925.23,3224,7,504,17090,15785,1545,62718,44,1171,925,12,1998,288,0.00883392
5,53782.8,7627.03,3925.23,3224,14,504,17090,15785,1545,62718,44,1171,925,12,1998,288,0.00883392
5,31617.7,2920.63,8893.84,7412,14,239,7406,6666,620,25413,58,1679,1335,19,2934,414,0.00883392
5,34893.4,2920.63,8893.84,7412,4,239,7406,6666,620,25413,58,1679,1335,19,2934,414,0.00883392
5,43856,2920.63,8893.84,7412,16,239,7406,6666,620,25413,58,1679,1335,19,2934,414,0.00883392
5,47685.1,2920.63,8893.84,7412,12,239,7406,6666,620,25413,58,1679,1335,19,2934,414,0.00883392
5,52695.3,2920.63,8893.84,7412,15,239,7406,6666,620,25413,58,1679,1335,19,2934,414,0.00883392
5,17360.3,1739.28,3187.11,2654,9,183,4650,4000,287,13771,43,717,531,10,1266,123,0.00883392
5,21517.9,1739.28,3187.11,2654,6,183,4650,4000,287,13771,43,717,531,10,1266,123,0.00883392
5,31217.8,1739.28,3187.11,2654,14,183,4650,4000,287,13771,43,717,531,10,1266,123,0.00883392
5,31539.1,1739.28,3187.11,2654,12,183,4650,4000,287,13771,43,717,531,10,1266,123,0.00883392
5,31926.3,1739.28,3187.11,2654,3,183,4650,4000,287,13771,43,717,531,10,1266,123,0.00883392
5,57679.5,10557.1,22772.5,19034,33,527,17813,16641,1939,74001,133,4432,3683,81,9510,1054,0.00883392
5,59581.5,10557.1,22772.5,19034,10,527,17813,16641,1939,74001,133,4432,3683,81,9510,1054,0.00883392
5,68491.3,10557.1,22772.5,19034,36,527,17813,16641,1939,74001,133,4432,3683,81,9510,1054,0.00883392
5,83883.8,10557.1,22772.5,19034,21,527,17813,16641,1939,74001,133,4432,3683,81,9510,1054,0.00883392
5,84305.9,10557.1,22772.5,19034,12,527,17813,16641,1939,74001,133,4432,3683,81,9510,1054,0.00883392
5,42715.9,3261.83,13742.3,11762,8,244,8074,7251,765,28140,58,2173,1724,22,3763,615,0.00883392
5,42824.5,3261.83,13742.3,11762,22,244,8074,7251,765,28140,58,2173,1724,22,3763,615,0.00883392
5,53306.4,3261.83,13742.3,11762,18,244,8074,7251,765,28140,58,2173,1724,22,3763,615,0.00883392
5,53929.4,3261.83,13742.3,11762,7,244,8074,7251,765,28140,58,2173,1724,22,3763,615,0.00883392
5,61725.3,3261.83,13742.3,11762,20,244,8074,7251,765,28140,58,2173,1724,22,3763,615,0.00883392
5,33528.3,8921.03,8590.6,7225,18,527,17416,16375,1767,69985,71,1711,1382,10,2594,562,0.00883392
5,42488.7,8921.03,8590.6,7225,8,527,17416,16375,1767,69985,71,1711,1382,10,2594,562,0.00883392
5,45127.6,8921.03,8590.6,7225,22,527,17416,16375,1767,69985,71,1711,1382,10,2594,562,0.00883392
5,62377.1,8921.03,8590.6,7225,9,527,17416,16375,1767,69985,71,1711,1382,10,2594,562,0.00883392
5,67541.8,8921.03,8590.6,7225,6,527,17416,16375,1767,69985,71,1711,1382,10,2594,562,0.00883392
5,13476.7,6753.54,2883.67,2166,4,442,13546,11959,1131,44868,37,880,676,6,1506,210,0.00883392
5,17942.8,6753.54,2883.67,2166,8,442,13546,11959,1131,44868,37,880,676,6,1506,210,0.00883392
5,22809,6753.54,2883.67,2166,9,442,13546,11959,1131,44868,37,880,676,6,1506,210,0.00883392
5,35301.6,6753.54,2883.67,2166,6,442,13546,11959,1131,44868,37,880,676,6,1506,210,0.00883392
5,45931.5,6753.54,2883.67,2166,13,442,13546,11959,1131,44868,37,880,676,6,1506,210,0.00883392
5,21939.1,4705.7,6801.27,5686,10,363,11787,10569,963,40956,51,1325,1030,19,2407,293,0.00883392
5,33403.9,4705.7,6801.27,5686,4,363,11787,10569,963,40956,51,1325,1030,19,2407,293,0.00883392
5,39886.9,4705.7,6801.27,5686,11,363,11787,10569,963,40956,51,1325,1030,19,2407,293,0.00883392
5,45970.5,4705.7,6801.27,5686,15,363,11787,10569,963,40956,51,1325,1030,19,2407,293,0.00883392
5,46716.5,4705.7,6801.27,5686,11,363,11787,10569,963,40956,51,1325,1030,19,2407,293,0.00883392
5,40957.7,9268.38,10785.6,8806,18,562,19276,18217,2096,80931,70,2566,2118,14,4020,918,0.00883392
5,53206.9,9268.38,10785.6,8806,21,562,19276,18217,2096,80931,70,2566,2118,14,4020,918,0.00883392
5,57629.6,9268.38,10785.6,8806,12,562,19276,18217,2096,80931,70,2566,2118,14,4020,918,0.00883392
5,73603.7,9268.38,10785.6,8806,3,562,19276,18217,2096,80931,70,2566,2118,14,4020,918,0.00883392
5,82672.3,9268.38,10785.6,8806,11,562,19276,18217,2096,80931,70,2566,2118,14,4020,918,0.00883392
5,8082.65,3140.37,2826.02,2320,4,289,7881,7093,613,27176,46,865,636,10,1417,156,0.00883392
5,17707.6,3140.37,2826.02,2320,9,289,7881,7093,613,27176,46,865,636,10,1417,156,0.00883392
5,19277.1,3140.37,2826.02,2320,4,289,7881,7093,613,27176,46,865,636,10,1417,156,0.00883392
5,34249.1,3140.37,2826.02,2320,10,289,7881,7093,613,27176,46,865,636,10,1417,156,0.00883392
5,40457.7,3140.37,2826.02,2320,18,289,7881,7093,613,27176,46,865,636,10,1417,156,0.00883392
5,10836.4,3897.39,3437.64,2717,5,295,8369,7585,716,29154,45,1027,774,3,1627,220,0.00883392
5,16268.5,3897.39,3437.64,2717,4,295,8369,7585,716,29154,45,1027,774,3,1627,220,0.00883392
5,19258.6,3897.39,3437.64,2717,11,295,8369,7585,716,29154,45,1027,774,3,1627,220,0.00883392
5,40459.4,3897.39,3437.64,2717,12,295,8369,7585,716,29154,45,1027,774,3,1627,220,0.00883392
5,45614.9,3897.39,3437.64,2717,18,295,8369,7585,716,29154,45,1027,774,3,1627,220,0.00883392
5,9005.72,3436.76,3937.01,3123,5,303,9298,8404,841,33227,52,1229,945,7,1893,331,0.00883392
5,19407.2,3436.76,3937.01,3123,4,303,9298,8404,841,33227,52,1229,945,7,1893,331,0.00883392
5,23591.2,3436.76,3937.01,3123,8,303,9298,8404,841,33227,52,1229,945,7,1893,331,0.00883392
5,49952.2,3436.76,3937.01,3123,20,303,9298,8404,841,33227,52,1229,945,7,1893,331,0.00883392
5,56585.6,3436.76,3937.01,3123,22,303,9298,8404,841,33227,52,1229,945,7,1893,331,0.00883392
5,3391.26,3345.18,4388.31,3394,2,280,8976,8079,810,32021,49,1293,1020,16,2321,263,0.00883392
5,10946.4,3345.18,4388.31,3394,6,280,8976,8079,810,32021,49,1293,1020,16,2321,263,0.00883392
5,27323.4,3345.18,4388.31,3394,5,280,8976,8079,810,32021,49,1293,1020,16,2321,263,0.00883392
5,44393.2,3345.18,4388.31,3394,20,280,8976,8079,810,32021,49,1293,1020,16,2321,263,0.00883392
5,53561,3345.18,4388.31,3394,21,280,8976,8079,810,32021,49,1293,1020,16,2321,263,0.00883392
5,23536,7860.38,8002.83,6301,11,482,16857,15739,1733,66628,89,2151,1725,32,4007,489,0.00883392
5,25041.3,7860.38,8002.83,6301,13,482,16857,15739,1733,66628,89,2151,1725,32,4007,489,0.00883392
5,57905.7,7860.38,8002.83,6301,22,482,16857,15739,1733,66628,89,2151,1725,32,4007,489,0.00883392
5,58389.8,7860.38,8002.83,6301,22,482,16857,15739,1733,66628,89,2151,1725,32,4007,489,0.00883392
5,71324.4,7860.38,8002.83,6301,32,482,16857,15739,1733,66628,89,2151,1725,32,4007,489,0.00883392
5,11442.2,2471.3,3578.78,3005,5,231,6511,5731,474,21503,33,673,517,1,836,203,0.00883392
5,21902.3,2471.3,3578.78,3005,9,231,6511,5731,474,21503,33,673,517,1,836,203,0.00883392
5,33087.1,2471.3,3578.78,3005,6,231,6511,5731,474,21503,33,673,517,1,836,203,0.00883392
5,33317.4,2471.3,3578.78,3005,15,231,6511,5731,474,21503,33,673,517,1,836,203,0.00883392
5,43218.1,2471.3,3578.78,3005,7,231,6511,5731,474,21503,33,673,517,1,836,203,0.00883392
5,16510.1,8110.15,6913.93,5630,4,460,16200,15106,1610,63636,87,1911,1531,29,3642,398,0.00883392
5,18574.3,8110.15,6913.93,5630,6,460,16200,15106,1610,63636,87,1911,1531,29,3642,398,0.00883392
5,51438.7,8110.15,6913.93,5630,15,460,16200,15106,1610,63636,87,1911,1531,29,3642,398,0.00883392
5,52172.3,8110.15,6913.93,5630,16,460,16200,15106,1610,63636,87,1911,1531,29,3642,398,0.00883392
5,65106.9,8110.15,6913.93,5630,26,460,16200,15106,1610,63636,87,1911,1531,29,3642,398,0.00883392
5,21686.6,9028.57,8634.63,6966,8,522,19029,18116,1888,78864,69,2267,1881,27,4177,629,0.00883392
5,33935.9,9028.57,8634.63,6966,11,522,19029,18116,1888,78864,69,2267,1881,27,4177,629,0.00883392
5,50250,9028.57,8634.63,6966,16,522,19029,18116,1888,78864,69,2267,1881,27,4177,629,0.00883392
5,61965.1,9028.57,8634.63,6966,10,522,19029,18116,1888,78864,69,2267,1881,27,4177,629,0.00883392
5,72628.3,9028.57,8634.63,6966,17,522,19029,18116,1888,78864,69,2267,1881,27,4177,629,0.00883392
5,44986.8,6084.57,19135,16002,14,432,14483,13339,1323,55304,129,3995,3268,67,8393,910,0.00883392
5,56450.2,6084.57,19135,16002,16,432,14483,13339,1323,55304,129,3995,3268,67,8393,910,0.00883392
5,63592.6,6084.57,19135,16002,25,432,14483,13339,1323,55304,129,3995,3268,67,8393,910,0.00883392
5,68960,6084.57,19135,16002,21,432,14483,13339,1323,55304,129,3995,3268,67,8393,910,0.00883392
5,69271.8,6084.57,19135,16002,26,432,14483,13339,1323,55304,129,3995,3268,67,8393,910,0.00883392
5,15214.9,8901.05,8859.95,6999,4,517,18924,18022,1841,78122,63,2076,1707,16,4008,506,0.00883392
5,26772.5,8901.05,8859.95,6999,3,517,18924,18022,1841,78122,63,2076,1707,16,4008,506,0.00883392
5,46739,8901.05,8859.95,6999,18,517,18924,18022,1841,78122,63,2076,1707,16,4008,506,0.00883392
5,58350.7,8901.05,8859.95,6999,13,517,18924,18022,1841,78122,63,2076,1707,16,4008,506,0.00883392
5,69014,8901.05,8859.95,6999,20,517,18924,18022,1841,78122,63,2076,1707,16,4008,506,0.00883392
5,29107.2,2515.41,4158.06,3403,7,228,6322,5670,505,21646,40,1107,844,3,1631,299,0.00883392
5,31875.7,2515.41,4158.06,3403,9,228,6322,5670,505,21646,40,1107,844,3,1631,299,0.00883392
5,40339.7,2515.41,4158.06,3403,6,228,6322,5670,505,21646,40,1107,844,3,1631,299,0.00883392
5,44376.1,2515.41,4158.06,3403,11,228,6322,5670,505,21646,40,1107,844,3,1631,299,0.00883392
5,48103.4,2515.41,4158.06,3403,16,228,6322,5670,505,21646,40,1107,844,3,1631,299,0.00883392
5,10993.9,3174.53,2913.38,2273,4,296,8186,7421,679,28647,43,949,709,10,1602,178,0.00883392
5,15483.1,3174.53,2913.38,2273,9,296,8186,7421,679,28647,43,949,709,10,1602,178,0.00883392
5,15938,3174.53,2913.38,2273,4,296,8186,7421,679,28647,43,949,709,10,1602,178,0.00883392
5,37168.2,3174.53,2913.38,2273,11,296,8186,7421,679,28647,43,949,709,10,1602,178,0.00883392
5,43376.8,3174.53,2913.38,2273,19,296,8186,7421,679,28647,43,949,709,10,1602,178,0.00883392
5,27700.7,8841.4,10451.3,8370,16,527,18918,17974,1974,76932,74,2579,2133,32,4834,820,0.00883392
5,39838.6,8841.4,10451.3,8370,19,527,18918,17974,1974,76932,74,2579,2133,32,4834,820,0.00883392
5,47301.9,8841.4,10451.3,8370,10,527,18918,17974,1974,76932,74,2579,2133,32,4834,820,0.00883392
5,61295.1,8841.4,10451.3,8370,5,527,18918,17974,1974,76932,74,2579,2133,32,4834,820,0.00883392
5,71925,8841.4,10451.3,8370,12,527,18918,17974,1974,76932,74,2579,2133,32,4834,820,0.00883392
5,15234.6,3715.69,5278.98,4149,6,317,9536,8665,758,33598,78,1518,1161,12,2831,301,0.00883392
5,28529.1,3715.69,5278.98,4149,10,317,9536,8665,758,33598,78,1518,1161,12,2831,301,0.00883392
5,34342.1,3715.69,5278.98,4149,14,317,9536,8665,758,33598,78,1518,1161,12,2831,301,0.00883392
5,47846.4,3715.69,5278.98,4149,13,317,9536,8665,758,33598,78,1518,1161,12,2831,301,0.00883392
5,50922.1,3715.69,5278.98,4149,18,317,9536,8665,758,33598,78,1518,1161,12,2831,301,0.00883392
5,13312.7,10039.2,5891.19,4664,8,540,18697,17692,1857,75753,61,1711,1391,11,3097,454,0.00883392
5,25562,10039.2,5891.19,4664,11,540,18697,17692,1857,75753,61,1711,1391,11,3097,454,0.00883392
5,41887.1,10039.2,5891.19,4664,16,540,18697,17692,1857,75753,61,1711,1391,11,3097,454,0.00883392
5,53590.2,10039.2,5891.19,4664,10,540,18697,17692,1857,75753,61,1711,1391,11,3097,454,0.00883392
5,64253.4,10039.2,5891.19,4664,17,540,18697,17692,1857,75753,61,1711,1391,11,3097,454,0.00883392
5,15608.7,7126.09,4398.75,3647,4,492,16088,14615,1420,57160,47,1135,879,15,2028,282,0.00883392
5,23854.8,7126.09,4398.75,3647,8,492,16088,14615,1420,57160,47,1135,879,15,2028,282,0.00883392
5,27101.7,7126.09,4398.75,3647,10,492,16088,14615,1420,57160,47,1135,879,15,2028,282,0.00883392
5,40677.1,7126.09,4398.75,3647,3,492,16088,14615,1420,57160,47,1135,879,15,2028,282,0.00883392
5,51088.6,7126.09,4398.75,3647,11,492,16088,14615,1420,57160,47,1135,879,15,2028,282,0.00883392
5,26407.8,9967.96,9653.25,7760,12,535,19103,18170,1892,78483,75,2653,2192,51,4936,754,0.00883392
5,38657.1,9967.96,9653.25,7760,15,535,19103,18170,1892,78483,75,2653,2192,51,4936,754,0.00883392
5,50494.9,9967.96,9653.25,7760,12,535,19103,18170,1892,78483,75,2653,2192,51,4936,754,0.00883392
5,63954.6,9967.96,9653.25,7760,9,535,19103,18170,1892,78483,75,2653,2192,51,4936,754,0.00883392
5,74584.5,9967.96,9653.25,7760,16,535,19103,18170,1892,78483,75,2653,2192,51,4936,754,0.00883392
5,10475.3,2583.86,3225.57,2598,6,235,7206,6329,582,24410,39,860,666,0,1313,234,0.00883392
5,17021.6,2583.86,3225.57,2598,3,235,7206,6329,582,24410,39,860,666,0,1313,234,0.00883392
5,34796.2,2583.86,3225.57,2598,18,235,7206,6329,582,24410,39,860,666,0,1313,234,0.00883392
5,36259.2,2583.86,3225.57,2598,10,235,7206,6329,582,24410,39,860,666,0,1313,234,0.00883392
5,46390.2,2583.86,3225.57,2598,11,235,7206,6329,582,24410,39,860,666,0,1313,234,0.00883392
5,37388,5701.81,13685.2,11356,15,434,13993,12817,1243,52055,99,2959,2383,37,6192,660,0.00883392
5,48264.1,5701.81,13685.2,11356,11,434,13993,12817,1243,52055,99,2959,2383,37,6192,660,0.00883392
5,55406.5,5701.81,13685.2,11356,20,434,13993,12817,1243,52055,99,2959,2383,37,6192,660,0.00883392
5,61672.9,5701.81,13685.2,11356,27,434,13993,12817,1243,52055,99,2959,2383,37,6192,660,0.00883392
5,62094.9,5701.81,13685.2,11356,18,434,13993,12817,1243,52055,99,2959,2383,37,6192,660,0.00883392
5,28583.2,4136.8,7212.75,5900,9,341,10430,9459,915,38023,79,1976,1563,19,3425,464,0.00883392
5,31286.9,4136.8,7212.75,5900,17,341,10430,9459,915,38023,79,1976,1563,19,3425,464,0.00883392
5,39240.3,4136.8,7212.75,5900,9,341,10430,9459,915,38023,79,1976,1563,19,3425,464,0.00883392
5,60988,4136.8,7212.75,5900,18,341,10430,9459,915,38023,79,1976,1563,19,3425,464,0.00883392
5,64668.8,4136.8,7212.75,5900,20,341,10430,9459,915,38023,79,1976,1563,19,3425,464,0.00883392
5,46289.2,7516.74,14789.8,12479,23,524,17272,16142,1779,70589,101,2852,2347,44,5386,823,0.00883392
5,50310.5,7516.74,14789.8,12479,3,524,17272,16142,1779,70589,101,2852,2347,44,5386,823,0.00883392
5,57128.4,7516.74,14789.8,12479,27,524,17272,16142,1779,70589,101,2852,2347,44,5386,823,0.00883392
5,73569.9,7516.74,14789.8,12479,18,524,17272,16142,1779,70589,101,2852,2347,44,5386,823,0.00883392
5,75101.6,7516.74,14789.8,12479,4,524,17272,16142,1779,70589,101,2852,2347,44,5386,823,0.00883392
5,12177.8,7764.67,5850.89,4592,4,437,15429,14387,1450,59796,72,1605,1266,13,3013,360,0.00883392
5,13157.1,7764.67,5850.89,4592,5,437,15429,14387,1450,59796,72,1605,1266,13,3013,360,0.00883392
5,44816.7,7764.67,5850.89,4592,15,437,15429,14387,1450,59796,72,1605,1266,13,3013,360,0.00883392
5,45964.4,7764.67,5850.89,4592,12,437,15429,14387,1450,59796,72,1605,1266,13,3013,360,0.00883392
5,58899,7764.67,5850.89,4592,22,437,15429,14387,1450,59796,72,1605,1266,13,3013,360,0.00883392
5,23208,10372.2,12964.6,10187,13,546,19064,18143,2007,80307,106,2973,2455,65,5634,788,0.00883392
5,31608.2,10372.2,12964.6,10187,15,546,19064,18143,2007,80307,106,2973,2455,65,5634,788,0.00883392
5,58253.2,10372.2,12964.6,10187,27,546,19064,18143,2007,80307,106,2973,2455,65,5634,788,0.00883392
5,65700.9,10372.2,12964.6,10187,25,546,19064,18143,2007,80307,106,2973,2455,65,5634,788,0.00883392
5,78102.4,10372.2,12964.6,10187,32,546,19064,18143,2007,80307,106,2973,2455,65,5634,788,0.00883392
5,21549.2,4633.53,6218.61,5123,7,331,10301,9313,800,36915,76,1552,1188,16,2875,323,0.00883392
5,38886.4,4633.53,6218.61,5123,15,331,10301,9313,800,36915,76,1552,1188,16,2875,323,0.00883392
5,43024.3,4633.53,6218.61,5123,18,331,10301,9313,800,36915,76,1552,1188,16,2875,323,0.00883392
5,52135.8,4633.53,6218.61,5123,5,331,10301,9313,800,36915,76,1552,1188,16,2875,323,0.00883392
5,53225.1,4633.53,6218.61,5123,12,331,10301,9313,800,36915,76,1552,1188,16,2875,323,0.00883392
5,13812.9,5026.67,2695,2198,5,393,12120,10624,982,39834,36,844,641,4,1409,211,0.00883392
5,14333.3,5026.67,2695,2198,7,393,12120,10624,982,39834,36,844,641,4,1409,211,0.00883392
5,23577.5,5026.67,2695,2198,11,393,12120,10624,982,39834,36,844,641,4,1409,211,0.00883392
5,33645.5,5026.67,2695,2198,5,393,12120,10624,982,39834,36,844,641,4,1409,211,0.00883392
5,44275.4,5026.67,2695,2198,12,393,12120,10624,982,39834,36,844,641,4,1409,211,0.00883392
5,19251.2,2012.33,2996.08,2463,7,196,5739,5089,418,18897,37,821,611,4,1302,174,0.00883392
5,29052.2,2012.33,2996.08,2463,2,196,5739,5089,418,18897,37,821,611,4,1302,174,0.00883392
5,30668,2012.33,2996.08,2463,9,196,5739,5089,418,18897,37,821,611,4,1302,174,0.00883392
5,40200.1,2012.33,2996.08,2463,15,196,5739,5089,418,18897,37,821,611,4,1302,174,0.00883392
5,41235.1,2012.33,2996.08,2463,6,196,5739,5089,418,18897,37,821,611,4,1302,174,0.00883392
5,20622.6,9219.2,8758.29,7119,10,540,18887,18072,1940,80610,92,2427,1993,23,4476,671,0.00883392
5,29840.5,9219.2,8758.29,7119,7,540,18887,18072,1940,80610,92,2427,1993,23,4476,671,0.00883392
5,54115,9219.2,8758.29,7119,20,540,18887,18072,1940,80610,92,2427,1993,23,4476,671,0.00883392
5,63777.1,9219.2,8758.29,7119,19,540,18887,18072,1940,80610,92,2427,1993,23,4476,671,0.00883392
5,75184.7,9219.2,8758.29,7119,23,540,18887,18072,1940,80610,92,2427,1993,23,4476,671,0.00883392
5,27880.8,5977.54,7340.77,6074,5,422,14142,12943,1325,51286,55,1686,1346,24,3059,476,0.00883392
5,32127,5977.54,7340.77,6074,9,422,14142,12943,1325,51286,55,1686,1346,24,3059,476,0.00883392
5,39983.9,5977.54,7340.77,6074,18,422,14142,12943,1325,51286,55,1686,1346,24,3059,476,0.00883392
5,51138.8,5977.54,7340.77,6074,19,422,14142,12943,1325,51286,55,1686,1346,24,3059,476,0.00883392
5,52672.2,5977.54,7340.77,6074,6,422,14142,12943,1325,51286,55,1686,1346,24,3059,476,0.00883392
5,20387.5,2150.41,3054.67,2514,9,209,5466,4820,396,17941,42,815,620,7,1478,155,0.00883392
5,23029.6,2150.41,3054.67,2514,3,209,5466,4820,396,17941,42,815,620,7,1478,155,0.00883392
5,34141.3,2150.41,3054.67,2514,11,209,5466,4820,396,17941,42,815,620,7,1478,155,0.00883392
5,35216.7,2150.41,3054.67,2514,7,209,5466,4820,396,17941,42,815,620,7,1478,155,0.00883392
5,36769,2150.41,3054.67,2514,15,209,5466,4820,396,17941,42,815,620,7,1478,155,0.00883392
5,22354.7,4604.59,6129.95,5010,7,361,11454,10381,976,41420,77,1627,1280,16,2858,420,0.00883392
5,31199.1,4604.59,6129.95,5010,11,361,11454,10381,976,41420,77,1627,1280,16,2858,420,0.00883392
5,44265.2,4604.59,6129.95,5010,15,361,11454,10381,976,41420,77,1627,1280,16,2858,420,0.00883392
5,50052.3,4604.59,6129.95,5010,3,361,11454,10381,976,41420,77,1627,1280,16,2858,420,0.00883392
5,58093.4,4604.59,6129.95,5010,18,361,11454,10381,976,41420,77,1627,1280,16,2858,420,0.00883392
5,22461.7,8907.42,7450.06,6028,4,541,19315,18433,1984,81024,69,2132,1759,23,4080,540,0.00883392
5,34753.5,8907.42,7450.06,6028,6,541,19315,18433,1984,81024,69,2132,1759,23,4080,540,0.00883392
5,53188.5,8907.42,7450.06,6028,22,541,19315,18433,1984,81024,69,2132,1759,23,4080,540,0.00883392
5,64862.5,8907.42,7450.06,6028,16,541,19315,18433,1984,81024,69,2132,1759,23,4080,540,0.00883392
5,75525.8,8907.42,7450.06,6028,23,541,19315,18433,1984,81024,69,2132,1759,23,4080,540,0.00883392
5,43595.8,3556.78,10584.2,9003,18,273,9110,8207,867,32624,62,2296,1854,23,4166,635,0.00883392
5,47346.7,3556.78,10584.2,9003,4,273,9110,8207,867,32624,62,2296,1854,23,4166,635,0.00883392
5,52980.9,3556.78,10584.2,9003,19,273,9110,8207,867,32624,62,2296,1854,23,4166,635,0.00883392
5,60132.5,3556.78,10584.2,9003,12,273,9110,8207,867,32624,62,2296,1854,23,4166,635,0.00883392
5,65647.6,3556.78,10584.2,9003,17,273,9110,8207,867,32624,62,2296,1854,23,4166,635,0.00883392
5,30947.9,5787.27,9438.42,7786,9,415,13333,12176,1154,48711,72,2101,1662,21,4127,497,0.00883392
5,41011.8,5787.27,9438.42,7786,10,415,13333,12176,1154,48711,72,2101,1662,21,4127,497,0.00883392
5,48154.2,5787.27,9438.42,7786,19,415,13333,12176,1154,48711,72,2101,1662,21,4127,497,0.00883392
5,55250.3,5787.27,9438.42,7786,20,415,13333,12176,1154,48711,72,2101,1662,21,4127,497,0.00883392
5,55672.3,5787.27,9438.42,7786,11,415,13333,12176,1154,48711,72,2101,1662,21,4127,497,0.00883392
5,12260.9,2046.85,1990.69,1653,5,213,5588,4787,358,16927,30,577,412,2,744,146,0.00883392
5,14726.6,2046.85,1990.69,1653,3,213,5588,4787,358,16927,30,577,412,2,744,146,0.00883392
5,23230.7,2046.85,1990.69,1653,9,213,5588,4787,358,16927,30,577,412,2,744,146,0.00883392
5,26332.3,2046.85,1990.69,1653,8,213,5588,4787,358,16927,30,577,412,2,744,146,0.00883392
5,32674.5,2046.85,1990.69,1653,15,213,5588,4787,358,16927,30,577,412,2,744,146,0.00883392
5,29011.2,9208.17,13807.8,11336,14,534,19339,18282,2059,81803,119,3411,2830,66,6484,951,0.00883392
5,34932.2,9208.17,13807.8,11336,17,534,19339,18282,2059,81803,119,3411,2830,66,6484,951,0.00883392
5,64348.2,9208.17,13807.8,11336,24,534,19339,18282,2059,81803,119,3411,2830,66,6484,951,0.00883392
5,69024.9,9208.17,13807.8,11336,27,534,19339,18282,2059,81803,119,3411,2830,66,6484,951,0.00883392
5,81657.8,9208.17,13807.8,11336,38,534,19339,18282,2059,81803,119,3411,2830,66,6484,951,0.00883392
5,47511.6,7889.45,14243.1,11934,25,532,17330,16200,1779,71086,107,3136,2588,52,5921,910,0.00883392
5,50977.7,7889.45,14243.1,11934,5,532,17330,16200,1779,71086,107,3136,2588,52,5921,910,0.00883392
5,58350.7,7889.45,14243.1,11934,29,532,17330,16200,1779,71086,107,3136,2588,52,5921,910,0.00883392
5,74238.2,7889.45,14243.1,11934,20,532,17330,16200,1779,71086,107,3136,2588,52,5921,910,0.00883392
5,75768.6,7889.45,14243.1,11934,6,532,17330,16200,1779,71086,107,3136,2588,52,5921,910,0.00883392
5,11050.6,3555.25,5001.6,3972,6,308,9136,8284,762,31963,64,1139,856,11,1906,246,0.00883392
5,27612.4,3555.25,5001.6,3972,8,308,9136,8284,762,31963,64,1139,856,11,1906,246,0.00883392
5,30166.4,3555.25,5001.6,3972,14,308,9136,8284,762,31963,64,1139,856,11,1906,246,0.00883392
5,43662.4,3555.25,5001.6,3972,13,308,9136,8284,762,31963,64,1139,856,11,1906,246,0.00883392
5,46921.8,3555.25,5001.6,3972,16,308,9136,8284,762,31963,64,1139,856,11,1906,246,0.00883392
5,51091.6,8621.16,26797.6,22836,20,470,15637,14359,1513,60274,139,4674,3842,70,9727,1159,0.00883392
5,60859.2,8621.16,26797.6,22836,19,470,15637,14359,1513,60274,139,4674,3842,70,9727,1159,0.00883392
5,68762.7,8621.16,26797.6,22836,29,470,15637,14359,1513,60274,139,4674,3842,70,9727,1159,0.00883392
5,75394,8621.16,26797.6,22836,31,470,15637,14359,1513,60274,139,4674,3842,70,9727,1159,0.00883392
5,75816,8621.16,26797.6,22836,22,470,15637,14359,1513,60274,139,4674,3842,70,9727,1159,0.00883392
5,7291.55,5753.72,3781.8,3033,3,406,13071,11932,1145,47567,64,1172,887,8,2218,209,0.00883392
5,15624.8,5753.72,3781.8,3033,6,406,13071,11932,1145,47567,64,1172,887,8,2218,209,0.00883392
5,40151.4,5753.72,3781.8,3033,11,406,13071,11932,1145,47567,64,1172,887,8,2218,209,0.00883392
5,40196.3,5753.72,3781.8,3033,13,406,13071,11932,1145,47567,64,1172,887,8,2218,209,0.00883392
5,53130.9,5753.72,3781.8,3033,23,406,13071,11932,1145,47567,64,1172,887,8,2218,209,0.00883392
5,37074.6,10350.6,18319.7,14745,15,557,20464,19563,2252,90301,148,4444,3750,88,8771,1305,0.00883392
5,44545.6,10350.6,18319.7,14745,21,557,20464,19563,2252,90301,148,4444,3750,88,8771,1305,0.00883392
5,71513.4,10350.6,18319.7,14745,27,557,20464,19563,2252,90301,148,4444,3750,88,8771,1305,0.00883392
5,78638.4,10350.6,18319.7,14745,31,557,20464,19563,2252,90301,148,4444,3750,88,8771,1305,0.00883392
5,91271.2,10350.6,18319.7,14745,42,557,20464,19563,2252,90301,148,4444,3750,88,8771,1305,0.00883392
5,24635.4,7044.25,9736.42,7793,3,431,14758,13693,1437,58094,94,2525,2039,52,4739,611,0.00883392
5,30466.1,7044.25,9736.42,7793,12,431,14758,13693,1437,58094,94,2525,2039,52,4739,611,0.00883392
5,54736.8,7044.25,9736.42,7793,18,431,14758,13693,1437,58094,94,2525,2039,52,4739,611,0.00883392
5,57445.3,7044.25,9736.42,7793,13,431,14758,13693,1437,58094,94,2525,2039,52,4739,611,0.00883392
5,68629.9,7044.25,9736.42,7793,25,431,14758,13693,1437,58094,94,2525,2039,52,4739,611,0.00883392
5,37377.5,12975.9,18750.9,15518,11,568,20492,19717,2204,91624,136,4162,3518,61,8276,1180,0.00883392
5,46595.5,12975.9,18750.9,15518,8,568,20492,19717,2204,91624,136,4162,3518,61,8276,1180,0.00883392
5,69560.5,12975.9,18750.9,15518,26,568,20492,19717,2204,91624,136,4162,3518,61,8276,1180,0.00883392
5,80532.1,12975.9,18750.9,15518,20,568,20492,19717,2204,91624,136,4162,3518,61,8276,1180,0.00883392
5,91897.7,12975.9,18750.9,15518,27,568,20492,19717,2204,91624,136,4162,3518,61,8276,1180,0.00883392
5,19003.3,2288.26,3248.55,2671,6,203,5875,5197,438,19502,40,912,685,7,1439,191,0.00883392
5,29812.7,2288.26,3248.55,2671,2,203,5875,5197,438,19502,40,912,685,7,1439,191,0.00883392
5,30403,2288.26,3248.55,2671,8,203,5875,5197,438,19502,40,912,685,7,1439,191,0.00883392
5,40805.9,2288.26,3248.55,2671,16,203,5875,5197,438,19502,40,912,685,7,1439,191,0.00883392
5,41992.8,2288.26,3248.55,2671,6,203,5875,5197,438,19502,40,912,685,7,1439,191,0.00883392
5,20289.3,5146.64,3742.84,3096,4,394,11987,10657,972,40962,43,1006,774,4,1523,276,0.00883392
5,28054.6,5146.64,3742.84,3096,3,394,11987,10657,972,40962,43,1006,774,4,1523,276,0.00883392
5,34533.8,5146.64,3742.84,3096,10,394,11987,10657,972,40962,43,1006,774,4,1523,276,0.00883392
5,43294.6,5146.64,3742.84,3096,14,394,11987,10657,972,40962,43,1006,774,4,1523,276,0.00883392
5,45440.1,5146.64,3742.84,3096,4,394,11987,10657,972,40962,43,1006,774,4,1523,276,0.00883392
5,54628.1,10728.6,19921.3,16657,32,541,17984,16807,1955,74732,121,3856,3212,69,7394,1153,0.00883392
5,58466.6,10728.6,19921.3,16657,6,541,17984,16807,1955,74732,121,3856,3212,69,7394,1153,0.00883392
5,65761.6,10728.6,19921.3,16657,31,541,17984,16807,1955,74732,121,3856,3212,69,7394,1153,0.00883392
5,81727,10728.6,19921.3,16657,21,541,17984,16807,1955,74732,121,3856,3212,69,7394,1153,0.00883392
5,83257.5,10728.6,19921.3,16657,7,541,17984,16807,1955,74732,121,3856,3212,69,7394,1153,0.00883392
5,29036.8,6240.52,8282.35,6810,12,383,12201,11171,1015,44132,72,1876,1470,32,3798,351,0.00883392
5,43537.4,6240.52,8282.35,6810,6,383,12201,11171,1015,44132,72,1876,1470,32,3798,351,0.00883392
5,50254.2,6240.52,8282.35,6810,15,383,12201,11171,1015,44132,72,1876,1470,32,3798,351,0.00883392
5,53339.2,6240.52,8282.35,6810,23,383,12201,11171,1015,44132,72,1876,1470,32,3798,351,0.00883392
5,53761.2,6240.52,8282.35,6810,14,383,12201,11171,1015,44132,72,1876,1470,32,3798,351,0.00883392
5,19606.4,6183.37,9511.85,7675,6,393,13385,12297,1188,51229,80,2041,1622,39,3951,468,0.00883392
5,27881,6183.37,9511.85,7675,11,393,13385,12297,1188,51229,80,2041,1622,39,3951,468,0.00883392
5,47789.7,6183.37,9511.85,7675,17,393,13385,12297,1188,51229,80,2041,1622,39,3951,468,0.00883392
5,51177.2,6183.37,9511.85,7675,11,393,13385,12297,1188,51229,80,2041,1622,39,3951,468,0.00883392
5,61682.9,6183.37,9511.85,7675,24,393,13385,12297,1188,51229,80,2041,1622,39,3951,468,0.00883392
5,31100.2,3115.29,7624.47,6365,14,239,7434,6688,624,25287,59,1708,1354,14,2999,434,0.00883392
5,35871.9,3115.29,7624.47,6365,4,239,7434,6688,624,25287,59,1708,1354,14,2999,434,0.00883392
5,43338.5,3115.29,7624.47,6365,16,239,7434,6688,624,25287,59,1708,1354,14,2999,434,0.00883392
5,48663.6,3115.29,7624.47,6365,12,239,7434,6688,624,25287,59,1708,1354,14,2999,434,0.00883392
5,52636.2,3115.29,7624.47,6365,15,239,7434,6688,624,25287,59,1708,1354,14,2999,434,0.00883392
5,27354.7,5244.05,8848.04,7393,8,324,10587,9615,822,38326,80,1784,1396,9,3040,447,0.00883392
5,42690.9,5244.05,8848.04,7393,22,324,10587,9615,822,38326,80,1784,1396,9,3040,447,0.00883392
5,48829.8,5244.05,8848.04,7393,19,324,10587,9615,822,38326,80,1784,1396,9,3040,447,0.00883392
5,57557,5244.05,8848.04,7393,12,324,10587,9615,822,38326,80,1784,1396,9,3040,447,0.00883392
5,57944.2,5244.05,8848.04,7393,6,324,10587,9615,822,38326,80,1784,1396,9,3040,447,0.00883392
5,44119.8,3158.22,14617.4,12706,22,245,8311,7456,800,29182,57,2266,1809,23,4115,629,0.00883392
5,44183.1,3158.22,14617.4,12706,7,245,8311,7456,800,29182,57,2266,1809,23,4115,629,0.00883392
5,54601.7,3158.22,14617.4,12706,18,245,8311,7456,800,29182,57,2266,1809,23,4115,629,0.00883392
5,55397.1,3158.22,14617.4,12706,6,245,8311,7456,800,29182,57,2266,1809,23,4115,629,0.00883392
5,63185.9,3158.22,14617.4,12706,20,245,8311,7456,800,29182,57,2266,1809,23,4115,629,0.00883392
5,28637.9,8499.87,12910.8,10595,14,507,17975,16808,1868,72795,111,3026,2481,50,5892,758,0.00883392
5,31268.5,8499.87,12910.8,10595,13,507,17975,16808,1868,72795,111,3026,2481,50,5892,758,0.00883392
5,63831.2,8499.87,12910.8,10595,27,507,17975,16808,1868,72795,111,3026,2481,50,5892,758,0.00883392
5,64866.5,8499.87,12910.8,10595,23,507,17975,16808,1868,72795,111,3026,2481,50,5892,758,0.00883392
5,77801.1,8499.87,12910.8,10595,33,507,17975,16808,1868,72795,111,3026,2481,50,5892,758,0.00883392
5,3456.89,7888.36,5783.66,4609,4,473,16739,15565,1556,63442,74,1669,1341,20,3208,355,0.00883392
5,10040.6,7888.36,5783.66,4609,2,473,16739,15565,1556,63442,74,1669,1341,20,3208,355,0.00883392
5,39459.5,7888.36,5783.66,4609,18,473,16739,15565,1556,63442,74,1669,1341,20,3208,355,0.00883392
5,44117,7888.36,5783.66,4609,12,473,16739,15565,1556,63442,74,1669,1341,20,3208,355,0.00883392
5,56683.5,7888.36,5783.66,4609,23,473,16739,15565,1556,63442,74,1669,1341,20,3208,355,0.00883392
5,16838.7,3708.91,2316.42,1869,9,337,9413,8108,690,29589,34,697,512,6,1188,154,0.00883392
5,18809.8,3708.91,2316.42,1869,3,337,9413,8108,690,29589,34,697,512,6,1188,154,0.00883392
5,20293.8,3708.91,2316.42,1869,11,337,9413,8108,690,29589,34,697,512,6,1188,154,0.00883392
5,28628.6,3708.91,2316.42,1869,3,337,9413,8108,690,29589,34,697,512,6,1188,154,0.00883392
5,39042.6,3708.91,2316.42,1869,11,337,9413,8108,690,29589,34,697,512,6,1188,154,0.00883392
5,27506.5,7258.16,9295.12,7474,6,453,15351,14292,1504,61391,95,2582,2081,49,4988,595,0.00883392
5,31035.6,7258.16,9295.12,7474,6,453,15351,14292,1504,61391,95,2582,2081,49,4988,595,0.00883392
5,58305.1,7258.16,9295.12,7474,18,453,15351,14292,1504,61391,95,2582,2081,49,4988,595,0.00883392
5,60370.9,7258.16,9295.12,7474,15,453,15351,14292,1504,61391,95,2582,2081,49,4988,595,0.00883392
5,72198.2,7258.16,9295.12,7474,25,453,15351,14292,1504,61391,95,2582,2081,49,4988,595,0.00883392
5,7232.48,3835.33,2306.54,1884,3,297,9097,8048,653,30389,47,754,577,5,1352,132,0.00883392
5,17442.4,3835.33,2306.54,1884,4,297,9097,8048,653,30389,47,754,577,5,1352,132,0.00883392
5,27319.9,3835.33,2306.54,1884,9,297,9097,8048,653,30389,47,754,577,5,1352,132,0.00883392
5,28437,3835.33,2306.54,1884,4,297,9097,8048,653,30389,47,754,577,5,1352,132,0.00883392
5,40207.5,3835.33,2306.54,1884,19,297,9097,8048,653,30389,47,754,577,5,1352,132,0.00883392
5,63305.9,8151.41,25356,21363,29,524,17909,16750,1882,75295,137,4825,4047,78,10493,1136,0.00883392
5,64362.3,8151.41,25356,21363,13,524,17909,16750,1882,75295,137,4825,4047,78,10493,1136,0.00883392
5,73572.6,8151.41,25356,21363,37,524,17909,16750,1882,75295,137,4825,4047,78,10493,1136,0.00883392
5,88664.6,8151.41,25356,21363,24,524,17909,16750,1882,75295,137,4825,4047,78,10493,1136,0.00883392
5,89086.7,8151.41,25356,21363,15,524,17909,16750,1882,75295,137,4825,4047,78,10493,1136,0.00883392
5,44861.9,9000.89,12972.9,11074,19,548,19106,18007,2067,80512,71,2621,2188,27,4298,943,0.00883392
5,57111.2,9000.89,12972.9,11074,22,548,19106,18007,2067,80512,71,2621,2188,27,4298,943,0.00883392
5,59018.6,9000.89,12972.9,11074,8,548,19106,18007,2067,80512,71,2621,2188,27,4298,943,0.00883392
5,76858.8,9000.89,12972.9,11074,5,548,19106,18007,2067,80512,71,2621,2188,27,4298,943,0.00883392
5,84061.3,9000.89,12972.9,11074,7,548,19106,18007,2067,80512,71,2621,2188,27,4298,943,0.00883392
5,41897.9,7592.53,13204,11006,20,514,16768,15564,1666,65898,89,2814,2302,35,5348,815,0.00883392
5,43630.6,7592.53,13204,11006,4,514,16768,15564,1666,65898,89,2814,2302,35,5348,815,0.00883392
5,52033.4,7592.53,13204,11006,28,514,16768,15564,1666,65898,89,2814,2302,35,5348,815,0.00883392
5,66891,7592.53,13204,11006,19,514,16768,15564,1666,65898,89,2814,2302,35,5348,815,0.00883392
5,68421.5,7592.53,13204,11006,5,514,16768,15564,1666,65898,89,2814,2302,35,5348,815,0.00883392
5,22219.4,2627.45,6227.65,5061,7,245,6895,6221,558,23490,59,1313,991,18,2517,254,0.00883392
5,30901.6,2627.45,6227.65,5061,10,245,6895,6221,558,23490,59,1313,991,18,2517,254,0.00883392
5,34723.9,2627.45,6227.65,5061,10,245,6895,6221,558,23490,59,1313,991,18,2517,254,0.00883392
5,43932,2627.45,6227.65,5061,12,245,6895,6221,558,23490,59,1313,991,18,2517,254,0.00883392
5,44729.8,2627.45,6227.65,5061,13,245,6895,6221,558,23490,59,1313,991,18,2517,254,0.00883392
5,12705,3886.14,3592.52,2834,7,306,8501,7722,698,29682,49,1094,827,3,1731,242,0.00883392
5,17198.3,3886.14,3592.52,2834,5,306,8501,7722,698,29682,49,1094,827,3,1731,242,0.00883392
5,21258.9,3886.14,3592.52,2834,10,306,8501,7722,698,29682,49,1094,827,3,1731,242,0.00883392
5,42431.1,3886.14,3592.52,2834,13,306,8501,7722,698,29682,49,1094,827,3,1731,242,0.00883392
5,47586.5,3886.14,3592.52,2834,19,306,8501,7722,698,29682,49,1094,827,3,1731,242,0.00883392
5,37865.4,6237.88,12455.7,10384,11,437,14346,13131,1342,53762,91,2790,2245,34,5528,683,0.00883392
5,47764.2,6237.88,12455.7,10384,15,437,14346,13131,1342,53762,91,2790,2245,34,5528,683,0.00883392
5,55536.5,6237.88,12455.7,10384,20,437,14346,13131,1342,53762,91,2790,2245,34,5528,683,0.00883392
5,62167.8,6237.88,12455.7,10384,22,437,14346,13131,1342,53762,91,2790,2245,34,5528,683,0.00883392
5,62589.9,6237.88,12455.7,10384,13,437,14346,13131,1342,53762,91,2790,2245,34,5528,683,0.00883392
5,3231.74,2468.84,2150.22,1730,3,250,6751,5889,444,21319,35,644,473,0,914,150,0.00883392
5,22790.6,2468.84,2150.22,1730,8,250,6751,5889,444,21319,35,644,473,0,914,150,0.00883392
5,25394.5,2468.84,2150.22,1730,4,250,6751,5889,444,21319,35,644,473,0,914,150,0.00883392
5,30017.7,2468.84,2150.22,1730,9,250,6751,5889,444,21319,35,644,473,0,914,150,0.00883392
5,34429.2,2468.84,2150.22,1730,17,250,6751,5889,444,21319,35,644,473,0,914,150,0.00883392
5,5928.39,3118.21,3335.17,2662,2,273,8406,7595,693,29932,45,987,752,6,1521,242,0.00883392
5,13960.1,3118.21,3335.17,2662,6,273,8406,7595,693,29932,45,987,752,6,1521,242,0.00883392
5,21184,3118.21,3335.17,2662,7,273,8406,7595,693,29932,45,987,752,6,1521,242,0.00883392
5,44196.4,3118.21,3335.17,2662,19,273,8406,7595,693,29932,45,987,752,6,1521,242,0.00883392
5,50829.8,3118.21,3335.17,2662,21,273,8406,7595,693,29932,45,987,752,6,1521,242,0.00883392
5,10543.3,2626.47,3416.88,2777,6,233,7238,6358,574,24587,40,912,707,1,1410,249,0.00883392
5,17088.6,2626.47,3416.88,2777,2,233,7238,6358,574,24587,40,912,707,1,1410,249,0.00883392
5,35019.4,2626.47,3416.88,2777,18,233,7238,6358,574,24587,40,912,707,1,1410,249,0.00883392
5,36482.4,2626.47,3416.88,2777,9,233,7238,6358,574,24587,40,912,707,1,1410,249,0.00883392
5,46613.4,2626.47,3416.88,2777,10,233,7238,6358,574,24587,40,912,707,1,1410,249,0.00883392
5,22483.7,8367.33,12031.5,9647,10,481,17160,16020,1764,67987,102,2440,1976,35,4752,560,0.00883392
5,25027.6,8367.33,12031.5,9647,10,481,17160,16020,1764,67987,102,2440,1976,35,4752,560,0.00883392
5,57677.1,8367.33,12031.5,9647,23,481,17160,16020,1764,67987,102,2440,1976,35,4752,560,0.00883392
5,58625.5,8367.33,12031.5,9647,20,481,17160,16020,1764,67987,102,2440,1976,35,4752,560,0.00883392
5,71560.1,8367.33,12031.5,9647,30,481,17160,16020,1764,67987,102,2440,1976,35,4752,560,0.00883392
5,47532.2,7219.31,21069.7,17574,18,445,14939,13744,1414,57347,141,4353,3569,56,9040,1039,0.00883392
5,58297.4,7219.31,21069.7,17574,19,445,14939,13744,1414,57347,141,4353,3569,56,9040,1039,0.00883392
5,65678,7219.31,21069.7,17574,29,445,14939,13744,1414,57347,141,4353,3569,56,9040,1039,0.00883392
5,71504.7,7219.31,21069.7,17574,25,445,14939,13744,1414,57347,141,4353,3569,56,9040,1039,0.00883392
5,71817.1,7219.31,21069.7,17574,30,445,14939,13744,1414,57347,141,4353,3569,56,9040,1039,0.00883392
5,68108.5,9508.98,31188,26513,18,513,17762,16566,1799,75074,154,5464,4579,66,11654,1369,0.00883392
5,69816.3,9508.98,31188,26513,28,513,17762,16566,1799,75074,154,5464,4579,66,11654,1369,0.00883392
5,80083.1,9508.98,31188,26513,36,513,17762,16566,1799,75074,154,5464,4579,66,11654,1369,0.00883392
5,92410.9,9508.98,31188,26513,29,513,17762,16566,1799,75074,154,5464,4579,66,11654,1369,0.00883392
5,92832.9,9508.98,31188,26513,20,513,17762,16566,1799,75074,154,5464,4579,66,11654,1369,0.00883392
5,4351.85,3470.08,2453.96,1988,3,267,7916,7082,589,26749,41,728,531,3,1165,139,0.00883392
5,27602,3470.08,2453.96,1988,14,267,7916,7082,589,26749,41,728,531,3,1165,139,0.00883392
5,27995.3,3470.08,2453.96,1988,6,267,7916,7082,589,26749,41,728,531,3,1165,139,0.00883392
5,37400.7,3470.08,2453.96,1988,9,267,7916,7082,589,26749,41,728,531,3,1165,139,0.00883392
5,39903,3470.08,2453.96,1988,14,267,7916,7082,589,26749,41,728,531,3,1165,139,0.00883392
5,15949.4,3646.73,4721.64,3859,5,313,9500,8582,703,33040,59,1221,925,16,2134,236,0.00883392
5,36432.2,3646.73,4721.64,3859,12,313,9500,8582,703,33040,59,1221,925,16,2134,236,0.00883392
5,37739,3646.73,4721.64,3859,16,313,9500,8582,703,33040,59,1221,925,16,2134,236,0.00883392
5,46225.1,3646.73,4721.64,3859,6,313,9500,8582,703,33040,59,1221,925,16,2134,236,0.00883392
5,47042.7,3646.73,4721.64,3859,14,313,9500,8582,703,33040,59,1221,925,16,2134,236,0.00883392
5,21021.9,8996.19,10696,8654,11,524,18654,17629,1916,77063,110,2910,2394,61,5663,740,0.00883392
5,28030.7,8996.19,10696,8654,11,524,18654,17629,1916,77063,110,2910,2394,61,5663,740,0.00883392
5,56280.8,8996.19,10696,8654,25,524,18654,17629,1916,77063,110,2910,2394,61,5663,740,0.00883392
5,62123.4,8996.19,10696,8654,21,524,18654,17629,1916,77063,110,2910,2394,61,5663,740,0.00883392
5,74756.3,8996.19,10696,8654,32,524,18654,17629,1916,77063,110,2910,2394,61,5663,740,0.00883392
5,11097.1,3517.1,3552.42,2855,6,305,8612,7811,710,30047,55,1072,799,5,1779,218,0.00883392
5,19341.6,3517.1,3552.42,2855,5,305,8612,7811,710,30047,55,1072,799,5,1779,218,0.00883392
5,23590.1,3517.1,3552.42,2855,11,305,8612,7811,710,30047,55,1072,799,5,1779,218,0.00883392
5,42450.6,3517.1,3552.42,2855,12,305,8612,7811,710,30047,55,1072,799,5,1779,218,0.00883392
5,47208.3,3517.1,3552.42,2855,16,305,8612,7811,710,30047,55,1072,799,5,1779,218,0.00883392
5,36476.2,9133.7,14082.5,11221,15,569,20020,19056,2161,84492,84,3309,2771,61,6580,961,0.00883392
5,48725.4,9133.7,14082.5,11221,18,569,20020,19056,2161,84492,84,3309,2771,61,6580,961,0.00883392
5,59905.7,9133.7,14082.5,11221,15,569,20020,19056,2161,84492,84,3309,2771,61,6580,961,0.00883392
5,74075.3,9133.7,14082.5,11221,11,569,20020,19056,2161,84492,84,3309,2771,61,6580,961,0.00883392
5,84705.2,9133.7,14082.5,11221,18,569,20020,19056,2161,84492,84,3309,2771,61,6580,961,0.00883392
5,11815.4,4264.96,3251.03,2636,8,267,7088,6325,517,23647,32,710,523,2,953,186,0.00883392
5,13827.5,4264.96,3251.03,2636,6,267,7088,6325,517,23647,32,710,523,2,953,186,0.00883392
5,16988.4,4264.96,3251.03,2636,8,267,7088,6325,517,23647,32,710,523,2,953,186,0.00883392
5,32282.9,4264.96,3251.03,2636,14,267,7088,6325,517,23647,32,710,523,2,953,186,0.00883392
5,38916.2,4264.96,3251.03,2636,16,267,7088,6325,517,23647,32,710,523,2,953,186,0.00883392
5,17564.7,9462.77,6824.98,5491,12,542,18733,17747,1911,75294,66,1849,1495,16,3038,565,0.00883392
5,29745,9462.77,6824.98,5491,13,542,18733,17747,1911,75294,66,1849,1495,16,3038,565,0.00883392
5,41918.2,9462.77,6824.98,5491,13,542,18733,17747,1911,75294,66,1849,1495,16,3038,565,0.00883392
5,54049.4,9462.77,6824.98,5491,9,542,18733,17747,1911,75294,66,1849,1495,16,3038,565,0.00883392
5,64679.3,9462.77,6824.98,5491,16,542,18733,17747,1911,75294,66,1849,1495,16,3038,565,0.00883392
5,31834.5,6588.41,8065.96,6682,4,445,14941,13718,1398,55405,58,1869,1502,23,3285,568,0.00883392
5,33691,6588.41,8065.96,6682,11,445,14941,13718,1398,55405,58,1869,1502,23,3285,568,0.00883392
5,42356.6,6588.41,8065.96,6682,21,445,14941,13718,1398,55405,58,1869,1502,23,3285,568,0.00883392
5,54921.8,6588.41,8065.96,6682,15,445,14941,13718,1398,55405,58,1869,1502,23,3285,568,0.00883392
5,56625.9,6588.41,8065.96,6682,5,445,14941,13718,1398,55405,58,1869,1502,23,3285,568,0.00883392
5,17891.1,2276.88,3246.29,2678,7,200,6261,5511,466,21050,36,849,668,5,1081,292,0.00883392
5,26319,2276.88,3246.29,2678,4,200,6261,5511,466,21050,36,849,668,5,1081,292,0.00883392
5,34186.8,2276.88,3246.29,2678,7,200,6261,5511,466,21050,36,849,668,5,1081,292,0.00883392
5,39713.3,2276.88,3246.29,2678,17,200,6261,5511,466,21050,36,849,668,5,1081,292,0.00883392
5,44597.2,2276.88,3246.29,2678,4,200,6261,5511,466,21050,36,849,668,5,1081,292,0.00883392
5,33537.4,2356.2,7434.63,6167,12,220,6633,5933,581,22515,50,1425,1121,22,2277,383,0.00883392
5,39114.7,2356.2,7434.63,6167,12,220,6633,5933,581,22515,50,1425,1121,22,2277,383,0.00883392
5,42090,2356.2,7434.63,6167,5,220,6633,5933,581,22515,50,1425,1121,22,2277,383,0.00883392
5,51615,2356.2,7434.63,6167,14,220,6633,5933,581,22515,50,1425,1121,22,2277,383,0.00883392
5,53797.2,2356.2,7434.63,6167,21,220,6633,5933,581,22515,50,1425,1121,22,2277,383,0.00883392
5,11298.4,3974.51,3052.94,2412,3,288,8556,7712,647,29508,50,903,674,20,1595,179,0.00883392
5,23769.2,3974.51,3052.94,2412,4,288,8556,7712,647,29508,50,903,674,20,1595,179,0.00883392
5,28200.4,3974.51,3052.94,2412,11,288,8556,7712,647,29508,50,903,674,20,1595,179,0.00883392
5,33982.2,3974.51,3052.94,2412,5,288,8556,7712,647,29508,50,903,674,20,1595,179,0.00883392
5,42093.5,3974.51,3052.94,2412,18,288,8556,7712,647,29508,50,903,674,20,1595,179,0.00883392
5,8983.73,3183.17,3147.55,2532,6,297,8638,7807,699,30149,50,937,705,5,1474,203,0.00883392
5,26402.7,3183.17,3147.55,2532,6,297,8638,7807,699,30149,50,937,705,5,1474,203,0.00883392
5,28099.5,3183.17,3147.55,2532,14,297,8638,7807,699,30149,50,937,705,5,1474,203,0.00883392
5,41595.5,3183.17,3147.55,2532,13,297,8638,7807,699,30149,50,937,705,5,1474,203,0.00883392
5,45069.3,3183.17,3147.55,2532,17,297,8638,7807,699,30149,50,937,705,5,1474,203,0.00883392
5,12256.7,2064.22,2417.61,1979,5,235,6152,5304,429,18905,32,635,460,2,845,160,0.00883392
5,13657.8,2064.22,2417.61,1979,5,235,6152,5304,429,18905,32,635,460,2,845,160,0.00883392
5,21719,2064.22,2417.61,1979,10,235,6152,5304,429,18905,32,635,460,2,845,160,0.00883392
5,27995.1,2064.22,2417.61,1979,8,235,6152,5304,429,18905,32,635,460,2,845,160,0.00883392
5,34317.4,2064.22,2417.61,1979,15,235,6152,5304,429,18905,32,635,460,2,845,160,0.00883392
5,33351.4,10082.5,16244.9,13278,16,556,19915,19126,2119,88231,112,3552,2996,57,6924,1051,0.00883392
5,42569.3,10082.5,16244.9,13278,13,556,19915,19126,2119,88231,112,3552,2996,57,6924,1051,0.00883392
5,66334.2,10082.5,16244.9,13278,28,556,19915,19126,2119,88231,112,3552,2996,57,6924,1051,0.00883392
5,76505.9,10082.5,16244.9,13278,25,556,19915,19126,2119,88231,112,3552,2996,57,6924,1051,0.00883392
5,87913.5,10082.5,16244.9,13278,29,556,19915,19126,2119,88231,112,3552,2996,57,6924,1051,0.00883392
5,16090.8,4077.23,6000.97,4707,6,331,10163,9215,950,36345,77,1902,1504,22,3605,404,0.00883392
5,27157,4077.23,6000.97,4707,5,331,10163,9215,950,36345,77,1902,1504,22,3605,404,0.00883392
5,28553,4077.23,6000.97,4707,12,331,10163,9215,950,36345,77,1902,1504,22,3605,404,0.00883392
5,57681.4,4077.23,6000.97,4707,24,331,10163,9215,950,36345,77,1902,1504,22,3605,404,0.00883392
5,64015.7,4077.23,6000.97,4707,23,331,10163,9215,950,36345,77,1902,1504,22,3605,404,0.00883392
5,33255.7,5073.88,10843.1,8896,11,387,12591,11550,1088,45931,88,2439,1923,38,5155,462,0.00883392
5,48834,5073.88,10843.1,8896,6,387,12591,11550,1088,45931,88,2439,1923,38,5155,462,0.00883392
5,55477.5,5073.88,10843.1,8896,14,387,12591,11550,1088,45931,88,2439,1923,38,5155,462,0.00883392
5,57540.6,5073.88,10843.1,8896,23,387,12591,11550,1088,45931,88,2439,1923,38,5155,462,0.00883392
5,57948.6,5073.88,10843.1,8896,19,387,12591,11550,1088,45931,88,2439,1923,38,5155,462,0.00883392
5,4812.57,3526.7,3674.27,2962,3,293,8927,8065,807,32209,47,1105,849,6,1668,280,0.00883392
5,18025.2,3526.7,3674.27,2962,5,293,8927,8065,807,32209,47,1105,849,6,1668,280,0.00883392
5,25288.1,3526.7,3674.27,2962,6,293,8927,8065,807,32209,47,1105,849,6,1668,280,0.00883392
5,49364,3526.7,3674.27,2962,20,293,8927,8065,807,32209,47,1105,849,6,1668,280,0.00883392
5,56035.7,3526.7,3674.27,2962,22,293,8927,8065,807,32209,47,1105,849,6,1668,280,0.00883392
5,39809.7,8810.73,11437.5,9693,19,559,19232,18178,2081,80573,73,2577,2128,14,4024,919,0.00883392
5,52058.9,8810.73,11437.5,9693,22,559,19232,18178,2081,80573,73,2577,2128,14,4024,919,0.00883392
5,56466.7,8810.73,11437.5,9693,11,559,19232,18178,2081,80573,73,2577,2128,14,4024,919,0.00883392
5,72439.3,8810.73,11437.5,9693,2,559,19232,18178,2081,80573,73,2577,2128,14,4024,919,0.00883392
5,81509.3,8810.73,11437.5,9693,10,559,19232,18178,2081,80573,73,2577,2128,14,4024,919,0.00883392
5,40219,7488.5,10858,9113,22,511,16861,15689,1696,67000,80,2385,1941,33,4255,697,0.00883392
5,43396.2,7488.5,10858,9113,4,511,16861,15689,1696,67000,80,2385,1941,33,4255,697,0.00883392
5,50485.7,7488.5,10858,9113,30,511,16861,15689,1696,67000,80,2385,1941,33,4255,697,0.00883392
5,66654.2,7488.5,10858,9113,19,511,16861,15689,1696,67000,80,2385,1941,33,4255,697,0.00883392
5,68187.7,7488.5,10858,9113,5,511,16861,15689,1696,67000,80,2385,1941,33,4255,697,0.00883392
5,24101,6341.44,9706.95,7854,5,430,14922,13850,1466,58628,92,2494,2016,49,4778,572,0.00883392
5,29850.4,6341.44,9706.95,7854,11,430,14922,13850,1466,58628,92,2494,2016,49,4778,572,0.00883392
5,54831.2,6341.44,9706.95,7854,18,430,14922,13850,1466,58628,92,2494,2016,49,4778,572,0.00883392
5,56965.4,6341.44,9706.95,7854,14,430,14922,13850,1466,58628,92,2494,2016,49,4778,572,0.00883392
5,68724.3,6341.44,9706.95,7854,25,430,14922,13850,1466,58628,92,2494,2016,49,4778,572,0.00883392
5,12124.4,10616.3,3705.4,3027,7,519,17193,15878,1576,63251,47,1093,856,9,2045,250,0.00883392
5,21570.6,10616.3,3705.4,3027,12,519,17193,15878,1576,63251,47,1093,856,9,2045,250,0.00883392
5,30447.9,10616.3,3705.4,3027,13,519,17193,15878,1576,63251,47,1093,856,9,2045,250,0.00883392
5,43490.1,10616.3,3705.4,3027,6,519,17193,15878,1576,63251,47,1093,856,9,2045,250,0.00883392
5,54120,10616.3,3705.4,3027,13,519,17193,15878,1576,63251,47,1093,856,9,2045,250,0.00883392
5,15023.3,3549.55,4799.66,4015,7,299,8670,7662,581,28578,45,1020,765,10,1776,194,0.00883392
5,38005.8,3549.55,4799.66,4015,6,299,8670,7662,581,28578,45,1020,765,10,1776,194,0.00883392
5,39308,3549.55,4799.66,4015,18,299,8670,7662,581,28578,45,1020,765,10,1776,194,0.00883392
5,39730,3549.55,4799.66,4015,9,299,8670,7662,581,28578,45,1020,765,10,1776,194,0.00883392
5,40377.6,3549.55,4799.66,4015,8,299,8670,7662,581,28578,45,1020,765,10,1776,194,0.00883392
5,3347.83,6193.33,3614.7,2782,2,348,11045,9878,877,38040,55,877,661,5,1647,135,0.00883392
5,13348.8,6193.33,3614.7,2782,4,348,11045,9878,877,38040,55,877,661,5,1647,135,0.00883392
5,29768.1,6193.33,3614.7,2782,10,348,11045,9878,877,38040,55,877,661,5,1647,135,0.00883392
5,31393.6,6193.33,3614.7,2782,11,348,11045,9878,877,38040,55,877,661,5,1647,135,0.00883392
5,44274.1,6193.33,3614.7,2782,20,348,11045,9878,877,38040,55,877,661,5,1647,135,0.00883392
5,36180.2,8365.32,10641.7,8617,3,483,15769,14469,1501,59410,73,2207,1771,26,4281,597,0.00883392
5,36466.9,8365.32,10641.7,8617,14,483,15769,14469,1501,59410,73,2207,1771,26,4281,597,0.00883392
5,46512.9,8365.32,10641.7,8617,23,483,15769,14469,1501,59410,73,2207,1771,26,4281,597,0.00883392
5,59438.4,8365.32,10641.7,8617,18,483,15769,14469,1501,59410,73,2207,1771,26,4281,597,0.00883392
5,60971.6,8365.32,10641.7,8617,4,483,15769,14469,1501,59410,73,2207,1771,26,4281,597,0.00883392
5,12770.9,8735.29,3370.64,2716,6,514,16847,15483,1559,61405,43,996,776,9,1834,227,0.00883392
5,22149.5,8735.29,3370.64,2716,13,514,16847,15483,1559,61405,43,996,776,9,1834,227,0.00883392
5,29312.1,8735.29,3370.64,2716,11,514,16847,15483,1559,61405,43,996,776,9,1834,227,0.00883392
5,42356.4,8735.29,3370.64,2716,5,514,16847,15483,1559,61405,43,996,776,9,1834,227,0.00883392
5,52986.3,8735.29,3370.64,2716,12,514,16847,15483,1559,61405,43,996,776,9,1834,227,0.00883392
5,29523.3,5632.65,10432.3,8584,6,390,13504,12365,1228,52599,94,2297,1841,29,4330,572,0.00883392
5,37861.5,5632.65,10432.3,8584,10,390,13504,12365,1228,52599,94,2297,1841,29,4330,572,0.00883392
5,54739.3,5632.65,10432.3,8584,18,390,13504,12365,1228,52599,94,2297,1841,29,4330,572,0.00883392
5,60480.4,5632.65,10432.3,8584,7,390,13504,12365,1228,52599,94,2297,1841,29,4330,572,0.00883392
5,68567.5,5632.65,10432.3,8584,21,390,13504,12365,1228,52599,94,2297,1841,29,4330,572,0.00883392
5,9041.46,3636.2,3288.71,2798,4,256,6995,6091,466,21864,41,678,488,3,1126,112,0.00883392
5,33250.6,3636.2,3288.71,2798,10,256,6995,6091,466,21864,41,678,488,3,1126,112,0.00883392
5,33818.9,3636.2,3288.71,2798,5,256,6995,6091,466,21864,41,678,488,3,1126,112,0.00883392
5,34901.8,3636.2,3288.71,2798,3,256,6995,6091,466,21864,41,678,488,3,1126,112,0.00883392
5,35361.4,3636.2,3288.71,2798,10,256,6995,6091,466,21864,41,678,488,3,1126,112,0.00883392
5,16406.7,1788.47,3170.86,2627,6,186,4722,4021,304,13637,37,739,561,13,1253,143,0.00883392
5,20912.8,1788.47,3170.86,2627,5,186,4722,4021,304,13637,37,739,561,13,1253,143,0.00883392
5,29217.9,1788.47,3170.86,2627,11,186,4722,4021,304,13637,37,739,561,13,1253,143,0.00883392
5,30299.9,1788.47,3170.86,2627,13,186,4722,4021,304,13637,37,739,561,13,1253,143,0.00883392
5,31119.6,1788.47,3170.86,2627,5,186,4722,4021,304,13637,37,739,561,13,1253,143,0.00883392
5,19436.9,8774.27,12864.7,10240,12,526,18612,17602,1931,76512,110,2894,2378,58,5712,752,0.00883392
5,26520.3,8774.27,12864.7,10240,11,526,18612,17602,1931,76512,110,2894,2378,58,5712,752,0.00883392
5,54506.6,8774.27,12864.7,10240,26,526,18612,17602,1931,76512,110,2894,2378,58,5712,752,0.00883392
5,60613.1,8774.27,12864.7,10240,21,526,18612,17602,1931,76512,110,2894,2378,58,5712,752,0.00883392
5,73246,8774.27,12864.7,10240,32,526,18612,17602,1931,76512,110,2894,2378,58,5712,752,0.00883392
5,41522.8,10751.2,19289.5,15487,11,584,21070,20277,2332,94912,148,4746,4034,81,9841,1347,0.00883392
5,50740.8,10751.2,19289.5,15487,8,584,21070,20277,2332,94912,148,4746,4034,81,9841,1347,0.00883392
5,73588.8,10751.2,19289.5,15487,29,584,21070,20277,2332,94912,148,4746,4034,81,9841,1347,0.00883392
5,84677.4,10751.2,19289.5,15487,20,584,21070,20277,2332,94912,148,4746,4034,81,9841,1347,0.00883392
5,95926.1,10751.2,19289.5,15487,30,584,21070,20277,2332,94912,148,4746,4034,81,9841,1347,0.00883392
5,11450.4,3031.03,2255.04,1806,3,257,7423,6463,494,23648,43,685,513,2,1107,147,0.00883392
5,21617.6,3031.03,2255.04,1806,4,257,7423,6463,494,23648,43,685,513,2,1107,147,0.00883392
5,23452.6,3031.03,2255.04,1806,9,257,7423,6463,494,23648,43,685,513,2,1107,147,0.00883392
5,26907.3,3031.03,2255.04,1806,4,257,7423,6463,494,23648,43,685,513,2,1107,147,0.00883392
5,36387.2,3031.03,2255.04,1806,19,257,7423,6463,494,23648,43,685,513,2,1107,147,0.00883392
5,46352.7,3342.08,11536.2,9819,19,280,9065,8145,899,32744,69,2520,2032,32,4533,727,0.00883392
5,48485.7,3342.08,11536.2,9819,6,280,9065,8145,899,32744,69,2520,2032,32,4533,727,0.00883392
5,55737.8,3342.08,11536.2,9819,20,280,9065,8145,899,32744,69,2520,2032,32,4533,727,0.00883392
5,59700.9,3342.08,11536.2,9819,5,280,9065,8145,899,32744,69,2520,2032,32,4533,727,0.00883392
5,67485.3,3342.08,11536.2,9819,19,280,9065,8145,899,32744,69,2520,2032,32,4533,727,0.00883392
5,20437.2,5470.26,4109.6,3492,6,420,12850,11292,1061,42630,37,704,526,5,1020,192,0.00883392
5,20520.7,5470.26,4109.6,3492,10,420,12850,11292,1061,42630,37,704,526,5,1020,192,0.00883392
5,24976.2,5470.26,4109.6,3492,9,420,12850,11292,1061,42630,37,704,526,5,1020,192,0.00883392
5,37041.6,5470.26,4109.6,3492,5,420,12850,11292,1061,42630,37,704,526,5,1020,192,0.00883392
5,45117,5470.26,4109.6,3492,8,420,12850,11292,1061,42630,37,704,526,5,1020,192,0.00883392
5,23857.3,10502.9,12934.9,10568,10,499,17757,16648,1778,71751,107,2775,2283,55,5237,700,0.00883392
5,27747.8,10502.9,12934.9,10568,11,499,17757,16648,1778,71751,107,2775,2283,55,5237,700,0.00883392
5,59194.3,10502.9,12934.9,10568,20,499,17757,16648,1778,71751,107,2775,2283,55,5237,700,0.00883392
5,61345.8,10502.9,12934.9,10568,21,499,17757,16648,1778,71751,107,2775,2283,55,5237,700,0.00883392
5,74280.4,10502.9,12934.9,10568,31,499,17757,16648,1778,71751,107,2775,2283,55,5237,700,0.00883392
5,16367.8,3858.27,4786.8,3947,8,319,9547,8656,731,33409,61,1262,952,12,2129,266,0.00883392
5,35391.7,3858.27,4786.8,3947,12,319,9547,8656,731,33409,61,1262,952,12,2129,266,0.00883392
5,38086.6,3858.27,4786.8,3947,18,319,9547,8656,731,33409,61,1262,952,12,2129,266,0.00883392
5,46815.8,3858.27,4786.8,3947,5,319,9547,8656,731,33409,61,1262,952,12,2129,266,0.00883392
5,47909,3858.27,4786.8,3947,12,319,9547,8656,731,33409,61,1262,952,12,2129,266,0.00883392
5,27612.7,8181.39,6081.79,5164,14,526,17556,16488,1704,70124,56,1352,1071,5,1925,442,0.00883392
5,38451.8,8181.39,6081.79,5164,18,526,17556,16488,1704,70124,56,1352,1071,5,1925,442,0.00883392
5,38631.3,8181.39,6081.79,5164,9,526,17556,16488,1704,70124,56,1352,1071,5,1925,442,0.00883392
5,56476.6,8181.39,6081.79,5164,5,526,17556,16488,1704,70124,56,1352,1071,5,1925,442,0.00883392
5,63673.9,8181.39,6081.79,5164,8,526,17556,16488,1704,70124,56,1352,1071,5,1925,442,0.00883392
5,21461.1,8216.15,6672.18,5333,12,529,17908,16863,1780,70363,59,1758,1408,24,3302,527,0.00883392
5,32300.4,8216.15,6672.18,5333,16,529,17908,16863,1780,70363,59,1758,1408,24,3302,527,0.00883392
5,36900,8216.15,6672.18,5333,14,529,17908,16863,1780,70363,59,1758,1408,24,3302,527,0.00883392
5,50751.5,8216.15,6672.18,5333,3,529,17908,16863,1780,70363,59,1758,1408,24,3302,527,0.00883392
5,61157.4,8216.15,6672.18,5333,11,529,17908,16863,1780,70363,59,1758,1408,24,3302,527,0.00883392
5,47636.6,10122.9,22670.7,18531,18,569,21142,20335,2337,97200,163,5342,4562,124,10515,1673,0.00883392
5,56854.6,10122.9,22670.7,18531,15,569,21142,20335,2337,97200,163,5342,4562,124,10515,1673,0.00883392
5,80493,10122.9,22670.7,18531,30,569,21142,20335,2337,97200,163,5342,4562,124,10515,1673,0.00883392
5,90791.2,10122.9,22670.7,18531,27,569,21142,20335,2337,97200,163,5342,4562,124,10515,1673,0.00883392
5,102199,10122.9,22670.7,18531,31,569,21142,20335,2337,97200,163,5342,4562,124,10515,1673,0.00883392
5,18290.5,1781.2,2705.48,2178,6,186,5015,4334,341,14807,40,765,572,13,1396,129,0.00883392
5,19810.9,1781.2,2705.48,2178,6,186,5015,4334,341,14807,40,765,572,13,1396,129,0.00883392
5,30221.2,1781.2,2705.48,2178,3,186,5015,4334,341,14807,40,765,572,13,1396,129,0.00883392
5,31093.6,1781.2,2705.48,2178,11,186,5015,4334,341,14807,40,765,572,13,1396,129,0.00883392
5,32183.7,1781.2,2705.48,2178,13,186,5015,4334,341,14807,40,765,572,13,1396,129,0.00883392
5,10216,3621.43,3027.57,2409,3,296,8827,7940,661,30676,54,979,748,24,1780,187,0.00883392
5,22707.6,3621.43,3027.57,2409,5,296,8827,7940,661,30676,54,979,748,24,1780,187,0.00883392
5,28554,3621.43,3027.57,2409,11,296,8827,7940,661,30676,54,979,748,24,1780,187,0.00883392
5,33915.3,3621.43,3027.57,2409,4,296,8827,7940,661,30676,54,979,748,24,1780,187,0.00883392
5,42447.1,3621.43,3027.57,2409,18,296,8827,7940,661,30676,54,979,748,24,1780,187,0.00883392
5,38324.2,10711.5,17898.2,14560,17,552,20172,19121,2173,87855,136,4152,3468,69,8072,1197,0.00883392
5,44366.1,10711.5,17898.2,14560,17,552,20172,19121,2173,87855,136,4152,3468,69,8072,1197,0.00883392
5,73369.3,10711.5,17898.2,14560,31,552,20172,19121,2173,87855,136,4152,3468,69,8072,1197,0.00883392
5,77964.1,10711.5,17898.2,14560,27,552,20172,19121,2173,87855,136,4152,3468,69,8072,1197,0.00883392
5,90898.7,10711.5,17898.2,14560,37,552,20172,19121,2173,87855,136,4152,3468,69,8072,1197,0.00883392
5,53519.8,10365.7,21465.6,18125,31,537,17985,16839,1937,74993,122,3747,3107,61,7294,1081,0.00883392
5,58206.4,10365.7,21465.6,18125,6,537,17985,16839,1937,74993,122,3747,3107,61,7294,1081,0.00883392
5,64653.3,10365.7,21465.6,18125,30,537,17985,16839,1937,74993,122,3747,3107,61,7294,1081,0.00883392
5,81466.9,10365.7,21465.6,18125,21,537,17985,16839,1937,74993,122,3747,3107,61,7294,1081,0.00883392
5,82997.3,10365.7,21465.6,18125,7,537,17985,16839,1937,74993,122,3747,3107,61,7294,1081,0.00883392
5,13168.9,4016.55,1951.51,1572,8,317,8318,7131,557,25580,28,528,381,3,788,128,0.00883392
5,22805.3,4016.55,1951.51,1572,3,317,8318,7131,557,25580,28,528,381,3,788,128,0.00883392
5,23083.8,4016.55,1951.51,1572,7,317,8318,7131,557,25580,28,528,381,3,788,128,0.00883392
5,28841.1,4016.55,1951.51,1572,4,317,8318,7131,557,25580,28,528,381,3,788,128,0.00883392
5,37243,4016.55,1951.51,1572,10,317,8318,7131,557,25580,28,528,381,3,788,128,0.00883392
5,45250.9,8550.68,13055.6,10924,28,514,17349,16237,1765,71537,93,2671,2200,25,4625,821,0.00883392
5,50720.5,8550.68,13055.6,10924,6,514,17349,16237,1765,71537,93,2671,2200,25,4625,821,0.00883392
5,56384.4,8550.68,13055.6,10924,27,514,17349,16237,1765,71537,93,2671,2200,25,4625,821,0.00883392
5,73442.5,8550.68,13055.6,10924,14,514,17349,16237,1765,71537,93,2671,2200,25,4625,821,0.00883392
5,75870.5,8550.68,13055.6,10924,6,514,17349,16237,1765,71537,93,2671,2200,25,4625,821,0.00883392
5,6449.86,9300.95,5200.44,4090,4,448,15598,14346,1448,57447,68,1459,1149,11,2787,315,0.00883392
5,7007,9300.95,5200.44,4090,2,448,15598,14346,1448,57447,68,1459,1149,11,2787,315,0.00883392
5,37226.7,9300.95,5200.44,4090,16,448,15598,14346,1448,57447,68,1459,1149,11,2787,315,0.00883392
5,41085.1,9300.95,5200.44,4090,12,448,15598,14346,1448,57447,68,1459,1149,11,2787,315,0.00883392
5,53654.3,9300.95,5200.44,4090,23,448,15598,14346,1448,57447,68,1459,1149,11,2787,315,0.00883392
5,15632.6,2047.63,3575.64,2971,9,199,5243,4541,357,16200,38,770,594,5,1241,197,0.00883392
5,24448.3,2047.63,3575.64,2971,7,199,5243,4541,357,16200,38,770,594,5,1241,197,0.00883392
5,29490.1,2047.63,3575.64,2971,14,199,5243,4541,357,16200,38,770,594,5,1241,197,0.00883392
5,32356.1,2047.63,3575.64,2971,13,199,5243,4541,357,16200,38,770,594,5,1241,197,0.00883392
5,34832.2,2047.63,3575.64,2971,5,199,5243,4541,357,16200,38,770,594,5,1241,197,0.00883392
5,23691.7,9553.07,5800.27,4918,10,499,16527,15245,1551,61303,46,1191,939,3,1711,381,0.00883392
5,30338.9,9553.07,5800.27,4918,7,499,16527,15245,1551,61303,46,1191,939,3,1711,381,0.00883392
5,32562.3,9553.07,5800.27,4918,17,499,16527,15245,1551,61303,46,1191,939,3,1711,381,0.00883392
5,48255.5,9553.07,5800.27,4918,5,499,16527,15245,1551,61303,46,1191,939,3,1711,381,0.00883392
5,55380.1,9553.07,5800.27,4918,6,499,16527,15245,1551,61303,46,1191,939,3,1711,381,0.00883392
5,27678.8,3770.68,7096.42,5852,12,282,8838,7979,755,30882,62,1599,1250,18,2607,438,0.00883392
5,36856.7,3770.68,7096.42,5852,13,282,8838,7979,755,30882,62,1599,1250,18,2607,438,0.00883392
5,40604.5,3770.68,7096.42,5852,11,282,8838,7979,755,30882,62,1599,1250,18,2607,438,0.00883392
5,51274.5,3770.68,7096.42,5852,9,282,8838,7979,755,30882,62,1599,1250,18,2607,438,0.00883392
5,53809.8,3770.68,7096.42,5852,14,282,8838,7979,755,30882,62,1599,1250,18,2607,438,0.00883392
5,27525.1,11433.7,11900.6,9607,4,543,19651,18720,1975,83739,78,2958,2463,55,5717,812,0.00883392
5,39815.9,11433.7,11900.6,9607,6,543,19651,18720,1975,83739,78,2958,2463,55,5717,812,0.00883392
5,56417.9,11433.7,11900.6,9607,15,543,19651,18720,1975,83739,78,2958,2463,55,5717,812,0.00883392
5,68492.2,11433.7,11900.6,9607,11,543,19651,18720,1975,83739,78,2958,2463,55,5717,812,0.00883392
5,79155.5,11433.7,11900.6,9607,18,543,19651,18720,1975,83739,78,2958,2463,55,5717,812,0.00883392
5,12742.3,4543.18,4173.53,3324,5,301,8702,7894,679,30345,58,1060,813,24,1970,212,0.00883392
5,25329.2,4543.18,4173.53,3324,7,301,8702,7894,679,30345,58,1060,813,24,1970,212,0.00883392
5,30566.9,4543.18,4173.53,3324,11,301,8702,7894,679,30345,58,1060,813,24,1970,212,0.00883392
5,36425.2,4543.18,4173.53,3324,5,301,8702,7894,679,30345,58,1060,813,24,1970,212,0.00883392
5,44460,4543.18,4173.53,3324,18,301,8702,7894,679,30345,58,1060,813,24,1970,212,0.00883392
5,20948.4,5757.87,2766.72,2263,4,418,13262,11736,1117,44679,36,705,528,1,929,216,0.00883392
5,21225.5,5757.87,2766.72,2263,6,418,13262,11736,1117,44679,36,705,528,1,929,216,0.00883392
5,27421.4,5757.87,2766.72,2263,11,418,13262,11736,1117,44679,36,705,528,1,929,216,0.00883392
5,40160.1,5757.87,2766.72,2263,6,418,13262,11736,1117,44679,36,705,528,1,929,216,0.00883392
5,46112.2,5757.87,2766.72,2263,6,418,13262,11736,1117,44679,36,705,528,1,929,216,0.00883392
5,36488.7,6195.77,9525.32,7784,12,384,12500,11484,1062,46311,88,2218,1742,31,4258,483,0.00883392
5,55672.6,6195.77,9525.32,7784,6,384,12500,11484,1062,46311,88,2218,1742,31,4258,483,0.00883392
5,57945.2,6195.77,9525.32,7784,24,384,12500,11484,1062,46311,88,2218,1742,31,4258,483,0.00883392
5,59353.8,6195.77,9525.32,7784,22,384,12500,11484,1062,46311,88,2218,1742,31,4258,483,0.00883392
5,62284.2,6195.77,9525.32,7784,16,384,12500,11484,1062,46311,88,2218,1742,31,4258,483,0.00883392
5,42731,3514.95,12492.1,10370,21,254,8510,7661,825,29884,60,2302,1860,29,4099,650,0.00883392
5,44915.1,3514.95,12492.1,10370,5,254,8510,7661,825,29884,60,2302,1860,29,4099,650,0.00883392
5,52327.5,3514.95,12492.1,10370,19,254,8510,7661,825,29884,60,2302,1860,29,4099,650,0.00883392
5,57700.8,3514.95,12492.1,10370,13,254,8510,7661,825,29884,60,2302,1860,29,4099,650,0.00883392
5,63216.9,3514.95,12492.1,10370,18,254,8510,7661,825,29884,60,2302,1860,29,4099,650,0.00883392
5,20496.1,5303.78,6224.57,5127,9,321,10112,9162,808,35998,66,1364,1066,15,2419,339,0.00883392
5,30002.4,5303.78,6224.57,5127,10,321,10112,9162,808,35998,66,1364,1066,15,2419,339,0.00883392
5,39623.4,5303.78,6224.57,5127,15,321,10112,9162,808,35998,66,1364,1066,15,2419,339,0.00883392
5,46670.2,5303.78,6224.57,5127,7,321,10112,9162,808,35998,66,1364,1066,15,2419,339,0.00883392
5,53451.7,5303.78,6224.57,5127,18,321,10112,9162,808,35998,66,1364,1066,15,2419,339,0.00883392
5,18080.8,4542.72,5674.25,4619,8,306,9756,8817,669,33993,53,1167,895,6,2112,252,0.00883392
5,41110.8,4542.72,5674.25,4619,11,306,9756,8817,669,33993,53,1167,895,6,2112,252,0.00883392
5,41250.5,4542.72,5674.25,4619,18,306,9756,8817,669,33993,53,1167,895,6,2112,252,0.00883392
5,43667.5,4542.72,5674.25,4619,7,306,9756,8817,669,33993,53,1167,895,6,2112,252,0.00883392
5,46126.1,4542.72,5674.25,4619,6,306,9756,8817,669,33993,53,1167,895,6,2112,252,0.00883392
5,52823.6,7956.5,24478.2,20224,20,477,15889,14660,1521,61926,131,4525,3742,58,9359,1144,0.00883392
5,60243.4,7956.5,24478.2,20224,24,477,15889,14660,1521,61926,131,4525,3742,58,9359,1144,0.00883392
5,69728.7,7956.5,24478.2,20224,35,477,15889,14660,1521,61926,131,4525,3742,58,9359,1144,0.00883392
5,77125.9,7956.5,24478.2,20224,31,477,15889,14660,1521,61926,131,4525,3742,58,9359,1144,0.00883392
5,77548,7956.5,24478.2,20224,22,477,15889,14660,1521,61926,131,4525,3742,58,9359,1144,0.00883392
5,12060.4,4797.77,4257.2,3343,5,305,8548,7749,760,29932,49,1145,870,11,1928,248,0.00883392
5,15068.4,4797.77,4257.2,3343,3,305,8548,7749,760,29932,49,1145,870,11,1928,248,0.00883392
5,19188.3,4797.77,4257.2,3343,11,305,8548,7749,760,29932,49,1145,870,11,1928,248,0.00883392
5,41379.6,4797.77,4257.2,3343,15,305,8548,7749,760,29932,49,1145,870,11,1928,248,0.00883392
5,46840.8,4797.77,4257.2,3343,18,305,8548,7749,760,29932,49,1145,870,11,1928,248,0.00883392
5,5527.76,3871.01,3400,2639,3,281,8613,7778,734,30837,45,996,755,6,1545,236,0.00883392
5,15151.7,3871.01,3400,2639,5,281,8613,7778,734,30837,45,996,755,6,1545,236,0.00883392
5,21984.2,3871.01,3400,2639,6,281,8613,7778,734,30837,45,996,755,6,1545,236,0.00883392
5,45937.1,3871.01,3400,2639,19,281,8613,7778,734,30837,45,996,755,6,1545,236,0.00883392
5,52570.5,3871.01,3400,2639,21,281,8613,7778,734,30837,45,996,755,6,1545,236,0.00883392
5,22009.7,5331.63,6933.47,5748,7,329,10364,9379,806,37304,75,1567,1199,14,3028,315,0.00883392
5,38547.6,5331.63,6933.47,5748,13,329,10364,9379,806,37304,75,1567,1199,14,3028,315,0.00883392
5,43484.8,5331.63,6933.47,5748,18,329,10364,9379,806,37304,75,1567,1199,14,3028,315,0.00883392
5,52607.6,5331.63,6933.47,5748,5,329,10364,9379,806,37304,75,1567,1199,14,3028,315,0.00883392
5,53698.6,5331.63,6933.47,5748,12,329,10364,9379,806,37304,75,1567,1199,14,3028,315,0.00883392
5,6955.56,3366.26,4029.44,3174,3,258,8433,7556,726,29463,47,1175,912,17,1986,237,0.00883392
5,7348.47,3366.26,4029.44,3174,4,258,8433,7556,726,29463,47,1175,912,17,1986,237,0.00883392
5,28147.2,3366.26,4029.44,3174,9,258,8433,7556,726,29463,47,1175,912,17,1986,237,0.00883392
5,41625.6,3366.26,4029.44,3174,12,258,8433,7556,726,29463,47,1175,912,17,1986,237,0.00883392
5,50991,3366.26,4029.44,3174,18,258,8433,7556,726,29463,47,1175,912,17,1986,237,0.00883392
5,46345.7,11174,24229.7,19533,14,579,21187,20375,2356,96869,159,5265,4511,103,10581,1583,0.00883392
5,55563.6,11174,24229.7,19533,11,579,21187,20375,2356,96869,159,5265,4511,103,10581,1583,0.00883392
5,78532.4,11174,24229.7,19533,29,579,21187,20375,2356,96869,159,5265,4511,103,10581,1583,0.00883392
5,89500.2,11174,24229.7,19533,23,579,21187,20375,2356,96869,159,5265,4511,103,10581,1583,0.00883392
5,100870,11174,24229.7,19533,30,579,21187,20375,2356,96869,159,5265,4511,103,10581,1583,0.00883392
5,41058.5,6457.77,15550,12658,14,400,13316,12237,1182,50215,113,3185,2561,44,7100,618,0.00883392
5,55712.4,6457.77,15550,12658,12,400,13316,12237,1182,50215,113,3185,2561,44,7100,618,0.00883392
5,62854.8,6457.77,15550,12658,21,400,13316,12237,1182,50215,113,3185,2561,44,7100,618,0.00883392
5,64916.3,6457.77,15550,12658,24,400,13316,12237,1182,50215,113,3185,2561,44,7100,618,0.00883392
5,65343.4,6457.77,15550,12658,26,400,13316,12237,1182,50215,113,3185,2561,44,7100,618,0.00883392
5,23022,2548.45,3047.03,2423,3,218,5949,5277,452,19971,37,808,609,4,1311,174,0.00883392
5,26401.8,2548.45,3047.03,2423,6,218,5949,5277,452,19971,37,808,609,4,1311,174,0.00883392
5,35914.5,2548.45,3047.03,2423,10,218,5949,5277,452,19971,37,808,609,4,1311,174,0.00883392
5,38902.1,2548.45,3047.03,2423,8,218,5949,5277,452,19971,37,808,609,4,1311,174,0.00883392
5,41572.8,2548.45,3047.03,2423,15,218,5949,5277,452,19971,37,808,609,4,1311,174,0.00883392
5,36982.7,10530.9,18664,14971,12,565,20455,19684,2191,91495,135,4141,3494,62,8265,1163,0.00883392
5,46200.7,10530.9,18664,14971,9,565,20455,19684,2191,91495,135,4141,3494,62,8265,1163,0.00883392
5,69157.7,10530.9,18664,14971,27,565,20455,19684,2191,91495,135,4141,3494,62,8265,1163,0.00883392
5,80137.3,10530.9,18664,14971,21,565,20455,19684,2191,91495,135,4141,3494,62,8265,1163,0.00883392
5,91495,10530.9,18664,14971,28,565,20455,19684,2191,91495,135,4141,3494,62,8265,1163,0.00883392
5,6918.63,5797.87,3714.68,2934,3,310,9656,8724,719,33980,52,957,727,9,1731,187,0.00883392
5,19477.8,5797.87,3714.68,2934,5,310,9656,8724,719,33980,52,957,727,9,1731,187,0.00883392
5,30512.3,5797.87,3714.68,2934,11,310,9656,8724,719,33980,52,957,727,9,1731,187,0.00883392
5,32561,5797.87,3714.68,2934,4,310,9656,8724,719,33980,52,957,727,9,1731,187,0.00883392
5,43662.6,5797.87,3714.68,2934,20,310,9656,8724,719,33980,52,957,727,9,1731,187,0.00883392
5,14914.2,6460.5,2937.72,2390,4,468,14488,12873,1221,49390,39,903,685,12,1627,202,0.00883392
5,20937.7,6460.5,2937.72,2390,8,468,14488,12873,1221,49390,39,903,685,12,1627,202,0.00883392
5,23457.9,6460.5,2937.72,2390,10,468,14488,12873,1221,49390,39,903,685,12,1627,202,0.00883392
5,36987.6,6460.5,2937.72,2390,3,468,14488,12873,1221,49390,39,903,685,12,1627,202,0.00883392
5,47399.2,6460.5,2937.72,2390,11,468,14488,12873,1221,49390,39,903,685,12,1627,202,0.00883392
5,19687.5,9635.03,11514.5,9229,10,508,17963,16860,1831,71661,106,2662,2189,47,5011,691,0.00883392
5,25165.2,9635.03,11514.5,9229,12,508,17963,16860,1831,71661,106,2662,2189,47,5011,691,0.00883392
5,55024.5,9635.03,11514.5,9229,20,508,17963,16860,1831,71661,106,2662,2189,47,5011,691,0.00883392
5,59257.9,9635.03,11514.5,9229,22,508,17963,16860,1831,71661,106,2662,2189,47,5011,691,0.00883392
5,71890.8,9635.03,11514.5,9229,33,508,17963,16860,1831,71661,106,2662,2189,47,5011,691,0.00883392
5,17518,4597.34,5500.33,4513,6,341,10040,8881,751,33463,42,1141,888,11,1939,277,0.00883392
5,33210,4597.34,5500.33,4513,7,341,10040,8881,751,33463,42,1141,888,11,1939,277,0.00883392
5,37732,4597.34,5500.33,4513,9,341,10040,8881,751,33463,42,1141,888,11,1939,277,0.00883392
5,41176.9,4597.34,5500.33,4513,16,341,10040,8881,751,33463,42,1141,888,11,1939,277,0.00883392
5,42306.3,4597.34,5500.33,4513,7,341,10040,8881,751,33463,42,1141,888,11,1939,277,0.00883392
5,34840.2,8191.35,12232.5,10224,10,463,14996,13740,1413,55685,81,2462,1987,26,4998,644,0.00883392
5,39860.7,8191.35,12232.5,10224,14,463,14996,13740,1413,55685,81,2462,1987,26,4998,644,0.00883392
5,48424.7,8191.35,12232.5,10224,23,463,14996,13740,1413,55685,81,2462,1987,26,4998,644,0.00883392
5,58648.7,8191.35,12232.5,10224,18,463,14996,13740,1413,55685,81,2462,1987,26,4998,644,0.00883392
5,59617.6,8191.35,12232.5,10224,11,463,14996,13740,1413,55685,81,2462,1987,26,4998,644,0.00883392
5,18955.5,10454.2,8737.02,7216,12,541,18276,17300,1846,73401,63,1725,1395,24,3134,495,0.00883392
5,30992.7,10454.2,8737.02,7216,17,541,18276,17300,1846,73401,63,1725,1395,24,3134,495,0.00883392
5,39189.4,10454.2,8737.02,7216,11,541,18276,17300,1846,73401,63,1725,1395,24,3134,495,0.00883392
5,52292,10454.2,8737.02,7216,4,541,18276,17300,1846,73401,63,1725,1395,24,3134,495,0.00883392
5,62921.9,10454.2,8737.02,7216,11,541,18276,17300,1846,73401,63,1725,1395,24,3134,495,0.00883392
5,5214.73,7594.68,4714.92,3769,3,459,15152,13749,1349,53761,59,1355,1069,11,2520,291,0.00883392
5,7707.1,7594.68,4714.92,3769,5,459,15152,13749,1349,53761,59,1355,1069,11,2520,291,0.00883392
5,33757,7594.68,4714.92,3769,14,459,15152,13749,1349,53761,59,1355,1069,11,2520,291,0.00883392
5,38759,7594.68,4714.92,3769,12,459,15152,13749,1349,53761,59,1355,1069,11,2520,291,0.00883392
5,51082.2,7594.68,4714.92,3769,19,459,15152,13749,1349,53761,59,1355,1069,11,2520,291,0.00883392
5,4056.2,9289.76,5716.18,4520,4,483,16962,15856,1585,65398,74,1653,1305,24,3105,335,0.00883392
5,11780.6,9289.76,5716.18,4520,3,483,16962,15856,1585,65398,74,1653,1305,24,3105,335,0.00883392
5,40219.1,9289.76,5716.18,4520,14,483,16962,15856,1585,65398,74,1653,1305,24,3105,335,0.00883392
5,45867.5,9289.76,5716.18,4520,13,483,16962,15856,1585,65398,74,1653,1305,24,3105,335,0.00883392
5,58440.1,9289.76,5716.18,4520,24,483,16962,15856,1585,65398,74,1653,1305,24,3105,335,0.00883392
5,20062,5442.04,4156.2,3357,4,377,11589,10252,932,39595,43,1062,822,8,1725,278,0.00883392
5,28913.5,5442.04,4156.2,3357,4,377,11589,10252,932,39595,43,1062,822,8,1725,278,0.00883392
5,35388,5442.04,4156.2,3357,11,377,11589,10252,932,39595,43,1062,822,8,1725,278,0.00883392
5,43439.5,5442.04,4156.2,3357,13,377,11589,10252,932,39595,43,1062,822,8,1725,278,0.00883392
5,44853.5,5442.04,4156.2,3357,5,377,11589,10252,932,39595,43,1062,822,8,1725,278,0.00883392
5,28692.1,4974.27,8577.57,7139,12,350,11326,10341,902,40865,73,1584,1192,16,3345,181,0.00883392
5,45858.3,4974.27,8577.57,7139,4,350,11326,10341,902,40865,73,1584,1192,16,3345,181,0.00883392
5,52079.2,4974.27,8577.57,7139,18,350,11326,10341,902,40865,73,1584,1192,16,3345,181,0.00883392
5,52338.7,4974.27,8577.57,7139,11,350,11326,10341,902,40865,73,1584,1192,16,3345,181,0.00883392
5,52478.6,4974.27,8577.57,7139,19,350,11326,10341,902,40865,73,1584,1192,16,3345,181,0.00883392
5,24782.9,6152.94,7021.78,5837,9,347,10636,9610,787,37519,60,1514,1165,10,2793,328,0.00883392
5,44624.1,6152.94,7021.78,5837,7,347,10636,9610,787,37519,60,1514,1165,10,2793,328,0.00883392
5,47248.6,6152.94,7021.78,5837,18,347,10636,9610,787,37519,60,1514,1165,10,2793,328,0.00883392
5,47648,6152.94,7021.78,5837,19,347,10636,9610,787,37519,60,1514,1165,10,2793,328,0.00883392
5,49145.3,6152.94,7021.78,5837,11,347,10636,9610,787,37519,60,1514,1165,10,2793,328,0.00883392
5,31215.1,3519.06,8928.12,7555,14,237,7599,6853,670,25901,56,1837,1468,22,3299,470,0.00883392
5,36755,3519.06,8928.12,7555,6,237,7599,6853,670,25901,56,1837,1468,22,3299,470,0.00883392
5,43453.4,3519.06,8928.12,7555,16,237,7599,6853,670,25901,56,1837,1468,22,3299,470,0.00883392
5,49558.2,3519.06,8928.12,7555,14,237,7599,6853,670,25901,56,1837,1468,22,3299,470,0.00883392
5,52998.1,3519.06,8928.12,7555,14,237,7599,6853,670,25901,56,1837,1468,22,3299,470,0.00883392
5,41387.2,3314.63,10232,8765,7,243,7969,7161,761,27797,58,2148,1707,25,3790,598,0.00883392
5,41744.8,3314.63,10232,8765,17,243,7969,7161,761,27797,58,2148,1707,25,3790,598,0.00883392
5,52394,3314.63,10232,8765,17,243,7969,7161,761,27797,58,2148,1707,25,3790,598,0.00883392
5,52600.7,3314.63,10232,8765,6,243,7969,7161,761,27797,58,2148,1707,25,3790,598,0.00883392
5,60394.4,3314.63,10232,8765,19,243,7969,7161,761,27797,58,2148,1707,25,3790,598,0.00883392
5,35835.9,6110.64,11989.1,9916,11,434,13649,12475,1205,50373,89,2641,2110,26,5243,624,0.00883392
5,46537.8,6110.64,11989.1,9916,11,434,13649,12475,1205,50373,89,2641,2110,26,5243,624,0.00883392
5,53680.1,6110.64,11989.1,9916,20,434,13649,12475,1205,50373,89,2641,2110,26,5243,624,0.00883392
5,60138.3,6110.64,11989.1,9916,22,434,13649,12475,1205,50373,89,2641,2110,26,5243,624,0.00883392
5,60560.4,6110.64,11989.1,9916,13,434,13649,12475,1205,50373,89,2641,2110,26,5243,624,0.00883392
5,22008.9,8048.88,7856.27,6508,8,453,15600,14533,1529,61667,87,2097,1652,27,3993,440,0.00883392
5,24142.8,8048.88,7856.27,6508,7,453,15600,14533,1529,61667,87,2097,1652,27,3993,440,0.00883392
5,54671,8048.88,7856.27,6508,21,453,15600,14533,1529,61667,87,2097,1652,27,3993,440,0.00883392
5,54873.3,8048.88,7856.27,6508,17,453,15600,14533,1529,61667,87,2097,1652,27,3993,440,0.00883392
5,68142.9,8048.88,7856.27,6508,30,453,15600,14533,1529,61667,87,2097,1652,27,3993,440,0.00883392
5,21140.2,8333.21,5451.53,4396,12,517,17666,16521,1725,67995,51,1460,1162,17,2709,416,0.00883392
5,31112.7,8333.21,5451.53,4396,16,517,17666,16521,1725,67995,51,1460,1162,17,2709,416,0.00883392
5,35752.7,8333.21,5451.53,4396,15,517,17666,16521,1725,67995,51,1460,1162,17,2709,416,0.00883392
5,49593.7,8333.21,5451.53,4396,4,517,17666,16521,1725,67995,51,1460,1162,17,2709,416,0.00883392
5,60003.2,8333.21,5451.53,4396,12,517,17666,16521,1725,67995,51,1460,1162,17,2709,416,0.00883392
5,41060.9,8602.96,12863.6,10807,17,559,18943,17881,2020,79677,73,2715,2254,18,4298,963,0.00883392
5,53310.1,8602.96,12863.6,10807,20,559,18943,17881,2020,79677,73,2715,2254,18,4298,963,0.00883392
5,55735.6,8602.96,12863.6,10807,9,559,18943,17881,2020,79677,73,2715,2254,18,4298,963,0.00883392
5,72597.8,8602.96,12863.6,10807,5,559,18943,17881,2020,79677,73,2715,2254,18,4298,963,0.00883392
5,80778.3,8602.96,12863.6,10807,8,559,18943,17881,2020,79677,73,2715,2254,18,4298,963,0.00883392
5,3621.68,2915.98,3174.25,2551,3,266,7460,6613,518,24418,39,725,538,6,1224,143,0.00883392
5,27972.2,2915.98,3174.25,2551,14,266,7460,6613,518,24418,39,725,538,6,1224,143,0.00883392
5,28413.1,2915.98,3174.25,2551,5,266,7460,6613,518,24418,39,725,538,6,1224,143,0.00883392
5,35084.2,2915.98,3174.25,2551,6,266,7460,6613,518,24418,39,725,538,6,1224,143,0.00883392
5,36911.9,2915.98,3174.25,2551,12,266,7460,6613,518,24418,39,725,538,6,1224,143,0.00883392
5,11602.9,5073.88,3315.3,2555,3,267,7982,7105,583,26891,46,818,611,12,1384,147,0.00883392
5,23779.3,5073.88,3315.3,2555,7,267,7982,7105,583,26891,46,818,611,12,1384,147,0.00883392
5,25417.9,5073.88,3315.3,2555,11,267,7982,7105,583,26891,46,818,611,12,1384,147,0.00883392
5,30812.8,5073.88,3315.3,2555,4,267,7982,7105,583,26891,46,818,611,12,1384,147,0.00883392
5,39311,5073.88,3315.3,2555,18,267,7982,7105,583,26891,46,818,611,12,1384,147,0.00883392
5,27559.3,8486.82,11502.1,9348,14,507,17783,16634,1841,71765,111,2888,2369,44,5710,724,0.00883392
5,30190,8486.82,11502.1,9348,13,507,17783,16634,1841,71765,111,2888,2369,44,5710,724,0.00883392
5,62752.6,8486.82,11502.1,9348,27,507,17783,16634,1841,71765,111,2888,2369,44,5710,724,0.00883392
5,63665.4,8486.82,11502.1,9348,22,507,17783,16634,1841,71765,111,2888,2369,44,5710,724,0.00883392
5,76600,8486.82,11502.1,9348,32,507,17783,16634,1841,71765,111,2888,2369,44,5710,724,0.00883392
5,13319.2,8526.6,7384.46,5862,8,528,18218,17206,1820,73729,94,2214,1798,45,4058,526,0.00883392
5,21688.2,8526.6,7384.46,5862,8,528,18218,17206,1820,73729,94,2214,1798,45,4058,526,0.00883392
5,48656.2,8526.6,7384.46,5862,18,528,18218,17206,1820,73729,94,2214,1798,45,4058,526,0.00883392
5,55780.9,8526.6,7384.46,5862,18,528,18218,17206,1820,73729,94,2214,1798,45,4058,526,0.00883392
5,68213.5,8526.6,7384.46,5862,27,528,18218,17206,1820,73729,94,2214,1798,45,4058,526,0.00883392
5,27678.8,4182.95,7536.03,6304,8,325,10498,9538,807,37887,72,1663,1314,12,2836,442,0.00883392
5,43953.9,4182.95,7536.03,6304,14,325,10498,9538,807,37887,72,1663,1314,12,2836,442,0.00883392
5,49684,4182.95,7536.03,6304,19,325,10498,9538,807,37887,72,1663,1314,12,2836,442,0.00883392
5,55506.6,4182.95,7536.03,6304,10,325,10498,9538,807,37887,72,1663,1314,12,2836,442,0.00883392
5,56038.4,4182.95,7536.03,6304,4,325,10498,9538,807,37887,72,1663,1314,12,2836,442,0.00883392
5,17104.5,9313.62,8088,6402,3,524,18813,17915,1831,77761,62,1941,1597,21,3641,481,0.00883392
5,29395.4,9313.62,8088,6402,5,524,18813,17915,1831,77761,62,1941,1597,21,3641,481,0.00883392
5,47821.8,9313.62,8088,6402,20,524,18813,17915,1831,77761,62,1941,1597,21,3641,481,0.00883392
5,59495.8,9313.62,8088,6402,14,524,18813,17915,1831,77761,62,1941,1597,21,3641,481,0.00883392
5,70159.1,9313.62,8088,6402,21,524,18813,17915,1831,77761,62,1941,1597,21,3641,481,0.00883392
5,14514.9,1967.79,2101.93,1676,4,176,4439,3710,267,12645,33,586,417,5,881,111,0.00883392
5,16465.3,1967.79,2101.93,1676,3,176,4439,3710,267,12645,33,586,417,5,881,111,0.00883392
5,22397.9,1967.79,2101.93,1676,7,176,4439,3710,267,12645,33,586,417,5,881,111,0.00883392
5,27273.9,1967.79,2101.93,1676,11,176,4439,3710,267,12645,33,586,417,5,881,111,0.00883392
5,28800.8,1967.79,2101.93,1676,14,176,4439,3710,267,12645,33,586,417,5,881,111,0.00883392
5,28719.9,4550.46,8300.84,6633,9,337,10617,9631,981,39019,78,1920,1515,25,3368,463,0.00883392
5,31971.6,4550.46,8300.84,6633,12,337,10617,9631,981,39019,78,1920,1515,25,3368,463,0.00883392
5,37842,4550.46,8300.84,6633,5,337,10617,9631,981,39019,78,1920,1515,25,3368,463,0.00883392
5,64207.1,4550.46,8300.84,6633,20,337,10617,9631,981,39019,78,1920,1515,25,3368,463,0.00883392
5,68057.2,4550.46,8300.84,6633,23,337,10617,9631,981,39019,78,1920,1515,25,3368,463,0.00883392
5,4500.68,3554.27,3782.67,3014,5,247,8029,7181,686,27560,39,1070,831,13,1742,232,0.00883392
5,10567,3554.27,3782.67,3014,7,247,8029,7181,686,27560,39,1070,831,13,1742,232,0.00883392
5,23365.5,3554.27,3782.67,3014,8,247,8029,7181,686,27560,39,1070,831,13,1742,232,0.00883392
5,36874.7,3554.27,3782.67,3014,15,247,8029,7181,686,27560,39,1070,831,13,1742,232,0.00883392
5,46042.4,3554.27,3782.67,3014,16,247,8029,7181,686,27560,39,1070,831,13,1742,232,0.00883392
5,10320.1,3911.43,4147.62,3456,6,273,7818,6923,548,25556,43,806,593,6,1421,151,0.00883392
5,34556.2,3911.43,4147.62,3456,17,273,7818,6923,548,25556,43,806,593,6,1421,151,0.00883392
5,34978.3,3911.43,4147.62,3456,8,273,7818,6923,548,25556,43,806,593,6,1421,151,0.00883392
5,37335,3911.43,4147.62,3456,3,273,7818,6923,548,25556,43,806,593,6,1421,151,0.00883392
5,37777.5,3911.43,4147.62,3456,9,273,7818,6923,548,25556,43,806,593,6,1421,151,0.00883392
5,42250.2,12820.7,15089.3,12255,7,581,20708,19756,2250,90239,98,3681,3109,63,7675,1039,0.00883392
5,54541.1,12820.7,15089.3,12255,9,581,20708,19756,2250,90239,98,3681,3109,63,7675,1039,0.00883392
5,67800.2,12820.7,15089.3,12255,19,581,20708,19756,2250,90239,98,3681,3109,63,7675,1039,0.00883392
5,81939,12820.7,15089.3,12255,12,581,20708,19756,2250,90239,98,3681,3109,63,7675,1039,0.00883392
5,92568.9,12820.7,15089.3,12255,19,581,20708,19756,2250,90239,98,3681,3109,63,7675,1039,0.00883392
5,29581.3,5196.45,6424.23,5440,8,349,11498,10458,871,42101,57,1430,1111,10,2328,357,0.00883392
5,50612.4,5196.45,6424.23,5440,22,349,11498,10458,871,42101,57,1430,1111,10,2328,357,0.00883392
5,51931.9,5196.45,6424.23,5440,7,349,11498,10458,871,42101,57,1430,1111,10,2328,357,0.00883392
5,52045.3,5196.45,6424.23,5440,20,349,11498,10458,871,42101,57,1430,1111,10,2328,357,0.00883392
5,56460.7,5196.45,6424.23,5440,9,349,11498,10458,871,42101,57,1430,1111,10,2328,357,0.00883392
5,39389.4,12733.2,19253.5,15455,16,578,20577,19768,2248,93212,137,4333,3679,79,8693,1310,0.00883392
5,48607.4,12733.2,19253.5,15455,13,578,20577,19768,2248,93212,137,4333,3679,79,8693,1310,0.00883392
5,72372.3,12733.2,19253.5,15455,28,578,20577,19768,2248,93212,137,4333,3679,79,8693,1310,0.00883392
5,82544,12733.2,19253.5,15455,25,578,20577,19768,2248,93212,137,4333,3679,79,8693,1310,0.00883392
5,93951.5,12733.2,19253.5,15455,29,578,20577,19768,2248,93212,137,4333,3679,79,8693,1310,0.00883392
5,43402.2,8574.62,14548.9,12095,21,522,16850,15665,1673,67303,93,2850,2328,33,5423,835,0.00883392
5,45521.5,8574.62,14548.9,12095,4,522,16850,15665,1673,67303,93,2850,2328,33,5423,835,0.00883392
5,53668.9,8574.62,14548.9,12095,29,522,16850,15665,1673,67303,93,2850,2328,33,5423,835,0.00883392
5,68782,8574.62,14548.9,12095,19,522,16850,15665,1673,67303,93,2850,2328,33,5423,835,0.00883392
5,70312.4,8574.62,14548.9,12095,5,522,16850,15665,1673,67303,93,2850,2328,33,5423,835,0.00883392
5,46747.8,8254.98,20116.2,16601,19,457,14929,13721,1395,57157,126,4088,3337,53,8286,995,0.00883392
5,56871.3,8254.98,20116.2,16601,21,457,14929,13721,1395,57157,126,4088,3337,53,8286,995,0.00883392
5,64418.9,8254.98,20116.2,16601,28,457,14929,13721,1395,57157,126,4088,3337,53,8286,995,0.00883392
5,71050.2,8254.98,20116.2,16601,30,457,14929,13721,1395,57157,126,4088,3337,53,8286,995,0.00883392
5,71472.2,8254.98,20116.2,16601,21,457,14929,13721,1395,57157,126,4088,3337,53,8286,995,0.00883392
5,25979.1,3979.8,6946.51,5743,12,293,8885,7996,750,31112,66,1655,1298,20,2872,424,0.00883392
5,36320.8,3979.8,6946.51,5743,11,293,8885,7996,750,31112,66,1655,1298,20,2872,424,0.00883392
5,39531,3979.8,6946.51,5743,13,293,8885,7996,750,31112,66,1655,1298,20,2872,424,0.00883392
5,49702,3979.8,6946.51,5743,8,293,8885,7996,750,31112,66,1655,1298,20,2872,424,0.00883392
5,53136.6,3979.8,6946.51,5743,14,293,8885,7996,750,31112,66,1655,1298,20,2872,424,0.00883392
5,31429.8,7468.66,10265.2,8335,10,428,13356,12190,1151,48682,76,2166,1710,22,4194,510,0.00883392
5,41800,7468.66,10265.2,8335,10,428,13356,12190,1151,48682,76,2166,1710,22,4194,510,0.00883392
5,48942.4,7468.66,10265.2,8335,19,428,13356,12190,1151,48682,76,2166,1710,22,4194,510,0.00883392
5,55732.2,7468.66,10265.2,8335,21,428,13356,12190,1151,48682,76,2166,1710,22,4194,510,0.00883392
5,56154.2,7468.66,10265.2,8335,12,428,13356,12190,1151,48682,76,2166,1710,22,4194,510,0.00883392
5,16805.9,5969.06,5768.35,4619,6,368,12293,11172,1024,45311,69,1655,1316,36,3121,371,0.00883392
5,25650.3,5969.06,5768.35,4619,10,368,12293,11172,1024,45311,69,1655,1316,36,3121,371,0.00883392
5,43332.6,5969.06,5768.35,4619,16,368,12293,11172,1024,45311,69,1655,1316,36,3121,371,0.00883392
5,47440.5,5969.06,5768.35,4619,5,368,12293,11172,1024,45311,69,1655,1316,36,3121,371,0.00883392
5,57225.7,5969.06,5768.35,4619,23,368,12293,11172,1024,45311,69,1655,1316,36,3121,371,0.00883392
5,5704.02,3283.34,2839.38,2226,6,276,7793,6997,599,26821,44,782,587,4,1221,155,0.00883392
5,20945,3283.34,2839.38,2226,11,276,7793,6997,599,26821,44,782,587,4,1221,155,0.00883392
5,21582.2,3283.34,2839.38,2226,5,276,7793,6997,599,26821,44,782,587,4,1221,155,0.00883392
5,35097.1,3283.34,2839.38,2226,11,276,7793,6997,599,26821,44,782,587,4,1221,155,0.00883392
5,39981.7,3283.34,2839.38,2226,17,276,7793,6997,599,26821,44,782,587,4,1221,155,0.00883392
5,24898.5,3905.08,8125.16,6729,14,278,8316,7498,696,28985,64,1518,1188,19,2466,400,0.00883392
5,35867.3,3905.08,8125.16,6729,11,278,8316,7498,696,28985,64,1518,1188,19,2466,400,0.00883392
5,37598.2,3905.08,8125.16,6729,10,278,8316,7498,696,28985,64,1518,1188,19,2466,400,0.00883392
5,48147.5,3905.08,8125.16,6729,9,278,8316,7498,696,28985,64,1518,1188,19,2466,400,0.00883392
5,50803.4,3905.08,8125.16,6729,13,278,8316,7498,696,28985,64,1518,1188,19,2466,400,0.00883392
5,17271.2,3087.3,3332.38,2746,7,206,6375,5610,481,21492,33,750,584,3,916,253,0.00883392
5,25485.9,3087.3,3332.38,2746,3,206,6375,5610,481,21492,33,750,584,3,916,253,0.00883392
5,34788.9,3087.3,3332.38,2746,6,206,6375,5610,481,21492,33,750,584,3,916,253,0.00883392
5,39146.4,3087.3,3332.38,2746,17,206,6375,5610,481,21492,33,750,584,3,916,253,0.00883392
5,45197.9,3087.3,3332.38,2746,3,206,6375,5610,481,21492,33,750,584,3,916,253,0.00883392
5,12172.7,3965.96,3882.04,3178,5,277,8683,7806,602,29927,47,887,670,6,1683,156,0.00883392
5,35428.5,3965.96,3882.04,3178,11,277,8683,7806,602,29927,47,887,670,6,1683,156,0.00883392
5,35463.5,3965.96,3882.04,3178,17,277,8683,7806,602,29927,47,887,670,6,1683,156,0.00883392
5,41568,3965.96,3882.04,3178,4,277,8683,7806,602,29927,47,887,670,6,1683,156,0.00883392
5,42005.4,3965.96,3882.04,3178,11,277,8683,7806,602,29927,47,887,670,6,1683,156,0.00883392
5,19825.4,2308.39,3202.76,2525,2,207,5440,4768,373,17439,48,814,597,8,1469,123,0.00883392
5,21460.8,2308.39,3202.76,2525,8,207,5440,4768,373,17439,48,814,597,8,1469,123,0.00883392
5,32004.9,2308.39,3202.76,2525,6,207,5440,4768,373,17439,48,814,597,8,1469,123,0.00883392
5,35071.4,2308.39,3202.76,2525,13,207,5440,4768,373,17439,48,814,597,8,1469,123,0.00883392
5,35289,2308.39,3202.76,2525,11,207,5440,4768,373,17439,48,814,597,8,1469,123,0.00883392
5,27794.8,8478.2,10779.7,8631,9,465,16081,14994,1609,64723,106,2901,2354,55,6067,616,0.00883392
5,28988.7,8478.2,10779.7,8631,4,465,16081,14994,1609,64723,106,2901,2354,55,6067,616,0.00883392
5,59882.1,8478.2,10779.7,8631,22,465,16081,14994,1609,64723,106,2901,2354,55,6067,616,0.00883392
5,60659.2,8478.2,10779.7,8631,18,465,16081,14994,1609,64723,106,2901,2354,55,6067,616,0.00883392
5,73775.3,8478.2,10779.7,8631,29,465,16081,14994,1609,64723,106,2901,2354,55,6067,616,0.00883392
