K,dist,cost_ki,cost_hi,h_cost,vnum,gen_ki,push_ki,pop_ki,prune_ki,suc_call_ki,gen_hi,push_hi,pop_hi,prune_hi,suc_call_hi,reevaluate,density
4,8816.37,6116.23,7380.15,6797,13,370,11866,10238,817,38955,36,726,537,0,1226,156,0.0017934
4,10521,6116.23,7380.15,6797,6,370,11866,10238,817,38955,36,726,537,0,1226,156,0.0017934
4,12002.4,6116.23,7380.15,6797,5,370,11866,10238,817,38955,36,726,537,0,1226,156,0.0017934
4,14447.4,6116.23,7380.15,6797,10,370,11866,10238,817,38955,36,726,537,0,1226,156,0.0017934
4,18236.6,183068,394844,351482,3,3422,204047,194675,20960,1193597,952,37746,32168,1168,129273,2901,0.0017934
4,40584.9,183068,394844,351482,50,3422,204047,194675,20960,1193597,952,37746,32168,1168,129273,2901,0.0017934
4,61205.2,183068,394844,351482,12,3422,204047,194675,20960,1193597,952,37746,32168,1168,129273,2901,0.0017934
4,73468.7,183068,394844,351482,81,3422,204047,194675,20960,1193597,952,37746,32168,1168,129273,2901,0.0017934
4,6609.8,29322.4,45647.8,41536,5,1173,50177,45127,4800,200821,139,4353,3516,100,9546,754,0.0017934
4,24155,29322.4,45647.8,41536,24,1173,50177,45127,4800,200821,139,4353,3516,100,9546,754,0.0017934
4,24780.5,29322.4,45647.8,41536,26,1173,50177,45127,4800,200821,139,4353,3516,100,9546,754,0.0017934
4,26858.6,29322.4,45647.8,41536,35,1173,50177,45127,4800,200821,139,4353,3516,100,9546,754,0.0017934
4,37859.5,51498.7,181339,166581,42,1832,83555,76922,8613,401104,453,15118,12658,403,40824,2457,0.0017934
4,39331.1,51498.7,181339,166581,51,1832,83555,76922,8613,401104,453,15118,12658,403,40824,2457,0.0017934
4,41069.6,51498.7,181339,166581,35,1832,83555,76922,8613,401104,453,15118,12658,403,40824,2457,0.0017934
4,42838,51498.7,181339,166581,36,1832,83555,76922,8613,401104,453,15118,12658,403,40824,2457,0.0017934
4,28676.5,64599.2,121727,111732,34,1956,96992,90420,10329,459347,261,10177,8287,266,25268,1433,0.0017934
4,34285.1,64599.2,121727,111732,31,1956,96992,90420,10329,459347,261,10177,8287,266,25268,1433,0.0017934
4,37200.3,64599.2,121727,111732,10,1956,96992,90420,10329,459347,261,10177,8287,266,25268,1433,0.0017934
4,40716.4,64599.2,121727,111732,28,1956,96992,90420,10329,459347,261,10177,8287,266,25268,1433,0.0017934
4,5192.95,11172.6,9474.78,8733,4,610,22602,20410,2051,84476,38,964,744,2,1615,219,0.0017934
4,8485.81,11172.6,9474.78,8733,11,610,22602,20410,2051,84476,38,964,744,2,1615,219,0.0017934
4,19866.8,11172.6,9474.78,8733,12,610,22602,20410,2051,84476,38,964,744,2,1615,219,0.0017934
4,21617.5,11172.6,9474.78,8733,14,610,22602,20410,2051,84476,38,964,744,2,1615,219,0.0017934
4,6337.59,9245.23,14799.4,13612,6,559,20566,18026,1769,72560,57,1552,1192,27,3310,201,0.0017934
4,7676.32,9245.23,14799.4,13612,8,559,20566,18026,1769,72560,57,1552,1192,27,3310,201,0.0017934
4,14182.2,9245.23,14799.4,13612,16,559,20566,18026,1769,72560,57,1552,1192,27,3310,201,0.0017934
4,18493.2,9245.23,14799.4,13612,19,559,20566,18026,1769,72560,57,1552,1192,27,3310,201,0.0017934
4,36288.7,65480.2,199604,183179,35,2095,98688,91579,10193,496518,476,16016,13496,483,43205,2559,0.0017934
4,43286,65480.2,199604,183179,39,2095,98688,91579,10193,496518,476,16016,13496,483,43205,2559,0.0017934
4,45052.9,65480.2,199604,183179,41,2095,98688,91579,10193,496518,476,16016,13496,483,43205,2559,0.0017934
4,46821.3,65480.2,199604,183179,42,2095,98688,91579,10193,496518,476,16016,13496,483,43205,2559,0.0017934
4,11948.6,73414.1,74923.3,69037,13,2384,106380,97866,10957,475487,166,5932,4837,96,13894,1180,0.0017934
4,32127.3,73414.1,74923.3,69037,22,2384,106380,97866,10957,475487,166,5932,4837,96,13894,1180,0.0017934
4,36391.4,73414.1,74923.3,69037,11,2384,106380,97866,10957,475487,166,5932,4837,96,13894,1180,0.0017934
4,37777.8,73414.1,74923.3,69037,10,2384,106380,97866,10957,475487,166,5932,4837,96,13894,1180,0.0017934
4,13632.1,44330,22211.7,20208,4,1472,64550,58936,6496,268186,95,2307,1741,24,4502,279,0.0017934
4,15313.5,44330,22211.7,20208,4,1472,64550,58936,6496,268186,95,2307,1741,24,4502,279,0.0017934
4,24462.4,44330,22211.7,20208,6,1472,64550,58936,6496,268186,95,2307,1741,24,4502,279,0.0017934
4,29930.7,44330,22211.7,20208,41,1472,64550,58936,6496,268186,95,2307,1741,24,4502,279,0.0017934
4,7003.02,63119.3,54025.9,49109,6,1977,96066,89933,10029,463475,153,5335,4347,108,13183,846,0.0017934
4,23926.3,63119.3,54025.9,49109,34,1977,96066,89933,10029,463475,153,5335,4347,108,13183,846,0.0017934
4,32377.6,63119.3,54025.9,49109,4,1977,96066,89933,10029,463475,153,5335,4347,108,13183,846,0.0017934
4,44775,63119.3,54025.9,49109,42,1977,96066,89933,10029,463475,153,5335,4347,108,13183,846,0.0017934
4,26546.8,122505,304655,276290,27,2979,166889,157819,17523,932946,720,27422,23242,665,85675,2881,0.0017934
4,59694.2,122505,304655,276290,20,2979,166889,157819,17523,932946,720,27422,23242,665,85675,2881,0.0017934
4,66988.7,122505,304655,276290,38,2979,166889,157819,17523,932946,720,27422,23242,665,85675,2881,0.0017934
4,68203.9,122505,304655,276290,72,2979,166889,157819,17523,932946,720,27422,23242,665,85675,2881,0.0017934
4,8249.89,37827.7,47448.7,43365,8,1292,54739,49303,5234,221871,148,4360,3459,87,10214,630,0.0017934
4,24698.8,37827.7,47448.7,43365,35,1292,54739,49303,5234,221871,148,4360,3459,87,10214,630,0.0017934
4,27047.8,37827.7,47448.7,43365,26,1292,54739,49303,5234,221871,148,4360,3459,87,10214,630,0.0017934
4,27673.2,37827.7,47448.7,43365,28,1292,54739,49303,5234,221871,148,4360,3459,87,10214,630,0.0017934
4,23008.9,41617.2,142574,130053,37,1345,62513,58472,6705,298905,368,12720,10553,341,34044,1851,0.0017934
4,33998.4,41617.2,142574,130053,26,1345,62513,58472,6705,298905,368,12720,10553,341,34044,1851,0.0017934
4,36069.3,41617.2,142574,130053,27,1345,62513,58472,6705,298905,368,12720,10553,341,34044,1851,0.0017934
4,45454.2,41617.2,142574,130053,52,1345,62513,58472,6705,298905,368,12720,10553,341,34044,1851,0.0017934
4,7215.02,97258.2,63846.2,58469,6,2733,130369,121500,13243,630811,162,5669,4649,86,13869,1118,0.0017934
4,39031.4,97258.2,63846.2,58469,28,2733,130369,121500,13243,630811,162,5669,4649,86,13869,1118,0.0017934
4,41649.8,97258.2,63846.2,58469,8,2733,130369,121500,13243,630811,162,5669,4649,86,13869,1118,0.0017934
4,43116.1,97258.2,63846.2,58469,6,2733,130369,121500,13243,630811,162,5669,4649,86,13869,1118,0.0017934
4,38847.4,127074,310458,282634,43,2898,166302,157037,17662,957102,696,25637,21704,704,73241,4202,0.0017934
4,74523.9,127074,310458,282634,14,2898,166302,157037,17662,957102,696,25637,21704,704,73241,4202,0.0017934
4,75095.3,127074,310458,282634,68,2898,166302,157037,17662,957102,696,25637,21704,704,73241,4202,0.0017934
4,76882.6,127074,310458,282634,70,2898,166302,157037,17662,957102,696,25637,21704,704,73241,4202,0.0017934
4,29521.1,90121.7,137797,125837,17,2175,110184,103707,11617,548149,338,12579,10126,266,30885,1642,0.0017934
4,37793.8,90121.7,137797,125837,30,2175,110184,103707,11617,548149,338,12579,10126,266,30885,1642,0.0017934
4,38038.2,90121.7,137797,125837,4,2175,110184,103707,11617,548149,338,12579,10126,266,30885,1642,0.0017934
4,42077.2,90121.7,137797,125837,54,2175,110184,103707,11617,548149,338,12579,10126,266,30885,1642,0.0017934
4,8926.77,11989.1,19501.2,17897,12,645,23933,21049,2096,86095,72,1994,1518,25,4020,251,0.0017934
4,9014.69,11989.1,19501.2,17897,10,645,23933,21049,2096,86095,72,1994,1518,25,4020,251,0.0017934
4,17295.4,11989.1,19501.2,17897,13,645,23933,21049,2096,86095,72,1994,1518,25,4020,251,0.0017934
4,19724.9,11989.1,19501.2,17897,18,645,23933,21049,2096,86095,72,1994,1518,25,4020,251,0.0017934
4,8345.32,24748.1,36402.4,33355,6,1169,46836,41993,4384,182777,117,3473,2734,51,8111,437,0.0017934
4,15390.9,24748.1,36402.4,33355,23,1169,46836,41993,4384,182777,117,3473,2734,51,8111,437,0.0017934
4,25159,24748.1,36402.4,33355,22,1169,46836,41993,4384,182777,117,3473,2734,51,8111,437,0.0017934
4,25781.2,24748.1,36402.4,33355,20,1169,46836,41993,4384,182777,117,3473,2734,51,8111,437,0.0017934
4,26783.3,131886,141008,128832,15,3142,175632,166531,18426,1002966,328,12997,10806,182,32013,2520,0.0017934
4,40712.4,131886,141008,128832,7,3142,175632,166531,18426,1002966,328,12997,10806,182,32013,2520,0.0017934
4,62328.4,131886,141008,128832,35,3142,175632,166531,18426,1002966,328,12997,10806,182,32013,2520,0.0017934
4,65669.7,131886,141008,128832,7,3142,175632,166531,18426,1002966,328,12997,10806,182,32013,2520,0.0017934
4,30595.3,71311.2,155484,141867,21,2065,107655,101097,11591,537132,334,13725,11333,349,38502,1790,0.0017934
4,34351.9,71311.2,155484,141867,17,2065,107655,101097,11591,537132,334,13725,11333,349,38502,1790,0.0017934
4,39264.4,71311.2,155484,141867,39,2065,107655,101097,11591,537132,334,13725,11333,349,38502,1790,0.0017934
4,45532.4,71311.2,155484,141867,37,2065,107655,101097,11591,537132,334,13725,11333,349,38502,1790,0.0017934
4,18532.3,32084.9,78202.8,71613,22,1229,52577,48375,5387,239064,222,7387,5990,147,17535,1170,0.0017934
4,23606.6,32084.9,78202.8,71613,19,1229,52577,48375,5387,239064,222,7387,5990,147,17535,1170,0.0017934
4,25910.7,32084.9,78202.8,71613,23,1229,52577,48375,5387,239064,222,7387,5990,147,17535,1170,0.0017934
4,37229.2,32084.9,78202.8,71613,18,1229,52577,48375,5387,239064,222,7387,5990,147,17535,1170,0.0017934
4,28084.6,154159,193690,176324,42,3322,184717,175708,19427,1044690,449,16944,14179,373,48963,2765,0.0017934
4,30788.3,154159,193690,176324,16,3322,184717,175708,19427,1044690,449,16944,14179,373,48963,2765,0.0017934
4,55534.2,154159,193690,176324,24,3322,184717,175708,19427,1044690,449,16944,14179,373,48963,2765,0.0017934
4,63702.6,154159,193690,176324,26,3322,184717,175708,19427,1044690,449,16944,14179,373,48963,2765,0.0017934
4,5989.72,20120.2,30712.6,28294,10,823,30464,27464,2909,125406,99,2841,2207,34,6400,298,0.0017934
4,19698.4,20120.2,30712.6,28294,11,823,30464,27464,2909,125406,99,2841,2207,34,6400,298,0.0017934
4,23429.6,20120.2,30712.6,28294,27,823,30464,27464,2909,125406,99,2841,2207,34,6400,298,0.0017934
4,23504.8,20120.2,30712.6,28294,32,823,30464,27464,2909,125406,99,2841,2207,34,6400,298,0.0017934
4,16490.5,30081,87421.3,79863,18,1176,51438,47646,5619,249087,249,8087,6580,216,22646,858,0.0017934
4,35836.6,30081,87421.3,79863,19,1176,51438,47646,5619,249087,249,8087,6580,216,22646,858,0.0017934
4,44417.3,30081,87421.3,79863,45,1176,51438,47646,5619,249087,249,8087,6580,216,22646,858,0.0017934
4,44511.3,30081,87421.3,79863,45,1176,51438,47646,5619,249087,249,8087,6580,216,22646,858,0.0017934
4,31207.1,160802,196972,179797,33,3312,187199,178115,19364,1079178,455,17468,14652,317,50992,2922,0.0017934
4,32126.3,160802,196972,179797,5,3312,187199,178115,19364,1079178,455,17468,14652,317,50992,2922,0.0017934
4,61264.1,160802,196972,179797,24,3312,187199,178115,19364,1079178,455,17468,14652,317,50992,2922,0.0017934
4,68075.4,160802,196972,179797,17,3312,187199,178115,19364,1079178,455,17468,14652,317,50992,2922,0.0017934
4,24897.7,83211.6,73231.6,67255,32,2223,111874,104038,11854,534216,165,6726,5470,145,13072,1734,0.0017934
4,29652.7,83211.6,73231.6,67255,27,2223,111874,104038,11854,534216,165,6726,5470,145,13072,1734,0.0017934
4,34143.6,83211.6,73231.6,67255,22,2223,111874,104038,11854,534216,165,6726,5470,145,13072,1734,0.0017934
4,42516.6,83211.6,73231.6,67255,4,2223,111874,104038,11854,534216,165,6726,5470,145,13072,1734,0.0017934
4,5862.82,4717.86,4865.49,4499,5,321,10545,9028,776,34699,21,500,351,0,683,96,0.0017934
4,7613.54,4717.86,4865.49,4499,7,321,10545,9028,776,34699,21,500,351,0,683,96,0.0017934
4,13302.2,4717.86,4865.49,4499,13,321,10545,9028,776,34699,21,500,351,0,683,96,0.0017934
4,13603.7,4717.86,4865.49,4499,6,321,10545,9028,776,34699,21,500,351,0,683,96,0.0017934
4,14238.3,32373.6,57445.6,52283,4,1295,56296,52641,5805,255664,195,5541,4394,83,13392,654,0.0017934
4,19661.2,32373.6,57445.6,52283,23,1295,56296,52641,5805,255664,195,5541,4394,83,13392,654,0.0017934
4,34421.2,32373.6,57445.6,52283,35,1295,56296,52641,5805,255664,195,5541,4394,83,13392,654,0.0017934
4,34837.1,32373.6,57445.6,52283,22,1295,56296,52641,5805,255664,195,5541,4394,83,13392,654,0.0017934
4,19479.7,108382,160876,145440,4,2848,145614,137724,15431,791073,418,14662,12048,415,36278,2457,0.0017934
4,49767.2,108382,160876,145440,53,2848,145614,137724,15431,791073,418,14662,12048,415,36278,2457,0.0017934
4,51554.5,108382,160876,145440,55,2848,145614,137724,15431,791073,418,14662,12048,415,36278,2457,0.0017934
4,55952.5,108382,160876,145440,13,2848,145614,137724,15431,791073,418,14662,12048,415,36278,2457,0.0017934
4,18917.4,30329.1,53364.5,49089,10,1221,52008,48035,5375,237301,156,4741,3791,66,10353,751,0.0017934
4,18951.5,30329.1,53364.5,49089,21,1221,52008,48035,5375,237301,156,4741,3791,66,10353,751,0.0017934
4,27755.2,30329.1,53364.5,49089,19,1221,52008,48035,5375,237301,156,4741,3791,66,10353,751,0.0017934
4,35936.2,30329.1,53364.5,49089,24,1221,52008,48035,5375,237301,156,4741,3791,66,10353,751,0.0017934
4,23195.4,87785.6,87263.5,79539,23,2478,124130,115345,12924,597232,225,8198,6652,149,19766,1229,0.0017934
4,28717.7,87785.6,87263.5,79539,32,2478,124130,115345,12924,597232,225,8198,6652,149,19766,1229,0.0017934
4,30561,87785.6,87263.5,79539,6,2478,124130,115345,12924,597232,225,8198,6652,149,19766,1229,0.0017934
4,42377.6,87785.6,87263.5,79539,39,2478,124130,115345,12924,597232,225,8198,6652,149,19766,1229,0.0017934
4,10805.3,80045.8,92821.1,84862,15,2282,112722,105653,12144,556281,225,8268,6780,189,19469,1513,0.0017934
4,26694,80045.8,92821.1,84862,29,2282,112722,105653,12144,556281,225,8268,6780,189,19469,1513,0.0017934
4,31218.9,80045.8,92821.1,84862,15,2282,112722,105653,12144,556281,225,8268,6780,189,19469,1513,0.0017934
4,46240.5,80045.8,92821.1,84862,49,2282,112722,105653,12144,556281,225,8268,6780,189,19469,1513,0.0017934
4,17021,126092,147948,135101,18,3018,155972,147127,16367,837151,360,13059,10837,240,33185,2229,0.0017934
4,43459.9,126092,147948,135101,34,3018,155972,147127,16367,837151,360,13059,10837,240,33185,2229,0.0017934
4,52633,126092,147948,135101,35,3018,155972,147127,16367,837151,360,13059,10837,240,33185,2229,0.0017934
4,55312,126092,147948,135101,7,3018,155972,147127,16367,837151,360,13059,10837,240,33185,2229,0.0017934
4,24392.5,80267,177597,161518,22,2180,118130,111350,13105,611736,438,16115,13253,304,42630,2315,0.0017934
4,40148.5,80267,177597,161518,28,2180,118130,111350,13105,611736,438,16115,13253,304,42630,2315,0.0017934
4,50063.5,80267,177597,161518,47,2180,118130,111350,13105,611736,438,16115,13253,304,42630,2315,0.0017934
4,53660.7,80267,177597,161518,18,2180,118130,111350,13105,611736,438,16115,13253,304,42630,2315,0.0017934
4,8129.4,74923.2,76148.2,69435,8,2381,108626,100864,11103,513417,210,7000,5697,130,16858,1133,0.0017934
4,36289.5,74923.2,76148.2,69435,29,2381,108626,100864,11103,513417,210,7000,5697,130,16858,1133,0.0017934
4,38069.4,74923.2,76148.2,69435,29,2381,108626,100864,11103,513417,210,7000,5697,130,16858,1133,0.0017934
4,38753.6,74923.2,76148.2,69435,52,2381,108626,100864,11103,513417,210,7000,5697,130,16858,1133,0.0017934
4,8241.19,29401.4,36323.4,33101,3,1196,49229,44357,4786,193690,133,3478,2667,50,7821,401,0.0017934
4,17178.5,29401.4,36323.4,33101,14,1196,49229,44357,4786,193690,133,3478,2667,50,7821,401,0.0017934
4,25964.4,29401.4,36323.4,33101,26,1196,49229,44357,4786,193690,133,3478,2667,50,7821,401,0.0017934
4,26382.3,29401.4,36323.4,33101,18,1196,49229,44357,4786,193690,133,3478,2667,50,7821,401,0.0017934
4,13302.4,16677.8,33067.5,30368,16,811,30010,27135,2967,124935,130,3229,2464,56,7184,382,0.0017934
4,13806.7,16677.8,33067.5,30368,11,811,30010,27135,2967,124935,130,3229,2464,56,7184,382,0.0017934
4,26490.4,16677.8,33067.5,30368,22,811,30010,27135,2967,124935,130,3229,2464,56,7184,382,0.0017934
4,26710.7,16677.8,33067.5,30368,21,811,30010,27135,2967,124935,130,3229,2464,56,7184,382,0.0017934
4,6599.37,62824.9,61819.6,56298,5,1939,95189,89109,9959,459871,166,5938,4815,103,14088,1028,0.0017934
4,24202.3,62824.9,61819.6,56298,33,1939,95189,89109,9959,459871,166,5938,4815,103,14088,1028,0.0017934
4,33292.6,62824.9,61819.6,56298,8,1939,95189,89109,9959,459871,166,5938,4815,103,14088,1028,0.0017934
4,45059.2,62824.9,61819.6,56298,41,1939,95189,89109,9959,459871,166,5938,4815,103,14088,1028,0.0017934
4,18850.8,30435,49570.1,45537,23,1294,54456,49025,5222,217634,136,4450,3590,77,10332,841,0.0017934
4,23545.3,30435,49570.1,45537,25,1294,54456,49025,5222,217634,136,4450,3590,77,10332,841,0.0017934
4,26789,30435,49570.1,45537,16,1294,54456,49025,5222,217634,136,4450,3590,77,10332,841,0.0017934
4,28103.6,30435,49570.1,45537,24,1294,54456,49025,5222,217634,136,4450,3590,77,10332,841,0.0017934
4,8037.75,31533.5,39200.1,35829,8,1311,55480,50062,5373,224302,133,3638,2884,73,9263,332,0.0017934
4,19702.7,31533.5,39200.1,35829,26,1311,55480,50062,5373,224302,133,3638,2884,73,9263,332,0.0017934
4,27668.2,31533.5,39200.1,35829,31,1311,55480,50062,5373,224302,133,3638,2884,73,9263,332,0.0017934
4,27732.3,31533.5,39200.1,35829,35,1311,55480,50062,5373,224302,133,3638,2884,73,9263,332,0.0017934
4,24273.7,84360.9,99826.5,91118,22,2360,117992,109340,12427,556397,264,9287,7487,175,21975,1322,0.0017934
4,33406.5,84360.9,99826.5,91118,43,2360,117992,109340,12427,556397,264,9287,7487,175,21975,1322,0.0017934
4,33503.9,84360.9,99826.5,91118,7,2360,117992,109340,12427,556397,264,9287,7487,175,21975,1322,0.0017934
4,40483.7,84360.9,99826.5,91118,25,2360,117992,109340,12427,556397,264,9287,7487,175,21975,1322,0.0017934
4,14805.7,19013.2,52143.7,47764,16,901,34807,31755,3543,156446,174,4784,3779,120,11454,593,0.0017934
4,18693.8,19013.2,52143.7,47764,16,901,34807,31755,3543,156446,174,4784,3779,120,11454,593,0.0017934
4,31597.8,19013.2,52143.7,47764,27,901,34807,31755,3543,156446,174,4784,3779,120,11454,593,0.0017934
4,31684.4,19013.2,52143.7,47764,30,901,34807,31755,3543,156446,174,4784,3779,120,11454,593,0.0017934
4,13944.3,35076.3,30766.1,28512,11,1413,57756,51985,5527,236845,73,2475,1953,13,4599,577,0.0017934
4,15729.9,35076.3,30766.1,28512,14,1413,57756,51985,5527,236845,73,2475,1953,13,4599,577,0.0017934
4,22799.6,35076.3,30766.1,28512,16,1413,57756,51985,5527,236845,73,2475,1953,13,4599,577,0.0017934
4,28513.9,35076.3,30766.1,28512,5,1413,57756,51985,5527,236845,73,2475,1953,13,4599,577,0.0017934
4,24841.6,35576.2,127397,116398,28,1318,60831,56709,6598,291794,342,11441,9440,283,27750,1900,0.0017934
4,36444.1,35576.2,127397,116398,30,1318,60831,56709,6598,291794,342,11441,9440,283,27750,1900,0.0017934
4,37245.8,35576.2,127397,116398,30,1318,60831,56709,6598,291794,342,11441,9440,283,27750,1900,0.0017934
4,45907.5,35576.2,127397,116398,18,1318,60831,56709,6598,291794,342,11441,9440,283,27750,1900,0.0017934
4,16983.5,80075.4,243519,221820,18,2092,113639,107170,12295,584591,587,22150,18593,500,64366,2448,0.0017934
4,47831.8,80075.4,243519,221820,34,2092,113639,107170,12295,584591,587,22150,18593,500,64366,2448,0.0017934
4,51105.7,80075.4,243519,221820,30,2092,113639,107170,12295,584591,587,22150,18593,500,64366,2448,0.0017934
4,53031.8,80075.4,243519,221820,45,2092,113639,107170,12295,584591,587,22150,18593,500,64366,2448,0.0017934
4,29485,85710.6,135553,123506,22,2373,119521,111439,12440,575472,368,12730,10271,274,31762,1734,0.0017934
4,35112.6,85710.6,135553,123506,17,2373,119521,111439,12440,575472,368,12730,10271,274,31762,1734,0.0017934
4,36916.7,85710.6,135553,123506,23,2373,119521,111439,12440,575472,368,12730,10271,274,31762,1734,0.0017934
4,40452.6,85710.6,135553,123506,48,2373,119521,111439,12440,575472,368,12730,10271,274,31762,1734,0.0017934
4,30227.3,71861.6,121220,111427,33,2117,106533,98901,11211,498146,272,10280,8304,189,23013,1877,0.0017934
4,36027.2,71861.6,121220,111427,47,2117,106533,98901,11211,498146,272,10280,8304,189,23013,1877,0.0017934
4,37978.1,71861.6,121220,111427,21,2117,106533,98901,11211,498146,272,10280,8304,189,23013,1877,0.0017934
4,39032.6,71861.6,121220,111427,4,2117,106533,98901,11211,498146,272,10280,8304,189,23013,1877,0.0017934
4,7748.73,30214.2,65040.8,59376,9,1167,49068,45573,4986,218863,201,5642,4489,90,12482,848,0.0017934
4,26642,30214.2,65040.8,59376,17,1167,49068,45573,4986,218863,201,5642,4489,90,12482,848,0.0017934
4,26876.9,30214.2,65040.8,59376,39,1167,49068,45573,4986,218863,201,5642,4489,90,12482,848,0.0017934
4,29356.3,30214.2,65040.8,59376,29,1167,49068,45573,4986,218863,201,5642,4489,90,12482,848,0.0017934
4,5639.14,9874.98,19449.5,18060,7,489,18816,16469,1532,66926,55,1497,1153,13,3101,219,0.0017934
4,5919.84,9874.98,19449.5,18060,4,489,18816,16469,1532,66926,55,1497,1153,13,3101,219,0.0017934
4,14413.1,9874.98,19449.5,18060,23,489,18816,16469,1532,66926,55,1497,1153,13,3101,219,0.0017934
4,17466.9,9874.98,19449.5,18060,19,489,18816,16469,1532,66926,55,1497,1153,13,3101,219,0.0017934
4,29451.6,102976,239772,217744,4,2592,138180,130284,14567,760849,569,21018,17897,671,65089,3380,0.0017934
4,57425,102976,239772,217744,62,2592,138180,130284,14567,760849,569,21018,17897,671,65089,3380,0.0017934
4,59212.2,102976,239772,217744,64,2592,138180,130284,14567,760849,569,21018,17897,671,65089,3380,0.0017934
4,60200.5,102976,239772,217744,36,2592,138180,130284,14567,760849,569,21018,17897,671,65089,3380,0.0017934
4,23796,96371.6,207509,188655,26,2245,123551,116456,13774,650776,527,19051,15755,352,51258,2587,0.0017934
4,42339.9,96371.6,207509,188655,16,2245,123551,116456,13774,650776,527,19051,15755,352,51258,2587,0.0017934
4,56010.5,96371.6,207509,188655,63,2245,123551,116456,13774,650776,527,19051,15755,352,51258,2587,0.0017934
4,59515.2,96371.6,207509,188655,25,2245,123551,116456,13774,650776,527,19051,15755,352,51258,2587,0.0017934
4,14850.5,29708.3,24391.1,22236,6,1276,51252,46331,4851,213383,100,2537,1898,27,5054,383,0.0017934
4,16116.8,29708.3,24391.1,22236,10,1276,51252,46331,4851,213383,100,2537,1898,27,5054,383,0.0017934
4,18490.7,29708.3,24391.1,22236,15,1276,51252,46331,4851,213383,100,2537,1898,27,5054,383,0.0017934
4,27437.1,29708.3,24391.1,22236,27,1276,51252,46331,4851,213383,100,2537,1898,27,5054,383,0.0017934
4,20391.9,57919.6,74292,67994,4,1993,89802,81733,8805,387942,209,6497,5308,166,15286,1114,0.0017934
4,26540.2,57919.6,74292,67994,24,1993,89802,81733,8805,387942,209,6497,5308,166,15286,1114,0.0017934
4,33645.7,57919.6,74292,67994,32,1993,89802,81733,8805,387942,209,6497,5308,166,15286,1114,0.0017934
4,34691.7,57919.6,74292,67994,33,1993,89802,81733,8805,387942,209,6497,5308,166,15286,1114,0.0017934
4,9030.15,34642.1,50372.1,46004,5,1414,58718,53019,5624,238859,160,4628,3648,99,12309,285,0.0017934
4,18080.7,34642.1,50372.1,46004,20,1414,58718,53019,5624,238859,160,4628,3648,99,12309,285,0.0017934
4,28428.3,34642.1,50372.1,46004,31,1414,58718,53019,5624,238859,160,4628,3648,99,12309,285,0.0017934
4,28486,34642.1,50372.1,46004,28,1414,58718,53019,5624,238859,160,4628,3648,99,12309,285,0.0017934
4,19004,23630.3,30480.7,28040,16,993,41642,37249,3798,160362,90,2720,2132,16,5242,486,0.0017934
4,23106.8,23630.3,30480.7,28040,5,993,41642,37249,3798,160362,90,2720,2132,16,5242,486,0.0017934
4,24134.4,23630.3,30480.7,28040,37,993,41642,37249,3798,160362,90,2720,2132,16,5242,486,0.0017934
4,24885.6,23630.3,30480.7,28040,5,993,41642,37249,3798,160362,90,2720,2132,16,5242,486,0.0017934
4,26485.9,39652.3,141470,128842,32,1386,65606,61360,7043,317447,363,13270,11043,338,34551,2093,0.0017934
4,33454.5,39652.3,141470,128842,19,1386,65606,61360,7043,317447,363,13270,11043,338,34551,2093,0.0017934
4,40480.2,39652.3,141470,128842,31,1386,65606,61360,7043,317447,363,13270,11043,338,34551,2093,0.0017934
4,48931.3,39652.3,141470,128842,47,1386,65606,61360,7043,317447,363,13270,11043,338,34551,2093,0.0017934
4,12472.2,30696.7,29588.1,27042,14,1363,55901,50450,5479,222517,111,2916,2229,19,5717,416,0.0017934
4,12965.6,30696.7,29588.1,27042,9,1363,55901,50450,5479,222517,111,2916,2229,19,5717,416,0.0017934
4,26754.3,30696.7,29588.1,27042,37,1363,55901,50450,5479,222517,111,2916,2229,19,5717,416,0.0017934
4,27911.8,30696.7,29588.1,27042,10,1363,55901,50450,5479,222517,111,2916,2229,19,5717,416,0.0017934
4,21923.6,56266.4,183724,167440,5,1730,90258,83839,9708,441698,416,16154,13285,384,44740,1486,0.0017934
4,43183.7,56266.4,183724,167440,38,1730,90258,83839,9708,441698,416,16154,13285,384,44740,1486,0.0017934
4,46374.5,56266.4,183724,167440,42,1730,90258,83839,9708,441698,416,16154,13285,384,44740,1486,0.0017934
4,46572.6,56266.4,183724,167440,46,1730,90258,83839,9708,441698,416,16154,13285,384,44740,1486,0.0017934
4,18273.5,88820.3,225938,205068,14,2334,122102,115340,13012,625732,561,21371,17902,507,62424,2320,0.0017934
4,42573.7,88820.3,225938,205068,31,2334,122102,115340,13012,625732,561,21371,17902,507,62424,2320,0.0017934
4,48113.2,88820.3,225938,205068,33,2334,122102,115340,13012,625732,561,21371,17902,507,62424,2320,0.0017934
4,50642.4,88820.3,225938,205068,56,2334,122102,115340,13012,625732,561,21371,17902,507,62424,2320,0.0017934
4,18170.4,60925.7,191796,174150,5,1788,92729,86065,9989,454884,425,17441,14619,471,49569,1996,0.0017934
4,44036.8,60925.7,191796,174150,40,1788,92729,86065,9989,454884,425,17441,14619,471,49569,1996,0.0017934
4,45732.7,60925.7,191796,174150,34,1788,92729,86065,9989,454884,425,17441,14619,471,49569,1996,0.0017934
4,47058.5,60925.7,191796,174150,39,1788,92729,86065,9989,454884,425,17441,14619,471,49569,1996,0.0017934
4,9410.55,106357,297454,268244,13,2689,152338,143979,15859,812842,730,28401,24175,818,88892,2845,0.0017934
4,45513.4,106357,297454,268244,47,2689,152338,143979,15859,812842,730,28401,24175,818,88892,2845,0.0017934
4,58073.9,106357,297454,268244,37,2689,152338,143979,15859,812842,730,28401,24175,818,88892,2845,0.0017934
4,61997.2,106357,297454,268244,59,2689,152338,143979,15859,812842,730,28401,24175,818,88892,2845,0.0017934
4,25244.1,58791.7,101519,92153,15,2003,90110,83884,9433,444436,317,9911,8094,227,26655,1316,0.0017934
4,29173.9,58791.7,101519,92153,23,2003,90110,83884,9433,444436,317,9911,8094,227,26655,1316,0.0017934
4,30924.6,58791.7,101519,92153,31,2003,90110,83884,9433,444436,317,9911,8094,227,26655,1316,0.0017934
4,40852.1,58791.7,101519,92153,53,2003,90110,83884,9433,444436,317,9911,8094,227,26655,1316,0.0017934
4,18682.1,29560.2,50217,46037,27,1221,51468,47561,5264,234452,165,4826,3873,68,10337,839,0.0017934
4,19314.8,29560.2,50217,46037,10,1221,51468,47561,5264,234452,165,4826,3873,68,10337,839,0.0017934
4,27395.6,29560.2,50217,46037,17,1221,51468,47561,5264,234452,165,4826,3873,68,10337,839,0.0017934
4,35807.4,29560.2,50217,46037,23,1221,51468,47561,5264,234452,165,4826,3873,68,10337,839,0.0017934
4,9817.5,137218,342751,309182,4,2921,170642,161706,17657,941244,787,31267,26638,877,100050,3042,0.0017934
4,46864.3,137218,342751,309182,47,2921,170642,161706,17657,941244,787,31267,26638,877,100050,3042,0.0017934
4,63420.7,137218,342751,309182,26,2921,170642,161706,17657,941244,787,31267,26638,877,100050,3042,0.0017934
4,68790.8,137218,342751,309182,53,2921,170642,161706,17657,941244,787,31267,26638,877,100050,3042,0.0017934
4,4722.46,24108.4,24929.4,22747,5,914,36381,32381,3305,140551,92,2550,1957,30,6155,268,0.0017934
4,6490.83,24108.4,24929.4,22747,6,914,36381,32381,3305,140551,92,2550,1957,30,6155,268,0.0017934
4,22649.8,24108.4,24929.4,22747,12,914,36381,32381,3305,140551,92,2550,1957,30,6155,268,0.0017934
4,23532,24108.4,24929.4,22747,19,914,36381,32381,3305,140551,92,2550,1957,30,6155,268,0.0017934
4,4742.61,16490.6,16755,15280,5,789,32618,28973,3000,123472,57,1741,1338,19,3976,221,0.0017934
4,5795.87,16490.6,16755,15280,7,789,32618,28973,3000,123472,57,1741,1338,19,3976,221,0.0017934
4,15511.5,16490.6,16755,15280,12,789,32618,28973,3000,123472,57,1741,1338,19,3976,221,0.0017934
4,22319.7,16490.6,16755,15280,29,789,32618,28973,3000,123472,57,1741,1338,19,3976,221,0.0017934
4,34353.7,119368,249534,227486,40,2884,166297,157026,17726,947877,590,22220,18721,544,61610,3849,0.0017934
4,68655.5,119368,249534,227486,16,2884,166297,157026,17726,947877,590,22220,18721,544,61610,3849,0.0017934
4,71628.8,119368,249534,227486,57,2884,166297,157026,17726,947877,590,22220,18721,544,61610,3849,0.0017934
4,73416.1,119368,249534,227486,59,2884,166297,157026,17726,947877,590,22220,18721,544,61610,3849,0.0017934
4,15277.6,47861.4,45591.1,42230,14,1404,58997,53502,5567,248186,103,3243,2572,38,6158,779,0.0017934
4,17046,47861.4,45591.1,42230,15,1404,58997,53502,5567,248186,103,3243,2572,38,6158,779,0.0017934
4,26444.6,47861.4,45591.1,42230,18,1404,58997,53502,5567,248186,103,3243,2572,38,6158,779,0.0017934
4,29085.8,47861.4,45591.1,42230,4,1404,58997,53502,5567,248186,103,3243,2572,38,6158,779,0.0017934
4,512.258,95477.6,369924,333344,2,2464,141622,133828,14830,753661,849,33741,28877,977,108627,3374,0.0017934
4,54365.7,95477.6,369924,333344,56,2464,141622,133828,14830,753661,849,33741,28877,977,108627,3374,0.0017934
4,63780.5,95477.6,369924,333344,51,2464,141622,133828,14830,753661,849,33741,28877,977,108627,3374,0.0017934
4,65958.7,95477.6,369924,333344,45,2464,141622,133828,14830,753661,849,33741,28877,977,108627,3374,0.0017934
4,21817.9,83949,104191,94781,22,2411,119994,111301,12599,569967,281,9524,7640,209,24222,1061,0.0017934
4,31009.3,83949,104191,94781,5,2411,119994,111301,12599,569967,281,9524,7640,209,24222,1061,0.0017934
4,31427.5,83949,104191,94781,37,2411,119994,111301,12599,569967,281,9524,7640,209,24222,1061,0.0017934
4,40870.5,83949,104191,94781,39,2411,119994,111301,12599,569967,281,9524,7640,209,24222,1061,0.0017934
4,15544,19673.7,50247,46151,16,904,34808,31782,3518,156938,162,4744,3768,80,10734,794,0.0017934
4,18363.2,19673.7,50247,46151,16,904,34808,31782,3518,156938,162,4744,3768,80,10734,794,0.0017934
4,31267.2,19673.7,50247,46151,27,904,34808,31782,3518,156938,162,4744,3768,80,10734,794,0.0017934
4,32016.3,19673.7,50247,46151,25,904,34808,31782,3518,156938,162,4744,3768,80,10734,794,0.0017934
4,15600.7,38869.4,43039,39417,24,1501,62600,58121,6423,305528,182,4195,3282,75,9496,570,0.0017934
4,28975.3,38869.4,43039,39417,11,1501,62600,58121,6423,305528,182,4195,3282,75,9496,570,0.0017934
4,29529.9,38869.4,43039,39417,7,1501,62600,58121,6423,305528,182,4195,3282,75,9496,570,0.0017934
4,36316.8,38869.4,43039,39417,38,1501,62600,58121,6423,305528,182,4195,3282,75,9496,570,0.0017934
4,31920.3,75926,125254,114417,9,2206,112798,106119,12202,568664,311,11610,9508,310,29084,1712,0.0017934
4,33200.3,75926,125254,114417,38,2206,112798,106119,12202,568664,311,11610,9508,310,29084,1712,0.0017934
4,38893.4,75926,125254,114417,42,2206,112798,106119,12202,568664,311,11610,9508,310,29084,1712,0.0017934
4,45821.8,75926,125254,114417,31,2206,112798,106119,12202,568664,311,11610,9508,310,29084,1712,0.0017934
4,32893.5,91540.9,140600,128366,27,2309,117133,109822,12348,572795,347,12423,10018,257,30571,1682,0.0017934
4,33499.5,91540.9,140600,128366,19,2309,117133,109822,12348,572795,347,12423,10018,257,30571,1682,0.0017934
4,35950.4,91540.9,140600,128366,11,2309,117133,109822,12348,572795,347,12423,10018,257,30571,1682,0.0017934
4,41248.8,91540.9,140600,128366,49,2309,117133,109822,12348,572795,347,12423,10018,257,30571,1682,0.0017934
4,31401.6,86625.1,152414,138974,16,2198,114640,107950,12352,581249,349,13870,11541,401,37543,1892,0.0017934
4,33283.2,86625.1,152414,138974,27,2198,114640,107950,12352,581249,349,13870,11541,401,37543,1892,0.0017934
4,41306.2,86625.1,152414,138974,47,2198,114640,107950,12352,581249,349,13870,11541,401,37543,1892,0.0017934
4,48234.6,86625.1,152414,138974,36,2198,114640,107950,12352,581249,349,13870,11541,401,37543,1892,0.0017934
4,21262.7,39925.9,121670,110954,25,1296,59216,55317,6390,277949,346,11530,9451,234,28686,1725,0.0017934
4,33414.2,39925.9,121670,110954,28,1296,59216,55317,6390,277949,346,11530,9451,234,28686,1725,0.0017934
4,35684.3,39925.9,121670,110954,32,1296,59216,55317,6390,277949,346,11530,9451,234,28686,1725,0.0017934
4,42990.5,39925.9,121670,110954,8,1296,59216,55317,6390,277949,346,11530,9451,234,28686,1725,0.0017934
4,20815.2,46768.1,63662.8,58362,24,1679,72425,66444,7020,321975,196,5940,4759,93,13587,1099,0.0017934
4,22583.6,46768.1,63662.8,58362,25,1679,72425,66444,7020,321975,196,5940,4759,93,13587,1099,0.0017934
4,28166.5,46768.1,63662.8,58362,20,1679,72425,66444,7020,321975,196,5940,4759,93,13587,1099,0.0017934
4,32741.8,46768.1,63662.8,58362,25,1679,72425,66444,7020,321975,196,5940,4759,93,13587,1099,0.0017934
4,19788.7,115639,219237,198382,19,2845,152276,144076,15937,802121,548,21135,17714,572,61346,2348,0.0017934
4,37298.7,115639,219237,198382,33,2845,152276,144076,15937,802121,548,21135,17714,572,61346,2348,0.0017934
4,47476.7,115639,219237,198382,23,2845,152276,144076,15937,802121,548,21135,17714,572,61346,2348,0.0017934
4,55727.6,115639,219237,198382,60,2845,152276,144076,15937,802121,548,21135,17714,572,61346,2348,0.0017934
4,9435.54,30424,74108.8,67307,13,1224,51170,47713,5362,232121,242,7269,5864,213,18900,706,0.0017934
4,24604.2,30424,74108.8,67307,7,1224,51170,47713,5362,232121,242,7269,5864,213,18900,706,0.0017934
4,31116.8,30424,74108.8,67307,40,1224,51170,47713,5362,232121,242,7269,5864,213,18900,706,0.0017934
4,31959.8,30424,74108.8,67307,45,1224,51170,47713,5362,232121,242,7269,5864,213,18900,706,0.0017934
4,24253.5,76842.4,149621,136377,12,2110,109959,103756,11919,555607,387,13920,11321,246,34179,2070,0.0017934
4,40354.2,76842.4,149621,136377,32,2110,109959,103756,11919,555607,387,13920,11321,246,34179,2070,0.0017934
4,45935.7,76842.4,149621,136377,39,2110,109959,103756,11919,555607,387,13920,11321,246,34179,2070,0.0017934
4,48623.2,76842.4,149621,136377,12,2110,109959,103756,11919,555607,387,13920,11321,246,34179,2070,0.0017934
4,13930.5,23373.1,62350,57295,18,1054,42947,39161,4224,181931,165,5587,4524,118,13195,908,0.0017934
4,21267.6,23373.1,62350,57295,19,1054,42947,39161,4224,181931,165,5587,4524,118,13195,908,0.0017934
4,24036.8,23373.1,62350,57295,20,1054,42947,39161,4224,181931,165,5587,4524,118,13195,908,0.0017934
4,33061.9,23373.1,62350,57295,31,1054,42947,39161,4224,181931,165,5587,4524,118,13195,908,0.0017934
4,6871,8313.97,9011.47,8442,6,419,14025,12238,1012,47792,33,674,503,4,1200,144,0.0017934
4,14072.3,8313.97,9011.47,8442,11,419,14025,12238,1012,47792,33,674,503,4,1200,144,0.0017934
4,15546.7,8313.97,9011.47,8442,11,419,14025,12238,1012,47792,33,674,503,4,1200,144,0.0017934
4,15739.5,8313.97,9011.47,8442,6,419,14025,12238,1012,47792,33,674,503,4,1200,144,0.0017934
4,25503.3,112004,187165,170503,13,2792,146623,138601,15728,803968,433,16852,14204,442,44519,3325,0.0017934
4,55474.6,112004,187165,170503,52,2792,146623,138601,15728,803968,433,16852,14204,442,44519,3325,0.0017934
4,57261.9,112004,187165,170503,54,2792,146623,138601,15728,803968,433,16852,14204,442,44519,3325,0.0017934
4,60559.3,112004,187165,170503,23,2792,146623,138601,15728,803968,433,16852,14204,442,44519,3325,0.0017934
4,17635,120152,144446,131598,10,2862,145617,137807,15515,789268,349,12965,10836,352,33293,2260,0.0017934
4,50907.7,120152,144446,131598,46,2862,145617,137807,15515,789268,349,12965,10836,352,33293,2260,0.0017934
4,52695,120152,144446,131598,48,2862,145617,137807,15515,789268,349,12965,10836,352,33293,2260,0.0017934
4,56058.6,120152,144446,131598,72,2862,145617,137807,15515,789268,349,12965,10836,352,33293,2260,0.0017934
4,6633.86,15792.5,18850.6,17353,4,836,30448,27531,2714,117684,74,1845,1390,11,3362,323,0.0017934
4,15418.4,15792.5,18850.6,17353,18,836,30448,27531,2714,117684,74,1845,1390,11,3362,323,0.0017934
4,19285.4,15792.5,18850.6,17353,12,836,30448,27531,2714,117684,74,1845,1390,11,3362,323,0.0017934
4,23225.4,15792.5,18850.6,17353,8,836,30448,27531,2714,117684,74,1845,1390,11,3362,323,0.0017934
4,19998.6,47400.8,49151.1,45050,27,1700,74681,69459,7689,368748,160,4695,3688,71,9742,782,0.0017934
4,29409.8,47400.8,49151.1,45050,8,1700,74681,69459,7689,368748,160,4695,3688,71,9742,782,0.0017934
4,30699.7,47400.8,49151.1,45050,8,1700,74681,69459,7689,368748,160,4695,3688,71,9742,782,0.0017934
4,39115.1,47400.8,49151.1,45050,43,1700,74681,69459,7689,368748,160,4695,3688,71,9742,782,0.0017934
4,15556.4,44499.2,65700.4,60259,5,1663,72512,65708,7291,303804,200,5692,4585,122,13963,828,0.0017934
4,30475,44499.2,65700.4,60259,36,1663,72512,65708,7291,303804,200,5692,4585,122,13963,828,0.0017934
4,30812.3,44499.2,65700.4,60259,32,1663,72512,65708,7291,303804,200,5692,4585,122,13963,828,0.0017934
4,31521,44499.2,65700.4,60259,37,1663,72512,65708,7291,303804,200,5692,4585,122,13963,828,0.0017934
4,30203.9,89723.3,181011,164411,37,2230,123114,115793,13843,658818,480,16591,13782,438,46088,2065,0.0017934
4,37079.7,89723.3,181011,164411,5,2230,123114,115793,13843,658818,480,16591,13782,438,46088,2065,0.0017934
4,56733.3,89723.3,181011,164411,67,2230,123114,115793,13843,658818,480,16591,13782,438,46088,2065,0.0017934
4,60310.4,89723.3,181011,164411,56,2230,123114,115793,13843,658818,480,16591,13782,438,46088,2065,0.0017934
4,26345.7,83944.9,102461,93424,24,2345,117992,109509,12384,560996,279,9452,7413,130,21043,1299,0.0017934
4,32750.3,83944.9,102461,93424,41,2345,117992,109509,12384,560996,279,9452,7413,130,21043,1299,0.0017934
4,35058.9,83944.9,102461,93424,4,2345,117992,109509,12384,560996,279,9452,7413,130,21043,1299,0.0017934
4,40904.5,83944.9,102461,93424,15,2345,117992,109509,12384,560996,279,9452,7413,130,21043,1299,0.0017934
4,18472.4,80387.3,238863,216353,12,2205,115718,109275,12348,587702,556,20950,17525,514,61426,2160,0.0017934
4,43790.9,80387.3,238863,216353,31,2205,115718,109275,12348,587702,556,20950,17525,514,61426,2160,0.0017934
4,48174.5,80387.3,238863,216353,34,2205,115718,109275,12348,587702,556,20950,17525,514,61426,2160,0.0017934
4,49353.3,80387.3,238863,216353,52,2205,115718,109275,12348,587702,556,20950,17525,514,61426,2160,0.0017934
4,20650.8,22668.2,43032,39817,30,1047,41351,37107,3844,158732,116,3542,2808,46,7101,733,0.0017934
4,21801.2,22668.2,43032,39817,22,1047,41351,37107,3844,158732,116,3542,2808,46,7101,733,0.0017934
4,23515.6,22668.2,43032,39817,11,1047,41351,37107,3844,158732,116,3542,2808,46,7101,733,0.0017934
4,24902,22668.2,43032,39817,10,1047,41351,37107,3844,158732,116,3542,2808,46,7101,733,0.0017934
4,21032.8,41868.3,65141.1,59442,11,1633,70833,64056,7089,293016,169,5741,4721,124,13973,1040,0.0017934
4,22186.9,41868.3,65141.1,59442,26,1633,70833,64056,7089,293016,169,5741,4721,124,13973,1040,0.0017934
4,30006.6,41868.3,65141.1,59442,22,1633,70833,64056,7089,293016,169,5741,4721,124,13973,1040,0.0017934
4,31390.5,41868.3,65141.1,59442,23,1633,70833,64056,7089,293016,169,5741,4721,124,13973,1040,0.0017934
4,9854.37,7541.45,15200.1,14070,6,460,15709,13741,1251,53907,59,1437,1097,11,2768,267,0.0017934
4,11274,7541.45,15200.1,14070,13,460,15709,13741,1251,53907,59,1437,1097,11,2768,267,0.0017934
4,12712.4,7541.45,15200.1,14070,18,460,15709,13741,1251,53907,59,1437,1097,11,2768,267,0.0017934
4,16088.3,7541.45,15200.1,14070,17,460,15709,13741,1251,53907,59,1437,1097,11,2768,267,0.0017934
4,11635.6,18090.2,22282.3,20420,9,829,31637,28045,2834,118184,91,2168,1649,29,3907,424,0.0017934
4,12181.6,18090.2,22282.3,20420,5,829,31637,28045,2834,118184,91,2168,1649,29,3907,424,0.0017934
4,18103.3,18090.2,22282.3,20420,24,829,31637,28045,2834,118184,91,2168,1649,29,3907,424,0.0017934
4,22285.1,18090.2,22282.3,20420,19,829,31637,28045,2834,118184,91,2168,1649,29,3907,424,0.0017934
4,19276.5,109577,152076,138810,16,2865,147655,139705,15647,804536,366,13727,11500,328,34434,2590,0.0017934
4,53619.6,109577,152076,138810,47,2865,147655,139705,15647,804536,366,13727,11500,328,34434,2590,0.0017934
4,55406.9,109577,152076,138810,49,2865,147655,139705,15647,804536,366,13727,11500,328,34434,2590,0.0017934
4,58084.6,109577,152076,138810,73,2865,147655,139705,15647,804536,366,13727,11500,328,34434,2590,0.0017934
4,16706.3,31328.4,36862.2,33714,9,1228,51092,45960,4787,204485,118,3573,2854,48,7858,554,0.0017934
4,17747.7,31328.4,36862.2,33714,25,1228,51092,45960,4787,204485,118,3573,2854,48,7858,554,0.0017934
4,18096.4,31328.4,36862.2,33714,8,1228,51092,45960,4787,204485,118,3573,2854,48,7858,554,0.0017934
4,27188.2,31328.4,36862.2,33714,25,1228,51092,45960,4787,204485,118,3573,2854,48,7858,554,0.0017934
4,20821,27357.3,40572.7,37147,7,1132,47144,42342,4364,189588,119,3884,3063,66,8522,621,0.0017934
4,21370.1,27357.3,40572.7,37147,18,1132,47144,42342,4364,189588,119,3884,3063,66,8522,621,0.0017934
4,23150.1,27357.3,40572.7,37147,18,1132,47144,42342,4364,189588,119,3884,3063,66,8522,621,0.0017934
4,26271.5,27357.3,40572.7,37147,32,1132,47144,42342,4364,189588,119,3884,3063,66,8522,621,0.0017934
4,12711.5,9315.1,19753,18247,8,521,16662,14526,1365,58544,66,1825,1384,27,3745,257,0.0017934
4,13917.9,9315.1,19753,18247,9,521,16662,14526,1365,58544,66,1825,1384,27,3745,257,0.0017934
4,16842,9315.1,19753,18247,21,521,16662,14526,1365,58544,66,1825,1384,27,3745,257,0.0017934
4,17001.8,9315.1,19753,18247,20,521,16662,14526,1365,58544,66,1825,1384,27,3745,257,0.0017934
4,16986.6,70720,70126,64014,15,2179,105075,97738,11001,493844,189,6620,5354,103,14446,1288,0.0017934
4,23784.4,70720,70126,64014,21,2179,105075,97738,11001,493844,189,6620,5354,103,14446,1288,0.0017934
4,25356.5,70720,70126,64014,14,2179,105075,97738,11001,493844,189,6620,5354,103,14446,1288,0.0017934
4,41629.3,70720,70126,64014,60,2179,105075,97738,11001,493844,189,6620,5354,103,14446,1288,0.0017934
4,24942.5,135789,207015,187223,12,3024,172055,162650,18197,973369,512,19406,16207,415,60729,1912,0.0017934
4,48358.5,135789,207015,187223,9,3024,172055,162650,18197,973369,512,19406,16207,415,60729,1912,0.0017934
4,65969,135789,207015,187223,51,3024,172055,162650,18197,973369,512,19406,16207,415,60729,1912,0.0017934
4,66585.3,135789,207015,187223,29,3024,172055,162650,18197,973369,512,19406,16207,415,60729,1912,0.0017934
4,6189.52,30422,40991.6,37494,6,1148,48389,43440,4518,192328,133,3822,3015,82,9461,343,0.0017934
4,22741.2,30422,40991.6,37494,33,1148,48389,43440,4518,192328,133,3822,3015,82,9461,343,0.0017934
4,26075.4,30422,40991.6,37494,27,1148,48389,43440,4518,192328,133,3822,3015,82,9461,343,0.0017934
4,26139.5,30422,40991.6,37494,31,1148,48389,43440,4518,192328,133,3822,3015,82,9461,343,0.0017934
4,9259.77,8979.71,13747.5,12613,9,540,18496,16338,1403,66741,57,1430,1089,6,2644,244,0.0017934
4,13101.6,8979.71,13747.5,12613,9,540,18496,16338,1403,66741,57,1430,1089,6,2644,244,0.0017934
4,14576,8979.71,13747.5,12613,9,540,18496,16338,1403,66741,57,1430,1089,6,2644,244,0.0017934
4,17845.6,8979.71,13747.5,12613,10,540,18496,16338,1403,66741,57,1430,1089,6,2644,244,0.0017934
4,10991.2,6513.42,15345.7,14188,11,472,15622,13673,1236,54824,56,1487,1127,21,2858,267,0.0017934
4,14830.4,6513.42,15345.7,14188,6,472,15622,13673,1236,54824,56,1487,1127,21,2858,267,0.0017934
4,15651.1,6513.42,15345.7,14188,14,472,15622,13673,1236,54824,56,1487,1127,21,2858,267,0.0017934
4,16675.4,6513.42,15345.7,14188,17,472,15622,13673,1236,54824,56,1487,1127,21,2858,267,0.0017934
4,13646.9,78119.8,272577,247114,7,2180,117844,111268,12613,608271,630,24409,20605,618,74127,2597,0.0017934
4,50437.8,78119.8,272577,247114,39,2180,117844,111268,12613,608271,630,24409,20605,618,74127,2597,0.0017934
4,50950.2,78119.8,272577,247114,37,2180,117844,111268,12613,608271,630,24409,20605,618,74127,2597,0.0017934
4,54659.7,78119.8,272577,247114,49,2180,117844,111268,12613,608271,630,24409,20605,618,74127,2597,0.0017934
4,908.383,38173,55165.8,50141,2,1477,62502,57865,6440,278514,185,5543,4396,115,14001,617,0.0017934
4,20344.9,38173,55165.8,50141,19,1477,62502,57865,6440,278514,185,5543,4396,115,14001,617,0.0017934
4,22520.3,38173,55165.8,50141,35,1477,62502,57865,6440,278514,185,5543,4396,115,14001,617,0.0017934
4,31021.1,38173,55165.8,50141,36,1477,62502,57865,6440,278514,185,5543,4396,115,14001,617,0.0017934
4,31865.3,82234.3,126871,116076,11,2169,107328,100765,11414,530099,314,11339,9118,221,25655,1834,0.0017934
4,35790,82234.3,126871,116076,28,2169,107328,100765,11414,530099,314,11339,9118,221,25655,1834,0.0017934
4,37686.1,82234.3,126871,116076,46,2169,107328,100765,11414,530099,314,11339,9118,221,25655,1834,0.0017934
4,41155,82234.3,126871,116076,11,2169,107328,100765,11414,530099,314,11339,9118,221,25655,1834,0.0017934
4,11293.5,40758.8,27494.7,25180,9,1629,67331,60763,6261,284270,92,2694,2123,16,5652,466,0.0017934
4,13079.1,40758.8,27494.7,25180,12,1629,67331,60763,6261,284270,92,2694,2123,16,5652,466,0.0017934
4,21413.6,40758.8,27494.7,25180,9,1629,67331,60763,6261,284270,92,2694,2123,16,5652,466,0.0017934
4,30719,40758.8,27494.7,25180,20,1629,67331,60763,6261,284270,92,2694,2123,16,5652,466,0.0017934
4,3898.56,7137.01,6509.02,6004,4,434,15743,13991,1300,55870,32,650,485,0,1056,148,0.0017934
4,13481.4,7137.01,6509.02,6004,6,434,15743,13991,1300,55870,32,650,485,0,1056,148,0.0017934
4,15420.6,7137.01,6509.02,6004,8,434,15743,13991,1300,55870,32,650,485,0,1056,148,0.0017934
4,16974.6,7137.01,6509.02,6004,9,434,15743,13991,1300,55870,32,650,485,0,1056,148,0.0017934
4,3383.94,8779.91,13839.3,12761,4,590,19924,17654,1554,69525,45,1317,1035,15,2426,262,0.0017934
4,13247,8779.91,13839.3,12761,10,590,19924,17654,1554,69525,45,1317,1035,15,2426,262,0.0017934
4,16202,8779.91,13839.3,12761,22,590,19924,17654,1554,69525,45,1317,1035,15,2426,262,0.0017934
4,18090.1,8779.91,13839.3,12761,24,590,19924,17654,1554,69525,45,1317,1035,15,2426,262,0.0017934
4,26143,131894,233022,210595,13,3003,171098,161601,17752,964416,526,19687,16354,416,60660,1742,0.0017934
4,50685.6,131894,233022,210595,7,3003,171098,161601,17752,964416,526,19687,16354,416,60660,1742,0.0017934
4,67342.4,131894,233022,210595,63,3003,171098,161601,17752,964416,526,19687,16354,416,60660,1742,0.0017934
4,67704.6,131894,233022,210595,32,3003,171098,161601,17752,964416,526,19687,16354,416,60660,1742,0.0017934
4,17879.4,47029.2,41517.2,37777,4,1624,69694,64387,7116,324594,149,4046,3119,107,9958,373,0.0017934
4,21646.2,47029.2,41517.2,37777,7,1624,69694,64387,7116,324594,149,4046,3119,107,9958,373,0.0017934
4,23020.3,47029.2,41517.2,37777,11,1624,69694,64387,7116,324594,149,4046,3119,107,9958,373,0.0017934
4,33907.4,47029.2,41517.2,37777,33,1624,69694,64387,7116,324594,149,4046,3119,107,9958,373,0.0017934
4,31751.4,136934,280076,251271,31,3077,175265,165652,18165,1001054,671,23984,20256,633,77776,2071,0.0017934
4,58917.5,136934,280076,251271,3,3077,175265,165652,18165,1001054,671,23984,20256,633,77776,2071,0.0017934
4,72723.2,136934,280076,251271,40,3077,175265,165652,18165,1001054,671,23984,20256,633,77776,2071,0.0017934
4,73366.3,136934,280076,251271,77,3077,175265,165652,18165,1001054,671,23984,20256,633,77776,2071,0.0017934
4,23637.7,127164,181838,164751,28,3054,162133,153419,16987,857268,471,17137,14184,430,46714,2105,0.0017934
4,33027.5,127164,181838,164751,26,3054,162133,153419,16987,857268,471,17137,14184,430,46714,2105,0.0017934
4,44104.8,127164,181838,164751,13,3054,162133,153419,16987,857268,471,17137,14184,430,46714,2105,0.0017934
4,55207.6,127164,181838,164751,59,3054,162133,153419,16987,857268,471,17137,14184,430,46714,2105,0.0017934
4,29249.3,123398,193691,176128,35,3059,161350,152566,16853,848437,488,16463,13303,357,43531,1788,0.0017934
4,29750.9,123398,193691,176128,17,3059,161350,152566,16853,848437,488,16463,13303,357,43531,1788,0.0017934
4,38620.1,123398,193691,176128,12,3059,161350,152566,16853,848437,488,16463,13303,357,43531,1788,0.0017934
4,52115.6,123398,193691,176128,62,3059,161350,152566,16853,848437,488,16463,13303,357,43531,1788,0.0017934
4,21500.3,89584.6,210145,191752,22,2123,114222,107683,12668,586640,497,17942,14825,342,49055,2310,0.0017934
4,43002.4,89584.6,210145,191752,35,2123,114222,107683,12668,586640,497,17942,14825,342,49055,2310,0.0017934
4,51315.6,89584.6,210145,191752,45,2123,114222,107683,12668,586640,497,17942,14825,342,49055,2310,0.0017934
4,52846.4,89584.6,210145,191752,24,2123,114222,107683,12668,586640,497,17942,14825,342,49055,2310,0.0017934
4,5719.61,27092.9,15076.3,13759,7,1063,41939,37451,3774,165939,66,1511,1142,5,3062,237,0.0017934
4,7506.87,27092.9,15076.3,13759,9,1063,41939,37451,3774,165939,66,1511,1142,5,3062,237,0.0017934
4,20981.4,27092.9,15076.3,13759,10,1063,41939,37451,3774,165939,66,1511,1142,5,3062,237,0.0017934
4,24940.9,27092.9,15076.3,13759,20,1063,41939,37451,3774,165939,66,1511,1142,5,3062,237,0.0017934
4,14772.1,152976,306413,277650,15,3125,179058,170116,18464,999254,676,26442,22353,734,80275,2756,0.0017934
4,40579.3,152976,306413,277650,40,3125,179058,170116,18464,999254,676,26442,22353,734,80275,2756,0.0017934
4,57427.9,152976,306413,277650,16,3125,179058,170116,18464,999254,676,26442,22353,734,80275,2756,0.0017934
4,66194.7,152976,306413,277650,75,3125,179058,170116,18464,999254,676,26442,22353,734,80275,2756,0.0017934
4,35619.3,137436,278551,253703,42,3010,175095,165327,18499,1007000,634,23969,20117,657,67687,3676,0.0017934
4,66757,137436,278551,253703,6,3010,175095,165327,18499,1007000,634,23969,20117,657,67687,3676,0.0017934
4,74529.4,137436,278551,253703,54,3010,175095,165327,18499,1007000,634,23969,20117,657,67687,3676,0.0017934
4,76316.6,137436,278551,253703,56,3010,175095,165327,18499,1007000,634,23969,20117,657,67687,3676,0.0017934
4,22576,42807.3,140447,128097,37,1335,62621,58567,6765,298727,350,12182,10101,341,32076,1763,0.0017934
4,33475.5,42807.3,140447,128097,26,1335,62621,58567,6765,298727,350,12182,10101,341,32076,1763,0.0017934
4,35787,42807.3,140447,128097,27,1335,62621,58567,6765,298727,350,12182,10101,341,32076,1763,0.0017934
4,45021.4,42807.3,140447,128097,52,1335,62621,58567,6765,298727,350,12182,10101,341,32076,1763,0.0017934
4,1525.32,36706.7,65894,60169,3,1425,60606,56161,6372,271082,202,6067,4851,131,15438,707,0.0017934
4,21052.1,36706.7,65894,60169,17,1425,60606,56161,6372,271082,202,6067,4851,131,15438,707,0.0017934
4,24302.4,36706.7,65894,60169,39,1425,60606,56161,6372,271082,202,6067,4851,131,15438,707,0.0017934
4,30760.3,36706.7,65894,60169,38,1425,60606,56161,6372,271082,202,6067,4851,131,15438,707,0.0017934
4,22012.2,140674,214473,194553,29,3256,176923,167536,18383,953311,578,20534,17035,550,58330,2374,0.0017934
4,33043.1,140674,214473,194553,33,3256,176923,167536,18383,953311,578,20534,17035,550,58330,2374,0.0017934
4,48071.6,140674,214473,194553,17,3256,176923,167536,18383,953311,578,20534,17035,550,58330,2374,0.0017934
4,59892.4,140674,214473,194553,67,3256,176923,167536,18383,953311,578,20534,17035,550,58330,2374,0.0017934
4,19296,107750,244672,221216,17,2616,140496,132880,14754,732821,583,22689,19134,588,66787,2537,0.0017934
4,39157.9,107750,244672,221216,27,2616,140496,132880,14754,732821,583,22689,19134,588,66787,2537,0.0017934
4,47772.7,107750,244672,221216,32,2616,140496,132880,14754,732821,583,22689,19134,588,66787,2537,0.0017934
4,53446.8,107750,244672,221216,59,2616,140496,132880,14754,732821,583,22689,19134,588,66787,2537,0.0017934
4,13709.1,42138.6,43544.7,40024,14,1599,68072,61535,6693,281872,110,3833,3069,54,8636,729,0.0017934
4,28736.9,42138.6,43544.7,40024,39,1599,68072,61535,6693,281872,110,3833,3069,54,8636,729,0.0017934
4,28981.2,42138.6,43544.7,40024,4,1599,68072,61535,6693,281872,110,3833,3069,54,8636,729,0.0017934
4,30759.3,42138.6,43544.7,40024,4,1599,68072,61535,6693,281872,110,3833,3069,54,8636,729,0.0017934
4,16562.6,39669.5,39983.4,36970,16,1514,64321,58616,6234,276278,108,3402,2722,39,6538,846,0.0017934
4,18330.9,39669.5,39983.4,36970,17,1514,64321,58616,6234,276278,108,3402,2722,39,6538,846,0.0017934
4,25745.1,39669.5,39983.4,36970,17,1514,64321,58616,6234,276278,108,3402,2722,39,6538,846,0.0017934
4,30488.7,39669.5,39983.4,36970,4,1514,64321,58616,6234,276278,108,3402,2722,39,6538,846,0.0017934
4,30057.9,44398.8,163538,148915,36,1401,68247,63753,7236,336139,388,14462,12186,388,39085,2270,0.0017934
4,34548.7,44398.8,163538,148915,12,1401,68247,63753,7236,336139,388,14462,12186,388,39085,2270,0.0017934
4,43766.1,44398.8,163538,148915,24,1401,68247,63753,7236,336139,388,14462,12186,388,39085,2270,0.0017934
4,52356.2,44398.8,163538,148915,62,1401,68247,63753,7236,336139,388,14462,12186,388,39085,2270,0.0017934
4,36341.2,64406.3,164479,151112,41,1803,80811,74416,8348,381676,404,13602,11414,389,35382,2226,0.0017934
4,36531.2,64406.3,164479,151112,30,1803,80811,74416,8348,381676,404,13602,11414,389,35382,2226,0.0017934
4,38730.4,64406.3,164479,151112,37,1803,80811,74416,8348,381676,404,13602,11414,389,35382,2226,0.0017934
4,40498.8,64406.3,164479,151112,38,1803,80811,74416,8348,381676,404,13602,11414,389,35382,2226,0.0017934
4,15352.1,51708.5,45184.4,41447,12,1736,76970,71224,7887,337823,147,3913,3036,48,8054,631,0.0017934
4,18678.6,51708.5,45184.4,41447,9,1736,76970,71224,7887,337823,147,3913,3036,48,8054,631,0.0017934
4,21836.1,51708.5,45184.4,41447,5,1736,76970,71224,7887,337823,147,3913,3036,48,8054,631,0.0017934
4,34595.9,51708.5,45184.4,41447,34,1736,76970,71224,7887,337823,147,3913,3036,48,8054,631,0.0017934
4,15205.2,32097.3,74171,67622,8,1196,51775,47832,5532,252447,224,6676,5395,142,18803,724,0.0017934
4,39285.1,32097.3,74171,67622,16,1196,51775,47832,5532,252447,224,6676,5395,142,18803,724,0.0017934
4,40696.1,32097.3,74171,67622,38,1196,51775,47832,5532,252447,224,6676,5395,142,18803,724,0.0017934
4,40790.2,32097.3,74171,67622,36,1196,51775,47832,5532,252447,224,6676,5395,142,18803,724,0.0017934
4,7707.8,14596.9,32952.2,30284,17,734,27646,24465,2471,101070,104,2928,2223,36,6390,258,0.0017934
4,7869,14596.9,32952.2,30284,12,734,27646,24465,2471,101070,104,2928,2223,36,6390,258,0.0017934
4,15949.5,14596.9,32952.2,30284,11,734,27646,24465,2471,101070,104,2928,2223,36,6390,258,0.0017934
4,21088.5,14596.9,32952.2,30284,21,734,27646,24465,2471,101070,104,2928,2223,36,6390,258,0.0017934
4,15589.1,118499,158203,144151,13,2862,144863,137050,15038,780677,374,13655,11480,339,35290,2408,0.0017934
4,51257.5,118499,158203,144151,43,2862,144863,137050,15038,780677,374,13655,11480,339,35290,2408,0.0017934
4,53044.8,118499,158203,144151,45,2862,144863,137050,15038,780677,374,13655,11480,339,35290,2408,0.0017934
4,55128.3,118499,158203,144151,70,2862,144863,137050,15038,780677,374,13655,11480,339,35290,2408,0.0017934
4,16165.3,30123.4,32787,30112,13,1246,53179,47822,5171,212603,101,2936,2328,24,5977,519,0.0017934
4,25760.7,30123.4,32787,30112,8,1246,53179,47822,5171,212603,101,2936,2328,24,5977,519,0.0017934
4,26735.4,30123.4,32787,30112,37,1246,53179,47822,5171,212603,101,2936,2328,24,5977,519,0.0017934
4,27539.6,30123.4,32787,30112,8,1246,53179,47822,5171,212603,101,2936,2328,24,5977,519,0.0017934
4,12778,87441.1,194383,176280,5,2236,118603,110800,12908,609108,401,17240,14489,385,47189,2410,0.0017934
4,39599.8,87441.1,194383,176280,46,2236,118603,110800,12908,609108,401,17240,14489,385,47189,2410,0.0017934
4,43002.2,87441.1,194383,176280,27,2236,118603,110800,12908,609108,401,17240,14489,385,47189,2410,0.0017934
4,52323,87441.1,194383,176280,48,2236,118603,110800,12908,609108,401,17240,14489,385,47189,2410,0.0017934
4,18119.1,64517.8,200851,183055,5,1791,93086,86414,10020,457295,424,17365,14554,472,49299,2007,0.0017934
4,43951.8,64517.8,200851,183055,40,1791,93086,86414,10020,457295,424,17365,14554,472,49299,2007,0.0017934
4,45647.7,64517.8,200851,183055,34,1791,93086,86414,10020,457295,424,17365,14554,472,49299,2007,0.0017934
4,47088.4,64517.8,200851,183055,39,1791,93086,86414,10020,457295,424,17365,14554,472,49299,2007,0.0017934
4,14986.4,118859,156394,142394,18,2944,151206,142650,16027,804746,382,14409,11936,307,38043,2203,0.0017934
4,45666.8,118859,156394,142394,35,2944,151206,142650,16027,804746,382,14409,11936,307,38043,2203,0.0017934
4,51920.6,118859,156394,142394,37,2944,151206,142650,16027,804746,382,14409,11936,307,38043,2203,0.0017934
4,53905.8,118859,156394,142394,11,2944,151206,142650,16027,804746,382,14409,11936,307,38043,2203,0.0017934
4,26080.7,72589.2,107848,98785,26,2171,106058,97878,11245,490044,274,9526,7598,151,22919,1353,0.0017934
4,36185.8,72589.2,107848,98785,46,2171,106058,97878,11245,490044,274,9526,7598,151,22919,1353,0.0017934
4,36760,72589.2,107848,98785,8,2171,106058,97878,11245,490044,274,9526,7598,151,22919,1353,0.0017934
4,38003.1,72589.2,107848,98785,22,2171,106058,97878,11245,490044,274,9526,7598,151,22919,1353,0.0017934
4,36388.2,136751,319523,288495,41,3082,180473,170462,18794,1044908,736,28351,24112,786,89464,3315,0.0017934
4,65442.8,136751,319523,288495,6,3082,180473,170462,18794,1044908,736,28351,24112,786,89464,3315,0.0017934
4,76132.7,136751,319523,288495,50,3082,180473,170462,18794,1044908,736,28351,24112,786,89464,3315,0.0017934
4,77919.9,136751,319523,288495,52,3082,180473,170462,18794,1044908,736,28351,24112,786,89464,3315,0.0017934
4,20682.2,39545.2,124495,113174,34,1321,61797,57785,6681,293427,342,11750,9706,306,31209,1640,0.0017934
4,32687.4,39545.2,124495,113174,25,1321,61797,57785,6681,293427,342,11750,9706,306,31209,1640,0.0017934
4,34154.1,39545.2,124495,113174,24,1321,61797,57785,6681,293427,342,11750,9706,306,31209,1640,0.0017934
4,43127.5,39545.2,124495,113174,49,1321,61797,57785,6681,293427,342,11750,9706,306,31209,1640,0.0017934
4,14197.9,18471.2,54328.6,50297,18,887,34270,31230,3484,153113,164,4393,3432,97,10099,520,0.0017934
4,17954.9,18471.2,54328.6,50297,14,887,34270,31230,3484,153113,164,4393,3432,97,10099,520,0.0017934
4,30859,18471.2,54328.6,50297,25,887,34270,31230,3484,153113,164,4393,3432,97,10099,520,0.0017934
4,30919.9,18471.2,54328.6,50297,27,887,34270,31230,3484,153113,164,4393,3432,97,10099,520,0.0017934
4,17522.9,26691.6,51627.5,47650,25,1042,41702,37334,3984,160925,130,4350,3477,87,9829,784,0.0017934
4,22280.9,26691.6,51627.5,47650,15,1042,41702,37334,3984,160925,130,4350,3477,87,9829,784,0.0017934
4,23667.3,26691.6,51627.5,47650,14,1042,41702,37334,3984,160925,130,4350,3477,87,9829,784,0.0017934
4,24956.5,26691.6,51627.5,47650,27,1042,41702,37334,3984,160925,130,4350,3477,87,9829,784,0.0017934
4,26321.4,122162,317010,286782,29,2976,166284,157263,17523,926469,731,28175,23855,659,87977,3119,0.0017934
4,61472.9,122162,317010,286782,20,2976,166284,157263,17523,926469,731,28175,23855,659,87977,3119,0.0017934
4,66418,122162,317010,286782,47,2976,166284,157263,17523,926469,731,28175,23855,659,87977,3119,0.0017934
4,68099.8,122162,317010,286782,83,2976,166284,157263,17523,926469,731,28175,23855,659,87977,3119,0.0017934
4,7991.96,13502.5,28086.1,25848,7,744,25787,22927,2355,98546,95,2628,2007,47,5542,315,0.0017934
4,18752.8,13502.5,28086.1,25848,16,744,25787,22927,2355,98546,95,2628,2007,47,5542,315,0.0017934
4,20919.9,13502.5,28086.1,25848,28,744,25787,22927,2355,98546,95,2628,2007,47,5542,315,0.0017934
4,21007.8,13502.5,28086.1,25848,26,744,25787,22927,2355,98546,95,2628,2007,47,5542,315,0.0017934
4,13484,86003.6,294288,266401,21,2216,121466,114588,13344,636362,705,27276,23142,713,83898,2914,0.0017934
4,51250.6,86003.6,294288,266401,28,2216,121466,114588,13344,636362,705,27276,23142,713,83898,2914,0.0017934
4,55913.9,86003.6,294288,266401,44,2216,121466,114588,13344,636362,705,27276,23142,713,83898,2914,0.0017934
4,58953.1,86003.6,294288,266401,44,2216,121466,114588,13344,636362,705,27276,23142,713,83898,2914,0.0017934
4,23690.3,71360.3,152041,138855,7,2066,107249,101153,11604,538728,390,14184,11649,288,36529,1982,0.0017934
4,41250.8,71360.3,152041,138855,36,2066,107249,101153,11604,538728,390,14184,11649,288,36529,1982,0.0017934
4,44717,71360.3,152041,138855,37,2066,107249,101153,11604,538728,390,14184,11649,288,36529,1982,0.0017934
4,46731.3,71360.3,152041,138855,13,2066,107249,101153,11604,538728,390,14184,11649,288,36529,1982,0.0017934
4,7214.14,52422.4,65875.6,59962,11,1819,86678,81162,8969,415753,185,6269,5111,96,14744,1116,0.0017934
4,23511.1,52422.4,65875.6,59962,19,1819,86678,81162,8969,415753,185,6269,5111,96,14744,1116,0.0017934
4,35781.3,52422.4,65875.6,59962,14,1819,86678,81162,8969,415753,185,6269,5111,96,14744,1116,0.0017934
4,44624.6,52422.4,65875.6,59962,37,1819,86678,81162,8969,415753,185,6269,5111,96,14744,1116,0.0017934
4,1136.96,16518.2,35635.4,32727,2,793,31934,28352,2964,118402,113,3328,2613,79,8027,352,0.0017934
4,20933.6,16518.2,35635.4,32727,23,793,31934,28352,2964,118402,113,3328,2613,79,8027,352,0.0017934
4,20997.7,16518.2,35635.4,32727,27,793,31934,28352,2964,118402,113,3328,2613,79,8027,352,0.0017934
4,21983.2,16518.2,35635.4,32727,31,793,31934,28352,2964,118402,113,3328,2613,79,8027,352,0.0017934
4,20581.4,72199.1,140053,127093,25,2191,108968,101486,11601,525384,336,12913,10649,212,33589,2072,0.0017934
4,34975.4,72199.1,140053,127093,37,2191,108968,101486,11601,525384,336,12913,10649,212,33589,2072,0.0017934
4,36520.2,72199.1,140053,127093,32,2191,108968,101486,11601,525384,336,12913,10649,212,33589,2072,0.0017934
4,44730.7,72199.1,140053,127093,20,2191,108968,101486,11601,525384,336,12913,10649,212,33589,2072,0.0017934
4,15181.6,30448.9,73698.2,67249,13,1235,51782,47777,5544,253840,247,6374,5111,157,19401,314,0.0017934
4,38968,30448.9,73698.2,67249,28,1235,51782,47777,5544,253840,247,6374,5111,157,19401,314,0.0017934
4,39062.1,30448.9,73698.2,67249,26,1235,51782,47777,5544,253840,247,6374,5111,157,19401,314,0.0017934
4,39120.1,30448.9,73698.2,67249,22,1235,51782,47777,5544,253840,247,6374,5111,157,19401,314,0.0017934
4,16600.4,150399,301852,273770,12,3236,187737,178712,19330,1063384,688,27067,22933,823,82922,2826,0.0017934
4,38777.8,150399,301852,273770,39,3236,187737,178712,19330,1063384,688,27067,22933,823,82922,2826,0.0017934
4,56957.4,150399,301852,273770,21,3236,187737,178712,19330,1063384,688,27067,22933,823,82922,2826,0.0017934
4,67439.9,150399,301852,273770,72,3236,187737,178712,19330,1063384,688,27067,22933,823,82922,2826,0.0017934
4,11538.4,105405,146621,133137,18,2789,141269,133563,14467,752835,360,13010,10840,320,37374,1472,0.0017934
4,50657.3,105405,146621,133137,30,2789,141269,133563,14467,752835,360,13010,10840,320,37374,1472,0.0017934
4,52444.6,105405,146621,133137,32,2789,141269,133563,14467,752835,360,13010,10840,320,37374,1472,0.0017934
4,52605.8,105405,146621,133137,71,2789,141269,133563,14467,752835,360,13010,10840,320,37374,1472,0.0017934
4,24831.9,61390.5,174950,159657,13,1824,95881,89473,10499,472187,398,15088,12386,368,39626,1866,0.0017934
4,39761.9,61390.5,174950,159657,33,1824,95881,89473,10499,472187,398,15088,12386,368,39626,1866,0.0017934
4,45533.3,61390.5,174950,159657,47,1824,95881,89473,10499,472187,398,15088,12386,368,39626,1866,0.0017934
4,46900.7,61390.5,174950,159657,45,1824,95881,89473,10499,472187,398,15088,12386,368,39626,1866,0.0017934
4,7816.8,64093,50088.1,45667,5,1953,94426,88417,9959,453137,141,4855,3944,93,11793,794,0.0017934
4,23128.7,64093,50088.1,45667,32,1953,94426,88417,9959,453137,141,4855,3944,93,11793,794,0.0017934
4,31571.4,64093,50088.1,45667,4,1953,94426,88417,9959,453137,141,4855,3944,93,11793,794,0.0017934
4,43802.1,64093,50088.1,45667,40,1953,94426,88417,9959,453137,141,4855,3944,93,11793,794,0.0017934
4,27652.7,97592,213531,192531,34,2318,129222,121750,14341,693004,584,20435,16779,474,58421,2190,0.0017934
4,39206.3,97592,213531,192531,7,2318,129222,121750,14341,693004,584,20435,16779,474,58421,2190,0.0017934
4,56150.4,97592,213531,192531,63,2318,129222,121750,14341,693004,584,20435,16779,474,58421,2190,0.0017934
4,61481.1,97592,213531,192531,50,2318,129222,121750,14341,693004,584,20435,16779,474,58421,2190,0.0017934
4,10382.9,43604.2,23992.7,21755,4,1511,63462,57275,6051,264112,83,2523,1985,35,6096,228,0.0017934
4,12162.1,43604.2,23992.7,21755,4,1511,63462,57275,6051,264112,83,2523,1985,35,6096,228,0.0017934
4,17883.5,43604.2,23992.7,21755,8,1511,63462,57275,6051,264112,83,2523,1985,35,6096,228,0.0017934
4,29942.4,43604.2,23992.7,21755,34,1511,63462,57275,6051,264112,83,2523,1985,35,6096,228,0.0017934
4,30095.4,58780,155755,141466,40,1991,90093,83725,9493,454032,435,14634,12206,441,41118,2018,0.0017934
4,36397.7,58780,155755,141466,29,1991,90093,83725,9493,454032,435,14634,12206,441,41118,2018,0.0017934
4,38088.3,58780,155755,141466,38,1991,90093,83725,9493,454032,435,14634,12206,441,41118,2018,0.0017934
4,44243.7,58780,155755,141466,56,1991,90093,83725,9493,454032,435,14634,12206,441,41118,2018,0.0017934
4,28735,42879.1,85126.6,78751,34,1676,71207,65603,6954,320479,198,6862,5644,150,14360,1631,0.0017934
4,29683.1,42879.1,85126.6,78751,33,1676,71207,65603,6954,320479,198,6862,5644,150,14360,1631,0.0017934
4,31470.4,42879.1,85126.6,78751,35,1676,71207,65603,6954,320479,198,6862,5644,150,14360,1631,0.0017934
4,34038,42879.1,85126.6,78751,4,1676,71207,65603,6954,320479,198,6862,5644,150,14360,1631,0.0017934
4,18121.1,34138.4,89024.8,81252,25,1315,58958,55287,6256,274250,227,7786,6328,176,18201,1259,0.0017934
4,27698.2,34138.4,89024.8,81252,25,1315,58958,55287,6256,274250,227,7786,6328,176,18201,1259,0.0017934
4,33419.4,34138.4,89024.8,81252,7,1315,58958,55287,6256,274250,227,7786,6328,176,18201,1259,0.0017934
4,39835.6,34138.4,89024.8,81252,44,1315,58958,55287,6256,274250,227,7786,6328,176,18201,1259,0.0017934
4,7430.04,5346.87,7191.25,6651,7,350,11462,9907,759,37305,37,722,528,0,1097,165,0.0017934
4,12126,5346.87,7191.25,6651,6,350,11462,9907,759,37305,37,722,528,0,1097,165,0.0017934
4,13639.2,5346.87,7191.25,6651,5,350,11462,9907,759,37305,37,722,528,0,1097,165,0.0017934
4,14447.7,5346.87,7191.25,6651,10,350,11462,9907,759,37305,37,722,528,0,1097,165,0.0017934
4,14945.2,44478.5,50988.6,46722,20,1671,73691,68704,7646,332069,146,4813,3830,57,10087,902,0.0017934
4,16193.4,44478.5,50988.6,46722,14,1671,73691,68704,7646,332069,146,4813,3830,57,10087,902,0.0017934
4,25964.6,44478.5,50988.6,46722,15,1671,73691,68704,7646,332069,146,4813,3830,57,10087,902,0.0017934
4,35384.1,44478.5,50988.6,46722,34,1671,73691,68704,7646,332069,146,4813,3830,57,10087,902,0.0017934
4,4356.07,31801.7,35135.8,32255,10,1332,55178,50351,5429,229545,93,3339,2647,72,7449,568,0.0017934
4,18580.7,31801.7,35135.8,32255,17,1332,55178,50351,5429,229545,93,3339,2647,72,7449,568,0.0017934
4,19274.3,31801.7,35135.8,32255,28,1332,55178,50351,5429,229545,93,3339,2647,72,7449,568,0.0017934
4,28384.1,31801.7,35135.8,32255,17,1332,55178,50351,5429,229545,93,3339,2647,72,7449,568,0.0017934
4,28001.9,52181.7,95583.5,88601,37,1898,80035,73908,8048,370973,215,7296,6028,154,15402,1716,0.0017934
4,32595.9,52181.7,95583.5,88601,34,1898,80035,73908,8048,370973,215,7296,6028,154,15402,1716,0.0017934
4,34383.2,52181.7,95583.5,88601,36,1898,80035,73908,8048,370973,215,7296,6028,154,15402,1716,0.0017934
4,36847.8,52181.7,95583.5,88601,7,1898,80035,73908,8048,370973,215,7296,6028,154,15402,1716,0.0017934
4,24342.8,77090.9,85250.9,78161,31,2228,110310,102554,11782,526843,192,7764,6361,160,15988,1774,0.0017934
4,30458.2,77090.9,85250.9,78161,35,2228,110310,102554,11782,526843,192,7764,6361,160,15988,1774,0.0017934
4,34850,77090.9,85250.9,78161,26,2228,110310,102554,11782,526843,192,7764,6361,160,15988,1774,0.0017934
4,42640.7,77090.9,85250.9,78161,6,2228,110310,102554,11782,526843,192,7764,6361,160,15988,1774,0.0017934
4,33217.1,74055.1,180314,165148,28,2209,108415,101256,11272,561943,457,15160,12643,399,41348,2343,0.0017934
4,47615.4,74055.1,180314,165148,51,2209,108415,101256,11272,561943,457,15160,12643,399,41348,2343,0.0017934
4,48388.5,74055.1,180314,165148,35,2209,108415,101256,11272,561943,457,15160,12643,399,41348,2343,0.0017934
4,49402.6,74055.1,180314,165148,53,2209,108415,101256,11272,561943,457,15160,12643,399,41348,2343,0.0017934
4,36384.9,116990,343268,311501,21,2869,161800,152732,17265,919777,736,30073,26185,958,100006,5171,0.0017934
4,68776.2,116990,343268,311501,71,2869,161800,152732,17265,919777,736,30073,26185,958,100006,5171,0.0017934
4,70563.5,116990,343268,311501,73,2869,161800,152732,17265,919777,736,30073,26185,958,100006,5171,0.0017934
4,72557.8,116990,343268,311501,44,2869,161800,152732,17265,919777,736,30073,26185,958,100006,5171,0.0017934
4,12855.1,44490.1,45187.8,41491,13,1674,71115,64334,7009,296018,118,3989,3183,45,9112,771,0.0017934
4,29472.1,44490.1,45187.8,41491,38,1674,71115,64334,7009,296018,118,3989,3183,45,9112,771,0.0017934
4,29538.1,44490.1,45187.8,41491,7,1674,71115,64334,7009,296018,118,3989,3183,45,9112,771,0.0017934
4,31316.9,44490.1,45187.8,41491,7,1674,71115,64334,7009,296018,118,3989,3183,45,9112,771,0.0017934
4,29824.7,145326,187302,170781,35,3291,185009,175907,19273,1061111,444,17128,14358,291,50379,2901,0.0017934
4,32655.4,145326,187302,170781,9,3291,185009,175907,19273,1061111,444,17128,14358,291,50379,2901,0.0017934
4,59816.2,145326,187302,170781,25,3291,185009,175907,19273,1061111,444,17128,14358,291,50379,2901,0.0017934
4,66580.9,145326,187302,170781,18,3291,185009,175907,19273,1061111,444,17128,14358,291,50379,2901,0.0017934
4,24398.2,86852.4,200535,181869,19,2241,127936,120519,14145,690108,517,18690,15434,362,51913,2170,0.0017934
4,44333.4,86852.4,200535,181869,6,2241,127936,120519,14145,690108,517,18690,15434,362,51913,2170,0.0017934
4,60731.2,86852.4,200535,181869,71,2241,127936,120519,14145,690108,517,18690,15434,362,51913,2170,0.0017934
4,64447.3,86852.4,200535,181869,33,2241,127936,120519,14145,690108,517,18690,15434,362,51913,2170,0.0017934
4,12898.1,45933.6,63696,58268,6,1683,73476,66545,7317,306447,186,5957,4878,123,13901,1088,0.0017934
4,28824.7,45933.6,63696,58268,33,1683,73476,66545,7317,306447,186,5957,4878,123,13901,1088,0.0017934
4,29826.1,45933.6,63696,58268,31,1683,73476,66545,7317,306447,186,5957,4878,123,13901,1088,0.0017934
4,31718.9,45933.6,63696,58268,44,1683,73476,66545,7317,306447,186,5957,4878,123,13901,1088,0.0017934
4,5469.13,22006.1,34067,31162,4,972,39563,36346,4077,182406,97,3262,2604,69,8490,219,0.0017934
4,23594.7,22006.1,34067,31162,3,972,39563,36346,4077,182406,97,3262,2604,69,8490,219,0.0017934
4,31743,22006.1,34067,31162,37,972,39563,36346,4077,182406,97,3262,2604,69,8490,219,0.0017934
4,31837,22006.1,34067,31162,37,972,39563,36346,4077,182406,97,3262,2604,69,8490,219,0.0017934
4,12440.4,81013,312186,283604,13,2208,121360,114567,13171,626690,694,27247,23146,746,84392,2855,0.0017934
4,52055.7,81013,312186,283604,34,2208,121360,114567,13171,626690,694,27247,23146,746,84392,2855,0.0017934
4,52146.2,81013,312186,283604,43,2208,121360,114567,13171,626690,694,27247,23146,746,84392,2855,0.0017934
4,56637.7,81013,312186,283604,51,2208,121360,114567,13171,626690,694,27247,23146,746,84392,2855,0.0017934
4,29382.3,154326,198993,181222,38,3323,185332,176198,19409,1060336,470,18036,15197,412,53119,2964,0.0017934
4,31898,154326,198993,181222,10,3323,185332,176198,19409,1060336,470,18036,15197,412,53119,2964,0.0017934
4,58361,154326,198993,181222,24,3323,185332,176198,19409,1060336,470,18036,15197,412,53119,2964,0.0017934
4,65632.3,154326,198993,181222,21,3323,185332,176198,19409,1060336,470,18036,15197,412,53119,2964,0.0017934
4,8415.24,14260.5,15160.7,14052,13,736,28513,25929,2717,109503,57,1469,1163,12,2223,414,0.0017934
4,10188.7,14260.5,15160.7,14052,9,736,28513,25929,2717,109503,57,1469,1163,12,2223,414,0.0017934
4,24081.5,14260.5,15160.7,14052,20,736,28513,25929,2717,109503,57,1469,1163,12,2223,414,0.0017934
4,25832.2,14260.5,15160.7,14052,22,736,28513,25929,2717,109503,57,1469,1163,12,2223,414,0.0017934
4,10992.7,106329,135474,122949,11,2769,139808,132185,14395,742692,347,12292,10266,299,34516,1528,0.0017934
4,49651.4,106329,135474,122949,30,2769,139808,132185,14395,742692,347,12292,10266,299,34516,1528,0.0017934
4,51438.7,106329,135474,122949,32,2769,139808,132185,14395,742692,347,12292,10266,299,34516,1528,0.0017934
4,51910.7,106329,135474,122949,65,2769,139808,132185,14395,742692,347,12292,10266,299,34516,1528,0.0017934
4,29202.8,78097.4,115310,105194,3,2207,113279,106826,12118,572666,282,10397,8346,180,24340,1631,0.0017934
4,36664,78097.4,115310,105194,42,2207,113279,106826,12118,572666,282,10397,8346,180,24340,1631,0.0017934
4,38639.2,78097.4,115310,105194,33,2207,113279,106826,12118,572666,282,10397,8346,180,24340,1631,0.0017934
4,45265.4,78097.4,115310,105194,9,2207,113279,106826,12118,572666,282,10397,8346,180,24340,1631,0.0017934
4,7813.07,62670.2,66739.9,60809,7,1920,92584,86718,9612,443717,177,6125,4996,102,15122,975,0.0017934
4,23060.5,62670.2,66739.9,60809,31,1920,92584,86718,9612,443717,177,6125,4996,102,15122,975,0.0017934
4,32709.1,62670.2,66739.9,60809,8,1920,92584,86718,9612,443717,177,6125,4996,102,15122,975,0.0017934
4,44173.9,62670.2,66739.9,60809,49,1920,92584,86718,9612,443717,177,6125,4996,102,15122,975,0.0017934
4,27267,157893,199523,181001,9,3383,192978,183868,20239,1109336,465,18073,15348,508,55806,2566,0.0017934
4,33042.1,157893,199523,181001,46,3383,192978,183868,20239,1109336,465,18073,15348,508,55806,2566,0.0017934
4,58613.4,157893,199523,181001,17,3383,192978,183868,20239,1109336,465,18073,15348,508,55806,2566,0.0017934
4,68466.3,157893,199523,181001,42,3383,192978,183868,20239,1109336,465,18073,15348,508,55806,2566,0.0017934
4,10074.1,24122.8,17010.9,15523,10,1057,42736,38252,4017,170588,67,1742,1347,21,3968,195,0.0017934
4,11120.2,24122.8,17010.9,15523,11,1057,42736,38252,4017,170588,67,1742,1347,21,3968,195,0.0017934
4,11810.5,24122.8,17010.9,15523,5,1057,42736,38252,4017,170588,67,1742,1347,21,3968,195,0.0017934
4,25230.2,24122.8,17010.9,15523,21,1057,42736,38252,4017,170588,67,1742,1347,21,3968,195,0.0017934
4,13604.9,138195,280725,254185,13,3044,173314,164344,17816,950662,670,26062,22052,721,78371,2672,0.0017934
4,41229.8,138195,280725,254185,50,3044,173314,164344,17816,950662,670,26062,22052,721,78371,2672,0.0017934
4,57417.5,138195,280725,254185,20,3044,173314,164344,17816,950662,670,26062,22052,721,78371,2672,0.0017934
4,65242.3,138195,280725,254185,73,3044,173314,164344,17816,950662,670,26062,22052,721,78371,2672,0.0017934
4,21960.2,77510.8,104703,95388,23,2337,116149,107970,12159,553048,295,9686,7882,218,25011,1189,0.0017934
4,23006.5,77510.8,104703,95388,15,2337,116149,107970,12159,553048,295,9686,7882,218,25011,1189,0.0017934
4,25218.7,77510.8,104703,95388,16,2337,116149,107970,12159,553048,295,9686,7882,218,25011,1189,0.0017934
4,42179.3,77510.8,104703,95388,58,2337,116149,107970,12159,553048,295,9686,7882,218,25011,1189,0.0017934
4,37381.2,53546.6,190083,174268,51,1841,85610,78819,8792,417863,462,15976,13465,425,45009,2501,0.0017934
4,42923.6,53546.6,190083,174268,50,1841,85610,78819,8792,417863,462,15976,13465,425,45009,2501,0.0017934
4,43321.2,53546.6,190083,174268,37,1841,85610,78819,8792,417863,462,15976,13465,425,45009,2501,0.0017934
4,45089.6,53546.6,190083,174268,38,1841,85610,78819,8792,417863,462,15976,13465,425,45009,2501,0.0017934
4,8931.65,26176.4,18360.3,16698,7,1068,43831,39243,4143,175249,64,1939,1509,35,4544,177,0.0017934
4,9977.67,26176.4,18360.3,16698,8,1068,43831,39243,4143,175249,64,1939,1509,35,4544,177,0.0017934
4,12874.2,26176.4,18360.3,16698,3,1068,43831,39243,4143,175249,64,1939,1509,35,4544,177,0.0017934
4,25441.3,26176.4,18360.3,16698,24,1068,43831,39243,4143,175249,64,1939,1509,35,4544,177,0.0017934
4,21674,105608,177320,162010,18,2896,151428,143268,16007,827656,425,15695,13245,411,40601,2957,0.0017934
4,57040.4,105608,177320,162010,48,2896,151428,143268,16007,827656,425,15695,13245,411,40601,2957,0.0017934
4,58827.6,105608,177320,162010,50,2896,151428,143268,16007,827656,425,15695,13245,411,40601,2957,0.0017934
4,61270,105608,177320,162010,72,2896,151428,143268,16007,827656,425,15695,13245,411,40601,2957,0.0017934
4,23056.9,118652,197130,178739,24,2954,157261,148812,16572,830088,504,18628,15484,466,52168,2222,0.0017934
4,34525.9,118652,197130,178739,26,2954,157261,148812,16572,830088,504,18628,15484,466,52168,2222,0.0017934
4,44560.4,118652,197130,178739,18,2954,157261,148812,16572,830088,504,18628,15484,466,52168,2222,0.0017934
4,54687.6,118652,197130,178739,60,2954,157261,148812,16572,830088,504,18628,15484,466,52168,2222,0.0017934
4,22928.3,126690,186480,168989,30,3126,168608,159528,17553,897512,490,17365,14341,420,47488,2102,0.0017934
4,32669.3,126690,186480,168989,26,3126,168608,159528,17553,897512,490,17365,14341,420,47488,2102,0.0017934
4,45670.9,126690,186480,168989,18,3126,168608,159528,17553,897512,490,17365,14341,420,47488,2102,0.0017934
4,57088.6,126690,186480,168989,65,3126,168608,159528,17553,897512,490,17365,14341,420,47488,2102,0.0017934
4,31785,103238,258776,234832,7,2586,138567,130657,14566,763950,582,22268,19089,723,70822,3404,0.0017934
4,59455.9,103238,258776,234832,74,2586,138567,130657,14566,763950,582,22268,19089,723,70822,3404,0.0017934
4,61243.2,103238,258776,234832,76,2586,138567,130657,14566,763950,582,22268,19089,723,70822,3404,0.0017934
4,62079.8,103238,258776,234832,44,2586,138567,130657,14566,763950,582,22268,19089,723,70822,3404,0.0017934
4,11905.8,16259.2,32884.4,30054,19,791,30098,27143,2978,121058,118,3247,2543,82,6878,446,0.0017934
4,12835.4,16259.2,32884.4,30054,3,791,30098,27143,2978,121058,118,3247,2543,82,6878,446,0.0017934
4,23897.9,16259.2,32884.4,30054,21,791,30098,27143,2978,121058,118,3247,2543,82,6878,446,0.0017934
4,25340.2,16259.2,32884.4,30054,27,791,30098,27143,2978,121058,118,3247,2543,82,6878,446,0.0017934
4,22952.7,86117.1,113409,103476,12,2408,116307,107069,12121,536656,331,9983,8033,209,25842,1269,0.0017934
4,32242.6,86117.1,113409,103476,27,2408,116307,107069,12121,536656,331,9983,8033,209,25842,1269,0.0017934
4,38368.2,86117.1,113409,103476,35,2408,116307,107069,12121,536656,331,9983,8033,209,25842,1269,0.0017934
4,38903,86117.1,113409,103476,47,2408,116307,107069,12121,536656,331,9983,8033,209,25842,1269,0.0017934
4,20010,64982.1,164369,150529,13,2018,100920,93997,10722,488037,367,13875,11391,244,37406,1781,0.0017934
4,38490.5,64982.1,164369,150529,38,2018,100920,93997,10722,488037,367,13875,11391,244,37406,1781,0.0017934
4,38492,64982.1,164369,150529,34,2018,100920,93997,10722,488037,367,13875,11391,244,37406,1781,0.0017934
4,44581.4,64982.1,164369,150529,32,2018,100920,93997,10722,488037,367,13875,11391,244,37406,1781,0.0017934
4,19300.2,156350,302864,272526,11,3418,198385,189025,20362,1142275,766,28611,23968,845,90162,2590,0.0017934
4,36863.9,156350,302864,272526,42,3418,198385,189025,20362,1142275,766,28611,23968,845,90162,2590,0.0017934
4,56923.5,156350,302864,272526,12,3418,198385,189025,20362,1142275,766,28611,23968,845,90162,2590,0.0017934
4,69394,156350,302864,272526,47,3418,198385,189025,20362,1142275,766,28611,23968,845,90162,2590,0.0017934
4,19065.1,117308,148303,135238,21,3089,154253,144235,15893,761136,375,12768,10522,298,34114,1749,0.0017934
4,36970.7,117308,148303,135238,45,3089,154253,144235,15893,761136,375,12768,10522,298,34114,1749,0.0017934
4,38384.9,117308,148303,135238,18,3089,154253,144235,15893,761136,375,12768,10522,298,34114,1749,0.0017934
4,47998.4,117308,148303,135238,28,3089,154253,144235,15893,761136,375,12768,10522,298,34114,1749,0.0017934
4,8169.49,13822.8,36884.3,33921,10,681,25723,23252,2442,102395,113,3415,2660,60,7986,395,0.0017934
4,18413.7,13822.8,36884.3,33921,24,681,25723,23252,2442,102395,113,3415,2660,60,7986,395,0.0017934
4,26312.7,13822.8,36884.3,33921,5,681,25723,23252,2442,102395,113,3415,2660,60,7986,395,0.0017934
4,27136,13822.8,36884.3,33921,31,681,25723,23252,2442,102395,113,3415,2660,60,7986,395,0.0017934
4,19975.9,140120,235767,213187,27,3197,175801,166559,18301,953864,586,22344,18736,602,65655,2458,0.0017934
4,35380.1,140120,235767,213187,39,3197,175801,166559,18301,953864,586,22344,18736,602,65655,2458,0.0017934
4,50380,140120,235767,213187,14,3197,175801,166559,18301,953864,586,22344,18736,602,65655,2458,0.0017934
4,61313.5,140120,235767,213187,69,3197,175801,166559,18301,953864,586,22344,18736,602,65655,2458,0.0017934
4,7246.23,73191.7,71272.1,65035,6,2316,103978,96097,10550,480460,183,6097,4938,101,15976,669,0.0017934
4,35685.9,73191.7,71272.1,65035,22,2316,103978,96097,10550,480460,183,6097,4938,101,15976,669,0.0017934
4,37345.3,73191.7,71272.1,65035,49,2316,103978,96097,10550,480460,183,6097,4938,101,15976,669,0.0017934
4,37465.9,73191.7,71272.1,65035,22,2316,103978,96097,10550,480460,183,6097,4938,101,15976,669,0.0017934
4,20480.4,52939,35689.6,32427,4,1737,74007,68256,7437,340225,127,3619,2810,68,8270,524,0.0017934
4,21770.4,52939,35689.6,32427,17,1737,74007,68256,7437,340225,127,3619,2810,68,8270,524,0.0017934
4,23274.1,52939,35689.6,32427,19,1737,74007,68256,7437,340225,127,3619,2810,68,8270,524,0.0017934
4,34735.9,52939,35689.6,32427,34,1737,74007,68256,7437,340225,127,3619,2810,68,8270,524,0.0017934
4,6348.14,108955,313972,283152,12,2555,144807,136845,15059,768029,761,28824,24460,807,90154,2795,0.0017934
4,48303.6,108955,313972,283152,48,2555,144807,136845,15059,768029,761,28824,24460,807,90154,2795,0.0017934
4,60931.5,108955,313972,283152,40,2555,144807,136845,15059,768029,761,28824,24460,807,90154,2795,0.0017934
4,62652.3,108955,313972,283152,52,2555,144807,136845,15059,768029,761,28824,24460,807,90154,2795,0.0017934
4,8270.38,5745.62,8941.32,8255,13,365,12006,10359,810,39353,39,889,665,1,1441,199,0.0017934
4,11047.6,5745.62,8941.32,8255,5,365,12006,10359,810,39353,39,889,665,1,1441,199,0.0017934
4,12553.6,5745.62,8941.32,8255,5,365,12006,10359,810,39353,39,889,665,1,1441,199,0.0017934
4,14657.5,5745.62,8941.32,8255,8,365,12006,10359,810,39353,39,889,665,1,1441,199,0.0017934
4,21580,90124.6,107664,97588,20,2371,116213,107877,12098,552652,304,10223,8375,257,27409,1039,0.0017934
4,24610.9,90124.6,107664,97588,27,2371,116213,107877,12098,552652,304,10223,8375,257,27409,1039,0.0017934
4,25931.6,90124.6,107664,97588,13,2371,116213,107877,12098,552652,304,10223,8375,257,27409,1039,0.0017934
4,41465.9,90124.6,107664,97588,41,2371,116213,107877,12098,552652,304,10223,8375,257,27409,1039,0.0017934
4,23948.6,136661,226861,206145,11,3036,170215,160953,17926,957908,525,19912,16661,377,60608,2250,0.0017934
4,48041.2,136661,226861,206145,11,3036,170215,160953,17926,957908,525,19912,16661,377,60608,2250,0.0017934
4,64683.7,136661,226861,206145,49,3036,170215,160953,17926,957908,525,19912,16661,377,60608,2250,0.0017934
4,65591.4,136661,226861,206145,28,3036,170215,160953,17926,957908,525,19912,16661,377,60608,2250,0.0017934
4,24978.1,72290.3,148291,135796,8,1981,101141,95304,10777,502466,383,13317,10746,253,34470,1440,0.0017934
4,42231.4,72290.3,148291,135796,47,1981,101141,95304,10777,502466,383,13317,10746,253,34470,1440,0.0017934
4,42427.8,72290.3,148291,135796,33,1981,101141,95304,10777,502466,383,13317,10746,253,34470,1440,0.0017934
4,42956,72290.3,148291,135796,9,1981,101141,95304,10777,502466,383,13317,10746,253,34470,1440,0.0017934
4,28742.8,58794.5,169481,155021,39,2047,94847,88289,10063,483405,429,14795,12347,461,42539,1948,0.0017934
4,36002.7,58794.5,169481,155021,27,2047,94847,88289,10063,483405,429,14795,12347,461,42539,1948,0.0017934
4,37518.5,58794.5,169481,155021,30,2047,94847,88289,10063,483405,429,14795,12347,461,42539,1948,0.0017934
4,45714.3,58794.5,169481,155021,57,2047,94847,88289,10063,483405,429,14795,12347,461,42539,1948,0.0017934
