K,dist,cost_ki,cost_hi,h_cost,vnum,gen_ki,push_ki,pop_ki,prune_ki,suc_call_ki,gen_hi,push_hi,pop_hi,prune_hi,suc_call_hi,reevaluate,density
4,13306.4,29826.3,28101.3,24956,20,975,41491,38123,4127,189537,121,3234,2517,22,5799,733,0.00136472
4,18285.6,29826.3,28101.3,24956,24,975,41491,38123,4127,189537,121,3234,2517,22,5799,733,0.00136472
4,26284.6,29826.3,28101.3,24956,6,975,41491,38123,4127,189537,121,3234,2517,22,5799,733,0.00136472
4,31635.1,29826.3,28101.3,24956,8,975,41491,38123,4127,189537,121,3234,2517,22,5799,733,0.00136472
4,38690.9,104153,165914,147975,42,2609,134972,127467,14414,710097,426,17325,14567,442,46222,3024,0.00136472
4,44363.4,104153,165914,147975,29,2609,134972,127467,14414,710097,426,17325,14567,442,46222,3024,0.00136472
4,45199.6,104153,165914,147975,33,2609,134972,127467,14414,710097,426,17325,14567,442,46222,3024,0.00136472
4,54538,104153,165914,147975,20,2609,134972,127467,14414,710097,426,17325,14567,442,46222,3024,0.00136472
4,27868.5,73126,86058.9,77859,13,2500,112853,103279,11367,506186,258,8649,6965,184,19419,1584,0.00136472
4,28123.6,73126,86058.9,77859,35,2500,112853,103279,11367,506186,258,8649,6965,184,19419,1584,0.00136472
4,33349.7,73126,86058.9,77859,49,2500,112853,103279,11367,506186,258,8649,6965,184,19419,1584,0.00136472
4,37234.7,73126,86058.9,77859,9,2500,112853,103279,11367,506186,258,8649,6965,184,19419,1584,0.00136472
4,11976,202085,134022,115186,13,4023,228586,217853,24065,1345836,534,17940,14918,600,54727,983,0.00136472
4,23958,202085,134022,115186,7,4023,228586,217853,24065,1345836,534,17940,14918,600,54727,983,0.00136472
4,35115.9,202085,134022,115186,18,4023,228586,217853,24065,1345836,534,17940,14918,600,54727,983,0.00136472
4,74442.5,202085,134022,115186,78,4023,228586,217853,24065,1345836,534,17940,14918,600,54727,983,0.00136472
4,39803.6,95349.9,179885,159873,45,2604,136022,128432,14554,720945,478,19358,16342,470,53810,3258,0.00136472
4,46683.8,95349.9,179885,159873,33,2604,136022,128432,14554,720945,478,19358,16342,470,53810,3258,0.00136472
4,46936.9,95349.9,179885,159873,28,2604,136022,128432,14554,720945,478,19358,16342,470,53810,3258,0.00136472
4,56820.2,95349.9,179885,159873,24,2604,136022,128432,14554,720945,478,19358,16342,470,53810,3258,0.00136472
4,9736.77,189067,230503,199226,13,3859,215297,205314,23176,1215856,834,28839,24130,1139,89772,2179,0.00136472
4,17497.6,189067,230503,199226,8,3859,215297,205314,23176,1215856,834,28839,24130,1139,89772,2179,0.00136472
4,55407.5,189067,230503,199226,72,3859,215297,205314,23176,1215856,834,28839,24130,1139,89772,2179,0.00136472
4,62399.9,189067,230503,199226,78,3859,215297,205314,23176,1215856,834,28839,24130,1139,89772,2179,0.00136472
4,37645.1,88595.4,116783,104484,40,2603,128907,121815,13613,666682,329,12811,10571,278,30418,2668,0.00136472
4,38099.6,88595.4,116783,104484,23,2603,128907,121815,13613,666682,329,12811,10571,278,30418,2668,0.00136472
4,42284,88595.4,116783,104484,40,2603,128907,121815,13613,666682,329,12811,10571,278,30418,2668,0.00136472
4,48935.7,88595.4,116783,104484,8,2603,128907,121815,13613,666682,329,12811,10571,278,30418,2668,0.00136472
4,29496.3,92608.7,84434.3,73846,8,2854,132983,122929,13744,618955,317,11080,9116,288,30781,1136,0.00136472
4,31259.5,92608.7,84434.3,73846,7,2854,132983,122929,13744,618955,317,11080,9116,288,30781,1136,0.00136472
4,34750.1,92608.7,84434.3,73846,37,2854,132983,122929,13744,618955,317,11080,9116,288,30781,1136,0.00136472
4,40424.6,92608.7,84434.3,73846,33,2854,132983,122929,13744,618955,317,11080,9116,288,30781,1136,0.00136472
4,18307.6,74244.6,62639.9,55665,16,2289,112068,105394,11888,570675,193,7055,5662,85,17915,1139,0.00136472
4,22134.5,74244.6,62639.9,55665,6,2289,112068,105394,11888,570675,193,7055,5662,85,17915,1139,0.00136472
4,42712.9,74244.6,62639.9,55665,36,2289,112068,105394,11888,570675,193,7055,5662,85,17915,1139,0.00136472
4,43851.5,74244.6,62639.9,55665,10,2289,112068,105394,11888,570675,193,7055,5662,85,17915,1139,0.00136472
4,4771.53,60355.4,70358,62385,3,1704,82471,76739,8285,416424,268,8571,7068,204,23401,1130,0.00136472
4,25035.7,60355.4,70358,62385,17,1704,82471,76739,8285,416424,268,8571,7068,204,23401,1130,0.00136472
4,27694.9,60355.4,70358,62385,39,1704,82471,76739,8285,416424,268,8571,7068,204,23401,1130,0.00136472
4,44806.5,60355.4,70358,62385,36,1704,82471,76739,8285,416424,268,8571,7068,204,23401,1130,0.00136472
4,47103.9,102260,241293,215791,40,2532,136912,129009,14757,751526,624,25724,21782,819,74489,4353,0.00136472
4,54456.8,102260,241293,215791,47,2532,136912,129009,14757,751526,624,25724,21782,819,74489,4353,0.00136472
4,55421.5,102260,241293,215791,17,2532,136912,129009,14757,751526,624,25724,21782,819,74489,4353,0.00136472
4,63810.4,102260,241293,215791,37,2532,136912,129009,14757,751526,624,25724,21782,819,74489,4353,0.00136472
4,35198.8,94465,112726,101514,40,2696,135844,128433,14372,709921,294,11798,9754,274,27637,2541,0.00136472
4,39383.1,94465,112726,101514,19,2696,135844,128433,14372,709921,294,11798,9754,274,27637,2541,0.00136472
4,40091.1,94465,112726,101514,35,2696,135844,128433,14372,709921,294,11798,9754,274,27637,2541,0.00136472
4,50482.4,94465,112726,101514,6,2696,135844,128433,14372,709921,294,11798,9754,274,27637,2541,0.00136472
4,9403.95,35410,47556.1,42581,11,1247,58404,54180,5947,288736,175,5847,4769,109,12453,1223,0.00136472
4,20784,35410,47556.1,42581,24,1247,58404,54180,5947,288736,175,5847,4769,109,12453,1223,0.00136472
4,27585.8,35410,47556.1,42581,29,1247,58404,54180,5947,288736,175,5847,4769,109,12453,1223,0.00136472
4,39354.5,35410,47556.1,42581,16,1247,58404,54180,5947,288736,175,5847,4769,109,12453,1223,0.00136472
4,38478.4,119331,210005,183225,23,2862,160511,151524,17008,896985,629,25025,21112,762,75801,3352,0.00136472
4,50146.2,119331,210005,183225,10,2862,160511,151524,17008,896985,629,25025,21112,762,75801,3352,0.00136472
4,60878,119331,210005,183225,42,2862,160511,151524,17008,896985,629,25025,21112,762,75801,3352,0.00136472
4,70740.7,119331,210005,183225,6,2862,160511,151524,17008,896985,629,25025,21112,762,75801,3352,0.00136472
4,17129.2,93573.4,154221,136834,9,2517,130615,123052,14280,700674,463,16964,13972,351,54513,1236,0.00136472
4,56251.7,93573.4,154221,136834,9,2517,130615,123052,14280,700674,463,16964,13972,351,54513,1236,0.00136472
4,56830.5,93573.4,154221,136834,55,2517,130615,123052,14280,700674,463,16964,13972,351,54513,1236,0.00136472
4,57083.8,93573.4,154221,136834,31,2517,130615,123052,14280,700674,463,16964,13972,351,54513,1236,0.00136472
4,22831.9,124013,111072,98377,16,3147,161511,152217,16966,835627,392,13147,10745,409,37019,1127,0.00136472
4,33552.6,124013,111072,98377,4,3147,161511,152217,16966,835627,392,13147,10745,409,37019,1127,0.00136472
4,49618.8,124013,111072,98377,67,3147,161511,152217,16966,835627,392,13147,10745,409,37019,1127,0.00136472
4,49925,124013,111072,98377,40,3147,161511,152217,16966,835627,392,13147,10745,409,37019,1127,0.00136472
4,7761.57,57881.7,49713.9,44023,8,1888,92070,85867,9574,446116,158,5908,4705,84,15004,841,0.00136472
4,18163.8,57881.7,49713.9,44023,16,1888,92070,85867,9574,446116,158,5908,4705,84,15004,841,0.00136472
4,38097,57881.7,49713.9,44023,15,1888,92070,85867,9574,446116,158,5908,4705,84,15004,841,0.00136472
4,42388.4,57881.7,49713.9,44023,45,1888,92070,85867,9574,446116,158,5908,4705,84,15004,841,0.00136472
4,36124.9,92769.4,100978,90965,39,2678,134060,126735,14263,698402,289,10864,8908,232,24163,2639,0.00136472
4,37814.8,92769.4,100978,90965,16,2678,134060,126735,14263,698402,289,10864,8908,232,24163,2639,0.00136472
4,39885.2,92769.4,100978,90965,39,2678,134060,126735,14263,698402,289,10864,8908,232,24163,2639,0.00136472
4,49113.1,92769.4,100978,90965,3,2678,134060,126735,14263,698402,289,10864,8908,232,24163,2639,0.00136472
4,10329.9,216022,240041,207441,6,4128,242644,231339,25451,1419607,846,30559,26167,1157,104628,2142,0.00136472
4,21321.1,216022,240041,207441,23,4128,242644,231339,25451,1419607,846,30559,26167,1157,104628,2142,0.00136472
4,53522.4,216022,240041,207441,45,4128,242644,231339,25451,1419607,846,30559,26167,1157,104628,2142,0.00136472
4,78285.2,216022,240041,207441,86,4128,242644,231339,25451,1419607,846,30559,26167,1157,104628,2142,0.00136472
4,21887.6,94305.2,98310.9,87670,24,2728,128339,118203,12937,598282,343,10987,8819,228,29668,1099,0.00136472
4,39035.3,94305.2,98310.9,87670,17,2728,128339,118203,12937,598282,343,10987,8819,228,29668,1099,0.00136472
4,39051.1,94305.2,98310.9,87670,27,2728,128339,118203,12937,598282,343,10987,8819,228,29668,1099,0.00136472
4,39651.5,94305.2,98310.9,87670,50,2728,128339,118203,12937,598282,343,10987,8819,228,29668,1099,0.00136472
4,7963.23,143692,174865,152815,11,3553,189683,180189,19897,1066678,561,21735,18418,547,68580,2178,0.00136472
4,36120.5,143692,174865,152815,35,3553,189683,180189,19897,1066678,561,21735,18418,547,68580,2178,0.00136472
4,39226.1,143692,174865,152815,48,3553,189683,180189,19897,1066678,561,21735,18418,547,68580,2178,0.00136472
4,62680.6,143692,174865,152815,48,3553,189683,180189,19897,1066678,561,21735,18418,547,68580,2178,0.00136472
4,32593.7,109853,144333,128325,37,2949,149623,141459,15982,813865,474,16798,13898,326,44824,2943,0.00136472
4,40272.2,109853,144333,128325,23,2949,149623,141459,15982,813865,474,16798,13898,326,44824,2943,0.00136472
4,46265.7,109853,144333,128325,28,2949,149623,141459,15982,813865,474,16798,13898,326,44824,2943,0.00136472
4,54747.7,109853,144333,128325,25,2949,149623,141459,15982,813865,474,16798,13898,326,44824,2943,0.00136472
4,17597.2,170642,170504,148496,15,3782,204748,195282,21573,1171507,517,20870,17786,723,70106,1520,0.00136472
4,25909.9,170642,170504,148496,27,3782,204748,195282,21573,1171507,517,20870,17786,723,70106,1520,0.00136472
4,30223.3,170642,170504,148496,34,3782,204748,195282,21573,1171507,517,20870,17786,723,70106,1520,0.00136472
4,64336,170642,170504,148496,72,3782,204748,195282,21573,1171507,517,20870,17786,723,70106,1520,0.00136472
4,15570.6,63588.7,37812.1,33421,11,1962,90312,83513,9143,416988,136,4730,3730,62,11943,735,0.00136472
4,17274,63588.7,37812.1,33421,5,1962,90312,83513,9143,416988,136,4730,3730,62,11943,735,0.00136472
4,34801.6,63588.7,37812.1,33421,27,1962,90312,83513,9143,416988,136,4730,3730,62,11943,735,0.00136472
4,37165.9,63588.7,37812.1,33421,18,1962,90312,83513,9143,416988,136,4730,3730,62,11943,735,0.00136472
4,24916.8,102787,75574.2,67079,15,2980,143094,135001,14917,751488,274,9045,7232,99,21905,1398,0.00136472
4,37772.5,102787,75574.2,67079,12,2980,143094,135001,14917,751488,274,9045,7232,99,21905,1398,0.00136472
4,40474.1,102787,75574.2,67079,22,2980,143094,135001,14917,751488,274,9045,7232,99,21905,1398,0.00136472
4,46608.6,102787,75574.2,67079,16,2980,143094,135001,14917,751488,274,9045,7232,99,21905,1398,0.00136472
4,31963.7,113638,141777,125955,37,2941,148960,140845,15981,810631,482,17023,14099,317,46022,2861,0.00136472
4,40458.8,113638,141777,125955,22,2941,148960,140845,15981,810631,482,17023,14099,317,46022,2861,0.00136472
4,46895.3,113638,141777,125955,28,2941,148960,140845,15981,810631,482,17023,14099,317,46022,2861,0.00136472
4,54762.7,113638,141777,125955,24,2941,148960,140845,15981,810631,482,17023,14099,317,46022,2861,0.00136472
4,8450.11,137971,106990,93921,11,3499,179790,169452,18993,938301,394,13801,11234,421,37395,1513,0.00136472
4,23052.5,137971,106990,93921,28,3499,179790,169452,18993,938301,394,13801,11234,421,37395,1513,0.00136472
4,44887.3,137971,106990,93921,49,3499,179790,169452,18993,938301,394,13801,11234,421,37395,1513,0.00136472
4,48795,137971,106990,93921,54,3499,179790,169452,18993,938301,394,13801,11234,421,37395,1513,0.00136472
4,24672.2,106940,95537.9,84032,21,3092,149815,139595,15615,732230,349,12154,10033,300,32076,1534,0.00136472
4,26499.8,106940,95537.9,84032,20,3092,149815,139595,15615,732230,349,12154,10033,300,32076,1534,0.00136472
4,32236.4,106940,95537.9,84032,14,3092,149815,139595,15615,732230,349,12154,10033,300,32076,1534,0.00136472
4,45100.8,106940,95537.9,84032,50,3092,149815,139595,15615,732230,349,12154,10033,300,32076,1534,0.00136472
4,27237.3,73269.2,90920.7,80134,5,2506,115422,106443,12033,523024,313,10940,8973,255,28633,1260,0.00136472
4,29604,73269.2,90920.7,80134,15,2506,115422,106443,12033,523024,313,10940,8973,255,28633,1260,0.00136472
4,36765.6,73269.2,90920.7,80134,27,2506,115422,106443,12033,523024,313,10940,8973,255,28633,1260,0.00136472
4,38273.7,73269.2,90920.7,80134,43,2506,115422,106443,12033,523024,313,10940,8973,255,28633,1260,0.00136472
4,22809.3,102526,186400,164092,8,2623,143272,135035,15546,792333,591,22000,18274,492,70268,2031,0.00136472
4,59040.5,102526,186400,164092,24,2623,143272,135035,15546,792333,591,22000,18274,492,70268,2031,0.00136472
4,62670.5,102526,186400,164092,59,2623,143272,135035,15546,792333,591,22000,18274,492,70268,2031,0.00136472
4,62923.8,102526,186400,164092,35,2623,143272,135035,15546,792333,591,22000,18274,492,70268,2031,0.00136472
4,23149.7,72343.5,114741,102364,18,2533,113234,103432,11595,504649,383,12496,10258,296,32403,1714,0.00136472
4,35273.7,72343.5,114741,102364,40,2533,113234,103432,11595,504649,383,12496,10258,296,32403,1714,0.00136472
4,35678.9,72343.5,114741,102364,33,2533,113234,103432,11595,504649,383,12496,10258,296,32403,1714,0.00136472
4,37568.5,72343.5,114741,102364,24,2533,113234,103432,11595,504649,383,12496,10258,296,32403,1714,0.00136472
4,20738.8,101753,167494,147621,15,2662,138446,130635,15015,751781,513,19186,15974,381,62337,1726,0.00136472
4,54176.7,101753,167494,147621,13,2662,138446,130635,15015,751781,513,19186,15974,381,62337,1726,0.00136472
4,58215.7,101753,167494,147621,53,2662,138446,130635,15015,751781,513,19186,15974,381,62337,1726,0.00136472
4,58521.6,101753,167494,147621,26,2662,138446,130635,15015,751781,513,19186,15974,381,62337,1726,0.00136472
4,10225.9,189321,132433,114877,8,4002,224826,214081,23702,1308607,501,17578,14615,559,52273,1181,0.00136472
4,23041.7,189321,132433,114877,7,4002,224826,214081,23702,1308607,501,17578,14615,559,52273,1181,0.00136472
4,37034.4,189321,132433,114877,22,4002,224826,214081,23702,1308607,501,17578,14615,559,52273,1181,0.00136472
4,73964,189321,132433,114877,75,4002,224826,214081,23702,1308607,501,17578,14615,559,52273,1181,0.00136472
4,13454.9,47165.3,24485.4,21990,8,1766,74664,68282,7231,318699,94,3009,2351,34,5356,695,0.00136472
4,14782.3,47165.3,24485.4,21990,12,1766,74664,68282,7231,318699,94,3009,2351,34,5356,695,0.00136472
4,24431.3,47165.3,24485.4,21990,26,1766,74664,68282,7231,318699,94,3009,2351,34,5356,695,0.00136472
4,31509.9,47165.3,24485.4,21990,7,1766,74664,68282,7231,318699,94,3009,2351,34,5356,695,0.00136472
4,15139.6,172420,169092,146829,13,3741,202869,193375,21169,1160972,559,21741,18545,724,72188,1633,0.00136472
4,28421.5,172420,169092,146829,28,3741,202869,193375,21169,1160972,559,21741,18545,724,72188,1633,0.00136472
4,32627.9,172420,169092,146829,35,3741,202869,193375,21169,1160972,559,21741,18545,724,72188,1633,0.00136472
4,64590.2,172420,169092,146829,65,3741,202869,193375,21169,1160972,559,21741,18545,724,72188,1633,0.00136472
4,28522.5,100080,129909,115913,31,2795,137615,130028,14549,735654,443,14399,11840,285,38092,2125,0.00136472
4,39137.6,100080,129909,115913,8,2795,137615,130028,14549,735654,443,14399,11840,285,38092,2125,0.00136472
4,48229.1,100080,129909,115913,40,2795,137615,130028,14549,735654,443,14399,11840,285,38092,2125,0.00136472
4,50254.8,100080,129909,115913,24,2795,137615,130028,14549,735654,443,14399,11840,285,38092,2125,0.00136472
4,12568.7,75874,59982.7,53562,7,2231,104249,96360,10346,491444,234,7078,5701,117,17168,1086,0.00136472
4,26297.5,75874,59982.7,53562,31,2231,104249,96360,10346,491444,234,7078,5701,117,17168,1086,0.00136472
4,34688.6,75874,59982.7,53562,17,2231,104249,96360,10346,491444,234,7078,5701,117,17168,1086,0.00136472
4,37998,75874,59982.7,53562,29,2231,104249,96360,10346,491444,234,7078,5701,117,17168,1086,0.00136472
4,27332.7,94222.5,89865.7,79454,32,2648,137655,130070,14419,727200,307,11175,9039,171,29325,1615,0.00136472
4,34836.4,94222.5,89865.7,79454,10,2648,137655,130070,14419,727200,307,11175,9039,171,29325,1615,0.00136472
4,47586.4,94222.5,89865.7,79454,19,2648,137655,130070,14419,727200,307,11175,9039,171,29325,1615,0.00136472
4,54052.7,94222.5,89865.7,79454,31,2648,137655,130070,14419,727200,307,11175,9039,171,29325,1615,0.00136472
4,40873,118710,203758,179132,4,3021,160533,151365,17159,900413,685,24000,20168,856,75474,2956,0.00136472
4,43852.8,118710,203758,179132,49,3021,160533,151365,17159,900413,685,24000,20168,856,75474,2956,0.00136472
4,44253.7,118710,203758,179132,48,3021,160533,151365,17159,900413,685,24000,20168,856,75474,2956,0.00136472
4,61908.1,118710,203758,179132,50,3021,160533,151365,17159,900413,685,24000,20168,856,75474,2956,0.00136472
4,9682.78,31364.9,29125,26107,11,1181,50851,47204,5051,241441,135,3764,2941,39,7291,709,0.00136472
4,14595.1,31364.9,29125,26107,18,1181,50851,47204,5051,241441,135,3764,2941,39,7291,709,0.00136472
4,17573.2,31364.9,29125,26107,22,1181,50851,47204,5051,241441,135,3764,2941,39,7291,709,0.00136472
4,30556.1,31364.9,29125,26107,21,1181,50851,47204,5051,241441,135,3764,2941,39,7291,709,0.00136472
4,27174.4,83179,92653.4,82474,4,2536,124001,115878,12911,604450,325,10903,8874,268,28640,1253,0.00136472
4,39954.3,83179,92653.4,82474,47,2536,124001,115878,12911,604450,325,10903,8874,268,28640,1253,0.00136472
4,40983.3,83179,92653.4,82474,19,2536,124001,115878,12911,604450,325,10903,8874,268,28640,1253,0.00136472
4,41414.8,83179,92653.4,82474,39,2536,124001,115878,12911,604450,325,10903,8874,268,28640,1253,0.00136472
4,22635.4,103813,104100,91936,33,2766,139987,130951,14533,728629,359,12834,10749,304,34404,2157,0.00136472
4,23065,103813,104100,91936,15,2766,139987,130951,14533,728629,359,12834,10749,304,34404,2157,0.00136472
4,40169,103813,104100,91936,30,2766,139987,130951,14533,728629,359,12834,10749,304,34404,2157,0.00136472
4,48934.2,103813,104100,91936,50,2766,139987,130951,14533,728629,359,12834,10749,304,34404,2157,0.00136472
4,27170.7,108702,75060.5,67069,27,3158,149242,137017,14942,695239,249,8888,7003,111,20330,1397,0.00136472
4,30810.1,108702,75060.5,67069,26,3158,149242,137017,14942,695239,249,8888,7003,111,20330,1397,0.00136472
4,38758.7,108702,75060.5,67069,12,3158,149242,137017,14942,695239,249,8888,7003,111,20330,1397,0.00136472
4,41999.9,108702,75060.5,67069,14,3158,149242,137017,14942,695239,249,8888,7003,111,20330,1397,0.00136472
4,22377.3,73921.2,67190.2,59635,24,2486,114734,105554,11416,521633,222,7696,6143,173,19650,1057,0.00136472
4,22753,73921.2,67190.2,59635,3,2486,114734,105554,11416,521633,222,7696,6143,173,19650,1057,0.00136472
4,34174.7,73921.2,67190.2,59635,24,2486,114734,105554,11416,521633,222,7696,6143,173,19650,1057,0.00136472
4,37754.7,73921.2,67190.2,59635,42,2486,114734,105554,11416,521633,222,7696,6143,173,19650,1057,0.00136472
4,35633,136471,332764,287874,6,3019,173578,163571,17858,1006072,1072,40464,34547,1130,145091,3403,0.00136472
4,66113.1,136471,332764,287874,12,3019,173578,163571,17858,1006072,1072,40464,34547,1130,145091,3403,0.00136472
4,67498.5,136471,332764,287874,59,3019,173578,163571,17858,1006072,1072,40464,34547,1130,145091,3403,0.00136472
4,77254.9,136471,332764,287874,69,3019,173578,163571,17858,1006072,1072,40464,34547,1130,145091,3403,0.00136472
4,1567.5,23765.5,32065.9,28402,4,1146,45538,40829,4115,177397,124,4195,3329,72,9736,554,0.00136472
4,21140.2,23765.5,32065.9,28402,10,1146,45538,40829,4115,177397,124,4195,3329,72,9736,554,0.00136472
4,22493.1,23765.5,32065.9,28402,25,1146,45538,40829,4115,177397,124,4195,3329,72,9736,554,0.00136472
4,25225.9,23765.5,32065.9,28402,23,1146,45538,40829,4115,177397,124,4195,3329,72,9736,554,0.00136472
4,11794.3,177215,138221,119048,12,4010,222279,211760,23763,1290600,535,18398,15348,635,58348,1091,0.00136472
4,21004.2,177215,138221,119048,7,4010,222279,211760,23763,1290600,535,18398,15348,635,58348,1091,0.00136472
4,32832.6,177215,138221,119048,28,4010,222279,211760,23763,1290600,535,18398,15348,635,58348,1091,0.00136472
4,70185.2,177215,138221,119048,71,4010,222279,211760,23763,1290600,535,18398,15348,635,58348,1091,0.00136472
4,7610.12,30216.2,32370.8,28720,5,1169,46742,42442,4358,186951,148,4137,3279,76,9089,618,0.00136472
4,19611.7,30216.2,32370.8,28720,20,1169,46742,42442,4358,186951,148,4137,3279,76,9089,618,0.00136472
4,23395.1,30216.2,32370.8,28720,23,1169,46742,42442,4358,186951,148,4137,3279,76,9089,618,0.00136472
4,25916.9,30216.2,32370.8,28720,24,1169,46742,42442,4358,186951,148,4137,3279,76,9089,618,0.00136472
4,10858.3,22140.2,19485.7,17378,12,1008,42033,37980,3841,171982,93,2499,1905,17,4998,361,0.00136472
4,13388.5,22140.2,19485.7,17378,4,1008,42033,37980,3841,171982,93,2499,1905,17,4998,361,0.00136472
4,15368.8,22140.2,19485.7,17378,9,1008,42033,37980,3841,171982,93,2499,1905,17,4998,361,0.00136472
4,24776.1,22140.2,19485.7,17378,28,1008,42033,37980,3841,171982,93,2499,1905,17,4998,361,0.00136472
4,29009.2,113620,109984,99012,14,3041,149868,141403,15361,801535,336,11590,9629,330,28011,2234,0.00136472
4,38225.3,113620,109984,99012,36,3041,149868,141403,15361,801535,336,11590,9629,330,28011,2234,0.00136472
4,38554,113620,109984,99012,44,3041,149868,141403,15361,801535,336,11590,9629,330,28011,2234,0.00136472
4,49305.1,113620,109984,99012,3,3041,149868,141403,15361,801535,336,11590,9629,330,28011,2234,0.00136472
4,6496.27,66472.2,79924.8,71023,6,1999,102676,96079,10699,522619,240,8898,7286,164,23068,1371,0.00136472
4,23742.2,66472.2,79924.8,71023,20,1999,102676,96079,10699,522619,240,8898,7286,164,23068,1371,0.00136472
4,42552.9,66472.2,79924.8,71023,26,1999,102676,96079,10699,522619,240,8898,7286,164,23068,1371,0.00136472
4,48490.2,66472.2,79924.8,71023,37,1999,102676,96079,10699,522619,240,8898,7286,164,23068,1371,0.00136472
4,22277.7,221824,278748,239463,25,4319,267836,255487,27114,1639296,967,34936,30098,1364,121185,2876,0.00136472
4,35259.5,221824,278748,239463,45,4319,267836,255487,27114,1639296,967,34936,30098,1364,121185,2876,0.00136472
4,57383.7,221824,278748,239463,15,4319,267836,255487,27114,1639296,967,34936,30098,1364,121185,2876,0.00136472
4,91939.5,221824,278748,239463,88,4319,267836,255487,27114,1639296,967,34936,30098,1364,121185,2876,0.00136472
4,25172.8,118499,125669,110334,24,3026,148829,140706,15836,796696,478,15247,12402,322,43708,1407,0.00136472
4,39461.2,118499,125669,110334,3,3026,148829,140706,15836,796696,478,15247,12402,322,43708,1407,0.00136472
4,46180.2,118499,125669,110334,25,3026,148829,140706,15836,796696,478,15247,12402,322,43708,1407,0.00136472
4,51119.1,118499,125669,110334,12,3026,148829,140706,15836,796696,478,15247,12402,322,43708,1407,0.00136472
4,44498.3,96251.7,228048,202990,41,2583,140750,132728,15228,766321,603,24531,20753,733,70523,3903,0.00136472
4,52934.6,96251.7,228048,202990,12,2583,140750,132728,15228,766321,603,24531,20753,733,70523,3903,0.00136472
4,54225.4,96251.7,228048,202990,45,2583,140750,132728,15228,766321,603,24531,20753,733,70523,3903,0.00136472
4,64183.8,96251.7,228048,202990,39,2583,140750,132728,15228,766321,603,24531,20753,733,70523,3903,0.00136472
4,19496.5,91383.8,54666.5,48548,25,2494,117130,108954,12105,561161,203,6677,5448,135,16909,1154,0.00136472
4,23167.3,91383.8,54666.5,48548,8,2494,117130,108954,12105,561161,203,6677,5448,135,16909,1154,0.00136472
4,34036.5,91383.8,54666.5,48548,20,2494,117130,108954,12105,561161,203,6677,5448,135,16909,1154,0.00136472
4,40408.7,91383.8,54666.5,48548,34,2494,117130,108954,12105,561161,203,6677,5448,135,16909,1154,0.00136472
4,24500.7,128096,163404,144067,34,3263,173230,164232,18170,935501,499,17820,14790,540,50500,1938,0.00136472
4,33775.5,128096,163404,144067,20,3263,173230,164232,18170,935501,499,17820,14790,540,50500,1938,0.00136472
4,54527.2,128096,163404,144067,48,3263,173230,164232,18170,935501,499,17820,14790,540,50500,1938,0.00136472
4,55262,128096,163404,144067,60,3263,173230,164232,18170,935501,499,17820,14790,540,50500,1938,0.00136472
4,20668.1,156927,111726,97372,26,3540,181756,172077,19198,973247,380,14017,11729,399,41422,1393,0.00136472
4,25817.4,156927,111726,97372,32,3540,181756,172077,19198,973247,380,14017,11729,399,41422,1393,0.00136472
4,26794.7,156927,111726,97372,5,3540,181756,172077,19198,973247,380,14017,11729,399,41422,1393,0.00136472
4,52927.1,156927,111726,97372,60,3540,181756,172077,19198,973247,380,14017,11729,399,41422,1393,0.00136472
4,29719.3,99286.6,127565,113119,32,2724,135490,127418,14173,717203,434,14894,12270,342,37789,2658,0.00136472
4,33325.1,99286.6,127565,113119,23,2724,135490,127418,14173,717203,434,14894,12270,342,37789,2658,0.00136472
4,44376.1,99286.6,127565,113119,47,2724,135490,127418,14173,717203,434,14894,12270,342,37789,2658,0.00136472
4,48784.3,99286.6,127565,113119,23,2724,135490,127418,14173,717203,434,14894,12270,342,37789,2658,0.00136472
4,27224.6,95275.2,99987.6,89623,42,2959,139295,127799,13867,643914,331,11090,9068,269,26413,1785,0.00136472
4,30252.5,95275.2,99987.6,89623,25,2959,139295,127799,13867,643914,331,11090,9068,269,26413,1785,0.00136472
4,36902.1,95275.2,99987.6,89623,26,2959,139295,127799,13867,643914,331,11090,9068,269,26413,1785,0.00136472
4,40901.3,95275.2,99987.6,89623,52,2959,139295,127799,13867,643914,331,11090,9068,269,26413,1785,0.00136472
4,6401.93,40022.9,51942,46139,10,1390,65327,60671,6550,324291,204,6486,5300,98,15153,1242,0.00136472
4,22919.1,40022.9,51942,46139,29,1390,65327,60671,6550,324291,204,6486,5300,98,15153,1242,0.00136472
4,26069.6,40022.9,51942,46139,26,1390,65327,60671,6550,324291,204,6486,5300,98,15153,1242,0.00136472
4,40887.7,40022.9,51942,46139,22,1390,65327,60671,6550,324291,204,6486,5300,98,15153,1242,0.00136472
4,15995.9,199071,163172,140602,5,4078,238333,227314,24780,1434353,591,20454,17110,716,66363,925,0.00136472
4,29406.7,199071,163172,140602,11,4078,238333,227314,24780,1434353,591,20454,17110,716,66363,925,0.00136472
4,36194,199071,163172,140602,6,4078,238333,227314,24780,1434353,591,20454,17110,716,66363,925,0.00136472
4,80239.3,199071,163172,140602,81,4078,238333,227314,24780,1434353,591,20454,17110,716,66363,925,0.00136472
4,10936,23368.1,35334.5,31775,8,936,40454,37420,4125,193513,131,4339,3503,75,8408,999,0.00136472
4,16433.3,23368.1,35334.5,31775,17,936,40454,37420,4125,193513,131,4339,3503,75,8408,999,0.00136472
4,26732.8,23368.1,35334.5,31775,35,936,40454,37420,4125,193513,131,4339,3503,75,8408,999,0.00136472
4,30869.4,23368.1,35334.5,31775,4,936,40454,37420,4125,193513,131,4339,3503,75,8408,999,0.00136472
4,24200.5,92103.7,91323.1,80530,5,2643,123283,114571,12874,586271,313,10865,8923,216,29632,1101,0.00136472
4,32350.1,92103.7,91323.1,80530,19,2643,123283,114571,12874,586271,313,10865,8923,216,29632,1101,0.00136472
4,39362.5,92103.7,91323.1,80530,30,2643,123283,114571,12874,586271,313,10865,8923,216,29632,1101,0.00136472
4,40420.4,92103.7,91323.1,80530,36,2643,123283,114571,12874,586271,313,10865,8923,216,29632,1101,0.00136472
4,42593.8,103720,201091,178623,36,2636,141664,133769,15139,769218,560,22740,19142,588,63650,3740,0.00136472
4,50956.5,103720,201091,178623,11,2636,141664,133769,15139,769218,560,22740,19142,588,63650,3740,0.00136472
4,53558.1,103720,201091,178623,45,2636,141664,133769,15139,769218,560,22740,19142,588,63650,3740,0.00136472
4,63516.5,103720,201091,178623,39,2636,141664,133769,15139,769218,560,22740,19142,588,63650,3740,0.00136472
4,5640.83,158535,134763,117116,4,3749,200251,190045,21686,1101070,526,17621,14447,593,49713,1684,0.00136472
4,19575.8,158535,134763,117116,18,3749,200251,190045,21686,1101070,526,17621,14447,593,49713,1684,0.00136472
4,49977.6,158535,134763,117116,58,3749,200251,190045,21686,1101070,526,17621,14447,593,49713,1684,0.00136472
4,55572.8,158535,134763,117116,51,3749,200251,190045,21686,1101070,526,17621,14447,593,49713,1684,0.00136472
4,27291.3,110091,254635,224197,16,2826,152651,144130,16412,846206,779,30243,25650,638,99806,3369,0.00136472
4,55609.1,110091,254635,224197,33,2826,152651,144130,16412,846206,779,30243,25650,638,99806,3369,0.00136472
4,59890.5,110091,254635,224197,19,2826,152651,144130,16412,846206,779,30243,25650,638,99806,3369,0.00136472
4,64183.6,110091,254635,224197,65,2826,152651,144130,16412,846206,779,30243,25650,638,99806,3369,0.00136472
4,8947.28,28623.8,19620.9,17328,10,1027,43072,39492,4169,185345,103,2607,1984,10,5488,349,0.00136472
4,13683.1,28623.8,19620.9,17328,11,1027,43072,39492,4169,185345,103,2607,1984,10,5488,349,0.00136472
4,23962,28623.8,19620.9,17328,7,1027,43072,39492,4169,185345,103,2607,1984,10,5488,349,0.00136472
4,28098.1,28623.8,19620.9,17328,23,1027,43072,39492,4169,185345,103,2607,1984,10,5488,349,0.00136472
4,21135.9,102002,104308,92442,33,3043,143547,131778,14646,669149,365,12268,10042,291,31094,1694,0.00136472
4,35569.9,102002,104308,92442,48,3043,143547,131778,14646,669149,365,12268,10042,291,31094,1694,0.00136472
4,35935.3,102002,104308,92442,31,3043,143547,131778,14646,669149,365,12268,10042,291,31094,1694,0.00136472
4,41410.3,102002,104308,92442,34,3043,143547,131778,14646,669149,365,12268,10042,291,31094,1694,0.00136472
4,9748.78,164843,178287,155816,3,3700,193851,183227,20881,1043985,625,20975,17115,689,63193,1169,0.00136472
4,24393.4,164843,178287,155816,22,3700,193851,183227,20881,1043985,625,20975,17115,689,63193,1169,0.00136472
4,51742.8,164843,178287,155816,39,3700,193851,183227,20881,1043985,625,20975,17115,689,63193,1169,0.00136472
4,52348,164843,178287,155816,61,3700,193851,183227,20881,1043985,625,20975,17115,689,63193,1169,0.00136472
4,27480.7,114085,208681,183766,21,2802,148860,140539,16106,816514,657,24799,20989,548,77591,3072,0.00136472
4,52574.6,114085,208681,183766,31,2802,148860,140539,16106,816514,657,24799,20989,548,77591,3072,0.00136472
4,57469.2,114085,208681,183766,24,2802,148860,140539,16106,816514,657,24799,20989,548,77591,3072,0.00136472
4,61652.2,114085,208681,183766,56,2802,148860,140539,16106,816514,657,24799,20989,548,77591,3072,0.00136472
4,12727.2,179014,246188,213375,8,3911,220032,210141,23192,1262771,891,30697,25852,1150,96779,2375,0.00136472
4,16545.8,179014,246188,213375,11,3911,220032,210141,23192,1262771,891,30697,25852,1150,96779,2375,0.00136472
4,57295.6,179014,246188,213375,75,3911,220032,210141,23192,1262771,891,30697,25852,1150,96779,2375,0.00136472
4,66446,179014,246188,213375,80,3911,220032,210141,23192,1262771,891,30697,25852,1150,96779,2375,0.00136472
4,19518.6,74917.6,53359.1,47248,3,2216,99523,90963,9816,440901,201,6258,4936,113,15603,639,0.00136472
4,20915.4,74917.6,53359.1,47248,15,2216,99523,90963,9816,440901,201,6258,4936,113,15603,639,0.00136472
4,34929.9,74917.6,53359.1,47248,40,2216,99523,90963,9816,440901,201,6258,4936,113,15603,639,0.00136472
4,35453.5,74917.6,53359.1,47248,31,2216,99523,90963,9816,440901,201,6258,4936,113,15603,639,0.00136472
4,8149.08,20913.3,17759.8,15773,12,1002,39202,35585,3574,159301,91,2284,1726,22,4922,300,0.00136472
4,15938.2,20913.3,17759.8,15773,8,1002,39202,35585,3574,159301,91,2284,1726,22,4922,300,0.00136472
4,17697.9,20913.3,17759.8,15773,5,1002,39202,35585,3574,159301,91,2284,1726,22,4922,300,0.00136472
4,24911.1,20913.3,17759.8,15773,28,1002,39202,35585,3574,159301,91,2284,1726,22,4922,300,0.00136472
4,13625.8,145009,96089.5,84224,17,3542,181930,172413,19571,968401,374,12336,10009,330,31629,1532,0.00136472
4,19295.1,145009,96089.5,84224,18,3542,181930,172413,19571,968401,374,12336,10009,330,31629,1532,0.00136472
4,32804.5,145009,96089.5,84224,41,3542,181930,172413,19571,968401,374,12336,10009,330,31629,1532,0.00136472
4,52060,145009,96089.5,84224,52,3542,181930,172413,19571,968401,374,12336,10009,330,31629,1532,0.00136472
4,16241.4,24473.9,94482.4,84549,18,954,41841,38634,4497,201615,310,10569,8765,303,28745,1466,0.00136472
4,27882.8,24473.9,94482.4,84549,14,954,41841,38634,4497,201615,310,10569,8765,303,28745,1466,0.00136472
4,36011.7,24473.9,94482.4,84549,30,954,41841,38634,4497,201615,310,10569,8765,303,28745,1466,0.00136472
4,38321,24473.9,94482.4,84549,40,954,41841,38634,4497,201615,310,10569,8765,303,28745,1466,0.00136472
4,22893.9,107469,114854,100855,3,2873,148403,139826,15512,819553,426,14230,11874,415,39397,2195,0.00136472
4,28444,107469,114854,100855,30,2873,148403,139826,15512,819553,426,14230,11874,415,39397,2195,0.00136472
4,44199.5,107469,114854,100855,31,2873,148403,139826,15512,819553,426,14230,11874,415,39397,2195,0.00136472
4,54438.8,107469,114854,100855,55,2873,148403,139826,15512,819553,426,14230,11874,415,39397,2195,0.00136472
4,2917.14,24272.6,23953.7,21249,3,1064,44670,40847,4255,182863,104,3069,2335,39,6099,496,0.00136472
4,18050.9,24272.6,23953.7,21249,21,1064,44670,40847,4255,182863,104,3069,2335,39,6099,496,0.00136472
4,24650.5,24272.6,23953.7,21249,12,1064,44670,40847,4255,182863,104,3069,2335,39,6099,496,0.00136472
4,27049.7,24272.6,23953.7,21249,20,1064,44670,40847,4255,182863,104,3069,2335,39,6099,496,0.00136472
4,19102.8,93333.1,100555,88381,3,2686,136174,127886,14119,733758,387,12776,10689,352,36452,1937,0.00136472
4,25755.2,93333.1,100555,88381,29,2686,136174,127886,14119,733758,387,12776,10689,352,36452,1937,0.00136472
4,40515.2,93333.1,100555,88381,33,2686,136174,127886,14119,733758,387,12776,10689,352,36452,1937,0.00136472
4,51750,93333.1,100555,88381,54,2686,136174,127886,14119,733758,387,12776,10689,352,36452,1937,0.00136472
4,5641.91,50987.7,75588.7,66739,12,1742,84347,78476,8487,428857,277,8865,7337,228,24526,1165,0.00136472
4,25900.1,50987.7,75588.7,66739,18,1742,84347,78476,8487,428857,277,8865,7337,228,24526,1165,0.00136472
4,28481.6,50987.7,75588.7,66739,42,1742,84347,78476,8487,428857,277,8865,7337,228,24526,1165,0.00136472
4,45714.8,50987.7,75588.7,66739,43,1742,84347,78476,8487,428857,277,8865,7337,228,24526,1165,0.00136472
4,9206.3,175023,209341,182375,13,3792,206330,196283,22137,1144642,753,25550,21244,948,77581,1909,0.00136472
4,18953.5,175023,209341,182375,3,3792,206330,196283,22137,1144642,753,25550,21244,948,77581,1909,0.00136472
4,55038.7,175023,209341,182375,60,3792,206330,196283,22137,1144642,753,25550,21244,948,77581,1909,0.00136472
4,59233.7,175023,209341,182375,73,3792,206330,196283,22137,1144642,753,25550,21244,948,77581,1909,0.00136472
4,28592.3,123985,99231.6,86712,23,2979,143534,135627,15109,756800,396,12430,10080,308,33669,1271,0.00136472
4,34864.2,123985,99231.6,86712,5,2979,143534,135627,15109,756800,396,12430,10080,308,33669,1271,0.00136472
4,44093.2,123985,99231.6,86712,14,2979,143534,135627,15109,756800,396,12430,10080,308,33669,1271,0.00136472
4,47538.8,123985,99231.6,86712,49,2979,143534,135627,15109,756800,396,12430,10080,308,33669,1271,0.00136472
4,12138,150399,160761,140080,15,3620,193619,184245,20575,1090130,542,20505,17362,628,65691,1867,0.00136472
4,31944.6,150399,160761,140080,27,3620,193619,184245,20575,1090130,542,20505,17362,628,65691,1867,0.00136472
4,34477.1,150399,160761,140080,42,3620,193619,184245,20575,1090130,542,20505,17362,628,65691,1867,0.00136472
4,61341.6,150399,160761,140080,55,3620,193619,184245,20575,1090130,542,20505,17362,628,65691,1867,0.00136472
4,35705.8,130405,200924,179513,38,3084,162843,153783,17619,905900,582,21725,18227,576,59575,3507,0.00136472
4,46346.4,130405,200924,179513,32,3084,162843,153783,17619,905900,582,21725,18227,576,59575,3507,0.00136472
4,47497.1,130405,200924,179513,18,3084,162843,153783,17619,905900,582,21725,18227,576,59575,3507,0.00136472
4,62098.1,130405,200924,179513,33,3084,162843,153783,17619,905900,582,21725,18227,576,59575,3507,0.00136472
4,8276.57,24661.2,69011.9,61120,6,886,37876,34949,3862,177526,246,8249,6722,151,20454,1125,0.00136472
4,26285.8,24661.2,69011.9,61120,24,886,37876,34949,3862,177526,246,8249,6722,151,20454,1125,0.00136472
4,29910,24661.2,69011.9,61120,30,886,37876,34949,3862,177526,246,8249,6722,151,20454,1125,0.00136472
4,31686.4,24661.2,69011.9,61120,19,886,37876,34949,3862,177526,246,8249,6722,151,20454,1125,0.00136472
4,14690,86817.6,111630,98548,20,2344,119422,111444,12362,630005,405,13097,11020,358,37924,2016,0.00136472
4,27221.1,86817.6,111630,98548,22,2344,119422,111444,12362,630005,405,13097,11020,358,37924,2016,0.00136472
4,37784,86817.6,111630,98548,43,2344,119422,111444,12362,630005,405,13097,11020,358,37924,2016,0.00136472
4,51758.6,86817.6,111630,98548,62,2344,119422,111444,12362,630005,405,13097,11020,358,37924,2016,0.00136472
4,6722.28,120535,125046,111038,6,2975,151799,143044,15965,806170,386,14641,12024,249,37816,2170,0.00136472
4,45471.4,120535,125046,111038,33,2975,151799,143044,15965,806170,386,14641,12024,249,37816,2170,0.00136472
4,45950.6,120535,125046,111038,53,2975,151799,143044,15965,806170,386,14641,12024,249,37816,2170,0.00136472
4,56609.8,120535,125046,111038,19,2975,151799,143044,15965,806170,386,14641,12024,249,37816,2170,0.00136472
4,10860.3,171981,197278,171622,3,3716,204868,195267,21385,1187496,618,24458,20941,737,84261,1872,0.00136472
4,33062.9,171981,197278,171622,32,3716,204868,195267,21385,1187496,618,24458,20941,737,84261,1872,0.00136472
4,38185.1,171981,197278,171622,39,3716,204868,195267,21385,1187496,618,24458,20941,737,84261,1872,0.00136472
4,67865.1,171981,197278,171622,61,3716,204868,195267,21385,1187496,618,24458,20941,737,84261,1872,0.00136472
4,13214,40438.2,23459.7,20883,11,1579,66403,60711,6388,279689,104,2962,2294,28,5554,609,0.00136472
4,13529.5,40438.2,23459.7,20883,12,1579,66403,60711,6388,279689,104,2962,2294,28,5554,609,0.00136472
4,21167.3,40438.2,23459.7,20883,21,1579,66403,60711,6388,279689,104,2962,2294,28,5554,609,0.00136472
4,29987.1,40438.2,23459.7,20883,9,1579,66403,60711,6388,279689,104,2962,2294,28,5554,609,0.00136472
4,27701.4,60535.5,71048.9,64149,32,2117,93542,85304,9041,408237,243,7549,6041,134,17010,1292,0.00136472
4,30714.6,60535.5,71048.9,64149,6,2117,93542,85304,9041,408237,243,7549,6041,134,17010,1292,0.00136472
4,33530.5,60535.5,71048.9,64149,34,2117,93542,85304,9041,408237,243,7549,6041,134,17010,1292,0.00136472
4,34488.3,60535.5,71048.9,64149,6,2117,93542,85304,9041,408237,243,7549,6041,134,17010,1292,0.00136472
4,10743,147899,113125,98963,11,3512,177734,166870,18655,911900,422,14012,11401,410,38792,1309,0.00136472
4,25572.9,147899,113125,98963,27,3512,177734,166870,18655,911900,422,14012,11401,410,38792,1309,0.00136472
4,46817.2,147899,113125,98963,42,3512,177734,166870,18655,911900,422,14012,11401,410,38792,1309,0.00136472
4,47732.2,147899,113125,98963,51,3512,177734,166870,18655,911900,422,14012,11401,410,38792,1309,0.00136472
4,5951.44,172208,164094,141815,11,3899,215068,204520,23070,1208440,603,20716,17415,741,66838,1415,0.00136472
4,9556.46,172208,164094,141815,8,3899,215068,204520,23070,1208440,603,20716,17415,741,66838,1415,0.00136472
4,43037.6,172208,164094,141815,45,3899,215068,204520,23070,1208440,603,20716,17415,741,66838,1415,0.00136472
4,65008.4,172208,164094,141815,60,3899,215068,204520,23070,1208440,603,20716,17415,741,66838,1415,0.00136472
4,22448.7,128333,127559,113523,19,3225,168169,158666,17656,879082,405,14223,11640,458,40403,1095,0.00136472
4,32913.7,128333,127559,113523,9,3225,168169,158666,17656,879082,405,14223,11640,458,40403,1095,0.00136472
4,51544.2,128333,127559,113523,62,3225,168169,158666,17656,879082,405,14223,11640,458,40403,1095,0.00136472
4,51767,128333,127559,113523,44,3225,168169,158666,17656,879082,405,14223,11640,458,40403,1095,0.00136472
4,17156.2,215410,370316,315093,10,4195,252555,241316,25920,1507177,1222,44868,38402,1622,160581,2723,0.00136472
4,26221.5,215410,370316,315093,23,4195,252555,241316,25920,1507177,1222,44868,38402,1622,160581,2723,0.00136472
4,60458.7,215410,370316,315093,48,4195,252555,241316,25920,1507177,1222,44868,38402,1622,160581,2723,0.00136472
4,83143.9,215410,370316,315093,83,4195,252555,241316,25920,1507177,1222,44868,38402,1622,160581,2723,0.00136472
4,4343.14,200000,198619,171284,6,4097,232339,220854,24741,1332875,722,25122,21319,979,83229,1663,0.00136472
4,18516.1,200000,198619,171284,22,4097,232339,220854,24741,1332875,722,25122,21319,979,83229,1663,0.00136472
4,46236.9,200000,198619,171284,40,4097,232339,220854,24741,1332875,722,25122,21319,979,83229,1663,0.00136472
4,74268.2,200000,198619,171284,68,4097,232339,220854,24741,1332875,722,25122,21319,979,83229,1663,0.00136472
4,28587.8,90255.3,96843.9,85980,18,2898,133662,122895,13732,614543,345,11585,9442,247,30714,1483,0.00136472
4,32876.4,90255.3,96843.9,85980,33,2898,133662,122895,13732,614543,345,11585,9442,247,30714,1483,0.00136472
4,35344.7,90255.3,96843.9,85980,12,2898,133662,122895,13732,614543,345,11585,9442,247,30714,1483,0.00136472
4,40232.4,90255.3,96843.9,85980,45,2898,133662,122895,13732,614543,345,11585,9442,247,30714,1483,0.00136472
4,23674.9,85723.6,62011.3,55116,24,2476,129188,121973,13629,678230,246,7707,5967,88,16602,1269,0.00136472
4,32634.4,85723.6,62011.3,55116,7,2476,129188,121973,13629,678230,246,7707,5967,88,16602,1269,0.00136472
4,51794.4,85723.6,62011.3,55116,11,2476,129188,121973,13629,678230,246,7707,5967,88,16602,1269,0.00136472
4,53792.4,85723.6,62011.3,55116,9,2476,129188,121973,13629,678230,246,7707,5967,88,16602,1269,0.00136472
4,39700.3,119502,208876,184769,24,2813,158908,150016,16785,887288,578,23814,20264,734,72300,3393,0.00136472
4,51159.6,119502,208876,184769,10,2813,158908,150016,16785,887288,578,23814,20264,734,72300,3393,0.00136472
4,61005,119502,208876,184769,46,2813,158908,150016,16785,887288,578,23814,20264,734,72300,3393,0.00136472
4,70963.4,119502,208876,184769,40,2813,158908,150016,16785,887288,578,23814,20264,734,72300,3393,0.00136472
4,21207.7,100993,123588,108677,6,2533,135598,127811,13658,728204,390,15016,12535,291,43300,2069,0.00136472
4,37252.6,100993,123588,108677,31,2533,135598,127811,13658,728204,390,15016,12535,291,43300,2069,0.00136472
4,56926.8,100993,123588,108677,25,2533,135598,127811,13658,728204,390,15016,12535,291,43300,2069,0.00136472
4,61229.9,100993,123588,108677,51,2533,135598,127811,13658,728204,390,15016,12535,291,43300,2069,0.00136472
4,19627.5,104294,108470,95755,20,2959,141764,131264,14716,675871,418,12903,10551,339,35541,1373,0.00136472
4,34457.3,104294,108470,95755,36,2959,141764,131264,14716,675871,418,12903,10551,339,35541,1373,0.00136472
4,41377.1,104294,108470,95755,28,2959,141764,131264,14716,675871,418,12903,10551,339,35541,1373,0.00136472
4,41829.1,104294,108470,95755,48,2959,141764,131264,14716,675871,418,12903,10551,339,35541,1373,0.00136472
4,13471.6,97692.7,124168,110700,10,2589,131959,124335,14392,698715,377,13591,11203,189,36351,2153,0.00136472
4,49783.3,97692.7,124168,110700,47,2589,131959,124335,14392,698715,377,13591,11203,189,36351,2153,0.00136472
4,50036.6,97692.7,124168,110700,23,2589,131959,124335,14392,698715,377,13591,11203,189,36351,2153,0.00136472
4,53142,97692.7,124168,110700,10,2589,131959,124335,14392,698715,377,13591,11203,189,36351,2153,0.00136472
4,6653.82,177901,124270,107968,6,3842,211708,201020,22603,1189622,472,15950,13234,539,47515,1053,0.00136472
4,14038.1,177901,124270,107968,2,3842,211708,201020,22603,1189622,472,15950,13234,539,47515,1053,0.00136472
4,37381.8,177901,124270,107968,35,3842,211708,201020,22603,1189622,472,15950,13234,539,47515,1053,0.00136472
4,65626.9,177901,124270,107968,68,3842,211708,201020,22603,1189622,472,15950,13234,539,47515,1053,0.00136472
4,7499.83,197141,214171,184551,8,4125,237051,225388,25037,1366553,773,26983,23005,992,89819,1931,0.00136472
4,21252.9,197141,214171,184551,21,4125,237051,225388,25037,1366553,773,26983,23005,992,89819,1931,0.00136472
4,48709.6,197141,214171,184551,33,4125,237051,225388,25037,1366553,773,26983,23005,992,89819,1931,0.00136472
4,77152.2,197141,214171,184551,71,4125,237051,225388,25037,1366553,773,26983,23005,992,89819,1931,0.00136472
4,22785,90312.4,78862.6,70323,22,2579,123409,116390,12851,637077,284,9384,7598,107,22645,1586,0.00136472
4,25200.1,90312.4,78862.6,70323,19,2579,123409,116390,12851,637077,284,9384,7598,107,22645,1586,0.00136472
4,42886.9,90312.4,78862.6,70323,30,2579,123409,116390,12851,637077,284,9384,7598,107,22645,1586,0.00136472
4,45491.2,90312.4,78862.6,70323,15,2579,123409,116390,12851,637077,284,9384,7598,107,22645,1586,0.00136472
4,14264.2,26248.5,31962.1,28571,8,1032,45468,42186,4737,220404,137,3977,3191,64,7330,911,0.00136472
4,14718.2,26248.5,31962.1,28571,16,1032,45468,42186,4737,220404,137,3977,3191,64,7330,911,0.00136472
4,28068.3,26248.5,31962.1,28571,38,1032,45468,42186,4737,220404,137,3977,3191,64,7330,911,0.00136472
4,34532.1,26248.5,31962.1,28571,9,1032,45468,42186,4737,220404,137,3977,3191,64,7330,911,0.00136472
4,8500.3,41816.7,48946.9,42731,5,1532,69586,63991,7017,314301,190,6364,5120,129,16525,768,0.00136472
4,14924.7,41816.7,48946.9,42731,13,1532,69586,63991,7017,314301,190,6364,5120,129,16525,768,0.00136472
4,29466,41816.7,48946.9,42731,26,1532,69586,63991,7017,314301,190,6364,5120,129,16525,768,0.00136472
4,40867.8,41816.7,48946.9,42731,37,1532,69586,63991,7017,314301,190,6364,5120,129,16525,768,0.00136472
4,4831.41,18431.3,22501.2,19895,7,824,32593,29493,2893,133018,104,2788,2169,25,6107,350,0.00136472
4,18523.3,18431.3,22501.2,19895,8,824,32593,29493,2893,133018,104,2788,2169,25,6107,350,0.00136472
4,19380,18431.3,22501.2,19895,7,824,32593,29493,2893,133018,104,2788,2169,25,6107,350,0.00136472
4,23052.3,18431.3,22501.2,19895,28,824,32593,29493,2893,133018,104,2788,2169,25,6107,350,0.00136472
4,25666.8,92344.5,129523,113752,7,2519,138023,130097,14207,743061,408,15681,12959,265,44372,2169,0.00136472
4,41520.9,92344.5,129523,113752,33,2519,138023,130097,14207,743061,408,15681,12959,265,44372,2169,0.00136472
4,61385.2,92344.5,129523,113752,26,2519,138023,130097,14207,743061,408,15681,12959,265,44372,2169,0.00136472
4,63579.5,92344.5,129523,113752,26,2519,138023,130097,14207,743061,408,15681,12959,265,44372,2169,0.00136472
4,19865.3,97131.5,146390,129047,16,2588,135248,127569,14733,727660,470,17274,14321,335,54256,1557,0.00136472
4,53640.8,97131.5,146390,129047,9,2588,135248,127569,14733,727660,470,17274,14321,335,54256,1557,0.00136472
4,56667.2,97131.5,146390,129047,52,2588,135248,127569,14733,727660,470,17274,14321,335,54256,1557,0.00136472
4,56972.5,97131.5,146390,129047,25,2588,135248,127569,14733,727660,470,17274,14321,335,54256,1557,0.00136472
4,19352.7,25356.1,83835.6,74141,30,928,41627,38469,4487,201053,286,9783,8040,309,26637,1162,0.00136472
4,26691.6,25356.1,83835.6,74141,4,928,41627,38469,4487,201053,286,9783,8040,309,26637,1162,0.00136472
4,39486.3,25356.1,83835.6,74141,30,928,41627,38469,4487,201053,286,9783,8040,309,26637,1162,0.00136472
4,40356.4,25356.1,83835.6,74141,58,928,41627,38469,4487,201053,286,9783,8040,309,26637,1162,0.00136472
4,11868.1,46659.2,26269.1,22904,4,1646,74331,68543,7415,333049,102,3497,2682,32,8512,357,0.00136472
4,12046,46659.2,26269.1,22904,7,1646,74331,68543,7415,333049,102,3497,2682,32,8512,357,0.00136472
4,33063.5,46659.2,26269.1,22904,6,1646,74331,68543,7415,333049,102,3497,2682,32,8512,357,0.00136472
4,35675.6,46659.2,26269.1,22904,36,1646,74331,68543,7415,333049,102,3497,2682,32,8512,357,0.00136472
4,9309.42,108799,149733,132947,3,2851,150056,141423,15984,812283,462,17856,14960,380,46895,3096,0.00136472
4,51987.2,108799,149733,132947,43,2851,150056,141423,15984,812283,462,17856,14960,380,46895,3096,0.00136472
4,53398.4,108799,149733,132947,64,2851,150056,141423,15984,812283,462,17856,14960,380,46895,3096,0.00136472
4,60770.3,108799,149733,132947,12,2851,150056,141423,15984,812283,462,17856,14960,380,46895,3096,0.00136472
4,35583.6,97952.7,97377.6,87515,32,2723,136146,128785,14312,709490,283,10737,8801,228,23384,2577,0.00136472
4,37190.1,97952.7,97377.6,87515,16,2723,136146,128785,14312,709490,283,10737,8801,228,23384,2577,0.00136472
4,38473.5,97952.7,97377.6,87515,40,2723,136146,128785,14312,709490,283,10737,8801,228,23384,2577,0.00136472
4,48881.7,97952.7,97377.6,87515,6,2723,136146,128785,14312,709490,283,10737,8801,228,23384,2577,0.00136472
4,39015.3,112821,220891,195207,48,2887,157787,148948,16816,863017,629,25780,21827,827,74674,3661,0.00136472
4,46784.2,112821,220891,195207,37,2887,157787,148948,16816,863017,629,25780,21827,827,74674,3661,0.00136472
4,55794.5,112821,220891,195207,65,2887,157787,148948,16816,863017,629,25780,21827,827,74674,3661,0.00136472
4,61147.1,112821,220891,195207,58,2887,157787,148948,16816,863017,629,25780,21827,827,74674,3661,0.00136472
4,9099.51,29182.9,32589.6,29139,6,1186,51516,47224,5130,218768,108,3611,2832,38,8308,512,0.00136472
4,15406.9,29182.9,32589.6,29139,16,1186,51516,47224,5130,218768,108,3611,2832,38,8308,512,0.00136472
4,21646.9,29182.9,32589.6,29139,16,1186,51516,47224,5130,218768,108,3611,2832,38,8308,512,0.00136472
4,33275.9,29182.9,32589.6,29139,23,1186,51516,47224,5130,218768,108,3611,2832,38,8308,512,0.00136472
4,9818.35,44363.4,23254.5,20425,8,1485,67298,62006,6634,295084,102,2969,2275,48,6430,379,0.00136472
4,10695.5,44363.4,23254.5,20425,13,1485,67298,62006,6634,295084,102,2969,2275,48,6430,379,0.00136472
4,29962.4,44363.4,23254.5,20425,6,1485,67298,62006,6634,295084,102,2969,2275,48,6430,379,0.00136472
4,35191,44363.4,23254.5,20425,24,1485,67298,62006,6634,295084,102,2969,2275,48,6430,379,0.00136472
4,22665.8,104601,122882,109779,25,2900,136360,126058,13766,649306,406,13722,11098,266,35386,1917,0.00136472
4,39327.1,104601,122882,109779,50,2900,136360,126058,13766,649306,406,13722,11098,266,35386,1917,0.00136472
4,39711.1,104601,122882,109779,36,2900,136360,126058,13766,649306,406,13722,11098,266,35386,1917,0.00136472
4,40905.7,104601,122882,109779,20,2900,136360,126058,13766,649306,406,13722,11098,266,35386,1917,0.00136472
4,34460.8,97779.1,116710,104173,38,2752,142636,134903,15098,752486,349,13632,11302,261,33861,2681,0.00136472
4,40781.4,97779.1,116710,104173,26,2752,142636,134903,15098,752486,349,13632,11302,261,33861,2681,0.00136472
4,44222.5,97779.1,116710,104173,25,2752,142636,134903,15098,752486,349,13632,11302,261,33861,2681,0.00136472
4,55090.7,97779.1,116710,104173,10,2752,142636,134903,15098,752486,349,13632,11302,261,33861,2681,0.00136472
4,28144.1,115132,183267,162405,24,2785,146479,138291,15892,798393,600,21288,17807,515,63889,2895,0.00136472
4,47641.2,115132,183267,162405,24,2785,146479,138291,15892,798393,600,21288,17807,515,63889,2895,0.00136472
4,53525,115132,183267,162405,26,2785,146479,138291,15892,798393,600,21288,17807,515,63889,2895,0.00136472
4,57745.2,115132,183267,162405,51,2785,146479,138291,15892,798393,600,21288,17807,515,63889,2895,0.00136472
4,21417.4,201015,216940,184170,12,4074,240847,230122,25209,1459357,730,27794,23844,1049,102186,1080,0.00136472
4,30892,201015,216940,184170,7,4074,240847,230122,25209,1459357,730,27794,23844,1049,102186,1080,0.00136472
4,32103.8,201015,216940,184170,7,4074,240847,230122,25209,1459357,730,27794,23844,1049,102186,1080,0.00136472
4,80252.3,201015,216940,184170,76,4074,240847,230122,25209,1459357,730,27794,23844,1049,102186,1080,0.00136472
4,18573.8,133591,120319,105271,19,3390,172141,162239,17968,903958,412,15615,13128,433,46397,1595,0.00136472
4,29788.7,133591,120319,105271,32,3390,172141,162239,17968,903958,412,15615,13128,433,46397,1595,0.00136472
4,31187.8,133591,120319,105271,5,3390,172141,162239,17968,903958,412,15615,13128,433,46397,1595,0.00136472
4,51304.8,133591,120319,105271,48,3390,172141,162239,17968,903958,412,15615,13128,433,46397,1595,0.00136472
4,10371.2,28387.4,33688,29755,6,1184,52273,47900,5323,223215,117,4086,3215,55,9637,595,0.00136472
4,15515.6,28387.4,33688,29755,12,1184,52273,47900,5323,223215,117,4086,3215,55,9637,595,0.00136472
4,22018.7,28387.4,33688,29755,22,1184,52273,47900,5323,223215,117,4086,3215,55,9637,595,0.00136472
4,34110.1,28387.4,33688,29755,22,1184,52273,47900,5323,223215,117,4086,3215,55,9637,595,0.00136472
4,9038.54,72742.4,53167.9,46631,8,1998,101025,94508,10572,509563,183,6962,5597,107,18841,940,0.00136472
4,21091.1,72742.4,53167.9,46631,17,1998,101025,94508,10572,509563,183,6962,5597,107,18841,940,0.00136472
4,41137.8,72742.4,53167.9,46631,15,1998,101025,94508,10572,509563,183,6962,5597,107,18841,940,0.00136472
4,45218.2,72742.4,53167.9,46631,47,1998,101025,94508,10572,509563,183,6962,5597,107,18841,940,0.00136472
4,23890.8,193747,330853,286899,29,3948,239526,229165,24603,1433582,1034,39991,34095,1266,131218,3246,0.00136472
4,26218.4,193747,330853,286899,8,3948,239526,229165,24603,1433582,1034,39991,34095,1266,131218,3246,0.00136472
4,66923.9,193747,330853,286899,63,3948,239526,229165,24603,1433582,1034,39991,34095,1266,131218,3246,0.00136472
4,79110.7,193747,330853,286899,84,3948,239526,229165,24603,1433582,1034,39991,34095,1266,131218,3246,0.00136472
4,15153,179248,153781,132288,15,4000,224083,213768,23688,1310869,567,19695,16468,600,61487,1287,0.00136472
4,24397.2,179248,153781,132288,8,4000,224083,213768,23688,1310869,567,19695,16468,600,61487,1287,0.00136472
4,31026.2,179248,153781,132288,16,4000,224083,213768,23688,1310869,567,19695,16468,600,61487,1287,0.00136472
4,72063.2,179248,153781,132288,71,4000,224083,213768,23688,1310869,567,19695,16468,600,61487,1287,0.00136472
4,19430,97230.2,91603.2,81012,8,2851,134613,126229,14066,675041,303,11259,9321,201,29976,1418,0.00136472
4,35180.2,97230.2,91603.2,81012,31,2851,134613,126229,14066,675041,303,11259,9321,201,29976,1418,0.00136472
4,38972.4,97230.2,91603.2,81012,8,2851,134613,126229,14066,675041,303,11259,9321,201,29976,1418,0.00136472
4,44394.9,97230.2,91603.2,81012,36,2851,134613,126229,14066,675041,303,11259,9321,201,29976,1418,0.00136472
4,25860.2,71809.2,106721,94753,11,2533,113089,103565,11537,503531,371,12364,10078,249,32744,1563,0.00136472
4,34727.5,71809.2,106721,94753,17,2533,113089,103565,11537,503531,371,12364,10078,249,32744,1563,0.00136472
4,35322.9,71809.2,106721,94753,34,2533,113089,103565,11537,503531,371,12364,10078,249,32744,1563,0.00136472
4,37446,71809.2,106721,94753,42,2533,113089,103565,11537,503531,371,12364,10078,249,32744,1563,0.00136472
4,35075.6,119682,176821,157569,35,3050,159838,150983,17328,885086,573,20691,17247,444,55866,3546,0.00136472
4,44221.5,119682,176821,157569,27,3050,159838,150983,17328,885086,573,20691,17247,444,55866,3546,0.00136472
4,47116.2,119682,176821,157569,19,3050,159838,150983,17328,885086,573,20691,17247,444,55866,3546,0.00136472
4,60077,119682,176821,157569,30,3050,159838,150983,17328,885086,573,20691,17247,444,55866,3546,0.00136472
4,40442.1,81670.8,175140,155904,34,2408,119497,112439,12677,615529,527,19545,16294,550,56476,2336,0.00136472
4,44893.1,81670.8,175140,155904,57,2408,119497,112439,12677,615529,527,19545,16294,550,56476,2336,0.00136472
4,50400.5,81670.8,175140,155904,28,2408,119497,112439,12677,615529,527,19545,16294,550,56476,2336,0.00136472
4,50811.9,81670.8,175140,155904,47,2408,119497,112439,12677,615529,527,19545,16294,550,56476,2336,0.00136472
4,8380.17,25016.9,29718.2,26544,12,1040,43607,40329,4358,199869,120,3489,2729,39,7685,523,0.00136472
4,16733.4,25016.9,29718.2,26544,16,1040,43607,40329,4358,199869,120,3489,2729,39,7685,523,0.00136472
4,25927.3,25016.9,29718.2,26544,5,1040,43607,40329,4358,199869,120,3489,2729,39,7685,523,0.00136472
4,29430.3,25016.9,29718.2,26544,25,1040,43607,40329,4358,199869,120,3489,2729,39,7685,523,0.00136472
4,16898.1,178515,170983,147040,20,4029,222534,212423,23449,1300529,612,22646,19236,779,76335,1436,0.00136472
4,24859.6,178515,170983,147040,14,4029,222534,212423,23449,1300529,612,22646,19236,779,76335,1436,0.00136472
4,28043.4,178515,170983,147040,20,4029,222534,212423,23449,1300529,612,22646,19236,779,76335,1436,0.00136472
4,70069.5,178515,170983,147040,68,4029,222534,212423,23449,1300529,612,22646,19236,779,76335,1436,0.00136472
4,25301.7,104321,249863,218359,8,2699,149066,140467,16108,832009,808,30056,25187,616,100112,2673,0.00136472
4,60553.2,104321,249863,218359,35,2699,149066,140467,16108,832009,808,30056,25187,616,100112,2673,0.00136472
4,64625,104321,249863,218359,19,2699,149066,140467,16108,832009,808,30056,25187,616,100112,2673,0.00136472
4,65753.6,104321,249863,218359,60,2699,149066,140467,16108,832009,808,30056,25187,616,100112,2673,0.00136472
4,25447.6,64581.2,56722.2,50661,33,2274,101899,93194,10171,450878,206,6860,5454,110,16129,997,0.00136472
4,27304.5,64581.2,56722.2,50661,7,2274,101899,93194,10171,450878,206,6860,5454,110,16129,997,0.00136472
4,34024.4,64581.2,56722.2,50661,7,2274,101899,93194,10171,450878,206,6860,5454,110,16129,997,0.00136472
4,35731.9,64581.2,56722.2,50661,42,2274,101899,93194,10171,450878,206,6860,5454,110,16129,997,0.00136472
4,23265.9,233322,198676,171581,31,4284,261213,248996,26332,1610210,725,25534,21585,948,80875,2202,0.00136472
4,37707,233322,198676,171581,42,4284,261213,248996,26332,1610210,725,25534,21585,948,80875,2202,0.00136472
4,50742.7,233322,198676,171581,5,4284,261213,248996,26332,1610210,725,25534,21585,948,80875,2202,0.00136472
4,91963.1,233322,198676,171581,104,4284,261213,248996,26332,1610210,725,25534,21585,948,80875,2202,0.00136472
4,20321.2,176103,275107,242073,21,3634,207083,197722,21755,1187448,875,30389,25311,1092,95758,1455,0.00136472
4,25710.6,176103,275107,242073,24,3634,207083,197722,21755,1187448,875,30389,25311,1092,95758,1455,0.00136472
4,64891.9,176103,275107,242073,87,3634,207083,197722,21755,1187448,875,30389,25311,1092,95758,1455,0.00136472
4,65135,176103,275107,242073,52,3634,207083,197722,21755,1187448,875,30389,25311,1092,95758,1455,0.00136472
4,29004.2,92191.7,128754,114396,33,2663,130722,122715,13467,686762,437,15178,12548,327,38964,2527,0.00136472
4,31398.3,92191.7,128754,114396,20,2663,130722,122715,13467,686762,437,15178,12548,327,38964,2527,0.00136472
4,45804.6,92191.7,128754,114396,50,2663,130722,122715,13467,686762,437,15178,12548,327,38964,2527,0.00136472
4,47863.1,92191.7,128754,114396,21,2663,130722,122715,13467,686762,437,15178,12548,327,38964,2527,0.00136472
4,7003.85,173515,190061,164247,7,3874,215008,204435,23110,1204558,745,24752,20549,919,76319,1807,0.00136472
4,14257.7,173515,190061,164247,4,3874,215008,204435,23110,1204558,745,24752,20549,919,76319,1807,0.00136472
4,52249.9,173515,190061,164247,69,3874,215008,204435,23110,1204558,745,24752,20549,919,76319,1807,0.00136472
4,62423.4,173515,190061,164247,58,3874,215008,204435,23110,1204558,745,24752,20549,919,76319,1807,0.00136472
4,19262.2,87757.3,101743,88796,11,2455,129899,122451,13293,692922,349,13143,10849,237,36764,1724,0.00136472
4,33497.3,87757.3,101743,88796,25,2455,129899,122451,13293,692922,349,13143,10849,237,36764,1724,0.00136472
4,53980.8,87757.3,101743,88796,18,2455,129899,122451,13293,692922,349,13143,10849,237,36764,1724,0.00136472
4,57429.6,87757.3,101743,88796,49,2455,129899,122451,13293,692922,349,13143,10849,237,36764,1724,0.00136472
4,5863.13,110040,129978,115891,6,3040,155736,146832,16438,827433,388,14558,11974,231,37458,2107,0.00136472
4,44319.6,110040,129978,115891,32,3040,155736,146832,16438,827433,388,14558,11974,231,37458,2107,0.00136472
4,44826,110040,129978,115891,52,3040,155736,146832,16438,827433,388,14558,11974,231,37458,2107,0.00136472
4,56882.4,110040,129978,115891,22,3040,155736,146832,16438,827433,388,14558,11974,231,37458,2107,0.00136472
4,14081.4,191702,312387,268537,18,4088,236792,226415,24782,1390126,1118,39334,33444,1454,138316,2196,0.00136472
4,17123.1,191702,312387,268537,10,4088,236792,226415,24782,1390126,1118,39334,33444,1454,138316,2196,0.00136472
4,57114.5,191702,312387,268537,52,4088,236792,226415,24782,1390126,1118,39334,33444,1454,138316,2196,0.00136472
4,73681.9,191702,312387,268537,90,4088,236792,226415,24782,1390126,1118,39334,33444,1454,138316,2196,0.00136472
4,23260.3,184298,183432,157162,28,3938,224518,214458,23580,1327228,626,23680,20289,936,83611,1260,0.00136472
4,23500.4,184298,183432,157162,5,3938,224518,214458,23580,1327228,626,23680,20289,936,83611,1260,0.00136472
4,31808.8,184298,183432,157162,22,3938,224518,214458,23580,1327228,626,23680,20289,936,83611,1260,0.00136472
4,73540,184298,183432,157162,84,3938,224518,214458,23580,1327228,626,23680,20289,936,83611,1260,0.00136472
4,43539.6,90812.1,206892,184425,47,2558,132548,124986,14139,708297,562,22139,18687,554,61123,3682,0.00136472
4,47859.7,90812.1,206892,184425,38,2558,132548,124986,14139,708297,562,22139,18687,554,61123,3682,0.00136472
4,50727.4,90812.1,206892,184425,27,2558,132548,124986,14139,708297,562,22139,18687,554,61123,3682,0.00136472
4,57818,90812.1,206892,184425,32,2558,132548,124986,14139,708297,562,22139,18687,554,61123,3682,0.00136472
4,26474.4,101353,56429,50832,24,2923,135056,123773,13550,618641,182,6323,4967,86,13545,1149,0.00136472
4,32564.2,101353,56429,50832,25,2923,135056,123773,13550,618641,182,6323,4967,86,13545,1149,0.00136472
4,39441.5,101353,56429,50832,4,2923,135056,123773,13550,618641,182,6323,4967,86,13545,1149,0.00136472
4,40341.1,101353,56429,50832,7,2923,135056,123773,13550,618641,182,6323,4967,86,13545,1149,0.00136472
4,23648.8,186395,342355,295002,25,3888,231861,221717,23820,1372609,1099,42420,36256,1525,140190,2911,0.00136472
4,24134.5,186395,342355,295002,7,3888,231861,221717,23820,1372609,1099,42420,36256,1525,140190,2911,0.00136472
4,66681.9,186395,342355,295002,59,3888,231861,221717,23820,1372609,1099,42420,36256,1525,140190,2911,0.00136472
4,76114.7,186395,342355,295002,83,3888,231861,221717,23820,1372609,1099,42420,36256,1525,140190,2911,0.00136472
4,6878.49,51170.8,29075.1,25732,11,1679,73952,67946,7081,328390,137,3880,3025,59,8526,558,0.00136472
4,18071.9,51170.8,29075.1,25732,21,1679,73952,67946,7081,328390,137,3880,3025,59,8526,558,0.00136472
4,25663.7,51170.8,29075.1,25732,4,1679,73952,67946,7081,328390,137,3880,3025,59,8526,558,0.00136472
4,33006.9,51170.8,29075.1,25732,34,1679,73952,67946,7081,328390,137,3880,3025,59,8526,558,0.00136472
4,40607.6,136671,260917,228458,29,3240,180610,170419,18888,1041720,845,31272,26723,741,103165,3897,0.00136472
4,55269.5,136671,260917,228458,21,3240,180610,170419,18888,1041720,845,31272,26723,741,103165,3897,0.00136472
4,57655.9,136671,260917,228458,62,3240,180610,170419,18888,1041720,845,31272,26723,741,103165,3897,0.00136472
4,73927.4,136671,260917,228458,57,3240,180610,170419,18888,1041720,845,31272,26723,741,103165,3897,0.00136472
4,33545.1,99013.3,113358,101540,41,2839,141704,134163,14877,744420,385,13235,10756,245,31085,2479,0.00136472
4,37741.9,99013.3,113358,101540,29,2839,141704,134163,14877,744420,385,13235,10756,245,31085,2479,0.00136472
4,39600.4,99013.3,113358,101540,16,2839,141704,134163,14877,744420,385,13235,10756,245,31085,2479,0.00136472
4,51291,99013.3,113358,101540,6,2839,141704,134163,14877,744420,385,13235,10756,245,31085,2479,0.00136472
4,19037.4,93878.4,127261,112119,5,2450,131335,123747,13350,704309,387,14678,12249,267,42554,1973,0.00136472
4,35677,93878.4,127261,112119,31,2450,131335,123747,13350,704309,387,14678,12249,267,42554,1973,0.00136472
4,55350.8,93878.4,127261,112119,25,2450,131335,123747,13350,704309,387,14678,12249,267,42554,1973,0.00136472
4,59804.2,93878.4,127261,112119,61,2450,131335,123747,13350,704309,387,14678,12249,267,42554,1973,0.00136472
4,25677.9,98929.5,56907.7,51500,28,2935,135447,124324,13577,622689,176,6219,4917,71,12987,1207,0.00136472
4,33533.8,98929.5,56907.7,51500,27,2935,135447,124324,13577,622689,176,6219,4917,71,12987,1207,0.00136472
4,39273.6,98929.5,56907.7,51500,4,2935,135447,124324,13577,622689,176,6219,4917,71,12987,1207,0.00136472
4,40352.1,98929.5,56907.7,51500,6,2935,135447,124324,13577,622689,176,6219,4917,71,12987,1207,0.00136472
4,7469.7,174678,225122,194130,12,3873,212844,202440,22875,1188450,812,28185,23516,1129,89430,1851,0.00136472
4,16220,174678,225122,194130,3,3873,212844,202440,22875,1188450,812,28185,23516,1129,89430,1851,0.00136472
4,53140.4,174678,225122,194130,71,3873,212844,202440,22875,1188450,812,28185,23516,1129,89430,1851,0.00136472
4,60984.4,174678,225122,194130,55,3873,212844,202440,22875,1188450,812,28185,23516,1129,89430,1851,0.00136472
4,17049.6,150001,138419,120428,25,3639,190398,181166,20104,1058677,487,18112,15296,510,56307,1677,0.00136472
4,27938.8,150001,138419,120428,18,3639,190398,181166,20104,1058677,487,18112,15296,510,56307,1677,0.00136472
4,29255,150001,138419,120428,33,3639,190398,181166,20104,1058677,487,18112,15296,510,56307,1677,0.00136472
4,57750.1,150001,138419,120428,61,3639,190398,181166,20104,1058677,487,18112,15296,510,56307,1677,0.00136472
4,23128.4,76913.4,81997.3,71764,9,2581,118759,109238,11810,540516,314,10745,8551,247,28446,986,0.00136472
4,23473.7,76913.4,81997.3,71764,19,2581,118759,109238,11810,540516,314,10745,8551,247,28446,986,0.00136472
4,35520.9,76913.4,81997.3,71764,26,2581,118759,109238,11810,540516,314,10745,8551,247,28446,986,0.00136472
4,38280.7,76913.4,81997.3,71764,46,2581,118759,109238,11810,540516,314,10745,8551,247,28446,986,0.00136472
4,8834.3,168161,122568,105523,8,3923,217672,206768,23191,1239968,485,16523,13744,556,50694,981,0.00136472
4,18421.5,168161,122568,105523,3,3923,217672,206768,23191,1239968,485,16523,13744,556,50694,981,0.00136472
4,35417.4,168161,122568,105523,30,3923,217672,206768,23191,1239968,485,16523,13744,556,50694,981,0.00136472
4,68775.1,168161,122568,105523,70,3923,217672,206768,23191,1239968,485,16523,13744,556,50694,981,0.00136472
4,14983.9,158758,178045,154011,10,3759,204606,195087,21318,1178699,577,22368,19134,793,75388,1560,0.00136472
4,28571.8,158758,178045,154011,25,3759,204606,195087,21318,1178699,577,22368,19134,793,75388,1560,0.00136472
4,33828.4,158758,178045,154011,40,3759,204606,195087,21318,1178699,577,22368,19134,793,75388,1560,0.00136472
4,66354.7,158758,178045,154011,66,3759,204606,195087,21318,1178699,577,22368,19134,793,75388,1560,0.00136472
4,10242.7,23953.3,27825.6,25100,14,995,42687,39505,4216,201957,113,3328,2613,42,5818,738,0.00136472
4,14109.9,23953.3,27825.6,25100,19,995,42687,39505,4216,201957,113,3328,2613,42,5818,738,0.00136472
4,19571.2,23953.3,27825.6,25100,27,995,42687,39505,4216,201957,113,3328,2613,42,5818,738,0.00136472
4,27649,23953.3,27825.6,25100,13,995,42687,39505,4216,201957,113,3328,2613,42,5818,738,0.00136472
4,16390,25373.9,62232.7,54999,14,923,41418,38278,4517,198932,240,7817,6414,189,19637,1201,0.00136472
4,21929.7,25373.9,62232.7,54999,5,923,41418,38278,4517,198932,240,7817,6414,189,19637,1201,0.00136472
4,36279.1,25373.9,62232.7,54999,54,923,41418,38278,4517,198932,240,7817,6414,189,19637,1201,0.00136472
4,37471.2,25373.9,62232.7,54999,22,923,41418,38278,4517,198932,240,7817,6414,189,19637,1201,0.00136472
4,27386.1,96667.4,99526.5,87973,17,2742,136421,128428,14339,692997,355,11875,9605,309,32157,1266,0.00136472
4,38106.9,96667.4,99526.5,87973,5,2742,136421,128428,14339,692997,355,11875,9605,309,32157,1266,0.00136472
4,45884.8,96667.4,99526.5,87973,41,2742,136421,128428,14339,692997,355,11875,9605,309,32157,1266,0.00136472
4,46203.6,96667.4,99526.5,87973,52,2742,136421,128428,14339,692997,355,11875,9605,309,32157,1266,0.00136472
4,11801.8,27146.5,27482.1,24727,21,1063,46763,43344,4579,223634,111,3420,2662,35,5754,769,0.00136472
4,12676.1,27146.5,27482.1,24727,23,1063,46763,43344,4579,223634,111,3420,2662,35,5754,769,0.00136472
4,20253.4,27146.5,27482.1,24727,27,1063,46763,43344,4579,223634,111,3420,2662,35,5754,769,0.00136472
4,30389.2,27146.5,27482.1,24727,17,1063,46763,43344,4579,223634,111,3420,2662,35,5754,769,0.00136472
4,38140.9,118606,143574,128370,37,3117,159825,151008,17007,878631,452,15618,12934,331,39131,2950,0.00136472
4,38366.4,118606,143574,128370,39,3117,159825,151008,17007,878631,452,15618,12934,331,39131,2950,0.00136472
4,40675.7,118606,143574,128370,19,3117,159825,151008,17007,878631,452,15618,12934,331,39131,2950,0.00136472
4,57206,118606,143574,128370,28,3117,159825,151008,17007,878631,452,15618,12934,331,39131,2950,0.00136472
4,7346.45,31668.6,36447.3,32024,8,1290,56784,52227,5610,243223,136,4697,3664,82,11490,540,0.00136472
4,12674.3,31668.6,36447.3,32024,15,1290,56784,52227,5610,243223,136,4697,3664,82,11490,540,0.00136472
4,25047.3,31668.6,36447.3,32024,15,1290,56784,52227,5610,243223,136,4697,3664,82,11490,540,0.00136472
4,33840.9,31668.6,36447.3,32024,23,1290,56784,52227,5610,243223,136,4697,3664,82,11490,540,0.00136472
4,11166.4,129984,99333.5,86976,4,3407,173024,162839,18481,884230,372,12419,10067,323,32369,1481,0.00136472
4,23362.5,129984,99333.5,86976,27,3407,173024,162839,18481,884230,372,12419,10067,323,32369,1481,0.00136472
4,37746,129984,99333.5,86976,39,3407,173024,162839,18481,884230,372,12419,10067,323,32369,1481,0.00136472
4,47463,129984,99333.5,86976,44,3407,173024,162839,18481,884230,372,12419,10067,323,32369,1481,0.00136472
4,13624,20633.3,68102.6,61039,11,879,37877,35029,3959,178158,251,7606,6155,174,19324,892,0.00136472
4,23601.8,20633.3,68102.6,61039,12,879,37877,35029,3959,178158,251,7606,6155,174,19324,892,0.00136472
4,34346.4,20633.3,68102.6,61039,38,879,37877,35029,3959,178158,251,7606,6155,174,19324,892,0.00136472
4,34585.9,20633.3,68102.6,61039,20,879,37877,35029,3959,178158,251,7606,6155,174,19324,892,0.00136472
4,14778.9,174624,230461,199195,9,3825,215040,205273,22429,1272371,707,28408,24582,1022,101913,2114,0.00136472
4,32466.4,174624,230461,199195,40,3825,215040,205273,22429,1272371,707,28408,24582,1022,101913,2114,0.00136472
4,39016.6,174624,230461,199195,42,3825,215040,205273,22429,1272371,707,28408,24582,1022,101913,2114,0.00136472
4,71796.3,174624,230461,199195,64,3825,215040,205273,22429,1272371,707,28408,24582,1022,101913,2114,0.00136472
4,17200.5,87029.2,89387.6,79070,5,2597,125090,115944,12406,601933,336,10166,8300,257,27692,1160,0.00136472
4,32678.8,87029.2,89387.6,79070,37,2597,125090,115944,12406,601933,336,10166,8300,257,27692,1160,0.00136472
4,40353.3,87029.2,89387.6,79070,30,2597,125090,115944,12406,601933,336,10166,8300,257,27692,1160,0.00136472
4,40611,87029.2,89387.6,79070,23,2597,125090,115944,12406,601933,336,10166,8300,257,27692,1160,0.00136472
4,18417.9,211316,172588,147582,3,4119,244861,233618,25227,1495287,621,21668,18148,775,70791,930,0.00136472
4,32601.2,211316,172588,147582,17,4119,244861,233618,25227,1495287,621,21668,18148,775,70791,930,0.00136472
4,38080.7,211316,172588,147582,7,4119,244861,233618,25227,1495287,621,21668,18148,775,70791,930,0.00136472
4,83607.5,211316,172588,147582,88,4119,244861,233618,25227,1495287,621,21668,18148,775,70791,930,0.00136472
4,28506.7,120117,112651,101440,19,3306,158540,145672,15841,749609,337,11031,9027,259,26294,1788,0.00136472
4,29312.4,120117,112651,101440,45,3306,158540,145672,15841,749609,337,11031,9027,259,26294,1788,0.00136472
4,34526.6,120117,112651,101440,25,3306,158540,145672,15841,749609,337,11031,9027,259,26294,1788,0.00136472
4,43206.3,120117,112651,101440,55,3306,158540,145672,15841,749609,337,11031,9027,259,26294,1788,0.00136472
4,31053.5,101930,83263.8,72952,25,2941,141661,133615,14937,739332,365,10870,8779,282,30193,955,0.00136472
4,32220.2,101930,83263.8,72952,6,2941,141661,133615,14937,739332,365,10870,8779,282,30193,955,0.00136472
4,43065.8,101930,83263.8,72952,4,2941,141661,133615,14937,739332,365,10870,8779,282,30193,955,0.00136472
4,45608,101930,83263.8,72952,44,2941,141661,133615,14937,739332,365,10870,8779,282,30193,955,0.00136472
4,9718.54,25126,20726.9,18307,11,1098,44344,40438,4122,184867,104,2698,2071,32,5986,397,0.00136472
4,14159.6,25126,20726.9,18307,8,1098,44344,40438,4122,184867,104,2698,2071,32,5986,397,0.00136472
4,17970.7,25126,20726.9,18307,7,1098,44344,40438,4122,184867,104,2698,2071,32,5986,397,0.00136472
4,26445.6,25126,20726.9,18307,23,1098,44344,40438,4122,184867,104,2698,2071,32,5986,397,0.00136472
4,25145.9,72836.5,114399,102233,20,2534,113526,103668,11641,505832,386,12430,10068,265,32807,1375,0.00136472
4,34187,72836.5,114399,102233,34,2534,113526,103668,11641,505832,386,12430,10068,265,32807,1375,0.00136472
4,37197.8,72836.5,114399,102233,42,2534,113526,103668,11641,505832,386,12430,10068,265,32807,1375,0.00136472
4,37502.3,72836.5,114399,102233,20,2534,113526,103668,11641,505832,386,12430,10068,265,32807,1375,0.00136472
4,8014.13,154858,184941,160897,6,3637,199353,189659,20750,1150986,600,22641,19229,598,73243,2050,0.00136472
4,37007.2,154858,184941,160897,41,3637,199353,189659,20750,1150986,600,22641,19229,598,73243,2050,0.00136472
4,41643.2,154858,184941,160897,47,3637,199353,189659,20750,1150986,600,22641,19229,598,73243,2050,0.00136472
4,67690.3,154858,184941,160897,53,3637,199353,189659,20750,1150986,600,22641,19229,598,73243,2050,0.00136472
4,18629,29051.4,91936,81426,26,952,43120,39820,4656,209554,319,11354,9464,360,31884,1614,0.00136472
4,29334,29051.4,91936,81426,12,952,43120,39820,4656,209554,319,11354,9464,360,31884,1614,0.00136472
4,38123.7,29051.4,91936,81426,34,952,43120,39820,4656,209554,319,11354,9464,360,31884,1614,0.00136472
4,40758.6,29051.4,91936,81426,45,952,43120,39820,4656,209554,319,11354,9464,360,31884,1614,0.00136472
4,11129,97630.4,136983,123117,9,2702,137890,129937,14875,727728,399,14833,12273,266,39507,2342,0.00136472
4,48664.1,97630.4,136983,123117,51,2702,137890,129937,14875,727728,399,14833,12273,266,39507,2342,0.00136472
4,48917.4,97630.4,136983,123117,27,2702,137890,129937,14875,727728,399,14833,12273,266,39507,2342,0.00136472
4,54274.3,97630.4,136983,123117,15,2702,137890,129937,14875,727728,399,14833,12273,266,39507,2342,0.00136472
4,7087.48,31302.3,40041.9,35551,8,1286,56485,51952,5570,241708,136,4675,3641,89,11235,544,0.00136472
4,12872.2,31302.3,40041.9,35551,15,1286,56485,51952,5570,241708,136,4675,3641,89,11235,544,0.00136472
4,25010.1,31302.3,40041.9,35551,14,1286,56485,51952,5570,241708,136,4675,3641,89,11235,544,0.00136472
4,33582,31302.3,40041.9,35551,23,1286,56485,51952,5570,241708,136,4675,3641,89,11235,544,0.00136472
4,36031,103478,129605,115531,41,2703,140235,132550,14831,741394,376,14617,12168,261,37746,2783,0.00136472
4,42477,103478,129605,115531,26,2703,140235,132550,14831,741394,376,14617,12168,261,37746,2783,0.00136472
4,44777.1,103478,129605,115531,26,2703,140235,132550,14831,741394,376,14617,12168,261,37746,2783,0.00136472
4,55328.2,103478,129605,115531,14,2703,140235,132550,14831,741394,376,14617,12168,261,37746,2783,0.00136472
4,7450.75,65776.1,60101.4,52909,7,1986,100102,93606,10500,502690,197,7439,6004,116,18827,1105,0.00136472
4,21727.6,65776.1,60101.4,52909,19,1986,100102,93606,10500,502690,197,7439,6004,116,18827,1105,0.00136472
4,41270.2,65776.1,60101.4,52909,18,1986,100102,93606,10500,502690,197,7439,6004,116,18827,1105,0.00136472
4,46159.7,65776.1,60101.4,52909,54,1986,100102,93606,10500,502690,197,7439,6004,116,18827,1105,0.00136472
4,4503.81,43372.1,59549.8,53458,6,1514,71435,66376,7153,355138,211,6529,5298,130,15812,1054,0.00136472
4,24389.2,43372.1,59549.8,53458,39,1514,71435,66376,7153,355138,211,6529,5298,130,15812,1054,0.00136472
4,25210.3,43372.1,59549.8,53458,18,1514,71435,66376,7153,355138,211,6529,5298,130,15812,1054,0.00136472
4,42003.2,43372.1,59549.8,53458,28,1514,71435,66376,7153,355138,211,6529,5298,130,15812,1054,0.00136472
4,33093.1,144176,223292,196133,37,3240,184994,175747,19288,1046510,666,26549,22466,881,78045,3492,0.00136472
4,38963.7,144176,223292,196133,36,3240,184994,175747,19288,1046510,666,26549,22466,881,78045,3492,0.00136472
4,61831.2,144176,223292,196133,76,3240,184994,175747,19288,1046510,666,26549,22466,881,78045,3492,0.00136472
4,65115.2,144176,223292,196133,68,3240,184994,175747,19288,1046510,666,26549,22466,881,78045,3492,0.00136472
4,36188.5,124290,355260,308122,9,2986,173317,163232,17608,1013328,1102,42261,36263,1148,156820,3647,0.00136472
4,68591.4,124290,355260,308122,13,2986,173317,163232,17608,1013328,1102,42261,36263,1148,156820,3647,0.00136472
4,69962.3,124290,355260,308122,60,2986,173317,163232,17608,1013328,1102,42261,36263,1148,156820,3647,0.00136472
4,78483.6,124290,355260,308122,68,2986,173317,163232,17608,1013328,1102,42261,36263,1148,156820,3647,0.00136472
4,8184.69,33201.8,28556.6,25314,12,1334,59261,54520,5796,254942,116,3555,2775,48,7578,583,0.00136472
4,11657,33201.8,28556.6,25314,17,1334,59261,54520,5796,254942,116,3555,2775,48,7578,583,0.00136472
4,27072.9,33201.8,28556.6,25314,11,1334,59261,54520,5796,254942,116,3555,2775,48,7578,583,0.00136472
4,34035.3,33201.8,28556.6,25314,25,1334,59261,54520,5796,254942,116,3555,2775,48,7578,583,0.00136472
4,13317.3,114124,113930,100611,6,3058,153114,144345,16122,796552,385,14370,11999,262,39639,1926,0.00136472
4,37153.3,114124,113930,100611,37,3058,153114,144345,16122,796552,385,14370,11999,262,39639,1926,0.00136472
4,38243.8,114124,113930,100611,7,3058,153114,144345,16122,796552,385,14370,11999,262,39639,1926,0.00136472
4,50690.9,114124,113930,100611,36,3058,153114,144345,16122,796552,385,14370,11999,262,39639,1926,0.00136472
4,20362.4,182344,187117,161932,24,3939,218165,208211,23084,1268350,620,23529,20084,834,82010,1504,0.00136472
4,24333.1,182344,187117,161932,14,3939,218165,208211,23084,1268350,620,23529,20084,834,82010,1504,0.00136472
4,27754.5,182344,187117,161932,20,3939,218165,208211,23084,1268350,620,23529,20084,834,82010,1504,0.00136472
4,69127.7,182344,187117,161932,75,3939,218165,208211,23084,1268350,620,23529,20084,834,82010,1504,0.00136472
4,4668.38,151840,119077,104560,8,3599,189100,179220,20032,1023122,414,14391,11781,436,40621,1395,0.00136472
4,18175.5,151840,119077,104560,23,3599,189100,179220,20032,1023122,414,14391,11781,436,40621,1395,0.00136472
4,43029,151840,119077,104560,50,3599,189100,179220,20032,1023122,414,14391,11781,436,40621,1395,0.00136472
4,52810.7,151840,119077,104560,55,3599,189100,179220,20032,1023122,414,14391,11781,436,40621,1395,0.00136472
4,8733.56,29181.9,28234.3,25363,4,1098,45425,41434,4317,190024,103,3022,2303,32,6661,382,0.00136472
4,14142.6,29181.9,28234.3,25363,10,1098,45425,41434,4317,190024,103,3022,2303,32,6661,382,0.00136472
4,20290.9,29181.9,28234.3,25363,12,1098,45425,41434,4317,190024,103,3022,2303,32,6661,382,0.00136472
4,27061.2,29181.9,28234.3,25363,31,1098,45425,41434,4317,190024,103,3022,2303,32,6661,382,0.00136472
4,40374.4,133600,228199,200081,34,3232,172613,163053,18464,976948,755,26213,21958,806,82752,2760,0.00136472
4,46067.5,133600,228199,200081,4,3232,172613,163053,18464,976948,755,26213,21958,806,82752,2760,0.00136472
4,48000.2,133600,228199,200081,53,3232,172613,163053,18464,976948,755,26213,21958,806,82752,2760,0.00136472
4,66888.9,133600,228199,200081,41,3232,172613,163053,18464,976948,755,26213,21958,806,82752,2760,0.00136472
4,5550.59,18122.6,24755.8,21972,7,839,34458,31333,3283,138795,99,3146,2416,31,6422,507,0.00136472
4,16375.5,18122.6,24755.8,21972,4,839,34458,31333,3283,138795,99,3146,2416,31,6422,507,0.00136472
4,22641.1,18122.6,24755.8,21972,26,839,34458,31333,3283,138795,99,3146,2416,31,6422,507,0.00136472
4,24482.1,18122.6,24755.8,21972,24,839,34458,31333,3283,138795,99,3146,2416,31,6422,507,0.00136472
4,7967.62,23088.7,21502.7,19413,10,1066,43321,39141,4031,173888,86,2189,1618,28,4316,275,0.00136472
4,16119.1,23088.7,21502.7,19413,10,1066,43321,39141,4031,173888,86,2189,1618,28,4316,275,0.00136472
4,16188.8,23088.7,21502.7,19413,7,1066,43321,39141,4031,173888,86,2189,1618,28,4316,275,0.00136472
4,24931.4,23088.7,21502.7,19413,28,1066,43321,39141,4031,173888,86,2189,1618,28,4316,275,0.00136472
4,14669.5,80850.3,87911.9,76821,8,2275,119377,112287,12177,630111,298,11206,9237,183,31144,1546,0.00136472
4,30068.7,80850.3,87911.9,76821,27,2275,119377,112287,12177,630111,298,11206,9237,183,31144,1546,0.00136472
4,49875.4,80850.3,87911.9,76821,21,2275,119377,112287,12177,630111,298,11206,9237,183,31144,1546,0.00136472
4,54195.8,80850.3,87911.9,76821,57,2275,119377,112287,12177,630111,298,11206,9237,183,31144,1546,0.00136472
4,37644.7,126703,166272,147639,26,3143,160691,151875,17149,880941,536,18346,15000,373,45879,3128,0.00136472
4,37646.8,126703,166272,147639,40,3143,160691,151875,17149,880941,536,18346,15000,373,45879,3128,0.00136472
4,41390.7,126703,166272,147639,23,3143,160691,151875,17149,880941,536,18346,15000,373,45879,3128,0.00136472
4,56746.4,126703,166272,147639,10,3143,160691,151875,17149,880941,536,18346,15000,373,45879,3128,0.00136472
4,39008.6,112865,239110,212418,52,2845,152612,143822,16262,824738,659,26191,22144,867,74661,3934,0.00136472
4,46862.3,112865,239110,212418,32,2845,152612,143822,16262,824738,659,26191,22144,867,74661,3934,0.00136472
4,54108,112865,239110,212418,65,2845,152612,143822,16262,824738,659,26191,22144,867,74661,3934,0.00136472
4,59317.7,112865,239110,212418,58,2845,152612,143822,16262,824738,659,26191,22144,867,74661,3934,0.00136472
4,25949.5,103088,98516.4,87117,25,2906,138216,128338,14387,661414,344,11667,9589,290,30489,1507,0.00136472
4,27028.5,103088,98516.4,87117,19,2906,138216,128338,14387,661414,344,11667,9589,290,30489,1507,0.00136472
4,34039.8,103088,98516.4,87117,30,2906,138216,128338,14387,661414,344,11667,9589,290,30489,1507,0.00136472
4,42839.1,103088,98516.4,87117,48,2906,138216,128338,14387,661414,344,11667,9589,290,30489,1507,0.00136472
4,3633.95,19326.8,26367.2,23632,4,878,35632,32277,3270,140462,112,3154,2401,37,6253,487,0.00136472
4,21894.2,19326.8,26367.2,23632,22,878,35632,32277,3270,140462,112,3154,2401,37,6253,487,0.00136472
4,22601.2,19326.8,26367.2,23632,15,878,35632,32277,3270,140462,112,3154,2401,37,6253,487,0.00136472
4,23315.2,19326.8,26367.2,23632,18,878,35632,32277,3270,140462,112,3154,2401,37,6253,487,0.00136472
4,37140.4,114705,176574,155974,23,2825,157931,149041,16687,878187,516,20794,17527,571,58952,3344,0.00136472
4,49286.3,114705,176574,155974,12,2825,157931,149041,16687,878187,516,20794,17527,571,58952,3344,0.00136472
4,61084.8,114705,176574,155974,44,2825,157931,149041,16687,878187,516,20794,17527,571,58952,3344,0.00136472
4,69880.8,114705,176574,155974,8,2825,157931,149041,16687,878187,516,20794,17527,571,58952,3344,0.00136472
4,17055.9,107943,129408,112777,13,2497,128623,121152,14111,684106,392,13860,11324,250,42764,1075,0.00136472
4,53764,107943,129408,112777,6,2497,128623,121152,14111,684106,392,13860,11324,250,42764,1075,0.00136472
4,54472.3,107943,129408,112777,49,2497,128623,121152,14111,684106,392,13860,11324,250,42764,1075,0.00136472
4,54725.6,107943,129408,112777,25,2497,128623,121152,14111,684106,392,13860,11324,250,42764,1075,0.00136472
4,1708.8,22277.8,22787.5,20266,5,1007,41988,38318,3916,170957,99,2946,2238,36,5900,463,0.00136472
4,19261.7,22277.8,22787.5,20266,26,1007,41988,38318,3916,170957,99,2946,2238,36,5900,463,0.00136472
4,23429.1,22277.8,22787.5,20266,13,1007,41988,38318,3916,170957,99,2946,2238,36,5900,463,0.00136472
4,26280.2,22277.8,22787.5,20266,19,1007,41988,38318,3916,170957,99,2946,2238,36,5900,463,0.00136472
4,30003.1,96279.1,165630,145511,5,2484,136766,128941,14058,735970,483,19286,16173,370,57030,2453,0.00136472
4,45528.8,96279.1,165630,145511,31,2484,136766,128941,14058,735970,483,19286,16173,370,57030,2453,0.00136472
4,64842.6,96279.1,165630,145511,36,2484,136766,128941,14058,735970,483,19286,16173,370,57030,2453,0.00136472
4,65756.3,96279.1,165630,145511,25,2484,136766,128941,14058,735970,483,19286,16173,370,57030,2453,0.00136472
4,35793.9,108918,190174,168416,34,2696,139790,131724,14797,729402,567,22072,18587,679,62659,3140,0.00136472
4,45616.3,108918,190174,168416,22,2696,139790,131724,14797,729402,567,22072,18587,679,62659,3140,0.00136472
4,49579.9,108918,190174,168416,53,2696,139790,131724,14797,729402,567,22072,18587,679,62659,3140,0.00136472
4,53882.7,108918,190174,168416,50,2696,139790,131724,14797,729402,567,22072,18587,679,62659,3140,0.00136472
4,41313.7,127756,260355,226934,40,3235,176030,166252,18795,1000902,861,30887,26159,899,102081,3553,0.00136472
4,47364.9,127756,260355,226934,10,3235,176030,166252,18795,1000902,861,30887,26159,899,102081,3553,0.00136472
4,49757.7,127756,260355,226934,55,3235,176030,166252,18795,1000902,861,30887,26159,899,102081,3553,0.00136472
4,68449.5,127756,260355,226934,53,3235,176030,166252,18795,1000902,861,30887,26159,899,102081,3553,0.00136472
4,29910.9,87625.1,91893.3,82578,20,2493,116455,107677,11921,543230,294,9752,7933,176,23066,1656,0.00136472
4,33384.7,87625.1,91893.3,82578,44,2493,116455,107677,11921,543230,294,9752,7933,176,23066,1656,0.00136472
4,37311.2,87625.1,91893.3,82578,25,2493,116455,107677,11921,543230,294,9752,7933,176,23066,1656,0.00136472
4,38184.4,87625.1,91893.3,82578,8,2493,116455,107677,11921,543230,294,9752,7933,176,23066,1656,0.00136472
4,20277.7,222064,170576,144139,10,4174,248137,236597,25315,1514986,629,21364,17847,737,63801,1637,0.00136472
4,34893.9,222064,170576,144139,22,4174,248137,236597,25315,1514986,629,21364,17847,737,63801,1637,0.00136472
4,42313.2,222064,170576,144139,7,4174,248137,236597,25315,1514986,629,21364,17847,737,63801,1637,0.00136472
4,86569.5,222064,170576,144139,90,4174,248137,236597,25315,1514986,629,21364,17847,737,63801,1637,0.00136472
4,27957.8,191780,267323,234617,29,3565,209296,199763,21854,1216066,732,28959,24508,970,88993,2835,0.00136472
4,31290.5,191780,267323,234617,39,3565,209296,199763,21854,1216066,732,28959,24508,970,88993,2835,0.00136472
4,68990.5,191780,267323,234617,72,3565,209296,199763,21854,1216066,732,28959,24508,970,88993,2835,0.00136472
4,69903.2,191780,267323,234617,73,3565,209296,199763,21854,1216066,732,28959,24508,970,88993,2835,0.00136472
4,38628.8,107021,234389,204859,3,2692,154502,145528,16009,872277,672,27054,23193,785,87925,3535,0.00136472
4,54725.6,107021,234389,204859,36,2692,154502,145528,16009,872277,672,27054,23193,785,87925,3535,0.00136472
4,69628.5,107021,234389,204859,50,2692,154502,145528,16009,872277,672,27054,23193,785,87925,3535,0.00136472
4,74834,107021,234389,204859,27,2692,154502,145528,16009,872277,672,27054,23193,785,87925,3535,0.00136472
