K,dist,cost_ki,cost_hi,h_cost,vnum,gen_ki,push_ki,pop_ki,prune_ki,suc_call_ki,gen_hi,push_hi,pop_hi,prune_hi,suc_call_hi,reevaluate,density
2,10851.2,4991.62,4746.96,4387,13,308,10514,9151,859,35231,21,455,347,1,823,77,0.00153531
2,13385.2,4991.62,4746.96,4387,4,308,10514,9151,859,35231,21,455,347,1,823,77,0.00153531
2,12164.4,50562.2,44063.9,39863,8,1438,71431,66622,7806,345837,147,4186,3256,94,11707,71,0.00153531
2,42744.3,50562.2,44063.9,39863,32,1438,71431,66622,7806,345837,147,4186,3256,94,11707,71,0.00153531
2,20133.2,47619.2,64337,58631,13,1716,80516,74344,8432,360551,178,5426,4275,154,15435,191,0.00153531
2,37476.1,47619.2,64337,58631,46,1716,80516,74344,8432,360551,178,5426,4275,154,15435,191,0.00153531
2,32440.2,40090.1,58141.1,53218,29,1331,65992,61838,7095,331980,171,5188,4120,135,12257,708,0.00153531
2,42375.7,40090.1,58141.1,53218,12,1331,65992,61838,7095,331980,171,5188,4120,135,12257,708,0.00153531
2,28555.7,101540,89178.2,80340,10,2570,134291,126298,14188,726177,279,7800,6157,298,22465,248,0.00153531
2,52455.5,101540,89178.2,80340,51,2570,134291,126298,14188,726177,279,7800,6157,298,22465,248,0.00153531
2,16562.6,58013.9,53713.9,49016,7,1949,92103,85545,9657,430759,138,4691,3709,90,13907,76,0.00153531
2,39091.4,58013.9,53713.9,49016,40,1949,92103,85545,9657,430759,138,4691,3709,90,13907,76,0.00153531
2,12365.7,6453.89,7414.59,6787,6,383,13345,11562,952,43542,40,695,504,9,1367,43,0.00153531
2,15011.6,6453.89,7414.59,6787,10,383,13345,11562,952,43542,40,695,504,9,1367,43,0.00153531
2,12602.5,7050.86,5165.79,4807,9,361,11603,9999,857,36513,21,433,313,0,746,48,0.00153531
2,14098.7,7050.86,5165.79,4807,8,361,11603,9999,857,36513,21,433,313,0,746,48,0.00153531
2,17926.9,28725.4,31994.8,29529,18,1123,47979,43749,4668,192995,89,2690,2052,36,6199,196,0.00153531
2,26723.8,28725.4,31994.8,29529,33,1123,47979,43749,4668,192995,89,2690,2052,36,6199,196,0.00153531
2,21099.3,26267.8,31304.3,28703,23,1002,43598,39959,4148,181434,101,2912,2249,37,6662,242,0.00153531
2,29676.6,26267.8,31304.3,28703,38,1002,43598,39959,4148,181434,101,2912,2249,37,6662,242,0.00153531
2,10357.4,23095,23538.5,21545,11,1077,41310,36948,4003,160364,106,2211,1744,54,5395,58,0.00153531
2,24382.3,23095,23538.5,21545,25,1077,41310,36948,4003,160364,106,2211,1744,54,5395,58,0.00153531
2,11708.9,23243.3,7951.05,7271,9,933,35871,31991,3262,133513,38,794,577,0,1600,52,0.00153531
2,22845.8,23243.3,7951.05,7271,12,933,35871,31991,3262,133513,38,794,577,0,1600,52,0.00153531
2,13220.4,16864.2,8678.4,7962,10,811,30038,26626,2628,108208,39,825,597,1,1670,82,0.00153531
2,21063.7,16864.2,8678.4,7962,7,811,30038,26626,2628,108208,39,825,597,1,1670,82,0.00153531
2,4126.77,42375.8,3958.64,3586,4,1526,67319,60800,6664,278314,20,451,278,0,787,17,0.00153531
2,29820.4,42375.8,3958.64,3586,4,1526,67319,60800,6664,278314,20,451,278,0,787,17,0.00153531
2,11863.5,6347.84,4594.67,4230,13,421,14543,12633,1216,46223,27,455,309,0,732,49,0.00153531
2,15330,6347.84,4594.67,4230,10,421,14543,12633,1216,46223,27,455,309,0,732,49,0.00153531
2,18491,31570,31406.3,28639,21,1108,50048,46422,4907,232566,91,2973,2296,36,7439,236,0.00153531
2,29600.1,31570,31406.3,28639,17,1108,50048,46422,4907,232566,91,2973,2296,36,7439,236,0.00153531
2,5266.51,3610.39,3874.85,3588,7,260,8366,7235,575,27027,26,379,266,2,731,23,0.00153531
2,12063.4,3610.39,3874.85,3588,15,260,8366,7235,575,27027,26,379,266,2,731,23,0.00153531
2,24034.8,30875.9,37498.1,34554,18,1348,56075,50823,5376,226343,115,3202,2450,51,7371,269,0.00153531
2,27719.2,30875.9,37498.1,34554,34,1348,56075,50823,5376,226343,115,3202,2450,51,7371,269,0.00153531
2,11830.8,28661.1,18158.4,16672,14,1115,46608,42328,4335,192309,60,1691,1277,33,3998,155,0.00153531
2,26344.5,28661.1,18158.4,16672,32,1115,46608,42328,4335,192309,60,1691,1277,33,3998,155,0.00153531
2,16564.6,17424.8,20878.8,19376,16,683,29401,27056,2738,123382,48,1614,1204,13,3130,179,0.00153531
2,23472.4,17424.8,20878.8,19376,6,683,29401,27056,2738,123382,48,1614,1204,13,3130,179,0.00153531
2,11439.7,15821.2,11672.3,10736,17,752,31631,28182,2811,116680,45,1082,813,8,2088,162,0.00153531
2,21454.7,15821.2,11672.3,10736,7,752,31631,28182,2811,116680,45,1082,813,8,2088,162,0.00153531
2,36310,133892,229031,206792,26,3033,169772,160214,18123,964241,620,20059,16505,729,65973,788,0.00153531
2,67642.1,133892,229031,206792,68,3033,169772,160214,18123,964241,620,20059,16505,729,65973,788,0.00153531
2,13023.3,43037.7,22778.6,20773,11,1479,71130,66177,7482,335101,87,2112,1559,7,4607,146,0.00153531
2,40059,43037.7,22778.6,20773,12,1479,71130,66177,7482,335101,87,2112,1559,7,4607,146,0.00153531
2,3922.77,66006.1,20073.3,18342,8,2208,102780,95168,10646,476790,66,1894,1406,10,4849,22,0.00153531
2,36751.4,66006.1,20073.3,18342,15,2208,102780,95168,10646,476790,66,1894,1406,10,4849,22,0.00153531
2,16263.5,10293.3,14788.4,13654,22,573,21018,18520,1720,73820,54,1377,1037,17,2810,158,0.00153531
2,17902.7,10293.3,14788.4,13654,29,573,21018,18520,1720,73820,54,1377,1037,17,2810,158,0.00153531
2,37464.7,49610.1,107945,98700,45,1732,79761,73488,8184,377772,260,8842,7152,268,24688,655,0.00153531
2,38369.9,49610.1,107945,98700,40,1732,79761,73488,8184,377772,260,8842,7152,268,24688,655,0.00153531
2,17278.5,13280.9,13323.4,12228,5,596,25857,23401,2234,102299,45,1215,887,9,2603,66,0.00153531
2,22386,13280.9,13323.4,12228,24,596,25857,23401,2234,102299,45,1215,887,9,2603,66,0.00153531
2,20996.1,15749,17000.2,15674,18,779,29821,26746,2637,109029,60,1356,996,6,3246,27,0.00153531
2,21037,15749,17000.2,15674,10,779,29821,26746,2637,109029,60,1356,996,6,3246,27,0.00153531
2,23946.6,18736.4,37013.7,34087,10,751,33883,31388,3417,148396,104,3411,2653,43,8279,259,0.00153531
2,33543.5,18736.4,37013.7,34087,16,751,33883,31388,3417,148396,104,3411,2653,43,8279,259,0.00153531
2,33514.4,59752.7,34230.9,31662,18,1812,89237,83350,9022,454809,91,2889,2307,32,6460,531,0.00153531
2,43469.8,59752.7,34230.9,31662,3,1812,89237,83350,9022,454809,91,2889,2307,32,6460,531,0.00153531
2,11096.3,8401.98,7636.22,7018,16,434,15810,13838,1253,52027,32,744,551,3,1586,52,0.00153531
2,15909.6,8401.98,7636.22,7018,12,434,15810,13838,1253,52027,32,744,551,3,1586,52,0.00153531
2,21648,19828.5,25358.6,23266,14,804,36843,34162,3825,163536,90,2366,1824,21,5086,253,0.00153531
2,34031.7,19828.5,25358.6,23266,10,804,36843,34162,3825,163536,90,2366,1824,21,5086,253,0.00153531
2,12409.8,12717.3,6275.2,5770,10,690,26401,23358,2149,95662,30,582,422,1,1136,71,0.00153531
2,19939.9,12717.3,6275.2,5770,10,690,26401,23358,2149,95662,30,582,422,1,1136,71,0.00153531
2,42330.1,124111,214136,193928,50,2721,160490,151265,16926,913491,478,18365,15428,544,62374,1030,0.00153531
2,71916.3,124111,214136,193928,65,2721,160490,151265,16926,913491,478,18365,15428,544,62374,1030,0.00153531
2,9125.52,18593.5,24128.5,22168,9,961,36317,32412,3320,134765,94,2020,1578,37,5327,42,0.00153531
2,22994.2,18593.5,24128.5,22168,22,961,36317,32412,3320,134765,94,2020,1578,37,5327,42,0.00153531
2,23327.2,21301.1,36092.1,33183,17,779,35280,32639,3616,155717,107,3230,2494,29,7536,258,0.00153531
2,33909.7,21301.1,36092.1,33183,17,779,35280,32639,3616,155717,107,3230,2494,29,7536,258,0.00153531
2,1052.42,1550.67,746.8,685,2,119,3449,2857,150,9885,11,91,58,0,152,4,0.00153531
2,8031.15,1550.67,746.8,685,7,119,3449,2857,150,9885,11,91,58,0,152,4,0.00153531
2,5152.1,441.404,980.304,916,9,69,1375,1050,36,3057,12,98,63,0,121,17,0.00153531
2,5546.52,441.404,980.304,916,4,69,1375,1050,36,3057,12,98,63,0,121,17,0.00153531
2,20672.2,15163.6,30865.6,28474,22,704,30273,27717,2817,126478,101,2842,2204,53,6443,255,0.00153531
2,27572.1,15163.6,30865.6,28474,28,704,30273,27717,2817,126478,101,2842,2204,53,6443,255,0.00153531
2,9581.54,40031,32330,29426,11,1421,68500,63861,7278,324625,108,3075,2392,39,8679,54,0.00153531
2,39372.3,40031,32330,29426,23,1421,68500,63861,7278,324625,108,3075,2392,39,8679,54,0.00153531
2,11382.8,71179.9,49560.6,45237,11,2296,109646,101451,10886,514598,151,4677,3700,115,12995,82,0.00153531
2,37867.2,71179.9,49560.6,45237,45,2296,109646,101451,10886,514598,151,4677,3700,115,12995,82,0.00153531
2,24110.3,100033,90246.7,82074,30,2657,139491,131686,15069,751424,228,8294,6820,202,26307,353,0.00153531
2,55742.6,100033,90246.7,82074,51,2657,139491,131686,15069,751424,228,8294,6820,202,26307,353,0.00153531
2,27510.1,21851.1,38312.2,35364,27,869,37329,34065,3664,150965,102,3349,2627,64,7347,388,0.00153531
2,29044.7,21851.1,38312.2,35364,37,869,37329,34065,3664,150965,102,3349,2627,64,7347,388,0.00153531
2,3137.58,28346,13943.8,12742,6,1130,51180,47110,5417,219112,51,1330,969,8,3212,17,0.00153531
2,27889.3,28346,13943.8,12742,21,1130,51180,47110,5417,219112,51,1330,969,8,3212,17,0.00153531
2,4071.32,8865.99,10007,9211,9,486,19197,17370,1558,70950,40,953,678,19,2249,27,0.00153531
2,18629.4,8865.99,10007,9211,13,486,19197,17370,1558,70950,40,953,678,19,2249,27,0.00153531
2,9835.71,82213.6,31933.9,29129,11,2455,118719,111651,12527,606100,101,3050,2361,39,8526,80,0.00153531
2,42302.3,82213.6,31933.9,29129,21,2455,118719,111651,12527,606100,101,3050,2361,39,8526,80,0.00153531
2,4535.7,340.692,1002.88,920,4,47,1036,794,18,2478,11,116,74,0,161,13,0.00153531
2,5005.17,340.692,1002.88,920,4,47,1036,794,18,2478,11,116,74,0,161,13,0.00153531
2,1898.66,7293.89,11643.3,10688,4,450,16390,14267,1363,54184,51,1131,870,28,2666,8,0.00153531
2,16309.8,7293.89,11643.3,10688,17,450,16390,14267,1363,54184,51,1131,870,28,2666,8,0.00153531
2,9188.4,21085.4,35152.5,32008,11,921,40199,36718,3756,168808,122,3059,2298,44,7759,58,0.00153531
2,29086.7,21085.4,35152.5,32008,30,921,40199,36718,3756,168808,122,3059,2298,44,7759,58,0.00153531
2,23498.6,20387.1,38436,35263,25,905,38496,35181,3593,157306,122,3612,2778,44,8117,277,0.00153531
2,27756.2,20387.1,38436,35263,35,905,38496,35181,3593,157306,122,3612,2778,44,8117,277,0.00153531
2,16907.1,21653.7,17278.9,15916,3,1015,42212,38511,3995,166690,49,1402,1036,15,3373,39,0.00153531
2,25670.3,21653.7,17278.9,15916,25,1015,42212,38511,3995,166690,49,1402,1036,15,3373,39,0.00153531
2,34772.1,103481,161087,146183,43,2553,140378,132309,15435,772416,389,13944,11577,385,46133,746,0.00153531
2,62679.3,103481,161087,146183,60,2553,140378,132309,15435,772416,389,13944,11577,385,46133,746,0.00153531
2,21402.2,40136.3,43255,39553,19,1233,58922,55048,5798,284702,121,3994,3140,76,10097,359,0.00153531
2,33604.4,40136.3,43255,39553,18,1233,58922,55048,5798,284702,121,3994,3140,76,10097,359,0.00153531
2,21656.7,32894.7,39202.2,35913,20,1343,57931,53304,5977,243735,143,3673,2812,80,8932,211,0.00153531
2,31366.9,32894.7,39202.2,35913,38,1343,57931,53304,5977,243735,143,3673,2812,80,8932,211,0.00153531
2,6173.95,2400.31,2339.56,2153,5,190,6090,5080,358,17563,17,239,152,0,391,27,0.00153531
2,10447.6,2400.31,2339.56,2153,4,190,6090,5080,358,17563,17,239,152,0,391,27,0.00153531
2,32028,55472.7,70658.7,64840,37,1784,82843,76424,8339,389816,194,6326,5039,129,16287,603,0.00153531
2,37364.7,55472.7,70658.7,64840,52,1784,82843,76424,8339,389816,194,6326,5039,129,16287,603,0.00153531
2,13443.7,4522.09,6597.45,6070,14,227,9610,8489,612,33497,27,634,452,2,1152,68,0.00153531
2,14405.4,4522.09,6597.45,6070,10,227,9610,8489,612,33497,27,634,452,2,1152,68,0.00153531
2,26456.1,115297,210129,190094,20,2970,156828,148110,17006,866029,536,17578,14218,590,57523,465,0.00153531
2,58408.1,115297,210129,190094,45,2970,156828,148110,17006,866029,536,17578,14218,590,57523,465,0.00153531
2,6946.27,2936.72,5450.44,5024,6,194,6549,5509,440,20299,28,529,368,5,908,45,0.00153531
2,11084.1,2936.72,5450.44,5024,13,194,6549,5509,440,20299,28,529,368,5,908,45,0.00153531
2,14286.1,5206.57,7380.71,6808,12,377,12366,10674,1024,37804,33,666,460,7,1119,46,0.00153531
2,14593.4,5206.57,7380.71,6808,13,377,12366,10674,1024,37804,33,666,460,7,1119,46,0.00153531
2,12442.9,26469,13557.2,12418,5,1157,48765,44356,4557,202169,51,1242,919,12,2758,107,0.00153531
2,26729.5,26469,13557.2,12418,25,1157,48765,44356,4557,202169,51,1242,919,12,2758,107,0.00153531
2,17292.7,11413.4,15678,14385,14,585,22182,19887,2048,82017,57,1450,1079,23,2914,157,0.00153531
2,19706.5,11413.4,15678,14385,20,585,22182,19887,2048,82017,57,1450,1079,23,2914,157,0.00153531
2,18163.3,7532.44,19308.6,17917,24,382,15510,13902,1232,57068,48,1519,1149,25,3331,155,0.00153531
2,19316.2,7532.44,19308.6,17917,14,382,15510,13902,1232,57068,48,1519,1149,25,3331,155,0.00153531
2,15615.8,34117.1,17884.8,16318,7,1308,58138,53450,5629,257529,71,1613,1192,27,3809,92,0.00153531
2,28941.4,34117.1,17884.8,16318,13,1308,58138,53450,5629,257529,71,1613,1192,27,3809,92,0.00153531
2,7069.35,2551.93,3384.28,3136,9,217,6222,5193,375,18124,26,348,254,3,600,40,0.00153531
2,10880.1,2551.93,3384.28,3136,19,217,6222,5193,375,18124,26,348,254,3,600,40,0.00153531
2,31140.5,21500.2,47513.4,43544,27,917,39682,36139,3958,164073,133,4165,3300,85,10478,355,0.00153531
2,31943.2,21500.2,47513.4,43544,34,917,39682,36139,3958,164073,133,4165,3300,85,10478,355,0.00153531
2,12507.9,84605.4,51999.4,47225,19,2358,115011,108184,12258,589310,145,4595,3654,116,13457,128,0.00153531
2,42942.6,84605.4,51999.4,47225,39,2358,115011,108184,12258,589310,145,4595,3654,116,13457,128,0.00153531
2,15530.4,8942.66,9903.38,9132,22,469,16164,14099,1203,53930,32,870,659,8,1847,93,0.00153531
2,16199.9,8942.66,9903.38,9132,19,469,16164,14099,1203,53930,32,870,659,8,1847,93,0.00153531
2,14018,13187.7,4936.84,4495,4,682,25553,22642,2275,89834,27,477,341,0,829,50,0.00153531
2,19613.5,13187.7,4936.84,4495,6,682,25553,22642,2275,89834,27,477,341,0,829,50,0.00153531
2,4643.93,4337.83,4650.29,4419,5,259,8976,7887,644,32111,20,247,161,0,354,26,0.00153531
2,12610.5,4337.83,4650.29,4419,14,259,8976,7887,644,32111,20,247,161,0,354,26,0.00153531
2,19412.8,118606,66255.8,60095,18,2719,138641,130923,14831,743693,158,5448,4365,92,16197,237,0.00153531
2,51952.7,118606,66255.8,60095,28,2719,138641,130923,14831,743693,158,5448,4365,92,16197,237,0.00153531
2,17111.8,21613.2,13957.3,12810,9,812,38023,35256,3898,168411,52,1225,894,5,2490,131,0.00153531
2,31141.1,21613.2,13957.3,12810,4,812,38023,35256,3898,168411,52,1225,894,5,2490,131,0.00153531
2,15598.2,7233.79,9585.34,8867,5,458,16341,14301,1293,54277,37,801,610,9,1567,45,0.00153531
2,16203.3,7233.79,9585.34,8867,20,458,16341,14301,1293,54277,37,801,610,9,1567,45,0.00153531
2,3272.49,2990.22,1681.05,1556,5,221,6827,5765,399,21274,16,171,112,0,295,18,0.00153531
2,10794.2,2990.22,1681.05,1556,8,221,6827,5765,399,21274,16,171,112,0,295,18,0.00153531
2,39856.1,37035.9,94308.2,85865,47,1162,58838,54812,6320,297204,243,8041,6538,254,22153,981,0.00153531
2,46367.9,37035.9,94308.2,85865,14,1162,58838,54812,6320,297204,243,8041,6538,254,22153,981,0.00153531
2,22880.8,22206.8,48673.3,44949,16,801,37612,34882,3885,167647,114,3557,2753,38,8201,368,0.00153531
2,35042.6,22206.8,48673.3,44949,14,801,37612,34882,3885,167647,114,3557,2753,38,8201,368,0.00153531
2,29092.5,57624.1,89001.3,81159,10,1821,88678,82265,9418,423763,207,7396,5970,254,21639,270,0.00153531
2,43941.2,57624.1,89001.3,81159,47,1821,88678,82265,9418,423763,207,7396,5970,254,21639,270,0.00153531
2,8012.02,22970.3,26036.7,23234,8,868,38380,35058,3541,159712,86,2248,1750,58,6526,54,0.00153531
2,27813.4,22970.3,26036.7,23234,29,868,38380,35058,3541,159712,86,2248,1750,58,6526,54,0.00153531
2,18054.4,43410,27838.7,25470,12,1309,61967,57824,5961,297799,99,2585,1999,36,6180,245,0.00153531
2,32341.1,43410,27838.7,25470,32,1309,61967,57824,5961,297799,99,2585,1999,36,6180,245,0.00153531
2,11767.3,89944,46637.9,42514,16,2419,117410,110558,12516,604720,120,3982,3151,61,11559,131,0.00153531
2,43079.8,89944,46637.9,42514,34,2419,117410,110558,12516,604720,120,3982,3151,61,11559,131,0.00153531
2,19181.7,9907.16,19579.7,18140,24,515,20004,17983,1863,74944,66,1726,1317,35,3444,219,0.00153531
2,20832.4,9907.16,19579.7,18140,16,515,20004,17983,1863,74944,66,1726,1317,35,3444,219,0.00153531
2,16837.8,34688.5,40109.1,36789,20,1142,50908,47113,4911,232455,98,3216,2528,49,8299,203,0.00153531
2,29274.9,34688.5,40109.1,36789,21,1142,50908,47113,4911,232455,98,3216,2528,49,8299,203,0.00153531
2,17357.1,11259.1,19765.4,18312,12,506,21134,18883,1724,78139,45,1604,1200,14,3201,208,0.00153531
2,18755.9,11259.1,19765.4,18312,14,506,21134,18883,1724,78139,45,1604,1200,14,3201,208,0.00153531
2,46226.1,152351,272026,244978,55,3016,180281,170096,18636,1054228,583,23148,19757,749,86221,1219,0.00153531
2,77354.2,152351,272026,244978,60,3016,180281,170096,18636,1054228,583,23148,19757,749,86221,1219,0.00153531
2,12754,16669.8,4004.38,3709,5,766,29441,26152,2701,106922,13,302,202,0,463,46,0.00153531
2,20851.4,16669.8,4004.38,3709,5,766,29441,26152,2701,106922,13,302,202,0,463,46,0.00153531
2,8335.96,21566.4,22822.6,20798,13,761,33430,30441,3050,136476,81,1976,1514,33,5484,38,0.00153531
2,29383.7,21566.4,22822.6,20798,31,761,33430,30441,3050,136476,81,1976,1514,33,5484,38,0.00153531
2,13795.6,7358,9185.94,8460,14,411,14918,13053,1142,49436,34,895,657,5,1479,124,0.00153531
2,15646.5,7358,9185.94,8460,15,411,14918,13053,1142,49436,34,895,657,5,1479,124,0.00153531
2,25229.8,114854,141420,128181,38,2596,136267,128566,14777,731455,291,11174,9401,299,37801,484,0.00153531
2,55461.1,114854,141420,128181,54,2596,136267,128566,14777,731455,291,11174,9401,299,37801,484,0.00153531
2,3818.87,36463.6,38245.7,34852,6,1172,55702,51931,5833,255676,105,3280,2481,66,8129,18,0.00153531
2,30990,36463.6,38245.7,34852,25,1172,55702,51931,5833,255676,105,3280,2481,66,8129,18,0.00153531
2,23018.3,66464.6,61282.4,55937,30,1990,93401,86431,9394,439432,164,5070,3931,130,13078,385,0.00153531
2,37282.7,66464.6,61282.4,55937,30,1990,93401,86431,9394,439432,164,5070,3931,130,13078,385,0.00153531
2,30087.6,54193.9,57200.7,52455,18,1566,79573,74639,8367,404047,159,4481,3543,78,11803,432,0.00153531
2,44207.1,54193.9,57200.7,52455,32,1566,79573,74639,8367,404047,159,4481,3543,78,11803,432,0.00153531
2,13579.8,20885.9,20034.7,18333,22,1056,40087,35903,3814,151136,72,1774,1330,21,4272,114,0.00153531
2,24004,20885.9,20034.7,18333,24,1056,40087,35903,3814,151136,72,1774,1330,21,4272,114,0.00153531
2,5870.64,990.328,1538.63,1419,9,106,2595,2071,104,6908,9,158,103,0,201,31,0.00153531
2,7059.37,990.328,1538.63,1419,7,106,2595,2071,104,6908,9,158,103,0,201,31,0.00153531
2,8526.83,3017.9,1998.62,1859,9,207,7002,5981,396,21543,13,179,124,0,267,40,0.00153531
2,10792.7,3017.9,1998.62,1859,3,207,7002,5981,396,21543,13,179,124,0,267,40,0.00153531
2,39137.7,147012,250377,226423,55,2946,167428,157988,17872,955303,504,19846,16941,618,73658,845,0.00153531
2,70625.2,147012,250377,226423,55,2946,167428,157988,17872,955303,504,19846,16941,618,73658,845,0.00153531
2,5140.42,12872.5,16983.7,15500,5,614,23873,21033,2102,84492,66,1542,1219,38,3846,24,0.00153531
2,19022.5,12872.5,16983.7,15500,21,614,23873,21033,2102,84492,66,1542,1219,38,3846,24,0.00153531
2,20818.8,12825.2,22632.3,20898,19,598,24568,22501,2273,100730,61,1816,1376,17,3617,288,0.00153531
2,22616.3,12825.2,22632.3,20898,7,598,24568,22501,2273,100730,61,1816,1376,17,3617,288,0.00153531
2,23732.5,63915.1,84837.5,77163,4,2029,99446,92816,10697,488868,226,7301,5848,227,23125,72,0.00153531
2,44742.6,63915.1,84837.5,77163,49,2029,99446,92816,10697,488868,226,7301,5848,227,23125,72,0.00153531
2,26285.7,31524.1,44386.6,40710,30,934,47546,44130,5392,223228,129,3923,3106,59,9117,419,0.00153531
2,43474.1,31524.1,44386.6,40710,10,934,47546,44130,5392,223228,129,3923,3106,59,9117,419,0.00153531
2,7742.97,11570.1,10162.2,9361,7,581,22550,20264,1855,83223,44,953,672,17,2234,66,0.00153531
2,18937.7,11570.1,10162.2,9361,21,581,22550,20264,1855,83223,44,953,672,17,2234,66,0.00153531
2,9241.02,19264.4,13000.3,11853,13,829,33896,30277,3212,125419,47,1219,914,10,2844,86,0.00153531
2,22096.7,19264.4,13000.3,11853,14,829,33896,30277,3212,125419,47,1219,914,10,2844,86,0.00153531
2,21687.2,20302.1,26402.1,24099,21,892,35540,32037,3390,136814,98,2523,1916,37,5507,228,0.00153531
2,22729.8,20302.1,26402.1,24099,30,892,35540,32037,3390,136814,98,2523,1916,37,5507,228,0.00153531
2,14929.3,6377.69,9920.09,9139,18,369,13425,11783,982,45198,40,888,632,13,1731,55,0.00153531
2,15189.1,6377.69,9920.09,9139,20,369,13425,11783,982,45198,40,888,632,13,1731,55,0.00153531
2,17889.6,16554.2,19921.4,18402,20,812,30558,27289,2766,112813,63,1637,1226,14,3167,240,0.00153531
2,21232.4,16554.2,19921.4,18402,8,812,30558,27289,2766,112813,63,1637,1226,14,3167,240,0.00153531
2,14546.2,15223.1,19687.8,18105,12,725,28753,25696,2628,106617,72,1681,1230,31,3638,132,0.00153531
2,20460.7,15223.1,19687.8,18105,18,725,28753,25696,2628,106617,72,1681,1230,31,3638,132,0.00153531
2,16676.8,10761.4,14519.3,13381,23,523,20467,18457,1644,75871,46,1389,1062,11,2874,205,0.00153531
2,19374,10761.4,14519.3,13381,7,523,20467,18457,1644,75871,46,1389,1062,11,2874,205,0.00153531
2,12736,7452.46,8023.79,7405,14,447,16197,14449,1236,56947,27,711,522,5,1262,119,0.00153531
2,16244.4,7452.46,8023.79,7405,6,447,16197,14449,1236,56947,27,711,522,5,1262,119,0.00153531
2,17873.9,49421.9,51411.1,46871,23,1707,75048,68376,7300,323414,163,4786,3654,107,12514,227,0.00153531
2,31362.3,49421.9,51411.1,46871,22,1707,75048,68376,7300,323414,163,4786,3654,107,12514,227,0.00153531
2,17642.7,98711.1,66901.5,60944,22,2599,131077,123661,14067,694659,159,5389,4343,118,16240,214,0.00153531
2,49420.4,98711.1,66901.5,60944,40,2599,131077,123661,14067,694659,159,5389,4343,118,16240,214,0.00153531
2,10488.8,14866.8,13803.5,12755,16,715,28759,25608,2573,104735,43,1105,817,5,2357,88,0.00153531
2,20390.9,14866.8,13803.5,12755,14,715,28759,25608,2573,104735,43,1105,817,5,2357,88,0.00153531
2,3101.3,34332.4,14231.7,12936,5,1163,52898,48657,5510,225411,55,1359,1011,21,3535,18,0.00153531
2,28722.9,34332.4,14231.7,12936,17,1163,52898,48657,5510,225411,55,1359,1011,21,3535,18,0.00153531
2,14820.2,78756.8,74735.7,67904,14,2195,105597,98846,11205,522513,178,6251,5095,150,20359,87,0.00153531
2,41676.3,78756.8,74735.7,67904,40,2195,105597,98846,11205,522513,178,6251,5095,150,20359,87,0.00153531
2,13997.2,36475,32799.1,29971,18,1280,55735,50840,5573,227881,93,2844,2192,44,7533,108,0.00153531
2,28118.4,36475,32799.1,29971,24,1280,55735,50840,5573,227881,93,2844,2192,44,7533,108,0.00153531
2,8684.25,7011.51,4757.93,4400,12,352,13488,12142,1107,56523,28,458,319,1,764,50,0.00153531
2,16910.7,7011.51,4757.93,4400,18,352,13488,12142,1107,56523,28,458,319,1,764,50,0.00153531
2,30937.7,51037.2,75008,69122,35,1613,74069,68129,7321,337509,170,5681,4531,121,14042,568,0.00153531
2,34527.8,51037.2,75008,69122,47,1613,74069,68129,7321,337509,170,5681,4531,121,14042,568,0.00153531
2,5218.75,13911.8,17620,16187,3,643,24136,21350,2122,85083,67,1495,1154,37,3839,16,0.00153531
2,19298.8,13911.8,17620,16187,22,643,24136,21350,2122,85083,67,1495,1154,37,3839,16,0.00153531
2,16200.6,14461,20830.2,19074,16,671,24650,21844,2178,88630,75,1978,1470,25,4140,176,0.00153531
2,19250.8,14461,20830.2,19074,29,671,24650,21844,2178,88630,75,1978,1470,25,4140,176,0.00153531
2,18171.7,8020.37,17426.5,16302,25,409,16638,14989,1308,60510,42,1275,940,22,2401,158,0.00153531
2,19579.5,8020.37,17426.5,16302,13,409,16638,14989,1308,60510,42,1275,940,22,2401,158,0.00153531
2,32144.6,46154.7,80933.6,74109,27,1540,71284,65618,7556,315907,197,6701,5354,170,18108,504,0.00153531
2,40229.7,46154.7,80933.6,74109,44,1540,71284,65618,7556,315907,197,6701,5354,170,18108,504,0.00153531
2,15933.9,21718,23580.4,21632,18,947,37020,33070,3397,140264,83,2123,1629,33,4893,179,0.00153531
2,22917.7,21718,23580.4,21632,18,947,37020,33070,3397,140264,83,2123,1629,33,4893,179,0.00153531
2,14365.1,23100.7,26881.1,24698,18,1101,43945,39360,4117,170070,88,2286,1752,26,5510,210,0.00153531
2,24821.5,23100.7,26881.1,24698,22,1101,43945,39360,4117,170070,88,2286,1752,26,5510,210,0.00153531
2,36114,100178,175889,158023,44,2523,137128,129201,14932,752921,417,14737,12262,440,48352,865,0.00153531
2,62617.1,100178,175889,158023,70,2523,137128,129201,14932,752921,417,14737,12262,440,48352,865,0.00153531
2,32111.2,115302,196395,177617,41,2692,149734,141241,16174,829518,382,15572,13161,435,55532,747,0.00153531
2,62523.4,115302,196395,177617,52,2692,149734,141241,16174,829518,382,15572,13161,435,55532,747,0.00153531
2,4267.43,9273.85,11247.4,10368,10,473,18973,17152,1566,69937,41,930,658,17,2155,26,0.00153531
2,18422,9273.85,11247.4,10368,12,473,18973,17152,1566,69937,41,930,658,17,2155,26,0.00153531
2,33025.8,63587.3,38992.9,36079,18,1790,88089,82273,8816,448704,89,2999,2401,40,6724,549,0.00153531
2,42852.2,63587.3,38992.9,36079,3,1790,88089,82273,8816,448704,89,2999,2401,40,6724,549,0.00153531
2,12811.6,5744.92,8719.06,8062,17,368,13063,11297,965,41478,32,821,597,4,1434,88,0.00153531
2,14641.5,5744.92,8719.06,8062,14,368,13063,11297,965,41478,32,821,597,4,1434,88,0.00153531
2,25183.4,106988,91615.6,83217,11,2589,133806,125990,14158,716689,258,7430,5849,259,21954,224,0.00153531
2,50352.9,106988,91615.6,83217,48,2589,133806,125990,14158,716689,258,7430,5849,259,21954,224,0.00153531
2,15307.7,9157.58,8534.78,7889,17,431,15388,13563,1109,51793,42,753,533,4,1562,59,0.00153531
2,15527.6,9157.58,8534.78,7889,6,431,15388,13563,1109,51793,42,753,533,4,1562,59,0.00153531
2,27534.8,52529.9,39999.9,36983,33,1703,80218,74290,8149,378288,91,3196,2562,36,7553,471,0.00153531
2,35937.3,52529.9,39999.9,36983,15,1703,80218,74290,8149,378288,91,3196,2562,36,7553,471,0.00153531
2,36862.7,135240,187173,170070,38,2969,165802,156535,17857,938094,399,14989,12703,412,51660,819,0.00153531
2,68495.1,135240,187173,170070,59,2969,165802,156535,17857,938094,399,14989,12703,412,51660,819,0.00153531
2,6067.59,756.465,1418.88,1327,10,92,2100,1660,78,5070,13,134,95,0,188,22,0.00153531
2,6444.19,756.465,1418.88,1327,4,92,2100,1660,78,5070,13,134,95,0,188,22,0.00153531
2,14573.3,14517.5,10625.8,9874,12,701,26374,23356,2263,95391,41,853,622,3,1521,118,0.00153531
2,19879,14517.5,10625.8,9874,15,701,26374,23356,2263,95391,41,853,622,3,1521,118,0.00153531
2,8493.67,9123.43,8115.68,7400,4,444,17222,15202,1437,62238,34,740,516,5,1568,27,0.00153531
2,16946.5,9123.43,8115.68,7400,17,444,17222,15202,1437,62238,34,740,516,5,1568,27,0.00153531
2,35837,65325.6,88256.7,80615,43,1901,88966,82173,9239,428914,231,7506,5973,210,19198,743,0.00153531
2,41109.8,65325.6,88256.7,80615,50,1901,88966,82173,9239,428914,231,7506,5973,210,19198,743,0.00153531
2,31873.6,100328,164687,149320,37,2512,133970,126284,14616,724151,367,13578,11341,409,45469,694,0.00153531
2,59147.3,100328,164687,149320,64,2512,133970,126284,14616,724151,367,13578,11341,409,45469,694,0.00153531
2,4708.06,585.379,548.782,512,2,91,1769,1386,62,4313,8,69,37,0,49,12,0.00153531
2,6150,585.379,548.782,512,2,91,1769,1386,62,4313,8,69,37,0,49,12,0.00153531
2,37040.9,67584.6,107513,98606,39,1959,98310,91691,9965,501746,263,8837,7132,222,23619,818,0.00153531
2,45184.1,67584.6,107513,98606,58,1959,98310,91691,9965,501746,263,8837,7132,222,23619,818,0.00153531
2,25332.1,46762,76569.7,69738,13,1485,72968,68426,7587,363795,203,6445,5140,87,17490,409,0.00153531
2,39602.5,46762,76569.7,69738,32,1485,72968,68426,7587,363795,203,6445,5140,87,17490,409,0.00153531
2,35207.8,84587.2,80825.7,74001,25,2334,120594,112748,12529,643858,267,7546,5909,169,20257,551,0.00153531
2,50206.5,84587.2,80825.7,74001,64,2334,120594,112748,12529,643858,267,7546,5909,169,20257,551,0.00153531
2,3668.16,1142.43,2133.92,1958,7,129,3083,2494,164,8488,17,225,151,3,332,28,0.00153531
2,7920.03,1142.43,2133.92,1958,13,129,3083,2494,164,8488,17,225,151,3,332,28,0.00153531
2,9612.19,33183,29363.3,26797,11,1419,59628,53759,5809,241609,102,2720,2069,32,6873,88,0.00153531
2,28352.8,33183,29363.3,26797,28,1419,59628,53759,5809,241609,102,2720,2069,32,6873,88,0.00153531
2,13789.2,15225.9,14696.6,13423,13,706,29078,26260,2597,114124,68,1420,1007,21,2964,123,0.00153531
2,21347.5,15225.9,14696.6,13423,22,706,29078,26260,2597,114124,68,1420,1007,21,2964,123,0.00153531
2,5100.07,3170.98,7113.38,6599,3,264,8022,6727,563,23199,29,537,381,4,1160,10,0.00153531
2,12117.7,3170.98,7113.38,6599,9,264,8022,6727,563,23199,29,537,381,4,1160,10,0.00153531
2,25768.9,119633,210500,189209,19,2941,155466,146879,16873,855942,558,18652,15114,596,61105,467,0.00153531
2,58034.6,119633,210500,189209,50,2941,155466,146879,16873,855942,558,18652,15114,596,61105,467,0.00153531
2,10207.3,40805.9,26411.3,24063,7,1450,68050,63413,7270,318327,97,2535,1926,19,6443,100,0.00153531
2,38442.2,40805.9,26411.3,24063,17,1450,68050,63413,7270,318327,97,2535,1926,19,6443,100,0.00153531
2,10739.9,23750.4,11031.2,10034,8,983,38275,34189,3544,143577,54,1123,819,2,2389,46,0.00153531
2,23521.2,23750.4,11031.2,10034,10,983,38275,34189,3544,143577,54,1123,819,2,2389,46,0.00153531
2,15294.4,101698,70855.2,64646,8,2722,134411,126946,14083,708011,238,6759,5412,194,19065,164,0.00153531
2,47038.2,101698,70855.2,64646,54,2722,134411,126946,14083,708011,238,6759,5412,194,19065,164,0.00153531
2,12281.9,13151.2,13578.8,12513,16,564,21746,19265,1774,76354,51,1153,844,14,2445,120,0.00153531
2,18310.8,13151.2,13578.8,12513,27,564,21746,19265,1774,76354,51,1153,844,14,2445,120,0.00153531
2,34283,39278.1,83662.5,76494,30,1498,68439,62904,7257,306330,225,7575,6164,261,21162,533,0.00153531
2,40167.3,39278.1,83662.5,76494,45,1498,68439,62904,7257,306330,225,7575,6164,261,21162,533,0.00153531
2,9764.26,4277.1,10597.3,9924,9,257,8899,7865,670,32054,38,790,591,5,1491,108,0.00153531
2,15941.1,4277.1,10597.3,9924,10,257,8899,7865,670,32054,38,790,591,5,1491,108,0.00153531
2,14701.2,56331.7,57627.4,52631,26,1931,88895,81455,8729,396195,165,5250,4048,133,13675,133,0.00153531
2,33856.3,56331.7,57627.4,52631,40,1931,88895,81455,8729,396195,165,5250,4048,133,13675,133,0.00153531
2,12131.2,64321,58197.3,53121,4,2026,95538,88636,9869,445741,151,5019,4041,131,15955,37,0.00153531
2,38078.6,64321,58197.3,53121,35,2026,95538,88636,9869,445741,151,5019,4041,131,15955,37,0.00153531
2,22069.7,11233.1,29402.7,27190,31,581,22657,20449,2098,86023,84,2446,1881,52,5450,196,0.00153531
2,22580,11233.1,29402.7,27190,24,581,22657,20449,2098,86023,84,2446,1881,52,5450,196,0.00153531
2,16318.7,93661.5,71942.3,65159,21,2446,122137,115178,13223,634076,182,6123,4947,161,18681,202,0.00153531
2,46682.4,93661.5,71942.3,65159,42,2446,122137,115178,13223,634076,182,6123,4947,161,18681,202,0.00153531
2,12947.4,4032.88,8125.3,7546,18,293,9866,8471,658,30236,34,729,533,12,1549,15,0.00153531
2,13006.8,4032.88,8125.3,7546,21,293,9866,8471,658,30236,34,729,533,12,1549,15,0.00153531
2,18642.4,8618.04,21363.8,19622,19,440,17826,16253,1664,73991,84,2019,1576,33,4366,196,0.00153531
2,26601.4,8618.04,21363.8,19622,30,440,17826,16253,1664,73991,84,2019,1576,33,4366,196,0.00153531
2,10600.5,35008.3,13613.1,12556,11,1276,58252,53670,5854,249615,48,1075,786,2,2231,79,0.00153531
2,31751.2,35008.3,13613.1,12556,5,1276,58252,53670,5854,249615,48,1075,786,2,2231,79,0.00153531
2,19143,47108.7,53658,48755,14,1680,78346,72292,8055,348666,152,4895,3859,102,13748,206,0.00153531
2,36503.4,47108.7,53658,48755,41,1680,78346,72292,8055,348666,152,4895,3859,102,13748,206,0.00153531
2,21744.1,21459.6,28814.3,26456,25,908,38699,35353,3550,156590,86,2678,2058,33,6107,218,0.00153531
2,27117.9,21459.6,28814.3,26456,34,908,38699,35353,3550,156590,86,2678,2058,33,6107,218,0.00153531
2,24138.7,17895.8,33056.9,30483,29,665,27933,25592,2668,117935,110,3007,2348,49,6696,317,0.00153531
2,28032.1,17895.8,33056.9,30483,23,665,27933,25592,2668,117935,110,3007,2348,49,6696,317,0.00153531
2,18845.5,102743,111119,101275,11,2833,142311,134521,14930,765985,297,9087,7250,244,25835,270,0.00153531
2,51294.2,102743,111119,101275,61,2833,142311,134521,14930,765985,297,9087,7250,244,25835,270,0.00153531
2,6547.48,2408.58,3605.22,3355,8,192,4714,3845,287,12773,20,330,224,0,508,51,0.00153531
2,9628.46,2408.58,3605.22,3355,10,192,4714,3845,287,12773,20,330,224,0,508,51,0.00153531
2,8255.81,2245.24,3291.58,3058,8,193,5684,4782,321,17482,14,303,214,0,471,63,0.00153531
2,9814.26,2245.24,3291.58,3058,3,193,5684,4782,321,17482,14,303,214,0,471,63,0.00153531
2,26280.1,21974.2,39390.3,36264,29,849,37526,34464,3663,171482,108,3365,2599,52,7430,448,0.00153531
2,30358,21974.2,39390.3,36264,13,849,37526,34464,3663,171482,108,3365,2599,52,7430,448,0.00153531
2,7757.51,20127.2,23688.5,21749,6,862,37154,33927,3435,153606,79,1902,1455,40,5469,34,0.00153531
2,26997.2,20127.2,23688.5,21749,29,862,37154,33927,3435,153606,79,1902,1455,40,5469,34,0.00153531
2,8743.99,4333.94,5169.38,4780,5,258,10032,8865,802,36902,25,480,336,6,960,43,0.00153531
2,16737.4,4333.94,5169.38,4780,17,258,10032,8865,802,36902,25,480,336,6,960,43,0.00153531
2,26610.1,105169,87582.7,79454,6,2647,139040,130971,14732,752569,272,7632,6056,298,23084,106,0.00153531
2,53344.3,105169,87582.7,79454,51,2647,139040,130971,14732,752569,272,7632,6056,298,23084,106,0.00153531
2,27563.6,38726.6,59980.9,54957,25,1453,65780,60608,6978,285843,158,5033,3966,119,12954,366,0.00153531
2,36217.8,38726.6,59980.9,54957,53,1453,65780,60608,6978,285843,158,5033,3966,119,12954,366,0.00153531
2,37286.3,69243.3,105555,96814,39,1977,98980,92305,10021,506277,277,9111,7364,220,24511,835,0.00153531
2,45433.8,69243.3,105555,96814,58,1977,98980,92305,10021,506277,277,9111,7364,220,24511,835,0.00153531
2,5486.89,654.7,946.582,874,4,98,1984,1553,81,4873,11,102,62,0,119,12,0.00153531
2,6710.76,654.7,946.582,874,5,98,1984,1553,81,4873,11,102,62,0,119,12,0.00153531
2,21577.7,18996.1,27489.5,25239,21,908,36586,33043,3512,142321,102,2573,1962,41,5587,254,0.00153531
2,23045,18996.1,27489.5,25239,31,908,36586,33043,3512,142321,102,2573,1962,41,5587,254,0.00153531
2,40462.4,128949,233848,212016,28,3023,174154,164378,18272,995828,613,20886,17379,779,70080,958,0.00153531
2,70975.7,128949,233848,212016,77,3023,174154,164378,18272,995828,613,20886,17379,779,70080,958,0.00153531
2,8537.51,7732.09,5499.1,5053,7,447,16169,14185,1170,55290,30,536,376,8,1150,45,0.00153531
2,15922.4,7732.09,5499.1,5053,11,447,16169,14185,1170,55290,30,536,376,8,1150,45,0.00153531
2,43899.4,51386,113614,103623,45,1433,75025,70073,8079,394884,267,8960,7482,300,25677,1270,0.00153531
2,52408.4,51386,113614,103623,4,1433,75025,70073,8079,394884,267,8960,7482,300,25677,1270,0.00153531
2,27526.1,27227,61924.2,56998,29,883,43372,40176,4618,200578,169,5308,4222,79,12980,501,0.00153531
2,42138.7,27227,61924.2,56998,16,883,43372,40176,4618,200578,169,5308,4222,79,12980,501,0.00153531
2,38213,84935.1,117535,107525,29,2347,121448,113333,12538,648840,324,9988,8030,263,28202,663,0.00153531
2,51417.1,84935.1,117535,107525,60,2347,121448,113333,12538,648840,324,9988,8030,263,28202,663,0.00153531
2,24520,47263.1,64605.1,58892,15,1716,79103,72981,8396,355773,197,6140,4858,167,17267,284,0.00153531
2,38877.2,47263.1,64605.1,58892,49,1716,79103,72981,8396,355773,197,6140,4858,167,17267,284,0.00153531
2,29376.1,90378.6,130348,118958,24,2444,127182,119808,13987,678377,327,11341,9358,299,37089,560,0.00153531
2,56100.1,90378.6,130348,118958,61,2444,127182,119808,13987,678377,327,11341,9358,299,37089,560,0.00153531
2,35066.1,46092.7,76542.8,69963,38,1633,72912,67105,7348,334757,196,6769,5384,164,18029,458,0.00153531
2,35597.5,46092.7,76542.8,69963,52,1633,72912,67105,7348,334757,196,6769,5384,164,18029,458,0.00153531
2,33351.5,104638,153029,138809,23,2444,129054,121482,14092,695866,366,12708,10498,356,41073,662,0.00153531
2,58947.4,104638,153029,138809,63,2444,129054,121482,14092,695866,366,12708,10498,356,41073,662,0.00153531
2,41262.8,70074,142097,130016,47,1944,98308,91452,9995,498737,353,12020,9864,368,35591,966,0.00153531
2,46614.6,70074,142097,130016,63,1944,98308,91452,9995,498737,353,12020,9864,368,35591,966,0.00153531
2,11032.2,3305.09,4394.3,4099,14,259,8124,6941,532,24612,23,428,317,2,667,67,0.00153531
2,11745.7,3305.09,4394.3,4099,7,259,8124,6941,532,24612,23,428,317,2,667,67,0.00153531
2,9709.54,5419.39,5596.51,5170,10,338,12320,10801,882,42007,20,540,398,2,1046,74,0.00153531
2,13895.6,5419.39,5596.51,5170,7,338,12320,10801,882,42007,20,540,398,2,1046,74,0.00153531
2,11308.2,6186.93,8104.91,7489,16,419,14739,12845,1165,48426,33,769,574,3,1577,67,0.00153531
2,15398.2,6186.93,8104.91,7489,12,419,14739,12845,1165,48426,33,769,574,3,1577,67,0.00153531
2,3388.85,12520.4,13210.6,12064,4,531,20620,18552,1692,76488,39,1153,851,26,2951,16,0.00153531
2,19097.9,12520.4,13210.6,12064,25,531,20620,18552,1692,76488,39,1153,851,26,2951,16,0.00153531
2,9982.57,5289.63,3967.46,3709,7,299,9987,8612,675,32460,22,313,220,2,531,54,0.00153531
2,12823.7,5289.63,3967.46,3709,5,299,9987,8612,675,32460,22,313,220,2,531,54,0.00153531
2,5224.53,9830.25,14067.4,12938,5,578,21198,18653,1850,72248,60,1342,1022,28,3357,27,0.00153531
2,18249.1,9830.25,14067.4,12938,21,578,21198,18653,1850,72248,60,1342,1022,28,3357,27,0.00153531
2,6185.81,36880.5,22277.7,20217,6,1356,63497,59111,6646,291543,80,2149,1626,36,6015,23,0.00153531
2,34396.6,36880.5,22277.7,20217,17,1356,63497,59111,6646,291543,80,2149,1626,36,6015,23,0.00153531
2,17390.4,11968.5,17920.6,16652,13,522,19711,17711,1564,70890,50,1411,1084,13,3122,163,0.00153531
2,18286.7,11968.5,17920.6,16652,19,522,19711,17711,1564,70890,50,1411,1084,13,3122,163,0.00153531
2,16508.1,18604.1,13558.4,12667,13,927,36899,32966,3292,139293,39,937,668,1,1625,113,0.00153531
2,23083.1,18604.1,13558.4,12667,18,927,36899,32966,3292,139293,39,937,668,1,1625,113,0.00153531
2,4052.59,5603.94,8683.79,7956,4,380,12350,10690,942,38836,40,826,620,9,1952,17,0.00153531
2,14512.8,5603.94,8683.79,7956,14,380,12350,10690,942,38836,40,826,620,9,1952,17,0.00153531
2,12720.1,8769.66,11007.2,10330,18,540,18067,15781,1482,61386,33,796,610,7,1725,84,0.00153531
2,16990.6,8769.66,11007.2,10330,23,540,18067,15781,1482,61386,33,796,610,7,1725,84,0.00153531
2,29882.7,80859.1,57312.6,52492,25,2309,114238,106855,11915,593711,205,5487,4217,120,13894,414,0.00153531
2,46019.7,80859.1,57312.6,52492,48,2309,114238,106855,11915,593711,205,5487,4217,120,13894,414,0.00153531
2,15411.7,6616.42,10835.7,10021,12,419,14834,12856,1172,48908,40,986,735,6,2125,43,0.00153531
2,15542.3,6616.42,10835.7,10021,18,419,14834,12856,1172,48908,40,986,735,6,2125,43,0.00153531
2,15536.1,36572.7,39920.2,36696,20,1242,54785,50581,5198,249878,106,3215,2466,39,7990,180,0.00153531
2,29684.5,36572.7,39920.2,36696,22,1242,54785,50581,5198,249878,106,3215,2466,39,7990,180,0.00153531
2,7449.58,9662.69,10670,9785,9,542,19451,17088,1586,66744,43,1072,799,17,2450,27,0.00153531
2,17443.7,9662.69,10670,9785,17,542,19451,17088,1586,66744,43,1072,799,17,2450,27,0.00153531
2,5801.41,28082,8790.89,8010,3,1114,50334,46159,5027,208385,44,847,592,1,1725,18,0.00153531
2,28203.3,28082,8790.89,8010,10,1114,50334,46159,5027,208385,44,847,592,1,1725,18,0.00153531
2,8885.88,25623.4,21666.6,19815,9,976,46300,43018,4825,208987,74,2116,1589,25,5460,67,0.00153531
2,28638.4,25623.4,21666.6,19815,21,976,46300,43018,4825,208987,74,2116,1589,25,5460,67,0.00153531
2,9564.53,2754.47,3754.55,3480,8,257,7148,6014,505,19906,23,366,265,4,538,52,0.00153531
2,11458.9,2754.47,3754.55,3480,6,257,7148,6014,505,19906,23,366,265,4,538,52,0.00153531
2,26769,48242.4,58923.8,53206,18,1513,74979,70367,7735,376668,171,5200,4116,83,13497,426,0.00153531
2,40888.6,48242.4,58923.8,53206,32,1513,74979,70367,7735,376668,171,5200,4116,83,13497,426,0.00153531
