K,dist,cost_ki,cost_hi,h_cost,vnum,gen_ki,push_ki,pop_ki,prune_ki,suc_call_ki,gen_hi,push_hi,pop_hi,prune_hi,suc_call_hi,reevaluate,density
2,24262.7,40295.8,60124.7,53314,28,1356,58660,53556,5928,264408,202,6256,4989,160,16677,531,0.0010917
2,33997.5,40295.8,60124.7,53314,35,1356,58660,53556,5928,264408,202,6256,4989,160,16677,531,0.0010917
2,12460.9,54697.9,24956.5,22249,15,1649,74471,69010,7482,348280,99,2672,2082,39,6713,157,0.0010917
2,31058.1,54697.9,24956.5,22249,12,1649,74471,69010,7482,348280,99,2672,2082,39,6713,157,0.0010917
2,19867.1,31888.7,31181.2,27709,12,1098,46932,43440,4549,221386,116,3658,2901,62,10026,298,0.0010917
2,27461.8,31888.7,31181.2,27709,35,1098,46932,43440,4549,221386,116,3658,2901,62,10026,298,0.0010917
2,9496.26,14785.8,12417.1,11132,10,804,28625,25324,2508,103723,59,1513,1108,25,3637,76,0.0010917
2,19762.6,14785.8,12417.1,11132,27,804,28625,25324,2508,103723,59,1513,1108,25,3637,76,0.0010917
2,21758.5,37989.4,10884.3,9770,6,1336,62400,57966,6209,284057,44,1280,929,0,2162,212,0.0010917
2,29897.2,37989.4,10884.3,9770,6,1336,62400,57966,6209,284057,44,1280,929,0,2162,212,0.0010917
2,11785.9,38384.2,23224.6,20620,11,1394,62518,56771,6297,253564,95,2823,2204,45,6767,121,0.0010917
2,27552.9,38384.2,23224.6,20620,34,1394,62518,56771,6297,253564,95,2823,2204,45,6767,121,0.0010917
2,15179.1,11416.1,15264.8,13536,9,533,22349,20224,2090,85290,55,1947,1509,25,4884,123,0.0010917
2,23171.4,11416.1,15264.8,13536,21,533,22349,20224,2090,85290,55,1947,1509,25,4884,123,0.0010917
2,20319.1,21296.7,19064.1,17248,24,921,38430,34389,3427,145385,66,2131,1670,37,4665,314,0.0010917
2,22171.5,21296.7,19064.1,17248,7,921,38430,34389,3427,145385,66,2131,1670,37,4665,314,0.0010917
2,20262.5,31808.3,25079.6,22721,18,1332,57061,51462,5439,226168,92,2406,1813,26,5496,227,0.0010917
2,26577.8,31808.3,25079.6,22721,26,1332,57061,51462,5439,226168,92,2406,1813,26,5496,227,0.0010917
2,10833.8,43400,28335,24996,3,1547,68198,62714,6801,291605,110,3260,2567,68,9175,42,0.0010917
2,30430.2,43400,28335,24996,30,1547,68198,62714,6801,291605,110,3260,2567,68,9175,42,0.0010917
2,26304.4,26861.7,25675.1,22857,11,819,40217,36757,3993,167835,107,3074,2373,59,7615,141,0.0010917
2,30536.4,26861.7,25675.1,22857,30,819,40217,36757,3993,167835,107,3074,2373,59,7615,141,0.0010917
2,11418.1,61258,30264,27046,4,1764,85629,79555,8751,395388,118,3073,2379,84,8743,37,0.0010917
2,34173.5,61258,30264,27046,24,1764,85629,79555,8751,395388,118,3073,2379,84,8743,37,0.0010917
2,2405.24,29467.9,22292,19970,5,874,41727,38682,4463,188978,71,2283,1718,27,6518,10,0.0010917
2,38420.4,29467.9,22292,19970,15,874,41727,38682,4463,188978,71,2283,1718,27,6518,10,0.0010917
2,4492.77,14765.8,16206.8,14376,6,645,29026,26280,2774,115591,80,2013,1540,27,5445,19,0.0010917
2,26671.4,14765.8,16206.8,14376,24,645,29026,26280,2774,115591,80,2013,1540,27,5445,19,0.0010917
2,36635.5,45186.9,50917.1,45131,12,1333,66536,62217,7214,311563,195,6119,4900,137,16563,252,0.0010917
2,39724.8,45186.9,50917.1,45131,43,1333,66536,62217,7214,311563,195,6119,4900,137,16563,252,0.0010917
2,8541.48,20484.8,21908,19456,6,818,37539,34764,3838,163974,63,2403,1872,27,6878,33,0.0010917
2,29344.2,20484.8,21908,19456,20,818,37539,34764,3838,163974,63,2403,1872,27,6878,33,0.0010917
2,3015.97,17218.3,9107.28,8231,7,699,30870,27792,2847,119084,35,813,565,4,1916,23,0.0010917
2,20518.2,17218.3,9107.28,8231,12,699,30870,27792,2847,119084,35,813,565,4,1916,23,0.0010917
2,16186.7,13051.8,16293,14482,9,552,24868,22494,2373,95909,62,2015,1562,31,5177,64,0.0010917
2,24737.5,13051.8,16293,14482,18,552,24868,22494,2373,95909,62,2015,1562,31,5177,64,0.0010917
2,15896.7,25483.6,22438.7,20085,5,1016,44415,40090,4043,172229,79,2401,1919,52,5647,93,0.0010917
2,23514,25483.6,22438.7,20085,21,1016,44415,40090,4043,172229,79,2401,1919,52,5647,93,0.0010917
2,10726.3,33947.4,24358.4,21771,16,1053,49260,45931,5103,225505,97,2558,1919,21,6774,99,0.0010917
2,32937.6,33947.4,24358.4,21771,34,1053,49260,45931,5103,225505,97,2558,1919,21,6774,99,0.0010917
2,15836.1,37672.3,27207.6,24179,17,1284,60843,56022,6176,271077,99,3200,2524,75,8565,250,0.0010917
2,34084.5,37672.3,27207.6,24179,23,1284,60843,56022,6176,271077,99,3200,2524,75,8565,250,0.0010917
2,14658,36382.9,14400,13010,10,1094,50564,46277,5265,219902,55,1488,1146,13,3144,208,0.0010917
2,32074.9,36382.9,14400,13010,6,1094,50564,46277,5265,219902,55,1488,1146,13,3144,208,0.0010917
2,30077.8,51785.9,54476.5,48831,23,1692,83145,78089,8985,405004,192,6362,5138,125,17180,508,0.0010917
2,45003.6,51785.9,54476.5,48831,20,1692,83145,78089,8985,405004,192,6362,5138,125,17180,508,0.0010917
2,13512,35961.3,20394.1,18192,13,1259,55013,49607,5281,220406,93,2391,1815,45,5422,106,0.0010917
2,25932.2,35961.3,20394.1,18192,30,1259,55013,49607,5281,220406,93,2391,1815,45,5422,106,0.0010917
2,19445.3,28215.6,26488,23398,5,1133,50346,45753,4857,199516,94,3195,2591,102,8922,63,0.0010917
2,25024.3,28215.6,26488,23398,31,1133,50346,45753,4857,199516,94,3195,2591,102,8922,63,0.0010917
2,15553.1,96376.4,77495.7,68373,22,2449,126451,118772,13427,655827,275,8435,6926,318,28006,167,0.0010917
2,49144.7,96376.4,77495.7,68373,43,2449,126451,118772,13427,655827,275,8435,6926,318,28006,167,0.0010917
2,6891.44,22372,5415.56,4838,12,840,36642,33334,3445,150020,30,623,459,4,1159,81,0.0010917
2,24078.5,22372,5415.56,4838,5,840,36642,33334,3445,150020,30,623,459,4,1159,81,0.0010917
2,4012.96,45032.2,21536.3,18954,7,1568,69659,63784,6874,302389,110,2546,1956,92,6845,15,0.0010917
2,29465.2,45032.2,21536.3,18954,27,1568,69659,63784,6874,302389,110,2546,1956,92,6845,15,0.0010917
2,6774.7,6566.16,3407.79,3054,5,343,13877,12042,1041,48076,22,441,303,3,891,25,0.0010917
2,14342,6566.16,3407.79,3054,13,343,13877,12042,1041,48076,22,441,303,3,891,25,0.0010917
2,18354.4,12594.9,20399.2,18360,23,595,24765,22132,2174,89887,74,2267,1762,46,5433,52,0.0010917
2,18440.3,12594.9,20399.2,18360,14,595,24765,22132,2174,89887,74,2267,1762,46,5433,52,0.0010917
2,17951.9,71521.2,45949.6,40933,29,2132,106900,100294,11486,545283,200,5482,4331,110,15138,255,0.0010917
2,45484,71521.2,45949.6,40933,21,2132,106900,100294,11486,545283,200,5482,4331,110,15138,255,0.0010917
2,34811.4,32912.2,50093,44960,35,1245,54712,50469,5552,264667,183,5362,4279,88,13651,426,0.0010917
2,36234.4,32912.2,50093,44960,21,1245,54712,50469,5552,264667,183,5362,4279,88,13651,426,0.0010917
2,12385.1,50432.8,47686.8,42382,15,1749,81831,75483,8156,388287,185,5249,4174,167,15030,133,0.0010917
2,37204.2,50432.8,47686.8,42382,49,1749,81831,75483,8156,388287,185,5249,4174,167,15030,133,0.0010917
2,15150.5,36562.4,18105.5,16163,21,1257,54618,49217,5162,217076,70,2122,1623,22,4948,192,0.0010917
2,26028.7,36562.4,18105.5,16163,15,1257,54618,49217,5162,217076,70,2122,1623,22,4948,192,0.0010917
2,36523.4,50125.6,116552,102932,25,1612,80179,75282,8580,390522,291,10644,8871,247,31875,707,0.0010917
2,47807.4,50125.6,116552,102932,33,1612,80179,75282,8580,390522,291,10644,8871,247,31875,707,0.0010917
2,40648.1,66362.9,125636,110517,43,1797,96537,90213,9549,511665,413,13784,11410,355,47070,968,0.0010917
2,58921.5,66362.9,125636,110517,42,1797,96537,90213,9549,511665,413,13784,11410,355,47070,968,0.0010917
2,8584.7,6706.95,3532.92,3169,13,386,14069,12289,1103,44121,26,453,324,2,846,35,0.0010917
2,14238.8,6706.95,3532.92,3169,8,386,14069,12289,1103,44121,26,453,324,2,846,35,0.0010917
2,10062.1,49805.5,37134.3,32682,11,1637,73777,67853,7387,339639,151,4503,3514,126,12506,99,0.0010917
2,34178.6,49805.5,37134.3,32682,48,1637,73777,67853,7387,339639,151,4503,3514,126,12506,99,0.0010917
2,18064,18676.9,28437.7,25742,17,868,35883,31982,3378,132443,92,2938,2282,58,6430,260,0.0010917
2,21930.9,18676.9,28437.7,25742,38,868,35883,31982,3378,132443,92,2938,2282,58,6430,260,0.0010917
2,45895.1,53848.8,154986,137640,32,1585,84914,79493,9029,423485,442,16470,13904,443,53969,1095,0.0010917
2,54693.3,53848.8,154986,137640,56,1585,84914,79493,9029,423485,442,16470,13904,443,53969,1095,0.0010917
2,11516.5,33548,27862.3,24637,17,1290,54254,49614,5323,237049,116,3346,2589,84,9144,103,0.0010917
2,28702,33548,27862.3,24637,33,1290,54254,49614,5323,237049,116,3346,2589,84,9144,103,0.0010917
2,20622.7,26475.9,15959.2,14409,25,951,40070,36007,3633,152507,49,1754,1399,31,3718,304,0.0010917
2,22637,26475.9,15959.2,14409,2,951,40070,36007,3633,152507,49,1754,1399,31,3718,304,0.0010917
2,15337.2,11311.3,11887.7,10730,14,490,21662,19682,1923,87553,43,1387,1029,4,2576,210,0.0010917
2,21752.6,11311.3,11887.7,10730,7,490,21662,19682,1923,87553,43,1387,1029,4,2576,210,0.0010917
2,14978,36227.9,14706.1,13054,19,1389,62635,56579,5777,257914,64,1728,1288,14,3959,151,0.0010917
2,27776.5,36227.9,14706.1,13054,13,1389,62635,56579,5777,257914,64,1728,1288,14,3959,151,0.0010917
2,14252.9,15835.7,16627.5,14806,16,741,27007,23788,2498,95828,64,1784,1328,32,4024,154,0.0010917
2,19267.1,15835.7,16627.5,14806,25,741,27007,23788,2498,95828,64,1784,1328,32,4024,154,0.0010917
2,19763.2,35054.5,30870.1,27692,25,1158,53099,48722,5433,219365,105,3420,2704,86,8272,273,0.0010917
2,28249.2,35054.5,30870.1,27692,33,1158,53099,48722,5433,219365,105,3420,2704,86,8272,273,0.0010917
2,5813.95,39275,23423.6,20844,10,1371,60328,54935,5907,254211,111,2613,2008,102,7031,34,0.0010917
2,27499.1,39275,23423.6,20844,28,1371,60328,54935,5907,254211,111,2613,2008,102,7031,34,0.0010917
2,17389.7,33079.7,15580.6,14001,9,1192,56978,52184,6099,255672,54,1751,1334,10,3976,218,0.0010917
2,35387.3,33079.7,15580.6,14001,10,1192,56978,52184,6099,255672,54,1751,1334,10,3976,218,0.0010917
2,19484.5,43886.2,52548.8,46516,19,1413,65269,60137,6942,277515,195,6142,4857,188,15928,243,0.0010917
2,30650.9,43886.2,52548.8,46516,39,1413,65269,60137,6942,277515,195,6142,4857,188,15928,243,0.0010917
2,21803.4,49122.1,17005.2,15449,26,1427,70178,64776,7319,319390,66,1872,1448,13,3421,331,0.0010917
2,37218.5,49122.1,17005.2,15449,3,1427,70178,64776,7319,319390,66,1872,1448,13,3421,331,0.0010917
2,11078.7,67948.9,45663.8,40170,8,1974,95424,89195,9733,485255,198,5519,4395,183,15989,72,0.0010917
2,41064.7,67948.9,45663.8,40170,62,1974,95424,89195,9733,485255,198,5519,4395,183,15989,72,0.0010917
2,1842.74,10818.5,4023.97,3585,4,583,22543,19873,1909,79068,18,518,367,9,1265,7,0.0010917
2,17492.5,10818.5,4023.97,3585,15,583,22543,19873,1909,79068,18,518,367,9,1265,7,0.0010917
2,35387,65253.4,105420,94327,47,1755,91230,85556,9897,464038,268,10120,8311,258,29153,883,0.0010917
2,51665.4,65253.4,105420,94327,26,1755,91230,85556,9897,464038,268,10120,8311,258,29153,883,0.0010917
2,24819.6,32928.2,22640.9,20501,5,1057,48137,44024,4735,198444,84,2277,1689,46,5759,24,0.0010917
2,24876.3,32928.2,22640.9,20501,32,1057,48137,44024,4735,198444,84,2277,1689,46,5759,24,0.0010917
2,15039,41717.6,18385.8,16490,11,1489,65629,59424,6279,265917,90,2100,1596,34,4945,152,0.0010917
2,27792.2,41717.6,18385.8,16490,17,1489,65629,59424,6279,265917,90,2100,1596,34,4945,152,0.0010917
2,40786.3,43352.4,69612.7,62024,11,1234,64136,59837,6729,298962,179,7019,5733,186,21213,200,0.0010917
2,42407.1,43352.4,69612.7,62024,53,1234,64136,59837,6729,298962,179,7019,5733,186,21213,200,0.0010917
2,14424,14061.7,13886.4,12443,21,686,24549,21616,2094,86316,60,1634,1214,19,3462,192,0.0010917
2,18465.6,14061.7,13886.4,12443,20,686,24549,21616,2094,86316,60,1634,1214,19,3462,192,0.0010917
2,8258.69,24314.9,7756.52,6938,12,998,44310,39775,3957,177058,33,746,526,4,1588,81,0.0010917
2,23658.6,24314.9,7756.52,6938,11,998,44310,39775,3957,177058,33,746,526,4,1588,81,0.0010917
2,28326.4,70477.6,41997.1,38235,42,1911,98715,92584,10746,506500,115,3891,3037,73,8291,565,0.0010917
2,50050.1,70477.6,41997.1,38235,7,1911,98715,92584,10746,506500,115,3891,3037,73,8291,565,0.0010917
2,6604.54,21098.5,6798.29,6095,6,869,39022,35548,3765,160455,31,807,597,2,1765,54,0.0010917
2,24930.3,21098.5,6798.29,6095,10,869,39022,35548,3765,160455,31,807,597,2,1765,54,0.0010917
2,10702.7,49711.7,11839.9,10457,7,1595,75484,68562,7309,316898,70,1502,1141,16,3856,65,0.0010917
2,29646.2,49711.7,11839.9,10457,12,1595,75484,68562,7309,316898,70,1502,1141,16,3856,65,0.0010917
2,13748.4,28849.1,25463.5,22488,19,1241,51145,46745,5051,220591,107,3172,2421,64,7970,169,0.0010917
2,28101.5,28849.1,25463.5,22488,32,1241,51145,46745,5051,220591,107,3172,2421,64,7970,169,0.0010917
2,16065.2,50888.2,14304.5,12696,3,1575,75251,70057,7790,346007,77,1795,1291,6,4238,56,0.0010917
2,32374.9,50888.2,14304.5,12696,11,1575,75251,70057,7790,346007,77,1795,1291,6,4238,56,0.0010917
2,23416.2,29806.8,37367.7,33095,19,1257,52934,48507,5326,228356,157,4553,3626,110,12249,246,0.0010917
2,29326.7,29806.8,37367.7,33095,44,1257,52934,48507,5326,228356,157,4553,3626,110,12249,246,0.0010917
2,30134.1,36357,45674.3,41027,38,1288,61540,57340,6362,282706,134,4907,3908,92,11593,592,0.0010917
2,33859,36357,45674.3,41027,18,1288,61540,57340,6362,282706,134,4907,3908,92,11593,592,0.0010917
2,41177.9,53662.4,135625,120241,27,1595,83131,78016,8920,409329,396,14539,12195,395,45892,941,0.0010917
2,51673.4,53662.4,135625,120241,38,1595,83131,78016,8920,409329,396,14539,12195,395,45892,941,0.0010917
2,10238.6,62092.8,40473.1,35505,4,1916,91139,85045,9199,457306,178,4966,3917,146,14377,49,0.0010917
2,39662,62092.8,40473.1,35505,57,1916,91139,85045,9199,457306,178,4966,3917,146,14377,49,0.0010917
2,7429.27,6740.03,3499.45,3156,14,396,14589,13041,1238,50099,22,430,313,2,786,45,0.0010917
2,16686.5,6740.03,3499.45,3156,8,396,14589,13041,1238,50099,22,430,313,2,786,45,0.0010917
2,9416.86,4830.16,7569.1,6815,15,339,11766,10196,868,36177,35,895,694,9,2034,60,0.0010917
2,13333.9,4830.16,7569.1,6815,15,339,11766,10196,868,36177,35,895,694,9,2034,60,0.0010917
2,23667.9,61338.8,48406.4,42919,21,1764,87473,82002,9379,447443,187,5332,4200,59,15114,339,0.0010917
2,44952.4,61338.8,48406.4,42919,19,1764,87473,82002,9379,447443,187,5332,4200,59,15114,339,0.0010917
2,26793.2,50782.6,35598.1,31769,11,1475,71317,66885,7620,335561,133,4124,3291,59,10966,262,0.0010917
2,36863.7,50782.6,35598.1,31769,19,1475,71317,66885,7620,335561,133,4124,3291,59,10966,262,0.0010917
2,11739.2,89597.7,54272.3,47979,8,2371,118059,110265,12353,582091,187,5860,4678,178,17933,55,0.0010917
2,44958.2,89597.7,54272.3,47979,48,2371,118059,110265,12353,582091,187,5860,4678,178,17933,55,0.0010917
2,7266.09,43884.9,15855.3,14051,2,1584,70581,64357,7035,301739,86,1847,1356,42,4710,19,0.0010917
2,29184.2,43884.9,15855.3,14051,21,1584,70581,64357,7035,301739,86,1847,1356,42,4710,19,0.0010917
2,29067.5,43096.8,56287.9,49829,30,1495,67158,62115,6748,322231,216,6842,5534,128,19574,307,0.0010917
2,38627.3,43096.8,56287.9,49829,35,1495,67158,62115,6748,322231,216,6842,5534,128,19574,307,0.0010917
2,44620.9,60532.6,161287,142976,32,1610,85498,80151,8951,427617,442,16918,14306,442,54200,1122,0.0010917
2,54920.1,60532.6,161287,142976,51,1610,85498,80151,8951,427617,442,16918,14306,442,54200,1122,0.0010917
2,26007,56734.2,55197,48691,26,1725,84242,78944,9062,427775,211,6268,5003,107,18288,336,0.0010917
2,45081.3,56734.2,55197,48691,25,1725,84242,78944,9062,427775,211,6268,5003,107,18288,336,0.0010917
2,24287.3,29616.1,47541.7,42517,37,1218,51982,46850,4993,204955,164,5320,4285,130,14195,483,0.0010917
2,25317.8,29616.1,47541.7,42517,26,1218,51982,46850,4993,204955,164,5320,4285,130,14195,483,0.0010917
2,16882.9,39261.7,28422,25135,13,1354,63050,58100,6325,272804,105,3406,2668,79,9651,138,0.0010917
2,30694.2,39261.7,28422,25135,41,1354,63050,58100,6325,272804,105,3406,2668,79,9651,138,0.0010917
2,30418.1,38216.2,81484.6,72465,41,1254,60538,56389,6570,297981,252,9009,7464,289,26986,879,0.0010917
2,41194.2,38216.2,81484.6,72465,49,1254,60538,56389,6570,297981,252,9009,7464,289,26986,879,0.0010917
2,19294.1,18721.3,10849.9,9673,16,854,35840,31985,3251,134528,51,1303,938,7,2435,118,0.0010917
2,21581.5,18721.3,10849.9,9673,13,854,35840,31985,3251,134528,51,1303,938,7,2435,118,0.0010917
2,27343.5,31053.2,38972.9,34743,15,1103,49109,45334,4959,234734,146,4108,3259,115,10699,265,0.0010917
2,29327.8,31053.2,38972.9,34743,24,1103,49109,45334,4959,234734,146,4108,3259,115,10699,265,0.0010917
2,27236.6,37700.6,47387.7,42091,14,1441,63866,58606,6624,297635,179,5040,3984,174,14851,229,0.0010917
2,33409.8,37700.6,47387.7,42091,33,1441,63866,58606,6624,297635,179,5040,3984,174,14851,229,0.0010917
2,4976.22,6869.89,3080.01,2765,3,373,14479,12615,1093,48109,16,404,285,5,976,13,0.0010917
2,14330.4,6869.89,3080.01,2765,14,373,14479,12615,1093,48109,16,404,285,5,976,13,0.0010917
2,24066.3,32691.9,49279.2,43957,28,1146,52531,48786,5202,252048,168,5683,4649,161,16021,474,0.0010917
2,33355.4,32691.9,49279.2,43957,38,1146,52531,48786,5202,252048,168,5683,4649,161,16021,474,0.0010917
2,24136.1,34134.9,45625.8,40577,19,1126,51591,47871,5234,248892,159,5087,4093,116,14552,448,0.0010917
2,31832.6,34134.9,45625.8,40577,48,1126,51591,47871,5234,248892,159,5087,4093,116,14552,448,0.0010917
2,39241.6,66264.3,137268,121304,48,1734,89938,84300,9676,457408,360,13998,11768,340,44444,1000,0.0010917
2,53815.8,66264.3,137268,121304,35,1734,89938,84300,9676,457408,360,13998,11768,340,44444,1000,0.0010917
2,11531.1,21647.8,9981.57,8815,4,942,39219,34970,3685,152006,56,1282,939,18,2755,41,0.0010917
2,22601.7,21647.8,9981.57,8815,28,942,39219,34970,3685,152006,56,1282,939,18,2755,41,0.0010917
2,14925.5,35383.4,26025.9,23077,10,1262,58896,53958,6057,242677,108,3109,2406,58,7767,167,0.0010917
2,28414.3,35383.4,26025.9,23077,35,1262,58896,53958,6057,242677,108,3109,2406,58,7767,167,0.0010917
2,29858.9,36182.7,54071.1,48620,33,1297,60314,56188,6330,275524,171,5670,4560,86,13995,572,0.0010917
2,31759.1,36182.7,54071.1,48620,16,1297,60314,56188,6330,275524,171,5670,4560,86,13995,572,0.0010917
2,8575.99,19075.5,12043.7,10874,8,779,33155,29805,2984,126206,46,1178,876,13,2779,68,0.0010917
2,20840.8,19075.5,12043.7,10874,22,779,33155,29805,2984,126206,46,1178,876,13,2779,68,0.0010917
2,18882.2,34025.9,27964.5,24996,28,1146,50563,46895,4935,238689,107,3245,2588,70,7787,355,0.0010917
2,31515.8,34025.9,27964.5,24996,34,1146,50563,46895,4935,238689,107,3245,2588,70,7787,355,0.0010917
2,20616.4,19046.7,26488,23865,21,957,35934,32493,3431,142756,103,2820,2164,68,6664,256,0.0010917
2,23276.5,19046.7,26488,23865,22,957,35934,32493,3431,142756,103,2820,2164,68,6664,256,0.0010917
2,19496,32838.3,39195.3,34915,20,1246,51284,46863,5179,223279,157,4663,3679,133,12111,355,0.0010917
2,29516.2,32838.3,39195.3,34915,34,1246,51284,46863,5179,223279,157,4663,3679,133,12111,355,0.0010917
2,6413.94,6286.82,4696.54,4201,9,380,14007,12176,1018,46834,21,609,431,3,1463,21,0.0010917
2,14200.4,6286.82,4696.54,4201,19,380,14007,12176,1018,46834,21,609,431,3,1463,21,0.0010917
2,5235.33,7517.4,2638.69,2369,13,436,16553,14448,1269,57493,13,325,229,0,626,42,0.0010917
2,15528.5,7517.4,2638.69,2369,7,436,16553,14448,1269,57493,13,325,229,0,626,42,0.0010917
2,14601.8,41184.9,23912.7,21079,6,1484,66609,60417,6355,271055,89,2877,2260,60,8228,56,0.0010917
2,27959.4,41184.9,23912.7,21079,33,1484,66609,60417,6355,271055,89,2877,2260,60,8228,56,0.0010917
2,6277,70257.4,71067.2,62361,13,1994,94154,87629,9599,452688,268,7816,6262,224,23465,61,0.0010917
2,34930.7,70257.4,71067.2,62361,28,1994,94154,87629,9599,452688,268,7816,6262,224,23465,61,0.0010917
2,17170.3,90380.6,52210.8,46254,22,2238,114374,107382,12207,586860,223,6189,4951,178,17864,168,0.0010917
2,47398.6,90380.6,52210.8,46254,28,2238,114374,107382,12207,586860,223,6189,4951,178,17864,168,0.0010917
2,24564.3,41861.2,47176.1,42190,31,1206,59869,55437,6345,292089,150,5092,4106,114,13580,585,0.0010917
2,38908,41861.2,47176.1,42190,37,1206,59869,55437,6345,292089,150,5092,4106,114,13580,585,0.0010917
2,20273.7,36720.6,23889.4,21427,22,1214,53130,47885,5028,213045,82,2660,2035,24,5674,355,0.0010917
2,25583.5,36720.6,23889.4,21427,24,1214,53130,47885,5028,213045,82,2660,2035,24,5674,355,0.0010917
2,23415.1,24952,31980.8,28704,31,946,41793,38057,4042,167055,121,3524,2806,75,8834,207,0.0010917
2,23741.2,24952,31980.8,28704,23,946,41793,38057,4042,167055,121,3524,2806,75,8834,207,0.0010917
2,3656,22852.1,21368.4,18868,5,877,41107,38140,4396,182885,76,2572,2013,43,7655,19,0.0010917
2,34011.3,22852.1,21368.4,18868,29,877,41107,38140,4396,182885,76,2572,2013,43,7655,19,0.0010917
2,10984.7,51530.7,28333.8,24783,12,1577,70338,63901,6957,301125,111,3520,2800,72,9923,84,0.0010917
2,28987.7,51530.7,28333.8,24783,24,1577,70338,63901,6957,301125,111,3520,2800,72,9923,84,0.0010917
2,8579.09,35344.1,28411.7,25208,5,1161,58172,54213,5984,274175,123,3514,2721,51,9881,39,0.0010917
2,39887.6,35344.1,28411.7,25208,36,1161,58172,54213,5984,274175,123,3514,2721,51,9881,39,0.0010917
2,2122.78,14646.7,14375.7,12779,4,560,24293,22010,2242,93314,63,1729,1345,21,4963,10,0.0010917
2,24079,14646.7,14375.7,12779,25,560,24293,22010,2242,93314,63,1729,1345,21,4963,10,0.0010917
2,19338.3,26031.2,16810.9,15114,24,1059,46468,41786,4285,183071,76,1999,1515,14,3985,247,0.0010917
2,24089.4,26031.2,16810.9,15114,23,1059,46468,41786,4285,183071,76,1999,1515,14,3985,247,0.0010917
2,12171.4,7777.28,9725.9,8731,11,439,16661,14841,1417,56813,44,1217,921,23,2426,104,0.0010917
2,15939.9,7777.28,9725.9,8731,34,439,16661,14841,1417,56813,44,1217,921,23,2426,104,0.0010917
2,12421.6,6020.13,10007.4,9169,12,308,12659,11042,856,44156,36,953,691,3,1800,106,0.0010917
2,13431.1,6020.13,10007.4,9169,18,308,12659,11042,856,44156,36,953,691,3,1800,106,0.0010917
2,12782.3,14787.3,10690.5,9531,12,665,29177,26580,2778,114160,43,1294,974,5,2859,95,0.0010917
2,23867.5,14787.3,10690.5,9531,13,665,29177,26580,2778,114160,43,1294,974,5,2859,95,0.0010917
2,23845.9,31524,53494.3,47394,37,1284,55221,49887,5340,220168,169,5831,4719,154,15408,575,0.0010917
2,25988.4,31524,53494.3,47394,30,1284,55221,49887,5340,220168,169,5831,4719,154,15408,575,0.0010917
2,13189.6,12545.5,10920.1,9699,13,589,23548,20874,1979,82593,56,1357,1044,20,2784,97,0.0010917
2,18022.7,12545.5,10920.1,9699,14,589,23548,20874,1979,82593,56,1357,1044,20,2784,97,0.0010917
2,28871.3,27336,35106,31467,11,1077,46086,41867,4701,199627,137,3922,2991,88,10428,173,0.0010917
2,29337,27336,35106,31467,31,1077,46086,41867,4701,199627,137,3922,2991,88,10428,173,0.0010917
2,25898.3,65991.6,62272.5,55273,31,1899,96672,90573,10133,501434,219,6865,5475,140,19406,600,0.0010917
2,49550.9,65991.6,62272.5,55273,16,1899,96672,90573,10133,501434,219,6865,5475,140,19406,600,0.0010917
2,31332.9,42082.9,41344.4,36908,12,1324,59574,55260,6127,292603,169,4597,3615,72,11612,402,0.0010917
2,36682.3,42082.9,41344.4,36908,29,1324,59574,55260,6127,292603,169,4597,3615,72,11612,402,0.0010917
2,8833.1,28211.8,20329,18066,10,1290,50971,45631,4742,202576,103,2483,1833,44,6078,79,0.0010917
2,25302.5,28211.8,20329,18066,21,1290,50971,45631,4742,202576,103,2483,1833,44,6078,79,0.0010917
2,4084.91,11433,10466.9,9344,6,574,22166,20077,1971,82923,53,1274,946,20,3114,29,0.0010917
2,20221.5,11433,10466.9,9344,23,574,22166,20077,1971,82923,53,1274,946,20,3114,29,0.0010917
2,20579.5,46010.2,10993.6,9947,11,1543,74277,69591,7715,352040,46,1266,935,14,2208,203,0.0010917
2,35001,46010.2,10993.6,9947,5,1543,74277,69591,7715,352040,46,1266,935,14,2208,203,0.0010917
2,26893.2,31743.3,61278.6,54716,32,1168,54356,50622,5578,261889,195,6453,5306,199,18063,568,0.0010917
2,35831.5,31743.3,61278.6,54716,41,1168,54356,50622,5578,261889,195,6453,5306,199,18063,568,0.0010917
2,7081.8,35020.4,29968.3,26506,6,1107,55030,51239,5650,258225,114,3459,2665,47,10116,45,0.0010917
2,39925,35020.4,29968.3,26506,32,1107,55030,51239,5650,258225,114,3459,2665,47,10116,45,0.0010917
2,6589.39,20485.5,3911.05,3487,12,764,31876,28729,2936,127034,28,472,335,0,857,66,0.0010917
2,21584.4,20485.5,3911.05,3487,7,764,31876,28729,2936,127034,28,472,335,0,857,66,0.0010917
2,22937.5,28391.3,28172.8,25279,18,1046,44099,39596,3970,171103,107,3137,2439,46,8196,208,0.0010917
2,23474.6,28391.3,28172.8,25279,36,1046,44099,39596,3970,171103,107,3137,2439,46,8196,208,0.0010917
2,15904.4,28524.8,15339.8,13826,8,1116,46932,42028,4418,183564,81,1579,1155,13,3359,145,0.0010917
2,24404.1,28524.8,15339.8,13826,25,1116,46932,42028,4418,183564,81,1579,1155,13,3359,145,0.0010917
2,33006.7,36311.4,49809.6,44723,23,1204,56984,52511,6086,273693,178,5350,4307,104,13462,547,0.0010917
2,34323.5,36311.4,49809.6,44723,29,1204,56984,52511,6086,273693,178,5350,4307,104,13462,547,0.0010917
2,13341.8,48160.5,19438.9,17402,15,1591,71495,64623,6996,296723,69,2042,1513,27,4474,185,0.0010917
2,29346.5,48160.5,19438.9,17402,11,1591,71495,64623,6996,296723,69,2042,1513,27,4474,185,0.0010917
2,19277.4,19279.2,23240.3,20888,16,782,31973,28422,2849,116579,83,2409,1893,29,5735,289,0.0010917
2,20826.9,19279.2,23240.3,20888,20,782,31973,28422,2849,116579,83,2409,1893,29,5735,289,0.0010917
2,24640.2,45973.8,41126,36633,11,1506,71045,65427,7052,306995,143,4375,3443,89,11547,286,0.0010917
2,29889.1,45973.8,41126,36633,26,1506,71045,65427,7052,306995,143,4375,3443,89,11547,286,0.0010917
2,37939.2,68104.9,118381,105229,37,1779,93874,87837,9557,490682,382,12706,10464,267,40085,885,0.0010917
2,56501.1,68104.9,118381,105229,46,1779,93874,87837,9557,490682,382,12706,10464,267,40085,885,0.0010917
2,17955.6,30786.6,10395.5,9264,4,1131,47502,42656,4503,185174,61,1249,898,16,2832,53,0.0010917
2,24595.6,30786.6,10395.5,9264,23,1131,47502,42656,4503,185174,61,1249,898,16,2832,53,0.0010917
2,4884.14,13243.6,9572.61,8511,12,616,25060,22776,2212,95855,60,1193,867,16,2625,40,0.0010917
2,22768.5,13243.6,9572.61,8511,25,616,25060,22776,2212,95855,60,1193,867,16,2625,40,0.0010917
2,8089.11,40567,27641.1,24379,11,1439,66751,60991,6706,276283,109,3426,2735,86,9638,65,0.0010917
2,28409.3,40567,27641.1,24379,37,1439,66751,60991,6706,276283,109,3426,2735,86,9638,65,0.0010917
2,22932.6,38959,20640.7,18670,36,1361,61811,57629,6271,281411,86,2360,1843,24,4574,383,0.0010917
2,29902.2,38959,20640.7,18670,8,1361,61811,57629,6271,281411,86,2360,1843,24,4574,383,0.0010917
2,6315.47,22403.1,8626.85,7664,10,872,39481,36108,3836,161448,47,1066,759,6,2533,69,0.0010917
2,24563.9,22403.1,8626.85,7664,16,872,39481,36108,3836,161448,47,1066,759,6,2533,69,0.0010917
2,16534.6,44491.3,12224.1,10977,15,1509,68510,63812,6838,331027,59,1463,1090,2,2910,195,0.0010917
2,31645.8,44491.3,12224.1,10977,5,1509,68510,63812,6838,331027,59,1463,1090,2,2910,195,0.0010917
2,17465.7,13004.5,16620,15028,22,583,25417,23013,2384,96192,60,1951,1509,28,4069,232,0.0010917
2,20597.7,13004.5,16620,15028,21,583,25417,23013,2384,96192,60,1951,1509,28,4069,232,0.0010917
2,26865.2,34497.8,32451.7,29107,15,1277,58519,54374,6076,264453,122,3821,2975,43,8770,398,0.0010917
2,29693.4,34497.8,32451.7,29107,16,1277,58519,54374,6076,264453,122,3821,2975,43,8770,398,0.0010917
2,13759,32751.2,23968.6,21208,13,1247,57145,52556,5628,244382,96,2932,2281,48,7950,103,0.0010917
2,29645.5,32751.2,23968.6,21208,32,1247,57145,52556,5628,244382,96,2932,2281,48,7950,103,0.0010917
2,17393,41529.9,9974.34,8915,21,1509,70227,63709,6655,292517,54,1199,863,4,2178,162,0.0010917
2,28809.9,41529.9,9974.34,8915,11,1509,70227,63709,6655,292517,54,1199,863,4,2178,162,0.0010917
2,31059.6,33636.2,37237.6,32767,8,1348,58299,53329,5972,268211,168,4558,3543,142,12893,150,0.0010917
2,34180.5,33636.2,37237.6,32767,37,1348,58299,53329,5972,268211,168,4558,3543,142,12893,150,0.0010917
2,736.615,14973.7,3697.45,3299,2,759,29090,25778,2599,107839,20,486,329,0,1062,4,0.0010917
2,19709.9,14973.7,3697.45,3299,13,759,29090,25778,2599,107839,20,486,329,0,1062,4,0.0010917
2,15317.7,46135.9,21619.3,19439,24,1654,76884,69663,7488,324333,78,2525,1884,40,5422,278,0.0010917
2,30050,46135.9,21619.3,19439,2,1654,76884,69663,7488,324333,78,2525,1884,40,5422,278,0.0010917
2,8380.35,13517.4,5978.37,5349,5,680,26895,23812,2438,95116,42,766,541,3,1487,34,0.0010917
2,19071.7,13517.4,5978.37,5349,7,680,26895,23812,2438,95116,42,766,541,3,1487,34,0.0010917
2,20947.7,78161.2,30528.1,27053,21,2076,105004,98490,11026,547644,128,3588,2723,57,8843,353,0.0010917
2,49193.5,78161.2,30528.1,27053,7,2076,105004,98490,11026,547644,128,3588,2723,57,8843,353,0.0010917
2,11202.3,35646.8,10837.8,9858,16,1193,53941,48602,5013,219243,42,1006,756,6,2136,134,0.0010917
2,25813.6,35646.8,10837.8,9858,13,1193,53941,48602,5013,219243,42,1006,756,6,2136,134,0.0010917
2,24267.8,39603.7,32281.8,28921,19,1336,57635,53471,5924,275185,115,3596,2834,43,8166,375,0.0010917
2,31176.4,39603.7,32281.8,28921,25,1336,57635,53471,5924,275185,115,3596,2834,43,8166,375,0.0010917
2,33593.3,41077.3,52937.6,47090,14,1269,57662,53348,5977,279588,195,5800,4569,98,15153,451,0.0010917
2,36782.6,41077.3,52937.6,47090,35,1269,57662,53348,5977,279588,195,5800,4569,98,15153,451,0.0010917
2,8098.59,24548.9,12870.5,11371,11,959,44178,40502,4254,183109,61,1586,1201,16,4070,64,0.0010917
2,26342.1,24548.9,12870.5,11371,17,959,44178,40502,4254,183109,61,1586,1201,16,4070,64,0.0010917
2,27453.5,38124.7,66787.8,59765,43,1236,58540,54428,6091,284810,224,7240,5965,224,20540,750,0.0010917
2,38953.9,38124.7,66787.8,59765,46,1236,58540,54428,6091,284810,224,7240,5965,224,20540,750,0.0010917
2,3798.09,10764.6,10432,9213,6,498,19298,17436,1591,71334,55,1222,923,14,3321,21,0.0010917
2,19060.5,10764.6,10432,9213,23,498,19298,17436,1591,71334,55,1222,923,14,3321,21,0.0010917
2,4233.12,92763,85770.8,75676,4,2472,120970,112773,12606,587794,346,9791,7884,315,30101,16,0.0010917
2,41952.6,92763,85770.8,75676,48,2472,120970,112773,12606,587794,346,9791,7884,315,30101,16,0.0010917
2,14470.7,77852.2,58818.1,51609,17,2158,106966,99305,11255,509488,214,7197,5797,234,21915,104,0.0010917
2,43703.4,77852.2,58818.1,51609,47,2158,106966,99305,11255,509488,214,7197,5797,234,21915,104,0.0010917
2,10277.2,46832.3,21871.4,19322,11,1538,70938,64305,6823,291410,90,2474,1922,40,5959,69,0.0010917
2,28971.3,46832.3,21871.4,19322,29,1538,70938,64305,6823,291410,90,2474,1922,40,5959,69,0.0010917
2,20261.5,31748.2,37429.8,33470,16,1098,47452,43925,4567,224343,127,3988,3183,86,10850,352,0.0010917
2,28090,31748.2,37429.8,33470,34,1098,47452,43925,4567,224343,127,3988,3183,86,10850,352,0.0010917
2,31324.4,37369.5,75951.1,67555,22,1178,56846,52882,6086,279008,247,8480,6970,216,24930,727,0.0010917
2,38213.4,37369.5,75951.1,67555,46,1178,56846,52882,6086,279008,247,8480,6970,216,24930,727,0.0010917
2,20761.9,30300.1,38112.4,34222,29,1145,51399,47753,5057,243159,136,4338,3481,119,10870,460,0.0010917
2,32114.3,30300.1,38112.4,34222,33,1145,51399,47753,5057,243159,136,4338,3481,119,10870,460,0.0010917
2,27524.4,31295.8,33568.5,30101,13,1099,47333,43418,4830,200523,117,3424,2656,48,7862,340,0.0010917
2,28629.6,31295.8,33568.5,30101,27,1099,47333,43418,4830,200523,117,3424,2656,48,7862,340,0.0010917
2,20704.6,19239.9,13337.8,12029,17,867,34400,30655,3113,127359,71,1518,1081,12,3121,151,0.0010917
2,21248.6,19239.9,13337.8,12029,12,867,34400,30655,3113,127359,71,1518,1081,12,3121,151,0.0010917
2,1806.05,12138.1,11421.3,10140,4,520,21900,19816,1922,82115,53,1378,1054,14,3744,8,0.0010917
2,22521.7,12138.1,11421.3,10140,23,520,21900,19816,1922,82115,53,1378,1054,14,3744,8,0.0010917
2,26337.9,65381.6,58896.6,52291,27,1743,86349,80903,9261,442129,218,6517,5216,108,19344,352,0.0010917
2,46156.7,65381.6,58896.6,52291,26,1743,86349,80903,9261,442129,218,6517,5216,108,19344,352,0.0010917
2,4212.9,83753.6,39188.8,34336,8,2337,115006,106889,11973,549394,169,4870,3897,142,15141,19,0.0010917
2,40736.9,83753.6,39188.8,34336,48,2337,115006,106889,11973,549394,169,4870,3897,142,15141,19,0.0010917
2,13045.5,31709.5,19504.7,17533,15,1106,49054,44144,4696,193085,85,2055,1591,19,4669,123,0.0010917
2,24607.2,31709.5,19504.7,17533,11,1106,49054,44144,4696,193085,85,2055,1591,19,4669,123,0.0010917
2,25721.7,46517.4,27387.3,24119,7,1443,66196,61637,6954,328759,127,3401,2629,42,9015,117,0.0010917
2,36932.9,46517.4,27387.3,24119,28,1443,66196,61637,6954,328759,127,3401,2629,42,9015,117,0.0010917
2,17752.3,41909.4,19917,17845,15,1346,61921,56915,6345,258709,98,2307,1677,37,4749,184,0.0010917
2,29437.4,41909.4,19917,17845,30,1346,61921,56915,6345,258709,98,2307,1677,37,4749,184,0.0010917
2,25175.6,43130.5,28163.5,25315,8,1324,61587,57425,6425,284456,96,2808,2168,25,6508,242,0.0010917
2,30870.7,43130.5,28163.5,25315,15,1324,61587,57425,6425,284456,96,2808,2168,25,6508,242,0.0010917
2,8623.35,62275.3,37051,33057,8,1836,88680,82026,8935,400950,138,3839,3013,104,10581,40,0.0010917
2,33968.2,62275.3,37051,33057,34,1836,88680,82026,8935,400950,138,3839,3013,104,10581,40,0.0010917
2,20300.3,35063.5,37245.1,33254,31,1181,53504,49639,5332,254473,134,4044,3231,97,9961,436,0.0010917
2,33184.9,35063.5,37245.1,33254,36,1181,53504,49639,5332,254473,134,4044,3231,97,9961,436,0.0010917
2,18068.6,34402.2,8107.06,7256,16,1193,53584,48290,4922,214942,40,956,690,5,1539,182,0.0010917
2,25454.4,34402.2,8107.06,7256,3,1193,53584,48290,4922,214942,40,956,690,5,1539,182,0.0010917
2,27300,33158.3,43697.2,39427,32,1184,50070,45590,5067,219183,158,4930,3876,89,11818,620,0.0010917
2,31106.5,33158.3,43697.2,39427,19,1184,50070,45590,5067,219183,158,4930,3876,89,11818,620,0.0010917
2,5736.24,17081,3646.5,3266,7,736,30976,27568,2617,119103,22,478,323,1,884,37,0.0010917
2,20013.8,17081,3646.5,3266,9,736,30976,27568,2617,119103,22,478,323,1,884,37,0.0010917
2,22716.7,24303.9,24328.9,21806,18,1013,42254,37864,3767,163031,95,2741,2092,31,7154,134,0.0010917
2,23003.9,24303.9,24328.9,21806,35,1013,42254,37864,3767,163031,95,2741,2092,31,7154,134,0.0010917
2,13602.7,57744.8,24890.1,22109,9,1760,85722,80068,8848,404499,109,3006,2312,58,8338,101,0.0010917
2,35236.8,57744.8,24890.1,22109,24,1760,85722,80068,8848,404499,109,3006,2312,58,8338,101,0.0010917
2,16678.4,48127.8,14020.5,12514,7,1518,71806,66563,7404,325190,66,1658,1203,6,3604,117,0.0010917
2,30989.8,48127.8,14020.5,12514,11,1518,71806,66563,7404,325190,66,1658,1203,6,3604,117,0.0010917
2,16908,36091.4,26545.7,23870,19,1284,61428,56481,6299,276071,97,3019,2384,51,8143,282,0.0010917
2,35156.4,36091.4,26545.7,23870,25,1284,61428,56481,6299,276071,97,3019,2384,51,8143,282,0.0010917
2,6627.4,66499,53198.8,46526,7,2002,97449,91251,10025,496925,227,6397,5172,261,20416,42,0.0010917
2,39162.3,66499,53198.8,46526,42,2002,97449,91251,10025,496925,227,6397,5172,261,20416,42,0.0010917
2,13241.9,10732.6,11013,9915,15,514,21322,19186,1792,79293,47,1325,1006,15,2424,161,0.0010917
2,17498,10732.6,11013,9915,24,514,21322,19186,1792,79293,47,1325,1006,15,2424,161,0.0010917
2,25574.5,32641,21694.4,19583,31,1186,55211,50640,5705,243456,106,2528,1919,29,4786,372,0.0010917
2,34429.5,32641,21694.4,19583,9,1186,55211,50640,5705,243456,106,2528,1919,29,4786,372,0.0010917
2,17549.1,50738.4,51794.3,45732,17,1687,81735,75283,8132,390171,205,5992,4758,151,17011,219,0.0010917
2,39407.9,50738.4,51794.3,45732,51,1687,81735,75283,8132,390171,205,5992,4758,151,17011,219,0.0010917
2,14847.6,18271.8,14142.6,12744,22,722,27812,24571,2593,100826,63,1692,1271,32,3551,209,0.0010917
2,19565.4,18271.8,14142.6,12744,15,722,27812,24571,2593,100826,63,1692,1271,32,3551,209,0.0010917
2,17849.3,37320.3,18553.2,16624,15,1343,61807,56833,6357,258106,95,2264,1639,36,4644,184,0.0010917
2,29534.4,37320.3,18553.2,16624,30,1343,61807,56833,6357,258106,95,2264,1639,36,4644,184,0.0010917
2,23839.3,55931,73510.1,65082,34,1847,87050,80572,8762,418598,276,8701,7141,259,26000,297,0.0010917
2,42305.1,55931,73510.1,65082,63,1847,87050,80572,8762,418598,276,8701,7141,259,26000,297,0.0010917
2,5077.3,15432.9,8029.5,7255,8,583,24934,22061,2196,91320,31,792,577,12,1705,24,0.0010917
2,18403.7,15432.9,8029.5,7255,15,583,24934,22061,2196,91320,31,792,577,12,1705,24,0.0010917
2,25387,27424.8,27868.8,24595,10,1165,47105,42930,4694,203194,132,3460,2646,118,8955,216,0.0010917
2,28168.4,27424.8,27868.8,24595,38,1165,47105,42930,4694,203194,132,3460,2646,118,8955,216,0.0010917
2,16988.9,19852.7,18893.4,16945,19,865,37288,33961,3679,149381,76,2248,1728,33,4789,278,0.0010917
2,23753.3,19852.7,18893.4,16945,12,865,37288,33961,3679,149381,76,2248,1728,33,4789,278,0.0010917
2,6588.66,33688.8,16935.6,15266,5,1244,57104,51656,5356,228540,67,1558,1205,20,4102,19,0.0010917
2,26329.7,33688.8,16935.6,15266,16,1244,57104,51656,5356,228540,67,1558,1205,20,4102,19,0.0010917
2,23433.2,82386,50365.2,45149,29,2080,106666,100090,11590,551437,175,5019,3876,85,13229,339,0.0010917
2,49534.6,82386,50365.2,45149,17,2080,106666,100090,11590,551437,175,5019,3876,85,13229,339,0.0010917
2,10635.6,38428.1,32549.6,28892,5,1259,63826,59578,6486,303543,137,4033,3148,62,11172,44,0.0010917
2,41058.2,38428.1,32549.6,28892,39,1259,63826,59578,6486,303543,137,4033,3148,62,11172,44,0.0010917
2,10973.8,43061.3,12024,10695,3,1554,67643,61023,6686,279658,67,1518,1041,21,3218,44,0.0010917
2,28429.2,43061.3,12024,10695,14,1554,67643,61023,6686,279658,67,1518,1041,21,3218,44,0.0010917
2,9625.24,6688.74,4879.73,4378,17,418,14723,12802,1159,48851,25,605,438,3,1246,72,0.0010917
2,14957.5,6688.74,4879.73,4378,16,418,14723,12802,1159,48851,25,605,438,3,1246,72,0.0010917
2,4245.07,12144.5,10681.1,9436,5,641,24609,21721,2237,84272,47,1360,1071,12,3601,20,0.0010917
2,18366.6,12144.5,10681.1,9436,21,641,24609,21721,2237,84272,47,1360,1071,12,3601,20,0.0010917
2,13337.8,31018.5,18253.8,16255,13,1253,55225,49798,5247,218336,85,2276,1747,21,5266,138,0.0010917
2,26286.5,31018.5,18253.8,16255,31,1253,55225,49798,5247,218336,85,2276,1747,21,5266,138,0.0010917
2,21900.2,19558.1,17097.9,15379,27,919,37477,33570,3405,140927,65,1874,1427,39,4692,68,0.0010917
2,21970.2,19558.1,17097.9,15379,6,919,37477,33570,3405,140927,65,1874,1427,39,4692,68,0.0010917
2,18696.4,34542.1,24244.9,21499,6,1340,55704,50779,5458,241891,106,2987,2339,47,7944,127,0.0010917
2,28031.7,34542.1,24244.9,21499,39,1340,55704,50779,5458,241891,106,2987,2339,47,7944,127,0.0010917
2,5887.67,72377.2,46763.4,41028,9,2275,110196,102466,11403,522880,182,5533,4444,143,17603,24,0.0010917
2,40498.2,72377.2,46763.4,41028,48,2275,110196,102466,11403,522880,182,5533,4444,143,17603,24,0.0010917
2,7480.66,57156.8,21956.2,19296,4,1855,86770,79523,8521,375219,108,2775,2082,53,6848,28,0.0010917
2,32342.4,57156.8,21956.2,19296,31,1855,86770,79523,8521,375219,108,2775,2082,53,6848,28,0.0010917
2,25799.6,34643.5,35231.1,31424,18,1304,58982,54353,5968,256285,144,4278,3397,93,11029,295,0.0010917
2,30512.8,34643.5,35231.1,31424,29,1304,58982,54353,5968,256285,144,4278,3397,93,11029,295,0.0010917
2,21655.9,30085.6,32165.7,28674,11,1099,48221,44598,4721,229880,122,3690,2915,60,9957,325,0.0010917
2,28503.5,30085.6,32165.7,28674,42,1099,48221,44598,4721,229880,122,3690,2915,60,9957,325,0.0010917
2,30773.4,30785.8,24523.2,21813,12,929,46785,43129,4733,206217,98,2979,2293,40,7366,164,0.0010917
2,32907.2,30785.8,24523.2,21813,33,929,46785,43129,4733,206217,98,2979,2293,40,7366,164,0.0010917
2,9345.65,15923.4,9580.41,8555,9,754,30588,27430,2737,117220,49,1167,855,8,2506,112,0.0010917
2,20604.6,15923.4,9580.41,8555,23,754,30588,27430,2737,117220,49,1167,855,8,2506,112,0.0010917
2,29713.3,38185.5,27712.7,24542,3,1345,62929,58868,6704,292978,113,3408,2644,54,8962,107,0.0010917
2,34434.8,38185.5,27712.7,24542,30,1345,62929,58868,6704,292978,113,3408,2644,54,8962,107,0.0010917
2,15338.9,24447,16258,14469,7,1116,43663,39403,4155,177381,69,1965,1488,27,4568,122,0.0010917
2,24005.6,24447,16258,14469,35,1116,43663,39403,4155,177381,69,1965,1488,27,4568,122,0.0010917
2,2773.22,29685.6,18657,16547,4,1047,45693,41236,4348,173605,77,2290,1831,40,6255,13,0.0010917
2,24025,29685.6,18657,16547,38,1047,45693,41236,4348,173605,77,2290,1831,40,6255,13,0.0010917
