K,dist,cost_ki,cost_hi,h_cost,vnum,gen_ki,push_ki,pop_ki,prune_ki,suc_call_ki,gen_hi,push_hi,pop_hi,prune_hi,suc_call_hi,reevaluate,density
2,12435.7,7563.25,7451.57,6848,10,409,15154,13199,1200,49717,37,734,524,3,1362,88,0.00140362
2,14798.3,7563.25,7451.57,6848,18,409,15154,13199,1200,49717,37,734,524,3,1362,88,0.00140362
2,9210.88,2638.12,4073.81,3792,8,212,6814,5761,392,20404,24,407,280,2,585,69,0.00140362
2,10529.7,2638.12,4073.81,3792,7,212,6814,5761,392,20404,24,407,280,2,585,69,0.00140362
2,28097,52348.3,39158.7,35621,8,1560,68920,62392,6710,284656,135,3556,2709,61,8880,241,0.00140362
2,28707.3,52348.3,39158.7,35621,25,1560,68920,62392,6710,284656,135,3556,2709,61,8880,241,0.00140362
2,25572,32973.7,43816.5,40088,13,1255,57781,53108,5636,240967,126,3901,3043,69,9236,361,0.00140362
2,28428.8,32973.7,43816.5,40088,31,1255,57781,53108,5636,240967,126,3901,3043,69,9236,361,0.00140362
2,12673,19047.3,23069.7,21357,11,606,27551,25304,2614,120362,76,1904,1448,29,4220,116,0.00140362
2,26486.1,19047.3,23069.7,21357,35,606,27551,25304,2614,120362,76,1904,1448,29,4220,116,0.00140362
2,32079.5,76046.3,58494.6,53436,37,2195,100603,93284,10253,466449,170,5170,4063,79,12272,610,0.00140362
2,35959.6,76046.3,58494.6,53436,13,2195,100603,93284,10253,466449,170,5170,4063,79,12272,610,0.00140362
2,24465.2,52208.3,39815.8,36378,18,1807,82776,75806,8138,357388,142,3652,2843,60,9057,338,0.00140362
2,31680.8,52208.3,39815.8,36378,24,1807,82776,75806,8138,357388,142,3652,2843,60,9057,338,0.00140362
2,11512.1,12737.1,19458.2,17919,17,631,25735,23336,2371,97961,64,1866,1442,56,4090,127,0.00140362
2,21312.9,12737.1,19458.2,17919,29,631,25735,23336,2371,97961,64,1866,1442,56,4090,127,0.00140362
2,5921.42,2213.86,2895.77,2697,7,186,5467,4668,371,18113,20,289,187,0,454,32,0.00140362
2,10909,2213.86,2895.77,2697,15,186,5467,4668,371,18113,20,289,187,0,454,32,0.00140362
2,8440.26,22767.6,26210,24081,3,982,41735,37327,3965,162463,72,2088,1620,84,5887,30,0.00140362
2,22991,22767.6,26210,24081,24,982,41735,37327,3965,162463,72,2088,1620,84,5887,30,0.00140362
2,16994.6,22511.9,8236.95,7682,6,918,39958,35809,3445,155585,25,575,415,0,974,88,0.00140362
2,22563.6,22511.9,8236.95,7682,4,918,39958,35809,3445,155585,25,575,415,0,974,88,0.00140362
2,16415.8,56144.5,51362.3,46792,21,1846,83191,75595,8282,352260,134,4677,3788,140,13056,275,0.00140362
2,31272.9,56144.5,51362.3,46792,35,1846,83191,75595,8282,352260,134,4677,3788,140,13056,275,0.00140362
2,12896.8,8094.92,13909.4,12940,6,414,14138,12575,1280,48367,49,1151,835,15,2447,62,0.00140362
2,17188,8094.92,13909.4,12940,21,414,14138,12575,1280,48367,49,1151,835,15,2447,62,0.00140362
2,24459.9,56743,34711.7,31895,27,1838,87415,81994,8897,438594,104,3007,2375,46,6533,447,0.00140362
2,37081,56743,34711.7,31895,10,1838,87415,81994,8897,438594,104,3007,2375,46,6533,447,0.00140362
2,30467.1,32381.1,63950.7,57986,28,1093,55407,51551,5957,262372,199,5409,4398,130,15848,472,0.00140362
2,41977.1,32381.1,63950.7,57986,29,1093,55407,51551,5957,262372,199,5409,4398,130,15848,472,0.00140362
2,6946.36,25534.8,4643.31,4289,5,899,37013,33754,3426,163000,32,414,261,0,641,31,0.00140362
2,23142.7,25534.8,4643.31,4289,10,899,37013,33754,3426,163000,32,414,261,0,641,31,0.00140362
2,18740.3,55784.1,26022.8,23855,12,1700,83058,76682,8162,363366,91,2462,1855,26,5597,179,0.00140362
2,31816.7,55784.1,26022.8,23855,24,1700,83058,76682,8162,363366,91,2462,1855,26,5597,179,0.00140362
2,19593.1,41460.3,52822.1,48249,24,1561,69458,63069,6635,284146,142,4831,3841,107,12633,329,0.00140362
2,28803.7,41460.3,52822.1,48249,25,1561,69458,63069,6635,284146,142,4831,3841,107,12633,329,0.00140362
2,28932.4,60364.4,41388.8,37869,17,2054,95266,87426,9766,415146,124,3713,2886,22,8646,438,0.00140362
2,33401,60364.4,41388.8,37869,12,2054,95266,87426,9766,415146,124,3713,2886,22,8646,438,0.00140362
2,28515.9,36147.9,53812.6,49262,33,1392,61437,56667,6282,268110,172,4905,3906,126,11964,424,0.00140362
2,33772.1,36147.9,53812.6,49262,41,1392,61437,56667,6282,268110,172,4905,3906,126,11964,424,0.00140362
2,6813,36714,42056.3,38055,4,1282,57573,53590,5748,275972,128,3931,3041,79,11029,21,0.00140362
2,31860.7,36714,42056.3,38055,18,1282,57573,53590,5748,275972,128,3931,3041,79,11029,21,0.00140362
2,17003.1,65517.6,78853.2,71309,24,2056,92727,84328,9239,397630,213,7206,5731,173,20650,279,0.00140362
2,32734.3,65517.6,78853.2,71309,34,2056,92727,84328,9239,397630,213,7206,5731,173,20650,279,0.00140362
2,17864.8,11280.7,20798.9,19281,5,574,21869,19473,2080,87991,84,1632,1209,28,3426,104,0.00140362
2,20365.8,11280.7,20798.9,19281,35,574,21869,19473,2080,87991,84,1632,1209,28,3426,104,0.00140362
2,14293.7,8753.57,24563.7,22922,18,457,17542,15312,1379,60306,62,1723,1319,14,3772,207,0.00140362
2,15760.8,8753.57,24563.7,22922,17,457,17542,15312,1379,60306,62,1723,1319,14,3772,207,0.00140362
2,19877,36521.1,22760.6,20849,22,1324,59711,54733,5756,251228,72,2149,1654,24,4766,250,0.00140362
2,27678.1,36521.1,22760.6,20849,35,1324,59711,54733,5756,251228,72,2149,1654,24,4766,250,0.00140362
2,12518.9,33975.4,33814,30607,4,1197,55962,51869,5651,267345,118,3208,2431,58,9442,32,0.00140362
2,34763.1,33975.4,33814,30607,30,1197,55962,51869,5651,267345,118,3208,2431,58,9442,32,0.00140362
2,16422.6,44113.3,36636.9,33613,7,1629,71856,65167,6966,299607,124,3009,2275,77,7559,74,0.00140362
2,29282,44113.3,36636.9,33613,36,1629,71856,65167,6966,299607,124,3009,2275,77,7559,74,0.00140362
2,28067.1,34693.2,61403.6,56265,24,1363,60732,55995,6353,265654,183,5547,4431,153,14299,485,0.00140362
2,34592.4,34693.2,61403.6,56265,40,1363,60732,55995,6353,265654,183,5547,4431,153,14299,485,0.00140362
2,37957.8,43889,66422.3,60896,23,1446,71359,66529,7624,356674,155,5499,4455,84,15160,889,0.00140362
2,47180.5,43889,66422.3,60896,8,1446,71359,66529,7624,356674,155,5499,4455,84,15160,889,0.00140362
2,16175,10335.2,11080.4,10198,5,464,19996,17571,1567,72715,41,1021,729,13,2204,40,0.00140362
2,16656.2,10335.2,11080.4,10198,25,464,19996,17571,1567,72715,41,1021,729,13,2204,40,0.00140362
2,18453.3,27260.7,12419,11372,8,990,46474,43164,4685,209404,60,1191,862,8,2491,87,0.00140362
2,30003.6,27260.7,12419,11372,10,990,46474,43164,4685,209404,60,1191,862,8,2491,87,0.00140362
2,13639.2,12835.4,24198,22339,18,612,25630,23210,2443,97493,74,2161,1673,65,4582,180,0.00140362
2,22343,12835.4,24198,22339,33,612,25630,23210,2443,97493,74,2161,1673,65,4582,180,0.00140362
2,12033.9,6132.1,14502.8,13370,14,413,12748,10945,966,41412,58,1366,1024,20,2929,137,0.00140362
2,13962,6132.1,14502.8,13370,23,413,12748,10945,966,41412,58,1366,1024,20,2929,137,0.00140362
2,42045,102546,126825,115299,40,2591,133115,125274,13652,715145,317,11077,9295,261,32909,1196,0.00140362
2,54304.2,102546,126825,115299,25,2591,133115,125274,13652,715145,317,11077,9295,261,32909,1196,0.00140362
2,11512.1,13320.1,20928.6,19282,7,549,24170,22056,2211,102492,70,1686,1290,19,3992,48,0.00140362
2,23202.6,13320.1,20928.6,19282,27,549,24170,22056,2211,102492,70,1686,1290,19,3992,48,0.00140362
2,27758.9,37475.2,59332.5,54282,30,1382,63436,58533,6281,275047,168,5475,4362,111,13114,587,0.00140362
2,32726,37475.2,59332.5,54282,45,1382,63436,58533,6281,275047,168,5475,4362,111,13114,587,0.00140362
2,6733.29,13535.1,8970.32,8275,12,541,19487,17366,1596,75946,39,842,603,3,1644,46,0.00140362
2,18146.7,13535.1,8970.32,8275,12,541,19487,17366,1596,75946,39,842,603,3,1644,46,0.00140362
2,4370.69,7898.27,11927,11078,5,469,16790,14699,1358,54409,41,910,680,12,2143,16,0.00140362
2,15548.7,7898.27,11927,11078,21,469,16790,14699,1358,54409,41,910,680,12,2143,16,0.00140362
2,9809.15,3655.45,6428.66,5957,14,245,7207,6091,450,21553,26,592,441,0,1189,73,0.00140362
2,10863.1,3655.45,6428.66,5957,9,245,7207,6091,450,21553,26,592,441,0,1189,73,0.00140362
2,26703.7,35143.4,43103.4,39242,23,1063,52542,48935,5656,241514,152,4005,3223,84,11059,339,0.00140362
2,38213.6,35143.4,43103.4,39242,24,1063,52542,48935,5656,241514,152,4005,3223,84,11059,339,0.00140362
2,5840.63,8295.91,6089.43,5570,5,466,17202,15121,1381,57910,38,602,438,4,1398,32,0.00140362
2,15454.1,8295.91,6089.43,5570,14,466,17202,15121,1381,57910,38,602,438,4,1398,32,0.00140362
2,33335.4,34704.7,86250.8,78483,40,1321,60121,55367,6127,258825,241,7434,6001,211,20071,583,0.00140362
2,34467.2,34704.7,86250.8,78483,38,1321,60121,55367,6127,258825,241,7434,6001,211,20071,583,0.00140362
2,19552.2,12486.6,32463.9,29926,30,585,23976,21698,2206,94010,91,2946,2271,45,6849,263,0.00140362
2,22385.2,12486.6,32463.9,29926,18,585,23976,21698,2206,94010,91,2946,2271,45,6849,263,0.00140362
2,18004.9,29766.6,29702.6,27195,22,1094,50792,47201,5464,244077,121,2796,2076,38,6401,236,0.00140362
2,36795.4,29766.6,29702.6,27195,18,1094,50792,47201,5464,244077,121,2796,2076,38,6401,236,0.00140362
2,15851.4,40510.5,12559.5,11578,13,1258,58907,54185,5880,245625,38,1127,874,11,2456,180,0.00140362
2,29253.1,40510.5,12559.5,11578,6,1258,58907,54185,5880,245625,38,1127,874,11,2456,180,0.00140362
2,29176.2,33805.9,72767.6,66111,34,1343,60143,55321,6244,264667,199,6137,4976,175,15515,633,0.00140362
2,36380.6,33805.9,72767.6,66111,44,1343,60143,55321,6244,264667,199,6137,4976,175,15515,633,0.00140362
2,21794.1,29382,38379.6,35099,25,1076,46064,42129,4602,190005,119,3413,2705,85,8368,267,0.00140362
2,28345.2,29382,38379.6,35099,31,1076,46064,42129,4602,190005,119,3413,2705,85,8368,267,0.00140362
2,32810.1,70640.5,68937.5,62650,13,1991,99844,93673,10760,518883,193,6510,5284,134,18719,524,0.00140362
2,46688.4,70640.5,68937.5,62650,34,1991,99844,93673,10760,518883,193,6510,5284,134,18719,524,0.00140362
2,8792.68,7375.06,11328.4,10428,8,424,16341,14557,1365,57637,45,1155,873,30,2523,43,0.00140362
2,16894.3,7375.06,11328.4,10428,26,424,16341,14557,1365,57637,45,1155,873,30,2523,43,0.00140362
2,9948.29,8917.01,12678.4,11689,16,512,19256,16855,1592,67157,44,1226,907,15,2579,126,0.00140362
2,16552.2,8917.01,12678.4,11689,20,512,19256,16855,1592,67157,44,1226,907,15,2579,126,0.00140362
2,3185.71,2432.41,3346.49,3100,4,201,6063,5061,337,18561,18,331,227,1,589,19,0.00140362
2,10035.2,2432.41,3346.49,3100,14,201,6063,5061,337,18561,18,331,227,1,589,19,0.00140362
2,9085.21,3061.11,5830.4,5453,8,261,7551,6396,543,23230,28,483,336,0,764,73,0.00140362
2,11147.9,3061.11,5830.4,5453,9,261,7551,6396,543,23230,28,483,336,0,764,73,0.00140362
2,9897.1,20326.7,15726.2,14392,11,839,35355,32098,3354,144505,62,1510,1104,15,3213,105,0.00140362
2,23341.9,20326.7,15726.2,14392,11,839,35355,32098,3354,144505,62,1510,1104,15,3213,105,0.00140362
2,10865.1,2397.99,6578.86,6110,16,187,5696,4859,446,19622,36,659,468,2,1357,81,0.00140362
2,12793.9,2397.99,6578.86,6110,7,187,5696,4859,446,19622,36,659,468,2,1357,81,0.00140362
2,7098.43,2442.16,3708.8,3443,7,190,5901,5019,319,17854,18,371,262,0,729,47,0.00140362
2,9573.99,2442.16,3708.8,3443,10,190,5901,5019,319,17854,18,371,262,0,729,47,0.00140362
2,28050.3,51083,86565.8,78796,26,1619,78474,73211,8154,367660,247,7947,6452,250,21825,561,0.00140362
2,38888.9,51083,86565.8,78796,31,1619,78474,73211,8154,367660,247,7947,6452,250,21825,561,0.00140362
2,30046.4,29616.6,70077.4,64150,32,1044,52524,48902,5641,246061,195,5987,4908,121,17499,564,0.00140362
2,41204.6,29616.6,70077.4,64150,22,1044,52524,48902,5641,246061,195,5987,4908,121,17499,564,0.00140362
2,29593.2,29610.1,88627.2,81174,37,960,46705,43415,4986,213480,216,7359,6126,273,21823,633,0.00140362
2,40135.2,29610.1,88627.2,81174,41,960,46705,43415,4986,213480,216,7359,6126,273,21823,633,0.00140362
2,36058.8,82696.4,91829.9,83929,38,2377,116991,110066,11977,615114,235,7866,6520,224,21984,874,0.00140362
2,48331,82696.4,91829.9,83929,23,2377,116991,110066,11977,615114,235,7866,6520,224,21984,874,0.00140362
2,7825.18,14486.2,14883.6,13604,8,614,26816,24612,2565,118337,58,1307,991,18,2843,45,0.00140362
2,23568.8,14486.2,14883.6,13604,20,614,26816,24612,2565,118337,58,1307,991,18,2843,45,0.00140362
2,19296.5,54004.8,56128.1,51706,26,1829,82281,74704,8157,346481,146,4376,3422,69,11386,370,0.00140362
2,31059.3,54004.8,56128.1,51706,24,1829,82281,74704,8157,346481,146,4376,3422,69,11386,370,0.00140362
2,11981,38684.7,37665.8,34479,15,1469,66993,60840,6768,275025,98,3198,2561,78,9109,150,0.00140362
2,28463.3,38684.7,37665.8,34479,29,1469,66993,60840,6768,275025,98,3198,2561,78,9109,150,0.00140362
2,11278.2,21954.2,10940.3,10080,14,799,35390,32452,3353,150877,59,1069,791,10,2305,78,0.00140362
2,22785.8,21954.2,10940.3,10080,14,799,35390,32452,3353,150877,59,1069,791,10,2305,78,0.00140362
2,26129,44509.2,55745.7,51164,21,1380,65111,60007,6571,281103,148,4980,3952,98,12258,502,0.00140362
2,32036.5,44509.2,55745.7,51164,48,1380,65111,60007,6571,281103,148,4980,3952,98,12258,502,0.00140362
2,17963.5,21591.9,40888.6,37610,29,813,36252,33493,3646,158337,119,3631,2922,79,9930,234,0.00140362
2,28304.7,21591.9,40888.6,37610,31,813,36252,33493,3646,158337,119,3631,2922,79,9930,234,0.00140362
2,23997.5,31592.1,47587.3,43636,32,1073,49339,45221,5010,210414,130,4153,3269,86,9851,454,0.00140362
2,32514.5,31592.1,47587.3,43636,28,1073,49339,45221,5010,210414,130,4153,3269,86,9851,454,0.00140362
2,15197.4,5133.11,12465.4,11544,13,318,11122,9875,991,37074,51,1186,887,20,2496,115,0.00140362
2,16052.7,5133.11,12465.4,11544,19,318,11122,9875,991,37074,51,1186,887,20,2496,115,0.00140362
2,10575.1,19832.9,13707.6,12559,9,861,35271,31455,3240,130196,61,1398,1029,17,2993,71,0.00140362
2,21610,19832.9,13707.6,12559,21,861,35271,31455,3240,130196,61,1398,1029,17,2993,71,0.00140362
2,3516.39,6002.54,1244.63,1138,3,398,12396,10622,932,39879,11,154,83,0,180,19,0.00140362
2,13930,6002.54,1244.63,1138,3,398,12396,10622,932,39879,11,154,83,0,180,19,0.00140362
2,19332.2,16607.9,36939.7,33926,21,690,29734,26989,2932,123135,105,3400,2645,67,7790,349,0.00140362
2,25620.5,16607.9,36939.7,33926,40,690,29734,26989,2932,123135,105,3400,2645,67,7790,349,0.00140362
2,21296.9,29228.4,18512.9,17037,21,1033,44343,40775,4446,206924,53,1662,1266,14,3086,334,0.00140362
2,30022,29228.4,18512.9,17037,5,1033,44343,40775,4446,206924,53,1662,1266,14,3086,334,0.00140362
2,21287.1,27140.9,33773.1,31097,19,980,47159,43805,4847,212427,118,2779,2188,56,7626,196,0.00140362
2,32797.1,27140.9,33773.1,31097,20,980,47159,43805,4847,212427,118,2779,2188,56,7626,196,0.00140362
2,29047.5,37079.7,46953.8,43004,17,1434,62701,57743,6290,268546,159,4417,3436,75,10390,356,0.00140362
2,31519,37079.7,46953.8,43004,37,1434,62701,57743,6290,268546,159,4417,3436,75,10390,356,0.00140362
2,2718.94,32756.3,25984,23662,6,1219,52107,47741,5094,228699,97,2517,1970,78,7167,22,0.00140362
2,27344.8,32756.3,25984,23662,20,1219,52107,47741,5094,228699,97,2517,1970,78,7167,22,0.00140362
2,20547.6,40284.9,47193.8,43157,24,1569,69193,62684,6701,282072,143,4348,3420,67,11006,400,0.00140362
2,28925.9,40284.9,47193.8,43157,25,1569,69193,62684,6701,282072,143,4348,3420,67,11006,400,0.00140362
2,15963.9,10352,12037.2,11082,11,503,21520,18979,1822,78447,32,1147,883,6,2287,137,0.00140362
2,17217.5,10352,12037.2,11082,10,503,21520,18979,1822,78447,32,1147,883,6,2287,137,0.00140362
2,17304.4,15052.6,30159.9,27294,13,554,24738,22432,2293,94876,78,2530,1947,37,6134,179,0.00140362
2,22848.5,15052.6,30159.9,27294,29,554,24738,22432,2293,94876,78,2530,1947,37,6134,179,0.00140362
2,24963.6,34192,20328.4,18532,6,1235,56119,50736,5261,223313,90,2076,1531,32,4662,106,0.00140362
2,26079.8,34192,20328.4,18532,18,1235,56119,50736,5261,223313,90,2076,1531,32,4662,106,0.00140362
2,38343.3,84681.2,73711.1,66897,17,2194,112093,105330,11748,594827,208,6755,5457,106,18667,716,0.00140362
2,51817.3,84681.2,73711.1,66897,5,2194,112093,105330,11748,594827,208,6755,5457,106,18667,716,0.00140362
2,4105.79,5859.28,4570.33,4185,7,347,12709,10965,941,40539,19,480,342,0,1035,25,0.00140362
2,13689.4,5859.28,4570.33,4185,9,347,12709,10965,941,40539,19,480,342,0,1035,25,0.00140362
2,13061.6,21421.6,19029.6,17649,17,931,39972,35965,3746,149874,58,1437,1088,14,3288,88,0.00140362
2,22460.5,21421.6,19029.6,17649,21,931,39972,35965,3746,149874,58,1437,1088,14,3288,88,0.00140362
2,10824,16970.2,13662.9,12564,11,770,31905,28888,2878,128603,51,1175,868,8,2380,77,0.00140362
2,22379,16970.2,13662.9,12564,11,770,31905,28888,2878,128603,51,1175,868,8,2380,77,0.00140362
2,8959.83,34643.3,13911.7,12708,9,1198,53450,49662,5134,254242,60,1353,999,5,2828,46,0.00140362
2,32102.6,34643.3,13911.7,12708,9,1198,53450,49662,5134,254242,60,1353,999,5,2828,46,0.00140362
2,13322.3,11115.8,15603.8,14487,4,476,16710,14800,1571,63696,57,1326,985,28,2770,54,0.00140362
2,18825,11115.8,15603.8,14487,32,476,16710,14800,1571,63696,57,1326,985,28,2770,54,0.00140362
2,26800.3,49018.6,64017.3,58312,21,1508,73268,68376,7712,338855,159,5832,4845,230,17002,471,0.00140362
2,38124.7,49018.6,64017.3,58312,43,1508,73268,68376,7712,338855,159,5832,4845,230,17002,471,0.00140362
2,19030.3,54986.7,51239.4,46869,25,1911,85922,78062,8519,364677,152,4426,3480,68,11712,317,0.00140362
2,31640.3,54986.7,51239.4,46869,29,1911,85922,78062,8519,364677,152,4426,3480,68,11712,317,0.00140362
2,20121.7,33415.6,44773,40912,24,1074,50298,46706,5553,243492,151,4140,3239,90,10324,339,0.00140362
2,37890.6,33415.6,44773,40912,23,1074,50298,46706,5553,243492,151,4140,3239,90,10324,339,0.00140362
2,26178.2,31304.5,48430.5,44634,14,1273,54643,50249,5314,228467,136,4028,3157,70,9419,313,0.00140362
2,29343,31304.5,48430.5,44634,38,1273,54643,50249,5314,228467,136,4028,3157,70,9419,313,0.00140362
2,13353.3,13266.9,14113.3,13052,16,579,23846,21125,1947,88825,36,1284,968,8,2711,172,0.00140362
2,17828.7,13266.9,14113.3,13052,22,579,23846,21125,1947,88825,36,1284,968,8,2711,172,0.00140362
2,19668.9,43013.8,20261.1,18605,19,1409,67061,61758,6799,289736,63,1839,1475,37,4024,277,0.00140362
2,32153.9,43013.8,20261.1,18605,4,1409,67061,61758,6799,289736,63,1839,1475,37,4024,277,0.00140362
2,7305.63,7988.21,6268.28,5754,12,501,16835,14637,1395,55755,36,625,441,3,1108,52,0.00140362
2,15758.2,7988.21,6268.28,5754,20,501,16835,14637,1395,55755,36,625,441,3,1108,52,0.00140362
2,35265.2,79951.3,80085.1,73625,37,2344,110729,103240,11299,537548,206,6675,5329,103,16525,918,0.00140362
2,38912.7,79951.3,80085.1,73625,10,2344,110729,103240,11299,537548,206,6675,5329,103,16525,918,0.00140362
2,12342.8,7028.83,11799.7,10978,10,328,11453,9942,799,37731,49,1040,788,10,2170,99,0.00140362
2,13129,7028.83,11799.7,10978,17,328,11453,9942,799,37731,49,1040,788,10,2170,99,0.00140362
2,36764.9,47161.1,49423.1,45248,22,1551,78454,73261,8550,395634,121,4466,3553,65,11750,686,0.00140362
2,47261.7,47161.1,49423.1,45248,10,1551,78454,73261,8550,395634,121,4466,3553,65,11750,686,0.00140362
2,11796.5,5898.17,10473.6,9620,5,434,13301,11471,1074,42104,42,1043,792,26,2443,45,0.00140362
2,14590.9,5898.17,10473.6,9620,17,434,13301,11471,1074,42104,42,1043,792,26,2443,45,0.00140362
2,26303.5,32663.3,42264.1,38865,12,1322,58359,52545,5673,233603,125,3478,2682,53,8441,228,0.00140362
2,26706.2,32663.3,42264.1,38865,20,1322,58359,52545,5673,233603,125,3478,2682,53,8441,228,0.00140362
2,30094.4,51199.5,46814.5,43161,34,1778,79431,72723,8012,342345,134,3812,2919,57,8800,450,0.00140362
2,30960.2,51199.5,46814.5,43161,10,1778,79431,72723,8012,342345,134,3812,2919,57,8800,450,0.00140362
2,12120,41309,35688.6,32579,16,1544,69995,63392,6902,289322,108,3218,2544,102,9042,171,0.00140362
2,28846.4,41309,35688.6,32579,23,1544,69995,63392,6902,289322,108,3218,2544,102,9042,171,0.00140362
2,11778.5,12462.1,13422,12454,5,598,22671,20078,1825,80669,44,1039,762,9,2133,68,0.00140362
2,17492.8,12462.1,13422,12454,25,598,22671,20078,1825,80669,44,1039,762,9,2133,68,0.00140362
2,5484.54,3366.36,5405,5043,11,193,6428,5401,429,18537,28,464,333,2,840,32,0.00140362
2,10379.6,3366.36,5405,5043,12,193,6428,5401,429,18537,28,464,333,2,840,32,0.00140362
2,14081,6789.13,15235.6,14096,20,432,14531,12611,1141,48441,54,1396,1038,12,3011,130,0.00140362
2,14784.8,6789.13,15235.6,14096,26,432,14531,12611,1141,48441,54,1396,1038,12,3011,130,0.00140362
2,15041.8,34418.4,19455.2,17789,20,1217,51708,46806,4895,211900,72,1877,1426,21,3909,218,0.00140362
2,25519.1,34418.4,19455.2,17789,13,1217,51708,46806,4895,211900,72,1877,1426,21,3909,218,0.00140362
2,26013.3,25121.2,65394.3,59887,37,924,43553,40439,4653,195123,196,5992,4940,202,16985,514,0.00140362
2,36430.9,25121.2,65394.3,59887,36,924,43553,40439,4653,195123,196,5992,4940,202,16985,514,0.00140362
2,29643.6,36736.3,21962.9,20150,8,1180,59623,55463,6590,282952,84,2005,1498,11,4332,192,0.00140362
2,41194,36736.3,21962.9,20150,10,1180,59623,55463,6590,282952,84,2005,1498,11,4332,192,0.00140362
2,29131.7,70057.2,61716.6,56423,37,2095,102270,96094,10625,523897,177,5687,4612,133,14489,655,0.00140362
2,40984.7,70057.2,61716.6,56423,24,2095,102270,96094,10625,523897,177,5687,4612,133,14489,655,0.00140362
2,3087.99,6417.14,2710.53,2503,4,379,14331,12528,1119,46435,19,266,175,0,414,22,0.00140362
2,14356.3,6417.14,2710.53,2503,9,379,14331,12528,1119,46435,19,266,175,0,414,22,0.00140362
2,6501.87,10760.7,6897.51,6327,7,582,23073,20412,1999,80254,40,701,510,8,1485,27,0.00140362
2,17748.3,10760.7,6897.51,6327,13,582,23073,20412,1999,80254,40,701,510,8,1485,27,0.00140362
2,16408.4,37100,12194.5,11111,3,1307,57827,52236,5637,233943,54,1215,886,7,2515,64,0.00140362
2,26458.7,37100,12194.5,11111,4,1307,57827,52236,5637,233943,54,1215,886,7,2515,64,0.00140362
2,20741.7,24710.2,27861.1,25698,27,933,41916,38731,4322,189499,82,2531,1936,57,5729,357,0.00140362
2,32822,24710.2,27861.1,25698,6,933,41916,38731,4322,189499,82,2531,1936,57,5729,357,0.00140362
2,7224.29,31263.2,20471.5,18629,11,1212,52916,47851,4845,217441,71,1949,1501,42,5097,55,0.00140362
2,25606.2,31263.2,20471.5,18629,22,1212,52916,47851,4845,217441,71,1949,1501,42,5097,55,0.00140362
2,5129.81,21475.2,5270.74,4843,6,936,36927,33586,3434,157696,33,513,342,0,904,21,0.00140362
2,22812.3,21475.2,5270.74,4843,7,936,36927,33586,3434,157696,33,513,342,0,904,21,0.00140362
2,14139.2,7582.2,16196.2,14897,10,477,16163,14071,1358,54932,71,1515,1106,15,3373,83,0.00140362
2,15286.4,7582.2,16196.2,14897,24,477,16163,14071,1358,54932,71,1515,1106,15,3373,83,0.00140362
2,22427.8,53498.2,23423.1,21547,22,1731,80983,75847,8262,401162,76,2109,1656,37,4097,367,0.00140362
2,35451.4,53498.2,23423.1,21547,5,1731,80983,75847,8262,401162,76,2109,1656,37,4097,367,0.00140362
2,22479.2,32833.5,43975.4,40328,30,1188,56746,52062,5896,242430,118,3901,3058,105,9551,438,0.00140362
2,32535.6,32833.5,43975.4,40328,25,1188,56746,52062,5896,242430,118,3901,3058,105,9551,438,0.00140362
2,29432.1,44691.7,80316.1,73418,41,1523,74858,69104,7811,334611,231,7412,5930,195,18196,672,0.00140362
2,38408.3,44691.7,80316.1,73418,61,1523,74858,69104,7811,334611,231,7412,5930,195,18196,672,0.00140362
2,13923.4,46054.9,41147,37466,15,1570,70597,63976,6908,293295,108,3724,2961,114,10228,210,0.00140362
2,29013.2,46054.9,41147,37466,30,1570,70597,63976,6908,293295,108,3724,2961,114,10228,210,0.00140362
2,29230.4,48019.8,45799.9,42207,12,1722,77431,70373,7635,326085,116,3800,2964,42,9109,322,0.00140362
2,30474.1,48019.8,45799.9,42207,25,1722,77431,70373,7635,326085,116,3800,2964,42,9109,322,0.00140362
2,20457.5,40776.2,22741.1,20779,7,1308,59909,55714,6191,288844,74,2195,1675,20,5195,202,0.00140362
2,32917.7,40776.2,22741.1,20779,21,1308,59909,55714,6191,288844,74,2195,1675,20,5195,202,0.00140362
2,16909.3,15141.5,29595.8,27274,19,721,28861,26464,2830,120686,100,2752,2142,64,6784,170,0.00140362
2,25602.2,15141.5,29595.8,27274,27,721,28861,26464,2830,120686,100,2752,2142,64,6784,170,0.00140362
2,34845.3,33884.9,104764,95674,41,997,51879,48206,5672,247552,252,9102,7675,335,28873,839,0.00140362
2,45406.1,33884.9,104764,95674,43,997,51879,48206,5672,247552,252,9102,7675,335,28873,839,0.00140362
2,13874.7,25336.6,19587.9,17896,12,1036,45765,41673,4344,180529,77,1892,1483,53,4755,113,0.00140362
2,24606.4,25336.6,19587.9,17896,36,1036,45765,41673,4344,180529,77,1892,1483,53,4755,113,0.00140362
2,17507,22060,15746.7,14348,2,940,40583,36397,3768,155679,57,1576,1183,15,4052,42,0.00140362
2,22600.6,22060,15746.7,14348,25,940,40583,36397,3768,155679,57,1576,1183,15,4052,42,0.00140362
2,16845.8,47697.1,29156.1,26451,5,1616,72197,65398,7040,301887,117,2878,2180,82,7275,50,0.00140362
2,29335.6,47697.1,29156.1,26451,31,1616,72197,65398,7040,301887,117,2878,2180,82,7275,50,0.00140362
2,5894.75,11869.4,14163.8,13126,4,686,23695,20757,2107,82888,53,1105,817,20,2395,23,0.00140362
2,18317.4,11869.4,14163.8,13126,21,686,23695,20757,2107,82888,53,1105,817,20,2395,23,0.00140362
2,20104.5,31617.1,22739.7,20843,11,1227,54090,50081,5527,256131,73,2154,1656,17,4836,230,0.00140362
2,31529.7,31617.1,22739.7,20843,14,1227,54090,50081,5527,256131,73,2154,1656,17,4836,230,0.00140362
2,37268.3,94798.9,126601,115019,48,2500,125223,117850,12942,661739,357,11483,9408,288,33501,973,0.00140362
2,49059.9,94798.9,126601,115019,31,2500,125223,117850,12942,661739,357,11483,9408,288,33501,973,0.00140362
2,13429.8,14178.9,11573.3,10819,18,684,27276,24598,2529,110548,38,781,559,3,1312,127,0.00140362
2,22732.9,14178.9,11573.3,10819,7,684,27276,24598,2529,110548,38,781,559,3,1312,127,0.00140362
2,29056.2,48652.4,79255.4,72391,36,1564,75918,70087,8147,343339,220,7051,5639,208,17860,597,0.00140362
2,39275.5,48652.4,79255.4,72391,34,1564,75918,70087,8147,343339,220,7051,5639,208,17860,597,0.00140362
2,11444.9,5541.8,11147.4,10312,11,421,12797,10961,1029,40694,39,1021,791,11,2074,126,0.00140362
2,14180.2,5541.8,11147.4,10312,10,421,12797,10961,1029,40694,39,1021,791,11,2074,126,0.00140362
2,18044.7,58515.1,45063.3,41045,25,1944,87510,79514,8736,371221,132,4144,3238,53,10680,296,0.00140362
2,31910.4,58515.1,45063.3,41045,26,1944,87510,79514,8736,371221,132,4144,3238,53,10680,296,0.00140362
2,17007.9,12787.5,21054.7,19374,8,502,20194,18063,1955,76609,71,1987,1530,48,4936,92,0.00140362
2,22911.1,12787.5,21054.7,19374,35,502,20194,18063,1955,76609,71,1987,1530,48,4936,92,0.00140362
2,2790.66,4697.63,7379.78,6806,4,333,10295,8915,774,35415,33,666,478,15,1484,15,0.00140362
2,12798.6,4697.63,7379.78,6806,21,333,10295,8915,774,35415,33,666,478,15,1484,15,0.00140362
2,34035,47834.4,114361,104800,42,1451,70433,64811,7521,318179,278,9794,8033,290,27341,831,0.00140362
2,39314.9,47834.4,114361,104800,44,1451,70433,64811,7521,318179,278,9794,8033,290,27341,831,0.00140362
2,12919.7,17812.7,25403.2,23444,17,739,28187,25071,2364,103206,77,2029,1537,34,4737,152,0.00140362
2,19265.9,17812.7,25403.2,23444,32,739,28187,25071,2364,103206,77,2029,1537,34,4737,152,0.00140362
2,30401.9,47186.6,66421.6,60735,21,1486,74125,69127,8037,348007,142,5704,4783,182,16734,521,0.00140362
2,41866.8,47186.6,66421.6,60735,26,1486,74125,69127,8037,348007,142,5704,4783,182,16734,521,0.00140362
2,25976.6,49873.2,61632.5,56224,24,1538,74355,69459,7725,344432,168,5684,4728,217,16349,493,0.00140362
2,36962.5,49873.2,61632.5,56224,45,1538,74355,69459,7725,344432,168,5684,4728,217,16349,493,0.00140362
2,11754.7,6469.8,18162.8,16778,16,472,14532,12538,1138,47760,76,1696,1295,23,3781,170,0.00140362
2,14817.2,6469.8,18162.8,16778,24,472,14532,12538,1138,47760,76,1696,1295,23,3781,170,0.00140362
2,15753.4,22234.2,37702.8,34651,8,804,36409,33676,3637,165081,92,3198,2592,46,9852,79,0.00140362
2,32404.6,22234.2,37702.8,34651,21,804,36409,33676,3637,165081,92,3198,2592,46,9852,79,0.00140362
2,19228.1,24423.5,30433.8,27981,23,957,42156,38929,4212,186540,96,2866,2172,52,7195,283,0.00140362
2,30922.1,24423.5,30433.8,27981,12,957,42156,38929,4212,186540,96,2866,2172,52,7195,283,0.00140362
2,21668.7,27478.8,37031.4,33943,30,1020,47085,43181,4855,196358,104,3383,2626,73,7944,356,0.00140362
2,30684,27478.8,37031.4,33943,28,1020,47085,43181,4855,196358,104,3383,2626,73,7944,356,0.00140362
2,17914.6,10042.8,18853.7,17257,8,483,20977,18984,1909,79098,65,1801,1364,14,4327,93,0.00140362
2,21798.9,10042.8,18853.7,17257,29,483,20977,18984,1909,79098,65,1801,1364,14,4327,93,0.00140362
2,11900.2,6456.26,9560.01,8787,9,447,14123,12142,1082,46099,42,907,668,7,1983,82,0.00140362
2,14725.8,6456.26,9560.01,8787,19,447,14123,12142,1082,46099,42,907,668,7,1983,82,0.00140362
2,9608.6,9341.97,14021.6,13058,14,516,20025,17642,1639,68436,45,1059,773,5,2094,105,0.00140362
2,16639,9341.97,14021.6,13058,15,516,20025,17642,1639,68436,45,1059,773,5,2094,105,0.00140362
2,5557.37,3451.56,4731.97,4410,9,210,6233,5280,376,18281,27,412,273,1,612,48,0.00140362
2,9942.89,3451.56,4731.97,4410,16,210,6233,5280,376,18281,27,412,273,1,612,48,0.00140362
2,34724.9,72217.1,101384,91832,17,2269,106133,98117,10905,483486,297,8953,7084,164,24920,412,0.00140362
2,36692.7,72217.1,101384,91832,28,2269,106133,98117,10905,483486,297,8953,7084,164,24920,412,0.00140362
2,19662.2,47177.6,17397.8,15883,4,1462,64118,57974,6248,262128,60,1622,1183,15,3630,106,0.00140362
2,27792.2,47177.6,17397.8,15883,10,1462,64118,57974,6248,262128,60,1622,1183,15,3630,106,0.00140362
2,20813.6,34679.5,21865.4,20085,14,1108,54115,50435,5622,246061,90,2048,1565,27,4694,205,0.00140362
2,32382.8,34679.5,21865.4,20085,15,1108,54115,50435,5622,246061,90,2048,1565,27,4694,205,0.00140362
2,26638.9,29361.8,49141.3,44919,26,1035,51689,48115,5645,236606,169,4532,3670,119,12743,350,0.00140362
2,38148.8,29361.8,49141.3,44919,27,1035,51689,48115,5645,236606,169,4532,3670,119,12743,350,0.00140362
2,16467.3,25871.9,41272.9,37979,18,998,45952,42508,4774,218658,132,3505,2720,83,8918,215,0.00140362
2,32630.1,25871.9,41272.9,37979,24,998,45952,42508,4774,218658,132,3505,2720,83,8918,215,0.00140362
2,13175.8,16732,27321.9,25108,20,679,30859,28501,3018,137204,96,2585,2030,39,6392,106,0.00140362
2,29697.5,16732,27321.9,25108,25,679,30859,28501,3018,137204,96,2585,2030,39,6392,106,0.00140362
2,20090.7,37251.9,43887,39831,19,1377,57437,51705,5534,232105,154,4151,3253,90,10454,275,0.00140362
2,26543.8,37251.9,43887,39831,18,1377,57437,51705,5534,232105,154,4151,3253,90,10454,275,0.00140362
2,11041.4,17460.1,16233.8,15111,16,758,32297,28832,2691,125951,50,1302,975,13,2670,158,0.00140362
2,20306.1,17460.1,16233.8,15111,21,758,32297,28832,2691,125951,50,1302,975,13,2670,158,0.00140362
2,19284.5,23180.8,41662.9,38068,19,900,39189,35613,3967,169995,136,3756,2939,98,9686,253,0.00140362
2,30710.7,23180.8,41662.9,38068,43,900,39189,35613,3967,169995,136,3756,2939,98,9686,253,0.00140362
2,10110.4,5990.48,7764.53,7138,7,370,12993,11228,984,41493,28,757,548,12,1604,62,0.00140362
2,13754.9,5990.48,7764.53,7138,11,370,12993,11228,984,41493,28,757,548,12,1604,62,0.00140362
2,16658.7,49231.1,51662.9,47252,20,1825,82596,75069,8180,349524,136,4642,3769,134,12695,317,0.00140362
2,31143.4,49231.1,51662.9,47252,38,1825,82596,75069,8180,349524,136,4642,3769,134,12695,317,0.00140362
2,8455.29,5185.43,4486.78,4147,9,305,11755,10306,840,38705,19,447,322,0,723,71,0.00140362
2,13205.8,5185.43,4486.78,4147,5,305,11755,10306,840,38705,19,447,322,0,723,71,0.00140362
2,29810.6,61402.2,61680,56248,13,1939,94563,88786,10154,484889,174,5734,4619,121,15530,471,0.00140362
2,43688.9,61402.2,61680,56248,34,1939,94563,88786,10154,484889,174,5734,4619,121,15530,471,0.00140362
2,6728.83,6122.07,7408.34,6851,10,383,12923,11373,1095,47417,32,722,523,10,1358,41,0.00140362
2,17955.3,6122.07,7408.34,6851,10,383,12923,11373,1095,47417,32,722,523,10,1358,41,0.00140362
2,7886.53,28232.4,6127.97,5621,9,976,41833,38592,3943,195063,36,588,394,4,955,60,0.00140362
2,26008.7,28232.4,6127.97,5621,10,976,41833,38592,3943,195063,36,588,394,4,955,60,0.00140362
2,36888,85831,99183.5,91117,42,2427,117666,110301,11962,593755,243,8396,6781,215,21162,1046,0.00140362
2,41703.1,85831,99183.5,91117,8,2427,117666,110301,11962,593755,243,8396,6781,215,21162,1046,0.00140362
2,28048,25138,80392.4,73546,40,939,45290,42073,4907,205648,209,6950,5779,242,20792,575,0.00140362
2,38412.9,25138,80392.4,73546,35,939,45290,42073,4907,205648,209,6950,5779,242,20792,575,0.00140362
2,18595.4,36151.7,37548.1,34703,19,1228,57044,53075,5841,256496,93,3023,2427,103,7805,261,0.00140362
2,29678.6,36151.7,37548.1,34703,35,1228,57044,53075,5841,256496,93,3023,2427,103,7805,261,0.00140362
2,20933.3,53756.8,21819,20057,4,1484,68977,63411,6705,292930,71,2033,1511,21,4846,111,0.00140362
2,29597,53756.8,21819,20057,30,1484,68977,63411,6705,292930,71,2033,1511,21,4846,111,0.00140362
2,3560.31,7587.03,1057.81,961,4,525,16631,14464,1354,53785,10,138,78,0,170,18,0.00140362
2,15766.7,7587.03,1057.81,961,4,525,16631,14464,1354,53785,10,138,78,0,170,18,0.00140362
2,23693,32388.6,19242,17589,11,1052,51810,48293,5519,235666,83,1852,1380,10,4093,157,0.00140362
2,35243.2,32388.6,19242,17589,13,1052,51810,48293,5519,235666,83,1852,1380,10,4093,157,0.00140362
2,8212.11,11091.5,13964.9,13031,8,545,22423,19774,1885,76774,43,979,748,20,2090,55,0.00140362
2,17498.8,11091.5,13964.9,13031,30,545,22423,19774,1885,76774,43,979,748,20,2090,55,0.00140362
2,17728,22764.8,27359.5,25208,25,898,40308,37191,4111,176586,90,2579,1975,58,6348,280,0.00140362
2,28825.2,22764.8,27359.5,25208,17,898,40308,37191,4111,176586,90,2579,1975,58,6348,280,0.00140362
2,25300.1,48743.2,57057.7,51787,33,1535,69973,64650,6957,304049,163,5299,4239,109,13785,431,0.00140362
2,32727.9,48743.2,57057.7,51787,17,1535,69973,64650,6957,304049,163,5299,4239,109,13785,431,0.00140362
2,25557.7,35630.2,30287.3,27779,19,1197,55553,51523,5749,266785,79,2648,2053,30,5955,457,0.00140362
2,35304.7,35630.2,30287.3,27779,8,1197,55553,51523,5749,266785,79,2648,2053,30,5955,457,0.00140362
2,6678.29,14556.1,10995.3,10071,9,745,28208,24853,2387,101305,43,1016,764,7,2257,75,0.00140362
2,19714.8,14556.1,10995.3,10071,10,745,28208,24853,2387,101305,43,1016,764,7,2257,75,0.00140362
2,12200.7,36621.5,24742.5,22519,10,1309,56435,50935,5511,225207,106,2473,1910,44,6222,117,0.00140362
2,26600.7,36621.5,24742.5,22519,35,1309,56435,50935,5511,225207,106,2473,1910,44,6222,117,0.00140362
2,35255.6,84997.8,92305.4,84902,48,2423,116026,108881,11850,592288,225,7525,6081,166,19440,937,0.00140362
2,41829,84997.8,92305.4,84902,16,2423,116026,108881,11850,592288,225,7525,6081,166,19440,937,0.00140362
2,9353.95,3452.65,7693.08,7143,9,261,7896,6827,594,24035,40,736,544,8,1336,86,0.00140362
2,11619.3,3452.65,7693.08,7143,18,261,7896,6827,594,24035,40,736,544,8,1336,86,0.00140362
2,10206,3640.75,8018.25,7418,11,252,8422,7192,528,26271,31,684,488,4,1330,70,0.00140362
2,11434.6,3640.75,8018.25,7418,12,252,8422,7192,528,26271,31,684,488,4,1330,70,0.00140362
2,35863.5,76821.6,66192.5,60473,16,2107,106680,100242,11251,560202,169,5740,4617,101,15683,640,0.00140362
2,49336.8,76821.6,66192.5,60473,4,2107,106680,100242,11251,560202,169,5740,4617,101,15683,640,0.00140362
2,5333.17,3499.11,1494.26,1373,8,278,8295,7047,576,25580,11,160,100,0,205,33,0.00140362
2,11633.7,3499.11,1494.26,1373,4,278,8295,7047,576,25580,11,160,100,0,205,33,0.00140362
2,30706.1,45967.7,38654,35101,13,1386,68908,64241,7480,326605,125,3517,2797,59,9633,380,0.00140362
2,42275.3,45967.7,38654,35101,14,1386,68908,64241,7480,326605,125,3517,2797,59,9633,380,0.00140362
2,14479,11483.4,9148.82,8428,9,563,23872,21085,2130,87303,27,850,625,1,1748,101,0.00140362
2,18003,11483.4,9148.82,8428,13,563,23872,21085,2130,87303,27,850,625,1,1748,101,0.00140362
2,8935.09,8806.04,6942.52,6415,2,486,18386,16140,1469,61995,30,713,518,16,1727,20,0.00140362
2,16079,8806.04,6942.52,6415,15,486,18386,16140,1469,61995,30,713,518,16,1727,20,0.00140362
2,3583.45,6305.6,8545.28,7876,9,408,13710,12035,1094,50047,40,813,585,14,1738,18,0.00140362
2,14910.6,6305.6,8545.28,7876,21,408,13710,12035,1094,50047,40,813,585,14,1738,18,0.00140362
2,17913.2,17935.2,38322.2,35263,29,799,34767,32034,3481,150251,126,3601,2864,82,9763,237,0.00140362
2,27791.3,17935.2,38322.2,35263,29,799,34767,32034,3481,150251,126,3601,2864,82,9763,237,0.00140362
2,18242.2,55355.7,49189.7,45118,28,1863,84384,76683,8350,356780,133,4254,3308,67,10666,350,0.00140362
2,31433.2,55355.7,49189.7,45118,27,1863,84384,76683,8350,356780,133,4254,3308,67,10666,350,0.00140362
2,19584.5,24805.6,25919,23991,19,1111,45034,40452,4283,172733,87,2163,1631,37,4378,247,0.00140362
2,24022.4,24805.6,25919,23991,16,1111,45034,40452,4283,172733,87,2163,1631,37,4378,247,0.00140362
2,2481,5040.81,4882.55,4511,2,288,9194,7931,757,30870,26,428,296,11,903,8,0.00140362
2,12883.1,5040.81,4882.55,4511,14,288,9194,7931,757,30870,26,428,296,11,903,8,0.00140362
2,11002,17404.5,6079.71,5658,5,678,27855,24906,2553,104996,20,443,312,0,874,43,0.00140362
2,19689.5,17404.5,6079.71,5658,5,678,27855,24906,2553,104996,20,443,312,0,874,43,0.00140362
2,24510.7,39823.6,56306.9,51628,20,1436,67644,62383,6782,293604,160,4888,3886,102,12469,403,0.00140362
2,32251.1,39823.6,56306.9,51628,49,1436,67644,62383,6782,293604,160,4888,3886,102,12469,403,0.00140362
2,11566,14320.8,17369.4,16064,4,598,25901,23713,2359,111298,76,1702,1303,26,4124,43,0.00140362
2,24953.6,14320.8,17369.4,16064,29,598,25901,23713,2359,111298,76,1702,1303,26,4124,43,0.00140362
2,7428.19,2243.55,3055.17,2850,12,197,6025,5104,365,17828,15,303,226,0,506,34,0.00140362
2,9693.16,2243.55,3055.17,2850,9,197,6025,5104,365,17828,15,303,226,0,506,34,0.00140362
2,11609.5,29088.7,13500.4,12556,17,1075,47845,44394,4731,226257,49,983,687,3,1702,112,0.00140362
2,31646.2,29088.7,13500.4,12556,11,1075,47845,44394,4731,226257,49,983,687,3,1702,112,0.00140362
2,18377.2,52853.8,41876.8,38245,24,1705,76092,69072,7409,314964,129,3922,3046,55,9405,323,0.00140362
2,30148.1,52853.8,41876.8,38245,28,1705,76092,69072,7409,314964,129,3922,3046,55,9405,323,0.00140362
2,24451,30717,58191.3,53242,26,947,44298,40434,4532,187705,145,5337,4291,130,14015,535,0.00140362
2,31914.5,30717,58191.3,53242,32,947,44298,40434,4532,187705,145,5337,4291,130,14015,535,0.00140362
2,27676.1,48289.9,64773.7,59038,24,1491,72600,67751,7762,337352,162,5845,4855,199,17342,473,0.00140362
2,39105.5,48289.9,64773.7,59038,30,1491,72600,67751,7762,337352,162,5845,4855,199,17342,473,0.00140362
2,41772.3,94594.6,97337.5,88646,23,2462,127102,119591,13016,683109,239,8459,7033,176,24091,965,0.00140362
2,54731.6,94594.6,97337.5,88646,13,2462,127102,119591,13016,683109,239,8459,7033,176,24091,965,0.00140362
2,3692.29,4292.59,5762.7,5355,4,266,9059,7679,659,26967,30,476,336,8,947,23,0.00140362
2,11979.7,4292.59,5762.7,5355,8,266,9059,7679,659,26967,30,476,336,8,947,23,0.00140362
2,25606.2,29832.9,50553.1,46354,34,1005,48971,45590,5296,221686,166,4757,3864,126,13055,436,0.00140362
2,36664,29832.9,50553.1,46354,20,1005,48971,45590,5296,221686,166,4757,3864,126,13055,436,0.00140362
2,14196.2,32142.2,11822.4,10852,11,1192,55592,50979,5510,227257,37,1028,765,7,2016,143,0.00140362
2,28171.4,32142.2,11822.4,10852,9,1192,55592,50979,5510,227257,37,1028,765,7,2016,143,0.00140362
2,10863.5,16586.7,10995.3,10141,16,775,30829,27635,2812,125918,56,1047,761,13,1996,107,0.00140362
2,20862.5,16586.7,10995.3,10141,12,775,30829,27635,2812,125918,56,1047,761,13,1996,107,0.00140362
2,22236.5,38052.2,36111.1,33243,21,1407,66903,61727,6867,291040,91,3015,2349,55,6597,389,0.00140362
2,33732.5,38052.2,36111.1,33243,13,1407,66903,61727,6867,291040,91,3015,2349,55,6597,389,0.00140362
2,12898.4,24042.2,13512.5,12408,10,963,43104,39365,4105,175620,53,1317,986,26,2994,90,0.00140362
2,24106.8,24042.2,13512.5,12408,15,963,43104,39365,4105,175620,53,1317,986,26,2994,90,0.00140362
2,19072.4,13259.4,26484.8,24482,22,659,26300,23973,2534,108654,91,2504,1913,50,5718,244,0.00140362
2,25724,13259.4,26484.8,24482,33,659,26300,23973,2534,108654,91,2504,1913,50,5718,244,0.00140362
