K,dist,cost_ki,cost_hi,h_cost,vnum,gen_ki,push_ki,pop_ki,prune_ki,suc_call_ki,gen_hi,push_hi,pop_hi,prune_hi,suc_call_hi,reevaluate,density
3,28873.5,107502,225328,200692,29,2396,134555,126944,14192,727061,581,22021,18794,748,76737,1600,0.00140362
3,39888.6,107502,225328,200692,28,2396,134555,126944,14192,727061,581,22021,18794,748,76737,1600,0.00140362
3,64736.5,107502,225328,200692,38,2396,134555,126944,14192,727061,581,22021,18794,748,76737,1600,0.00140362
3,9767.03,16873.5,37381.2,33884,15,914,32832,29644,3250,133496,152,3829,2949,85,8911,333,0.00140362
3,14494,16873.5,37381.2,33884,22,914,32832,29644,3250,133496,152,3829,2949,85,8911,333,0.00140362
3,22472.9,16873.5,37381.2,33884,24,914,32832,29644,3250,133496,152,3829,2949,85,8911,333,0.00140362
3,5519.83,109186,85659.7,76946,8,2720,139354,131166,14554,707493,253,8927,7300,244,27511,475,0.00140362
3,21887.3,109186,85659.7,76946,23,2720,139354,131166,14554,707493,253,8927,7300,244,27511,475,0.00140362
3,42563.9,109186,85659.7,76946,49,2720,139354,131166,14554,707493,253,8927,7300,244,27511,475,0.00140362
3,5774.31,44900.2,23687.5,21587,7,1482,70524,65138,7196,311955,104,2543,1939,20,5562,211,0.00140362
3,12066.6,44900.2,23687.5,21587,22,1482,70524,65138,7196,311955,104,2543,1939,20,5562,211,0.00140362
3,33441,44900.2,23687.5,21587,16,1482,70524,65138,7196,311955,104,2543,1939,20,5562,211,0.00140362
3,33650.2,68089.1,136353,123923,38,2007,101848,95059,10594,497267,369,12643,10417,410,32372,1604,0.00140362
3,34398.7,68089.1,136353,123923,40,2007,101848,95059,10594,497267,369,12643,10417,410,32372,1604,0.00140362
3,44348.5,68089.1,136353,123923,43,2007,101848,95059,10594,497267,369,12643,10417,410,32372,1604,0.00140362
3,28386.3,72849.5,66493,60341,20,2292,107759,99151,10967,481724,216,6548,5151,103,16431,717,0.00140362
3,32501.3,72849.5,66493,60341,8,2292,107759,99151,10967,481724,216,6548,5151,103,16431,717,0.00140362
3,35289.3,72849.5,66493,60341,27,2292,107759,99151,10967,481724,216,6548,5151,103,16431,717,0.00140362
3,4967.51,80034.6,83082.8,75043,7,2106,109815,103626,11603,555096,240,8038,6657,218,25369,195,0.00140362
3,16223.1,80034.6,83082.8,75043,13,2106,109815,103626,11603,555096,240,8038,6657,218,25369,195,0.00140362
3,43773.6,80034.6,83082.8,75043,56,2106,109815,103626,11603,555096,240,8038,6657,218,25369,195,0.00140362
3,21282.1,82699.3,69854.9,63322,21,2343,112383,102746,10913,495458,222,6932,5596,123,16776,878,0.00140362
3,26618.4,82699.3,69854.9,63322,39,2343,112383,102746,10913,495458,222,6932,5596,123,16776,878,0.00140362
3,35371.1,82699.3,69854.9,63322,40,2343,112383,102746,10913,495458,222,6932,5596,123,16776,878,0.00140362
3,16285.7,157821,237589,211402,9,3339,197038,186569,21029,1138392,623,23789,20231,1028,85611,687,0.00140362
3,32936.9,157821,237589,211402,22,3339,197038,186569,21029,1138392,623,23789,20231,1028,85611,687,0.00140362
3,75277.8,157821,237589,211402,88,3339,197038,186569,21029,1138392,623,23789,20231,1028,85611,687,0.00140362
3,12545.3,88100.4,60334.3,54438,14,2394,124641,116438,13068,612204,181,6390,5176,177,17868,336,0.00140362
3,24821.4,88100.4,60334.3,54438,3,2394,124641,116438,13068,612204,181,6390,5176,177,17868,336,0.00140362
3,43076,88100.4,60334.3,54438,51,2394,124641,116438,13068,612204,181,6390,5176,177,17868,336,0.00140362
3,24693.4,113850,135196,122110,17,3095,159758,150781,16942,842279,390,13649,11345,388,41652,1015,0.00140362
3,28739.7,113850,135196,122110,34,3095,159758,150781,16942,842279,390,13649,11345,388,41652,1015,0.00140362
3,52484.9,113850,135196,122110,46,3095,159758,150781,16942,842279,390,13649,11345,388,41652,1015,0.00140362
3,14201.6,70898.4,86972,79179,18,2107,111025,104453,11476,573493,270,8095,6583,180,22076,584,0.00140362
3,21286.6,70898.4,86972,79179,26,2107,111025,104453,11476,573493,270,8095,6583,180,22076,584,0.00140362
3,49778.3,70898.4,86972,79179,36,2107,111025,104453,11476,573493,270,8095,6583,180,22076,584,0.00140362
3,21996.6,87327.5,134351,121614,21,2339,128781,120631,13699,666616,321,12672,10437,326,34507,1244,0.00140362
3,28451,87327.5,134351,121614,38,2339,128781,120631,13699,666616,321,12672,10437,326,34507,1244,0.00140362
3,51344.6,87327.5,134351,121614,67,2339,128781,120631,13699,666616,321,12672,10437,326,34507,1244,0.00140362
3,18660.5,18673.9,28731.3,26232,10,784,33572,30661,3392,155028,120,2997,2263,62,6657,295,0.00140362
3,24633.9,18673.9,28731.3,26232,9,784,33572,30661,3392,155028,120,2997,2263,62,6657,295,0.00140362
3,25626.8,18673.9,28731.3,26232,29,784,33572,30661,3392,155028,120,2997,2263,62,6657,295,0.00140362
3,17181.6,39899.2,62924.3,57017,24,1410,67467,62794,7135,336247,212,6178,4831,121,17097,559,0.00140362
3,38466.5,39899.2,62924.3,57017,10,1410,67467,62794,7135,336247,212,6178,4831,121,17097,559,0.00140362
3,42026.5,39899.2,62924.3,57017,34,1410,67467,62794,7135,336247,212,6178,4831,121,17097,559,0.00140362
3,7078.48,17894.7,24306.2,22151,13,881,34014,30790,3202,143150,100,2421,1890,58,5283,288,0.00140362
3,17410,17894.7,24306.2,22151,11,881,34014,30790,3202,143150,100,2421,1890,58,5283,288,0.00140362
3,24515.6,17894.7,24306.2,22151,32,881,34014,30790,3202,143150,100,2421,1890,58,5283,288,0.00140362
3,4653.19,31148,27333.6,24741,6,1212,52827,48320,5060,215802,109,2904,2260,71,7809,124,0.00140362
3,15301.3,31148,27333.6,24741,12,1212,52827,48320,5060,215802,109,2904,2260,71,7809,124,0.00140362
3,26259.8,31148,27333.6,24741,32,1212,52827,48320,5060,215802,109,2904,2260,71,7809,124,0.00140362
3,4202.02,124957,90154.8,81055,3,2893,155202,147076,16659,821163,277,9183,7445,338,29083,157,0.00140362
3,12871.5,124957,90154.8,81055,11,2893,155202,147076,16659,821163,277,9183,7445,338,29083,157,0.00140362
3,50343,124957,90154.8,81055,63,2893,155202,147076,16659,821163,277,9183,7445,338,29083,157,0.00140362
3,7283.66,24917.4,30817.8,27950,15,1109,46720,42298,4342,184586,112,3036,2352,79,7560,245,0.00140362
3,16430.9,24917.4,30817.8,27950,18,1109,46720,42298,4342,184586,112,3036,2352,79,7560,245,0.00140362
3,24054.3,24917.4,30817.8,27950,35,1109,46720,42298,4342,184586,112,3036,2352,79,7560,245,0.00140362
3,24510.5,89804.6,93883,85493,16,2632,127797,117222,12941,577933,293,9270,7502,255,24554,1020,0.00140362
3,26583.6,89804.6,93883,85493,31,2632,127797,117222,12941,577933,293,9270,7502,255,24554,1020,0.00140362
3,37603.6,89804.6,93883,85493,40,2632,127797,117222,12941,577933,293,9270,7502,255,24554,1020,0.00140362
3,49280.8,99037.8,283870,257948,49,2734,140613,132075,14255,761199,728,26176,22189,776,79828,2822,0.00140362
3,52855.1,99037.8,283870,257948,45,2734,140613,132075,14255,761199,728,26176,22189,776,79828,2822,0.00140362
3,55378.6,99037.8,283870,257948,56,2734,140613,132075,14255,761199,728,26176,22189,776,79828,2822,0.00140362
3,20644.8,74805,100842,91562,20,2335,106716,97390,10688,467306,301,9558,7775,230,25114,996,0.00140362
3,31362.6,74805,100842,91562,25,2335,106716,97390,10688,467306,301,9558,7775,230,25114,996,0.00140362
3,34950.9,74805,100842,91562,45,2335,106716,97390,10688,467306,301,9558,7775,230,25114,996,0.00140362
3,13462.2,55122.4,40686,36940,6,1846,88429,81403,8760,388153,128,4114,3203,36,10399,321,0.00140362
3,19032.2,55122.4,40686,36940,25,1846,88429,81403,8760,388153,128,4114,3203,36,10399,321,0.00140362
3,32097.7,55122.4,40686,36940,29,1846,88429,81403,8760,388153,128,4114,3203,36,10399,321,0.00140362
3,6968.51,10866.3,20183.4,18395,14,537,19313,17143,1768,75316,83,2012,1555,40,4750,208,0.00140362
3,14306.1,10866.3,20183.4,18395,17,537,19313,17143,1768,75316,83,2012,1555,40,4750,208,0.00140362
3,21826,10866.3,20183.4,18395,26,537,19313,17143,1768,75316,83,2012,1555,40,4750,208,0.00140362
3,14495.8,56747.2,54946.4,49808,13,1724,85614,79860,8860,417065,202,5715,4565,113,15244,395,0.00140362
3,15364.3,56747.2,54946.4,49808,19,1724,85614,79860,8860,417065,202,5715,4565,113,15244,395,0.00140362
3,41208.6,56747.2,54946.4,49808,38,1724,85614,79860,8860,417065,202,5715,4565,113,15244,395,0.00140362
3,15184.6,50383.5,50960.8,46810,16,1744,78465,71242,7773,329061,118,4451,3616,103,10515,686,0.00140362
3,29480.9,50383.5,50960.8,46810,36,1744,78465,71242,7773,329061,118,4451,3616,103,10515,686,0.00140362
3,30488.2,50383.5,50960.8,46810,7,1744,78465,71242,7773,329061,118,4451,3616,103,10515,686,0.00140362
3,36206,83449,98319.1,89475,39,2602,124914,116646,12816,611567,303,9523,7713,164,24679,945,0.00140362
3,37743.3,83449,98319.1,89475,3,2602,124914,116646,12816,611567,303,9523,7713,164,24679,945,0.00140362
3,41361,83449,98319.1,89475,40,2602,124914,116646,12816,611567,303,9523,7713,164,24679,945,0.00140362
3,10527.4,22560.5,24778.3,22728,21,824,34758,31716,3293,137668,93,2490,1967,38,5047,410,0.00140362
3,21687.5,22560.5,24778.3,22728,19,824,34758,31716,3293,137668,93,2490,1967,38,5047,410,0.00140362
3,23364.6,22560.5,24778.3,22728,16,824,34758,31716,3293,137668,93,2490,1967,38,5047,410,0.00140362
3,11780.1,28378.3,33746.6,30661,8,1065,45946,42504,4552,220990,146,3566,2754,57,7953,438,0.00140362
3,23879.3,28378.3,33746.6,30661,22,1065,45946,42504,4552,220990,146,3566,2754,57,7953,438,0.00140362
3,28171.9,28378.3,33746.6,30661,24,1065,45946,42504,4552,220990,146,3566,2754,57,7953,438,0.00140362
3,4924.01,6728.83,11171.4,10212,11,413,14692,12921,1285,54508,52,1158,869,8,2512,111,0.00140362
3,18038.7,6728.83,11171.4,10212,6,413,14692,12921,1285,54508,52,1158,869,8,2512,111,0.00140362
3,18976.7,6728.83,11171.4,10212,24,413,14692,12921,1285,54508,52,1158,869,8,2512,111,0.00140362
3,14035.5,29344,48435.3,44099,18,1105,49742,46178,5189,240133,179,4927,3905,127,11343,661,0.00140362
3,28401.8,29344,48435.3,44099,23,1105,49742,46178,5189,240133,179,4927,3905,127,11343,661,0.00140362
3,32006,29344,48435.3,44099,23,1105,49742,46178,5189,240133,179,4927,3905,127,11343,661,0.00140362
3,2358.18,115283,84874.8,76166,4,2808,146369,138487,15580,764087,253,8781,7142,298,27520,280,0.00140362
3,18213.1,115283,84874.8,76166,23,2808,146369,138487,15580,764087,253,8781,7142,298,27520,280,0.00140362
3,45588.1,115283,84874.8,76166,56,2808,146369,138487,15580,764087,253,8781,7142,298,27520,280,0.00140362
3,6867.78,37578,51025,46402,5,1339,60884,56716,5984,293160,166,5062,4036,80,12730,507,0.00140362
3,31389.5,37578,51025,46402,17,1339,60884,56716,5984,293160,166,5062,4036,80,12730,507,0.00140362
3,33201.4,37578,51025,46402,15,1339,60884,56716,5984,293160,166,5062,4036,80,12730,507,0.00140362
3,33169.7,77263.7,103601,94125,22,2472,117109,108502,12097,539359,314,10020,8115,185,26904,1094,0.00140362
3,33536.7,77263.7,103601,94125,21,2472,117109,108502,12097,539359,314,10020,8115,185,26904,1094,0.00140362
3,37827.2,77263.7,103601,94125,30,2472,117109,108502,12097,539359,314,10020,8115,185,26904,1094,0.00140362
3,32657.2,80499.7,83303,75757,8,2487,117261,108611,12041,547030,262,8025,6424,118,20603,920,0.00140362
3,34190.9,80499.7,83303,75757,37,2487,117261,108611,12041,547030,262,8025,6424,118,20603,920,0.00140362
3,38240.8,80499.7,83303,75757,26,2487,117261,108611,12041,547030,262,8025,6424,118,20603,920,0.00140362
3,21747.2,36054.9,77145,70422,29,1309,61847,57504,6842,309436,243,7434,6000,147,18670,1124,0.00140362
3,40850.6,36054.9,77145,70422,23,1309,61847,57504,6842,309436,243,7434,6000,147,18670,1124,0.00140362
3,43791.4,36054.9,77145,70422,20,1309,61847,57504,6842,309436,243,7434,6000,147,18670,1124,0.00140362
3,14488.3,16543.7,35308.8,32320,19,824,32810,29258,2729,122351,112,3494,2778,60,7819,469,0.00140362
3,18855.1,16543.7,35308.8,32320,31,824,32810,29258,2729,122351,112,3494,2778,60,7819,469,0.00140362
3,20635.2,16543.7,35308.8,32320,36,824,32810,29258,2729,122351,112,3494,2778,60,7819,469,0.00140362
3,16084.5,155755,254657,227676,15,3335,203021,192358,20835,1173739,703,25389,21540,1006,91852,688,0.00140362
3,31073.8,155755,254657,227676,34,3335,203021,192358,20835,1173739,703,25389,21540,1006,91852,688,0.00140362
3,77963.3,155755,254657,227676,97,3335,203021,192358,20835,1173739,703,25389,21540,1006,91852,688,0.00140362
3,14296.7,22799.9,20188.3,18464,10,954,43167,39583,4204,177575,81,2020,1559,15,4020,330,0.00140362
3,18654.1,22799.9,20188.3,18464,15,954,43167,39583,4204,177575,81,2020,1559,15,4020,330,0.00140362
3,25616.9,22799.9,20188.3,18464,14,954,43167,39583,4204,177575,81,2020,1559,15,4020,330,0.00140362
3,19713.7,103667,110462,99671,22,2802,146049,137875,15550,753809,311,10468,8618,322,31442,659,0.00140362
3,20821.8,103667,110462,99671,11,2802,146049,137875,15550,753809,311,10468,8618,322,31442,659,0.00140362
3,46081.8,103667,110462,99671,52,2802,146049,137875,15550,753809,311,10468,8618,322,31442,659,0.00140362
3,20016.3,32714.6,45054.4,41186,10,1274,57299,51758,5384,230469,125,4237,3351,57,9831,669,0.00140362
3,22408.6,32714.6,45054.4,41186,20,1274,57299,51758,5384,230469,125,4237,3351,57,9831,669,0.00140362
3,26254.9,32714.6,45054.4,41186,15,1274,57299,51758,5384,230469,125,4237,3351,57,9831,669,0.00140362
3,37603.5,69584.8,79542.7,72340,4,2135,108462,101712,11551,576781,267,8006,6467,111,20911,1251,0.00140362
3,50978.8,69584.8,79542.7,72340,26,2135,108462,101712,11551,576781,267,8006,6467,111,20911,1251,0.00140362
3,53915.2,69584.8,79542.7,72340,19,2135,108462,101712,11551,576781,267,8006,6467,111,20911,1251,0.00140362
3,16824,22701.1,40071.1,36683,27,995,42898,39391,4248,177692,136,3978,3167,96,9184,513,0.00140362
3,20404.3,22701.1,40071.1,36683,17,995,42898,39391,4248,177692,136,3978,3167,96,9184,513,0.00140362
3,27856.9,22701.1,40071.1,36683,30,995,42898,39391,4248,177692,136,3978,3167,96,9184,513,0.00140362
3,8325.15,29623.9,34348.8,31335,9,1167,53873,49615,5461,229460,131,3468,2668,54,7673,350,0.00140362
3,17181.9,29623.9,34348.8,31335,25,1167,53873,49615,5461,229460,131,3468,2668,54,7673,350,0.00140362
3,30157.8,29623.9,34348.8,31335,26,1167,53873,49615,5461,229460,131,3468,2668,54,7673,350,0.00140362
3,17858.3,31099,64379,58849,18,1084,49693,46038,5288,238611,210,6221,4983,118,15170,905,0.00140362
3,33118.9,31099,64379,58849,22,1084,49693,46038,5288,238611,210,6221,4983,118,15170,905,0.00140362
3,34820.8,31099,64379,58849,17,1084,49693,46038,5288,238611,210,6221,4983,118,15170,905,0.00140362
3,7693.9,39119.9,54415.2,49237,13,1365,61303,56625,6216,281047,197,5529,4323,102,14014,448,0.00140362
3,26764.8,39119.9,54415.2,49237,11,1365,61303,56625,6216,281047,197,5529,4323,102,14014,448,0.00140362
3,30891.2,39119.9,54415.2,49237,30,1365,61303,56625,6216,281047,197,5529,4323,102,14014,448,0.00140362
3,19572.1,29070.8,53873.6,49181,38,1063,46781,42840,4703,199162,166,5309,4301,149,12842,672,0.00140362
3,21544.1,29070.8,53873.6,49181,23,1063,46781,42840,4703,199162,166,5309,4301,149,12842,672,0.00140362
3,30422,29070.8,53873.6,49181,43,1063,46781,42840,4703,199162,166,5309,4301,149,12842,672,0.00140362
3,31720.1,61813.3,167054,151679,25,1718,87513,81752,9418,424998,383,14937,12632,520,45017,1713,0.00140362
3,43165.4,61813.3,167054,151679,29,1718,87513,81752,9418,424998,383,14937,12632,520,45017,1713,0.00140362
3,45523.1,61813.3,167054,151679,48,1718,87513,81752,9418,424998,383,14937,12632,520,45017,1713,0.00140362
3,9809.96,21562.7,30290.2,27537,9,937,39796,35860,3647,154377,101,3150,2435,35,7998,252,0.00140362
3,20826.2,21562.7,30290.2,27537,15,937,39796,35860,3647,154377,101,3150,2435,35,7998,252,0.00140362
3,22524.4,21562.7,30290.2,27537,24,937,39796,35860,3647,154377,101,3150,2435,35,7998,252,0.00140362
3,19630.2,75962.1,89260.8,79845,8,2109,109971,103812,11666,555354,269,9078,7471,202,27705,577,0.00140362
3,31199.4,75962.1,89260.8,79845,9,2109,109971,103812,11666,555354,269,9078,7471,202,27705,577,0.00140362
3,48534.4,75962.1,89260.8,79845,29,2109,109971,103812,11666,555354,269,9078,7471,202,27705,577,0.00140362
3,3799.06,105446,80997.5,72833,4,2776,143260,135391,15147,743525,242,8124,6560,247,24654,304,0.00140362
3,18590.1,105446,80997.5,72833,24,2776,143260,135391,15147,743525,242,8124,6560,247,24654,304,0.00140362
3,44539.8,105446,80997.5,72833,56,2776,143260,135391,15147,743525,242,8124,6560,247,24654,304,0.00140362
3,1339.86,6191.75,9136.52,8323,2,375,12728,11113,1134,46263,48,983,702,17,2170,107,0.00140362
3,13530.1,6191.75,9136.52,8323,15,375,12728,11113,1134,46263,48,983,702,17,2170,107,0.00140362
3,16142.9,6191.75,9136.52,8323,18,375,12728,11113,1134,46263,48,983,702,17,2170,107,0.00140362
3,13734.8,56504,58611,53257,9,1781,89392,83490,9280,441201,211,6058,4881,126,16630,413,0.00140362
3,15934.3,56504,58611,53257,19,1781,89392,83490,9280,441201,211,6058,4881,126,16630,413,0.00140362
3,42083.7,56504,58611,53257,37,1781,89392,83490,9280,441201,211,6058,4881,126,16630,413,0.00140362
3,12998.5,32501.2,59734.2,54009,18,1357,59105,53439,5545,243555,197,5686,4469,114,15180,358,0.00140362
3,17968.6,32501.2,59734.2,54009,20,1357,59105,53439,5545,243555,197,5686,4469,114,15180,358,0.00140362
3,26724.4,32501.2,59734.2,54009,33,1357,59105,53439,5545,243555,197,5686,4469,114,15180,358,0.00140362
3,33294.5,58214,158633,143240,26,1660,85311,79650,9186,414365,376,14942,12638,553,44973,1534,0.00140362
3,44739.8,58214,158633,143240,30,1660,85311,79650,9186,414365,376,14942,12638,553,44973,1534,0.00140362
3,45541.1,58214,158633,143240,50,1660,85311,79650,9186,414365,376,14942,12638,553,44973,1534,0.00140362
3,9071.26,140242,218897,195094,13,3138,176652,167615,18452,963311,629,21882,18271,751,76285,281,0.00140362
3,13527.8,140242,218897,195094,20,3138,176652,167615,18452,963311,629,21882,18271,751,76285,281,0.00140362
3,61075.2,140242,218897,195094,68,3138,176652,167615,18452,963311,629,21882,18271,751,76285,281,0.00140362
3,6047.94,52429,40511.9,36123,8,1716,83270,77110,8648,374254,141,4036,3236,118,11576,74,0.00140362
3,6372.3,52429,40511.9,36123,10,1716,83270,77110,8648,374254,141,4036,3236,118,11576,74,0.00140362
3,33210.2,52429,40511.9,36123,49,1716,83270,77110,8648,374254,141,4036,3236,118,11576,74,0.00140362
3,8368.47,138629,171994,153966,14,3232,186187,176486,19648,1047318,457,16676,14035,651,56454,402,0.00140362
3,25008.7,138629,171994,153966,27,3232,186187,176486,19648,1047318,457,16676,14035,651,56454,402,0.00140362
3,70027.4,138629,171994,153966,91,3232,186187,176486,19648,1047318,457,16676,14035,651,56454,402,0.00140362
3,4929.01,30429.9,39152.8,35489,8,1241,53441,48896,5225,229981,147,3722,2852,73,9894,117,0.00140362
3,25983.2,30429.9,39152.8,35489,4,1241,53441,48896,5225,229981,147,3722,2852,73,9894,117,0.00140362
3,27546.3,30429.9,39152.8,35489,28,1241,53441,48896,5225,229981,147,3722,2852,73,9894,117,0.00140362
3,22744.6,55194,70737.9,64308,22,1702,82420,76301,8412,372637,216,7107,5687,125,16564,888,0.00140362
3,34741.3,55194,70737.9,64308,9,1702,82420,76301,8412,372637,216,7107,5687,125,16564,888,0.00140362
3,37016.2,55194,70737.9,64308,53,1702,82420,76301,8412,372637,216,7107,5687,125,16564,888,0.00140362
3,15323.3,154816,209868,188400,24,3252,198007,187598,20386,1137452,558,20598,17467,816,70766,763,0.00140362
3,31841.4,154816,209868,188400,28,3252,198007,187598,20386,1137452,558,20598,17467,816,70766,763,0.00140362
3,77059.4,154816,209868,188400,100,3252,198007,187598,20386,1137452,558,20598,17467,816,70766,763,0.00140362
3,15672.3,17607.7,27553,25269,13,810,33518,29888,3101,125840,89,2572,1956,35,5180,332,0.00140362
3,21024.4,17607.7,27553,25269,27,810,33518,29888,3101,125840,89,2572,1956,35,5180,332,0.00140362
3,21152.6,17607.7,27553,25269,8,810,33518,29888,3101,125840,89,2572,1956,35,5180,332,0.00140362
3,26662.1,51830.6,71931.7,65507,24,1695,82126,76756,8645,412951,202,6678,5470,140,17156,1124,0.00140362
3,36488.5,51830.6,71931.7,65507,6,1695,82126,76756,8645,412951,202,6678,5470,140,17156,1124,0.00140362
3,44039.9,51830.6,71931.7,65507,39,1695,82126,76756,8645,412951,202,6678,5470,140,17156,1124,0.00140362
3,19223.4,23886,44605.6,40672,17,907,41705,38361,4330,197362,169,4472,3476,102,11604,312,0.00140362
3,30659.6,23886,44605.6,40672,10,907,41705,38361,4330,197362,169,4472,3476,102,11604,312,0.00140362
3,31505.2,23886,44605.6,40672,35,907,41705,38361,4330,197362,169,4472,3476,102,11604,312,0.00140362
3,33578.5,65575,78375.1,71797,11,2016,100972,94772,10956,525582,217,7149,5814,79,16801,1444,0.00140362
3,47013.1,65575,78375.1,71797,28,2016,100972,94772,10956,525582,217,7149,5814,79,16801,1444,0.00140362
3,48851,65575,78375.1,71797,16,2016,100972,94772,10956,525582,217,7149,5814,79,16801,1444,0.00140362
3,18644.9,50371.5,54539.6,50174,21,1806,82827,75382,8009,350201,155,4712,3765,91,10330,808,0.00140362
3,29519.5,50371.5,54539.6,50174,30,1806,82827,75382,8009,350201,155,4712,3765,91,10330,808,0.00140362
3,30956.7,50371.5,54539.6,50174,4,1806,82827,75382,8009,350201,155,4712,3765,91,10330,808,0.00140362
3,24331.4,99832.1,84849.6,77254,30,2780,135651,124388,13599,619885,274,8272,6667,166,20952,981,0.00140362
3,24788,99832.1,84849.6,77254,23,2780,135651,124388,13599,619885,274,8272,6667,166,20952,981,0.00140362
3,38424.9,99832.1,84849.6,77254,42,2780,135651,124388,13599,619885,274,8272,6667,166,20952,981,0.00140362
3,13120.3,34142.9,34251.8,31208,20,1295,56724,51176,5268,231899,127,3411,2700,39,8219,384,0.00140362
3,18466,34142.9,34251.8,31208,17,1295,56724,51176,5268,231899,127,3411,2700,39,8219,384,0.00140362
3,26298.3,34142.9,34251.8,31208,39,1295,56724,51176,5268,231899,127,3411,2700,39,8219,384,0.00140362
3,22804.9,40675.9,45851.9,41604,8,1426,66428,60532,6382,277647,165,4540,3496,71,10981,392,0.00140362
3,27883.8,40675.9,45851.9,41604,21,1426,66428,60532,6382,277647,165,4540,3496,71,10981,392,0.00140362
3,28126.5,40675.9,45851.9,41604,29,1426,66428,60532,6382,277647,165,4540,3496,71,10981,392,0.00140362
3,10718.1,51756.7,57124,51927,16,1866,86191,78398,8383,368339,165,5324,4282,100,14028,570,0.00140362
3,29362.5,51756.7,57124,51927,17,1866,86191,78398,8383,368339,165,5324,4282,100,14028,570,0.00140362
3,31669.8,51756.7,57124,51927,15,1866,86191,78398,8383,368339,165,5324,4282,100,14028,570,0.00140362
3,39399.7,97004.6,167806,152877,43,2650,136217,128269,13926,725818,423,14868,12393,374,43645,1992,0.00140362
3,49248.6,97004.6,167806,152877,20,2650,136217,128269,13926,725818,423,14868,12393,374,43645,1992,0.00140362
3,50761.9,97004.6,167806,152877,43,2650,136217,128269,13926,725818,423,14868,12393,374,43645,1992,0.00140362
3,22881.7,57910.1,59886.6,54312,10,2071,92733,84464,9417,401610,201,6023,4851,131,15109,682,0.00140362
3,29961.7,57910.1,59886.6,54312,21,2071,92733,84464,9417,401610,201,6023,4851,131,15109,682,0.00140362
3,32862.4,57910.1,59886.6,54312,44,2071,92733,84464,9417,401610,201,6023,4851,131,15109,682,0.00140362
3,25787.8,86492.7,72927.9,66573,26,2621,125081,115007,12858,569220,214,6714,5255,90,15695,779,0.00140362
3,28451,86492.7,72927.9,66573,9,2621,125081,115007,12858,569220,214,6714,5255,90,15695,779,0.00140362
3,37465.4,86492.7,72927.9,66573,16,2621,125081,115007,12858,569220,214,6714,5255,90,15695,779,0.00140362
3,7895.72,76392.1,88774,79904,12,2140,112117,105807,11945,571279,278,8789,7310,268,26708,391,0.00140362
3,18170.3,76392.1,88774,79904,14,2140,112117,105807,11945,571279,278,8789,7310,268,26708,391,0.00140362
3,46440.7,76392.1,88774,79904,61,2140,112117,105807,11945,571279,278,8789,7310,268,26708,391,0.00140362
3,21311.8,99261.1,91754.7,83265,27,2799,133738,122637,13431,606110,260,8919,7340,251,24877,933,0.00140362
3,27354.8,99261.1,91754.7,83265,24,2799,133738,122637,13431,606110,260,8919,7340,251,24877,933,0.00140362
3,38240.5,99261.1,91754.7,83265,37,2799,133738,122637,13431,606110,260,8919,7340,251,24877,933,0.00140362
3,34363.2,90020.4,109905,99394,37,2722,130653,122331,13506,653457,339,10764,8620,201,27272,1145,0.00140362
3,36720.9,90020.4,109905,99394,6,2722,130653,122331,13506,653457,339,10764,8620,201,27272,1145,0.00140362
3,41893,90020.4,109905,99394,32,2722,130653,122331,13506,653457,339,10764,8620,201,27272,1145,0.00140362
3,9628.81,19672.1,15084.4,13791,11,994,38388,34209,3457,147201,71,1558,1153,15,3079,221,0.00140362
3,11544.8,19672.1,15084.4,13791,11,994,38388,34209,3457,147201,71,1558,1153,15,3079,221,0.00140362
3,22428.6,19672.1,15084.4,13791,29,994,38388,34209,3457,147201,71,1558,1153,15,3079,221,0.00140362
3,25230.9,60443.6,70842.6,64473,25,1963,93887,88101,9737,478611,226,6813,5601,168,18394,667,0.00140362
3,37977.1,60443.6,70842.6,64473,6,1963,93887,88101,9737,478611,226,6813,5601,168,18394,667,0.00140362
3,39769.4,60443.6,70842.6,64473,35,1963,93887,88101,9737,478611,226,6813,5601,168,18394,667,0.00140362
3,22054.9,91315.3,167507,150406,32,2420,133798,126514,14021,711357,472,16031,13485,496,49625,1226,0.00140362
3,32472.5,91315.3,167507,150406,31,2420,133798,126514,14021,711357,472,16031,13485,496,49625,1226,0.00140362
3,60548.9,91315.3,167507,150406,79,2420,133798,126514,14021,711357,472,16031,13485,496,49625,1226,0.00140362
3,7383.87,6903.9,6559.56,6173,4,439,14336,12564,1150,49928,26,405,293,0,632,70,0.00140362
3,7904.39,6903.9,6559.56,6173,10,439,14336,12564,1150,49928,26,405,293,0,632,70,0.00140362
3,14935.6,6903.9,6559.56,6173,4,439,14336,12564,1150,49928,26,405,293,0,632,70,0.00140362
3,11546.6,17260,24731.6,22644,22,778,32413,29524,3001,126874,99,2412,1842,37,5353,222,0.00140362
3,22542.7,17260,24731.6,22644,17,778,32413,29524,3001,126874,99,2412,1842,37,5353,222,0.00140362
3,22706.7,17260,24731.6,22644,20,778,32413,29524,3001,126874,99,2412,1842,37,5353,222,0.00140362
3,13399.4,24026.4,37743.9,34332,8,1021,43528,40234,4385,207829,157,3940,3106,77,9100,485,0.00140362
3,24709.9,24026.4,37743.9,34332,23,1021,43528,40234,4385,207829,157,3940,3106,77,9100,485,0.00140362
3,28161.7,24026.4,37743.9,34332,21,1021,43528,40234,4385,207829,157,3940,3106,77,9100,485,0.00140362
3,12637.2,14841.8,27423.4,25160,25,767,28528,25198,2543,105153,92,2550,1996,27,5628,366,0.00140362
3,14150.7,14841.8,27423.4,25160,17,767,28528,25198,2543,105153,92,2550,1996,27,5628,366,0.00140362
3,19729,14841.8,27423.4,25160,22,767,28528,25198,2543,105153,92,2550,1996,27,5628,366,0.00140362
3,16025.1,29167.7,36019.8,32971,25,1016,43061,38651,3793,167528,117,3294,2616,53,7518,374,0.00140362
3,17574.2,29167.7,36019.8,32971,16,1016,43061,38651,3793,167528,117,3294,2616,53,7518,374,0.00140362
3,23365.3,29167.7,36019.8,32971,30,1016,43061,38651,3793,167528,117,3294,2616,53,7518,374,0.00140362
3,15153.3,147282,239911,213314,5,3160,190046,180155,19628,1065521,601,23742,20083,813,82652,566,0.00140362
3,26091.5,147282,239911,213314,33,3160,190046,180155,19628,1065521,601,23742,20083,813,82652,566,0.00140362
3,72060.7,147282,239911,213314,85,3160,190046,180155,19628,1065521,601,23742,20083,813,82652,566,0.00140362
3,6284.42,58596.2,41136.6,37227,9,1740,83588,77419,8615,376573,146,4197,3347,129,12110,79,0.00140362
3,6307.88,58596.2,41136.6,37227,11,1740,83588,77419,8615,376573,146,4197,3347,129,12110,79,0.00140362
3,33545.8,58596.2,41136.6,37227,49,1740,83588,77419,8615,376573,146,4197,3347,129,12110,79,0.00140362
3,26908.5,50308.1,90281.8,82537,30,1682,81673,75586,8316,367716,261,8573,6924,204,19580,1260,0.00140362
3,36243.8,50308.1,90281.8,82537,49,1682,81673,75586,8316,367716,261,8573,6924,204,19580,1260,0.00140362
3,38307.6,50308.1,90281.8,82537,20,1682,81673,75586,8316,367716,261,8573,6924,204,19580,1260,0.00140362
3,14229.4,22712.9,9618.21,8795,9,965,43431,39638,4271,177645,36,968,693,0,1677,168,0.00140362
3,16612.1,22712.9,9618.21,8795,4,965,43431,39638,4271,177645,36,968,693,0,1677,168,0.00140362
3,24455.8,22712.9,9618.21,8795,5,965,43431,39638,4271,177645,36,968,693,0,1677,168,0.00140362
3,18036,45772.8,37561.4,34047,2,1633,76548,69721,7447,325423,127,3933,3091,34,9486,438,0.00140362
3,22944.3,45772.8,37561.4,34047,24,1633,76548,69721,7447,325423,127,3933,3091,34,9486,438,0.00140362
3,29850.9,45772.8,37561.4,34047,16,1633,76548,69721,7447,325423,127,3933,3091,34,9486,438,0.00140362
3,44712,108598,240274,217805,43,2720,144367,135955,14809,788898,617,21376,17798,560,66797,1993,0.00140362
3,56942.5,108598,240274,217805,29,2720,144367,135955,14809,788898,617,21376,17798,560,66797,1993,0.00140362
3,57577.9,108598,240274,217805,27,2720,144367,135955,14809,788898,617,21376,17798,560,66797,1993,0.00140362
3,19259.8,71896.9,64216.3,58573,24,2338,111768,102200,10876,493418,198,6261,4974,82,14722,935,0.00140362
3,28740,71896.9,64216.3,58573,31,2338,111768,102200,10876,493418,198,6261,4974,82,14722,935,0.00140362
3,35289.4,71896.9,64216.3,58573,11,2338,111768,102200,10876,493418,198,6261,4974,82,14722,935,0.00140362
3,39802,97873.9,158931,145029,16,2675,131759,123253,13548,659763,413,14573,11911,365,38218,1729,0.00140362
3,40460.2,97873.9,158931,145029,42,2675,131759,123253,13548,659763,413,14573,11911,365,38218,1729,0.00140362
3,45788.9,97873.9,158931,145029,50,2675,131759,123253,13548,659763,413,14573,11911,365,38218,1729,0.00140362
3,10011.7,11195.5,21863.7,20131,8,631,23169,20706,2085,92273,85,1923,1454,34,4256,186,0.00140362
3,10781.7,11195.5,21863.7,20131,9,631,23169,20706,2085,92273,85,1923,1454,34,4256,186,0.00140362
3,22586.4,11195.5,21863.7,20131,25,631,23169,20706,2085,92273,85,1923,1454,34,4256,186,0.00140362
3,30283.2,79425.6,81422.4,73922,8,2478,116925,108175,12240,539567,250,8051,6409,142,19729,932,0.00140362
3,33324.9,79425.6,81422.4,73922,29,2478,116925,108175,12240,539567,250,8051,6409,142,19729,932,0.00140362
3,37562.1,79425.6,81422.4,73922,22,2478,116925,108175,12240,539567,250,8051,6409,142,19729,932,0.00140362
3,7933.23,36085.5,31122.6,28443,4,1363,60848,55067,5564,250614,99,2724,2120,36,7588,41,0.00140362
3,27171.4,36085.5,31122.6,28443,4,1363,60848,55067,5564,250614,99,2724,2120,36,7588,41,0.00140362
3,27292.7,36085.5,31122.6,28443,19,1363,60848,55067,5564,250614,99,2724,2120,36,7588,41,0.00140362
3,26754.8,56199.6,62558.4,57110,9,1848,88417,82967,9510,448872,181,6169,5000,93,14778,1128,0.00140362
3,40633.1,56199.6,62558.4,57110,30,1848,88417,82967,9510,448872,181,6169,5000,93,14778,1128,0.00140362
3,41870.7,56199.6,62558.4,57110,15,1848,88417,82967,9510,448872,181,6169,5000,93,14778,1128,0.00140362
3,17984.9,84104.3,88091,79884,26,2266,119205,111401,12701,595538,249,8812,7087,210,22545,849,0.00140362
3,27785.6,84104.3,88091,79884,19,2266,119205,111401,12701,595538,249,8812,7087,210,22545,849,0.00140362
3,45427.9,84104.3,88091,79884,66,2266,119205,111401,12701,595538,249,8812,7087,210,22545,849,0.00140362
3,22736.8,27407.4,67757,61672,20,930,43896,40509,4728,208855,223,6179,4852,144,16547,524,0.00140362
3,33215.1,27407.4,67757,61672,6,930,43896,40509,4728,208855,223,6179,4852,144,16547,524,0.00140362
3,35021.1,27407.4,67757,61672,35,930,43896,40509,4728,208855,223,6179,4852,144,16547,524,0.00140362
3,26335.1,28795.9,95126.7,86205,32,1030,49382,45686,5555,239992,298,9306,7515,221,26894,919,0.00140362
3,39180.8,28795.9,95126.7,86205,9,1030,49382,45686,5555,239992,298,9306,7515,221,26894,919,0.00140362
3,40903.4,28795.9,95126.7,86205,44,1030,49382,45686,5555,239992,298,9306,7515,221,26894,919,0.00140362
3,17267,60811.5,33791.9,30905,23,1885,92429,85684,9167,418394,122,3508,2704,32,6413,642,0.00140362
3,24457,60811.5,33791.9,30905,33,1885,92429,85684,9167,418394,122,3508,2704,32,6413,642,0.00140362
3,33680.8,60811.5,33791.9,30905,11,1885,92429,85684,9167,418394,122,3508,2704,32,6413,642,0.00140362
3,1608.56,71985.3,72451.2,65175,4,2018,105902,99673,11258,530049,215,7224,5942,211,23099,88,0.00140362
3,12878.6,71985.3,72451.2,65175,10,2018,105902,99673,11258,530049,215,7224,5942,211,23099,88,0.00140362
3,40613.5,71985.3,72451.2,65175,58,2018,105902,99673,11258,530049,215,7224,5942,211,23099,88,0.00140362
3,17996.7,160688,234044,208496,15,3363,195355,184865,20927,1127016,598,23209,19851,982,85644,571,0.00140362
3,31334,160688,234044,208496,5,3363,195355,184865,20927,1127016,598,23209,19851,982,85644,571,0.00140362
3,72327.9,160688,234044,208496,70,3363,195355,184865,20927,1127016,598,23209,19851,982,85644,571,0.00140362
3,8151.97,76926.6,93548.8,84046,12,2161,114785,108401,12236,586262,290,9491,7882,259,30208,381,0.00140362
3,19156.5,76926.6,93548.8,84046,12,2161,114785,108401,12236,586262,290,9491,7882,259,30208,381,0.00140362
3,46908,76926.6,93548.8,84046,59,2161,114785,108401,12236,586262,290,9491,7882,259,30208,381,0.00140362
3,25884.6,56366.1,54619.6,49819,8,1792,86095,79713,8473,387216,173,5124,4029,70,11801,693,0.00140362
3,26857.2,56366.1,54619.6,49819,28,1792,86095,79713,8473,387216,173,5124,4029,70,11801,693,0.00140362
3,34538.6,56366.1,54619.6,49819,41,1792,86095,79713,8473,387216,173,5124,4029,70,11801,693,0.00140362
3,10460.9,80600.6,109302,98069,10,2195,115539,109093,12315,595023,340,10593,8736,298,31741,489,0.00140362
3,20295.4,80600.6,109302,98069,23,2195,115539,109093,12315,595023,340,10593,8736,298,31741,489,0.00140362
3,49000.2,80600.6,109302,98069,62,2195,115539,109093,12315,595023,340,10593,8736,298,31741,489,0.00140362
3,14845.6,30858.6,39139.4,35581,23,1178,51202,46933,4910,231193,149,3997,3179,93,9285,566,0.00140362
3,22273.6,30858.6,39139.4,35581,7,1178,51202,46933,4910,231193,149,3997,3179,93,9285,566,0.00140362
3,31937.9,30858.6,39139.4,35581,39,1178,51202,46933,4910,231193,149,3997,3179,93,9285,566,0.00140362
3,40317.6,83263.7,97050.1,88075,16,2232,115543,108505,12033,618097,267,9152,7548,202,28500,791,0.00140362
3,53792.8,83263.7,97050.1,88075,4,2232,115543,108505,12033,618097,267,9152,7548,202,28500,791,0.00140362
3,54155.9,83263.7,97050.1,88075,36,2232,115543,108505,12033,618097,267,9152,7548,202,28500,791,0.00140362
3,7520.11,14159.1,17874.6,16093,3,695,26499,23851,2476,107612,86,1990,1485,40,4665,85,0.00140362
3,11792.1,14159.1,17874.6,16093,4,695,26499,23851,2476,107612,86,1990,1485,40,4665,85,0.00140362
3,22991.1,14159.1,17874.6,16093,31,695,26499,23851,2476,107612,86,1990,1485,40,4665,85,0.00140362
3,18425.1,32699.3,32142,29321,12,1225,50861,45755,5010,201654,106,3088,2388,43,6391,373,0.00140362
3,22980,32699.3,32142,29321,5,1225,50861,45755,5010,201654,106,3088,2388,43,6391,373,0.00140362
3,25147.1,32699.3,32142,29321,34,1225,50861,45755,5010,201654,106,3088,2388,43,6391,373,0.00140362
3,18937.4,157681,219919,197130,26,3294,199570,188979,20364,1157337,593,22124,18768,848,76021,910,0.00140362
3,35577.6,157681,219919,197130,39,3294,199570,188979,20364,1157337,593,22124,18768,848,76021,910,0.00140362
3,79913.7,157681,219919,197130,98,3294,199570,188979,20364,1157337,593,22124,18768,848,76021,910,0.00140362
3,25224.3,63115.3,54251.7,49241,4,2155,97623,89305,9947,427630,175,5551,4431,112,13486,582,0.00140362
3,29432.8,63115.3,54251.7,49241,21,2155,97623,89305,9947,427630,175,5551,4431,112,13486,582,0.00140362
3,33582.9,63115.3,54251.7,49241,35,2155,97623,89305,9947,427630,175,5551,4431,112,13486,582,0.00140362
3,38863.6,98120.5,188838,169948,56,2725,138515,130393,14200,733695,492,16737,13851,390,48287,1924,0.00140362
3,47237.2,98120.5,188838,169948,18,2725,138515,130393,14200,733695,492,16737,13851,390,48287,1924,0.00140362
3,49772.5,98120.5,188838,169948,37,2725,138515,130393,14200,733695,492,16737,13851,390,48287,1924,0.00140362
3,24591,51171.8,62179.3,56867,38,1637,76897,71050,7689,338028,185,5755,4566,81,13092,821,0.00140362
3,30395.6,51171.8,62179.3,56867,15,1637,76897,71050,7689,338028,185,5755,4566,81,13092,821,0.00140362
3,33310.1,51171.8,62179.3,56867,38,1637,76897,71050,7689,338028,185,5755,4566,81,13092,821,0.00140362
3,4247.53,61401.5,42078.6,37901,5,1804,89874,83764,9373,419796,145,4421,3571,137,12824,82,0.00140362
3,7507.66,61401.5,42078.6,37901,5,1804,89874,83764,9373,419796,145,4421,3571,137,12824,82,0.00140362
3,35196.6,61401.5,42078.6,37901,50,1804,89874,83764,9373,419796,145,4421,3571,137,12824,82,0.00140362
3,22442,31990.8,33825,31020,7,1262,57160,51694,5335,231995,89,3239,2588,56,7478,503,0.00140362
3,25494.5,31990.8,33825,31020,29,1262,57160,51694,5335,231995,89,3239,2588,56,7478,503,0.00140362
3,26237.6,31990.8,33825,31020,8,1262,57160,51694,5335,231995,89,3239,2588,56,7478,503,0.00140362
3,11330.1,122292,99566.2,89523,4,2818,155935,147509,16331,827229,277,10167,8374,270,32116,255,0.00140362
3,16707.7,122292,99566.2,89523,13,2818,155935,147509,16331,827229,277,10167,8374,270,32116,255,0.00140362
3,54911.2,122292,99566.2,89523,60,2818,155935,147509,16331,827229,277,10167,8374,270,32116,255,0.00140362
3,14693.2,65930.3,33968.4,31250,19,2067,101736,95309,10400,484497,111,3007,2291,27,5389,566,0.00140362
3,22896.7,65930.3,33968.4,31250,24,2067,101736,95309,10400,484497,111,3007,2291,27,5389,566,0.00140362
3,36482,65930.3,33968.4,31250,9,2067,101736,95309,10400,484497,111,3007,2291,27,5389,566,0.00140362
3,8000.71,102188,66632.3,59955,3,2588,135263,126722,14217,674390,200,7238,5692,119,19467,374,0.00140362
3,24643.4,102188,66632.3,59955,15,2588,135263,126722,14217,674390,200,7238,5692,119,19467,374,0.00140362
3,42556.2,102188,66632.3,59955,34,2588,135263,126722,14217,674390,200,7238,5692,119,19467,374,0.00140362
3,17470.7,50032.6,117000,105932,18,1594,77777,72281,8232,385445,339,11283,9131,259,31792,1031,0.00140362
3,31994.7,50032.6,117000,105932,36,1594,77777,72281,8232,385445,339,11283,9131,259,31792,1031,0.00140362
3,41885.8,50032.6,117000,105932,28,1594,77777,72281,8232,385445,339,11283,9131,259,31792,1031,0.00140362
3,10127.3,141393,180158,160721,10,3240,185903,176188,19512,1047322,492,17946,15131,669,60950,513,0.00140362
3,26779.8,141393,180158,160721,22,3240,185903,176188,19512,1047322,492,17946,15131,669,60950,513,0.00140362
3,70834.4,141393,180158,160721,87,3240,185903,176188,19512,1047322,492,17946,15131,669,60950,513,0.00140362
3,15373.5,21725.5,12844.4,11660,8,889,39236,35520,3737,154577,40,1291,960,0,2354,205,0.00140362
3,15976.7,21725.5,12844.4,11660,6,889,39236,35520,3737,154577,40,1291,960,0,2354,205,0.00140362
3,22850.8,21725.5,12844.4,11660,7,889,39236,35520,3737,154577,40,1291,960,0,2354,205,0.00140362
3,12385.4,137229,239407,213914,21,3103,182828,173279,19011,1008052,636,23634,19875,732,81024,477,0.00140362
3,19384.5,137229,239407,213914,30,3103,182828,173279,19011,1008052,636,23634,19875,732,81024,477,0.00140362
3,65907.1,137229,239407,213914,74,3103,182828,173279,19011,1008052,636,23634,19875,732,81024,477,0.00140362
3,28460,51931.4,129140,116548,27,1658,80016,74701,8342,376147,353,11604,9605,414,34740,730,0.00140362
3,39511.8,51931.4,129140,116548,32,1658,80016,74701,8342,376147,353,11604,9605,414,34740,730,0.00140362
3,39610.8,51931.4,129140,116548,31,1658,80016,74701,8342,376147,353,11604,9605,414,34740,730,0.00140362
3,37884,100610,150087,136755,43,2724,133861,125979,13728,696696,423,14313,11650,358,36915,1782,0.00140362
3,42891.4,100610,150087,136755,9,2724,133861,125979,13728,696696,423,14313,11650,358,36915,1782,0.00140362
3,45574.8,100610,150087,136755,45,2724,133861,125979,13728,696696,423,14313,11650,358,36915,1782,0.00140362
3,17439.8,15951.4,35925.5,32993,3,822,32231,28628,2949,118635,104,3175,2420,62,7249,256,0.00140362
3,20457,15951.4,35925.5,32993,19,822,32231,28628,2949,118635,104,3175,2420,62,7249,256,0.00140362
3,20691.9,15951.4,35925.5,32993,26,822,32231,28628,2949,118635,104,3175,2420,62,7249,256,0.00140362
3,19096,19707.3,34097.1,31217,16,956,39170,34930,3763,149243,106,3275,2537,53,7079,433,0.00140362
3,19553.1,19707.3,34097.1,31217,4,956,39170,34930,3763,149243,106,3275,2537,53,7079,433,0.00140362
3,22385,19707.3,34097.1,31217,27,956,39170,34930,3763,149243,106,3275,2537,53,7079,433,0.00140362
3,8489.09,83988.6,75701.6,67648,6,2249,113629,107453,12089,571388,235,7992,6608,184,25716,264,0.00140362
3,19740.3,83988.6,75701.6,67648,12,2249,113629,107453,12089,571388,235,7992,6608,184,25716,264,0.00140362
3,43640.8,83988.6,75701.6,67648,62,2249,113629,107453,12089,571388,235,7992,6608,184,25716,264,0.00140362
3,15422.7,50976.7,52491.2,47787,14,1672,82833,77180,8654,401471,189,5290,4211,92,13556,388,0.00140362
3,15774.8,50976.7,52491.2,47787,17,1672,82833,77180,8654,401471,189,5290,4211,92,13556,388,0.00140362
3,40743.1,50976.7,52491.2,47787,39,1672,82833,77180,8654,401471,189,5290,4211,92,13556,388,0.00140362
3,20804.2,75383.6,72168,65569,21,2282,109143,99808,10626,478735,224,7058,5684,129,17172,892,0.00140362
3,27238.5,75383.6,72168,65569,34,2282,109143,99808,10626,478735,224,7058,5684,129,17172,892,0.00140362
3,34975.7,75383.6,72168,65569,40,2282,109143,99808,10626,478735,224,7058,5684,129,17172,892,0.00140362
3,24176.7,60435.4,68292.2,61965,28,1980,91563,84333,9378,421820,212,6797,5444,148,16405,902,0.00140362
3,31533.1,60435.4,68292.2,61965,18,1980,91563,84333,9378,421820,212,6797,5444,148,16405,902,0.00140362
3,32896.2,60435.4,68292.2,61965,31,1980,91563,84333,9378,421820,212,6797,5444,148,16405,902,0.00140362
3,7190.24,34402.9,30422.5,27624,5,1296,57077,51573,5218,234618,100,2696,2061,42,7207,99,0.00140362
3,26383.5,34402.9,30422.5,27624,23,1296,57077,51573,5218,234618,100,2696,2061,42,7207,99,0.00140362
3,26426.5,34402.9,30422.5,27624,8,1296,57077,51573,5218,234618,100,2696,2061,42,7207,99,0.00140362
3,8756.48,136066,171807,154130,14,3151,175813,166614,18953,972276,458,16441,13735,701,56704,319,0.00140362
3,21088.8,136066,171807,154130,6,3151,175813,166614,18953,972276,458,16441,13735,701,56704,319,0.00140362
3,63029,136066,171807,154130,74,3151,175813,166614,18953,972276,458,16441,13735,701,56704,319,0.00140362
3,12086.8,81205.6,92684.2,83241,16,2268,119560,113073,12620,614426,301,9640,7968,250,28800,566,0.00140362
3,23295.7,81205.6,92684.2,83241,18,2268,119560,113073,12620,614426,301,9640,7968,250,28800,566,0.00140362
3,49901.5,81205.6,92684.2,83241,65,2268,119560,113073,12620,614426,301,9640,7968,250,28800,566,0.00140362
3,3037.15,14148.2,19410.7,17690,5,743,27221,24472,2462,108101,83,2043,1564,29,4358,281,0.00140362
3,17261.5,14148.2,19410.7,17690,22,743,27221,24472,2462,108101,83,2043,1564,29,4358,281,0.00140362
3,20664.5,14148.2,19410.7,17690,21,743,27221,24472,2462,108101,83,2043,1564,29,4358,281,0.00140362
3,12414.7,34397.4,38545,35171,14,1315,55342,50214,5274,229822,128,3610,2848,67,8432,415,0.00140362
3,21661.4,34397.4,38545,35171,13,1315,55342,50214,5274,229822,128,3610,2848,67,8432,415,0.00140362
3,26299.9,34397.4,38545,35171,37,1315,55342,50214,5274,229822,128,3610,2848,67,8432,415,0.00140362
3,41894.4,82660.1,116735,106227,19,2314,121547,114178,12645,651684,300,10247,8523,229,32004,1008,0.00140362
3,55227.1,82660.1,116735,106227,7,2314,121547,114178,12645,651684,300,10247,8523,229,32004,1008,0.00140362
3,55772.7,82660.1,116735,106227,40,2314,121547,114178,12645,651684,300,10247,8523,229,32004,1008,0.00140362
3,18046.7,27449,65601,60185,18,1059,48285,44702,5118,231069,199,5820,4642,92,13768,876,0.00140362
3,32775.2,27449,65601,60185,22,1059,48285,44702,5118,231069,199,5820,4642,92,13768,876,0.00140362
3,34300.9,27449,65601,60185,18,1059,48285,44702,5118,231069,199,5820,4642,92,13768,876,0.00140362
3,16839.3,119808,134497,120726,6,2762,157193,148637,16383,837575,349,13162,10926,386,40828,479,0.00140362
3,18232.1,119808,134497,120726,24,2762,157193,148637,16383,837575,349,13162,10926,386,40828,479,0.00140362
3,58310.5,119808,134497,120726,70,2762,157193,148637,16383,837575,349,13162,10926,386,40828,479,0.00140362
3,13600.9,21701.1,19659.1,18042,9,908,39896,36448,3884,161036,84,1977,1535,22,3938,279,0.00140362
3,19573.5,21701.1,19659.1,18042,15,908,39896,36448,3884,161036,84,1977,1535,22,3938,279,0.00140362
3,24893.4,21701.1,19659.1,18042,17,908,39896,36448,3884,161036,84,1977,1535,22,3938,279,0.00140362
3,26178.6,48353.6,84052,76951,27,1687,81656,75580,8291,368411,236,7909,6343,165,18095,1157,0.00140362
3,35958.5,48353.6,84052,76951,51,1687,81656,75580,8291,368411,236,7909,6343,165,18095,1157,0.00140362
3,37875,48353.6,84052,76951,18,1687,81656,75580,8291,368411,236,7909,6343,165,18095,1157,0.00140362
3,25286.7,96108.7,192578,173171,29,2448,135659,128044,14245,728891,555,19328,16109,483,60745,1449,0.00140362
3,35947.4,96108.7,192578,173171,30,2448,135659,128044,14245,728891,555,19328,16109,483,60745,1449,0.00140362
3,62211.7,96108.7,192578,173171,35,2448,135659,128044,14245,728891,555,19328,16109,483,60745,1449,0.00140362
3,13981.3,139939,178982,160709,17,3164,174924,165695,18916,967322,480,17863,15094,735,60360,672,0.00140362
3,24551.8,139939,178982,160709,18,3164,174924,165695,18916,967322,480,17863,15094,735,60360,672,0.00140362
3,61937.1,139939,178982,160709,61,3164,174924,165695,18916,967322,480,17863,15094,735,60360,672,0.00140362
3,5478.06,7042.89,9519.26,8743,9,349,11218,9553,815,36298,58,933,674,9,1585,138,0.00140362
3,12201.8,7042.89,9519.26,8743,16,349,11218,9553,815,36298,58,933,674,9,1585,138,0.00140362
3,13090.7,7042.89,9519.26,8743,15,349,11218,9553,815,36298,58,933,674,9,1585,138,0.00140362
3,14529,19183.4,22404.4,20555,13,849,36036,32257,3247,139755,76,2252,1731,22,4351,372,0.00140362
3,16516.2,19183.4,22404.4,20555,20,849,36036,32257,3247,139755,76,2252,1731,22,4351,372,0.00140362
3,21657.6,19183.4,22404.4,20555,23,849,36036,32257,3247,139755,76,2252,1731,22,4351,372,0.00140362
3,25302.1,52330.6,55145.8,50239,9,1735,83038,77732,8705,418960,176,5623,4524,56,13140,864,0.00140362
3,37212.1,52330.6,55145.8,50239,16,1735,83038,77732,8705,418960,176,5623,4524,56,13140,864,0.00140362
3,42385.6,52330.6,55145.8,50239,24,1735,83038,77732,8705,418960,176,5623,4524,56,13140,864,0.00140362
3,7502.27,4509.69,7881.91,7217,3,336,10682,9179,804,35368,41,841,607,11,1454,102,0.00140362
3,8093.92,4509.69,7881.91,7217,11,336,10682,9179,804,35368,41,841,607,11,1454,102,0.00140362
3,13023.5,4509.69,7881.91,7217,17,336,10682,9179,804,35368,41,841,607,11,1454,102,0.00140362
3,16191.6,66971.7,79467.9,72584,23,2148,96922,88253,9678,418243,191,7231,5837,163,17926,1010,0.00140362
3,31709.4,66971.7,79467.9,72584,33,2148,96922,88253,9678,418243,191,7231,5837,163,17926,1010,0.00140362
3,33397.7,66971.7,79467.9,72584,8,2148,96922,88253,9678,418243,191,7231,5837,163,17926,1010,0.00140362
3,4087.59,8881.57,12141,11093,4,557,19140,16810,1634,66493,60,1343,971,9,2756,126,0.00140362
3,14924,8881.57,12141,11093,9,557,19140,16810,1634,66493,60,1343,971,9,2756,126,0.00140362
3,16653.4,8881.57,12141,11093,19,557,19140,16810,1634,66493,60,1343,971,9,2756,126,0.00140362
3,11333.1,29716.7,26770.3,24387,15,1202,51699,46965,4869,217363,115,2810,2144,72,6670,256,0.00140362
3,22445,29716.7,26770.3,24387,7,1202,51699,46965,4869,217363,115,2810,2144,72,6670,256,0.00140362
3,25842.2,29716.7,26770.3,24387,35,1202,51699,46965,4869,217363,115,2810,2144,72,6670,256,0.00140362
3,447.849,40109.5,38254.2,34678,2,1458,67410,62168,6747,291845,120,3407,2608,79,9549,50,0.00140362
3,11275.7,40109.5,38254.2,34678,5,1458,67410,62168,6747,291845,120,3407,2608,79,9549,50,0.00140362
3,30690.2,40109.5,38254.2,34678,5,1458,67410,62168,6747,291845,120,3407,2608,79,9549,50,0.00140362
3,7490.63,127699,99807.3,89610,7,2961,161624,153228,17134,863862,310,10288,8404,392,33404,162,0.00140362
3,9519.36,127699,99807.3,89610,10,2961,161624,153228,17134,863862,310,10288,8404,392,33404,162,0.00140362
3,53972,127699,99807.3,89610,66,2961,161624,153228,17134,863862,310,10288,8404,392,33404,162,0.00140362
3,15825.2,65415,29030.3,26790,25,1954,95892,89776,9716,453140,84,2498,1927,20,4442,536,0.00140362
3,24763.4,65415,29030.3,26790,22,1954,95892,89776,9716,453140,84,2498,1927,20,4442,536,0.00140362
3,35650.6,65415,29030.3,26790,5,1954,95892,89776,9716,453140,84,2498,1927,20,4442,536,0.00140362
3,17955.5,25375.4,47140.7,42898,15,1117,45153,40347,4408,173966,152,4603,3623,133,11459,351,0.00140362
3,23717.3,25375.4,47140.7,42898,21,1117,45153,40347,4408,173966,152,4603,3623,133,11459,351,0.00140362
3,23962.9,25375.4,47140.7,42898,29,1117,45153,40347,4408,173966,152,4603,3623,133,11459,351,0.00140362
3,28719.7,62262.2,98395.5,89884,32,1900,92827,86123,9526,433024,288,9581,7798,246,22709,1406,0.00140362
3,34881.7,62262.2,98395.5,89884,46,1900,92827,86123,9526,433024,288,9581,7798,246,22709,1406,0.00140362
3,40398.2,62262.2,98395.5,89884,20,1900,92827,86123,9526,433024,288,9581,7798,246,22709,1406,0.00140362
3,16175.8,81183.8,86052,77778,25,2320,121611,113663,12916,603605,240,8638,7007,223,22773,748,0.00140362
3,26711.2,81183.8,86052,77778,11,2320,121611,113663,12916,603605,240,8638,7007,223,22773,748,0.00140362
3,44631.4,81183.8,86052,77778,49,2320,121611,113663,12916,603605,240,8638,7007,223,22773,748,0.00140362
3,11298.3,31748,38410.1,34823,12,1137,50779,47123,5115,245754,168,4074,3167,62,9516,435,0.00140362
3,25348.7,31748,38410.1,34823,17,1137,50779,47123,5115,245754,168,4074,3167,62,9516,435,0.00140362
3,30499.7,31748,38410.1,34823,23,1137,50779,47123,5115,245754,168,4074,3167,62,9516,435,0.00140362
3,3426.8,14455.3,19979.2,18253,4,746,27219,24437,2394,106941,87,2062,1585,27,4442,300,0.00140362
3,18165,14455.3,19979.2,18253,22,746,27219,24437,2394,106941,87,2062,1585,27,4442,300,0.00140362
3,20294.1,14455.3,19979.2,18253,18,746,27219,24437,2394,106941,87,2062,1585,27,4442,300,0.00140362
3,23046.2,53553.9,54453.6,49879,3,1700,80585,75427,8263,404865,180,5013,3986,60,11117,798,0.00140362
3,36089.7,53553.9,54453.6,49879,18,1700,80585,75427,8263,404865,180,5013,3986,60,11117,798,0.00140362
3,39813.7,53553.9,54453.6,49879,20,1700,80585,75427,8263,404865,180,5013,3986,60,11117,798,0.00140362
3,12757.5,22985.5,34361.8,31454,13,1007,41483,37084,3930,161936,108,3209,2532,57,7009,474,0.00140362
3,20011.4,22985.5,34361.8,31454,26,1007,41483,37084,3930,161936,108,3209,2532,57,7009,474,0.00140362
3,23180.9,22985.5,34361.8,31454,11,1007,41483,37084,3930,161936,108,3209,2532,57,7009,474,0.00140362
3,16581.9,21456.9,39475.8,36246,19,949,39954,35743,3484,152658,113,3466,2745,59,7799,466,0.00140362
3,17088.7,21456.9,39475.8,36246,28,949,39954,35743,3484,152658,113,3466,2745,59,7799,466,0.00140362
3,22582.4,21456.9,39475.8,36246,30,949,39954,35743,3484,152658,113,3466,2745,59,7799,466,0.00140362
3,13424.4,87317.2,80433.9,72737,9,2559,126947,118483,13104,609604,244,8065,6450,229,22047,623,0.00140362
3,24234.3,87317.2,80433.9,72737,25,2559,126947,118483,13104,609604,244,8065,6450,229,22047,623,0.00140362
3,38750.2,87317.2,80433.9,72737,47,2559,126947,118483,13104,609604,244,8065,6450,229,22047,623,0.00140362
3,17732.8,51077.6,50555.7,46113,22,1743,80084,74415,7934,379682,155,4467,3550,100,10905,492,0.00140362
3,30008,51077.6,50555.7,46113,8,1743,80084,74415,7934,379682,155,4467,3550,100,10905,492,0.00140362
3,32515.8,51077.6,50555.7,46113,38,1743,80084,74415,7934,379682,155,4467,3550,100,10905,492,0.00140362
3,21044.5,33490.8,39740.8,36415,9,1260,56394,50951,5130,227425,108,3818,3035,49,8396,646,0.00140362
3,23676.8,33490.8,39740.8,36415,26,1260,56394,50951,5130,227425,108,3818,3035,49,8396,646,0.00140362
3,26268.8,33490.8,39740.8,36415,10,1260,56394,50951,5130,227425,108,3818,3035,49,8396,646,0.00140362
3,28334.7,68153,74878.4,68190,32,2283,105336,97251,10868,486424,225,7278,5783,138,17261,1024,0.00140362
3,30108.8,68153,74878.4,68190,11,2283,105336,97251,10868,486424,225,7278,5783,138,17261,1024,0.00140362
3,35261.2,68153,74878.4,68190,38,2283,105336,97251,10868,486424,225,7278,5783,138,17261,1024,0.00140362
3,36037.4,77146,86004.4,78709,35,2418,116005,107777,12017,541753,251,7744,6232,93,18974,1019,0.00140362
3,37494.9,77146,86004.4,78709,7,2418,116005,107777,12017,541753,251,7744,6232,93,18974,1019,0.00140362
3,40048.4,77146,86004.4,78709,22,2418,116005,107777,12017,541753,251,7744,6232,93,18974,1019,0.00140362
3,19185.4,123091,158692,142746,27,2791,162267,153367,16969,875476,380,14451,12082,434,45943,600,0.00140362
3,19582,123091,158692,142746,13,2791,162267,153367,16969,875476,380,14451,12082,434,45943,600,0.00140362
3,60697.6,123091,158692,142746,80,2791,162267,153367,16969,875476,380,14451,12082,434,45943,600,0.00140362
3,15172.6,36226.2,42555.7,38916,18,1237,56223,50789,5168,222349,126,3789,2990,44,9440,419,0.00140362
3,15451.8,36226.2,42555.7,38916,21,1237,56223,50789,5168,222349,126,3789,2990,44,9440,419,0.00140362
3,26022.3,36226.2,42555.7,38916,35,1237,56223,50789,5168,222349,126,3789,2990,44,9440,419,0.00140362
3,5677.76,23293,33838.2,30868,7,1053,42054,37803,3916,165664,117,3465,2697,69,8300,371,0.00140362
3,21495.9,23293,33838.2,30868,26,1053,42054,37803,3916,165664,117,3465,2697,69,8300,371,0.00140362
3,23384.7,23293,33838.2,30868,34,1053,42054,37803,3916,165664,117,3465,2697,69,8300,371,0.00140362
3,40429.2,82525,140603,127902,16,2569,124870,116640,12817,615308,380,13391,10861,318,35544,1494,0.00140362
3,40886.4,82525,140603,127902,42,2569,124870,116640,12817,615308,380,13391,10861,318,35544,1494,0.00140362
3,44105.1,82525,140603,127902,46,2569,124870,116640,12817,615308,380,13391,10861,318,35544,1494,0.00140362
3,10200.7,117674,93699.8,84240,12,2884,152506,144382,16539,805577,305,9881,8032,385,30704,274,0.00140362
3,14828.7,117674,93699.8,84240,15,2884,152506,144382,16539,805577,305,9881,8032,385,30704,274,0.00140362
3,48424.8,117674,93699.8,84240,59,2884,152506,144382,16539,805577,305,9881,8032,385,30704,274,0.00140362
3,1432,114574,88570.8,79159,2,2823,151320,143204,16203,793580,277,9225,7522,335,30077,227,0.00140362
3,18098.2,114574,88570.8,79159,14,2823,151320,143204,16203,793580,277,9225,7522,335,30077,227,0.00140362
3,46998.9,114574,88570.8,79159,48,2823,151320,143204,16203,793580,277,9225,7522,335,30077,227,0.00140362
3,18266.7,21131.3,33021.3,30087,7,844,33803,30230,2970,127026,115,3174,2465,37,7820,188,0.00140362
3,20869.3,21131.3,33021.3,30087,23,844,33803,30230,2970,127026,115,3174,2465,37,7820,188,0.00140362
3,20960.4,21131.3,33021.3,30087,32,844,33803,30230,2970,127026,115,3174,2465,37,7820,188,0.00140362
3,12978.7,8670.47,21710.9,20059,18,544,18602,16252,1582,63516,85,2090,1609,24,3742,384,0.00140362
3,14379.3,8670.47,21710.9,20059,24,544,18602,16252,1582,63516,85,2090,1609,24,3742,384,0.00140362
3,16392.3,8670.47,21710.9,20059,10,544,18602,16252,1582,63516,85,2090,1609,24,3742,384,0.00140362
3,11022.1,82409.7,72911.4,66048,9,2457,118740,110157,12232,556597,221,7154,5749,158,19319,585,0.00140362
3,25422.1,82409.7,72911.4,66048,34,2457,118740,110157,12232,556597,221,7154,5749,158,19319,585,0.00140362
3,37030.6,82409.7,72911.4,66048,46,2457,118740,110157,12232,556597,221,7154,5749,158,19319,585,0.00140362
3,18484.9,56782.9,88109.8,79417,23,1889,85958,79444,8614,401192,294,8981,7202,273,24065,760,0.00140362
3,28495.2,56782.9,88109.8,79417,20,1889,85958,79444,8614,401192,294,8981,7202,273,24065,760,0.00140362
3,32653.6,56782.9,88109.8,79417,36,1889,85958,79444,8614,401192,294,8981,7202,273,24065,760,0.00140362
3,23778.6,72322.9,100699,91660,7,2405,114216,104935,11661,508792,287,9417,7657,252,26175,932,0.00140362
3,29571,72322.9,100699,91660,38,2405,114216,104935,11661,508792,287,9417,7657,252,26175,932,0.00140362
3,35980.1,72322.9,100699,91660,47,2405,114216,104935,11661,508792,287,9417,7657,252,26175,932,0.00140362
3,19551.8,27113.4,52296.6,47826,38,1056,46543,42625,4668,197745,163,5195,4209,150,12484,656,0.00140362
3,21523.8,27113.4,52296.6,47826,23,1056,46543,42625,4668,197745,163,5195,4209,150,12484,656,0.00140362
3,30401.7,27113.4,52296.6,47826,43,1056,46543,42625,4668,197745,163,5195,4209,150,12484,656,0.00140362
3,6814.22,26971.7,23276.7,21348,10,1225,50631,45475,4659,202927,81,2088,1577,30,4460,242,0.00140362
3,14325,26971.7,23276.7,21348,8,1225,50631,45475,4659,202927,81,2088,1577,30,4460,242,0.00140362
3,25149.8,26971.7,23276.7,21348,27,1225,50631,45475,4659,202927,81,2088,1577,30,4460,242,0.00140362
3,26203.3,84791.1,90948.5,82838,22,2527,123839,115082,12744,587668,251,8661,7039,155,22877,1035,0.00140362
3,29786.2,84791.1,90948.5,82838,14,2527,123839,115082,12744,587668,251,8661,7039,155,22877,1035,0.00140362
3,40059.2,84791.1,90948.5,82838,38,2527,123839,115082,12744,587668,251,8661,7039,155,22877,1035,0.00140362
3,27068.6,83870.4,80345,72914,6,2563,123392,113995,12803,565410,257,7643,6160,211,19528,727,0.00140362
3,29323.6,83870.4,80345,72914,27,2563,123392,113995,12803,565410,257,7643,6160,211,19528,727,0.00140362
3,37514.8,83870.4,80345,72914,41,2563,123392,113995,12803,565410,257,7643,6160,211,19528,727,0.00140362
3,41378.8,79818,107546,98458,10,2204,115419,108385,12005,617591,268,9123,7578,126,23569,1817,0.00140362
3,54843.9,79818,107546,98458,31,2204,115419,108385,12005,617591,268,9123,7578,126,23569,1817,0.00140362
3,56051.6,79818,107546,98458,12,2204,115419,108385,12005,617591,268,9123,7578,126,23569,1817,0.00140362
3,20092.4,156257,241588,215855,27,3330,192186,181799,20530,1101648,603,23131,19775,935,84314,939,0.00140362
3,32164.5,156257,241588,215855,6,3330,192186,181799,20530,1101648,603,23131,19775,935,84314,939,0.00140362
3,70386.2,156257,241588,215855,88,3330,192186,181799,20530,1101648,603,23131,19775,935,84314,939,0.00140362
3,26836.9,96210.5,189188,169815,27,2427,132924,125440,14051,710562,524,18692,15764,536,61428,1401,0.00140362
3,37851.9,96210.5,189188,169815,26,2427,132924,125440,14051,710562,524,18692,15764,536,61428,1401,0.00140362
3,62896.3,96210.5,189188,169815,35,2427,132924,125440,14051,710562,524,18692,15764,536,61428,1401,0.00140362
3,16644.8,126832,167598,150047,15,3145,170736,161618,18517,939491,451,16859,14244,616,56776,717,0.00140362
3,24733.7,126832,167598,150047,23,3145,170736,161618,18517,939491,451,16859,14244,616,56776,717,0.00140362
3,58986.3,126832,167598,150047,66,3145,170736,161618,18517,939491,451,16859,14244,616,56776,717,0.00140362
3,7390.4,45998,39351.8,35770,4,1595,71773,65035,7034,298815,133,3842,3057,62,9854,385,0.00140362
3,22351.1,45998,39351.8,35770,23,1595,71773,65035,7034,298815,133,3842,3057,62,9854,385,0.00140362
3,29182.4,45998,39351.8,35770,25,1595,71773,65035,7034,298815,133,3842,3057,62,9854,385,0.00140362
3,15262.2,155060,261238,233578,12,3395,199286,188682,20822,1154739,688,25793,22146,1041,97684,659,0.00140362
3,31914.8,155060,261238,233578,24,3395,199286,188682,20822,1154739,688,25793,22146,1041,97684,659,0.00140362
3,75968.4,155060,261238,233578,91,3395,199286,188682,20822,1154739,688,25793,22146,1041,97684,659,0.00140362
3,12522.8,20616.8,24347.9,22098,4,938,36619,32555,3329,136437,92,2630,1986,38,5524,319,0.00140362
3,17666.6,20616.8,24347.9,22098,19,938,36619,32555,3329,136437,92,2630,1986,38,5524,319,0.00140362
3,22029,20616.8,24347.9,22098,35,938,36619,32555,3329,136437,92,2630,1986,38,5524,319,0.00140362
3,18470.1,66279.8,50242.3,45694,12,1833,90615,84049,9202,412555,146,5089,4064,96,12506,517,0.00140362
3,31927.9,66279.8,50242.3,45694,6,1833,90615,84049,9202,412555,146,5089,4064,96,12506,517,0.00140362
3,36006.2,66279.8,50242.3,45694,39,1833,90615,84049,9202,412555,146,5089,4064,96,12506,517,0.00140362
3,10889.2,90480,62951.4,57016,13,2391,120658,112100,12330,569064,195,6431,5119,141,17496,528,0.00140362
3,27371.5,90480,62951.4,57016,27,2391,120658,112100,12330,569064,195,6431,5119,141,17496,528,0.00140362
3,38210.3,90480,62951.4,57016,34,2391,120658,112100,12330,569064,195,6431,5119,141,17496,528,0.00140362
3,13510.6,25337.9,16363.5,14912,14,1069,47723,43678,4666,198946,68,1696,1235,12,2982,271,0.00140362
3,18453.9,25337.9,16363.5,14912,6,1069,47723,43678,4666,198946,68,1696,1235,12,2982,271,0.00140362
3,26479.3,25337.9,16363.5,14912,9,1069,47723,43678,4666,198946,68,1696,1235,12,2982,271,0.00140362
3,7905.7,18714.4,11299.4,10262,4,989,37605,33403,3433,141543,57,1246,919,22,2558,86,0.00140362
3,11347.7,18714.4,11299.4,10262,4,989,37605,33403,3433,141543,57,1246,919,22,2558,86,0.00140362
3,22178.2,18714.4,11299.4,10262,31,989,37605,33403,3433,141543,57,1246,919,22,2558,86,0.00140362
3,3553.57,5714.12,10222.2,9452,6,397,13125,11481,1129,48142,52,1033,763,9,1928,150,0.00140362
3,17461.5,5714.12,10222.2,9452,24,397,13125,11481,1129,48142,52,1033,763,9,1928,150,0.00140362
3,17888.7,5714.12,10222.2,9452,10,397,13125,11481,1129,48142,52,1033,763,9,1928,150,0.00140362
3,15656.9,53415.1,59550.5,54548,14,1921,86010,78181,8486,365918,147,5253,4300,110,12566,868,0.00140362
3,30152.8,53415.1,59550.5,54548,33,1921,86010,78181,8486,365918,147,5253,4300,110,12566,868,0.00140362
3,31810.9,53415.1,59550.5,54548,9,1921,86010,78181,8486,365918,147,5253,4300,110,12566,868,0.00140362
3,15590.4,43989,33931.4,30581,6,1637,74513,67712,7102,312451,137,3632,2873,75,9543,232,0.00140362
3,25496.5,43989,33931.4,30581,8,1637,74513,67712,7102,312451,137,3632,2873,75,9543,232,0.00140362
3,29603.1,43989,33931.4,30581,44,1637,74513,67712,7102,312451,137,3632,2873,75,9543,232,0.00140362
3,15732.9,62882,85520.4,77905,20,2040,93781,85396,9230,401690,226,7482,5980,211,21270,390,0.00140362
3,32798.4,62882,85520.4,77905,30,2040,93781,85396,9230,401690,226,7482,5980,211,21270,390,0.00140362
3,32879.1,62882,85520.4,77905,30,2040,93781,85396,9230,401690,226,7482,5980,211,21270,390,0.00140362
3,15380.8,20120.3,10962.7,10030,8,845,36833,33263,3430,143642,37,1055,780,0,1986,145,0.00140362
3,15919.4,20120.3,10962.7,10030,9,845,36833,33263,3430,143642,37,1055,780,0,1986,145,0.00140362
3,22008.7,20120.3,10962.7,10030,6,845,36833,33263,3430,143642,37,1055,780,0,1986,145,0.00140362
3,19519.7,32742.4,57434.4,52431,16,1358,56385,50697,5560,226498,171,5432,4305,118,13346,608,0.00140362
3,25535.1,32742.4,57434.4,52431,21,1358,56385,50697,5560,226498,171,5432,4305,118,13346,608,0.00140362
3,26286.4,32742.4,57434.4,52431,28,1358,56385,50697,5560,226498,171,5432,4305,118,13346,608,0.00140362
3,14603.3,87020.7,78862.1,71467,18,2324,118964,110927,12547,576292,219,7498,6080,164,20578,537,0.00140362
3,26513.1,87020.7,78862.1,71467,7,2324,118964,110927,12547,576292,219,7498,6080,164,20578,537,0.00140362
3,42902.2,87020.7,78862.1,71467,48,2324,118964,110927,12547,576292,219,7498,6080,164,20578,537,0.00140362
3,20140.9,29540.2,58999,53680,37,1064,47337,43302,4740,202431,170,5714,4620,143,13937,733,0.00140362
3,21505.5,29540.2,58999,53680,18,1064,47337,43302,4740,202431,170,5714,4620,143,13937,733,0.00140362
3,30780.4,29540.2,58999,53680,40,1064,47337,43302,4740,202431,170,5714,4620,143,13937,733,0.00140362
3,16144.5,28201.8,55863.3,50916,15,1102,50334,46722,5303,241749,193,5569,4472,114,13413,810,0.00140362
3,31103.4,28201.8,55863.3,50916,22,1102,50334,46722,5303,241749,193,5569,4472,114,13413,810,0.00140362
3,33812.6,28201.8,55863.3,50916,20,1102,50334,46722,5303,241749,193,5569,4472,114,13413,810,0.00140362
