K,dist,cost_ki,cost_hi,h_cost,vnum,gen_ki,push_ki,pop_ki,prune_ki,suc_call_ki,gen_hi,push_hi,pop_hi,prune_hi,suc_call_hi,reevaluate,density
2,5267.07,66563.6,24739.9,21179,10,1862,85930,79457,8754,408478,118,3145,2452,129,9367,23,0.000935745
2,35111.8,66563.6,24739.9,21179,41,1862,85930,79457,8754,408478,118,3145,2452,129,9367,23,0.000935745
2,14024.8,8136.1,8931.99,7677,2,362,15742,14083,1315,57018,37,1232,944,9,3300,4,0.000935745
2,20421.4,8136.1,8931.99,7677,25,362,15742,14083,1315,57018,37,1232,944,9,3300,4,0.000935745
2,13302,53447.7,37719.6,32501,12,1544,79866,75055,8770,386853,153,5199,4169,106,15808,101,0.000935745
2,43410.5,53447.7,37719.6,32501,18,1544,79866,75055,8770,386853,153,5199,4169,106,15808,101,0.000935745
2,14731.7,104122,62244.7,53744,15,2499,125018,117023,13126,614550,247,7589,5952,196,20717,171,0.000935745
2,39471.5,104122,62244.7,53744,51,2499,125018,117023,13126,614550,247,7589,5952,196,20717,171,0.000935745
2,4977.9,56135.2,49377.6,42220,5,1582,78028,72426,8204,386249,204,6172,5048,209,20194,19,0.000935745
2,42014.9,56135.2,49377.6,42220,34,1582,78028,72426,8204,386249,204,6172,5048,209,20194,19,0.000935745
2,7903.36,85573.8,25820.8,22403,5,2314,109887,102375,11311,535454,123,3403,2612,71,9060,28,0.000935745
2,36773.3,85573.8,25820.8,22403,32,2314,109887,102375,11311,535454,123,3403,2612,71,9060,28,0.000935745
2,32942.7,104157,72753.1,62851,41,2697,136813,128015,14126,665295,298,9736,7680,200,25477,700,0.000935745
2,40183.8,104157,72753.1,62851,26,2697,136813,128015,14126,665295,298,9736,7680,200,25477,700,0.000935745
2,24086.5,30827.4,37295.5,32853,24,1139,48863,43870,4540,193963,141,4057,3203,63,9812,382,0.000935745
2,24946.8,30827.4,37295.5,32853,22,1139,48863,43870,4540,193963,141,4057,3203,63,9812,382,0.000935745
2,25660.8,77286.5,47850.8,41884,23,2135,107198,100480,11399,523241,185,5486,4361,126,15530,303,0.000935745
2,38678.9,77286.5,47850.8,41884,40,2135,107198,100480,11399,523241,185,5486,4361,126,15530,303,0.000935745
2,16756.1,21376.3,13700.3,12213,15,955,38967,35361,3635,170590,69,1537,1105,14,3041,172,0.000935745
2,23724.9,21376.3,13700.3,12213,29,955,38967,35361,3635,170590,69,1537,1105,14,3041,172,0.000935745
2,21752.9,29137.6,24223.6,21463,31,1152,49360,44408,4738,197384,87,2835,2210,34,6621,283,0.000935745
2,24811.7,29137.6,24223.6,21463,19,1152,49360,44408,4738,197384,87,2835,2210,34,6621,283,0.000935745
2,23645.2,20710,21328.4,18807,27,906,35478,32352,3542,139212,94,2501,1890,28,5696,243,0.000935745
2,25645.4,20710,21328.4,18807,27,906,35478,32352,3542,139212,94,2501,1890,28,5696,243,0.000935745
2,10194.2,59019.4,33327.2,28850,8,1773,85212,79858,9189,407603,117,4256,3348,95,11317,99,0.000935745
2,35574.9,59019.4,33327.2,28850,49,1773,85212,79858,9189,407603,117,4256,3348,95,11317,99,0.000935745
2,7006.89,29941.5,10757.8,9604,3,1141,51972,47763,5276,217992,40,1014,720,5,2327,18,0.000935745
2,30796.1,29941.5,10757.8,9604,11,1141,51972,47763,5276,217992,40,1014,720,5,2327,18,0.000935745
2,26476.7,91884.4,61145.1,53357,24,2396,117558,108496,11905,535012,237,7231,5847,171,19889,491,0.000935745
2,36435,91884.4,61145.1,53357,38,2396,117558,108496,11905,535012,237,7231,5847,171,19889,491,0.000935745
2,22991.2,27140.5,22827.6,20023,30,1100,46605,42391,4315,185971,107,2984,2324,38,6299,306,0.000935745
2,24386.6,27140.5,22827.6,20023,22,1100,46605,42391,4315,185971,107,2984,2324,38,6299,306,0.000935745
2,13147.7,62114.6,31237.4,27136,17,1653,80913,75929,8368,397042,138,4050,3166,94,10429,147,0.000935745
2,42191.2,62114.6,31237.4,27136,51,1653,80913,75929,8368,397042,138,4050,3166,94,10429,147,0.000935745
2,18409.8,41018.2,18165.4,15943,19,1370,61106,55595,5893,250027,102,2414,1822,20,5306,191,0.000935745
2,27506.7,41018.2,18165.4,15943,20,1370,61106,55595,5893,250027,102,2414,1822,20,5306,191,0.000935745
2,3344.07,37991,25977.1,22364,6,1276,59008,54786,6000,281304,112,3623,2908,88,11293,12,0.000935745
2,33970.1,37991,25977.1,22364,32,1276,59008,54786,6000,281304,112,3623,2908,88,11293,12,0.000935745
2,11830,60250.8,22705.9,19567,9,1799,83281,76968,8276,379168,106,3071,2384,66,8442,89,0.000935745
2,37029.8,60250.8,22705.9,19567,28,1799,83281,76968,8276,379168,106,3071,2384,66,8442,89,0.000935745
2,7828.43,93965.7,8666.31,7605,10,2466,114705,106124,11453,546175,51,1147,792,7,2408,56,0.000935745
2,37043.1,93965.7,8666.31,7605,8,2466,114705,106124,11453,546175,51,1147,792,7,2408,56,0.000935745
2,17583.4,18750.4,7381.68,6536,27,758,28421,25243,2471,106263,34,1011,742,2,1771,148,0.000935745
2,19907.6,18750.4,7381.68,6536,7,758,28421,25243,2471,106263,34,1011,742,2,1771,148,0.000935745
2,30269,67184.1,44852.2,39381,29,2018,93751,85307,9314,404059,164,5543,4449,126,13637,671,0.000935745
2,32876.9,67184.1,44852.2,39381,33,2018,93751,85307,9314,404059,164,5543,4449,126,13637,671,0.000935745
2,24222.9,96608.1,33439.9,29393,36,2272,121627,114238,12795,658300,151,4117,3123,51,9745,456,0.000935745
2,57179.6,96608.1,33439.9,29393,15,2272,121627,114238,12795,658300,151,4117,3123,51,9745,456,0.000935745
2,21147.8,55543.9,25116.9,21953,14,1803,81359,73873,8312,343163,127,3633,2850,82,9072,176,0.000935745
2,30998.1,55543.9,25116.9,21953,39,1803,81359,73873,8312,343163,127,3633,2850,82,9072,176,0.000935745
2,16325.5,42268.6,22968.1,20024,12,1553,69011,63579,6908,304116,108,2908,2200,44,7038,134,0.000935745
2,35640.8,42268.6,22968.1,20024,33,1553,69011,63579,6908,304116,108,2908,2200,44,7038,134,0.000935745
2,15795.2,6488.35,12039.8,10773,17,348,14384,12902,1162,51064,32,1486,1142,5,3384,183,0.000935745
2,17476.4,6488.35,12039.8,10773,15,348,14384,12902,1162,51064,32,1486,1142,5,3384,183,0.000935745
2,17648.8,17728.6,10047.2,8874,7,762,28564,25320,2465,104109,41,1247,908,3,2495,128,0.000935745
2,19787.9,17728.6,10047.2,8874,28,762,28564,25320,2465,104109,41,1247,908,3,2495,128,0.000935745
2,26155.4,26181.1,45677.1,40101,34,932,42108,38651,4465,199116,198,6118,4827,180,15235,583,0.000935745
2,31355.1,26181.1,45677.1,40101,35,932,42108,38651,4465,199116,198,6118,4827,180,15235,583,0.000935745
2,10545.6,43623.9,30535.4,26451,20,1399,69228,63863,7238,305297,125,4375,3420,109,11823,109,0.000935745
2,35426.7,43623.9,30535.4,26451,37,1399,69228,63863,7238,305297,125,4375,3420,109,11823,109,0.000935745
2,20253.6,24146.3,19639.7,17064,21,1070,44537,40779,4451,181529,91,2682,2031,41,6843,189,0.000935745
2,27472.3,24146.3,19639.7,17064,29,1070,44537,40779,4451,181529,91,2682,2031,41,6843,189,0.000935745
2,29156.3,77765.4,43295.5,37979,27,2171,100449,91599,9980,437683,167,5541,4439,126,14217,598,0.000935745
2,33842.9,77765.4,43295.5,37979,35,2171,100449,91599,9980,437683,167,5541,4439,126,14217,598,0.000935745
2,21935.9,17999.2,23617.4,21095,14,650,30699,27939,2851,121693,73,2673,2108,29,6013,251,0.000935745
2,24690.7,17999.2,23617.4,21095,26,650,30699,27939,2851,121693,73,2673,2108,29,6013,251,0.000935745
2,7021.21,45148.6,40967.3,35655,5,1391,69680,64165,7305,316728,145,5076,4012,121,14352,21,0.000935745
2,38823.3,45148.6,40967.3,35655,34,1391,69680,64165,7305,316728,145,5076,4012,121,14352,21,0.000935745
2,21164.5,92203.1,66136.9,57295,18,2395,124857,117391,12888,671740,253,8314,6746,205,25368,357,0.000935745
2,55648.5,92203.1,66136.9,57295,42,2395,124857,117391,12888,671740,253,8314,6746,205,25368,357,0.000935745
2,14267.1,36882,5548.98,4834,9,1327,59752,54841,6026,250566,30,834,571,0,1433,82,0.000935745
2,28706.3,36882,5548.98,4834,5,1327,59752,54841,6026,250566,30,834,571,0,1433,82,0.000935745
2,6297.01,76597.1,32977.3,28743,4,2326,111589,103375,11073,537798,139,3951,3130,68,11205,20,0.000935745
2,38324,76597.1,32977.3,28743,33,2326,111589,103375,11073,537798,139,3951,3130,68,11205,20,0.000935745
2,22965.9,99634.1,47147.1,41365,17,2451,130798,122998,13543,713548,184,5807,4476,93,14864,476,0.000935745
2,58335.6,99634.1,47147.1,41365,6,2451,130798,122998,13543,713548,184,5807,4476,93,14864,476,0.000935745
2,22415.8,32592.3,20687.7,17929,8,1284,56237,50623,5492,227236,98,2943,2266,67,7211,135,0.000935745
2,26346,32592.3,20687.7,17929,34,1284,56237,50623,5492,227236,98,2943,2266,67,7211,135,0.000935745
2,4890.57,33614.5,18337.1,15866,7,1193,58062,53333,6058,250132,73,2459,1933,37,6909,41,0.000935745
2,34131.7,33614.5,18337.1,15866,23,1193,58062,53333,6058,250132,73,2459,1933,37,6909,41,0.000935745
2,10114.1,17807.8,4551.82,4073,12,688,33621,31045,3422,150886,35,590,433,3,936,102,0.000935745
2,34026.1,17807.8,4551.82,4073,4,688,33621,31045,3422,150886,35,590,433,3,936,102,0.000935745
2,11148.1,62647.7,12862.1,11131,12,1814,87543,81131,8874,401120,73,1842,1363,10,4104,95,0.000935745
2,33501.2,62647.7,12862.1,11131,17,1814,87543,81131,8874,401120,73,1842,1363,10,4104,95,0.000935745
2,11448,52578.3,26091.4,22923,17,1645,79569,74403,8284,380063,108,3038,2313,37,7985,126,0.000935745
2,37365,52578.3,26091.4,22923,23,1645,79569,74403,8284,380063,108,3038,2313,37,7985,126,0.000935745
2,22177.5,19262.8,22790,20263,14,647,30624,27864,2854,120914,73,2694,2126,28,6100,256,0.000935745
2,24626,19262.8,22790,20263,26,647,30624,27864,2854,120914,73,2694,2126,28,6100,256,0.000935745
2,14935.3,55706.3,40449.8,34885,15,1771,88263,82795,9038,440625,204,5672,4493,119,16494,179,0.000935745
2,44403.4,55706.3,40449.8,34885,53,1771,88263,82795,9038,440625,204,5672,4493,119,16494,179,0.000935745
2,2612,40827.3,33642.3,28727,4,1391,67206,62314,7067,327621,151,4757,3833,140,15418,23,0.000935745
2,38565.1,40827.3,33642.3,28727,34,1391,67206,62314,7067,327621,151,4757,3833,140,15418,23,0.000935745
2,22736.6,17681.7,24653.4,21429,7,658,31808,28955,2977,128264,107,3479,2716,46,9206,173,0.000935745
2,26691,17681.7,24653.4,21429,32,658,31808,28955,2977,128264,107,3479,2716,46,9206,173,0.000935745
2,12583.6,78850.8,5140.23,4496,6,2360,109947,101060,10925,507865,41,743,506,0,1195,82,0.000935745
2,35397.7,78850.8,5140.23,4496,9,2360,109947,101060,10925,507865,41,743,506,0,1195,82,0.000935745
2,17277.4,9055.11,6811.52,6084,4,472,18757,16876,1523,69367,33,915,648,6,1929,25,0.000935745
2,17323.1,9055.11,6811.52,6084,21,472,18757,16876,1523,69367,33,915,648,6,1929,25,0.000935745
2,15407,31510.8,4960.5,4306,8,1325,57324,52465,5719,236000,42,735,504,0,1295,71,0.000935745
2,27754.1,31510.8,4960.5,4306,9,1325,57324,52465,5719,236000,42,735,504,0,1295,71,0.000935745
2,18483.4,95777.5,71412.5,61580,19,2614,129293,120649,13456,622461,298,9061,7158,210,25057,255,0.000935745
2,38946.8,95777.5,71412.5,61580,41,2614,129293,120649,13456,622461,298,9061,7158,210,25057,255,0.000935745
2,20980.7,37345.7,18878.5,16898,30,1240,55035,50197,5223,236598,73,1991,1548,14,3932,320,0.000935745
2,27449.2,37345.7,18878.5,16898,9,1240,55035,50197,5223,236598,73,1991,1548,14,3932,320,0.000935745
2,22744.8,32188.9,19324.9,16722,4,1163,54268,49468,5345,218098,89,2748,2124,41,6734,138,0.000935745
2,26770.9,32188.9,19324.9,16722,36,1163,54268,49468,5345,218098,89,2748,2124,41,6734,138,0.000935745
2,18961.7,70907.1,45050.5,38839,15,2021,99462,92335,10211,464042,165,5685,4526,155,16042,188,0.000935745
2,39843.2,70907.1,45050.5,38839,50,2021,99462,92335,10211,464042,165,5685,4526,155,16042,188,0.000935745
2,19487.9,58086.6,24499.8,21212,7,1794,88507,82991,9325,436721,114,3292,2534,67,8539,214,0.000935745
2,40045.4,58086.6,24499.8,21212,17,1794,88507,82991,9325,436721,114,3292,2534,67,8539,214,0.000935745
2,15186.3,81439.6,38778.2,33516,4,2175,106795,100060,10810,550663,160,4969,3914,82,14487,63,0.000935745
2,47564.3,81439.6,38778.2,33516,40,2175,106795,100060,10810,550663,160,4969,3914,82,14487,63,0.000935745
2,29878.3,74730,48392.4,42463,27,1978,96414,89466,10023,443045,186,5895,4713,125,16122,449,0.000935745
2,35677.6,74730,48392.4,42463,42,1978,96414,89466,10023,443045,186,5895,4713,125,16122,449,0.000935745
2,13171.3,51201.2,34908,30280,5,1409,70027,65673,7527,331691,122,4107,3214,66,11767,62,0.000935745
2,38632.2,51201.2,34908,30280,21,1409,70027,65673,7527,331691,122,4107,3214,66,11767,62,0.000935745
2,21159.1,21392.4,9555.3,8441,8,935,37995,34198,3583,143083,57,1158,843,3,2186,139,0.000935745
2,22369.9,21392.4,9555.3,8441,9,935,37995,34198,3583,143083,57,1158,843,3,2186,139,0.000935745
2,27502.9,23383.8,46656.3,40733,22,853,38643,35430,3964,181619,203,5666,4456,115,15518,443,0.000935745
2,32736.8,23383.8,46656.3,40733,35,853,38643,35430,3964,181619,203,5666,4456,115,15518,443,0.000935745
2,34186.4,44226.6,72989.3,63274,32,1357,64973,59989,6446,314589,275,9470,7786,256,27707,808,0.000935745
2,37884.2,44226.6,72989.3,63274,49,1357,64973,59989,6446,314589,275,9470,7786,256,27707,808,0.000935745
2,8095.95,44904,31274.8,27307,10,1490,69065,63753,7000,312870,126,3839,3003,130,10936,32,0.000935745
2,33897.1,44904,31274.8,27307,34,1490,69065,63753,7000,312870,126,3839,3003,130,10936,32,0.000935745
2,16789.9,40531.4,21074.4,18154,12,1519,67106,61835,6697,295276,110,2922,2221,42,7032,144,0.000935745
2,35430.7,40531.4,21074.4,18154,34,1519,67106,61835,6697,295276,110,2922,2221,42,7032,144,0.000935745
2,24002,54302.7,26237.4,23213,25,1841,81952,74524,8232,346156,102,3249,2536,56,7531,285,0.000935745
2,31150.1,54302.7,26237.4,23213,46,1841,81952,74524,8232,346156,102,3249,2536,56,7531,285,0.000935745
2,9645.59,98027.6,99239.8,84225,10,2513,128152,119608,13255,663890,414,12376,10146,479,38696,57,0.000935745
2,44611.2,98027.6,99239.8,84225,63,2513,128152,119608,13255,663890,414,12376,10146,479,38696,57,0.000935745
2,13365.7,50373.9,33117.7,28377,10,1503,76784,72020,8421,369569,143,4629,3672,90,14088,60,0.000935745
2,42199.2,50373.9,33117.7,28377,18,1503,76784,72020,8421,369569,143,4629,3672,90,14088,60,0.000935745
2,5256.19,74122.3,3978.51,3435,9,2203,102255,95150,10314,487329,28,602,414,0,1050,22,0.000935745
2,38095.2,74122.3,3978.51,3435,10,2203,102255,95150,10314,487329,28,602,414,0,1050,22,0.000935745
2,24948.6,59290.9,25452.9,22436,10,1685,81390,74946,7922,358699,106,3217,2458,50,7288,245,0.000935745
2,31301.8,59290.9,25452.9,22436,34,1685,81390,74946,7922,358699,106,3217,2458,50,7288,245,0.000935745
2,39777.5,118041,107791,93952,26,2986,152969,140952,15372,708647,359,11884,9595,281,35329,526,0.000935745
2,40282.9,118041,107791,93952,44,2986,152969,140952,15372,708647,359,11884,9595,281,35329,526,0.000935745
2,23782.4,49133.3,19144.4,16576,13,1553,74587,68980,7584,336431,100,2696,2038,37,5919,239,0.000935745
2,35858.7,49133.3,19144.4,16576,8,1553,74587,68980,7584,336431,100,2696,2038,37,5919,239,0.000935745
2,15696.4,40994.6,13337.6,11583,11,1439,65151,59667,6471,273602,73,1870,1388,17,3734,170,0.000935745
2,28869,40994.6,13337.6,11583,16,1439,65151,59667,6471,273602,73,1870,1388,17,3734,170,0.000935745
2,5105.55,68113,15924.8,13959,12,1882,94807,89195,10042,465976,75,1837,1358,16,4982,48,0.000935745
2,40577.1,68113,15924.8,13959,11,1882,94807,89195,10042,465976,75,1837,1358,16,4982,48,0.000935745
2,19985.7,48167.4,48619,42740,25,1494,71124,66234,7492,341261,185,5565,4428,165,15104,306,0.000935745
2,39623.8,48167.4,48619,42740,45,1494,71124,66234,7492,341261,185,5565,4428,165,15104,306,0.000935745
2,31022.2,143071,61941,53574,8,3489,176309,163105,17738,840719,202,7327,5908,128,22162,320,0.000935745
2,43276.7,143071,61941,53574,42,3489,176309,163105,17738,840719,202,7327,5908,128,22162,320,0.000935745
2,7312.83,45929.4,19926.2,17323,8,1585,69292,63396,6750,306933,97,2328,1793,38,6839,39,0.000935745
2,29997.8,45929.4,19926.2,17323,29,1585,69292,63396,6750,306933,97,2328,1793,38,6839,39,0.000935745
2,21884.5,20832.7,17132,15120,20,960,36622,33381,3572,142248,63,2076,1575,23,4806,276,0.000935745
2,24159.2,20832.7,17132,15120,23,960,36622,33381,3572,142248,63,2076,1575,23,4806,276,0.000935745
2,15058.7,31281.9,12114.7,10550,15,1092,45726,41838,4462,205967,73,1674,1209,18,3378,156,0.000935745
2,26046.5,31281.9,12114.7,10550,33,1092,45726,41838,4462,205967,73,1674,1209,18,3378,156,0.000935745
2,22329.8,27072.8,30440.4,26910,12,1015,45260,41250,4530,178007,96,3476,2717,69,8366,309,0.000935745
2,24935.4,27072.8,30440.4,26910,34,1015,45260,41250,4530,178007,96,3476,2717,69,8366,309,0.000935745
2,17022.3,71902.1,19971.5,17640,9,2196,98340,89523,9963,434785,76,2389,1793,11,5684,130,0.000935745
2,33502.9,71902.1,19971.5,17640,19,2196,98340,89523,9963,434785,76,2389,1793,11,5684,130,0.000935745
2,2811.61,46876.9,29940.3,25714,4,1497,71662,66439,7523,345199,134,4170,3277,145,12750,11,0.000935745
2,37650.2,46876.9,29940.3,25714,35,1497,71662,66439,7523,345199,134,4170,3277,145,12750,11,0.000935745
2,19791.5,47045.8,29665.1,25887,15,1317,68690,64293,7275,322920,107,3602,2793,31,9586,217,0.000935745
2,43831.4,47045.8,29665.1,25887,11,1317,68690,64293,7275,322920,107,3602,2793,31,9586,217,0.000935745
2,16988,61678.8,40581.2,35475,18,1754,84843,78500,8731,386908,137,4780,3798,121,12965,229,0.000935745
2,36016.5,61678.8,40581.2,35475,52,1754,84843,78500,8731,386908,137,4780,3798,121,12965,229,0.000935745
2,34790.1,94396,62766.7,54890,30,2554,122421,112071,12280,545022,229,7136,5786,173,19052,704,0.000935745
2,36830.6,94396,62766.7,54890,38,2554,122421,112071,12280,545022,229,7136,5786,173,19052,704,0.000935745
2,20027.2,18503,21964.3,19251,14,754,34571,31587,3377,139050,71,2928,2246,29,6703,268,0.000935745
2,25948.6,18503,21964.3,19251,23,754,34571,31587,3377,139050,71,2928,2246,29,6703,268,0.000935745
2,9926.19,60383.8,12084.2,10407,15,1856,82853,76644,8334,370018,73,1729,1257,7,4148,73,0.000935745
2,35450.3,60383.8,12084.2,10407,16,1856,82853,76644,8334,370018,73,1729,1257,7,4148,73,0.000935745
2,16011.1,73252.9,26858.4,23494,26,2244,104667,96329,10849,467397,134,3451,2651,73,8211,202,0.000935745
2,34963.6,73252.9,26858.4,23494,32,2244,104667,96329,10849,467397,134,3451,2651,73,8211,202,0.000935745
2,11918,11362.7,11243.1,9882,10,558,23089,20919,2079,87972,40,1513,1149,12,3558,105,0.000935745
2,21267.2,11362.7,11243.1,9882,20,558,23089,20919,2079,87972,40,1513,1149,12,3558,105,0.000935745
2,10733.7,60218.7,12940.7,11263,12,1827,88244,81828,8971,405184,73,1645,1200,8,3519,85,0.000935745
2,33742.9,60218.7,12940.7,11263,15,1827,88244,81828,8971,405184,73,1645,1200,8,3519,85,0.000935745
2,22277.6,58783.3,42424.8,37325,23,1824,87868,81273,8828,396007,153,5266,4168,123,13409,411,0.000935745
2,34906.1,58783.3,42424.8,37325,43,1824,87868,81273,8828,396007,153,5266,4168,123,13409,411,0.000935745
2,1772.69,93633.7,29466.4,25464,3,2562,126972,119667,13307,662866,133,3957,3053,61,11282,8,0.000935745
2,44225.6,93633.7,29466.4,25464,3,2562,126972,119667,13307,662866,133,3957,3053,61,11282,8,0.000935745
2,20909,28378.3,12433,10963,16,971,49314,45663,5027,222195,60,1654,1247,2,3264,197,0.000935745
2,34304.3,28378.3,12433,10963,8,971,49314,45663,5027,222195,60,1654,1247,2,3264,197,0.000935745
2,14393.6,44448.4,25145.7,21833,16,1516,71169,66247,7490,328171,120,3424,2609,45,9344,173,0.000935745
2,35332,44448.4,25145.7,21833,26,1516,71169,66247,7490,328171,120,3424,2609,45,9344,173,0.000935745
2,37020.4,104994,56824.3,49001,18,2744,135871,125896,13825,633876,253,7547,5935,129,20150,475,0.000935745
2,39099.6,104994,56824.3,49001,51,2744,135871,125896,13825,633876,253,7547,5935,129,20150,475,0.000935745
2,34709.2,141525,64357.5,56147,14,3429,173344,159820,17432,816045,229,7608,6117,161,21849,661,0.000935745
2,42722.9,141525,64357.5,56147,44,3429,173344,159820,17432,816045,229,7608,6117,161,21849,661,0.000935745
2,20797.3,84060.3,41283,35923,30,2364,110853,101640,11443,495014,204,5501,4397,151,14268,315,0.000935745
2,35414.9,84060.3,41283,35923,38,2364,110853,101640,11443,495014,204,5501,4397,151,14268,315,0.000935745
2,9629.14,14866.4,6983.8,6352,12,582,26885,24508,2534,113610,22,610,433,9,964,79,0.000935745
2,25983.1,14866.4,6983.8,6352,7,582,26885,24508,2534,113610,22,610,433,9,964,79,0.000935745
2,8122.18,44110.8,25722.8,22152,8,1416,65543,60462,6654,293707,114,3607,2850,139,10322,33,0.000935745
2,32757.6,44110.8,25722.8,22152,36,1416,65543,60462,6654,293707,114,3607,2850,139,10322,33,0.000935745
2,10323.5,74130,20691,17934,11,2225,103372,95550,10636,470608,127,2880,2202,50,7042,102,0.000935745
2,35963.1,74130,20691,17934,14,2225,103372,95550,10636,470608,127,2880,2202,50,7042,102,0.000935745
2,10478.1,37937.8,33634,29108,10,1231,60602,55707,6159,265795,118,4294,3389,95,11717,87,0.000935745
2,35242.4,37937.8,33634,29108,31,1231,60602,55707,6159,265795,118,4294,3389,95,11717,87,0.000935745
2,21660.1,78381.5,22579.3,19958,24,2207,102468,93285,10050,450763,106,2836,2196,44,6360,342,0.000935745
2,33959.6,78381.5,22579.3,19958,13,2207,102468,93285,10050,450763,106,2836,2196,44,6360,342,0.000935745
2,11649,34084.5,27735.5,23894,4,1108,56091,51440,5880,246594,101,3770,2940,83,10427,25,0.000935745
2,35490.4,34084.5,27735.5,23894,35,1108,56091,51440,5880,246594,101,3770,2940,83,10427,25,0.000935745
2,28482,70159.8,29669.6,25936,11,1954,95818,88309,9593,428785,122,3840,2967,90,9186,269,0.000935745
2,33330.9,70159.8,29669.6,25936,42,1954,95818,88309,9593,428785,122,3840,2967,90,9186,269,0.000935745
2,11080.6,77187.8,34633.5,29875,5,2014,97762,91462,10499,469037,145,4462,3523,108,12847,46,0.000935745
2,36529.1,77187.8,34633.5,29875,59,2014,97762,91462,10499,469037,145,4462,3523,108,12847,46,0.000935745
2,8594.93,30041.4,19966.5,17158,6,994,48448,45076,5173,221675,82,2755,2070,39,8157,28,0.000935745
2,39865.4,30041.4,19966.5,17158,20,994,48448,45076,5173,221675,82,2755,2070,39,8157,28,0.000935745
2,14966.7,50721.6,21087.1,17484,4,1741,78382,70912,7835,333733,95,2765,2085,53,7256,41,0.000935745
2,30265.6,50721.6,21087.1,17484,34,1741,78382,70912,7835,333733,95,2765,2085,53,7256,41,0.000935745
2,23799.7,31419.7,28126.7,24877,13,1149,48377,44066,4550,209464,134,3236,2478,47,7243,293,0.000935745
2,26582.7,31419.7,28126.7,24877,35,1149,48377,44066,4550,209464,134,3236,2478,47,7243,293,0.000935745
2,18635.6,26794,27905.1,24341,6,993,45394,42003,4995,218548,125,3412,2621,62,9040,147,0.000935745
2,36461.2,26794,27905.1,24341,22,993,45394,42003,4995,218548,125,3412,2621,62,9040,147,0.000935745
2,22451.5,69093.1,46832.3,40062,11,1919,96008,90095,10309,497526,196,5409,4220,73,14832,196,0.000935745
2,46949.3,69093.1,46832.3,40062,21,1919,96008,90095,10309,497526,196,5409,4220,73,14832,196,0.000935745
2,10822,38835.2,18795.9,16517,10,1338,57517,52715,5706,257164,85,2165,1617,60,5603,80,0.000935745
2,28327.4,38835.2,18795.9,16517,35,1338,57517,52715,5706,257164,85,2165,1617,60,5603,80,0.000935745
2,25592.9,76055.9,72333.6,62806,26,2051,106124,99643,11409,559357,284,8570,6894,142,26202,454,0.000935745
2,52839,76055.9,72333.6,62806,24,2051,106124,99643,11409,559357,284,8570,6894,142,26202,454,0.000935745
2,32847.2,109249,33726.4,29582,8,2686,138336,128202,13992,650556,148,3976,3059,56,10118,173,0.000935745
2,39055.4,109249,33726.4,29582,25,2686,138336,128202,13992,650556,148,3976,3059,56,10118,173,0.000935745
2,31361.9,101665,98377.2,84992,42,2621,124388,113805,12493,558640,398,12279,9897,399,34980,541,0.000935745
2,37081.1,101665,98377.2,84992,49,2621,124388,113805,12493,558640,398,12279,9897,399,34980,541,0.000935745
2,15877,27894.5,17351,15448,13,941,41342,38174,4008,194375,92,1947,1428,16,4137,162,0.000935745
2,29578.7,27894.5,17351,15448,14,941,41342,38174,4008,194375,92,1947,1428,16,4137,162,0.000935745
2,20954.8,55953.1,44764,38790,22,1492,80764,75810,8601,394546,137,5280,4151,66,14481,322,0.000935745
2,49906.2,55953.1,44764,38790,14,1492,80764,75810,8601,394546,137,5280,4151,66,14481,322,0.000935745
2,13289.1,49359.5,15732.5,13557,12,1623,70578,65111,7144,308664,81,2230,1683,29,5774,98,0.000935745
2,33930.6,49359.5,15732.5,13557,24,1623,70578,65111,7144,308664,81,2230,1683,29,5774,98,0.000935745
2,23487.5,33155,23593.5,20863,26,1272,55817,51045,5319,231240,105,2912,2260,35,6008,334,0.000935745
2,26670.9,33155,23593.5,20863,31,1272,55817,51045,5319,231240,105,2912,2260,35,6008,334,0.000935745
2,8608.98,63310.9,12032.8,10369,7,1940,88652,82098,8828,402055,68,1720,1263,24,4439,44,0.000935745
2,36777.8,63310.9,12032.8,10369,17,1940,88652,82098,8828,402055,68,1720,1263,24,4439,44,0.000935745
2,15437.2,38489.7,24095.3,21025,19,1351,63771,58768,6723,271334,94,3336,2599,71,8042,192,0.000935745
2,30221.7,38489.7,24095.3,21025,43,1351,63771,58768,6723,271334,94,3336,2599,71,8042,192,0.000935745
2,8881.53,42471.7,31377.5,26887,16,1421,70658,65105,7416,313889,114,4555,3582,126,12537,59,0.000935745
2,36843,42471.7,31377.5,26887,41,1421,70658,65105,7416,313889,114,4555,3582,126,12537,59,0.000935745
2,9933.22,13994.6,3942.27,3455,11,563,26691,24330,2539,112616,21,574,404,0,964,70,0.000935745
2,26538.6,13994.6,3942.27,3455,6,563,26691,24330,2539,112616,21,574,404,0,964,70,0.000935745
2,15323.9,75981.9,33002.5,28471,7,2128,109029,101379,11363,565906,191,4734,3655,120,12909,111,0.000935745
2,45257,75981.9,33002.5,28471,57,2128,109029,101379,11363,565906,191,4734,3655,120,12909,111,0.000935745
2,13457.9,28555.2,24006.5,21033,2,1020,50402,46099,5191,219908,83,2826,2174,56,7183,9,0.000935745
2,34412.7,28555.2,24006.5,21033,39,1020,50402,46099,5191,219908,83,2826,2174,56,7183,9,0.000935745
2,19867.3,28877,18619.8,16509,26,1247,51866,46432,4986,205695,85,2559,1953,33,5592,302,0.000935745
2,25302.2,28877,18619.8,16509,12,1247,51866,46432,4986,205695,85,2559,1953,33,5592,302,0.000935745
2,18382.1,30429.5,26522.9,23104,18,1039,50826,47149,5234,225693,101,3520,2742,34,9076,270,0.000935745
2,31235.3,30429.5,26522.9,23104,18,1039,50826,47149,5234,225693,101,3520,2742,34,9076,270,0.000935745
2,5406.66,23422.8,16149.6,14396,6,903,39223,35879,3911,158782,53,1650,1287,11,4358,18,0.000935745
2,28483.4,23422.8,16149.6,14396,20,903,39223,35879,3911,158782,53,1650,1287,11,4358,18,0.000935745
2,18247.6,62512.1,58244.1,50827,20,1926,94323,87138,9741,456068,225,6778,5428,218,18686,216,0.000935745
2,40609.4,62512.1,58244.1,50827,50,1926,94323,87138,9741,456068,225,6778,5428,218,18686,216,0.000935745
2,21783,96412,23331.8,20416,15,2701,126204,115371,12645,573791,101,2912,2190,31,6825,312,0.000935745
2,37174.1,96412,23331.8,20416,17,2701,126204,115371,12645,573791,101,2912,2190,31,6825,312,0.000935745
2,19929.8,19179.5,22523,19533,8,762,37055,33818,3637,153720,95,3106,2405,54,7923,104,0.000935745
2,29292.7,19179.5,22523,19533,30,762,37055,33818,3637,153720,95,3106,2405,54,7923,104,0.000935745
2,10752.3,44121.5,26353.7,23028,16,1281,64544,60278,6699,311165,110,3252,2517,45,9040,92,0.000935745
2,42935.2,44121.5,26353.7,23028,38,1281,64544,60278,6699,311165,110,3252,2517,45,9040,92,0.000935745
2,23556.1,102818,56988.1,49515,17,2444,131808,123931,13583,719166,241,7561,5960,150,20976,498,0.000935745
2,58925.7,102818,56988.1,49515,6,2444,131808,123931,13583,719166,241,7561,5960,150,20976,498,0.000935745
2,8682.71,87896.9,43743.6,37866,9,2290,118239,110445,12192,611204,199,5830,4711,243,17860,46,0.000935745
2,43139.6,87896.9,43743.6,37866,51,2290,118239,110445,12192,611204,199,5830,4711,243,17860,46,0.000935745
2,12539.4,23398.7,6245.21,5531,17,974,41220,38155,3876,191988,29,843,613,2,1630,139,0.000935745
2,28168.1,23398.7,6245.21,5531,3,974,41220,38155,3876,191988,29,843,613,2,1630,139,0.000935745
2,13859.2,27301.9,28782.1,25129,14,1043,50074,45936,5149,211774,94,3582,2775,61,9174,127,0.000935745
2,32186.9,27301.9,28782.1,25129,31,1043,50074,45936,5149,211774,94,3582,2775,61,9174,127,0.000935745
2,26073.6,22314.3,52135.4,46070,34,912,40547,37173,4257,190955,208,6157,4856,184,15443,595,0.000935745
2,30184.1,22314.3,52135.4,46070,35,912,40547,37173,4257,190955,208,6157,4856,184,15443,595,0.000935745
2,20040.5,54106.7,20034.1,17404,14,1690,83218,77832,8695,406803,84,2649,2002,37,6269,263,0.000935745
2,39267.1,54106.7,20034.1,17404,9,1690,83218,77832,8695,406803,84,2649,2002,37,6269,263,0.000935745
2,30774.2,32223.4,60043.6,52382,32,1187,53170,48544,5217,235594,219,6569,5182,164,17900,313,0.000935745
2,31103.2,32223.4,60043.6,52382,27,1187,53170,48544,5217,235594,219,6569,5182,164,17900,313,0.000935745
2,33876.5,117223,55515.3,48272,12,2856,141911,131344,14615,663045,211,7010,5612,138,20338,446,0.000935745
2,39534.1,117223,55515.3,48272,48,2856,141911,131344,14615,663045,211,7010,5612,138,20338,446,0.000935745
2,13216.1,23308.3,10618.1,9190,12,929,40162,36766,3857,165430,60,1528,1139,19,3340,73,0.000935745
2,24188.2,23308.3,10618.1,9190,32,929,40162,36766,3857,165430,60,1528,1139,19,3340,73,0.000935745
2,27764.8,108811,62433.7,54738,43,2326,125386,117737,12943,685481,270,7148,5568,109,18910,553,0.000935745
2,60353.1,108811,62433.7,54738,21,2326,125386,117737,12943,685481,270,7148,5568,109,18910,553,0.000935745
2,24255.3,50000.9,33706,29512,13,1502,71256,65249,7212,299776,130,4128,3233,74,10617,276,0.000935745
2,29475.9,50000.9,33706,29512,39,1502,71256,65249,7212,299776,130,4128,3233,74,10617,276,0.000935745
2,29406.6,47477.9,39075.3,34042,25,1775,80427,73577,8011,345020,151,4989,3967,93,13124,399,0.000935745
2,30770.1,47477.9,39075.3,34042,42,1775,80427,73577,8011,345020,151,4989,3967,93,13124,399,0.000935745
2,13021.2,21982.4,8234.89,7124,13,909,39000,35657,3669,160064,45,1220,902,9,2593,59,0.000935745
2,23919.4,21982.4,8234.89,7124,32,909,39000,35657,3669,160064,45,1220,902,9,2593,59,0.000935745
2,27042.9,95948.4,52205.8,45804,18,2790,133846,122576,13408,606815,168,5862,4664,129,16444,450,0.000935745
2,38357.3,95948.4,52205.8,45804,30,2790,133846,122576,13408,606815,168,5862,4664,129,16444,450,0.000935745
2,25567.7,44026.6,41446.9,36066,25,1430,66333,61555,6636,320634,171,5625,4496,105,13879,443,0.000935745
2,33565,44026.6,41446.9,36066,22,1430,66333,61555,6636,320634,171,5625,4496,105,13879,443,0.000935745
2,16117.7,80119.7,38082.4,33031,5,2145,109708,102067,11344,570204,192,4939,3816,123,13481,113,0.000935745
2,45904.3,80119.7,38082.4,33031,56,2145,109708,102067,11344,570204,192,4939,3816,123,13481,113,0.000935745
2,26054.6,49214.5,20421,18265,17,1557,74318,68739,7536,333137,85,2194,1693,25,4358,344,0.000935745
2,34143.9,49214.5,20421,18265,4,1557,74318,68739,7536,333137,85,2194,1693,25,4358,344,0.000935745
2,7544.6,30360.2,9155.12,7931,15,1082,49962,46453,5037,227755,54,1328,946,12,3097,40,0.000935745
2,29782.9,30360.2,9155.12,7931,45,1082,49962,46453,5037,227755,54,1328,946,12,3097,40,0.000935745
2,26062.5,59048.4,50863.7,44089,7,1709,83610,78125,8746,421568,222,6515,5134,145,19348,246,0.000935745
2,43259.8,59048.4,50863.7,44089,29,1709,83610,78125,8746,421568,222,6515,5134,145,19348,246,0.000935745
2,3567.66,45020.2,42807.8,37013,5,1425,70780,65684,7450,347730,158,4980,4021,145,16058,16,0.000935745
2,40361.6,45020.2,42807.8,37013,29,1425,70780,65684,7450,347730,158,4980,4021,145,16058,16,0.000935745
2,21814.8,20201.4,28166.5,24767,26,740,35519,32467,3465,143286,78,3250,2550,30,7745,337,0.000935745
2,25890.6,20201.4,28166.5,24767,19,740,35519,32467,3465,143286,78,3250,2550,30,7745,337,0.000935745
2,6637.39,75848.7,24995.8,21697,5,1952,100085,94268,10671,498489,113,2989,2274,45,8618,23,0.000935745
2,45395.5,75848.7,24995.8,21697,17,1952,100085,94268,10671,498489,113,2989,2274,45,8618,23,0.000935745
2,9985.02,68431.1,35221.1,30882,10,1925,93909,87464,9748,472373,164,4058,3131,139,11215,67,0.000935745
2,39434.5,68431.1,35221.1,30882,47,1925,93909,87464,9748,472373,164,4058,3131,139,11215,67,0.000935745
2,30069.1,29584.1,34250.5,30241,22,1023,44969,41156,4565,191453,128,4066,3282,80,10103,522,0.000935745
2,31080.4,29584.1,34250.5,30241,8,1023,44969,41156,4565,191453,128,4066,3282,80,10103,522,0.000935745
2,21615.3,52363.4,29377.2,25683,22,1554,71806,66895,7173,352954,148,3608,2772,40,8182,340,0.000935745
2,33919.6,52363.4,29377.2,25683,15,1554,71806,66895,7173,352954,148,3608,2772,40,8182,340,0.000935745
2,22485.6,61220.5,14300.7,12521,17,1897,92109,85302,9063,415519,67,1927,1458,7,3769,249,0.000935745
2,34166.5,61220.5,14300.7,12521,5,1897,92109,85302,9063,415519,67,1927,1458,7,3769,249,0.000935745
2,9995.69,72637.1,33275.5,28068,10,1949,100147,94327,10879,502824,155,4412,3460,74,14097,53,0.000935745
2,47484.2,72637.1,33275.5,28068,30,1949,100147,94327,10879,502824,155,4412,3460,74,14097,53,0.000935745
2,17754.9,53439,21678.9,18799,10,1757,78559,71180,7857,331409,113,3150,2447,66,7924,99,0.000935745
2,30493.4,53439,21678.9,18799,33,1757,78559,71180,7857,331409,113,3150,2447,66,7924,99,0.000935745
2,14848.4,65850.7,46888.3,40524,16,1920,89602,82770,9137,423830,202,6546,5318,194,18935,188,0.000935745
2,36879,65850.7,46888.3,40524,57,1920,89602,82770,9137,423830,202,6546,5318,194,18935,188,0.000935745
2,15620.3,73636.6,12650.2,11055,9,1978,97018,91078,10287,500159,73,1653,1205,2,3844,120,0.000935745
2,43506.9,73636.6,12650.2,11055,11,1978,97018,91078,10287,500159,73,1653,1205,2,3844,120,0.000935745
2,15869.4,26265.9,16384.3,14409,12,942,42490,39278,4300,200137,94,1940,1395,15,4062,128,0.000935745
2,31064.3,26265.9,16384.3,14409,17,942,42490,39278,4300,200137,94,1940,1395,15,4062,128,0.000935745
2,11646.8,67988,38351.9,33486,12,2105,100752,94154,10161,503660,173,4669,3707,122,13759,101,0.000935745
2,42722.6,67988,38351.9,33486,31,2105,100752,94154,10161,503660,173,4669,3707,122,13759,101,0.000935745
2,4650.34,31995.4,12537.3,10960,6,1081,50747,47229,5310,231329,58,1651,1211,15,4317,15,0.000935745
2,31499.1,31995.4,12537.3,10960,38,1081,50747,47229,5310,231329,58,1651,1211,15,4317,15,0.000935745
2,24309.7,52159.4,16921.3,14863,14,1616,78172,72336,7974,354042,89,2180,1630,10,4322,275,0.000935745
2,35557.5,52159.4,16921.3,14863,5,1616,78172,72336,7974,354042,89,2180,1630,10,4322,275,0.000935745
2,24582.8,52098.4,32654.2,28475,26,1510,82013,76919,8590,405519,126,4410,3438,36,11839,305,0.000935745
2,53693.6,52098.4,32654.2,28475,13,1510,82013,76919,8590,405519,126,4410,3438,36,11839,305,0.000935745
2,34872.4,103127,49839.8,43715,44,2750,138215,129023,14271,661085,209,6670,5287,122,16220,697,0.000935745
2,39830.9,103127,49839.8,43715,27,2750,138215,129023,14271,661085,209,6670,5287,122,16220,697,0.000935745
2,18509.5,29823.8,36111.9,31687,32,1121,51325,47073,5136,211730,129,4474,3588,93,11862,270,0.000935745
2,28391.1,29823.8,36111.9,31687,22,1121,51325,47073,5136,211730,129,4474,3588,93,11862,270,0.000935745
2,20826,20835,30443.4,26779,34,887,39851,36470,4053,157780,90,3748,2966,61,9138,276,0.000935745
2,25220.4,20835,30443.4,26779,24,887,39851,36470,4053,157780,90,3748,2966,61,9138,276,0.000935745
2,11484.3,55618.7,22733.5,19805,18,1666,80934,75731,8615,391480,113,2923,2218,47,7990,127,0.000935745
2,38449.8,55618.7,22733.5,19805,26,1666,80934,75731,8615,391480,113,2923,2218,47,7990,127,0.000935745
2,5694.08,95204.2,54860.9,46956,6,2492,123822,115000,12588,617886,267,7647,6152,190,22857,39,0.000935745
2,41489.5,95204.2,54860.9,46956,39,2492,123822,115000,12588,617886,267,7647,6152,190,22857,39,0.000935745
2,13718.3,74117.9,57144.3,48952,17,2019,103978,96805,10925,522822,237,7607,6184,222,24202,116,0.000935745
2,45990.1,74117.9,57144.3,48952,50,2019,103978,96805,10925,522822,237,7607,6184,222,24202,116,0.000935745
2,10054.7,14214.6,11610.3,10097,10,624,27929,25516,2648,116246,47,1651,1247,17,4282,79,0.000935745
2,23128.3,14214.6,11610.3,10097,20,624,27929,25516,2648,116246,47,1651,1247,17,4282,79,0.000935745
2,23236.2,43637.1,31134.9,27344,24,1514,66054,59839,6382,275290,117,3913,3085,60,10131,358,0.000935745
2,28105.3,43637.1,31134.9,27344,21,1514,66054,59839,6382,275290,117,3913,3085,60,10131,358,0.000935745
2,17895.9,36190.1,23215.2,19705,8,1168,58961,54918,6027,270740,82,2826,2162,30,7982,87,0.000935745
2,37133.5,36190.1,23215.2,19705,17,1168,58961,54918,6027,270740,82,2826,2162,30,7982,87,0.000935745
2,26758,57082,40413.1,35799,33,1784,82344,75831,8232,359267,143,4498,3533,81,11155,381,0.000935745
2,32059.3,57082,40413.1,35799,33,1784,82344,75831,8232,359267,143,4498,3533,81,11155,381,0.000935745
2,2213.14,48256.7,36421,31347,3,1476,70599,65541,7361,340100,144,4405,3504,146,13551,10,0.000935745
2,37686.7,48256.7,36421,31347,33,1476,70599,65541,7361,340100,144,4405,3504,146,13551,10,0.000935745
2,9565.95,58166.5,5347.55,4618,6,1704,82790,76822,8355,378732,46,788,538,0,1495,51,0.000935745
2,33525,58166.5,5347.55,4618,8,1704,82790,76822,8355,378732,46,788,538,0,1495,51,0.000935745
2,12710.9,38440.6,30276.3,26368,22,1294,62233,57263,6389,267945,113,4003,3096,85,10623,120,0.000935745
2,33602.3,38440.6,30276.3,26368,34,1294,62233,57263,6389,267945,113,4003,3096,85,10623,120,0.000935745
2,10035.8,26935,6691.69,5804,9,935,40663,37475,3931,177542,40,964,670,7,2104,36,0.000935745
2,25320.2,26935,6691.69,5804,32,935,40663,37475,3931,177542,40,964,670,7,2104,36,0.000935745
2,26446.3,135409,54038.8,46933,8,3274,159487,146752,16095,743088,205,6708,5243,95,19095,297,0.000935745
2,41291.1,135409,54038.8,46933,35,3274,159487,146752,16095,743088,205,6708,5243,95,19095,297,0.000935745
2,11712.6,15726.1,7499.65,6551,20,686,27607,25153,2560,107510,42,1004,725,7,1916,108,0.000935745
2,22460.5,15726.1,7499.65,6551,12,686,27607,25153,2560,107510,42,1004,725,7,1916,108,0.000935745
2,18718.4,82016,50460.2,43488,11,2231,112092,105149,11505,588505,206,6426,5128,143,18861,175,0.000935745
2,51123.6,82016,50460.2,43488,40,2231,112092,105149,11505,588505,206,6426,5128,143,18861,175,0.000935745
2,18184.9,41926.8,20890.5,18212,5,1209,62183,58028,6567,286486,88,2673,2075,28,7830,71,0.000935745
2,39347.4,41926.8,20890.5,18212,12,1209,62183,58028,6567,286486,88,2673,2075,28,7830,71,0.000935745
2,7489.8,47768.7,16119.6,13910,8,1589,69462,63544,6777,306115,96,2303,1763,37,6611,50,0.000935745
2,29905.2,47768.7,16119.6,13910,29,1589,69462,63544,6777,306115,96,2303,1763,37,6611,50,0.000935745
2,18126.7,75639.9,42763.1,36891,7,2064,100316,93690,10092,509523,181,5827,4682,131,17580,68,0.000935745
2,47237.1,75639.9,42763.1,36891,48,2064,100316,93690,10092,509523,181,5827,4682,131,17580,68,0.000935745
2,17523.8,24128.4,27986.8,24450,30,956,43725,40031,4485,180011,93,3702,2908,76,9369,217,0.000935745
2,28642.9,24128.4,27986.8,24450,31,956,43725,40031,4485,180011,93,3702,2908,76,9369,217,0.000935745
2,19710.5,82625.9,69745.4,60492,22,2130,106989,98972,10971,536492,280,8348,6714,272,23432,274,0.000935745
2,44809.6,82625.9,69745.4,60492,60,2130,106989,98972,10971,536492,280,8348,6714,272,23432,274,0.000935745
2,32301.6,82091.6,55909.2,48986,36,2134,106348,98469,10752,491515,192,6962,5604,171,18756,543,0.000935745
2,36298.3,82091.6,55909.2,48986,42,2134,106348,98469,10752,491515,192,6962,5604,171,18756,543,0.000935745
2,20058.9,26541.5,20867.6,18201,19,936,47514,43888,4778,210479,83,2748,2127,21,7158,212,0.000935745
2,31786.5,26541.5,20867.6,18201,12,936,47514,43888,4778,210479,83,2748,2127,21,7158,212,0.000935745
2,16459.6,35830.7,14407.8,12748,13,1372,59859,54693,5927,247857,70,1666,1228,5,3221,184,0.000935745
2,28052.7,35830.7,14407.8,12748,12,1372,59859,54693,5927,247857,70,1666,1228,5,3221,184,0.000935745
2,6661.1,89110.3,11059.3,9503,10,2452,115132,106608,11521,551800,70,1667,1169,4,3990,30,0.000935745
2,37353.7,89110.3,11059.3,9503,10,2452,115132,106608,11521,551800,70,1667,1169,4,3990,30,0.000935745
2,32872.9,68957.4,40300.9,35486,42,2040,94452,86978,9509,416878,170,4860,3768,93,12330,337,0.000935745
2,33236.1,68957.4,40300.9,35486,28,2040,94452,86978,9509,416878,170,4860,3768,93,12330,337,0.000935745
2,10838,35797.2,21433.7,18335,8,1300,58094,53363,5714,253663,102,3089,2413,93,8310,63,0.000935745
2,29503.3,35797.2,21433.7,18335,30,1300,58094,53363,5714,253663,102,3089,2413,93,8310,63,0.000935745
2,25608.1,83022.7,59883.7,52183,23,2185,107844,100155,10852,502604,206,7371,5839,175,19876,414,0.000935745
2,38598.2,83022.7,59883.7,52183,42,2185,107844,100155,10852,502604,206,7371,5839,175,19876,414,0.000935745
2,25296.2,43721.1,20753,18193,16,1408,63948,59211,6710,292017,77,2538,1959,29,5502,340,0.000935745
2,34042.9,43721.1,20753,18193,7,1408,63948,59211,6710,292017,77,2538,1959,29,5502,340,0.000935745
2,22486.2,52586,20593.8,18268,29,1782,80354,72921,7873,340088,82,2484,1890,35,5232,362,0.000935745
2,30564.4,52586,20593.8,18268,12,1782,80354,72921,7873,340088,82,2484,1890,35,5232,362,0.000935745
2,37701.1,117998,24101.2,21255,6,2947,150600,138977,15116,701832,117,2943,2218,6,6309,358,0.000935745
2,40115.6,117998,24101.2,21255,6,2947,150600,138977,15116,701832,117,2943,2218,6,6309,358,0.000935745
2,14640.3,12771.8,4571.76,4005,4,575,23958,21651,2126,90470,29,685,471,2,1261,71,0.000935745
2,19638,12771.8,4571.76,4005,25,575,23958,21651,2126,90470,29,685,471,2,1261,71,0.000935745
2,16337.5,7235.51,6036.98,5364,12,396,15882,14227,1274,57029,27,852,606,1,1572,81,0.000935745
2,16659.3,7235.51,6036.98,5364,19,396,15882,14227,1274,57029,27,852,606,1,1572,81,0.000935745
2,35561.6,86617.7,50131.6,44153,20,2421,117371,108458,11670,534280,182,5794,4554,97,14779,500,0.000935745
2,36488.4,86617.7,50131.6,44153,43,2421,117371,108458,11670,534280,182,5794,4554,97,14779,500,0.000935745
2,23741.4,74050.1,38484.9,33412,18,2064,100079,92189,10349,447975,165,5313,4204,113,14212,303,0.000935745
2,33962.1,74050.1,38484.9,33412,41,2064,100079,92189,10349,447975,165,5313,4204,113,14212,303,0.000935745
