K,dist,cost_ki,cost_hi,h_cost,vnum,gen_ki,push_ki,pop_ki,prune_ki,suc_call_ki,gen_hi,push_hi,pop_hi,prune_hi,suc_call_hi,reevaluate,density
4,14687.6,203253,187755,154181,6,3887,217375,206245,22438,1249790,693,23956,20120,841,78648,1749,0.0010917
4,34171.1,203253,187755,154181,6,3887,217375,206245,22438,1249790,693,23956,20120,841,78648,1749,0.0010917
4,45854.1,203253,187755,154181,33,3887,217375,206245,22438,1249790,693,23956,20120,841,78648,1749,0.0010917
4,64542.9,203253,187755,154181,67,3887,217375,206245,22438,1249790,693,23956,20120,841,78648,1749,0.0010917
4,24274.8,194197,134939,115876,31,3612,208250,197444,20984,1201362,470,17646,14617,471,46459,2704,0.0010917
4,35579.5,194197,134939,115876,38,3612,208250,197444,20984,1201362,470,17646,14617,471,46459,2704,0.0010917
4,56978.1,194197,134939,115876,4,3612,208250,197444,20984,1201362,470,17646,14617,471,46459,2704,0.0010917
4,70946.1,194197,134939,115876,10,3612,208250,197444,20984,1201362,470,17646,14617,471,46459,2704,0.0010917
4,18259.4,127434,47446.1,41349,16,2960,141733,130786,14451,665671,161,5873,4713,78,12198,1096,0.0010917
4,21458.7,127434,47446.1,41349,9,2960,141733,130786,14451,665671,161,5873,4713,78,12198,1096,0.0010917
4,28958.5,127434,47446.1,41349,40,2960,141733,130786,14451,665671,161,5873,4713,78,12198,1096,0.0010917
4,39365.5,127434,47446.1,41349,6,2960,141733,130786,14451,665671,161,5873,4713,78,12198,1096,0.0010917
4,21800.1,159396,173883,145902,14,3302,179268,170028,19198,987553,640,22756,19315,708,72133,2150,0.0010917
4,37971.6,159396,173883,145902,4,3302,179268,170028,19198,987553,640,22756,19315,708,72133,2150,0.0010917
4,52152.9,159396,173883,145902,54,3302,179268,170028,19198,987553,640,22756,19315,708,72133,2150,0.0010917
4,61369.4,159396,173883,145902,47,3302,179268,170028,19198,987553,640,22756,19315,708,72133,2150,0.0010917
4,3979.93,115229,71537,61366,8,2635,136616,127297,13884,657980,330,10201,8248,197,26029,999,0.0010917
4,22124.5,115229,71537,61366,14,2635,136616,127297,13884,657980,330,10201,8248,197,26029,999,0.0010917
4,39976.4,115229,71537,61366,29,2635,136616,127297,13884,657980,330,10201,8248,197,26029,999,0.0010917
4,41049.7,115229,71537,61366,39,2635,136616,127297,13884,657980,330,10201,8248,197,26029,999,0.0010917
4,20509.9,151476,69825.5,60705,11,3497,179515,169874,18539,970253,310,10205,8354,217,26048,1205,0.0010917
4,20724.4,151476,69825.5,60705,20,3497,179515,169874,18539,970253,310,10205,8354,217,26048,1205,0.0010917
4,38500.4,151476,69825.5,60705,4,3497,179515,169874,18539,970253,310,10205,8354,217,26048,1205,0.0010917
4,50607,151476,69825.5,60705,50,3497,179515,169874,18539,970253,310,10205,8354,217,26048,1205,0.0010917
4,16257,105593,46394.7,40355,15,2855,133933,123802,13614,630791,166,5976,4794,92,12779,1068,0.0010917
4,19534.4,105593,46394.7,40355,7,2855,133933,123802,13614,630791,166,5976,4794,92,12779,1068,0.0010917
4,32041.9,105593,46394.7,40355,45,2855,133933,123802,13614,630791,166,5976,4794,92,12779,1068,0.0010917
4,38591.5,105593,46394.7,40355,18,2855,133933,123802,13614,630791,166,5976,4794,92,12779,1068,0.0010917
4,3064.37,76676.8,137651,116258,4,1942,105100,98751,11280,549560,512,18425,15477,541,55135,1835,0.0010917
4,35776.4,76676.8,137651,116258,7,1942,105100,98751,11280,549560,512,18425,15477,541,55135,1835,0.0010917
4,49522.7,76676.8,137651,116258,47,1942,105100,98751,11280,549560,512,18425,15477,541,55135,1835,0.0010917
4,59038.9,76676.8,137651,116258,38,1942,105100,98751,11280,549560,512,18425,15477,541,55135,1835,0.0010917
4,16344.4,127658,105112,90437,27,2779,147067,138316,15388,780390,396,13463,10977,330,37588,1402,0.0010917
4,34494.6,127658,105112,90437,27,2779,147067,138316,15388,780390,396,13463,10977,330,37588,1402,0.0010917
4,42460.6,127658,105112,90437,11,2779,147067,138316,15388,780390,396,13463,10977,330,37588,1402,0.0010917
4,50868.6,127658,105112,90437,54,2779,147067,138316,15388,780390,396,13463,10977,330,37588,1402,0.0010917
4,29848.8,227107,289479,247152,33,3960,240965,228347,24222,1449766,947,37271,32215,1367,125080,5364,0.0010917
4,52474.4,227107,289479,247152,24,3960,240965,228347,24222,1449766,947,37271,32215,1367,125080,5364,0.0010917
4,62374.3,227107,289479,247152,67,3960,240965,228347,24222,1449766,947,37271,32215,1367,125080,5364,0.0010917
4,80299.7,227107,289479,247152,81,3960,240965,228347,24222,1449766,947,37271,32215,1367,125080,5364,0.0010917
4,14733.2,92304.4,101419,87225,17,2526,128085,119386,13359,630834,377,13413,10984,312,36581,1659,0.0010917
4,31568.3,92304.4,101419,87225,31,2526,128085,119386,13359,630834,377,13413,10984,312,36581,1659,0.0010917
4,41848.1,92304.4,101419,87225,21,2526,128085,119386,13359,630834,377,13413,10984,312,36581,1659,0.0010917
4,45222,92304.4,101419,87225,44,2526,128085,119386,13359,630834,377,13413,10984,312,36581,1659,0.0010917
4,16144,100626,111522,96167,14,2377,119458,111282,12421,577771,441,15353,12669,368,42682,1709,0.0010917
4,31537.3,100626,111522,96167,37,2377,119458,111282,12421,577771,441,15353,12669,368,42682,1709,0.0010917
4,40232.3,100626,111522,96167,25,2377,119458,111282,12421,577771,441,15353,12669,368,42682,1709,0.0010917
4,43096.3,100626,111522,96167,40,2377,119458,111282,12421,577771,441,15353,12669,368,42682,1709,0.0010917
4,5916.23,138234,132450,113581,7,3175,165965,156735,17095,917398,548,19066,15969,639,56540,2299,0.0010917
4,34039.1,138234,132450,113581,43,3175,165965,156735,17095,917398,548,19066,15969,639,56540,2299,0.0010917
4,45701.6,138234,132450,113581,38,3175,165965,156735,17095,917398,548,19066,15969,639,56540,2299,0.0010917
4,51784.6,138234,132450,113581,56,3175,165965,156735,17095,917398,548,19066,15969,639,56540,2299,0.0010917
4,37412,201411,199316,169061,46,3719,223320,212179,23038,1274503,692,26537,22107,769,82904,2061,0.0010917
4,38194.6,201411,199316,169061,9,3719,223320,212179,23038,1274503,692,26537,22107,769,82904,2061,0.0010917
4,38468.2,201411,199316,169061,7,3719,223320,212179,23038,1274503,692,26537,22107,769,82904,2061,0.0010917
4,74044.3,201411,199316,169061,16,3719,223320,212179,23038,1274503,692,26537,22107,769,82904,2061,0.0010917
4,6339.82,160543,162620,139729,8,3451,184308,174571,19489,990353,627,22249,18764,730,67701,2404,0.0010917
4,38952.9,160543,162620,139729,45,3451,184308,174571,19489,990353,627,22249,18764,730,67701,2404,0.0010917
4,45919.4,160543,162620,139729,34,3451,184308,174571,19489,990353,627,22249,18764,730,67701,2404,0.0010917
4,53590,160543,162620,139729,60,3451,184308,174571,19489,990353,627,22249,18764,730,67701,2404,0.0010917
4,27469.8,170028,182565,156491,14,3505,195899,186010,20848,1096129,685,25351,21513,702,77246,3126,0.0010917
4,39236.3,170028,182565,156491,19,3505,195899,186010,20848,1096129,685,25351,21513,702,77246,3126,0.0010917
4,49328.4,170028,182565,156491,38,3505,195899,186010,20848,1096129,685,25351,21513,702,77246,3126,0.0010917
4,66818.7,170028,182565,156491,50,3505,195899,186010,20848,1096129,685,25351,21513,702,77246,3126,0.0010917
4,8535.1,62344.5,106854,92697,8,1697,86917,81523,8975,440178,418,14729,12106,289,40196,1858,0.0010917
4,41169.2,62344.5,106854,92697,34,1697,86917,81523,8975,440178,418,14729,12106,289,40196,1858,0.0010917
4,47814.5,62344.5,106854,92697,19,1697,86917,81523,8975,440178,418,14729,12106,289,40196,1858,0.0010917
4,50119.9,62344.5,106854,92697,44,1697,86917,81523,8975,440178,418,14729,12106,289,40196,1858,0.0010917
4,20925.4,63346.8,61499.9,54652,21,2020,99400,93801,10416,490618,231,7808,6318,107,16339,1729,0.0010917
4,25660.8,63346.8,61499.9,54652,36,2020,99400,93801,10416,490618,231,7808,6318,107,16339,1729,0.0010917
4,27892.8,63346.8,61499.9,54652,13,2020,99400,93801,10416,490618,231,7808,6318,107,16339,1729,0.0010917
4,42200.2,63346.8,61499.9,54652,9,2020,99400,93801,10416,490618,231,7808,6318,107,16339,1729,0.0010917
4,15212.2,60038.2,32095,27978,24,1868,85206,77463,8361,364271,143,4721,3653,66,10779,546,0.0010917
4,29426.1,60038.2,32095,27978,3,1868,85206,77463,8361,364271,143,4721,3653,66,10779,546,0.0010917
4,29978.2,60038.2,32095,27978,17,1868,85206,77463,8361,364271,143,4721,3653,66,10779,546,0.0010917
4,31555.7,60038.2,32095,27978,32,1868,85206,77463,8361,364271,143,4721,3653,66,10779,546,0.0010917
4,3964.57,128808,113160,97296,4,3190,160375,151346,16385,860776,425,14658,12242,527,41435,1910,0.0010917
4,28922.8,128808,113160,97296,36,3190,160375,151346,16385,860776,425,14658,12242,527,41435,1910,0.0010917
4,40718.2,128808,113160,97296,33,3190,160375,151346,16385,860776,425,14658,12242,527,41435,1910,0.0010917
4,47115.4,128808,113160,97296,54,3190,160375,151346,16385,860776,425,14658,12242,527,41435,1910,0.0010917
4,23853.9,206666,177907,150353,30,3695,211964,201138,21310,1223412,642,23352,19652,746,70496,2647,0.0010917
4,35027.1,206666,177907,150353,37,3695,211964,201138,21310,1223412,642,23352,19652,746,70496,2647,0.0010917
4,56243.7,206666,177907,150353,6,3695,211964,201138,21310,1223412,642,23352,19652,746,70496,2647,0.0010917
4,71251.7,206666,177907,150353,61,3695,211964,201138,21310,1223412,642,23352,19652,746,70496,2647,0.0010917
4,41652.9,210826,168376,144833,11,3701,224323,213028,22958,1295260,576,22317,18738,518,71794,1911,0.0010917
4,43002.9,210826,168376,144833,55,3701,224323,213028,22958,1295260,576,22317,18738,518,71794,1911,0.0010917
4,43011.5,210826,168376,144833,12,3701,224323,213028,22958,1295260,576,22317,18738,518,71794,1911,0.0010917
4,78228,210826,168376,144833,29,3701,224323,213028,22958,1295260,576,22317,18738,518,71794,1911,0.0010917
4,4437.18,126711,106238,90432,10,3154,164153,155176,16777,873269,446,15296,12695,529,46783,1282,0.0010917
4,15029.5,126711,106238,90432,6,3154,164153,155176,16777,873269,446,15296,12695,529,46783,1282,0.0010917
4,46735.5,126711,106238,90432,52,3154,164153,155176,16777,873269,446,15296,12695,529,46783,1282,0.0010917
4,48324.1,126711,106238,90432,45,3154,164153,155176,16777,873269,446,15296,12695,529,46783,1282,0.0010917
4,35871.1,184294,273351,231849,28,3580,205269,194629,21359,1180358,891,34721,29959,1076,109712,4645,0.0010917
4,48894.2,184294,273351,231849,33,3580,205269,194629,21359,1180358,891,34721,29959,1076,109712,4645,0.0010917
4,55702.8,184294,273351,231849,28,3580,205269,194629,21359,1180358,891,34721,29959,1076,109712,4645,0.0010917
4,75440.4,184294,273351,231849,61,3580,205269,194629,21359,1180358,891,34721,29959,1076,109712,4645,0.0010917
4,16900.9,192050,157594,134473,22,3796,216563,205217,22466,1257454,598,21484,18357,857,70045,2562,0.0010917
4,41920.5,192050,157594,134473,7,3796,216563,205217,22466,1257454,598,21484,18357,857,70045,2562,0.0010917
4,49307.4,192050,157594,134473,53,3796,216563,205217,22466,1257454,598,21484,18357,857,70045,2562,0.0010917
4,67969.8,192050,157594,134473,76,3796,216563,205217,22466,1257454,598,21484,18357,857,70045,2562,0.0010917
4,4719.46,93709.4,60833.6,52634,3,2717,127297,116972,13069,581198,266,8771,7155,274,22648,935,0.0010917
4,18611.5,93709.4,60833.6,52634,8,2717,127297,116972,13069,581198,266,8771,7155,274,22648,935,0.0010917
4,35630.6,93709.4,60833.6,52634,45,2717,127297,116972,13069,581198,266,8771,7155,274,22648,935,0.0010917
4,37529.5,93709.4,60833.6,52634,30,2717,127297,116972,13069,581198,266,8771,7155,274,22648,935,0.0010917
4,35984.4,172873,299926,255310,46,3519,201913,191239,21320,1165775,962,38748,33566,1259,127376,5359,0.0010917
4,51308.1,172873,299926,255310,26,3519,201913,191239,21320,1165775,962,38748,33566,1259,127376,5359,0.0010917
4,59269.9,172873,299926,255310,32,3519,201913,191239,21320,1165775,962,38748,33566,1259,127376,5359,0.0010917
4,75347.7,172873,299926,255310,78,3519,201913,191239,21320,1165775,962,38748,33566,1259,127376,5359,0.0010917
4,15532.4,98067.2,66187,57474,3,2547,124927,114593,12414,559849,262,8991,7205,141,22052,1068,0.0010917
4,27166.4,98067.2,66187,57474,29,2547,124927,114593,12414,559849,262,8991,7205,141,22052,1068,0.0010917
4,32172.9,98067.2,66187,57474,13,2547,124927,114593,12414,559849,262,8991,7205,141,22052,1068,0.0010917
4,36920.6,98067.2,66187,57474,44,2547,124927,114593,12414,559849,262,8991,7205,141,22052,1068,0.0010917
4,1670.49,70780.2,117693,101700,3,1945,101775,95731,10822,523194,452,16531,13810,389,47624,1933,0.0010917
4,34988.9,70780.2,117693,101700,21,1945,101775,95731,10822,523194,452,16531,13810,389,47624,1933,0.0010917
4,45924.7,70780.2,117693,101700,35,1945,101775,95731,10822,523194,452,16531,13810,389,47624,1933,0.0010917
4,55300.1,70780.2,117693,101700,34,1945,101775,95731,10822,523194,452,16531,13810,389,47624,1933,0.0010917
4,20299.4,154121,129416,112285,22,3485,186700,176555,19115,1026627,514,17848,14717,460,47231,2200,0.0010917
4,31873.6,154121,129416,112285,46,3485,186700,176555,19115,1026627,514,17848,14717,460,47231,2200,0.0010917
4,50583.3,154121,129416,112285,9,3485,186700,176555,19115,1026627,514,17848,14717,460,47231,2200,0.0010917
4,56953.4,154121,129416,112285,71,3485,186700,176555,19115,1026627,514,17848,14717,460,47231,2200,0.0010917
4,25266.3,146901,90275.7,79706,34,3226,183649,173557,18771,1044835,314,11611,9467,133,24773,2805,0.0010917
4,39082.1,146901,90275.7,79706,37,3226,183649,173557,18771,1044835,314,11611,9467,133,24773,2805,0.0010917
4,62676.9,146901,90275.7,79706,9,3226,183649,173557,18771,1044835,314,11611,9467,133,24773,2805,0.0010917
4,67967.7,146901,90275.7,79706,9,3226,183649,173557,18771,1044835,314,11611,9467,133,24773,2805,0.0010917
4,11977.8,133858,115154,99696,5,3207,159534,149028,16086,820688,436,15125,12575,509,43250,1702,0.0010917
4,22266.8,133858,115154,99696,27,3207,159534,149028,16086,820688,436,15125,12575,509,43250,1702,0.0010917
4,40014.7,133858,115154,99696,45,3207,159534,149028,16086,820688,436,15125,12575,509,43250,1702,0.0010917
4,45844.5,133858,115154,99696,48,3207,159534,149028,16086,820688,436,15125,12575,509,43250,1702,0.0010917
4,24234.6,214961,191052,158301,15,3857,224347,213092,22520,1302028,677,24904,21308,846,84647,2810,0.0010917
4,31012.8,214961,191052,158301,45,3857,224347,213092,22520,1302028,677,24904,21308,846,84647,2810,0.0010917
4,48590.8,214961,191052,158301,13,3857,224347,213092,22520,1302028,677,24904,21308,846,84647,2810,0.0010917
4,70914.1,214961,191052,158301,72,3857,224347,213092,22520,1302028,677,24904,21308,846,84647,2810,0.0010917
4,26148.1,229118,159179,136042,9,4050,227341,217074,23331,1354872,606,20564,17133,693,59160,2189,0.0010917
4,32204,229118,159179,136042,31,4050,227341,217074,23331,1354872,606,20564,17133,693,59160,2189,0.0010917
4,34686.5,229118,159179,136042,46,4050,227341,217074,23331,1354872,606,20564,17133,693,59160,2189,0.0010917
4,66091.9,229118,159179,136042,90,4050,227341,217074,23331,1354872,606,20564,17133,693,59160,2189,0.0010917
4,4175.72,147464,131123,114112,14,3247,167322,157626,17578,866055,478,16504,13702,504,47031,1788,0.0010917
4,34842.4,147464,131123,114112,39,3247,167322,157626,17578,866055,478,16504,13702,504,47031,1788,0.0010917
4,40865.2,147464,131123,114112,32,3247,167322,157626,17578,866055,478,16504,13702,504,47031,1788,0.0010917
4,47131.5,147464,131123,114112,50,3247,167322,157626,17578,866055,478,16504,13702,504,47031,1788,0.0010917
4,15064.2,200784,192824,162540,14,3677,205514,194673,21318,1183165,661,23699,20148,873,72492,3133,0.0010917
4,44281.6,200784,192824,162540,11,3677,205514,194673,21318,1183165,661,23699,20148,873,72492,3133,0.0010917
4,47599.1,200784,192824,162540,49,3677,205514,194673,21318,1183165,661,23699,20148,873,72492,3133,0.0010917
4,65695.9,200784,192824,162540,63,3677,205514,194673,21318,1183165,661,23699,20148,873,72492,3133,0.0010917
4,7559.27,89339,139598,118333,4,2034,112711,105948,11952,603152,495,18787,15700,484,56861,1841,0.0010917
4,35833.3,89339,139598,118333,10,2034,112711,105948,11952,603152,495,18787,15700,484,56861,1841,0.0010917
4,51022.9,89339,139598,118333,55,2034,112711,105948,11952,603152,495,18787,15700,484,56861,1841,0.0010917
4,63127.7,89339,139598,118333,39,2034,112711,105948,11952,603152,495,18787,15700,484,56861,1841,0.0010917
4,18011.9,87061.8,57739.3,50069,13,2156,111285,105022,11661,562132,213,7777,6264,88,17185,1340,0.0010917
4,21585.1,87061.8,57739.3,50069,26,2156,111285,105022,11661,562132,213,7777,6264,88,17185,1340,0.0010917
4,29943.5,87061.8,57739.3,50069,30,2156,111285,105022,11661,562132,213,7777,6264,88,17185,1340,0.0010917
4,47772.1,87061.8,57739.3,50069,7,2156,111285,105022,11661,562132,213,7777,6264,88,17185,1340,0.0010917
4,21493,119176,96975,83380,24,2940,145859,136355,15120,705526,406,12759,10509,274,35291,1329,0.0010917
4,24616.3,119176,96975,83380,33,2940,145859,136355,15120,705526,406,12759,10509,274,35291,1329,0.0010917
4,27412.7,119176,96975,83380,27,2940,145859,136355,15120,705526,406,12759,10509,274,35291,1329,0.0010917
4,41761.3,119176,96975,83380,34,2940,145859,136355,15120,705526,406,12759,10509,274,35291,1329,0.0010917
4,20647.4,136354,81820.4,70360,30,3164,159345,148937,16529,780749,343,11274,9331,281,30534,1451,0.0010917
4,22285.6,136354,81820.4,70360,24,3164,159345,148937,16529,780749,343,11274,9331,281,30534,1451,0.0010917
4,28289.3,136354,81820.4,70360,25,3164,159345,148937,16529,780749,343,11274,9331,281,30534,1451,0.0010917
4,43187.4,136354,81820.4,70360,30,3164,159345,148937,16529,780749,343,11274,9331,281,30534,1451,0.0010917
4,21727.1,63874.4,66838.9,59372,24,1923,83000,75455,8094,351510,231,7441,5933,91,16602,1170,0.0010917
4,26791.2,63874.4,66838.9,59372,28,1923,83000,75455,8094,351510,231,7441,5933,91,16602,1170,0.0010917
4,27736.5,63874.4,66838.9,59372,11,1923,83000,75455,8094,351510,231,7441,5933,91,16602,1170,0.0010917
4,31362.9,63874.4,66838.9,59372,27,1923,83000,75455,8094,351510,231,7441,5933,91,16602,1170,0.0010917
4,24126.5,202325,156179,132044,26,3755,206631,195859,21314,1170949,562,20340,16960,488,59846,2461,0.0010917
4,28372.1,202325,156179,132044,22,3755,206631,195859,21314,1170949,562,20340,16960,488,59846,2461,0.0010917
4,49418.2,202325,156179,132044,17,3755,206631,195859,21314,1170949,562,20340,16960,488,59846,2461,0.0010917
4,62870.9,202325,156179,132044,67,3755,206631,195859,21314,1170949,562,20340,16960,488,59846,2461,0.0010917
4,6731.65,156020,137145,117957,9,3347,170109,159929,17480,883101,530,18306,15241,426,49758,2166,0.0010917
4,37247,156020,137145,117957,41,3347,170109,159929,17480,883101,530,18306,15241,426,49758,2166,0.0010917
4,44835.8,156020,137145,117957,42,3347,170109,159929,17480,883101,530,18306,15241,426,49758,2166,0.0010917
4,49539,156020,137145,117957,47,3347,170109,159929,17480,883101,530,18306,15241,426,49758,2166,0.0010917
4,34659.6,225648,233609,199587,19,4174,249269,238188,25120,1523166,901,32177,27209,1031,100997,3526,0.0010917
4,39217.4,225648,233609,199587,34,4174,249269,238188,25120,1523166,901,32177,27209,1031,100997,3526,0.0010917
4,40530,225648,233609,199587,46,4174,249269,238188,25120,1523166,901,32177,27209,1031,100997,3526,0.0010917
4,75375.8,225648,233609,199587,102,4174,249269,238188,25120,1523166,901,32177,27209,1031,100997,3526,0.0010917
4,35705.8,228968,240710,206282,19,4176,250788,239655,25194,1538183,904,32087,27139,1044,100220,3546,0.0010917
4,40227.1,228968,240710,206282,36,4176,250788,239655,25194,1538183,904,32087,27139,1044,100220,3546,0.0010917
4,41383.4,228968,240710,206282,48,4176,250788,239655,25194,1538183,904,32087,27139,1044,100220,3546,0.0010917
4,76331.8,228968,240710,206282,105,4176,250788,239655,25194,1538183,904,32087,27139,1044,100220,3546,0.0010917
4,20594.5,186016,157649,135473,10,3821,216950,205758,22464,1248787,602,21736,18268,589,66896,2446,0.0010917
4,33609.4,186016,157649,135473,15,3821,216950,205758,22464,1248787,602,21736,18268,589,66896,2446,0.0010917
4,50625,186016,157649,135473,31,3821,216950,205758,22464,1248787,602,21736,18268,589,66896,2446,0.0010917
4,66374.4,186016,157649,135473,67,3821,216950,205758,22464,1248787,602,21736,18268,589,66896,2446,0.0010917
4,15151,50259.2,93768.8,82688,7,1567,77431,72467,7873,379237,339,11326,9235,196,27550,1642,0.0010917
4,41238.5,50259.2,93768.8,82688,36,1567,77431,72467,7873,379237,339,11326,9235,196,27550,1642,0.0010917
4,41316.1,50259.2,93768.8,82688,47,1567,77431,72467,7873,379237,339,11326,9235,196,27550,1642,0.0010917
4,42259.7,50259.2,93768.8,82688,4,1567,77431,72467,7873,379237,339,11326,9235,196,27550,1642,0.0010917
4,21570.5,101531,59936.6,51977,19,2668,128518,117840,12793,581745,251,8756,7067,142,22805,1332,0.0010917
4,22172.7,101531,59936.6,51977,6,2668,128518,117840,12793,581745,251,8756,7067,142,22805,1332,0.0010917
4,30465.3,101531,59936.6,51977,44,2668,128518,117840,12793,581745,251,8756,7067,142,22805,1332,0.0010917
4,37459,101531,59936.6,51977,18,2668,128518,117840,12793,581745,251,8756,7067,142,22805,1332,0.0010917
4,3811.47,141137,128240,109891,3,3163,161324,152247,16563,871888,460,16127,13489,587,47320,1964,0.0010917
4,29804.2,141137,128240,109891,37,3163,161324,152247,16563,871888,460,16127,13489,587,47320,1964,0.0010917
4,42090,141137,128240,109891,35,3163,161324,152247,16563,871888,460,16127,13489,587,47320,1964,0.0010917
4,47996.8,141137,128240,109891,55,3163,161324,152247,16563,871888,460,16127,13489,587,47320,1964,0.0010917
4,13530.3,99935.3,62286.7,53214,4,2507,120797,111211,12267,546039,251,8163,6539,211,23614,546,0.0010917
4,26945.9,99935.3,62286.7,53214,28,2507,120797,111211,12267,546039,251,8163,6539,211,23614,546,0.0010917
4,35474.2,99935.3,62286.7,53214,4,2507,120797,111211,12267,546039,251,8163,6539,211,23614,546,0.0010917
4,36874.2,99935.3,62286.7,53214,44,2507,120797,111211,12267,546039,251,8163,6539,211,23614,546,0.0010917
4,3423.51,117145,89592,77005,6,2671,136149,126803,13830,654426,369,12009,9881,229,31960,1228,0.0010917
4,25869.7,117145,89592,77005,29,2671,136149,126803,13830,654426,369,12009,9881,229,31960,1228,0.0010917
4,35137.6,117145,89592,77005,35,2671,136149,126803,13830,654426,369,12009,9881,229,31960,1228,0.0010917
4,40501.3,117145,89592,77005,40,2671,136149,126803,13830,654426,369,12009,9881,229,31960,1228,0.0010917
4,19725.1,163435,120326,103639,11,3366,186869,177376,19749,1011822,496,17094,14119,564,49148,1809,0.0010917
4,27619.1,163435,120326,103639,29,3366,186869,177376,19749,1011822,496,17094,14119,564,49148,1809,0.0010917
4,32931.9,163435,120326,103639,46,3366,186869,177376,19749,1011822,496,17094,14119,564,49148,1809,0.0010917
4,54772,163435,120326,103639,61,3366,186869,177376,19749,1011822,496,17094,14119,564,49148,1809,0.0010917
4,14078.6,120928,73102.6,63317,9,3165,152889,141282,15478,714181,320,9735,7754,221,23510,1014,0.0010917
4,23976.7,120928,73102.6,63317,27,3165,152889,141282,15478,714181,320,9735,7754,221,23510,1014,0.0010917
4,28299.5,120928,73102.6,63317,24,3165,152889,141282,15478,714181,320,9735,7754,221,23510,1014,0.0010917
4,40738.4,120928,73102.6,63317,49,3165,152889,141282,15478,714181,320,9735,7754,221,23510,1014,0.0010917
4,15972.6,112967,78657.9,68579,16,2633,142648,133860,15210,743282,254,9719,7937,181,21794,1919,0.0010917
4,19038.4,112967,78657.9,68579,20,2633,142648,133860,15210,743282,254,9719,7937,181,21794,1919,0.0010917
4,45502.1,112967,78657.9,68579,51,2633,142648,133860,15210,743282,254,9719,7937,181,21794,1919,0.0010917
4,50424.7,112967,78657.9,68579,8,2633,142648,133860,15210,743282,254,9719,7937,181,21794,1919,0.0010917
4,20183,180543,89337.7,77160,21,3511,181306,171675,18720,984329,323,11205,9181,206,27688,1597,0.0010917
4,21751.3,180543,89337.7,77160,11,3511,181306,171675,18720,984329,323,11205,9181,206,27688,1597,0.0010917
4,38673.3,180543,89337.7,77160,4,3511,181306,171675,18720,984329,323,11205,9181,206,27688,1597,0.0010917
4,51391.9,180543,89337.7,77160,53,3511,181306,171675,18720,984329,323,11205,9181,206,27688,1597,0.0010917
4,24484.4,219555,193097,164535,20,3839,224272,212986,22542,1305067,685,24899,21267,814,83374,2889,0.0010917
4,31945.5,219555,193097,164535,45,3839,224272,212986,22542,1305067,685,24899,21267,814,83374,2889,0.0010917
4,50054.1,219555,193097,164535,11,3839,224272,212986,22542,1305067,685,24899,21267,814,83374,2889,0.0010917
4,71409.8,219555,193097,164535,60,3839,224272,212986,22542,1305067,685,24899,21267,814,83374,2889,0.0010917
4,21224.2,49978.8,57460.7,50863,22,1731,74893,67859,7298,310727,240,7603,6017,123,17240,1219,0.0010917
4,27785.4,49978.8,57460.7,50863,33,1731,74893,67859,7298,310727,240,7603,6017,123,17240,1219,0.0010917
4,29067.8,49978.8,57460.7,50863,24,1731,74893,67859,7298,310727,240,7603,6017,123,17240,1219,0.0010917
4,29811.2,49978.8,57460.7,50863,12,1731,74893,67859,7298,310727,240,7603,6017,123,17240,1219,0.0010917
4,34800.9,232243,289797,243626,9,4171,256144,243828,25664,1554257,906,36521,31723,1482,133021,4563,0.0010917
4,39152.8,232243,289797,243626,34,4171,256144,243828,25664,1554257,906,36521,31723,1482,133021,4563,0.0010917
4,50945.7,232243,289797,243626,50,4171,256144,243828,25664,1554257,906,36521,31723,1482,133021,4563,0.0010917
4,80215.1,232243,289797,243626,73,4171,256144,243828,25664,1554257,906,36521,31723,1482,133021,4563,0.0010917
4,11438.6,94768.8,80303.2,69789,15,2553,123180,114129,12723,575555,336,10602,8480,154,26469,1147,0.0010917
4,29442.8,94768.8,80303.2,69789,25,2553,123180,114129,12723,575555,336,10602,8480,154,26469,1147,0.0010917
4,38124.6,94768.8,80303.2,69789,38,2553,123180,114129,12723,575555,336,10602,8480,154,26469,1147,0.0010917
4,38425.7,94768.8,80303.2,69789,41,2553,123180,114129,12723,575555,336,10602,8480,154,26469,1147,0.0010917
4,4591.85,133102,60311.3,52284,6,2975,171161,161464,17822,940455,257,9154,7374,144,21755,1311,0.0010917
4,25680.1,133102,60311.3,52284,26,2975,171161,161464,17822,940455,257,9154,7374,144,21755,1311,0.0010917
4,32830.9,133102,60311.3,52284,17,2975,171161,161464,17822,940455,257,9154,7374,144,21755,1311,0.0010917
4,60624.9,133102,60311.3,52284,8,2975,171161,161464,17822,940455,257,9154,7374,144,21755,1311,0.0010917
4,35757.5,231191,279184,231635,15,4179,255063,243451,25403,1555659,951,36421,31281,1346,128212,4166,0.0010917
4,37105.7,231191,279184,231635,29,4179,255063,243451,25403,1555659,951,36421,31281,1346,128212,4166,0.0010917
4,46888.3,231191,279184,231635,50,4179,255063,243451,25403,1555659,951,36421,31281,1346,128212,4166,0.0010917
4,78634.8,231191,279184,231635,62,4179,255063,243451,25403,1555659,951,36421,31281,1346,128212,4166,0.0010917
4,17011.9,87806.6,54491.4,47424,20,2358,109542,100176,10841,482732,198,6745,5412,82,17327,936,0.0010917
4,25536,87806.6,54491.4,47424,8,2358,109542,100176,10841,482732,198,6745,5412,82,17327,936,0.0010917
4,29556.3,87806.6,54491.4,47424,24,2358,109542,100176,10841,482732,198,6745,5412,82,17327,936,0.0010917
4,35115.7,87806.6,54491.4,47424,22,2358,109542,100176,10841,482732,198,6745,5412,82,17327,936,0.0010917
4,37286.9,198374,259683,222348,21,3738,219446,208339,22622,1269419,914,35654,30431,995,115400,4277,0.0010917
4,45465.5,198374,259683,222348,38,3738,219446,208339,22622,1269419,914,35654,30431,995,115400,4277,0.0010917
4,49113.1,198374,259683,222348,17,3738,219446,208339,22622,1269419,914,35654,30431,995,115400,4277,0.0010917
4,76822.7,198374,259683,222348,64,3738,219446,208339,22622,1269419,914,35654,30431,995,115400,4277,0.0010917
4,6389.47,166149,158390,134574,13,3481,188780,178719,19849,1062026,558,20016,16997,773,62609,2588,0.0010917
4,39187.3,166149,158390,134574,44,3481,188780,178719,19849,1062026,558,20016,16997,773,62609,2588,0.0010917
4,41412.6,166149,158390,134574,23,3481,188780,178719,19849,1062026,558,20016,16997,773,62609,2588,0.0010917
4,57413.5,166149,158390,134574,65,3481,188780,178719,19849,1062026,558,20016,16997,773,62609,2588,0.0010917
4,19479.8,170502,161420,139278,24,3447,187213,176954,19116,1030062,605,22403,18663,663,62569,2701,0.0010917
4,34681.2,170502,161420,139278,36,3447,187213,176954,19116,1030062,605,22403,18663,663,62569,2701,0.0010917
4,52930.2,170502,161420,139278,21,3447,187213,176954,19116,1030062,605,22403,18663,663,62569,2701,0.0010917
4,57179.4,170502,161420,139278,74,3447,187213,176954,19116,1030062,605,22403,18663,663,62569,2701,0.0010917
4,22748.7,169012,155041,131616,31,3528,200919,190694,20869,1108303,583,22148,18502,686,65600,2337,0.0010917
4,28495.7,169012,155041,131616,26,3528,200919,190694,20869,1108303,583,22148,18502,686,65600,2337,0.0010917
4,35961.7,169012,155041,131616,29,3528,200919,190694,20869,1108303,583,22148,18502,686,65600,2337,0.0010917
4,61752.1,169012,155041,131616,63,3528,200919,190694,20869,1108303,583,22148,18502,686,65600,2337,0.0010917
4,42828.2,197924,307204,263139,29,3655,220558,209210,22594,1289914,980,40145,34950,1283,133498,5373,0.0010917
4,53378,197924,307204,263139,45,3655,220558,209210,22594,1289914,980,40145,34950,1283,133498,5373,0.0010917
4,55783.3,197924,307204,263139,10,3655,220558,209210,22594,1289914,980,40145,34950,1283,133498,5373,0.0010917
4,82397.6,197924,307204,263139,62,3655,220558,209210,22594,1289914,980,40145,34950,1283,133498,5373,0.0010917
4,10175.2,120926,81868.5,69921,12,2946,153760,144786,15866,812123,373,12101,9822,236,33290,1311,0.0010917
4,28423.7,120926,81868.5,69921,18,2946,153760,144786,15866,812123,373,12101,9822,236,33290,1311,0.0010917
4,49431.9,120926,81868.5,69921,20,2946,153760,144786,15866,812123,373,12101,9822,236,33290,1311,0.0010917
4,51142.7,120926,81868.5,69921,46,2946,153760,144786,15866,812123,373,12101,9822,236,33290,1311,0.0010917
4,20786.5,54751.6,69923.1,61434,18,1934,85982,78168,8487,363291,259,8950,7245,172,21801,1440,0.0010917
4,27386.7,54751.6,69923.1,61434,22,1934,85982,78168,8487,363291,259,8950,7245,172,21801,1440,0.0010917
4,29304,54751.6,69923.1,61434,45,1934,85982,78168,8487,363291,259,8950,7245,172,21801,1440,0.0010917
4,31685.1,54751.6,69923.1,61434,13,1934,85982,78168,8487,363291,259,8950,7245,172,21801,1440,0.0010917
4,4957.5,127638,75918.8,64681,5,3014,165696,156254,17180,886894,402,12076,9645,337,32703,699,0.0010917
4,18622.5,127638,75918.8,64681,25,3014,165696,156254,17180,886894,402,12076,9645,337,32703,699,0.0010917
4,35306.5,127638,75918.8,64681,4,3014,165696,156254,17180,886894,402,12076,9645,337,32703,699,0.0010917
4,55100.7,127638,75918.8,64681,8,3014,165696,156254,17180,886894,402,12076,9645,337,32703,699,0.0010917
4,13659.2,163945,94389.7,81511,14,3817,195588,185263,20058,1076419,394,14104,11597,376,40115,1348,0.0010917
4,23383.3,163945,94389.7,81511,12,3817,195588,185263,20058,1076419,394,14104,11597,376,40115,1348,0.0010917
4,28935,163945,94389.7,81511,41,3817,195588,185263,20058,1076419,394,14104,11597,376,40115,1348,0.0010917
4,51369.3,163945,94389.7,81511,66,3817,195588,185263,20058,1076419,394,14104,11597,376,40115,1348,0.0010917
4,3333.88,131737,107678,92134,11,3157,163371,154451,16660,863768,441,15109,12530,516,46420,1149,0.0010917
4,15901,131737,107678,92134,11,3157,163371,154451,16660,863768,441,15109,12530,516,46420,1149,0.0010917
4,47017.3,131737,107678,92134,43,3157,163371,154451,16660,863768,441,15109,12530,516,46420,1149,0.0010917
4,47882,131737,107678,92134,53,3157,163371,154451,16660,863768,441,15109,12530,516,46420,1149,0.0010917
4,1564.93,65986.1,116340,100597,4,1928,102395,96251,10950,528826,484,17006,14175,437,49193,1764,0.0010917
4,35987.6,65986.1,116340,100597,11,1928,102395,96251,10950,528826,484,17006,14175,437,49193,1764,0.0010917
4,48547.5,65986.1,116340,100597,38,1928,102395,96251,10950,528826,484,17006,14175,437,49193,1764,0.0010917
4,57550.4,65986.1,116340,100597,38,1928,102395,96251,10950,528826,484,17006,14175,437,49193,1764,0.0010917
4,16517.8,86827.8,51914.4,46014,14,2221,123694,116612,13167,652287,157,6526,5202,79,13128,1328,0.0010917
4,20603.5,86827.8,51914.4,46014,3,2221,123694,116612,13167,652287,157,6526,5202,79,13128,1328,0.0010917
4,36138.7,86827.8,51914.4,46014,50,2221,123694,116612,13167,652287,157,6526,5202,79,13128,1328,0.0010917
4,56630.1,86827.8,51914.4,46014,6,2221,123694,116612,13167,652287,157,6526,5202,79,13128,1328,0.0010917
4,31664.2,176361,174381,149338,32,3678,212750,202115,22158,1195449,644,24332,20516,794,76086,2629,0.0010917
4,34225.1,176361,174381,149338,15,3678,212750,202115,22158,1195449,644,24332,20516,794,76086,2629,0.0010917
4,36225.7,176361,174381,149338,20,3678,212750,202115,22158,1195449,644,24332,20516,794,76086,2629,0.0010917
4,68095.8,176361,174381,149338,78,3678,212750,202115,22158,1195449,644,24332,20516,794,76086,2629,0.0010917
4,5015.21,144814,98698.5,84301,5,3326,174070,164281,17677,919489,420,14262,11743,470,42915,1299,0.0010917
4,16044.8,144814,98698.5,84301,13,3326,174070,164281,17677,919489,420,14262,11743,470,42915,1299,0.0010917
4,44126.6,144814,98698.5,84301,43,3326,174070,164281,17677,919489,420,14262,11743,470,42915,1299,0.0010917
4,48413.3,144814,98698.5,84301,51,3326,174070,164281,17677,919489,420,14262,11743,470,42915,1299,0.0010917
4,20208.5,152757,155607,130341,22,3290,186525,176263,19268,1065408,596,19998,16475,503,65241,1641,0.0010917
4,36005.7,152757,155607,130341,16,3290,186525,176263,19268,1065408,596,19998,16475,503,65241,1641,0.0010917
4,58816.7,152757,155607,130341,8,3290,186525,176263,19268,1065408,596,19998,16475,503,65241,1641,0.0010917
4,64858.3,152757,155607,130341,25,3290,186525,176263,19268,1065408,596,19998,16475,503,65241,1641,0.0010917
4,15651.6,98682.6,57851.3,50100,6,2460,126666,119371,12912,636608,261,8667,6878,128,20824,1098,0.0010917
4,20409,98682.6,57851.3,50100,20,2460,126666,119371,12912,636608,261,8667,6878,128,20824,1098,0.0010917
4,32169.1,98682.6,57851.3,50100,32,2460,126666,119371,12912,636608,261,8667,6878,128,20824,1098,0.0010917
4,42465.7,98682.6,57851.3,50100,14,2460,126666,119371,12912,636608,261,8667,6878,128,20824,1098,0.0010917
4,9459.51,161421,83473.4,72604,12,3595,186161,176439,19213,1015222,328,11714,9643,336,30161,1669,0.0010917
4,31057.5,161421,83473.4,72604,25,3595,186161,176439,19213,1015222,328,11714,9643,336,30161,1669,0.0010917
4,32103.9,161421,83473.4,72604,21,3595,186161,176439,19213,1015222,328,11714,9643,336,30161,1669,0.0010917
4,51151.5,161421,83473.4,72604,30,3595,186161,176439,19213,1015222,328,11714,9643,336,30161,1669,0.0010917
4,19417,104443,89976.6,78342,19,2749,137462,128344,14339,667443,379,12091,9878,290,30885,1489,0.0010917
4,26117,104443,89976.6,78342,36,2749,137462,128344,14339,667443,379,12091,9878,290,30885,1489,0.0010917
4,31115.7,104443,89976.6,78342,28,2749,137462,128344,14339,667443,379,12091,9878,290,30885,1489,0.0010917
4,41539.7,104443,89976.6,78342,40,2749,137462,128344,14339,667443,379,12091,9878,290,30885,1489,0.0010917
4,17718.3,49000.8,48709.7,42213,20,1798,79718,72460,7864,333950,211,6449,5048,113,16185,472,0.0010917
4,29415.2,49000.8,48709.7,42213,5,1798,79718,72460,7864,333950,211,6449,5048,113,16185,472,0.0010917
4,30659.7,49000.8,48709.7,42213,28,1798,79718,72460,7864,333950,211,6449,5048,113,16185,472,0.0010917
4,30807.5,49000.8,48709.7,42213,32,1798,79718,72460,7864,333950,211,6449,5048,113,16185,472,0.0010917
4,11702.8,122341,63100.7,54271,6,2994,144530,133711,14790,670706,259,8842,7166,229,21433,990,0.0010917
4,20897.7,122341,63100.7,54271,21,2994,144530,133711,14790,670706,259,8842,7166,229,21433,990,0.0010917
4,31594.9,122341,63100.7,54271,30,2994,144530,133711,14790,670706,259,8842,7166,229,21433,990,0.0010917
4,40000.9,122341,63100.7,54271,52,2994,144530,133711,14790,670706,259,8842,7166,229,21433,990,0.0010917
4,19701.5,182856,170019,147824,24,3581,195160,185447,20307,1135512,597,22397,18978,732,63120,3050,0.0010917
4,29994.4,182856,170019,147824,32,3581,195160,185447,20307,1135512,597,22397,18978,732,63120,3050,0.0010917
4,43756.2,182856,170019,147824,62,3581,195160,185447,20307,1135512,597,22397,18978,732,63120,3050,0.0010917
4,57533.9,182856,170019,147824,52,3581,195160,185447,20307,1135512,597,22397,18978,732,63120,3050,0.0010917
4,12307.6,120387,59416.3,51357,12,2729,146506,138250,15135,769523,275,9001,7221,174,25267,1034,0.0010917
4,21982.3,120387,59416.3,51357,28,2729,146506,138250,15135,769523,275,9001,7221,174,25267,1034,0.0010917
4,27285.8,120387,59416.3,51357,6,2729,146506,138250,15135,769523,275,9001,7221,174,25267,1034,0.0010917
4,52694.1,120387,59416.3,51357,41,2729,146506,138250,15135,769523,275,9001,7221,174,25267,1034,0.0010917
4,26717.8,151004,198464,167978,35,3296,182123,172434,19539,1026577,723,27533,23490,906,88303,2993,0.0010917
4,44929.6,151004,198464,167978,5,3296,182123,172434,19539,1026577,723,27533,23490,906,88303,2993,0.0010917
4,57702.9,151004,198464,167978,54,3296,182123,172434,19539,1026577,723,27533,23490,906,88303,2993,0.0010917
4,66134.7,151004,198464,167978,59,3296,182123,172434,19539,1026577,723,27533,23490,906,88303,2993,0.0010917
4,11771.4,158079,104643,89615,21,3536,184212,174850,18451,1008962,427,15000,12577,490,48045,1190,0.0010917
4,13589.3,158079,104643,89615,16,3536,184212,174850,18451,1008962,427,15000,12577,490,48045,1190,0.0010917
4,40682.1,158079,104643,89615,20,3536,184212,174850,18451,1008962,427,15000,12577,490,48045,1190,0.0010917
4,52852.2,158079,104643,89615,48,3536,184212,174850,18451,1008962,427,15000,12577,490,48045,1190,0.0010917
4,10131.2,117230,83170.5,71371,11,3158,154680,143538,15886,735976,365,11900,9784,337,32847,1108,0.0010917
4,16768.9,117230,83170.5,71371,13,3158,154680,143538,15886,735976,365,11900,9784,337,32847,1108,0.0010917
4,35200,117230,83170.5,71371,35,3158,154680,143538,15886,735976,365,11900,9784,337,32847,1108,0.0010917
4,41591,117230,83170.5,71371,50,3158,154680,143538,15886,735976,365,11900,9784,337,32847,1108,0.0010917
4,23820.5,182752,157373,135194,18,3821,214595,203527,21944,1233899,643,23233,19580,653,72123,2574,0.0010917
4,32013.8,182752,157373,135194,24,3821,214595,203527,21944,1233899,643,23233,19580,653,72123,2574,0.0010917
4,52073.9,182752,157373,135194,24,3821,214595,203527,21944,1233899,643,23233,19580,653,72123,2574,0.0010917
4,66512.3,182752,157373,135194,76,3821,214595,203527,21944,1233899,643,23233,19580,653,72123,2574,0.0010917
4,16109.3,94126.1,55173.8,47826,15,2376,131055,123683,13711,684606,204,8337,6726,143,23432,904,0.0010917
4,20685.2,94126.1,55173.8,47826,4,2376,131055,123683,13711,684606,204,8337,6726,143,23432,904,0.0010917
4,28553.9,94126.1,55173.8,47826,40,2376,131055,123683,13711,684606,204,8337,6726,143,23432,904,0.0010917
4,53467.3,94126.1,55173.8,47826,20,2376,131055,123683,13711,684606,204,8337,6726,143,23432,904,0.0010917
4,12495.2,91404.2,94927.2,82050,14,2520,125502,116982,13019,609853,390,12998,10656,307,36847,1166,0.0010917
4,29375,91404.2,94927.2,82050,32,2520,125502,116982,13019,609853,390,12998,10656,307,36847,1166,0.0010917
4,43709.1,91404.2,94927.2,82050,26,2520,125502,116982,13019,609853,390,12998,10656,307,36847,1166,0.0010917
4,44000.4,91404.2,94927.2,82050,43,2520,125502,116982,13019,609853,390,12998,10656,307,36847,1166,0.0010917
4,19348.9,54368.7,79804.9,69441,16,1662,80880,75754,8527,394689,364,11200,9021,223,28438,1205,0.0010917
4,37033.5,54368.7,79804.9,69441,24,1662,80880,75754,8527,394689,364,11200,9021,223,28438,1205,0.0010917
4,38827.9,54368.7,79804.9,69441,12,1662,80880,75754,8527,394689,364,11200,9021,223,28438,1205,0.0010917
4,39823.1,54368.7,79804.9,69441,58,1662,80880,75754,8527,394689,364,11200,9021,223,28438,1205,0.0010917
4,9714.93,142450,61181.5,52902,6,3390,172098,162219,17775,904953,253,9056,7418,281,23572,1328,0.0010917
4,27165.2,142450,61181.5,52902,17,3390,172098,162219,17775,904953,253,9056,7418,281,23572,1328,0.0010917
4,31991.2,142450,61181.5,52902,30,3390,172098,162219,17775,904953,253,9056,7418,281,23572,1328,0.0010917
4,46212.8,142450,61181.5,52902,26,3390,172098,162219,17775,904953,253,9056,7418,281,23572,1328,0.0010917
4,9282.16,155642,189062,162873,6,3382,180510,171044,19135,970455,719,25884,21594,808,78212,2356,0.0010917
4,36392.3,155642,189062,162873,31,3382,180510,171044,19135,970455,719,25884,21594,808,78212,2356,0.0010917
4,48871.4,155642,189062,162873,38,3382,180510,171044,19135,970455,719,25884,21594,808,78212,2356,0.0010917
4,53672.3,155642,189062,162873,66,3382,180510,171044,19135,970455,719,25884,21594,808,78212,2356,0.0010917
4,23820.7,166070,228470,197466,36,3483,198637,188478,20305,1180081,801,30016,25699,1007,90999,4212,0.0010917
4,39190.1,166070,228470,197466,40,3483,198637,188478,20305,1180081,801,30016,25699,1007,90999,4212,0.0010917
4,52476,166070,228470,197466,79,3483,198637,188478,20305,1180081,801,30016,25699,1007,90999,4212,0.0010917
4,62965.3,166070,228470,197466,58,3483,198637,188478,20305,1180081,801,30016,25699,1007,90999,4212,0.0010917
4,21844.1,83548.3,110430,95278,26,2324,119126,111581,12422,603292,451,15673,12980,408,44980,1766,0.0010917
4,34702.1,83548.3,110430,95278,13,2324,119126,111581,12422,603292,451,15673,12980,408,44980,1766,0.0010917
4,38061.2,83548.3,110430,95278,46,2324,119126,111581,12422,603292,451,15673,12980,408,44980,1766,0.0010917
4,45958.8,83548.3,110430,95278,42,2324,119126,111581,12422,603292,451,15673,12980,408,44980,1766,0.0010917
4,31285.9,162859,229569,197033,44,3448,192966,182864,20665,1096870,827,32168,27618,999,101456,4181,0.0010917
4,47184.5,162859,229569,197033,21,3448,192966,182864,20665,1096870,827,32168,27618,999,101456,4181,0.0010917
4,57100.1,162859,229569,197033,38,3448,192966,182864,20665,1096870,827,32168,27618,999,101456,4181,0.0010917
4,70702.9,162859,229569,197033,68,3448,192966,182864,20665,1096870,827,32168,27618,999,101456,4181,0.0010917
4,11317.3,92594.7,65660.5,56469,5,2659,129700,119968,13284,598695,302,9892,7949,220,27161,951,0.0010917
4,28936,92594.7,65660.5,56469,39,2659,129700,119968,13284,598695,302,9892,7949,220,27161,951,0.0010917
4,36009.7,92594.7,65660.5,56469,12,2659,129700,119968,13284,598695,302,9892,7949,220,27161,951,0.0010917
4,38491.6,92594.7,65660.5,56469,47,2659,129700,119968,13284,598695,302,9892,7949,220,27161,951,0.0010917
4,19162.5,114915,64461.3,55950,17,2992,149573,138199,15026,698874,279,9214,7459,142,23398,1472,0.0010917
4,22210,114915,64461.3,55950,13,2992,149573,138199,15026,698874,279,9214,7459,142,23398,1472,0.0010917
4,33074,114915,64461.3,55950,49,2992,149573,138199,15026,698874,279,9214,7459,142,23398,1472,0.0010917
4,40087.1,114915,64461.3,55950,16,2992,149573,138199,15026,698874,279,9214,7459,142,23398,1472,0.0010917
4,27489.3,162283,158821,135669,23,3574,200185,190254,21085,1107585,594,22636,19064,734,68649,2451,0.0010917
4,29221.5,162283,158821,135669,25,3574,200185,190254,21085,1107585,594,22636,19064,734,68649,2451,0.0010917
4,36552.5,162283,158821,135669,37,3574,200185,190254,21085,1107585,594,22636,19064,734,68649,2451,0.0010917
4,62234.2,162283,158821,135669,83,3574,200185,190254,21085,1107585,594,22636,19064,734,68649,2451,0.0010917
4,4710.82,67788,117931,101192,6,2002,105469,99252,11397,542539,447,16590,13901,368,48008,1870,0.0010917
4,32453.2,67788,117931,101192,12,2002,105469,99252,11397,542539,447,16590,13901,368,48008,1870,0.0010917
4,45614.7,67788,117931,101192,44,2002,105469,99252,11397,542539,447,16590,13901,368,48008,1870,0.0010917
4,56394.1,67788,117931,101192,32,2002,105469,99252,11397,542539,447,16590,13901,368,48008,1870,0.0010917
4,17462.3,195593,186720,157184,6,3942,224717,213184,23231,1311012,810,27859,23553,1035,94188,2058,0.0010917
4,36634.2,195593,186720,157184,10,3942,224717,213184,23231,1311012,810,27859,23553,1035,94188,2058,0.0010917
4,49203.7,195593,186720,157184,36,3942,224717,213184,23231,1311012,810,27859,23553,1035,94188,2058,0.0010917
4,68013.4,195593,186720,157184,71,3942,224717,213184,23231,1311012,810,27859,23553,1035,94188,2058,0.0010917
4,16305.9,142182,87910,76618,14,3312,164906,153925,16529,845913,379,12593,10342,367,33656,1586,0.0010917
4,18065.2,142182,87910,76618,23,3312,164906,153925,16529,845913,379,12593,10342,367,33656,1586,0.0010917
4,35519.5,142182,87910,76618,40,3312,164906,153925,16529,845913,379,12593,10342,367,33656,1586,0.0010917
4,45618.2,142182,87910,76618,55,3312,164906,153925,16529,845913,379,12593,10342,367,33656,1586,0.0010917
4,17629.3,91455.3,60648.1,53121,22,2321,124921,117896,13102,641771,210,8304,6643,141,21137,1082,0.0010917
4,21464.5,91455.3,60648.1,53121,9,2321,124921,117896,13102,641771,210,8304,6643,141,21137,1082,0.0010917
4,26746.1,91455.3,60648.1,53121,33,2321,124921,117896,13102,641771,210,8304,6643,141,21137,1082,0.0010917
4,50008.3,91455.3,60648.1,53121,21,2321,124921,117896,13102,641771,210,8304,6643,141,21137,1082,0.0010917
4,15534.1,104372,46328.6,40612,17,2625,137916,130069,14132,708118,201,6514,5106,78,13264,1122,0.0010917
4,16830,104372,46328.6,40612,20,2625,137916,130069,14132,708118,201,6514,5106,78,13264,1122,0.0010917
4,31118.8,104372,46328.6,40612,20,2625,137916,130069,14132,708118,201,6514,5106,78,13264,1122,0.0010917
4,46949.8,104372,46328.6,40612,13,2625,137916,130069,14132,708118,201,6514,5106,78,13264,1122,0.0010917
4,20458.6,134277,62412.8,54911,19,2980,162299,153082,17165,872881,226,8520,6955,168,17767,1778,0.0010917
4,20474.2,134277,62412.8,54911,26,2980,162299,153082,17165,872881,226,8520,6955,168,17767,1778,0.0010917
4,42288.3,134277,62412.8,54911,39,2980,162299,153082,17165,872881,226,8520,6955,168,17767,1778,0.0010917
4,54521.3,134277,62412.8,54911,4,2980,162299,153082,17165,872881,226,8520,6955,168,17767,1778,0.0010917
4,9815.55,152514,84075.4,72971,11,3624,189169,179354,19464,1036128,327,11721,9581,302,29779,1589,0.0010917
4,30197,152514,84075.4,72971,25,3624,189169,179354,19464,1036128,327,11721,9581,302,29779,1589,0.0010917
4,33009.5,152514,84075.4,72971,18,3624,189169,179354,19464,1036128,327,11721,9581,302,29779,1589,0.0010917
4,52066.6,152514,84075.4,72971,29,3624,189169,179354,19464,1036128,327,11721,9581,302,29779,1589,0.0010917
4,21204.8,158793,87332.3,76997,28,3351,188344,178487,19727,1031428,306,11298,9170,222,24551,2113,0.0010917
4,25199.9,158793,87332.3,76997,26,3351,188344,178487,19727,1031428,306,11298,9170,222,24551,2113,0.0010917
4,38108.6,158793,87332.3,76997,35,3351,188344,178487,19727,1031428,306,11298,9170,222,24551,2113,0.0010917
4,59086.9,158793,87332.3,76997,9,3351,188344,178487,19727,1031428,306,11298,9170,222,24551,2113,0.0010917
4,8213.78,119608,130342,112202,12,3001,153379,144421,15810,828392,517,17880,14895,576,51892,1994,0.0010917
4,31011.6,119608,130342,112202,43,3001,153379,144421,15810,828392,517,17880,14895,576,51892,1994,0.0010917
4,47082.6,119608,130342,112202,38,3001,153379,144421,15810,828392,517,17880,14895,576,51892,1994,0.0010917
4,48304.9,119608,130342,112202,55,3001,153379,144421,15810,828392,517,17880,14895,576,51892,1994,0.0010917
4,30135.2,187878,172048,148188,11,3876,221351,209854,22397,1292390,707,25102,21081,689,75997,3110,0.0010917
4,35656.7,187878,172048,148188,31,3876,221351,209854,22397,1292390,707,25102,21081,689,75997,3110,0.0010917
4,58963.5,187878,172048,148188,26,3876,221351,209854,22397,1292390,707,25102,21081,689,75997,3110,0.0010917
4,71441.1,187878,172048,148188,85,3876,221351,209854,22397,1292390,707,25102,21081,689,75997,3110,0.0010917
4,22883.1,129139,215763,184451,27,3168,171342,161923,18506,955169,793,29159,24720,912,92975,3235,0.0010917
4,47523.7,129139,215763,184451,12,3168,171342,161923,18506,955169,793,29159,24720,912,92975,3235,0.0010917
4,61001.2,129139,215763,184451,69,3168,171342,161923,18506,955169,793,29159,24720,912,92975,3235,0.0010917
4,62277.2,129139,215763,184451,65,3168,171342,161923,18506,955169,793,29159,24720,912,92975,3235,0.0010917
4,23985.8,99068,73103.4,63151,27,2640,131451,122440,13487,622811,325,10597,8733,218,27255,1399,0.0010917
4,25728.4,99068,73103.4,63151,25,2640,131451,122440,13487,622811,325,10597,8733,218,27255,1399,0.0010917
4,26277.8,99068,73103.4,63151,25,2640,131451,122440,13487,622811,325,10597,8733,218,27255,1399,0.0010917
4,39214.7,99068,73103.4,63151,31,2640,131451,122440,13487,622811,325,10597,8733,218,27255,1399,0.0010917
4,15022.9,87281.3,59886.2,52157,4,2539,124589,114258,12454,559458,273,8712,7035,135,21939,1086,0.0010917
4,27793.6,87281.3,59886.2,52157,29,2539,124589,114258,12454,559458,273,8712,7035,135,21939,1086,0.0010917
4,31890.1,87281.3,59886.2,52157,15,2539,124589,114258,12454,559458,273,8712,7035,135,21939,1086,0.0010917
4,36854.5,87281.3,59886.2,52157,25,2539,124589,114258,12454,559458,273,8712,7035,135,21939,1086,0.0010917
4,15462.4,144566,145816,125944,19,3400,181526,171958,18878,1028123,596,21514,18157,699,62583,2636,0.0010917
4,29759.2,144566,145816,125944,33,3400,181526,171958,18878,1028123,596,21514,18157,699,62583,2636,0.0010917
4,45552.8,144566,145816,125944,57,3400,181526,171958,18878,1028123,596,21514,18157,699,62583,2636,0.0010917
4,53746.7,144566,145816,125944,52,3400,181526,171958,18878,1028123,596,21514,18157,699,62583,2636,0.0010917
4,10309.1,124164,75407.8,64457,4,2776,154356,145653,16101,834141,316,11350,9295,184,34273,1056,0.0010917
4,26597.9,124164,75407.8,64457,15,2776,154356,145653,16101,834141,316,11350,9295,184,34273,1056,0.0010917
4,28158.9,124164,75407.8,64457,39,2776,154356,145653,16101,834141,316,11350,9295,184,34273,1056,0.0010917
4,59081.6,124164,75407.8,64457,29,2776,154356,145653,16101,834141,316,11350,9295,184,34273,1056,0.0010917
4,11077.4,98117.3,94939.7,82350,15,2801,136055,126496,13756,668663,360,12158,10001,396,33676,1322,0.0010917
4,21848.9,98117.3,94939.7,82350,26,2801,136055,126496,13756,668663,360,12158,10001,396,33676,1322,0.0010917
4,40041.4,98117.3,94939.7,82350,44,2801,136055,126496,13756,668663,360,12158,10001,396,33676,1322,0.0010917
4,40885.1,98117.3,94939.7,82350,49,2801,136055,126496,13756,668663,360,12158,10001,396,33676,1322,0.0010917
4,28567.4,199249,278833,240749,34,3895,235501,223131,23672,1408493,903,35421,30602,1334,116770,5171,0.0010917
4,52207.2,199249,278833,240749,17,3895,235501,223131,23672,1408493,903,35421,30602,1334,116770,5171,0.0010917
4,61102.2,199249,278833,240749,69,3895,235501,223131,23672,1408493,903,35421,30602,1334,116770,5171,0.0010917
4,78580.9,199249,278833,240749,86,3895,235501,223131,23672,1408493,903,35421,30602,1334,116770,5171,0.0010917
4,13128.5,112400,61499.5,53277,3,3164,154128,142737,15779,722552,278,9271,7507,246,22763,979,0.0010917
4,22125.5,112400,61499.5,53277,24,3164,154128,142737,15779,722552,278,9271,7507,246,22763,979,0.0010917
4,29687.4,112400,61499.5,53277,28,3164,154128,142737,15779,722552,278,9271,7507,246,22763,979,0.0010917
4,41070.7,112400,61499.5,53277,54,3164,154128,142737,15779,722552,278,9271,7507,246,22763,979,0.0010917
4,11481.7,125165,108725,94562,7,3107,156478,146770,16008,800293,436,14623,11929,278,38489,1679,0.0010917
4,30693.6,125165,108725,94562,33,3107,156478,146770,16008,800293,436,14623,11929,278,38489,1679,0.0010917
4,45141.8,125165,108725,94562,36,3107,156478,146770,16008,800293,436,14623,11929,278,38489,1679,0.0010917
4,46603.2,125165,108725,94562,61,3107,156478,146770,16008,800293,436,14623,11929,278,38489,1679,0.0010917
4,17594.2,191273,85143.9,73838,13,3916,210956,200410,21119,1194307,334,12532,10538,381,40317,1309,0.0010917
4,23233.3,191273,85143.9,73838,33,3916,210956,200410,21119,1194307,334,12532,10538,381,40317,1309,0.0010917
4,32677.1,191273,85143.9,73838,3,3916,210956,200410,21119,1194307,334,12532,10538,381,40317,1309,0.0010917
4,59277.7,191273,85143.9,73838,52,3916,210956,200410,21119,1194307,334,12532,10538,381,40317,1309,0.0010917
4,19307.9,61658.4,63510.5,55645,19,1845,88900,81122,8648,383727,248,8157,6510,119,19965,773,0.0010917
4,30713.9,61658.4,63510.5,55645,16,1845,88900,81122,8648,383727,248,8157,6510,119,19965,773,0.0010917
4,31843.3,61658.4,63510.5,55645,38,1845,88900,81122,8648,383727,248,8157,6510,119,19965,773,0.0010917
4,31989.1,61658.4,63510.5,55645,22,1845,88900,81122,8648,383727,248,8157,6510,119,19965,773,0.0010917
4,17774.6,152262,83940.5,72104,18,3240,181875,171884,18968,1030449,367,12314,10043,315,35815,1087,0.0010917
4,34147.8,152262,83940.5,72104,6,3240,181875,171884,18968,1030449,367,12314,10043,315,35815,1087,0.0010917
4,56488.8,152262,83940.5,72104,7,3240,181875,171884,18968,1030449,367,12314,10043,315,35815,1087,0.0010917
4,62585.8,152262,83940.5,72104,65,3240,181875,171884,18968,1030449,367,12314,10043,315,35815,1087,0.0010917
4,17994.3,52846.2,77484.2,68553,21,1654,79860,75007,8309,387404,323,9859,7964,187,23568,1483,0.0010917
4,34878.1,52846.2,77484.2,68553,50,1654,79860,75007,8309,387404,323,9859,7964,187,23568,1483,0.0010917
4,35297.4,52846.2,77484.2,68553,5,1654,79860,75007,8309,387404,323,9859,7964,187,23568,1483,0.0010917
4,39105.7,52846.2,77484.2,68553,20,1654,79860,75007,8309,387404,323,9859,7964,187,23568,1483,0.0010917
4,8370.39,143477,166280,144590,12,3500,181687,172048,18963,987224,612,21044,17587,536,59480,2512,0.0010917
4,41051.4,143477,166280,144590,44,3500,181687,172048,18963,987224,612,21044,17587,536,59480,2512,0.0010917
4,46924.2,143477,166280,144590,49,3500,181687,172048,18963,987224,612,21044,17587,536,59480,2512,0.0010917
4,53552.1,143477,166280,144590,52,3500,181687,172048,18963,987224,612,21044,17587,536,59480,2512,0.0010917
4,42096.2,212936,264268,222316,15,3861,234042,222242,23961,1365334,978,37580,31868,1147,133052,2117,0.0010917
4,43504.5,212936,264268,222316,9,3861,234042,222242,23961,1365334,978,37580,31868,1147,133052,2117,0.0010917
4,43596.4,212936,264268,222316,51,3861,234042,222242,23961,1365334,978,37580,31868,1147,133052,2117,0.0010917
4,80021.2,212936,264268,222316,22,3861,234042,222242,23961,1365334,978,37580,31868,1147,133052,2117,0.0010917
4,7155.4,130324,70823.8,61506,8,3354,169536,160017,17358,898837,292,10070,8287,297,26344,1403,0.0010917
4,27815.7,130324,70823.8,61506,20,3354,169536,160017,17358,898837,292,10070,8287,297,26344,1403,0.0010917
4,34182.2,130324,70823.8,61506,33,3354,169536,160017,17358,898837,292,10070,8287,297,26344,1403,0.0010917
4,46863.3,130324,70823.8,61506,29,3354,169536,160017,17358,898837,292,10070,8287,297,26344,1403,0.0010917
4,8053.31,119255,25203.2,22274,10,2806,154359,145530,15795,813676,123,3370,2547,6,5409,774,0.0010917
4,18744.3,119255,25203.2,22274,29,2806,154359,145530,15795,813676,123,3370,2547,6,5409,774,0.0010917
4,32011,119255,25203.2,22274,7,2806,154359,145530,15795,813676,123,3370,2547,6,5409,774,0.0010917
4,52962.8,119255,25203.2,22274,8,2806,154359,145530,15795,813676,123,3370,2547,6,5409,774,0.0010917
4,10006.6,104063,55978.2,48156,17,2583,137820,128910,14461,705331,246,8426,6700,209,21205,620,0.0010917
4,16524.4,104063,55978.2,48156,4,2583,137820,128910,14461,705331,246,8426,6700,209,21205,620,0.0010917
4,44355.5,104063,55978.2,48156,5,2583,137820,128910,14461,705331,246,8426,6700,209,21205,620,0.0010917
4,48867.3,104063,55978.2,48156,58,2583,137820,128910,14461,705331,246,8426,6700,209,21205,620,0.0010917
4,9804.34,145848,60986.9,53018,7,3381,171528,161643,17679,900341,252,8861,7267,269,23043,1285,0.0010917
4,27037.6,145848,60986.9,53018,17,3381,171528,161643,17679,900341,252,8861,7267,269,23043,1285,0.0010917
4,31918.3,145848,60986.9,53018,31,3381,171528,161643,17679,900341,252,8861,7267,269,23043,1285,0.0010917
4,46085.2,145848,60986.9,53018,26,3381,171528,161643,17679,900341,252,8861,7267,269,23043,1285,0.0010917
4,18278.2,135983,159041,136036,10,3262,175509,166470,18805,956610,643,22866,19382,687,71291,2553,0.0010917
4,35584.1,135983,159041,136036,8,3262,175509,166470,18805,956610,643,22866,19382,687,71291,2553,0.0010917
4,50835.2,135983,159041,136036,57,3262,175509,166470,18805,956610,643,22866,19382,687,71291,2553,0.0010917
4,57756.3,135983,159041,136036,41,3262,175509,166470,18805,956610,643,22866,19382,687,71291,2553,0.0010917
4,8361.79,137027,110932,94590,14,3399,178269,169047,18066,965191,460,16090,13493,557,50918,1246,0.0010917
4,15527.1,137027,110932,94590,12,3399,178269,169047,18066,965191,460,16090,13493,557,50918,1246,0.0010917
4,44501.5,137027,110932,94590,25,3399,178269,169047,18066,965191,460,16090,13493,557,50918,1246,0.0010917
4,52456.2,137027,110932,94590,55,3399,178269,169047,18066,965191,460,16090,13493,557,50918,1246,0.0010917
4,28162.1,200717,153082,132575,14,4065,230982,220508,23741,1388049,663,22633,18955,751,65307,2679,0.0010917
4,33852.6,200717,153082,132575,34,4065,230982,220508,23741,1388049,663,22633,18955,751,65307,2679,0.0010917
4,36143.6,200717,153082,132575,44,4065,230982,220508,23741,1388049,663,22633,18955,751,65307,2679,0.0010917
4,67874.7,200717,153082,132575,87,4065,230982,220508,23741,1388049,663,22633,18955,751,65307,2679,0.0010917
4,4518.15,121144,65866.8,56335,7,2909,160398,151052,16707,851643,311,10403,8452,275,28984,719,0.0010917
4,18354.3,121144,65866.8,56335,21,2909,160398,151052,16707,851643,311,10403,8452,275,28984,719,0.0010917
4,37376.6,121144,65866.8,56335,8,2909,160398,151052,16707,851643,311,10403,8452,275,28984,719,0.0010917
4,54084.9,121144,65866.8,56335,80,2909,160398,151052,16707,851643,311,10403,8452,275,28984,719,0.0010917
4,22186.5,186123,145035,124696,10,3837,219999,209023,22087,1270199,573,20656,17576,751,68639,2194,0.0010917
4,28225.5,186123,145035,124696,42,3837,219999,209023,22087,1270199,573,20656,17576,751,68639,2194,0.0010917
4,45982.1,186123,145035,124696,9,3837,219999,209023,22087,1270199,573,20656,17576,751,68639,2194,0.0010917
4,68126.8,186123,145035,124696,69,3837,219999,209023,22087,1270199,573,20656,17576,751,68639,2194,0.0010917
4,17591.8,116119,105682,90124,22,3166,159731,149612,16596,787305,454,14614,11945,378,39881,1314,0.0010917
4,23198,116119,105682,90124,32,3166,159731,149612,16596,787305,454,14614,11945,378,39881,1314,0.0010917
4,31564,116119,105682,90124,28,3166,159731,149612,16596,787305,454,14614,11945,378,39881,1314,0.0010917
4,44470.4,116119,105682,90124,41,3166,159731,149612,16596,787305,454,14614,11945,378,39881,1314,0.0010917
4,8503.29,116876,59644.9,51079,12,2642,142836,133854,15010,743008,273,9105,7218,206,23216,661,0.0010917
4,17911.8,116876,59644.9,51079,4,2642,142836,133854,15010,743008,273,9105,7218,206,23216,661,0.0010917
4,43860.8,116876,59644.9,51079,12,2642,142836,133854,15010,743008,273,9105,7218,206,23216,661,0.0010917
4,50842.8,116876,59644.9,51079,63,2642,142836,133854,15010,743008,273,9105,7218,206,23216,661,0.0010917
4,6379.86,114346,55489.2,47664,10,2790,151987,142903,15611,797568,263,8723,7046,232,23415,521,0.0010917
4,16670.1,114346,55489.2,47664,15,2790,151987,142903,15611,797568,263,8723,7046,232,23415,521,0.0010917
4,39071.8,114346,55489.2,47664,4,2790,151987,142903,15611,797568,263,8723,7046,232,23415,521,0.0010917
4,51797.5,114346,55489.2,47664,77,2790,151987,142903,15611,797568,263,8723,7046,232,23415,521,0.0010917
4,17906.5,196973,188926,159025,9,3944,225010,213499,23184,1310575,834,28956,24540,1080,99021,2135,0.0010917
4,37210.2,196973,188926,159025,9,3944,225010,213499,23184,1310575,834,28956,24540,1080,99021,2135,0.0010917
4,49648.8,196973,188926,159025,39,3944,225010,213499,23184,1310575,834,28956,24540,1080,99021,2135,0.0010917
4,68565.7,196973,188926,159025,56,3944,225010,213499,23184,1310575,834,28956,24540,1080,99021,2135,0.0010917
4,18792.9,74664.1,73619,64847,17,2092,102571,95320,10421,474606,247,9250,7500,159,22113,1312,0.0010917
4,29019.3,74664.1,73619,64847,23,2092,102571,95320,10421,474606,247,9250,7500,159,22113,1312,0.0010917
4,34286.6,74664.1,73619,64847,40,2092,102571,95320,10421,474606,247,9250,7500,159,22113,1312,0.0010917
4,34725.7,74664.1,73619,64847,14,2092,102571,95320,10421,474606,247,9250,7500,159,22113,1312,0.0010917
4,20330.7,181414,116995,100334,10,4022,221409,210472,22344,1267330,487,16414,13503,400,50581,1565,0.0010917
4,26897.3,181414,116995,100334,35,4022,221409,210472,22344,1267330,487,16414,13503,400,50581,1565,0.0010917
4,32257.9,181414,116995,100334,13,4022,221409,210472,22344,1267330,487,16414,13503,400,50581,1565,0.0010917
4,62051.3,181414,116995,100334,45,4022,221409,210472,22344,1267330,487,16414,13503,400,50581,1565,0.0010917
4,20655.4,151524,151195,131236,16,3480,188606,178283,19317,1039767,571,20541,17020,583,56795,2584,0.0010917
4,34078.1,151524,151195,131236,37,3480,188606,178283,19317,1039767,571,20541,17020,583,56795,2584,0.0010917
4,52526.4,151524,151195,131236,14,3480,188606,178283,19317,1039767,571,20541,17020,583,56795,2584,0.0010917
4,57862.9,151524,151195,131236,75,3480,188606,178283,19317,1039767,571,20541,17020,583,56795,2584,0.0010917
4,10938.7,94388.4,45452,39545,13,2452,126378,117977,12729,607346,200,6371,4978,118,16225,568,0.0010917
4,23102,94388.4,45452,39545,12,2452,126378,117977,12729,607346,200,6371,4978,118,16225,568,0.0010917
4,36851.3,94388.4,45452,39545,4,2452,126378,117977,12729,607346,200,6371,4978,118,16225,568,0.0010917
4,39295.5,94388.4,45452,39545,40,2452,126378,117977,12729,607346,200,6371,4978,118,16225,568,0.0010917
4,46080,203280,318309,272515,32,3769,234884,222757,23778,1404442,1031,41877,36487,1434,147641,4993,0.0010917
4,54504.2,203280,318309,272515,56,3769,234884,222757,23778,1404442,1031,41877,36487,1434,147641,4993,0.0010917
4,55266.3,203280,318309,272515,11,3769,234884,222757,23778,1404442,1031,41877,36487,1434,147641,4993,0.0010917
4,85649.4,203280,318309,272515,65,3769,234884,222757,23778,1404442,1031,41877,36487,1434,147641,4993,0.0010917
4,854.12,149236,115085,99369,2,3354,175336,165991,18069,968367,439,16049,13497,571,47438,2073,0.0010917
4,33689.7,149236,115085,99369,35,3354,175336,165991,18069,968367,439,16049,13497,571,47438,2073,0.0010917
4,39681.4,149236,115085,99369,32,3354,175336,165991,18069,968367,439,16049,13497,571,47438,2073,0.0010917
4,51915.8,149236,115085,99369,56,3354,175336,165991,18069,968367,439,16049,13497,571,47438,2073,0.0010917
4,13088.4,161979,203347,174095,16,3493,188705,178792,20114,1034391,790,29001,24500,956,92418,2848,0.0010917
4,41794.7,161979,203347,174095,35,3493,188705,178792,20114,1034391,790,29001,24500,956,92418,2848,0.0010917
4,52243.4,161979,203347,174095,56,3493,188705,178792,20114,1034391,790,29001,24500,956,92418,2848,0.0010917
4,58665.8,161979,203347,174095,80,3493,188705,178792,20114,1034391,790,29001,24500,956,92418,2848,0.0010917
4,6812.15,118685,93693.9,78986,6,2775,154256,145126,16352,836517,381,13911,11477,373,40540,1029,0.0010917
4,23317.6,118685,93693.9,78986,8,2775,154256,145126,16352,836517,381,13911,11477,373,40540,1029,0.0010917
4,43130.1,118685,93693.9,78986,28,2775,154256,145126,16352,836517,381,13911,11477,373,40540,1029,0.0010917
4,56148.5,118685,93693.9,78986,65,2775,154256,145126,16352,836517,381,13911,11477,373,40540,1029,0.0010917
4,28800.8,156434,117336,101132,9,3267,188918,178990,19506,1043931,389,16748,14137,273,49611,2268,0.0010917
4,30766.7,156434,117336,101132,30,3267,188918,178990,19506,1043931,389,16748,14137,273,49611,2268,0.0010917
4,43371.5,156434,117336,101132,35,3267,188918,178990,19506,1043931,389,16748,14137,273,49611,2268,0.0010917
4,65376,156434,117336,101132,27,3267,188918,178990,19506,1043931,389,16748,14137,273,49611,2268,0.0010917
4,24350.3,66355.9,62352.9,54748,32,1975,95751,90224,10058,469793,224,8487,6901,170,19713,1398,0.0010917
4,25336.1,66355.9,62352.9,54748,4,1975,95751,90224,10058,469793,224,8487,6901,170,19713,1398,0.0010917
4,27381.2,66355.9,62352.9,54748,37,1975,95751,90224,10058,469793,224,8487,6901,170,19713,1398,0.0010917
4,38658.1,66355.9,62352.9,54748,11,1975,95751,90224,10058,469793,224,8487,6901,170,19713,1398,0.0010917
4,16977.4,88920.4,65356.5,56796,22,2451,129718,122405,13541,666834,235,8942,7254,172,23721,1286,0.0010917
4,23579.6,88920.4,65356.5,56796,30,2451,129718,122405,13541,666834,235,8942,7254,172,23721,1286,0.0010917
4,24437.9,88920.4,65356.5,56796,13,2451,129718,122405,13541,666834,235,8942,7254,172,23721,1286,0.0010917
4,48936.4,88920.4,65356.5,56796,24,2451,129718,122405,13541,666834,235,8942,7254,172,23721,1286,0.0010917
4,13848.2,74704,40120.2,34844,16,2204,109375,100736,10690,494449,201,6175,4846,108,15352,638,0.0010917
4,29807,74704,40120.2,34844,11,2204,109375,100736,10690,494449,201,6175,4846,108,15352,638,0.0010917
4,30435.6,74704,40120.2,34844,5,2204,109375,100736,10690,494449,201,6175,4846,108,15352,638,0.0010917
4,35069.4,74704,40120.2,34844,38,2204,109375,100736,10690,494449,201,6175,4846,108,15352,638,0.0010917
4,12582.2,115824,78619.3,67570,14,2969,149023,139285,15151,727429,338,11571,9388,299,32691,1044,0.0010917
4,26133.5,115824,78619.3,67570,26,2969,149023,139285,15151,727429,338,11571,9388,299,32691,1044,0.0010917
4,39861.2,115824,78619.3,67570,11,2969,149023,139285,15151,727429,338,11571,9388,299,32691,1044,0.0010917
4,41367.5,115824,78619.3,67570,49,2969,149023,139285,15151,727429,338,11571,9388,299,32691,1044,0.0010917
4,14226.2,126196,142676,121657,3,3164,168999,160332,18213,905510,541,19833,16633,630,59206,2295,0.0010917
4,32871.3,126196,142676,121657,23,3164,168999,160332,18213,905510,541,19833,16633,630,59206,2295,0.0010917
4,49448.5,126196,142676,121657,69,3164,168999,160332,18213,905510,541,19833,16633,630,59206,2295,0.0010917
4,53161.4,126196,142676,121657,41,3164,168999,160332,18213,905510,541,19833,16633,630,59206,2295,0.0010917
4,15100.2,63636.4,53398.5,46375,17,2181,98929,90191,9920,428821,219,7580,6087,150,18620,845,0.0010917
4,25235.7,63636.4,53398.5,46375,23,2181,98929,90191,9920,428821,219,7580,6087,150,18620,845,0.0010917
4,32241.7,63636.4,53398.5,46375,8,2181,98929,90191,9920,428821,219,7580,6087,150,18620,845,0.0010917
4,33466.7,63636.4,53398.5,46375,38,2181,98929,90191,9920,428821,219,7580,6087,150,18620,845,0.0010917
4,19894.9,148535,61023.7,53971,22,3184,175354,165766,18529,948772,224,8012,6443,121,15463,1849,0.0010917
4,22347.6,148535,61023.7,53971,21,3184,175354,165766,18529,948772,224,8012,6443,121,15463,1849,0.0010917
4,39850.5,148535,61023.7,53971,40,3184,175354,165766,18529,948772,224,8012,6443,121,15463,1849,0.0010917
4,56381.4,148535,61023.7,53971,6,3184,175354,165766,18529,948772,224,8012,6443,121,15463,1849,0.0010917
4,23329.9,83252.8,98692.7,86237,14,2365,116072,108094,11916,550724,372,12349,10072,256,30874,1602,0.0010917
4,29104.3,83252.8,98692.7,86237,31,2365,116072,108094,11916,550724,372,12349,10072,256,30874,1602,0.0010917
4,29347.8,83252.8,98692.7,86237,37,2365,116072,108094,11916,550724,372,12349,10072,256,30874,1602,0.0010917
4,38036.7,83252.8,98692.7,86237,51,2365,116072,108094,11916,550724,372,12349,10072,256,30874,1602,0.0010917
4,33364.8,229949,362805,306979,36,4132,260764,247174,26204,1594763,1240,49676,43004,1938,174840,5413,0.0010917
4,51011.2,229949,362805,306979,35,4132,260764,247174,26204,1594763,1240,49676,43004,1938,174840,5413,0.0010917
4,65583.7,229949,362805,306979,68,4132,260764,247174,26204,1594763,1240,49676,43004,1938,174840,5413,0.0010917
4,84376.4,229949,362805,306979,84,4132,260764,247174,26204,1594763,1240,49676,43004,1938,174840,5413,0.0010917
4,6105.36,141589,124391,105290,11,3294,175750,166442,17887,957626,533,18702,15737,654,60446,1484,0.0010917
4,20032.9,141589,124391,105290,7,3294,175750,166442,17887,957626,533,18702,15737,654,60446,1484,0.0010917
4,50525.1,141589,124391,105290,29,3294,175750,166442,17887,957626,533,18702,15737,654,60446,1484,0.0010917
4,53791.1,141589,124391,105290,56,3294,175750,166442,17887,957626,533,18702,15737,654,60446,1484,0.0010917
4,4835.15,92334.5,68527.7,59208,4,2794,130703,120507,13438,601798,287,9736,7992,298,25724,1049,0.0010917
4,17509.5,92334.5,68527.7,59208,7,2794,130703,120507,13438,601798,287,9736,7992,298,25724,1049,0.0010917
4,36392.9,92334.5,68527.7,59208,46,2794,130703,120507,13438,601798,287,9736,7992,298,25724,1049,0.0010917
4,38081.1,92334.5,68527.7,59208,31,2794,130703,120507,13438,601798,287,9736,7992,298,25724,1049,0.0010917
4,16124.9,91303.2,58416.7,51550,17,2271,126274,118955,13698,677517,194,7474,6024,102,16503,1461,0.0010917
4,22665.5,91303.2,58416.7,51550,8,2271,126274,118955,13698,677517,194,7474,6024,102,16503,1461,0.0010917
4,39082.9,91303.2,58416.7,51550,51,2271,126274,118955,13698,677517,194,7474,6024,102,16503,1461,0.0010917
4,58986.7,91303.2,58416.7,51550,13,2271,126274,118955,13698,677517,194,7474,6024,102,16503,1461,0.0010917
4,23332.6,104383,127906,109993,30,2545,136741,128114,14347,715259,486,17860,14993,525,53420,1849,0.0010917
4,36613,104383,127906,109993,7,2545,136741,128114,14347,715259,486,17860,14993,525,53420,1849,0.0010917
4,41019.1,104383,127906,109993,42,2545,136741,128114,14347,715259,486,17860,14993,525,53420,1849,0.0010917
4,51450,104383,127906,109993,49,2545,136741,128114,14347,715259,486,17860,14993,525,53420,1849,0.0010917
4,33485.6,227263,343646,289217,28,4162,260225,246685,26040,1593273,1207,46015,39699,1645,159077,5203,0.0010917
4,49365.9,227263,343646,289217,35,4162,260225,246685,26040,1593273,1207,46015,39699,1645,159077,5203,0.0010917
4,65704.4,227263,343646,289217,60,4162,260225,246685,26040,1593273,1207,46015,39699,1645,159077,5203,0.0010917
4,83854.5,227263,343646,289217,86,4162,260225,246685,26040,1593273,1207,46015,39699,1645,159077,5203,0.0010917
4,35745.5,168784,263667,226977,28,3580,206014,195391,21431,1186002,889,34630,29893,1085,109935,4673,0.0010917
4,48485.9,168784,263667,226977,34,3580,206014,195391,21431,1186002,889,34630,29893,1085,109935,4673,0.0010917
4,55281.4,168784,263667,226977,28,3580,206014,195391,21431,1186002,889,34630,29893,1085,109935,4673,0.0010917
4,75314.9,168784,263667,226977,61,3580,206014,195391,21431,1186002,889,34630,29893,1085,109935,4673,0.0010917
4,10857.8,77131.7,75321.6,65549,9,2093,109472,103261,11910,559344,294,10885,8909,212,26582,1687,0.0010917
4,25955.7,77131.7,75321.6,65549,16,2093,109472,103261,11910,559344,294,10885,8909,212,26582,1687,0.0010917
4,38934.1,77131.7,75321.6,65549,50,2093,109472,103261,11910,559344,294,10885,8909,212,26582,1687,0.0010917
4,53385.6,77131.7,75321.6,65549,14,2093,109472,103261,11910,559344,294,10885,8909,212,26582,1687,0.0010917
4,10754.5,99613.5,68955.5,59542,11,2529,136047,127359,14349,700516,292,9810,7803,207,25050,896,0.0010917
4,18583.6,99613.5,68955.5,59542,8,2529,136047,127359,14349,700516,292,9810,7803,207,25050,896,0.0010917
4,46110.6,99613.5,68955.5,59542,11,2529,136047,127359,14349,700516,292,9810,7803,207,25050,896,0.0010917
4,49500,99613.5,68955.5,59542,60,2529,136047,127359,14349,700516,292,9810,7803,207,25050,896,0.0010917
4,44256,202745,273925,235248,27,3833,234507,222677,23835,1381268,973,37996,32542,1117,127533,4014,0.0010917
4,49679.7,202745,273925,235248,63,3833,234507,222677,23835,1381268,973,37996,32542,1117,127533,4014,0.0010917
4,50035.5,202745,273925,235248,11,3833,234507,222677,23835,1381268,973,37996,32542,1117,127533,4014,0.0010917
4,83306.6,202745,273925,235248,62,3833,234507,222677,23835,1381268,973,37996,32542,1117,127533,4014,0.0010917
4,20139.4,99649.3,98003.4,84153,22,2847,141757,132507,14717,689738,457,14333,11706,338,38283,1405,0.0010917
4,25775.7,99649.3,98003.4,84153,34,2847,141757,132507,14717,689738,457,14333,11706,338,38283,1405,0.0010917
4,29745,99649.3,98003.4,84153,27,2847,141757,132507,14717,689738,457,14333,11706,338,38283,1405,0.0010917
4,41878.6,99649.3,98003.4,84153,56,2847,141757,132507,14717,689738,457,14333,11706,338,38283,1405,0.0010917
4,37510.9,176007,300050,255372,51,3478,201525,190825,21329,1167519,954,38750,33632,1288,125876,5571,0.0010917
4,53506.4,176007,300050,255372,31,3478,201525,190825,21329,1167519,954,38750,33632,1288,125876,5571,0.0010917
4,61179.9,176007,300050,255372,31,3478,201525,190825,21329,1167519,954,38750,33632,1288,125876,5571,0.0010917
4,76642.8,176007,300050,255372,81,3478,201525,190825,21329,1167519,954,38750,33632,1288,125876,5571,0.0010917
4,33567.5,198064,167958,147539,56,3591,213309,201926,21590,1276358,542,20927,17679,490,54703,5029,0.0010917
4,44696.3,198064,167958,147539,51,3591,213309,201926,21590,1276358,542,20927,17679,490,54703,5029,0.0010917
4,63865,198064,167958,147539,18,3591,213309,201926,21590,1276358,542,20927,17679,490,54703,5029,0.0010917
4,77945.9,198064,167958,147539,12,3591,213309,201926,21590,1276358,542,20927,17679,490,54703,5029,0.0010917
4,12070.4,138100,147119,126853,18,3144,164233,154692,16950,898902,568,20994,17621,702,61026,2763,0.0010917
4,31087.5,138100,147119,126853,38,3144,164233,154692,16950,898902,568,20994,17621,702,61026,2763,0.0010917
4,47745.7,138100,147119,126853,63,3144,164233,154692,16950,898902,568,20994,17621,702,61026,2763,0.0010917
4,50657.5,138100,147119,126853,47,3144,164233,154692,16950,898902,568,20994,17621,702,61026,2763,0.0010917
4,17042.8,144723,160846,139145,18,3352,182226,172550,18877,1045453,609,22921,19320,720,65790,3137,0.0010917
4,33251.3,144723,160846,139145,39,3352,182226,172550,18877,1045453,609,22921,19320,720,65790,3137,0.0010917
4,48437.2,144723,160846,139145,65,3352,182226,172550,18877,1045453,609,22921,19320,720,65790,3137,0.0010917
4,55722.5,144723,160846,139145,56,3352,182226,172550,18877,1045453,609,22921,19320,720,65790,3137,0.0010917
4,19967.9,89257.8,110661,95929,22,2332,118236,110644,12369,589911,439,15184,12536,394,41978,1735,0.0010917
4,35640.5,89257.8,110661,95929,43,2332,118236,110644,12369,589911,439,15184,12536,394,41978,1735,0.0010917
4,36215.8,89257.8,110661,95929,16,2332,118236,110644,12369,589911,439,15184,12536,394,41978,1735,0.0010917
4,44471.6,89257.8,110661,95929,42,2332,118236,110644,12369,589911,439,15184,12536,394,41978,1735,0.0010917
4,13386,71310.5,77166,67867,17,1927,93500,88055,9865,462651,301,10070,8144,115,23335,1811,0.0010917
4,30001,71310.5,77166,67867,33,1927,93500,88055,9865,462651,301,10070,8144,115,23335,1811,0.0010917
4,35929.8,71310.5,77166,67867,18,1927,93500,88055,9865,462651,301,10070,8144,115,23335,1811,0.0010917
4,45440.8,71310.5,77166,67867,16,1927,93500,88055,9865,462651,301,10070,8144,115,23335,1811,0.0010917
4,6019.3,140661,99031.8,85278,6,3130,164800,154237,17363,838766,450,14742,11994,356,38776,1425,0.0010917
4,19246.7,140661,99031.8,85278,26,3130,164800,154237,17363,838766,450,14742,11994,356,38776,1425,0.0010917
4,39860.8,140661,99031.8,85278,60,3130,164800,154237,17363,838766,450,14742,11994,356,38776,1425,0.0010917
4,47677.1,140661,99031.8,85278,42,3130,164800,154237,17363,838766,450,14742,11994,356,38776,1425,0.0010917
4,17563.5,139832,69353.6,60200,14,3372,172484,162768,17865,905439,294,9509,7710,192,24091,1189,0.0010917
4,22603.9,139832,69353.6,60200,27,3372,172484,162768,17865,905439,294,9509,7710,192,24091,1189,0.0010917
4,32889.5,139832,69353.6,60200,5,3372,172484,162768,17865,905439,294,9509,7710,192,24091,1189,0.0010917
4,46593.6,139832,69353.6,60200,43,3372,172484,162768,17865,905439,294,9509,7710,192,24091,1189,0.0010917
4,20543.8,181391,251456,215088,17,3595,199547,189558,20343,1149381,858,32172,27473,1101,97759,3983,0.0010917
4,47907.2,181391,251456,215088,53,3595,199547,189558,20343,1149381,858,32172,27473,1101,97759,3983,0.0010917
4,59097.6,181391,251456,215088,54,3595,199547,189558,20343,1149381,858,32172,27473,1101,97759,3983,0.0010917
4,64334.7,181391,251456,215088,48,3595,199547,189558,20343,1149381,858,32172,27473,1101,97759,3983,0.0010917
4,24064.8,180051,161158,138903,30,3507,198511,188446,20630,1093149,528,20722,17415,645,59693,2477,0.0010917
4,30659.3,180051,161158,138903,27,3507,198511,188446,20630,1093149,528,20722,17415,645,59693,2477,0.0010917
4,34182.4,180051,161158,138903,32,3507,198511,188446,20630,1093149,528,20722,17415,645,59693,2477,0.0010917
4,61540,180051,161158,138903,68,3507,198511,188446,20630,1093149,528,20722,17415,645,59693,2477,0.0010917
4,18229.3,65634.3,58070.1,50983,17,1926,92950,85137,9009,406243,238,7895,6342,112,18385,1062,0.0010917
4,30844.5,65634.3,58070.1,50983,13,1926,92950,85137,9009,406243,238,7895,6342,112,18385,1062,0.0010917
4,31051.9,65634.3,58070.1,50983,20,1926,92950,85137,9009,406243,238,7895,6342,112,18385,1062,0.0010917
4,32450.2,65634.3,58070.1,50983,39,1926,92950,85137,9009,406243,238,7895,6342,112,18385,1062,0.0010917
4,35523.4,238258,349848,296290,35,4112,259527,246004,25666,1588577,1153,45684,39828,1686,162111,6242,0.0010917
4,55475.1,238258,349848,296290,36,4112,259527,246004,25666,1588577,1153,45684,39828,1686,162111,6242,0.0010917
4,67838.8,238258,349848,296290,66,4112,259527,246004,25666,1588577,1153,45684,39828,1686,162111,6242,0.0010917
4,86592.3,238258,349848,296290,89,4112,259527,246004,25666,1588577,1153,45684,39828,1686,162111,6242,0.0010917
4,22917.8,191911,119222,101914,10,3906,213311,203106,21992,1237790,527,18053,14974,573,49502,1874,0.0010917
4,26742.3,191911,119222,101914,21,3906,213311,203106,21992,1237790,527,18053,14974,573,49502,1874,0.0010917
4,34813.6,191911,119222,101914,50,3906,213311,203106,21992,1237790,527,18053,14974,573,49502,1874,0.0010917
4,60433.1,191911,119222,101914,78,3906,213311,203106,21992,1237790,527,18053,14974,573,49502,1874,0.0010917
4,32967.9,163014,272408,234301,41,3360,189726,179478,20361,1087805,830,33441,28752,1058,106619,4526,0.0010917
4,50746.3,163014,272408,234301,14,3360,189726,179478,20361,1087805,830,33441,28752,1058,106619,4526,0.0010917
4,61327.5,163014,272408,234301,42,3360,189726,179478,20361,1087805,830,33441,28752,1058,106619,4526,0.0010917
4,71705,163014,272408,234301,75,3360,189726,179478,20361,1087805,830,33441,28752,1058,106619,4526,0.0010917
4,15902.2,92346.1,105809,90915,14,2369,118980,110786,12362,574696,436,15130,12432,343,41861,1719,0.0010917
4,31309.9,92346.1,105809,90915,37,2369,118980,110786,12362,574696,436,15130,12432,343,41861,1719,0.0010917
4,40403,92346.1,105809,90915,29,2369,118980,110786,12362,574696,436,15130,12432,343,41861,1719,0.0010917
4,42884.1,92346.1,105809,90915,39,2369,118980,110786,12362,574696,436,15130,12432,343,41861,1719,0.0010917
4,8276.29,122319,26336.2,23060,7,2849,154429,145524,15789,810152,132,3624,2725,14,6373,743,0.0010917
4,16264.6,122319,26336.2,23060,25,2849,154429,145524,15789,810152,132,3624,2725,14,6373,743,0.0010917
4,34689.4,122319,26336.2,23060,10,2849,154429,145524,15789,810152,132,3624,2725,14,6373,743,0.0010917
4,51729.2,122319,26336.2,23060,6,2849,154429,145524,15789,810152,132,3624,2725,14,6373,743,0.0010917
4,7336.58,175649,106993,91718,9,3646,192311,182278,19996,1070298,426,14427,12119,490,42641,1974,0.0010917
4,35242.5,175649,106993,91718,26,3646,192311,182278,19996,1070298,426,14427,12119,490,42641,1974,0.0010917
4,37627.8,175649,106993,91718,32,3646,192311,182278,19996,1070298,426,14427,12119,490,42641,1974,0.0010917
4,56420.5,175649,106993,91718,48,3646,192311,182278,19996,1070298,426,14427,12119,490,42641,1974,0.0010917
4,7643.44,163911,178456,152916,11,3501,187216,177334,19743,1012659,654,23411,19794,760,71747,2517,0.0010917
4,40490.3,163911,178456,152916,45,3501,187216,177334,19743,1012659,654,23411,19794,760,71747,2517,0.0010917
4,47046.4,163911,178456,152916,35,3501,187216,177334,19743,1012659,654,23411,19794,760,71747,2517,0.0010917
4,55179.1,163911,178456,152916,64,3501,187216,177334,19743,1012659,654,23411,19794,760,71747,2517,0.0010917
4,12402,122886,103423,89852,12,2788,139656,129789,14215,669790,364,13006,10759,314,34471,1568,0.0010917
4,26475.1,122886,103423,89852,31,2788,139656,129789,14215,669790,364,13006,10759,314,34471,1568,0.0010917
4,33975.9,122886,103423,89852,42,2788,139656,129789,14215,669790,364,13006,10759,314,34471,1568,0.0010917
4,39974.3,122886,103423,89852,42,2788,139656,129789,14215,669790,364,13006,10759,314,34471,1568,0.0010917
4,18131.4,91841.9,55446.2,48084,19,2268,123715,116742,12996,641215,178,7334,5850,101,19128,1007,0.0010917
4,19372.5,91841.9,55446.2,48084,6,2268,123715,116742,12996,641215,178,7334,5850,101,19128,1007,0.0010917
4,29480.7,91841.9,55446.2,48084,37,2268,123715,116742,12996,641215,178,7334,5850,101,19128,1007,0.0010917
4,51451.9,91841.9,55446.2,48084,17,2268,123715,116742,12996,641215,178,7334,5850,101,19128,1007,0.0010917
4,17563.7,79501.5,67691.5,59218,18,2296,105573,96229,10658,463508,224,8633,6989,151,19810,1424,0.0010917
4,24393.4,79501.5,67691.5,59218,28,2296,105573,96229,10658,463508,224,8633,6989,151,19810,1424,0.0010917
4,31480.8,79501.5,67691.5,59218,33,2296,105573,96229,10658,463508,224,8633,6989,151,19810,1424,0.0010917
4,34519.2,79501.5,67691.5,59218,9,2296,105573,96229,10658,463508,224,8633,6989,151,19810,1424,0.0010917
4,28737.1,215563,194981,167268,7,3895,226101,214365,23058,1331377,719,26207,22122,776,80951,3089,0.0010917
4,38066.1,215563,194981,167268,35,3895,226101,214365,23058,1331377,719,26207,22122,776,80951,3089,0.0010917
4,59221.9,215563,194981,167268,32,3895,226101,214365,23058,1331377,719,26207,22122,776,80951,3089,0.0010917
4,72978.5,215563,194981,167268,79,3895,226101,214365,23058,1331377,719,26207,22122,776,80951,3089,0.0010917
4,7218.18,146623,129413,109326,14,3303,176377,166833,18035,963927,588,19548,16068,484,58577,1751,0.0010917
4,25142.7,146623,129413,109326,13,3303,176377,166833,18035,963927,588,19548,16068,484,58577,1751,0.0010917
4,53388.4,146623,129413,109326,51,3303,176377,166833,18035,963927,588,19548,16068,484,58577,1751,0.0010917
4,55497.1,146623,129413,109326,23,3303,176377,166833,18035,963927,588,19548,16068,484,58577,1751,0.0010917
4,17237.4,88630.9,53676.7,46645,21,2338,126114,118991,13252,649813,207,8074,6427,130,20812,1050,0.0010917
4,22010.6,88630.9,53676.7,46645,10,2338,126114,118991,13252,649813,207,8074,6427,130,20812,1050,0.0010917
4,26479,88630.9,53676.7,46645,33,2338,126114,118991,13252,649813,207,8074,6427,130,20812,1050,0.0010917
4,50208.1,88630.9,53676.7,46645,20,2338,126114,118991,13252,649813,207,8074,6427,130,20812,1050,0.0010917
4,22135.5,128264,210305,179759,35,3143,170814,161572,18602,944267,779,28666,24350,891,92279,3114,0.0010917
4,44082.8,128264,210305,179759,9,3143,170814,161572,18602,944267,779,28666,24350,891,92279,3114,0.0010917
4,58834.5,128264,210305,179759,61,3143,170814,161572,18602,944267,779,28666,24350,891,92279,3114,0.0010917
4,61372.5,128264,210305,179759,74,3143,170814,161572,18602,944267,779,28666,24350,891,92279,3114,0.0010917
4,34386.2,178877,192359,163321,41,3697,218414,207509,22590,1237529,661,25811,21865,863,82409,2652,0.0010917
4,35617.9,178877,192359,163321,9,3697,218414,207509,22590,1237529,661,25811,21865,863,82409,2652,0.0010917
4,37561.6,178877,192359,163321,17,3697,218414,207509,22590,1237529,661,25811,21865,863,82409,2652,0.0010917
4,70957,178877,192359,163321,80,3697,218414,207509,22590,1237529,661,25811,21865,863,82409,2652,0.0010917
4,18131.9,73378.6,107275,92831,8,2165,103910,96539,10690,485361,389,13801,11334,268,36553,1558,0.0010917
4,29878.7,73378.6,107275,92831,34,2165,103910,96539,10690,485361,389,13801,11334,268,36553,1558,0.0010917
4,37507.6,73378.6,107275,92831,37,2165,103910,96539,10690,485361,389,13801,11334,268,36553,1558,0.0010917
4,38508.2,73378.6,107275,92831,34,2165,103910,96539,10690,485361,389,13801,11334,268,36553,1558,0.0010917
4,9038.65,102203,80521,69389,5,2616,136337,127112,14252,675663,317,10817,8727,270,28502,890,0.0010917
4,14125.6,102203,80521,69389,23,2616,136337,127112,14252,675663,317,10817,8727,270,28502,890,0.0010917
4,43852.5,102203,80521,69389,16,2616,136337,127112,14252,675663,317,10817,8727,270,28502,890,0.0010917
4,44949.9,102203,80521,69389,68,2616,136337,127112,14252,675663,317,10817,8727,270,28502,890,0.0010917
4,17385.2,178485,139023,118399,24,3613,200247,190026,20189,1127491,551,20391,17235,636,62639,2308,0.0010917
4,28294.1,178485,139023,118399,31,3613,200247,190026,20189,1127491,551,20391,17235,636,62639,2308,0.0010917
4,51977.3,178485,139023,118399,10,3613,200247,190026,20189,1127491,551,20391,17235,636,62639,2308,0.0010917
4,64628.8,178485,139023,118399,57,3613,200247,190026,20189,1127491,551,20391,17235,636,62639,2308,0.0010917
4,16043.8,125425,90145.9,78410,10,3220,158735,148035,15899,805380,361,12165,10020,362,32625,1505,0.0010917
4,17404.1,125425,90145.9,78410,22,3220,158735,148035,15899,805380,361,12165,10020,362,32625,1505,0.0010917
4,35564.2,125425,90145.9,78410,36,3220,158735,148035,15899,805380,361,12165,10020,362,32625,1505,0.0010917
4,44322.4,125425,90145.9,78410,56,3220,158735,148035,15899,805380,361,12165,10020,362,32625,1505,0.0010917
4,15427,81654,60600.5,52327,20,2490,116592,106600,11598,520834,266,9018,7177,159,23606,911,0.0010917
4,27143.6,81654,60600.5,52327,12,2490,116592,106600,11598,520834,266,9018,7177,159,23606,911,0.0010917
4,28563.9,81654,60600.5,52327,29,2490,116592,106600,11598,520834,266,9018,7177,159,23606,911,0.0010917
4,36088.3,81654,60600.5,52327,28,2490,116592,106600,11598,520834,266,9018,7177,159,23606,911,0.0010917
4,12092.8,104544,73042.2,64186,7,2584,136383,127167,14269,679293,259,9496,7602,173,21796,1416,0.0010917
4,13687.1,104544,73042.2,64186,21,2584,136383,127167,14269,679293,259,9496,7602,173,21796,1416,0.0010917
4,44283.4,104544,73042.2,64186,60,2584,136383,127167,14269,679293,259,9496,7602,173,21796,1416,0.0010917
4,46029.5,104544,73042.2,64186,9,2584,136383,127167,14269,679293,259,9496,7602,173,21796,1416,0.0010917
4,11767.5,165204,102287,86877,13,3518,182274,173009,18415,994104,411,14589,12266,493,46632,1187,0.0010917
4,12670.3,165204,102287,86877,23,3518,182274,173009,18415,994104,411,14589,12266,493,46632,1187,0.0010917
4,39004.8,165204,102287,86877,20,3518,182274,173009,18415,994104,411,14589,12266,493,46632,1187,0.0010917
4,51431.2,165204,102287,86877,43,3518,182274,173009,18415,994104,411,14589,12266,493,46632,1187,0.0010917
4,26281.5,71636.9,98664.7,86411,13,1959,94277,87503,9633,435330,365,12517,10222,267,30725,1610,0.0010917
4,28846.3,71636.9,98664.7,86411,24,1959,94277,87503,9633,435330,365,12517,10222,267,30725,1610,0.0010917
4,33003.6,71636.9,98664.7,86411,42,1959,94277,87503,9633,435330,365,12517,10222,267,30725,1610,0.0010917
4,34363.7,71636.9,98664.7,86411,46,1959,94277,87503,9633,435330,365,12517,10222,267,30725,1610,0.0010917
4,8815.9,99321.2,41263,35714,5,2569,131406,123095,13487,647185,202,6018,4680,96,13001,932,0.0010917
4,18348.8,99321.2,41263,35714,7,2569,131406,123095,13487,647185,202,6018,4680,96,13001,932,0.0010917
4,38862.7,99321.2,41263,35714,33,2569,131406,123095,13487,647185,202,6018,4680,96,13001,932,0.0010917
4,41628.9,99321.2,41263,35714,10,2569,131406,123095,13487,647185,202,6018,4680,96,13001,932,0.0010917
