k,order,dist,cost_polyanya,cost_ki,cost_hi,cost_hi2,h_cost,h_cost2,vnum,gen_poly,push_poly,gen_ki,push_ki,prune_ki,gen_hi,push_hi,prune_hi,hcall,reevaluate,gen_hi2,push_hi2,prune_hi2,hcall2,reevaluate2,precost,gen_pre,edgecnt,damcnt,pts,polys
2,2,29931,36441.5,41105.2,20537.7,17247.2,17983,14470,33,74726,72680,63309,61966,6454,2843,2931,72,2609,0,2843,2931,72,2096,190,332012,361059,151707,330439,6,6694
2,2,49451.7,39634.3,64615.2,77402,59081.6,66074,46606,59,86165,84001,103234,101348,10650,10674,10675,263,9483,0,10674,10675,263,6097,275,332012,361059,151707,330439,6,6694
2,2,22319.4,25537.8,17080.8,4295.35,2122.2,3812,1661,13,47889,46501,30228,29590,2672,485,488,5,400,0,485,488,5,197,27,332012,361059,151707,330439,6,6694
2,2,22499,13234.7,13141.6,12336.8,4981.93,10850,3661,28,31916,30921,25860,25292,2298,1845,1856,30,1572,0,1845,1856,30,541,65,332012,361059,151707,330439,6,6694
2,2,42371.9,18159.3,99493.8,92558.9,41492.1,80300,30798,29,46478,45090,138420,135684,13881,11427,12120,317,10819,0,11427,12120,317,4202,1019,332012,361059,151707,330439,6,6694
2,2,29481.9,12326.6,49139.1,33108,17085.3,28911,13197,36,28245,27342,76511,74862,7777,4487,4630,91,4089,0,4487,4630,91,1866,287,332012,361059,151707,330439,6,6694
2,2,16721.4,22796.4,11649.7,8912.81,6037.9,7908,4952,32,50399,48944,20260,19746,1695,1314,1326,15,1145,0,1314,1326,15,710,68,332012,361059,151707,330439,6,6694
2,2,43383.3,31422,49696.5,21321.6,7718.67,19210,6120,6,68814,66990,82948,81354,9141,2008,2250,16,1985,0,2008,2250,16,868,312,332012,361059,151707,330439,6,6694
2,2,32077.8,26150.5,47386.5,36431.3,17323.8,31664,13056,28,60936,59274,79793,78202,7881,5002,5078,145,4493,0,5002,5078,145,1887,219,332012,361059,151707,330439,6,6694
2,2,28811,20756.1,40700.9,10334,5246.18,8990,4101,7,48621,47265,73162,71582,7215,1352,1386,5,1228,0,1352,1386,5,600,84,332012,361059,151707,330439,6,6694
2,2,26076.6,7012.83,30585.4,23017.2,10044.9,20048,7486,32,19495,18816,57575,56328,5618,3360,3353,94,2925,0,3360,3353,94,1092,101,332012,361059,151707,330439,6,6694
2,2,36968.4,55293.1,44960.4,62330.8,28355.3,54505,21495,42,108959,105803,67414,65974,6970,8021,8419,215,7537,0,7967,8364,208,3068,699,332012,361059,151707,330439,6,6694
2,2,40885.4,79764.5,41747.1,73725.2,43138.4,64111,33584,46,118274,114993,72796,71319,7723,8364,8884,294,7974,0,8317,8837,293,3859,808,332012,361059,151707,330439,6,6694
2,2,28361.5,10843.6,18551,14540.8,8245.68,12775,6580,35,28266,27351,37831,37045,3446,2087,2109,19,1830,0,2087,2109,19,949,95,332012,361059,151707,330439,6,6694
2,2,30678.1,20941.1,43119.4,31182.6,11106.6,27291,8197,40,49692,48297,76326,74691,7404,3929,3994,73,3572,0,3772,3850,79,1069,193,332012,361059,151707,330439,6,6694
2,2,10512.2,27063.1,2739.82,3240.05,1476.83,2891,1158,11,60559,58849,6951,6730,411,411,461,3,407,0,411,461,3,166,67,332012,361059,151707,330439,6,6694
2,2,37807,15219.5,78520.3,54315.7,32718.3,47667,26515,27,32965,31966,126846,124278,12585,6717,7270,195,6500,0,6717,7270,195,3787,744,332012,361059,151707,330439,6,6694
2,2,49075.3,24803.1,108773,68730.7,28936,59392,20856,46,57547,55907,143210,140432,14657,9202,9326,187,8264,0,9202,9326,187,2888,386,332012,361059,151707,330439,6,6694
2,2,51933.3,55555.8,53182,29736.4,15030.5,26242,11926,13,103127,100476,89522,87890,9991,3617,3992,54,3527,0,3617,3992,54,1658,508,332012,361059,151707,330439,6,6694
2,2,30416.2,13322.9,37597.6,25849.8,16749,22549,13369,30,32994,31977,66374,64978,6841,3657,3591,57,3151,0,3657,3591,57,1672,51,332012,361059,151707,330439,6,6694
2,2,25537.3,22241.3,29435.8,15489.9,9706.58,13521,7750,34,49408,47943,48706,47689,4590,2291,2297,46,2010,0,2291,2297,46,1172,62,332012,361059,151707,330439,6,6694
2,2,45878.4,24071,82923.2,78505.9,38534,68927,29414,63,53629,52138,127276,124743,13078,9864,10335,223,9253,0,10935,11432,466,4089,822,332012,361059,151707,330439,6,6694
2,2,40190.4,38214.4,59186.7,59049.8,31400.8,51563,24874,50,82415,80217,93544,91699,9666,7116,7360,204,6561,0,7116,7360,204,3588,431,332012,361059,151707,330439,6,6694
2,2,35486.5,28963.7,58975.2,33754.3,17229.3,29294,13431,25,58725,57110,94272,92391,9549,4153,4167,69,3656,0,4153,4167,69,1963,141,332012,361059,151707,330439,6,6694
2,2,16869.4,24205.2,10765.1,7278.68,4199.74,6503,3428,16,47553,46149,20701,20184,1670,1033,1084,15,942,0,1033,1084,15,456,98,332012,361059,151707,330439,6,6694
2,2,32672.4,34062.2,42677.3,36199.8,18337.4,31587,14210,43,70821,68857,73041,71565,7407,4608,4857,91,4334,0,4608,4857,91,2013,393,332012,361059,151707,330439,6,6694
2,2,43505.9,38941,62765.9,44299.1,27916.2,39053,22898,24,78014,75872,91431,89641,9757,5332,5753,144,5166,0,5332,5753,144,3286,614,332012,361059,151707,330439,6,6694
2,2,19604.9,24947.5,14784.1,13543.2,6034.81,12002,4719,16,52807,51235,29585,28797,2522,1684,1843,21,1612,0,1684,1841,21,617,221,332012,361059,151707,330439,6,6694
2,2,19037.9,46510.8,7856.11,11799.2,5688.97,10526,4442,13,90395,88073,15713,15365,1281,1195,1398,5,1255,0,1195,1398,5,558,229,332012,361059,151707,330439,6,6694
2,2,45702.2,45237.9,62810.5,40854.8,34860.1,35731,29419,37,87118,84774,89852,88139,9567,5288,5324,117,4776,0,5288,5324,117,4221,213,332012,361059,151707,330439,6,6694
2,2,21188.7,7497.42,21035.1,16281.3,4961.66,14118,3393,26,17793,17171,36011,35166,3322,2347,2341,58,2035,0,2347,2341,58,504,76,332012,361059,151707,330439,6,6694
2,2,31890.8,27765.7,53898.9,23492.2,18401.1,20467,15082,36,59717,58044,82998,81286,8558,3291,3302,69,2932,0,3291,3302,69,2197,104,332012,361059,151707,330439,6,6694
