K,dist,cost_ki,cost_hi,h_cost,vnum,gen_ki,push_ki,pop_ki,prune_ki,suc_call_ki,gen_hi,push_hi,pop_hi,prune_hi,suc_call_hi,reevaluate,density
2,35456.2,139285,34682.9,26638,50,2850,142560,130817,15012,659249,188,6999,5695,132,18145,931,0.000430169
2,37869.6,139285,34682.9,26638,9,2850,142560,130817,15012,659249,188,6999,5695,132,18145,931,0.000430169
2,16999.5,258767,55872.2,37885,21,4279,231155,218857,23893,1269046,331,12282,10257,389,42121,279,0.000430169
2,52477.5,258767,55872.2,37885,46,4279,231155,218857,23893,1269046,331,12282,10257,389,42121,279,0.000430169
2,24514.3,87977.8,40595.4,30059,20,2108,105001,97966,11064,495204,263,9210,7562,271,26551,601,0.000430169
2,37594.4,87977.8,40595.4,30059,52,2108,105001,97966,11064,495204,263,9210,7562,271,26551,601,0.000430169
2,45574.7,429508,118739,83256,43,5807,348391,336311,34954,2206766,686,25007,21289,694,88045,1441,0.000430169
2,74527.7,429508,118739,83256,43,5807,348391,336311,34954,2206766,686,25007,21289,694,88045,1441,0.000430169
2,14061.3,106595,41675.3,28034,9,2260,121796,114575,13703,656415,310,9953,8254,281,37403,142,0.000430169
2,57475.6,106595,41675.3,28034,25,2260,121796,114575,13703,656415,310,9953,8254,281,37403,142,0.000430169
2,53535.5,312437,140880,96329,22,4791,283681,272042,28747,1706990,849,30181,25713,1259,107841,1208,0.000430169
2,71615.8,312437,140880,96329,96,4791,283681,272042,28747,1706990,849,30181,25713,1259,107841,1208,0.000430169
2,29928.5,181790,78818.1,53636,16,3298,181733,171870,19745,1003926,528,18401,15556,805,70689,423,0.000430169
2,59993.5,181790,78818.1,53636,51,3298,181733,171870,19745,1003926,528,18401,15556,805,70689,423,0.000430169
2,14945.3,229144,49893.6,34122,9,3810,207463,196954,21497,1167180,308,11459,9384,434,38253,88,0.000430169
2,55276.5,229144,49893.6,34122,56,3810,207463,196954,21497,1167180,308,11459,9384,434,38253,88,0.000430169
2,7091.29,264491,74045,49005,10,4396,250420,239001,25885,1460913,450,16719,14155,696,63629,51,0.000430169
2,61435.7,264491,74045,49005,73,4396,250420,239001,25885,1460913,450,16719,14155,696,63629,51,0.000430169
2,11223.7,85506,6946.83,5377,14,2057,105250,97678,10902,502856,66,1333,978,6,3006,118,0.000430169
2,45322.1,85506,6946.83,5377,8,2057,105250,97678,10902,502856,66,1333,978,6,3006,118,0.000430169
2,40529,272787,82904.5,60180,38,4906,267472,252165,27941,1421237,460,17867,15058,519,55726,1158,0.000430169
2,51637.8,272787,82904.5,60180,54,4906,267472,252165,27941,1421237,460,17867,15058,519,55726,1158,0.000430169
2,28902,387250,78470.6,55669,35,5558,340475,327946,33960,2138248,478,16542,13757,497,58081,885,0.000430169
2,76861.2,387250,78470.6,55669,28,5558,340475,327946,33960,2138248,478,16542,13757,497,58081,885,0.000430169
2,67169.1,362620,113612,78286,14,5082,303898,290611,30933,1831778,716,24015,20263,641,87058,1273,0.000430169
2,71798.9,362620,113612,78286,52,5082,303898,290611,30933,1831778,716,24015,20263,641,87058,1273,0.000430169
2,45637.6,267783,125833,89336,40,4290,239349,228548,24692,1366455,716,25828,21985,1076,87924,1281,0.000430169
2,60223.2,267783,125833,89336,76,4290,239349,228548,24692,1366455,716,25828,21985,1076,87924,1281,0.000430169
2,2777.15,69512.3,17698.2,12608,10,1651,89120,83643,9803,449652,126,4267,3331,38,12802,22,0.000430169
2,53289.3,69512.3,17698.2,12608,10,1651,89120,83643,9803,449652,126,4267,3331,38,12802,22,0.000430169
2,73403.4,496331,452698,293276,84,6038,406994,394411,39925,2768332,2034,82089,71856,3109,349041,3568,0.000430169
2,98590.7,496331,452698,293276,65,6038,406994,394411,39925,2768332,2034,82089,71856,3109,349041,3568,0.000430169
2,45796,297321,111111,81422,51,4679,255375,241882,26043,1386062,661,22215,18826,866,69752,1393,0.000430169
2,53008.9,297321,111111,81422,56,4679,255375,241882,26043,1386062,661,22215,18826,866,69752,1393,0.000430169
2,10810.5,101355,23257.1,16305,4,2273,116194,108162,12073,556321,176,5068,4111,67,16492,83,0.000430169
2,44063,101355,23257.1,16305,20,2273,116194,108162,12073,556321,176,5068,4111,67,16492,83,0.000430169
2,32439,204101,26908,20492,38,3775,194066,179613,20271,948587,178,5596,4451,82,13206,732,0.000430169
2,43488.1,204101,26908,20492,7,3775,194066,179613,20271,948587,178,5596,4451,82,13206,732,0.000430169
2,20837.1,173349,41382.3,29065,21,3249,176974,167517,18454,944641,271,9635,7891,284,29967,390,0.000430169
2,47250.2,173349,41382.3,29065,53,3249,176974,167517,18454,944641,271,9635,7891,284,29967,390,0.000430169
2,19535.4,85271.2,41120.3,28625,26,1915,96487,90924,10338,479070,264,8917,7334,262,29797,339,0.000430169
2,43115.9,85271.2,41120.3,28625,20,1915,96487,90924,10338,479070,264,8917,7334,262,29797,339,0.000430169
2,42779.2,296767,70779.3,51964,35,4785,258114,241568,26595,1335785,408,14985,12537,343,45976,1112,0.000430169
2,49225.7,296767,70779.3,51964,38,4785,258114,241568,26595,1335785,408,14985,12537,343,45976,1112,0.000430169
2,8078.62,245174,94247.1,60158,10,3899,226671,215529,23469,1273979,623,21697,18068,619,77400,94,0.000430169
2,59837.3,245174,94247.1,60158,42,3899,226671,215529,23469,1273979,623,21697,18068,619,77400,94,0.000430169
2,64849.9,486668,291279,198374,78,6062,404399,391556,39912,2724280,1464,58066,51050,2119,242915,2867,0.000430169
2,96407.5,486668,291279,198374,69,6062,404399,391556,39912,2724280,1464,58066,51050,2119,242915,2867,0.000430169
2,64519.8,329394,101916,76371,50,4959,289081,276822,29403,1726656,543,19531,16558,443,61876,2095,0.000430169
2,67652.9,329394,101916,76371,10,4959,289081,276822,29403,1726656,543,19531,16558,443,61876,2095,0.000430169
2,16700.1,229088,55188.9,37026,16,3412,201343,190540,21535,1146496,389,12836,10688,354,46186,210,0.000430169
2,66556.9,229088,55188.9,37026,39,3412,201343,190540,21535,1146496,389,12836,10688,354,46186,210,0.000430169
2,2598.89,164692,21816.5,15061,4,2978,166087,156316,17036,880949,162,5263,4221,67,18755,10,0.000430169
2,54202.7,164692,21816.5,15061,14,2978,166087,156316,17036,880949,162,5263,4221,67,18755,10,0.000430169
2,34178.4,384274,74750.5,55814,45,5616,345943,333344,34512,2207840,414,13941,11371,374,44258,1191,0.000430169
2,79727.5,384274,74750.5,55814,17,5616,345943,333344,34512,2207840,414,13941,11371,374,44258,1191,0.000430169
2,48885.4,312493,140695,97670,21,4599,267525,256069,27192,1588333,824,29494,25168,1231,106256,1108,0.000430169
2,68473.9,312493,140695,97670,87,4599,267525,256069,27192,1588333,824,29494,25168,1231,106256,1108,0.000430169
2,14856.7,277855,59572.3,40721,16,4442,241507,229386,24931,1355243,336,13065,10977,423,46611,210,0.000430169
2,54666.5,277855,59572.3,40721,45,4442,241507,229386,24931,1355243,336,13065,10977,423,46611,210,0.000430169
2,53982.9,304420,136527,96083,46,4778,272575,261239,27573,1602877,820,29448,25219,1107,100226,1663,0.000430169
2,64665.6,304420,136527,96083,83,4778,272575,261239,27573,1602877,820,29448,25219,1107,100226,1663,0.000430169
2,59882.9,345379,123692,85673,23,5209,299938,287059,30239,1760185,727,26517,22079,768,86535,1245,0.000430169
2,62889.2,345379,123692,85673,75,5209,299938,287059,30239,1760185,727,26517,22079,768,86535,1245,0.000430169
2,20047.5,179826,46056.3,31808,16,3151,187438,177227,20009,1067447,349,10555,8561,203,35192,257,0.000430169
2,65522,179826,46056.3,31808,25,3151,187438,177227,20009,1067447,349,10555,8561,203,35192,257,0.000430169
2,15037.6,94430.9,42867.3,29507,17,2094,109763,103383,12093,567166,300,9558,7865,314,33117,269,0.000430169
2,50921,94430.9,42867.3,29507,23,2094,109763,103383,12093,567166,300,9558,7865,314,33117,269,0.000430169
2,28715.3,133306,40456.9,29585,27,2818,141025,131144,14725,683520,266,8727,7114,218,25648,549,0.000430169
2,39576,133306,40456.9,29585,43,2818,141025,131144,14725,683520,266,8727,7114,218,25648,549,0.000430169
2,31528.1,110635,42384.7,31706,34,2454,124022,115489,12672,592820,246,8976,7397,257,25258,711,0.000430169
2,36671.4,110635,42384.7,31706,33,2454,124022,115489,12672,592820,246,8976,7397,257,25258,711,0.000430169
2,79151.9,534804,353103,243293,84,5745,386070,372326,37924,2584581,1598,63135,55465,2347,274515,4085,0.000430169
2,96140.5,534804,353103,243293,45,5745,386070,372326,37924,2584581,1598,63135,55465,2347,274515,4085,0.000430169
2,74476.3,435821,232597,163214,47,5411,340426,326050,34744,2163146,1155,43426,37581,1492,170726,2871,0.000430169
2,83604.3,435821,232597,163214,44,5411,340426,326050,34744,2163146,1155,43426,37581,1492,170726,2871,0.000430169
2,74659.1,379970,188089,131444,32,5158,320226,305678,32661,1983071,1027,37011,31723,1116,142227,2484,0.000430169
2,80383.3,379970,188089,131444,36,5158,320226,305678,32661,1983071,1027,37011,31723,1116,142227,2484,0.000430169
2,16725.6,174506,45984.3,31581,24,3161,176181,166883,18469,954752,314,10217,8476,319,35367,148,0.000430169
2,55360.2,174506,45984.3,31581,41,3161,176181,166883,18469,954752,314,10217,8476,319,35367,148,0.000430169
2,27428.7,132135,13729.3,10424,19,2495,137247,129647,14372,727588,126,3424,2582,32,7628,363,0.000430169
2,53555.9,132135,13729.3,10424,10,2495,137247,129647,14372,727588,126,3424,2582,32,7628,363,0.000430169
2,25963.1,173048,25904.3,18870,17,2893,171035,161680,18193,969226,227,6270,4848,72,17936,285,0.000430169
2,66341.2,173048,25904.3,18870,14,2893,171035,161680,18193,969226,227,6270,4848,72,17936,285,0.000430169
2,32233.2,392602,29536.3,21181,13,5542,321390,309186,32260,1955125,239,6985,5457,103,17844,473,0.000430169
2,62984.3,392602,29536.3,21181,14,5542,321390,309186,32260,1955125,239,6985,5457,103,17844,473,0.000430169
2,10374,303679,99825.2,64980,5,4421,266686,254602,27290,1625518,557,22094,18740,908,84403,41,0.000430169
2,73204.6,303679,99825.2,64980,79,4421,266686,254602,27290,1625518,557,22094,18740,908,84403,41,0.000430169
2,47645.8,268810,98804.4,71985,53,4476,241320,228359,24589,1293193,621,21482,18179,821,65875,1466,0.000430169
2,52069.4,268810,98804.4,71985,49,4476,241320,228359,24589,1293193,621,21482,18179,821,65875,1466,0.000430169
2,24716.5,434359,172789,110149,20,5371,357625,343902,35156,2338336,938,36339,31536,1542,157189,339,0.000430169
2,92500.4,434359,172789,110149,92,5371,357625,343902,35156,2338336,938,36339,31536,1542,157189,339,0.000430169
2,31038,308246,24993.6,18747,26,4875,261944,246767,27160,1405140,181,5284,4159,50,12785,608,0.000430169
2,50973.7,308246,24993.6,18747,9,4875,261944,246767,27160,1405140,181,5284,4159,50,12785,608,0.000430169
2,30101.8,122018,37296.2,27336,30,2618,137565,129353,14065,719179,257,8117,6466,189,21028,594,0.000430169
2,49138.9,122018,37296.2,27336,56,2618,137565,129353,14065,719179,257,8117,6466,189,21028,594,0.000430169
2,20190.3,191894,48263.4,33289,23,3566,188311,176926,19625,980544,313,11458,9472,386,38062,298,0.000430169
2,48504.3,191894,48263.4,33289,53,3566,188311,176926,19625,980544,313,11458,9472,386,38062,298,0.000430169
2,28075.8,76117.4,41453.7,30262,31,1855,89222,83930,9276,430472,261,9126,7489,252,27591,643,0.000430169
2,36014.9,76117.4,41453.7,30262,29,1855,89222,83930,9276,430472,261,9126,7489,252,27591,643,0.000430169
2,27088,189336,38043.4,28069,34,3538,181766,169148,19020,899633,248,8525,6929,178,24452,592,0.000430169
2,43287.3,189336,38043.4,28069,26,3538,181766,169148,19020,899633,248,8525,6929,178,24452,592,0.000430169
2,59448,474753,235699,162552,71,5959,388235,375185,38822,2582602,1211,46538,40427,1561,184048,2683,0.000430169
2,90399.2,474753,235699,162552,68,5959,388235,375185,38822,2582602,1211,46538,40427,1561,184048,2683,0.000430169
2,59453.2,362794,155903,106084,29,5014,306549,294220,30615,1882100,897,33383,28535,1279,118371,1318,0.000430169
2,76399.2,362794,155903,106084,99,5014,306549,294220,30615,1882100,897,33383,28535,1279,118371,1318,0.000430169
2,61913.6,462807,250612,164461,27,5865,363387,350908,36739,2332786,1367,50567,43252,1755,193959,1665,0.000430169
2,78672.5,462807,250612,164461,87,5865,363387,350908,36739,2332786,1367,50567,43252,1755,193959,1665,0.000430169
2,72653.9,508531,461743,299327,86,6046,407700,395206,40064,2771800,2165,88435,77782,3404,383161,3573,0.000430169
2,98115.3,508531,461743,299327,71,6046,407700,395206,40064,2771800,2165,88435,77782,3404,383161,3573,0.000430169
2,28529.4,128492,68474.6,48657,35,2466,127850,120888,13658,659208,404,14583,12271,580,50053,747,0.000430169
2,45482.6,128492,68474.6,48657,34,2466,127850,120888,13658,659208,404,14583,12271,580,50053,747,0.000430169
2,33333.9,99805.1,38504,29121,38,2227,107518,100728,11117,527766,239,8424,6844,190,22378,874,0.000430169
2,36648.4,99805.1,38504,29121,22,2227,107518,100728,11117,527766,239,8424,6844,190,22378,874,0.000430169
2,19889.1,403672,99792.2,65684,27,5500,337026,323681,33181,2083930,546,20508,17424,630,80303,403,0.000430169
2,77102.4,403672,99792.2,65684,49,5500,337026,323681,33181,2083930,546,20508,17424,630,80303,403,0.000430169
2,8488.41,275398,82464.9,54446,11,4341,254849,243155,26299,1528867,523,19109,16052,750,71452,100,0.000430169
2,68090.9,275398,82464.9,54446,76,4341,254849,243155,26299,1528867,523,19109,16052,750,71452,100,0.000430169
2,25906.2,68864.1,34945.6,25879,18,1733,83411,77549,8687,382418,247,8064,6599,207,23315,561,0.000430169
2,34220.8,68864.1,34945.6,25879,46,1733,83411,77549,8687,382418,247,8064,6599,207,23315,561,0.000430169
2,26736.9,125713,17386.1,12954,23,2508,136826,129288,14308,719285,158,4195,3183,34,10348,359,0.000430169
2,52247.7,125713,17386.1,12954,10,2508,136826,129288,14308,719285,158,4195,3183,34,10348,359,0.000430169
2,17560.5,119170,61995,42070,10,2479,133965,126206,15032,721218,396,13726,11607,396,53200,158,0.000430169
2,58460.4,119170,61995,42070,31,2479,133965,126206,15032,721218,396,13726,11607,396,53200,158,0.000430169
2,51493.7,449780,145748,100634,30,5902,358600,346208,35958,2285545,828,31089,26764,908,116434,1460,0.000430169
2,75844.4,449780,145748,100634,52,5902,358600,346208,35958,2285545,828,31089,26764,908,116434,1460,0.000430169
2,36865.3,418546,48101.8,37498,49,5610,342145,329874,34489,2175913,262,8736,7210,279,25029,1224,0.000430169
2,77434.7,418546,48101.8,37498,3,5610,342145,329874,34489,2175913,262,8736,7210,279,25029,1224,0.000430169
2,28433.2,120699,19094.9,14816,26,2419,131196,123938,13792,686353,130,3536,2679,27,7465,412,0.000430169
2,51704.4,120699,19094.9,14816,8,2419,131196,123938,13792,686353,130,3536,2679,27,7465,412,0.000430169
2,7271.48,295044,97660,63699,4,4493,268084,256067,27426,1621595,570,22282,18979,979,86113,29,0.000430169
2,71609,295044,97660,63699,77,4493,268084,256067,27426,1621595,570,22282,18979,979,86113,29,0.000430169
2,46012.2,394475,70621.6,47543,5,5672,328831,314768,33157,1953067,463,16259,13761,432,58478,340,0.000430169
2,62320.6,394475,70621.6,47543,45,5672,328831,314768,33157,1953067,463,16259,13761,432,58478,340,0.000430169
2,42764.4,423653,79500.7,55218,9,5701,331048,317695,33576,1980845,455,15807,13259,392,55010,385,0.000430169
2,62723.7,423653,79500.7,55218,43,5701,331048,317695,33576,1980845,455,15807,13259,392,55010,385,0.000430169
2,29533,161881,76778.4,53878,30,2978,159675,151104,17362,861131,491,17418,14699,762,62437,679,0.000430169
2,53900.8,161881,76778.4,53878,45,2978,159675,151104,17362,861131,491,17418,14699,762,62437,679,0.000430169
2,28240,139851,12360.7,9312,16,2586,149087,140858,15752,812819,93,2774,2097,26,5592,366,0.000430169
2,61133.2,139851,12360.7,9312,7,2586,149087,140858,15752,812819,93,2774,2097,26,5592,366,0.000430169
2,22939.7,291061,36782.7,26019,21,4709,255169,241568,26228,1400731,252,8286,6742,137,25958,339,0.000430169
2,52368.9,291061,36782.7,26019,21,4709,255169,241568,26228,1400731,252,8286,6742,137,25958,339,0.000430169
2,65478.3,474339,301368,204387,61,6011,388232,375832,38825,2578480,1393,57923,50545,2251,231693,2868,0.000430169
2,89925.5,474339,301368,204387,71,6011,388232,375832,38825,2578480,1393,57923,50545,2251,231693,2868,0.000430169
2,45288.7,231099,122517,87755,34,3939,213070,201924,22126,1144350,680,24865,21204,1034,81763,1648,0.000430169
2,53711.4,231099,122517,87755,73,3939,213070,201924,22126,1144350,680,24865,21204,1034,81763,1648,0.000430169
2,18375,197051,52220.3,36006,10,3560,190397,180059,19654,1042922,281,10319,8374,341,33797,114,0.000430169
2,52383.3,197051,52220.3,36006,54,3560,190397,180059,19654,1042922,281,10319,8374,341,33797,114,0.000430169
2,31572.6,78561.2,51540.7,38360,37,2018,96334,90506,9847,464040,311,11565,9631,372,36217,798,0.000430169
2,35794.7,78561.2,51540.7,38360,30,2018,96334,90506,9847,464040,311,11565,9631,372,36217,798,0.000430169
2,26634.3,369411,29277.8,21670,16,5461,316625,303788,31582,1902850,208,6189,4759,86,15876,484,0.000430169
2,64139.9,369411,29277.8,21670,11,5461,316625,303788,31582,1902850,208,6189,4759,86,15876,484,0.000430169
2,21227.8,150973,38965.2,27515,24,2891,158328,149859,16496,846377,283,9451,7763,262,30479,357,0.000430169
2,51120.4,150973,38965.2,27515,36,2891,158328,149859,16496,846377,283,9451,7763,262,30479,357,0.000430169
2,32064.1,458077,131133,86519,43,5655,368717,355160,36613,2398234,709,27477,23527,829,111758,822,0.000430169
2,90136.4,458077,131133,86519,50,5655,368717,355160,36613,2398234,709,27477,23527,829,111758,822,0.000430169
2,25722.7,145337,40803.6,28284,13,2893,150611,141669,15541,785711,278,9029,7233,266,26763,247,0.000430169
2,47848.8,145337,40803.6,28284,55,2893,150611,141669,15541,785711,278,9029,7233,266,26763,247,0.000430169
2,33267.5,424408,106641,72883,37,5660,362778,349590,35889,2347089,607,22266,18825,613,83395,1005,0.000430169
2,86383,424408,106641,72883,36,5660,362778,349590,35889,2347089,607,22266,18825,613,83395,1005,0.000430169
2,57939.8,321499,151821,109772,61,4929,274096,262320,27981,1584123,812,29458,25220,1078,95770,1979,0.000430169
2,59923.3,321499,151821,109772,68,4929,274096,262320,27981,1584123,812,29458,25220,1078,95770,1979,0.000430169
2,70630,472230,325910,223904,59,5856,377911,365310,38170,2505849,1600,60672,52663,2186,240709,3166,0.000430169
2,89104.1,472230,325910,223904,60,5856,377911,365310,38170,2505849,1600,60672,52663,2186,240709,3166,0.000430169
2,64827.8,371669,123933,84514,14,5308,318859,305314,32392,1935205,782,27250,23028,801,100462,1152,0.000430169
2,72332.9,371669,123933,84514,61,5308,318859,305314,32392,1935205,782,27250,23028,801,100462,1152,0.000430169
2,31963.5,471353,221117,136209,14,5595,380201,366599,37109,2537100,1116,43984,38571,1767,206152,328,0.000430169
2,99361.2,471353,221117,136209,88,5595,380201,366599,37109,2537100,1116,43984,38571,1767,206152,328,0.000430169
2,9920.71,316073,118117,76835,14,4580,276438,264028,28118,1689883,614,24635,21055,1087,96676,55,0.000430169
2,74878.6,316073,118117,76835,82,4580,276438,264028,28118,1689883,614,24635,21055,1087,96676,55,0.000430169
2,89478.5,403617,338483,239833,87,5052,340717,325152,32832,2213095,1351,56743,49763,2060,250871,4770,0.000430169
2,93774.4,403617,338483,239833,18,5052,340717,325152,32832,2213095,1351,56743,49763,2060,250871,4770,0.000430169
2,27749.5,59610.5,36153.2,26736,14,1456,69115,64032,7140,309801,237,7696,6265,178,21924,630,0.000430169
2,31474.9,59610.5,36153.2,26736,39,1456,69115,64032,7140,309801,237,7696,6265,178,21924,630,0.000430169
2,28012,300410,116883,80561,31,4783,269065,255453,28252,1481236,699,24273,20104,829,77115,621,0.000430169
2,54265.9,300410,116883,80561,67,4783,269065,255453,28252,1481236,699,24273,20104,829,77115,621,0.000430169
2,18085.7,167776,39229.7,27480,18,3081,171651,162589,17849,920635,265,9337,7682,224,30693,219,0.000430169
2,51040.2,167776,39229.7,27480,49,3081,171651,162589,17849,920635,265,9337,7682,224,30693,219,0.000430169
2,38936.4,98507.5,55381.5,39661,23,2086,116076,109433,11947,600682,334,11889,9832,225,36845,650,0.000430169
2,54044,98507.5,55381.5,39661,33,2086,116076,109433,11947,600682,334,11889,9832,225,36845,650,0.000430169
2,44333.4,241810,112143,80205,44,4098,225101,214029,23111,1248670,668,23455,19943,942,76778,1303,0.000430169
2,57388.4,241810,112143,80205,73,4098,225101,214029,23111,1248670,668,23455,19943,942,76778,1303,0.000430169
2,57697.9,313668,149562,107028,59,4914,280420,268767,28339,1652634,822,29886,25569,1067,98601,2014,0.000430169
2,63770.9,313668,149562,107028,70,4914,280420,268767,28339,1652634,822,29886,25569,1067,98601,2014,0.000430169
2,22498.1,364603,44868.4,32828,23,5474,317526,304113,31587,1900314,315,10478,8550,245,34729,360,0.000430169
2,66684.6,364603,44868.4,32828,27,5474,317526,304113,31587,1900314,315,10478,8550,245,34729,360,0.000430169
2,48178.9,249202,123050,91089,37,4181,225324,213748,23207,1217276,703,25368,21599,988,82556,1830,0.000430169
2,54027.6,249202,123050,91089,71,4181,225324,213748,23207,1217276,703,25368,21599,988,82556,1830,0.000430169
2,30436.8,131035,14229.7,11021,24,2590,152639,144176,16290,848931,87,3107,2446,51,7471,455,0.000430169
2,64056.7,131035,14229.7,11021,4,2590,152639,144176,16290,848931,87,3107,2446,51,7471,455,0.000430169
2,31936,112043,41364.9,31807,34,2543,135022,126969,13806,710695,289,9446,7575,260,25532,683,0.000430169
2,49649.4,112043,41364.9,31807,61,2543,135022,126969,13806,710695,289,9446,7575,260,25532,683,0.000430169
2,75306.3,385239,233589,165412,48,5448,344809,330716,35214,2211126,1211,46315,40145,1492,184668,3158,0.000430169
2,84862.1,385239,233589,165412,37,5448,344809,330716,35214,2211126,1211,46315,40145,1492,184668,3158,0.000430169
2,32304.5,106906,19133.3,14556,27,2255,122458,115670,12703,634779,154,4702,3657,40,10763,492,0.000430169
2,51621.5,106906,19133.3,14556,11,2255,122458,115670,12703,634779,154,4702,3657,40,10763,492,0.000430169
2,39313.4,101207,49207.4,34107,5,2175,126209,118960,12906,670486,313,11509,9736,201,41569,140,0.000430169
2,60238.4,101207,49207.4,34107,36,2175,126209,118960,12906,670486,313,11509,9736,201,41569,140,0.000430169
2,14714.6,364630,109066,76219,16,5370,328985,314851,32605,2012113,605,23646,20321,919,97435,205,0.000430169
2,78448.6,364630,109066,76219,54,5370,328985,314851,32605,2012113,605,23646,20321,919,97435,205,0.000430169
2,16096.3,219408,50347.1,34549,14,3865,208353,197460,21546,1151298,342,11858,9848,433,40565,175,0.000430169
2,52482.5,219408,50347.1,34549,62,3865,208353,197460,21546,1151298,342,11858,9848,433,40565,175,0.000430169
2,25957.1,409503,103845,72641,32,5581,352040,338724,34780,2242681,627,23799,20266,690,94253,722,0.000430169
2,83651.2,409503,103845,72641,48,5581,352040,338724,34780,2242681,627,23799,20266,690,94253,722,0.000430169
2,41289.1,84945.2,57528.1,42073,32,1996,110620,104268,11367,568877,382,13169,10994,287,40765,835,0.000430169
2,52777.8,84945.2,57528.1,42073,37,1996,110620,104268,11367,568877,382,13169,10994,287,40765,835,0.000430169
2,15617.9,355724,105844,70080,23,5425,329196,314980,32659,2001080,621,23814,20468,895,96188,294,0.000430169
2,76823.1,355724,105844,70080,55,5425,329196,314980,32659,2001080,621,23814,20468,895,96188,294,0.000430169
2,8685.03,365157,90818.4,58988,10,5088,302680,289292,30144,1826954,533,20150,17194,791,79381,109,0.000430169
2,71714.4,365157,90818.4,58988,63,5088,302680,289292,30144,1826954,533,20150,17194,791,79381,109,0.000430169
2,50890.4,292706,112181,84180,48,4783,260832,245753,26671,1376520,537,19318,16152,503,66570,57,0.000430169
2,50907.9,292706,112181,84180,34,4783,260832,245753,26671,1376520,537,19318,16152,503,66570,57,0.000430169
2,20828.3,242412,39447.7,28504,8,3987,217489,205476,22943,1165163,285,8153,6516,276,23099,184,0.000430169
2,49754.4,242412,39447.7,28504,56,3987,217489,205476,22943,1165163,285,8153,6516,276,23099,184,0.000430169
2,45236.5,260147,112831,79007,36,4266,239854,229079,24718,1377347,680,23983,20350,982,80472,1226,0.000430169
2,62024.5,260147,112831,79007,78,4266,239854,229079,24718,1377347,680,23983,20350,982,80472,1226,0.000430169
2,21430.7,196248,55014.1,37403,24,3449,185882,175697,18949,1028668,350,12253,10025,414,37658,351,0.000430169
2,55281.1,196248,55014.1,37403,59,3449,185882,175697,18949,1028668,350,12253,10025,414,37658,351,0.000430169
2,22275.2,172329,35060.9,24733,8,3167,165768,156092,17213,866196,247,8210,6578,271,25025,127,0.000430169
2,47686.7,172329,35060.9,24733,48,3167,165768,156092,17213,866196,247,8210,6578,271,25025,127,0.000430169
2,37888.6,85952,33498.6,24855,16,1941,97448,91411,9758,483799,274,7913,6287,132,21166,603,0.000430169
2,40731.9,85952,33498.6,24855,45,1941,97448,91411,9758,483799,274,7913,6287,132,21166,603,0.000430169
2,72729.7,339330,116009,82178,26,4866,302500,289251,30621,1851639,668,23519,19685,462,85892,1667,0.000430169
2,79261.9,339330,116009,82178,25,4866,302500,289251,30621,1851639,668,23519,19685,462,85892,1667,0.000430169
2,43755.3,417653,88792.6,65209,61,5733,358873,346368,36305,2325756,586,18843,15617,538,59298,1565,0.000430169
2,83423.9,417653,88792.6,65209,20,5733,358873,346368,36305,2325756,586,18843,15617,538,59298,1565,0.000430169
2,18218.3,195030,41652.8,28880,7,3593,190287,179490,19510,1021254,274,9949,8096,353,32687,109,0.000430169
2,50887.5,195030,41652.8,28880,53,3593,190287,179490,19510,1021254,274,9949,8096,353,32687,109,0.000430169
2,18065.5,41239.7,14724.2,10285,6,1234,58062,53925,6106,273446,115,3662,2950,49,11350,142,0.000430169
2,37542.6,41239.7,14724.2,10285,19,1234,58062,53925,6106,273446,115,3662,2950,49,11350,142,0.000430169
2,13189.1,105823,39225.8,26771,8,2213,118500,111463,13235,632172,287,9399,7787,288,34829,80,0.000430169
2,56112.9,105823,39225.8,26771,26,2213,118500,111463,13235,632172,287,9399,7787,288,34829,80,0.000430169
2,23494.7,218363,35935.3,25277,4,3800,205184,193097,21770,1076087,264,8125,6527,272,25284,106,0.000430169
2,47190.8,218363,35935.3,25277,56,3800,205184,193097,21770,1076087,264,8125,6527,272,25284,106,0.000430169
2,35579.9,90111.8,28812,20933,16,2084,103664,97286,10540,519766,226,6499,5106,113,16672,507,0.000430169
2,41302.8,90111.8,28812,20933,51,2084,103664,97286,10540,519766,226,6499,5106,113,16672,507,0.000430169
2,27522,23914.8,13986.8,10843,21,806,36104,32941,3569,147371,90,2904,2281,51,7196,278,0.000430169
2,27934.2,23914.8,13986.8,10843,8,806,36104,32941,3569,147371,90,2904,2281,51,7196,278,0.000430169
2,18734.7,282385,51649,36016,22,4486,242467,229567,24935,1336349,308,11445,9503,293,38575,336,0.000430169
2,52580.3,282385,51649,36016,37,4486,242467,229567,24935,1336349,308,11445,9503,293,38575,336,0.000430169
2,88051.3,352680,207133,136319,14,4864,321841,306468,31186,2040818,1123,42552,36824,1561,185471,1090,0.000430169
2,91645.6,352680,207133,136319,65,4864,321841,306468,31186,2040818,1123,42552,36824,1561,185471,1090,0.000430169
2,19696.3,193559,52223.6,35894,20,3580,191413,181077,19705,1062386,341,12271,10063,403,39039,258,0.000430169
2,54668.6,193559,52223.6,35894,61,3580,191413,181077,19705,1062386,341,12271,10063,403,39039,258,0.000430169
2,61753.1,429511,240959,157099,26,5852,361315,348728,36383,2308384,1353,49858,42647,1721,190207,1621,0.000430169
2,78129.6,429511,240959,157099,86,5852,361315,348728,36383,2308384,1353,49858,42647,1721,190207,1621,0.000430169
2,84151.1,343520,217352,155106,21,4731,299519,284812,30266,1852790,1023,37790,32192,1130,151695,1389,0.000430169
2,84703.7,343520,217352,155106,52,4731,299519,284812,30266,1852790,1023,37790,32192,1130,151695,1389,0.000430169
2,30413,265295,70464,49793,34,4430,242606,229711,25234,1308469,435,15534,12902,513,46710,787,0.000430169
2,51681.6,265295,70464,49793,64,4430,242606,229711,25234,1308469,435,15534,12902,513,46710,787,0.000430169
2,24631.5,166927,50625.7,35705,15,3064,159527,150126,16397,840661,324,10774,8744,350,33112,314,0.000430169
2,49634,166927,50625.7,35705,60,3064,159527,150126,16397,840661,324,10774,8744,350,33112,314,0.000430169
2,20431.2,141888,47137.3,33368,29,2925,154633,145274,16253,778010,274,10910,9062,341,33602,500,0.000430169
2,44310.9,141888,47137.3,33368,60,2925,154633,145274,16253,778010,274,10910,9062,341,33602,500,0.000430169
2,38804.4,426884,57535.4,43601,55,5650,347202,334862,35057,2224297,372,11736,9536,346,33199,1337,0.000430169
2,79617.9,426884,57535.4,43601,7,5650,347202,334862,35057,2224297,372,11736,9536,346,33199,1337,0.000430169
2,45972.7,442124,87520.9,65994,61,5677,367272,354527,36730,2410464,483,16605,13741,529,50898,1797,0.000430169
2,88384.5,442124,87520.9,65994,11,5677,367272,354527,36730,2410464,483,16605,13741,529,50898,1797,0.000430169
2,24104.9,148996,16353.6,11680,7,2678,153965,145494,16226,839540,174,4196,3190,45,12221,91,0.000430169
2,58983.6,148996,16353.6,11680,13,2678,153965,145494,16226,839540,174,4196,3190,45,12221,91,0.000430169
2,26067.2,133602,35059.9,24799,12,2856,147638,138832,15189,767451,273,8760,7007,241,25557,263,0.000430169
2,47523.6,133602,35059.9,24799,55,2856,147638,138832,15189,767451,273,8760,7007,241,25557,263,0.000430169
2,15943.9,188320,54888.9,37521,16,3325,194176,183881,20677,1090728,371,12347,10277,383,44885,141,0.000430169
2,63834.9,188320,54888.9,37521,37,3325,194176,183881,20677,1090728,371,12347,10277,383,44885,141,0.000430169
2,20198.3,44501.8,12434.9,9731,21,1287,61467,57314,6463,287509,97,2879,2251,26,6644,367,0.000430169
2,34780.9,44501.8,12434.9,9731,4,1287,61467,57314,6463,287509,97,2879,2251,26,6644,367,0.000430169
2,16521.7,215170,48279.7,32459,10,3704,202163,191731,21013,1129568,308,11660,9559,444,38940,112,0.000430169
2,54122.5,215170,48279.7,32459,57,3704,202163,191731,21013,1129568,308,11660,9559,444,38940,112,0.000430169
2,16590.9,45630.8,17963.2,13412,10,1273,62259,58064,6525,293435,115,3725,2886,49,9965,166,0.000430169
2,38166.4,45630.8,17963.2,13412,16,1273,62259,58064,6525,293435,115,3725,2886,49,9965,166,0.000430169
2,68044.3,373327,74631.2,54856,16,4974,310641,297689,31543,1922655,411,13756,10915,162,43882,1227,0.000430169
2,80597.1,373327,74631.2,54856,13,4974,310641,297689,31543,1922655,411,13756,10915,162,43882,1227,0.000430169
2,33451.2,194564,91078.7,62784,28,3387,183923,174165,19638,1002623,542,19450,16497,848,68183,731,0.000430169
2,57565,194564,91078.7,62784,48,3387,183923,174165,19638,1002623,542,19450,16497,848,68183,731,0.000430169
2,20911,92118,67475.7,52258,31,2045,103946,98040,11196,524261,303,10080,8294,277,32625,456,0.000430169
2,44681.9,92118,67475.7,52258,25,2045,103946,98040,11196,524261,303,10080,8294,277,32625,456,0.000430169
2,40455.2,326330,62542.3,45201,20,5105,280464,264119,28498,1507183,395,13806,11472,219,41798,972,0.000430169
2,51872.5,326330,62542.3,45201,36,5105,280464,264119,28498,1507183,395,13806,11472,219,41798,972,0.000430169
2,12150.3,360034,92336.4,60189,16,5302,315315,301285,31209,1899045,556,20682,17639,810,82709,193,0.000430169
2,73347.3,360034,92336.4,60189,51,5302,315315,301285,31209,1899045,556,20682,17639,810,82709,193,0.000430169
2,38675.7,409463,61349.4,46887,51,5674,346139,333846,35012,2209680,363,11904,9722,337,34641,1332,0.000430169
2,78508.5,409463,61349.4,46887,8,5674,346139,333846,35012,2209680,363,11904,9722,337,34641,1332,0.000430169
2,42593.2,440065,62389,47267,59,5673,366399,353490,36542,2405900,379,12836,10358,290,36360,1378,0.000430169
2,89088.1,440065,62389,47267,9,5673,366399,353490,36542,2405900,379,12836,10358,290,36360,1378,0.000430169
2,51977,445330,165123,115770,58,5835,367068,354428,37142,2377781,895,34540,29826,1156,129638,2021,0.000430169
2,83376.8,445330,165123,115770,47,5835,367068,354428,37142,2377781,895,34540,29826,1156,129638,2021,0.000430169
2,27381.3,183421,34723.7,25164,34,3569,182848,170083,19019,904005,246,8030,6495,159,23014,556,0.000430169
2,43371.1,183421,34723.7,25164,28,3569,182848,170083,19019,904005,246,8030,6495,159,23014,556,0.000430169
2,25661,27253.2,11448.3,9020,18,902,40799,37325,3991,168688,73,2481,1970,38,5291,391,0.000430169
2,29199.8,27253.2,11448.3,9020,4,902,40799,37325,3991,168688,73,2481,1970,38,5291,391,0.000430169
2,41237.3,149571,95055.2,70855,55,3010,154287,145482,15996,785131,504,17665,14841,742,52983,1307,0.000430169
2,43256,149571,95055.2,70855,56,3010,154287,145482,15996,785131,504,17665,14841,742,52983,1307,0.000430169
2,44075.8,400920,75344.4,50757,8,5738,334161,320794,33734,2012964,493,17721,14978,408,64921,389,0.000430169
2,63820.8,400920,75344.4,50757,47,5738,334161,320794,33734,2012964,493,17721,14978,408,64921,389,0.000430169
2,23616.5,176593,36100.6,26853,14,3365,179256,168853,18809,934057,249,8081,6495,266,23612,354,0.000430169
2,44841.5,176593,36100.6,26853,52,3365,179256,168853,18809,934057,249,8081,6495,266,23612,354,0.000430169
2,34841.3,86786.1,61172.3,46711,31,2156,102202,95581,10376,483306,317,11400,9386,390,35063,454,0.000430169
2,35185.8,86786.1,61172.3,46711,41,2156,102202,95581,10376,483306,317,11400,9386,390,35063,454,0.000430169
2,35051.4,110038,34404.1,26490,16,2456,121523,111122,12532,546649,211,6821,5358,141,19151,287,0.000430169
2,35331.9,110038,34404.1,26490,42,2456,121523,111122,12532,546649,211,6821,5358,141,19151,287,0.000430169
2,54439.1,445050,172668,119003,34,5903,362174,349841,36573,2321451,902,34876,30099,1224,132435,1706,0.000430169
2,77696.5,445050,172668,119003,56,5903,362174,349841,36573,2321451,902,34876,30099,1224,132435,1706,0.000430169
2,64073.2,473215,290190,200162,72,6022,397202,384345,39485,2657392,1438,57623,50548,2200,237767,3193,0.000430169
2,93220.2,473215,290190,200162,68,6022,397202,384345,39485,2657392,1438,57623,50548,2200,237767,3193,0.000430169
2,22584.4,185874,37584.3,26126,16,3003,177826,168120,18961,1006595,276,8337,6620,137,26142,284,0.000430169
2,65220.3,185874,37584.3,26126,19,3003,177826,168120,18961,1006595,276,8337,6620,137,26142,284,0.000430169
2,33511.6,142558,28679.4,21195,20,2438,143420,135430,15161,787568,195,6357,5017,65,16619,541,0.000430169
2,63353.2,142558,28679.4,21195,15,2438,143420,135430,15161,787568,195,6357,5017,65,16619,541,0.000430169
2,40197.1,460501,91522.3,66702,40,5699,342891,331034,34635,2157475,570,19549,16338,468,66716,1245,0.000430169
2,72978.3,460501,91522.3,66702,26,5699,342891,331034,34635,2157475,570,19549,16338,468,66716,1245,0.000430169
2,44593.1,311310,116200,84786,46,4938,272320,258276,27721,1493505,644,21710,18279,772,67708,1450,0.000430169
2,54111.5,311310,116200,84786,55,4938,272320,258276,27721,1493505,644,21710,18279,772,67708,1450,0.000430169
2,16783.1,211068,54534.5,36885,13,3348,196744,186240,21050,1114818,364,12158,10102,321,43587,193,0.000430169
2,65548.5,211068,54534.5,36885,37,3348,196744,186240,21050,1114818,364,12158,10102,321,43587,193,0.000430169
2,23024.3,131614,51648.6,36983,30,2650,139456,130814,14512,689841,283,11141,9297,338,33564,590,0.000430169
2,42072.3,131614,51648.6,36983,57,2650,139456,130814,14512,689841,283,11141,9297,338,33564,590,0.000430169
2,33523.5,106526,34570.2,26637,20,2276,115219,108118,11704,585984,246,7300,5787,131,18440,604,0.000430169
2,44292.1,106526,34570.2,26637,53,2276,115219,108118,11704,585984,246,7300,5787,131,18440,604,0.000430169
2,6376.39,226381,64303.4,43068,8,3739,218389,207432,22411,1222852,410,14505,12144,313,52310,43,0.000430169
2,59931.5,226381,64303.4,43068,34,3739,218389,207432,22411,1222852,410,14505,12144,313,52310,43,0.000430169
2,46616.9,445240,112811,78973,25,5806,345405,333059,34637,2155951,643,23097,19588,534,82604,1009,0.000430169
2,69872.4,445240,112811,78973,49,5806,345405,333059,34637,2155951,643,23097,19588,534,82604,1009,0.000430169
2,2846.23,304346,83562.2,54806,5,4767,279819,267458,28509,1672220,492,18921,16073,748,73195,26,0.000430169
2,67823.1,304346,83562.2,54806,70,4767,279819,267458,28509,1672220,492,18921,16073,748,73195,26,0.000430169
2,23316.7,166196,32881.7,23105,16,2960,173912,164407,18635,979952,250,7586,5975,117,22799,313,0.000430169
2,64549.7,166196,32881.7,23105,18,2960,173912,164407,18635,979952,250,7586,5975,117,22799,313,0.000430169
2,26628.9,278142,55201.1,39570,27,4636,256769,243272,26993,1389252,346,11909,9733,356,34428,574,0.000430169
2,52744.2,278142,55201.1,39570,69,4636,256769,243272,26993,1389252,346,11909,9733,356,34428,574,0.000430169
2,15930.7,386810,74632.1,50097,16,5360,314085,299904,31029,1876928,465,16707,14006,517,61864,326,0.000430169
2,69851.9,386810,74632.1,50097,45,5360,314085,299904,31029,1876928,465,16707,14006,517,61864,326,0.000430169
2,30136.6,106816,59347.4,42916,37,2327,114314,107929,12051,574116,350,12354,10323,425,40720,733,0.000430169
2,40617.8,106816,59347.4,42916,30,2327,114314,107929,12051,574116,350,12354,10323,425,40720,733,0.000430169
2,69273.2,373572,67643.1,47556,6,5001,318178,304942,31682,1988870,463,15118,12070,243,52045,886,0.000430169
2,83319.3,373572,67643.1,47556,19,5001,318178,304942,31682,1988870,463,15118,12070,243,52045,886,0.000430169
2,19820.4,338948,44054.3,30115,9,5001,278643,265324,28088,1604158,280,9713,8027,207,34498,182,0.000430169
2,57798.6,338948,44054.3,30115,30,5001,278643,265324,28088,1604158,280,9713,8027,207,34498,182,0.000430169
2,27805.3,431352,155801,99244,21,5603,364201,350734,36256,2360826,810,30642,26539,1129,130775,452,0.000430169
2,91137.9,431352,155801,99244,66,5603,364201,350734,36256,2360826,810,30642,26539,1129,130775,452,0.000430169
2,24235.1,413424,92230.7,62839,35,5572,340348,327650,33641,2129585,529,18978,16005,477,70418,536,0.000430169
2,77818.9,413424,92230.7,62839,40,5572,340348,327650,33641,2129585,529,18978,16005,477,70418,536,0.000430169
2,89579,423558,333861,237044,86,5115,346746,331079,33220,2267050,1350,56816,49764,1978,251837,4850,0.000430169
2,94817.9,423558,333861,237044,18,5115,346746,331079,33220,2267050,1350,56816,49764,1978,251837,4850,0.000430169
2,71609.5,545720,466485,309149,86,6054,408783,396404,40248,2780695,2247,92295,81362,3569,403111,3502,0.000430169
2,98016,545720,466485,309149,80,6054,408783,396404,40248,2780695,2247,92295,81362,3569,403111,3502,0.000430169
2,18166.5,211351,33520.8,24707,5,3876,212520,201361,22278,1149211,289,8727,7033,330,26470,133,0.000430169
2,50835.4,211351,33520.8,24707,58,3876,212520,201361,22278,1149211,289,8727,7033,330,26470,133,0.000430169
2,79331,382608,249414,176066,50,5260,331672,316597,33475,2090034,1224,46450,40313,1441,180298,3525,0.000430169
2,85888.3,382608,249414,176066,29,5260,331672,316597,33475,2090034,1224,46450,40313,1441,180298,3525,0.000430169
2,86324.2,389981,191195,129201,14,4856,318686,303622,30985,2007770,1033,37932,32699,1303,158229,1085,0.000430169
2,90711.2,389981,191195,129201,54,4856,318686,303622,30985,2007770,1033,37932,32699,1303,158229,1085,0.000430169
2,20866.5,155761,40831,29051,19,2919,159116,150644,16531,850257,274,9371,7717,251,30366,331,0.000430169
2,50982.8,155761,40831,29051,37,2919,159116,150644,16531,850257,274,9371,7717,251,30366,331,0.000430169
2,14001.2,332387,131251,84751,17,4788,297400,284345,29703,1851924,726,28838,24766,1304,117302,154,0.000430169
2,80570.5,332387,131251,84751,85,4788,297400,284345,29703,1851924,726,28838,24766,1304,117302,154,0.000430169
2,35751.1,127112,38057,29669,44,2716,135365,124130,14111,622173,193,7242,5873,140,19146,890,0.000430169
2,37111.2,127112,38057,29669,6,2716,135365,124130,14111,622173,193,7242,5873,140,19146,890,0.000430169
2,3479.01,70676.4,10194.9,7312,8,1672,90187,84590,9820,456602,94,2869,2125,11,7095,32,0.000430169
2,53431.6,70676.4,10194.9,7312,8,1672,90187,84590,9820,456602,94,2869,2125,11,7095,32,0.000430169
2,24941.9,323187,27624.5,21140,15,4908,268313,254238,27226,1497970,212,6378,5087,92,17584,347,0.000430169
2,53839.8,323187,27624.5,21140,18,4908,268313,254238,27226,1497970,212,6378,5087,92,17584,347,0.000430169
2,3220.26,300470,83801.8,55145,5,4488,261529,249774,26978,1549296,491,18794,15981,794,72692,14,0.000430169
2,65704,300470,83801.8,55145,75,4488,261529,249774,26978,1549296,491,18794,15981,794,72692,14,0.000430169
2,24442.8,147867,30901.6,21198,6,2924,151982,143018,15596,787783,226,7617,6078,247,22094,149,0.000430169
2,47059.2,147867,30901.6,21198,47,2924,151982,143018,15596,787783,226,7617,6078,247,22094,149,0.000430169
2,19897.1,50249.3,16100,12257,26,1425,68546,64148,7083,324434,129,3782,2920,48,9223,346,0.000430169
2,36377.6,50249.3,16100,12257,9,1425,68546,64148,7083,324434,129,3782,2920,48,9223,346,0.000430169
2,13471.1,374025,92731.2,60635,16,5304,310658,296579,30694,1856085,533,19598,16698,688,76700,237,0.000430169
2,70534.7,374025,92731.2,60635,45,5304,310658,296579,30694,1856085,533,19598,16698,688,76700,237,0.000430169
2,33405.9,97031.1,17675.3,12825,6,2097,104857,98457,10610,519626,126,3934,3016,65,10380,110,0.000430169
2,39089.1,97031.1,17675.3,12825,44,2097,104857,98457,10610,519626,126,3934,3016,65,10380,110,0.000430169
2,81296.1,439522,312684,220811,76,5450,355406,340775,35502,2322951,1441,57353,50111,2029,238211,4399,0.000430169
2,91253.8,439522,312684,220811,41,5450,355406,340775,35502,2322951,1441,57353,50111,2029,238211,4399,0.000430169
2,10597.5,199782,12941.1,9197,10,3342,194637,184097,20436,1089088,111,3266,2429,11,7902,95,0.000430169
2,62610.2,199782,12941.1,9197,9,3342,194637,184097,20436,1089088,111,3266,2429,11,7902,95,0.000430169
2,22653.1,149438,30002.8,21390,22,2792,153463,145095,16055,820222,247,7157,5679,125,21519,314,0.000430169
2,53353.6,149438,30002.8,21390,21,2792,153463,145095,16055,820222,247,7157,5679,125,21519,314,0.000430169
2,23648.7,163363,37608,27211,26,3112,164561,155375,17179,867538,269,9187,7489,245,27760,475,0.000430169
2,44503,163363,37608,27211,49,3112,164561,155375,17179,867538,269,9187,7489,245,27760,475,0.000430169
2,63131.7,352405,95886.7,66802,9,5138,298654,285970,30286,1775972,656,23011,19400,775,80805,772,0.000430169
2,66319.8,352405,95886.7,66802,66,5138,298654,285970,30286,1775972,656,23011,19400,775,80805,772,0.000430169
2,20104,134347,44113.3,32635,28,2860,151067,141803,15853,755343,276,10603,8804,339,32615,464,0.000430169
2,44139.6,134347,44113.3,32635,57,2860,151067,141803,15853,755343,276,10603,8804,339,32615,464,0.000430169
2,80827,477814,325094,227490,87,5709,387340,373190,37772,2601840,1560,63169,55527,2306,276351,4134,0.000430169
2,97532.8,477814,325094,227490,38,5709,387340,373190,37772,2601840,1560,63169,55527,2306,276351,4134,0.000430169
2,31340.9,160516,35660.1,27380,39,3204,161487,149405,17179,770947,206,7340,5888,126,19302,720,0.000430169
2,40306.6,160516,35660.1,27380,18,3204,161487,149405,17179,770947,206,7340,5888,126,19302,720,0.000430169
2,35056.2,139292,79938.7,57920,31,2914,155174,146866,16468,811627,488,17485,14747,749,57776,1065,0.000430169
2,48147,139292,79938.7,57920,53,2914,155174,146866,16468,811627,488,17485,14747,749,57776,1065,0.000430169
2,31565.3,475148,189038,118081,7,5623,381010,367418,37289,2531221,986,39084,34121,1509,178940,181,0.000430169
2,97638.9,475148,189038,118081,67,5623,381010,367418,37289,2531221,986,39084,34121,1509,178940,181,0.000430169
2,32126.6,106608,42879.2,31469,27,2411,119763,110841,12228,560400,257,9085,7432,267,24980,750,0.000430169
2,36153.5,106608,42879.2,31469,41,2411,119763,110841,12228,560400,257,9085,7432,267,24980,750,0.000430169
2,24389.2,71220,34476.7,25619,21,1872,91494,85274,9454,423553,244,7991,6542,207,22841,499,0.000430169
2,35976.3,71220,34476.7,25619,46,1872,91494,85274,9454,423553,244,7991,6542,207,22841,499,0.000430169
2,88652.5,428823,312022,226084,87,5210,350047,334574,33801,2291884,1387,57982,50896,2017,258705,4835,0.000430169
2,94979.7,428823,312022,226084,26,5210,350047,334574,33801,2291884,1387,57982,50896,2017,258705,4835,0.000430169
2,88029.5,356748,210847,138012,10,4836,319644,304307,31089,2023537,1113,41939,36115,1583,179972,1138,0.000430169
2,91105.1,356748,210847,138012,66,4836,319644,304307,31089,2023537,1113,41939,36115,1583,179972,1138,0.000430169
2,34505.3,110357,26897.4,18956,8,2246,128942,121684,13313,684639,205,6033,4748,57,17092,205,0.000430169
2,57664.4,110357,26897.4,18956,21,2246,128942,121684,13313,684639,205,6033,4748,57,17092,205,0.000430169
