K,order,dist,cost_polyanya,cost_ki,cost_hi,h_cost,vnum,gen_poly,push_poly,pop_poly,gen_ki,push_ki,pop_ki,prune_ki,suc_call_ki,gen_hi,push_hi,pop_hi,prune_hi,suc_call_hi,heuristic_call,reevaluate,pts,polys
8,8,73206,66452.9,370584,338803,287493,19,94642,91968,76176,318076,312909,300149,31718,1911250,31508,39399,33790,973,103136,35934,8892,10,6974
8,8,70112.2,100490,274547,401522,336990,48,150449,146392,124335,261098,256853,244283,25878,1485703,39586,48659,42402,1189,140413,44394,10166,10,6974
8,8,82173.8,80708.8,280746,548855,468562,22,123012,119526,99884,283917,279532,266277,28086,1709896,46659,57588,50462,1810,178428,52843,12203,10,6974
8,8,64273.7,43287.5,306594,219349,187610,14,75830,73635,61439,288474,283532,270289,28081,1656194,23436,28603,24292,568,75239,25917,5848,10,6974
8,8,86552.8,86989.1,377676,479467,410385,41,146999,142824,119599,345528,340268,326400,33557,2157807,44567,55483,48258,1419,164029,50762,12229,10,6974
8,8,95220.8,105863,414565,714182,587068,39,168501,163913,138509,374904,369305,355944,36471,2398524,76961,90400,79461,2593,295432,82237,15482,10,6974
8,8,83874.9,85056.2,393993,569990,485944,30,137306,133434,111878,338990,333680,320350,34093,2111218,50912,63107,54921,1627,188876,57633,13661,10,6974
8,8,52440.6,37640.6,290350,178510,148841,52,65834,63989,53489,264487,259796,245907,27153,1417730,20848,24202,20516,526,66645,21763,3962,10,6974
8,8,76439,93084,349612,534442,445098,86,147986,144129,122138,303510,298668,286853,30250,1813806,54996,65297,56897,1801,196859,59328,11753,10,6974
8,8,64654.7,42562.6,316562,303710,246226,76,80657,78358,65031,292213,287304,276008,29016,1738760,38164,43296,36944,1363,134249,39256,6226,10,6974
8,8,87350,80504.5,418960,463744,395934,12,127132,123586,103567,357927,352564,339225,34525,2254922,42971,55098,48278,1225,155079,50489,13369,10,6974
8,8,51189.2,39218.2,229038,295295,248486,47,80044,77663,64377,227520,223364,211144,22895,1224923,33583,37909,32025,1169,108954,34287,5378,10,6974
8,8,71760.4,57881.3,325957,256128,219880,17,95242,92588,77269,316227,311074,299231,31719,1885943,25290,32117,27347,723,78329,29156,7573,10,6974
8,8,52677,38414.3,254531,194560,166721,38,67933,66121,55238,258402,253862,240311,26486,1391149,20042,24050,20287,441,61678,21695,4589,10,6974
8,8,60011.3,34337,337628,211013,175340,33,64052,62240,51267,323517,318028,304482,32191,1880665,25955,30159,25421,614,83837,27187,4947,10,6974
8,8,51094.1,32012.2,280684,210306,175661,32,59324,57599,47164,273106,268215,252421,27743,1435878,25606,29256,24542,702,80560,26323,4406,10,6974
8,8,76361,58549.4,385018,520202,434196,54,109302,106245,88477,350149,344478,331531,35218,2124934,54401,64257,55812,1685,198333,58383,11353,10,6974
8,8,76483.7,57314,363123,424723,354468,103,107174,104101,86934,334658,329213,316624,33546,2043550,47448,55499,47913,1699,166066,50466,9411,10,6974
8,8,83026.5,69207.6,330318,541149,471254,12,131581,127776,105532,306767,301884,288336,31149,1861814,42463,56180,48325,1111,138960,51473,15005,10,6974
8,8,78458.7,113762,364766,375466,314755,41,147471,143585,123181,317441,312427,300178,31321,1962778,39693,47948,41525,1248,140595,43575,9413,10,6974
8,8,78819.6,93289.8,287304,506498,431825,16,133965,130367,109833,285107,280597,267573,28026,1715964,46741,57137,49659,1306,169640,51939,11660,10,6974
8,8,66933.9,48748.4,351444,381786,319906,63,90054,87477,72565,328367,322855,310036,33002,1937159,40226,46229,39575,1301,135267,41789,7188,10,6974
8,8,72991.2,52296.2,349394,337133,289180,8,95393,92690,77113,321715,316491,304002,31693,1935965,31899,40204,34746,867,107121,36648,9311,10,6974
8,8,85467.5,67424.4,390689,460391,389268,40,122973,119509,99732,350744,345268,332320,34892,2173049,44059,54191,47053,1325,153080,49429,11385,10,6974
8,8,61648.8,58123.1,296355,278095,239723,21,98381,95690,80481,273334,268693,256674,27678,1568440,28976,36110,30979,709,95612,32816,7979,10,6974
8,8,71258.8,63520.7,310789,350682,301469,40,115428,112126,93469,290523,285762,271912,29476,1715876,33426,42022,36175,1204,110993,38466,9642,10,6974
8,8,78332.6,85399.7,299777,468362,400403,4,137212,133621,113992,290157,285546,272665,28625,1756221,41052,53209,46674,1232,149490,48661,13279,10,6974
8,8,72543.1,62616.5,300989,337143,288431,8,110442,107408,90750,284161,279505,267097,28253,1689768,32358,40580,34984,984,111078,36931,9158,10,6974
8,8,76023.9,63460.4,368699,442431,372262,88,115668,112302,94245,317377,312211,300081,31640,1928326,48915,57327,49489,1740,172848,52058,9834,10,6974
8,8,68216.3,58213.9,299786,334394,290261,40,105392,102419,85090,283141,278409,264808,28726,1655331,31784,39829,34076,1067,103122,36408,9038,10,6974
8,8,69792.2,66454.8,333901,421776,350590,61,118477,115281,96942,292370,287599,276077,29516,1716815,45033,52375,45034,1414,155509,47341,8577,10,6974
8,8,59440.3,73020.9,255113,264502,229876,30,106944,104059,87780,242031,237868,226267,24356,1353138,23538,29757,25347,607,74103,27077,6928,10,6974
8,8,72112.3,65512.4,366701,384509,319892,75,112843,109777,92146,308602,303632,291980,30713,1841723,43562,51835,44578,1305,148749,46949,9478,10,6974
8,8,75734.5,56390.6,379317,347421,284733,27,102785,100017,83836,329432,324234,312268,32805,2000938,44177,50818,43385,1316,152409,45839,7855,10,6974
8,8,76700.1,50303.4,366185,395556,326088,94,90476,87923,72727,321187,316082,303928,31759,1984758,45153,52999,45553,1770,166196,48205,9118,10,6974
8,8,88202.7,76744.9,464971,596877,484137,49,135992,132199,110810,369202,363524,350778,36190,2331270,66741,77536,67896,2331,252318,70496,12538,10,6974
8,8,70538.2,94318.8,284953,344397,296877,9,141551,137838,117396,273141,268678,256391,26870,1607339,33466,43512,37873,1012,113875,39807,11015,10,6974
8,8,79559.8,85455.7,387998,411302,357795,8,135627,132100,112126,317003,312034,299453,31809,1929297,36799,47617,41664,1095,130190,43580,11813,10,6974
8,8,58523.4,36898.3,328954,196442,172116,21,66294,64323,53044,288491,283504,270273,29485,1621217,18681,23143,19347,466,54468,20907,5063,10,6974
8,8,77772.3,71698.4,383358,330991,277968,45,124643,121263,103630,327645,322483,310224,32654,2021743,37333,44285,38068,1284,137012,40140,8035,10,6974
8,8,83001,68613.2,317012,521030,458986,10,130006,126235,104156,303006,298183,284715,30739,1833457,40963,54544,46922,1146,132619,50011,14845,10,6974
8,8,80427.4,63313.1,302054,467766,397097,19,110848,107685,89209,292573,287980,274360,28991,1753666,44211,54874,47579,1477,160698,50251,11921,10,6974
8,8,71229.4,51441.6,291614,287650,242154,26,89569,87073,72592,299925,294980,281331,29129,1746023,29747,36302,30944,847,97348,32869,7407,10,6974
8,8,77229.2,117763,308509,476227,406309,12,172720,168252,143701,286631,282153,269459,27912,1721660,41986,55168,48342,1312,149339,50513,14366,10,6974
8,8,83236.3,77762.2,365846,448271,381333,36,133687,129840,108529,335760,330536,316851,32954,2068275,41243,50860,44034,1304,147663,46461,10880,10,6974
8,8,70020.2,42876.6,335506,361466,295568,75,78406,76135,62979,313890,308713,296682,30698,1889257,41997,49006,42229,1376,151507,44527,8218,10,6974
8,8,92605.9,111156,351948,683580,582551,19,176350,171567,144336,337347,332252,317821,33357,2090875,57481,73893,64892,1690,206194,67698,17990,10,6974
8,8,75161.5,45498.2,336155,444789,372514,54,88214,85593,70118,311040,306066,293447,30469,1876918,45432,54791,47399,1564,162720,50009,10674,10,6974
8,8,82123.3,71687.4,373875,485786,404091,96,117858,114529,95766,337990,332770,320189,32950,2094378,49672,61187,53237,1482,179894,55836,12957,10,6974
8,8,75391.9,83527.3,338552,343681,291351,24,127443,124064,106212,310068,305148,292721,30830,1887643,34317,42675,36759,1027,120816,38792,9362,10,6974
8,8,86419.3,76970.3,385135,536044,444479,101,128909,125386,105558,352516,347257,334293,34057,2219269,54800,67089,58640,1698,205618,61223,13849,10,6974
8,8,68789.6,50200.5,332138,317051,273109,11,86165,83713,68902,311172,306000,293303,30937,1836911,28915,36665,31347,761,90528,33453,8667,10,6974
8,8,90080.1,191838,345617,710075,584951,74,252327,246178,213157,314873,310253,295350,30497,1932572,70527,84837,75744,2583,285791,77616,16007,10,6974
8,8,77786.4,100046,327417,546366,462241,75,155102,150893,127386,287559,283010,269807,29414,1758406,46184,57248,50251,1752,178605,52763,12353,10,6974
8,8,78437.2,50520.5,376124,438287,364232,91,85158,82629,67739,327369,322207,309876,32134,2031325,44116,52251,44687,1587,161713,47549,9417,10,6974
8,8,58791,52685,297319,262560,225732,21,85408,83018,69458,266135,261519,248976,26372,1503250,26198,31142,26114,576,84493,28109,5720,10,6974
8,8,77844.1,99074.2,318095,478670,405774,38,156430,152197,129388,302336,297565,283959,30128,1797322,43394,53245,46653,1485,156810,48697,11014,10,6974
8,8,52994.6,37758.7,262539,287615,240684,55,71905,69775,57576,257592,253052,239514,25808,1396137,31925,36390,30692,1077,103326,32926,5463,10,6974
8,8,80451.7,70392.3,408014,539957,461969,109,118558,115240,95819,354171,348503,335797,35346,2164873,46094,57292,49789,1493,160724,52317,12465,10,6974
8,8,88495.6,155859,356144,630283,521057,59,219663,214063,184615,318350,313609,299119,31339,1957166,64331,76474,68159,2467,255647,69976,13711,10,6974
8,8,62695.8,40769.7,314109,315989,268598,65,77212,74916,61569,297985,292841,281266,29794,1732394,33349,40065,33941,974,104203,36234,7750,10,6974
8,8,83733.5,79076.6,379622,527415,442150,94,129083,125294,105026,347630,342167,329118,34581,2170886,52936,63549,55072,1896,195101,57924,12130,10,6974
8,8,68325.5,46950.2,335852,299780,257204,6,85157,82713,68457,312491,307286,294836,30889,1849992,27623,34983,30034,769,87510,31854,8245,10,6974
8,8,66456.1,64851.4,317160,395827,334417,84,109833,106880,89662,288400,283632,272366,29289,1668328,40790,48056,41236,1284,136888,43504,8391,10,6974
8,8,74453.6,54200,337100,369700,311715,30,96114,93378,77611,313847,308782,294635,30514,1850087,37877,46054,39727,1142,133320,41893,9245,10,6974
8,8,84607.2,86040.3,394932,563252,474434,96,139194,135212,114361,343554,338226,325269,34151,2156579,54013,65623,57225,2043,198258,59901,13147,10,6974
8,8,76583.7,67730.7,339068,502964,424109,27,116063,112847,93924,316781,311651,298646,32241,1907022,48347,58009,50252,1529,174853,52804,10988,10,6974
8,8,57209.4,49550.5,274860,315173,259628,64,81814,79442,66052,269188,264478,252901,26829,1543241,37538,42673,36412,1345,125840,38703,6223,10,6974
8,8,89612.7,118807,332730,712568,606251,8,180398,175548,147983,306021,301365,286712,30489,1857235,57726,72674,63630,1809,211903,66517,16530,10,6974
8,8,59926,38258.1,302376,285659,247003,6,74079,71909,58850,287891,282964,269413,28846,1631360,26223,33405,28449,839,79798,30446,8015,10,6974
8,8,76331.8,115649,296655,441835,373163,42,167300,162899,139205,293047,288416,274539,29273,1718711,43559,53696,47126,1478,160155,49086,11276,10,6974
8,8,47264.6,43586,228989,222341,189421,24,70810,68789,57065,229355,225189,211267,23899,1166450,23122,27084,22613,565,70532,24319,4675,10,6974
8,8,57378.6,35938,291123,280280,242124,5,68803,66727,54508,277341,272483,259082,27788,1549598,25315,31951,27081,812,74821,29074,7450,10,6974
8,8,70061.5,53001.2,333262,392337,324163,84,98173,95296,79225,308935,303791,292082,30840,1844889,43572,50360,43027,1474,148124,45482,8073,10,6974
8,8,80663.1,74139,345679,442720,363137,88,124660,121444,102810,330738,325652,313586,33059,2032075,50287,58867,51064,1580,178748,53387,9885,10,6974
8,8,77006.5,63948.3,359238,397855,340958,13,110025,106966,89227,331260,326007,313245,32427,2019382,36821,46929,40670,940,127590,42861,11232,10,6974
8,8,56441.6,27739.3,343656,230016,193503,72,58396,56627,45683,315236,309829,294688,31369,1737298,25140,30279,25242,671,73518,27295,5905,10,6974
8,8,81185.3,105804,326985,631907,528495,78,168695,164441,140650,311645,306857,295118,31277,1908672,62089,73665,64779,2090,234496,67029,13158,10,6974
8,8,92471.4,218092,321531,792146,655435,84,277938,271204,235474,314051,309460,294343,29918,1942297,74194,90722,81257,2671,306218,83124,18311,10,6974
8,8,70067.5,57165.4,369249,454346,380620,84,106860,103839,86510,332402,326890,313686,33225,1949933,45920,55329,48058,1550,161014,50257,10649,10,6974
8,8,90312.9,99101.6,397012,594258,495332,116,160397,155996,131844,360661,355170,341373,35315,2241873,56710,69454,60937,1998,210477,63412,14237,10,6974
8,8,71470,61358.8,323110,256203,218411,17,91179,88586,73630,314033,308905,297094,31431,1870791,25124,31735,26961,697,77956,28807,7353,10,6974
8,8,85387.3,169401,318886,619212,510387,71,234768,228873,197751,301342,296793,282315,29232,1807218,62093,74483,66111,2212,243367,68121,13933,10,6974
8,8,60940.7,48584.6,258780,343812,294791,40,90567,87928,72577,255217,250752,238332,25955,1449629,31474,38601,32853,1048,101652,35231,8119,10,6974
8,8,87334,98565.7,362905,496005,418994,50,156756,152395,127893,341890,336704,322252,33773,2132269,44697,56523,49448,1573,166666,51886,13129,10,6974
8,8,52631.8,37618.7,291197,306219,258803,48,71515,69443,57278,287062,281956,266068,29498,1512910,32922,37572,31776,1037,104601,33765,5628,10,6974
8,8,73572.8,75898.6,284257,370525,314680,4,117933,114744,97811,277528,272991,260485,27642,1644106,34110,42637,37176,1118,122735,38822,9480,10,6974
8,8,68389.4,71941.4,265143,401998,336509,63,124056,120554,101329,261346,256945,244487,26943,1537112,40644,49041,42502,1628,145176,44974,9581,10,6974
8,8,77694.3,57182.7,331174,416074,350624,35,98354,95535,78995,320619,315541,301559,31432,1916505,43019,51769,44738,1256,156066,47070,9943,10,6974
8,8,73147.8,71449.1,334461,354950,293700,82,107375,104476,87884,314722,309688,297981,31492,1883798,40580,47793,40909,1178,136166,43222,8347,10,6974
8,8,86804.3,83931.2,322612,572643,501122,7,143633,139541,116641,302585,297853,283941,30601,1848848,41622,55505,48319,1402,141477,50982,15151,10,6974
8,8,72045.7,74054.9,332275,314611,261850,53,120897,117719,100291,309828,304813,293104,30971,1876693,34881,41265,35624,953,124031,37426,7367,10,6974
8,8,63847.3,42660.4,316208,333153,280960,88,78743,76363,62826,303309,298106,286393,30300,1772821,34765,41169,35058,1034,114106,37257,7466,10,6974
8,8,70400,70645.5,342581,364081,297861,51,110856,107847,91646,316807,311655,299866,31877,1915734,42426,49045,42083,1355,156145,44402,7833,10,6974
8,8,72336.4,70513.8,299954,353627,301853,43,116931,113527,94671,291026,286245,272275,29498,1725435,33303,41793,35975,1143,111777,38292,9541,10,6974
8,8,69905,59709.8,315942,296847,254660,8,100840,98074,82220,296901,292087,279639,29937,1738745,26164,33500,28864,778,83688,30559,8094,10,6974
8,8,78208.7,68552.1,344433,490863,407880,91,122751,119186,100259,323168,317982,305546,32204,1979241,51322,60934,52780,1832,184894,55466,11091,10,6974
8,8,89141.1,111258,363669,523341,438096,63,178176,173296,146682,341143,335992,321003,33483,2128351,49241,60984,53538,1801,185430,56021,13136,10,6974
8,8,82088.8,70785.6,304967,497078,431275,15,127655,123975,102949,294527,289818,276064,29920,1752803,40362,51896,44712,1207,134720,47402,12751,10,6974
8,8,80917.3,61029.3,300526,534470,456706,36,110915,107717,88952,301999,297276,284279,29972,1838751,46362,57968,50519,1564,170253,53068,12908,10,6974
8,8,64697.2,58407.1,306972,369369,310778,66,103111,100299,83766,288369,283565,272408,29414,1669131,39436,46140,39428,1183,132290,41673,7796,10,6974
8,8,56336.1,30355.9,348397,219621,184391,49,57771,56038,45455,324385,318836,303196,32352,1794344,23359,27871,23283,591,71111,25189,5241,10,6974
8,8,78121.1,62674.5,289772,476822,405779,31,105491,102415,84360,284894,280378,267096,28356,1692690,44630,54004,46572,1503,159361,49289,10666,10,6974
8,8,71332.6,53791.5,331458,288085,237856,77,92620,90137,75377,317887,312692,301163,31876,1901584,34714,40466,34341,1059,112316,36499,6718,10,6974
8,8,64513.4,37070.6,342262,302419,252917,66,76206,73972,60791,320054,314614,302075,32283,1864891,33611,39520,33648,1030,108904,35757,6899,10,6974
8,8,76703.6,62968.1,363069,347432,296663,28,107281,104207,86526,323113,317903,304803,32331,1952636,34886,43766,37666,1140,118308,39915,9967,10,6974
8,8,48826.2,34788.4,260780,262858,219909,55,68688,66733,55241,256874,252193,235888,26305,1307064,30108,34041,28781,881,98391,30597,4811,10,6974
8,8,91477,93833.1,393613,563763,472343,114,153987,149722,126185,368338,362748,349137,35890,2314677,56278,68553,60181,2035,209516,62593,13766,10,6974
8,8,78139.1,77179.3,349787,494510,414894,72,133370,129742,109801,315463,310488,298712,31598,1916048,51782,61665,53669,1653,183713,55975,11308,10,6974
8,8,67302.5,87095.9,268366,331907,285117,30,131206,127682,108226,271413,266911,254055,27153,1550836,31438,39642,34250,925,106112,36241,9110,10,6974
8,8,83239.7,84119.1,354876,446654,382975,9,135187,131682,111565,333930,328866,316230,33310,2076167,37599,47702,41373,1024,130574,43529,11111,10,6974
8,8,78525,70153.6,355431,484569,405420,88,121109,117567,98901,324116,318901,306399,32270,1984108,50181,59702,51680,1866,177942,54300,10971,10,6974
8,8,75767.6,98763.8,310576,407508,347803,23,148927,144902,122915,303425,298615,285379,30446,1804561,38396,48219,42010,1324,132792,44100,10902,10,6974
8,8,80253.3,87823.6,358602,391415,322849,56,133440,129954,111010,334054,328882,316454,33052,2080498,43417,51047,44352,1426,159169,46343,8795,10,6974
8,8,57404,40041.1,280310,297050,255721,12,75755,73472,60071,271395,266669,253670,27157,1521972,28942,35647,30156,888,88111,32475,7638,10,6974
8,8,76165.7,88099.8,331326,561342,469220,90,150837,146898,124565,309755,304824,292747,31145,1848722,56525,67353,58697,1980,205584,61245,12290,10,6974
8,8,69870.9,50653.2,342578,355936,299036,93,94387,91616,76047,311498,306320,294444,31221,1858714,42184,48818,41743,1464,142747,44084,7880,10,6974
8,8,59685.4,40671.9,299942,197436,174519,10,74644,72483,59980,277461,272764,259699,28241,1563740,17294,22700,18996,419,48569,20617,5958,10,6974
8,8,67719.3,81129.1,338703,289335,244687,31,116761,113675,96617,291570,286721,275326,29201,1732662,31298,38222,32829,802,104908,34757,7838,10,6974
8,8,73059.6,61761.2,372873,354556,293284,81,107715,104819,88219,314861,309814,298105,31575,1883974,40610,47800,40926,1190,136192,43232,8324,10,6974
8,8,83771.7,69052,350099,509976,419895,48,119249,115881,96708,326926,321862,307320,31869,1997043,54001,63655,55647,1877,212183,58105,11109,10,6974
8,8,79548.2,84144.1,349547,504331,417000,77,136258,132669,112459,323084,318041,306086,32392,1977561,53841,63814,55648,1699,194088,57920,11400,10,6974
8,8,67655.4,78845.8,261097,452396,382868,54,135728,131923,111211,251798,247577,236126,25944,1509124,41738,51940,45065,1562,152228,47569,11408,10,6974
8,8,89376.8,97895.5,391421,526701,448224,42,155751,151356,127033,352874,347561,333452,34043,2222144,46715,58490,51078,1586,174641,53607,13136,10,6974
8,8,80433.3,65225.8,341670,461476,394216,31,117269,113903,94415,315150,310085,296273,31828,1887288,40946,51374,44314,1057,139287,46810,11624,10,6974
8,8,76635,62476,369573,464427,382035,101,110611,107456,89862,338174,332687,320035,33862,2068595,51279,59059,50834,1838,180169,53502,9243,10,6974
8,8,65458.9,45883.9,313982,314423,271070,17,82075,79733,65430,299953,294887,281571,29809,1744160,29180,36693,31249,874,90141,33444,8426,10,6974
8,8,53838.8,45486,271462,288807,242646,62,78466,76234,62992,269610,264918,251412,27810,1449259,31239,35125,29472,960,98486,31574,4788,10,6974
8,8,79927.2,102529,313599,469512,390011,75,154913,150673,127119,299027,294326,280711,30380,1841451,45943,56717,49731,1868,178561,52247,12015,10,6974
8,8,54032.1,40493.1,254839,283536,242445,23,73848,71585,58687,246620,242209,229872,24752,1363604,29632,35132,29612,1044,92578,31871,6456,10,6974
8,8,80413.9,116511,331728,412676,350798,16,166042,161759,139100,303542,298815,286639,29764,1873737,37095,48653,42348,1067,126797,44426,12660,10,6974
8,8,55683,43562.8,292111,272310,229421,64,75930,73794,61003,280092,275246,262338,28761,1538672,29980,34878,29368,856,93474,31476,5801,10,6974
8,8,82783.1,85962.8,365827,536323,446398,96,137144,133282,113152,331325,326154,313548,32782,2062443,54305,64657,56427,2080,199391,58917,11880,10,6974
8,8,71949.2,53821.5,338973,315064,267994,16,94311,91649,76010,317464,312266,299635,31623,1903069,30911,38795,33371,916,102351,35410,8859,10,6974
8,8,64579,53887.1,273267,257476,216473,30,92241,89586,75049,268878,264285,251764,26536,1544017,27161,32717,27643,666,88620,29551,6373,10,6974
8,8,79654,91639.4,312883,481511,410473,5,141425,137697,117469,297950,293276,280348,29478,1819442,42114,54746,47984,1213,153835,50014,13804,10,6974
8,8,58140.9,35643.6,305169,212107,173529,56,68890,66898,55577,288065,283032,269655,28541,1634497,26992,30125,25106,693,85799,26982,3932,10,6974
8,8,71383.1,58159.9,305371,294721,253697,2,99892,97155,81456,302800,297899,285741,30450,1796928,25177,32626,28246,820,81644,29795,8174,10,6974
8,8,88278.4,86873.1,411669,607823,508739,102,145756,141516,119519,354552,349136,335884,34999,2258391,57191,68897,60150,2119,217444,62786,13342,10,6974
8,8,54190,33209.7,306941,271509,228943,66,66434,64468,52585,296607,291401,276508,29776,1598023,29423,34282,28823,818,91445,30896,5747,10,6974
8,8,73681.7,75989.5,368340,319526,269623,29,119340,116107,98849,316477,311426,299339,31541,1923734,34632,42174,36215,1021,123944,38257,8545,10,6974
8,8,82556.8,91340.7,372959,443726,381042,16,145650,141828,121255,319384,314497,301554,31593,1992552,44394,55281,48105,1337,161959,50316,12146,10,6974
8,8,61302.8,37692.4,342554,185986,155476,60,69476,67460,56235,295081,290021,276609,28961,1693468,22884,25666,21438,592,72893,22980,3494,10,6974
8,8,74389.3,43789.2,343125,419627,356032,53,86918,84346,69001,309147,304190,291560,30323,1862714,45036,54151,46784,1518,161184,49401,10412,10,6974
8,8,78851.5,80037.2,352410,520896,435889,85,134383,130567,110304,315923,310932,298698,31280,1941848,57790,67884,59187,2166,214226,61785,11727,10,6974
8,8,77189.1,43369.7,367065,435987,364223,60,84340,81849,66991,323644,318474,305862,31531,1975076,46315,56219,48412,1403,163513,51293,11247,10,6974
8,8,77249.1,62846.1,334333,337214,287651,42,114800,111471,92622,318717,313591,299630,31916,1921768,32948,41093,35236,1077,111671,37519,9202,10,6974
8,8,65234.5,46173.6,302059,332615,286908,29,93511,90766,74935,282270,277504,263990,28476,1625182,32715,39569,33746,1068,106222,36038,7869,10,6974
8,8,71034.4,82273.4,285671,447654,383016,59,143417,139471,118236,263539,259240,247446,26718,1600355,42281,53315,46467,1610,153592,48840,12239,10,6974
8,8,54033.2,35014.5,324862,238772,204074,64,66396,64411,52948,283548,278570,264483,29506,1534829,27612,32387,27110,761,83499,29186,5639,10,6974
8,8,72716.2,53002.4,346135,356811,297531,82,98063,95255,79623,300944,296050,284427,30377,1845569,40855,47738,40903,1682,147806,43383,8078,10,6974
8,8,78821.1,81796,329212,448715,385697,8,138310,134644,114646,298527,293803,280973,29578,1816695,41508,53105,46350,1148,151078,48475,12775,10,6974
8,8,73634.2,56666.7,401069,435503,371285,89,109313,106260,88717,341105,335511,322273,34187,2028116,45365,54852,47705,1547,159633,49858,10711,10,6974
8,8,73468.2,56357.8,368543,312072,255088,27,95534,92918,77697,323891,318660,306912,32344,1948748,39468,45600,38655,1128,130896,41071,7241,10,6974
8,8,75755.5,61561.7,324856,366498,311468,40,110738,107659,90414,302885,298018,284136,29786,1783877,38916,47134,40879,1190,139891,42888,9312,10,6974
8,8,74547.2,59441.1,375198,305872,255040,23,97814,95130,79687,323784,318589,306818,32327,1953142,36688,43281,36664,1017,118790,39023,7644,10,6974
8,8,55217.1,49160.6,237408,331517,282172,64,92351,89672,74392,229411,225264,213498,23314,1271015,35492,41579,35363,1330,117851,37750,7169,10,6974
8,8,78174.7,99967.6,300779,473592,393445,91,161253,156888,132771,285597,281068,267886,29119,1745795,47557,58731,51704,1817,187207,54147,12498,10,6974
8,8,57791,40395.3,303640,277603,233849,67,77021,74797,61827,293205,288154,275608,30082,1651812,30764,36006,30283,909,95871,32457,6193,10,6974
8,8,90127.3,92225.1,385536,645276,553226,21,158018,153574,129742,349025,343754,329953,34765,2213815,54849,68582,60246,2003,210435,62751,15309,10,6974
8,8,55592.5,40021.4,334938,326144,276907,59,76970,74826,61600,292037,286953,272462,29977,1589460,35438,39470,33337,1120,115650,35407,4992,10,6974
8,8,80804.5,87752.2,343879,567098,462888,89,141474,137551,116677,320242,315245,302918,31725,1984233,60730,71137,62295,2359,230378,64780,12092,10,6974
8,8,69202.6,36347.7,333100,388948,319082,7,69655,67667,56116,315983,310745,297752,30553,1865279,45059,50219,42659,1218,152414,45314,6429,10,6974
8,8,82294.7,93732.3,365103,475206,412373,14,154145,150093,127251,320796,315836,302918,32522,1971271,42965,55178,48389,1487,154469,50493,13361,10,6974
8,8,96729.6,117024,370161,730010,634562,14,196124,190957,162027,343632,338538,323731,33561,2157592,60754,79006,69988,1927,226855,72450,19892,10,6974
8,8,52593.2,37351.3,278150,271587,230095,63,66771,64803,53324,277138,272243,257535,28732,1476374,28199,32731,27351,784,85531,29459,5405,10,6974
8,8,64914.5,45418.6,309052,247896,214682,14,80627,78286,64654,299030,294019,281753,30129,1736318,22712,29030,24523,589,67871,26325,7019,10,6974
8,8,50539.2,38919.5,230318,296346,249817,22,74170,71968,59290,226479,222349,210382,22768,1216056,31269,36214,30477,1087,100343,32818,5937,10,6974
8,8,61841,38853.8,300566,204104,173438,7,71017,68990,57552,289570,284589,271358,28406,1656230,22524,25955,21786,585,70577,23298,4112,10,6974
8,8,50674,32408.7,273915,259786,220291,57,62985,61121,49616,274719,269773,253763,27816,1412189,27070,31845,26707,687,82251,28658,5594,10,6974
8,8,57019.2,45472.4,273511,317625,261563,63,82323,79921,66408,269158,264439,252779,26822,1539924,38150,43264,36936,1370,129040,39248,6236,10,6974
8,8,57153.5,38718.8,301331,257173,208630,66,69045,66994,55287,289301,284268,271478,28762,1645690,32471,36526,30904,1070,106146,33052,5046,10,6974
8,8,84052.7,52104.8,374137,526710,443286,62,95204,92476,75863,340484,335302,322195,33106,2131812,51262,63080,54667,1719,183539,57627,13266,10,6974
8,8,78791.4,67146.5,319994,499303,428119,21,119043,115660,95982,307758,302781,289510,31477,1848721,44693,56011,48509,1294,157241,51058,12580,10,6974
8,8,52575.2,43640.8,218846,301062,256161,33,81073,78677,65020,229403,225246,213444,23122,1255915,32241,37673,31843,1094,103418,34163,6454,10,6974
8,8,56456.3,38964.4,325842,345435,288521,48,74831,72787,59991,307992,302646,287520,31244,1686676,39432,44728,37901,1292,129392,40292,6386,10,6974
8,8,74181.8,64550.9,342781,510381,429511,39,115405,112191,93272,318181,312982,299635,32246,1896763,50609,59618,51675,1570,185886,54163,10405,10,6974
8,8,74116.2,68935.3,324984,346268,296358,9,117024,113844,96530,290357,285660,273152,28797,1741204,34591,43216,37314,1021,121412,39308,9604,10,6974
8,8,51742.3,33716.4,265337,247888,210146,70,68618,66542,54421,249465,244991,231765,25005,1344249,28187,32789,27424,926,87098,29671,5512,10,6974
8,8,76418,73764,350451,445768,377520,93,121609,118265,98983,332347,327081,314413,33377,1996575,43365,53404,46408,1624,152524,48762,11212,10,6974
8,8,65345.5,57143,296530,298475,254390,23,98520,95771,80612,289629,284734,272517,29035,1698223,29535,36585,31107,752,97221,33172,7950,10,6974
8,8,71539.7,41417.8,324554,395000,326844,89,79481,77220,63976,316917,311738,299764,31171,1913079,44788,52611,45430,1466,164998,47859,9079,10,6974
8,8,47986.7,35292.6,234674,265836,223417,61,68368,66419,54970,248349,243817,227134,25330,1248806,29333,33326,28193,839,94793,29991,4851,10,6974
8,8,80254.3,56877.1,321593,462837,394574,30,104459,101463,83949,312686,307766,293769,30596,1879139,44912,54742,47342,1312,162137,49942,11121,10,6974
8,8,86989.7,83013.7,371652,481931,407608,30,139716,135803,113979,350542,345202,331538,34071,2187890,45064,56317,49202,1508,164999,51517,12542,10,6974
8,8,72811.4,77694.9,308449,440048,369278,79,130373,126742,107178,284215,279627,268018,28914,1742248,43421,52492,45388,1679,159149,47931,10334,10,6974
8,8,87636.8,77287,386608,519748,435990,40,135162,131387,110007,358773,353216,340149,35421,2247446,49421,60400,52760,1482,179212,54994,12352,10,6974
8,8,58855.6,39179.2,297574,306744,265253,5,72942,70769,57889,283977,279060,265564,28475,1601724,26603,33643,28609,882,80383,30623,7888,10,6974
8,8,61656.3,36072.4,316222,217533,188981,26,66718,64670,52851,303746,298584,286193,30883,1748864,20484,25878,21537,467,58664,23395,6083,10,6974
8,8,51246.1,38619.9,266700,288648,244224,58,70783,68705,56726,268896,264088,248854,28003,1407779,31068,35773,30047,898,97168,32209,5641,10,6974
8,8,75612.9,58192.3,367846,440593,371797,82,97342,94481,78215,325240,319983,307689,31916,1970981,44017,54091,46608,1255,149006,49251,11401,10,6974
8,8,56471.9,46620,269322,235275,201490,28,79927,77712,64713,260543,256023,243323,26720,1444109,22590,28285,23864,467,68888,25674,6393,10,6974
8,8,61543.5,60330.9,242976,381631,323902,51,106758,103684,86359,246966,242705,230354,25397,1410166,36476,44226,37982,1343,125944,40392,8843,10,6974
8,8,87353.5,116405,357204,562820,469634,69,182353,177169,149811,329859,324834,309827,32608,2058512,53877,66818,58831,2149,213321,61574,14443,10,6974
8,8,57157.7,41906.3,300129,324147,273274,69,80029,77786,64203,294169,289061,275076,30026,1622843,35426,41084,34952,1179,115886,37052,6634,10,6974
8,8,83993.4,54748.8,362587,570681,468613,63,93229,90519,74214,343160,337913,324919,33474,2146786,60463,71672,61937,2108,221453,65238,12893,10,6974
8,8,51045,31201.8,287681,238911,199810,42,62772,60882,49798,282511,277463,260525,28584,1470349,27762,31668,26575,797,87742,28466,4764,10,6974
8,8,73542.6,47790.3,336204,381008,312707,88,85109,82625,68064,315145,310041,298144,31038,1931776,42428,49358,42135,1522,154001,44860,8160,10,6974
8,8,62213.8,40149.5,318560,320535,271530,65,79176,76805,63183,293665,288594,277033,29320,1702635,33456,40220,34083,997,104667,36362,7810,10,6974
8,8,69489.4,69503.4,356122,299204,246924,52,109284,106334,90287,311453,306378,294835,31221,1877860,34059,39603,34134,964,120203,35864,6524,10,6974
