k,order,dist,cost_polyanya,cost_ki,cost_hi,cost_hi2,h_cost,h_cost2,vnum,gen_poly,push_poly,gen_ki,push_ki,prune_ki,gen_hi,push_hi,prune_hi,hcall,reevaluate,gen_hi2,push_hi2,prune_hi2,hcall2,reevaluate2,precost,gen_pre,edgecnt,damcnt,pts,polys
4,4,62373.1,51395.9,253948,253759,203799,219767,164603,33,110329,107271,265550,261031,25894,28135,30523,619,27462,0,28135,30523,619,20714,3222,371863,397733,164164,364230,8,7257
4,4,48601.2,37324.4,122252,113317,86518.8,100210,72564,25,84904,82556,167564,164576,17105,11885,13833,293,12368,0,11885,13833,293,9432,2312,371863,397733,164164,364230,8,7257
4,4,55391.7,60277.8,123598,235968,162057,209338,134603,59,128693,125366,173914,170972,17576,24303,27583,754,24802,0,24303,27583,754,16104,3934,371863,397733,164164,364230,8,7257
4,4,25375,20602.1,29869.7,34198.9,19906.4,30811,16861,10,47025,45658,55955,54718,5275,3463,4067,59,3641,0,3463,4067,59,1992,740,371863,397733,164164,364230,8,7257
4,4,37940.2,16563,64233.8,35977,26769.4,31894,22657,27,40723,39477,96502,94609,9999,4049,4573,61,4063,0,4049,4573,61,3058,662,371863,397733,164164,364230,8,7257
4,4,77529,81953.7,314864,241075,202142,210236,167063,56,158305,154288,322402,317346,32300,27004,29400,740,26478,0,27004,29400,740,22110,3109,371863,397733,164164,364230,8,7257
4,4,44640.4,35362.1,159902,65765.4,46621.7,58957,39791,9,72459,70395,205361,201458,21556,6665,7918,111,7069,0,6665,7918,111,4888,1489,371863,397733,164164,364230,8,7257
4,4,53833.7,34534.4,210910,157028,134754,136421,111890,61,78660,76411,253605,249117,25254,18279,19913,549,17824,0,18279,19913,549,14571,2156,371863,397733,164164,364230,8,7257
4,4,53926.5,36923.1,217897,184459,157055,161421,130879,22,77231,75024,255587,251029,24937,20836,22635,550,20213,0,20836,22635,550,16674,2445,371863,397733,164164,364230,8,7257
4,4,36221.8,14982.1,97892.9,50103.1,34663.4,44061,28766,24,38467,37319,135443,132727,13395,5362,6092,53,5445,0,5362,6089,53,3777,894,371863,397733,164164,364230,8,7257
4,4,59559.7,66166.7,124159,262628,183753,230337,149295,66,130351,127027,179799,176826,18209,28398,31929,932,28739,0,28388,31887,928,18463,4226,371863,397733,164164,364230,8,7257
4,4,35264.7,17905.8,37800.5,56002.5,30849.9,50479,25992,7,43962,42630,65582,64271,6717,5070,6393,105,5758,0,5070,6389,105,3058,1489,371863,397733,164164,364230,8,7257
4,4,75548.6,64726,295296,245852,219493,213980,180654,87,129860,126363,320228,315118,31654,26849,29800,809,26985,0,26849,29800,809,22468,3661,371863,397733,164164,364230,8,7257
4,4,51048,48041.1,83918.3,147243,112350,129530,93421,35,101275,98425,126696,124350,12919,16000,18103,532,16352,0,16000,18103,532,11686,2637,371863,397733,164164,364230,8,7257
4,4,76525.5,90406.4,218158,195755,145037,176030,123424,7,169282,164684,267644,263401,26509,16962,21329,528,19512,0,16962,21329,528,13898,4900,371863,397733,164164,364230,8,7257
4,4,83382.2,143172,217429,569153,481797,492000,397002,21,266762,260238,273901,269722,26901,59555,65335,2323,59050,0,59555,65335,2323,48308,7308,371863,397733,164164,364230,8,7257
4,4,43504.2,31278.9,111324,133983,65787.3,120201,53850,10,74778,72737,161043,158047,16287,12772,15015,241,13368,0,12783,15018,244,6243,2612,371863,397733,164164,364230,8,7257
4,4,85942.4,89908.9,287799,355973,297886,314145,251760,17,179618,174741,331930,326859,32944,34681,40366,1131,36820,0,34681,40366,1131,28727,6716,371863,397733,164164,364230,8,7257
4,4,72008.9,72040,211492,197192,140210,177000,119641,13,145760,141692,266444,262139,26494,17407,21173,441,19172,0,17407,21173,441,13863,4344,371863,397733,164164,364230,8,7257
4,4,34782.7,20455.5,79812.7,82222.2,65272.2,73240,55613,47,49638,48256,124252,121699,12329,8634,9647,213,8613,0,8634,9647,213,6476,1285,371863,397733,164164,364230,8,7257
4,4,30393.4,17078.6,27946.3,27539.7,18146.2,24666,15381,18,40508,39340,53355,52226,5229,2987,3485,38,3095,0,2987,3485,38,1975,598,371863,397733,164164,364230,8,7257
4,4,37650.7,24848.9,100975,119162,81179.7,107105,68940,18,61660,59944,138512,135851,14008,11405,13353,288,11953,0,11405,13353,288,7604,2271,371863,397733,164164,364230,8,7257
4,4,42169.7,31345,140010,90878.2,61153.5,81212,51602,19,69166,67166,189747,186062,19492,9338,10775,185,9685,0,9338,10775,185,6328,1751,371863,397733,164164,364230,8,7257
4,4,40992.4,27380.9,101802,98309.9,66052,87716,55255,22,66395,64517,149405,146607,15141,10155,11781,227,10533,0,10155,11781,227,6957,1939,371863,397733,164164,364230,8,7257
4,4,42866,20657.9,154032,108839,92273.8,95063,76868,73,51741,50172,201201,197364,20519,13632,14488,363,12922,0,13632,14488,363,10623,1248,371863,397733,164164,364230,8,7257
4,4,38935.6,17908.5,107944,61607.9,47770.9,54417,40394,23,46284,44887,161002,157800,16423,6897,7788,116,6966,0,6897,7788,116,5309,1123,371863,397733,164164,364230,8,7257
4,4,68627.1,69543.7,262866,164055,137526,144535,115316,30,130292,126753,293014,288212,29683,16832,19355,469,17465,0,16832,19355,469,13851,3013,371863,397733,164164,364230,8,7257
4,4,38295.7,21552.2,82052.3,59031.5,51324.6,51723,43213,43,46661,45351,117828,115519,12052,7267,7839,190,6999,0,7267,7839,190,5877,772,371863,397733,164164,364230,8,7257
4,4,43983.6,41110.9,151741,87706.8,60730.9,78880,51426,9,83825,81481,196961,193253,20713,7968,9693,155,8702,0,7968,9690,155,5839,1990,371863,397733,164164,364230,8,7257
4,4,59513,39833.7,252715,145959,128325,126593,106103,66,86988,84689,283199,278409,28352,17104,18170,360,16243,0,17104,18170,360,13900,1516,371863,397733,164164,364230,8,7257
4,4,63947.1,43243.2,245474,181315,163070,157523,133233,70,94913,92288,288176,283374,28174,20964,22639,574,20308,0,20964,22639,574,16828,2248,371863,397733,164164,364230,8,7257
4,4,48728.7,24570.6,95363.9,62359.6,50189.7,55370,42778,33,56429,54770,129193,126880,13525,6434,7274,151,6467,0,6431,7269,149,5152,1046,371863,397733,164164,364230,8,7257
4,4,35892.5,23606.6,88637.8,101042,52016.1,90058,42060,42,58749,56940,133324,130703,13224,10435,11438,261,10223,0,10451,11455,261,4531,1364,371863,397733,164164,364230,8,7257
4,4,43099.4,28370.6,132750,91908.2,73548.2,82093,62533,19,66764,64875,176710,173302,17550,9568,10975,217,9831,0,9568,10975,217,7298,1734,371863,397733,164164,364230,8,7257
4,4,48818.1,41582.1,83540.5,139004,106942,121588,89228,32,89736,87137,116924,114729,12067,13638,15397,426,13886,0,13638,15397,426,9915,2223,371863,397733,164164,364230,8,7257
4,4,58435.3,59993.9,145624,164020,145460,143353,120272,55,102960,100255,186796,183691,18437,17180,18869,522,16903,0,17180,18869,522,14755,2151,371863,397733,164164,364230,8,7257
4,4,45699.4,41817.1,166735,180137,110641,158119,89638,47,95524,92805,182652,179305,18911,17673,18946,506,16983,0,17673,18946,506,10355,1796,371863,397733,164164,364230,8,7257
4,4,39808.8,32061.1,115439,113231,56999.7,102100,47062,11,71006,68959,146372,143565,14571,10223,11808,147,10471,0,10223,11808,147,5259,1924,371863,397733,164164,364230,8,7257
4,4,47689.4,41328.2,106830,159612,105768,140430,85894,51,84177,81763,148854,146045,15009,16569,18573,465,16737,0,16569,18563,465,10617,2510,371863,397733,164164,364230,8,7257
4,4,58004.5,218717,162661,463709,272857,404494,219424,49,144676,140849,197529,194168,20112,30830,34451,971,31013,0,30830,34451,971,18223,4478,371863,397733,164164,364230,8,7257
4,4,64377.9,149041,340342,451858,360124,372093,289961,44,155594,151423,250687,246432,25513,27191,30094,967,27155,0,27191,30094,967,21694,3699,371863,397733,164164,364230,8,7257
4,4,34349.3,27677.4,109931,87558.8,69319.5,77915,58626,43,46549,45236,112988,110738,11535,7789,8398,227,7503,0,7789,8398,227,5841,840,371863,397733,164164,364230,8,7257
4,4,61483.9,83830.7,331344,379647,279535,332972,228469,40,113879,110689,257973,253557,25491,29239,32001,775,28842,0,29282,32058,785,19123,3619,371863,397733,164164,364230,8,7257
4,4,74145.6,114727,390642,516635,469067,458072,397091,74,194116,189087,261420,257180,26011,39312,43801,1508,39607,0,39312,43801,1508,33593,5548,371863,397733,164164,364230,8,7257
4,4,69110.7,89475.1,258662,170841,149848,151332,127629,9,143814,139942,281206,276562,28657,16871,19708,582,17837,0,16871,19708,582,15354,3349,371863,397733,164164,364230,8,7257
4,4,50489.6,52397.9,213695,236991,158849,207424,130744,46,90685,88081,207591,203841,20403,21244,23788,573,21461,0,21244,23788,573,13555,3191,371863,397733,164164,364230,8,7257
4,4,33522.9,25130,44814.8,42778,36235.1,38340,31223,6,45354,44109,61559,60256,6157,3655,4440,38,3991,0,3655,4440,38,3097,901,371863,397733,164164,364230,8,7257
4,4,50953.1,44405.6,191246,194691,108282,173140,86564,17,93437,90946,194260,190850,20065,17656,19613,508,17562,0,17750,19715,527,9303,2473,371863,397733,164164,364230,8,7257
4,4,50545.8,52282.7,89398.5,169973,117807,146983,97612,36,98121,95291,130119,127692,13199,15949,17851,540,16119,0,15949,17851,540,11379,2433,371863,397733,164164,364230,8,7257
4,4,36386.5,30305.3,58307.7,75692.8,44496.5,67450,36536,16,66606,64693,82269,80656,8619,7813,8936,199,7988,0,7813,8936,199,4671,1391,371863,397733,164164,364230,8,7257
4,4,34410.9,30850.2,88190.2,116734,51708.4,104752,41082,43,60929,59092,121731,119291,12122,10276,11301,216,10057,0,10276,11301,216,4072,1365,371863,397733,164164,364230,8,7257
4,4,36109.8,19451.8,108942,84218.2,44030.6,74544,35469,37,48901,47462,135860,133177,13549,9175,10155,245,9040,0,9175,10155,245,4561,1271,371863,397733,164164,364230,8,7257
4,4,65601.1,56336.5,256617,237293,203823,204933,168001,81,115335,112173,287139,282395,28070,26377,28438,772,25492,0,26377,28438,772,21412,2836,371863,397733,164164,364230,8,7257
4,4,52984.9,27217.6,95361.1,73370.3,57682,65478,49189,26,63413,61607,133319,130979,13957,7351,8643,157,7718,0,7351,8643,157,6098,1520,371863,397733,164164,364230,8,7257
4,4,56585.2,42494.1,86154.9,92723.7,80192.5,82787,68988,4,83115,80894,120958,118872,12502,8580,10678,200,9683,0,8580,10678,200,7670,2354,371863,397733,164164,364230,8,7257
4,4,49487.8,37665.7,195267,86700.4,58792.8,77577,49453,8,83747,81351,231280,226982,24562,7661,9020,175,8055,0,7661,9020,175,6013,1622,371863,397733,164164,364230,8,7257
4,4,26325.5,15510,39915.5,38752.2,23570.7,34564,19528,33,38140,37018,62799,61450,6113,4403,4874,75,4319,0,4349,4820,75,2602,626,371863,397733,164164,364230,8,7257
4,4,40420.7,33609.2,123392,186859,141057,163681,113776,64,64675,62722,142217,139416,14330,19767,21096,643,18804,0,19767,21096,643,12597,1970,371863,397733,164164,364230,8,7257
4,4,36933.8,19414.2,115421,83372.4,68128.4,74000,57762,38,48638,47208,143785,140890,14248,8956,9947,234,8851,0,8956,9947,234,6896,1280,371863,397733,164164,364230,8,7257
4,4,48731.4,37990.2,209647,135295,110666,119865,93628,21,75003,72854,222620,218496,21935,13903,16069,349,14440,0,13903,16069,349,10811,2611,371863,397733,164164,364230,8,7257
4,4,38611.2,25893.1,101490,77139.3,66311.7,68226,55945,45,53970,52483,135753,133175,13583,8512,9616,167,8586,0,8512,9616,167,6250,1348,371863,397733,164164,364230,8,7257
4,4,45898.6,39703.2,129177,133149,90877.1,118530,75530,18,80927,78689,165586,162574,16965,12162,14245,244,12744,0,12616,14726,345,8354,2506,371863,397733,164164,364230,8,7257
4,4,60457.9,84334.7,150614,217041,156834,190187,127293,65,156841,152811,202894,199500,21651,23654,25876,786,23187,0,23654,25876,786,14221,2913,371863,397733,164164,364230,8,7257
4,4,71524.3,106351,197894,393672,351183,342096,290821,98,194764,189852,233929,230149,24154,43342,44807,1357,40028,0,43342,44807,1357,31678,2588,371863,397733,164164,364230,8,7257
4,4,52383,43535.8,134217,126560,106809,110660,89892,40,87137,84775,172846,169843,17522,13107,14583,380,13026,0,13107,14583,380,10891,1873,371863,397733,164164,364230,8,7257
4,4,28819,15594.7,50791.4,45689.5,29338.2,40675,24438,34,38591,37502,77451,75790,7530,5231,5818,136,5181,0,5231,5818,136,3247,764,371863,397733,164164,364230,8,7257
4,4,57078.4,37982.7,87676.5,92430.7,77293.1,82839,66569,4,83011,80778,122675,120552,12656,8174,10272,194,9337,0,8174,10272,194,7426,2346,371863,397733,164164,364230,8,7257
4,4,60127.8,47014.5,261934,153773,130758,132847,107841,63,93120,90656,286998,282131,28786,17399,18134,417,16157,0,17399,18134,417,13995,1194,371863,397733,164164,364230,8,7257
4,4,58470.7,70676.6,167392,185291,122896,162706,100555,64,145490,141766,200271,196883,21158,19145,20855,577,18580,0,19145,20855,577,11789,2271,371863,397733,164164,364230,8,7257
4,4,33118.4,18654.1,56782.1,51092.7,43301.2,44759,36458,30,45777,44498,88532,86747,8867,5970,6358,116,5672,0,5970,6358,116,4707,559,371863,397733,164164,364230,8,7257
4,4,55021.4,59589.2,177391,220038,178562,192031,146178,47,119554,116225,214124,210350,22391,22401,24586,777,22161,0,22401,24586,777,16077,2840,371863,397733,164164,364230,8,7257
4,4,45489.9,25492.8,64514.3,61130.6,42957.6,54849,36461,4,56745,55072,95668,93940,9839,5275,6830,113,6189,0,5154,6639,111,3812,1666,371863,397733,164164,364230,8,7257
4,4,29497.6,18801.7,24882.3,36185.4,20805.9,32385,17413,6,42777,41581,48268,47257,4720,3364,4204,38,3777,0,3364,4204,38,2173,943,371863,397733,164164,364230,8,7257
4,4,52630.7,46567.1,232417,104334,85283.5,91993,71600,16,90442,87897,248321,243812,26123,10230,11881,236,10647,0,10107,11722,231,7930,1948,371863,397733,164164,364230,8,7257
4,4,50649.4,57748.2,126610,195920,136065,171616,112546,58,109395,106411,162905,159954,16652,19030,21589,549,19391,0,19030,21589,549,12677,3110,371863,397733,164164,364230,8,7257
4,4,66587.3,99612.9,191058,269978,192923,234037,153673,76,180321,175690,216265,212752,22939,29087,31397,985,28196,0,29087,31397,985,18011,3123,371863,397733,164164,364230,8,7257
4,4,42535.5,25108.9,159176,104188,86085.4,92086,73030,46,54845,53247,185655,182048,18504,10824,12077,289,10770,0,10824,12077,289,8578,1589,371863,397733,164164,364230,8,7257
4,4,40854.8,19751.4,95601.9,73570.5,61947.7,64589,52117,58,48065,46715,130714,128195,13451,8051,8910,232,7890,0,8051,8910,232,6171,1091,371863,397733,164164,364230,8,7257
4,4,52458.5,43348.5,240787,119075,110483,103087,90338,55,83575,81321,260717,256090,26335,14578,15515,330,13822,0,14578,15515,330,11445,1348,371863,397733,164164,364230,8,7257
4,4,43900.9,32336.8,123876,111407,80376.8,99345,67331,23,75125,73031,160572,157586,16329,10764,12710,243,11367,0,10764,12705,243,7407,2280,371863,397733,164164,364230,8,7257
4,4,53506.8,30088.6,121635,145649,139393,125237,115263,45,68943,67064,161776,158966,16950,18096,19038,491,16923,0,18093,19033,489,14641,1425,371863,397733,164164,364230,8,7257
4,4,50898.7,47713.8,94774.1,150319,105656,132367,87841,37,100554,97660,127598,125218,12929,15765,17811,518,16075,0,15765,17811,518,11351,2581,371863,397733,164164,364230,8,7257
4,4,38528.9,46162.8,151107,95826.7,55683.3,85745,46189,7,65662,63746,158470,155366,16144,8438,10063,169,9026,0,8438,10063,169,5155,1908,371863,397733,164164,364230,8,7257
4,4,68538.8,94640.2,333982,194200,174307,166799,138305,32,134230,130659,297922,293046,30295,19730,21991,549,19821,0,19730,21987,549,15686,2803,371863,397733,164164,364230,8,7257
4,4,46276.8,28967.2,70541.2,62597,43052.8,56054,36605,4,56705,55059,98708,96948,10319,5310,6893,113,6237,0,5279,6845,113,4094,1742,371863,397733,164164,364230,8,7257
4,4,51231.2,50803.4,91791.7,151620,111865,133024,93067,26,97767,94954,119483,117279,12431,15400,17509,433,15804,0,15400,17509,433,11380,2634,371863,397733,164164,364230,8,7257
4,4,73657.3,83320.9,243186,210075,145372,188782,123162,13,149493,145314,274959,270538,27217,17077,20753,518,18802,0,17077,20753,518,13427,4242,371863,397733,164164,364230,8,7257
4,4,63517.6,74333.7,215145,282911,203313,248714,160862,60,131808,128125,239831,235804,23462,27974,30972,889,28070,0,27974,30970,889,18030,3797,371863,397733,164164,364230,8,7257
4,4,53380,43375.8,245853,133448,121760,115496,101255,60,84659,82347,263646,258990,26600,15731,16665,390,14853,0,15731,16665,390,12330,1373,371863,397733,164164,364230,8,7257
4,4,72266,69468.4,300480,216129,194992,187734,161397,59,133693,130276,313073,308026,31737,23876,25170,582,22567,0,23876,25170,582,19664,1915,371863,397733,164164,364230,8,7257
4,4,46005.7,36476.8,108464,162295,116512,143443,96690,52,84169,81688,144393,141638,14570,17284,19152,489,17277,0,17284,19152,489,11579,2428,371863,397733,164164,364230,8,7257
4,4,69643,60230.2,309934,187389,169581,162565,139903,64,123550,120353,307949,302902,31121,21725,22764,505,20383,0,21725,22764,505,17763,1616,371863,397733,164164,364230,8,7257
4,4,22377.9,16247.6,27361.3,29917,15853.7,26883,13166,10,37982,36890,44653,43663,3987,2964,3533,40,3178,0,2964,3533,40,1591,675,371863,397733,164164,364230,8,7257
4,4,57413.7,35732.7,120030,100409,89435.6,88997,76293,42,80357,78137,161226,158478,16722,10260,11546,218,10332,0,10260,11546,218,8715,1578,371863,397733,164164,364230,8,7257
4,4,31695.5,23123.8,48360.6,62275.7,34507.8,55650,28343,22,51736,50184,73497,71970,7187,6326,7246,124,6452,0,6326,7246,124,3689,1142,371863,397733,164164,364230,8,7257
4,4,63626.9,61609,256225,128819,114660,112670,96448,25,118010,114749,281836,277072,28953,14092,16020,366,14430,0,14092,16020,366,11858,2353,371863,397733,164164,364230,8,7257
4,4,37148,36662.8,50513.6,68713.2,40672.2,60952,33143,36,70267,68234,78072,76539,8218,6919,7267,151,6442,0,6919,7267,151,3901,600,371863,397733,164164,364230,8,7257
4,4,47968.9,46603.3,172211,122022,91145.5,107694,76161,27,93371,90745,208351,204554,21772,12751,14416,295,12972,0,12751,14416,295,9095,2070,371863,397733,164164,364230,8,7257
4,4,46906.2,21561,84201.9,46992.7,37378.8,41687,31757,30,52192,50692,121642,119446,12650,5169,6002,59,5327,0,5169,6002,59,4168,993,371863,397733,164164,364230,8,7257
4,4,36188.4,16435.7,49245.3,44165.2,26408.8,39553,22310,25,35161,34161,85534,83798,8641,3970,4557,61,4102,0,3970,4557,61,2967,706,371863,397733,164164,364230,8,7257
4,4,64213.2,62270.3,255479,129487,98359.4,115174,83507,5,116335,113090,274571,269932,28361,11514,13828,383,12456,0,11514,13828,383,10294,2669,371863,397733,164164,364230,8,7257
4,4,44068.2,23073.8,63605.7,62940.8,39612.7,56988,34000,11,46285,44902,98591,96771,10235,5202,6527,120,5903,0,5167,6467,119,3668,1475,371863,397733,164164,364230,8,7257
4,4,52241,33242.7,230936,163730,140485,142562,115838,60,73904,71862,250768,246338,25176,17754,19294,547,17283,0,17754,19294,547,14349,2017,371863,397733,164164,364230,8,7257
4,4,46415.5,20111.1,81283,51722.6,34678.2,46256,29453,26,49483,48060,116391,114271,12123,4950,5771,70,5137,0,4950,5771,70,3934,975,371863,397733,164164,364230,8,7257
4,4,38882.7,31127.6,60113.7,74524.5,48595.3,66484,40586,14,70735,68658,83302,81689,8828,7611,8718,190,7827,0,7611,8718,190,5070,1373,371863,397733,164164,364230,8,7257
4,4,51719.9,41652.1,256217,131717,93345.6,115560,77576,36,79380,77136,260165,255420,26848,12827,13993,268,12520,0,12827,13993,268,9936,1545,371863,397733,164164,364230,8,7257
4,4,71158.2,93170.4,224538,329671,292171,289957,246492,55,177460,172817,260578,256305,25886,33561,37407,1182,33858,0,33561,37407,1182,28183,4783,371863,397733,164164,364230,8,7257
4,4,43439.8,16561.8,80217.7,44540.1,29601.9,39608,24977,26,40995,39735,108108,106107,11303,4360,5075,65,4523,0,4360,5075,65,3256,850,371863,397733,164164,364230,8,7257
4,4,68822.7,71236.9,222047,212927,174089,187101,145127,19,134729,130954,268835,264428,26586,22284,25134,503,22722,0,22284,25134,503,16985,3527,371863,397733,164164,364230,8,7257
4,4,42128.7,43063.9,121442,183574,96975,164207,78930,44,81868,79448,164929,161829,16710,16609,18491,433,16567,0,16609,18491,433,8406,2406,371863,397733,164164,364230,8,7257
4,4,32229.1,18634.1,46693.8,48292.8,43901.8,42209,37069,19,45474,44206,81707,80055,8157,5669,6239,122,5590,0,5639,6206,124,4454,736,371863,397733,164164,364230,8,7257
4,4,27221,17407.4,45604.3,45885.8,27495.6,41527,23014,18,38598,37515,71553,70028,6723,4169,4975,77,4442,0,4167,4969,77,2381,941,371863,397733,164164,364230,8,7257
4,4,46264.4,32872.4,194744,110067,94808.1,95533,78547,50,67336,65405,227496,223212,23253,13062,14025,298,12517,0,13062,14025,298,9969,1351,371863,397733,164164,364230,8,7257
4,4,30790.4,19777.2,28190.9,36491.3,18795.6,32210,15338,23,46222,44911,49042,48022,4762,3732,4158,68,3687,0,3732,4152,68,2069,545,371863,397733,164164,364230,8,7257
4,4,71712.3,93385.5,244751,284818,256503,249351,215985,40,182395,177728,282553,277925,28356,29928,33111,1155,29917,0,29928,33111,1155,24947,3995,371863,397733,164164,364230,8,7257
4,4,64658.4,74880.9,212918,283117,248889,247830,208825,51,151619,147616,243216,239069,24672,30417,33479,1041,30219,0,30417,33479,1041,24221,3906,371863,397733,164164,364230,8,7257
4,4,40949.2,31219.6,91778.1,160024,82081.1,142636,66933,50,73390,71300,124984,122563,12915,14384,16311,414,14700,0,14384,16311,414,8004,2361,371863,397733,164164,364230,8,7257
4,4,27609.1,18055.6,38218.7,27883.7,21979.9,25126,18998,6,40188,39009,60906,59595,5863,2502,3289,37,2972,0,2502,3289,37,1870,882,371863,397733,164164,364230,8,7257
4,4,74943.4,77140.4,393333,246113,219579,205800,178244,75,136114,132633,319914,314805,32055,25642,26976,696,24239,0,25642,26976,696,20984,2008,371863,397733,164164,364230,8,7257
4,4,62086.2,47891.9,283447,195677,163822,170904,135597,69,91002,88485,281779,277028,27603,21012,22718,570,20374,0,21012,22718,570,16980,2274,371863,397733,164164,364230,8,7257
4,4,65007.6,89245,195185,267346,175065,231807,140943,74,172028,167638,212546,209067,22565,26698,29045,918,26054,0,26698,29045,918,16518,3103,371863,397733,164164,364230,8,7257
4,4,64171.2,54022.6,249561,214028,172008,186777,138552,24,117319,114074,257107,252765,25316,21994,24228,426,21811,0,21994,24228,426,15837,2897,371863,397733,164164,364230,8,7257
4,4,60113.8,67922.2,200785,240974,212126,209476,174757,43,138296,134594,236731,232647,24352,25265,27852,889,25093,0,25265,27852,889,19426,3310,371863,397733,164164,364230,8,7257
4,4,60338.9,57399.3,294709,143931,122819,127063,99042,32,106537,103645,283064,278189,29081,14508,15686,311,14069,0,14508,15686,311,11789,1590,371863,397733,164164,364230,8,7257
4,4,56887.1,40635.7,261977,186929,174873,162232,141364,64,78642,76437,266760,262176,26465,19823,21448,541,19221,0,19823,21448,541,15975,2169,371863,397733,164164,364230,8,7257
4,4,37881.4,26498.2,104206,84008.7,54836.8,74660,45746,10,62673,60861,141451,138732,14170,8446,9650,180,8530,0,8446,9650,180,4666,1479,371863,397733,164164,364230,8,7257
4,4,55243.9,48735,262410,122907,97306.3,107298,81732,22,91842,89323,264419,259720,27725,11944,13494,282,12100,0,11944,13494,282,9302,1900,371863,397733,164164,364230,8,7257
4,4,33595.3,22011,74292,69349.8,41970.5,61353,34565,29,51365,49824,108887,106601,11006,7287,8029,218,7125,0,7285,8027,218,4283,981,371863,397733,164164,364230,8,7257
4,4,66200.9,58393.5,288346,202208,171903,176219,141294,79,105683,102798,289864,285047,28285,21364,23359,598,20973,0,21364,23359,598,17447,2573,371863,397733,164164,364230,8,7257
4,4,29673.2,25075.8,49286.1,66539.6,37860.9,59401,31424,22,52789,51243,69573,68119,6808,6584,7506,134,6710,0,6584,7506,134,3583,1162,371863,397733,164164,364230,8,7257
4,4,45788.4,43119.1,87029.1,148150,93466.1,131783,76619,46,85608,83148,130081,127576,13352,14567,16698,461,15075,0,14567,16698,461,9333,2596,371863,397733,164164,364230,8,7257
4,4,39980.6,18604.5,71071.4,50647.1,32785,44839,26950,22,39292,38166,97012,95155,10205,4851,5736,81,5140,0,4882,5770,81,3289,1047,371863,397733,164164,364230,8,7257
4,4,67629.9,54284.2,302750,149941,137092,129321,112944,67,113646,110697,302982,297970,30707,18762,19367,416,17262,0,18762,19367,416,15237,1110,371863,397733,164164,364230,8,7257
4,4,85846.7,107385,326252,398186,333280,349220,277988,87,185478,180664,346171,340944,33698,38509,43181,1103,39201,0,38509,43181,1103,32300,5695,371863,397733,164164,364230,8,7257
4,4,70722.8,64793,287592,194967,165230,168312,136728,50,133253,129779,306125,301143,31027,21673,23322,514,20920,0,21673,23322,514,17809,2240,371863,397733,164164,364230,8,7257
4,4,53836.8,59374.3,161389,235108,140947,208171,113356,54,110314,107351,196531,193101,20015,23392,25949,700,23287,0,23392,25944,700,13147,3214,371863,397733,164164,364230,8,7257
4,4,46275.7,40615.1,106187,150213,118209,132026,98096,57,92140,89515,142011,139329,14363,16474,17608,496,15790,0,16474,17608,496,11712,1674,371863,397733,164164,364230,8,7257
4,4,31478.5,20157.6,41359.1,43517.4,32911.3,38662,27665,9,46942,45669,73535,72032,7241,4466,5098,76,4596,0,4466,5098,76,3573,769,371863,397733,164164,364230,8,7257
4,4,36526.7,19326.1,93764.2,80845.3,47340,71167,38143,36,47045,45660,139783,137012,13847,9255,10134,268,9022,0,9255,10134,268,4553,1173,371863,397733,164164,364230,8,7257
4,4,86903,117471,272620,425981,327959,379482,279771,5,217628,211895,305931,301304,30423,34952,42319,1340,38879,0,34952,42319,1340,29559,8376,371863,397733,164164,364230,8,7257
4,4,53990.3,36948.7,224657,173572,146965,150539,121929,60,78889,76649,255586,251092,25487,19256,20927,578,18755,0,19256,20927,578,15350,2205,371863,397733,164164,364230,8,7257
4,4,41381,33204.1,121080,131030,80236.6,117216,65969,21,68188,66270,152816,149941,15258,12681,14507,219,12861,0,12681,14507,219,7270,2232,371863,397733,164164,364230,8,7257
4,4,36109.5,16114.1,49621.5,40327.8,31312,36116,26410,27,35036,34033,85226,83492,8600,3998,4606,64,4151,0,3998,4606,64,3007,728,371863,397733,164164,364230,8,7257
4,4,36523.5,20274.4,97523,101543,79049.4,89427,65778,37,50215,48715,139363,136583,14086,11305,12220,311,10932,0,11281,12195,309,7675,1268,371863,397733,164164,364230,8,7257
4,4,45840.3,41804,129183,135283,73100.7,120539,59420,71,83555,81222,166413,163376,17065,12992,15015,307,13446,0,13450,15501,429,7364,2458,371863,397733,164164,364230,8,7257
4,4,68919.2,73148.3,256721,149050,132252,131362,112386,7,136409,132750,282680,278060,28848,14061,16841,495,15279,0,14061,16841,495,13069,3206,371863,397733,164164,364230,8,7257
4,4,53742.6,40773.7,242014,137279,120360,118941,99823,55,88089,85724,267097,262375,27251,15840,16817,373,14972,0,15840,16817,373,12351,1417,371863,397733,164164,364230,8,7257
4,4,51307.1,35765.2,195899,200681,147543,177167,122771,39,83371,81014,231088,226906,22608,20221,21932,492,19587,0,20221,21932,492,14469,2342,371863,397733,164164,364230,8,7257
4,4,55538.3,60942.1,146944,213299,155606,189976,129761,61,124820,121278,195486,192065,19161,21398,23682,618,21390,0,21398,23682,618,14554,2974,371863,397733,164164,364230,8,7257
4,4,49046.1,44089.7,92541.9,139035,104567,122476,86439,46,96121,93360,131041,128560,13391,15399,17251,517,15512,0,15399,17251,517,10604,2352,371863,397733,164164,364230,8,7257
4,4,64153.4,57253,223046,210550,145065,186751,119338,58,114031,110761,255949,251620,25272,21170,23630,468,21246,0,21170,23632,468,14982,3108,371863,397733,164164,364230,8,7257
4,4,43271,27943.7,158084,107080,81357.5,94526,68464,44,56002,54392,193348,189647,19491,10937,12182,263,10853,0,10937,12182,263,8558,1574,371863,397733,164164,364230,8,7257
4,4,61749.1,65795.6,221231,172377,143976,151556,120715,20,129061,125530,259671,255126,26869,17810,20050,540,18069,0,17810,20050,540,14429,2780,371863,397733,164164,364230,8,7257
4,4,38513.3,26975,102410,117837,80291.1,103829,66065,59,60560,58737,133959,131292,13502,13134,14253,399,12648,0,13134,14253,399,7898,1554,371863,397733,164164,364230,8,7257
4,4,62855.4,48851.1,131762,189507,167880,164325,138786,48,97505,94918,183543,180532,18881,21661,23012,573,20513,0,21661,23012,573,18313,1949,371863,397733,164164,364230,8,7257
4,4,39335.8,33248.2,128185,119282,70277.2,106459,57695,16,76909,74779,164262,161099,16731,11522,13399,269,12078,0,11522,13399,269,6559,2226,371863,397733,164164,364230,8,7257
4,4,33480.7,19367.4,77412.4,58214.5,37958.7,52255,32108,44,46661,45304,113765,111400,11306,5850,6267,115,5515,0,5850,6266,115,3753,609,371863,397733,164164,364230,8,7257
4,4,80970.9,93188.8,322085,343797,284128,298886,232926,84,157363,153251,336481,331304,33093,31870,35503,841,32129,0,31870,35503,841,26523,4481,371863,397733,164164,364230,8,7257
4,4,37993.1,24521.1,139483,104550,73146.9,93303,61174,23,54398,52777,153398,150397,15613,9512,10843,205,9708,0,9512,10843,205,6263,1640,371863,397733,164164,364230,8,7257
4,4,46336.4,43695.5,92998.3,161827,105516,144147,87472,42,87287,84730,127841,125375,13166,15626,17787,551,16039,0,15626,17787,551,10118,2673,371863,397733,164164,364230,8,7257
4,4,63003,57674.5,250082,113255,101637,100257,86339,5,113795,110649,271932,267290,28194,11072,13341,360,12009,0,11072,13341,360,9733,2602,371863,397733,164164,364230,8,7257
4,4,66768.3,98438.1,233487,428189,240757,368218,195264,42,165115,160749,264341,259870,26846,27220,30071,978,27185,0,27220,30071,978,22030,3630,371863,397733,164164,364230,8,7257
4,4,76261.1,96968.9,283605,220337,189857,196527,158378,14,156464,152201,289603,285017,28494,18809,22558,566,20509,0,18809,22558,566,14921,4346,371863,397733,164164,364230,8,7257
4,4,67635.6,60687.9,257711,258809,197529,227694,164038,24,124780,121223,278916,274323,27415,24622,27027,596,24386,0,24622,27027,596,18278,3140,371863,397733,164164,364230,8,7257
4,4,48261.2,23923.7,84868.8,61270.6,46525.8,54637,39868,14,55253,53664,113041,111030,11776,5509,6795,116,6144,0,5509,6795,116,4397,1448,371863,397733,164164,364230,8,7257
4,4,51984.3,31739.5,232432,145009,110888,127480,92468,18,72857,70755,249582,245076,24650,15378,17209,374,15405,0,15378,17209,374,11973,2323,371863,397733,164164,364230,8,7257
4,4,44599.8,40586.7,167634,79356.8,55461,70988,47145,7,83272,80951,201159,197351,21327,7099,8773,137,7874,0,7096,8768,135,5444,1912,371863,397733,164164,364230,8,7257
4,4,29119.1,22067.8,38728,44845.3,38655.6,39800,32694,23,45313,44021,61633,60294,5939,4847,5213,78,4609,0,4847,5213,78,3684,530,371863,397733,164164,364230,8,7257
4,4,59358.7,71886.8,169625,282340,173168,252601,141853,73,130871,127434,203847,200457,20690,25116,28604,778,25719,0,25067,28544,778,15305,4167,371863,397733,164164,364230,8,7257
4,4,61117,86355,187128,290136,256432,254680,211476,58,146527,142650,224119,220286,23269,29743,32440,1041,29242,0,29743,32440,1041,22924,3499,371863,397733,164164,364230,8,7257
4,4,51774.8,50659.7,193055,134432,122359,117828,100826,30,103153,100216,218664,214732,22912,14901,16298,429,14650,0,14901,16298,429,10860,1875,371863,397733,164164,364230,8,7257
4,4,35317.1,22731.6,93833.7,75836.8,44548.6,67775,37002,40,53693,52114,121935,119459,12356,7520,8086,177,7139,0,7520,8087,177,4532,820,371863,397733,164164,364230,8,7257
4,4,67506.1,63497,220710,188590,131858,167064,108912,56,125005,121387,258623,254320,25566,18807,20992,453,18809,0,18807,20992,453,12880,2772,371863,397733,164164,364230,8,7257
4,4,71947.6,101087,216049,432284,350275,371764,282643,72,192656,187822,232925,229229,24275,44165,46296,1433,41435,0,44165,46296,1433,31022,3300,371863,397733,164164,364230,8,7257
4,4,43414.1,40030.7,103263,174105,111341,154191,91155,53,86089,83591,139119,136412,13776,17813,19285,497,17343,0,17813,19285,497,11008,2033,371863,397733,164164,364230,8,7257
4,4,69407.9,96651.6,231809,296928,251524,259177,210230,51,168270,163787,261871,257504,26104,31282,34666,1139,31313,0,31282,34666,1139,25455,4260,371863,397733,164164,364230,8,7257
4,4,58793.5,66660.8,189012,242046,207175,211607,171565,59,135606,131974,218246,214480,22656,26407,28838,945,25997,0,26407,28838,945,20009,3153,371863,397733,164164,364230,8,7257
4,4,49096,28289.5,120496,101141,88677.3,88753,74295,63,65563,63744,153592,150837,16030,11230,12361,299,11006,0,11230,12361,299,9009,1436,371863,397733,164164,364230,8,7257
4,4,37445.8,15907.4,108884,52921.9,44657.7,46518,37427,27,38192,37070,144997,142137,14549,6201,6776,78,5992,0,6201,6775,78,4460,758,371863,397733,164164,364230,8,7257
4,4,82236.9,89517.1,341070,363835,311599,317863,255891,81,157501,153465,340647,335473,33601,33358,37168,908,33668,0,33358,37168,908,27589,4683,371863,397733,164164,364230,8,7257
4,4,31354.9,25962.1,38757.9,49104.5,41442,42996,34321,36,47771,46382,63497,62134,6290,5188,5646,95,5037,0,5188,5646,95,4125,637,371863,397733,164164,364230,8,7257
4,4,71317.8,81642.6,318589,212031,176542,183495,144089,39,140579,136854,304155,299218,30799,20999,23227,542,20924,0,20999,23227,542,16971,2815,371863,397733,164164,364230,8,7257
4,4,27727.4,21854.9,38917.3,39751.4,26800.4,35616,22233,19,38380,37236,62196,60863,6154,3481,4237,60,3816,0,3481,4237,60,2215,887,371863,397733,164164,364230,8,7257
4,4,68266.9,92287,229120,388953,349793,334444,283958,69,179475,174873,235884,232018,24350,38946,41765,1350,37573,0,38946,41765,1350,30432,3821,371863,397733,164164,364230,8,7257
4,4,35309.7,25775.1,85281.9,74248.1,52027.7,65221,41993,35,52788,51215,120190,117732,12219,7567,8168,185,7224,0,7565,8166,185,4481,854,371863,397733,164164,364230,8,7257
4,4,76096.5,91778.5,327727,245586,221920,210353,179877,59,139893,136298,320520,315412,32169,26906,28530,654,25634,0,26906,28530,654,22209,2319,371863,397733,164164,364230,8,7257
4,4,57569.7,50145,290066,144320,109635,126188,90082,44,98182,95522,282049,277169,29167,15468,16455,385,14739,0,15468,16455,385,12350,1421,371863,397733,164164,364230,8,7257
4,4,60791.4,60174.7,184377,290599,231172,249121,189561,68,116182,113194,191566,188417,18900,29784,32195,842,28755,0,29784,32195,842,21641,3225,371863,397733,164164,364230,8,7257
4,4,50679.1,48132.8,173169,232680,164274,204885,134445,39,95302,92527,195382,191853,19186,21464,24126,534,21839,0,21464,24126,534,14055,3324,371863,397733,164164,364230,8,7257
4,4,86352.1,100464,377288,421623,338467,366532,281110,94,190341,185433,348600,343374,33878,40021,44875,1206,40752,0,40021,44875,1206,33101,5906,371863,397733,164164,364230,8,7257
4,4,50981.3,55033.5,168982,175746,133373,153473,110222,37,104849,101990,208582,204844,21822,18554,20108,647,18140,0,18554,20108,647,12911,2096,371863,397733,164164,364230,8,7257
4,4,84977.9,85918.5,330220,378742,317922,333555,263468,100,171135,166532,342739,337525,33763,35870,39493,1140,35821,0,35870,39493,1140,29064,4613,371863,397733,164164,364230,8,7257
4,4,46899.7,36651.6,133638,126946,78352.4,113759,65182,23,81860,79569,165353,162373,16828,10734,12658,211,11330,0,10734,12658,211,8156,2265,371863,397733,164164,364230,8,7257
4,4,36244.3,16298.3,90735.7,53865.5,37311.8,47728,31253,37,39096,37984,133829,131189,13563,5764,6370,113,5657,0,5764,6367,113,4251,781,371863,397733,164164,364230,8,7257
4,4,28053.2,17292.9,42063.7,46510.6,32259.1,41253,26933,28,40419,39226,66059,64619,6479,4819,5409,77,4818,0,4819,5409,77,3482,734,371863,397733,164164,364230,8,7257
4,4,63246.4,55753,277269,146177,131400,125832,107595,32,115313,112214,288643,283768,29738,16372,17835,407,16005,0,16372,17835,407,13198,1920,371863,397733,164164,364230,8,7257
4,4,48136.2,46301.7,157257,159380,112750,139185,93392,32,95700,92990,203014,199317,21155,16516,18188,487,16375,0,16516,18188,487,11209,2168,371863,397733,164164,364230,8,7257
4,4,40773.3,37053.1,131542,160778,84053.1,142278,67869,33,80314,78004,164363,161269,16789,15842,17193,540,15423,0,15842,17191,540,8096,1825,371863,397733,164164,364230,8,7257
4,4,65783.5,52038,128147,145608,131970,130597,111146,14,100163,97484,157455,154860,15636,12680,15525,324,14057,0,12680,15525,324,11576,3198,371863,397733,164164,364230,8,7257
4,4,45994.2,32099.6,197940,152865,125555,134418,103924,59,65335,63476,219618,215500,22276,16190,17391,480,15511,0,16190,17391,480,12646,1672,371863,397733,164164,364230,8,7257
