K,order,dist,cost_polyanya,cost_ki,cost_hi,h_cost,vnum,gen_poly,push_poly,pop_poly,gen_ki,push_ki,pop_ki,prune_ki,suc_call_ki,gen_hi,push_hi,pop_hi,prune_hi,suc_call_hi,heuristic_call,reevaluate,pts,polys
9,9,68768.4,47676.3,417912,330386,266039,77,83831,81467,67156,325517,320342,307560,33434,1973394,38269,47118,41002,1341,137005,42890,9893,10,7532
9,9,73512.2,52902.4,554211,422530,353860,11,93701,91073,75616,400290,393947,380826,39734,2502237,43739,55289,48111,1463,152207,50461,12802,10,7532
9,9,72345.7,58838.4,341953,446925,371301,58,111027,108039,90716,293099,288681,276551,29696,1787267,45501,58776,52194,1826,170598,53900,14458,10,7532
9,9,49207.2,18390.2,187365,244200,206502,76,41345,40079,31956,189205,185917,176489,19741,1012431,26917,33080,28170,699,84584,30039,6949,10,7532
9,9,42667.4,12292.8,172767,163533,142978,20,30567,29562,23116,172620,169424,159289,17618,871689,14298,19168,16170,241,38504,17442,5354,10,7532
9,9,94771.7,110622,575905,805514,653013,63,173131,168404,143101,438928,432594,418107,42361,2922981,79650,101363,90661,2538,331535,92902,23760,10,7532
9,9,110813,279708,679065,1.47795e+06,1.20864e+06,151,374800,365035,315379,496599,489991,477103,45944,3523687,131293,159393,143564,5257,612635,147001,31328,10,7532
9,9,65694.4,46614.7,285391,312193,260480,68,84140,81710,68109,262544,258164,246199,26940,1544679,34625,43807,38284,1187,119182,40045,10163,10,7532
9,9,99475.1,148059,632386,900179,742764,52,216933,211545,180834,477875,471197,458124,45570,3243146,88797,110066,98374,3437,380522,100952,23472,10,7532
9,9,67983,54531,319738,366631,304049,75,96844,94153,78536,288044,283595,271611,28959,1726498,39571,48681,42635,1560,142334,44363,10148,10,7532
9,9,107480,244835,634936,1.37496e+06,1.14168e+06,151,343311,334348,287690,487951,481363,468579,45515,3415572,118986,149885,135061,4640,537947,138591,33811,10,7532
9,9,88362.2,106443,553764,644380,529568,100,173809,169254,142897,438424,432012,418627,42435,2899218,65790,82518,72935,2511,262988,75789,18423,10,7532
9,9,83733.5,87755.4,435306,500486,410730,42,139115,135082,113188,370708,365071,350507,36016,2333788,55349,68044,59628,1868,214493,62196,14165,10,7532
9,9,94261.2,102261,573464,656760,553074,14,161965,157620,133018,458169,451698,437735,43429,3058591,57494,79277,70824,2126,227451,73374,23279,10,7532
9,9,86111.1,96324.8,415473,587179,486446,106,160651,156453,132796,356092,350820,336934,35458,2245267,59417,75170,66997,2320,230370,68818,17206,10,7532
9,9,77480.8,69479.3,440831,498250,414755,94,121082,117708,98627,373025,367140,352855,37627,2313759,51911,65599,57766,1949,194144,59974,15049,10,7532
9,9,86179.5,103769,362040,556642,470016,10,167829,163192,137389,324711,319837,304510,31416,2020329,49604,65312,57437,2011,188570,60121,17078,10,7532
9,9,83742.2,94221.5,451421,695492,582782,99,162124,157739,133259,378737,372950,358523,37951,2411897,65549,83901,74437,2315,254334,76898,20038,10,7532
9,9,86208.9,103243,559343,649888,527705,62,167805,163436,138853,443068,436381,424167,43004,2897655,75724,91775,81407,2702,312639,83869,17991,10,7532
9,9,86896.2,78613,515596,479666,391145,76,131913,128170,108417,418149,411926,397911,40139,2699395,55124,68345,60401,1976,216230,62593,14692,10,7532
9,9,48008.9,27392.1,200527,190072,158742,41,53833,52222,42947,208684,204863,192273,21512,1070551,23436,28321,24270,646,74433,25630,5569,10,7532
9,9,80996.4,77888.1,444428,526419,436746,104,132643,129063,108463,377561,371659,357585,38251,2375418,54791,69623,61433,2021,205497,63761,16251,10,7532
9,9,73902.4,51014.6,398990,384966,318479,77,99992,97260,80741,343494,338094,324686,34898,2102804,42100,52976,46441,1486,151802,48372,12007,10,7532
9,9,55140.1,32751.4,156477,325087,276358,39,65984,64031,52397,176481,173475,164397,17818,936220,33006,41324,35757,1046,107026,37633,9269,10,7532
9,9,79269.4,90218,373361,511166,420722,100,143210,139522,118322,328122,323212,310044,32935,2045269,53605,66742,59190,2081,204462,61040,14453,10,7532
9,9,86819.9,86208.2,456129,551531,457769,98,151291,147277,124476,391039,385174,370491,38950,2481854,56954,72867,64930,2154,220979,66896,17367,10,7532
9,9,80642.8,75383.3,414556,480500,396150,90,129799,126264,106141,352779,347358,333566,35438,2184543,50969,65147,57868,1790,193728,59680,15463,10,7532
9,9,60137.2,37512,276787,315233,266011,50,72924,70861,58298,263629,259379,247730,27124,1529613,32581,41004,35654,1260,113063,37399,9314,10,7532
9,9,74896.1,75471.5,294833,389062,329391,101,123579,120146,100443,284115,279578,266061,28108,1677571,36795,47350,41165,1197,130518,43307,11599,10,7532
9,9,68864.4,51667.8,434287,448553,377658,55,98533,95754,79585,357417,351537,336895,36009,2155263,46080,57627,50538,1594,168008,52540,12796,10,7532
9,9,96199,93617.7,571003,776559,653370,8,163658,159301,135112,448174,441798,427501,43146,2987863,70240,93213,83041,2318,274733,85788,24813,10,7532
9,9,54557.2,29875.8,236715,218579,182117,55,62649,60809,50108,236871,232691,221098,24549,1320195,25834,32267,27787,763,83689,29285,7171,10,7532
9,9,87968.8,109262,472272,738257,619343,104,179484,174780,148299,391003,385142,370371,39063,2523077,68776,89052,79199,2493,271973,81816,22028,10,7532
9,9,54517,23387.1,380608,220737,185772,22,51655,50141,40639,315351,309931,294317,31912,1743366,24638,31192,26592,753,76009,28366,7314,10,7532
9,9,57352.2,28177.7,436152,225713,190804,7,55916,54357,44580,351104,345214,329483,35141,1996224,24252,31360,26843,847,74353,28624,7816,10,7532
9,9,93553.7,140866,578725,838310,693267,128,218927,213178,181469,449608,443100,430829,43291,3027484,81018,101680,90652,3013,332776,93486,22766,10,7532
9,9,78288.6,68613.5,396346,445985,364899,88,118946,115728,97144,347025,341669,328139,35024,2143839,47944,60907,53991,1689,181772,55759,14170,10,7532
9,9,74442.3,54993.1,531463,380336,311347,31,94071,91456,75920,423260,416628,404879,40548,2681687,44117,55711,48762,1668,162690,51004,12820,10,7532
9,9,79997,87018.2,555274,598441,493274,59,143468,139646,117799,428496,421875,410004,41869,2774368,64969,79108,69754,2315,258342,72239,15881,10,7532
9,9,56491.3,28478,181547,249846,212987,56,58749,56976,46380,192419,189105,179191,19659,1039886,24709,31483,27184,800,79718,28735,7498,10,7532
9,9,78081.7,58665.3,421331,449323,373909,78,112245,109130,90885,365672,359945,345713,36678,2259313,47789,60652,53230,1746,170894,55410,14176,10,7532
9,9,84932.6,81341.3,541555,647425,542829,18,135506,131770,110562,426951,420503,406803,41454,2757177,62330,79092,69688,2147,238124,72233,18451,10,7532
9,9,68628.3,45515.5,409056,398292,333891,80,92193,89517,74230,348360,342632,327585,35642,2079667,40841,51516,45090,1505,147796,47022,11811,10,7532
9,9,45365.5,17557.2,211438,142002,118093,63,40663,39355,32068,213478,209489,195791,21880,1058377,17601,21711,18540,480,53977,19659,4657,10,7532
9,9,59202.4,25632,174011,305953,263016,27,55956,54287,43784,193811,190575,180567,19771,1053995,28553,37055,31937,791,88935,33800,9335,10,7532
9,9,48672.6,19759,276763,162660,134472,56,43006,41585,33853,258270,253562,238125,26142,1329761,20069,23926,20319,581,62496,21630,4492,10,7532
9,9,90795.1,132826,581315,783100,645817,67,189462,184460,156491,451238,444564,432890,44022,3018397,81102,99631,88622,3044,338979,91304,20629,10,7532
9,9,77436,60294.4,551494,421789,350250,21,104927,102110,84903,417302,410847,398240,39878,2655486,44522,57496,50318,1542,163035,52719,14192,10,7532
9,9,48772.8,16878,182404,229154,195667,23,38242,36994,29176,191923,188560,178659,19719,1011196,23576,29167,24752,662,72545,26464,6323,10,7532
9,9,57439.1,33856.3,239920,295908,249517,39,65624,63727,52596,241640,237635,225906,25064,1349046,30818,39364,34306,1122,104694,35892,9429,10,7532
9,9,63925.3,36945.2,257011,301605,254932,41,73323,71158,58594,245209,241090,229400,24954,1426602,32392,40536,35114,967,106857,36926,9083,10,7532
9,9,53926,28642.2,171381,297722,251227,65,60055,58260,47583,189326,186085,176577,19539,1016900,33455,41200,35576,1001,110239,37444,8691,10,7532
9,9,56772.6,25953.6,187528,231268,197601,12,53595,51940,42154,195015,191604,181545,19996,1053181,22440,30081,26066,706,68652,27549,8325,10,7532
9,9,83798.1,93434.5,560970,634033,519180,61,155092,150993,127606,437449,430789,418690,42623,2852196,70874,86393,76498,2598,286023,78976,17383,10,7532
9,9,67818.4,41253.7,381526,319328,262166,70,80900,78596,64798,329591,324309,311307,33868,1987297,37867,46617,40587,1318,135215,42429,9782,10,7532
9,9,61570.4,33185.7,493149,248386,203420,53,61778,60017,49448,393932,387408,373197,38699,2327030,31952,38740,33218,1023,109095,35117,7735,10,7532
9,9,45952.7,18088.4,165605,192982,168528,7,36275,35177,27892,173543,170399,161057,18056,902393,17588,22500,19039,384,52013,20495,5447,10,7532
9,9,67384.8,54329.5,180178,441984,372245,64,102836,99953,83402,201114,197906,187521,19847,1110406,42627,54177,47467,1496,150362,49567,12726,10,7532
9,9,78526.9,77698,554121,539658,442487,66,131029,127507,106552,426695,420117,408368,41724,2768224,58354,70485,61795,1955,228246,64311,13706,10,7532
9,9,91519.7,112257,466897,669616,548244,113,187197,182396,155267,388182,382497,367437,38262,2471159,67674,85724,76740,2445,273816,78688,19678,10,7532
9,9,62386.7,33323.2,241086,314646,269454,32,70114,68069,55941,236840,232843,221256,24136,1364903,30743,39825,34538,875,99578,36323,9978,10,7532
9,9,62585.4,35991.4,346874,281109,229479,68,71475,69397,57101,301924,296959,284746,30980,1782105,34341,41861,36380,1193,119490,38003,8479,10,7532
9,9,54318.9,28222.4,231405,309877,263942,24,57581,55799,45322,221723,217944,206567,22992,1202475,30026,37902,32761,959,98992,34519,8774,10,7532
9,9,99563.7,187738,619306,1.09435e+06,900581,135,271651,264607,226273,465899,459352,447172,44377,3199935,98416,123635,110826,3745,421335,113998,27683,10,7532
9,9,82806.4,75523.9,546261,604628,502729,29,134525,130837,109789,427701,421169,408085,41200,2738573,61335,77316,68094,2082,231317,70643,17606,10,7532
9,9,94651.5,99691.1,615098,644412,540183,8,160723,156530,132835,456932,450495,436275,43107,3051640,56329,77387,69200,2182,222931,71685,22511,10,7532
9,9,64231.1,38594,505572,287085,241238,33,71099,69013,56370,394039,387614,373993,38578,2386412,33117,41405,35368,1006,111296,37634,9266,10,7532
9,9,53682.8,21259,206108,215057,186066,17,47029,45589,36766,203109,199526,188674,21354,1086200,20913,28092,24195,529,63574,25685,7822,10,7532
9,9,49257.7,16779.9,192358,199384,170962,16,39372,38149,30230,188467,185076,174925,19722,985354,19060,25216,21568,429,55825,22971,6736,10,7532
9,9,66314.6,52593.3,359361,293440,242273,51,81529,79287,65673,315751,310510,296265,31048,1834700,31689,39757,34446,873,109511,36227,8901,10,7532
9,9,52272.2,23519.6,233244,287491,245155,24,53299,51675,41907,212868,209207,198315,22183,1143408,28775,35711,30744,938,93543,32484,7803,10,7532
9,9,73994.6,66754.8,460995,551240,461748,51,118794,115511,96605,366324,360437,346671,36801,2281986,54211,68156,60008,1931,203249,62184,15390,10,7532
9,9,69264.4,44706.8,527819,287885,229184,88,79425,77184,64198,398751,392359,379310,38410,2452720,34753,42354,36776,1142,123786,38534,8564,10,7532
9,9,39508.1,14479.1,150369,166854,147597,13,34410,33273,26582,157657,154670,144149,15960,754777,14880,19117,16200,269,41704,17333,4741,10,7532
9,9,78671.7,74603.8,534205,553469,455157,47,127799,124412,104569,426216,419601,407122,41374,2717394,60057,73949,65025,2140,229656,67539,15496,10,7532
9,9,94276.4,136671,552883,793256,663720,111,204299,198978,169628,406626,400668,386062,39743,2674048,68356,89961,80076,2692,262605,82721,23366,10,7532
9,9,52261.4,24769.4,381971,237354,200590,7,51396,49849,40270,310237,304915,287899,31328,1666675,24082,31223,26541,758,73224,28470,7878,10,7532
9,9,71301.4,54229.8,562470,414792,341067,40,100515,97766,81085,412235,405674,393145,40173,2577721,47333,58674,51028,1549,174593,53437,12626,10,7532
9,9,78470.5,54739.2,569977,354367,284894,99,94755,92123,76688,425159,418576,406466,40737,2702203,40770,51480,45254,1499,150522,47090,11799,10,7532
9,9,76662.6,77070.2,490653,588899,489840,55,127810,124193,104003,379572,373548,359801,38112,2395455,57798,73385,64733,2037,220177,66993,17147,10,7532
9,9,82721.8,96235.1,589064,659917,542676,69,153819,149806,126188,433285,426676,415149,42365,2838778,68035,83080,73404,2351,276581,76038,16833,10,7532
9,9,75237.8,53685.9,577174,384289,307534,55,91486,88921,74175,425678,419009,407747,40559,2697153,47570,58142,50910,1752,176990,53069,11884,10,7532
9,9,87984,73295.6,607692,544140,447916,34,130913,127291,106476,447763,441171,428548,42668,2934048,53615,71539,63473,1883,208922,65926,19392,10,7532
9,9,87238.8,96181.7,543317,698661,578009,42,156189,152028,128122,440947,434369,421144,42647,2858834,71299,88760,78454,2503,280784,81128,19307,10,7532
9,9,57784,39009.5,261561,240752,197707,67,72001,69968,57987,249009,244699,232448,25395,1397680,27771,34709,29933,803,94370,31570,7711,10,7532
9,9,73694.9,59729.9,356920,418654,344711,92,115015,111952,94161,309873,305168,292509,31114,1899674,44872,55520,48838,1732,163726,50666,11788,10,7532
9,9,75723.6,69378.1,349700,440005,361091,105,123348,120140,101242,311115,306466,293794,31341,1921230,47757,58556,51583,1888,177020,53385,11987,10,7532
9,9,54112.4,25113.3,343017,252638,208695,36,54063,52453,42477,295292,290261,275808,29994,1649414,29228,35759,30725,861,96605,32444,7387,10,7532
9,9,75380.7,73781.8,331604,406331,341835,100,126976,123517,103912,292225,287574,274187,28820,1762377,42627,55456,49055,1470,156363,50847,13977,10,7532
9,9,91748.8,96147.9,561354,603579,494184,88,155252,150977,128114,439104,432730,418913,41686,2883094,63244,79555,70905,2394,257980,73192,17943,10,7532
9,9,58302,37714.8,276928,303420,259277,42,70460,68485,56528,252280,248115,236517,26069,1438066,31634,40398,35244,1238,109001,36852,9654,10,7532
9,9,76810,58458.5,565929,391385,322521,28,99439,96666,80398,420602,414052,401859,40410,2672506,43548,56112,49125,1549,158237,51410,13786,10,7532
9,9,69818.4,44354.2,565152,336308,274681,40,83556,81281,67485,415617,409016,397407,39977,2597153,41060,50895,44275,1520,149970,46458,10964,10,7532
9,9,90686.8,138671,602615,835528,682902,127,208763,203396,172942,443576,437106,425455,43544,2994030,83278,99464,88260,3187,353666,91116,18291,10,7532
9,9,81478.9,71708.7,403461,443709,372980,30,129886,126101,105481,332071,326902,311833,32203,2025063,44843,58073,50823,1519,160895,53302,14495,10,7532
9,9,102700,200468,686098,1.04532e+06,852064,82,267609,260557,223638,481864,475176,463544,45963,3347690,103242,127607,114714,4175,465554,117456,26964,10,7532
9,9,65904.2,38141.7,518215,269848,216834,60,73798,71699,59127,397022,390527,376495,38650,2407239,34426,40573,34715,1151,124236,36831,7111,10,7532
9,9,46692.1,18826.4,197426,235694,200719,30,44192,42826,34454,198398,194872,184018,20319,1031000,25313,30723,26209,769,80682,27810,6180,10,7532
9,9,65936.2,45933.6,384097,273588,229036,51,81010,78792,65386,315574,310353,296127,30860,1831962,31219,39209,33972,852,107216,35725,8810,10,7532
9,9,94778.9,104080,619928,689787,568667,23,167549,162920,137568,462699,456155,442799,43784,3093942,64376,86427,77359,2474,262592,79890,23758,10,7532
9,9,67920.8,44281.2,465757,288523,233301,69,80940,78614,65701,374610,368546,353825,36231,2235971,36014,43006,37404,1169,131500,39077,7982,10,7532
9,9,55326.1,31679.6,257316,227012,188337,61,67227,65270,54127,239388,235179,223148,24620,1324557,26643,32862,28369,809,87483,29835,6978,10,7532
9,9,45279.5,16635.9,231338,189098,161146,37,38306,37167,29583,230127,226010,211255,23381,1151063,20510,25372,21317,553,59645,22881,5500,10,7532
9,9,50802.5,29321.7,267983,194402,161315,55,54157,52509,43307,257548,252895,239225,26413,1379251,23424,28748,24745,736,77055,26119,6017,10,7532
9,9,47625.5,18604.5,197879,180397,153093,33,41366,40098,32468,195049,191446,180367,20137,1005905,20351,25112,21524,476,61467,22749,5375,10,7532
9,9,59241.6,28270.1,452697,226184,185433,70,58488,56811,46903,366403,360221,344841,36218,2119451,28743,35167,30423,936,97815,31987,7245,10,7532
9,9,59217.6,30867.1,484016,269397,222470,36,63475,61653,50595,384045,377641,362395,37683,2216274,33252,39691,33973,1143,113822,35981,7409,10,7532
9,9,82742.6,91432.1,545605,535122,435699,111,148602,144602,121470,425401,418951,406466,41448,2783337,58936,72045,63199,2257,230425,65891,14684,10,7532
9,9,67486.5,20376.8,242444,286970,242827,13,48613,47075,37496,245197,241317,229381,25352,1427395,28325,36266,31265,837,91955,33082,8778,10,7532
9,9,103104,189363,646791,1.03012e+06,842500,77,261279,254450,218200,484835,478139,466368,46132,3372196,103405,127912,115028,4120,466339,117671,27100,10,7532
9,9,46599.2,19740.8,263087,212280,180831,50,43703,42403,33971,246292,241983,226259,25054,1248932,22557,27687,23318,734,67364,25041,5822,10,7532
9,9,98375,141651,499682,764948,626734,113,223084,217529,186553,414770,408912,394092,40253,2732374,77413,96776,86901,2969,323282,88846,21203,10,7532
9,9,95747.7,127835,514003,821556,696524,120,212646,207082,176643,410516,404581,389522,39944,2708582,70572,93449,83243,2773,272043,86030,24691,10,7532
9,9,83213.3,93271.1,339929,506126,425941,14,150316,146088,122479,316586,311715,296744,30946,1933010,45531,60034,52521,1725,165376,55177,15785,10,7532
9,9,80928.5,71087.5,444553,468637,388712,89,125438,121979,102147,372497,366762,352297,37311,2320152,50293,63813,56455,1923,189054,58465,14844,10,7532
9,9,93290.4,104692,499933,765336,625730,114,180125,175551,149307,410944,404971,391195,40427,2695502,78839,98212,87551,3360,312551,90178,21303,10,7532
9,9,59206.2,41510.3,156281,388112,332145,56,86205,83775,69708,178035,175076,165729,18169,954594,37271,46316,40305,1218,129591,42235,10091,10,7532
9,9,72831.4,59073.6,371561,385194,316438,93,104500,101724,85075,319612,314680,302036,32571,1955641,42935,53901,47578,1592,160534,49260,12060,10,7532
9,9,62739.5,40204.5,172855,374653,316044,40,83183,80774,66613,197441,194200,184130,19681,1076164,38766,48877,42568,1202,133185,44658,11205,10,7532
9,9,71493,58134,530887,420027,347879,39,102500,99703,82998,411180,404638,392079,39962,2570451,48178,59508,51786,1611,175806,54207,12660,10,7532
9,9,59096.4,24634.5,205739,255533,222193,5,53627,52015,42178,207385,203792,192827,21283,1136104,21235,30191,26067,631,63727,27743,9620,10,7532
9,9,97998.3,128480,512568,894880,727778,122,213546,208182,177707,422869,416865,402631,40709,2805772,89991,111814,100051,3722,364807,102764,23979,10,7532
9,9,58688.3,29885.3,384845,277590,227771,65,62615,60835,49695,321419,316058,301514,32553,1857858,33419,40532,34917,1130,115536,36808,8031,10,7532
9,9,45407.7,9700.54,197281,140308,124666,6,23675,22897,17694,193013,189569,179438,19885,1006680,11353,15388,12901,220,30365,14025,4426,10,7532
9,9,79073.1,63615.4,480988,396899,322867,77,108916,105834,88809,399755,393571,379856,38577,2510273,47694,57608,50488,1643,183716,52526,11177,10,7532
9,9,47426.1,19672.7,279840,211215,178224,46,43857,42569,34039,252775,248383,232761,25745,1298717,22728,28024,23654,690,68528,25366,5995,10,7532
9,9,45788.7,17942.2,255345,197339,168515,41,39577,38387,30688,235630,231433,216476,24048,1186525,20906,25890,21764,584,60770,23360,5637,10,7532
9,9,96543.6,128813,619525,903016,751463,32,200207,194884,166162,466627,460000,446172,44156,3120440,86862,108049,96380,3217,362498,98882,23379,10,7532
9,9,68377.6,45867.1,522286,346476,286229,51,84449,82033,67651,407379,400790,387703,39810,2519544,39961,48731,42020,1365,146686,44315,9908,10,7532
9,9,86162.6,92098.7,465586,730834,610894,42,162507,158008,133274,382706,376904,362522,37980,2455051,68883,87605,77874,2288,274968,80297,20512,10,7532
9,9,83331.8,92314.3,550213,625139,507929,121,158764,154503,130170,429221,422708,411135,41914,2829688,65911,77845,68458,2397,263070,71045,13650,10,7532
9,9,49412.9,31139.4,217066,223048,186066,63,57018,55314,45429,220052,216061,203962,22673,1167910,25428,30853,26511,782,82344,27928,6164,10,7532
9,9,89719.8,81747.5,533111,722539,597137,66,148065,143899,121219,427838,421445,407394,41912,2803251,71825,91818,81558,2334,284855,84033,21904,10,7532
9,9,89379.2,109698,504164,805677,671354,44,181970,177053,150201,396451,390586,375930,38938,2580312,77181,98278,87690,2581,316744,90195,23058,10,7532
9,9,38583.2,17160.4,134828,150634,131671,52,37305,36079,29045,150507,147613,137243,15209,708674,15277,18030,15090,271,43089,16206,3256,10,7532
9,9,46862.5,18414.9,272925,184669,158339,7,38056,36880,29166,259543,254962,237495,26415,1301989,19131,24574,20617,611,54627,22334,6055,10,7532
9,9,87093.4,98704.7,434551,593649,490359,97,162723,158400,133957,377696,372043,357408,37382,2375360,60978,77496,69096,2128,240563,71100,18016,10,7532
9,9,87032.3,83012,488603,663500,551227,59,147900,143774,121278,406098,399941,385771,39867,2633410,66773,85023,75500,2276,264190,77809,20017,10,7532
9,9,97221.7,135348,602552,870599,724976,45,206150,200878,171545,471480,464831,451166,44683,3163077,85443,106456,94891,3239,355064,97531,23170,10,7532
9,9,95553.9,124899,498205,822613,676571,115,197668,192632,164288,417595,411604,397507,40674,2759355,81827,102587,91579,3524,325337,94297,22753,10,7532
9,9,53620.2,31199.9,159194,319777,271656,60,64506,62620,51212,175781,172763,163770,17876,932663,33720,40939,35325,1074,111761,37206,8158,10,7532
9,9,80371.5,78081.3,520122,453932,373879,8,123270,119977,100815,413633,407287,393770,40159,2658108,48612,59226,51855,1850,188651,54151,11911,10,7532
9,9,79034.9,67873.6,448967,536146,445218,103,127664,124192,104095,373912,368058,353872,37706,2341289,54595,69120,61050,1999,206547,63255,15922,10,7532
9,9,93415,128256,578587,788082,654599,105,207564,202192,171480,450873,444424,431060,43054,3027269,75180,95571,84888,2920,305573,88035,22286,10,7532
9,9,68763.4,58500.3,183178,436697,370820,59,110277,107299,90215,197676,194589,184307,20107,1096965,41713,53255,46903,1532,149830,48874,12633,10,7532
9,9,68695.8,52203.9,206130,389542,330843,59,97541,94847,79369,208340,205095,194195,21580,1177195,38723,49791,43888,1406,138762,45587,12095,10,7532
9,9,99626.3,140660,616677,886687,732164,52,214819,209399,179101,478873,472212,459010,45557,3251942,88027,109349,97637,3367,374622,100330,23525,10,7532
9,9,45938.8,18095.7,178496,185745,158196,31,42573,41277,33441,189606,186065,174903,19595,961630,20819,25701,22051,431,63444,23271,5504,10,7532
9,9,68788.5,45300.8,471906,436211,358705,26,87913,85424,70808,380350,374178,360369,37932,2327921,50020,61349,53472,1559,180252,55868,12701,10,7532
9,9,67524.4,42690.1,503418,292436,235476,60,81033,78753,65016,397992,391549,377707,38730,2434120,37386,43398,37102,1236,135874,39334,7061,10,7532
9,9,96907.2,109181,612396,661617,547989,34,164936,160427,135760,471403,464776,451754,44303,3170970,63274,84298,75376,2316,254572,77859,22701,10,7532
9,9,68627.6,48314.4,373357,329543,268326,89,89445,86985,72180,314022,309080,296729,32277,1898605,39285,48387,42473,1472,144381,44105,10134,10,7532
9,9,69625.1,60846.1,323908,421155,347714,59,103906,101072,84618,289042,284606,272422,29098,1738168,43667,56123,49696,1755,160927,51420,13584,10,7532
9,9,72300.4,74804.9,186201,489646,409951,68,126883,123627,104651,197564,194496,183994,19395,1100007,46776,57909,51061,1932,175097,53028,12344,10,7532
9,9,48629,27215.7,248889,190699,157697,45,52931,51283,42051,230899,226639,213583,23564,1211575,23557,28938,24899,685,76198,26231,6096,10,7532
9,9,67096.8,44222.4,433431,413916,344109,62,90698,88133,73215,357454,351575,336715,35998,2142333,44858,55311,48384,1538,165704,50451,11668,10,7532
9,9,48247.1,17964.9,163142,279746,243309,12,41455,40150,31875,169556,166572,157875,17369,889310,25762,32255,27454,726,77025,29291,7283,10,7532
9,9,82881.8,79192.7,529958,601559,501217,29,134822,131115,110046,428018,421482,408375,41225,2741572,61567,77637,68394,2078,232061,70929,17700,10,7532
9,9,76712.5,65343.6,522830,404576,330747,98,112463,109379,91233,409051,402687,389719,39936,2608430,46218,55615,48373,1812,174104,50719,10657,10,7532
9,9,43568.5,15317.7,209892,148760,126466,49,33061,31981,25590,207909,204077,190774,21206,1019581,15726,19263,16287,453,45429,17396,4027,10,7532
9,9,58033.2,26659.6,238373,250236,212028,39,56880,55195,45110,230967,226949,215599,23774,1301842,26121,33074,28683,722,85250,30093,7720,10,7532
9,9,63749.5,49408.3,270923,288557,241492,80,89703,87132,72410,264262,259775,247085,26190,1518426,30634,38742,33442,889,102392,35278,8982,10,7532
9,9,57368.1,26856.2,450314,239097,193678,72,52420,50847,41551,362450,356296,340133,36156,2054147,31390,37204,31827,1085,103545,33717,6737,10,7532
9,9,111753,278256,657293,1.54852e+06,1.27793e+06,151,381567,371608,320947,500117,493508,480467,45954,3541783,132609,164729,148773,5292,616627,152308,35340,10,7532
9,9,104077,225116,620257,1.22528e+06,997336,110,318771,310444,267065,476559,469990,457724,45542,3332344,116944,140352,125798,4710,534511,129155,26316,10,7532
9,9,64763.9,34457.9,490261,295286,249248,14,69555,67672,55678,383279,377041,363857,38143,2330126,32405,40803,34966,1025,103811,37219,9328,10,7532
9,9,110233,276649,654492,1.49355e+06,1.24824e+06,154,373385,363811,314126,499599,492970,480013,45917,3525170,126056,159277,143896,5025,581656,147445,36257,10,7532
9,9,74288.9,53302.7,516608,439892,368730,14,99683,96874,80634,404771,398355,385180,40001,2544442,46679,58300,50675,1567,166428,53159,12938,10,7532
9,9,65199.1,43272.1,321468,320684,263957,86,86654,84225,69884,292121,287497,275425,29789,1748604,36285,45703,39965,1380,129710,41708,10396,10,7532
9,9,72819.6,46821.5,519702,304942,249677,92,84333,81972,68181,410314,403777,391640,39209,2563405,36596,45428,39589,1184,131140,41452,9838,10,7532
9,9,50910.6,19073.6,340687,171110,144680,62,41084,39821,32068,295932,290712,274205,29969,1560437,19863,24476,20757,636,61527,22159,5203,10,7532
9,9,48119.4,13461.2,195720,191784,165107,69,29684,28719,22475,194666,191205,181534,20137,1036071,20625,25242,21219,558,59409,22859,5252,10,7532
9,9,55219.3,32809.8,276993,214405,177555,44,65097,63252,52393,258315,253754,241234,26026,1439388,25870,32490,28040,685,85778,29557,7334,10,7532
9,9,53904.3,24011.9,348260,240672,200465,26,53059,51543,41820,306422,301182,285718,30972,1692020,28712,34741,29546,877,91311,31421,6879,10,7532
9,9,77056.9,58745.8,519204,493027,411925,20,113795,110693,92414,413003,406559,393339,40404,2615498,53061,66296,57966,1725,194426,60436,14663,10,7532
9,9,48889.5,27006.6,230553,192431,159707,45,53352,51701,42449,232219,227959,214925,23726,1225387,23621,28962,24919,689,76992,26254,6057,10,7532
9,9,88442.6,106868,467164,740496,622701,109,178493,173796,147552,389243,383426,368577,38702,2511604,69036,89529,79745,2454,275515,82294,22251,10,7532
9,9,79764.6,75744,461006,598576,497903,103,141872,138012,116073,371748,365968,351931,37570,2343140,60225,75802,67140,2230,234468,69375,17146,10,7532
9,9,53219.9,21476.8,374857,179406,148775,62,44028,42663,34627,317085,311511,295331,31558,1720419,22173,26739,22816,701,70693,24224,5215,10,7532
9,9,100993,168973,616986,1.00525e+06,819589,89,262773,255910,219476,469799,463206,451634,45386,3257341,101866,123063,110116,4152,450006,113078,23750,10,7532
9,9,56519.8,29997.8,426417,234104,199223,5,53026,51493,42079,343742,337919,321773,34288,1940290,23124,30248,25925,779,70738,27670,7812,10,7532
9,9,50167.4,20899.6,286004,164977,137969,73,47454,45974,37658,265170,260370,245705,27076,1400090,20302,24777,21128,566,63858,22431,5096,10,7532
9,9,78055.3,76456.3,339839,415905,349106,23,126716,123144,102918,312424,307512,292865,30556,1870007,40972,54409,47602,1410,144206,49939,14599,10,7532
9,9,48750.6,15426.8,178562,212747,181318,15,33688,32582,25489,187812,184517,174903,19401,991810,22586,27994,23625,577,68452,25420,6111,10,7532
9,9,105800,164427,546474,994677,827825,135,257511,251254,216577,441694,435640,420595,40990,3004490,90729,115091,103271,3829,365759,105856,26555,10,7532
9,9,82207.4,63045.5,553419,421851,337973,47,106333,103348,86477,439128,432424,420776,42006,2834817,52684,65203,57457,1944,203020,59723,13954,10,7532
9,9,48377.9,22794,207352,179475,150229,32,45030,43660,35603,204839,201059,189241,21310,1055476,21880,26625,22862,499,68786,24116,5395,10,7532
9,9,88351.2,107474,544110,652606,540388,102,172130,167639,141375,438181,431787,418305,42307,2896036,64165,80900,71478,2471,257202,74378,18367,10,7532
9,9,82265.1,81990.5,414526,528067,434865,105,142824,138999,117125,356707,351289,337317,35655,2223703,55914,70787,62926,1977,216437,64866,16244,10,7532
9,9,65887.3,48016.2,279212,308242,255158,67,85553,83098,69348,262999,258622,246603,26907,1549999,34806,43966,38420,1172,120015,40188,10137,10,7532
9,9,75839.9,65488.6,437871,503290,419457,86,120402,116959,97889,371958,366044,351435,37661,2289953,52816,66626,58730,2029,199509,60895,15213,10,7532
9,9,46064.5,10667.3,183658,181656,156564,70,26559,25664,19828,181951,178681,169496,18836,955583,19375,23961,20058,444,54091,21683,5202,10,7532
9,9,97031.7,124336,592175,847825,706312,42,203546,198350,169301,468678,462023,448416,44552,3136861,84327,105096,93617,3162,349375,96317,22907,10,7532
9,9,98204.2,174994,576657,1.06584e+06,880285,136,258641,251801,215242,459012,452473,440403,44143,3138557,97688,121028,108237,3706,417147,111350,25793,10,7532
9,9,57928,35506.5,266350,237413,197061,58,66610,64617,53146,245451,241158,229629,25284,1395452,26199,33366,28697,769,83395,30339,7947,10,7532
9,9,79586.4,73230.5,460089,458006,370408,64,118711,115448,96760,382358,376444,362628,37007,2384102,51077,62118,54363,1672,194884,56672,12381,10,7532
9,9,50768.7,26089.6,176659,294643,248585,69,58216,56479,46170,178578,175475,166333,18519,952481,32160,39491,34032,956,106188,35920,8245,10,7532
9,9,76868,56279.1,484797,362422,293467,75,103064,100096,84002,394157,387968,374497,37948,2453269,45415,54347,47558,1505,173683,49490,10142,10,7532
9,9,83853.7,71001.1,534894,450944,364391,86,120875,117506,98744,426248,419809,406885,40890,2730680,50530,62970,55790,1768,199939,57664,13765,10,7532
9,9,47358.1,26632.7,226325,184924,152379,50,50766,49135,40261,223686,219541,206181,22738,1147958,22614,27746,23825,646,72422,25172,5816,10,7532
