K,dist,cost_ki,cost_hi,h_cost,vnum,gen_ki,push_ki,pop_ki,prune_ki,suc_call_ki,gen_hi,push_hi,pop_hi,prune_hi,suc_call_hi,reevaluate,density
2,43648.4,403941,132509,94688,42,5430,312265,297291,32192,1785667,764,29534,24776,942,97686,1112,0.000398301
2,55399.2,403941,132509,94688,53,5430,312265,297291,32192,1785667,764,29534,24776,942,97686,1112,0.000398301
2,78288.9,555730,216293,163273,61,5224,344684,329253,34641,2233458,897,34376,29396,1009,128875,3105,0.000398301
2,89835.9,555730,216293,163273,11,5224,344684,329253,34641,2233458,897,34376,29396,1009,128875,3105,0.000398301
2,39286.8,317743,86742.5,62944,43,5065,284918,268476,29516,1536488,395,15817,13184,385,51683,940,0.000398301
2,50606.5,317743,86742.5,62944,56,5065,284918,268476,29516,1536488,395,15817,13184,385,51683,940,0.000398301
2,23290.9,288039,45303.6,31743,16,4523,241794,226941,25039,1258420,356,11214,9208,327,34765,363,0.000398301
2,47810.1,288039,45303.6,31743,57,4523,241794,226941,25039,1258420,356,11214,9208,327,34765,363,0.000398301
2,72423.7,399037,127505,94248,34,5046,313833,298898,32621,1920123,809,27187,22504,610,88589,2375,0.000398301
2,80319.9,399037,127505,94248,17,5046,313833,298898,32621,1920123,809,27187,22504,610,88589,2375,0.000398301
2,20962.2,115671,35192.4,26102,15,2480,131536,123964,13715,681521,255,7760,6233,173,22642,219,0.000398301
2,45699,115671,35192.4,26102,53,2480,131536,123964,13715,681521,255,7760,6233,173,22642,219,0.000398301
2,15182.9,114952,15964,11617,21,2645,132309,123337,13417,659951,112,3235,2466,41,8923,183,0.000398301
2,36883.2,114952,15964,11617,14,2645,132309,123337,13417,659951,112,3235,2466,41,8923,183,0.000398301
2,9797.2,266879,75748.5,52410,25,3312,209472,198449,21738,1210069,497,18189,15473,492,67312,96,0.000398301
2,72242.6,266879,75748.5,52410,64,3312,209472,198449,21738,1210069,497,18189,15473,492,67312,96,0.000398301
2,6728.37,137664,47678.4,33602,11,2774,153405,144629,16275,850426,352,11169,9224,470,39422,82,0.000398301
2,51177.6,137664,47678.4,33602,41,2774,153405,144629,16275,850426,352,11169,9224,470,39422,82,0.000398301
2,46585.6,372345,86934.8,64011,32,4927,289597,277364,30585,1758341,547,19271,16120,584,65030,1336,0.000398301
2,65243.8,372345,86934.8,64011,75,4927,289597,277364,30585,1758341,547,19271,16120,584,65030,1336,0.000398301
2,21913.7,176061,12938.2,10368,13,3298,191656,181663,20019,1051290,95,2616,1961,22,5399,322,0.000398301
2,55882.5,176061,12938.2,10368,7,3298,191656,181663,20019,1051290,95,2616,1961,22,5399,322,0.000398301
2,37095.8,63057.2,31647.1,24037,16,1702,84193,77683,8729,390472,260,7444,5949,192,19268,590,0.000398301
2,38473.5,63057.2,31647.1,24037,46,1702,84193,77683,8729,390472,260,7444,5949,192,19268,590,0.000398301
2,26508.2,327128,41915,31423,36,4007,238062,225993,23903,1400132,332,10256,8233,137,30396,606,0.000398301
2,68976.6,327128,41915,31423,19,4007,238062,225993,23903,1400132,332,10256,8233,137,30396,606,0.000398301
2,21598.3,190962,3959.16,2944,4,3389,203936,193310,21375,1138388,43,966,662,0,1672,89,0.000398301
2,59274.1,190962,3959.16,2944,4,3389,203936,193310,21375,1138388,43,966,662,0,1672,89,0.000398301
2,17693.3,115471,37964.6,27622,13,2594,142118,134272,14754,742946,275,9178,7475,222,28747,189,0.000398301
2,48917,115471,37964.6,27622,55,2594,142118,134272,14754,742946,275,9178,7475,222,28747,189,0.000398301
2,18816.9,110264,35170.4,25672,8,2468,134826,127141,13957,701587,272,8198,6571,203,23567,180,0.000398301
2,49226.1,110264,35170.4,25672,50,2468,134826,127141,13957,701587,272,8198,6571,203,23567,180,0.000398301
2,12815.4,108414,17495.1,12951,10,2671,129496,120014,12904,627396,145,4392,3437,100,13151,111,0.000398301
2,36388.1,108414,17495.1,12951,26,2671,129496,120014,12904,627396,145,4392,3437,100,13151,111,0.000398301
2,20453.9,102820,22076.2,16094,11,2373,122969,115363,12972,653985,199,5779,4651,156,19348,165,0.000398301
2,42769.7,102820,22076.2,16094,19,2373,122969,115363,12972,653985,199,5779,4651,156,19348,165,0.000398301
2,40027.5,259001,55123.9,40930,46,4514,246391,231172,25509,1280233,337,12696,10497,312,39645,810,0.000398301
2,46836.3,259001,55123.9,40930,45,4514,246391,231172,25509,1280233,337,12696,10497,312,39645,810,0.000398301
2,35650.6,179381,57084,43539,51,3396,183405,173144,19253,964057,345,11972,9896,280,35127,1018,0.000398301
2,44704.2,179381,57084,43539,26,3396,183405,173144,19253,964057,345,11972,9896,280,35127,1018,0.000398301
2,12201.9,151468,23146.3,16720,7,3227,161142,149496,16286,790113,196,5734,4524,185,18275,69,0.000398301
2,38982.9,151468,23146.3,16720,44,3227,161142,149496,16286,790113,196,5734,4524,185,18275,69,0.000398301
2,27304,232170,28438.6,20737,13,4150,225085,213209,23777,1260001,215,7248,5752,104,20949,393,0.000398301
2,51453.7,232170,28438.6,20737,29,4150,225085,213209,23777,1260001,215,7248,5752,104,20949,393,0.000398301
2,33285.1,205383,59721.8,44237,29,3774,211808,200955,22376,1155786,397,12962,10772,356,42150,766,0.000398301
2,52219.4,205383,59721.8,44237,29,3774,211808,200955,22376,1155786,397,12962,10772,356,42150,766,0.000398301
2,25400.2,63837.5,35576.8,26848,33,1680,81110,74606,8283,382820,271,7867,6301,210,21460,611,0.000398301
2,35910.5,63837.5,35576.8,26848,65,1680,81110,74606,8283,382820,271,7867,6301,210,21460,611,0.000398301
2,16845.1,179659,7916.31,6085,7,3445,180122,170524,18809,997714,66,1733,1219,4,3508,170,0.000398301
2,47465.4,179659,7916.31,6085,4,3445,180122,170524,18809,997714,66,1733,1219,4,3508,170,0.000398301
2,2442.56,152795,56487.6,40089,5,2908,178497,168981,18212,981159,370,13174,10907,390,45556,19,0.000398301
2,64092.7,152795,56487.6,40089,72,2908,178497,168981,18212,981159,370,13174,10907,390,45556,19,0.000398301
2,37427.8,285700,51557.3,38646,15,4676,264338,252562,28149,1559849,351,11339,9201,263,33214,749,0.000398301
2,57015.6,285700,51557.3,38646,57,4676,264338,252562,28149,1559849,351,11339,9201,263,33214,749,0.000398301
2,23678.7,43109.6,10507.3,7698,5,1364,61255,56140,6105,272541,108,2781,2094,57,6754,95,0.000398301
2,27327.8,43109.6,10507.3,7698,29,1364,61255,56140,6105,272541,108,2781,2094,57,6754,95,0.000398301
2,27939.1,182081,29642.3,21282,8,3404,195234,184553,20188,1117698,247,7417,6020,154,24334,195,0.000398301
2,61385.5,182081,29642.3,21282,19,3404,195234,184553,20188,1117698,247,7417,6020,154,24334,195,0.000398301
2,62201.6,337748,108447,77988,24,5095,309845,295326,32439,1874204,689,24579,20450,763,82217,1539,0.000398301
2,72871,337748,108447,77988,84,5095,309845,295326,32439,1874204,689,24579,20450,763,82217,1539,0.000398301
2,12335.9,129730,49241.6,35214,16,2692,155864,147368,15660,836730,377,12213,10009,391,38394,185,0.000398301
2,59260.2,129730,49241.6,35214,63,2692,155864,147368,15660,836730,377,12213,10009,391,38394,185,0.000398301
2,47595.5,334965,131330,92898,55,4817,302849,290324,31021,1900601,701,27633,23600,914,95644,1689,0.000398301
2,74376.6,334965,131330,92898,64,4817,302849,290324,31021,1900601,701,27633,23600,914,95644,1689,0.000398301
2,24485.2,63340.2,32260.2,24061,32,1721,83484,76829,8600,395928,250,7376,5899,202,19447,572,0.000398301
2,36424,63340.2,32260.2,24061,69,1721,83484,76829,8600,395928,250,7376,5899,202,19447,572,0.000398301
2,24367.9,210945,18784.7,13779,16,3753,214649,203457,21930,1230778,180,4646,3441,26,10109,292,0.000398301
2,63096.9,210945,18784.7,13779,7,3753,214649,203457,21930,1230778,180,4646,3441,26,10109,292,0.000398301
2,23667.2,98900.4,27084.6,19582,5,2320,120720,113459,12600,617255,223,7005,5628,178,20466,118,0.000398301
2,43852.5,98900.4,27084.6,19582,48,2320,120720,113459,12600,617255,223,7005,5628,178,20466,118,0.000398301
2,74014.2,304850,62922.2,44918,12,4683,296280,282179,30539,1807228,447,14648,11735,183,47855,991,0.000398301
2,79184.9,304850,62922.2,44918,19,4683,296280,282179,30539,1807228,447,14648,11735,183,47855,991,0.000398301
2,27461.4,205153,26257.3,19388,17,3582,206263,195466,21548,1141923,226,6301,4855,61,16897,429,0.000398301
2,55482.7,205153,26257.3,19388,14,3582,206263,195466,21548,1141923,226,6301,4855,61,16897,429,0.000398301
2,16189.5,192146,29878.4,21692,19,3555,198499,188037,21408,1147129,230,7322,5819,147,24571,240,0.000398301
2,60238,192146,29878.4,21692,21,3555,198499,188037,21408,1147129,230,7322,5819,147,24571,240,0.000398301
2,85604.6,301781,196494,143703,21,4461,291196,276843,29500,1807327,913,35257,29998,945,144530,1117,0.000398301
2,85958,301781,196494,143703,48,4461,291196,276843,29500,1807327,913,35257,29998,945,144530,1117,0.000398301
2,11639.3,145742,18660,13241,11,3075,158392,149784,16556,863083,147,3804,2934,55,11803,111,0.000398301
2,43684.6,145742,18660,13241,14,3075,158392,149784,16556,863083,147,3804,2934,55,11803,111,0.000398301
2,8648.86,188705,53863.4,37140,12,3217,197808,187416,20762,1117535,360,12864,10761,299,46426,57,0.000398301
2,65399.2,188705,53863.4,37140,50,3217,197808,187416,20762,1117535,360,12864,10761,299,46426,57,0.000398301
2,22831.4,46037.4,13534.3,10311,13,1430,63812,58250,6140,273849,122,3265,2499,66,7300,329,0.000398301
2,26425.9,46037.4,13534.3,10311,23,1430,63812,58250,6140,273849,122,3265,2499,66,7300,329,0.000398301
2,58786.2,352151,139485,100738,38,5108,312927,299665,32387,1951053,829,29971,25435,987,105727,2100,0.000398301
2,74465.4,352151,139485,100738,86,5108,312927,299665,32387,1951053,829,29971,25435,987,105727,2100,0.000398301
2,34358.9,239412,62205,43952,22,4026,231198,219282,24226,1287876,413,13805,11525,390,47655,681,0.000398301
2,55813.2,239412,62205,43952,32,4026,231198,219282,24226,1287876,413,13805,11525,390,47655,681,0.000398301
2,11530.6,146395,9847.62,7117,3,2940,156267,147735,16267,852268,112,2381,1745,5,5377,49,0.000398301
2,45243.7,146395,9847.62,7117,10,2940,156267,147735,16267,852268,112,2381,1745,5,5377,49,0.000398301
2,27557.2,157830,28390.6,20037,4,3262,169564,158303,17702,834403,237,7337,5955,191,22480,105,0.000398301
2,40838,157830,28390.6,20037,50,3262,169564,158303,17702,834403,237,7337,5955,191,22480,105,0.000398301
2,19225.4,189271,22124.1,16609,34,3513,198716,188697,20387,1126553,200,5076,3865,51,11721,373,0.000398301
2,59075.6,189271,22124.1,16609,11,3513,198716,188697,20387,1126553,200,5076,3865,51,11721,373,0.000398301
2,41091,221488,71104.1,53040,37,3937,219875,207585,22937,1184206,455,16457,13864,553,54569,1180,0.000398301
2,49052.7,221488,71104.1,53040,40,3937,219875,207585,22937,1184206,455,16457,13864,553,54569,1180,0.000398301
2,65629.3,354161,132145,96631,24,5137,318104,303326,33027,1948778,783,28391,23775,897,94951,1919,0.000398301
2,76319.7,354161,132145,96631,91,5137,318104,303326,33027,1948778,783,28391,23775,897,94951,1919,0.000398301
2,28633,78961.4,41549.6,30392,23,1939,100537,93397,10323,511633,306,9654,7959,234,31334,482,0.000398301
2,41343,78961.4,41549.6,30392,40,1939,100537,93397,10323,511633,306,9654,7959,234,31334,482,0.000398301
2,63461.9,327604,76389.5,55722,15,4839,298520,285202,30908,1812737,489,16159,12719,262,44404,1028,0.000398301
2,70670.3,327604,76389.5,55722,12,4839,298520,285202,30908,1812737,489,16159,12719,262,44404,1028,0.000398301
2,64219.1,323993,79434.9,58886,20,4782,289600,276083,29990,1735944,520,17036,13706,280,48703,1486,0.000398301
2,68282.3,323993,79434.9,58886,9,4782,289600,276083,29990,1735944,520,17036,13706,280,48703,1486,0.000398301
2,25048.6,91736.2,18903.9,13788,13,2305,109003,99515,10708,482073,164,4669,3625,95,12040,296,0.000398301
2,32432.9,91736.2,18903.9,13788,42,2305,109003,99515,10708,482073,164,4669,3625,95,12040,296,0.000398301
2,17924.7,230875,46204.3,33105,15,4348,232217,218714,24098,1236055,343,10932,9054,320,35761,201,0.000398301
2,48836.4,230875,46204.3,33105,53,4348,232217,218714,24098,1236055,343,10932,9054,320,35761,201,0.000398301
2,39152,234025,37420.9,27135,17,4227,225770,212016,23988,1179770,261,8505,6798,155,24381,691,0.000398301
2,46852.2,234025,37420.9,27135,47,4227,225770,212016,23988,1179770,261,8505,6798,155,24381,691,0.000398301
2,38962.9,199590,110623,86983,50,3356,175312,164500,18545,885700,337,12786,10665,379,37810,1156,0.000398301
2,41941.4,199590,110623,86983,26,3356,175312,164500,18545,885700,337,12786,10665,379,37810,1156,0.000398301
2,22838.3,213367,22065.4,16842,15,3835,208803,197944,21958,1177619,181,5165,3992,46,12916,420,0.000398301
2,51668.2,213367,22065.4,16842,17,3835,208803,197944,21958,1177619,181,5165,3992,46,12916,420,0.000398301
2,53611.7,334463,102231,73456,23,5040,301356,288502,31315,1847755,637,22047,18460,698,73195,1458,0.000398301
2,68683.4,334463,102231,73456,76,5040,301356,288502,31315,1847755,637,22047,18460,698,73195,1458,0.000398301
2,9054.49,148197,54896.5,38378,13,2786,164108,155199,16704,886394,387,12941,10664,393,42445,114,0.000398301
2,60637,148197,54896.5,38378,59,2786,164108,155199,16704,886394,387,12941,10664,393,42445,114,0.000398301
2,13784.2,133558,50044.6,35218,20,2649,155809,147304,15700,839207,365,11918,9815,414,37851,165,0.000398301
2,59265.2,133558,50044.6,35218,63,2649,155809,147304,15700,839207,365,11918,9815,414,37851,165,0.000398301
2,16768,131223,21046.4,16711,25,2587,129508,120318,13079,636429,116,3165,2410,40,8469,235,0.000398301
2,36002.8,131223,21046.4,16711,13,2587,129508,120318,13079,636429,116,3165,2410,40,8469,235,0.000398301
2,59502.4,393600,89063.4,59447,7,4934,307454,294588,31430,1904145,595,20952,17430,819,71712,314,0.000398301
2,74749.1,393600,89063.4,59447,71,4934,307454,294588,31430,1904145,595,20952,17430,819,71712,314,0.000398301
2,32474.1,183223,43227.9,32625,35,3398,186059,176277,19351,998069,297,9708,7890,152,27580,815,0.000398301
2,47474,183223,43227.9,32625,16,3398,186059,176277,19351,998069,297,9708,7890,152,27580,815,0.000398301
2,35001.5,182569,58208.7,44038,34,3531,192005,181736,20153,1025697,368,12488,10344,332,37564,970,0.000398301
2,46823.3,182569,58208.7,44038,29,3531,192005,181736,20153,1025697,368,12488,10344,332,37564,970,0.000398301
2,24801.4,102294,42912.4,31508,15,2307,122162,114597,12596,629349,304,10200,8225,336,29779,391,0.000398301
2,47183.6,102294,42912.4,31508,60,2307,122162,114597,12596,629349,304,10200,8225,336,29779,391,0.000398301
2,4646.45,150326,52659.1,36873,4,2865,174094,164829,17801,951106,362,13165,10912,398,45721,41,0.000398301
2,62212.8,150326,52659.1,36873,74,2865,174094,164829,17801,951106,362,13165,10912,398,45721,41,0.000398301
2,53999.5,300731,48087.2,33857,5,4761,273603,260688,28434,1599198,350,11657,9431,349,36234,333,0.000398301
2,60432,300731,48087.2,33857,72,4761,273603,260688,28434,1599198,350,11657,9431,349,36234,333,0.000398301
2,28769.5,264694,22330.9,17605,40,4004,239166,227009,24948,1441594,149,4555,3617,79,10356,730,0.000398301
2,67076.8,264694,22330.9,17605,4,4004,239166,227009,24948,1441594,149,4555,3617,79,10356,730,0.000398301
2,23586.6,99958.9,44891.9,33338,18,2371,127046,119388,13119,663363,319,10639,8628,378,32040,370,0.000398301
2,49382.2,99958.9,44891.9,33338,62,2371,127046,119388,13119,663363,319,10639,8628,378,32040,370,0.000398301
2,14840.4,194991,27683.4,19628,16,3904,199045,185598,19935,990193,239,7039,5611,255,22345,108,0.000398301
2,42485.9,194991,27683.4,19628,53,3904,199045,185598,19935,990193,239,7039,5611,255,22345,108,0.000398301
2,11871.7,138441,49167.2,33261,15,2683,156537,148058,15769,838672,378,11989,9815,403,37365,172,0.000398301
2,58988.2,138441,49167.2,33261,63,2683,156537,148058,15769,838672,378,11989,9815,403,37365,172,0.000398301
2,35494.4,296769,65840.3,48487,48,4413,268222,255764,27502,1654205,439,15092,12355,320,46660,1142,0.000398301
2,69118.7,296769,65840.3,48487,31,4413,268222,255764,27502,1654205,439,15092,12355,320,46660,1142,0.000398301
2,14837.4,223074,31974.5,22947,11,4356,226193,212091,23024,1158250,266,8129,6548,318,25979,119,0.000398301
2,45083.3,223074,31974.5,22947,56,4356,226193,212091,23024,1158250,266,8129,6548,318,25979,119,0.000398301
2,55713.1,281901,81805.3,60065,20,4640,266093,253461,27973,1547370,469,17117,14037,435,53448,1172,0.000398301
2,56931.3,281901,81805.3,60065,63,4640,266093,253461,27973,1547370,469,17117,14037,435,53448,1172,0.000398301
2,24868.4,99004.4,35632.4,26021,8,2307,119420,112005,12450,611930,260,8496,6764,260,24305,263,0.000398301
2,44456.1,99004.4,35632.4,26021,55,2307,119420,112005,12450,611930,260,8496,6764,260,24305,263,0.000398301
2,12223.1,133996,12250.9,9228,11,2835,145496,137028,15314,778322,149,3363,2591,41,9130,136,0.000398301
2,41651.7,133996,12250.9,9228,14,2835,145496,137028,15314,778322,149,3363,2591,41,9130,136,0.000398301
2,9120.22,157748,46740.7,32672,14,3070,174665,165187,18737,997533,347,11048,9075,354,38870,83,0.000398301
2,57980.3,157748,46740.7,32672,44,3070,174665,165187,18737,997533,347,11048,9075,354,38870,83,0.000398301
2,46993.1,292994,81292.9,59122,27,4500,267837,256149,27857,1589688,540,18488,15435,645,61538,1036,0.000398301
2,59661.5,292994,81292.9,59122,65,4500,267837,256149,27857,1589688,540,18488,15435,645,61538,1036,0.000398301
2,13341.9,247918,41897.9,29983,12,4330,244374,232169,25261,1393740,305,10454,8661,177,35996,149,0.000398301
2,57689.2,247918,41897.9,29983,38,4330,244374,232169,25261,1393740,305,10454,8661,177,35996,149,0.000398301
2,27958.5,243516,33201.9,24299,33,3900,242450,230388,25414,1433718,251,7741,6072,102,22816,421,0.000398301
2,67806.4,243516,33201.9,24299,15,3900,242450,230388,25414,1433718,251,7741,6072,102,22816,421,0.000398301
2,18366.4,79753.2,16128,12115,9,2077,96877,88855,9665,437265,135,3788,2895,80,9981,205,0.000398301
2,31299.9,79753.2,16128,12115,25,2077,96877,88855,9665,437265,135,3788,2895,80,9981,205,0.000398301
2,48127,252008,65669.4,50762,54,4299,236527,223683,24623,1283688,364,12330,9923,257,39821,98,0.000398301
2,48151,252008,65669.4,50762,26,4299,236527,223683,24623,1283688,364,12330,9923,257,39821,98,0.000398301
2,12961.8,129390,44913.5,30429,15,2639,151634,143387,15463,806820,342,10879,8863,338,33331,136,0.000398301
2,56444.9,129390,44913.5,30429,57,2639,151634,143387,15463,806820,342,10879,8863,338,33331,136,0.000398301
2,31083,180792,61323.8,44848,59,3386,197875,187451,20913,1146446,360,12706,10413,335,42593,906,0.000398301
2,67406.6,180792,61323.8,44848,14,3386,197875,187451,20913,1146446,360,12706,10413,335,42593,906,0.000398301
2,42714.2,294699,75757.4,56864,51,4840,269265,254252,27990,1452405,424,16455,13717,429,52450,1209,0.000398301
2,49847.7,294699,75757.4,56864,45,4840,269265,254252,27990,1452405,424,16455,13717,429,52450,1209,0.000398301
2,55333,340774,104318,73208,13,4788,308584,295867,31562,1927974,656,23625,19793,833,80184,793,0.000398301
2,75114.1,340774,104318,73208,80,4788,308584,295867,31562,1927974,656,23625,19793,833,80184,793,0.000398301
2,2860.21,144206,30621,22151,5,2948,162040,153232,17481,910926,250,7223,5774,209,25161,12,0.000398301
2,51782.3,144206,30621,22151,35,2948,162040,153232,17481,910926,250,7223,5774,209,25161,12,0.000398301
2,29162.6,194783,40855.4,30351,15,3504,202744,191720,20877,1170856,278,8623,6980,139,27922,430,0.000398301
2,63865.3,194783,40855.4,30351,20,3504,202744,191720,20877,1170856,278,8623,6980,139,27922,430,0.000398301
2,18219.8,167302,24934.5,18559,19,3204,181449,171977,18847,991948,200,6337,4991,79,17780,260,0.000398301
2,54282.2,167302,24934.5,18559,22,3204,181449,171977,18847,991948,200,6337,4991,79,17780,260,0.000398301
2,59599.8,343345,91423.6,63257,8,4944,310789,297791,31838,1932436,624,22278,18523,831,74954,532,0.000398301
2,75360,343345,91423.6,63257,73,4944,310789,297791,31838,1932436,624,22278,18523,831,74954,532,0.000398301
2,19466.6,192488,12392,9840,30,3617,195381,185135,20552,1099641,94,2606,1964,37,5789,383,0.000398301
2,51834.5,192488,12392,9840,6,3617,195381,185135,20552,1099641,94,2606,1964,37,5789,383,0.000398301
2,46485,292838,52168.7,37410,7,4683,268375,255352,28074,1540684,338,12069,9869,394,40482,297,0.000398301
2,56136.2,292838,52168.7,37410,69,4683,268375,255352,28074,1540684,338,12069,9869,394,40482,297,0.000398301
2,48533.5,265697,69025.5,50625,23,4389,244560,231905,25550,1355105,387,14093,11547,289,43449,1033,0.000398301
2,49846.2,265697,69025.5,50625,57,4389,244560,231905,25550,1355105,387,14093,11547,289,43449,1033,0.000398301
2,30810.2,82343.6,19290.4,15060,34,2200,106939,99332,11192,502957,134,4101,3142,55,8352,528,0.000398301
2,40140.2,82343.6,19290.4,15060,6,2200,106939,99332,11192,502957,134,4101,3142,55,8352,528,0.000398301
2,46974.5,320064,80677.3,56295,9,4579,288872,276785,29452,1765948,537,18674,15632,686,66090,388,0.000398301
2,69146.3,320064,80677.3,56295,66,4579,288872,276785,29452,1765948,537,18674,15632,686,66090,388,0.000398301
2,47880.7,340962,125984,90929,52,4822,303367,290854,31147,1903237,712,27703,23691,910,95998,1697,0.000398301
2,74520.2,340962,125984,90929,65,4822,303367,290854,31147,1903237,712,27703,23691,910,95998,1697,0.000398301
2,18163.8,117734,28365,21246,12,2207,104855,96388,10462,477915,161,4685,3645,116,13984,181,0.000398301
2,32273.4,117734,28365,21246,30,2207,104855,96388,10462,477915,161,4685,3645,116,13984,181,0.000398301
2,45843.8,325423,55764.5,40971,18,4468,246810,234068,26000,1368502,335,12767,10408,304,38951,918,0.000398301
2,50697.1,325423,55764.5,40971,64,4468,246810,234068,26000,1368502,335,12767,10408,304,38951,918,0.000398301
2,22831.1,160980,52766,41275,31,3077,168032,159179,17863,943451,247,7445,5881,124,21668,539,0.000398301
2,56081.3,160980,52766,41275,11,3077,168032,159179,17863,943451,247,7445,5881,124,21668,539,0.000398301
2,15485.6,178934,13009.7,10309,23,3181,170367,161621,17895,945699,123,2820,2074,21,5752,260,0.000398301
2,51465.9,178934,13009.7,10309,10,3181,170367,161621,17895,945699,123,2820,2074,21,5752,260,0.000398301
2,23895.3,215306,75837.7,53146,22,3492,212191,200607,21867,1280766,546,17059,14262,498,64704,382,0.000398301
2,72811.8,215306,75837.7,53146,52,3492,212191,200607,21867,1280766,546,17059,14262,498,64704,382,0.000398301
2,23138,113468,32396.3,24369,24,2431,128351,120923,13502,659698,229,7277,5783,157,19544,408,0.000398301
2,42926.5,113468,32396.3,24369,48,2431,128351,120923,13502,659698,229,7277,5783,157,19544,408,0.000398301
2,73330.3,394908,279820,194279,48,5359,344423,329289,35066,2208411,1481,56557,48263,1759,212852,3052,0.000398301
2,86621,394908,279820,194279,21,5359,344423,329289,35066,2208411,1481,56557,48263,1759,212852,3052,0.000398301
2,23171.4,164087,17282.7,13041,19,3312,177220,167175,18414,962734,152,4010,3052,41,8863,431,0.000398301
2,51952.9,164087,17282.7,13041,11,3312,177220,167175,18414,962734,152,4010,3052,41,8863,431,0.000398301
2,28124.7,141770,28204.3,20474,13,2984,154005,143368,15882,749972,241,6944,5581,156,19473,261,0.000398301
2,39470.8,141770,28204.3,20474,57,2984,154005,143368,15882,749972,241,6944,5581,156,19473,261,0.000398301
2,5708.26,124529,21903.7,15459,4,2653,139722,131638,14721,757410,202,5387,4244,164,17981,21,0.000398301
2,43732.5,124529,21903.7,15459,34,2653,139722,131638,14721,757410,202,5387,4244,164,17981,21,0.000398301
2,6664.41,156023,60069.5,41854,10,2838,173896,164447,17312,958383,445,14809,12320,506,50997,58,0.000398301
2,65403.9,156023,60069.5,41854,65,2838,173896,164447,17312,958383,445,14809,12320,506,50997,58,0.000398301
2,28863.5,96706.7,28514.3,22837,34,2342,114602,106598,12000,538586,146,4398,3445,54,9722,514,0.000398301
2,39802.8,96706.7,28514.3,22837,10,2342,114602,106598,12000,538586,146,4398,3445,54,9722,514,0.000398301
2,22392.3,179327,14847.1,11711,27,2651,130199,120101,13416,618114,119,3234,2502,49,7387,403,0.000398301
2,35047,179327,14847.1,11711,11,2651,130199,120101,13416,618114,119,3234,2502,49,7387,403,0.000398301
2,70639.7,392423,218597,158551,42,5305,336400,321608,34721,2131558,1133,44276,37857,1470,162173,2713,0.000398301
2,83140.9,392423,218597,158551,97,5305,336400,321608,34721,2131558,1133,44276,37857,1470,162173,2713,0.000398301
2,23191.5,214348,23433.8,18397,29,3822,218969,207530,23359,1286231,164,5158,3926,65,12225,504,0.000398301
2,62158.9,214348,23433.8,18397,8,3822,218969,207530,23359,1286231,164,5158,3926,65,12225,504,0.000398301
2,12920.5,180313,24793.4,17750,23,3416,184991,175326,19631,1046186,205,6300,4980,94,21286,192,0.000398301
2,53440.3,180313,24793.4,17750,18,3416,184991,175326,19631,1046186,205,6300,4980,94,21286,192,0.000398301
2,20448,201539,57900.6,39680,10,3534,212031,200580,22281,1272557,436,13861,11516,399,54209,108,0.000398301
2,69364.6,201539,57900.6,39680,40,3534,212031,200580,22281,1272557,436,13861,11516,399,54209,108,0.000398301
2,21157.8,53545.7,14868.4,11398,14,1573,71896,65832,6916,318702,129,3389,2596,96,8029,291,0.000398301
2,28086.3,53545.7,14868.4,11398,24,1573,71896,65832,6916,318702,129,3389,2596,96,8029,291,0.000398301
2,24256.6,93910.8,17393.5,13358,26,2427,117963,107879,11884,540431,136,3973,3119,52,9612,462,0.000398301
2,33464.6,93910.8,17393.5,13358,18,2427,117963,107879,11884,540431,136,3973,3119,52,9612,462,0.000398301
2,18408.6,125651,34161.6,24687,19,2621,143707,135985,14864,754113,261,8426,6772,216,24296,331,0.000398301
2,47867.8,125651,34161.6,24687,54,2621,143707,135985,14864,754113,261,8426,6772,216,24296,331,0.000398301
2,46280.4,299161,68137.7,49123,14,4507,274954,263150,28456,1652624,499,16584,13747,546,54271,701,0.000398301
2,62813.2,299161,68137.7,49123,64,4507,274954,263150,28456,1652624,499,16584,13747,546,54271,701,0.000398301
2,50313.8,272779,88419.2,64978,40,4437,252940,240259,26340,1435893,526,18557,15510,558,59467,1450,0.000398301
2,53248.3,272779,88419.2,64978,60,4437,252940,240259,26340,1435893,526,18557,15510,558,59467,1450,0.000398301
2,19490.2,253377,34415,24310,20,4650,245127,229165,24948,1254083,266,8673,6985,279,27086,162,0.000398301
2,46257,253377,34415,24310,60,4650,245127,229165,24948,1254083,266,8673,6985,279,27086,162,0.000398301
2,30976.8,120499,24293.5,19066,39,2694,138918,130433,14494,693257,162,5199,4092,80,11666,743,0.000398301
2,38358,120499,24293.5,19066,7,2694,138918,130433,14494,693257,162,5199,4092,80,11666,743,0.000398301
2,32520.8,173033,40240.9,30100,19,3405,180975,169283,18912,897354,286,9172,7370,221,25077,624,0.000398301
2,41470,173033,40240.9,30100,55,3405,180975,169283,18912,897354,286,9172,7370,221,25077,624,0.000398301
2,71334.6,347725,75004.5,55551,21,4941,319992,305872,32398,2007453,433,15688,12773,233,49301,1240,0.000398301
2,82939.5,347725,75004.5,55551,17,4941,319992,305872,32398,2007453,433,15688,12773,233,49301,1240,0.000398301
2,32052.9,263016,39906.1,30750,42,4236,255756,243477,26552,1564695,292,9162,7239,203,23261,930,0.000398301
2,67707.2,263016,39906.1,30750,23,4236,255756,243477,26552,1564695,292,9162,7239,203,23261,930,0.000398301
2,3923.32,245537,30680.7,21338,7,4210,232207,220929,23740,1306088,271,8043,6452,255,26646,25,0.000398301
2,52881.7,245537,30680.7,21338,39,4210,232207,220929,23740,1306088,271,8043,6452,255,26646,25,0.000398301
2,25670,173874,23965,17731,15,3369,184533,174242,19192,1027483,194,5741,4429,64,14865,291,0.000398301
2,57014.3,173874,23965,17731,9,3369,184533,174242,19192,1027483,194,5741,4429,64,14865,291,0.000398301
2,57746.3,305072,118518,87673,68,4920,285934,272611,30005,1690902,709,25635,21369,810,84205,1987,0.000398301
2,60161.2,305072,118518,87673,42,4920,285934,272611,30005,1690902,709,25635,21369,810,84205,1987,0.000398301
2,17804.5,90390.8,34014.1,24688,29,2219,116209,108397,11895,609387,281,8269,6599,256,24789,334,0.000398301
2,43690.9,90390.8,34014.1,24688,61,2219,116209,108397,11895,609387,281,8269,6599,256,24789,334,0.000398301
2,46890.5,251636,79904.5,59785,39,4296,241292,228037,25227,1325645,468,16990,14216,540,54263,1321,0.000398301
2,50685.9,251636,79904.5,59785,55,4296,241292,228037,25227,1325645,468,16990,14216,540,54263,1321,0.000398301
2,12681.7,138094,38871.4,27525,18,2859,162409,153837,16797,868244,287,9350,7643,257,30817,118,0.000398301
2,53644.7,138094,38871.4,27525,52,2859,162409,153837,16797,868244,287,9350,7643,257,30817,118,0.000398301
2,51815.2,309280,58493.7,40956,7,4850,279312,266084,29083,1633606,391,13878,11389,471,44841,349,0.000398301
2,61223.2,309280,58493.7,40956,74,4850,279312,266084,29083,1633606,391,13878,11389,471,44841,349,0.000398301
2,25851,102682,28923.5,21745,28,2349,121659,114463,12842,617302,215,7159,5708,148,18993,502,0.000398301
2,40217.4,102682,28923.5,21745,46,2349,121659,114463,12842,617302,215,7159,5708,148,18993,502,0.000398301
2,43205.6,300704,61988.4,45062,18,4899,276776,264814,29249,1650169,392,14002,11449,365,43115,969,0.000398301
2,60713,300704,61988.4,45062,68,4899,276776,264814,29249,1650169,392,14002,11449,365,43115,969,0.000398301
2,44255.2,341330,98698.7,73598,38,4836,285502,273414,29888,1735066,567,20768,17484,678,67814,1391,0.000398301
2,66773.1,341330,98698.7,73598,64,4836,285502,273414,29888,1735066,567,20768,17484,678,67814,1391,0.000398301
2,20315.2,146801,12898.8,9993,24,3118,156840,146798,16318,797138,111,2947,2240,19,6477,319,0.000398301
2,39413.4,146801,12898.8,9993,16,3118,156840,146798,16318,797138,111,2947,2240,19,6477,319,0.000398301
2,25183.7,218962,26153.1,19976,21,3814,222943,211371,22568,1287845,195,5583,4176,41,12629,429,0.000398301
2,65057.3,218962,26153.1,19976,7,3814,222943,211371,22568,1287845,195,5583,4176,41,12629,429,0.000398301
2,36910.4,131151,37470.2,28734,36,2985,148677,136621,15247,691969,226,7885,6378,149,22936,546,0.000398301
2,37308.6,131151,37470.2,28734,35,2985,148677,136621,15247,691969,226,7885,6378,149,22936,546,0.000398301
2,70938.5,313461,44588,32273,9,4737,299089,285107,30766,1827819,337,10775,8448,154,33021,631,0.000398301
2,77803.9,313461,44588,32273,15,4737,299089,285107,30766,1827819,337,10775,8448,154,33021,631,0.000398301
2,61465.1,341575,145251,102671,26,5151,318895,304962,33179,1979630,854,31556,26644,1057,110825,1852,0.000398301
2,74787.5,341575,145251,102671,91,5151,318895,304962,33179,1979630,854,31556,26644,1057,110825,1852,0.000398301
2,33277.4,65937.8,23979,18782,40,1904,92135,85381,9612,426554,158,5228,4085,70,11050,722,0.000398301
2,37264.3,65937.8,23979,18782,6,1904,92135,85381,9612,426554,158,5228,4085,70,11050,722,0.000398301
2,34243.3,160133,43025.8,33283,45,3164,169895,160104,18032,876609,278,9035,7335,195,24873,837,0.000398301
2,42535.6,160133,43025.8,33283,21,3164,169895,160104,18032,876609,278,9035,7335,195,24873,837,0.000398301
2,64794.4,293580,129547,98954,16,4687,280484,267246,29295,1662097,559,19134,15573,374,64597,702,0.000398301
2,65240,293580,129547,98954,29,4687,280484,267246,29295,1662097,559,19134,15573,374,64597,702,0.000398301
2,41733.8,200947,76848.1,57509,42,3645,198065,186072,20754,1027537,429,16289,13730,559,52285,1354,0.000398301
2,45052,200947,76848.1,57509,37,3645,198065,186072,20754,1027537,429,16289,13730,559,52285,1354,0.000398301
2,15655.6,176155,65381.8,46632,26,3229,189823,179460,20204,1107938,486,14936,12446,529,55276,217,0.000398301
2,64572.1,176155,65381.8,46632,56,3229,189823,179460,20204,1107938,486,14936,12446,529,55276,217,0.000398301
2,41427.6,315436,103361,72133,20,4471,284664,272537,29207,1748298,639,23628,20081,827,88776,720,0.000398301
2,70477.9,315436,103361,72133,47,4471,284664,272537,29207,1748298,639,23628,20081,827,88776,720,0.000398301
2,20577.2,257698,42795.2,30015,19,4732,251175,234782,25665,1288655,259,8399,6764,257,25690,195,0.000398301
2,46801.6,257698,42795.2,30015,63,4732,251175,234782,25665,1288655,259,8399,6764,257,25690,195,0.000398301
2,11327.2,291609,81917.6,54480,10,4564,260895,248296,26743,1505855,577,19251,15825,477,67170,98,0.000398301
2,59900.9,291609,81917.6,54480,38,4564,260895,248296,26743,1505855,577,19251,15825,477,67170,98,0.000398301
2,23718.8,42236.2,11975.1,9163,9,1355,60316,55225,5999,264413,123,2915,2205,91,6839,176,0.000398301
2,26623,42236.2,11975.1,9163,28,1355,60316,55225,5999,264413,123,2915,2205,91,6839,176,0.000398301
2,20549.2,174893,36984.8,26984,30,3631,189876,177428,19868,964642,263,8842,7223,200,27013,270,0.000398301
2,45550.3,174893,36984.8,26984,43,3631,189876,177428,19868,964642,263,8842,7223,200,27013,270,0.000398301
2,29998.5,331228,51825.3,37392,24,5360,302641,284969,31206,1623100,339,12105,9865,366,37600,576,0.000398301
2,51259.2,331228,51825.3,37392,70,5360,302641,284969,31206,1623100,339,12105,9865,366,37600,576,0.000398301
2,23610.1,82520.3,12839.1,9932,30,2161,104386,95424,10542,469881,98,2876,2250,43,6354,410,0.000398301
2,31846.2,82520.3,12839.1,9932,10,2161,104386,95424,10542,469881,98,2876,2250,43,6354,410,0.000398301
2,9736.54,168766,28934.3,19904,12,3256,182395,172603,19528,1042303,246,7420,5983,206,26107,81,0.000398301
2,55809.9,168766,28934.3,19904,30,3256,182395,172603,19528,1042303,246,7420,5983,206,26107,81,0.000398301
2,18785.9,188131,15954,11174,3,3342,202261,191732,21127,1130686,140,4178,3142,49,11190,78,0.000398301
2,60124.3,188131,15954,11174,14,3342,202261,191732,21127,1130686,140,4178,3142,49,11190,78,0.000398301
2,31663.3,100155,32874.6,25112,18,2462,123579,114520,12502,581137,221,7225,5807,125,19312,519,0.000398301
2,35525.8,100155,32874.6,25112,50,2462,123579,114520,12502,581137,221,7225,5807,125,19312,519,0.000398301
2,44810.8,307260,72050,53383,23,4913,281501,269522,29706,1687554,459,15912,13133,468,50554,1088,0.000398301
2,62465.9,307260,72050,53383,72,4913,281501,269522,29706,1687554,459,15912,13133,468,50554,1088,0.000398301
2,21595,134044,37071.6,28038,26,2742,148520,140578,15569,781971,250,8390,6780,147,25787,398,0.000398301
2,45636.1,134044,37071.6,28038,47,2742,148520,140578,15569,781971,250,8390,6780,147,25787,398,0.000398301
2,48251.8,281826,77137.6,57581,58,4691,262813,249482,27234,1472688,419,16541,13722,354,50002,1500,0.000398301
2,51603.3,281826,77137.6,57581,42,4691,262813,249482,27234,1472688,419,16541,13722,354,50002,1500,0.000398301
2,11099.9,198177,59605.8,41540,16,3311,209365,198250,22022,1207238,404,13966,11695,316,51370,107,0.000398301
2,69361.1,198177,59605.8,41540,57,3311,209365,198250,22022,1207238,404,13966,11695,316,51370,107,0.000398301
2,77549,327839,125622,95798,38,4701,299931,285280,30976,1839723,616,22826,19381,573,77512,2755,0.000398301
2,81543.8,327839,125622,95798,5,4701,299931,285280,30976,1839723,616,22826,19381,573,77512,2755,0.000398301
2,18218.5,199427,26397.8,19650,19,3782,207141,196199,21461,1158444,220,6491,5056,113,17501,292,0.000398301
2,54329,199427,26397.8,19650,20,3782,207141,196199,21461,1158444,220,6491,5056,113,17501,292,0.000398301
2,45097.8,225542,77136.6,56521,42,4140,230227,216804,23954,1235499,473,17255,14509,562,55998,1326,0.000398301
2,49271.2,225542,77136.6,56521,45,4140,230227,216804,23954,1235499,473,17255,14509,562,55998,1326,0.000398301
2,24843.5,407984,67745.9,47095,25,5461,305734,289085,31462,1663840,488,16219,13141,459,50586,383,0.000398301
2,52118.3,407984,67745.9,47095,69,5461,305734,289085,31462,1663840,488,16219,13141,459,50586,383,0.000398301
2,35519.6,341457,65289.7,47647,41,5272,300042,282830,31139,1619031,353,14385,11931,401,47253,718,0.000398301
2,51239.8,341457,65289.7,47647,72,5272,300042,282830,31139,1619031,353,14385,11931,401,47253,718,0.000398301
2,13398.1,169862,16559.6,12165,17,3379,180479,170992,19159,1010050,162,4325,3337,69,12450,186,0.000398301
2,50828.7,169862,16559.6,12165,13,3379,180479,170992,19159,1010050,162,4325,3337,69,12450,186,0.000398301
2,26319.1,106868,41557.3,29146,11,2254,123360,115585,12865,659101,324,10066,8334,225,37093,162,0.000398301
2,46904.3,106868,41557.3,29146,27,2254,123360,115585,12865,659101,324,10066,8334,225,37093,162,0.000398301
2,15593.6,153245,11874.5,9279,23,3177,170210,161479,17869,944491,119,2783,2049,20,5684,258,0.000398301
2,51545.8,153245,11874.5,9279,10,3177,170210,161479,17869,944491,119,2783,2049,20,5684,258,0.000398301
2,18517.5,213065,33079.4,23983,19,3493,216535,205114,22680,1252101,239,8066,6385,84,23872,240,0.000398301
2,65953.9,213065,33079.4,23983,18,3493,216535,205114,22680,1252101,239,8066,6385,84,23872,240,0.000398301
2,53412,339036,123994,91077,65,5053,294937,281071,30642,1733170,684,26166,21689,729,82922,1781,0.000398301
2,58414.3,339036,123994,91077,44,5053,294937,281071,30642,1733170,684,26166,21689,729,82922,1781,0.000398301
2,12968.9,202824,29938.3,21733,24,3742,207268,196972,21175,1173300,260,7611,6156,167,25683,203,0.000398301
2,56395.6,202824,29938.3,21733,21,3742,207268,196972,21175,1173300,260,7611,6156,167,25683,203,0.000398301
2,28879,132065,71456.8,51244,27,2722,152495,143961,16263,849741,484,16496,13991,405,65015,691,0.000398301
2,56046.1,132065,71456.8,51244,28,2722,152495,143961,16263,849741,484,16496,13991,405,65015,691,0.000398301
2,28290.4,220480,22671.6,16550,5,4120,218676,206249,22942,1177700,198,5756,4519,99,16774,107,0.000398301
2,48104.8,220480,22671.6,16550,29,4120,218676,206249,22942,1177700,198,5756,4519,99,16774,107,0.000398301
2,79862,295278,136351,101595,40,4537,291158,276945,29967,1783677,625,24736,21186,618,88304,2931,0.000398301
2,81727.1,295278,136351,101595,6,4537,291158,276945,29967,1783677,625,24736,21186,618,88304,2931,0.000398301
2,58265,368523,161133,115957,24,5110,313071,299498,32532,1936006,783,27778,23355,864,97728,1653,0.000398301
2,72180.6,368523,161133,115957,81,5110,313071,299498,32532,1936006,783,27778,23355,864,97728,1653,0.000398301
2,50383.6,399850,114771,79635,15,4660,302125,289755,30841,1874696,644,23931,20191,935,83186,768,0.000398301
2,73295,399850,114771,79635,73,4660,302125,289755,30841,1874696,644,23931,20191,935,83186,768,0.000398301
2,76584.6,353912,110138,78198,18,4673,299785,285511,30757,1839927,612,22514,18673,353,79728,1525,0.000398301
2,81582.9,353912,110138,78198,26,4673,299785,285511,30757,1839927,612,22514,18673,353,79728,1525,0.000398301
2,63591.3,310190,257491,200034,23,4765,288919,275429,30244,1727788,652,23402,19162,489,74676,1770,0.000398301
2,66746.3,310190,257491,200034,18,4765,288919,275429,30244,1727788,652,23402,19162,489,74676,1770,0.000398301
2,20237.6,185134,16754.9,13066,34,3421,193424,183611,20033,1093141,154,3874,2918,36,8148,380,0.000398301
2,58958,185134,16754.9,13066,9,3421,193424,183611,20033,1093141,154,3874,2918,36,8148,380,0.000398301
2,32971.8,70518.3,34365.9,26439,38,1834,89120,82505,9120,403454,205,6828,5439,111,16737,616,0.000398301
2,33853,70518.3,34365.9,26439,22,1834,89120,82505,9120,403454,205,6828,5439,111,16737,616,0.000398301
2,9334.13,115921,17453.5,12772,11,2616,132638,124627,13796,699566,153,4182,3245,128,12447,78,0.000398301
2,40057.6,115921,17453.5,12772,33,2616,132638,124627,13796,699566,153,4182,3245,128,12447,78,0.000398301
2,42720.3,421699,42529.4,31333,7,4709,264503,251550,28031,1502031,277,9163,7337,228,28221,406,0.000398301
2,55659.9,421699,42529.4,31333,57,4709,264503,251550,28031,1502031,277,9163,7337,228,28221,406,0.000398301
2,7000.29,164531,51951.7,36678,10,2971,176479,167148,18240,962274,342,11960,9937,362,41655,37,0.000398301
2,59554.6,164531,51951.7,36678,57,2971,176479,167148,18240,962274,342,11960,9937,362,41655,37,0.000398301
2,58863.6,371838,120269,88548,20,5079,307355,293062,32052,1855180,663,24259,20191,756,81983,1307,0.000398301
2,70380.4,371838,120269,88548,84,5079,307355,293062,32052,1855180,663,24259,20191,756,81983,1307,0.000398301
2,24176.1,61461.5,22488.3,17284,35,1729,80579,74253,8155,377943,197,5360,4220,99,13865,504,0.000398301
2,33130.4,61461.5,22488.3,17284,14,1729,80579,74253,8155,377943,197,5360,4220,99,13865,504,0.000398301
2,37146.9,308393,92338.9,64313,18,4304,272936,260829,28227,1652747,568,21004,17857,670,77495,637,0.000398301
2,68730.2,308393,92338.9,64313,39,4304,272936,260829,28227,1652747,568,21004,17857,670,77495,637,0.000398301
2,25084.3,105437,37930.9,26897,11,2276,123359,115571,12956,658695,295,9076,7453,164,32812,197,0.000398301
2,46208.9,105437,37930.9,26897,24,2276,123359,115571,12956,658695,295,9076,7453,164,32812,197,0.000398301
2,78346.1,309585,110971,83501,38,4514,288186,274143,30001,1755484,562,21363,18221,522,74055,2628,0.000398301
2,80032.6,309585,110971,83501,5,4514,288186,274143,30001,1755484,562,21363,18221,522,74055,2628,0.000398301
2,69785.6,369325,189525,135664,39,5281,334007,319274,34648,2109467,1033,39051,33097,1280,136513,2568,0.000398301
2,81773.4,369325,189525,135664,98,5281,334007,319274,34648,2109467,1033,39051,33097,1280,136513,2568,0.000398301
2,67819.3,328331,118340,86209,16,5000,303226,288962,31705,1831330,756,25750,21060,540,83755,1489,0.000398301
2,74133,328331,118340,86209,24,5000,303226,288962,31705,1831330,756,25750,21060,540,83755,1489,0.000398301
2,22205.3,145975,35159.5,25092,27,2916,160660,151982,17045,898862,258,8070,6476,151,25812,446,0.000398301
2,53772.2,145975,35159.5,25092,12,2916,160660,151982,17045,898862,258,8070,6476,151,25812,446,0.000398301
2,60083,296408,104102,78729,22,4754,276510,263603,28979,1628457,550,19583,16048,567,65659,773,0.000398301
2,60395.6,296408,104102,78729,81,4754,276510,263603,28979,1628457,550,19583,16048,567,65659,773,0.000398301
2,23238.6,174063,11738.7,9099,15,3383,183742,173444,18961,1010640,101,2739,2110,41,6055,381,0.000398301
2,54231.4,174063,11738.7,9099,6,3383,183742,173444,18961,1010640,101,2739,2110,41,6055,381,0.000398301
2,41724.3,298591,83788.9,62236,36,4814,278528,266670,29255,1675456,526,18352,15324,557,58831,1215,0.000398301
2,63962.3,298591,83788.9,62236,62,4814,278528,266670,29255,1675456,526,18352,15324,557,58831,1215,0.000398301
2,44015.4,235682,79176,59095,39,4150,232609,219395,24187,1262038,456,16990,14299,601,55206,1217,0.000398301
2,50147.7,235682,79176,59095,42,4150,232609,219395,24187,1262038,456,16990,14299,601,55206,1217,0.000398301
2,34212.3,135695,29794,23233,42,2886,148647,139019,15653,734445,202,6486,5139,98,16365,746,0.000398301
2,38747.7,135695,29794,23233,13,2886,148647,139019,15653,734445,202,6486,5139,98,16365,746,0.000398301
2,53459,313834,92673.6,69209,69,4784,276943,263762,28701,1613083,500,18891,15698,442,57429,1716,0.000398301
2,56303.3,313834,92673.6,69209,28,4784,276943,263762,28701,1613083,500,18891,15698,442,57429,1716,0.000398301
2,14344.1,96132.4,14365.6,10337,23,2389,115557,107062,11700,556232,134,3424,2598,66,9135,168,0.000398301
2,35385.2,96132.4,14365.6,10337,21,2389,115557,107062,11700,556232,134,3424,2598,66,9135,168,0.000398301
2,41060.4,231417,45315.1,33920,20,4146,222095,208560,23554,1158434,280,10095,8173,225,28603,883,0.000398301
2,46054.4,231417,45315.1,33920,46,4146,222095,208560,23554,1158434,280,10095,8173,225,28603,883,0.000398301
2,27413.1,207939,32268.7,22932,9,3538,201816,190893,20969,1158248,280,8063,6415,125,24587,349,0.000398301
2,62474.1,207939,32268.7,22932,13,3538,201816,190893,20969,1158248,280,8063,6415,125,24587,349,0.000398301
2,40403.7,225167,69384.6,51627,37,4117,225097,211343,23313,1171671,409,15586,13007,523,47365,1052,0.000398301
2,46486.6,225167,69384.6,51627,60,4117,225097,211343,23313,1171671,409,15586,13007,523,47365,1052,0.000398301
2,65809.4,323946,9966.78,7738,4,4783,300712,287196,31037,1838265,109,2357,1691,1,4172,253,0.000398301
2,74730.8,323946,9966.78,7738,3,4783,300712,287196,31037,1838265,109,2357,1691,1,4172,253,0.000398301
2,18857,213839,38374.4,27504,20,3887,205115,192562,21424,1074216,273,9298,7621,230,28468,251,0.000398301
2,47346.2,213839,38374.4,27504,44,3887,205115,192562,21424,1074216,273,9298,7621,230,28468,251,0.000398301
