K,order,dist,cost_polyanya,cost_ki,cost_hi,h_cost,vnum,gen_poly,push_poly,pop_poly,gen_ki,push_ki,pop_ki,prune_ki,suc_call_ki,gen_hi,push_hi,pop_hi,prune_hi,suc_call_hi,heuristic_call,reevaluate,pts,polys
6,6,32956.6,32311.5,76910.3,102381,91903,8,60684,58923,48565,90464,88570,81981,9168,394100,7738,9819,8039,155,20511,8819,2321,10,7532
6,6,39402.8,22221.5,79856.6,146079,130283,49,49325,47807,38547,105204,103134,96366,10839,502911,11587,14285,11942,326,33182,12937,3074,10,7532
6,6,37718.7,31580.3,153773,112284,99304,45,63415,61581,50434,158397,155292,142770,16007,728943,9951,11894,9729,235,28710,10714,2255,10,7532
6,6,32036.3,23089,79964.2,78358.1,70196,31,50552,48981,40121,99869,97801,90233,9981,433589,6867,8298,6771,107,17847,7441,1664,10,7532
6,6,56831.4,55167.6,303094,304854,267126,63,102408,99537,82808,266567,261966,249271,27702,1493195,24412,29454,25420,672,85873,26703,5702,10,7532
6,6,47069.5,29564.4,104941,178346,156908,58,60723,58896,47871,123242,120957,113483,12473,619480,15282,18518,15642,548,45982,16726,3717,10,7532
6,6,36816.8,29385.2,81646.5,137349,122166,52,61431,59644,49082,99673,97639,90581,10242,447126,11971,14284,11871,346,35031,12817,2691,10,7532
6,6,38197.4,27828.9,150559,97597.4,84174,51,56550,54898,45218,160980,157797,145623,16103,746107,9620,10829,8818,239,27607,9706,1494,10,7532
6,6,69677.2,87231.7,344733,441697,387956,80,146365,142351,119888,296421,291574,279214,30305,1794238,34614,42226,36681,902,125302,38328,8554,10,7532
6,6,71382.5,85074.8,249032,268097,237908,13,139990,135963,113995,246019,241976,229840,24691,1439469,20093,26165,22534,684,65123,23884,6686,10,7532
6,6,66132.4,70104.9,330390,442287,385154,32,130791,127056,106518,291193,286340,272891,29900,1704839,38190,44771,38854,1211,141197,40511,7600,10,7532
6,6,41883.3,23958.6,114621,168454,150231,41,51261,49718,40373,136207,133668,126072,14024,689490,13789,16526,13985,406,43161,15020,3147,10,7532
6,6,70906.1,94093.1,275531,369834,323615,4,160670,156429,132354,257470,253355,241016,26699,1496970,28071,34364,29755,841,96726,31233,7055,10,7532
6,6,59022.9,80584.6,282117,261905,231527,49,136187,132450,111556,252161,247869,236258,25198,1468533,20308,25419,21724,774,68873,23187,5714,10,7532
6,6,34464,15899,94145.6,118390,106193,44,37662,36444,28851,120492,118128,109244,12206,547486,9901,11569,9541,235,28814,10387,1980,10,7532
6,6,61861.4,83623.2,270410,289140,257204,51,147195,143123,120888,258827,254511,242593,25874,1529855,21764,27512,23631,866,73675,25148,6390,10,7532
6,6,58208.8,77552,173209,239131,207442,64,129856,126505,106870,186999,183919,173800,19448,1032885,22962,25876,21842,727,73250,23149,3553,10,7532
6,6,44871.8,50044.3,202608,137733,121261,39,89617,87058,72471,201156,197388,185116,20042,1039534,12597,14972,12485,406,39454,13531,2751,10,7532
6,6,51312.4,61558.8,139489,255351,224719,50,109288,106334,89243,163399,160605,150720,17008,856248,22062,25937,22035,662,69943,23364,4509,10,7532
6,6,68202.6,88220.7,303155,459549,398924,25,152582,148479,125105,277068,272547,259332,28744,1618000,37166,43753,37997,1285,137634,39697,7561,10,7532
6,6,33278.5,12313.8,97523.4,139435,125243,18,27812,26910,20985,112117,109876,101626,11104,501351,10834,13054,10889,263,31260,11770,2560,10,7532
6,6,41913.8,34070.8,152353,100979,88811,33,64295,62448,51599,171039,167696,157335,17504,857312,9728,11260,9165,180,28138,10081,1832,10,7532
6,6,33162.6,20004,91277.6,85935.5,75812,46,45560,44063,35934,115333,112969,103434,11451,501771,8598,9276,7432,237,23514,8281,1002,10,7532
6,6,53315.3,49436.5,234027,237948,208284,74,97060,94243,78277,225401,221511,210721,23396,1260164,20881,23927,20093,696,66827,21566,3665,10,7532
6,6,49902.1,61462.1,129339,186045,163194,37,101840,99101,83342,151219,148386,139691,15554,794370,17067,19970,16873,536,53328,17920,3399,10,7532
6,6,61443.9,60063.1,253341,282848,248678,73,113741,110609,92236,244167,240132,228454,25524,1395819,23539,28070,23949,826,76502,25380,5198,10,7532
6,6,55888.1,45071.5,240244,197608,173167,66,85056,82634,68160,227852,224010,212847,23587,1277672,17827,20590,17159,549,54177,18503,3294,10,7532
6,6,35225.6,23134.9,95757.2,88853.7,79449,35,47804,46344,37862,115886,113542,105261,11610,524113,7013,8600,7036,94,19005,7774,1819,10,7532
6,6,44231.9,30959.2,237975,123328,108221,60,60616,58896,48287,215075,211208,198247,22072,1091003,10246,12525,10539,244,32002,11370,2564,10,7532
6,6,53016.8,43098.3,109440,269599,233722,63,82652,80315,66436,131043,128800,121562,13800,667901,25102,28391,23981,779,80282,25557,3995,10,7532
6,6,80336.8,124043,260018,422062,367070,44,192204,187096,158230,248822,244984,232229,24609,1502237,33032,40881,35863,1342,126788,37473,8734,10,7532
6,6,44012.9,26803.1,105385,249645,218443,46,58031,56307,45769,124891,122567,115726,12826,621096,22239,24623,20530,526,67604,22077,3047,10,7532
6,6,47316,52516.6,143514,207291,181981,51,95819,93147,77720,152701,150002,140498,15839,774672,18160,21207,17817,544,54744,19081,3589,10,7532
6,6,37217.2,19812,135421,136689,120580,37,44733,43397,35195,146965,144187,133532,14766,678704,12757,14561,12030,387,34956,12932,2193,10,7532
6,6,84838.4,166112,305925,581887,497874,25,249997,244025,210272,281752,277520,263550,28148,1712550,45809,53686,47427,1538,181664,48811,8969,10,7532
6,6,60382.6,77072,281231,288781,246498,83,132467,128734,108575,254434,250078,238179,25380,1478107,26001,29291,24566,930,84790,26425,4071,10,7532
6,6,40035,36854.3,76894.1,152510,134529,20,74505,72318,59745,99308,97306,90156,10374,457438,13190,15726,13135,413,38656,14133,2959,10,7532
6,6,53795,64906.9,257724,185270,161261,49,107050,104013,86769,237593,233385,221253,23730,1323324,16154,19430,16391,593,51991,17594,3755,10,7532
6,6,59370.6,62710.2,271025,351396,308076,26,111150,107984,89804,253254,248946,237012,26306,1440321,29806,34938,29955,935,101799,31574,5967,10,7532
6,6,42144.6,27893.8,98538.1,172317,154842,16,58583,56812,45810,115452,113333,105912,11907,552970,12994,16258,13470,268,35108,14655,3675,10,7532
6,6,53012.7,53069,298725,227845,201714,64,99768,96976,80559,273018,268190,254638,28055,1505065,18534,23144,19599,457,59783,20989,5160,10,7532
6,6,39977.1,20478.6,103768,171246,152765,25,48040,46543,37622,127837,125463,118488,13161,639228,15648,18184,15186,461,45736,16345,3046,10,7532
6,6,35062.5,17703.5,103760,100200,88247,40,38769,37560,30679,126436,123934,114565,12636,573538,10641,11839,9881,242,30141,10515,1540,10,7532
6,6,65869.9,161153,230263,579875,513770,85,253138,246538,210657,227972,224179,212639,23399,1320866,40546,49638,43272,1277,152360,45362,10192,10,7532
6,6,34978.7,25557.8,66499.1,124840,112287,5,55602,53961,44131,87693,85895,79448,8897,390238,9406,11781,9818,267,26982,10640,2681,10,7532
6,6,42875.7,26754.8,191866,148412,130827,42,59258,57547,46980,198067,194530,182032,19959,992961,13745,16044,13306,351,39515,14390,2701,10,7532
6,6,39321.1,39150.6,154053,99643,87699,44,75167,73032,60486,168716,165410,153459,16598,810276,9441,10641,8595,213,27472,9529,1495,10,7532
6,6,42799.2,42920.7,81989,199714,176708,66,84278,81864,68139,104528,102493,94838,10855,491600,17749,20341,16955,518,54861,18230,3151,10,7532
6,6,62966.1,67022.3,302370,417266,362579,34,123327,119854,100434,281818,277050,263955,29080,1627664,36299,42043,36300,1205,129591,37912,6711,10,7532
6,6,38254.5,17710.4,115810,166033,148687,20,42360,41082,32806,126145,123798,116547,13045,627456,13640,16327,13533,349,38780,14722,3123,10,7532
6,6,62890.4,64825.4,313649,375132,326891,71,120106,116684,97756,285407,280593,267313,29325,1649501,31135,37146,32364,952,113670,33649,6815,10,7532
6,6,52878.6,39246.6,235591,179338,154193,62,78729,76525,63168,222799,218983,207750,23009,1234557,18627,20491,17061,591,61073,18311,2393,10,7532
6,6,49398.2,37499.4,119879,279928,243491,59,75052,72991,60390,140114,137647,130157,14283,713548,26158,28399,24005,829,86244,25456,2991,10,7532
6,6,48118.1,47806.6,251349,192401,171925,60,88135,85632,70817,243665,239190,225081,24861,1269891,15369,19038,16003,336,47729,17240,4140,10,7532
6,6,36774.4,29628.4,124239,94695.3,82514,54,55059,53383,44045,146757,143800,132729,14850,668100,9789,10781,8707,273,27563,9649,1341,10,7532
6,6,60913.9,70385.8,298393,362375,317877,57,125374,121875,101959,269704,265111,253427,27949,1578066,29259,34534,29771,933,97752,31220,6115,10,7532
6,6,48001.2,38273.9,114059,212567,189027,17,73976,71775,58760,131614,129334,120834,13628,664310,17237,21008,17795,472,51693,18947,4307,10,7532
6,6,82637.2,290207,291300,996144,871855,107,405726,395334,342465,276064,271868,257752,27153,1695698,66086,80318,70993,2432,278913,73896,15979,10,7532
6,6,62143.2,59996,251510,273344,232178,74,105077,102130,85291,252656,248400,236457,25054,1439069,27686,30698,25945,1060,93904,27669,3789,10,7532
6,6,59491.8,79483.2,290702,363684,319426,57,140631,136754,115010,267809,263202,251321,27569,1553511,30773,36407,31413,959,104808,32907,6503,10,7532
6,6,48143.7,46756.4,122555,247303,219656,31,97126,94522,79303,140657,138259,129135,14579,712945,20021,23982,20472,709,62631,21719,4520,10,7532
6,6,65840.6,105392,323008,481006,416903,53,169329,164824,139458,284235,279506,267252,29149,1694858,41305,47853,41185,1198,149581,43292,7703,10,7532
6,6,69993,184655,243605,686426,607454,94,289241,281705,241416,238530,234665,222471,24520,1401158,47178,57935,50686,1582,183389,53014,12050,10,7532
6,6,33426.6,21823.2,91359.2,78790.3,70342,44,48799,47224,38584,111923,109626,101161,11239,492717,7224,8535,6954,104,19024,7637,1572,10,7532
6,6,34192.1,25540.6,86759.6,88564.1,79607,31,53331,51716,42411,113359,111027,102636,11375,502961,7471,9073,7439,142,19552,8147,1858,10,7532
6,6,79676.6,279056,281651,828369,731434,109,377030,367332,317832,269769,265612,251827,26703,1653940,56897,69663,61324,2051,230923,64060,14327,10,7532
6,6,46638.5,28364.6,125011,220910,194680,24,59483,57711,47033,142918,140347,132744,14542,729696,19183,22540,19009,582,58900,20358,3954,10,7532
6,6,40141.6,24028,186815,128531,114866,18,51943,50397,40699,178561,175305,161919,17743,838778,10328,12538,10408,230,30821,11316,2520,10,7532
6,6,32578.5,16396.3,85683.2,65979.6,58478,5,37959,36744,29772,110610,108400,99564,11008,481658,5863,6954,5619,81,15163,6231,1295,10,7532
6,6,47676.8,33523.8,117475,231526,203959,36,67439,65497,53734,140048,137566,130212,14292,711436,20378,23656,20099,668,64526,21345,3884,10,7532
6,6,53105.3,71825.5,241703,236954,210711,28,119843,116573,97304,227491,223532,211859,22806,1269235,17853,23005,19506,518,57995,20920,5677,10,7532
6,6,48988.6,77556.2,184615,193373,173693,17,127909,124469,104485,188195,184761,174680,19221,1030029,13769,17541,14618,372,42227,15912,4196,10,7532
6,6,58921.1,61298,277693,346622,302263,30,110053,106915,89097,259580,255165,243103,26977,1475113,30366,35496,30505,975,104832,32080,5955,10,7532
6,6,56730.2,89114.5,224376,310671,278951,5,144417,140623,118988,218541,214793,202937,22206,1234159,19855,26394,22577,648,63826,24152,7119,10,7532
6,6,65922.6,72379.5,336000,384863,337361,72,128241,124463,104402,292226,287344,274841,30044,1738483,31365,37638,32801,915,115146,34130,7123,10,7532
6,6,46816.9,54558,238912,204855,181076,48,96373,93732,77648,222997,218871,206310,22667,1165618,16597,20107,16855,363,52760,18134,4001,10,7532
6,6,75041.9,198470,297099,562316,488543,82,288346,280839,241716,264459,260278,246865,26993,1608360,42535,50449,43972,1718,169370,46037,9083,10,7532
6,6,33470.6,23361,90464,83557.6,74902,19,46771,45355,37116,110534,108320,100098,10961,491280,6712,8295,6817,89,17552,7481,1818,10,7532
6,6,34614.6,24071,97627.6,86686.2,77254,32,51884,50267,41176,118592,116142,107441,12010,529353,7703,9225,7567,133,20736,8288,1793,10,7532
6,6,38492.2,44811.9,149954,127741,112796,42,80015,77756,64070,161203,158076,146935,16308,777506,11303,13424,10986,251,33723,12086,2471,10,7532
6,6,36164.9,32138.4,64543.3,138783,123385,10,63670,61823,50663,85258,83514,77267,8568,379422,11259,13616,11272,304,31816,12250,2721,10,7532
6,6,69048.8,82992.1,342823,395135,346052,74,139049,134998,113561,299276,294369,281835,30792,1803509,31911,38534,33594,895,117988,34967,7484,10,7532
6,6,66449,154350,286498,456361,396516,36,223252,217521,186209,254003,249806,237418,26414,1501876,35009,41804,36185,1014,134869,38104,7776,10,7532
6,6,39617.4,36688.6,95396.6,136439,120372,22,70193,68154,56341,116351,114010,105927,12032,539614,11613,14139,11642,297,32961,12714,2895,10,7532
6,6,34266.7,14605.7,99354.1,113915,101896,25,32077,30996,24533,119201,116832,107864,11659,538480,9630,11437,9374,145,25129,10253,2161,10,7532
6,6,55889.9,52778.5,289166,291179,256732,54,97128,94422,78689,265044,260363,247652,27548,1485611,24472,29179,25202,686,85041,26403,5387,10,7532
6,6,64011.6,90943.5,230247,313942,273054,13,148936,144884,122234,220983,217339,206365,22892,1252808,25481,30900,26436,644,81653,27898,6136,10,7532
6,6,53993.2,66727.2,163736,230170,200517,60,117731,114580,96698,174386,171445,161411,18114,936880,21747,24694,20885,699,68367,22149,3565,10,7532
6,6,40129.3,24836.5,151827,147132,129744,48,52603,51020,41155,161766,158792,148039,16497,778586,12432,14691,12084,339,34944,13155,2670,10,7532
6,6,63230,97005.8,180903,295093,254276,47,150309,146305,123989,190603,187349,177202,19230,1064133,26951,31252,27261,1027,98558,28364,5051,10,7532
6,6,31734.3,39463.3,89633.9,115853,103827,25,69616,67613,55386,105787,103583,94356,10182,456354,9024,11113,9023,180,25307,9973,2385,10,7532
6,6,53282.2,54069.4,171457,173553,153109,22,94964,92266,76585,176766,173572,164248,17994,957117,14331,17931,15010,318,42841,16203,4065,10,7532
6,6,56703,55135.8,248626,193869,168408,72,95632,92965,77204,231605,227742,216579,24097,1304841,16981,20035,16966,619,52495,18093,3547,10,7532
6,6,59834.8,68846,188679,210939,184276,27,113998,110934,93104,195594,192174,182086,19792,1078816,18103,22163,18829,532,57579,19987,4601,10,7532
6,6,43748.9,35665,140979,92324.5,82646,8,72247,70219,58169,154973,151993,143313,16099,801577,7477,9737,7873,130,19089,8788,2518,10,7532
6,6,52401,106724,205723,342744,303279,72,163370,158979,134145,200115,196518,186429,20604,1111364,24324,29093,24836,660,84488,26411,5463,10,7532
6,6,31000.3,33771.2,82468.4,107124,95451,42,66700,64812,53308,100181,98127,89477,9702,427765,9097,10928,8939,205,25067,9845,2121,10,7532
6,6,42380.7,29507,213685,121553,108013,7,56913,55318,45494,205598,201828,187452,21000,994089,9334,12339,10404,206,27319,11284,3270,10,7532
6,6,49262.5,44800.7,276811,188951,165657,36,83515,81261,67213,245697,241268,227212,25652,1286889,17046,20104,17104,376,54764,18120,3548,10,7532
6,6,80999.2,291783,296356,967601,840198,108,395456,385275,333199,273258,269091,255080,26936,1676165,64053,78027,68874,2367,266770,71755,15680,10,7532
6,6,48388.8,29065.3,131525,219085,191541,27,65210,63290,51817,146272,143691,135977,14870,751852,19788,23168,19608,641,62287,20955,3987,10,7532
6,6,42973.8,25453.2,111710,166420,147412,47,52853,51253,41442,128603,126222,118903,13221,647983,13594,16922,14340,453,39837,15371,3747,10,7532
6,6,74117.2,93270,380751,437579,373540,76,154637,150293,126962,310756,305802,292827,31613,1913198,34573,41885,36684,1043,129614,38069,8240,10,7532
6,6,33525,29044.3,74951.8,91186.5,81313,41,55705,54070,44398,95043,93110,86228,9617,418627,7771,9485,7754,183,21117,8490,1948,10,7532
6,6,58323,93672.2,290658,316434,276188,47,151947,147999,125288,258306,253832,241303,26585,1470109,26100,30871,26344,672,90501,27962,5509,10,7532
6,6,70779.2,196642,246037,721129,633375,97,291949,284152,243590,242644,238691,226299,24903,1432264,49531,60485,52988,1632,195131,55412,12318,10,7532
6,6,43195.1,62850.6,177194,169100,150592,9,103185,100402,83712,178780,175402,164243,17742,909896,12245,15877,13210,235,35460,14415,4010,10,7532
6,6,79415.7,108620,400431,582474,502627,86,181757,176866,150208,324265,319320,305767,32617,2037153,45802,55494,48526,1424,174536,50483,10923,10,7532
6,6,72742.9,94002.4,295772,477969,412550,96,161489,157230,132540,273412,269029,255950,28612,1610776,39769,46996,40970,1439,144644,42737,8247,10,7532
6,6,53906.4,59151.6,186982,215921,189917,6,107455,104598,87508,189486,186292,176126,19618,1036922,18042,21567,18201,437,56222,19408,4047,10,7532
6,6,47094.5,35543.3,255318,160521,141159,62,69771,67787,55550,232060,227920,215353,23813,1226803,13999,16830,14251,336,45172,15275,3210,10,7532
6,6,37211.5,21120.2,137167,141172,125077,41,45565,44219,35479,152438,149569,137747,15100,694334,11881,14112,11755,351,33766,12686,2569,10,7532
6,6,44987,50084.7,125900,154744,136075,25,84090,81732,68339,139204,136511,128224,14239,706531,13408,16026,13396,328,38668,14381,3036,10,7532
6,6,39678.4,20423.9,167555,128220,113381,50,41403,40176,31936,176955,173661,160100,17722,826083,11221,13706,11364,317,30794,12344,2806,10,7532
6,6,34747.6,15022.3,114131,113015,100317,46,34883,33859,26963,130026,127481,116819,12934,571877,9510,11598,9602,232,26178,10389,2370,10,7532
6,6,77677.6,109718,270454,337668,298259,21,166648,162026,136305,256441,252408,239664,25545,1536277,25172,32393,28002,925,87844,29615,7978,10,7532
6,6,59775.9,56310.4,248393,218546,192322,14,107359,104386,86951,233882,229999,218588,24323,1328841,17861,22058,18489,426,53040,19913,4744,10,7532
6,6,50123.1,39754.9,249957,212172,185294,30,80442,78063,64450,226445,222489,211362,23336,1253265,19239,22521,18954,598,61490,20310,3838,10,7532
6,6,42994.4,35033.3,152159,83534.8,74938,7,66320,64397,53248,163332,160184,150976,16776,840742,6799,8620,6966,105,16750,7756,2054,10,7532
6,6,43764.6,35088.6,188374,123694,105921,62,65020,63133,52384,193184,189491,178315,19694,986682,13613,14755,12033,355,40912,13172,1565,10,7532
6,6,86793.1,156843,356033,720139,615143,104,234403,228441,196017,308383,303762,288713,30678,1900085,58013,68200,60474,2205,226943,62236,11608,10,7532
6,6,62249.5,136352,222281,447082,398320,25,206616,201231,170711,222398,218678,206966,22632,1283049,30804,38877,33588,1021,109730,35520,8946,10,7532
6,6,32710.4,15320.4,89428.3,119989,107414,38,36073,34962,27997,112864,110593,101122,11161,487145,10363,12297,10227,298,28621,11012,2238,10,7532
6,6,69598.1,96287.2,210488,320908,280095,42,154419,150216,126668,217706,214107,202991,22214,1256773,27036,32678,28402,1022,96498,29707,6401,10,7532
6,6,65925.7,77987.3,290478,335950,293917,14,131058,127490,106862,254360,250231,238055,26367,1468953,27954,33469,28576,899,91418,30280,6292,10,7532
6,6,63600.7,120045,239972,399112,355845,14,177176,172595,146793,234336,230470,218434,23465,1364156,24877,32836,28541,948,85666,30169,8655,10,7532
6,6,64822,76478.8,290261,397083,344416,25,135393,131699,110417,264982,260622,248038,27707,1530146,32755,38520,33213,1069,115881,34876,6630,10,7532
6,6,67043.9,172852,237241,615543,537395,92,260999,254115,217405,232125,228235,216461,24190,1351458,42336,51760,45156,1356,161963,47342,10591,10,7532
6,6,60427,88748.4,312621,399738,346178,59,147733,143712,121068,268853,264265,252316,27728,1565423,33039,38772,33475,1066,113884,35061,6650,10,7532
6,6,48468,52161.6,138792,157198,138631,25,92029,89540,74816,156419,153500,144655,15935,824074,13426,16241,13490,295,38806,14567,3243,10,7532
6,6,55856.1,65522.9,257747,211881,179692,61,105882,102903,86606,238308,234126,222534,23847,1329374,22322,24433,20324,768,72735,21961,2770,10,7532
6,6,64091.2,172118,232390,536013,470847,87,243224,236940,202382,227727,223875,212283,24134,1317095,37118,45082,39109,1268,142396,41186,8980,10,7532
6,6,29570.3,27072.3,70680.6,88097.6,78514,28,52329,50785,41419,89550,87652,79664,8839,374557,7238,8379,6789,175,19395,7507,1368,10,7532
6,6,81365.3,127646,331066,603879,518655,98,192927,187971,160282,291803,287307,273118,29712,1759954,49083,57917,50957,1906,185326,52762,10063,10,7532
6,6,57045.4,97967,248808,306842,272506,24,140587,136750,114726,235418,231428,219858,23719,1352425,21306,27868,23818,708,71148,25467,7176,10,7532
6,6,53113.1,64174.4,302965,267291,232777,53,109231,106235,88689,253293,248801,236458,26430,1413024,22966,26543,22708,669,75976,23932,4241,10,7532
6,6,43148.4,49754.4,100577,191175,166506,51,88650,86167,71890,114949,112671,104833,11957,558897,16900,19898,16769,505,51458,17932,3523,10,7532
6,6,36637.6,35161.4,138247,89983.3,78654,50,64967,63155,52316,147323,144333,132815,14435,675519,8519,9567,7775,225,25057,8534,1297,10,7532
6,6,44252.5,26155,115318,214033,187843,38,55374,53686,43564,134690,132219,125009,13946,680096,18730,21506,18080,582,57688,19373,3365,10,7532
6,6,45697.2,51015.7,241654,187057,166322,53,91193,88666,73292,220638,216554,203558,22659,1135651,15496,18772,15678,400,48765,16943,3738,10,7532
6,6,71628.6,136026,336412,570171,490423,53,202426,197239,168351,291649,287023,274215,29349,1787939,47096,54008,46573,1462,174370,48951,8216,10,7532
6,6,46844.1,59456.3,194607,185015,164908,10,109367,106548,88945,197242,193678,182377,19794,1049283,13583,17505,14685,353,42367,15874,4297,10,7532
6,6,44698.7,29105.7,249757,125504,110963,14,56366,54744,44604,230890,226738,211141,23450,1137356,9881,12784,10759,216,29451,11633,3195,10,7532
6,6,61278.8,60485.6,200928,186567,165254,17,106495,103609,86321,208693,205098,194729,20967,1166038,15255,18880,15836,359,46218,17052,4088,10,7532
6,6,60027.4,61681.1,204316,164275,143498,14,104330,101498,84607,208051,204466,194132,20957,1159338,13938,16657,13856,349,41383,15008,3146,10,7532
6,6,59056.8,69549.4,216490,226482,198144,6,120021,116726,98116,210997,207463,196960,21911,1182023,18082,22223,18872,432,54939,19987,4665,10,7532
6,6,48542.4,72954.2,223965,265691,233826,48,127255,123864,104181,211402,207535,196639,21568,1147222,21728,25640,21802,578,74304,23183,4522,10,7532
6,6,32467.6,15440.5,92093.7,111564,99161,33,37563,36437,28996,111687,109513,100218,11080,481594,9596,11156,9221,300,26775,9963,1836,10,7532
6,6,37146.3,36115,88492,103255,92584,12,65388,63419,52239,111877,109595,101685,11521,507873,8144,10445,8506,139,20727,9358,2573,10,7532
6,6,51573,97369.6,207892,338005,297832,51,157603,153432,129732,204681,200940,190573,21166,1127479,26014,30285,25884,717,92348,27378,5007,10,7532
6,6,36484.3,23407.6,123978,141932,124527,40,51462,50003,40631,136992,134409,124722,13821,637263,12695,14807,12287,379,36723,13233,2484,10,7532
6,6,44438.1,72691,185031,249608,221801,53,121737,118404,98818,180391,176984,167406,18391,961018,18490,22455,18883,415,58855,20334,4519,10,7532
6,6,33411.9,16348.9,97720.4,106678,94639,31,33570,32453,26025,115538,113230,104238,11479,515979,9499,11014,9054,137,25257,9839,1853,10,7532
6,6,46401.5,38410.8,218443,144761,126301,60,73245,71146,58761,203969,200436,189641,21066,1089089,14075,15958,13236,456,42030,14304,2325,10,7532
6,6,32033,23292.9,77242.3,74994.1,67043,30,48394,46864,38336,100077,97991,90320,9836,433851,6459,7784,6350,89,16664,6972,1552,10,7532
6,6,62433,90236.6,293620,424597,370187,65,155223,151012,127300,272563,267987,255997,27930,1601788,35020,41020,35473,1214,120375,37078,6993,10,7532
6,6,42739.2,49690.2,185846,136511,119997,39,86761,84346,69904,186371,182842,170552,18278,933720,11680,14087,11666,380,35637,12730,2742,10,7532
6,6,37882.8,15809.3,99781.9,145344,129225,39,35778,34602,27096,116485,114279,107096,11887,553829,11375,13635,11279,242,32029,12295,2635,10,7532
6,6,37631.6,24181.7,136332,116916,102700,47,49352,47873,38797,145891,143188,133073,14634,681276,11172,12908,10556,319,30850,11519,2101,10,7532
6,6,66026.6,71690.2,245715,202907,178832,6,117100,113742,95106,241103,237062,225513,24295,1382517,15380,20587,17763,501,48079,18870,5656,10,7532
6,6,52408,48683.3,277272,238628,207410,34,88812,86272,71482,241727,237543,225901,24866,1353820,21662,25269,21405,650,70495,22786,4230,10,7532
6,6,43979.7,51491.1,98555.7,215525,188263,58,95278,92657,77755,113577,111390,103412,11871,557041,19160,22446,19071,659,60971,20201,3859,10,7532
6,6,60877.2,66604.3,305222,386179,335170,35,114544,111354,93128,272707,268082,255368,28055,1562652,33424,38934,33651,1109,118033,35098,6391,10,7532
6,6,47813.8,43711.9,234578,144548,122568,70,77094,74932,62387,213800,209905,199090,21415,1153623,15764,17072,14037,485,49463,15267,1754,10,7532
6,6,44864.9,32822.9,203471,137406,120595,53,66042,64125,52641,194901,191468,180213,19829,1007701,12776,14738,12074,347,36605,13214,2353,10,7532
6,6,48356.2,33108.3,112109,267027,232131,36,71126,69060,56855,132831,130449,123322,13812,669877,24437,27618,23251,611,78168,24847,3895,10,7532
6,6,64688.2,86530,284804,323768,276159,61,141619,137651,116458,262819,258425,246404,26284,1553373,30342,34430,29190,1089,103305,31171,4995,10,7532
6,6,71479.2,89448.1,317742,336672,282339,75,142824,138937,117199,280582,276090,263449,27641,1687136,34663,37708,31851,1201,122455,34041,4026,10,7532
6,6,43201.7,27515.9,169169,178687,156925,43,59952,58241,47649,175166,171977,160708,17874,868259,16303,18708,15641,524,48637,16723,2880,10,7532
6,6,64165.8,71871,272332,292125,253423,76,127605,124169,104374,250123,245971,234011,26099,1431368,25011,29110,24997,891,83732,26325,4789,10,7532
6,6,65513.7,169749,248020,547622,479855,87,259677,252997,216668,233168,229263,217436,24649,1357377,38435,46810,40624,1316,148285,42789,9418,10,7532
6,6,33291.2,10845.9,96847.7,140003,124640,9,25270,24428,18977,112478,110228,101855,11055,503388,11438,13395,11017,220,31835,12017,2338,10,7532
6,6,36805.9,32775.7,85212.4,161504,144024,32,67580,65660,54270,106382,104351,96957,10907,484886,13006,15465,12833,296,36693,13883,2881,10,7532
6,6,34869.7,17896.9,105392,120771,106716,18,38928,37673,29930,123076,120682,111775,12515,562028,10404,11968,9893,234,31068,10737,1884,10,7532
6,6,34172.7,22264.9,104346,85392.1,74137,47,44401,42977,35017,122887,120377,110745,12359,542812,8978,9832,7919,190,24762,8763,1175,10,7532
6,6,59426.5,72681.3,329336,372983,322811,58,128618,125037,104735,277847,273067,261083,28428,1614810,31490,37339,32114,845,106778,33736,6752,10,7532
6,6,55145.1,46478,255024,183334,157449,74,86982,84526,70425,232125,228046,216960,23074,1294557,19107,21040,17613,622,62223,18872,2468,10,7532
6,6,52050.7,98658.7,200763,334301,296248,61,160692,156371,131798,202656,199001,188750,21038,1121079,24695,29792,25507,702,85396,27108,5798,10,7532
6,6,57816.5,55610.1,122887,291347,252689,54,104231,101382,85043,143830,141428,133493,14836,747951,26566,30132,25627,852,87635,27163,4313,10,7532
6,6,39569.1,50322.7,165545,141809,125437,39,85992,83559,68927,166652,163414,152578,16941,820535,12186,14615,11941,237,35743,13190,2819,10,7532
6,6,53418.6,41244.1,241090,196834,166864,21,78392,76152,62736,222649,218854,207644,22921,1234038,20367,22394,18657,580,66493,19983,2612,10,7532
6,6,57863.4,68972.8,199809,231033,202160,12,120073,116860,97799,197946,194608,184393,20459,1097465,19620,23710,20002,418,59290,21369,4651,10,7532
6,6,38451.7,27443.2,110499,164365,145566,29,56830,55194,44910,131531,129082,120201,13565,625030,14280,16733,13917,405,42739,15075,2909,10,7532
6,6,65553.2,101295,198585,298876,259348,44,155167,150982,127958,199611,196237,185687,20120,1122966,26858,31280,27207,1046,97630,28382,5184,10,7532
6,6,59537.6,87370,269738,338860,300169,25,149865,145798,122381,243685,239651,227839,24440,1419278,24020,31327,26902,754,82919,28667,7987,10,7532
6,6,64527.6,95144,299871,344890,294377,88,150960,146753,124275,263981,259628,247715,26369,1570530,31166,35141,29797,1193,107208,31833,4893,10,7532
6,6,64698,105637,281783,391854,347991,27,174124,169358,143307,257496,253357,241189,25697,1535853,27512,35785,31075,1060,99390,32820,9057,10,7532
6,6,31842.1,13909.4,85468.1,98004.6,87399,31,32425,31406,24855,106234,104116,95205,10607,453653,7985,9652,7996,215,21814,8647,1915,10,7532
6,6,50508,29496.9,101055,287244,246978,46,63726,61896,50069,122485,120357,113057,12861,619971,25564,28181,23809,832,82356,25280,3352,10,7532
6,6,54134.5,72440.5,259718,235946,208916,44,122267,118871,99462,235345,231256,219796,23615,1338781,18116,23086,19605,589,58339,21000,5513,10,7532
6,6,52965.9,67333.6,260096,195489,171770,44,113561,110397,92513,235850,231719,219523,23595,1314685,15950,19767,16661,560,50602,17954,4299,10,7532
6,6,63087.8,68534.6,267044,289569,251303,82,120235,116926,97759,247123,243044,231164,25653,1418655,25035,29882,25601,845,83552,27056,5546,10,7532
6,6,36922.3,29697.9,133002,87542.8,76383,53,59585,57884,47774,150067,147053,135029,14895,682971,8145,9549,7849,189,23737,8600,1633,10,7532
6,6,50821.2,63725.5,132106,206901,179858,53,109252,106276,89611,147100,144348,135655,15187,769653,19612,22454,19075,621,63337,20218,3430,10,7532
6,6,33679.4,14565.3,100910,104663,92944,27,32178,31105,24930,116449,114114,105149,11499,521978,9512,11022,9075,139,24866,9835,1860,10,7532
6,6,44002.7,30098.5,229218,119192,106121,8,57155,55534,45413,221945,217931,202872,22611,1086150,8978,11827,9978,193,26820,10779,3104,10,7532
6,6,44645.4,29540.8,239431,113953,101615,8,58489,56884,46563,227756,223625,208428,23338,1120915,8504,11364,9597,160,25227,10348,3083,10,7532
6,6,42258.4,64607.2,171128,193956,172457,54,110604,107645,89396,171325,168106,158304,17160,890869,14985,18148,15107,406,45980,16428,3604,10,7532
6,6,54221.1,39745.1,134834,209438,182611,54,79189,76891,63100,148913,146366,138257,14918,773851,17390,21562,18508,665,54620,19635,4679,10,7532
6,6,58826.6,82730,276303,263056,231851,49,137295,133522,112519,251333,247049,235432,25118,1462805,20403,25584,21866,773,69355,23341,5784,10,7532
