K,dist,cost_ki,cost_hi,h_cost,vnum,gen_ki,push_ki,pop_ki,prune_ki,suc_call_ki,gen_hi,push_hi,pop_hi,prune_hi,suc_call_hi,reevaluate,density
4,22559.3,216760,138206,114802,43,4077,187311,177478,19512,1019406,454,16967,14214,520,50566,1637,0.000929368
4,27953.7,216760,138206,114802,4,4077,187311,177478,19512,1019406,454,16967,14214,520,50566,1637,0.000929368
4,31408.2,216760,138206,114802,41,4077,187311,177478,19512,1019406,454,16967,14214,520,50566,1637,0.000929368
4,52539.9,216760,138206,114802,61,4077,187311,177478,19512,1019406,454,16967,14214,520,50566,1637,0.000929368
4,21200.2,116768,85470.9,73929,26,3085,131441,121458,13590,613820,299,9883,8101,293,25901,1235,0.000929368
4,28890.4,116768,85470.9,73929,5,3085,131441,121458,13590,613820,299,9883,8101,293,25901,1235,0.000929368
4,29504.7,116768,85470.9,73929,42,3085,131441,121458,13590,613820,299,9883,8101,293,25901,1235,0.000929368
4,35824.2,116768,85470.9,73929,46,3085,131441,121458,13590,613820,299,9883,8101,293,25901,1235,0.000929368
4,15165.3,255778,168623,140882,11,4270,233872,222145,24639,1344814,586,21401,17986,563,64983,2498,0.000929368
4,25543.7,255778,168623,140882,28,4270,233872,222145,24639,1344814,586,21401,17986,563,64983,2498,0.000929368
4,44357.9,255778,168623,140882,41,4270,233872,222145,24639,1344814,586,21401,17986,563,64983,2498,0.000929368
4,56480.8,255778,168623,140882,63,4270,233872,222145,24639,1344814,586,21401,17986,563,64983,2498,0.000929368
4,18622.3,230194,102169,87632,23,4178,216959,200641,21922,1065848,325,11847,9960,245,31553,2128,0.000929368
4,33243.3,230194,102169,87632,3,4178,216959,200641,21922,1065848,325,11847,9960,245,31553,2128,0.000929368
4,37645.4,230194,102169,87632,32,4178,216959,200641,21922,1065848,325,11847,9960,245,31553,2128,0.000929368
4,43548.9,230194,102169,87632,3,4178,216959,200641,21922,1065848,325,11847,9960,245,31553,2128,0.000929368
4,29250.7,85424.6,108171,92917,9,2033,104077,98084,10923,528571,351,12966,10731,228,32998,2231,0.000929368
4,30292,85424.6,108171,92917,29,2033,104077,98084,10923,528571,351,12966,10731,228,32998,2231,0.000929368
4,36744.9,85424.6,108171,92917,30,2033,104077,98084,10923,528571,351,12966,10731,228,32998,2231,0.000929368
4,45369.8,85424.6,108171,92917,26,2033,104077,98084,10923,528571,351,12966,10731,228,32998,2231,0.000929368
4,9968.47,180405,106291,87754,17,3511,177836,168012,18572,961829,433,15141,12679,541,46257,902,0.000929368
4,21792.3,180405,106291,87754,7,3511,177836,168012,18572,961829,433,15141,12679,541,46257,902,0.000929368
4,25261,180405,106291,87754,27,3511,177836,168012,18572,961829,433,15141,12679,541,46257,902,0.000929368
4,54379.3,180405,106291,87754,73,3511,177836,168012,18572,961829,433,15141,12679,541,46257,902,0.000929368
4,28363.1,129697,144575,124612,29,2644,142122,133637,15308,767811,470,17415,14598,434,46953,2593,0.000929368
4,37259.8,129697,144575,124612,5,2644,142122,133637,15308,767811,470,17415,14598,434,46953,2593,0.000929368
4,44757.7,129697,144575,124612,49,2644,142122,133637,15308,767811,470,17415,14598,434,46953,2593,0.000929368
4,50181,129697,144575,124612,56,2644,142122,133637,15308,767811,470,17415,14598,434,46953,2593,0.000929368
4,12110.7,223538,186644,157019,15,3734,210032,199002,22735,1237769,645,23746,20254,592,78658,3023,0.000929368
4,44486.8,223538,186644,157019,51,3734,210032,199002,22735,1237769,645,23746,20254,592,78658,3023,0.000929368
4,47771.7,223538,186644,157019,14,3734,210032,199002,22735,1237769,645,23746,20254,592,78658,3023,0.000929368
4,64601.2,223538,186644,157019,33,3734,210032,199002,22735,1237769,645,23746,20254,592,78658,3023,0.000929368
4,13429.2,127814,60040,50569,12,3113,140589,131351,14689,697589,284,8475,6852,250,22436,563,0.000929368
4,13765.3,127814,60040,50569,14,3113,140589,131351,14689,697589,284,8475,6852,250,22436,563,0.000929368
4,14622.9,127814,60040,50569,28,3113,140589,131351,14689,697589,284,8475,6852,250,22436,563,0.000929368
4,42697.5,127814,60040,50569,62,3113,140589,131351,14689,697589,284,8475,6852,250,22436,563,0.000929368
4,27430,325899,238836,199229,40,4959,274332,261330,28013,1575741,758,28466,24141,919,88190,3442,0.000929368
4,29606,325899,238836,199229,6,4959,274332,261330,28013,1575741,758,28466,24141,919,88190,3442,0.000929368
4,50593.4,325899,238836,199229,58,4959,274332,261330,28013,1575741,758,28466,24141,919,88190,3442,0.000929368
4,56704.5,325899,238836,199229,68,4959,274332,261330,28013,1575741,758,28466,24141,919,88190,3442,0.000929368
4,36814.5,349707,460110,378985,40,5778,295076,281359,29847,1809679,1247,50933,43866,1743,177142,4858,0.000929368
4,43184.2,349707,460110,378985,38,5778,295076,281359,29847,1809679,1247,50933,43866,1743,177142,4858,0.000929368
4,71501,349707,460110,378985,75,5778,295076,281359,29847,1809679,1247,50933,43866,1743,177142,4858,0.000929368
4,72255,349707,460110,378985,92,5778,295076,281359,29847,1809679,1247,50933,43866,1743,177142,4858,0.000929368
4,24781,226500,145519,124152,31,4102,208200,193482,20939,1036911,506,16325,13217,388,45288,1581,0.000929368
4,28162.2,226500,145519,124152,27,4102,208200,193482,20939,1036911,506,16325,13217,388,45288,1581,0.000929368
4,42741,226500,145519,124152,5,4102,208200,193482,20939,1036911,506,16325,13217,388,45288,1581,0.000929368
4,43066.3,226500,145519,124152,25,4102,208200,193482,20939,1036911,506,16325,13217,388,45288,1581,0.000929368
4,9439.43,59543.7,43537.4,37308,13,1656,75952,70157,7686,337476,190,6154,4927,86,14510,836,0.000929368
4,11555.1,59543.7,43537.4,37308,15,1656,75952,70157,7686,337476,190,6154,4927,86,14510,836,0.000929368
4,27411.9,59543.7,43537.4,37308,32,1656,75952,70157,7686,337476,190,6154,4927,86,14510,836,0.000929368
4,31398.2,59543.7,43537.4,37308,23,1656,75952,70157,7686,337476,190,6154,4927,86,14510,836,0.000929368
4,7648.39,275555,336484,277255,9,4090,245243,233190,25415,1500952,1014,40180,34742,1318,144146,4153,0.000929368
4,37240,275555,336484,277255,50,4090,245243,233190,25415,1500952,1014,40180,34742,1318,144146,4153,0.000929368
4,61469,275555,336484,277255,50,4090,245243,233190,25415,1500952,1014,40180,34742,1318,144146,4153,0.000929368
4,67086.5,275555,336484,277255,93,4090,245243,233190,25415,1500952,1014,40180,34742,1318,144146,4153,0.000929368
4,21883.7,254577,137367,115066,7,3971,227124,215620,23230,1336909,480,17762,14888,483,49742,2420,0.000929368
4,26887.2,254577,137367,115066,19,3971,227124,215620,23230,1336909,480,17762,14888,483,49742,2420,0.000929368
4,53450.1,254577,137367,115066,65,3971,227124,215620,23230,1336909,480,17762,14888,483,49742,2420,0.000929368
4,61368,254577,137367,115066,73,3971,227124,215620,23230,1336909,480,17762,14888,483,49742,2420,0.000929368
4,25425.5,82962.3,91698.6,79046,18,2052,103781,97738,10905,527434,315,11192,9220,196,28643,1750,0.000929368
4,25919.1,82962.3,91698.6,79046,19,2052,103781,97738,10905,527434,315,11192,9220,196,28643,1750,0.000929368
4,33500.9,82962.3,91698.6,79046,22,2052,103781,97738,10905,527434,315,11192,9220,196,28643,1750,0.000929368
4,42234.6,82962.3,91698.6,79046,34,2052,103781,97738,10905,527434,315,11192,9220,196,28643,1750,0.000929368
4,42331.6,223694,260957,224217,52,5004,214900,202421,22616,1145138,824,29384,24609,852,83839,3337,0.000929368
4,45942.7,223694,260957,224217,44,5004,214900,202421,22616,1145138,824,29384,24609,852,83839,3337,0.000929368
4,47911.4,223694,260957,224217,10,5004,214900,202421,22616,1145138,824,29384,24609,852,83839,3337,0.000929368
4,49130.9,223694,260957,224217,50,5004,214900,202421,22616,1145138,824,29384,24609,852,83839,3337,0.000929368
4,30828.4,75268.2,100944,86254,16,1653,84866,79538,9187,419751,330,12406,10323,298,35144,1640,0.000929368
4,35449.2,75268.2,100944,86254,38,1653,84866,79538,9187,419751,330,12406,10323,298,35144,1640,0.000929368
4,44156.6,75268.2,100944,86254,2,1653,84866,79538,9187,419751,330,12406,10323,298,35144,1640,0.000929368
4,46210.7,75268.2,100944,86254,32,1653,84866,79538,9187,419751,330,12406,10323,298,35144,1640,0.000929368
4,19651.3,104481,57384.1,49481,9,2383,120127,113388,12589,621678,182,6933,5575,112,16373,1036,0.000929368
4,24441.9,104481,57384.1,49481,27,2383,120127,113388,12589,621678,182,6933,5575,112,16373,1036,0.000929368
4,24482.5,104481,57384.1,49481,14,2383,120127,113388,12589,621678,182,6933,5575,112,16373,1036,0.000929368
4,40401.8,104481,57384.1,49481,44,2383,120127,113388,12589,621678,182,6933,5575,112,16373,1036,0.000929368
4,12749.2,96380,54632.9,46556,23,2606,110451,102224,11335,508849,223,7597,6135,155,17565,1060,0.000929368
4,20658.5,96380,54632.9,46556,29,2606,110451,102224,11335,508849,223,7597,6135,155,17565,1060,0.000929368
4,23685.6,96380,54632.9,46556,16,2606,110451,102224,11335,508849,223,7597,6135,155,17565,1060,0.000929368
4,33995.1,96380,54632.9,46556,49,2606,110451,102224,11335,508849,223,7597,6135,155,17565,1060,0.000929368
4,19265.9,332708,179376,150783,12,5106,278245,264642,28149,1579698,620,22194,18662,644,67630,2474,0.000929368
4,29822.6,332708,179376,150783,29,5106,278245,264642,28149,1579698,620,22194,18662,644,67630,2474,0.000929368
4,41776.1,332708,179376,150783,51,5106,278245,264642,28149,1579698,620,22194,18662,644,67630,2474,0.000929368
4,53614.3,332708,179376,150783,53,5106,278245,264642,28149,1579698,620,22194,18662,644,67630,2474,0.000929368
4,48563.3,295438,505112,415800,63,5475,264042,251605,26983,1561077,1495,60652,52291,1822,199070,6673,0.000929368
4,54920.9,295438,505112,415800,29,5475,264042,251605,26983,1561077,1495,60652,52291,1822,199070,6673,0.000929368
4,58782.2,295438,505112,415800,66,5475,264042,251605,26983,1561077,1495,60652,52291,1822,199070,6673,0.000929368
4,71802.8,295438,505112,415800,41,5475,264042,251605,26983,1561077,1495,60652,52291,1822,199070,6673,0.000929368
4,23604.1,253906,109533,91769,6,4282,232212,220505,24022,1314230,427,14247,11871,458,42236,1704,0.000929368
4,26162.1,253906,109533,91769,17,4282,232212,220505,24022,1314230,427,14247,11871,458,42236,1704,0.000929368
4,33560,253906,109533,91769,38,4282,232212,220505,24022,1314230,427,14247,11871,458,42236,1704,0.000929368
4,51158.8,253906,109533,91769,57,4282,232212,220505,24022,1314230,427,14247,11871,458,42236,1704,0.000929368
4,46677.9,236072,334507,287401,54,5029,218458,205512,22852,1170602,890,33370,28237,1075,97801,4040,0.000929368
4,48236.5,236072,334507,287401,67,5029,218458,205512,22852,1170602,890,33370,28237,1075,97801,4040,0.000929368
4,50018.8,236072,334507,287401,46,5029,218458,205512,22852,1170602,890,33370,28237,1075,97801,4040,0.000929368
4,50345.7,236072,334507,287401,29,5029,218458,205512,22852,1170602,890,33370,28237,1075,97801,4040,0.000929368
4,42162.1,261913,331276,277113,55,5044,253998,241403,25598,1474181,897,38130,33107,1125,128793,4664,0.000929368
4,50701.6,261913,331276,277113,18,5044,253998,241403,25598,1474181,897,38130,33107,1125,128793,4664,0.000929368
4,53649.5,261913,331276,277113,55,5044,253998,241403,25598,1474181,897,38130,33107,1125,128793,4664,0.000929368
4,72356.5,261913,331276,277113,65,5044,253998,241403,25598,1474181,897,38130,33107,1125,128793,4664,0.000929368
4,28738.2,119488,149782,128935,31,2551,136617,128389,14805,734205,474,17829,14925,405,48731,2639,0.000929368
4,38417.7,119488,149782,128935,5,2551,136617,128389,14805,734205,474,17829,14925,405,48731,2639,0.000929368
4,44527.8,119488,149782,128935,44,2551,136617,128389,14805,734205,474,17829,14925,405,48731,2639,0.000929368
4,49573.4,119488,149782,128935,54,2551,136617,128389,14805,734205,474,17829,14925,405,48731,2639,0.000929368
4,27395.2,150633,148514,127149,23,2918,156463,147313,16553,852657,481,17862,14931,411,48359,2659,0.000929368
4,34618.4,150633,148514,127149,11,2918,156463,147313,16553,852657,481,17862,14931,411,48359,2659,0.000929368
4,46486.7,150633,148514,127149,44,2918,156463,147313,16553,852657,481,17862,14931,411,48359,2659,0.000929368
4,52408.4,150633,148514,127149,57,2918,156463,147313,16553,852657,481,17862,14931,411,48359,2659,0.000929368
4,35476.5,110327,126076,109889,54,2412,126887,119629,13527,672603,368,14134,11887,318,33150,3055,0.000929368
4,38440.3,110327,126076,109889,5,2412,126887,119629,13527,672603,368,14134,11887,318,33150,3055,0.000929368
4,41932.3,110327,126076,109889,30,2412,126887,119629,13527,672603,368,14134,11887,318,33150,3055,0.000929368
4,52090.3,110327,126076,109889,7,2412,126887,119629,13527,672603,368,14134,11887,318,33150,3055,0.000929368
4,23616.1,254892,107991,90990,7,4269,231954,220261,23985,1313222,425,14209,11830,456,42188,1701,0.000929368
4,26140.2,254892,107991,90990,18,4269,231954,220261,23985,1313222,425,14209,11830,456,42188,1701,0.000929368
4,33560.3,254892,107991,90990,38,4269,231954,220261,23985,1313222,425,14209,11830,456,42188,1701,0.000929368
4,51159.1,254892,107991,90990,57,4269,231954,220261,23985,1313222,425,14209,11830,456,42188,1701,0.000929368
4,29611.3,220419,204275,168469,37,4477,222078,211054,23068,1250288,673,26623,22729,871,90377,2123,0.000929368
4,39131,220419,204275,168469,5,4477,222078,211054,23068,1250288,673,26623,22729,871,90377,2123,0.000929368
4,41394.7,220419,204275,168469,38,4477,222078,211054,23068,1250288,673,26623,22729,871,90377,2123,0.000929368
4,64059.4,220419,204275,168469,66,4477,222078,211054,23068,1250288,673,26623,22729,871,90377,2123,0.000929368
4,4668.03,343531,251678,207452,5,4991,303380,289966,30504,1859252,946,33104,28031,1186,112554,3023,0.000929368
4,19158.7,343531,251678,207452,18,4991,303380,289966,30504,1859252,946,33104,28031,1186,112554,3023,0.000929368
4,67666.1,343531,251678,207452,90,4991,303380,289966,30504,1859252,946,33104,28031,1186,112554,3023,0.000929368
4,73767.8,343531,251678,207452,57,4991,303380,289966,30504,1859252,946,33104,28031,1186,112554,3023,0.000929368
4,38814.1,338075,459585,380732,40,5735,287658,274174,29152,1750841,1241,49394,42499,1631,171377,4273,0.000929368
4,44118.8,338075,459585,380732,39,5735,287658,274174,29152,1750841,1241,49394,42499,1631,171377,4273,0.000929368
4,70397.5,338075,459585,380732,68,5735,287658,274174,29152,1750841,1241,49394,42499,1631,171377,4273,0.000929368
4,70745.8,338075,459585,380732,88,5735,287658,274174,29152,1750841,1241,49394,42499,1631,171377,4273,0.000929368
4,16049.3,152818,60460.2,51811,5,3028,152283,143737,16136,799481,235,7992,6608,218,19775,1100,0.000929368
4,17794.9,152818,60460.2,51811,27,3028,152283,143737,16136,799481,235,7992,6608,218,19775,1100,0.000929368
4,26627.9,152818,60460.2,51811,34,3028,152283,143737,16136,799481,235,7992,6608,218,19775,1100,0.000929368
4,40958.1,152818,60460.2,51811,61,3028,152283,143737,16136,799481,235,7992,6608,218,19775,1100,0.000929368
4,24917.2,354881,254316,210872,15,5192,298549,284718,30133,1756066,860,31342,26489,1011,99868,3254,0.000929368
4,26016.3,354881,254316,210872,26,5192,298549,284718,30133,1756066,860,31342,26489,1011,99868,3254,0.000929368
4,55802.9,354881,254316,210872,59,5192,298549,284718,30133,1756066,860,31342,26489,1011,99868,3254,0.000929368
4,63597.8,354881,254316,210872,73,5192,298549,284718,30133,1756066,860,31342,26489,1011,99868,3254,0.000929368
4,20442.3,108898,77162.1,65915,24,2790,123133,113393,12704,566986,277,9322,7637,261,24318,1130,0.000929368
4,29474.8,108898,77162.1,65915,36,2790,123133,113393,12704,566986,277,9322,7637,261,24318,1130,0.000929368
4,29635.8,108898,77162.1,65915,4,2790,123133,113393,12704,566986,277,9322,7637,261,24318,1130,0.000929368
4,34544.3,108898,77162.1,65915,46,2790,123133,113393,12704,566986,277,9322,7637,261,24318,1130,0.000929368
4,18269.9,144333,119900,104011,17,2921,147838,139448,15872,784547,398,14275,11782,298,36710,2121,0.000929368
4,35560.5,144333,119900,104011,22,2921,147838,139448,15872,784547,398,14275,11782,298,36710,2121,0.000929368
4,38198.4,144333,119900,104011,44,2921,147838,139448,15872,784547,398,14275,11782,298,36710,2121,0.000929368
4,45420,144333,119900,104011,50,2921,147838,139448,15872,784547,398,14275,11782,298,36710,2121,0.000929368
4,24791.7,121257,80488.8,70730,31,2709,129982,119255,13200,589631,246,9030,7470,214,20252,1753,0.000929368
4,32331.8,121257,80488.8,70730,21,2709,129982,119255,13200,589631,246,9030,7470,214,20252,1753,0.000929368
4,34445.5,121257,80488.8,70730,36,2709,129982,119255,13200,589631,246,9030,7470,214,20252,1753,0.000929368
4,35306.1,121257,80488.8,70730,6,2709,129982,119255,13200,589631,246,9030,7470,214,20252,1753,0.000929368
4,11980.3,180981,70180.4,60169,6,3473,179587,169931,18922,969739,269,9163,7552,247,23256,1185,0.000929368
4,21004.7,180981,70180.4,60169,26,3473,179587,169931,18922,969739,269,9163,7552,247,23256,1185,0.000929368
4,30172.1,180981,70180.4,60169,41,3473,179587,169931,18922,969739,269,9163,7552,247,23256,1185,0.000929368
4,44322.1,180981,70180.4,60169,55,3473,179587,169931,18922,969739,269,9163,7552,247,23256,1185,0.000929368
4,13753.7,172205,116582,97909,15,3393,174944,165828,18842,952042,413,14846,12323,378,43302,1663,0.000929368
4,25010.6,172205,116582,97909,34,3393,174944,165828,18842,952042,413,14846,12323,378,43302,1663,0.000929368
4,33030.8,172205,116582,97909,40,3393,174944,165828,18842,952042,413,14846,12323,378,43302,1663,0.000929368
4,46235.5,172205,116582,97909,50,3393,174944,165828,18842,952042,413,14846,12323,378,43302,1663,0.000929368
4,14859.3,267287,96337.5,84448,12,4511,236687,222809,23950,1275682,335,11254,9196,249,24945,2245,0.000929368
4,30384.4,267287,96337.5,84448,35,4511,236687,222809,23950,1275682,335,11254,9196,249,24945,2245,0.000929368
4,38466.8,267287,96337.5,84448,48,4511,236687,222809,23950,1275682,335,11254,9196,249,24945,2245,0.000929368
4,48499.3,267287,96337.5,84448,4,4511,236687,222809,23950,1275682,335,11254,9196,249,24945,2245,0.000929368
4,25344.7,180190,181218,150865,41,4278,195805,185721,20415,1074928,545,21087,17901,709,64418,2191,0.000929368
4,30920,180190,181218,150865,12,4278,195805,185721,20415,1074928,545,21087,17901,709,64418,2191,0.000929368
4,34505.4,180190,181218,150865,45,4278,195805,185721,20415,1074928,545,21087,17901,709,64418,2191,0.000929368
4,54387.5,180190,181218,150865,59,4278,195805,185721,20415,1074928,545,21087,17901,709,64418,2191,0.000929368
4,10289.3,180024,107731,88589,20,3512,175819,166024,18365,947101,426,14876,12450,511,45022,971,0.000929368
4,21469.3,180024,107731,88589,11,3512,175819,166024,18365,947101,426,14876,12450,511,45022,971,0.000929368
4,24153.1,180024,107731,88589,27,3512,175819,166024,18365,947101,426,14876,12450,511,45022,971,0.000929368
4,53191.7,180024,107731,88589,72,3512,175819,166024,18365,947101,426,14876,12450,511,45022,971,0.000929368
4,26148.4,93390.2,89493.7,76791,16,2174,110092,103832,11614,564069,326,11283,9268,228,28547,1869,0.000929368
4,26999.9,93390.2,89493.7,76791,20,2174,110092,103832,11614,564069,326,11283,9268,228,28547,1869,0.000929368
4,32521.7,93390.2,89493.7,76791,25,2174,110092,103832,11614,564069,326,11283,9268,228,28547,1869,0.000929368
4,43386.6,93390.2,89493.7,76791,34,2174,110092,103832,11614,564069,326,11283,9268,228,28547,1869,0.000929368
4,31198.5,89965.2,123551,105335,11,2094,108339,102142,11413,552084,401,14966,12528,313,40015,2511,0.000929368
4,32149.9,89965.2,123551,105335,25,2094,108339,102142,11413,552084,401,14966,12528,313,40015,2511,0.000929368
4,37943.7,89965.2,123551,105335,36,2094,108339,102142,11413,552084,401,14966,12528,313,40015,2511,0.000929368
4,47317.7,89965.2,123551,105335,28,2094,108339,102142,11413,552084,401,14966,12528,313,40015,2511,0.000929368
4,27560.7,358485,319135,263157,24,5216,297242,283337,30061,1758000,986,38121,32589,1267,127042,4119,0.000929368
4,29247.5,358485,319135,263157,33,5216,297242,283337,30061,1758000,986,38121,32589,1267,127042,4119,0.000929368
4,58753.1,358485,319135,263157,56,5216,297242,283337,30061,1758000,986,38121,32589,1267,127042,4119,0.000929368
4,64343.9,358485,319135,263157,74,5216,297242,283337,30061,1758000,986,38121,32589,1267,127042,4119,0.000929368
4,8093.02,282050,243406,198967,13,4542,262032,249797,26632,1574118,813,29040,24555,1091,94573,2772,0.000929368
4,10917.4,282050,243406,198967,14,4542,262032,249797,26632,1574118,813,29040,24555,1091,94573,2772,0.000929368
4,61679,282050,243406,198967,83,4542,262032,249797,26632,1574118,813,29040,24555,1091,94573,2772,0.000929368
4,64666,282050,243406,198967,51,4542,262032,249797,26632,1574118,813,29040,24555,1091,94573,2772,0.000929368
4,13622.6,393859,284836,232793,11,5498,329694,314759,32596,1984367,980,37100,31348,1148,122287,3152,0.000929368
4,20279.9,393859,284836,232793,9,5498,329694,314759,32596,1984367,980,37100,31348,1148,122287,3152,0.000929368
4,63706.1,393859,284836,232793,80,5498,329694,314759,32596,1984367,980,37100,31348,1148,122287,3152,0.000929368
4,73405.4,393859,284836,232793,39,5498,329694,314759,32596,1984367,980,37100,31348,1148,122287,3152,0.000929368
4,15060.1,226759,177245,148915,17,3994,220222,208747,23297,1254724,586,22323,18784,604,67177,2632,0.000929368
4,23967.9,226759,177245,148915,35,3994,220222,208747,23297,1254724,586,22323,18784,604,67177,2632,0.000929368
4,48455,226759,177245,148915,47,3994,220222,208747,23297,1254724,586,22323,18784,604,67177,2632,0.000929368
4,54668.8,226759,177245,148915,68,3994,220222,208747,23297,1254724,586,22323,18784,604,67177,2632,0.000929368
4,8116.75,63681.2,47786.7,40342,13,1861,86483,80098,9038,394062,193,6761,5417,123,17242,600,0.000929368
4,8229.42,63681.2,47786.7,40342,15,1861,86483,80098,9038,394062,193,6761,5417,123,17242,600,0.000929368
4,24163.4,63681.2,47786.7,40342,27,1861,86483,80098,9038,394062,193,6761,5417,123,17242,600,0.000929368
4,34186.3,63681.2,47786.7,40342,25,1861,86483,80098,9038,394062,193,6761,5417,123,17242,600,0.000929368
4,36011.4,362436,472676,388177,40,5936,309210,294972,31121,1924531,1337,55434,47906,1924,192188,5644,0.000929368
4,43383.7,362436,472676,388177,31,5936,309210,294972,31121,1924531,1337,55434,47906,1924,192188,5644,0.000929368
4,74530,362436,472676,388177,73,5936,309210,294972,31121,1924531,1337,55434,47906,1924,192188,5644,0.000929368
4,76037.2,362436,472676,388177,103,5936,309210,294972,31121,1924531,1337,55434,47906,1924,192188,5644,0.000929368
4,32671.7,88173.8,135312,115099,8,2050,107175,100959,11207,545273,427,16362,13794,388,45409,2569,0.000929368
4,34508.3,88173.8,135312,115099,28,2050,107175,100959,11207,545273,427,16362,13794,388,45409,2569,0.000929368
4,40126.2,88173.8,135312,115099,48,2050,107175,100959,11207,545273,427,16362,13794,388,45409,2569,0.000929368
4,48790.8,88173.8,135312,115099,25,2050,107175,100959,11207,545273,427,16362,13794,388,45409,2569,0.000929368
4,51512.7,261928,492584,409512,66,5395,244581,232429,25372,1426969,1391,58299,50481,1862,182740,7772,0.000929368
4,55719.5,261928,492584,409512,51,5395,244581,232429,25372,1426969,1391,58299,50481,1862,182740,7772,0.000929368
4,60232.8,261928,492584,409512,79,5395,244581,232429,25372,1426969,1391,58299,50481,1862,182740,7772,0.000929368
4,65466,261928,492584,409512,89,5395,244581,232429,25372,1426969,1391,58299,50481,1862,182740,7772,0.000929368
4,10067.5,180721,124610,105514,14,3572,184013,171911,18425,959896,483,16156,13354,403,46855,1935,0.000929368
4,27656.9,180721,124610,105514,37,3572,184013,171911,18425,959896,483,16156,13354,403,46855,1935,0.000929368
4,43727.9,180721,124610,105514,48,3572,184013,171911,18425,959896,483,16156,13354,403,46855,1935,0.000929368
4,45677.1,180721,124610,105514,32,3572,184013,171911,18425,959896,483,16156,13354,403,46855,1935,0.000929368
4,31493.9,376271,419151,343460,34,5984,319533,304962,31727,1991614,1218,49916,42947,1615,165081,5741,0.000929368
4,39672.6,376271,419151,343460,22,5984,319533,304962,31727,1991614,1218,49916,42947,1615,165081,5741,0.000929368
4,74390.2,376271,419151,343460,70,5984,319533,304962,31727,1991614,1218,49916,42947,1615,165081,5741,0.000929368
4,77633.3,376271,419151,343460,106,5984,319533,304962,31727,1991614,1218,49916,42947,1615,165081,5741,0.000929368
4,42993.9,233538,252039,216209,61,5188,228106,216251,24289,1264679,703,28987,24933,745,80948,5490,0.000929368
4,44751.7,233538,252039,216209,44,5188,228106,216251,24289,1264679,703,28987,24933,745,80948,5490,0.000929368
4,49921.7,233538,252039,216209,62,5188,228106,216251,24289,1264679,703,28987,24933,745,80948,5490,0.000929368
4,57331.4,233538,252039,216209,23,5188,228106,216251,24289,1264679,703,28987,24933,745,80948,5490,0.000929368
4,26734.9,393889,405995,329631,31,6187,341423,326037,33609,2133547,1275,50635,43647,1925,173312,5251,0.000929368
4,35939.3,393889,405995,329631,17,6187,341423,326037,33609,2133547,1275,50635,43647,1925,173312,5251,0.000929368
4,75231.2,393889,405995,329631,88,6187,341423,326037,33609,2133547,1275,50635,43647,1925,173312,5251,0.000929368
4,81860,393889,405995,329631,100,6187,341423,326037,33609,2133547,1275,50635,43647,1925,173312,5251,0.000929368
4,20021.3,165377,141372,119961,20,3156,170125,160122,17640,945365,511,18559,15392,467,52419,2514,0.000929368
4,32046.4,165377,141372,119961,6,3156,170125,160122,17640,945365,511,18559,15392,467,52419,2514,0.000929368
4,42415.3,165377,141372,119961,66,3156,170125,160122,17640,945365,511,18559,15392,467,52419,2514,0.000929368
4,50817.3,165377,141372,119961,26,3156,170125,160122,17640,945365,511,18559,15392,467,52419,2514,0.000929368
4,32840,132965,140672,122781,65,2637,140035,131558,14870,777631,428,15879,13118,322,38732,3244,0.000929368
4,35185.9,132965,140672,122781,35,2637,140035,131558,14870,777631,428,15879,13118,322,38732,3244,0.000929368
4,46263.7,132965,140672,122781,5,2637,140035,131558,14870,777631,428,15879,13118,322,38732,3244,0.000929368
4,51897,132965,140672,122781,16,2637,140035,131558,14870,777631,428,15879,13118,322,38732,3244,0.000929368
4,39371,211137,227599,195228,45,4915,208561,197474,22088,1134739,622,25514,21888,676,71489,4591,0.000929368
4,39987.2,211137,227599,195228,64,4915,208561,197474,22088,1134739,622,25514,21888,676,71489,4591,0.000929368
4,44541,211137,227599,195228,63,4915,208561,197474,22088,1134739,622,25514,21888,676,71489,4591,0.000929368
4,51771.3,211137,227599,195228,26,4915,208561,197474,22088,1134739,622,25514,21888,676,71489,4591,0.000929368
4,40641.8,273886,288934,234359,22,4552,261732,248452,25957,1572134,925,37354,32375,1232,138489,3487,0.000929368
4,54092.2,273886,288934,234359,3,4552,261732,248452,25957,1572134,925,37354,32375,1232,138489,3487,0.000929368
4,57324.8,273886,288934,234359,38,4552,261732,248452,25957,1572134,925,37354,32375,1232,138489,3487,0.000929368
4,82858.2,273886,288934,234359,87,4552,261732,248452,25957,1572134,925,37354,32375,1232,138489,3487,0.000929368
4,21856,232222,114027,95098,5,4101,220191,209061,23015,1253165,440,15458,13034,488,49895,1838,0.000929368
4,27389.8,232222,114027,95098,10,4101,220191,209061,23015,1253165,440,15458,13034,488,49895,1838,0.000929368
4,35019.9,232222,114027,95098,44,4101,220191,209061,23015,1253165,440,15458,13034,488,49895,1838,0.000929368
4,52498.2,232222,114027,95098,65,4101,220191,209061,23015,1253165,440,15458,13034,488,49895,1838,0.000929368
4,53880,221238,467871,396791,61,4973,216040,203857,22750,1199816,1200,45115,38573,1588,149422,3470,0.000929368
4,54008,221238,467871,396791,76,4973,216040,203857,22750,1199816,1200,45115,38573,1588,149422,3470,0.000929368
4,54775.6,221238,467871,396791,78,4973,216040,203857,22750,1199816,1200,45115,38573,1588,149422,3470,0.000929368
4,55062.1,221238,467871,396791,47,4973,216040,203857,22750,1199816,1200,45115,38573,1588,149422,3470,0.000929368
4,1882.73,243290,159767,131905,3,4129,226962,215148,23013,1295834,596,20864,17385,602,63692,2009,0.000929368
4,17995,243290,159767,131905,23,4129,226962,215148,23013,1295834,596,20864,17385,602,63692,2009,0.000929368
4,52791.3,243290,159767,131905,63,4129,226962,215148,23013,1295834,596,20864,17385,602,63692,2009,0.000929368
4,54774.5,243290,159767,131905,42,4129,226962,215148,23013,1295834,596,20864,17385,602,63692,2009,0.000929368
4,30832.2,348985,392683,323569,39,5728,302360,288568,30570,1837555,1139,46431,40047,1616,155960,5290,0.000929368
4,36018.8,348985,392683,323569,32,5728,302360,288568,30570,1837555,1139,46431,40047,1616,155960,5290,0.000929368
4,67121,348985,392683,323569,67,5728,302360,288568,30570,1837555,1139,46431,40047,1616,155960,5290,0.000929368
4,70262,348985,392683,323569,88,5728,302360,288568,30570,1837555,1139,46431,40047,1616,155960,5290,0.000929368
4,17253.9,202827,140725,119379,25,3810,195546,180774,19798,945405,430,15107,12461,369,41540,1843,0.000929368
4,36053.9,202827,140725,119379,12,3810,195546,180774,19798,945405,430,15107,12461,369,41540,1843,0.000929368
4,36458.4,202827,140725,119379,34,3810,195546,180774,19798,945405,430,15107,12461,369,41540,1843,0.000929368
4,41706.9,202827,140725,119379,45,3810,195546,180774,19798,945405,430,15107,12461,369,41540,1843,0.000929368
4,22232.3,152665,90236.6,78204,30,2922,142100,130970,14462,656829,269,9413,7741,197,21362,1702,0.000929368
4,27028.3,152665,90236.6,78204,18,2922,142100,130970,14462,656829,269,9413,7741,197,21362,1702,0.000929368
4,32037.9,152665,90236.6,78204,28,2922,142100,130970,14462,656829,269,9413,7741,197,21362,1702,0.000929368
4,36499.1,152665,90236.6,78204,19,2922,142100,130970,14462,656829,269,9413,7741,197,21362,1702,0.000929368
4,30948.5,122739,161135,138927,44,2356,119864,112929,12739,628864,412,16131,13525,283,41535,3099,0.000929368
4,38198.9,122739,161135,138927,15,2356,119864,112929,12739,628864,412,16131,13525,283,41535,3099,0.000929368
4,42832.3,122739,161135,138927,39,2356,119864,112929,12739,628864,412,16131,13525,283,41535,3099,0.000929368
4,47945.3,122739,161135,138927,10,2356,119864,112929,12739,628864,412,16131,13525,283,41535,3099,0.000929368
4,24381.5,74961.3,82100.5,71058,17,1678,85413,79857,8994,422837,233,8311,6819,150,20133,1462,0.000929368
4,29356.3,74961.3,82100.5,71058,38,1678,85413,79857,8994,422837,233,8311,6819,150,20133,1462,0.000929368
4,37730.7,74961.3,82100.5,71058,3,1678,85413,79857,8994,422837,233,8311,6819,150,20133,1462,0.000929368
4,43162.1,74961.3,82100.5,71058,29,1678,85413,79857,8994,422837,233,8311,6819,150,20133,1462,0.000929368
4,8723.23,97890.8,48825,41668,10,2104,98890,91388,10185,445290,217,6694,5361,146,15350,769,0.000929368
4,18938.3,97890.8,48825,41668,14,2104,98890,91388,10185,445290,217,6694,5361,146,15350,769,0.000929368
4,23128.9,97890.8,48825,41668,29,2104,98890,91388,10185,445290,217,6694,5361,146,15350,769,0.000929368
4,31878.3,97890.8,48825,41668,49,2104,98890,91388,10185,445290,217,6694,5361,146,15350,769,0.000929368
4,10911.6,180743,119671,97169,15,3568,181781,172000,18977,990331,464,16202,13638,536,51175,946,0.000929368
4,23533.7,180743,119671,97169,4,3568,181781,172000,18977,990331,464,16202,13638,536,51175,946,0.000929368
4,27181.8,180743,119671,97169,26,3568,181781,172000,18977,990331,464,16202,13638,536,51175,946,0.000929368
4,55976.1,180743,119671,97169,82,3568,181781,172000,18977,990331,464,16202,13638,536,51175,946,0.000929368
4,4376.81,221403,138473,115137,6,3959,212446,200423,21691,1175912,526,17788,14724,497,52194,1875,0.000929368
4,21975.6,221403,138473,115137,25,3959,212446,200423,21691,1175912,526,17788,14724,497,52194,1875,0.000929368
4,48723.7,221403,138473,115137,58,3959,212446,200423,21691,1175912,526,17788,14724,497,52194,1875,0.000929368
4,50729.2,221403,138473,115137,39,3959,212446,200423,21691,1175912,526,17788,14724,497,52194,1875,0.000929368
4,29594.7,123181,141608,121614,42,2548,133107,125665,14421,708560,431,16910,14144,318,43516,3018,0.000929368
4,35154,123181,141608,121614,13,2548,133107,125665,14421,708560,431,16910,14144,318,43516,3018,0.000929368
4,39787.3,123181,141608,121614,37,2548,133107,125665,14421,708560,431,16910,14144,318,43516,3018,0.000929368
4,49115.6,123181,141608,121614,23,2548,133107,125665,14421,708560,431,16910,14144,318,43516,3018,0.000929368
4,31514.3,97321.5,132090,114471,43,2222,115534,108780,12310,603474,381,14974,12653,304,38781,3023,0.000929368
4,39215.8,97321.5,132090,114471,14,2222,115534,108780,12310,603474,381,14974,12653,304,38781,3023,0.000929368
4,43849.2,97321.5,132090,114471,38,2222,115534,108780,12310,603474,381,14974,12653,304,38781,3023,0.000929368
4,47179.4,97321.5,132090,114471,6,2222,115534,108780,12310,603474,381,14974,12653,304,38781,3023,0.000929368
4,32676.2,106709,139331,119916,44,2380,124269,117166,13382,656572,415,16188,13510,292,40890,3242,0.000929368
4,38057,106709,139331,119916,13,2380,124269,117166,13382,656572,415,16188,13510,292,40890,3242,0.000929368
4,42301.5,106709,139331,119916,41,2380,124269,117166,13382,656572,415,16188,13510,292,40890,3242,0.000929368
4,49666.6,106709,139331,119916,10,2380,124269,117166,13382,656572,415,16188,13510,292,40890,3242,0.000929368
4,28976,148304,143727,124153,33,2993,158909,149453,16285,889459,453,16123,13354,401,39554,2957,0.000929368
4,39222.6,148304,143727,124153,12,2993,158909,149453,16285,889459,453,16123,13354,401,39554,2957,0.000929368
4,39559,148304,143727,124153,65,2993,158909,149453,16285,889459,453,16123,13354,401,39554,2957,0.000929368
4,53805.4,148304,143727,124153,13,2993,158909,149453,16285,889459,453,16123,13354,401,39554,2957,0.000929368
4,32488.9,217109,216389,180702,41,4651,218161,207288,22831,1217285,666,27587,23709,837,86570,3511,0.000929368
4,38198.6,217109,216389,180702,17,4651,218161,207288,22831,1217285,666,27587,23709,837,86570,3511,0.000929368
4,41927.2,217109,216389,180702,55,4651,218161,207288,22831,1217285,666,27587,23709,837,86570,3511,0.000929368
4,59058.1,217109,216389,180702,58,4651,218161,207288,22831,1217285,666,27587,23709,837,86570,3511,0.000929368
4,22922.3,212864,116432,100577,28,4127,210149,195064,21084,1040651,416,13876,11370,331,37563,1688,0.000929368
4,30154.9,212864,116432,100577,28,4127,210149,195064,21084,1040651,416,13876,11370,331,37563,1688,0.000929368
4,40640.8,212864,116432,100577,5,4127,210149,195064,21084,1040651,416,13876,11370,331,37563,1688,0.000929368
4,43003.6,212864,116432,100577,28,4127,210149,195064,21084,1040651,416,13876,11370,331,37563,1688,0.000929368
4,20238.9,300479,163385,139458,10,5001,264632,249392,26590,1428307,616,20207,16510,423,55012,2440,0.000929368
4,34268.3,300479,163385,139458,46,5001,264632,249392,26590,1428307,616,20207,16510,423,55012,2440,0.000929368
4,35191.7,300479,163385,139458,44,5001,264632,249392,26590,1428307,616,20207,16510,423,55012,2440,0.000929368
4,49624.7,300479,163385,139458,33,5001,264632,249392,26590,1428307,616,20207,16510,423,55012,2440,0.000929368
4,27707.9,317104,250205,209152,38,5016,283792,270362,28729,1651514,829,31114,26360,1021,98367,3568,0.000929368
4,28350.9,317104,250205,209152,11,5016,283792,270362,28729,1651514,829,31114,26360,1021,98367,3568,0.000929368
4,53667.2,317104,250205,209152,59,5016,283792,270362,28729,1651514,829,31114,26360,1021,98367,3568,0.000929368
4,59824.3,317104,250205,209152,72,5016,283792,270362,28729,1651514,829,31114,26360,1021,98367,3568,0.000929368
4,41569.8,218159,237967,206303,47,4955,210367,198830,22327,1139100,622,25419,21676,679,70156,4702,0.000929368
4,42707,218159,237967,206303,70,4955,210367,198830,22327,1139100,622,25419,21676,679,70156,4702,0.000929368
4,46993.2,218159,237967,206303,68,4955,210367,198830,22327,1139100,622,25419,21676,679,70156,4702,0.000929368
4,50941.1,218159,237967,206303,19,4955,210367,198830,22327,1139100,622,25419,21676,679,70156,4702,0.000929368
4,16188.1,397202,420425,334394,17,5641,345697,330085,34047,2115721,1352,51582,44183,1991,181174,3858,0.000929368
4,25741.2,397202,420425,334394,5,5641,345697,330085,34047,2115721,1352,51582,44183,1991,181174,3858,0.000929368
4,69415.1,397202,420425,334394,87,5641,345697,330085,34047,2115721,1352,51582,44183,1991,181174,3858,0.000929368
4,79203.7,397202,420425,334394,95,5641,345697,330085,34047,2115721,1352,51582,44183,1991,181174,3858,0.000929368
4,32003.7,178529,110840,95125,42,3861,177632,165567,18481,870580,402,13041,10719,300,33776,1983,0.000929368
4,38094.9,178529,110840,95125,14,3861,177632,165567,18481,870580,402,13041,10719,300,33776,1983,0.000929368
4,39729.2,178529,110840,95125,20,3861,177632,165567,18481,870580,402,13041,10719,300,33776,1983,0.000929368
4,41154.6,178529,110840,95125,62,3861,177632,165567,18481,870580,402,13041,10719,300,33776,1983,0.000929368
4,4237.79,340222,324753,262357,7,4716,291378,278174,29013,1805417,1089,41557,35792,1615,147850,3814,0.000929368
4,22099.2,340222,324753,262357,29,4716,291378,278174,29013,1805417,1089,41557,35792,1615,147850,3814,0.000929368
4,72626.4,340222,324753,262357,81,4716,291378,278174,29013,1805417,1089,41557,35792,1615,147850,3814,0.000929368
4,75549.7,340222,324753,262357,68,4716,291378,278174,29013,1805417,1089,41557,35792,1615,147850,3814,0.000929368
4,13424.3,248397,162670,134799,8,4170,230624,219070,24204,1343864,563,21019,17967,627,68934,2530,0.000929368
4,32741.8,248397,162670,134799,29,4170,230624,219070,24204,1343864,563,21019,17967,627,68934,2530,0.000929368
4,41981.1,248397,162670,134799,33,4170,230624,219070,24204,1343864,563,21019,17967,627,68934,2530,0.000929368
4,59459.4,248397,162670,134799,54,4170,230624,219070,24204,1343864,563,21019,17967,627,68934,2530,0.000929368
4,17482.4,393834,289547,234601,12,5437,325990,311005,32028,1945287,929,35388,30309,1271,117391,3522,0.000929368
4,21719.6,393834,289547,234601,14,5437,325990,311005,32028,1945287,929,35388,30309,1271,117391,3522,0.000929368
4,60599.8,393834,289547,234601,81,5437,325990,311005,32028,1945287,929,35388,30309,1271,117391,3522,0.000929368
4,70413.6,393834,289547,234601,90,5437,325990,311005,32028,1945287,929,35388,30309,1271,117391,3522,0.000929368
4,46227.1,285367,391694,328213,59,5567,256393,243713,26656,1500349,1232,43863,37114,1346,133081,4822,0.000929368
4,46265.1,285367,391694,328213,43,5567,256393,243713,26656,1500349,1232,43863,37114,1346,133081,4822,0.000929368
4,57897.8,285367,391694,328213,69,5567,256393,243713,26656,1500349,1232,43863,37114,1346,133081,4822,0.000929368
4,59906,285367,391694,328213,38,5567,256393,243713,26656,1500349,1232,43863,37114,1346,133081,4822,0.000929368
4,19760.9,55807.7,56841.9,48477,5,1604,76779,71812,7885,368796,228,7126,5651,64,17064,978,0.000929368
4,22146.6,55807.7,56841.9,48477,25,1604,76779,71812,7885,368796,228,7126,5651,64,17064,978,0.000929368
4,35486,55807.7,56841.9,48477,14,1604,76779,71812,7885,368796,228,7126,5651,64,17064,978,0.000929368
4,36050.2,55807.7,56841.9,48477,21,1604,76779,71812,7885,368796,228,7126,5651,64,17064,978,0.000929368
4,13903.2,392890,341960,274822,13,5538,340517,325146,33649,2088306,1173,44319,37641,1613,150959,3757,0.000929368
4,24357.2,392890,341960,274822,5,5538,340517,325146,33649,2088306,1173,44319,37641,1613,150959,3757,0.000929368
4,69703.3,392890,341960,274822,86,5538,340517,325146,33649,2088306,1173,44319,37641,1613,150959,3757,0.000929368
4,78893,392890,341960,274822,42,5538,340517,325146,33649,2088306,1173,44319,37641,1613,150959,3757,0.000929368
4,6498.13,229022,157664,130897,7,4217,216744,202610,22854,1110761,598,20187,16563,615,58248,1697,0.000929368
4,35020.5,229022,157664,130897,40,4217,216744,202610,22854,1110761,598,20187,16563,615,58248,1697,0.000929368
4,35752.4,229022,157664,130897,36,4217,216744,202610,22854,1110761,598,20187,16563,615,58248,1697,0.000929368
4,45866,229022,157664,130897,44,4217,216744,202610,22854,1110761,598,20187,16563,615,58248,1697,0.000929368
4,15524.5,199981,176921,147368,5,3414,195948,185299,20760,1160817,615,21446,17948,409,67988,2675,0.000929368
4,50490.7,199981,176921,147368,10,3414,195948,185299,20760,1160817,615,21446,17948,409,67988,2675,0.000929368
4,50819.8,199981,176921,147368,57,3414,195948,185299,20760,1160817,615,21446,17948,409,67988,2675,0.000929368
4,66066.8,199981,176921,147368,25,3414,195948,185299,20760,1160817,615,21446,17948,409,67988,2675,0.000929368
4,26304.6,418163,430392,346580,34,6219,346358,330699,34016,2175560,1325,52594,45469,2059,183076,5146,0.000929368
4,36416.1,418163,430392,346580,12,6219,346358,330699,34016,2175560,1325,52594,45469,2059,183076,5146,0.000929368
4,77207.5,418163,430392,346580,87,6219,346358,330699,34016,2175560,1325,52594,45469,2059,183076,5146,0.000929368
4,84086.9,418163,430392,346580,96,6219,346358,330699,34016,2175560,1325,52594,45469,2059,183076,5146,0.000929368
4,13672.7,160021,115725,100070,7,3266,166255,156796,17979,883264,397,13742,11360,328,35746,1886,0.000929368
4,33330.6,160021,115725,100070,34,3266,166255,156796,17979,883264,397,13742,11360,328,35746,1886,0.000929368
4,37681,160021,115725,100070,45,3266,166255,156796,17979,883264,397,13742,11360,328,35746,1886,0.000929368
4,45879.4,160021,115725,100070,54,3266,166255,156796,17979,883264,397,13742,11360,328,35746,1886,0.000929368
4,6565.54,64768.6,53871.5,46446,13,1793,81017,74755,8263,354542,215,7173,5779,127,16731,927,0.000929368
4,16214.3,64768.6,53871.5,46446,21,1793,81017,74755,8263,354542,215,7173,5779,127,16731,927,0.000929368
4,25926.7,64768.6,53871.5,46446,34,1793,81017,74755,8263,354542,215,7173,5779,127,16731,927,0.000929368
4,29851.9,64768.6,53871.5,46446,48,1793,81017,74755,8263,354542,215,7173,5779,127,16731,927,0.000929368
4,23758.5,87016.3,76512.6,65924,14,2171,108598,102294,11378,556412,298,9773,8012,179,24574,1589,0.000929368
4,25582.4,87016.3,76512.6,65924,27,2171,108598,102294,11378,556412,298,9773,8012,179,24574,1589,0.000929368
4,30972.5,87016.3,76512.6,65924,23,2171,108598,102294,11378,556412,298,9773,8012,179,24574,1589,0.000929368
4,41969.1,87016.3,76512.6,65924,41,2171,108598,102294,11378,556412,298,9773,8012,179,24574,1589,0.000929368
4,6601.64,184284,94251.3,81394,12,3612,183236,170408,19204,903076,311,11541,9479,279,28193,1668,0.000929368
4,31167.2,184284,94251.3,81394,28,3612,183236,170408,19204,903076,311,11541,9479,279,28193,1668,0.000929368
4,40412.7,184284,94251.3,81394,49,3612,183236,170408,19204,903076,311,11541,9479,279,28193,1668,0.000929368
4,41382.3,184284,94251.3,81394,32,3612,183236,170408,19204,903076,311,11541,9479,279,28193,1668,0.000929368
4,12216,110188,51442.7,44255,17,2543,123484,114616,12725,587067,215,7164,5792,129,16480,958,0.000929368
4,20013.1,110188,51442.7,44255,24,2543,123484,114616,12725,587067,215,7164,5792,129,16480,958,0.000929368
4,21893.4,110188,51442.7,44255,31,2543,123484,114616,12725,587067,215,7164,5792,129,16480,958,0.000929368
4,35533.3,110188,51442.7,44255,46,2543,123484,114616,12725,587067,215,7164,5792,129,16480,958,0.000929368
4,42162.5,262932,281252,242365,54,5210,239597,227517,24932,1353156,758,32503,28197,879,96779,5456,0.000929368
4,46771.4,262932,281252,242365,30,5210,239597,227517,24932,1353156,758,32503,28197,879,96779,5456,0.000929368
4,50882.6,262932,281252,242365,67,5210,239597,227517,24932,1353156,758,32503,28197,879,96779,5456,0.000929368
4,62880.6,262932,281252,242365,40,5210,239597,227517,24932,1353156,758,32503,28197,879,96779,5456,0.000929368
4,21066.7,329131,168131,143160,12,5022,269919,256182,27393,1509834,594,21381,17956,614,64323,2404,0.000929368
4,31562.5,329131,168131,143160,31,5022,269919,256182,27393,1509834,594,21381,17956,614,64323,2404,0.000929368
4,40509.8,329131,168131,143160,49,5022,269919,256182,27393,1509834,594,21381,17956,614,64323,2404,0.000929368
4,51815.1,329131,168131,143160,53,5022,269919,256182,27393,1509834,594,21381,17956,614,64323,2404,0.000929368
4,18584.1,77428.7,52036.8,45202,13,2023,97332,91425,9990,488529,204,6633,5377,103,16199,1008,0.000929368
4,20913.8,77428.7,52036.8,45202,22,2023,97332,91425,9990,488529,204,6633,5377,103,16199,1008,0.000929368
4,28537.2,77428.7,52036.8,45202,9,2023,97332,91425,9990,488529,204,6633,5377,103,16199,1008,0.000929368
4,37264.1,77428.7,52036.8,45202,35,2023,97332,91425,9990,488529,204,6633,5377,103,16199,1008,0.000929368
4,21916.8,147621,157293,135738,34,2969,160582,151799,17366,906234,539,19312,16158,334,53350,3045,0.000929368
4,40401.4,147621,157293,135738,10,2969,160582,151799,17366,906234,539,19312,16158,334,53350,3045,0.000929368
4,46920.7,147621,157293,135738,34,2969,160582,151799,17366,906234,539,19312,16158,334,53350,3045,0.000929368
4,55346.2,147621,157293,135738,19,2969,160582,151799,17366,906234,539,19312,16158,334,53350,3045,0.000929368
4,36944.6,258643,261150,217381,46,4774,243941,231860,24864,1402476,824,33399,28830,1164,115623,3113,0.000929368
4,46194.6,258643,261150,217381,5,4774,243941,231860,24864,1402476,824,33399,28830,1164,115623,3113,0.000929368
4,48933.5,258643,261150,217381,43,4774,243941,231860,24864,1402476,824,33399,28830,1164,115623,3113,0.000929368
4,70440.5,258643,261150,217381,79,4774,243941,231860,24864,1402476,824,33399,28830,1164,115623,3113,0.000929368
4,34525.1,251853,235283,195720,2,4020,244560,231852,24447,1463787,846,29932,25561,931,105846,2626,0.000929368
4,50466.3,251853,235283,195720,15,4020,244560,231852,24447,1463787,846,29932,25561,931,105846,2626,0.000929368
4,54531.9,251853,235283,195720,41,4020,244560,231852,24447,1463787,846,29932,25561,931,105846,2626,0.000929368
4,80798.5,251853,235283,195720,90,4020,244560,231852,24447,1463787,846,29932,25561,931,105846,2626,0.000929368
4,21327.8,188756,131293,110514,31,4050,190900,180926,19728,1047561,474,17082,14247,506,51581,1478,0.000929368
4,29296.5,188756,131293,110514,6,4050,190900,180926,19728,1047561,474,17082,14247,506,51581,1478,0.000929368
4,31603.6,188756,131293,110514,36,4050,190900,180926,19728,1047561,474,17082,14247,506,51581,1478,0.000929368
4,54734.6,188756,131293,110514,59,4050,190900,180926,19728,1047561,474,17082,14247,506,51581,1478,0.000929368
4,31418.6,200525,172152,149064,39,4429,186727,176550,19792,997399,495,20215,17219,536,56791,3465,0.000929368
4,33042.4,200525,172152,149064,33,4429,186727,176550,19792,997399,495,20215,17219,536,56791,3465,0.000929368
4,36869.2,200525,172152,149064,53,4429,186727,176550,19792,997399,495,20215,17219,536,56791,3465,0.000929368
4,45995.9,200525,172152,149064,44,4429,186727,176550,19792,997399,495,20215,17219,536,56791,3465,0.000929368
4,16250.9,68558.9,31251.8,27916,15,1809,91251,85116,9643,455048,96,3690,2998,34,6169,1103,0.000929368
4,22997.2,68558.9,31251.8,27916,29,1809,91251,85116,9643,455048,96,3690,2998,34,6169,1103,0.000929368
4,29076.8,68558.9,31251.8,27916,2,1809,91251,85116,9643,455048,96,3690,2998,34,6169,1103,0.000929368
4,42363.8,68558.9,31251.8,27916,6,1809,91251,85116,9643,455048,96,3690,2998,34,6169,1103,0.000929368
4,22304.7,162131,101622,88170,25,3215,159263,148383,16208,800185,371,12248,10106,396,33942,1563,0.000929368
4,32018.8,162131,101622,88170,31,3215,159263,148383,16208,800185,371,12248,10106,396,33942,1563,0.000929368
4,35028.7,162131,101622,88170,7,3215,159263,148383,16208,800185,371,12248,10106,396,33942,1563,0.000929368
4,39903.6,162131,101622,88170,44,3215,159263,148383,16208,800185,371,12248,10106,396,33942,1563,0.000929368
4,15240.1,203004,177107,148641,2,3440,199193,188424,21149,1182515,631,21941,18367,434,69641,2687,0.000929368
4,51427.3,203004,177107,148641,61,3440,199193,188424,21149,1182515,631,21941,18367,434,69641,2687,0.000929368
4,51592.1,203004,177107,148641,8,3440,199193,188424,21149,1182515,631,21941,18367,434,69641,2687,0.000929368
4,67167.1,203004,177107,148641,23,3440,199193,188424,21149,1182515,631,21941,18367,434,69641,2687,0.000929368
4,20967.3,134954,97286.1,83580,21,2937,143407,133456,14571,712654,368,11819,9658,306,31837,1548,0.000929368
4,34051.4,134954,97286.1,83580,26,2937,143407,133456,14571,712654,368,11819,9658,306,31837,1548,0.000929368
4,35047,134954,97286.1,83580,16,2937,143407,133456,14571,712654,368,11819,9658,306,31837,1548,0.000929368
4,38566.1,134954,97286.1,83580,40,2937,143407,133456,14571,712654,368,11819,9658,306,31837,1548,0.000929368
4,7274.21,154539,103399,89111,10,3264,162633,152623,17501,834612,383,13319,10977,373,35816,1768,0.000929368
4,32906.4,154539,103399,89111,40,3264,162633,152623,17501,834612,383,13319,10977,373,35816,1768,0.000929368
4,36470.1,154539,103399,89111,45,3264,162633,152623,17501,834612,383,13319,10977,373,35816,1768,0.000929368
4,42073.8,154539,103399,89111,55,3264,162633,152623,17501,834612,383,13319,10977,373,35816,1768,0.000929368
4,18991.3,460616,491773,396244,6,5751,362115,346443,35608,2340976,1565,61220,52764,2381,226174,5357,0.000929368
4,35389,460616,491773,396244,24,5751,362115,346443,35608,2340976,1565,61220,52764,2381,226174,5357,0.000929368
4,81878.8,460616,491773,396244,100,5751,362115,346443,35608,2340976,1565,61220,52764,2381,226174,5357,0.000929368
4,89998,460616,491773,396244,63,5751,362115,346443,35608,2340976,1565,61220,52764,2381,226174,5357,0.000929368
4,10682.5,341164,146303,124181,13,4967,283251,269774,28410,1648599,550,19260,15919,440,57062,2357,0.000929368
4,16450.3,341164,146303,124181,18,4967,283251,269774,28410,1648599,550,19260,15919,440,57062,2357,0.000929368
4,52774.6,341164,146303,124181,60,4967,283251,269774,28410,1648599,550,19260,15919,440,57062,2357,0.000929368
4,61383.2,341164,146303,124181,34,4967,283251,269774,28410,1648599,550,19260,15919,440,57062,2357,0.000929368
4,21625.5,121919,123505,106166,9,2721,133689,125576,13760,705610,437,15482,12834,322,45237,2089,0.000929368
4,34053.6,121919,123505,106166,31,2721,133689,125576,13760,705610,437,15482,12834,322,45237,2089,0.000929368
4,38945.8,121919,123505,106166,48,2721,133689,125576,13760,705610,437,15482,12834,322,45237,2089,0.000929368
4,40579,121919,123505,106166,24,2721,133689,125576,13760,705610,437,15482,12834,322,45237,2089,0.000929368
4,30942.4,165246,115164,99267,39,3660,163030,151831,17012,798582,409,13205,10736,336,36584,1395,0.000929368
4,36945.1,165246,115164,99267,19,3660,163030,151831,17012,798582,409,13205,10736,336,36584,1395,0.000929368
4,39557.1,165246,115164,99267,55,3660,163030,151831,17012,798582,409,13205,10736,336,36584,1395,0.000929368
4,39605.1,165246,115164,99267,24,3660,163030,151831,17012,798582,409,13205,10736,336,36584,1395,0.000929368
4,17452.5,243708,159874,135555,7,4076,215200,203696,22304,1173308,554,20305,17010,533,59497,2270,0.000929368
4,25322.6,243708,159874,135555,28,4076,215200,203696,22304,1173308,554,20305,17010,533,59497,2270,0.000929368
4,40439.6,243708,159874,135555,41,4076,215200,203696,22304,1173308,554,20305,17010,533,59497,2270,0.000929368
4,47999.9,243708,159874,135555,49,4076,215200,203696,22304,1173308,554,20305,17010,533,59497,2270,0.000929368
4,7786.61,89110.9,50328,42141,12,2102,106456,99176,11235,533491,199,7262,5942,119,19864,642,0.000929368
4,16450.7,89110.9,50328,42141,19,2102,106456,99176,11235,533491,199,7262,5942,119,19864,642,0.000929368
4,21038.4,89110.9,50328,42141,5,2102,106456,99176,11235,533491,199,7262,5942,119,19864,642,0.000929368
4,42791,89110.9,50328,42141,30,2102,106456,99176,11235,533491,199,7262,5942,119,19864,642,0.000929368
4,39383.3,222405,230792,200066,46,4898,208238,197197,22052,1133567,610,25383,21795,689,71327,4570,0.000929368
4,39943.5,222405,230792,200066,65,4898,208238,197197,22052,1133567,610,25383,21795,689,71327,4570,0.000929368
4,44553.3,222405,230792,200066,64,4898,208238,197197,22052,1133567,610,25383,21795,689,71327,4570,0.000929368
4,51791.4,222405,230792,200066,27,4898,208238,197197,22052,1133567,610,25383,21795,689,71327,4570,0.000929368
4,4848.33,71383.9,42691.2,36223,7,1980,91606,84804,9426,418805,197,6156,4894,128,15551,493,0.000929368
4,6984.33,71383.9,42691.2,36223,7,1980,91606,84804,9426,418805,197,6156,4894,128,15551,493,0.000929368
4,21445.8,71383.9,42691.2,36223,25,1980,91606,84804,9426,418805,197,6156,4894,128,15551,493,0.000929368
4,34432.5,71383.9,42691.2,36223,44,1980,91606,84804,9426,418805,197,6156,4894,128,15551,493,0.000929368
4,33981.1,106226,131341,113843,47,2341,122357,115333,13076,645064,389,15117,12774,354,37857,3240,0.000929368
4,38894.9,106226,131341,113843,12,2341,122357,115333,13076,645064,389,15117,12774,354,37857,3240,0.000929368
4,42898.7,106226,131341,113843,39,2341,122357,115333,13076,645064,389,15117,12774,354,37857,3240,0.000929368
4,50269.4,106226,131341,113843,7,2341,122357,115333,13076,645064,389,15117,12774,354,37857,3240,0.000929368
4,4227.43,69309.6,42811,36445,8,1966,86344,79767,8842,382954,207,5997,4745,124,13357,662,0.000929368
4,13957.3,69309.6,42811,36445,9,1966,86344,79767,8842,382954,207,5997,4745,124,13357,662,0.000929368
4,23671.8,69309.6,42811,36445,29,1966,86344,79767,8842,382954,207,5997,4745,124,13357,662,0.000929368
4,31207,69309.6,42811,36445,47,1966,86344,79767,8842,382954,207,5997,4745,124,13357,662,0.000929368
4,10656.1,195940,99686.3,83737,7,3501,182278,172665,19440,990867,371,13603,11242,386,38476,1555,0.000929368
4,24510.1,195940,99686.3,83737,31,3501,182278,172665,19440,990867,371,13603,11242,386,38476,1555,0.000929368
4,33357.7,195940,99686.3,83737,47,3501,182278,172665,19440,990867,371,13603,11242,386,38476,1555,0.000929368
4,45526.4,195940,99686.3,83737,54,3501,182278,172665,19440,990867,371,13603,11242,386,38476,1555,0.000929368
4,55529.1,284373,522141,438729,76,5305,243773,230920,25003,1447202,1469,58582,50784,2213,187522,7094,0.000929368
4,58149.5,284373,522141,438729,73,5305,243773,230920,25003,1447202,1469,58582,50784,2213,187522,7094,0.000929368
4,63459.1,284373,522141,438729,89,5305,243773,230920,25003,1447202,1469,58582,50784,2213,187522,7094,0.000929368
4,64849.9,284373,522141,438729,76,5305,243773,230920,25003,1447202,1469,58582,50784,2213,187522,7094,0.000929368
4,39247.6,268458,285302,236830,30,4587,256308,243392,25567,1524338,880,35679,30850,1116,127306,3667,0.000929368
4,52293.5,268458,285302,236830,8,4587,256308,243392,25567,1524338,880,35679,30850,1116,127306,3667,0.000929368
4,54410.2,268458,285302,236830,22,4587,256308,243392,25567,1524338,880,35679,30850,1116,127306,3667,0.000929368
4,79631.9,268458,285302,236830,85,4587,256308,243392,25567,1524338,880,35679,30850,1116,127306,3667,0.000929368
4,11613.8,232809,195550,162493,16,3803,214852,203679,23120,1263004,657,25402,21711,697,87768,2954,0.000929368
4,42204.5,232809,195550,162493,47,3803,214852,203679,23120,1263004,657,25402,21711,697,87768,2954,0.000929368
4,46525.6,232809,195550,162493,18,3803,214852,203679,23120,1263004,657,25402,21711,697,87768,2954,0.000929368
4,63865.9,232809,195550,162493,36,3803,214852,203679,23120,1263004,657,25402,21711,697,87768,2954,0.000929368
4,24380.4,207039,90870,76017,15,3639,191545,181658,20001,1069697,368,12219,10197,367,39562,1299,0.000929368
4,30310.2,207039,90870,76017,4,3639,191545,181658,20001,1069697,368,12219,10197,367,39562,1299,0.000929368
4,31327.5,207039,90870,76017,29,3639,191545,181658,20001,1069697,368,12219,10197,367,39562,1299,0.000929368
4,48805.8,207039,90870,76017,50,3639,191545,181658,20001,1069697,368,12219,10197,367,39562,1299,0.000929368
4,22269.1,221073,186181,154826,2,3685,218897,207398,23087,1272486,662,23917,20272,795,78213,2071,0.000929368
4,38266,221073,186181,154826,13,3685,218897,207398,23087,1272486,662,23917,20272,795,78213,2071,0.000929368
4,42832,221073,186181,154826,40,3685,218897,207398,23087,1272486,662,23917,20272,795,78213,2071,0.000929368
4,70615.5,221073,186181,154826,85,3685,218897,207398,23087,1272486,662,23917,20272,795,78213,2071,0.000929368
4,8217.48,62826.1,56478.5,48242,5,1788,83316,76520,8407,359531,232,7234,5827,156,16685,847,0.000929368
4,18522.4,62826.1,56478.5,48242,5,1788,83316,76520,8407,359531,232,7234,5827,156,16685,847,0.000929368
4,26298.5,62826.1,56478.5,48242,42,1788,83316,76520,8407,359531,232,7234,5827,156,16685,847,0.000929368
4,29328.3,62826.1,56478.5,48242,40,1788,83316,76520,8407,359531,232,7234,5827,156,16685,847,0.000929368
4,46604.4,278889,341792,292166,72,5420,245498,233188,25785,1411527,1048,37968,31988,1113,108621,4979,0.000929368
4,47027.9,278889,341792,292166,38,5420,245498,233188,25785,1411527,1048,37968,31988,1113,108621,4979,0.000929368
4,54218,278889,341792,292166,64,5420,245498,233188,25785,1411527,1048,37968,31988,1113,108621,4979,0.000929368
4,56629.6,278889,341792,292166,30,5420,245498,233188,25785,1411527,1048,37968,31988,1113,108621,4979,0.000929368
4,24779.8,342914,240692,201541,8,5177,296299,282693,30011,1737518,839,29893,25242,984,96138,2899,0.000929368
4,24793.4,342914,240692,201541,27,5177,296299,282693,30011,1737518,839,29893,25242,984,96138,2899,0.000929368
4,53850.3,342914,240692,201541,57,5177,296299,282693,30011,1737518,839,29893,25242,984,96138,2899,0.000929368
4,62280.3,342914,240692,201541,71,5177,296299,282693,30011,1737518,839,29893,25242,984,96138,2899,0.000929368
4,18597.3,100711,68483.5,59190,23,2665,115912,106842,11873,529405,264,9141,7476,233,23367,1248,0.000929368
4,27586.1,100711,68483.5,59190,37,2665,115912,106842,11873,529405,264,9141,7476,233,23367,1248,0.000929368
4,28416.2,100711,68483.5,59190,7,2665,115912,106842,11873,529405,264,9141,7476,233,23367,1248,0.000929368
4,33747,100711,68483.5,59190,45,2665,115912,106842,11873,529405,264,9141,7476,233,23367,1248,0.000929368
4,22213.7,491679,555053,447996,12,5997,373671,357551,36255,2467148,1695,68732,59955,2778,266604,6283,0.000929368
4,40050.8,491679,555053,447996,32,5997,373671,357551,36255,2467148,1695,68732,59955,2778,266604,6283,0.000929368
4,86658.2,491679,555053,447996,105,5997,373671,357551,36255,2467148,1695,68732,59955,2778,266604,6283,0.000929368
4,94492.4,491679,555053,447996,71,5997,373671,357551,36255,2467148,1695,68732,59955,2778,266604,6283,0.000929368
4,21170.3,123925,110864,94761,18,2688,131757,123181,13448,672634,409,13730,11180,303,40509,1574,0.000929368
4,33956.4,123925,110864,94761,29,2688,131757,123181,13448,672634,409,13730,11180,303,40509,1574,0.000929368
4,38211.4,123925,110864,94761,20,2688,131757,123181,13448,672634,409,13730,11180,303,40509,1574,0.000929368
4,38648.6,123925,110864,94761,39,2688,131757,123181,13448,672634,409,13730,11180,303,40509,1574,0.000929368
4,6180.34,237676,175684,146749,12,3893,216209,204895,22091,1242512,621,20844,17263,714,68560,1237,0.000929368
4,18505,237676,175684,146749,26,3893,216209,204895,22091,1242512,621,20844,17263,714,68560,1237,0.000929368
4,54392.6,237676,175684,146749,47,3893,216209,204895,22091,1242512,621,20844,17263,714,68560,1237,0.000929368
4,54701.7,237676,175684,146749,62,3893,216209,204895,22091,1242512,621,20844,17263,714,68560,1237,0.000929368
4,5976.59,284770,120115,102388,5,4529,245623,233073,24921,1388199,485,16292,13311,398,44893,2064,0.000929368
4,22131.7,284770,120115,102388,39,4529,245623,233073,24921,1388199,485,16292,13311,398,44893,2064,0.000929368
4,47212.7,284770,120115,102388,55,4529,245623,233073,24921,1388199,485,16292,13311,398,44893,2064,0.000929368
4,53711.6,284770,120115,102388,30,4529,245623,233073,24921,1388199,485,16292,13311,398,44893,2064,0.000929368
4,26121.7,212350,97076,81731,8,3797,198619,188253,20407,1103665,383,12461,10378,398,38860,1402,0.000929368
4,28445.6,212350,97076,81731,11,3797,198619,188253,20407,1103665,383,12461,10378,398,38860,1402,0.000929368
4,30351.4,212350,97076,81731,29,3797,198619,188253,20407,1103665,383,12461,10378,398,38860,1402,0.000929368
4,47885.8,212350,97076,81731,56,3797,198619,188253,20407,1103665,383,12461,10378,398,38860,1402,0.000929368
4,26972.2,230799,157166,134459,11,4137,211954,196714,21493,1047451,545,19101,15940,505,52976,2529,0.000929368
4,31787.4,230799,157166,134459,41,4137,211954,196714,21493,1047451,545,19101,15940,505,52976,2529,0.000929368
4,40823.1,230799,157166,134459,47,4137,211954,196714,21493,1047451,545,19101,15940,505,52976,2529,0.000929368
4,43169.9,230799,157166,134459,37,4137,211954,196714,21493,1047451,545,19101,15940,505,52976,2529,0.000929368
4,15929.9,53909.3,36818.6,32228,12,1555,73555,68448,7546,344416,174,4481,3508,57,10499,528,0.000929368
4,16739.2,53909.3,36818.6,32228,19,1555,73555,68448,7546,344416,174,4481,3508,57,10499,528,0.000929368
4,32146.5,53909.3,36818.6,32228,5,1555,73555,68448,7546,344416,174,4481,3508,57,10499,528,0.000929368
4,32316.6,53909.3,36818.6,32228,26,1555,73555,68448,7546,344416,174,4481,3508,57,10499,528,0.000929368
4,12598.4,116404,51478,44281,14,2628,130937,121353,13554,620329,229,6814,5459,129,15814,793,0.000929368
4,19005.3,116404,51478,44281,27,2628,130937,121353,13554,620329,229,6814,5459,129,15814,793,0.000929368
4,22813.5,116404,51478,44281,18,2628,130937,121353,13554,620329,229,6814,5459,129,15814,793,0.000929368
4,35791.4,116404,51478,44281,46,2628,130937,121353,13554,620329,229,6814,5459,129,15814,793,0.000929368
4,9981.72,211659,107084,91386,12,3866,201047,189339,21546,1071736,401,13912,11538,380,37390,1787,0.000929368
4,30426.1,211659,107084,91386,39,3866,201047,189339,21546,1071736,401,13912,11538,380,37390,1787,0.000929368
4,38731.1,211659,107084,91386,56,3866,201047,189339,21546,1071736,401,13912,11538,380,37390,1787,0.000929368
4,48115.5,211659,107084,91386,60,3866,201047,189339,21546,1071736,401,13912,11538,380,37390,1787,0.000929368
4,13785.3,127133,56779.8,47763,4,3222,139263,129841,14616,675813,245,8171,6548,215,21969,477,0.000929368
4,16988.2,127133,56779.8,47763,7,3222,139263,129841,14616,675813,245,8171,6548,215,21969,477,0.000929368
4,18294.2,127133,56779.8,47763,31,3222,139263,129841,14616,675813,245,8171,6548,215,21969,477,0.000929368
4,40716.4,127133,56779.8,47763,56,3222,139263,129841,14616,675813,245,8171,6548,215,21969,477,0.000929368
4,40907.4,229860,233615,200882,66,5046,217870,206494,23166,1197710,655,27221,23391,694,76143,4961,0.000929368
4,41667,229860,233615,200882,43,5046,217870,206494,23166,1197710,655,27221,23391,694,76143,4961,0.000929368
4,46837,229860,233615,200882,61,5046,217870,206494,23166,1197710,655,27221,23391,694,76143,4961,0.000929368
4,54470.4,229860,233615,200882,28,5046,217870,206494,23166,1197710,655,27221,23391,694,76143,4961,0.000929368
4,10404.9,60158.9,50128.3,43313,16,1813,80044,73348,8137,341286,215,6857,5442,133,15506,894,0.000929368
4,20200,60158.9,50128.3,43313,14,1813,80044,73348,8137,341286,215,6857,5442,133,15506,894,0.000929368
4,27510.1,60158.9,50128.3,43313,37,1813,80044,73348,8137,341286,215,6857,5442,133,15506,894,0.000929368
4,28569.3,60158.9,50128.3,43313,46,1813,80044,73348,8137,341286,215,6857,5442,133,15506,894,0.000929368
4,16622.7,227666,50874.7,43790,8,4033,211793,197012,21806,1061362,223,7206,5894,115,18278,853,0.000929368
4,23108.8,227666,50874.7,43790,4,4033,211793,197012,21806,1061362,223,7206,5894,115,18278,853,0.000929368
4,33414.4,227666,50874.7,43790,4,4033,211793,197012,21806,1061362,223,7206,5894,115,18278,853,0.000929368
4,43352.9,227666,50874.7,43790,45,4033,211793,197012,21806,1061362,223,7206,5894,115,18278,853,0.000929368
4,32264.6,256383,140194,120802,32,4542,232923,216797,23755,1172253,492,17365,14346,333,47058,2486,0.000929368
4,33850.3,256383,140194,120802,9,4542,232923,216797,23755,1172253,492,17365,14346,333,47058,2486,0.000929368
4,37908.3,256383,140194,120802,50,4542,232923,216797,23755,1172253,492,17365,14346,333,47058,2486,0.000929368
4,45427.4,256383,140194,120802,36,4542,232923,216797,23755,1172253,492,17365,14346,333,47058,2486,0.000929368
4,11941,172236,121454,103382,9,3305,173558,162929,17568,929334,460,15848,13024,375,46432,1821,0.000929368
4,28248.7,172236,121454,103382,35,3305,173558,162929,17568,929334,460,15848,13024,375,46432,1821,0.000929368
4,44446.5,172236,121454,103382,43,3305,173558,162929,17568,929334,460,15848,13024,375,46432,1821,0.000929368
4,46779.2,172236,121454,103382,39,3305,173558,162929,17568,929334,460,15848,13024,375,46432,1821,0.000929368
4,14695.4,213488,177135,146708,24,3791,208586,197722,22311,1209296,606,22156,18872,582,73811,2649,0.000929368
4,37596.7,213488,177135,146708,34,3791,208586,197722,22311,1209296,606,22156,18872,582,73811,2649,0.000929368
4,41031.9,213488,177135,146708,24,3791,208586,197722,22311,1209296,606,22156,18872,582,73811,2649,0.000929368
4,58510.2,213488,177135,146708,45,3791,208586,197722,22311,1209296,606,22156,18872,582,73811,2649,0.000929368
4,13518.3,133862,71584.4,58691,6,3266,144358,134945,15161,716907,309,10191,8339,310,30134,516,0.000929368
4,15575.1,133862,71584.4,58691,6,3266,144358,134945,15161,716907,309,10191,8339,310,30134,516,0.000929368
4,16992.1,133862,71584.4,58691,22,3266,144358,134945,15161,716907,309,10191,8339,310,30134,516,0.000929368
4,41996.7,133862,71584.4,58691,61,3266,144358,134945,15161,716907,309,10191,8339,310,30134,516,0.000929368
4,57068.4,235256,517502,434032,81,4911,218553,206298,22640,1247524,1330,50535,43264,1789,167127,3988,0.000929368
4,59061.1,235256,517502,434032,69,4911,218553,206298,22640,1247524,1330,50535,43264,1789,167127,3988,0.000929368
4,59303.9,235256,517502,434032,62,4911,218553,206298,22640,1247524,1330,50535,43264,1789,167127,3988,0.000929368
4,59548.4,235256,517502,434032,74,4911,218553,206298,22640,1247524,1330,50535,43264,1789,167127,3988,0.000929368
4,20840,253151,148488,124279,9,4265,228837,217249,23815,1282974,529,19765,16566,501,58322,2210,0.000929368
4,23390.3,253151,148488,124279,15,4265,228837,217249,23815,1282974,529,19765,16566,501,58322,2210,0.000929368
4,38636.5,253151,148488,124279,39,4265,228837,217249,23815,1282974,529,19765,16566,501,58322,2210,0.000929368
4,51316.4,253151,148488,124279,52,4265,228837,217249,23815,1282974,529,19765,16566,501,58322,2210,0.000929368
4,22918.7,196858,137122,113464,33,4167,197250,187032,20544,1089419,504,18381,15400,538,56839,1564,0.000929368
4,30867.4,196858,137122,113464,6,4167,197250,187032,20544,1089419,504,18381,15400,538,56839,1564,0.000929368
4,33325.7,196858,137122,113464,39,4167,197250,187032,20544,1089419,504,18381,15400,538,56839,1564,0.000929368
4,56216.5,196858,137122,113464,59,4167,197250,187032,20544,1089419,504,18381,15400,538,56839,1564,0.000929368
4,34409.9,99967.5,125519,108218,49,2289,119341,112497,12760,627719,347,14202,12008,341,35670,3109,0.000929368
4,39717.2,99967.5,125519,108218,11,2289,119341,112497,12760,627719,347,14202,12008,341,35670,3109,0.000929368
4,43651.3,99967.5,125519,108218,41,2289,119341,112497,12760,627719,347,14202,12008,341,35670,3109,0.000929368
4,50095.1,99967.5,125519,108218,2,2289,119341,112497,12760,627719,347,14202,12008,341,35670,3109,0.000929368
4,5926.01,151372,70866.4,58191,4,3230,161385,151691,16929,849825,331,10373,8543,362,29555,567,0.000929368
4,15510.9,151372,70866.4,58191,3,3230,161385,151691,16929,849825,331,10373,8543,362,29555,567,0.000929368
4,20347,151372,70866.4,58191,30,3230,161385,151691,16929,849825,331,10373,8543,362,29555,567,0.000929368
4,50264.4,151372,70866.4,58191,66,3230,161385,151691,16929,849825,331,10373,8543,362,29555,567,0.000929368
4,14259.2,186434,67471.3,56953,24,3601,185847,173635,19257,934314,272,9445,7794,234,24746,1088,0.000929368
4,19072,186434,67471.3,56953,18,3601,185847,173635,19257,934314,272,9445,7794,234,24746,1088,0.000929368
4,29500.7,186434,67471.3,56953,16,3601,185847,173635,19257,934314,272,9445,7794,234,24746,1088,0.000929368
4,41538.3,186434,67471.3,56953,53,3601,185847,173635,19257,934314,272,9445,7794,234,24746,1088,0.000929368
4,19286.3,130131,121255,103646,11,2830,139606,130829,14228,728972,432,14822,12190,272,42050,2095,0.000929368
4,35913.1,130131,121255,103646,27,2830,139606,130829,14228,728972,432,14822,12190,272,42050,2095,0.000929368
4,36735.2,130131,121255,103646,34,2830,139606,130829,14228,728972,432,14822,12190,272,42050,2095,0.000929368
4,40707,130131,121255,103646,25,2830,139606,130829,14228,728972,432,14822,12190,272,42050,2095,0.000929368
4,14153.2,364938,179208,148152,4,5292,312569,298163,30942,1852609,647,24391,20410,633,76750,2752,0.000929368
4,16169,364938,179208,148152,11,5292,312569,298163,30942,1852609,647,24391,20410,633,76750,2752,0.000929368
4,57887.4,364938,179208,148152,69,5292,312569,298163,30942,1852609,647,24391,20410,633,76750,2752,0.000929368
4,67544.5,364938,179208,148152,34,5292,312569,298163,30942,1852609,647,24391,20410,633,76750,2752,0.000929368
4,29267.6,464497,536477,427956,19,6596,377122,360140,36583,2486311,1632,66403,57909,2774,247164,6326,0.000929368
4,43501.2,464497,536477,427956,14,6596,377122,360140,36583,2486311,1632,66403,57909,2774,247164,6326,0.000929368
4,87428.9,464497,536477,427956,104,6596,377122,360140,36583,2486311,1632,66403,57909,2774,247164,6326,0.000929368
4,94760.6,464497,536477,427956,110,6596,377122,360140,36583,2486311,1632,66403,57909,2774,247164,6326,0.000929368
4,10292.7,196357,124726,105450,13,3668,188376,176047,18938,984226,476,15863,13072,430,44759,1974,0.000929368
4,27891.6,196357,124726,105450,32,3668,188376,176047,18938,984226,476,15863,13072,430,44759,1974,0.000929368
4,43535.7,196357,124726,105450,46,3668,188376,176047,18938,984226,476,15863,13072,430,44759,1974,0.000929368
4,46131.4,196357,124726,105450,27,3668,188376,176047,18938,984226,476,15863,13072,430,44759,1974,0.000929368
4,18833.2,164642,134261,114456,28,3528,174601,160956,17958,828323,459,15971,13112,426,43976,1809,0.000929368
4,34171.5,164642,134261,114456,42,3528,174601,160956,17958,828323,459,15971,13112,426,43976,1809,0.000929368
4,39423.1,164642,134261,114456,13,3528,174601,160956,17958,828323,459,15971,13112,426,43976,1809,0.000929368
4,39739.3,164642,134261,114456,28,3528,174601,160956,17958,828323,459,15971,13112,426,43976,1809,0.000929368
4,36796.3,201801,187659,162157,40,4715,197882,186958,20858,1059556,539,21413,18246,583,56657,3996,0.000929368
4,39028,201801,187659,162157,41,4715,197882,186958,20858,1059556,539,21413,18246,583,56657,3996,0.000929368
4,42769.5,201801,187659,162157,62,4715,197882,186958,20858,1059556,539,21413,18246,583,56657,3996,0.000929368
4,47882.9,201801,187659,162157,22,4715,197882,186958,20858,1059556,539,21413,18246,583,56657,3996,0.000929368
4,52625.6,234185,441339,371750,81,5057,223436,211365,23414,1259044,1190,44818,38355,1612,142509,4575,0.000929368
4,52788,234185,441339,371750,49,5057,223436,211365,23414,1259044,1190,44818,38355,1612,142509,4575,0.000929368
4,54531.2,234185,441339,371750,64,5057,223436,211365,23414,1259044,1190,44818,38355,1612,142509,4575,0.000929368
4,55683.4,234185,441339,371750,80,5057,223436,211365,23414,1259044,1190,44818,38355,1612,142509,4575,0.000929368
4,31197.3,121246,108386,94673,50,2605,133963,125887,14296,731985,352,12486,10173,210,29334,2630,0.000929368
4,32949.6,121246,108386,94673,23,2605,133963,125887,14296,731985,352,12486,10173,210,29334,2630,0.000929368
4,45218.3,121246,108386,94673,8,2605,133963,125887,14296,731985,352,12486,10173,210,29334,2630,0.000929368
4,48996,121246,108386,94673,13,2605,133963,125887,14296,731985,352,12486,10173,210,29334,2630,0.000929368
4,6895.26,306814,140093,117568,11,4703,263732,250934,26646,1516605,538,19013,15686,440,56685,2153,0.000929368
4,17419,306814,140093,117568,24,4703,263732,250934,26646,1516605,538,19013,15686,440,56685,2153,0.000929368
4,51540.5,306814,140093,117568,60,4703,263732,250934,26646,1516605,538,19013,15686,440,56685,2153,0.000929368
4,58350.3,306814,140093,117568,31,4703,263732,250934,26646,1516605,538,19013,15686,440,56685,2153,0.000929368
4,20555.1,64369.8,61614,53153,5,1665,80000,74859,8235,386977,241,7796,6278,71,19052,1131,0.000929368
4,22859.2,64369.8,61614,53153,24,1665,80000,74859,8235,386977,241,7796,6278,71,19052,1131,0.000929368
4,35302.5,64369.8,61614,53153,16,1665,80000,74859,8235,386977,241,7796,6278,71,19052,1131,0.000929368
4,36843.3,64369.8,61614,53153,21,1665,80000,74859,8235,386977,241,7796,6278,71,19052,1131,0.000929368
4,31684.4,202513,173594,149804,41,4439,187902,177743,19943,1004775,496,20419,17439,555,57493,3398,0.000929368
4,32892.5,202513,173594,149804,36,4439,187902,177743,19943,1004775,496,20419,17439,555,57493,3398,0.000929368
4,36943.3,202513,173594,149804,55,4439,187902,177743,19943,1004775,496,20419,17439,555,57493,3398,0.000929368
4,46445.4,202513,173594,149804,44,4439,187902,177743,19943,1004775,496,20419,17439,555,57493,3398,0.000929368
4,19210.2,235992,127025,106659,7,4033,217619,206605,22752,1243403,492,17024,14411,464,56510,1920,0.000929368
4,29567.5,235992,127025,106659,14,4033,217619,206605,22752,1243403,492,17024,14411,464,56510,1920,0.000929368
4,36604,235992,127025,106659,39,4033,217619,206605,22752,1243403,492,17024,14411,464,56510,1920,0.000929368
4,54082.3,235992,127025,106659,60,4033,217619,206605,22752,1243403,492,17024,14411,464,56510,1920,0.000929368
4,10275.2,257581,178985,149900,11,4209,236516,224550,25153,1397266,648,23363,19978,643,79614,2808,0.000929368
4,35567.9,257581,178985,149900,36,4209,236516,224550,25153,1397266,648,23363,19978,643,79614,2808,0.000929368
4,45208.9,257581,178985,149900,32,4209,236516,224550,25153,1397266,648,23363,19978,643,79614,2808,0.000929368
4,62687.2,257581,178985,149900,53,4209,236516,224550,25153,1397266,648,23363,19978,643,79614,2808,0.000929368
4,24561.7,127406,90867.6,78407,13,2643,137375,130063,14718,726206,262,11135,9266,247,27623,1894,0.000929368
4,25176.8,127406,90867.6,78407,26,2643,137375,130063,14718,726206,262,11135,9266,247,27623,1894,0.000929368
4,29288,127406,90867.6,78407,36,2643,137375,130063,14718,726206,262,11135,9266,247,27623,1894,0.000929368
4,45320.5,127406,90867.6,78407,49,2643,137375,130063,14718,726206,262,11135,9266,247,27623,1894,0.000929368
4,23738.8,383830,283143,234690,26,5347,312265,297849,31295,1866238,956,36179,30805,1306,116009,3754,0.000929368
4,28107.8,383830,283143,234690,24,5347,312265,297849,31295,1866238,956,36179,30805,1306,116009,3754,0.000929368
4,61686.8,383830,283143,234690,67,5347,312265,297849,31295,1866238,956,36179,30805,1306,116009,3754,0.000929368
4,69289.6,383830,283143,234690,84,5347,312265,297849,31295,1866238,956,36179,30805,1306,116009,3754,0.000929368
4,47374.1,294631,423242,358328,60,5567,254779,242151,26544,1488665,1301,47256,40114,1597,148332,4809,0.000929368
4,47412.1,294631,423242,358328,44,5567,254779,242151,26544,1488665,1301,47256,40114,1597,148332,4809,0.000929368
4,57249.3,294631,423242,358328,66,5567,254779,242151,26544,1488665,1301,47256,40114,1597,148332,4809,0.000929368
4,59880.6,294631,423242,358328,31,5567,254779,242151,26544,1488665,1301,47256,40114,1597,148332,4809,0.000929368
4,21790.6,112713,79031,69495,21,2734,130245,119828,13138,593670,279,9604,7898,199,21803,1777,0.000929368
4,28841,112713,79031,69495,19,2734,130245,119828,13138,593670,279,9604,7898,199,21803,1777,0.000929368
4,31470,112713,79031,69495,23,2734,130245,119828,13138,593670,279,9604,7898,199,21803,1777,0.000929368
4,35142.8,112713,79031,69495,17,2734,130245,119828,13138,593670,279,9604,7898,199,21803,1777,0.000929368
4,40214.4,212390,208251,181941,47,4908,205910,194460,21798,1106909,591,23175,19737,674,62851,4154,0.000929368
4,42446,212390,208251,181941,48,4908,205910,194460,21798,1106909,591,23175,19737,674,62851,4154,0.000929368
4,46187.5,212390,208251,181941,69,4908,205910,194460,21798,1106909,591,23175,19737,674,62851,4154,0.000929368
4,49518.3,212390,208251,181941,18,4908,205910,194460,21798,1106909,591,23175,19737,674,62851,4154,0.000929368
4,17694,235731,143271,121621,3,4121,218643,206776,22741,1191113,529,18883,15712,505,55456,2031,0.000929368
4,26747.4,235731,143271,121621,21,4121,218643,206776,22741,1191113,529,18883,15712,505,55456,2031,0.000929368
4,38290.6,235731,143271,121621,40,4121,218643,206776,22741,1191113,529,18883,15712,505,55456,2031,0.000929368
4,47771.7,235731,143271,121621,42,4121,218643,206776,22741,1191113,529,18883,15712,505,55456,2031,0.000929368
4,35672.6,342659,403652,334299,38,5754,291910,278254,29546,1775031,1165,47416,40713,1573,160378,5063,0.000929368
4,40711.2,342659,403652,334299,37,5754,291910,278254,29546,1775031,1165,47416,40713,1573,160378,5063,0.000929368
4,67983.8,342659,403652,334299,71,5754,291910,278254,29546,1775031,1165,47416,40713,1573,160378,5063,0.000929368
4,69277,342659,403652,334299,95,5754,291910,278254,29546,1775031,1165,47416,40713,1573,160378,5063,0.000929368
4,56812.6,246416,480185,406609,72,5044,225751,213468,23462,1302925,1307,50928,43766,1735,159587,5459,0.000929368
4,59567,246416,480185,406609,63,5044,225751,213468,23462,1302925,1307,50928,43766,1735,159587,5459,0.000929368
4,61798.9,246416,480185,406609,70,5044,225751,213468,23462,1302925,1307,50928,43766,1735,159587,5459,0.000929368
4,62357.1,246416,480185,406609,87,5044,225751,213468,23462,1302925,1307,50928,43766,1735,159587,5459,0.000929368
4,28690.1,150232,148715,126579,24,2893,156657,147445,16683,857913,505,18597,15536,412,50728,2808,0.000929368
4,35438.3,150232,148715,126579,7,2893,156657,147445,16683,857913,505,18597,15536,412,50728,2808,0.000929368
4,47199.1,150232,148715,126579,47,2893,156657,147445,16683,857913,505,18597,15536,412,50728,2808,0.000929368
4,53009,150232,148715,126579,61,2893,156657,147445,16683,857913,505,18597,15536,412,50728,2808,0.000929368
4,14387.1,217550,186882,156416,24,3671,208208,196864,21064,1208775,659,24059,20316,793,76887,2690,0.000929368
4,22978.9,217550,186882,156416,5,3671,208208,196864,21064,1208775,659,24059,20316,793,76887,2690,0.000929368
4,51915,217550,186882,156416,70,3671,208208,196864,21064,1208775,659,24059,20316,793,76887,2690,0.000929368
4,56535.7,217550,186882,156416,49,3671,208208,196864,21064,1208775,659,24059,20316,793,76887,2690,0.000929368
4,12282.9,230627,190557,160325,15,3741,210377,199273,22778,1237350,637,24057,20513,609,78710,3103,0.000929368
4,43416.1,230627,190557,160325,48,3741,210377,199273,22778,1237350,637,24057,20513,609,78710,3103,0.000929368
4,46711.2,230627,190557,160325,15,3741,210377,199273,22778,1237350,637,24057,20513,609,78710,3103,0.000929368
4,63736.9,230627,190557,160325,37,3741,210377,199273,22778,1237350,637,24057,20513,609,78710,3103,0.000929368
4,15301.1,58252.8,36644.4,31791,12,1588,74001,68864,7504,348275,173,4886,3905,55,10271,1013,0.000929368
4,16273,58252.8,36644.4,31791,19,1588,74001,68864,7504,348275,173,4886,3905,55,10271,1013,0.000929368
4,31687.8,58252.8,36644.4,31791,26,1588,74001,68864,7504,348275,173,4886,3905,55,10271,1013,0.000929368
4,32554.4,58252.8,36644.4,31791,6,1588,74001,68864,7504,348275,173,4886,3905,55,10271,1013,0.000929368
4,22635,243174,121920,102519,14,3890,213497,202539,22502,1224373,455,15839,13188,447,42958,2184,0.000929368
4,24315.2,243174,121920,102519,13,3890,213497,202539,22502,1224373,455,15839,13188,447,42958,2184,0.000929368
4,48967.4,243174,121920,102519,60,3890,213497,202539,22502,1224373,455,15839,13188,447,42958,2184,0.000929368
4,57037.3,243174,121920,102519,71,3890,213497,202539,22502,1224373,455,15839,13188,447,42958,2184,0.000929368
4,22823.5,283085,145372,125528,13,4749,249772,234042,25128,1311551,531,18607,15418,415,50781,2642,0.000929368
4,31858.8,283085,145372,125528,43,4749,249772,234042,25128,1311551,531,18607,15418,415,50781,2642,0.000929368
4,37776.2,283085,145372,125528,47,4749,249772,234042,25128,1311551,531,18607,15418,415,50781,2642,0.000929368
4,47538.8,283085,145372,125528,30,4749,249772,234042,25128,1311551,531,18607,15418,415,50781,2642,0.000929368
4,22121.9,292447,153613,131423,8,4827,253478,238703,25504,1347211,574,19581,16359,485,55886,2343,0.000929368
4,34724.4,292447,153613,131423,42,4827,253478,238703,25504,1347211,574,19581,16359,485,55886,2343,0.000929368
4,36430.6,292447,153613,131423,41,4827,253478,238703,25504,1347211,574,19581,16359,485,55886,2343,0.000929368
4,48231.8,292447,153613,131423,42,4827,253478,238703,25504,1347211,574,19581,16359,485,55886,2343,0.000929368
4,15793.5,408283,400332,323088,19,5637,345788,330209,33938,2116217,1372,52380,44872,1972,187496,3729,0.000929368
4,24147.3,408283,400332,323088,7,5637,345788,330209,33938,2116217,1372,52380,44872,1972,187496,3729,0.000929368
4,67832.8,408283,400332,323088,83,5637,345788,330209,33938,2116217,1372,52380,44872,1972,187496,3729,0.000929368
4,77844.5,408283,400332,323088,41,5637,345788,330209,33938,2116217,1372,52380,44872,1972,187496,3729,0.000929368
4,21554.7,448369,450413,367368,18,6233,361236,345222,35501,2300657,1393,56555,48768,2290,200003,5286,0.000929368
4,34342.8,448369,450413,367368,10,6233,361236,345222,35501,2300657,1393,56555,48768,2290,200003,5286,0.000929368
4,78916.5,448369,450413,367368,101,6233,361236,345222,35501,2300657,1393,56555,48768,2290,200003,5286,0.000929368
4,87381.8,448369,450413,367368,106,6233,361236,345222,35501,2300657,1393,56555,48768,2290,200003,5286,0.000929368
4,24623.7,135228,157930,136894,40,2735,147809,139478,16018,829901,514,19066,15966,382,52520,3149,0.000929368
4,39458.7,135228,157930,136894,14,2735,147809,139478,16018,829901,514,19066,15966,382,52520,3149,0.000929368
4,48740.9,135228,157930,136894,30,2735,147809,139478,16018,829901,514,19066,15966,382,52520,3149,0.000929368
4,53190.9,135228,157930,136894,14,2735,147809,139478,16018,829901,514,19066,15966,382,52520,3149,0.000929368
4,18693.4,244242,136041,116475,18,4114,225323,214198,23882,1302150,457,16839,14013,493,43785,2709,0.000929368
4,23678.2,244242,136041,116475,26,4114,225323,214198,23882,1302150,457,16839,14013,493,43785,2709,0.000929368
4,47121.8,244242,136041,116475,64,4114,225323,214198,23882,1302150,457,16839,14013,493,43785,2709,0.000929368
4,55372.9,244242,136041,116475,65,4114,225323,214198,23882,1302150,457,16839,14013,493,43785,2709,0.000929368
4,5068.48,354055,280335,230464,6,5025,309082,295488,30895,1916351,1043,37314,31755,1322,131322,3399,0.000929368
4,22447.6,354055,280335,230464,20,5025,309082,295488,30895,1916351,1043,37314,31755,1322,131322,3399,0.000929368
4,70879.6,354055,280335,230464,92,5025,309082,295488,30895,1916351,1043,37314,31755,1322,131322,3399,0.000929368
4,76820.8,354055,280335,230464,61,5025,309082,295488,30895,1916351,1043,37314,31755,1322,131322,3399,0.000929368
4,23580.2,139604,147098,127125,40,2835,151566,143071,16280,848221,488,17773,14868,293,48873,2745,0.000929368
4,38267,139604,147098,127125,11,2835,151566,143071,16280,848221,488,17773,14868,293,48873,2745,0.000929368
4,46800.6,139604,147098,127125,29,2835,151566,143071,16280,848221,488,17773,14868,293,48873,2745,0.000929368
4,52890.1,139604,147098,127125,17,2835,151566,143071,16280,848221,488,17773,14868,293,48873,2745,0.000929368
4,19037.4,120778,109573,94489,20,2635,128503,119341,12887,630035,378,13316,10906,278,36415,1851,0.000929368
4,36515.7,120778,109573,94489,41,2635,128503,119341,12887,630035,378,13316,10906,278,36415,1851,0.000929368
4,36538.3,120778,109573,94489,27,2635,128503,119341,12887,630035,378,13316,10906,278,36415,1851,0.000929368
4,37492.5,120778,109573,94489,28,2635,128503,119341,12887,630035,378,13316,10906,278,36415,1851,0.000929368
4,33708.9,83528.7,129103,111055,5,2015,106854,100620,11207,544855,424,16456,13903,414,46147,2481,0.000929368
4,36081.1,83528.7,129103,111055,31,2015,106854,100620,11207,544855,424,16456,13903,414,46147,2481,0.000929368
4,41426.3,83528.7,129103,111055,54,2015,106854,100620,11207,544855,424,16456,13903,414,46147,2481,0.000929368
4,49776.3,83528.7,129103,111055,25,2015,106854,100620,11207,544855,424,16456,13903,414,46147,2481,0.000929368
4,43571,278721,324184,269698,38,5066,262643,249649,26247,1543808,957,40566,35313,1298,143890,3840,0.000929368
4,53467.1,278721,324184,269698,4,5066,262643,249649,26247,1543808,957,40566,35313,1298,143890,3840,0.000929368
4,56159.5,278721,324184,269698,40,5066,262643,249649,26247,1543808,957,40566,35313,1298,143890,3840,0.000929368
4,77109.2,278721,324184,269698,71,5066,262643,249649,26247,1543808,957,40566,35313,1298,143890,3840,0.000929368
4,7177.87,196708,125597,106632,7,3676,193826,181529,19486,1035181,484,16466,13530,421,48568,1730,0.000929368
4,24626.7,196708,125597,106632,30,3676,193826,181529,19486,1035181,484,16466,13530,421,48568,1730,0.000929368
4,46891.4,196708,125597,106632,50,3676,193826,181529,19486,1035181,484,16466,13530,421,48568,1730,0.000929368
4,47989.9,196708,125597,106632,36,3676,193826,181529,19486,1035181,484,16466,13530,421,48568,1730,0.000929368
4,7492.67,102308,59195.3,49755,15,2636,120822,112397,12608,584344,271,8479,6922,291,23352,566,0.000929368
4,9675.35,102308,59195.3,49755,12,2636,120822,112397,12608,584344,271,8479,6922,291,23352,566,0.000929368
4,14241,102308,59195.3,49755,19,2636,120822,112397,12608,584344,271,8479,6922,291,23352,566,0.000929368
4,40801.2,102308,59195.3,49755,53,2636,120822,112397,12608,584344,271,8479,6922,291,23352,566,0.000929368
4,12051.7,111472,53887.8,45908,13,2908,131651,122654,13808,641945,256,7692,6184,201,19252,600,0.000929368
4,12862.8,111472,53887.8,45908,22,2908,131651,122654,13808,641945,256,7692,6184,201,19252,600,0.000929368
4,13656.2,111472,53887.8,45908,19,2908,131651,122654,13808,641945,256,7692,6184,201,19252,600,0.000929368
4,41375,111472,53887.8,45908,59,2908,131651,122654,13808,641945,256,7692,6184,201,19252,600,0.000929368
4,12117.3,244960,181772,153272,12,4146,231110,219484,24421,1334499,636,23217,19576,621,72175,2664,0.000929368
4,26704,244960,181772,153272,32,4146,231110,219484,24421,1334499,636,23217,19576,621,72175,2664,0.000929368
4,47612.3,244960,181772,153272,41,4146,231110,219484,24421,1334499,636,23217,19576,621,72175,2664,0.000929368
4,57641.2,244960,181772,153272,67,4146,231110,219484,24421,1334499,636,23217,19576,621,72175,2664,0.000929368
4,12304.6,101594,57350,48994,17,2407,117375,109457,12318,564660,225,7527,6142,170,18671,975,0.000929368
4,20646.7,101594,57350,48994,27,2407,117375,109457,12318,564660,225,7527,6142,170,18671,975,0.000929368
4,21604.6,101594,57350,48994,17,2407,117375,109457,12318,564660,225,7527,6142,170,18671,975,0.000929368
4,35466.7,101594,57350,48994,50,2407,117375,109457,12318,564660,225,7527,6142,170,18671,975,0.000929368
4,7257.32,92279.4,54257.9,46235,10,2185,110814,103178,11699,555738,205,7546,6206,107,21307,608,0.000929368
4,17170.4,92279.4,54257.9,46235,16,2185,110814,103178,11699,555738,205,7546,6206,107,21307,608,0.000929368
4,19880.9,92279.4,54257.9,46235,5,2185,110814,103178,11699,555738,205,7546,6206,107,21307,608,0.000929368
4,43996,92279.4,54257.9,46235,31,2185,110814,103178,11699,555738,205,7546,6206,107,21307,608,0.000929368
4,46543.5,310831,512480,430047,52,5807,270620,257437,27968,1630268,1540,59527,51194,2299,191825,6781,0.000929368
4,49465.8,310831,512480,430047,54,5807,270620,257437,27968,1630268,1540,59527,51194,2299,191825,6781,0.000929368
4,64137.1,310831,512480,430047,70,5807,270620,257437,27968,1630268,1540,59527,51194,2299,191825,6781,0.000929368
4,66157.7,310831,512480,430047,87,5807,270620,257437,27968,1630268,1540,59527,51194,2299,191825,6781,0.000929368
4,13382.1,206950,164241,138994,2,3795,194992,182700,20353,1006498,565,20924,17487,673,62008,2268,0.000929368
4,29256.6,206950,164241,138994,38,3795,194992,182700,20353,1006498,565,20924,17487,673,62008,2268,0.000929368
4,41681.7,206950,164241,138994,53,3795,194992,182700,20353,1006498,565,20924,17487,673,62008,2268,0.000929368
4,43906.3,206950,164241,138994,42,3795,194992,182700,20353,1006498,565,20924,17487,673,62008,2268,0.000929368
4,50854.8,293697,507093,428396,66,5479,255514,242584,26281,1533309,1397,54706,47232,2137,174449,6313,0.000929368
4,54008.8,293697,507093,428396,65,5479,255514,242584,26281,1533309,1397,54706,47232,2137,174449,6313,0.000929368
4,65808.4,293697,507093,428396,77,5479,255514,242584,26281,1533309,1397,54706,47232,2137,174449,6313,0.000929368
4,66323.6,293697,507093,428396,93,5479,255514,242584,26281,1533309,1397,54706,47232,2137,174449,6313,0.000929368
4,39940.4,206983,212286,184899,46,4890,205109,193607,21731,1100794,578,22904,19520,686,62122,4066,0.000929368
4,42172.1,206983,212286,184899,47,4890,205109,193607,21731,1100794,578,22904,19520,686,62122,4066,0.000929368
4,45913.6,206983,212286,184899,68,4890,205109,193607,21731,1100794,578,22904,19520,686,62122,4066,0.000929368
4,49074.4,206983,212286,184899,19,4890,205109,193607,21731,1100794,578,22904,19520,686,62122,4066,0.000929368
4,39290.8,214669,192115,165160,50,4034,207939,194597,21594,1065847,652,21691,17887,492,61721,2495,0.000929368
4,42490.5,214669,192115,165160,13,4034,207939,194597,21594,1065847,652,21691,17887,492,61721,2495,0.000929368
4,45851.5,214669,192115,165160,58,4034,207939,194597,21594,1065847,652,21691,17887,492,61721,2495,0.000929368
4,46017.9,214669,192115,165160,31,4034,207939,194597,21594,1065847,652,21691,17887,492,61721,2495,0.000929368
