k,order,dist,cost_polyanya,cost_ki,cost_hi,cost_hi2,h_cost,h_cost2,vnum,gen_poly,push_poly,gen_ki,push_ki,prune_ki,gen_hi,push_hi,prune_hi,hcall,reevaluate,gen_hi2,push_hi2,prune_hi2,hcall2,reevaluate2,precost,gen_pre,edgecnt,damcnt,pts,polys
6,6,91588.4,47865.8,511667,311133,312393,242530,221414,81,93074,90530,467688,460887,44253,51205,62948,1516,57481,0,51205,62948,1516,52917,13071,352124,403593,169618,369040,6,7532
6,6,50728.2,5084.47,111390,71972.1,57361.5,58006,42513,30,15942,15453,146520,144030,15288,13445,16483,326,14813,0,13445,16482,326,11788,3450,352124,403593,169618,369040,6,7532
6,6,106982,96654.7,529835,516174,404579,427806,310812,145,179231,174482,504298,497496,45543,65527,86576,2661,79810,0,65527,86576,2661,64751,22775,352124,403593,169618,369040,6,7532
6,6,64222.5,17680.7,269734,157842,127578,126591,92173,72,47492,46114,307636,302556,31193,28570,35515,891,32233,0,28570,35515,891,26097,7735,352124,403593,169618,369040,6,7532
6,6,83597.1,46463.8,351014,322253,249764,256905,174881,104,102166,99295,375581,369934,36791,55664,67863,2432,62112,0,55664,67862,2432,48255,13675,352124,403593,169618,369040,6,7532
6,6,77136.7,28386.4,282769,267156,209103,216534,156374,70,68056,66231,307253,302495,30503,41638,52356,1362,47782,0,41638,52356,1362,38906,11812,352124,403593,169618,369040,6,7532
6,6,40540.4,6577.18,123487,75810.6,65831.5,60234,48148,46,19884,19264,168367,165296,17140,17101,19349,589,17355,0,17101,19347,589,13890,2767,352124,403593,169618,369040,6,7532
6,6,77370.3,25265.7,205853,243456,217547,198171,163736,49,61334,59658,269660,265530,26537,40242,50903,1149,46550,0,40242,50903,1149,39248,11742,352124,403593,169618,369040,6,7532
6,6,68774.8,23243.3,150811,206291,193635,168908,148244,26,46558,45284,212687,209373,21482,34696,41706,1020,37820,0,34696,41706,1020,32234,7930,352124,403593,169618,369040,6,7532
6,6,54073.5,12610.1,316059,106573,101186,78801,68962,53,33073,32102,323294,317699,32329,23988,27692,673,24898,0,23988,27692,673,22015,4419,352124,403593,169618,369040,6,7532
6,6,56759.3,10686.8,124155,79335.1,74338.7,60616,52117,70,22219,21518,174119,171206,18288,18588,21620,712,19511,0,18588,21619,712,17477,3593,352124,403593,169618,369040,6,7532
6,6,109679,100095,540942,538782,490081,439270,363415,142,191417,186354,499235,492468,45765,75049,92519,3283,85108,0,75049,92519,3283,73034,19372,352124,403593,169618,369040,6,7532
6,6,85356.2,41544.6,470126,254464,240309,203505,181419,97,83207,80964,457960,451098,43322,42316,52791,1424,48301,0,42316,52791,1424,43548,11609,352124,403593,169618,369040,6,7532
6,6,74430.9,31940.2,280222,255036,201572,202722,141808,68,74167,72057,307163,302332,31099,44430,54836,1638,50007,0,45080,55747,1744,39580,11896,352124,403593,169618,369040,6,7532
6,6,70341.8,22995.8,389072,193393,149713,156601,105634,79,55335,53821,384688,378554,37548,33842,41650,1094,37922,0,33842,41650,1094,30428,8764,352124,403593,169618,369040,6,7532
6,6,93230.5,62872.3,431054,472216,367302,382225,265831,119,136975,133269,430671,424396,42025,71237,84997,2783,77710,0,71237,84997,2783,60546,15621,352124,403593,169618,369040,6,7532
6,6,89876.7,43859.7,454413,326332,292075,250630,205852,51,92717,90268,453989,447354,43188,56690,67607,1598,61719,0,56690,67607,1598,54242,12331,352124,403593,169618,369040,6,7532
6,6,49324.6,9793.66,97788.5,113538,104251,90648,75522,20,27167,26432,148447,145873,15277,22238,26204,655,23656,0,22238,26204,655,18764,4566,352124,403593,169618,369040,6,7532
6,6,64651.5,20213.8,256980,185155,146200,147905,106034,68,52876,51301,293520,288615,30470,33771,41146,1382,37405,0,33771,41145,1382,29807,8298,352124,403593,169618,369040,6,7532
6,6,58734.6,11000.6,247334,111428,86686,90087,63165,63,31916,30924,294808,289881,30036,19929,25213,536,22845,0,19929,25209,536,18762,5880,352124,403593,169618,369040,6,7532
6,6,72774.6,25079.6,451611,198988,188054,152500,134805,46,60652,58933,417999,411418,40233,39085,45797,1087,41489,0,39085,45797,1087,37669,7772,352124,403593,169618,369040,6,7532
6,6,66331.2,13502,132080,109069,104728,83051,74590,84,34553,33603,190729,187670,19637,26203,30036,904,27146,0,26203,30035,904,25284,4533,352124,403593,169618,369040,6,7532
6,6,87791.3,40210.9,459036,287853,249498,230276,180665,92,88787,86456,443698,437109,43032,49422,61591,1550,56426,0,49422,61591,1550,48763,13453,352124,403593,169618,369040,6,7532
6,6,78749.2,30488.7,438045,246393,221283,200168,163193,88,71973,70067,417900,411433,41047,41384,51670,1374,47188,0,41384,51670,1374,38317,11406,352124,403593,169618,369040,6,7532
6,6,107102,115805,509127,584580,632239,471295,455819,123,193427,188356,488234,481620,45680,86203,109821,3285,101480,0,86203,109821,3285,83012,25792,352124,403593,169618,369040,6,7532
6,6,50075.5,14762.8,299814,147518,130065,121667,99761,45,29262,28329,295678,290498,29747,20058,23421,577,21103,0,20058,23421,577,18064,3977,352124,403593,169618,369040,6,7532
6,6,36083.9,3317.91,86459.1,49383.9,32347.2,40367,23502,43,11187,10822,116402,114180,11841,8967,10838,177,9681,0,8967,10831,177,6688,2146,352124,403593,169618,369040,6,7532
6,6,48419.5,8703.55,153432,87955.5,74639.8,68183,52094,51,24486,23724,200843,197249,20796,19497,22671,674,20442,0,19497,22670,674,16455,3747,352124,403593,169618,369040,6,7532
6,6,73610.5,31149.8,353639,230898,181561,185931,131263,78,68331,66375,345058,339613,34867,37705,47394,1306,43205,0,37705,47391,1306,34988,10701,352124,403593,169618,369040,6,7532
6,6,65892.6,24381.1,243092,193007,171090,151294,121811,61,51135,49555,277321,272657,28808,34423,42011,1222,38103,0,34422,42015,1221,31028,8556,352124,403593,169618,369040,6,7532
6,6,59134.1,7964.5,127072,57967.6,62642.1,42787,42061,69,20463,19867,177767,174830,18375,16561,18296,499,16336,0,16926,18665,588,15672,2219,352124,403593,169618,369040,6,7532
6,6,54891.5,12433.7,193528,123634,99621,97764,71182,55,33521,32466,232402,228352,24398,24760,29449,933,26655,0,24760,29448,933,21639,5409,352124,403593,169618,369040,6,7532
6,6,47042.1,8894.32,130917,93212,78709.4,72227,55277,39,24192,23474,163396,160506,17180,19548,22469,673,20243,0,19548,22468,673,17037,3482,352124,403593,169618,369040,6,7532
6,6,114702,113537,569377,571107,490669,466076,370651,143,214538,209004,516587,509791,46574,76530,98624,3432,90980,0,76530,98624,3432,75100,24049,352124,403593,169618,369040,6,7532
6,6,52360.1,8317.69,137778,86723.9,77835.7,66415,54628,68,22599,21888,163254,160428,17041,18173,21270,567,19142,0,18173,21269,567,16695,3654,352124,403593,169618,369040,6,7532
6,6,88150.5,42411.4,475781,334784,279071,259002,197368,50,90266,87865,451146,444531,42857,54473,64987,1571,59337,0,54473,64987,1571,52377,11882,352124,403593,169618,369040,6,7532
6,6,78650.6,35948,358429,293976,220452,231864,157520,89,84821,82428,374395,368583,37098,48324,59104,1913,54026,0,48371,59123,1925,42819,12065,352124,403593,169618,369040,6,7532
6,6,53057.2,8310.75,249702,79963.6,62612.2,64603,45305,59,22779,21980,275447,270726,28312,14825,18838,373,17068,0,14825,18838,373,13358,4494,352124,403593,169618,369040,6,7532
6,6,76345,36002,388680,261233,212220,208243,150815,97,73714,71669,391477,385308,38551,42928,52143,1386,47473,0,42928,52143,1386,38201,10412,352124,403593,169618,369040,6,7532
6,6,54088.7,7852.17,141169,78497.8,72954.3,60047,50440,65,20286,19656,168203,165355,17504,17492,20409,609,18381,0,17492,20408,609,16323,3435,352124,403593,169618,369040,6,7532
6,6,90384.4,46722.9,468313,321960,270349,251247,194903,94,97597,95113,449033,442421,43328,52548,65690,1653,60281,0,52548,65690,1653,51430,14476,352124,403593,169618,369040,6,7532
6,6,75498.7,27492.6,322395,243874,181153,197202,133456,77,67715,65749,339327,333998,34291,38038,47979,1366,43771,0,38038,47979,1366,35138,10975,352124,403593,169618,369040,6,7532
6,6,75577.1,24603.9,480647,181242,169749,144106,125029,86,59883,58167,440729,433913,42393,31733,39308,1216,35938,0,31733,39308,1216,32660,8439,352124,403593,169618,369040,6,7532
6,6,53380.7,4528.73,121445,47564.7,43844.8,37247,30382,37,14033,13590,167986,165099,17389,11950,13730,284,12276,0,11945,13712,284,10103,2135,352124,403593,169618,369040,6,7532
6,6,53983.6,10988.5,335709,104935,92907.7,83174,68580,61,31082,30183,347368,341444,35115,20440,24957,680,22563,0,20440,24957,680,19292,5086,352124,403593,169618,369040,6,7532
6,6,112521,103258,572664,578902,491168,474259,366993,148,207476,202079,511250,504455,46268,76513,97846,3384,90153,0,76513,97846,3384,75238,23272,352124,403593,169618,369040,6,7532
6,6,75010.9,27290.2,416106,190531,175035,153760,133020,101,61249,59398,410028,403649,40237,30127,38709,1008,35384,0,30127,38709,1008,30961,9485,352124,403593,169618,369040,6,7532
6,6,91920.7,52940,480290,357340,297068,294187,228813,116,120114,116773,456427,449836,42988,49276,64483,1744,59210,0,49276,64483,1744,49341,16562,352124,403593,169618,369040,6,7532
6,6,75984.6,27399.1,236237,251074,207657,206114,153137,69,63750,62023,288097,283619,28345,39656,50244,1220,45940,0,39656,50244,1220,37446,11659,352124,403593,169618,369040,6,7532
6,6,48964.8,9974.12,245288,101988,91926.8,79730,67403,45,28636,27745,280836,275891,28327,19920,22665,541,20342,0,19920,22665,541,17303,3351,352124,403593,169618,369040,6,7532
6,6,75956.7,35090.5,324260,261196,208943,202139,146074,95,81585,79305,357347,351768,35735,48258,58219,2025,53223,0,48258,58218,2025,43563,11238,352124,403593,169618,369040,6,7532
6,6,52315.9,6229.43,254011,74277.8,56509.9,60737,42378,62,20590,19898,295979,290887,30115,13117,17162,286,15581,0,13117,17162,286,12036,4459,352124,403593,169618,369040,6,7532
6,6,58661.2,10063.9,293843,94867.6,86971.6,74445,62753,66,29361,28379,321973,316537,32667,17744,22113,496,20052,0,17744,22113,496,17267,4940,352124,403593,169618,369040,6,7532
6,6,86711.1,41858.2,479668,294920,281471,232344,202808,71,85503,83213,453197,446467,43021,50118,59926,1369,54547,0,50118,59926,1369,49129,11072,352124,403593,169618,369040,6,7532
6,6,54116.3,11298.6,115966,131301,113858,105182,84447,18,30758,29829,159138,156383,16157,24712,29457,729,26630,0,24712,29457,729,21455,5449,352124,403593,169618,369040,6,7532
6,6,60844.9,11756.9,421692,123397,97884.5,97541,72740,69,32994,31905,392422,385940,39102,20793,25771,692,23373,0,20793,25771,692,20036,5606,352124,403593,169618,369040,6,7532
6,6,100757,76360.3,479641,501930,418428,407114,311521,113,158311,154174,468897,462329,44909,74665,94735,2779,87297,0,74665,94735,2779,72215,21973,352124,403593,169618,369040,6,7532
6,6,107451,81801.6,550718,438132,430836,349148,308802,116,155477,151307,502995,496206,46747,71172,89297,2908,82394,0,71172,89297,2908,74907,19936,352124,403593,169618,369040,6,7532
6,6,85035.9,39884.5,459106,288731,272767,225738,193566,70,85435,83182,450067,443345,42750,49779,59211,1463,53873,0,49779,59211,1463,48104,10677,352124,403593,169618,369040,6,7532
6,6,73627.7,23410,389523,185865,157097,149328,117009,78,60993,59124,377499,371570,37344,30307,38864,958,35440,0,30307,38864,958,30007,9452,352124,403593,169618,369040,6,7532
6,6,59855.5,13937.4,253523,121817,100803,96898,72119,57,37579,36494,282190,277497,28792,24163,29742,725,26950,0,24163,29742,725,22389,6244,352124,403593,169618,369040,6,7532
6,6,77602.7,30186.3,478068,234011,206256,188252,154293,85,69931,68054,445517,438644,42464,37170,46207,1261,42214,0,37170,46207,1261,37801,10024,352124,403593,169618,369040,6,7532
6,6,69811.1,20553.2,211459,188400,168332,152865,124901,68,52090,50664,270498,266186,27104,32818,41211,931,37526,0,32818,41211,931,31367,9265,352124,403593,169618,369040,6,7532
6,6,44759.7,4012.08,96663.2,58903.2,47163.3,47434,34646,25,13609,13149,132803,130429,13683,11661,14358,174,12871,0,11661,14356,174,9766,3078,352124,403593,169618,369040,6,7532
6,6,42735.4,7230.01,146785,74084.1,72405.2,57979,53026,47,20386,19760,180457,177182,18574,17246,19558,595,17555,0,17246,19556,595,14308,2823,352124,403593,169618,369040,6,7532
6,6,56119.9,9704.95,291871,100163,85459.3,80870,63361,72,27014,26092,311388,306104,31528,16392,20678,481,18752,0,16392,20678,481,15435,4818,352124,403593,169618,369040,6,7532
6,6,91648.3,52140,504555,338460,278944,276864,211901,115,116478,113297,470501,463710,44002,47086,61166,1703,56173,0,47086,61166,1703,47164,15371,352124,403593,169618,369040,6,7532
6,6,98696.5,53966.7,503166,366619,311483,285362,220441,77,110883,107946,476678,470011,44915,62481,76882,2124,70532,0,62481,76882,2124,60698,15937,352124,403593,169618,369040,6,7532
6,6,80246.3,29895,501472,208316,206261,163400,149868,84,70262,68356,449080,442280,42781,37896,46403,1536,42507,0,37896,46403,1536,39462,9492,352124,403593,169618,369040,6,7532
6,6,63567.6,19466.5,226874,185702,149761,149559,108498,60,47144,45686,273761,269136,28417,32174,39380,1185,35743,0,32174,39379,1185,28649,8097,352124,403593,169618,369040,6,7532
6,6,41211.9,7367.36,149883,84273.3,73664.1,66336,53011,52,22147,21484,189725,186288,19287,17783,20034,533,17941,0,17783,20034,533,14447,2773,352124,403593,169618,369040,6,7532
6,6,57005,12908.3,151138,140004,114971,112792,86078,50,32473,31547,197571,194236,20100,24670,29782,648,27002,0,24670,29782,648,21946,5785,352124,403593,169618,369040,6,7532
6,6,77411.4,29372.6,462438,230260,207618,174956,149011,54,67265,65441,426565,419939,41100,43603,50978,1339,46281,0,43603,50978,1339,42096,8519,352124,403593,169618,369040,6,7532
6,6,40397.6,4157.09,87619,57319.5,42647.8,46333,31124,37,13852,13421,135493,132998,14013,11609,14171,216,12745,0,11609,14171,216,9417,2910,352124,403593,169618,369040,6,7532
6,6,100494,75392.2,509955,444609,364666,365706,280219,137,154279,150128,486313,479561,44619,58869,77902,2305,71651,0,58869,77902,2305,58918,20603,352124,403593,169618,369040,6,7532
6,6,93822.9,59999.3,477548,355921,322809,283570,239801,113,121831,118600,472094,465308,43987,54848,68834,2246,63236,0,54848,68834,2246,55812,15385,352124,403593,169618,369040,6,7532
6,6,43444.3,2047.57,83410.5,40172.3,29266.7,32672,22183,6,7788,7517,130109,127735,13296,6782,9114,123,8268,0,6782,9114,123,6030,2565,352124,403593,169618,369040,6,7532
6,6,65690.2,22224.6,152422,202515,180281,158555,128594,28,53142,51679,206704,203278,21792,38483,45542,1260,41334,0,38483,45541,1260,36074,8071,352124,403593,169618,369040,6,7532
6,6,49710.7,9109.04,149495,85794.4,75106.5,65949,52221,42,25524,24741,193642,190200,20398,20442,23439,699,21064,0,20442,23438,699,17288,3600,352124,403593,169618,369040,6,7532
6,6,95474.3,66957.6,528473,341444,339551,270485,249534,100,119183,116026,477118,470288,44943,57352,71439,2484,65772,0,57352,71439,2484,59943,15527,352124,403593,169618,369040,6,7532
6,6,52046.7,8298.04,98187.2,80699.9,85013.3,63655,60675,39,21375,20783,147884,145352,15406,17767,20827,428,18609,0,17767,20827,428,15258,3537,352124,403593,169618,369040,6,7532
6,6,48583.3,7470.92,91891.7,83427,71233.2,67098,52125,50,22163,21499,139989,137552,14484,18756,21216,484,18923,0,18756,21216,484,14771,3002,352124,403593,169618,369040,6,7532
6,6,95822.2,54317.1,516004,362854,300218,276805,211171,76,113052,110222,467474,460812,44554,62208,76641,2080,70390,0,62208,76641,2080,61165,15937,352124,403593,169618,369040,6,7532
6,6,64005.5,15303.6,154797,182391,160361,146974,122177,27,39238,38130,207370,204027,21151,29793,35850,806,32479,0,29793,35850,806,27134,6855,352124,403593,169618,369040,6,7532
6,6,41860,5104.52,117532,64657.8,48185,51964,35080,56,16041,15537,161249,158300,16543,12076,14508,240,13076,0,12076,14508,240,9559,2794,352124,403593,169618,369040,6,7532
6,6,48090.8,3639.91,109442,39761.1,34911.2,30656,24311,48,11651,11282,155401,152720,16288,10676,12137,258,10884,0,10676,12136,258,9331,1792,352124,403593,169618,369040,6,7532
6,6,61013.1,14459,321983,123749,115930,96395,79432,68,37505,36394,326996,321518,33209,25845,29701,899,26799,0,25845,29700,899,22328,4591,352124,403593,169618,369040,6,7532
6,6,107028,79828.9,568094,416519,373282,326879,268653,112,140441,136671,502372,495547,46762,64076,79706,2472,73463,0,64076,79706,2472,66043,17301,352124,403593,169618,369040,6,7532
6,6,70971.3,22695.7,423125,192544,165318,151332,116586,77,55436,53847,402221,395792,39281,35463,43074,1076,39058,0,35463,43074,1076,33117,8613,352124,403593,169618,369040,6,7532
6,6,52805.7,5096.04,109893,56516.4,44841.2,42806,31767,58,15348,14908,162849,160043,16913,12886,14715,339,13176,0,12886,14718,339,11729,2194,352124,403593,169618,369040,6,7532
6,6,39960.7,3683.22,126765,49798.2,38580.8,40360,28689,49,12569,12153,168994,165908,17023,9570,12018,229,10801,0,9570,12018,229,8165,2756,352124,403593,169618,369040,6,7532
6,6,47815.8,10429.1,186514,97843.8,91391.6,74814,63793,47,28338,27470,226873,222846,23438,23128,25997,880,23398,0,23128,25995,880,18733,3530,352124,403593,169618,369040,6,7532
6,6,110556,108115,529990,540901,468074,441043,353827,139,193472,188346,502697,495916,45971,75148,92577,3262,85097,0,75148,92577,3262,72538,19354,352124,403593,169618,369040,6,7532
6,6,44960.5,8839.82,193035,69957.2,62766.9,54850,46361,55,19492,18882,231118,227014,23402,13909,16895,371,15171,0,13909,16895,371,12465,3416,352124,403593,169618,369040,6,7532
6,6,82763.1,37093.3,452514,254965,222427,208503,168676,113,83217,80846,435580,429055,41991,37610,49060,1311,44955,0,37610,49060,1311,37761,12506,352124,403593,169618,369040,6,7532
6,6,68059.5,30903.4,435938,187545,174548,147587,127380,61,57893,56249,415904,409247,40129,35938,41897,1103,37884,0,35938,41897,1103,33777,6932,352124,403593,169618,369040,6,7532
6,6,47612.9,8934.88,159394,93028.5,76810.1,73311,54396,50,25426,24635,204191,200559,21209,20076,23181,722,20898,0,20076,23180,722,16916,3699,352124,403593,169618,369040,6,7532
6,6,121633,144392,578440,694401,623593,561264,456587,140,251923,245632,531660,524860,47573,94031,116990,4424,107975,0,94031,116990,4424,91797,25246,352124,403593,169618,369040,6,7532
6,6,54357.3,11362.5,127268,107366,100393,83629,71355,21,29713,28819,167952,165019,17573,22762,26450,680,23754,0,22777,26438,683,20402,4326,352124,403593,169618,369040,6,7532
6,6,89616.2,47156.7,516326,320121,279598,258460,208222,114,108063,105125,466763,459974,43931,47473,59050,1862,54047,0,47473,59050,1862,45902,12834,352124,403593,169618,369040,6,7532
6,6,59825,10131.5,120283,93916.2,90478.5,74478,66044,78,26600,25844,176566,173633,18578,20377,24490,688,22187,0,20377,24489,688,19698,4690,352124,403593,169618,369040,6,7532
6,6,53096.7,5133.56,109796,48367.1,49586.7,37378,34103,58,15572,15123,164041,161236,16996,13019,14870,332,13307,0,13019,14860,332,11858,2206,352124,403593,169618,369040,6,7532
6,6,69891.4,22537.6,272335,207041,170435,168415,125491,73,56142,54543,308686,303732,31235,34139,42795,1082,38987,0,34139,42795,1082,31939,9571,352124,403593,169618,369040,6,7532
6,6,47587,10153.6,196002,100343,84903.1,76467,58649,50,27925,27080,229762,225675,23668,22934,25636,892,22977,0,22934,25634,892,18510,3350,352124,403593,169618,369040,6,7532
6,6,51972.4,3726.35,115059,55499.5,42869.4,45438,32047,26,12395,12008,161903,159137,16967,10781,13089,198,11784,0,10781,13088,198,9306,2637,352124,403593,169618,369040,6,7532
6,6,90780.9,55598.7,484737,332089,269708,271890,203711,116,112708,109608,468507,461718,43981,46620,59632,1727,54718,0,46620,59632,1727,46303,14283,352124,403593,169618,369040,6,7532
6,6,81707.1,40705.4,484313,244695,223477,196756,165882,98,81525,79306,454673,447777,42935,40933,51049,1451,46677,0,40933,51049,1451,41896,11210,352124,403593,169618,369040,6,7532
6,6,52864.1,4743.29,121920,47601.6,38391.8,34849,26431,55,13962,13524,166036,163225,17288,12202,13636,289,12146,0,12202,13634,289,10750,1801,352124,403593,169618,369040,6,7532
6,6,36378,6682.15,92755.9,68594.7,60428.6,53797,43605,42,17440,16910,138993,136405,13889,14636,16647,467,14925,0,14636,16647,467,11896,2448,352124,403593,169618,369040,6,7532
6,6,79986,32582.4,458470,233318,201961,190103,153947,104,73742,71554,437003,430345,42029,34038,43873,1133,40172,0,34038,43873,1133,34172,10828,352124,403593,169618,369040,6,7532
6,6,89022.9,44868.7,443896,327688,276135,263716,202196,102,101841,99163,441529,435008,43100,53345,67403,1796,61824,0,53345,67403,1796,51592,15452,352124,403593,169618,369040,6,7532
6,6,42520.2,5466.97,89118.8,70666.4,58168.3,55924,41440,25,17095,16545,128388,126029,13056,14551,16824,303,15038,0,14551,16824,303,11408,2721,352124,403593,169618,369040,6,7532
6,6,88663.7,42687.9,468787,296081,272553,233787,198259,78,88704,86273,460384,453612,43726,49491,60531,1462,55244,0,49491,60531,1462,50457,12325,352124,403593,169618,369040,6,7532
6,6,64012.2,12597.4,129716,111040,107739,87997,78557,81,32352,31433,182489,179522,18876,22649,27355,739,24821,0,22649,27354,739,22065,5331,352124,403593,169618,369040,6,7532
6,6,47361.5,3245.64,103013,37879.5,33895.9,29959,23967,49,10574,10213,152322,149642,15841,9524,11022,208,9852,0,9524,11021,208,8211,1813,352124,403593,169618,369040,6,7532
6,6,40275.8,7792.43,130793,82648,70824.9,63845,50404,47,22999,22287,173615,170471,17699,19072,21328,656,19148,0,19072,21328,656,14979,2821,352124,403593,169618,369040,6,7532
6,6,51712.2,5738.85,117846,54042.9,50520.5,41211,35414,66,16632,16127,163831,161024,17138,14640,16721,480,15057,0,14640,16720,480,13349,2506,352124,403593,169618,369040,6,7532
6,6,36465.3,5584.15,93260.8,68976.7,59629.3,54014,43047,34,17768,17212,142094,139443,14210,14511,16217,449,14514,0,14511,16217,449,11215,2138,352124,403593,169618,369040,6,7532
6,6,104156,82619.8,520987,487694,408081,394162,299112,134,170734,166296,493406,486618,45051,67326,84436,2826,77592,0,67326,84436,2826,65091,18840,352124,403593,169618,369040,6,7532
6,6,75135.4,29634.6,260880,254704,200467,206560,147826,70,66510,64719,310179,305300,30929,40482,50537,1315,46108,0,40482,50537,1315,36993,11110,352124,403593,169618,369040,6,7532
6,6,60693.7,17877.7,394589,149903,134557,117757,97308,60,45788,44462,389564,383107,37969,28990,33665,818,30380,0,28990,33665,818,26810,5485,352124,403593,169618,369040,6,7532
6,6,77565.6,29096.9,467887,230240,210422,183427,158068,75,67366,65452,442155,435354,41904,38249,46997,1159,42845,0,38249,46997,1159,38440,9786,352124,403593,169618,369040,6,7532
6,6,71947.8,23675.9,398063,195452,163685,154220,117794,87,57488,55958,396542,390262,38802,34509,42553,1101,38733,0,34509,42553,1101,31555,9006,352124,403593,169618,369040,6,7532
6,6,40893.7,3073.03,121245,41607.5,29233.7,33599,21027,45,10373,10011,170830,167671,17312,7730,9466,156,8462,0,7730,9466,156,6408,1994,352124,403593,169618,369040,6,7532
6,6,110738,105289,528114,628806,515669,506855,378476,123,207291,201981,505610,498944,46438,90797,115465,3497,106763,0,90797,115465,3497,87836,26896,352124,403593,169618,369040,6,7532
6,6,53779.3,8982.98,197977,85883.4,70710.6,68179,50826,53,26333,25479,250406,246075,25845,18149,22113,518,20020,0,18149,22113,518,16667,4518,352124,403593,169618,369040,6,7532
6,6,92540.9,61528.2,471832,390824,317309,310316,229794,103,121502,118433,450005,443478,43963,61764,77314,2179,71032,0,61764,77314,2179,59079,17105,352124,403593,169618,369040,6,7532
6,6,46776.7,8031.32,128601,85374.4,70968.5,66537,49984,39,23077,22364,170123,167085,17788,18704,21577,646,19422,0,18704,21576,646,16187,3404,352124,403593,169618,369040,6,7532
6,6,49774.3,4297.02,94058.1,61975,50720.6,50132,37782,20,14251,13801,146669,144168,15270,12156,15041,272,13571,0,12156,15040,272,10458,3275,352124,403593,169618,369040,6,7532
6,6,44029,6467.78,86726.1,78194.7,65654.2,61387,47076,24,19069,18489,131709,129322,13579,16209,18271,382,16309,0,16209,18271,382,12477,2540,352124,403593,169618,369040,6,7532
6,6,57097.9,9711.69,370663,103871,81391.2,85127,60990,73,28368,27451,361454,355399,36086,18151,22875,497,20770,0,18151,22875,497,16896,5268,352124,403593,169618,369040,6,7532
6,6,51847.1,12254.2,155997,105576,90238.9,80080,63050,44,29546,28683,201609,198060,21168,23677,27148,809,24417,0,24059,27680,909,20521,4297,352124,403593,169618,369040,6,7532
6,6,52046.1,4471.58,112215,46113.8,43568.4,35278,30485,57,14065,13633,161998,159204,16739,11964,13690,300,12242,0,11964,13688,300,10841,2075,352124,403593,169618,369040,6,7532
6,6,99212,54123.1,552381,337311,325056,271737,244093,96,108219,105229,486557,479698,45671,51240,64443,1548,59084,0,51240,64443,1548,53573,14582,352124,403593,169618,369040,6,7532
6,6,56388.7,11149.1,375976,107284,103627,85491,76255,60,30836,29919,368393,362192,36952,20045,24743,644,22377,0,20045,24743,644,19012,5265,352124,403593,169618,369040,6,7532
6,6,106071,96522.3,528015,601132,487394,487728,357390,127,191731,186742,480991,474460,45413,88004,110374,3560,101916,0,88004,110374,3560,82682,24587,352124,403593,169618,369040,6,7532
6,6,65039.1,24635,165402,194502,172207,152253,121895,31,53377,51923,212684,209162,22661,38308,45170,1253,41029,0,38308,45169,1253,35090,7877,352124,403593,169618,369040,6,7532
6,6,103587,91184.4,501582,552404,453182,448658,332031,118,175780,171133,475729,469149,45134,81959,103374,3123,95340,0,81962,103383,3125,77944,23527,352124,403593,169618,369040,6,7532
6,6,45445,7976.75,110182,82228.9,72361.9,63201,50915,32,22344,21698,153890,151182,15984,18294,20527,628,18431,0,18294,20526,628,15348,2754,352124,403593,169618,369040,6,7532
6,6,47588.2,5281.24,177148,64510.1,44408.9,51972,32018,51,17352,16753,223616,219700,22987,12364,15265,291,13744,0,12364,15240,291,10103,3279,352124,403593,169618,369040,6,7532
6,6,90789,54146.3,452301,375781,326004,302384,238731,106,116710,113702,444447,437938,43442,58995,74695,2075,68663,0,58995,74695,2075,57051,17228,352124,403593,169618,369040,6,7532
6,6,80316.6,36215.8,325575,278067,202830,222967,144757,92,85980,83564,351974,346592,34891,46935,57438,2124,52545,0,46935,57431,2124,40799,11742,352124,403593,169618,369040,6,7532
6,6,61218.5,18959.2,175166,182161,147338,143864,104181,52,46228,44932,232886,228912,24398,34163,39876,1165,35997,0,34162,39846,1164,29761,6606,352124,403593,169618,369040,6,7532
6,6,61938.9,16116.1,224844,143800,118249,117121,87424,67,41486,40363,273478,268956,28102,26999,32949,793,29858,0,26999,32949,793,24802,6650,352124,403593,169618,369040,6,7532
6,6,46585.6,6475.93,104001,63638.7,57313.5,48548,40051,59,18506,17950,153907,151203,15900,16125,18568,501,16704,0,16125,18567,501,14403,2924,352124,403593,169618,369040,6,7532
6,6,83485.8,39268.3,359547,304415,235535,244839,173148,85,88575,85966,367563,362044,36015,45620,58433,1540,53587,0,45620,58433,1540,43068,14050,352124,403593,169618,369040,6,7532
6,6,86537.3,43208.4,515672,288020,246989,233939,186860,111,94489,91865,460400,453602,43493,42043,52742,1608,48315,0,42043,52742,1608,41160,11824,352124,403593,169618,369040,6,7532
6,6,63220,19636,236305,153356,132140,122959,97665,64,44201,42941,281005,276371,28808,27936,34202,836,30989,0,27936,34202,836,25897,7017,352124,403593,169618,369040,6,7532
6,6,89153.7,42667,471686,322321,283291,247008,196109,55,88921,86564,452384,445768,42989,55232,65544,1578,59826,0,55232,65544,1578,52973,11701,352124,403593,169618,369040,6,7532
6,6,89351.3,46859.7,423555,297713,261878,239840,195760,97,109507,106457,420653,414446,40308,48593,61427,1805,56293,0,48593,61427,1805,49403,14164,352124,403593,169618,369040,6,7532
6,6,60525.1,11546.4,325777,107074,95027.4,84569,69676,78,32875,31802,340133,334471,34377,19219,23967,546,21741,0,19219,23967,546,18799,5362,352124,403593,169618,369040,6,7532
6,6,75132.5,22295.7,204078,231172,200517,190019,153369,50,56053,54496,261752,257711,25971,37276,47254,1031,43196,0,37276,47254,1031,36568,10993,352124,403593,169618,369040,6,7532
6,6,60088.8,8061.05,130902,62298.9,65059.6,45540,44006,72,21736,21091,180926,177963,18827,17704,19433,628,17392,0,18175,20103,737,17004,2438,352124,403593,169618,369040,6,7532
6,6,66876.6,18673.5,199080,180667,147774,145868,110761,63,48025,46738,258813,254628,26145,30615,38066,825,34593,0,30615,38066,825,28768,8248,352124,403593,169618,369040,6,7532
6,6,68180.4,24403.4,325671,173301,151560,137002,106186,90,52206,50674,350662,344936,35190,32892,38581,1131,34937,0,33456,39264,1304,28749,6763,352124,403593,169618,369040,6,7532
6,6,56612.2,8927.61,128678,78417,72960.5,60271,51629,70,23952,23215,175482,172555,18318,19757,22789,747,20560,0,19757,22788,747,18270,3603,352124,403593,169618,369040,6,7532
6,6,49170.9,9129.38,163138,95741.8,82120.7,73271,58565,51,25841,25036,203739,200100,21142,20425,23760,747,21437,0,20425,23759,747,17302,3930,352124,403593,169618,369040,6,7532
6,6,82143.1,37952.7,460561,245251,219157,192667,153859,64,74448,72489,435681,429066,42186,46161,55692,1405,50841,0,46161,55692,1405,44773,10715,352124,403593,169618,369040,6,7532
6,6,82478.3,44350.7,366383,323190,253309,257756,178339,106,97377,94584,373371,367722,36702,54826,66683,2323,60995,0,54826,66682,2323,48414,13323,352124,403593,169618,369040,6,7532
6,6,57768.2,8023.59,120221,71794.4,68551.3,53974,47451,72,22758,22073,175525,172582,18163,18634,21266,634,19159,0,18634,21265,634,17222,3150,352124,403593,169618,369040,6,7532
6,6,70082.4,24075.6,342833,197756,166904,156533,118615,91,57737,56078,362574,356750,36283,35747,41958,1229,38036,0,36939,43352,1546,31311,7453,352124,403593,169618,369040,6,7532
6,6,67769.9,21031,238914,194865,158633,160579,119164,67,49695,48353,285216,280612,29005,31396,39347,959,35866,0,31396,39347,959,29450,8779,352124,403593,169618,369040,6,7532
6,6,54315.8,10993.7,142380,127781,103048,103318,76279,52,31077,30191,193659,190373,19716,23506,28192,613,25508,0,23506,28192,613,20278,5323,352124,403593,169618,369040,6,7532
6,6,67422.6,16073.8,422177,140380,121802,112157,92108,83,43926,42542,403463,396958,39958,23442,29751,812,27252,0,23442,29751,812,24561,7000,352124,403593,169618,369040,6,7532
6,6,54674.6,10698.9,111330,101333,90981.6,79656,65716,56,28246,27486,152683,150144,16076,23387,26369,723,23595,0,23387,26369,723,19180,3599,352124,403593,169618,369040,6,7532
6,6,58647,16239.4,370141,153530,156081,117412,111804,50,41735,40484,372893,366607,36540,27168,31201,706,28119,0,27168,31201,706,24772,4820,352124,403593,169618,369040,6,7532
6,6,75712.4,37367.6,404989,292795,220958,233412,156944,87,79487,77233,364243,358514,36384,46197,56331,1783,51468,0,46197,56327,1783,41828,11386,352124,403593,169618,369040,6,7532
6,6,66615,25538.8,385012,153048,127437,120554,90727,77,47180,45822,373653,367554,36726,30156,36785,925,33354,0,30156,36785,925,27437,7494,352124,403593,169618,369040,6,7532
6,6,87976.9,39248.3,478815,281495,276921,228271,212740,83,82783,80522,461320,454479,43676,43892,53841,1339,49185,0,43892,53841,1339,45311,11118,352124,403593,169618,369040,6,7532
6,6,64622.3,20882.3,161726,184882,171378,143266,122103,28,50193,48781,203067,199665,21530,36754,43426,1187,39363,0,36754,43425,1187,34572,7655,352124,403593,169618,369040,6,7532
6,6,78764.4,32228.6,346716,247510,196834,197451,144789,82,77740,75501,362006,356433,35968,40465,50732,1342,46332,0,40465,50727,1342,37993,11362,352124,403593,169618,369040,6,7532
6,6,60359.6,15895.9,214619,154008,135543,123090,99838,61,42985,41645,259923,255445,26818,29844,36182,1107,32805,0,29844,36181,1107,26307,7188,352124,403593,169618,369040,6,7532
6,6,101528,80527.9,510002,472643,380862,390625,287213,120,163583,159322,487103,480374,44872,62434,81507,2493,74945,0,62434,81507,2493,60679,20686,352124,403593,169618,369040,6,7532
6,6,93672.6,52030.9,474716,323750,303155,250872,218694,77,97556,94919,474010,467221,44828,55512,66972,1564,61135,0,55512,66972,1564,55748,12862,352124,403593,169618,369040,6,7532
6,6,44831.3,3062.28,106402,40578.5,31847.9,32031,22603,48,9901,9574,146783,144186,15466,9088,10658,208,9595,0,9088,10657,208,7949,1863,352124,403593,169618,369040,6,7532
6,6,100147,76664.4,498812,444953,358767,366582,271278,123,153380,149275,479778,473083,44685,59369,77292,2305,71094,0,59369,77292,2305,57900,19490,352124,403593,169618,369040,6,7532
6,6,110402,105206,541136,521010,462118,413691,335956,121,184422,179412,505042,498179,46953,78708,99478,3464,91933,0,78708,99478,3464,81719,22750,352124,403593,169618,369040,6,7532
6,6,49739.9,4137.33,114323,45430.2,38042,35349,26530,48,13024,12607,158887,156141,16488,11570,13248,255,11840,0,11570,13247,255,9973,2037,352124,403593,169618,369040,6,7532
6,6,63704.8,19208.5,444828,162616,155021,128235,115396,62,48798,47477,411395,404731,40039,30333,36103,952,32748,0,30333,36103,952,28911,6569,352124,403593,169618,369040,6,7532
6,6,50107.3,8218.45,94717.9,70733.8,55258.8,57602,41277,31,15314,14821,143959,141485,14875,13010,15975,324,14372,0,13008,15971,324,11451,3372,352124,403593,169618,369040,6,7532
6,6,49087.9,10336,194238,100286,91801.7,77867,65242,59,28946,28036,235379,231188,24448,23170,26323,899,23696,0,23170,26321,899,19005,3829,352124,403593,169618,369040,6,7532
6,6,84072.6,36595.9,446690,266686,227087,211047,164305,88,84697,82474,435757,429171,42336,47328,58945,1522,53963,0,47328,58945,1522,45549,12863,352124,403593,169618,369040,6,7532
6,6,108043,109902,493214,631008,508449,504288,369992,121,207640,202234,487737,481135,45767,93583,117400,3726,108499,0,93580,117391,3724,90011,26142,352124,403593,169618,369040,6,7532
6,6,95733.9,56626,489922,299667,287442,238836,205988,103,106680,103771,477250,470401,44933,50525,63275,1804,58111,0,50525,63275,1804,52088,14095,352124,403593,169618,369040,6,7532
6,6,50816.9,10078,93509.4,106893,94711.3,85624,69666,59,27821,27073,143534,141056,14795,22457,25116,669,22487,0,22457,25116,669,18043,3254,352124,403593,169618,369040,6,7532
6,6,54730.9,11881.7,110375,137200,124222,108845,92383,18,31696,30751,161019,158238,16399,25490,30354,743,27435,0,25490,30354,743,22142,5583,352124,403593,169618,369040,6,7532
6,6,59454.1,15430.7,437773,129756,132151,102210,96049,70,39112,38023,391274,384783,38563,25517,30669,816,27763,0,25517,30669,816,24221,5837,352124,403593,169618,369040,6,7532
6,6,70311,21899,254843,216434,172437,175645,128661,72,55181,53697,297201,292439,29865,34298,43001,1047,39227,0,34298,43001,1047,32094,9595,352124,403593,169618,369040,6,7532
6,6,99547.9,63203.7,514891,382438,348576,294952,247711,76,111619,108617,488015,481234,45505,62682,75294,1735,68851,0,62682,75294,1735,63093,14180,352124,403593,169618,369040,6,7532
6,6,54643.9,12745.1,312677,107949,104362,83573,71105,61,32224,31284,323743,318130,32297,23770,27376,662,24601,0,23770,27376,662,21459,4301,352124,403593,169618,369040,6,7532
6,6,85947.8,43535.8,479606,264895,245529,210154,182179,101,92008,89524,459232,452425,43470,45382,56826,1783,52184,0,45382,56826,1783,47531,12610,352124,403593,169618,369040,6,7532
6,6,68727.9,17253.8,143008,155180,146922,122103,106696,88,41455,40296,194703,191554,20343,29859,35712,976,32359,0,29859,35711,976,28706,6672,352124,403593,169618,369040,6,7532
6,6,37175.8,3001.15,71581.8,43501.8,31008.2,35079,22103,30,10131,9783,116265,114110,11986,9156,11042,168,9903,0,9156,11042,168,7246,2189,352124,403593,169618,369040,6,7532
6,6,63239.4,17222.9,435135,154090,141633,124344,106749,77,42586,41330,413674,406945,40659,26161,31866,898,28939,0,26161,31866,898,25368,6438,352124,403593,169618,369040,6,7532
6,6,66445.1,18667.7,372450,160300,131971,125833,91471,78,48041,46646,370340,364284,36527,30966,37472,992,33996,0,30966,37472,992,27774,7386,352124,403593,169618,369040,6,7532
6,6,79895.3,35056.2,446586,259057,240136,203356,173911,68,75684,73595,437622,430942,41855,45256,53607,1337,48695,0,45256,53607,1337,43399,9517,352124,403593,169618,369040,6,7532
6,6,88510.1,50670.7,459898,316051,301485,245605,211697,53,94482,91992,450670,444034,42810,55392,65582,1516,59785,0,55392,65582,1516,52588,11582,352124,403593,169618,369040,6,7532
6,6,72869.7,26570.7,134601,240439,216415,192813,160281,8,57062,55494,187982,185082,18377,41248,48518,1698,44000,0,41248,48518,1698,36720,8341,352124,403593,169618,369040,6,7532
6,6,69811.5,23543.3,458028,183655,180817,145655,134405,69,56090,54503,429462,422659,41141,33853,41182,1045,37511,0,33853,41182,1045,33643,8244,352124,403593,169618,369040,6,7532
6,6,63527.4,13814.9,410916,121358,112300,97652,84913,78,38742,37519,392273,385883,38827,21319,27159,740,24768,0,21319,27159,740,21475,6463,352124,403593,169618,369040,6,7532
