K,order,dist,cost_polyanya,cost_ki,cost_hi,h_cost,vnum,gen_poly,push_poly,pop_poly,gen_ki,push_ki,pop_ki,prune_ki,suc_call_ki,gen_hi,push_hi,pop_hi,prune_hi,suc_call_hi,heuristic_call,reevaluate,pts,polys
1,1,31266.5,26437.5,85901.3,19893,16473,37,36284,35332,29668,98617,96624,88949,9832,424803,3174,3075,2370,65,7817,2697,0,4,7819
1,1,33870.7,47814.1,106660,37658.7,31180,39,77562,75522,64163,123955,121476,112568,12196,564610,6106,5912,4785,205,18540,5244,0,4,7819
1,1,66328,67251.7,329971,104291,82601,76,97104,94610,80986,287987,283357,270081,29303,1672911,15662,15229,12804,436,52670,13531,0,4,7819
1,1,20943.3,18635.2,28775.9,9426.6,7861,25,34555,33502,27635,42745,41778,37357,3681,163446,1569,1524,1178,22,3855,1323,0,4,7819
1,1,51223.8,47358.8,250504,87649.1,70957,56,79708,77539,65382,232234,228213,216096,23242,1258697,13446,13072,10951,511,46078,11704,0,4,7819
1,1,4617.52,19526.4,415.469,270.807,239,6,35127,34058,28354,1024,971,697,34,2290,57,55,28,0,62,40,0,4,7819
1,1,69881.9,58445.4,377617,160987,127722,74,95003,92475,78556,323086,318027,305105,32164,1934677,23081,22455,19031,944,82984,20106,0,4,7819
1,1,39831.2,15462.5,171258,42366.3,34118,44,33842,32885,26893,184041,180510,166419,18283,863238,7153,6941,5656,207,22251,6165,0,4,7819
1,1,35864.2,71339.6,56128.8,13417.5,11213,14,104193,101616,88174,74605,73166,67566,7649,340681,2422,2352,1797,27,7064,2039,0,4,7819
1,1,4494.41,17415.1,407.957,96.942,79,3,33543,32514,27032,1090,1044,769,30,2557,33,33,14,0,24,18,0,4,7819
1,1,72712.5,76596,357467,208404,164464,93,118207,115183,98793,307940,303273,290612,30306,1862922,29953,29224,25322,1347,116811,26282,0,4,7819
1,1,55946.9,43049.4,343026,115943,92908,64,76215,74140,62583,297282,292330,279151,30375,1690048,17282,16817,14249,677,64475,15081,0,4,7819
1,1,16475.8,23041.7,15914.3,3511.24,2861,17,39190,38061,31786,24765,24183,21369,1945,86943,669,654,460,2,1380,560,0,4,7819
1,1,4404.73,31317.9,330.836,82.132,67,3,52461,51011,43466,964,930,673,28,1971,26,26,11,0,33,12,0,4,7819
1,1,40837.3,72829.1,84124.8,6355.67,5146,5,100390,97795,84478,104710,102727,96348,11024,514897,1154,1110,763,0,2257,957,0,4,7819
1,1,35521.8,90236.8,43334.6,6459.64,5475,7,121619,118594,102784,61382,60150,56053,6509,279280,1025,987,677,1,1992,844,0,4,7819
1,1,21225.1,20089.6,14114.4,14529.9,12113,35,38441,37291,30742,25682,25050,22519,2261,101023,2458,2362,1837,65,6624,2093,0,4,7819
1,1,14396.9,26881.7,8741.88,3635.78,3080,23,45217,43969,37146,16932,16481,14327,1328,56276,529,510,354,3,1174,443,0,4,7819
1,1,22382.5,13665.6,32893.5,8977.63,7223,22,28843,27956,22821,47853,46708,41815,4466,180405,1745,1687,1295,36,4533,1461,0,4,7819
1,1,13219.2,9762.96,6401.26,3635.75,2974,18,21557,20921,16968,14234,13900,12007,1055,47284,620,599,416,11,1291,518,0,4,7819
1,1,20329.7,19810,14795,16463.6,13694,32,37750,36610,30141,22872,22296,19974,1962,88148,2485,2399,1869,54,6919,2116,0,4,7819
1,1,13791.3,33317.1,7500.63,3825.64,3285,16,49044,47640,40376,13248,12885,11140,1043,50246,555,538,374,3,1285,458,0,4,7819
1,1,23757,9280.13,38256.3,7665.72,6213,21,20602,19972,15921,54417,53185,48107,5061,221520,1441,1387,992,27,3484,1219,0,4,7819
1,1,25518.4,13697.6,33442,449.512,362,3,25142,24427,20027,50629,49512,45265,5105,216991,111,112,51,0,179,59,0,4,7819
1,1,67788.5,77689.5,335655,176077,138154,85,116919,113893,97527,294531,289939,277550,29130,1746040,26140,25480,21814,1106,98946,22931,0,4,7819
1,1,14080.2,9350.42,8411.24,4995.44,4259,20,21145,20538,16653,16320,15925,13776,1288,54782,864,841,618,23,2056,737,0,4,7819
1,1,57436.2,59515.7,242821,73364.2,58551,60,88531,86221,73310,229664,225827,214767,23725,1284019,11203,10892,9047,324,37187,9671,0,4,7819
1,1,34786.4,81546.9,42371.8,4043.01,3368,7,113264,110463,96123,64340,63047,58929,6849,297508,730,703,463,0,1285,608,0,4,7819
1,1,61474.7,62639,309289,129290,102520,68,98205,95604,81434,289499,284804,272640,29290,1687528,19993,19443,16466,849,72909,17432,0,4,7819
1,1,22198.9,63036.4,19005,1396.4,1174,3,92026,89710,77445,31886,31132,28286,3142,119481,279,270,177,0,503,224,0,4,7819
1,1,38871.7,14967.6,162088,48941.9,40176,51,31885,30935,25124,172994,169705,156368,17091,808966,8059,7810,6352,316,25501,7006,0,4,7819
1,1,26316.3,18186.9,51388.9,14297.9,11810,39,33423,32513,26962,69704,68229,62068,6945,285308,2421,2354,1804,50,6643,2090,0,4,7819
1,1,3478.79,37324.1,345.734,329.404,289,5,55883,54386,46599,610,583,395,11,1152,48,43,23,0,63,34,0,4,7819
1,1,35660.4,8221.38,124046,33749.9,27334,36,18650,18022,14437,136806,134170,124190,13423,650978,5440,5264,4066,140,15698,4647,0,4,7819
1,1,24847.2,18563.7,23972.6,16095,13412,29,35779,34681,28292,37542,36675,33231,3549,156669,2585,2486,1896,56,7184,2213,0,4,7819
1,1,43058.7,32854.2,182188,36544,29415,58,56684,55182,46780,191698,188174,177113,20115,981381,6067,5892,4720,151,18584,5216,0,4,7819
1,1,24311.5,35156.7,22844.9,5096.69,4189,11,58458,56953,48342,40094,39231,35843,3923,157791,965,932,675,6,2331,804,0,4,7819
1,1,7614.13,34816.2,1483.6,715.872,601,9,55641,54166,46081,3415,3317,2811,167,10356,141,134,86,0,228,112,0,4,7819
1,1,65849.5,66961.6,292717,101441,80901,69,95710,93272,80128,275810,271362,258378,28039,1593193,15471,15057,12652,437,52681,13408,0,4,7819
1,1,11197.2,25298.6,4746.87,261.126,215,3,45245,43970,37192,9587,9307,7906,683,28925,58,58,26,0,79,30,0,4,7819
1,1,38723.1,22554.7,162645,30212,24717,28,46627,45364,37616,172890,169603,156147,17404,801306,4461,4327,3480,83,15003,3805,0,4,7819
1,1,48049.3,75102.1,127839,71287.8,57066,61,116426,113540,97514,146308,143707,135725,15322,753592,11201,10892,9069,448,37755,9698,0,4,7819
1,1,11978.2,27822.2,8087.52,2156.6,1857,15,48522,47159,39821,12367,12051,10409,866,39511,394,380,273,2,835,317,0,4,7819
1,1,22212.4,25072.1,31584.1,1835.35,1554,4,43162,41952,35022,48870,47814,42962,4357,190164,286,271,179,0,572,220,0,4,7819
1,1,36968,28326,127032,24873.4,20373,41,44885,43730,36793,144617,141851,131692,14907,667749,4164,4047,3203,105,11403,3560,0,4,7819
1,1,25072.2,56612.4,41375,15593.9,12867,24,89070,86763,74382,55270,54039,49491,5454,228191,2540,2458,1904,51,6983,2146,0,4,7819
1,1,24307.8,52671.4,13934.7,14467.6,12049,31,72366,70460,60875,22800,22272,20015,2185,100397,2362,2284,1745,60,6771,2011,0,4,7819
1,1,56553.2,65347.9,195909,59103.9,48113,44,102224,99573,85224,200031,196632,186807,21048,1103236,9394,9137,7555,233,31207,8058,0,4,7819
1,1,53394,42125.6,276239,54930.2,44122,69,68534,66686,56191,245490,241269,229759,25963,1370345,9080,8814,7202,223,28099,7826,0,4,7819
1,1,79107.1,83919.5,375158,175825,137983,81,122434,119343,102663,331245,326284,312996,32328,2038864,26289,25618,21867,724,95978,22839,0,4,7819
1,1,8237.14,11405.2,2553.67,1043.36,890,15,23137,22478,18393,4672,4541,3734,243,13590,183,176,107,0,256,149,0,4,7819
1,1,17052.2,13638.2,15146.5,8349.06,7007,22,27607,26755,21974,25197,24556,21643,2148,86404,1437,1388,1023,28,3509,1215,0,4,7819
1,1,24338,10983.6,43551.5,17183.9,14335,37,22189,21468,17279,59027,57683,51943,5470,232910,2885,2767,2153,78,7451,2487,0,4,7819
1,1,61251.8,95403.3,172058,45590.8,36664,18,135345,131993,114154,178577,175598,166404,18867,977765,7227,7017,5609,71,23273,6136,0,4,7819
1,1,51373.7,40413.9,328854,75378,60274,50,68035,66165,55461,283198,278299,263117,28816,1531315,11336,11001,9088,359,38256,9772,0,4,7819
1,1,21717.2,25542.5,20384.3,7441.37,6396,12,47170,45963,39093,33317,32579,29666,3102,130700,1100,1067,792,13,2822,919,0,4,7819
1,1,28478.7,63154.8,50730.9,19251.9,15884,27,93489,91097,78170,71909,70402,65270,7197,319904,3244,3134,2443,78,8873,2744,0,4,7819
1,1,22444.1,13716.2,32818.4,10164.4,8417,24,24951,24121,19486,48521,47425,42786,4415,191634,1724,1671,1225,31,4211,1470,0,4,7819
1,1,2207,42079.1,74.605,85.84,75,4,64788,63095,54333,217,204,130,0,368,22,21,8,0,22,13,0,4,7819
1,1,34774.1,21413.5,108365,22933.6,18727,41,38391,37366,31210,126876,124365,115025,12938,568332,4002,3877,3007,96,10692,3412,0,4,7819
1,1,48803,58391.2,165534,46044,37988,41,93997,91529,78217,173664,170613,161796,18627,926367,7158,6953,5647,167,23201,6111,0,4,7819
1,1,9406.41,23177,2873.57,1113.07,952,12,38099,36949,30972,6556,6364,5285,416,18492,224,216,137,0,403,182,0,4,7819
1,1,64650.3,111278,187036,56145.1,45172,20,152995,149257,129599,194024,190887,180894,20234,1089998,9086,8841,7217,143,31224,7763,0,4,7819
1,1,7740.27,10625.9,1709.91,919.123,771,9,23658,22958,18828,3964,3836,3116,219,10835,191,175,102,0,270,150,0,4,7819
1,1,28951.7,66296.4,50596.6,20701.3,17239,24,97732,95220,81899,69328,67863,63192,7117,313978,3226,3116,2448,61,9377,2720,0,4,7819
1,1,15995.8,9071.81,12005.7,6075.7,5114,21,20465,19859,16008,22203,21664,18927,1913,77437,981,953,675,20,2325,828,0,4,7819
1,1,44930.4,52627.4,163730,35678.5,29262,47,80243,78055,66431,167741,164679,155991,17671,885167,5728,5557,4462,139,16800,4923,0,4,7819
1,1,36851.1,51661.2,116076,39202.9,32053,46,79978,77880,66021,138537,135867,127222,14039,665502,6330,6132,4958,230,18648,5463,0,4,7819
1,1,7644.38,31971.6,1607.81,565.931,482,7,50346,48967,41721,3942,3830,3144,200,10445,119,115,70,0,178,88,0,4,7819
1,1,32547.7,63717.1,85347.3,26254.2,21409,38,94967,92480,79223,101142,99113,92746,10334,468636,4663,4519,3590,143,12749,3991,0,4,7819
1,1,30099.7,86301.4,32099.7,8819.86,7409,10,116912,114015,98609,50794,49739,46017,5388,222781,1393,1340,954,9,2936,1155,0,4,7819
1,1,42212.4,63055.6,120547,49610.1,40318,50,97799,95336,81372,134492,132001,124742,13965,674727,8431,8179,6743,342,25895,7243,0,4,7819
1,1,34672.1,31003.5,116195,19718.7,15916,30,54643,53237,44598,133997,131329,120332,13168,599298,3528,3413,2680,57,10941,2991,0,4,7819
1,1,15792.5,41419.9,6845.77,3876.74,3234,18,53564,52113,44818,10954,10667,9402,888,46188,709,685,489,12,1810,597,0,4,7819
1,1,62101.7,106332,159353,21195.3,17213,10,145861,142300,123541,173825,170946,161884,18225,961482,3724,3613,2718,14,10101,3140,0,4,7819
1,1,46351.4,54745.3,139139,35234.4,28545,37,93503,91031,77832,154762,151944,143873,16677,812632,5923,5768,4723,132,19268,5059,0,4,7819
1,1,46527,54285.3,171095,41446.7,33522,48,84182,81907,69849,172915,169769,160962,18151,919170,6715,6521,5299,168,20996,5774,0,4,7819
1,1,58050.4,42863.5,387089,107751,85935,62,75852,73806,62073,312701,307525,294003,31883,1800957,17090,16622,13949,653,62702,14862,0,4,7819
1,1,19048,19075.1,18271.5,5733.06,4812,12,35052,34046,28362,32235,31417,27851,2974,113913,984,955,702,5,2374,824,0,4,7819
1,1,71458.4,65551.1,379673,161941,128602,75,99752,97113,82735,323420,318382,305459,31886,1944914,23821,23183,19685,1022,85695,20799,0,4,7819
1,1,54511,50198.5,236346,69507.8,56173,65,79800,77709,65915,224211,220393,209498,23331,1251713,10523,10225,8433,313,34025,9086,0,4,7819
1,1,32353,23123.2,45478.2,24448.3,20235,28,43574,42265,35127,63534,62219,56997,6180,285495,3780,3654,2866,72,12188,3246,0,4,7819
1,1,49141.5,81885.2,136291,69669.6,56584,61,121429,118431,101868,146804,144208,136204,15423,761784,10981,10668,8840,418,36705,9490,0,4,7819
1,1,34598,32106.4,103251,16350.3,13446,44,53238,51864,43792,119693,117325,108782,12161,541152,2885,2786,2132,38,7487,2451,0,4,7819
1,1,14558.3,20210.9,9220.55,4177.19,3516,22,34347,33328,27698,17155,16727,14853,1392,60322,751,724,533,4,1637,618,0,4,7819
1,1,35377.4,84352,53406.3,12445.3,10212,22,111663,108856,93959,74854,73364,68748,7987,353662,2158,2082,1519,13,5491,1813,0,4,7819
1,1,21313.6,17410.4,29587.8,9049.82,7522,23,33003,32008,26430,43681,42702,38200,3706,168567,1533,1497,1145,27,3772,1297,0,4,7819
1,1,65915.8,72417.7,319011,152571,119911,82,112873,109928,94118,291823,287210,274816,28901,1719698,22727,22138,18916,953,83135,19883,0,4,7819
1,1,39623,54009.7,117717,24270.2,19803,35,79991,77904,66538,130949,128455,120759,13790,648709,4190,4062,3216,85,12491,3558,0,4,7819
1,1,16614.1,20934.7,12649.7,792.691,656,5,38293,37177,31250,23098,22501,19680,1975,77817,183,176,110,0,292,132,0,4,7819
1,1,35386.4,56182.1,75968.4,17043.1,13850,23,84364,82193,70725,97139,95180,88248,10109,446007,2903,2813,2175,59,8868,2475,0,4,7819
1,1,16692,30912.1,14580.4,5011.12,4230,12,53880,52422,44273,25746,25119,22224,2080,90838,871,839,600,4,2179,724,0,4,7819
1,1,25355.7,16575.5,45482.8,17134.4,14219,31,30942,29993,24533,65281,63865,57667,6213,267607,2551,2485,1960,44,7016,2160,0,4,7819
1,1,40267.4,61099.7,98207,23418.8,19098,17,93626,91166,78445,114177,112007,105308,12005,563804,3594,3478,2702,46,10060,3032,0,4,7819
1,1,21206.9,13999.1,26386.2,10995.8,9383,22,27149,26304,21500,42156,41133,36731,3878,155588,1537,1482,1119,27,3947,1289,0,4,7819
1,1,8344.89,29410.2,1719.09,1368.06,1175,14,47108,45829,38791,3291,3201,2617,191,14364,240,229,157,2,450,196,0,4,7819
1,1,10166.1,30779.8,2994.54,1665.55,1420,11,49400,48067,41136,5403,5240,4408,349,18982,296,283,186,1,542,241,0,4,7819
1,1,40648.2,75976.7,91562.1,43459.9,34926,37,111819,108957,93556,109748,107670,101439,11272,543400,7258,7043,5780,257,22712,6234,0,4,7819
1,1,35683.2,18114.7,125022,18529.1,15272,21,33054,32062,26083,142527,139711,128176,14199,646923,3095,2991,2319,52,8905,2611,0,4,7819
1,1,25696.5,62009,39181.3,14861,12246,20,89945,87615,75206,55201,53977,49490,5577,228442,2684,2586,2017,69,7438,2248,0,4,7819
1,1,32020.9,29890.6,80218.1,12133.9,9867,40,49069,47776,40198,100064,98017,90539,9963,435093,2285,2203,1653,29,5455,1925,0,4,7819
1,1,68690.4,65801.3,328082,109678,86512,73,102153,99593,85633,289274,284680,271439,29139,1693730,17222,16761,14170,479,60164,14961,0,4,7819
1,1,49653.3,27355.4,341188,61333.6,50161,37,48439,47068,39096,292021,286883,270019,29846,1530482,9923,9617,7833,159,33676,8474,0,4,7819
1,1,52391.7,28376.1,376215,154150,121443,41,53000,51529,42884,309245,303893,287613,31626,1680896,24036,23348,19074,593,78599,20628,0,4,7819
1,1,61653.8,65861.1,250803,82066.6,65516,61,97631,95143,81446,248320,244227,232271,25523,1411391,13197,12848,10726,374,44261,11440,0,4,7819
1,1,21059.9,14935.8,26530.1,8317.63,6860,21,29096,28200,23174,41044,40029,35774,3868,149968,1475,1423,1098,27,3831,1225,0,4,7819
1,1,48618.9,29225.5,304990,55854.7,45210,46,54908,53407,44554,274097,269261,252885,27803,1430289,9423,9160,7608,242,32725,8116,0,4,7819
1,1,8341.42,30109.5,2003.34,414.004,350,3,49885,48515,41369,4818,4683,3896,274,13107,93,90,52,0,143,63,0,4,7819
1,1,13220.3,27256.1,7477.14,1333.04,1123,7,44144,42881,36250,13752,13397,11525,1029,43551,211,202,124,0,371,170,0,4,7819
1,1,15314.6,13119.2,10985.2,1398.26,1213,7,22377,21686,17596,19790,19260,17075,1578,71238,254,246,163,0,421,209,0,4,7819
1,1,54190.4,93950.4,116077,62914.7,49414,38,134574,131263,113265,134139,131870,124241,14687,711879,10126,9820,8089,330,34489,8708,0,4,7819
1,1,34685.5,58320.7,91266.9,33291.4,27607,42,97426,94889,81322,110183,108008,101488,11152,526901,5245,5090,4090,177,14675,4507,0,4,7819
1,1,23811.7,88338.5,17589.6,10615.9,8709,18,111773,108934,94476,30887,30162,27301,3126,117508,1823,1758,1337,39,4098,1523,0,4,7819
1,1,54890.4,82642.6,155176,41734.6,33755,27,121129,118070,101784,171892,168946,159980,18325,931567,6767,6569,5333,133,21736,5755,0,4,7819
1,1,39821.2,60624.9,97132,18727.3,15197,22,90822,88463,76110,115956,113730,106951,12145,572386,3257,3161,2459,53,10460,2764,0,4,7819
1,1,53229.4,54471.3,206535,58806.9,47480,56,84910,82682,70325,208752,205140,194927,21738,1150699,9308,9042,7441,256,29890,8008,0,4,7819
1,1,23247.2,38210.5,19064.2,1934.29,1642,5,58648,57146,48560,33283,32548,29710,3222,129946,365,354,235,0,699,296,0,4,7819
1,1,17488.4,25347.1,15914.2,5007.07,4231,20,42856,41674,35116,26929,26253,23234,2288,93758,848,821,595,17,2054,722,0,4,7819
1,1,65055.7,54988,358247,132674,105736,69,94037,91543,77740,305327,300445,287980,30508,1798301,20037,19507,16501,802,71552,17479,0,4,7819
1,1,40073,29497.6,163217,25995.2,21346,53,51469,50099,42436,170195,167016,155905,17450,825429,4481,4339,3438,134,13113,3814,0,4,7819
1,1,15399.4,14368.9,10559.2,7776.79,6478,27,26644,25811,20996,20708,20171,17667,1656,69598,1299,1244,935,36,3302,1111,0,4,7819
1,1,55810,66829,181571,52075.2,41437,39,108495,105704,90611,186991,183823,174427,19751,1020973,8333,8101,6640,181,28732,7130,0,4,7819
1,1,6683.6,24191.1,1159.42,706.082,594,11,41487,40283,33929,2930,2836,2243,138,7392,153,150,94,0,288,119,0,4,7819
1,1,15514.2,40431.2,6586.15,3513.96,2911,23,60816,59201,50630,13366,13039,11359,1138,51310,688,669,483,12,1511,578,0,4,7819
1,1,33349.9,31696.3,105129,19263.1,15844,26,55352,53922,45211,122854,120417,110126,12046,540706,3202,3102,2420,52,10042,2722,0,4,7819
1,1,25906.2,10117.2,47812.7,18956.7,15424,35,21218,20515,16346,65973,64491,58775,6317,272903,3122,3002,2382,79,8539,2645,0,4,7819
1,1,40290.9,73757.9,75275.7,14017.7,11485,9,110544,107791,93487,94908,93150,87073,10022,462607,2327,2260,1700,49,5993,1977,0,4,7819
1,1,36721.1,43433.4,129576,41144,33820,40,74141,72169,61045,144601,141768,132062,14389,684550,6839,6632,5423,227,21267,5911,0,4,7819
1,1,10934.2,23929,4317.77,1309.64,1152,15,45787,44493,37479,8999,8748,7398,612,27034,252,242,153,3,454,201,0,4,7819
1,1,64333.3,86529.5,226994,76301.7,60502,48,128101,124838,107740,223374,219688,208736,22756,1264676,12070,11741,9850,314,43927,10397,0,4,7819
1,1,26762.8,16430.9,28626.2,13579.7,11269,19,34100,33052,27070,46536,45464,41473,4465,195881,2168,2082,1574,26,5906,1834,0,4,7819
1,1,45191.8,47899,170208,42356.8,34455,51,77579,75456,64202,174268,171054,162006,18115,926095,6884,6678,5431,186,21417,5925,0,4,7819
1,1,7281.81,30896.4,1413.87,455.919,387,10,53772,52304,44524,3511,3416,2775,142,9785,98,94,51,0,157,73,0,4,7819
1,1,24494.3,9659.45,43615.1,17893.4,14829,37,22236,21513,17358,59943,58578,52766,5520,236789,2979,2860,2254,85,7774,2571,0,4,7819
1,1,10014,16243,3416.85,2593.41,2271,19,32751,31712,25770,6460,6270,5399,453,22354,366,347,225,4,663,312,0,4,7819
1,1,8352.57,29034,2287.28,1224.42,1048,10,47201,45937,38973,5314,5136,4324,306,15090,202,195,122,0,360,164,0,4,7819
1,1,23710.3,11424.5,37716.6,13666.7,11095,36,21279,20554,16718,55027,53792,48755,5205,221900,2492,2402,1776,45,5885,2098,0,4,7819
1,1,7094.11,18518.9,1388.8,109.288,87,3,31641,30817,26039,3397,3294,2654,185,9305,36,37,16,0,42,17,0,4,7819
1,1,21629.2,12059.4,28676.9,4225.8,3533,17,23395,22718,18542,42388,41420,37470,4026,172933,753,721,481,6,1600,628,0,4,7819
1,1,45047.3,70549.2,124632,61369.2,50217,54,103541,100927,86418,148595,145910,137860,15268,759361,9373,9098,7516,350,29180,8081,0,4,7819
1,1,20156.2,12198.8,24272.6,10392.1,8340,23,24374,23586,19003,37614,36719,32903,3279,138648,1910,1840,1441,40,5052,1619,0,4,7819
1,1,77760.3,84503.7,391419,225339,177188,99,123802,120659,103884,337076,332076,318853,32748,2079613,32654,31824,27397,1422,128263,28614,0,4,7819
1,1,11443.7,30983.7,4869.6,2599.39,2201,15,49076,47698,40173,8018,7809,6668,581,28438,424,413,276,5,812,341,0,4,7819
1,1,46619.8,71191.1,112626,15513.6,12389,10,107840,105044,90323,128294,125967,118810,13869,661692,2652,2560,1908,23,6872,2215,0,4,7819
1,1,46694.8,52095.8,168484,41284.8,33298,54,82676,80446,68563,178047,174828,165773,18678,951218,6892,6686,5405,186,21084,5921,0,4,7819
1,1,28485.9,26990.8,50216.4,7802.62,6364,36,48999,47704,40057,71917,70431,64827,7057,301932,1382,1331,966,11,3102,1163,0,4,7819
1,1,10509.7,33397.2,3242.62,683.817,577,4,52645,51083,43322,6921,6713,5702,496,24220,134,129,86,0,211,106,0,4,7819
1,1,39074.8,15532,169582,33409,27269,23,31174,30228,24484,176085,172723,159186,17451,825277,5663,5475,4299,98,16597,4802,0,4,7819
1,1,21439,25497.3,22540.3,5139.89,4334,21,43730,42595,36132,35074,34300,31146,3213,136921,891,865,624,16,2109,742,0,4,7819
1,1,51897.1,46015.2,229108,49896.4,40124,68,73661,71699,61022,217493,213751,203207,22641,1203055,8310,8041,6526,205,25933,7120,0,4,7819
1,1,52098,79722.1,133023,35904.8,29103,25,115651,112698,97084,158147,155374,147049,17048,841883,5778,5594,4466,98,18588,4917,0,4,7819
1,1,44128.3,97240,58969.3,6924.26,5876,7,126928,123795,107457,79749,78252,73290,8672,389178,1010,977,651,0,1851,847,0,4,7819
1,1,52202.3,50668.1,290248,88490,71110,57,80434,78257,66122,258209,253801,240725,26124,1410922,12942,12572,10476,468,43929,11232,0,4,7819
1,1,73570.2,78634.6,392240,194647,153798,82,112722,109796,94066,326407,321400,308447,31846,1978510,29809,29023,24991,1314,114561,26086,0,4,7819
1,1,27005.6,7917.22,51716.8,20433.2,16607,45,16578,16054,13068,74861,73211,66475,7049,311794,3542,3433,2747,105,11608,3090,0,4,7819
1,1,47657.1,55025.5,184903,42110.2,34467,53,80399,78209,66502,183264,179963,170747,19187,987535,6983,6772,5507,198,21410,6000,0,4,7819
1,1,44621.6,24187.1,254756,47298,37959,37,45031,43799,36358,236261,231950,216421,24229,1168150,7831,7586,6069,141,24182,6647,0,4,7819
1,1,42164.9,30247,175181,32298.9,26063,53,51944,50543,42568,191810,188255,176427,19822,959514,5292,5132,4079,146,15649,4514,0,4,7819
1,1,56769.4,60841.2,235971,72101.3,58030,57,89258,86917,73799,223398,219634,208788,23093,1245439,10433,10143,8402,298,34281,9020,0,4,7819
1,1,15401.2,14845.5,12058,5826.27,4826,20,29540,28649,23694,20522,19988,17451,1690,68136,1103,1068,772,13,2629,921,0,4,7819
1,1,14422.6,35829.1,6221.43,3772.27,3286,20,57310,55767,47529,10979,10709,9244,859,40151,519,501,346,4,1078,434,0,4,7819
1,1,9098.48,41677.7,2749.81,2802.09,2405,12,67899,66124,56631,6342,6164,5215,381,17970,491,478,332,11,941,414,0,4,7819
1,1,18529.5,33864.2,18943.7,10258,8556,17,57132,55600,46930,32254,31491,27920,2683,115733,1735,1674,1274,21,4663,1471,0,4,7819
1,1,21080.3,11376.8,19015.3,6661.3,5654,11,24120,23344,18719,31639,30850,27944,2978,125372,1059,1014,723,17,2271,878,0,4,7819
1,1,9716.53,32907.9,2163.12,284.858,237,7,49398,48073,41668,3826,3719,3092,215,16451,70,65,34,0,105,47,0,4,7819
1,1,35869.7,34347.2,112781,23317.7,19280,45,54866,53439,45128,127840,125333,116382,12959,588643,3619,3505,2741,58,9962,3095,0,4,7819
1,1,15608.3,11303.6,10956.1,3786.34,3252,12,23958,23173,18649,18923,18418,16431,1544,69630,570,541,377,10,1085,467,0,4,7819
1,1,58963.7,118922,135207,22141.7,17631,10,157716,153897,134422,147145,144681,136628,15801,803661,3975,3856,3005,64,12814,3367,0,4,7819
1,1,30065.1,8948.25,80082.6,28255.5,22860,48,17737,17168,13892,95304,93347,85547,8994,422226,4590,4452,3580,161,15674,4011,0,4,7819
1,1,66520.6,61131.5,361647,141272,112321,70,94855,92329,78502,309473,304521,291950,30822,1832865,20936,20380,17261,856,75147,18267,0,4,7819
1,1,11979.7,11721,4347.82,2941.85,2592,15,21357,20757,16838,8655,8394,7290,619,30325,377,360,242,2,648,300,0,4,7819
1,1,37659.4,96858.6,45980.3,8705.19,7237,6,129078,125868,109284,64631,63354,59172,6866,297278,1616,1559,1108,2,3404,1344,0,4,7819
1,1,47852.2,58383.1,158641,42364.9,34756,41,92129,89688,76673,169809,166785,158107,18195,901631,6930,6726,5474,162,22162,5912,0,4,7819
1,1,57814.2,70450,209008,102802,82279,73,118990,115967,99656,209120,205653,194464,21415,1145376,15379,14974,12635,658,51018,13330,0,4,7819
1,1,4558.33,39466.7,323.95,664.588,548,8,59028,57373,48871,945,918,687,20,2650,107,106,66,0,223,89,0,4,7819
1,1,49083.6,51696,193641,81186.9,66294,74,89160,86838,73721,197849,194391,183966,19856,1050903,12483,12137,10177,559,40478,10881,0,4,7819
1,1,12079.7,47583.8,5773.59,2810.1,2363,13,74164,72237,62291,11109,10788,9460,807,34288,541,520,356,2,1212,448,0,4,7819
1,1,19210,12194.5,20420.2,289.2,204,3,23389,22684,18628,29548,28869,26031,2768,121612,83,83,40,0,128,41,0,4,7819
1,1,23849.3,17973.1,39311,10243.7,8478,31,36457,35431,29526,55009,53766,48335,5275,215516,1662,1603,1178,39,4395,1411,0,4,7819
1,1,49971.7,83128.9,112431,73599.3,59802,42,123852,120775,103831,134975,132576,125038,14366,695428,11368,11027,9160,390,39271,9818,0,4,7819
1,1,11446.8,36710.8,5304.5,2632.94,2159,16,61843,60181,51264,10981,10670,9158,727,35140,530,508,352,8,1185,430,0,4,7819
1,1,42378.4,63251,106351,50177.7,40559,49,101412,98820,84313,130593,128173,121079,13608,654755,8177,7931,6503,291,25262,7025,0,4,7819
1,1,77423.3,75404.1,381227,177707,139224,83,114803,111858,95935,330715,325700,312423,32258,2025735,26942,26219,22042,766,92571,23326,0,4,7819
1,1,47455.9,57628.9,179763,79919.6,64331,70,91215,88820,75453,188851,185499,175542,19138,994690,11936,11601,9699,520,38743,10401,0,4,7819
1,1,19558.3,17490.6,19070.8,1700.46,1383,7,33932,32934,27389,34111,33249,29496,3160,121862,328,323,216,0,627,264,0,4,7819
1,1,40087.3,74327,91789.2,42868.7,34655,37,109623,106821,91664,108213,106161,100024,11068,532932,6992,6786,5535,246,21387,5991,0,4,7819
1,1,56661.4,37700.7,369590,104754,84372,59,65359,63544,53352,313366,308117,293840,32210,1786520,15803,15340,12587,479,52794,13610,0,4,7819
1,1,10084.6,25716.8,3359.96,1590.87,1371,15,48233,46896,39612,7549,7322,6172,455,22473,262,253,161,1,505,215,0,4,7819
1,1,19728.2,12659,21515.4,6309.63,5161,20,24295,23506,19040,35343,34497,30981,3173,131476,1188,1136,832,5,2727,986,0,4,7819
1,1,71405.3,133461,191853,15860,12752,9,174313,170159,149091,197709,194643,184251,20029,1136179,2765,2662,1896,5,6068,2296,0,4,7819
1,1,26788.8,15743.5,34206.3,10448.6,8493,19,29948,29038,23562,49790,48687,44435,4756,210792,1956,1883,1409,27,4965,1643,0,4,7819
1,1,61936.9,81289.2,230173,129738,102940,72,122848,119791,103310,225193,221592,209941,23309,1272419,19555,19065,16287,871,71561,17019,0,4,7819
1,1,20998.6,12191.6,25124.3,4454.41,3664,13,23710,23035,18873,38301,37446,33777,3533,159299,837,809,582,4,1965,699,0,4,7819
1,1,51094.6,71354,158841,81051.7,64795,63,112691,109824,94369,171382,168422,159226,17678,904666,12647,12288,10315,492,41813,10938,0,4,7819
1,1,48169.7,31284.6,293941,64447.3,52130,58,54460,53008,44329,261812,257163,242605,27053,1374717,9859,9612,7790,317,31232,8523,0,4,7819
1,1,24543.6,40112.2,17638.8,8406.64,7137,13,66378,64705,55449,30463,29803,27047,2840,119824,1288,1241,913,20,3239,1076,0,4,7819
1,1,49405.2,41511,278728,84072.3,68568,54,74792,72729,61305,250945,246575,232387,25591,1331936,12723,12364,10365,483,44862,11035,0,4,7819
1,1,39714,77526.4,75141.5,8900.09,7397,7,107159,104478,90527,95318,93532,87470,9985,462640,1415,1377,975,5,3264,1196,0,4,7819
1,1,35437,19061.6,125265,33752.1,27668,39,32590,31638,25858,139991,137148,125725,14035,626252,5380,5212,4203,128,16101,4597,0,4,7819
1,1,31728.8,69755,67613.9,30858.9,25386,34,101680,99080,85173,83547,81873,76775,8695,394961,4381,4238,3346,121,12751,3730,0,4,7819
