K,dist,cost_ki,cost_hi,h_cost,vnum,gen_ki,push_ki,pop_ki,prune_ki,suc_call_ki,gen_hi,push_hi,pop_hi,prune_hi,suc_call_hi,reevaluate,density
2,35216.3,17727.1,6993.03,5247,19,706,27204,25584,2771,111872,77,1900,1420,24,4070,128,0.00357143
2,63125.1,17727.1,6993.03,5247,37,706,27204,25584,2771,111872,77,1900,1420,24,4070,128,0.00357143
2,31907.2,6454.01,6365.41,5098,8,341,11973,10780,1091,43443,61,1419,1066,34,3235,67,0.00357143
2,46533.5,6454.01,6365.41,5098,22,341,11973,10780,1091,43443,61,1419,1066,34,3235,67,0.00357143
2,20481.1,9271.27,6567.81,5012,9,506,18509,17022,1735,71038,67,1868,1444,27,4838,67,0.00357143
2,52236.6,9271.27,6567.81,5012,25,506,18509,17022,1735,71038,67,1868,1444,27,4838,67,0.00357143
2,38947.8,8569.58,2954.07,2361,12,558,18254,16069,1473,62072,41,711,523,5,1147,129,0.00357143
2,42779.9,8569.58,2954.07,2361,5,558,18254,16069,1473,62072,41,711,523,5,1147,129,0.00357143
2,13123.8,9521.33,10569.6,7762,4,503,20021,18514,1964,79938,121,3004,2292,84,7388,21,0.00357143
2,59715,9521.33,10569.6,7762,36,503,20021,18514,1964,79938,121,3004,2292,84,7388,21,0.00357143
2,36569,17398,12296.4,9138,18,738,28402,26854,2931,120756,117,3028,2292,40,7917,117,0.00357143
2,69333.7,17398,12296.4,9138,21,738,28402,26854,2931,120756,117,3028,2292,40,7917,117,0.00357143
2,30333.9,11949.1,4892.52,3869,14,532,19804,18177,1795,75274,39,1180,897,5,2355,124,0.00357143
2,50060.3,11949.1,4892.52,3869,10,532,19804,18177,1795,75274,39,1180,897,5,2355,124,0.00357143
2,53812.1,14496.7,9670.89,7556,23,609,22873,21363,2231,93102,95,2442,1864,34,5282,287,0.00357143
2,57654.3,14496.7,9670.89,7556,26,609,22873,21363,2231,93102,95,2442,1864,34,5282,287,0.00357143
2,63459.4,10329.9,12248.3,9912,32,538,21370,19884,2092,86264,99,2649,1986,25,6361,104,0.00357143
2,63823.4,10329.9,12248.3,9912,30,538,21370,19884,2092,86264,99,2649,1986,25,6361,104,0.00357143
2,7851.46,7989.89,5303.81,4080,4,435,17266,15770,1644,66291,71,1496,1125,44,3328,14,0.00357143
2,54410,7989.89,5303.81,4080,30,435,17266,15770,1644,66291,71,1496,1125,44,3328,14,0.00357143
2,35761.5,11782.5,5462.66,4375,19,551,21284,19591,1930,82149,46,1343,1034,11,2682,184,0.00357143
2,53538.5,11782.5,5462.66,4375,8,551,21284,19591,1930,82149,46,1343,1034,11,2682,184,0.00357143
2,2707.96,5768.4,4197.95,3330,2,378,13437,12202,1257,51109,52,1151,871,21,2809,5,0.00357143
2,51102.8,5768.4,4197.95,3330,30,378,13437,12202,1257,51109,52,1151,871,21,2809,5,0.00357143
2,18306.3,10801.7,8291.31,6397,7,542,20108,18594,1931,79569,82,2108,1565,36,5056,55,0.00357143
2,53893.8,10801.7,8291.31,6397,23,542,20108,18594,1931,79569,82,2108,1565,36,5056,55,0.00357143
2,58147.8,14593.9,12201.8,9552,28,612,24014,22470,2509,98952,104,3108,2417,52,7401,254,0.00357143
2,69185.5,14593.9,12201.8,9552,31,612,24014,22470,2509,98952,104,3108,2417,52,7401,254,0.00357143
2,38397.4,14553.3,11695.6,9044,23,739,28072,26490,2954,118026,112,2847,2136,33,7226,136,0.00357143
2,67299.1,14553.3,11695.6,9044,19,739,28072,26490,2954,118026,112,2847,2136,33,7226,136,0.00357143
2,21400.3,10391.1,10169.3,7495,7,514,20130,18634,1928,80902,83,2592,2058,35,7193,69,0.00357143
2,63427.1,10391.1,10169.3,7495,31,514,20130,18634,1928,80902,83,2592,2058,35,7193,69,0.00357143
2,48176,15523.6,14657.3,11099,28,688,26809,25191,2790,111868,104,3489,2774,86,9673,146,0.00357143
2,71020.7,15523.6,14657.3,11099,33,688,26809,25191,2790,111868,104,3489,2774,86,9673,146,0.00357143
2,68704,13402.4,16777.1,13537,34,529,22111,20654,2271,90937,118,3528,2751,62,8599,277,0.00357143
2,69577.3,13402.4,16777.1,13537,36,529,22111,20654,2271,90937,118,3528,2751,62,8599,277,0.00357143
2,32632,6306.06,5902.26,4563,18,344,11244,10212,1028,41133,59,1412,1047,12,2840,174,0.00357143
2,42855.2,6306.06,5902.26,4563,13,344,11244,10212,1028,41133,59,1412,1047,12,2840,174,0.00357143
2,21468.9,3252.94,4699.3,3879,12,258,7660,6683,546,24346,42,1067,807,17,2218,101,0.00357143
2,31131.4,3252.94,4699.3,3879,25,258,7660,6683,546,24346,42,1067,807,17,2218,101,0.00357143
2,24642.3,8458.95,3338.33,2541,10,456,15218,13549,1309,52264,46,929,668,15,1913,56,0.00357143
2,40943.4,8458.95,3338.33,2541,17,456,15218,13549,1309,52264,46,929,668,15,1913,56,0.00357143
2,11705.9,8310.06,8988.28,7021,6,462,16921,15619,1581,67050,75,1923,1499,48,5189,29,0.00357143
2,55302.3,8310.06,8988.28,7021,32,462,16921,15619,1581,67050,75,1923,1499,48,5189,29,0.00357143
2,43737.1,13415.1,4257.2,3397,24,637,25082,23308,2467,102215,40,1030,788,12,1889,167,0.00357143
2,64073.6,13415.1,4257.2,3397,4,637,25082,23308,2467,102215,40,1030,788,12,1889,167,0.00357143
2,53231.3,16083.6,20749.7,16075,29,678,27981,26260,2946,117711,137,4990,4033,126,13713,289,0.00357143
2,80443.1,16083.6,20749.7,16075,32,678,27981,26260,2946,117711,137,4990,4033,126,13713,289,0.00357143
2,40582.7,15698.4,17118.3,12568,7,622,26047,24105,2720,112969,136,4393,3592,93,13722,87,0.00357143
2,84649.6,15698.4,17118.3,12568,33,622,26047,24105,2720,112969,136,4393,3592,93,13722,87,0.00357143
2,19057.4,3475.17,5004.17,4158,12,277,8214,7241,607,26418,39,979,730,14,2022,83,0.00357143
2,32775,3475.17,5004.17,4158,20,277,8214,7241,607,26418,39,979,730,14,2022,83,0.00357143
2,32923.3,16556.8,16474.3,11978,18,742,29593,28186,3183,129845,160,4397,3420,100,11883,126,0.00357143
2,79431.8,16556.8,16474.3,11978,45,742,29593,28186,3183,129845,160,4397,3420,100,11883,126,0.00357143
2,24007.1,3333.94,3288.07,2604,15,212,6126,5315,407,19219,34,807,594,8,1472,95,0.00357143
2,27430.1,3333.94,3288.07,2604,15,212,6126,5315,407,19219,34,807,594,8,1472,95,0.00357143
2,58381.3,14094.9,11611.5,9058,27,595,22452,20887,2227,91051,107,2790,2141,48,6266,237,0.00357143
2,60675.1,14094.9,11611.5,9058,29,595,22452,20887,2227,91051,107,2790,2141,48,6266,237,0.00357143
2,22442.4,4417.43,2979.28,2336,11,320,9842,8626,770,32657,40,823,590,5,1539,63,0.00357143
2,33221.2,4417.43,2979.28,2336,17,320,9842,8626,770,32657,40,823,590,5,1539,63,0.00357143
2,25360.9,8969.29,5925.93,4534,12,519,19338,17807,1790,73773,70,1661,1271,14,3973,93,0.00357143
2,53440.1,8969.29,5925.93,4534,16,519,19338,17807,1790,73773,70,1661,1271,14,3973,93,0.00357143
2,6702.73,12698.8,8870.99,6370,5,535,21956,20467,2193,90768,96,2482,1953,73,6905,11,0.00357143
2,69859.3,12698.8,8870.99,6370,30,535,21956,20467,2193,90768,96,2482,1953,73,6905,11,0.00357143
2,11421.3,12840.8,8118.89,5551,4,572,22495,21062,2150,92997,92,2051,1557,41,5567,10,0.00357143
2,62361,12840.8,8118.89,5551,26,572,22495,21062,2150,92997,92,2051,1557,41,5567,10,0.00357143
2,32953,6843.07,5038.99,4015,12,368,11519,10384,985,41035,54,1214,896,20,2314,141,0.00357143
2,39917.5,6843.07,5038.99,4015,12,368,11519,10384,985,41035,54,1214,896,20,2314,141,0.00357143
2,19694,8996.32,4139.2,2923,14,513,17875,16192,1611,65336,52,1020,730,14,2147,43,0.00357143
2,47492.2,8996.32,4139.2,2923,21,513,17875,16192,1611,65336,52,1020,730,14,2147,43,0.00357143
2,44543.6,15902,21323.8,15241,23,721,29755,28351,3198,130497,161,5309,4303,117,15313,243,0.00357143
2,83697.3,15902,21323.8,15241,38,721,29755,28351,3198,130497,161,5309,4303,117,15313,243,0.00357143
2,9241.27,9550.28,5409.76,3877,6,434,16773,15282,1525,62939,66,1516,1123,34,3533,21,0.00357143
2,52211.6,9550.28,5409.76,3877,33,434,16773,15282,1525,62939,66,1516,1123,34,3533,21,0.00357143
2,64201.4,15916.9,15598.2,12098,34,578,23333,21771,2371,96747,117,3626,2851,56,8271,471,0.00357143
2,70760.3,15916.9,15598.2,12098,34,578,23333,21771,2371,96747,117,3626,2851,56,8271,471,0.00357143
2,39137,16345.6,10814.2,8061,23,732,27806,26201,2880,116575,107,2731,2045,27,6837,142,0.00357143
2,67335.3,16345.6,10814.2,8061,19,732,27806,26201,2880,116575,107,2731,2045,27,6837,142,0.00357143
2,21904.9,6477.27,2494.16,1821,4,368,11854,10496,962,40526,36,674,471,10,1364,29,0.00357143
2,36076,6477.27,2494.16,1821,17,368,11854,10496,962,40526,36,674,471,10,1364,29,0.00357143
2,46379,14533.2,6403.82,4967,26,668,25811,24167,2578,106960,61,1619,1209,12,3120,193,0.00357143
2,66656,14533.2,6403.82,4967,5,668,25811,24167,2578,106960,61,1619,1209,12,3120,193,0.00357143
2,44891.8,15847.9,9948.62,7778,19,650,26189,24443,2700,109098,93,2319,1784,29,5162,254,0.00357143
2,74106,15847.9,9948.62,7778,13,650,26189,24443,2700,109098,93,2319,1784,29,5162,254,0.00357143
2,7053.07,5331.09,3714.37,2793,6,322,11188,10015,1033,40378,47,1043,772,32,2239,17,0.00357143
2,47313,5331.09,3714.37,2793,29,322,11188,10015,1033,40378,47,1043,772,32,2239,17,0.00357143
2,37971.5,3798.44,5474.72,4628,14,266,8962,8028,799,31768,41,988,721,12,1643,171,0.00357143
2,41359.4,3798.44,5474.72,4628,8,266,8962,8028,799,31768,41,988,721,12,1643,171,0.00357143
2,20660.8,3344.12,2533.4,1940,8,180,6646,5929,535,22530,28,699,497,1,1417,28,0.00357143
2,43669.7,3344.12,2533.4,1940,11,180,6646,5929,535,22530,28,699,497,1,1417,28,0.00357143
2,23329.4,13359.8,5575.95,4201,6,627,24058,22629,2306,99570,67,1460,1085,27,3381,36,0.00357143
2,58663.7,13359.8,5575.95,4201,26,627,24058,22629,2306,99570,67,1460,1085,27,3381,36,0.00357143
2,48492.5,15260,19408.7,13746,4,663,27738,25753,2918,124481,152,4782,3963,93,15617,66,0.00357143
2,94135.1,15260,19408.7,13746,36,663,27738,25753,2918,124481,152,4782,3963,93,15617,66,0.00357143
2,30941,19606.1,13638.7,10027,8,705,30188,28586,3204,134406,124,3528,2763,95,9628,53,0.00357143
2,89861.3,19606.1,13638.7,10027,37,705,30188,28586,3204,134406,124,3528,2763,95,9628,53,0.00357143
2,23827.2,2085,1899.4,1503,8,147,4945,4400,374,16615,20,545,382,0,1003,52,0.00357143
2,34324.8,2085,1899.4,1503,9,147,4945,4400,374,16615,20,545,382,0,1003,52,0.00357143
2,29135.9,1973.73,1154.84,942,3,126,4104,3595,347,13144,17,263,183,0,545,33,0.00357143
2,36330.9,1973.73,1154.84,942,5,126,4104,3595,347,13144,17,263,183,0,545,33,0.00357143
2,22123.4,7946.24,3380.93,2544,8,458,15626,13951,1379,54479,36,983,728,3,2123,55,0.00357143
2,41971.3,7946.24,3380.93,2544,12,458,15626,13951,1379,54479,36,983,728,3,2123,55,0.00357143
2,45414.2,13216.3,15556.7,11953,14,659,26922,25010,2803,115256,132,3758,3011,61,10755,207,0.00357143
2,82547.8,13216.3,15556.7,11953,26,659,26922,25010,2803,115256,132,3758,3011,61,10755,207,0.00357143
2,28475,15123,6259.44,4864,8,662,25514,23980,2549,105845,55,1380,1033,16,3289,43,0.00357143
2,59827.7,15123,6259.44,4864,38,662,25514,23980,2549,105845,55,1380,1033,16,3289,43,0.00357143
2,32240,10828.4,4729.31,3692,14,536,20511,18853,1807,78943,43,1246,943,6,2354,156,0.00357143
2,52927.6,10828.4,4729.31,3692,10,536,20511,18853,1807,78943,43,1246,943,6,2354,156,0.00357143
2,50243.2,13019.5,10959.5,8239,26,681,25658,24042,2628,106022,93,3053,2401,55,8400,141,0.00357143
2,68132.1,13019.5,10959.5,8239,28,681,25658,24042,2628,106022,93,3053,2401,55,8400,141,0.00357143
2,19717.8,8584.03,7216.4,5526,9,520,18816,17331,1707,72640,69,1895,1475,24,5011,40,0.00357143
2,54569.7,8584.03,7216.4,5526,26,520,18816,17331,1707,72640,69,1895,1475,24,5011,40,0.00357143
2,12337.1,15852.1,12576.1,9394,5,620,27329,25706,2882,120160,131,3500,2752,105,10288,12,0.00357143
2,80751.5,15852.1,12576.1,9394,30,620,27329,25706,2882,120160,131,3500,2752,105,10288,12,0.00357143
2,25797.5,12420.3,12194.8,9058,9,549,21379,19779,2035,86801,93,3022,2404,56,8330,74,0.00357143
2,69062.5,12420.3,12194.8,9058,31,549,21379,19779,2035,86801,93,3022,2404,56,8330,74,0.00357143
2,21336.7,10389.1,6531.78,4986,9,520,19253,17725,1824,74240,68,1932,1501,28,5035,55,0.00357143
2,54031.2,10389.1,6531.78,4986,20,520,19253,17725,1824,74240,68,1932,1501,28,5035,55,0.00357143
2,19288.1,9227.37,9233.37,6943,6,500,19730,18295,1894,79468,92,2649,2099,61,7226,49,0.00357143
2,64632.3,9227.37,9233.37,6943,32,500,19730,18295,1894,79468,92,2649,2099,61,7226,49,0.00357143
2,61649.7,13001.3,10618.9,8150,32,555,21995,20513,2167,89424,92,2703,2053,31,6281,209,0.00357143
2,64369.2,13001.3,10618.9,8150,30,555,21995,20513,2167,89424,92,2703,2053,31,6281,209,0.00357143
2,48950,15109.6,9899.43,7763,19,668,27010,25262,2847,112897,96,2458,1898,45,5398,292,0.00357143
2,76394.3,15109.6,9899.43,7763,13,668,27010,25262,2847,112897,96,2458,1898,45,5398,292,0.00357143
2,25809.4,7093.69,5192.76,3976,14,416,14366,13107,1356,53489,70,1430,1069,32,3393,78,0.00357143
2,48191.3,7093.69,5192.76,3976,23,416,14366,13107,1356,53489,70,1430,1069,32,3393,78,0.00357143
2,39953.7,7476.26,2947.74,2301,11,495,17193,15078,1430,57719,38,719,511,6,1357,58,0.00357143
2,41399.9,7476.26,2947.74,2301,16,495,17193,15078,1430,57719,38,719,511,6,1357,58,0.00357143
2,5802.97,4770.71,2789.91,2166,8,295,10872,9835,957,38848,41,829,598,4,1697,19,0.00357143
2,43901.9,4770.71,2789.91,2166,25,295,10872,9835,957,38848,41,829,598,4,1697,19,0.00357143
2,19202.9,3072.9,3298.68,2590,10,262,7546,6636,525,24530,33,891,669,11,1823,76,0.00357143
2,31924.7,3072.9,3298.68,2590,21,262,7546,6636,525,24530,33,891,669,11,1823,76,0.00357143
2,34167.6,11962.6,13962.9,10456,8,588,24326,22558,2393,101939,120,3871,3121,69,11675,103,0.00357143
2,76208.8,11962.6,13962.9,10456,31,588,24326,22558,2393,101939,120,3871,3121,69,11675,103,0.00357143
2,22685.6,2055.78,2150.66,1725,6,162,5553,4915,405,18998,25,575,411,5,1125,37,0.00357143
2,36853.3,2055.78,2150.66,1725,22,162,5553,4915,405,18998,25,575,411,5,1125,37,0.00357143
2,51127.8,14442.9,16319.8,12627,14,683,28131,26244,2973,122765,132,3781,3056,64,10859,234,0.00357143
2,87346.6,14442.9,16319.8,12627,25,683,28131,26244,2973,122765,132,3781,3056,64,10859,234,0.00357143
2,51502,16853.4,27301.8,19330,9,717,32234,30682,3509,147303,201,6512,5367,184,20572,131,0.00357143
2,101301,16853.4,27301.8,19330,36,717,32234,30682,3509,147303,201,6512,5367,184,20572,131,0.00357143
2,9040.79,7622.95,5534.88,3938,7,439,15240,13943,1421,57750,55,1451,1101,26,3641,16,0.00357143
2,48018.6,7622.95,5534.88,3938,28,439,15240,13943,1421,57750,55,1451,1101,26,3641,16,0.00357143
2,51765,14617.6,10329.4,7899,18,599,23105,21498,2207,91854,89,2468,1906,60,6143,184,0.00357143
2,54588.7,14617.6,10329.4,7899,25,599,23105,21498,2207,91854,89,2468,1906,60,6143,184,0.00357143
2,27528,4318.48,2322.44,1820,5,313,9159,7793,666,28506,29,669,472,6,1285,60,0.00357143
2,31899,4318.48,2322.44,1820,15,313,9159,7793,666,28506,29,669,472,6,1285,60,0.00357143
2,63768,14141.7,16623.8,13375,29,584,23359,21822,2378,96981,121,3578,2804,64,8137,464,0.00357143
2,71555.3,14141.7,16623.8,13375,34,584,23359,21822,2378,96981,121,3578,2804,64,8137,464,0.00357143
2,7246.35,11288.2,8106.9,6085,4,549,22202,20688,2118,92005,93,2315,1781,54,6356,13,0.00357143
2,65947.6,11288.2,8106.9,6085,33,549,22202,20688,2118,92005,93,2315,1781,54,6356,13,0.00357143
2,57951.9,12856,17438.6,14062,25,644,25537,23918,2715,107244,136,3572,2753,67,8339,398,0.00357143
2,74359.1,12856,17438.6,14062,38,644,25537,23918,2715,107244,136,3572,2753,67,8339,398,0.00357143
2,10182.2,6630.71,3226.11,2486,4,355,11971,10822,1071,43753,48,891,643,18,1784,31,0.00357143
2,42339.6,6630.71,3226.11,2486,26,355,11971,10822,1071,43753,48,891,643,18,1784,31,0.00357143
2,35532.9,4082.92,3374.03,2627,4,294,10070,9051,887,35762,49,1002,712,15,2194,43,0.00357143
2,45411.9,4082.92,3374.03,2627,20,294,10070,9051,887,35762,49,1002,712,15,2194,43,0.00357143
2,36708.9,12168.3,13173.1,10105,12,597,24366,22496,2343,99466,107,2986,2348,43,8150,165,0.00357143
2,73441.3,12168.3,13173.1,10105,25,597,24366,22496,2343,99466,107,2986,2348,43,8150,165,0.00357143
2,31086.1,13117.2,16646,12856,4,573,23378,21641,2376,97624,117,3651,2965,88,11115,46,0.00357143
2,78148.2,13117.2,16646,12856,34,573,23378,21641,2376,97624,117,3651,2965,88,11115,46,0.00357143
2,36044.1,4994.85,4523.22,3691,15,282,9662,8730,928,34855,48,1120,820,13,1902,180,0.00357143
2,42202.9,4994.85,4523.22,3691,9,282,9662,8730,928,34855,48,1120,820,13,1902,180,0.00357143
2,32617.6,11839,13635.3,10068,8,587,23563,21858,2328,97575,118,3657,2949,68,10621,112,0.00357143
2,74838.2,11839,13635.3,10068,32,587,23563,21858,2328,97575,118,3657,2949,68,10621,112,0.00357143
2,3659.3,6486.95,3615.51,2605,4,338,12386,11226,1130,45492,45,969,711,19,2150,8,0.00357143
2,47130.3,6486.95,3615.51,2605,28,338,12386,11226,1130,45492,45,969,711,19,2150,8,0.00357143
2,49110.8,16273.7,10677.7,8297,25,672,26442,24777,2697,111415,100,2651,1997,25,5767,272,0.00357143
2,73710.9,16273.7,10677.7,8297,6,672,26442,24777,2697,111415,100,2651,1997,25,5767,272,0.00357143
2,20219.1,7537.06,4701.68,3469,5,430,16045,14601,1549,61413,62,1422,1055,22,3763,20,0.00357143
2,61218.8,7537.06,4701.68,3469,15,430,16045,14601,1549,61413,62,1422,1055,22,3763,20,0.00357143
2,19341.7,8486.96,7180.67,5713,7,451,16762,15313,1579,64287,69,1612,1220,39,4046,61,0.00357143
2,56259.2,8486.96,7180.67,5713,25,451,16762,15313,1579,64287,69,1612,1220,39,4046,61,0.00357143
2,17524.7,9493.99,7548.41,5583,8,488,19393,17911,1865,77511,88,2153,1588,37,4908,43,0.00357143
2,62276.3,9493.99,7548.41,5583,21,488,19393,17911,1865,77511,88,2153,1588,37,4908,43,0.00357143
2,38541,8334.86,3186.05,2588,17,540,18245,16141,1563,62109,35,785,583,2,1320,151,0.00357143
2,42888.5,8334.86,3186.05,2588,4,540,18245,16141,1563,62109,35,785,583,2,1320,151,0.00357143
2,33877.4,8279.02,3284.26,2486,3,529,18816,16848,1682,66736,39,858,616,6,1859,37,0.00357143
2,44392.7,8279.02,3284.26,2486,30,529,18816,16848,1682,66736,39,858,616,6,1859,37,0.00357143
2,30928.4,7634.76,3061.97,2379,10,445,14179,12374,1182,46558,38,827,595,5,1709,78,0.00357143
2,38391.2,7634.76,3061.97,2379,10,445,14179,12374,1182,46558,38,827,595,5,1709,78,0.00357143
2,16535.8,9417.06,6119.16,4522,11,512,19114,17578,1871,74441,77,1720,1282,37,4375,46,0.00357143
2,56778.6,9417.06,6119.16,4522,33,512,19114,17578,1871,74441,77,1720,1282,37,4375,46,0.00357143
2,7678.47,10191.7,8665.98,6531,3,540,21758,20281,2154,89815,98,2500,1969,80,6829,8,0.00357143
2,68559.6,10191.7,8665.98,6531,33,540,21758,20281,2154,89815,98,2500,1969,80,6829,8,0.00357143
2,49089.7,11651.6,7961.16,6346,19,612,23849,21966,2237,93355,73,1990,1521,24,4393,265,0.00357143
2,52296.6,11651.6,7961.16,6346,15,612,23849,21966,2237,93355,73,1990,1521,24,4393,265,0.00357143
2,21835.5,5814.58,2695.57,2153,4,351,11199,9843,921,37834,36,643,450,10,1288,34,0.00357143
2,34954.3,5814.58,2695.57,2153,17,351,11199,9843,921,37834,36,643,450,10,1288,34,0.00357143
2,37849,14240,12769.6,9995,12,616,24702,22838,2375,100357,109,3084,2436,53,8265,178,0.00357143
2,72404.8,14240,12769.6,9995,20,616,24702,22838,2375,100357,109,3084,2436,53,8265,178,0.00357143
2,40377.6,10729.3,6165.91,4921,15,599,22761,20927,2037,88219,58,1482,1123,16,2902,229,0.00357143
2,52240.9,10729.3,6165.91,4921,6,599,22761,20927,2037,88219,58,1482,1123,16,2902,229,0.00357143
2,35913.8,14584.7,16198.1,12158,21,738,29234,27848,3055,127675,165,4464,3442,77,11889,130,0.00357143
2,78146.7,14584.7,16198.1,12158,25,738,29234,27848,3055,127675,165,4464,3442,77,11889,130,0.00357143
2,43295.3,15659.8,12879.5,9766,14,637,26327,24384,2693,111353,129,3506,2792,56,9895,202,0.00357143
2,80440.4,15659.8,12879.5,9766,25,637,26327,24384,2693,111353,129,3506,2792,56,9895,202,0.00357143
2,25145,15388.3,13591.3,10215,12,678,28477,26874,3036,124150,102,2981,2314,71,7790,68,0.00357143
2,81954.4,15388.3,13591.3,10215,33,678,28477,26874,3036,124150,102,2981,2314,71,7790,68,0.00357143
2,56802.1,15297.7,19630.8,15051,23,669,27077,25400,2927,114359,134,4539,3590,84,11540,351,0.00357143
2,79502.4,15297.7,19630.8,15051,33,669,27077,25400,2927,114359,134,4539,3590,84,11540,351,0.00357143
2,45363.4,14838.9,8765.03,6727,22,646,25663,23925,2532,106295,66,1819,1393,17,3863,266,0.00357143
2,68858.1,14838.9,8765.03,6727,8,646,25663,23925,2532,106295,66,1819,1393,17,3863,266,0.00357143
2,36853,10926.9,3118.27,2504,12,556,18486,16276,1618,62372,41,786,578,3,1326,124,0.00357143
2,42902.7,10926.9,3118.27,2504,9,556,18486,16276,1618,62372,41,786,578,3,1326,124,0.00357143
2,2758.19,13361.3,8159.07,6168,2,555,23344,21848,2307,98432,101,2385,1824,48,6555,4,0.00357143
2,69539.2,13361.3,8159.07,6168,34,555,23344,21848,2307,98432,101,2385,1824,48,6555,4,0.00357143
2,61393.2,11612.7,10209.4,7808,32,559,22099,20620,2165,90157,94,2715,2072,31,6318,212,0.00357143
2,64945.6,11612.7,10209.4,7808,30,559,22099,20620,2165,90157,94,2715,2072,31,6318,212,0.00357143
2,36181.9,12971.8,5226.37,4042,12,693,26431,24741,2617,107238,62,1473,1094,20,3200,78,0.00357143
2,60066.8,12971.8,5226.37,4042,35,693,26431,24741,2617,107238,62,1473,1094,20,3200,78,0.00357143
2,5313.37,5290.38,3917.44,3043,4,349,13262,12003,1218,48667,56,1160,846,12,2643,12,0.00357143
2,52157.8,5290.38,3917.44,3043,28,349,13262,12003,1218,48667,56,1160,846,12,2643,12,0.00357143
2,20627.4,3134.03,4904.83,3969,12,287,8610,7570,621,27736,43,1110,844,19,2410,88,0.00357143
2,33202.4,3134.03,4904.83,3969,24,287,8610,7570,621,27736,43,1110,844,19,2410,88,0.00357143
2,21413.8,7383.54,5367.06,4077,7,411,15544,14123,1471,59042,58,1524,1134,24,3789,64,0.00357143
2,57296.5,7383.54,5367.06,4077,20,411,15544,14123,1471,59042,58,1524,1134,24,3789,64,0.00357143
2,29634.6,6171,4183.01,3251,8,438,14369,13053,1277,52751,63,1192,865,22,2784,64,0.00357143
2,42905.4,6171,4183.01,3251,20,438,14369,13053,1277,52751,63,1192,865,22,2784,64,0.00357143
2,38711.6,10464.2,7088.5,5959,9,583,21431,19344,1871,78499,43,1152,867,11,2337,97,0.00357143
2,46489.8,10464.2,7088.5,5959,28,583,21431,19344,1871,78499,43,1152,867,11,2337,97,0.00357143
2,10457.5,8209.4,5547.65,4224,5,451,16249,14942,1528,62754,56,1630,1260,41,4233,15,0.00357143
2,50376.9,8209.4,5547.65,4224,28,451,16249,14942,1528,62754,56,1630,1260,41,4233,15,0.00357143
2,3925.58,5006.5,3325.29,2653,4,323,12360,11186,1142,44825,51,1049,762,12,2338,6,0.00357143
2,49911.2,5006.5,3325.29,2653,30,323,12360,11186,1142,44825,51,1049,762,12,2338,6,0.00357143
2,8551.86,4288.39,3145.86,2435,5,323,11297,10197,991,40625,41,789,570,9,1556,31,0.00357143
2,42193,4288.39,3145.86,2435,25,323,11297,10197,991,40625,41,789,570,9,1556,31,0.00357143
2,12173.7,8892.52,5751.17,4417,4,468,18811,17308,1807,74494,82,1758,1338,48,4070,31,0.00357143
2,59088.6,8892.52,5751.17,4417,32,468,18811,17308,1807,74494,82,1758,1338,48,4070,31,0.00357143
2,19713.3,4310.65,3094.83,2423,5,327,10741,9518,846,36871,40,896,649,7,1675,62,0.00357143
2,35458.5,4310.65,3094.83,2423,19,327,10741,9518,846,36871,40,896,649,7,1675,62,0.00357143
2,7339.76,10115.3,8165.95,6362,3,543,21725,20251,2134,89633,99,2478,1949,79,6746,8,0.00357143
2,68445.8,10115.3,8165.95,6362,32,543,21725,20251,2134,89633,99,2478,1949,79,6746,8,0.00357143
2,50580.5,12284,11540.4,8804,27,682,25898,24262,2677,107395,94,3202,2533,61,8483,171,0.00357143
2,68892,12284,11540.4,8804,28,682,25898,24262,2677,107395,94,3202,2533,61,8483,171,0.00357143
2,24758,7690.98,3833.93,2979,8,491,17193,15583,1534,62477,44,1068,801,7,2191,73,0.00357143
2,44671.2,7690.98,3833.93,2979,12,491,17193,15583,1534,62477,44,1068,801,7,2191,73,0.00357143
2,24804.9,9608.48,12280.2,9473,9,552,21237,19659,2044,84915,95,2992,2397,48,8359,84,0.00357143
2,65774.8,9608.48,12280.2,9473,30,552,21237,19659,2044,84915,95,2992,2397,48,8359,84,0.00357143
2,29624.8,2902.57,4763.69,4109,10,281,8002,6785,589,24085,26,619,439,4,1254,22,0.00357143
2,29761.2,2902.57,4763.69,4109,6,281,8002,6785,589,24085,26,619,439,4,1254,22,0.00357143
2,57286.1,15354.3,13252.3,10247,24,691,27112,25432,2909,115260,138,3480,2675,53,8038,351,0.00357143
2,81795,15354.3,13252.3,10247,35,691,27112,25432,2909,115260,138,3480,2675,53,8038,351,0.00357143
2,36706.3,9174.07,3501.86,2769,16,533,19564,17682,1698,70674,37,910,686,3,1787,143,0.00357143
2,45198.6,9174.07,3501.86,2769,6,533,19564,17682,1698,70674,37,910,686,3,1787,143,0.00357143
2,59839.9,13731.8,14380.5,11475,26,583,22825,21289,2226,93556,117,3323,2588,44,7247,393,0.00357143
2,66586.8,13731.8,14380.5,11475,33,583,22825,21289,2226,93556,117,3323,2588,44,7247,393,0.00357143
2,21256.8,2183.65,2651.94,2149,4,165,5854,5216,465,19555,27,630,447,4,1255,24,0.00357143
2,39402.4,2183.65,2651.94,2149,11,165,5854,5216,465,19555,27,630,447,4,1255,24,0.00357143
2,7855.16,11339.4,6362.82,4788,5,431,16333,14965,1563,66056,75,1680,1292,44,4364,17,0.00357143
2,57134.4,11339.4,6362.82,4788,32,431,16333,14965,1563,66056,75,1680,1292,44,4364,17,0.00357143
2,40433.6,13364.9,8322.94,6433,13,700,26541,24800,2648,107710,86,2305,1737,30,5565,126,0.00357143
2,59038.5,13364.9,8322.94,6433,18,700,26541,24800,2648,107710,86,2305,1737,30,5565,126,0.00357143
2,20861.5,2225.96,2245.73,1774,8,183,5581,4951,396,19484,30,637,443,3,1167,60,0.00357143
2,32098,2225.96,2245.73,1774,18,183,5581,4951,396,19484,30,637,443,3,1167,60,0.00357143
2,62813.1,13119.6,16181.6,12641,29,613,24381,22802,2579,101832,120,3424,2656,57,7780,439,0.00357143
2,74120.3,13119.6,16181.6,12641,34,613,24381,22802,2579,101832,120,3424,2656,57,7780,439,0.00357143
2,30911.2,11057.2,11614.3,8714,7,570,22808,21123,2279,93964,106,3303,2643,65,9475,65,0.00357143
2,75022.8,11057.2,11614.3,8714,33,570,22808,21123,2279,93964,106,3303,2643,65,9475,65,0.00357143
2,31643.6,4952.26,3825.41,2985,9,321,11119,10081,1024,41194,43,1014,718,11,1818,134,0.00357143
2,48948.6,4952.26,3825.41,2985,11,321,11119,10081,1024,41194,43,1014,718,11,1818,134,0.00357143
2,31527.3,7240.01,3444.36,2743,17,481,16207,14443,1380,56948,42,861,617,6,1559,113,0.00357143
2,42972.9,7240.01,3444.36,2743,13,481,16207,14443,1380,56948,42,861,617,6,1559,113,0.00357143
2,42385.1,13910.8,4082.4,3292,23,631,24644,22847,2397,99289,41,1023,780,11,1872,167,0.00357143
2,62731.2,13910.8,4082.4,3292,4,631,24644,22847,2397,99289,41,1023,780,11,1872,167,0.00357143
2,18411.8,3964.11,3167.19,2523,4,188,6818,6088,561,23410,33,728,521,9,1507,20,0.00357143
2,40815.7,3964.11,3167.19,2523,13,188,6818,6088,561,23410,33,728,521,9,1507,20,0.00357143
2,55665.8,14309.3,15003.3,11619,27,663,25471,23846,2724,105439,114,3548,2768,79,8965,234,0.00357143
2,71715.2,14309.3,15003.3,11619,32,663,25471,23846,2724,105439,114,3548,2768,79,8965,234,0.00357143
2,44550.5,17762.5,8937.05,7051,17,653,24588,22663,2294,96081,87,2003,1547,27,4262,261,0.00357143
2,53231.5,17762.5,8937.05,7051,20,653,24588,22663,2294,96081,87,2003,1547,27,4262,261,0.00357143
2,28370.1,7630.24,7885.87,5888,8,423,15583,14096,1443,59319,84,2233,1732,57,5663,69,0.00357143
2,56521.5,7630.24,7885.87,5888,29,423,15583,14096,1443,59319,84,2233,1732,57,5663,69,0.00357143
2,33886.4,5629.47,3653.45,2884,8,419,13412,12000,1140,47096,52,980,698,16,2059,75,0.00357143
2,39481.1,5629.47,3653.45,2884,19,419,13412,12000,1140,47096,52,980,698,16,2059,75,0.00357143
2,18105.5,2777.51,2655.51,2085,4,196,7028,6288,581,24005,38,806,589,19,1697,20,0.00357143
2,41823.2,2777.51,2655.51,2085,17,196,7028,6288,581,24005,38,806,589,19,1697,20,0.00357143
2,50896.3,17209,25351.3,18457,4,721,32943,31382,3615,152902,202,7067,5795,207,22426,63,0.00357143
2,104947,17209,25351.3,18457,48,721,32943,31382,3615,152902,202,7067,5795,207,22426,63,0.00357143
2,44685.7,17471.9,36404.8,24706,4,718,33076,31551,3650,154384,268,8900,7304,216,28875,46,0.00357143
2,103896,17471.9,36404.8,24706,43,718,33076,31551,3650,154384,268,8900,7304,216,28875,46,0.00357143
2,17891.2,11912.5,6499.98,4955,9,507,18573,17128,1714,72376,67,1903,1473,24,4884,48,0.00357143
2,55168.8,11912.5,6499.98,4955,30,507,18573,17128,1714,72376,67,1903,1473,24,4884,48,0.00357143
2,3668.28,6809.87,4747.86,3630,4,414,15005,13707,1413,58920,66,1411,1069,37,3479,9,0.00357143
2,52941.5,6809.87,4747.86,3630,31,414,15005,13707,1413,58920,66,1411,1069,37,3479,9,0.00357143
2,29871.6,13585.3,7287.87,5624,15,684,27127,25584,2766,113859,70,1889,1444,22,4624,86,0.00357143
2,66590.6,13585.3,7287.87,5624,41,684,27127,25584,2766,113859,70,1889,1444,22,4624,86,0.00357143
2,22751.3,2094.41,2430.72,1928,10,173,5076,4479,363,17094,32,624,442,2,1167,59,0.00357143
2,29533.7,2094.41,2430.72,1928,18,173,5076,4479,363,17094,32,624,442,2,1167,59,0.00357143
2,37170.7,13279.2,5538.63,4136,17,622,23636,21860,2224,92422,49,1352,1015,13,2799,131,0.00357143
2,61739.3,13279.2,5538.63,4136,15,622,23636,21860,2224,92422,49,1352,1015,13,2799,131,0.00357143
2,17266.7,11132.7,6921.11,5132,8,487,19292,17818,1830,77114,85,2005,1479,32,4549,45,0.00357143
2,61681.5,11132.7,6921.11,5132,21,487,19292,17818,1830,77114,85,2005,1479,32,4549,45,0.00357143
2,34140.7,19828.7,19333.5,13946,18,741,29528,28140,3127,129747,177,4857,3789,102,13263,135,0.00357143
2,80538,19828.7,19333.5,13946,46,741,29528,28140,3127,129747,177,4857,3789,102,13263,135,0.00357143
2,35806.1,6621.56,3703.8,2979,16,398,12160,10685,1000,40598,51,835,587,6,1568,101,0.00357143
2,37121.8,6621.56,3703.8,2979,12,398,12160,10685,1000,40598,51,835,587,6,1568,101,0.00357143
2,25117.3,10836.5,11842.6,8664,7,549,21175,19597,1994,85700,92,2909,2337,49,8100,79,0.00357143
2,67160.8,10836.5,11842.6,8664,30,549,21175,19597,1994,85700,92,2909,2337,49,8100,79,0.00357143
2,30092.6,12207.2,7788.18,5773,15,562,22076,20374,2113,86245,76,1970,1516,11,5060,114,0.00357143
2,60352,12207.2,7788.18,5773,18,562,22076,20374,2113,86245,76,1970,1516,11,5060,114,0.00357143
2,51143.3,15906.2,12804.2,9939,22,682,27222,25479,2820,115178,114,3004,2290,36,6697,298,0.00357143
2,78934.1,15906.2,12804.2,9939,9,682,27222,25479,2820,115178,114,3004,2290,36,6697,298,0.00357143
2,37052.2,20407.9,26705.1,19812,8,725,31609,30121,3466,143689,212,6390,5117,128,19281,61,0.00357143
2,94531.2,20407.9,26705.1,19812,42,725,31609,30121,3466,143689,212,6390,5117,128,19281,61,0.00357143
2,6515.16,5504.2,3466.62,2487,3,277,10483,9462,882,37254,42,869,631,13,1917,10,0.00357143
2,45832.5,5504.2,3466.62,2487,22,277,10483,9462,882,37254,42,869,631,13,1917,10,0.00357143
2,46805.1,17185.9,7196.06,5603,25,665,25722,24090,2544,106813,69,1756,1313,16,3507,205,0.00357143
2,67082,17185.9,7196.06,5603,4,665,25722,24090,2544,106813,69,1756,1313,16,3507,205,0.00357143
2,39479.9,18740.5,22473.9,16263,5,705,32014,30495,3467,146972,205,6204,4929,130,18417,42,0.00357143
2,99346.6,18740.5,22473.9,16263,43,705,32014,30495,3467,146972,205,6204,4929,130,18417,42,0.00357143
2,4208.18,6287.14,3558.81,2675,3,380,14327,13018,1333,53757,55,1053,769,21,2318,10,0.00357143
2,49437.2,6287.14,3558.81,2675,30,380,14327,13018,1333,53757,55,1053,769,21,2318,10,0.00357143
2,35793.2,4668.6,6827.02,5556,12,325,10569,9509,884,37474,62,1405,1048,18,2909,139,0.00357143
2,39672.2,4668.6,6827.02,5556,24,325,10569,9509,884,37474,62,1405,1048,18,2909,139,0.00357143
2,8710.38,8302.48,4737.11,3547,6,434,16099,14681,1481,59901,63,1392,1035,34,3139,18,0.00357143
2,50497.7,8302.48,4737.11,3547,31,434,16099,14681,1481,59901,63,1392,1035,34,3139,18,0.00357143
2,31890.9,4698.53,3656.48,2874,9,316,11099,10064,1034,41186,40,978,694,11,2002,125,0.00357143
2,49601.1,4698.53,3656.48,2874,9,316,11099,10064,1034,41186,40,978,694,11,2002,125,0.00357143
2,36394.3,12741.5,6061.18,4819,17,554,21883,20162,2022,85263,47,1354,1039,19,2677,189,0.00357143
2,54288.1,12741.5,6061.18,4819,8,554,21883,20162,2022,85263,47,1354,1039,19,2677,189,0.00357143
2,7725.69,4197.17,2674.55,2027,6,326,10327,9235,843,36622,38,786,572,12,1647,14,0.00357143
2,41615.7,4197.17,2674.55,2027,27,326,10327,9235,843,36622,38,786,572,12,1647,14,0.00357143
2,36353.8,11057.5,10543.2,8056,13,600,24207,22347,2311,98005,104,2931,2304,41,7856,173,0.00357143
2,71254.7,11057.5,10543.2,8056,22,600,24207,22347,2311,98005,104,2931,2304,41,7856,173,0.00357143
2,18361,8343.33,4038.82,3185,4,444,17649,16239,1684,68345,54,1262,935,32,2926,24,0.00357143
2,55472.1,8343.33,4038.82,3185,18,444,17649,16239,1684,68345,54,1262,935,32,2926,24,0.00357143
2,35418.6,8029.27,3036.36,2343,6,480,15965,14162,1400,55591,40,805,574,5,1597,47,0.00357143
2,41342.1,8029.27,3036.36,2343,29,480,15965,14162,1400,55591,40,805,574,5,1597,47,0.00357143
2,24018.5,10288.1,10101.4,7514,6,534,20758,19213,1963,84323,93,2879,2290,47,7926,58,0.00357143
2,68436.1,10288.1,10101.4,7514,33,534,20758,19213,1963,84323,93,2879,2290,47,7926,58,0.00357143
2,43269.8,9035.84,3512.69,2774,11,567,19751,17451,1686,68532,45,876,630,10,1790,36,0.00357143
2,43809.3,9035.84,3512.69,2774,13,567,19751,17451,1686,68532,45,876,630,10,1790,36,0.00357143
2,12798.2,8407.39,7178.78,5178,5,482,17381,16054,1634,68838,76,1928,1512,48,5180,32,0.00357143
2,55583.9,8407.39,7178.78,5178,31,482,17381,16054,1634,68838,76,1928,1512,48,5180,32,0.00357143
2,24630.9,6777.91,2827.58,2134,4,349,11046,9617,839,36666,34,732,521,10,1512,37,0.00357143
2,34811.9,6777.91,2827.58,2134,17,349,11046,9617,839,36666,34,732,521,10,1512,37,0.00357143
2,19883.5,3042.6,4154.14,3336,12,264,7766,6817,548,24812,39,967,716,10,2006,93,0.00357143
2,31821.9,3042.6,4154.14,3336,19,264,7766,6817,548,24812,39,967,716,10,2006,93,0.00357143
2,38355,12027.9,4398.67,3404,9,593,22349,20274,2004,82713,45,1189,894,12,2321,103,0.00357143
2,47423.4,12027.9,4398.67,3404,29,593,22349,20274,2004,82713,45,1189,894,12,2321,103,0.00357143
2,53056,16379.1,13948.6,10802,23,686,27712,25964,2895,118448,135,3662,2788,56,8401,306,0.00357143
2,81206.2,16379.1,13948.6,10802,10,686,27712,25964,2895,118448,135,3662,2788,56,8401,306,0.00357143
2,719.862,6091.99,3733.9,2832,2,383,13504,12254,1290,51293,52,1106,826,23,2647,4,0.00357143
2,49763.8,6091.99,3733.9,2832,30,383,13504,12254,1290,51293,52,1106,826,23,2647,4,0.00357143
2,27181.9,14725.1,11877.2,8940,17,681,28295,26695,2941,121705,95,2916,2265,55,7695,93,0.00357143
2,76966.9,14725.1,11877.2,8940,33,681,28295,26695,2941,121705,95,2916,2265,55,7695,93,0.00357143
2,10090.9,4763.43,2530.07,2010,7,330,11091,10009,975,39818,40,757,544,12,1465,33,0.00357143
2,40888.4,4763.43,2530.07,2010,25,330,11091,10009,975,39818,40,757,544,12,1465,33,0.00357143
2,13060.7,8188.27,7656.92,5783,4,461,17949,16589,1730,72222,88,2286,1796,54,6474,21,0.00357143
2,61620.8,8188.27,7656.92,5783,34,461,17949,16589,1730,72222,88,2286,1796,54,6474,21,0.00357143
2,43243.3,12211,8830.76,6958,18,639,25653,23870,2554,106335,91,2312,1776,28,5224,240,0.00357143
2,73000.3,12211,8830.76,6958,13,639,25653,23870,2554,106335,91,2312,1776,28,5224,240,0.00357143
2,65469.4,12496.8,20135,15945,29,606,23761,22201,2498,99410,132,4403,3489,68,10536,422,0.00357143
2,74688.2,12496.8,20135,15945,35,606,23761,22201,2498,99410,132,4403,3489,68,10536,422,0.00357143
2,12617.3,10800.9,7075.82,5062,5,558,21884,20481,2127,89765,84,1906,1453,39,5081,12,0.00357143
2,60620,10800.9,7075.82,5062,28,558,21884,20481,2127,89765,84,1906,1453,39,5081,12,0.00357143
2,18757,11339.4,8109.58,5832,12,544,19882,18385,1885,78219,90,2217,1630,44,5110,51,0.00357143
2,53991.7,11339.4,8109.58,5832,25,544,19882,18385,1885,78219,90,2217,1630,44,5110,51,0.00357143
2,30625.1,5315.2,4535.75,3537,12,345,11756,10689,1119,43457,60,1221,895,21,2444,117,0.00357143
2,46061.7,5315.2,4535.75,3537,12,345,11756,10689,1119,43457,60,1221,895,21,2444,117,0.00357143
2,58031.4,12282.8,12744,10107,26,611,23232,21698,2282,95822,121,3069,2393,49,6571,364,0.00357143
2,66432.9,12282.8,12744,10107,35,611,23232,21698,2282,95822,121,3069,2393,49,6571,364,0.00357143
2,39128.1,14447.1,5623.59,4253,10,695,25906,23971,2597,101753,63,1564,1135,19,3576,67,0.00357143
2,53584.5,14447.1,5623.59,4253,30,695,25906,23971,2597,101753,63,1564,1135,19,3576,67,0.00357143
2,55138.7,15797.3,17988.1,13425,24,708,28203,26437,3036,121220,179,4471,3430,60,10863,339,0.00357143
2,84101.7,15797.3,17988.1,13425,11,708,28203,26437,3036,121220,179,4471,3430,60,10863,339,0.00357143
2,31085.8,1348.97,1601.93,1279,5,122,3482,3040,252,11343,21,392,261,1,783,15,0.00357143
2,31469.9,1348.97,1601.93,1279,11,122,3482,3040,252,11343,21,392,261,1,783,15,0.00357143
2,16575.3,7635.39,4894.76,3649,9,457,16035,14538,1444,59861,52,1382,1066,16,3477,32,0.00357143
2,45346.3,7635.39,4894.76,3649,28,457,16035,14538,1444,59861,52,1382,1066,16,3477,32,0.00357143
2,33654.7,5442.79,5396.99,3978,8,349,12013,10800,1114,43229,61,1408,1042,19,3146,81,0.00357143
2,50797.6,5442.79,5396.99,3978,23,349,12013,10800,1114,43229,61,1408,1042,19,3146,81,0.00357143
2,32640.5,8481.27,2298.41,1790,11,480,16561,14684,1387,56712,25,580,430,1,1097,97,0.00357143
2,41215.3,8481.27,2298.41,1790,4,480,16561,14684,1387,56712,25,580,430,1,1097,97,0.00357143
2,26572.2,1824.73,1463.97,1126,11,155,4685,4126,364,15739,20,435,309,0,790,35,0.00357143
2,35313,1824.73,1463.97,1126,16,155,4685,4126,364,15739,20,435,309,0,790,35,0.00357143
2,41002.1,17363.8,7555.95,5413,14,702,26246,24359,2653,104447,83,2024,1487,22,4996,94,0.00357143
2,55032.1,17363.8,7555.95,5413,15,702,26246,24359,2653,104447,83,2024,1487,22,4996,94,0.00357143
2,8992.4,7756.1,5260.66,4203,5,448,17425,15931,1599,66695,75,1586,1197,47,3596,19,0.00357143
2,53829.9,7756.1,5260.66,4203,34,448,17425,15931,1599,66695,75,1586,1197,47,3596,19,0.00357143
2,29654.4,10988.4,5422.1,4352,7,604,22380,20574,2081,86332,56,1190,884,21,2714,45,0.00357143
2,50472.4,10988.4,5422.1,4352,33,604,22380,20574,2081,86332,56,1190,884,21,2714,45,0.00357143
2,52451.9,12165.4,11467.5,8790,28,637,24086,22579,2397,99563,106,3071,2399,52,7565,246,0.00357143
2,62759.6,12165.4,11467.5,8790,26,637,24086,22579,2397,99563,106,3071,2399,52,7565,246,0.00357143
2,37072.7,8534.92,3504.55,2965,26,485,16174,14197,1389,53710,28,660,485,3,1050,107,0.00357143
2,40902.8,8534.92,3504.55,2965,6,485,16174,14197,1389,53710,28,660,485,3,1050,107,0.00357143
2,42187.9,13539.8,6846.16,5254,14,677,25775,24027,2536,103718,75,1877,1388,15,4483,128,0.00357143
2,57198.8,13539.8,6846.16,5254,18,677,25775,24027,2536,103718,75,1877,1388,15,4483,128,0.00357143
2,14214.7,12501.5,6596.25,5023,7,622,24610,23123,2428,103239,90,1925,1440,57,4747,21,0.00357143
2,65351,12501.5,6596.25,5023,24,622,24610,23123,2428,103239,90,1925,1440,57,4747,21,0.00357143
2,33974.7,11085.3,10089.4,7645,13,580,23531,21728,2248,94462,99,2741,2147,55,7232,168,0.00357143
2,67900.9,11085.3,10089.4,7645,21,580,23531,21728,2248,94462,99,2741,2147,55,7232,168,0.00357143
2,51538,12890.7,11934.7,9094,28,643,24673,23120,2456,102345,109,3186,2497,62,8150,232,0.00357143
2,63430.6,12890.7,11934.7,9094,27,643,24673,23120,2456,102345,109,3186,2497,62,8150,232,0.00357143
2,46587.4,19289.7,34418.1,24992,4,727,32979,31439,3583,153625,274,9499,7834,239,31381,52,0.00357143
2,104758,19289.7,34418.1,24992,42,727,32979,31439,3583,153625,274,9499,7834,239,31381,52,0.00357143
2,28854.2,1610.85,924.071,750,4,133,4287,3796,344,13897,16,253,172,0,445,31,0.00357143
2,37775.8,1610.85,924.071,750,5,133,4287,3796,344,13897,16,253,172,0,445,31,0.00357143
2,17815.7,15533.8,11181.2,8570,5,647,27864,26247,2989,122408,104,2758,2121,79,7099,23,0.00357143
2,81616.2,15533.8,11181.2,8570,30,647,27864,26247,2989,122408,104,2758,2121,79,7099,23,0.00357143
