K,dist,cost_ki,cost_hi,h_cost,vnum,gen_ki,push_ki,pop_ki,prune_ki,suc_call_ki,gen_hi,push_hi,pop_hi,prune_hi,suc_call_hi,reevaluate,density
1,12468.1,6513,3064.02,2776,13,348,12597,10946,911,47430,16,350,241,7,685,0,0.000834824
1,28343.1,56807,27728.5,24806,21,1896,85949,78589,8772,372880,117,2918,2230,79,8606,0,0.000834824
1,8468.98,2249.49,1876.51,1716,10,159,5450,4563,334,15820,12,209,135,1,428,0,0.000834824
1,5780.02,822.8,328.004,292,4,61,2146,1716,76,6173,8,52,24,0,87,0,0.000834824
1,28510.7,60302.5,32058.8,28928,37,1924,89424,81813,8985,386446,121,3385,2688,107,9305,0,0.000834824
1,20101.2,21741.8,17075.2,15459,25,937,39693,35478,3519,154307,73,1663,1254,26,4457,0,0.000834824
1,5976.03,937.83,608.166,556,5,88,2198,1708,101,5670,5,75,42,0,101,0,0.000834824
1,6764.86,1200.3,2310.6,2149,14,92,2962,2461,140,9047,14,193,128,0,417,0,0.000834824
1,18239,19446.5,8782.42,8027,12,808,30834,27352,2765,114300,31,767,569,6,1962,0,0.000834824
1,51236.8,141720,110973,99693,74,3098,171405,162307,18730,926937,315,11002,9068,362,35180,0,0.000834824
1,30177.8,34723.1,44327.4,39665,40,1189,54766,50148,5818,239121,139,4456,3545,154,13651,0,0.000834824
1,5410.69,620.385,898.196,826,7,66,1758,1334,70,4330,12,105,60,0,152,0,0.000834824
1,20947.1,23850.6,17157.4,15594,16,1020,42629,38068,4125,164425,71,1593,1157,35,4443,0,0.000834824
1,15810.1,7660.53,6031.07,5515,15,382,15216,13356,1313,68635,38,651,456,7,1456,0,0.000834824
1,47505.1,55076.8,44252.6,39846,21,1604,90770,85341,9724,464039,154,4778,3782,61,14846,0,0.000834824
1,41394.9,108717,68847.1,62364,54,2846,149054,141004,15802,779529,215,6747,5449,193,20258,0,0.000834824
1,49545.3,129846,120968,108909,53,3060,168254,158388,17794,889838,346,11499,9657,333,39275,0,0.000834824
1,15081.4,7599.39,3628.49,3299,8,434,15720,13890,1390,59193,25,401,283,4,1002,0,0.000834824
1,10007.4,3181.96,2471.36,2261,13,254,8010,6729,558,24071,22,281,193,1,526,0,0.000834824
1,18811.9,16408,23484.7,21418,24,859,33242,29484,3180,120126,81,2000,1549,36,5265,0,0.000834824
1,40282.4,116449,72639.8,65733,62,2877,148510,140312,15819,775294,235,7072,5723,220,21752,0,0.000834824
1,6369.72,983.879,375.347,342,4,119,2677,2122,117,7106,6,57,28,0,70,0,0.000834824
1,6658.82,1073.85,1001.36,906,11,111,3025,2429,165,7764,12,115,69,0,172,0,0.000834824
1,19973,19659.7,12780.6,11522,24,948,38752,34575,3694,147361,44,1278,952,19,3507,0,0.000834824
1,43298.2,119321,58043.7,52420,31,2737,146121,136485,15543,727867,181,5613,4477,122,16804,0,0.000834824
1,7598.4,1565.98,1823.79,1677,11,144,4024,3270,242,11463,18,223,139,1,361,0,0.000834824
1,33984.5,84325.9,52549,47368,32,2487,122037,113149,12956,558907,133,4671,3769,154,15874,0,0.000834824
1,38279.4,66253.1,73251,65884,48,1919,100431,94673,10864,506835,226,7126,5873,230,23790,0,0.000834824
1,21821.5,14183.5,14706.1,13436,21,592,23458,21013,2189,91321,48,1414,1066,23,3616,0,0.000834824
1,20032.1,25905.7,2615.85,2337,5,960,40321,36118,3735,155366,16,289,191,0,583,0,0.000834824
1,49103.8,141069,141969,126548,48,3258,177920,168053,18890,956954,406,13741,11274,434,49991,0,0.000834824
1,13896.6,8158.08,5069.64,4584,21,390,13962,12264,1040,53829,34,527,359,5,1158,0,0.000834824
1,26989.1,49829.4,25387.3,22999,40,1725,79642,72337,8006,339801,81,2296,1718,58,6047,0,0.000834824
1,16626.4,12729.5,6123.32,5606,12,656,25964,23089,2182,93628,31,636,455,8,1437,0,0.000834824
1,18601.8,18816.7,5115.46,4663,10,814,33705,30065,3003,124089,23,436,306,2,917,0,0.000834824
1,10731.6,4668.95,2699.75,2464,8,282,9891,8461,674,31149,14,310,202,1,623,0,0.000834824
1,12954.3,7007.78,2403.6,2205,11,408,14613,12607,1108,48020,21,268,173,1,418,0,0.000834824
1,13355.1,7728.41,5826.92,5305,20,403,15942,13837,1249,56007,26,638,442,12,1457,0,0.000834824
1,45918.6,130862,81515.4,73537,70,2965,159419,150719,17267,842524,246,8097,6548,281,24785,0,0.000834824
1,54293.5,149219,124000,111053,52,3330,188452,178455,19469,1036249,394,12859,10706,518,46189,0,0.000834824
1,40251.7,100809,21088.6,18882,15,2472,131956,123837,13786,668423,93,2323,1696,19,6215,0,0.000834824
1,3295.78,213.71,491.402,452,7,32,594,408,7,1198,6,55,33,0,100,0,0.000834824
1,74182.8,185199,285710,253903,83,3498,222545,210734,22748,1303129,741,27808,23655,1306,105388,0,0.000834824
1,19138.9,20762.9,17121.6,15514,29,928,35906,31933,3412,133124,63,1634,1238,37,4576,0,0.000834824
1,14571,8850.5,6718.6,6121,18,400,15534,13896,1267,72219,31,667,484,12,1518,0,0.000834824
1,20375.3,20897.8,22633.4,20452,5,1012,40360,35872,3859,150693,87,2399,1890,46,6800,0,0.000834824
1,1034.77,27.261,112.841,102,5,7,71,36,0,141,7,20,6,0,23,0,0.000834824
1,14868.5,9166.2,5062.76,4613,21,474,18629,16501,1542,68229,25,575,389,4,1151,0,0.000834824
1,44145.2,116681,64745.4,58252,37,2832,151175,141484,15981,762901,221,6779,5522,146,20489,0,0.000834824
1,61421,156385,185023,165916,88,3248,192549,182245,21166,1094932,514,17973,15168,702,64223,0,0.000834824
1,47681.8,64786.4,56364.2,50582,33,1705,96476,90761,10330,496488,174,5788,4624,74,18107,0,0.000834824
1,28845.5,46926.9,30266.2,27301,43,1600,76816,71393,7967,355612,117,3260,2548,76,9054,0,0.000834824
1,22616.1,18673,23085,20859,32,870,35604,32364,3541,146810,86,2390,1853,74,6631,0,0.000834824
1,21992.4,31082.9,5621.3,5049,9,1184,50517,45437,4935,197781,29,590,410,2,1319,0,0.000834824
1,7782.85,1877.59,2729.59,2492,16,137,4470,3610,234,12591,13,260,168,0,443,0,0.000834824
1,17247.1,8167.74,10993.5,9873,11,437,16943,15180,1571,61144,40,1112,858,18,3166,0,0.000834824
1,9995.52,3448.67,666.023,608,4,223,7679,6481,516,23653,7,86,57,0,156,0,0.000834824
1,39428.8,99747.5,25822.4,23231,27,2452,129436,121461,13544,652784,97,2479,1860,41,7062,0,0.000834824
1,50466.5,131980,86251.2,77847,32,3034,170102,159596,18078,901813,251,8128,6638,152,25571,0,0.000834824
1,2560.9,133.867,264.976,243,6,24,364,249,2,719,8,34,17,0,33,0,0.000834824
1,15083.8,8579.87,5351.14,4922,13,416,15843,14174,1278,72781,25,563,382,7,1144,0,0.000834824
1,31220.9,70940,39053.5,35401,47,2238,106333,98104,11016,482619,142,3981,3134,105,11328,0,0.000834824
1,27034.8,45957.6,22611.5,20489,24,1717,78461,71193,7782,324240,65,2145,1664,37,6894,0,0.000834824
1,44417.7,122490,85677.6,77488,68,2929,157099,148434,17051,821445,265,8377,6818,269,26228,0,0.000834824
1,19010.7,15099.1,16714.3,15272,27,591,24974,22454,2311,101373,48,1426,1054,27,3741,0,0.000834824
1,29828.6,71495.2,35435.9,31820,32,2084,98654,90388,10057,425680,108,3718,2998,118,12452,0,0.000834824
1,38261.8,80359.3,41618.1,37395,29,2474,120591,112134,12986,569993,140,4268,3425,58,13540,0,0.000834824
1,41398.8,133817,81935.8,74018,57,2900,151962,143720,16183,797864,283,8334,6764,304,26578,0,0.000834824
1,35694.1,97986.8,59243.9,53622,47,2639,135872,127109,14182,663670,209,5816,4667,157,17987,0,0.000834824
1,24408.1,42277.2,14156.2,12753,18,1371,61516,55579,5975,252234,68,1558,1108,26,4224,0,0.000834824
1,6494.61,1116.37,2130.85,1950,12,117,2913,2388,119,7786,17,242,179,1,534,0,0.000834824
1,9017.2,2740.98,4148.04,3831,17,222,6109,5067,376,18941,24,338,228,5,640,0,0.000834824
1,48696.2,95959.5,117659,105212,73,2339,129696,122541,13949,679555,347,11805,9950,358,42948,0,0.000834824
1,1545.61,28.347,165.657,153,6,11,87,48,0,105,5,22,9,0,14,0,0.000834824
1,16372.8,10911.3,4012.46,3680,5,455,15713,13901,1375,59987,24,374,245,0,758,0,0.000834824
1,55989,150971,152417,136945,78,3196,182436,172321,19869,1006599,430,14405,12116,518,49818,0,0.000834824
1,8866.1,2803.68,2900.4,2682,18,211,5761,4731,359,15923,20,281,177,1,476,0,0.000834824
1,15877.1,10431.5,5682.16,5145,15,580,22319,19601,1942,77395,31,637,442,11,1648,0,0.000834824
1,15341.1,10554.4,1930.74,1744,8,561,20639,18104,1705,72200,15,230,138,0,446,0,0.000834824
1,19227.1,20627.6,14130.2,12816,22,804,32003,28841,3017,126047,65,1320,981,9,3383,0,0.000834824
1,25397.6,44987.5,27250.3,24321,31,1565,68087,61618,6676,275997,86,2842,2271,98,9204,0,0.000834824
1,17901,9012.49,7467.84,6820,21,436,17077,15070,1532,78075,47,826,581,6,1926,0,0.000834824
1,6875.87,1029.22,662.358,607,5,119,3105,2459,142,8215,6,89,49,0,125,0,0.000834824
1,17452.8,14565.6,2268.6,2065,7,737,28395,25053,2476,104968,16,256,171,0,491,0,0.000834824
1,15751.3,11603.6,3418.05,3113,11,582,21857,19116,1868,76864,26,400,272,5,730,0,0.000834824
1,16615.7,8499,10850.3,9932,24,492,17826,15904,1517,67946,39,1180,897,21,2803,0,0.000834824
1,14275.6,9546.84,1132.46,1017,5,468,19209,16883,1484,69563,8,151,87,0,243,0,0.000834824
1,8473.11,2100.22,2029.07,1859,11,160,5382,4480,293,15833,11,223,150,1,510,0,0.000834824
1,38242.3,83617.8,11378,10253,13,2350,123298,114880,12773,597567,58,1156,815,3,3113,0,0.000834824
1,23574,33576.1,22345.2,20265,33,1364,58062,52466,5836,233658,84,2309,1755,65,6424,0,0.000834824
1,46390.9,126739,106983,96422,63,3054,164089,155397,17523,879072,355,10976,9052,459,35959,0,0.000834824
1,49697.5,148952,117916,105286,59,3182,175968,166642,18533,954491,357,11082,9146,431,38971,0,0.000834824
1,11251.6,4250.18,3944.34,3624,12,300,10231,8725,749,32238,25,430,305,2,1002,0,0.000834824
1,36377.8,86449.1,7216.41,6415,7,2249,115347,107390,11831,547371,39,826,561,1,1906,0,0.000834824
1,6018.08,958.586,459.461,412,4,72,2586,2083,93,7087,8,64,36,0,101,0,0.000834824
1,9587.89,3000.41,3308.57,3038,15,230,6841,5746,469,20099,24,361,237,0,691,0,0.000834824
1,22703.8,29143.6,19376.4,17540,26,1234,53446,48151,5141,215814,75,1923,1456,55,5244,0,0.000834824
1,25157.7,41834.4,14037.4,12709,14,1527,67299,60893,6751,272894,57,1390,1009,10,3866,0,0.000834824
1,46158.1,113696,54308.2,48844,27,2848,154409,144334,16350,785674,203,5810,4603,85,17350,0,0.000834824
1,48696.9,70050.1,91001.1,80715,39,1846,105347,99301,11299,545352,233,8255,6769,207,27242,0,0.000834824
1,16535.9,13329.7,7583.27,6967,20,556,22365,20013,2073,85842,37,765,536,13,1638,0,0.000834824
1,14610.5,8245.85,3466.64,3152,11,406,14377,12728,1250,65405,27,415,276,1,749,0,0.000834824
1,13885.4,6964.89,4245.03,3863,19,377,14013,12373,1207,64882,29,469,319,3,947,0,0.000834824
1,26477.2,31402,28410.9,25781,28,1312,56895,52243,5937,243440,99,2646,2046,40,7342,0,0.000834824
1,13933.9,8337.56,6967.44,6358,17,529,16787,14607,1406,55387,28,755,549,4,1686,0,0.000834824
1,49116.2,116668,42881.6,38570,19,2828,154455,145319,16164,827841,155,4115,3140,54,12321,0,0.000834824
1,28498,24292.9,2713.14,2419,4,947,42765,39467,4313,197346,20,331,206,0,627,0,0.000834824
1,51258.5,98666.1,130212,115957,69,2336,133386,126046,14269,703151,374,13269,11285,405,50076,0,0.000834824
1,47043.4,92717.3,115358,102383,60,2431,134150,126769,14597,700393,327,11195,9391,394,39630,0,0.000834824
1,53139,142742,114654,102705,68,3152,176134,166399,19320,958472,378,12100,10041,472,39891,0,0.000834824
1,29139.7,58656.5,10207.5,9238,6,1966,91154,83625,9094,392491,42,1103,784,0,2541,0,0.000834824
1,41300.7,111913,64720.5,58259,54,2794,147613,138826,15744,746393,251,6872,5565,208,20621,0,0.000834824
1,7576.71,1524.8,1311.26,1201,8,159,4014,3257,241,11410,13,152,96,2,273,0,0.000834824
1,32182.8,82994.6,50188.1,45280,53,2395,118193,108790,12137,534902,164,5082,4077,177,15899,0,0.000834824
1,7702.01,1943.33,795.074,730,7,128,4548,3780,219,13085,10,84,50,0,141,0,0.000834824
1,9770.95,3049.34,3267.68,2992,12,256,7202,5950,494,21171,23,336,229,7,643,0,0.000834824
1,2361.42,70.828,185.761,172,4,19,230,142,1,395,8,30,14,0,29,0,0.000834824
1,49555.8,91787.7,130583,117013,54,2452,137570,130091,14771,723230,362,12646,10702,454,46187,0,0.000834824
1,19573.9,20906.3,18585.4,16667,24,943,36426,32901,3402,139212,72,1813,1364,46,4999,0,0.000834824
1,51662.9,123049,87710.1,77983,38,2778,158355,149530,16643,858829,268,9183,7578,283,32588,0,0.000834824
1,16208.2,13010.6,5814.65,5249,8,605,24095,21234,2075,87968,36,646,452,8,1505,0,0.000834824
1,16936.9,13269.5,11313,10214,19,672,27157,24127,2376,100107,43,1197,900,19,3439,0,0.000834824
1,716.265,8.908,80.023,71,3,10,33,17,0,47,6,17,7,0,20,0,0.000834824
1,15045.6,7149.97,6916.09,6391,14,377,14501,12753,1259,64482,35,647,454,10,1456,0,0.000834824
1,24883,44869,24598.7,22213,38,1492,65632,59452,6222,265513,100,2627,2066,62,7391,0,0.000834824
1,66015.1,157450,212723,189327,75,3378,206435,195600,21475,1172276,600,21514,18161,963,78697,0,0.000834824
1,4237.03,249.224,1022.43,926,7,34,688,550,20,1837,10,119,82,0,286,0,0.000834824
1,25050.9,38425.5,24627.6,22343,34,1504,67032,60688,6349,275697,103,2647,2083,94,7117,0,0.000834824
1,12224,6420.99,1003.52,911,4,340,13643,11934,1059,46805,10,120,77,0,235,0,0.000834824
1,34324.8,93604.8,48661.9,43809,36,2538,125460,116355,13348,578502,134,4848,3927,158,16460,0,0.000834824
1,15981.1,11609.6,8347.91,7587,15,601,24601,21778,2112,88494,32,752,555,8,2206,0,0.000834824
1,16723,11956.9,11844.4,10661,23,551,22041,19882,2042,81936,44,1087,816,19,2716,0,0.000834824
1,21865.9,21933.5,22012.2,19753,22,805,35753,32371,3377,150791,76,2151,1620,35,5895,0,0.000834824
1,62478.3,168799,183623,164819,81,3380,201872,191293,20646,1128709,523,18071,15210,796,63906,0,0.000834824
1,22757.2,31581.5,15269.1,13771,30,1244,52584,47104,5321,209352,55,1663,1246,28,4577,0,0.000834824
1,33346.7,72580.2,13004.1,11741,12,2109,104472,97019,10947,482091,60,1394,974,4,3171,0,0.000834824
1,48783.7,131290,106145,94992,65,3065,165789,156966,18050,886762,293,10115,8306,338,31523,0,0.000834824
1,44086.6,87360.4,93002.6,83201,57,2522,129668,120883,13819,649332,269,9390,7832,246,32761,0,0.000834824
1,13710.7,8375.84,5743.73,5268,7,472,16827,14791,1418,58487,31,587,423,2,1277,0,0.000834824
1,17102.9,14319.5,9286.53,8420,20,675,27159,23976,2306,99009,34,959,700,10,2591,0,0.000834824
1,35731.5,92804.3,4463.17,3975,7,2518,121623,112998,12763,570949,36,568,350,0,1078,0,0.000834824
1,9911.51,3176.08,776.588,706,9,239,7583,6451,479,26167,8,104,60,0,159,0,0.000834824
1,13258.6,6945.12,5920.13,5378,14,426,15516,13571,1145,53281,36,659,470,9,1533,0,0.000834824
1,8474.88,2096.44,1987.11,1810,12,163,5901,4970,336,18302,17,245,157,1,477,0,0.000834824
1,45231.3,131686,98417.9,88845,68,3016,161317,152781,17131,859675,320,10130,8304,427,33056,0,0.000834824
1,14854.2,8950.2,10820.6,9956,23,392,15252,13596,1291,72705,43,860,625,18,2318,0,0.000834824
1,21487.6,28344.5,11794.2,10594,23,1108,46989,42111,4476,186547,55,1302,965,31,3446,0,0.000834824
1,51679.9,137765,118072,106004,73,3091,173564,163863,18859,938170,360,11491,9514,438,37750,0,0.000834824
1,51212.9,92810,126380,112498,65,2233,127256,120188,13616,670741,368,12593,10662,369,47338,0,0.000834824
1,8472.3,2121.14,1304.14,1199,5,205,5007,4056,322,13473,6,136,93,0,238,0,0.000834824
1,46252.6,74572.7,105973,93342,60,2009,111220,105070,12161,574165,294,10114,8492,280,37248,0,0.000834824
1,18678.1,19439.4,12791.6,11591,22,857,33723,30055,3083,124238,43,1395,1085,35,4244,0,0.000834824
1,46083.5,131027,89319.4,80375,62,3037,163330,154813,17501,870257,290,9291,7609,416,29626,0,0.000834824
1,28689.9,54238.2,51467.8,46456,25,1966,89612,81744,9099,389623,175,4636,3574,92,13642,0,0.000834824
1,41735.1,73795.1,83442.2,74802,68,1962,105552,99689,11516,540105,264,8593,7141,269,29709,0,0.000834824
1,25815,41245.8,2670.02,2384,4,1576,70170,63630,6782,288335,15,309,202,0,725,0,0.000834824
1,31725.2,60879.2,15197.2,13694,14,1970,92385,85436,9661,414251,68,1651,1238,19,4198,0,0.000834824
1,10744.4,3980.7,1543.36,1412,6,292,9056,7697,650,28403,13,182,119,0,369,0,0.000834824
1,9317.92,2832.86,4635.93,4236,12,209,6847,5748,414,20273,32,504,339,5,1016,0,0.000834824
1,23578,37139.2,19516.7,17620,42,1311,56748,51314,5487,233047,86,1976,1450,60,5247,0,0.000834824
1,41974.2,99783.6,48916.5,43974,28,2519,136191,128347,14209,701459,168,4757,3799,90,15219,0,0.000834824
1,25458.1,33601.4,15842.5,14253,20,1309,57743,52914,6043,245518,69,1783,1346,14,4763,0,0.000834824
1,15117.6,9203.49,5290.3,4773,12,551,20023,17596,1669,67321,34,588,415,2,1364,0,0.000834824
1,64862.1,172201,221596,198377,97,3372,205320,194551,21480,1157527,605,21817,18512,1044,80309,0,0.000834824
1,19459.8,18795.8,6510.75,5860,15,902,37488,33520,3478,141190,35,707,499,5,1684,0,0.000834824
1,19167.5,17203.8,11181.9,10160,28,841,35169,31406,3225,130331,43,1185,855,24,2863,0,0.000834824
1,34186.8,75791.5,44062.1,39579,42,2286,114350,107022,11988,552784,144,4313,3413,152,13078,0,0.000834824
1,864.362,16.185,51.579,47,2,7,37,18,0,38,6,11,3,0,3,0,0.000834824
1,51793.4,118947,102495,91677,39,2780,158639,149835,16695,862643,281,9458,7871,316,34067,0,0.000834824
1,51973.7,99649.5,141324,124881,77,2494,142975,135232,15234,759671,378,13409,11348,485,49460,0,0.000834824
1,61489.6,154471,168149,151250,87,3243,190407,180360,20450,1069716,465,16763,13975,633,56639,0,0.000834824
1,16328.4,6841.15,9526.36,8675,19,386,13610,12078,1172,60015,50,1024,747,24,2438,0,0.000834824
1,46016.8,79606.9,99314.5,88618,62,2081,115601,109249,12625,599393,312,10479,8820,320,38331,0,0.000834824
1,26104.9,43005.5,22510.7,20379,34,1669,74379,67522,7270,310493,106,2491,1892,48,6363,0,0.000834824
1,8012.19,2206.88,1177.15,1076,11,157,5120,4306,267,15713,13,138,79,0,220,0,0.000834824
1,67888.1,167581,211305,189164,80,3380,205035,194197,21771,1169893,607,21384,18008,993,75522,0,0.000834824
1,20421.8,24874.7,14911.1,13525,22,996,41279,37056,3785,158844,52,1481,1098,29,4080,0,0.000834824
1,56384.9,143143,135976,122012,87,3157,181390,171636,19848,1003494,416,13873,11504,467,47367,0,0.000834824
1,55009.7,135101,128406,115542,72,3179,178300,168540,19441,980436,400,12801,10684,479,42488,0,0.000834824
1,38566.4,49652.5,39533.3,35592,24,1451,76828,71894,8378,380721,128,3920,3063,35,11025,0,0.000834824
1,15543.7,10080.4,6504.35,5926,19,571,21770,19161,1862,73929,30,713,498,8,1655,0,0.000834824
1,6979.05,1429.86,439.064,399,4,121,3787,3144,164,11359,7,62,33,0,82,0,0.000834824
1,47766.4,122221,95978.9,86691,42,3014,163195,153367,17251,848596,287,9672,8045,241,32290,0,0.000834824
1,23842.9,34313.2,24332.8,22184,20,1350,59375,53877,5862,242471,67,2117,1608,46,6051,0,0.000834824
1,2941.16,165.017,193.601,176,5,28,447,297,8,859,7,25,11,0,26,0,0.000834824
1,3468.96,224.247,217.458,199,4,32,662,476,10,1366,6,33,13,0,36,0,0.000834824
1,2030.41,37.493,138.867,126,4,14,158,96,0,296,5,22,9,0,21,0,0.000834824
1,7189.9,1127.45,570.562,521,8,129,3264,2625,175,8128,9,77,42,0,79,0,0.000834824
1,23476.1,21115.3,24211.1,21728,30,964,39970,36395,3983,166198,92,2363,1820,49,6568,0,0.000834824
1,50581.7,127181,64555,57644,26,2860,157336,148204,16433,847752,221,6356,5073,105,22136,0,0.000834824
1,6337.63,941.854,260.089,233,5,96,2472,2009,141,7259,6,44,21,0,68,0,0.000834824
1,14469,11251.2,6769.21,6237,12,493,19670,17321,1597,69413,27,540,369,6,1287,0,0.000834824
1,13039,7023.55,5547.16,5039,16,379,14683,12737,1113,48314,24,607,439,3,1561,0,0.000834824
1,19405.8,19881.2,9856.02,8902,15,869,36265,32491,3235,137784,46,1125,837,11,2873,0,0.000834824
1,35641.2,56664.8,52230.5,46943,50,1782,86521,79881,9385,399836,174,5623,4570,152,18261,0,0.000834824
1,38884.4,86420.8,3910.48,3449,3,2378,124092,115647,13034,598975,23,456,298,0,944,0,0.000834824
1,50414.8,139614,119508,107493,63,3173,175913,166607,18378,952999,352,11289,9331,465,38784,0,0.000834824
1,5377.68,603.077,1177.9,1075,10,85,1853,1455,73,4712,13,129,78,1,286,0,0.000834824
1,20110.5,21582.2,12217.2,11077,17,982,40359,36163,3734,154724,51,1278,940,18,3586,0,0.000834824
1,8125.43,2241.5,1909.5,1738,11,140,4898,4072,285,14069,13,198,125,1,398,0,0.000834824
